  0.00000e+00  0.00000e+00  0.00000e+00  0.00000e+00
  0.00000e+00  6.56565e-07  5.41266e-04 -4.12502e-04
  0.00000e+00  1.31313e-06  1.10506e-03 -8.19487e-04
  0.00000e+00  1.96970e-06  1.69196e-03 -1.22079e-03
  0.00000e+00  2.62626e-06  2.30257e-03 -1.61623e-03
  0.00000e+00  3.28283e-06  2.93747e-03 -2.00564e-03
  0.00000e+00  3.93939e-06  3.59726e-03 -2.38886e-03
  0.00000e+00  4.59596e-06  4.28253e-03 -2.76571e-03
  0.00000e+00  5.25252e-06  4.99385e-03 -3.13602e-03
  0.00000e+00  5.90909e-06  5.73184e-03 -3.49962e-03
  0.00000e+00  6.56565e-06  6.49707e-03 -3.85634e-03
  0.00000e+00  7.22222e-06  7.29013e-03 -4.20602e-03
  0.00000e+00  7.87878e-06  8.11162e-03 -4.54847e-03
  0.00000e+00  8.53535e-06  8.96212e-03 -4.88354e-03
  0.00000e+00  9.19191e-06  9.84224e-03 -5.21104e-03
  0.00000e+00  9.84848e-06  1.07525e-02 -5.53082e-03
  0.00000e+00  1.05050e-05  1.16936e-02 -5.84269e-03
  0.00000e+00  1.11616e-05  1.26661e-02 -6.14649e-03
  0.00000e+00  1.18182e-05  1.36705e-02 -6.44206e-03
  0.00000e+00  1.24747e-05  1.47075e-02 -6.72921e-03
  0.00000e+00  1.31313e-05  1.57777e-02 -7.00777e-03
  0.00000e+00  1.37879e-05  1.68815e-02 -7.27759e-03
  0.00000e+00  1.44444e-05  1.80197e-02 -7.53848e-03
  0.00000e+00  1.51010e-05  1.91929e-02 -7.79028e-03
  0.00000e+00  1.57576e-05  2.04015e-02 -8.03282e-03
  0.00000e+00  1.64141e-05  2.16462e-02 -8.26592e-03

  8.10784e-07  0.00000e+00 -4.23940e-04  6.90621e-04
  8.10784e-07  6.56565e-07  1.76032e-04  3.06035e-04
  8.10784e-07  1.31313e-06  7.99281e-04 -7.23068e-05
  8.10784e-07  1.96970e-06  1.44640e-03 -4.44233e-04
  8.10784e-07  2.62626e-06  2.11797e-03 -8.09573e-04
  8.10784e-07  3.28283e-06  2.81459e-03 -1.16816e-03
  8.10784e-07  3.93939e-06  3.53685e-03 -1.51982e-03
  8.10784e-07  4.59596e-06  4.28533e-03 -1.86438e-03
  8.10784e-07  5.25252e-06  5.06063e-03 -2.20167e-03
  8.10784e-07  5.90909e-06  5.86334e-03 -2.53153e-03
  8.10784e-07  6.56565e-06  6.69405e-03 -2.85378e-03
  8.10784e-07  7.22222e-06  7.55335e-03 -3.16825e-03
  8.10784e-07  7.87878e-06  8.44182e-03 -3.47477e-03
  8.10784e-07  8.53535e-06  9.36006e-03 -3.77318e-03
  8.10784e-07  9.19191e-06  1.03087e-02 -4.06329e-03
  8.10784e-07  9.84848e-06  1.12882e-02 -4.34495e-03
  8.10784e-07  1.05050e-05  1.22993e-02 -4.61798e-03
  8.10784e-07  1.11616e-05  1.33425e-02 -4.88221e-03
  8.10784e-07  1.18182e-05  1.44184e-02 -5.13746e-03
  8.10784e-07  1.24747e-05  1.55277e-02 -5.38358e-03
  8.10784e-07  1.31313e-05  1.66708e-02 -5.62039e-03
  8.10784e-07  1.37879e-05  1.78485e-02 -5.84771e-03
  8.10784e-07  1.44444e-05  1.90612e-02 -6.06539e-03
  8.10784e-07  1.51010e-05  2.03096e-02 -6.27324e-03
  8.10784e-07  1.57576e-05  2.15942e-02 -6.47110e-03
  8.10784e-07  1.64141e-05  2.29157e-02 -6.65880e-03

  1.62157e-06  0.00000e+00 -7.86664e-04  1.45407e-03
  1.62157e-06  6.56565e-07 -1.26704e-04  1.09832e-03
  1.62157e-06  1.31313e-06  5.57285e-04  7.49555e-04
  1.62157e-06  1.96970e-06  1.26589e-03  4.07930e-04
  1.62157e-06  2.62626e-06  1.99971e-03  7.36204e-05
  1.62157e-06  3.28283e-06  2.75933e-03 -2.53205e-04
  1.62157e-06  3.93939e-06  3.54534e-03 -5.72375e-04
  1.62157e-06  4.59596e-06  4.35833e-03 -8.83719e-04
  1.62157e-06  5.25252e-06  5.19888e-03 -1.18707e-03
  1.62157e-06  5.90909e-06  6.06760e-03 -1.48225e-03
  1.62157e-06  6.56565e-06  6.96507e-03 -1.76910e-03
  1.62157e-06  7.22222e-06  7.89188e-03 -2.04744e-03
  1.62157e-06  7.87878e-06  8.84862e-03 -2.31710e-03
  1.62157e-06  8.53535e-06  9.83588e-03 -2.57792e-03
  1.62157e-06  9.19191e-06  1.08542e-02 -2.82971e-03
  1.62157e-06  9.84848e-06  1.19043e-02 -3.07232e-03
  1.62157e-06  1.05050e-05  1.29867e-02 -3.30558e-03
  1.62157e-06  1.11616e-05  1.41019e-02 -3.52930e-03
  1.62157e-06  1.18182e-05  1.52506e-02 -3.74332e-03
  1.62157e-06  1.24747e-05  1.64334e-02 -3.94748e-03
  1.62157e-06  1.31313e-05  1.76508e-02 -4.14160e-03
  1.62157e-06  1.37879e-05  1.89035e-02 -4.32550e-03
  1.62157e-06  1.44444e-05  2.01920e-02 -4.49903e-03
  1.62157e-06  1.51010e-05  2.15169e-02 -4.66200e-03
  1.62157e-06  1.57576e-05  2.28789e-02 -4.81426e-03
  1.62157e-06  1.64141e-05  2.42784e-02 -4.95562e-03

  2.43235e-06  0.00000e+00 -1.08676e-03  2.29191e-03
  2.43235e-06  6.56565e-07 -3.65528e-04  1.96595e-03
  2.43235e-06  1.31313e-06  3.80483e-04  1.64768e-03
  2.43235e-06  1.96970e-06  1.15187e-03  1.33729e-03
  2.43235e-06  2.62626e-06  1.94921e-03  1.03494e-03
  2.43235e-06  3.28283e-06  2.77311e-03  7.40800e-04
  2.43235e-06  3.93939e-06  3.62415e-03  4.55047e-04
  2.43235e-06  4.59596e-06  4.50292e-03  1.77849e-04
  2.43235e-06  5.25252e-06  5.41001e-03 -9.06253e-05
  2.43235e-06  5.90909e-06  6.34602e-03 -3.50205e-04
  2.43235e-06  6.56565e-06  7.31153e-03 -6.00719e-04
  2.43235e-06  7.22222e-06  8.30713e-03 -8.41997e-04
  2.43235e-06  7.87878e-06  9.33342e-03 -1.07387e-03
  2.43235e-06  8.53535e-06  1.03910e-02 -1.29617e-03
  2.43235e-06  9.19191e-06  1.14804e-02 -1.50872e-03
  2.43235e-06  9.84848e-06  1.26023e-02 -1.71135e-03
  2.43235e-06  1.05050e-05  1.37572e-02 -1.90390e-03
  2.43235e-06  1.11616e-05  1.49457e-02 -2.08619e-03
  2.43235e-06  1.18182e-05  1.61685e-02 -2.25805e-03
  2.43235e-06  1.24747e-05  1.74261e-02 -2.41932e-03
  2.43235e-06  1.31313e-05  1.87191e-02 -2.56981e-03
  2.43235e-06  1.37879e-05  2.00481e-02 -2.70937e-03
  2.43235e-06  1.44444e-05  2.14137e-02 -2.83782e-03
  2.43235e-06  1.51010e-05  2.28164e-02 -2.95499e-03
  2.43235e-06  1.57576e-05  2.42569e-02 -3.06071e-03
  2.43235e-06  1.64141e-05  2.57358e-02 -3.15481e-03

  3.24313e-06  0.00000e+00 -1.32280e-03  3.20575e-03
  3.24313e-06  6.56565e-07 -5.39023e-04  2.91048e-03
  3.24313e-06  1.31313e-06  2.70291e-04  2.62365e-03
  3.24313e-06  1.96970e-06  1.10573e-03  2.34542e-03
  3.24313e-06  2.62626e-06  1.96788e-03  2.07596e-03
  3.24313e-06  3.28283e-06  2.85734e-03  1.81544e-03
  3.24313e-06  3.93939e-06  3.77469e-03  1.56403e-03
  3.24313e-06  4.59596e-06  4.72053e-03  1.32191e-03
  3.24313e-06  5.25252e-06  5.69544e-03  1.08924e-03
  3.24313e-06  5.90909e-06  6.70002e-03  8.66192e-04
  3.24313e-06  6.56565e-06  7.73485e-03  6.52939e-04
  3.24313e-06  7.22222e-06  8.80053e-03  4.49651e-04
  3.24313e-06  7.87878e-06  9.89764e-03  2.56497e-04
  3.24313e-06  8.53535e-06  1.10268e-02  7.36479e-05
  3.24313e-06  9.19191e-06  1.21885e-02 -9.87262e-05
  3.24313e-06  9.84848e-06  1.33835e-02 -2.60455e-04
  3.24313e-06  1.05050e-05  1.46123e-02 -4.11368e-04
  3.24313e-06  1.11616e-05  1.58754e-02 -5.51295e-04
  3.24313e-06  1.18182e-05  1.71735e-02 -6.80066e-04
  3.24313e-06  1.24747e-05  1.85072e-02 -7.97510e-04
  3.24313e-06  1.31313e-05  1.98771e-02 -9.03457e-04
  3.24313e-06  1.37879e-05  2.12836e-02 -9.97737e-04
  3.24313e-06  1.44444e-05  2.27276e-02 -1.08018e-03
  3.24313e-06  1.51010e-05  2.42094e-02 -1.15061e-03
  3.24313e-06  1.57576e-05  2.57298e-02 -1.20887e-03
  3.24313e-06  1.64141e-05  2.72893e-02 -1.25478e-03

  4.05392e-06  0.00000e+00 -1.49339e-03  4.19715e-03
  4.05392e-06  6.56565e-07 -6.45776e-04  3.93352e-03
  4.05392e-06  1.31313e-06  2.28123e-04  3.67905e-03
  4.05392e-06  1.96970e-06  1.12890e-03  3.43390e-03
  4.05392e-06  2.62626e-06  2.05714e-03  3.19826e-03
  4.05392e-06  3.28283e-06  3.01344e-03  2.97229e-03
  4.05392e-06  3.93939e-06  3.99839e-03  2.75616e-03
  4.05392e-06  4.59596e-06  5.01257e-03  2.55004e-03
  4.05392e-06  5.25252e-06  6.05658e-03  2.35411e-03
  4.05392e-06  5.90909e-06  7.13101e-03  2.16852e-03
  4.05392e-06  6.56565e-06  8.23645e-03  1.99346e-03
  4.05392e-06  7.22222e-06  9.37349e-03  1.82909e-03
  4.05392e-06  7.87878e-06  1.05427e-02  1.67559e-03
  4.05392e-06  8.53535e-06  1.17447e-02  1.53311e-03
  4.05392e-06  9.19191e-06  1.29801e-02  1.40184e-03
  4.05392e-06  9.84848e-06  1.42494e-02  1.28195e-03
  4.05392e-06  1.05050e-05  1.55533e-02  1.17360e-03
  4.05392e-06  1.11616e-05  1.68923e-02  1.07697e-03
  4.05392e-06  1.18182e-05  1.82670e-02  9.92216e-04
  4.05392e-06  1.24747e-05  1.96781e-02  9.19521e-04
  4.05392e-06  1.31313e-05  2.11261e-02  8.59052e-04
  4.05392e-06  1.37879e-05  2.26116e-02  8.10979e-04
  4.05392e-06  1.44444e-05  2.41351e-02  7.75473e-04
  4.05392e-06  1.51010e-05  2.56974e-02  7.52703e-04
  4.05392e-06  1.57576e-05  2.72989e-02  7.42840e-04
  4.05392e-06  1.64141e-05  2.89402e-02  7.46054e-04

  4.86470e-06  0.00000e+00 -1.59709e-03  5.26771e-03
  4.86470e-06  6.56565e-07 -6.84370e-04  5.03664e-03
  4.86470e-06  1.31313e-06  2.55395e-04  4.81546e-03
  4.86470e-06  1.96970e-06  1.22279e-03  4.60433e-03
  4.86470e-06  2.62626e-06  2.21840e-03  4.40344e-03
  4.86470e-06  3.28283e-06  3.24283e-03  4.21294e-03
  4.86470e-06  3.93939e-06  4.29665e-03  4.03302e-03
  4.86470e-06  4.59596e-06  5.38046e-03  3.86383e-03
  4.86470e-06  5.25252e-06  6.49485e-03  3.70556e-03
  4.86470e-06  5.90909e-06  7.64042e-03  3.55837e-03
  4.86470e-06  6.56565e-06  8.81774e-03  3.42242e-03
  4.86470e-06  7.22222e-06  1.00274e-02  3.29790e-03
  4.86470e-06  7.87878e-06  1.12700e-02  3.18498e-03
  4.86470e-06  8.53535e-06  1.25462e-02  3.08381e-03
  4.86470e-06  9.19191e-06  1.38564e-02  2.99458e-03
  4.86470e-06  9.84848e-06  1.52014e-02  2.91745e-03
  4.86470e-06  1.05050e-05  1.65817e-02  2.85259e-03
  4.86470e-06  1.11616e-05  1.79979e-02  2.80018e-03
  4.86470e-06  1.18182e-05  1.94505e-02  2.76038e-03
  4.86470e-06  1.24747e-05  2.09402e-02  2.73336e-03
  4.86470e-06  1.31313e-05  2.24676e-02  2.71930e-03
  4.86470e-06  1.37879e-05  2.40333e-02  2.71836e-03
  4.86470e-06  1.44444e-05  2.56377e-02  2.73072e-03
  4.86470e-06  1.51010e-05  2.72816e-02  2.75654e-03
  4.86470e-06  1.57576e-05  2.89656e-02  2.79600e-03
  4.86470e-06  1.64141e-05  3.06901e-02  2.84927e-03

  5.67549e-06  0.00000e+00 -1.63251e-03  6.41900e-03
  5.67549e-06  6.56565e-07 -6.53389e-04  6.22142e-03
  5.67549e-06  1.31313e-06  3.53522e-04  6.03446e-03
  5.67549e-06  1.96970e-06  1.38882e-03  5.85828e-03
  5.67549e-06  2.62626e-06  2.45308e-03  5.69306e-03
  5.67549e-06  3.28283e-06  3.54691e-03  5.53897e-03
  5.67549e-06  3.93939e-06  4.67089e-03  5.39618e-03
  5.67549e-06  4.59596e-06  5.82561e-03  5.26486e-03
  5.67549e-06  5.25252e-06  7.01167e-03  5.14518e-03
  5.67549e-06  5.90909e-06  8.22964e-03  5.03731e-03
  5.67549e-06  6.56565e-06  9.48014e-03  4.94142e-03
  5.67549e-06  7.22222e-06  1.07637e-02  4.85767e-03
  5.67549e-06  7.87878e-06  1.20810e-02  4.78625e-03
  5.67549e-06  8.53535e-06  1.34326e-02  4.72732e-03
  5.67549e-06  9.19191e-06  1.48190e-02  4.68105e-03
  5.67549e-06  9.84848e-06  1.62409e-02  4.64762e-03
  5.67549e-06  1.05050e-05  1.76989e-02  4.62718e-03
  5.67549e-06  1.11616e-05  1.91935e-02  4.61992e-03
  5.67549e-06  1.18182e-05  2.07253e-02  4.62600e-03
  5.67549e-06  1.24747e-05  2.22950e-02  4.64559e-03
  5.67549e-06  1.31313e-05  2.39031e-02  4.67887e-03
  5.67549e-06  1.37879e-05  2.55502e-02  4.72599e-03
  5.67549e-06  1.44444e-05  2.72368e-02  4.78715e-03
  5.67549e-06  1.51010e-05  2.89637e-02  4.86249e-03
  5.67549e-06  1.57576e-05  3.07313e-02  4.95220e-03
  5.67549e-06  1.64141e-05  3.25403e-02  5.05645e-03

  6.48627e-06  0.00000e+00 -1.59822e-03  7.65261e-03
  6.48627e-06  6.56565e-07 -5.51420e-04  7.48945e-03
  6.48627e-06  1.31313e-06  5.23921e-04  7.33763e-03
  6.48627e-06  1.96970e-06  1.62840e-03  7.19733e-03
  6.48627e-06  2.62626e-06  2.76259e-03  7.06872e-03
  6.48627e-06  3.28283e-06  3.92711e-03  6.95197e-03
  6.48627e-06  3.93939e-06  5.12253e-03  6.84724e-03
  6.48627e-06  4.59596e-06  6.34944e-03  6.75471e-03
  6.48627e-06  5.25252e-06  7.60844e-03  6.67455e-03
  6.48627e-06  5.90909e-06  8.90011e-03  6.60693e-03
  6.48627e-06  6.56565e-06  1.02251e-02  6.55202e-03
  6.48627e-06  7.22222e-06  1.15838e-02  6.50998e-03
  6.48627e-06  7.87878e-06  1.29771e-02  6.48100e-03
  6.48627e-06  8.53535e-06  1.44054e-02  6.46523e-03
  6.48627e-06  9.19191e-06  1.58693e-02  6.46286e-03
  6.48627e-06  9.84848e-06  1.73694e-02  6.47404e-03
  6.48627e-06  1.05050e-05  1.89063e-02  6.49896e-03
  6.48627e-06  1.11616e-05  2.04806e-02  6.53777e-03
  6.48627e-06  1.18182e-05  2.20929e-02  6.59066e-03
  6.48627e-06  1.24747e-05  2.37438e-02  6.65779e-03
  6.48627e-06  1.31313e-05  2.54339e-02  6.73933e-03
  6.48627e-06  1.37879e-05  2.71637e-02  6.83546e-03
  6.48627e-06  1.44444e-05  2.89338e-02  6.94633e-03
  6.48627e-06  1.51010e-05  3.07449e-02  7.07213e-03
  6.48627e-06  1.57576e-05  3.25975e-02  7.21302e-03
  6.48627e-06  1.64141e-05  3.44923e-02  7.36918e-03

  7.29705e-06  0.00000e+00 -1.49280e-03  8.97012e-03
  7.29705e-06  6.56565e-07 -3.77045e-04  8.84230e-03
  7.29705e-06  1.31313e-06  7.68005e-04  8.72657e-03
  7.29705e-06  1.96970e-06  1.94294e-03  8.62307e-03
  7.29705e-06  2.62626e-06  3.14836e-03  8.53200e-03
  7.29705e-06  3.28283e-06  4.38484e-03  8.45351e-03
  7.29705e-06  3.93939e-06  5.65298e-03  8.38777e-03
  7.29705e-06  4.59596e-06  6.95336e-03  8.33497e-03
  7.29705e-06  5.25252e-06  8.28659e-03  8.29526e-03
  7.29705e-06  5.90909e-06  9.65324e-03  8.26881e-03
  7.29705e-06  6.56565e-06  1.10539e-02  8.25581e-03
  7.29705e-06  7.22222e-06  1.24892e-02  8.25641e-03
  7.29705e-06  7.87878e-06  1.39597e-02  8.27079e-03
  7.29705e-06  8.53535e-06  1.54659e-02  8.29912e-03
  7.29705e-06  9.19191e-06  1.70086e-02  8.34157e-03
  7.29705e-06  9.84848e-06  1.85882e-02  8.39830e-03
  7.29705e-06  1.05050e-05  2.02053e-02  8.46950e-03
  7.29705e-06  1.11616e-05  2.18607e-02  8.55533e-03
  7.29705e-06  1.18182e-05  2.35547e-02  8.65595e-03
  7.29705e-06  1.24747e-05  2.52881e-02  8.77155e-03
  7.29705e-06  1.31313e-05  2.70614e-02  8.90229e-03
  7.29705e-06  1.37879e-05  2.88752e-02  9.04833e-03
  7.29705e-06  1.44444e-05  3.07301e-02  9.20986e-03
  7.29705e-06  1.51010e-05  3.26267e-02  9.38704e-03
  7.29705e-06  1.57576e-05  3.45656e-02  9.58005e-03
  7.29705e-06  1.64141e-05  3.65474e-02  9.78904e-03

  8.10784e-06  0.00000e+00 -1.31484e-03  1.03731e-02
  8.10784e-06  6.56565e-07 -1.28851e-04  1.02816e-02
  8.10784e-06  1.31313e-06  1.08719e-03  1.02028e-02
  8.10784e-06  1.96970e-06  2.33387e-03  1.01371e-02
  8.10784e-06  2.62626e-06  3.61178e-03  1.00845e-02
  8.10784e-06  3.28283e-06  4.92151e-03  1.00452e-02
  8.10784e-06  3.93939e-06  6.26365e-03  1.00194e-02
  8.10784e-06  4.59596e-06  7.63879e-03  1.00072e-02
  8.10784e-06  5.25252e-06  9.04752e-03  1.00089e-02
  8.10784e-06  5.90909e-06  1.04904e-02  1.00245e-02
  8.10784e-06  6.56565e-06  1.19681e-02  1.00544e-02
  8.10784e-06  7.22222e-06  1.34812e-02  1.00985e-02
  8.10784e-06  7.87878e-06  1.50301e-02  1.01572e-02
  8.10784e-06  8.53535e-06  1.66157e-02  1.02306e-02
  8.10784e-06  9.19191e-06  1.82383e-02  1.03188e-02
  8.10784e-06  9.84848e-06  1.98987e-02  1.04220e-02
  8.10784e-06  1.05050e-05  2.15974e-02  1.05404e-02
  8.10784e-06  1.11616e-05  2.33350e-02  1.06742e-02
  8.10784e-06  1.18182e-05  2.51121e-02  1.08235e-02
  8.10784e-06  1.24747e-05  2.69293e-02  1.09884e-02
  8.10784e-06  1.31313e-05  2.87871e-02  1.11693e-02
  8.10784e-06  1.37879e-05  3.06862e-02  1.13662e-02
  8.10784e-06  1.44444e-05  3.26272e-02  1.15793e-02
  8.10784e-06  1.51010e-05  3.46106e-02  1.18088e-02
  8.10784e-06  1.57576e-05  3.66370e-02  1.20548e-02
  8.10784e-06  1.64141e-05  3.87071e-02  1.23176e-02

  8.91862e-06  0.00000e+00 -1.06293e-03  1.18632e-02
  8.91862e-06  6.56565e-07  1.94579e-04  1.18088e-02
  8.91862e-06  1.31313e-06  1.48289e-03  1.17680e-02
  8.91862e-06  1.96970e-06  2.80260e-03  1.17409e-02
  8.91862e-06  2.62626e-06  4.15429e-03  1.17277e-02
  8.91862e-06  3.28283e-06  5.53855e-03  1.17286e-02
  8.91862e-06  3.93939e-06  6.95597e-03  1.17436e-02
  8.91862e-06  4.59596e-06  8.40715e-03  1.17730e-02
  8.91862e-06  5.25252e-06  9.89267e-03  1.18170e-02
  8.91862e-06  5.90909e-06  1.14131e-02  1.18757e-02
  8.91862e-06  6.56565e-06  1.29691e-02  1.19493e-02
  8.91862e-06  7.22222e-06  1.45612e-02  1.20380e-02
  8.91862e-06  7.87878e-06  1.61900e-02  1.21419e-02
  8.91862e-06  8.53535e-06  1.78561e-02  1.22612e-02
  8.91862e-06  9.19191e-06  1.95600e-02  1.23960e-02
  8.91862e-06  9.84848e-06  2.13025e-02  1.25467e-02
  8.91862e-06  1.05050e-05  2.30840e-02  1.27132e-02
  8.91862e-06  1.11616e-05  2.49051e-02  1.28958e-02
  8.91862e-06  1.18182e-05  2.67665e-02  1.30947e-02
  8.91862e-06  1.24747e-05  2.86688e-02  1.33101e-02
  8.91862e-06  1.31313e-05  3.06124e-02  1.35420e-02
  8.91862e-06  1.37879e-05  3.25981e-02  1.37907e-02
  8.91862e-06  1.44444e-05  3.46264e-02  1.40563e-02
  8.91862e-06  1.51010e-05  3.66978e-02  1.43390e-02
  8.91862e-06  1.57576e-05  3.88131e-02  1.46390e-02
  8.91862e-06  1.64141e-05  4.09727e-02  1.49565e-02

  9.72940e-06  0.00000e+00 -7.35655e-04  1.34419e-02
  9.72940e-06  6.56565e-07  5.94659e-04  1.34257e-02
  9.72940e-06  1.31313e-06  1.95653e-03  1.34237e-02
  9.72940e-06  1.96970e-06  3.35054e-03  1.34362e-02
  9.72940e-06  2.62626e-06  4.77729e-03  1.34633e-02
  9.72940e-06  3.28283e-06  6.23736e-03  1.35052e-02
  9.72940e-06  3.93939e-06  7.73135e-03  1.35620e-02
  9.72940e-06  4.59596e-06  9.25984e-03  1.36340e-02
  9.72940e-06  5.25252e-06  1.08234e-02  1.37212e-02
  9.72940e-06  5.90909e-06  1.24227e-02  1.38239e-02
  9.72940e-06  6.56565e-06  1.40582e-02  1.39422e-02
  9.72940e-06  7.22222e-06  1.57307e-02  1.40762e-02
  9.72940e-06  7.87878e-06  1.74405e-02  1.42263e-02
  9.72940e-06  8.53535e-06  1.91884e-02  1.43925e-02
  9.72940e-06  9.19191e-06  2.09750e-02  1.45750e-02
  9.72940e-06  9.84848e-06  2.28008e-02  1.47739e-02
  9.72940e-06  1.05050e-05  2.46664e-02  1.49896e-02
  9.72940e-06  1.11616e-05  2.65724e-02  1.52220e-02
  9.72940e-06  1.18182e-05  2.85194e-02  1.54714e-02
  9.72940e-06  1.24747e-05  3.05079e-02  1.57380e-02
  9.72940e-06  1.31313e-05  3.25387e-02  1.60219e-02
  9.72940e-06  1.37879e-05  3.46122e-02  1.63233e-02
  9.72940e-06  1.44444e-05  3.67291e-02  1.66423e-02
  9.72940e-06  1.51010e-05  3.88899e-02  1.69792e-02
  9.72940e-06  1.57576e-05  4.10953e-02  1.73341e-02
  9.72940e-06  1.64141e-05  4.33458e-02  1.77072e-02

  1.05402e-05  0.00000e+00 -3.31592e-04  1.51108e-02
  1.05402e-05  6.56565e-07  1.07281e-03  1.51337e-02
  1.05402e-05  1.31313e-06  2.50951e-03  1.51715e-02
  1.05402e-05  1.96970e-06  3.97911e-03  1.52246e-02
  1.05402e-05  2.62626e-06  5.48220e-03  1.52929e-02
  1.05402e-05  3.28283e-06  7.01937e-03  1.53768e-02
  1.05402e-05  3.93939e-06  8.59120e-03  1.54763e-02
  1.05402e-05  4.59596e-06  1.01983e-02  1.55917e-02
  1.05402e-05  5.25252e-06  1.18412e-02  1.57231e-02
  1.05402e-05  5.90909e-06  1.35206e-02  1.58706e-02
  1.05402e-05  6.56565e-06  1.52370e-02  1.60345e-02
  1.05402e-05  7.22222e-06  1.69910e-02  1.62150e-02
  1.05402e-05  7.87878e-06  1.87833e-02  1.64121e-02
  1.05402e-05  8.53535e-06  2.06143e-02  1.66261e-02
  1.05402e-05  9.19191e-06  2.24847e-02  1.68571e-02
  1.05402e-05  9.84848e-06  2.43951e-02  1.71054e-02
  1.05402e-05  1.05050e-05  2.63461e-02  1.73710e-02
  1.05402e-05  1.11616e-05  2.83382e-02  1.76541e-02
  1.05402e-05  1.18182e-05  3.03721e-02  1.79550e-02
  1.05402e-05  1.24747e-05  3.24483e-02  1.82738e-02
  1.05402e-05  1.31313e-05  3.45674e-02  1.86106e-02
  1.05402e-05  1.37879e-05  3.67301e-02  1.89656e-02
  1.05402e-05  1.44444e-05  3.89368e-02  1.93391e-02
  1.05402e-05  1.51010e-05  4.11883e-02  1.97311e-02
  1.05402e-05  1.57576e-05  4.34851e-02  2.01418e-02
  1.05402e-05  1.64141e-05  4.58277e-02  2.05714e-02

  1.13510e-05  0.00000e+00  1.50671e-04  1.68715e-02
  1.13510e-05  6.56565e-07  1.63043e-03  1.69344e-02
  1.13510e-05  1.31313e-06  3.14325e-03  1.70130e-02
  1.13510e-05  1.96970e-06  4.68973e-03  1.71075e-02
  1.13510e-05  2.62626e-06  6.27044e-03  1.72180e-02
  1.13510e-05  3.28283e-06  7.88598e-03  1.73448e-02
  1.13510e-05  3.93939e-06  9.53694e-03  1.74879e-02
  1.13510e-05  4.59596e-06  1.12239e-02  1.76477e-02
  1.13510e-05  5.25252e-06  1.29475e-02  1.78242e-02
  1.13510e-05  5.90909e-06  1.47082e-02  1.80176e-02
  1.13510e-05  6.56565e-06  1.65068e-02  1.82280e-02
  1.13510e-05  7.22222e-06  1.83437e-02  1.84558e-02
  1.13510e-05  7.87878e-06  2.02196e-02  1.87009e-02
  1.13510e-05  8.53535e-06  2.21350e-02  1.89636e-02
  1.13510e-05  9.19191e-06  2.40905e-02  1.92441e-02
  1.13510e-05  9.84848e-06  2.60868e-02  1.95426e-02
  1.13510e-05  1.05050e-05  2.81245e-02  1.98591e-02
  1.13510e-05  1.11616e-05  3.02040e-02  2.01939e-02
  1.13510e-05  1.18182e-05  3.23260e-02  2.05472e-02
  1.13510e-05  1.24747e-05  3.44911e-02  2.09190e-02
  1.13510e-05  1.31313e-05  3.66999e-02  2.13097e-02
  1.13510e-05  1.37879e-05  3.89530e-02  2.17193e-02
  1.13510e-05  1.44444e-05  4.12509e-02  2.21480e-02
  1.13510e-05  1.51010e-05  4.35943e-02  2.25961e-02
  1.13510e-05  1.57576e-05  4.59838e-02  2.30636e-02
  1.13510e-05  1.64141e-05  4.84198e-02  2.35507e-02

  1.21618e-05  0.00000e+00  7.12550e-04  1.87256e-02
  1.21618e-05  6.56565e-07  2.26896e-03  1.88294e-02
  1.21618e-05  1.31313e-06  3.85918e-03  1.89497e-02
  1.21618e-05  1.96970e-06  5.48380e-03  1.90866e-02
  1.21618e-05  2.62626e-06  7.14341e-03  1.92402e-02
  1.21618e-05  3.28283e-06  8.83861e-03  1.94108e-02
  1.21618e-05  3.93939e-06  1.05700e-02  1.95985e-02
  1.21618e-05  4.59596e-06  1.23381e-02  1.98036e-02
  1.21618e-05  5.25252e-06  1.41436e-02  2.00261e-02
  1.21618e-05  5.90909e-06  1.59870e-02  2.02662e-02
  1.21618e-05  6.56565e-06  1.78690e-02  2.05242e-02
  1.21618e-05  7.22222e-06  1.97901e-02  2.08001e-02
  1.21618e-05  7.87878e-06  2.17509e-02  2.10942e-02
  1.21618e-05  8.53535e-06  2.37520e-02  2.14066e-02
  1.21618e-05  9.19191e-06  2.57939e-02  2.17375e-02
  1.21618e-05  9.84848e-06  2.78774e-02  2.20871e-02
  1.21618e-05  1.05050e-05  3.00030e-02  2.24555e-02
  1.21618e-05  1.11616e-05  3.21712e-02  2.28429e-02
  1.21618e-05  1.18182e-05  3.43827e-02  2.32494e-02
  1.21618e-05  1.24747e-05  3.66380e-02  2.36754e-02
  1.21618e-05  1.31313e-05  3.89377e-02  2.41208e-02
  1.21618e-05  1.37879e-05  4.12825e-02  2.45859e-02
  1.21618e-05  1.44444e-05  4.36729e-02  2.50708e-02
  1.21618e-05  1.51010e-05  4.61094e-02  2.55758e-02
  1.21618e-05  1.57576e-05  4.85928e-02  2.61010e-02
  1.21618e-05  1.64141e-05  5.11236e-02  2.66466e-02

  1.29725e-05  0.00000e+00  1.35546e-03  2.06747e-02
  1.29725e-05  6.56565e-07  2.98979e-03  2.08204e-02
  1.29725e-05  1.31313e-06  4.65869e-03  2.09832e-02
  1.29725e-05  1.96970e-06  6.36275e-03  2.11634e-02
  1.29725e-05  2.62626e-06  8.10255e-03  2.13611e-02
  1.29725e-05  3.28283e-06  9.87868e-03  2.15765e-02
  1.29725e-05  3.93939e-06  1.16917e-02  2.18097e-02
  1.29725e-05  4.59596e-06  1.35423e-02  2.20610e-02
  1.29725e-05  5.25252e-06  1.54310e-02  2.23304e-02
  1.29725e-05  5.90909e-06  1.73584e-02  2.26183e-02
  1.29725e-05  6.56565e-06  1.93250e-02  2.29246e-02
  1.29725e-05  7.22222e-06  2.13316e-02  2.32497e-02
  1.29725e-05  7.87878e-06  2.33786e-02  2.35937e-02
  1.29725e-05  8.53535e-06  2.54666e-02  2.39567e-02
  1.29725e-05  9.19191e-06  2.75963e-02  2.43389e-02
  1.29725e-05  9.84848e-06  2.97683e-02  2.47405e-02
  1.29725e-05  1.05050e-05  3.19830e-02  2.51617e-02
  1.29725e-05  1.11616e-05  3.42412e-02  2.56026e-02
  1.29725e-05  1.18182e-05  3.65434e-02  2.60634e-02
  1.29725e-05  1.24747e-05  3.88902e-02  2.65443e-02
  1.29725e-05  1.31313e-05  4.12821e-02  2.70454e-02
  1.29725e-05  1.37879e-05  4.37199e-02  2.75670e-02
  1.29725e-05  1.44444e-05  4.62040e-02  2.81091e-02
  1.29725e-05  1.51010e-05  4.87351e-02  2.86720e-02
  1.29725e-05  1.57576e-05  5.13137e-02  2.92557e-02
  1.29725e-05  1.64141e-05  5.39404e-02  2.98606e-02

  1.37833e-05  0.00000e+00  2.08081e-03  2.27204e-02
  1.37833e-05  6.56565e-07  3.79436e-03  2.29088e-02
  1.37833e-05  1.31313e-06  5.54322e-03  2.31152e-02
  1.37833e-05  1.96970e-06  7.32799e-03  2.33396e-02
  1.37833e-05  2.62626e-06  9.14925e-03  2.35823e-02
  1.37833e-05  3.28283e-06  1.10076e-02  2.38433e-02
  1.37833e-05  3.93939e-06  1.29036e-02  2.41230e-02
  1.37833e-05  4.59596e-06  1.48379e-02  2.44214e-02
  1.37833e-05  5.25252e-06  1.68111e-02  2.47388e-02
  1.37833e-05  5.90909e-06  1.88237e-02  2.50752e-02
  1.37833e-05  6.56565e-06  2.08763e-02  2.54309e-02
  1.37833e-05  7.22222e-06  2.29696e-02  2.58061e-02
  1.37833e-05  7.87878e-06  2.51041e-02  2.62008e-02
  1.37833e-05  8.53535e-06  2.72804e-02  2.66154e-02
  1.37833e-05  9.19191e-06  2.94991e-02  2.70499e-02
  1.37833e-05  9.84848e-06  3.17608e-02  2.75045e-02
  1.37833e-05  1.05050e-05  3.40660e-02  2.79793e-02
  1.37833e-05  1.11616e-05  3.64154e-02  2.84747e-02
  1.37833e-05  1.18182e-05  3.88096e-02  2.89907e-02
  1.37833e-05  1.24747e-05  4.12492e-02  2.95275e-02
  1.37833e-05  1.31313e-05  4.37346e-02  3.00852e-02
  1.37833e-05  1.37879e-05  4.62666e-02  3.06641e-02
  1.37833e-05  1.44444e-05  4.88458e-02  3.12643e-02
  1.37833e-05  1.51010e-05  5.14726e-02  3.18860e-02
  1.37833e-05  1.57576e-05  5.41477e-02  3.25293e-02
  1.37833e-05  1.64141e-05  5.68718e-02  3.31945e-02

  1.45941e-05  0.00000e+00  2.89003e-03  2.48642e-02
  1.45941e-05  6.56565e-07  4.68407e-03  2.50964e-02
  1.45941e-05  1.31313e-06  6.51417e-03  2.53471e-02
  1.45941e-05  1.96970e-06  8.38093e-03  2.56167e-02
  1.45941e-05  2.62626e-06  1.02849e-02  2.59053e-02
  1.45941e-05  3.28283e-06  1.22268e-02  2.62130e-02
  1.45941e-05  3.93939e-06  1.42071e-02  2.65400e-02
  1.45941e-05  4.59596e-06  1.62264e-02  2.68865e-02
  1.45941e-05  5.25252e-06  1.82853e-02  2.72527e-02
  1.45941e-05  5.90909e-06  2.03844e-02  2.76387e-02
  1.45941e-05  6.56565e-06  2.25243e-02  2.80446e-02
  1.45941e-05  7.22222e-06  2.47056e-02  2.84708e-02
  1.45941e-05  7.87878e-06  2.69288e-02  2.89173e-02
  1.45941e-05  8.53535e-06  2.91947e-02  2.93843e-02
  1.45941e-05  9.19191e-06  3.15036e-02  2.98719e-02
  1.45941e-05  9.84848e-06  3.38563e-02  3.03805e-02
  1.45941e-05  1.05050e-05  3.62534e-02  3.09100e-02
  1.45941e-05  1.11616e-05  3.86953e-02  3.14607e-02
  1.45941e-05  1.18182e-05  4.11828e-02  3.20328e-02
  1.45941e-05  1.24747e-05  4.37164e-02  3.26264e-02
  1.45941e-05  1.31313e-05  4.62966e-02  3.32417e-02
  1.45941e-05  1.37879e-05  4.89242e-02  3.38789e-02
  1.45941e-05  1.44444e-05  5.15996e-02  3.45381e-02
  1.45941e-05  1.51010e-05  5.43235e-02  3.52196e-02
  1.45941e-05  1.57576e-05  5.70964e-02  3.59234e-02
  1.45941e-05  1.64141e-05  5.99190e-02  3.66497e-02

  1.54049e-05  0.00000e+00  3.78452e-03  2.71077e-02
  1.54049e-05  6.56565e-07  5.66033e-03  2.73845e-02
  1.54049e-05  1.31313e-06  7.57296e-03  2.76807e-02
  1.54049e-05  1.96970e-06  9.52300e-03  2.79964e-02
  1.54049e-05  2.62626e-06  1.15110e-02  2.83318e-02
  1.54049e-05  3.28283e-06  1.35377e-02  2.86870e-02
  1.54049e-05  3.93939e-06  1.56035e-02  2.90623e-02
  1.54049e-05  4.59596e-06  1.77091e-02  2.94578e-02
  1.54049e-05  5.25252e-06  1.98550e-02  2.98737e-02
  1.54049e-05  5.90909e-06  2.20419e-02  3.03102e-02
  1.54049e-05  6.56565e-06  2.42704e-02  3.07674e-02
  1.54049e-05  7.22222e-06  2.65410e-02  3.12455e-02
  1.54049e-05  7.87878e-06  2.88543e-02  3.17446e-02
  1.54049e-05  8.53535e-06  3.12109e-02  3.22650e-02
  1.54049e-05  9.19191e-06  3.36114e-02  3.28068e-02
  1.54049e-05  9.84848e-06  3.60564e-02  3.33701e-02
  1.54049e-05  1.05050e-05  3.85465e-02  3.39552e-02
  1.54049e-05  1.11616e-05  4.10823e-02  3.45623e-02
  1.54049e-05  1.18182e-05  4.36643e-02  3.51914e-02
  1.54049e-05  1.24747e-05  4.62932e-02  3.58428e-02
  1.54049e-05  1.31313e-05  4.89695e-02  3.65166e-02
  1.54049e-05  1.37879e-05  5.16939e-02  3.72130e-02
  1.54049e-05  1.44444e-05  5.44669e-02  3.79321e-02
  1.54049e-05  1.51010e-05  5.72891e-02  3.86742e-02
  1.54049e-05  1.57576e-05  6.01611e-02  3.94394e-02
  1.54049e-05  1.64141e-05  6.30835e-02  4.02279e-02

  1.62157e-05  0.00000e+00  4.76571e-03  2.94526e-02
  1.62157e-05  6.56565e-07  6.72457e-03  2.97749e-02
  1.62157e-05  1.31313e-06  8.72100e-03  3.01174e-02
  1.62157e-05  1.96970e-06  1.07556e-02  3.04801e-02
  1.62157e-05  2.62626e-06  1.28290e-02  3.08632e-02
  1.62157e-05  3.28283e-06  1.49416e-02  3.12670e-02
  1.62157e-05  3.93939e-06  1.70943e-02  3.16915e-02
  1.62157e-05  4.59596e-06  1.92874e-02  3.21370e-02
  1.62157e-05  5.25252e-06  2.15217e-02  3.26036e-02
  1.62157e-05  5.90909e-06  2.37977e-02  3.30914e-02
  1.62157e-05  6.56565e-06  2.61160e-02  3.36007e-02
  1.62157e-05  7.22222e-06  2.84771e-02  3.41317e-02
  1.62157e-05  7.87878e-06  3.08817e-02  3.46844e-02
  1.62157e-05  8.53535e-06  3.33304e-02  3.52591e-02
  1.62157e-05  9.19191e-06  3.58238e-02  3.58559e-02
  1.62157e-05  9.84848e-06  3.83624e-02  3.64751e-02
  1.62157e-05  1.05050e-05  4.09468e-02  3.71167e-02
  1.62157e-05  1.11616e-05  4.35777e-02  3.77809e-02
  1.62157e-05  1.18182e-05  4.62556e-02  3.84680e-02
  1.62157e-05  1.24747e-05  4.89811e-02  3.91781e-02
  1.62157e-05  1.31313e-05  5.17548e-02  3.99113e-02
  1.62157e-05  1.37879e-05  5.45772e-02  4.06678e-02
  1.62157e-05  1.44444e-05  5.74491e-02  4.14479e-02
  1.62157e-05  1.51010e-05  6.03709e-02  4.22516e-02
  1.62157e-05  1.57576e-05  6.33433e-02  4.30791e-02
  1.62157e-05  1.64141e-05  6.63668e-02  4.39307e-02

  1.70265e-05  0.00000e+00  5.83500e-03  3.19003e-02
  1.70265e-05  6.56565e-07  7.87820e-03  3.22692e-02
  1.70265e-05  1.31313e-06  9.95972e-03  3.26588e-02
  1.70265e-05  1.96970e-06  1.20802e-02  3.30695e-02
  1.70265e-05  2.62626e-06  1.42401e-02  3.35013e-02
  1.70265e-05  3.28283e-06  1.64401e-02  3.39545e-02
  1.70265e-05  3.93939e-06  1.86809e-02  3.44292e-02
  1.70265e-05  4.59596e-06  2.09629e-02  3.49255e-02
  1.70265e-05  5.25252e-06  2.32867e-02  3.54437e-02
  1.70265e-05  5.90909e-06  2.56531e-02  3.59839e-02
  1.70265e-05  6.56565e-06  2.80625e-02  3.65462e-02
  1.70265e-05  7.22222e-06  3.05155e-02  3.71310e-02
  1.70265e-05  7.87878e-06  3.30127e-02  3.77382e-02
  1.70265e-05  8.53535e-06  3.55548e-02  3.83682e-02
  1.70265e-05  9.19191e-06  3.81423e-02  3.90210e-02
  1.70265e-05  9.84848e-06  4.07757e-02  3.96968e-02
  1.70265e-05  1.05050e-05  4.34558e-02  4.03958e-02
  1.70265e-05  1.11616e-05  4.61830e-02  4.11183e-02
  1.70265e-05  1.18182e-05  4.89580e-02  4.18642e-02
  1.70265e-05  1.24747e-05  5.17814e-02  4.26339e-02
  1.70265e-05  1.31313e-05  5.46537e-02  4.34275e-02
  1.70265e-05  1.37879e-05  5.75756e-02  4.42451e-02
  1.70265e-05  1.44444e-05  6.05475e-02  4.50869e-02
  1.70265e-05  1.51010e-05  6.35703e-02  4.59532e-02
  1.70265e-05  1.57576e-05  6.66443e-02  4.68440e-02
  1.70265e-05  1.64141e-05  6.97702e-02  4.77595e-02

  1.78372e-05  0.00000e+00  6.99382e-03  3.44525e-02
  1.78372e-05  6.56565e-07  9.12263e-03  3.48688e-02
  1.78372e-05  1.31313e-06  1.12905e-02  3.53066e-02
  1.78372e-05  1.96970e-06  1.34981e-02  3.57662e-02
  1.78372e-05  2.62626e-06  1.57459e-02  3.62476e-02
  1.78372e-05  3.28283e-06  1.80346e-02  3.67511e-02
  1.78372e-05  3.93939e-06  2.03647e-02  3.72769e-02
  1.78372e-05  4.59596e-06  2.27368e-02  3.78250e-02
  1.78372e-05  5.25252e-06  2.51516e-02  3.83957e-02
  1.78372e-05  5.90909e-06  2.76095e-02  3.89892e-02
  1.78372e-05  6.56565e-06  3.01113e-02  3.96055e-02
  1.78372e-05  7.22222e-06  3.26574e-02  4.02450e-02
  1.78372e-05  7.87878e-06  3.52486e-02  4.09077e-02
  1.78372e-05  8.53535e-06  3.78853e-02  4.15938e-02
  1.78372e-05  9.19191e-06  4.05682e-02  4.23035e-02
  1.78372e-05  9.84848e-06  4.32978e-02  4.30369e-02
  1.78372e-05  1.05050e-05  4.60748e-02  4.37944e-02
  1.78372e-05  1.11616e-05  4.88996e-02  4.45759e-02
  1.78372e-05  1.18182e-05  5.17731e-02  4.53816e-02
  1.78372e-05  1.24747e-05  5.46956e-02  4.62119e-02
  1.78372e-05  1.31313e-05  5.76678e-02  4.70667e-02
  1.78372e-05  1.37879e-05  6.06903e-02  4.79463e-02
  1.78372e-05  1.44444e-05  6.37637e-02  4.88509e-02
  1.78372e-05  1.51010e-05  6.68886e-02  4.97806e-02
  1.78372e-05  1.57576e-05  7.00656e-02  5.07356e-02
  1.78372e-05  1.64141e-05  7.32951e-02  5.17161e-02

  1.86480e-05  0.00000e+00  8.24357e-03  3.71107e-02
  1.86480e-05  6.56565e-07  1.04593e-02  3.75754e-02
  1.86480e-05  1.31313e-06  1.27148e-02  3.80623e-02
  1.86480e-05  1.96970e-06  1.50108e-02  3.85717e-02
  1.86480e-05  2.62626e-06  1.73477e-02  3.91037e-02
  1.86480e-05  3.28283e-06  1.97263e-02  3.96584e-02
  1.86480e-05  3.93939e-06  2.21471e-02  4.02362e-02
  1.86480e-05  4.59596e-06  2.46106e-02  4.08371e-02
  1.86480e-05  5.25252e-06  2.71176e-02  4.14612e-02
  1.86480e-05  5.90909e-06  2.96684e-02  4.21089e-02
  1.86480e-05  6.56565e-06  3.22639e-02  4.27801e-02
  1.86480e-05  7.22222e-06  3.49045e-02  4.34752e-02
  1.86480e-05  7.87878e-06  3.75908e-02  4.41943e-02
  1.86480e-05  8.53535e-06  4.03234e-02  4.49375e-02
  1.86480e-05  9.19191e-06  4.31030e-02  4.57051e-02
  1.86480e-05  9.84848e-06  4.59300e-02  4.64971e-02
  1.86480e-05  1.05050e-05  4.88052e-02  4.73138e-02
  1.86480e-05  1.11616e-05  5.17290e-02  4.81553e-02
  1.86480e-05  1.18182e-05  5.47021e-02  4.90218e-02
  1.86480e-05  1.24747e-05  5.77251e-02  4.99135e-02
  1.86480e-05  1.31313e-05  6.07985e-02  5.08306e-02
  1.86480e-05  1.37879e-05  6.39230e-02  5.17731e-02
  1.86480e-05  1.44444e-05  6.70991e-02  5.27414e-02
  1.86480e-05  1.51010e-05  7.03274e-02  5.37355e-02
  1.86480e-05  1.57576e-05  7.36085e-02  5.47556e-02
  1.86480e-05  1.64141e-05  7.69431e-02  5.58019e-02

  1.94588e-05  0.00000e+00  9.58568e-03  3.98766e-02
  1.94588e-05  6.56565e-07  1.18896e-02  4.03905e-02
  1.94588e-05  1.31313e-06  1.42340e-02  4.09275e-02
  1.94588e-05  1.96970e-06  1.66197e-02  4.14876e-02
  1.94588e-05  2.62626e-06  1.90471e-02  4.20711e-02
  1.94588e-05  3.28283e-06  2.15168e-02  4.26781e-02
  1.94588e-05  3.93939e-06  2.40296e-02  4.33087e-02
  1.94588e-05  4.59596e-06  2.65858e-02  4.39633e-02
  1.94588e-05  5.25252e-06  2.91862e-02  4.46418e-02
  1.94588e-05  5.90909e-06  3.18312e-02  4.53446e-02
  1.94588e-05  6.56565e-06  3.45216e-02  4.60717e-02
  1.94588e-05  7.22222e-06  3.72579e-02  4.68234e-02
  1.94588e-05  7.87878e-06  4.00407e-02  4.75997e-02
  1.94588e-05  8.53535e-06  4.28705e-02  4.84010e-02
  1.94588e-05  9.19191e-06  4.57480e-02  4.92273e-02
  1.94588e-05  9.84848e-06  4.86738e-02  5.00788e-02
  1.94588e-05  1.05050e-05  5.16484e-02  5.09557e-02
  1.94588e-05  1.11616e-05  5.46725e-02  5.18582e-02
  1.94588e-05  1.18182e-05  5.77465e-02  5.27864e-02
  1.94588e-05  1.24747e-05  6.08712e-02  5.37405e-02
  1.94588e-05  1.31313e-05  6.40471e-02  5.47207e-02
  1.94588e-05  1.37879e-05  6.72748e-02  5.57271e-02
  1.94588e-05  1.44444e-05  7.05549e-02  5.67599e-02
  1.94588e-05  1.51010e-05  7.38880e-02  5.78194e-02
  1.94588e-05  1.57576e-05  7.72746e-02  5.89055e-02
  1.94588e-05  1.64141e-05  8.07154e-02  6.00186e-02

  2.02696e-05  0.00000e+00  1.10216e-02  4.27517e-02
  2.02696e-05  6.56565e-07  1.34149e-02  4.33158e-02
  2.02696e-05  1.31313e-06  1.58496e-02  4.39037e-02
  2.02696e-05  1.96970e-06  1.83262e-02  4.45155e-02
  2.02696e-05  2.62626e-06  2.08453e-02  4.51514e-02
  2.02696e-05  3.28283e-06  2.34075e-02  4.58115e-02
  2.02696e-05  3.93939e-06  2.60135e-02  4.64961e-02
  2.02696e-05  4.59596e-06  2.86637e-02  4.72052e-02
  2.02696e-05  5.25252e-06  3.13588e-02  4.79390e-02
  2.02696e-05  5.90909e-06  3.40993e-02  4.86979e-02
  2.02696e-05  6.56565e-06  3.68860e-02  4.94818e-02
  2.02696e-05  7.22222e-06  3.97192e-02  5.02909e-02
  2.02696e-05  7.87878e-06  4.25997e-02  5.11255e-02
  2.02696e-05  8.53535e-06  4.55281e-02  5.19857e-02
  2.02696e-05  9.19191e-06  4.85048e-02  5.28717e-02
  2.02696e-05  9.84848e-06  5.15306e-02  5.37837e-02
  2.02696e-05  1.05050e-05  5.46060e-02  5.47217e-02
  2.02696e-05  1.11616e-05  5.77315e-02  5.56861e-02
  2.02696e-05  1.18182e-05  6.09078e-02  5.66769e-02
  2.02696e-05  1.24747e-05  6.41355e-02  5.76943e-02
  2.02696e-05  1.31313e-05  6.74152e-02  5.87386e-02
  2.02696e-05  1.37879e-05  7.07474e-02  5.98098e-02
  2.02696e-05  1.44444e-05  7.41327e-02  6.09082e-02
  2.02696e-05  1.51010e-05  7.75718e-02  6.20338e-02
  2.02696e-05  1.57576e-05  8.10652e-02  6.31870e-02
  2.02696e-05  1.64141e-05  8.46135e-02  6.43678e-02

