 -3.00000e-02  0.00000e+00  2.92237e-02  9.66660e-03
 -3.00000e-02  8.10784e-07  3.21680e-02  1.10817e-02
 -3.00000e-02  1.62157e-06  3.51989e-02  1.25864e-02
 -3.00000e-02  2.43235e-06  3.83179e-02  1.41822e-02
 -3.00000e-02  3.24313e-06  4.15265e-02  1.58709e-02
 -3.00000e-02  4.05392e-06  4.48259e-02  1.76538e-02
 -3.00000e-02  4.86470e-06  4.82177e-02  1.95327e-02
 -3.00000e-02  5.67549e-06  5.17033e-02  2.15091e-02
 -3.00000e-02  6.48627e-06  5.52840e-02  2.35845e-02
 -3.00000e-02  7.29705e-06  5.89613e-02  2.57607e-02
 -3.00000e-02  8.10784e-06  6.27366e-02  2.80391e-02
 -3.00000e-02  8.91862e-06  6.66113e-02  3.04213e-02
 -3.00000e-02  9.72940e-06  7.05869e-02  3.29089e-02
 -3.00000e-02  1.05402e-05  7.46647e-02  3.55035e-02
 -3.00000e-02  1.13510e-05  7.88462e-02  3.82067e-02
 -3.00000e-02  1.21618e-05  8.31327e-02  4.10201e-02
 -3.00000e-02  1.29725e-05  8.75258e-02  4.39452e-02
 -3.00000e-02  1.37833e-05  9.20267e-02  4.69837e-02
 -3.00000e-02  1.45941e-05  9.66370e-02  5.01370e-02
 -3.00000e-02  1.54049e-05  1.01358e-01  5.34069e-02
 -3.00000e-02  1.62157e-05  1.06191e-01  5.67948e-02
 -3.00000e-02  1.70265e-05  1.11138e-01  6.03024e-02
 -3.00000e-02  1.78372e-05  1.16200e-01  6.39312e-02
 -3.00000e-02  1.86480e-05  1.21378e-01  6.76828e-02
 -3.00000e-02  1.94588e-05  1.26674e-01  7.15589e-02
 -3.00000e-02  2.02696e-05  1.32089e-01  7.55609e-02

 -2.88000e-02  0.00000e+00  2.41381e-02  8.69339e-03
 -2.88000e-02  8.10784e-07  2.68505e-02  1.00686e-02
 -2.88000e-02  1.62157e-06  2.96488e-02  1.15329e-02
 -2.88000e-02  2.43235e-06  3.25344e-02  1.30879e-02
 -2.88000e-02  3.24313e-06  3.55087e-02  1.47352e-02
 -2.88000e-02  4.05392e-06  3.85731e-02  1.64762e-02
 -2.88000e-02  4.86470e-06  4.17290e-02  1.83128e-02
 -2.88000e-02  5.67549e-06  4.49779e-02  2.02463e-02
 -2.88000e-02  6.48627e-06  4.83212e-02  2.22784e-02
 -2.88000e-02  7.29705e-06  5.17603e-02  2.44107e-02
 -2.88000e-02  8.10784e-06  5.52965e-02  2.66447e-02
 -2.88000e-02  8.91862e-06  5.89314e-02  2.89821e-02
 -2.88000e-02  9.72940e-06  6.26663e-02  3.14244e-02
 -2.88000e-02  1.05402e-05  6.65027e-02  3.39732e-02
 -2.88000e-02  1.13510e-05  7.04419e-02  3.66300e-02
 -2.88000e-02  1.21618e-05  7.44854e-02  3.93966e-02
 -2.88000e-02  1.29725e-05  7.86346e-02  4.22744e-02
 -2.88000e-02  1.37833e-05  8.28909e-02  4.52650e-02
 -2.88000e-02  1.45941e-05  8.72558e-02  4.83700e-02
 -2.88000e-02  1.54049e-05  9.17305e-02  5.15910e-02
 -2.88000e-02  1.62157e-05  9.63167e-02  5.49296e-02
 -2.88000e-02  1.70265e-05  1.01016e-01  5.83874e-02
 -2.88000e-02  1.78372e-05  1.05829e-01  6.19659e-02
 -2.88000e-02  1.86480e-05  1.10757e-01  6.56667e-02
 -2.88000e-02  1.94588e-05  1.15803e-01  6.94915e-02
 -2.88000e-02  2.02696e-05  1.20967e-01  7.34417e-02

 -2.76000e-02  0.00000e+00  1.97642e-02  7.79431e-03
 -2.76000e-02  8.10784e-07  2.22561e-02  9.13162e-03
 -2.76000e-02  1.62157e-06  2.48331e-02  1.05575e-02
 -2.76000e-02  2.43235e-06  2.74965e-02  1.20736e-02
 -2.76000e-02  3.24313e-06  3.02478e-02  1.36814e-02
 -2.76000e-02  4.05392e-06  3.30885e-02  1.53825e-02
 -2.76000e-02  4.86470e-06  3.60198e-02  1.71785e-02
 -2.76000e-02  5.67549e-06  3.90433e-02  1.90711e-02
 -2.76000e-02  6.48627e-06  4.21604e-02  2.10617e-02
 -2.76000e-02  7.29705e-06  4.53724e-02  2.31520e-02
 -2.76000e-02  8.10784e-06  4.86808e-02  2.53435e-02
 -2.76000e-02  8.91862e-06  5.20870e-02  2.76378e-02
 -2.76000e-02  9.72940e-06  5.55924e-02  3.00366e-02
 -2.76000e-02  1.05402e-05  5.91985e-02  3.25413e-02
 -2.76000e-02  1.13510e-05  6.29066e-02  3.51537e-02
 -2.76000e-02  1.21618e-05  6.67181e-02  3.78751e-02
 -2.76000e-02  1.29725e-05  7.06345e-02  4.07073e-02
 -2.76000e-02  1.37833e-05  7.46573e-02  4.36519e-02
 -2.76000e-02  1.45941e-05  7.87877e-02  4.67103e-02
 -2.76000e-02  1.54049e-05  8.30272e-02  4.98842e-02
 -2.76000e-02  1.62157e-05  8.73773e-02  5.31752e-02
 -2.76000e-02  1.70265e-05  9.18393e-02  5.65848e-02
 -2.76000e-02  1.78372e-05  9.64147e-02  6.01147e-02
 -2.76000e-02  1.86480e-05  1.01105e-01  6.37663e-02
 -2.76000e-02  1.94588e-05  1.05911e-01  6.75414e-02
 -2.76000e-02  2.02696e-05  1.10835e-01  7.14414e-02

 -2.64000e-02  0.00000e+00  1.60241e-02  6.96453e-03
 -2.64000e-02  8.10784e-07  1.83063e-02  8.26571e-03
 -2.64000e-02  1.62157e-06  2.06728e-02  9.65494e-03
 -2.64000e-02  2.43235e-06  2.31249e-02  1.11338e-02
 -2.64000e-02  3.24313e-06  2.56641e-02  1.27039e-02
 -2.64000e-02  4.05392e-06  2.82917e-02  1.43668e-02
 -2.64000e-02  4.86470e-06  3.10092e-02  1.61241e-02
 -2.64000e-02  5.67549e-06  3.38181e-02  1.79773e-02
 -2.64000e-02  6.48627e-06  3.67196e-02  1.99281e-02
 -2.64000e-02  7.29705e-06  3.97153e-02  2.19781e-02
 -2.64000e-02  8.10784e-06  4.28065e-02  2.41287e-02
 -2.64000e-02  8.91862e-06  4.59946e-02  2.63817e-02
 -2.64000e-02  9.72940e-06  4.92812e-02  2.87385e-02
 -2.64000e-02  1.05402e-05  5.26675e-02  3.12008e-02
 -2.64000e-02  1.13510e-05  5.61551e-02  3.37702e-02
 -2.64000e-02  1.21618e-05  5.97452e-02  3.64482e-02
 -2.64000e-02  1.29725e-05  6.34395e-02  3.92363e-02
 -2.64000e-02  1.37833e-05  6.72391e-02  4.21363e-02
 -2.64000e-02  1.45941e-05  7.11457e-02  4.51497e-02
 -2.64000e-02  1.54049e-05  7.51605e-02  4.82780e-02
 -2.64000e-02  1.62157e-05  7.92850e-02  5.15229e-02
 -2.64000e-02  1.70265e-05  8.35206e-02  5.48858e-02
 -2.64000e-02  1.78372e-05  8.78688e-02  5.83685e-02
 -2.64000e-02  1.86480e-05  9.23309e-02  6.19725e-02
 -2.64000e-02  1.94588e-05  9.69084e-02  6.56993e-02
 -2.64000e-02  2.02696e-05  1.01603e-01  6.95506e-02

 -2.52000e-02  0.00000e+00  1.28465e-02  6.19961e-03
 -2.52000e-02  8.10784e-07  1.49294e-02  7.46625e-03
 -2.52000e-02  1.62157e-06  1.70957e-02  8.82041e-03
 -2.52000e-02  2.43235e-06  1.93468e-02  1.02637e-02
 -2.52000e-02  3.24313e-06  2.16841e-02  1.17976e-02
 -2.52000e-02  4.05392e-06  2.41090e-02  1.34238e-02
 -2.52000e-02  4.86470e-06  2.66229e-02  1.51439e-02
 -2.52000e-02  5.67549e-06  2.92272e-02  1.69594e-02
 -2.52000e-02  6.48627e-06  3.19235e-02  1.88718e-02
 -2.52000e-02  7.29705e-06  3.47130e-02  2.08829e-02
 -2.52000e-02  8.10784e-06  3.75972e-02  2.29942e-02
 -2.52000e-02  8.91862e-06  4.05775e-02  2.52072e-02
 -2.52000e-02  9.72940e-06  4.36553e-02  2.75236e-02
 -2.52000e-02  1.05402e-05  4.68320e-02  2.99449e-02
 -2.52000e-02  1.13510e-05  5.01091e-02  3.24727e-02
 -2.52000e-02  1.21618e-05  5.34880e-02  3.51085e-02
 -2.52000e-02  1.29725e-05  5.69701e-02  3.78541e-02
 -2.52000e-02  1.37833e-05  6.05568e-02  4.07109e-02
 -2.52000e-02  1.45941e-05  6.42494e-02  4.36805e-02
 -2.52000e-02  1.54049e-05  6.80495e-02  4.67646e-02
 -2.52000e-02  1.62157e-05  7.19585e-02  4.99647e-02
 -2.52000e-02  1.70265e-05  7.59777e-02  5.32823e-02
 -2.52000e-02  1.78372e-05  8.01086e-02  5.67191e-02
 -2.52000e-02  1.86480e-05  8.43526e-02  6.02767e-02
 -2.52000e-02  1.94588e-05  8.87110e-02  6.39565e-02
 -2.52000e-02  2.02696e-05  9.31854e-02  6.77603e-02

 -2.40000e-02  0.00000e+00  1.01661e-02  5.49544e-03
 -2.40000e-02  8.10784e-07  1.20596e-02  6.72899e-03
 -2.40000e-02  1.62157e-06  1.40355e-02  8.04949e-03
 -2.40000e-02  2.43235e-06  1.60954e-02  9.45854e-03
 -2.40000e-02  3.24313e-06  1.82406e-02  1.09577e-02
 -2.40000e-02  4.05392e-06  2.04725e-02  1.25486e-02
 -2.40000e-02  4.86470e-06  2.27926e-02  1.42328e-02
 -2.40000e-02  5.67549e-06  2.52023e-02  1.60118e-02
 -2.40000e-02  6.48627e-06  2.77029e-02  1.78874e-02
 -2.40000e-02  7.29705e-06  3.02960e-02  1.98609e-02
 -2.40000e-02  8.10784e-06  3.29828e-02  2.19341e-02
 -2.40000e-02  8.91862e-06  3.57649e-02  2.41085e-02
 -2.40000e-02  9.72940e-06  3.86437e-02  2.63856e-02
 -2.40000e-02  1.05402e-05  4.16205e-02  2.87672e-02
 -2.40000e-02  1.13510e-05  4.46968e-02  3.12546e-02
 -2.40000e-02  1.21618e-05  4.78740e-02  3.38497e-02
 -2.40000e-02  1.29725e-05  5.11535e-02  3.65538e-02
 -2.40000e-02  1.37833e-05  5.45367e-02  3.93686e-02
 -2.40000e-02  1.45941e-05  5.80251e-02  4.22957e-02
 -2.40000e-02  1.54049e-05  6.16200e-02  4.53367e-02
 -2.40000e-02  1.62157e-05  6.53229e-02  4.84931e-02
 -2.40000e-02  1.70265e-05  6.91352e-02  5.17666e-02
 -2.40000e-02  1.78372e-05  7.30583e-02  5.51586e-02
 -2.40000e-02  1.86480e-05  7.70936e-02  5.86709e-02
 -2.40000e-02  1.94588e-05  8.12425e-02  6.23049e-02
 -2.40000e-02  2.02696e-05  8.55065e-02  6.60623e-02

 -2.28000e-02  0.00000e+00  7.92333e-03  4.84828e-03
 -2.28000e-02  8.10784e-07  9.63672e-03  6.05000e-03
 -2.28000e-02  1.62157e-06  1.14317e-02  7.33811e-03
 -2.28000e-02  2.43235e-06  1.33097e-02  8.71420e-03
 -2.28000e-02  3.24313e-06  1.52722e-02  1.01798e-02
 -2.28000e-02  4.05392e-06  1.73205e-02  1.17366e-02
 -2.28000e-02  4.86470e-06  1.94561e-02  1.33861e-02
 -2.28000e-02  5.67549e-06  2.16803e-02  1.51299e-02
 -2.28000e-02  6.48627e-06  2.39947e-02  1.69696e-02
 -2.28000e-02  7.29705e-06  2.64005e-02  1.89068e-02
 -2.28000e-02  8.10784e-06  2.88993e-02  2.09430e-02
 -2.28000e-02  8.91862e-06  3.14924e-02  2.30799e-02
 -2.28000e-02  9.72940e-06  3.41813e-02  2.53190e-02
 -2.28000e-02  1.05402e-05  3.69674e-02  2.76619e-02
 -2.28000e-02  1.13510e-05  3.98520e-02  3.01101e-02
 -2.28000e-02  1.21618e-05  4.28367e-02  3.26653e-02
 -2.28000e-02  1.29725e-05  4.59227e-02  3.53291e-02
 -2.28000e-02  1.37833e-05  4.91116e-02  3.81030e-02
 -2.28000e-02  1.45941e-05  5.24048e-02  4.09886e-02
 -2.28000e-02  1.54049e-05  5.58036e-02  4.39875e-02
 -2.28000e-02  1.62157e-05  5.93095e-02  4.71013e-02
 -2.28000e-02  1.70265e-05  6.29239e-02  5.03315e-02
 -2.28000e-02  1.78372e-05  6.66482e-02  5.36798e-02
 -2.28000e-02  1.86480e-05  7.04838e-02  5.71477e-02
 -2.28000e-02  1.94588e-05  7.44322e-02  6.07368e-02
 -2.28000e-02  2.02696e-05  7.84947e-02  6.44487e-02

 -2.16000e-02  0.00000e+00  6.06396e-03  4.25468e-03
 -2.16000e-02  8.10784e-07  7.60623e-03  5.42569e-03
 -2.16000e-02  1.62157e-06  9.22920e-03  6.68251e-03
 -2.16000e-02  2.43235e-06  1.09343e-02  8.02673e-03
 -2.16000e-02  3.24313e-06  1.27229e-02  9.45992e-03
 -2.16000e-02  4.05392e-06  1.45964e-02  1.09837e-02
 -2.16000e-02  4.86470e-06  1.65563e-02  1.25995e-02
 -2.16000e-02  5.67549e-06  1.86040e-02  1.43091e-02
 -2.16000e-02  6.48627e-06  2.07409e-02  1.61141e-02
 -2.16000e-02  7.29705e-06  2.29683e-02  1.80159e-02
 -2.16000e-02  8.10784e-06  2.52878e-02  2.00161e-02
 -2.16000e-02  8.91862e-06  2.77007e-02  2.21164e-02
 -2.16000e-02  9.72940e-06  3.02085e-02  2.43184e-02
 -2.16000e-02  1.05402e-05  3.28125e-02  2.66235e-02
 -2.16000e-02  1.13510e-05  3.55142e-02  2.90335e-02
 -2.16000e-02  1.21618e-05  3.83150e-02  3.15499e-02
 -2.16000e-02  1.29725e-05  4.12163e-02  3.41742e-02
 -2.16000e-02  1.37833e-05  4.42196e-02  3.69080e-02
 -2.16000e-02  1.45941e-05  4.73262e-02  3.97530e-02
 -2.16000e-02  1.54049e-05  5.05375e-02  4.27107e-02
 -2.16000e-02  1.62157e-05  5.38550e-02  4.57827e-02
 -2.16000e-02  1.70265e-05  5.72801e-02  4.89705e-02
 -2.16000e-02  1.78372e-05  6.08142e-02  5.22758e-02
 -2.16000e-02  1.86480e-05  6.44587e-02  5.57002e-02
 -2.16000e-02  1.94588e-05  6.82150e-02  5.92451e-02
 -2.16000e-02  2.02696e-05  7.20846e-02  6.29123e-02

 -2.04000e-02  0.00000e+00  4.53875e-03  3.71146e-03
 -2.04000e-02  8.10784e-07  5.91843e-03  4.85274e-03
 -2.04000e-02  1.62157e-06  7.37787e-03  6.07924e-03
 -2.04000e-02  2.43235e-06  8.91850e-03  7.39253e-03
 -2.04000e-02  3.24313e-06  1.05417e-02  8.79420e-03
 -2.04000e-02  4.05392e-06  1.22490e-02  1.02858e-02
 -2.04000e-02  4.86470e-06  1.40416e-02  1.18690e-02
 -2.04000e-02  5.67549e-06  1.59211e-02  1.35453e-02
 -2.04000e-02  6.48627e-06  1.78889e-02  1.53163e-02
 -2.04000e-02  7.29705e-06  1.99464e-02  1.71836e-02
 -2.04000e-02  8.10784e-06  2.20949e-02  1.91487e-02
 -2.04000e-02  8.91862e-06  2.43359e-02  2.12133e-02
 -2.04000e-02  9.72940e-06  2.66709e-02  2.33790e-02
 -2.04000e-02  1.05402e-05  2.91012e-02  2.56472e-02
 -2.04000e-02  1.13510e-05  3.16282e-02  2.80197e-02
 -2.04000e-02  1.21618e-05  3.42535e-02  3.04979e-02
 -2.04000e-02  1.29725e-05  3.69782e-02  3.30835e-02
 -2.04000e-02  1.37833e-05  3.98040e-02  3.57781e-02
 -2.04000e-02  1.45941e-05  4.27322e-02  3.85832e-02
 -2.04000e-02  1.54049e-05  4.57643e-02  4.15003e-02
 -2.04000e-02  1.62157e-05  4.89016e-02  4.45312e-02
 -2.04000e-02  1.70265e-05  5.21455e-02  4.76774e-02
 -2.04000e-02  1.78372e-05  5.54975e-02  5.09404e-02
 -2.04000e-02  1.86480e-05  5.89590e-02  5.43219e-02
 -2.04000e-02  1.94588e-05  6.25314e-02  5.78234e-02
 -2.04000e-02  2.02696e-05  6.62161e-02  6.14465e-02

 -1.92000e-02  0.00000e+00  3.30315e-03  3.21570e-03
 -1.92000e-02  8.10784e-07  4.52832e-03  4.32810e-03
 -1.92000e-02  1.62157e-06  5.83233e-03  5.52511e-03
 -1.92000e-02  2.43235e-06  7.21656e-03  6.80829e-03
 -1.92000e-02  3.24313e-06  8.68245e-03  8.17924e-03
 -1.92000e-02  4.05392e-06  1.02314e-02  9.63953e-03
 -1.92000e-02  4.86470e-06  1.18649e-02  1.11908e-02
 -1.92000e-02  5.67549e-06  1.35842e-02  1.28345e-02
 -1.92000e-02  6.48627e-06  1.53908e-02  1.45723e-02
 -1.92000e-02  7.29705e-06  1.72862e-02  1.64058e-02
 -1.92000e-02  8.10784e-06  1.92717e-02  1.83366e-02
 -1.92000e-02  8.91862e-06  2.13488e-02  2.03662e-02
 -1.92000e-02  9.72940e-06  2.35189e-02  2.24962e-02
 -1.92000e-02  1.05402e-05  2.57833e-02  2.47282e-02
 -1.92000e-02  1.13510e-05  2.81436e-02  2.70638e-02
 -1.92000e-02  1.21618e-05  3.06011e-02  2.95046e-02
 -1.92000e-02  1.29725e-05  3.31572e-02  3.20521e-02
 -1.92000e-02  1.37833e-05  3.58133e-02  3.47080e-02
 -1.92000e-02  1.45941e-05  3.85710e-02  3.74738e-02
 -1.92000e-02  1.54049e-05  4.14315e-02  4.03511e-02
 -1.92000e-02  1.62157e-05  4.43963e-02  4.33414e-02
 -1.92000e-02  1.70265e-05  4.74668e-02  4.64464e-02
 -1.92000e-02  1.78372e-05  5.06445e-02  4.96677e-02
 -1.92000e-02  1.86480e-05  5.39307e-02  5.30068e-02
 -1.92000e-02  1.94588e-05  5.73268e-02  5.64653e-02
 -1.92000e-02  2.02696e-05  6.08344e-02  6.00448e-02

 -1.80000e-02  0.00000e+00  2.31689e-03  2.76472e-03
 -1.80000e-02  8.10784e-07  3.39527e-03  3.84896e-03
 -1.80000e-02  1.62157e-06  4.55151e-03  5.01717e-03
 -1.80000e-02  2.43235e-06  5.78702e-03  6.27094e-03
 -1.80000e-02  3.24313e-06  7.10322e-03  7.61185e-03
 -1.80000e-02  4.05392e-06  8.50153e-03  9.04147e-03
 -1.80000e-02  4.86470e-06  9.98335e-03  1.05614e-02
 -1.80000e-02  5.67549e-06  1.15501e-02  1.21732e-02
 -1.80000e-02  6.48627e-06  1.32032e-02  1.38785e-02
 -1.80000e-02  7.29705e-06  1.49441e-02  1.56788e-02
 -1.80000e-02  8.10784e-06  1.67741e-02  1.75757e-02
 -1.80000e-02  8.91862e-06  1.86948e-02  1.95709e-02
 -1.80000e-02  9.72940e-06  2.07075e-02  2.16659e-02
 -1.80000e-02  1.05402e-05  2.28135e-02  2.38622e-02
 -1.80000e-02  1.13510e-05  2.50145e-02  2.61615e-02
 -1.80000e-02  1.21618e-05  2.73117e-02  2.85653e-02
 -1.80000e-02  1.29725e-05  2.97065e-02  3.10753e-02
 -1.80000e-02  1.37833e-05  3.22005e-02  3.36930e-02
 -1.80000e-02  1.45941e-05  3.47949e-02  3.64199e-02
 -1.80000e-02  1.54049e-05  3.74913e-02  3.92577e-02
 -1.80000e-02  1.62157e-05  4.02910e-02  4.22080e-02
 -1.80000e-02  1.70265e-05  4.31954e-02  4.52723e-02
 -1.80000e-02  1.78372e-05  4.62060e-02  4.84523e-02
 -1.80000e-02  1.86480e-05  4.93242e-02  5.17494e-02
 -1.80000e-02  1.94588e-05  5.25514e-02  5.51653e-02
 -1.80000e-02  2.02696e-05  5.58890e-02  5.87016e-02

 -1.68000e-02  0.00000e+00  1.54374e-03  2.35602e-03
 -1.68000e-02  8.10784e-07  2.48264e-03  3.41270e-03
 -1.68000e-02  1.62157e-06  3.49842e-03  4.55272e-03
 -1.68000e-02  2.43235e-06  4.59249e-03  5.77765e-03
 -1.68000e-02  3.24313e-06  5.76626e-03  7.08907e-03
 -1.68000e-02  4.05392e-06  7.02116e-03  8.48857e-03
 -1.68000e-02  4.86470e-06  8.35859e-03  9.97772e-03
 -1.68000e-02  5.67549e-06  9.77998e-03  1.15581e-02
 -1.68000e-02  6.48627e-06  1.12867e-02  1.32313e-02
 -1.68000e-02  7.29705e-06  1.28803e-02  1.49990e-02
 -1.68000e-02  8.10784e-06  1.45620e-02  1.68626e-02
 -1.68000e-02  8.91862e-06  1.63333e-02  1.88238e-02
 -1.68000e-02  9.72940e-06  1.81957e-02  2.08841e-02
 -1.68000e-02  1.05402e-05  2.01505e-02  2.30452e-02
 -1.68000e-02  1.13510e-05  2.21992e-02  2.53086e-02
 -1.68000e-02  1.21618e-05  2.43432e-02  2.76759e-02
 -1.68000e-02  1.29725e-05  2.65838e-02  3.01487e-02
 -1.68000e-02  1.37833e-05  2.89226e-02  3.27285e-02
 -1.68000e-02  1.45941e-05  3.13608e-02  3.54170e-02
 -1.68000e-02  1.54049e-05  3.39000e-02  3.82157e-02
 -1.68000e-02  1.62157e-05  3.65416e-02  4.11263e-02
 -1.68000e-02  1.70265e-05  3.92869e-02  4.41502e-02
 -1.68000e-02  1.78372e-05  4.21374e-02  4.72891e-02
 -1.68000e-02  1.86480e-05  4.50945e-02  5.05445e-02
 -1.68000e-02  1.94588e-05  4.81597e-02  5.39182e-02
 -1.68000e-02  2.02696e-05  5.13342e-02  5.74115e-02

 -1.56000e-02  0.00000e+00  9.51182e-04  1.98730e-03
 -1.56000e-02  8.10784e-07  1.75755e-03  3.01692e-03
 -1.56000e-02  1.62157e-06  2.63980e-03  4.12922e-03
 -1.56000e-02  2.43235e-06  3.59933e-03  5.32578e-03
 -1.56000e-02  3.24313e-06  4.63757e-03  6.60817e-03
 -1.56000e-02  4.05392e-06  5.75593e-03  7.97799e-03
 -1.56000e-02  4.86470e-06  6.95583e-03  9.43680e-03
 -1.56000e-02  5.67549e-06  8.23868e-03  1.09862e-02
 -1.56000e-02  6.48627e-06  9.60590e-03  1.26278e-02
 -1.56000e-02  7.29705e-06  1.10589e-02  1.43631e-02
 -1.56000e-02  8.10784e-06  1.25991e-02  1.61937e-02
 -1.56000e-02  8.91862e-06  1.42279e-02  1.81213e-02
 -1.56000e-02  9.72940e-06  1.59467e-02  2.01474e-02
 -1.56000e-02  1.05402e-05  1.77570e-02  2.22735e-02
 -1.56000e-02  1.13510e-05  1.96602e-02  2.45013e-02
 -1.56000e-02  1.21618e-05  2.16576e-02  2.68324e-02
 -1.56000e-02  1.29725e-05  2.37507e-02  2.92682e-02
 -1.56000e-02  1.37833e-05  2.59409e-02  3.18105e-02
 -1.56000e-02  1.45941e-05  2.82296e-02  3.44608e-02
 -1.56000e-02  1.54049e-05  3.06183e-02  3.72207e-02
 -1.56000e-02  1.62157e-05  3.31083e-02  4.00917e-02
 -1.56000e-02  1.70265e-05  3.57011e-02  4.30754e-02
 -1.56000e-02  1.78372e-05  3.83981e-02  4.61735e-02
 -1.56000e-02  1.86480e-05  4.12006e-02  4.93874e-02
 -1.56000e-02  1.94588e-05  4.41102e-02  5.27189e-02
 -1.56000e-02  2.02696e-05  4.71282e-02  5.61694e-02

 -1.44000e-02  0.00000e+00  5.10115e-04  1.65641e-03
 -1.44000e-02  8.10784e-07  1.19054e-03  2.65938e-03
 -1.44000e-02  1.62157e-06  1.94583e-03  3.74435e-03
 -1.44000e-02  2.43235e-06  2.77739e-03  4.91291e-03
 -1.44000e-02  3.24313e-06  3.68663e-03  6.16663e-03
 -1.44000e-02  4.05392e-06  4.67498e-03  7.50710e-03
 -1.44000e-02  4.86470e-06  5.74385e-03  8.93590e-03
 -1.44000e-02  5.67549e-06  6.89464e-03  1.04546e-02
 -1.44000e-02  6.48627e-06  8.12879e-03  1.20648e-02
 -1.44000e-02  7.29705e-06  9.44770e-03  1.37681e-02
 -1.44000e-02  8.10784e-06  1.08528e-02  1.55661e-02
 -1.44000e-02  8.91862e-06  1.23455e-02  1.74603e-02
 -1.44000e-02  9.72940e-06  1.39272e-02  1.94523e-02
 -1.44000e-02  1.05402e-05  1.55993e-02  2.15437e-02
 -1.44000e-02  1.13510e-05  1.73633e-02  2.37362e-02
 -1.44000e-02  1.21618e-05  1.92205e-02  2.60312e-02
 -1.44000e-02  1.29725e-05  2.11724e-02  2.84303e-02
 -1.44000e-02  1.37833e-05  2.32203e-02  3.09352e-02
 -1.44000e-02  1.45941e-05  2.53658e-02  3.35474e-02
 -1.44000e-02  1.54049e-05  2.76102e-02  3.62685e-02
 -1.44000e-02  1.62157e-05  2.99549e-02  3.91001e-02
 -1.44000e-02  1.70265e-05  3.24014e-02  4.20438e-02
 -1.44000e-02  1.78372e-05  3.49510e-02  4.51011e-02
 -1.44000e-02  1.86480e-05  3.76052e-02  4.82737e-02
 -1.44000e-02  1.94588e-05  4.03655e-02  5.15630e-02
 -1.44000e-02  2.02696e-05  4.32331e-02  5.49708e-02

 -1.32000e-02  0.00000e+00  1.94578e-04  1.36137e-03
 -1.32000e-02  8.10784e-07  7.55323e-04  2.33799e-03
 -1.32000e-02  1.62157e-06  1.38989e-03  3.39592e-03
 -1.32000e-02  2.43235e-06  2.09969e-03  4.53676e-03
 -1.32000e-02  3.24313e-06  2.88614e-03  5.76207e-03
 -1.32000e-02  4.05392e-06  3.75065e-03  7.07345e-03
 -1.32000e-02  4.86470e-06  4.69465e-03  8.47248e-03
 -1.32000e-02  5.67549e-06  5.71954e-03  9.96074e-03
 -1.32000e-02  6.48627e-06  6.82675e-03  1.15398e-02
 -1.32000e-02  7.29705e-06  8.01768e-03  1.32113e-02
 -1.32000e-02  8.10784e-06  9.29376e-03  1.49767e-02
 -1.32000e-02  8.91862e-06  1.06564e-02  1.68377e-02
 -1.32000e-02  9.72940e-06  1.21070e-02  1.87958e-02
 -1.32000e-02  1.05402e-05  1.36470e-02  2.08527e-02
 -1.32000e-02  1.13510e-05  1.52778e-02  2.30099e-02
 -1.32000e-02  1.21618e-05  1.70008e-02  2.52689e-02
 -1.32000e-02  1.29725e-05  1.88175e-02  2.76314e-02
 -1.32000e-02  1.37833e-05  2.07292e-02  3.00990e-02
 -1.32000e-02  1.45941e-05  2.27373e-02  3.26732e-02
 -1.32000e-02  1.54049e-05  2.48434e-02  3.53557e-02
 -1.32000e-02  1.62157e-05  2.70487e-02  3.81479e-02
 -1.32000e-02  1.70265e-05  2.93548e-02  4.10515e-02
 -1.32000e-02  1.78372e-05  3.17629e-02  4.40681e-02
 -1.32000e-02  1.86480e-05  3.42747e-02  4.71992e-02
 -1.32000e-02  1.94588e-05  3.68913e-02  5.04465e-02
 -1.32000e-02  2.02696e-05  3.96144e-02  5.38114e-02

 -1.20000e-02  0.00000e+00 -1.85056e-05  1.10028e-03
 -1.20000e-02  8.10784e-07  4.28487e-04  2.05078e-03
 -1.20000e-02  1.62157e-06  9.48245e-04  3.08189e-03
 -1.20000e-02  2.43235e-06  1.54218e-03  4.19521e-03
 -1.20000e-02  3.24313e-06  2.21172e-03  5.39231e-03
 -1.20000e-02  4.05392e-06  2.95826e-03  6.67477e-03
 -1.20000e-02  4.86470e-06  3.78323e-03  8.04418e-03
 -1.20000e-02  5.67549e-06  4.68804e-03  9.50211e-03
 -1.20000e-02  6.48627e-06  5.67411e-03  1.10502e-02
 -1.20000e-02  7.29705e-06  6.74285e-03  1.26899e-02
 -1.20000e-02  8.10784e-06  7.89568e-03  1.44229e-02
 -1.20000e-02  8.91862e-06  9.13401e-03  1.62508e-02
 -1.20000e-02  9.72940e-06  1.04593e-02  1.81751e-02
 -1.20000e-02  1.05402e-05  1.18728e-02  2.01975e-02
 -1.20000e-02  1.13510e-05  1.33762e-02  2.23194e-02
 -1.20000e-02  1.21618e-05  1.49707e-02  2.45426e-02
 -1.20000e-02  1.29725e-05  1.66578e-02  2.68685e-02
 -1.20000e-02  1.37833e-05  1.84388e-02  2.92987e-02
 -1.20000e-02  1.45941e-05  2.03153e-02  3.18349e-02
 -1.20000e-02  1.54049e-05  2.22886e-02  3.44786e-02
 -1.20000e-02  1.62157e-05  2.43602e-02  3.72315e-02
 -1.20000e-02  1.70265e-05  2.65314e-02  4.00950e-02
 -1.20000e-02  1.78372e-05  2.88036e-02  4.30707e-02
 -1.20000e-02  1.86480e-05  3.11784e-02  4.61603e-02
 -1.20000e-02  1.94588e-05  3.36571e-02  4.93654e-02
 -1.20000e-02  2.02696e-05  3.62411e-02  5.26874e-02

 -1.08000e-02  0.00000e+00 -1.49587e-04  8.71374e-04
 -1.08000e-02  8.10784e-07  1.89280e-04  1.79591e-03
 -1.08000e-02  1.62157e-06  5.99839e-04  2.80035e-03
 -1.08000e-02  2.43235e-06  1.08351e-03  3.88628e-03
 -1.08000e-02  3.24313e-06  1.64169e-03  5.05527e-03
 -1.08000e-02  4.05392e-06  2.27582e-03  6.30891e-03
 -1.08000e-02  4.86470e-06  2.98730e-03  7.64879e-03
 -1.08000e-02  5.67549e-06  3.77755e-03  9.07648e-03
 -1.08000e-02  6.48627e-06  4.64798e-03  1.05936e-02
 -1.08000e-02  7.29705e-06  5.60001e-03  1.22016e-02
 -1.08000e-02  8.10784e-06  6.63506e-03  1.39023e-02
 -1.08000e-02  8.91862e-06  7.75453e-03  1.56970e-02
 -1.08000e-02  9.72940e-06  8.95985e-03  1.75875e-02
 -1.08000e-02  1.05402e-05  1.02524e-02  1.95754e-02
 -1.08000e-02  1.13510e-05  1.16337e-02  2.16621e-02
 -1.08000e-02  1.21618e-05  1.31050e-02  2.38492e-02
 -1.08000e-02  1.29725e-05  1.46679e-02  2.61385e-02
 -1.08000e-02  1.37833e-05  1.63237e-02  2.85313e-02
 -1.08000e-02  1.45941e-05  1.80738e-02  3.10294e-02
 -1.08000e-02  1.54049e-05  1.99196e-02  3.36343e-02
 -1.08000e-02  1.62157e-05  2.18627e-02  3.63476e-02
 -1.08000e-02  1.70265e-05  2.39043e-02  3.91709e-02
 -1.08000e-02  1.78372e-05  2.60459e-02  4.21057e-02
 -1.08000e-02  1.86480e-05  2.82889e-02  4.51536e-02
 -1.08000e-02  1.94588e-05  3.06348e-02  4.83163e-02
 -1.08000e-02  2.02696e-05  3.30849e-02  5.15952e-02

 -9.60000e-03  0.00000e+00 -2.16728e-04  6.72969e-04
 -9.60000e-03  8.10784e-07  1.93484e-05  1.57164e-03
 -9.60000e-03  1.62157e-06  3.26026e-04  2.54949e-03
 -9.60000e-03  2.43235e-06  7.04719e-04  3.60809e-03
 -9.60000e-03  3.24313e-06  1.15684e-03  4.74903e-03
 -9.60000e-03  4.05392e-06  1.68381e-03  5.97389e-03
 -9.60000e-03  4.86470e-06  2.28705e-03  7.28426e-03
 -9.60000e-03  5.67549e-06  2.96796e-03  8.68172e-03
 -9.60000e-03  6.48627e-06  3.72796e-03  1.01678e-02
 -9.60000e-03  7.29705e-06  4.56847e-03  1.17442e-02
 -9.60000e-03  8.10784e-06  5.49090e-03  1.34124e-02
 -9.60000e-03  8.91862e-06  6.49667e-03  1.51740e-02
 -9.60000e-03  9.72940e-06  7.58720e-03  1.70307e-02
 -9.60000e-03  1.05402e-05  8.76390e-03  1.89839e-02
 -9.60000e-03  1.13510e-05  1.00282e-02  2.10352e-02
 -9.60000e-03  1.21618e-05  1.13815e-02  2.31863e-02
 -9.60000e-03  1.29725e-05  1.28251e-02  2.54388e-02
 -9.60000e-03  1.37833e-05  1.43607e-02  2.77941e-02
 -9.60000e-03  1.45941e-05  1.59894e-02  3.02540e-02
 -9.60000e-03  1.54049e-05  1.77129e-02  3.28199e-02
 -9.60000e-03  1.62157e-05  1.95324e-02  3.54934e-02
 -9.60000e-03  1.70265e-05  2.14494e-02  3.82763e-02
 -9.60000e-03  1.78372e-05  2.34653e-02  4.11699e-02
 -9.60000e-03  1.86480e-05  2.55815e-02  4.41759e-02
 -9.60000e-03  1.94588e-05  2.77995e-02  4.72959e-02
 -9.60000e-03  2.02696e-05  3.01206e-02  5.05315e-02

 -8.40000e-03  0.00000e+00 -2.35833e-04  5.03453e-04
 -8.40000e-03  8.10784e-07 -9.74865e-05  1.37630e-03
 -8.40000e-03  1.62157e-06  1.10350e-04  2.32758e-03
 -8.40000e-03  2.43235e-06  3.89094e-04  3.35887e-03
 -8.40000e-03  3.24313e-06  7.40159e-04  4.47176e-03
 -8.40000e-03  4.05392e-06  1.16496e-03  5.66783e-03
 -8.40000e-03  4.86470e-06  1.66492e-03  6.94866e-03
 -8.40000e-03  5.67549e-06  2.24144e-03  8.31583e-03
 -8.40000e-03  6.48627e-06  2.89594e-03  9.77093e-03
 -8.40000e-03  7.29705e-06  3.62985e-03  1.13155e-02
 -8.40000e-03  8.10784e-06  4.44457e-03  1.29512e-02
 -8.40000e-03  8.91862e-06  5.34151e-03  1.46796e-02
 -8.40000e-03  9.72940e-06  6.32210e-03  1.65022e-02
 -8.40000e-03  1.05402e-05  7.38776e-03  1.84207e-02
 -8.40000e-03  1.13510e-05  8.53988e-03  2.04365e-02
 -8.40000e-03  1.21618e-05  9.77990e-03  2.25514e-02
 -8.40000e-03  1.29725e-05  1.11092e-02  2.47669e-02
 -8.40000e-03  1.37833e-05  1.25293e-02  2.70845e-02
 -8.40000e-03  1.45941e-05  1.40414e-02  2.95059e-02
 -8.40000e-03  1.54049e-05  1.56472e-02  3.20326e-02
 -8.40000e-03  1.62157e-05  1.73479e-02  3.46662e-02
 -8.40000e-03  1.70265e-05  1.91450e-02  3.74084e-02
 -8.40000e-03  1.78372e-05  2.10398e-02  4.02606e-02
 -8.40000e-03  1.86480e-05  2.30339e-02  4.32244e-02
 -8.40000e-03  1.94588e-05  2.51287e-02  4.63015e-02
 -8.40000e-03  2.02696e-05  2.73254e-02  4.94935e-02

 -7.20000e-03  0.00000e+00 -2.20856e-04  3.61276e-04
 -7.20000e-03  8.10784e-07 -1.75440e-04  1.20830e-03
 -7.20000e-03  1.62157e-06 -6.16616e-05  2.13300e-03
 -7.20000e-03  2.43235e-06  1.21896e-04  3.13695e-03
 -7.20000e-03  3.24313e-06  3.76648e-04  4.22174e-03
 -7.20000e-03  4.05392e-06  7.04009e-04  5.38895e-03
 -7.20000e-03  4.86470e-06  1.10539e-03  6.64016e-03
 -7.20000e-03  5.67549e-06  1.58222e-03  7.97696e-03
 -7.20000e-03  6.48627e-06  2.13590e-03  9.40093e-03
 -7.20000e-03  7.29705e-06  2.76786e-03  1.09136e-02
 -7.20000e-03  8.10784e-06  3.47949e-03  1.25167e-02
 -7.20000e-03  8.91862e-06  4.27223e-03  1.42117e-02
 -7.20000e-03  9.72940e-06  5.14749e-03  1.60001e-02
 -7.20000e-03  1.05402e-05  6.10668e-03  1.78837e-02
 -7.20000e-03  1.13510e-05  7.15122e-03  1.98639e-02
 -7.20000e-03  1.21618e-05  8.28252e-03  2.19423e-02
 -7.20000e-03  1.29725e-05  9.50199e-03  2.41206e-02
 -7.20000e-03  1.37833e-05  1.08111e-02  2.64003e-02
 -7.20000e-03  1.45941e-05  1.22111e-02  2.87829e-02
 -7.20000e-03  1.54049e-05  1.37037e-02  3.12702e-02
 -7.20000e-03  1.62157e-05  1.52900e-02  3.38636e-02
 -7.20000e-03  1.70265e-05  1.69716e-02  3.65647e-02
 -7.20000e-03  1.78372e-05  1.87499e-02  3.93752e-02
 -7.20000e-03  1.86480e-05  2.06262e-02  4.22965e-02
 -7.20000e-03  1.94588e-05  2.26021e-02  4.53304e-02
 -7.20000e-03  2.02696e-05  2.46788e-02  4.84783e-02

 -6.00000e-03  0.00000e+00 -1.84011e-04  2.44934e-04
 -6.00000e-03  8.10784e-07 -2.26970e-04  1.06609e-03
 -6.00000e-03  1.62157e-06 -2.02712e-04  1.96415e-03
 -6.00000e-03  2.43235e-06 -1.09820e-04  2.94070e-03
 -6.00000e-03  3.24313e-06  5.31194e-05  3.99730e-03
 -6.00000e-03  4.05392e-06  2.87523e-04  5.13556e-03
 -6.00000e-03  4.86470e-06  5.94805e-04  6.35705e-03
 -6.00000e-03  5.67549e-06  9.76382e-04  7.66335e-03
 -6.00000e-03  6.48627e-06  1.43367e-03  9.05605e-03
 -6.00000e-03  7.29705e-06  1.96808e-03  1.05367e-02
 -6.00000e-03  8.10784e-06  2.58103e-03  1.21070e-02
 -6.00000e-03  8.91862e-06  3.27394e-03  1.37683e-02
 -6.00000e-03  9.72940e-06  4.04822e-03  1.55224e-02
 -6.00000e-03  1.05402e-05  4.90528e-03  1.73708e-02
 -6.00000e-03  1.13510e-05  5.84655e-03  1.93151e-02
 -6.00000e-03  1.21618e-05  6.87343e-03  2.13569e-02
 -6.00000e-03  1.29725e-05  7.98735e-03  2.34977e-02
 -6.00000e-03  1.37833e-05  9.18971e-03  2.57392e-02
 -6.00000e-03  1.45941e-05  1.04819e-02  2.80829e-02
 -6.00000e-03  1.54049e-05  1.18654e-02  3.05304e-02
 -6.00000e-03  1.62157e-05  1.33416e-02  3.30832e-02
 -6.00000e-03  1.70265e-05  1.49120e-02  3.57431e-02
 -6.00000e-03  1.78372e-05  1.65778e-02  3.85114e-02
 -6.00000e-03  1.86480e-05  1.83406e-02  4.13899e-02
 -6.00000e-03  1.94588e-05  2.02017e-02  4.43802e-02
 -6.00000e-03  2.02696e-05  2.21626e-02  4.74837e-02

 -4.80000e-03  0.00000e+00 -1.35957e-04  1.52958e-04
 -4.80000e-03  8.10784e-07 -2.62963e-04  9.48187e-04
 -4.80000e-03  1.62157e-06 -3.23915e-04  1.81953e-03
 -4.80000e-03  2.43235e-06 -3.17399e-04  2.76857e-03
 -4.80000e-03  3.24313e-06 -2.41998e-04  3.79689e-03
 -4.80000e-03  4.05392e-06 -9.62978e-05  4.90607e-03
 -4.80000e-03  4.86470e-06  1.21118e-04  6.09769e-03
 -4.80000e-03  5.67549e-06  4.11663e-04  7.37334e-03
 -4.80000e-03  6.48627e-06  7.76755e-04  8.73460e-03
 -4.80000e-03  7.29705e-06  1.21781e-03  1.01831e-02
 -4.80000e-03  8.10784e-06  1.73624e-03  1.17203e-02
 -4.80000e-03  8.91862e-06  2.33346e-03  1.33479e-02
 -4.80000e-03  9.72940e-06  3.01088e-03  1.50674e-02
 -4.80000e-03  1.05402e-05  3.76994e-03  1.68804e-02
 -4.80000e-03  1.13510e-05  4.61202e-03  1.87885e-02
 -4.80000e-03  1.21618e-05  5.53856e-03  2.07934e-02
 -4.80000e-03  1.29725e-05  6.55097e-03  2.28965e-02
 -4.80000e-03  1.37833e-05  7.65067e-03  2.50994e-02
 -4.80000e-03  1.45941e-05  8.83906e-03  2.74038e-02
 -4.80000e-03  1.54049e-05  1.01176e-02  2.98112e-02
 -4.80000e-03  1.62157e-05  1.14876e-02  3.23232e-02
 -4.80000e-03  1.70265e-05  1.29506e-02  3.49413e-02
 -4.80000e-03  1.78372e-05  1.45079e-02  3.76673e-02
 -4.80000e-03  1.86480e-05  1.61610e-02  4.05025e-02
 -4.80000e-03  1.94588e-05  1.79114e-02  4.34487e-02
 -4.80000e-03  2.02696e-05  1.97603e-02  4.65074e-02

 -3.60000e-03  0.00000e+00 -8.59745e-05  8.39034e-05
 -3.60000e-03  8.10784e-07 -2.92913e-04  8.53118e-04
 -3.60000e-03  1.62157e-06 -4.34980e-04  1.69765e-03
 -3.60000e-03  2.43235e-06 -5.10760e-04  2.61907e-03
 -3.60000e-03  3.24313e-06 -5.18838e-04  3.61897e-03
 -3.60000e-03  4.05392e-06 -4.57799e-04  4.69893e-03
 -3.60000e-03  4.86470e-06 -3.26226e-04  5.86054e-03
 -3.60000e-03  5.67549e-06 -1.22706e-04  7.10537e-03
 -3.60000e-03  6.48627e-06  1.54178e-04  8.43500e-03
 -3.60000e-03  7.29705e-06  5.05841e-04  9.85103e-03
 -3.60000e-03  8.10784e-06  9.33698e-04  1.13550e-02
 -3.60000e-03  8.91862e-06  1.43917e-03  1.29486e-02
 -3.60000e-03  9.72940e-06  2.02366e-03  1.46333e-02
 -3.60000e-03  1.05402e-05  2.68859e-03  1.64107e-02
 -3.60000e-03  1.13510e-05  3.43538e-03  1.82824e-02
 -3.60000e-03  1.21618e-05  4.26543e-03  2.02500e-02
 -3.60000e-03  1.29725e-05  5.18018e-03  2.23150e-02
 -3.60000e-03  1.37833e-05  6.18103e-03  2.44792e-02
 -3.60000e-03  1.45941e-05  7.26939e-03  2.67439e-02
 -3.60000e-03  1.54049e-05  8.44668e-03  2.91108e-02
 -3.60000e-03  1.62157e-05  9.71433e-03  3.15816e-02
 -3.60000e-03  1.70265e-05  1.10737e-02  3.41577e-02
 -3.60000e-03  1.78372e-05  1.25263e-02  3.68408e-02
 -3.60000e-03  1.86480e-05  1.40735e-02  3.96324e-02
 -3.60000e-03  1.94588e-05  1.57167e-02  4.25342e-02
 -3.60000e-03  2.02696e-05  1.74573e-02  4.55477e-02

 -2.40000e-03  0.00000e+00 -4.21345e-05  3.63407e-05
 -2.40000e-03  8.10784e-07 -3.25088e-04  7.79449e-04
 -2.40000e-03  1.62157e-06 -5.44370e-04  1.59705e-03
 -2.40000e-03  2.43235e-06 -6.98565e-04  2.49074e-03
 -2.40000e-03  3.24313e-06 -7.86259e-04  3.46209e-03
 -2.40000e-03  4.05392e-06 -8.06036e-04  4.51268e-03
 -2.40000e-03  4.86470e-06 -7.56480e-04  5.64410e-03
 -2.40000e-03  5.67549e-06 -6.36176e-04  6.85792e-03
 -2.40000e-03  6.48627e-06 -4.43709e-04  8.15574e-03
 -2.40000e-03  7.29705e-06 -1.77663e-04  9.53913e-03
 -2.40000e-03  8.10784e-06  1.63376e-04  1.10097e-02
 -2.40000e-03  8.91862e-06  5.80825e-04  1.25690e-02
 -2.40000e-03  9.72940e-06  1.07610e-03  1.42186e-02
 -2.40000e-03  1.05402e-05  1.65061e-03  1.59601e-02
 -2.40000e-03  1.13510e-05  2.30578e-03  1.77951e-02
 -2.40000e-03  1.21618e-05  3.04302e-03  1.97252e-02
 -2.40000e-03  1.29725e-05  3.86374e-03  2.17519e-02
 -2.40000e-03  1.37833e-05  4.76937e-03  2.38768e-02
 -2.40000e-03  1.45941e-05  5.76131e-03  2.61016e-02
 -2.40000e-03  1.54049e-05  6.84099e-03  2.84278e-02
 -2.40000e-03  1.62157e-05  8.00981e-03  3.08569e-02
 -2.40000e-03  1.70265e-05  9.26919e-03  3.33906e-02
 -2.40000e-03  1.78372e-05  1.06206e-02  3.60305e-02
 -2.40000e-03  1.86480e-05  1.20653e-02  3.87780e-02
 -2.40000e-03  1.94588e-05  1.36049e-02  4.16349e-02
 -2.40000e-03  2.02696e-05  1.52407e-02  4.46027e-02

 -1.20000e-03  0.00000e+00 -1.14465e-05  8.84728e-06
 -1.20000e-03  8.10784e-07 -3.66678e-04  7.25755e-04
 -1.20000e-03  1.62157e-06 -6.59457e-04  1.51633e-03
 -1.20000e-03  2.43235e-06 -8.88369e-04  2.38215e-03
 -1.20000e-03  3.24313e-06 -1.05200e-03  3.32481e-03
 -1.20000e-03  4.05392e-06 -1.14893e-03  4.34588e-03
 -1.20000e-03  4.86470e-06 -1.17774e-03  5.44694e-03
 -1.20000e-03  5.67549e-06 -1.13703e-03  6.62959e-03
 -1.20000e-03  6.48627e-06 -1.02537e-03  7.89540e-03
 -1.20000e-03  7.29705e-06 -8.41349e-04  9.24595e-03
 -1.20000e-03  8.10784e-06 -5.83555e-04  1.06828e-02
 -1.20000e-03  8.91862e-06 -2.50570e-04  1.22076e-02
 -1.20000e-03  9.72940e-06  1.59020e-04  1.38219e-02
 -1.20000e-03  1.05402e-05  6.46633e-04  1.55272e-02
 -1.20000e-03  1.13510e-05  1.21368e-03  1.73252e-02
 -1.20000e-03  1.21618e-05  1.86158e-03  1.92175e-02
 -1.20000e-03  1.29725e-05  2.59175e-03  2.12055e-02
 -1.20000e-03  1.37833e-05  3.40560e-03  2.32910e-02
 -1.20000e-03  1.45941e-05  4.30455e-03  2.54755e-02
 -1.20000e-03  1.54049e-05  5.29001e-03  2.77605e-02
 -1.20000e-03  1.62157e-05  6.36340e-03  3.01476e-02
 -1.20000e-03  1.70265e-05  7.52614e-03  3.26385e-02
 -1.20000e-03  1.78372e-05  8.77963e-03  3.52348e-02
 -1.20000e-03  1.86480e-05  1.01253e-02  3.79379e-02
 -1.20000e-03  1.94588e-05  1.15646e-02  4.07495e-02
 -1.20000e-03  2.02696e-05  1.30988e-02  4.36711e-02

  0.00000e+00  0.00000e+00  0.00000e+00  0.00000e+00
  0.00000e+00  8.10784e-07 -4.23940e-04  6.90621e-04
  0.00000e+00  1.62157e-06 -7.86664e-04  1.45407e-03
  0.00000e+00  2.43235e-06 -1.08676e-03  2.29191e-03
  0.00000e+00  3.24313e-06 -1.32280e-03  3.20575e-03
  0.00000e+00  4.05392e-06 -1.49339e-03  4.19715e-03
  0.00000e+00  4.86470e-06 -1.59709e-03  5.26771e-03
  0.00000e+00  5.67549e-06 -1.63251e-03  6.41900e-03
  0.00000e+00  6.48627e-06 -1.59822e-03  7.65261e-03
  0.00000e+00  7.29705e-06 -1.49280e-03  8.97012e-03
  0.00000e+00  8.10784e-06 -1.31484e-03  1.03731e-02
  0.00000e+00  8.91862e-06 -1.06293e-03  1.18632e-02
  0.00000e+00  9.72940e-06 -7.35655e-04  1.34419e-02
  0.00000e+00  1.05402e-05 -3.31592e-04  1.51108e-02
  0.00000e+00  1.13510e-05  1.50671e-04  1.68715e-02
  0.00000e+00  1.21618e-05  7.12550e-04  1.87256e-02
  0.00000e+00  1.29725e-05  1.35546e-03  2.06747e-02
  0.00000e+00  1.37833e-05  2.08081e-03  2.27204e-02
  0.00000e+00  1.45941e-05  2.89003e-03  2.48642e-02
  0.00000e+00  1.54049e-05  3.78452e-03  2.71077e-02
  0.00000e+00  1.62157e-05  4.76571e-03  2.94526e-02
  0.00000e+00  1.70265e-05  5.83500e-03  3.19003e-02
  0.00000e+00  1.78372e-05  6.99382e-03  3.44525e-02
  0.00000e+00  1.86480e-05  8.24357e-03  3.71107e-02
  0.00000e+00  1.94588e-05  9.58568e-03  3.98766e-02
  0.00000e+00  2.02696e-05  1.10216e-02  4.27517e-02

  1.20000e-03  0.00000e+00 -1.30916e-05  8.36926e-06
  1.20000e-03  8.10784e-07 -5.02320e-04  6.72637e-04
  1.20000e-03  1.62157e-06 -9.31587e-04  1.40887e-03
  1.20000e-03  2.43235e-06 -1.29948e-03  2.21864e-03
  1.20000e-03  3.24313e-06 -1.60458e-03  3.10355e-03
  1.20000e-03  4.05392e-06 -1.84547e-03  4.06516e-03
  1.20000e-03  4.86470e-06 -2.02074e-03  5.10507e-03
  1.20000e-03  5.67549e-06 -2.12897e-03  6.22485e-03
  1.20000e-03  6.48627e-06 -2.16875e-03  7.42609e-03
  1.20000e-03  7.29705e-06 -2.13866e-03  8.71037e-03
  1.20000e-03  8.10784e-06 -2.03729e-03  1.00793e-02
  1.20000e-03  8.91862e-06 -1.86322e-03  1.15344e-02
  1.20000e-03  9.72940e-06 -1.61503e-03  1.30773e-02
  1.20000e-03  1.05402e-05 -1.29131e-03  1.47095e-02
  1.20000e-03  1.13510e-05 -8.90651e-04  1.64327e-02
  1.20000e-03  1.21618e-05 -4.11629e-04  1.82485e-02
  1.20000e-03  1.29725e-05  1.47169e-04  2.01583e-02
  1.20000e-03  1.37833e-05  7.87158e-04  2.21639e-02
  1.20000e-03  1.45941e-05  1.50975e-03  2.42668e-02
  1.20000e-03  1.54049e-05  2.31637e-03  2.64685e-02
  1.20000e-03  1.62157e-05  3.20842e-03  2.87706e-02
  1.20000e-03  1.70265e-05  4.18733e-03  3.11748e-02
  1.20000e-03  1.78372e-05  5.25451e-03  3.36826e-02
  1.20000e-03  1.86480e-05  6.41136e-03  3.62956e-02
  1.20000e-03  1.94588e-05  7.65932e-03  3.90153e-02
  1.20000e-03  2.02696e-05  8.99979e-03  4.18434e-02

  2.40000e-03  0.00000e+00 -5.53397e-05  3.25143e-05
  2.40000e-03  8.10784e-07 -6.06571e-04  6.70386e-04
  2.40000e-03  1.62157e-06 -1.09911e-03  1.37935e-03
  2.40000e-03  2.43235e-06 -1.53155e-03  2.16098e-03
  2.40000e-03  3.24313e-06 -1.90247e-03  3.01687e-03
  2.40000e-03  4.05392e-06 -2.21046e-03  3.94859e-03
  2.40000e-03  4.86470e-06 -2.45410e-03  4.95773e-03
  2.40000e-03  5.67549e-06 -2.63197e-03  6.04588e-03
  2.40000e-03  6.48627e-06 -2.74267e-03  7.21460e-03
  2.40000e-03  7.29705e-06 -2.78476e-03  8.46550e-03
  2.40000e-03  8.10784e-06 -2.75685e-03  9.80014e-03
  2.40000e-03  8.91862e-06 -2.65751e-03  1.12201e-02
  2.40000e-03  9.72940e-06 -2.48533e-03  1.27270e-02
  2.40000e-03  1.05402e-05 -2.23890e-03  1.43224e-02
  2.40000e-03  1.13510e-05 -1.91679e-03  1.60078e-02
  2.40000e-03  1.21618e-05 -1.51759e-03  1.77850e-02
  2.40000e-03  1.29725e-05 -1.03989e-03  1.96553e-02
  2.40000e-03  1.37833e-05 -4.82275e-04  2.16205e-02
  2.40000e-03  1.45941e-05  1.56676e-04  2.36821e-02
  2.40000e-03  1.54049e-05  8.78375e-04  2.58417e-02
  2.40000e-03  1.62157e-05  1.68424e-03  2.81008e-02
  2.40000e-03  1.70265e-05  2.57568e-03  3.04611e-02
  2.40000e-03  1.78372e-05  3.55412e-03  3.29242e-02
  2.40000e-03  1.86480e-05  4.62097e-03  3.54915e-02
  2.40000e-03  1.94588e-05  5.77764e-03  3.81648e-02
  2.40000e-03  2.02696e-05  7.02555e-03  4.09456e-02

  3.60000e-03  0.00000e+00 -1.30786e-04  7.09794e-05
  3.60000e-03  8.10784e-07 -7.40853e-04  6.82449e-04
  3.60000e-03  1.62157e-06 -1.29352e-03  1.36412e-03
  3.60000e-03  2.43235e-06 -1.78738e-03  2.11757e-03
  3.60000e-03  3.24313e-06 -2.22101e-03  2.94439e-03
  3.60000e-03  4.05392e-06 -2.59300e-03  3.84616e-03
  3.60000e-03  4.86470e-06 -2.90193e-03  4.82446e-03
  3.60000e-03  5.67549e-06 -3.14639e-03  5.88087e-03
  3.60000e-03  6.48627e-06 -3.32496e-03  7.01698e-03
  3.60000e-03  7.29705e-06 -3.43622e-03  8.23436e-03
  3.60000e-03  8.10784e-06 -3.47877e-03  9.53461e-03
  3.60000e-03  8.91862e-06 -3.45118e-03  1.09193e-02
  3.60000e-03  9.72940e-06 -3.35204e-03  1.23900e-02
  3.60000e-03  1.05402e-05 -3.17993e-03  1.39483e-02
  3.60000e-03  1.13510e-05 -2.93344e-03  1.55958e-02
  3.60000e-03  1.21618e-05 -2.61116e-03  1.73341e-02
  3.60000e-03  1.29725e-05 -2.21167e-03  1.91647e-02
  3.60000e-03  1.37833e-05 -1.73355e-03  2.10893e-02
  3.60000e-03  1.45941e-05 -1.17538e-03  2.31094e-02
  3.60000e-03  1.54049e-05 -5.35763e-04  2.52266e-02
  3.60000e-03  1.62157e-05  1.86730e-04  2.74425e-02
  3.60000e-03  1.70265e-05  9.93511e-04  2.97586e-02
  3.60000e-03  1.78372e-05  1.88600e-03  3.21766e-02
  3.60000e-03  1.86480e-05  2.86560e-03  3.46980e-02
  3.60000e-03  1.94588e-05  3.93374e-03  3.73245e-02
  3.60000e-03  2.02696e-05  5.09182e-03  4.00575e-02

  4.80000e-03  0.00000e+00 -2.42987e-04  1.22291e-04
  4.80000e-03  8.10784e-07 -9.08827e-04  7.07396e-04
  4.80000e-03  1.62157e-06 -1.51858e-03  1.36180e-03
  4.80000e-03  2.43235e-06 -2.07083e-03  2.08708e-03
  4.80000e-03  3.24313e-06 -2.56416e-03  2.88483e-03
  4.80000e-03  4.05392e-06 -2.99716e-03  3.75662e-03
  4.80000e-03  4.86470e-06 -3.36841e-03  4.70404e-03
  4.80000e-03  5.67549e-06 -3.67650e-03  5.72867e-03
  4.80000e-03  6.48627e-06 -3.92000e-03  6.83209e-03
  4.80000e-03  7.29705e-06 -4.09752e-03  8.01589e-03
  4.80000e-03  8.10784e-06 -4.20762e-03  9.28164e-03
  4.80000e-03  8.91862e-06 -4.24890e-03  1.06309e-02
  4.80000e-03  9.72940e-06 -4.21993e-03  1.20654e-02
  4.80000e-03  1.05402e-05 -4.11931e-03  1.35865e-02
  4.80000e-03  1.13510e-05 -3.94562e-03  1.51959e-02
  4.80000e-03  1.21618e-05 -3.69744e-03  1.68952e-02
  4.80000e-03  1.29725e-05 -3.37337e-03  1.86859e-02
  4.80000e-03  1.37833e-05 -2.97197e-03  2.05696e-02
  4.80000e-03  1.45941e-05 -2.49184e-03  2.25480e-02
  4.80000e-03  1.54049e-05 -1.93156e-03  2.46226e-02
  4.80000e-03  1.62157e-05 -1.28972e-03  2.67950e-02
  4.80000e-03  1.70265e-05 -5.64901e-04  2.90667e-02
  4.80000e-03  1.78372e-05  2.44313e-04  3.14394e-02
  4.80000e-03  1.86480e-05  1.13934e-03  3.39145e-02
  4.80000e-03  1.94588e-05  2.12158e-03  3.64939e-02
  4.80000e-03  2.02696e-05  3.19247e-03  3.91789e-02

  6.00000e-03  0.00000e+00 -3.95090e-04  1.84959e-04
  6.00000e-03  8.10784e-07 -1.11373e-03  7.43788e-04
  6.00000e-03  1.62157e-06 -1.77760e-03  1.37100e-03
  6.00000e-03  2.43235e-06 -2.38531e-03  2.06817e-03
  6.00000e-03  3.24313e-06 -2.93542e-03  2.83689e-03
  6.00000e-03  4.05392e-06 -3.42652e-03  3.67874e-03
  6.00000e-03  4.86470e-06 -3.85721e-03  4.59530e-03
  6.00000e-03  5.67549e-06 -4.22606e-03  5.58815e-03
  6.00000e-03  6.48627e-06 -4.53166e-03  6.65887e-03
  6.00000e-03  7.29705e-06 -4.77259e-03  7.80906e-03
  6.00000e-03  8.10784e-06 -4.94744e-03  9.04028e-03
  6.00000e-03  8.91862e-06 -5.05479e-03  1.03541e-02
  6.00000e-03  9.72940e-06 -5.09322e-03  1.17522e-02
  6.00000e-03  1.05402e-05 -5.06133e-03  1.32360e-02
  6.00000e-03  1.13510e-05 -4.95770e-03  1.48072e-02
  6.00000e-03  1.21618e-05 -4.78090e-03  1.64674e-02
  6.00000e-03  1.29725e-05 -4.52954e-03  1.82181e-02
  6.00000e-03  1.37833e-05 -4.20218e-03  2.00609e-02
  6.00000e-03  1.45941e-05 -3.79741e-03  2.19974e-02
  6.00000e-03  1.54049e-05 -3.31383e-03  2.40292e-02
  6.00000e-03  1.62157e-05 -2.75001e-03  2.61578e-02
  6.00000e-03  1.70265e-05 -2.10454e-03  2.83849e-02
  6.00000e-03  1.78372e-05 -1.37601e-03  3.07121e-02
  6.00000e-03  1.86480e-05 -5.62987e-04  3.31408e-02
  6.00000e-03  1.94588e-05  3.35929e-04  3.56728e-02
  6.00000e-03  2.02696e-05  1.32216e-03  3.83095e-02

  7.20000e-03  0.00000e+00 -5.89895e-04  2.57471e-04
  7.20000e-03  8.10784e-07 -1.35843e-03  7.90176e-04
  7.20000e-03  1.62157e-06 -2.07354e-03  1.39033e-03
  7.20000e-03  2.43235e-06 -2.73383e-03  2.05952e-03
  7.20000e-03  3.24313e-06 -3.33787e-03  2.79932e-03
  7.20000e-03  4.05392e-06 -3.88426e-03  3.61131e-03
  7.20000e-03  4.86470e-06 -4.37156e-03  4.49709e-03
  7.20000e-03  5.67549e-06 -4.79838e-03  5.45823e-03
  7.20000e-03  6.48627e-06 -5.16329e-03  6.49631e-03
  7.20000e-03  7.29705e-06 -5.46488e-03  7.61291e-03
  7.20000e-03  8.10784e-06 -5.70174e-03  8.80963e-03
  7.20000e-03  8.91862e-06 -5.87244e-03  1.00880e-02
  7.20000e-03  9.72940e-06 -5.97557e-03  1.14497e-02
  7.20000e-03  1.05402e-05 -6.00972e-03  1.28962e-02
  7.20000e-03  1.13510e-05 -5.97348e-03  1.44292e-02
  7.20000e-03  1.21618e-05 -5.86542e-03  1.60502e-02
  7.20000e-03  1.29725e-05 -5.68413e-03  1.77608e-02
  7.20000e-03  1.37833e-05 -5.42820e-03  1.95626e-02
  7.20000e-03  1.45941e-05 -5.09621e-03  2.14571e-02
  7.20000e-03  1.54049e-05 -4.68674e-03  2.34460e-02
  7.20000e-03  1.62157e-05 -4.19839e-03  2.55309e-02
  7.20000e-03  1.70265e-05 -3.62973e-03  2.77132e-02
  7.20000e-03  1.78372e-05 -2.97934e-03  2.99946e-02
  7.20000e-03  1.86480e-05 -2.24583e-03  3.23768e-02
  7.20000e-03  1.94588e-05 -1.42776e-03  3.48611e-02
  7.20000e-03  2.02696e-05 -5.23723e-04  3.74494e-02

  8.40000e-03  0.00000e+00 -8.29915e-04  3.38299e-04
  8.40000e-03  8.10784e-07 -1.64549e-03  8.45103e-04
  8.40000e-03  1.62157e-06 -2.40902e-03  1.41841e-03
  8.40000e-03  2.43235e-06 -3.11908e-03  2.05980e-03
  8.40000e-03  3.24313e-06 -3.77426e-03  2.77086e-03
  8.40000e-03  4.05392e-06 -4.37314e-03  3.55317e-03
  8.40000e-03  4.86470e-06 -4.91432e-03  4.40831e-03
  8.40000e-03  5.67549e-06 -5.39636e-03  5.33787e-03
  8.40000e-03  6.48627e-06 -5.81787e-03  6.34343e-03
  8.40000e-03  7.29705e-06 -6.17742e-03  7.42656e-03
  8.40000e-03  8.10784e-06 -6.47359e-03  8.58886e-03
  8.40000e-03  8.91862e-06 -6.70498e-03  9.83190e-03
  8.40000e-03  9.72940e-06 -6.87016e-03  1.11573e-02
  8.40000e-03  1.05402e-05 -6.96773e-03  1.25665e-02
  8.40000e-03  1.13510e-05 -6.99626e-03  1.40613e-02
  8.40000e-03  1.21618e-05 -6.95434e-03  1.56432e-02
  8.40000e-03  1.29725e-05 -6.84056e-03  1.73137e-02
  8.40000e-03  1.37833e-05 -6.65350e-03  1.90744e-02
  8.40000e-03  1.45941e-05 -6.39174e-03  2.09269e-02
  8.40000e-03  1.54049e-05 -6.05388e-03  2.28729e-02
  8.40000e-03  1.62157e-05 -5.63848e-03  2.49139e-02
  8.40000e-03  1.70265e-05 -5.14415e-03  2.70514e-02
  8.40000e-03  1.78372e-05 -4.56945e-03  2.92870e-02
  8.40000e-03  1.86480e-05 -3.91299e-03  3.16224e-02
  8.40000e-03  1.94588e-05 -3.17334e-03  3.40592e-02
  8.40000e-03  2.02696e-05 -2.34908e-03  3.65988e-02

  9.60000e-03  0.00000e+00 -1.11740e-03  4.25898e-04
  9.60000e-03  8.10784e-07 -1.97722e-03  9.07102e-04
  9.60000e-03  1.62157e-06 -2.78637e-03  1.45385e-03
  9.60000e-03  2.43235e-06 -3.54343e-03  2.06772e-03
  9.60000e-03  3.24313e-06 -4.24700e-03  2.75030e-03
  9.60000e-03  4.05392e-06 -4.89565e-03  3.50316e-03
  9.60000e-03  4.86470e-06 -5.48798e-03  4.32790e-03
  9.60000e-03  5.67549e-06 -6.02255e-03  5.22610e-03
  9.60000e-03  6.48627e-06 -6.49797e-03  6.19932e-03
  9.60000e-03  7.29705e-06 -6.91282e-03  7.24917e-03
  9.60000e-03  8.10784e-06 -7.26567e-03  8.37722e-03
  9.60000e-03  8.91862e-06 -7.55512e-03  9.58506e-03
  9.60000e-03  9.72940e-06 -7.77975e-03  1.08743e-02
  9.60000e-03  1.05402e-05 -7.93814e-03  1.22464e-02
  9.60000e-03  1.13510e-05 -8.02888e-03  1.37031e-02
  9.60000e-03  1.21618e-05 -8.05055e-03  1.52459e-02
  9.60000e-03  1.29725e-05 -8.00174e-03  1.68764e-02
  9.60000e-03  1.37833e-05 -7.88103e-03  1.85961e-02
  9.60000e-03  1.45941e-05 -7.68701e-03  2.04068e-02
  9.60000e-03  1.54049e-05 -7.41826e-03  2.23098e-02
  9.60000e-03  1.62157e-05 -7.07337e-03  2.43069e-02
  9.60000e-03  1.70265e-05 -6.65091e-03  2.63996e-02
  9.60000e-03  1.78372e-05 -6.14949e-03  2.85895e-02
  9.60000e-03  1.86480e-05 -5.56767e-03  3.08782e-02
  9.60000e-03  1.94588e-05 -4.90405e-03  3.32672e-02
  9.60000e-03  2.02696e-05 -4.15720e-03  3.57581e-02

  1.08000e-02  0.00000e+00 -1.45440e-03  5.18713e-04
  1.08000e-02  8.10784e-07 -2.35567e-03  9.74706e-04
  1.08000e-02  1.62157e-06 -3.20768e-03  1.49527e-03
  1.08000e-02  2.43235e-06 -4.00900e-03  2.08198e-03
  1.08000e-02  3.24313e-06 -4.75822e-03  2.73642e-03
  1.08000e-02  4.05392e-06 -5.45394e-03  3.46017e-03
  1.08000e-02  4.86470e-06 -6.09472e-03  4.25483e-03
  1.08000e-02  5.67549e-06 -6.67916e-03  5.12196e-03
  1.08000e-02  6.48627e-06 -7.20584e-03  6.06315e-03
  1.08000e-02  7.29705e-06 -7.67334e-03  7.07999e-03
  1.08000e-02  8.10784e-06 -8.08026e-03  8.17405e-03
  1.08000e-02  8.91862e-06 -8.42517e-03  9.34692e-03
  1.08000e-02  9.72940e-06 -8.70665e-03  1.06002e-02
  1.08000e-02  1.05402e-05 -8.92331e-03  1.19354e-02
  1.08000e-02  1.13510e-05 -9.07371e-03  1.33542e-02
  1.08000e-02  1.21618e-05 -9.15644e-03  1.48581e-02
  1.08000e-02  1.29725e-05 -9.17009e-03  1.64488e-02
  1.08000e-02  1.37833e-05 -9.11325e-03  1.81277e-02
  1.08000e-02  1.45941e-05 -8.98449e-03  1.98966e-02
  1.08000e-02  1.54049e-05 -8.78240e-03  2.17569e-02
  1.08000e-02  1.62157e-05 -8.50557e-03  2.37102e-02
  1.08000e-02  1.70265e-05 -8.15259e-03  2.57582e-02
  1.08000e-02  1.78372e-05 -7.72202e-03  2.79024e-02
  1.08000e-02  1.86480e-05 -7.21247e-03  3.01444e-02
  1.08000e-02  1.94588e-05 -6.62251e-03  3.24858e-02
  1.08000e-02  2.02696e-05 -5.95074e-03  3.49281e-02

  1.20000e-02  0.00000e+00 -1.84272e-03  6.15176e-04
  1.20000e-02  8.10784e-07 -2.78268e-03  1.04645e-03
  1.20000e-02  1.62157e-06 -3.67479e-03  1.54129e-03
  1.20000e-02  2.43235e-06 -4.51763e-03  2.10130e-03
  1.20000e-02  3.24313e-06 -5.30980e-03  2.72805e-03
  1.20000e-02  4.05392e-06 -6.04987e-03  3.42312e-03
  1.20000e-02  4.86470e-06 -6.73643e-03  4.18810e-03
  1.20000e-02  5.67549e-06 -7.36806e-03  5.02457e-03
  1.20000e-02  6.48627e-06 -7.94336e-03  5.93411e-03
  1.20000e-02  7.29705e-06 -8.46089e-03  6.91831e-03
  1.20000e-02  8.10784e-06 -8.91926e-03  7.97874e-03
  1.20000e-02  8.91862e-06 -9.31704e-03  9.11699e-03
  1.20000e-02  9.72940e-06 -9.65282e-03  1.03346e-02
  1.20000e-02  1.05402e-05 -9.92518e-03  1.16333e-02
  1.20000e-02  1.13510e-05 -1.01327e-02  1.30145e-02
  1.20000e-02  1.21618e-05 -1.02740e-02  1.44798e-02
  1.20000e-02  1.29725e-05 -1.03476e-02  1.60309e-02
  1.20000e-02  1.37833e-05 -1.03521e-02  1.76693e-02
  1.20000e-02  1.45941e-05 -1.02862e-02  1.93966e-02
  1.20000e-02  1.54049e-05 -1.01483e-02  2.12143e-02
  1.20000e-02  1.62157e-05 -9.93712e-03  2.31242e-02
  1.20000e-02  1.70265e-05 -9.65118e-03  2.51276e-02
  1.20000e-02  1.78372e-05 -9.28910e-03  2.72263e-02
  1.20000e-02  1.86480e-05 -8.84944e-03  2.94218e-02
  1.20000e-02  1.94588e-05 -8.33079e-03  3.17157e-02
  1.20000e-02  2.02696e-05 -7.73174e-03  3.41096e-02

  1.32000e-02  0.00000e+00 -2.28398e-03  7.13722e-04
  1.32000e-02  8.10784e-07 -3.25984e-03  1.12086e-03
  1.32000e-02  1.62157e-06 -4.18929e-03  1.59057e-03
  1.32000e-02  2.43235e-06 -5.07092e-03  2.12444e-03
  1.32000e-02  3.24313e-06 -5.90330e-03  2.72405e-03
  1.32000e-02  4.05392e-06 -6.68502e-03  3.39097e-03
  1.32000e-02  4.86470e-06 -7.41468e-03  4.12680e-03
  1.32000e-02  5.67549e-06 -8.09084e-03  4.93312e-03
  1.32000e-02  6.48627e-06 -8.71209e-03  5.81150e-03
  1.32000e-02  7.29705e-06 -9.27703e-03  6.76353e-03
  1.32000e-02  8.10784e-06 -9.78424e-03  7.79079e-03
  1.32000e-02  8.91862e-06 -1.02323e-02  8.89487e-03
  1.32000e-02  9.72940e-06 -1.06198e-02  1.00773e-02
  1.32000e-02  1.05402e-05 -1.09453e-02  1.13398e-02
  1.32000e-02  1.13510e-05 -1.12074e-02  1.26838e-02
  1.32000e-02  1.21618e-05 -1.14047e-02  1.41110e-02
  1.32000e-02  1.29725e-05 -1.15358e-02  1.56229e-02
  1.32000e-02  1.37833e-05 -1.15992e-02  1.72210e-02
  1.32000e-02  1.45941e-05 -1.15936e-02  1.89071e-02
  1.32000e-02  1.54049e-05 -1.15175e-02  2.06827e-02
  1.32000e-02  1.62157e-05 -1.13695e-02  2.25493e-02
  1.32000e-02  1.70265e-05 -1.11482e-02  2.45086e-02
  1.32000e-02  1.78372e-05 -1.08522e-02  2.65620e-02
  1.32000e-02  1.86480e-05 -1.04800e-02  2.87113e-02
  1.32000e-02  1.94588e-05 -1.00303e-02  3.09580e-02
  1.32000e-02  2.02696e-05 -9.50168e-03  3.33036e-02

  1.44000e-02  0.00000e+00 -2.77957e-03  8.12786e-04
  1.44000e-02  8.10784e-07 -3.78854e-03  1.19650e-03
  1.44000e-02  1.62157e-06 -4.75255e-03  1.64177e-03
  1.44000e-02  2.43235e-06 -5.67020e-03  2.15018e-03
  1.44000e-02  3.24313e-06 -6.54005e-03  2.72331e-03
  1.44000e-02  4.05392e-06 -7.36070e-03  3.36274e-03
  1.44000e-02  4.86470e-06 -8.13073e-03  4.07005e-03
  1.44000e-02  5.67549e-06 -8.84873e-03  4.84683e-03
  1.44000e-02  6.48627e-06 -9.51327e-03  5.69466e-03
  1.44000e-02  7.29705e-06 -1.01230e-02  6.61511e-03
  1.44000e-02  8.10784e-06 -1.06764e-02  7.60979e-03
  1.44000e-02  8.91862e-06 -1.11721e-02  8.68025e-03
  1.44000e-02  9.72940e-06 -1.16087e-02  9.82810e-03
  1.44000e-02  1.05402e-05 -1.19847e-02  1.10549e-02
  1.44000e-02  1.13510e-05 -1.22989e-02  1.23623e-02
  1.44000e-02  1.21618e-05 -1.25496e-02  1.37517e-02
  1.44000e-02  1.29725e-05 -1.27356e-02  1.52249e-02
  1.44000e-02  1.37833e-05 -1.28555e-02  1.67834e-02
  1.44000e-02  1.45941e-05 -1.29077e-02  1.84287e-02
  1.44000e-02  1.54049e-05 -1.28909e-02  2.01625e-02
  1.44000e-02  1.62157e-05 -1.28036e-02  2.19864e-02
  1.44000e-02  1.70265e-05 -1.26445e-02  2.39018e-02
  1.44000e-02  1.78372e-05 -1.24122e-02  2.59105e-02
  1.44000e-02  1.86480e-05 -1.21052e-02  2.80139e-02
  1.44000e-02  1.94588e-05 -1.17220e-02  3.02137e-02
  1.44000e-02  2.02696e-05 -1.12614e-02  3.25115e-02

  1.56000e-02  0.00000e+00 -3.33065e-03  9.10818e-04
  1.56000e-02  8.10784e-07 -4.36989e-03  1.27194e-03
  1.56000e-02  1.62157e-06 -5.36565e-03  1.69359e-03
  1.56000e-02  2.43235e-06 -6.31650e-03  2.17734e-03
  1.56000e-02  3.24313e-06 -7.22104e-03  2.72478e-03
  1.56000e-02  4.05392e-06 -8.07785e-03  3.33748e-03
  1.56000e-02  4.86470e-06 -8.88551e-03  4.01704e-03
  1.56000e-02  5.67549e-06 -9.64262e-03  4.76503e-03
  1.56000e-02  6.48627e-06 -1.03477e-02  5.58303e-03
  1.56000e-02  7.29705e-06 -1.09995e-02  6.47263e-03
  1.56000e-02  8.10784e-06 -1.15964e-02  7.43541e-03
  1.56000e-02  8.91862e-06 -1.21371e-02  8.47296e-03
  1.56000e-02  9.72940e-06 -1.26202e-02  9.58684e-03
  1.56000e-02  1.05402e-05 -1.30442e-02  1.07787e-02
  1.56000e-02  1.13510e-05 -1.34077e-02  1.20500e-02
  1.56000e-02  1.21618e-05 -1.37094e-02  1.34024e-02
  1.56000e-02  1.29725e-05 -1.39478e-02  1.48375e-02
  1.56000e-02  1.37833e-05 -1.41214e-02  1.63568e-02
  1.56000e-02  1.45941e-05 -1.42290e-02  1.79620e-02
  1.56000e-02  1.54049e-05 -1.42689e-02  1.96546e-02
  1.56000e-02  1.62157e-05 -1.42399e-02  2.14362e-02
  1.56000e-02  1.70265e-05 -1.41406e-02  2.33084e-02
  1.56000e-02  1.78372e-05 -1.39694e-02  2.52728e-02
  1.56000e-02  1.86480e-05 -1.37251e-02  2.73309e-02
  1.56000e-02  1.94588e-05 -1.34061e-02  2.94844e-02
  1.56000e-02  2.02696e-05 -1.30111e-02  3.17348e-02

  1.68000e-02  0.00000e+00 -3.93810e-03  1.00629e-03
  1.68000e-02  8.10784e-07 -5.00472e-03  1.34579e-03
  1.68000e-02  1.62157e-06 -6.02934e-03  1.74476e-03
  1.68000e-02  2.43235e-06 -7.01055e-03  2.20479e-03
  1.68000e-02  3.24313e-06 -7.94694e-03  2.72745e-03
  1.68000e-02  4.05392e-06 -8.83709e-03  3.31434e-03
  1.68000e-02  4.86470e-06 -9.67959e-03  3.96703e-03
  1.68000e-02  5.67549e-06 -1.04730e-02  4.68711e-03
  1.68000e-02  6.48627e-06 -1.12160e-02  5.47615e-03
  1.68000e-02  7.29705e-06 -1.19070e-02  6.33574e-03
  1.68000e-02  8.10784e-06 -1.25447e-02  7.26747e-03
  1.68000e-02  8.91862e-06 -1.31277e-02  8.27291e-03
  1.68000e-02  9.72940e-06 -1.36546e-02  9.35364e-03
  1.68000e-02  1.05402e-05 -1.41239e-02  1.05113e-02
  1.68000e-02  1.13510e-05 -1.45342e-02  1.17473e-02
  1.68000e-02  1.21618e-05 -1.48841e-02  1.30635e-02
  1.68000e-02  1.29725e-05 -1.51722e-02  1.44612e-02
  1.68000e-02  1.37833e-05 -1.53971e-02  1.59422e-02
  1.68000e-02  1.45941e-05 -1.55573e-02  1.75079e-02
  1.68000e-02  1.54049e-05 -1.56515e-02  1.91600e-02
  1.68000e-02  1.62157e-05 -1.56783e-02  2.09001e-02
  1.68000e-02  1.70265e-05 -1.56361e-02  2.27297e-02
  1.68000e-02  1.78372e-05 -1.55237e-02  2.46505e-02
  1.68000e-02  1.86480e-05 -1.53395e-02  2.66639e-02
  1.68000e-02  1.94588e-05 -1.50822e-02  2.87716e-02
  1.68000e-02  2.02696e-05 -1.47503e-02  3.09752e-02

  1.80000e-02  0.00000e+00 -4.60247e-03  1.09770e-03
  1.80000e-02  8.10784e-07 -5.69350e-03  1.41667e-03
  1.80000e-02  1.62157e-06 -6.74405e-03  1.79406e-03
  1.80000e-02  2.43235e-06 -7.75270e-03  2.23145e-03
  1.80000e-02  3.24313e-06 -8.71803e-03  2.73041e-03
  1.80000e-02  4.05392e-06 -9.63864e-03  3.29252e-03
  1.80000e-02  4.86470e-06 -1.05131e-02  3.91938e-03
  1.80000e-02  5.67549e-06 -1.13400e-02  4.61256e-03
  1.80000e-02  6.48627e-06 -1.21179e-02  5.37365e-03
  1.80000e-02  7.29705e-06 -1.28455e-02  6.20422e-03
  1.80000e-02  8.10784e-06 -1.35212e-02  7.10587e-03
  1.80000e-02  8.91862e-06 -1.41437e-02  8.08016e-03
  1.80000e-02  9.72940e-06 -1.47116e-02  9.12869e-03
  1.80000e-02  1.05402e-05 -1.52234e-02  1.02530e-02
  1.80000e-02  1.13510e-05 -1.56777e-02  1.14548e-02
  1.80000e-02  1.21618e-05 -1.60732e-02  1.27355e-02
  1.80000e-02  1.29725e-05 -1.64084e-02  1.40968e-02
  1.80000e-02  1.37833e-05 -1.66818e-02  1.55403e-02
  1.80000e-02  1.45941e-05 -1.68921e-02  1.70674e-02
  1.80000e-02  1.54049e-05 -1.70379e-02  1.86799e-02
  1.80000e-02  1.62157e-05 -1.71178e-02  2.03793e-02
  1.80000e-02  1.70265e-05 -1.71302e-02  2.21671e-02
  1.80000e-02  1.78372e-05 -1.70739e-02  2.40450e-02
  1.80000e-02  1.86480e-05 -1.69473e-02  2.60146e-02
  1.80000e-02  1.94588e-05 -1.67491e-02  2.80774e-02
  1.80000e-02  2.02696e-05 -1.64779e-02  3.02349e-02

  1.92000e-02  0.00000e+00 -5.32393e-03  1.18359e-03
  1.92000e-02  8.10784e-07 -6.43633e-03  1.48330e-03
  1.92000e-02  1.62157e-06 -7.50978e-03  1.84035e-03
  1.92000e-02  2.43235e-06 -8.54286e-03  2.25631e-03
  1.92000e-02  3.24313e-06 -9.53415e-03  2.73278e-03
  1.92000e-02  4.05392e-06 -1.04822e-02  3.27132e-03
  1.92000e-02  4.86470e-06 -1.13857e-02  3.87353e-03
  1.92000e-02  5.67549e-06 -1.22431e-02  4.54099e-03
  1.92000e-02  6.48627e-06 -1.30531e-02  5.27527e-03
  1.92000e-02  7.29705e-06 -1.38143e-02  6.07797e-03
  1.92000e-02  8.10784e-06 -1.45251e-02  6.95066e-03
  1.92000e-02  8.91862e-06 -1.51843e-02  7.89492e-03
  1.92000e-02  9.72940e-06 -1.57903e-02  8.91234e-03
  1.92000e-02  1.05402e-05 -1.63418e-02  1.00045e-02
  1.92000e-02  1.13510e-05 -1.68374e-02  1.11730e-02
  1.92000e-02  1.21618e-05 -1.72756e-02  1.24194e-02
  1.92000e-02  1.29725e-05 -1.76551e-02  1.37453e-02
  1.92000e-02  1.37833e-05 -1.79744e-02  1.51522e-02
  1.92000e-02  1.45941e-05 -1.82320e-02  1.66418e-02
  1.92000e-02  1.54049e-05 -1.84267e-02  1.82156e-02
  1.92000e-02  1.62157e-05 -1.85569e-02  1.98753e-02
  1.92000e-02  1.70265e-05 -1.86213e-02  2.16223e-02
  1.92000e-02  1.78372e-05 -1.86184e-02  2.34584e-02
  1.92000e-02  1.86480e-05 -1.85468e-02  2.53850e-02
  1.92000e-02  1.94588e-05 -1.84051e-02  2.74037e-02
  1.92000e-02  2.02696e-05 -1.81920e-02  2.95162e-02

  2.04000e-02  0.00000e+00 -6.10219e-03  1.26256e-03
  2.04000e-02  8.10784e-07 -7.23282e-03  1.54443e-03
  2.04000e-02  1.62157e-06 -8.32604e-03  1.88253e-03
  2.04000e-02  2.43235e-06 -9.38043e-03  2.27847e-03
  2.04000e-02  3.24313e-06 -1.03946e-02  2.73381e-03
  2.04000e-02  4.05392e-06 -1.13671e-02  3.25014e-03
  2.04000e-02  4.86470e-06 -1.22965e-02  3.82904e-03
  2.04000e-02  5.67549e-06 -1.31815e-02  4.47210e-03
  2.04000e-02  6.48627e-06 -1.40205e-02  5.18090e-03
  2.04000e-02  7.29705e-06 -1.48122e-02  5.95702e-03
  2.04000e-02  8.10784e-06 -1.55552e-02  6.80203e-03
  2.04000e-02  8.91862e-06 -1.62480e-02  7.71754e-03
  2.04000e-02  9.72940e-06 -1.68893e-02  8.70511e-03
  2.04000e-02  1.05402e-05 -1.74776e-02  9.76632e-03
  2.04000e-02  1.13510e-05 -1.80115e-02  1.09028e-02
  2.04000e-02  1.21618e-05 -1.84896e-02  1.21160e-02
  2.04000e-02  1.29725e-05 -1.89105e-02  1.34077e-02
  2.04000e-02  1.37833e-05 -1.92727e-02  1.47793e-02
  2.04000e-02  1.45941e-05 -1.95749e-02  1.62325e-02
  2.04000e-02  1.54049e-05 -1.98156e-02  1.77689e-02
  2.04000e-02  1.62157e-05 -1.99934e-02  1.93900e-02
  2.04000e-02  1.70265e-05 -2.01069e-02  2.10973e-02
  2.04000e-02  1.78372e-05 -2.01547e-02  2.28926e-02
  2.04000e-02  1.86480e-05 -2.01354e-02  2.47773e-02
  2.04000e-02  1.94588e-05 -2.00475e-02  2.67531e-02
  2.04000e-02  2.02696e-05 -1.98896e-02  2.88216e-02

  2.16000e-02  0.00000e+00 -6.93642e-03  1.33329e-03
  2.16000e-02  8.10784e-07 -8.08202e-03  1.59889e-03
  2.16000e-02  1.62157e-06 -9.19177e-03  1.91962e-03
  2.16000e-02  2.43235e-06 -1.02643e-02  2.29708e-03
  2.16000e-02  3.24313e-06 -1.12981e-02  2.73284e-03
  2.16000e-02  4.05392e-06 -1.22918e-02  3.22848e-03
  2.16000e-02  4.86470e-06 -1.32440e-02  3.78559e-03
  2.16000e-02  5.67549e-06 -1.41533e-02  4.40575e-03
  2.16000e-02  6.48627e-06 -1.50182e-02  5.09054e-03
  2.16000e-02  7.29705e-06 -1.58374e-02  5.84154e-03
  2.16000e-02  8.10784e-06 -1.66095e-02  6.66035e-03
  2.16000e-02  8.91862e-06 -1.73329e-02  7.54852e-03
  2.16000e-02  9.72940e-06 -1.80064e-02  8.50767e-03
  2.16000e-02  1.05402e-05 -1.86284e-02  9.53935e-03
  2.16000e-02  1.13510e-05 -1.91976e-02  1.06452e-02
  2.16000e-02  1.21618e-05 -1.97125e-02  1.18267e-02
  2.16000e-02  1.29725e-05 -2.01718e-02  1.30855e-02
  2.16000e-02  1.37833e-05 -2.05741e-02  1.44232e-02
  2.16000e-02  1.45941e-05 -2.09178e-02  1.58413e-02
  2.16000e-02  1.54049e-05 -2.12016e-02  1.73415e-02
  2.16000e-02  1.62157e-05 -2.14241e-02  1.89253e-02
  2.16000e-02  1.70265e-05 -2.15839e-02  2.05943e-02
  2.16000e-02  1.78372e-05 -2.16795e-02  2.23501e-02
  2.16000e-02  1.86480e-05 -2.17095e-02  2.41942e-02
  2.16000e-02  1.94588e-05 -2.16726e-02  2.61283e-02
  2.16000e-02  2.02696e-05 -2.15672e-02  2.81539e-02

  2.28000e-02  0.00000e+00 -7.82515e-03  1.39452e-03
  2.28000e-02  8.10784e-07 -8.98232e-03  1.64561e-03
  2.28000e-02  1.62157e-06 -1.01052e-02  1.95072e-03
  2.28000e-02  2.43235e-06 -1.11925e-02  2.31143e-03
  2.28000e-02  3.24313e-06 -1.22426e-02  2.72933e-03
  2.28000e-02  4.05392e-06 -1.32542e-02  3.20598e-03
  2.28000e-02  4.86470e-06 -1.42259e-02  3.74299e-03
  2.28000e-02  5.67549e-06 -1.51563e-02  4.34192e-03
  2.28000e-02  6.48627e-06 -1.60439e-02  5.00436e-03
  2.28000e-02  7.29705e-06 -1.68873e-02  5.73190e-03
  2.28000e-02  8.10784e-06 -1.76851e-02  6.52612e-03
  2.28000e-02  8.91862e-06 -1.84360e-02  7.38859e-03
  2.28000e-02  9.72940e-06 -1.91384e-02  8.32090e-03
  2.28000e-02  1.05402e-05 -1.97910e-02  9.32464e-03
  2.28000e-02  1.13510e-05 -2.03923e-02  1.04014e-02
  2.28000e-02  1.21618e-05 -2.09410e-02  1.15527e-02
  2.28000e-02  1.29725e-05 -2.14356e-02  1.27802e-02
  2.28000e-02  1.37833e-05 -2.18747e-02  1.40855e-02
  2.28000e-02  1.45941e-05 -2.22569e-02  1.54700e-02
  2.28000e-02  1.54049e-05 -2.25808e-02  1.69356e-02
  2.28000e-02  1.62157e-05 -2.28449e-02  1.84836e-02
  2.28000e-02  1.70265e-05 -2.30479e-02  2.01156e-02
  2.28000e-02  1.78372e-05 -2.31883e-02  2.18334e-02
  2.28000e-02  1.86480e-05 -2.32647e-02  2.36384e-02
  2.28000e-02  1.94588e-05 -2.32758e-02  2.55322e-02
  2.28000e-02  2.02696e-05 -2.32200e-02  2.75165e-02

  2.40000e-02  0.00000e+00 -8.76616e-03  1.44511e-03
  2.40000e-02  8.10784e-07 -9.93137e-03  1.68364e-03
  2.40000e-02  1.62157e-06 -1.10639e-02  1.97506e-03
  2.40000e-02  2.43235e-06 -1.21624e-02  2.32094e-03
  2.40000e-02  3.24313e-06 -1.32253e-02  2.72287e-03
  2.40000e-02  4.05392e-06 -1.42514e-02  3.18243e-03
  2.40000e-02  4.86470e-06 -1.52391e-02  3.70120e-03
  2.40000e-02  5.67549e-06 -1.61871e-02  4.28077e-03
  2.40000e-02  6.48627e-06 -1.70940e-02  4.92271e-03
  2.40000e-02  7.29705e-06 -1.79582e-02  5.62861e-03
  2.40000e-02  8.10784e-06 -1.87785e-02  6.40005e-03
  2.40000e-02  8.91862e-06 -1.95534e-02  7.23862e-03
  2.40000e-02  9.72940e-06 -2.02815e-02  8.14589e-03
  2.40000e-02  1.05402e-05 -2.09613e-02  9.12345e-03
  2.40000e-02  1.13510e-05 -2.15915e-02  1.01729e-02
  2.40000e-02  1.21618e-05 -2.21706e-02  1.12958e-02
  2.40000e-02  1.29725e-05 -2.26972e-02  1.24937e-02
  2.40000e-02  1.37833e-05 -2.31700e-02  1.37682e-02
  2.40000e-02  1.45941e-05 -2.35874e-02  1.51210e-02
  2.40000e-02  1.54049e-05 -2.39481e-02  1.65535e-02
  2.40000e-02  1.62157e-05 -2.42507e-02  1.80674e-02
  2.40000e-02  1.70265e-05 -2.44937e-02  1.96642e-02
  2.40000e-02  1.78372e-05 -2.46758e-02  2.13456e-02
  2.40000e-02  1.86480e-05 -2.47954e-02  2.31131e-02
  2.40000e-02  1.94588e-05 -2.48513e-02  2.49682e-02
  2.40000e-02  2.02696e-05 -2.48420e-02  2.69127e-02

  2.52000e-02  0.00000e+00 -9.75636e-03  1.48402e-03
  2.52000e-02  8.10784e-07 -1.09259e-02  1.71214e-03
  2.52000e-02  1.62157e-06 -1.20644e-02  1.99199e-03
  2.52000e-02  2.43235e-06 -1.31704e-02  2.32516e-03
  2.52000e-02  3.24313e-06 -1.42426e-02  2.71322e-03
  2.52000e-02  4.05392e-06 -1.52794e-02  3.15777e-03
  2.52000e-02  4.86470e-06 -1.62796e-02  3.66038e-03
  2.52000e-02  5.67549e-06 -1.72416e-02  4.22263e-03
  2.52000e-02  6.48627e-06 -1.81641e-02  4.84611e-03
  2.52000e-02  7.29705e-06 -1.90457e-02  5.53240e-03
  2.52000e-02  8.10784e-06 -1.98849e-02  6.28308e-03
  2.52000e-02  8.91862e-06 -2.06803e-02  7.09974e-03
  2.52000e-02  9.72940e-06 -2.14305e-02  7.98395e-03
  2.52000e-02  1.05402e-05 -2.21341e-02  8.93730e-03
  2.52000e-02  1.13510e-05 -2.27896e-02  9.96138e-03
  2.52000e-02  1.21618e-05 -2.33957e-02  1.10578e-02
  2.52000e-02  1.29725e-05 -2.39510e-02  1.22280e-02
  2.52000e-02  1.37833e-05 -2.44540e-02  1.34738e-02
  2.52000e-02  1.45941e-05 -2.49032e-02  1.47965e-02
  2.52000e-02  1.54049e-05 -2.52974e-02  1.61980e-02
  2.52000e-02  1.62157e-05 -2.56351e-02  1.76796e-02
  2.52000e-02  1.70265e-05 -2.59148e-02  1.92430e-02
  2.52000e-02  1.78372e-05 -2.61352e-02  2.08898e-02
  2.52000e-02  1.86480e-05 -2.62948e-02  2.26216e-02
  2.52000e-02  1.94588e-05 -2.63922e-02  2.44399e-02
  2.52000e-02  2.02696e-05 -2.64260e-02  2.63464e-02

  2.64000e-02  0.00000e+00 -1.07916e-02  1.51037e-03
  2.64000e-02  8.10784e-07 -1.19616e-02  1.73041e-03
  2.64000e-02  1.62157e-06 -1.31022e-02  2.00103e-03
  2.64000e-02  2.43235e-06 -1.42120e-02  2.32379e-03
  2.64000e-02  3.24313e-06 -1.52895e-02  2.70030e-03
  2.64000e-02  4.05392e-06 -1.63334e-02  3.13211e-03
  2.64000e-02  4.86470e-06 -1.73422e-02  3.62083e-03
  2.64000e-02  5.67549e-06 -1.83145e-02  4.16803e-03
  2.64000e-02  6.48627e-06 -1.92489e-02  4.77529e-03
  2.64000e-02  7.29705e-06 -2.01440e-02  5.44420e-03
  2.64000e-02  8.10784e-06 -2.09983e-02  6.17633e-03
  2.64000e-02  8.91862e-06 -2.18106e-02  6.97328e-03
  2.64000e-02  9.72940e-06 -2.25792e-02  7.83662e-03
  2.64000e-02  1.05402e-05 -2.33029e-02  8.76794e-03
  2.64000e-02  1.13510e-05 -2.39802e-02  9.76881e-03
  2.64000e-02  1.21618e-05 -2.46097e-02  1.08408e-02
  2.64000e-02  1.29725e-05 -2.51899e-02  1.19856e-02
  2.64000e-02  1.37833e-05 -2.57195e-02  1.32046e-02
  2.64000e-02  1.45941e-05 -2.61971e-02  1.44995e-02
  2.64000e-02  1.54049e-05 -2.66212e-02  1.58719e-02
  2.64000e-02  1.62157e-05 -2.69904e-02  1.73234e-02
  2.64000e-02  1.70265e-05 -2.73033e-02  1.88555e-02
  2.64000e-02  1.78372e-05 -2.75585e-02  2.04698e-02
  2.64000e-02  1.86480e-05 -2.77546e-02  2.21679e-02
  2.64000e-02  1.94588e-05 -2.78901e-02  2.39513e-02
  2.64000e-02  2.02696e-05 -2.79637e-02  2.58218e-02

  2.76000e-02  0.00000e+00 -1.18668e-02  1.52340e-03
  2.76000e-02  8.10784e-07 -1.30331e-02  1.73793e-03
  2.76000e-02  1.62157e-06 -1.41717e-02  2.00186e-03
  2.76000e-02  2.43235e-06 -1.52812e-02  2.31675e-03
  2.76000e-02  3.24313e-06 -1.63600e-02  2.68420e-03
  2.76000e-02  4.05392e-06 -1.74069e-02  3.10579e-03
  2.76000e-02  4.86470e-06 -1.84204e-02  3.58310e-03
  2.76000e-02  5.67549e-06 -1.93990e-02  4.11772e-03
  2.76000e-02  6.48627e-06 -2.03414e-02  4.71122e-03
  2.76000e-02  7.29705e-06 -2.12461e-02  5.36518e-03
  2.76000e-02  8.10784e-06 -2.21117e-02  6.08120e-03
  2.76000e-02  8.91862e-06 -2.29368e-02  6.86085e-03
  2.76000e-02  9.72940e-06 -2.37201e-02  7.70571e-03
  2.76000e-02  1.05402e-05 -2.44600e-02  8.61737e-03
  2.76000e-02  1.13510e-05 -2.51552e-02  9.59742e-03
  2.76000e-02  1.21618e-05 -2.58042e-02  1.06474e-02
  2.76000e-02  1.29725e-05 -2.64057e-02  1.17690e-02
  2.76000e-02  1.37833e-05 -2.69581e-02  1.29636e-02
  2.76000e-02  1.45941e-05 -2.74602e-02  1.42330e-02
  2.76000e-02  1.54049e-05 -2.79105e-02  1.55787e-02
  2.76000e-02  1.62157e-05 -2.83075e-02  1.70022e-02
  2.76000e-02  1.70265e-05 -2.86499e-02  1.85053e-02
  2.76000e-02  1.78372e-05 -2.89362e-02  2.00893e-02
  2.76000e-02  1.86480e-05 -2.91651e-02  2.17560e-02
  2.76000e-02  1.94588e-05 -2.93350e-02  2.35068e-02
  2.76000e-02  2.02696e-05 -2.94447e-02  2.53435e-02

  2.88000e-02  0.00000e+00 -1.29751e-02  1.52257e-03
  2.88000e-02  8.10784e-07 -1.41336e-02  1.73436e-03
  2.88000e-02  1.62157e-06 -1.52660e-02  1.99436e-03
  2.88000e-02  2.43235e-06 -1.63708e-02  2.30413e-03
  2.88000e-02  3.24313e-06 -1.74468e-02  2.66527e-03
  2.88000e-02  4.05392e-06 -1.84925e-02  3.07935e-03
  2.88000e-02  4.86470e-06 -1.95064e-02  3.54796e-03
  2.88000e-02  5.67549e-06 -2.04871e-02  4.07268e-03
  2.88000e-02  6.48627e-06 -2.14333e-02  4.65509e-03
  2.88000e-02  7.29705e-06 -2.23435e-02  5.29678e-03
  2.88000e-02  8.10784e-06 -2.32163e-02  5.99933e-03
  2.88000e-02  8.91862e-06 -2.40503e-02  6.76431e-03
  2.88000e-02  9.72940e-06 -2.48440e-02  7.59332e-03
  2.88000e-02  1.05402e-05 -2.55961e-02  8.48793e-03
  2.88000e-02  1.13510e-05 -2.63051e-02  9.44973e-03
  2.88000e-02  1.21618e-05 -2.69697e-02  1.04803e-02
  2.88000e-02  1.29725e-05 -2.75883e-02  1.15812e-02
  2.88000e-02  1.37833e-05 -2.81596e-02  1.27541e-02
  2.88000e-02  1.45941e-05 -2.86823e-02  1.40004e-02
  2.88000e-02  1.54049e-05 -2.91547e-02  1.53219e-02
  2.88000e-02  1.62157e-05 -2.95756e-02  1.67201e-02
  2.88000e-02  1.70265e-05 -2.99436e-02  1.81965e-02
  2.88000e-02  1.78372e-05 -3.02571e-02  1.97527e-02
  2.88000e-02  1.86480e-05 -3.05149e-02  2.13904e-02
  2.88000e-02  1.94588e-05 -3.07154e-02  2.31111e-02
  2.88000e-02  2.02696e-05 -3.08573e-02  2.49164e-02

  3.00000e-02  0.00000e+00 -1.41087e-02  1.50749e-03
  3.00000e-02  8.10784e-07 -1.52547e-02  1.71956e-03
  3.00000e-02  1.62157e-06 -1.63764e-02  1.97862e-03
  3.00000e-02  2.43235e-06 -1.74722e-02  2.28625e-03
  3.00000e-02  3.24313e-06 -1.85409e-02  2.64404e-03
  3.00000e-02  4.05392e-06 -1.95809e-02  3.05356e-03
  3.00000e-02  4.86470e-06 -2.05908e-02  3.51641e-03
  3.00000e-02  5.67549e-06 -2.15693e-02  4.03416e-03
  3.00000e-02  6.48627e-06 -2.25149e-02  4.60840e-03
  3.00000e-02  7.29705e-06 -2.34262e-02  5.24070e-03
  3.00000e-02  8.10784e-06 -2.43018e-02  5.93265e-03
  3.00000e-02  8.91862e-06 -2.51403e-02  6.68584e-03
  3.00000e-02  9.72940e-06 -2.59402e-02  7.50184e-03
  3.00000e-02  1.05402e-05 -2.67002e-02  8.38224e-03
  3.00000e-02  1.13510e-05 -2.74188e-02  9.32862e-03
  3.00000e-02  1.21618e-05 -2.80946e-02  1.03426e-02
  3.00000e-02  1.29725e-05 -2.87262e-02  1.14256e-02
  3.00000e-02  1.37833e-05 -2.93122e-02  1.25795e-02
  3.00000e-02  1.45941e-05 -2.98511e-02  1.38056e-02
  3.00000e-02  1.54049e-05 -3.03416e-02  1.51056e-02
  3.00000e-02  1.62157e-05 -3.07822e-02  1.64811e-02
  3.00000e-02  1.70265e-05 -3.11716e-02  1.79336e-02
  3.00000e-02  1.78372e-05 -3.15082e-02  1.94648e-02
  3.00000e-02  1.86480e-05 -3.17908e-02  2.10762e-02
  3.00000e-02  1.94588e-05 -3.20178e-02  2.27694e-02
  3.00000e-02  2.02696e-05 -3.21879e-02  2.45460e-02

