-3.00  2.20883  1.07346
-2.85  2.20757  1.07375
-2.70  2.20659  1.07405
-2.55  2.20585  1.07435
-2.40  2.20530  1.07465
-2.25  2.20492  1.07495
-2.10  2.20467  1.07524
-1.95  2.20455  1.07553
-1.80  2.20451  1.07581
-1.65  2.20455  1.07609
-1.50  2.20465  1.07635
-1.35  2.20478  1.07661
-1.20  2.20496  1.07687
-1.05  2.20515  1.07712
-0.90  2.20536  1.07736
-0.75  2.20558  1.07759
-0.60  2.20581  1.07782
-0.45  2.20603  1.07804
-0.30  2.20625  1.07825
-0.15  2.20646  1.07846
 0.00  2.20667  1.07867
 0.15  2.20686  1.07886
 0.30  2.20704  1.07905
 0.45  2.20722  1.07924
 0.60  2.20737  1.07942
 0.75  2.20752  1.07959
 0.90  2.20765  1.07976
 1.05  2.20776  1.07992
 1.20  2.20786  1.08007
 1.35  2.20795  1.08021
 1.50  2.20802  1.08035
 1.65  2.20807  1.08048
 1.80  2.20811  1.08060
 1.95  2.20813  1.08071
 2.10  2.20813  1.08081
 2.25  2.20811  1.08091
 2.40  2.20808  1.08099
 2.55  2.20803  1.08106
 2.70  2.20796  1.08112
 2.85  2.20787  1.08117
 3.00  2.20776  1.08121
