#   A_x        A_y      nu_x    nu_y
#
 0.000e+00  0.000e+00  0.000e+00  0.000e+00 0.20667 0.07867
 1.000e+00 -3.000e-01  2.554e-02  1.380e-02 0.20666 0.07866
 1.000e+00 -6.000e-01  2.554e-02  5.520e-02 0.20666 0.07864
 1.000e+00 -9.000e-01  2.554e-02  1.242e-01 0.20666 0.07861
 1.000e+00 -1.200e+00  2.554e-02  2.208e-01 0.20667 0.07857
 1.000e+00 -1.500e+00  2.554e-02  3.450e-01 0.20667 0.07852
 1.000e+00 -1.800e+00  2.554e-02  4.968e-01 0.20668 0.07846
 1.000e+00 -2.100e+00  2.554e-02  6.763e-01 0.20669 0.07838
 1.000e+00 -2.400e+00  2.554e-02  8.833e-01 0.20670 0.07829
 1.000e+00 -2.700e+00  2.554e-02  1.118e+00 0.20672 0.07819
 1.000e+00 -3.000e+00  2.554e-02  1.380e+00 0.20673 0.07808
 1.000e+00 -3.300e+00  2.554e-02  1.670e+00 0.20676 0.07795
 1.000e+00 -3.600e+00  2.554e-02  1.987e+00 0.20678 0.07782
 1.000e+00 -3.900e+00  2.554e-02  2.332e+00 0.20682 0.07767
 1.000e+00 -4.200e+00  2.554e-02  2.705e+00 0.20685 0.07751
 1.000e+00 -4.500e+00  2.554e-02  3.105e+00 0.20690 0.07734
 1.000e+00 -4.800e+00  2.554e-02  3.533e+00 0.20696 0.07716
 1.000e+00 -5.100e+00  2.554e-02  3.989e+00 0.20702 0.07697
 1.000e+00 -5.400e+00  2.554e-02  4.472e+00 0.20710 0.07677
 1.000e+00 -5.700e+00  2.554e-02  4.982e+00 0.20719 0.07655
 1.000e+00 -6.000e+00  2.554e-02  5.520e+00 0.20729 0.07633
 1.000e+00 -6.300e+00  2.554e-02  6.086e+00 0.20742 0.07610
 1.000e+00 -6.600e+00  2.554e-02  6.680e+00 0.20756 0.07585
 1.000e+00 -6.900e+00  2.554e-02  7.301e+00 0.20773 0.07560
 1.000e+00 -7.200e+00  2.554e-02  7.949e+00 0.20793 0.07534
 1.000e+00 -7.500e+00  2.554e-02  8.626e+00 0.20815 0.07507

 0.000e+00  0.000e+00  0.000e+00  0.000e+00 0.20667 0.07867
#  1.000e+00  0.000e+00 particle lost
 1.000e+00  3.000e-01  2.554e-02  1.380e-02 0.20666 0.07866
 1.000e+00  6.000e-01  2.554e-02  5.520e-02 0.20666 0.07864
 1.000e+00  9.000e-01  2.554e-02  1.242e-01 0.20666 0.07861
 1.000e+00  1.200e+00  2.554e-02  2.208e-01 0.20667 0.07857
 1.000e+00  1.500e+00  2.554e-02  3.450e-01 0.20667 0.07852
 1.000e+00  1.800e+00  2.554e-02  4.968e-01 0.20668 0.07846
 1.000e+00  2.100e+00  2.554e-02  6.763e-01 0.20669 0.07838
 1.000e+00  2.400e+00  2.554e-02  8.833e-01 0.20670 0.07829
 1.000e+00  2.700e+00  2.554e-02  1.118e+00 0.20672 0.07819
 1.000e+00  3.000e+00  2.554e-02  1.380e+00 0.20673 0.07808
 1.000e+00  3.300e+00  2.554e-02  1.670e+00 0.20676 0.07795
 1.000e+00  3.600e+00  2.554e-02  1.987e+00 0.20678 0.07782
 1.000e+00  3.900e+00  2.554e-02  2.332e+00 0.20682 0.07767
 1.000e+00  4.200e+00  2.554e-02  2.705e+00 0.20685 0.07751
 1.000e+00  4.500e+00  2.554e-02  3.105e+00 0.20690 0.07734
 1.000e+00  4.800e+00  2.554e-02  3.533e+00 0.20696 0.07716
 1.000e+00  5.100e+00  2.554e-02  3.989e+00 0.20702 0.07697
 1.000e+00  5.400e+00  2.554e-02  4.472e+00 0.20710 0.07677
 1.000e+00  5.700e+00  2.554e-02  4.982e+00 0.20719 0.07655
 1.000e+00  6.000e+00  2.554e-02  5.520e+00 0.20729 0.07633
 1.000e+00  6.300e+00  2.554e-02  6.086e+00 0.20742 0.07610
 1.000e+00  6.600e+00  2.554e-02  6.680e+00 0.20756 0.07585
 1.000e+00  6.900e+00  2.554e-02  7.301e+00 0.20773 0.07560
 1.000e+00  7.200e+00  2.554e-02  7.949e+00 0.20793 0.07534
 1.000e+00  7.500e+00  2.554e-02  8.626e+00 0.20815 0.07507
