#   A_x        A_y        J_x        J_y      nu_x    nu_y
#
 0.000e+00  0.000e+00  0.000e+00  0.000e+00 0.20667 0.07867
-8.000e-01  1.000e+00  1.634e-02  1.533e-01 0.20667 0.07860
-1.600e+00  1.000e+00  6.538e-02  1.533e-01 0.20665 0.07860
-2.400e+00  1.000e+00  1.471e-01  1.533e-01 0.20663 0.07860
-3.200e+00  1.000e+00  2.615e-01  1.533e-01 0.20660 0.07861
-4.000e+00  1.000e+00  4.086e-01  1.533e-01 0.20657 0.07861
-4.800e+00  1.000e+00  5.884e-01  1.533e-01 0.20653 0.07863
-5.600e+00  1.000e+00  8.009e-01  1.533e-01 0.20648 0.07864
-6.400e+00  1.000e+00  1.046e+00  1.533e-01 0.20643 0.07866
-7.200e+00  1.000e+00  1.324e+00  1.533e-01 0.20639 0.07869
-8.000e+00  1.000e+00  1.634e+00  1.533e-01 0.20634 0.07873
-8.800e+00  1.000e+00  1.978e+00  1.533e-01 0.20630 0.07878
-9.600e+00  1.000e+00  2.354e+00  1.533e-01 0.20626 0.07884
-1.040e+01  1.000e+00  2.762e+00  1.533e-01 0.20623 0.07891
-1.120e+01  1.000e+00  3.204e+00  1.533e-01 0.20621 0.07900
-1.200e+01  1.000e+00  3.677e+00  1.533e-01 0.20621 0.07911
-1.280e+01  1.000e+00  4.184e+00  1.533e-01 0.20622 0.07924
-1.360e+01  1.000e+00  4.724e+00  1.533e-01 0.20625 0.07939
-1.440e+01  1.000e+00  5.296e+00  1.533e-01 0.20629 0.07956
-1.520e+01  1.000e+00  5.900e+00  1.533e-01 0.20637 0.07977
-1.600e+01  1.000e+00  6.538e+00  1.533e-01 0.20647 0.08001
-1.680e+01  1.000e+00  7.208e+00  1.533e-01 0.20661 0.08028
-1.760e+01  1.000e+00  7.911e+00  1.533e-01 0.20678 0.08060
-1.840e+01  1.000e+00  8.646e+00  1.533e-01 0.20699 0.08095
-1.920e+01  1.000e+00  9.414e+00  1.533e-01 0.20725 0.08135
-2.000e+01  1.000e+00  1.022e+01  1.533e-01 0.20756 0.08181

 0.000e+00  0.000e+00  0.000e+00  0.000e+00 0.20667 0.07867
 0.000e+00  1.000e+00  0.000e+00  1.533e-01 0.20667 0.07860
 8.000e-01  1.000e+00  1.634e-02  1.533e-01 0.20667 0.07860
 1.600e+00  1.000e+00  6.538e-02  1.533e-01 0.20665 0.07860
 2.400e+00  1.000e+00  1.471e-01  1.533e-01 0.20663 0.07861
 3.200e+00  1.000e+00  2.615e-01  1.533e-01 0.20660 0.07862
 4.000e+00  1.000e+00  4.086e-01  1.533e-01 0.20656 0.07863
 4.800e+00  1.000e+00  5.884e-01  1.533e-01 0.20651 0.07864
 5.600e+00  1.000e+00  8.009e-01  1.533e-01 0.20645 0.07867
 6.400e+00  1.000e+00  1.046e+00  1.533e-01 0.20640 0.07870
 7.200e+00  1.000e+00  1.324e+00  1.533e-01 0.20634 0.07874
 8.000e+00  1.000e+00  1.634e+00  1.533e-01 0.20629 0.07880
 8.800e+00  1.000e+00  1.978e+00  1.533e-01 0.20624 0.07888
 9.600e+00  1.000e+00  2.354e+00  1.533e-01 0.20620 0.07899
 1.040e+01  1.000e+00  2.762e+00  1.533e-01 0.20619 0.07912
 1.120e+01  1.000e+00  3.204e+00  1.533e-01 0.20620 0.07929
 1.200e+01  1.000e+00  3.677e+00  1.533e-01 0.20624 0.07951
 1.280e+01  1.000e+00  4.184e+00  1.533e-01 0.20632 0.07978
 1.360e+01  1.000e+00  4.724e+00  1.533e-01 0.20646 0.08011
 1.440e+01  1.000e+00  5.296e+00  1.533e-01 0.20667 0.08052
 1.520e+01  1.000e+00  5.900e+00  1.533e-01 0.20695 0.08102
 1.600e+01  1.000e+00  6.538e+00  1.533e-01 0.20735 0.08163
 1.680e+01  1.000e+00  7.208e+00  1.533e-01 0.20787 0.08236
 1.760e+01  1.000e+00  7.911e+00  1.533e-01 0.20863 0.08303
 1.840e+01  1.000e+00  8.646e+00  1.533e-01 0.20930 0.08422
 1.920e+01  1.000e+00  9.414e+00  1.533e-01 0.21035 0.08548
 2.000e+01  1.000e+00  1.022e+01  1.533e-01 0.21165 0.08698
