# Tracking with TRACY# (Floquet space)
#
#  1   512 1.0E+00 1.0E+00 0.0E+00 0.0E+00 2.20667 1.07867
#    N     x^          px^          y^          py^          delta          cdt
#                                                                   [%]           [mm]
#
   0  2.2600057483350758e-04  4.8193905205813681e-19  4.1534726035352756e-03 -9.7203305558201539e-19  0.0000000000000000e+00  0.0000000000000000e+00
   1  5.2597740172056063e-05  4.6862566927804045e-04  3.6449741622283671e-03 -2.0145580050624527e-03  0.0000000000000000e+00  3.8305010703515931e-03
   2 -8.5689868858355338e-05  6.0604749812272045e-04  2.3484130742604170e-03 -3.5451025963945341e-03  0.0000000000000000e+00 -1.4746353965634888e-02
   3 -1.7826957380944592e-04  8.7453041716281868e-05  6.2116225842919598e-04 -4.2952362192002153e-03  0.0000000000000000e+00 -4.7634785206793338e-02
   4 -4.1623444395151420e-04 -5.6243660893342076e-04 -1.1752431750650110e-03 -4.2043590052231938e-03  0.0000000000000000e+00 -7.4645368478011703e-02
   5 -5.2101896401276343e-04 -5.6852615104992579e-04 -2.7027915889164329e-03 -3.1556782550829468e-03  0.0000000000000000e+00 -7.8730631730832293e-02
   6 -1.6817709079664311e-04  6.0005604405403621e-05 -3.7816434821483194e-03 -1.2988185275291688e-03  0.0000000000000000e+00 -6.3547703949760295e-02
   7  3.3358184559037057e-04  6.0764072472894266e-04 -4.0915129095154658e-03  7.6241984567334046e-04  0.0000000000000000e+00 -4.9058365600017674e-02
   8  4.3192015444809881e-04  5.4171975604384956e-04 -3.3231311126015284e-03  2.5211720321175585e-03  0.0000000000000000e+00 -5.4568401571683377e-02
   9 -4.0129328377672108e-05  4.5846659866131254e-05 -1.7321624014119182e-03  3.8117370286242431e-03  0.0000000000000000e+00 -8.1009993585781301e-02
  10 -6.7642098757134995e-04 -3.2947291343169994e-04  1.1990813351877138e-05  4.4421257379229683e-03  0.0000000000000000e+00 -1.1355139735092111e-01
  11 -7.9445064248152408e-04 -3.0053587943234346e-04  1.6027429402783360e-03  4.0215462673348131e-03  0.0000000000000000e+00 -1.3354879867833874e-01
  12 -2.0827161475144707e-04 -3.1800841408071418e-05  3.0883539386433170e-03  2.5789948027375321e-03  0.0000000000000000e+00 -1.3027096784298234e-01
  13  4.1853231103404384e-04  1.2737995710370998e-04  4.0862855730378570e-03  6.5125942455606636e-04  0.0000000000000000e+00 -1.1340292608265441e-01
  14  3.8952752417126008e-04  1.8211204477048458e-04  3.9542494411911964e-03 -1.3394144358216988e-03  0.0000000000000000e+00 -1.0486557390190861e-01
  15 -1.2112546136868566e-04  3.1864283885297108e-04  2.7876925272774869e-03 -3.0993533387597299e-03  0.0000000000000000e+00 -1.1658017955102562e-01
  16 -4.6534087874339734e-04  2.9231038140435878e-04  1.1927897655918623e-03 -4.2272285803799641e-03  0.0000000000000000e+00 -1.4610708430546326e-01
  17 -4.4307087637750859e-04 -9.7830166342209352e-05 -5.4024308233002142e-04 -4.3903311108295711e-03  0.0000000000000000e+00 -1.7684779616724908e-01
  18 -2.7528534292698494e-04 -4.9242336161516216e-04 -2.2552532762063256e-03 -3.5860042057121043e-03  0.0000000000000000e+00 -1.8967473764454273e-01
  19 -8.7505345858514391e-05 -3.9096330180339708e-04 -3.5862379481466171e-03 -1.9799433396586632e-03  0.0000000000000000e+00 -1.7910483468145327e-01
  20  7.1316719595283161e-05  1.8421253356148661e-04 -4.1121129719358775e-03  8.5863228748308165e-05  0.0000000000000000e+00 -1.6140135053038546e-01
  21  1.6516331669296671e-04  6.8446355992260715e-04 -3.6471627175622304e-03  2.0651324598225532e-03  0.0000000000000000e+00 -1.5819969904644898e-01
  22  1.3904691220962688e-04  5.3802560972878355e-04 -2.3269945638827627e-03  3.5051685542211468e-03  0.0000000000000000e+00 -1.7796805228630139e-01
  23 -1.8623090911495984e-04 -1.5719631806132201e-04 -5.4250189464502899e-04  4.2716622829517556e-03  0.0000000000000000e+00 -2.1151066011081168e-01
  24 -6.5241748449669024e-04 -6.1333838562403775e-04  1.1911164190002940e-03  4.2269131690373055e-03  0.0000000000000000e+00 -2.3751427882930415e-01
  25 -6.3684034069255626e-04 -3.5463015589024970e-04  2.6585615502614530e-03  3.1258024397666597e-03  0.0000000000000000e+00 -2.4132421498434123e-01
  26 -7.0358604548064132e-06  2.4126045953507970e-04  3.7931448176900038e-03  1.2510118714786965e-03  0.0000000000000000e+00 -2.2622876248921830e-01
  27  5.2993032619484248e-04  4.9291539424206122e-04  4.1227206297000316e-03 -7.5697303202259668e-04  0.0000000000000000e+00 -2.1268646364011523e-01
  28  3.6250780045722359e-04  3.0195918985868837e-04  3.2750609972480630e-03 -2.5301156463169976e-03  0.0000000000000000e+00 -2.1905605479967338e-01
  29 -2.9053581706218345e-04  4.4318888782604295e-05  1.6856153740588097e-03 -3.8913832975780009e-03  0.0000000000000000e+00 -2.4478625881571967e-01
  30 -7.4818740719492110e-04 -1.1388078717061282e-04  4.0748756028319193e-06 -4.4896713956646571e-03  0.0000000000000000e+00 -2.7717555040606057e-01
  31 -5.8696176005676860e-04 -1.9194955313296778e-04 -1.6363228469717234e-03 -3.9857798649393034e-03  0.0000000000000000e+00 -2.9695631123669525e-01
  32 -2.9177094985661757e-05 -1.9921086096813859e-04 -3.1844709618630562e-03 -2.5548964762193644e-03  0.0000000000000000e+00 -2.9334552129319513e-01
  33  3.2101930933679736e-04 -8.4116635951422578e-05 -4.1073619146827205e-03 -6.3014075735901844e-04  0.0000000000000000e+00 -2.7623549043471085e-01
  34  1.7017883084448869e-04  2.4535157227883276e-04 -3.9078495241238707e-03  1.4168309210452717e-03  0.0000000000000000e+00 -2.6687561695093182e-01
  35 -1.2821619388266048e-04  5.5407687314303826e-04 -2.7823984902622849e-03  3.1637117005250972e-03  0.0000000000000000e+00 -2.7877713682992633e-01
  36 -2.3469029440527784e-04  3.4326651605945608e-04 -1.1721368095700174e-03  4.1877390835559020e-03  0.0000000000000000e+00 -3.0879113313478784e-01
  37 -3.1683785731491973e-04 -3.0940936778977099e-04  6.3235652032846211e-04  4.3338412410292943e-03  0.0000000000000000e+00 -3.3986166184397987e-01
  38 -4.3019303129388772e-04 -6.5175823182563107e-04  2.2996958245776115e-03  3.5669213596029752e-03  0.0000000000000000e+00 -3.5178681109871751e-01
  39 -2.7937658825306542e-04 -2.5833197000911295e-04  3.5459064707866680e-03  1.9202468188609031e-03  0.0000000000000000e+00 -3.4061310432401354e-01
  40  1.2451728118760571e-04  4.3303960686992359e-04  4.0981941603053119e-03 -1.5937781309572594e-04  0.0000000000000000e+00 -3.2330062690744493e-01
  41  3.9093946246664059e-04  6.9693980840970814e-04  3.6578465415440819e-03 -2.0623306824421946e-03  0.0000000000000000e+00 -3.2123349434544179e-01
  42  1.9438768049569077e-04  3.0030670086596896e-04  2.2711327715407262e-03 -3.4812878007758662e-03  0.0000000000000000e+00 -3.4239547348019339e-01
  43 -4.0434644805475712e-04 -2.7852536414918000e-04  4.9070350472540621e-04 -4.3166753911366386e-03  0.0000000000000000e+00 -3.7547047972272207e-01
  44 -8.3250988752406265e-04 -4.4920056261870555e-04 -1.1620053055053435e-03 -4.2599352957921792e-03  0.0000000000000000e+00 -4.0088479616902262e-01
  45 -5.2445818519875130e-04 -1.4664599868848146e-04 -2.6543111789494515e-03 -3.0909862937732579e-03  0.0000000000000000e+00 -4.0462164431118974e-01
  46  2.2162103562439094e-04  1.9096281085096450e-04 -3.8572315762544994e-03 -1.2359482731083180e-03  0.0000000000000000e+00 -3.8944331412974059e-01
  47  5.3777175007420309e-04  2.4451983434700583e-04 -4.1312612417948903e-03  7.5679907481183690e-04  0.0000000000000000e+00 -3.7666508160525669e-01
  48  1.3250746645119955e-04  2.3130308329426426e-04 -3.2167207848555258e-03  2.5930824545215775e-03  0.0000000000000000e+00 -3.8239335260379481e-01
  49 -4.2389833818549786e-04  2.3942349890844223e-04 -1.6754306765621916e-03  3.9709921783997832e-03  0.0000000000000000e+00 -4.0783559048308538e-01
  50 -5.8396601780275840e-04  4.0026332695395084e-05  5.8276343685427119e-06  4.4728083781850779e-03  0.0000000000000000e+00 -4.4031032921092511e-01
  51 -3.6870150647923256e-04 -3.1144602909289639e-04  1.7299153726735399e-03  3.9324881223122016e-03  0.0000000000000000e+00 -4.5990099125861184e-01
  52 -6.4123072398870355e-05 -4.2783940331246660e-04  3.2553804978010924e-03  2.5299553315559315e-03  0.0000000000000000e+00 -4.5576887059867782e-01
  53  1.0601389421658701e-04 -8.1894912800812243e-05  4.0785831985695933e-03  5.6949083389303348e-04  0.0000000000000000e+00 -4.3783971003847660e-01
  54  1.0295478215060523e-04  4.8429438686893453e-04  3.8829076517088966e-03 -1.5026080893979442e-03  0.0000000000000000e+00 -4.2851840746175479e-01
  55  6.8252830427438779e-05  6.7926192072418593e-04  2.7864706846348290e-03 -3.1670107725346877e-03  0.0000000000000000e+00 -4.4120545165142594e-01
  56 -6.2621404594272807e-05  1.6993818493930374e-04  1.1118117154986723e-03 -4.1316509263074853e-03  0.0000000000000000e+00 -4.7224871991369799e-01
  57 -4.3280296944551950e-04 -5.1644220664064783e-04 -7.0037774770164514e-04 -4.3279129218943540e-03  0.0000000000000000e+00 -5.0304185088907793e-01
  58 -6.5772091049189779e-04 -5.8509834574645982e-04 -2.2759871976650485e-03 -3.5584556869601171e-03  0.0000000000000000e+00 -5.1399113225239279e-01
  59 -2.8706791167494068e-04 -7.9856567410422324e-06 -3.5141032202245311e-03 -1.8585576897089311e-03  0.0000000000000000e+00 -5.0293381967721296e-01
  60  3.3978210119092251e-04  5.1848376607572502e-04 -4.1255449437306970e-03  1.8665019480594512e-04  0.0000000000000000e+00 -4.8606964746436770e-01
  61  5.0713833143404695e-04  4.9087127975042848e-04 -3.6475219499866353e-03  2.0448712263031361e-03  0.0000000000000000e+00 -4.8550799393802080e-01
  62  2.1045297143653920e-05  1.2060273610259203e-04 -2.2035973274452231e-03  3.5189234804648387e-03  0.0000000000000000e+00 -5.0678453894919440e-01
  63 -6.2933378783502556e-04 -1.7124825115595669e-04 -4.8235162550829729e-04  4.3944872404237060e-03  0.0000000000000000e+00 -5.3918573651349933e-01
  64 -7.8450762826447076e-04 -2.3136591762010493e-04  1.1464535456665260e-03  4.2608852426911717e-03  0.0000000000000000e+00 -5.6455182318332708e-01
  65 -2.8440820668052707e-04 -1.3740187286977640e-04  2.7214830988265626e-03  3.0559548379095560e-03  0.0000000000000000e+00 -5.6786412641882211e-01
  66  3.0536465157897711e-04 -3.9601896575622605e-05  3.9267330821658800e-03  1.2288914152381828e-03  0.0000000000000000e+00 -5.5273204097123352e-01
  67  3.5171285227627024e-04  1.1110320496228787e-04  4.1018169226837873e-03 -7.9794045690960989e-04  0.0000000000000000e+00 -5.3948083170312888e-01
  68 -4.3863600715533845e-05  3.9232660654668855e-04  3.1814736315107493e-03 -2.6811303476457263e-03  0.0000000000000000e+00 -5.4464653550675779e-01
  69 -3.1887816781686601e-04  4.3848947060398506e-04  1.6785951739969134e-03 -3.9914983804793473e-03  0.0000000000000000e+00 -5.7041435301506982e-01
  70 -3.4561433519327521e-04 -2.3208963767408611e-05 -6.7034018882486309e-05 -4.4088935933450412e-03  0.0000000000000000e+00 -6.0318309061652298e-01
  71 -3.4663074229215185e-04 -5.4762233177057292e-04 -1.8232805424312050e-03 -3.8949590256682218e-03  0.0000000000000000e+00 -6.2252304199480890e-01
  72 -2.6992456401479055e-04 -4.8721581748136536e-04 -3.2566397575689177e-03 -2.4937237256393318e-03  0.0000000000000000e+00 -6.1736648084725410e-01
  73 -1.3949621069771652e-05  1.3445539022300171e-04 -4.0378438910177667e-03 -4.8566483520896879e-04  0.0000000000000000e+00 -5.9930879622494404e-01
  74  2.5163371692646792e-04  6.7611094361699580e-04 -3.8889611436483890e-03  1.5482873049335846e-03  0.0000000000000000e+00 -5.9067892874301819e-01
  75  2.7239747587539943e-04  5.6878908576782805e-04 -2.7669185918114837e-03  3.1327171047574229e-03  0.0000000000000000e+00 -6.0479116702675639e-01
  76 -1.2175872655495483e-04 -6.9410290596906850e-05 -1.0373566707503124e-03  4.1261104895174540e-03  0.0000000000000000e+00 -6.3648018589725153e-01
  77 -6.8156102017295078e-04 -5.2339557850724304e-04  7.1114631270981189e-04  4.3705204481562787e-03  0.0000000000000000e+00 -6.6631863770474331e-01
  78 -7.3388662291395945e-04 -3.5822912380735803e-04  2.2361126018853343e-03  3.5430825271641261e-03  0.0000000000000000e+00 -6.7707695103695165e-01
  79 -9.4064569410093159e-05  1.3208500343275375e-04  3.5398465405301290e-03  1.8193978807210403e-03  0.0000000000000000e+00 -6.6590053535691229e-01
  80  5.1329847065505077e-04  3.6146009418813719e-04  4.1690178114899210e-03 -1.8226523792325329e-04  0.0000000000000000e+00 -6.4974917304361757e-01
  81  3.9809938441438689e-04  2.6745092782613588e-04  3.6051743524154957e-03 -2.0634832049646616e-03  0.0000000000000000e+00 -6.4966765301762963e-01
  82 -2.2156100696152589e-04  1.6602462435732785e-04  2.1585647688279362e-03 -3.6041964822432189e-03  0.0000000000000000e+00 -6.7018418585614448e-01
  83 -6.5236937760067661e-04  5.0193744963247318e-05  4.9260802126621357e-04 -4.4384399126500117e-03  0.0000000000000000e+00 -7.0257019936217679e-01
  84 -5.5486817727207465e-04 -1.6831735404578148e-04 -1.1916377859481030e-03 -4.2170571331444943e-03  0.0000000000000000e+00 -7.2777510763939612e-01
  85 -1.3937861414183640e-04 -3.3579601014609894e-04 -2.8233819333685025e-03 -3.0242715592165553e-03  0.0000000000000000e+00 -7.3075570526219957e-01
  86  1.7264536448633415e-04 -2.1774361322500493e-04 -3.9476484738169212e-03 -1.1996498797633799e-03  0.0000000000000000e+00 -7.1506279499337133e-01
  87  1.5140280602019592e-04  2.2386711632190259e-04 -4.0583771655420681e-03  8.7971031763080471e-04  0.0000000000000000e+00 -7.0112716444148482e-01
  88 -3.4357392351245025e-06  6.2845789789079710e-04 -3.1786304819165071e-03  2.7405724872354934e-03  0.0000000000000000e+00 -7.0667253221458626e-01
  89 -8.1844976387094803e-05  4.4569164342747630e-04 -1.6577247177826161e-03  3.9496484593939396e-03  0.0000000000000000e+00 -7.3319080176827933e-01
  90 -2.6726528550559164e-04 -2.5507108041034185e-04  1.5369211453993830e-04  4.3611895968279782e-03  0.0000000000000000e+00 -7.6648128647715985e-01
  91 -5.3929653209627045e-04 -6.6948389592460828e-04  1.8558534445603332e-03  3.8892083676360482e-03  0.0000000000000000e+00 -7.8484806885691683e-01
  92 -4.3956330219636111e-04 -3.1717022042456068e-04  3.2127807239321895e-03  2.4439819328207725e-03  0.0000000000000000e+00 -7.7921329645389970e-01
  93  8.2395698960969682e-05  3.6628465967479572e-04  4.0310926158655010e-03  4.2122001437365232e-04  0.0000000000000000e+00 -7.6149075618001072e-01
  94  4.7247210425490846e-04  6.4092652610083076e-04  3.9062208523996224e-03 -1.5446742623639409e-03  0.0000000000000000e+00 -7.5398197428685487e-01
  95  2.7971248222803988e-04  3.2263086507660027e-04  2.7140649733362978e-03 -3.1223204565189616e-03  0.0000000000000000e+00 -7.6939724755067518e-01
  96 -3.6082792462258914e-04 -1.4851589042668415e-04  9.8753409921927384e-04 -4.1876698970593883e-03  0.0000000000000000e+00 -8.0052748196181722e-01
  97 -8.2692631966049140e-04 -3.3441730361027445e-04 -6.8643148868890612e-04 -4.4148380639938423e-03  0.0000000000000000e+00 -8.2995076928527378e-01
  98 -5.8116174356733050e-04 -1.8271966956651546e-04 -2.2459907247121616e-03 -3.5124566931348730e-03  0.0000000000000000e+00 -8.4054903898138378e-01
  99  1.2382896679569684e-04  3.3429758466138428e-05 -3.6186865125940894e-03 -1.8029377571448413e-03  0.0000000000000000e+00 -8.2913174924693500e-01
 100  4.8110644754797223e-04  1.1732833705964583e-04 -4.1857028806768131e-03  1.8962421399471805e-04  0.0000000000000000e+00 -8.1333956181906475e-01
 101  1.6509830127979476e-04  2.4545940106164907e-04 -3.5518813029894740e-03  2.1320791549052464e-03  0.0000000000000000e+00 -8.1245064455446370e-01
 102 -3.0955553174351563e-04  3.8279551785105317e-04 -2.1490633419892703e-03  3.6789269344873706e-03  0.0000000000000000e+00 -8.3284506433612771e-01
 103 -4.5584682107122841e-04  1.6936463452509864e-04 -4.7729815329449832e-04  4.4119221693639278e-03  0.0000000000000000e+00 -8.6543104007863514e-01
 104 -3.6361531485416923e-04 -3.2804685793474904e-04  1.2871542749785445e-03  4.1581403447687364e-03  0.0000000000000000e+00 -8.9064715834377872e-01
 105 -2.2115453107734089e-04 -5.4504412075663045e-04  2.8871523259681071e-03  2.9970732424909122e-03  0.0000000000000000e+00 -8.9293740259477028e-01
 106 -4.0085485611124717e-05 -1.6319442970153198e-04  3.9154068301676106e-03  1.1362112516558837e-03  0.0000000000000000e+00 -8.7646062952735027e-01
 107  1.2919065440725842e-04  4.7600318176592199e-04  4.0364639537020710e-03 -9.6296602390712931e-04  0.0000000000000000e+00 -8.6276591270589609e-01
 108  2.1140572420249012e-04  7.1569721794409935e-04  3.1845160605495867e-03 -2.7416821309233759e-03  0.0000000000000000e+00 -8.6927184510779809e-01
 109  5.0311467859988002e-05  2.4178390837154392e-04  1.5997633753261787e-03 -3.9045525884220042e-03  0.0000000000000000e+00 -8.9705858238318359e-01
 110 -4.2834878659161232e-04 -4.3607562521439833e-04 -2.1412765535373121e-04 -4.3748670231507497e-03  0.0000000000000000e+00 -9.3003292201013998e-01
 111 -7.5803826950440810e-04 -5.6208179400157919e-04 -1.8276270792098486e-03 -3.8987251147504852e-03  0.0000000000000000e+00 -9.4754224728520098e-01
 112 -4.0171324023079174e-04 -7.4683011108756360e-05 -3.1889483823486046e-03 -2.3947716276488248e-03  0.0000000000000000e+00 -9.4197791332212999e-01
 113  3.0980161405442895e-04  4.0179746935209881e-04 -4.0716633101416039e-03 -4.0013193725724384e-04  0.0000000000000000e+00 -9.2448073213615434e-01
 114  5.4926655070706000e-04  4.1096555577073765e-04 -3.9036526536178691e-03  1.5337653508607954e-03  0.0000000000000000e+00 -9.1826242910240519e-01
 115  7.7616341364642144e-05  1.7895981571855294e-04 -2.6494659715142117e-03  3.1714375633554379e-03  0.0000000000000000e+00 -9.3348888763346505e-01
 116 -5.5796544896613500e-04 -4.0280348209543858e-06 -9.7721403988375853e-04  4.2702637578377828e-03  0.0000000000000000e+00 -9.6408252839870312e-01
 117 -7.3220002401713498e-04 -1.3497999758374225e-04  6.8163550628732900e-04  4.4128233247479913e-03  0.0000000000000000e+00 -9.9349991868063148e-01
 118 -3.4050351032835090e-04 -2.2415972584278099e-04  2.3260857391460715e-03  3.4710570685222261e-03  0.0000000000000000e+00 -1.0037078195254532e+00
 119  1.6563587597545070e-04 -2.0527939188965706e-04  3.6934631589630403e-03  1.7881040703611392e-03  0.0000000000000000e+00 -9.9208997098611929e-01
 120  2.7882361533418057e-04  3.1823487183525892e-05  4.1593331893032288e-03 -2.3877575104723012e-04  0.0000000000000000e+00 -9.7560594037063830e-01
 121  2.6584932204327326e-05  4.4194762843477860e-04  3.5206103720194465e-03 -2.2196754997922505e-03  0.0000000000000000e+00 -9.7435887645333774e-01
 122 -1.6429409154355775e-04  5.6018685486621856e-04  2.1521928407156874e-03 -3.6920240695585238e-03  0.0000000000000000e+00 -9.9524465085307079e-01
 123 -2.3436666056304381e-04  6.1502088009830172e-05  4.1612884930386171e-04 -4.3471646210494303e-03  0.0000000000000000e+00 -1.0284106619854356e+00
 124 -3.9433244818438035e-04 -5.6101618498410671e-04 -1.3712738190735986e-03 -4.1281584312979520e-03  0.0000000000000000e+00 -1.0534010717541180e+00
 125 -4.4279431033235480e-04 -5.5596525385025988e-04 -2.8783753347233171e-03 -2.9683047174836582e-03  0.0000000000000000e+00 -1.0546261666389820e+00
 126 -1.2087821221162612e-04  7.4952052631213268e-05 -3.8761004407870938e-03 -1.0586751364267399e-03  0.0000000000000000e+00 -1.0381721071000913e+00
 127  3.0815408131647405e-04  6.3449153108044258e-04 -4.0484831404825920e-03  1.0026321040952611e-03  0.0000000000000000e+00 -1.0251339541900923e+00
 128  3.8719770352838132e-04  5.6568423122392466e-04 -3.1680876742512260e-03  2.7140602668424825e-03  0.0000000000000000e+00 -1.0331975296358074e+00
 129 -5.6415285175441354e-05  1.7384043749430004e-05 -1.5283923181698814e-03  3.9169027820812547e-03  0.0000000000000000e+00 -1.0615131996291758e+00
 130 -6.7781544645793574e-04 -3.9915809443359624e-04  2.2308990168016255e-04  4.4352287280950429e-03  0.0000000000000000e+00 -1.0936223226228490e+00
 131 -7.8993903514326040e-04 -3.3166061041775492e-04  1.7953996100468043e-03  3.8948370904584931e-03  0.0000000000000000e+00 -1.1110058031574153e+00
 132 -1.8383759524040111e-04  1.8612838780942015e-05  3.2304829282439008e-03  2.3606893867973797e-03  0.0000000000000000e+00 -1.1051463761446876e+00
 133  4.5469004801055099e-04  2.0949374773044784e-04  4.1276549761078080e-03  4.0157224794664005e-04  0.0000000000000000e+00 -1.0880896797887838e+00
 134  4.0658163084028674e-04  2.1357370839481847e-04  3.8676967410165284e-03 -1.5609022876371212e-03  0.0000000000000000e+00 -1.0819509545613921e+00
 135 -1.4709357315581881e-04  2.7014709770654569e-04  2.6070900202920730e-03 -3.2590438737563859e-03  0.0000000000000000e+00 -1.0964254076953037e+00
 136 -5.3147464313600798e-04  2.1575844753952543e-04  9.8328410678612992e-04 -4.3069026009696703e-03  0.0000000000000000e+00 -1.1271310187340291e+00
 137 -4.9025356540813867e-04 -1.1915723681411810e-04 -7.3504400423533010e-04 -4.3596942740538481e-03  0.0000000000000000e+00 -1.1565159688812590e+00
 138 -2.3695721660909648e-04 -4.4466110075701694e-04 -2.4285659328006459e-03 -3.4332167918570142e-03  0.0000000000000000e+00 -1.1664286538122555e+00
 139  1.1143388117831098e-06 -3.4257416496910847e-04 -3.7100542478157856e-03 -1.7530333734439945e-03  0.0000000000000000e+00 -1.1540047547984278e+00
 140  1.0389902560453027e-04  1.8973397167232001e-04 -4.1173160141770521e-03  3.2349105160521915e-04  0.0000000000000000e+00 -1.1370412719076901e+00
 141  1.1133705809944807e-04  6.6987650921225073e-04 -3.5203746251848038e-03  2.2747929599984938e-03  0.0000000000000000e+00 -1.1363410950776243e+00
 142  6.8496956439816265e-05  5.2293944747858233e-04 -2.1320116820312219e-03  3.6515599166962631e-03  0.0000000000000000e+00 -1.1582650520051920e+00
 143 -2.0739591030742355e-04 -1.8148699639619859e-04 -3.3504457976261183e-04  4.3133514643713356e-03  0.0000000000000000e+00 -1.1920894923040510e+00
 144 -6.1695894907098068e-04 -6.4180261402455713e-04  1.3937451270478298e-03  4.1404934712154931e-03  0.0000000000000000e+00 -1.2160827660528826e+00
 145 -5.8311993169521295e-04 -3.5721350635105592e-04  2.8333795661662324e-03  2.9323135158765014e-03  0.0000000000000000e+00 -1.2169479755887758e+00
 146  1.5730893906518831e-05  2.7929733350993632e-04  3.8794258756759291e-03  1.0046764137678112e-03  0.0000000000000000e+00 -1.2006810789728479e+00
 147  5.1698549768757710e-04  5.5127583508686115e-04  4.0750961842774495e-03 -9.9833505070160756e-04  0.0000000000000000e+00 -1.1886487744042109e+00
 148  3.4808073759867231e-04  3.2003599273879116e-04  3.1192308179817303e-03 -2.7157760701622367e-03  0.0000000000000000e+00 -1.1977824403778126e+00
 149 -3.0561157965660571e-04 -1.6203948564884992e-05  1.4796385337063852e-03 -3.9908625850156301e-03  0.0000000000000000e+00 -1.2254423978495097e+00
 150 -7.8119232112764769e-04 -1.9202960159594984e-04 -2.0435703380622172e-04 -4.4848253098298940e-03  0.0000000000000000e+00 -1.2573028682723155e+00
 151 -6.0212407650290796e-04 -1.9491423122851493e-04 -1.8196193569990761e-03 -3.8627993173022792e-03  0.0000000000000000e+00 -1.2744824934077175e+00
 152  1.4159954645074046e-05 -1.2334802054308290e-04 -3.3217243060134735e-03 -2.3392907829673042e-03  0.0000000000000000e+00 -1.2682967266780467e+00
 153  3.8351361053103066e-04 -1.8501384043089991e-05 -4.1500410822551924e-03 -3.8586076192356208e-04  0.0000000000000000e+00 -1.2512025714812771e+00
 154  1.7959353729445768e-04  2.4251139448621685e-04 -3.8192469341172416e-03  1.6345688822345834e-03  0.0000000000000000e+00 -1.2442103303770768e+00
 155 -1.8700557011341315e-04  5.0134406136438387e-04 -2.5994541997526508e-03  3.3281597288045586e-03  0.0000000000000000e+00 -1.2587470954347688e+00
 156 -3.1152621114922935e-04  2.9583803636192837e-04 -9.6514533121771226e-04  4.2724672959871795e-03  0.0000000000000000e+00 -1.2898255216148202e+00
 157 -3.3541359747337672e-04 -3.1255268448095896e-04  8.2853231370491956e-04  4.3001101091095619e-03  0.0000000000000000e+00 -1.3194448740399884e+00
 158 -3.6423579687119221e-04 -6.2650209429915770e-04  2.4817779039461776e-03  3.4096393463704188e-03  0.0000000000000000e+00 -1.3285343378652417e+00
 159 -2.0207546177798105e-04 -2.3958111076319226e-04  3.6730718805184359e-03  1.6916113907121094e-03  0.0000000000000000e+00 -1.3154163282525357e+00
 160  1.2688460264182922e-04  4.4387332729463108e-04  4.0992306330827058e-03 -4.0175068982334675e-04  0.0000000000000000e+00 -1.2988111858249847e+00
 161  3.3539636116034253e-04  7.1436555429340892e-04  3.5294148108209454e-03 -2.2745857357504510e-03  0.0000000000000000e+00 -1.2991907771655957e+00
 162  1.5575402222762482e-04  2.9616566118712386e-04  2.0764511763111571e-03 -3.6195724562101085e-03  0.0000000000000000e+00 -1.3225182806102351e+00
 163 -4.0572784323075468e-04 -3.2934140173309035e-04  2.7971312178451331e-04 -4.3471671991982689e-03  0.0000000000000000e+00 -1.3559610555233732e+00
 164 -8.1655502494737105e-04 -4.9906341741051490e-04 -1.3648314895693722e-03 -4.1675103013773139e-03  0.0000000000000000e+00 -1.3792514216483300e+00
 165 -5.0017111947925114e-04 -1.3288433590774587e-04 -2.8204612429616549e-03 -2.8940294021454331e-03  0.0000000000000000e+00 -1.3801001936809258e+00
 166  2.4727242664411667e-04  2.6322950385546486e-04 -3.9350483703723162e-03 -9.8763397323574950e-04  0.0000000000000000e+00 -1.3638310366606561e+00
 167  5.5348578018053502e-04  3.0673751371801698e-04 -4.0815266899978256e-03  9.9391498908192101e-04  0.0000000000000000e+00 -1.3527662566586203e+00
 168  1.2674852762071384e-04  2.1812325756964519e-04 -3.0585651234397021e-03  2.7734310906079086e-03  0.0000000000000000e+00 -1.3614164588588924e+00
 169 -4.6675977264323034e-04  1.6067263760812122e-04 -1.4680585377013825e-03  4.0733179801980060e-03  0.0000000000000000e+00 -1.3886834989953261e+00
 170 -6.4325189249785899e-04 -1.7615553891898832e-05  2.0877949340203388e-04  4.4753267922935389e-03  0.0000000000000000e+00 -1.4205952360390008e+00
 171 -3.7123000532610822e-04 -2.8451631849253243e-04  1.9088080714696929e-03  3.8130624817025636e-03  0.0000000000000000e+00 -1.4375025742155259e+00
 172  1.0732894581637505e-05 -3.5927457651340887e-04  3.3968502386285786e-03  2.3170978852997616e-03  0.0000000000000000e+00 -1.4309040431409656e+00
 173  1.7154886134914814e-04 -5.1844956700823462e-05  4.1239015077172781e-03  3.2954762312221021e-04  0.0000000000000000e+00 -1.4130056126796162e+00
 174  8.2886142952663113e-05  4.6768696652922881e-04  3.7914369952306358e-03 -1.7216134198512383e-03  0.0000000000000000e+00 -1.4058980580782798e+00
 175 -8.7172844661264372e-06  6.5049343020156267e-04  2.6033928933800318e-03 -3.3360461929327419e-03  0.0000000000000000e+00 -1.4211127445573040e+00
 176 -1.1687829259952671e-04  1.4728870730454913e-04  9.0556514650444420e-04 -4.2120999233306857e-03  0.0000000000000000e+00 -1.4530760329960588e+00
 177 -4.1854362866358967e-04 -5.3334134373293871e-04 -9.0284844277979659e-04 -4.2838586015857836e-03  0.0000000000000000e+00 -1.4824741475139875e+00
 178 -5.9343344826370370e-04 -5.9050788237296451e-04 -2.4638257978944742e-03 -3.3940809637457887e-03  0.0000000000000000e+00 -1.4905279572308143e+00
 179 -2.4019560331278733e-04  9.1725733453679996e-06 -3.6371340927143898e-03 -1.6241957918886444e-03  0.0000000000000000e+00 -1.4775055388750462e+00
 180  3.2995089158060418e-04  5.6091352251445056e-04 -4.1200984571524669e-03  4.3445284932277145e-04  0.0000000000000000e+00 -1.4614252758542612e+00
 181  4.7718041808824730e-04  5.2907983710347248e-04 -3.5179074274258176e-03  2.2537140487752108e-03  0.0000000000000000e+00 -1.4633612678718295e+00
 182  7.1599256315740319e-06  9.5544546833120566e-05 -2.0075771130583044e-03  3.6479566887841924e-03  0.0000000000000000e+00 -1.4869992412397306e+00
 183 -6.4423829397434866e-04 -2.4982886753020783e-04 -2.7015527055085370e-04  4.4208510483756177e-03  0.0000000000000000e+00 -1.5196904328516141e+00
 184 -8.0130610486052565e-04 -2.7385471042322147e-04  1.3425600070559676e-03  4.1698963374541065e-03  0.0000000000000000e+00 -1.5429068919797648e+00
 185 -2.6570767791008745e-04 -8.9696033066996423e-05  2.8779362927888372e-03  2.8602732313612635e-03  0.0000000000000000e+00 -1.5433553061459069e+00
 186  3.5793904648575561e-04  4.4855673351299377e-05  4.0019980406116483e-03  9.8384309760465578e-04  0.0000000000000000e+00 -1.5272517278311097e+00
 187  3.8354298203670457e-04  1.4481947353920532e-04  4.0515577940691012e-03 -1.0291838177341347e-03  0.0000000000000000e+00 -1.5159025995146957e+00
 188 -7.1174552026285069e-05  3.5253635875965992e-04  3.0198891822504721e-03 -2.8615006975680232e-03  0.0000000000000000e+00 -1.5238859004650975e+00
 189 -3.9236499850369154e-04  3.7121244543487843e-04  1.4718986537117511e-03 -4.1011548827834263e-03  0.0000000000000000e+00 -1.5513975469369539e+00
 190 -3.9986177900232006e-04 -4.9241850659439161e-05 -2.6672054906391821e-04 -4.4145582636611128e-03  0.0000000000000000e+00 -1.5834768311204936e+00
 191 -3.1522144009353916e-04 -5.1774649706262167e-04 -2.0069813057217297e-03 -3.7731899093180325e-03  0.0000000000000000e+00 -1.6001378656806691e+00
 192 -1.8093694596956814e-04 -4.5087985772472095e-04 -3.4056306750238469e-03 -2.2805212124205635e-03  0.0000000000000000e+00 -1.5925671114016136e+00
 193  2.7652236523341686e-05  1.4403821068596385e-04 -4.0823644720034327e-03 -2.4476837805484115e-04  0.0000000000000000e+00 -1.5744087465329732e+00
 194  2.0737051536336758e-04  6.7788317053364255e-04 -3.7944279076204224e-03  1.7722083130335992e-03  0.0000000000000000e+00 -1.5679545968971342e+00
 195  2.0974079331729050e-04  5.6949448384797496e-04 -2.5846255538338621e-03  3.2998348881314284e-03  0.0000000000000000e+00 -1.5844722452731483e+00
 196 -1.4193311888642215e-04 -9.7069345066992587e-05 -8.2918500927991470e-04  4.1953562935968152e-03  0.0000000000000000e+00 -1.6171457480358042e+00
 197 -6.6107697162897283e-04 -5.7091444221619287e-04  9.1831691645343611e-04  4.3163919821704181e-03  0.0000000000000000e+00 -1.6455696880646180e+00
 198 -6.9791971022517725e-04 -3.7244430501446007e-04  2.4210171378000896e-03  3.3731998819268500e-03  0.0000000000000000e+00 -1.6533649225257481e+00
 199 -6.7741675947472394e-05  1.7714616238421498e-04  3.6533593169448672e-03  1.5801105494396206e-03  0.0000000000000000e+00 -1.6403319209469507e+00
 200  5.2038474734605845e-04  4.3207406618883361e-04  4.1583839175383256e-03 -4.3020936966666130e-04  0.0000000000000000e+00 -1.6250568639932816e+00
 201  3.9537015136370838e-04  2.9323193693044141e-04  3.4743062020927374e-03 -2.2658252706137371e-03  0.0000000000000000e+00 -1.6277210864146965e+00
 202 -2.4126942643240909e-04  1.0898434610765986e-04  1.9600461490167317e-03 -3.7298729163048384e-03  0.0000000000000000e+00 -1.6506222702725846e+00
 203 -7.0071306770476231e-04 -3.1553412337643787e-05  2.8282729344611082e-04 -4.4697165832678605e-03  0.0000000000000000e+00 -1.6832146219288062e+00
 204 -5.8554559337558351e-04 -1.8031908449318734e-04 -1.3796878268723769e-03 -4.1315798053093407e-03  0.0000000000000000e+00 -1.7062445952374659e+00
 205 -9.6440898252422264e-05 -2.6808088441427122e-04 -2.9776702625040914e-03 -2.8316245263523736e-03  0.0000000000000000e+00 -1.7063493733954718e+00
 206  2.4944534332609644e-04 -1.5609598075980050e-04 -4.0263988144884025e-03 -9.5958520383694222e-04  0.0000000000000000e+00 -1.6898554614318801e+00
 207  1.7049743351169966e-04  2.2482875460520246e-04 -4.0068081630830798e-03  1.1077066589648826e-03  0.0000000000000000e+00 -1.6777273873277723e+00
 208 -6.2679349054141250e-05  5.9029681154902137e-04 -3.0146952346955130e-03  2.9254544299388082e-03  0.0000000000000000e+00 -1.6859697287145274e+00
 209 -1.5899666104497780e-04  4.0904527078165938e-04 -1.4528480123188535e-03  4.0621321001858904e-03  0.0000000000000000e+00 -1.7140874746964305e+00
 210 -2.8910580821407661e-04 -2.6866779302287116e-04  3.5565156949088659e-04  4.3604142004419824e-03  0.0000000000000000e+00 -1.7466175256543039e+00
 211 -4.8433311147869453e-04 -6.6578416017184529e-04  2.0481989197933615e-03  3.7598067829397704e-03  0.0000000000000000e+00 -1.7623616932780279e+00
 212 -3.6714102593755682e-04 -3.0564838642259027e-04  3.3640850601595841e-03  2.2265274271579525e-03  0.0000000000000000e+00 -1.7542142468949906e+00
 213  9.5055475519326528e-05  3.8850100194446182e-04  4.0699957892364929e-03  1.7434933979364797e-04  0.0000000000000000e+00 -1.7364220444824792e+00
 214  4.3212783379018639e-04  6.7590409047898407e-04  3.8087817428612866e-03 -1.7708454305026629e-03  0.0000000000000000e+00 -1.7310799945554016e+00
 215  2.4956294434331464e-04  3.2821790426131481e-04  2.5317692946462268e-03 -3.2813918108176793e-03  0.0000000000000000e+00 -1.7489966596688031e+00
 216 -3.6795444169660841e-04 -2.0578720936903559e-04  7.7673579891624303e-04 -4.2474532810884104e-03  0.0000000000000000e+00 -1.7811976807479317e+00
 217 -8.3161195028738232e-04 -3.9883702691299443e-04 -8.9217162817266328e-04 -4.3575111107349773e-03  0.0000000000000000e+00 -1.8090922606392856e+00
 218 -5.7204260425335767e-04 -1.7529964293643707e-04 -2.4213124700726220e-03 -3.3419312807275101e-03  0.0000000000000000e+00 -1.8167785395721778e+00
 219  1.5916551111192810e-04  1.1059775194062851e-04 -3.7243693768418892e-03 -1.5637875946304530e-03  0.0000000000000000e+00 -1.8035557787529872e+00
 220  5.1655114903466869e-04  1.8400369959292335e-04 -4.1737562190338716e-03  4.3278158824793775e-04  0.0000000000000000e+00 -1.7888610959314077e+00
 221  1.6463084121892145e-04  2.3775192734801660e-04 -3.4185031638024970e-03  2.3299448314667275e-03  0.0000000000000000e+00 -1.7908116104788538e+00
 222 -3.6014246951503859e-04  3.1232394025868947e-04 -1.9485708321361215e-03  3.8087626636462975e-03  0.0000000000000000e+00 -1.8134757693608374e+00
 223 -5.2543593327564046e-04  1.1195204647820512e-04 -2.7167083634682692e-04  4.4506074821433110e-03  0.0000000000000000e+00 -1.8462085205556353e+00
 224 -3.7496772724433781e-04 -3.1380960175553474e-04  1.4733911320036089e-03  4.0744461673830005e-03  0.0000000000000000e+00 -1.8691477693633851e+00
 225 -1.4692911608624025e-04 -4.9105867844095907e-04  3.0481041187480139e-03  2.8048321875237935e-03  0.0000000000000000e+00 -1.8686615673043030e+00
 226  3.4551242370841070e-05 -1.3624166460685322e-04  3.9977246024250068e-03  8.9851139215810607e-04  0.0000000000000000e+00 -1.8513455916426098e+00
 227  1.1784883999395542e-04  4.6993036813571616e-04  3.9819774724679166e-03 -1.1933096110875315e-03  0.0000000000000000e+00 -1.8393349256976064e+00
 228  1.4009420070539781e-04  7.0518180169950218e-04  3.0200763606617271e-03 -2.9301664372969024e-03  0.0000000000000000e+00 -1.8484393716427001e+00
 229  4.1191634948038694e-07  2.2537783156757280e-04  1.3954448362626431e-03 -4.0106498148694174e-03  0.0000000000000000e+00 -1.8777209156149892e+00
 230 -4.2113033922591567e-04 -4.6882269424954672e-04 -4.2138635790125257e-04 -4.3623486843805404e-03  0.0000000000000000e+00 -1.9100077961368136e+00
 231 -7.1156479147047296e-04 -5.8620220364179697e-04 -2.0236741127353172e-03 -3.7613992790705513e-03  0.0000000000000000e+00 -1.9248055436232483e+00
 232 -3.6035734711530070e-04 -5.7576519234733665e-05 -3.3342537889666907e-03 -2.1714603546222778e-03  0.0000000000000000e+00 -1.9167494613056810e+00
 233  3.1550647253083918e-04  4.5805199118835813e-04 -4.1027482950331956e-03 -1.4862457816268524e-04  0.0000000000000000e+00 -1.8992786505388741e+00
 234  5.3636442986593278e-04  4.6135098922185836e-04 -3.8042389102373115e-03  1.7563793896314688e-03  0.0000000000000000e+00 -1.8953502305971355e+00
 235  6.6624839112881329e-05  1.5905753642103345e-04 -2.4655586255681169e-03  3.3229297372846874e-03  0.0000000000000000e+00 -1.9132866079631015e+00
 236 -5.8485456368996568e-04 -8.6264080518374885e-05 -7.6546164860713669e-04  4.3289837111568398e-03  0.0000000000000000e+00 -1.9448623557596381e+00
 237 -7.6855692872694419e-04 -1.8676469960765668e-04  8.8067007813161040e-04  4.3600661207321596e-03  0.0000000000000000e+00 -1.9727295044141879e+00
 238 -3.3030324746673954e-04 -1.8324130845047141e-04  2.4932311408128217e-03  3.3037861455838357e-03  0.0000000000000000e+00 -1.9800010503620404e+00
 239  2.3050125832705615e-04 -1.2330118451298920e-04  3.7990003954774575e-03  1.5528253214520346e-03  0.0000000000000000e+00 -1.9666914365297941e+00
 240  3.2574713835324247e-04  6.5832667856895291e-05  4.1480981715820873e-03 -4.7621180153764803e-04  0.0000000000000000e+00 -1.9514291046785006e+00
 241  6.5605880348370209e-07  4.1145273406808402e-04  3.3839388506540697e-03 -2.4178794558151707e-03  0.0000000000000000e+00 -1.9528786348886420e+00
 242 -2.4176432240638547e-04  5.0621266319454477e-04  1.9518528035500410e-03 -3.8283450334669808e-03  0.0000000000000000e+00 -1.9759400249634240e+00
 243 -2.9174176627251623e-04  3.4103757551221902e-05  2.1237681102206194e-04 -4.3861686718019753e-03  0.0000000000000000e+00 -2.0091016123576284e+00
 244 -3.7059856631461145e-04 -5.5030570548869639e-04 -1.5636583129373808e-03 -4.0385863360090091e-03  0.0000000000000000e+00 -2.0318377800693961e+00
 245 -3.5970896215381531e-04 -5.3472888680017685e-04 -3.0469963407960109e-03 -2.7725796083440087e-03  0.0000000000000000e+00 -2.0302921175634006e+00
 246 -7.3285483971312760e-05  8.8234808726921811e-05 -3.9568049865768432e-03 -8.1772661855899120e-04  0.0000000000000000e+00 -2.0129018598925565e+00
 247  2.7670205752256433e-04  6.5267198352991892e-04 -3.9897576021362758e-03  1.2383914927243324e-03  0.0000000000000000e+00 -2.0015610609305750e+00
 248  3.3539857655115137e-04  5.8237319809575027e-04 -3.0037496333445413e-03  2.8998421971020752e-03  0.0000000000000000e+00 -2.0121578521417325e+00
 249 -7.4663379604436223e-05 -1.0469031499914830e-05 -1.3226159531286178e-03  4.0119568140941720e-03  0.0000000000000000e+00 -2.0420949868383564e+00
 250 -6.7206385364320157e-04 -4.6231045620766356e-04  4.3330163304670238e-04  4.4142235826035549e-03  0.0000000000000000e+00 -2.0734716872783285e+00
 251 -7.7461367121879469e-04 -3.5831476968821565e-04  1.9865874973002038e-03  3.7540725390520688e-03  0.0000000000000000e+00 -2.0880931736810986e+00
 252 -1.5808068609026750e-04  6.7081318587642667e-05  3.3655254866341256e-03  2.1346619615382162e-03  0.0000000000000000e+00 -2.0798314600062016e+00
 253  4.8144654390804801e-04  2.8892420470763921e-04  4.1538127048949625e-03  1.5124598261623113e-04  0.0000000000000000e+00 -2.0629116320333432e+00
 254  4.1709349737026043e-04  2.4501557326509578e-04  3.7669095250442547e-03 -1.7774742544357843e-03  0.0000000000000000e+00 -2.0593134816759422e+00
 255 -1.7048674753449724e-04  2.1938748928305565e-04  2.4201919435646855e-03 -3.4089601676534314e-03  0.0000000000000000e+00 -2.0764757899806430e+00
 256 -5.9202457152525716e-04  1.3581022521599642e-04  7.7323782192665680e-04 -4.3723723593266459e-03  0.0000000000000000e+00 -2.1080872377398330e+00
 257 -5.3376982724002335e-04 -1.3919215695404319e-04 -9.2787102640171288e-04 -4.3127189802580320e-03  0.0000000000000000e+00 -2.1358553155406370e+00
 258 -1.9791548636370824e-04 -3.8984168882499778e-04 -2.5965059791243006e-03 -3.2678478201149316e-03  0.0000000000000000e+00 -2.1428148749596168e+00
 259  8.7268520434049716e-05 -2.8823870126657661e-04 -3.8211651991369288e-03 -1.5213122681918166e-03  0.0000000000000000e+00 -2.1288271886440286e+00
 260  1.3353954850224277e-04  1.9433180407943984e-04 -4.1054213447418598e-03  5.5877983173285655e-04  0.0000000000000000e+00 -2.1129531521828486e+00
 261  5.5642673443128784e-05  6.4721440240317959e-04 -3.3813287230838409e-03  2.4773962658117491e-03  0.0000000000000000e+00 -2.1148490132318583e+00
 262 -5.5432910163780871e-06  5.0004889190942935e-04 -1.9330654529861547e-03  3.7885614521107665e-03  0.0000000000000000e+00 -2.1387923299365741e+00
 263 -2.3030162475096348e-04 -2.0274569676532363e-04 -1.2890081205859050e-04  4.3432358960520806e-03  0.0000000000000000e+00 -2.1725830960495354e+00
 264 -5.7526644320255176e-04 -6.5980293672104060e-04  1.5936233267595063e-03  4.0411423515380167e-03  0.0000000000000000e+00 -2.1943517725511450e+00
 265 -5.2153327868441801e-04 -3.5512949311546386e-04  3.0025801459451912e-03  2.7307262348560887e-03  0.0000000000000000e+00 -2.1923526198100212e+00
 266  3.6612341218562331e-05  3.1183537705894976e-04  3.9528413727790935e-03  7.5732360086713107e-04  0.0000000000000000e+00 -2.1752305723563263e+00
 267  4.9457212415863604e-04  6.0230032664681718e-04  4.0121639036763187e-03 -1.2358554746743744e-03  0.0000000000000000e+00 -2.1649333711933614e+00
 268  3.2780564412757883e-04  3.3530945468194774e-04  2.9543960474744165e-03 -2.8940771784888406e-03  0.0000000000000000e+00 -2.1767745966545586e+00
 269 -3.1789717814220550e-04 -7.5580595896439673e-05  1.2716449088196388e-03 -4.0787856064958862e-03  0.0000000000000000e+00 -2.2061317349896106e+00
 270 -8.0500097561688334e-04 -2.6725805221110695e-04 -4.1226052298661432e-04 -4.4639989888153944e-03  0.0000000000000000e+00 -2.2371540440276583e+00
 271 -6.0980182053418106e-04 -1.9574054622757290e-04 -2.0011685360730442e-03 -3.7244280082604827e-03  0.0000000000000000e+00 -2.2516007683929127e+00
 272  5.4997390803112502e-05 -4.6360632316133505e-05 -3.4505198727457541e-03 -2.1152720074111620e-03  0.0000000000000000e+00 -2.2430306531119895e+00
 273  4.3775550022633075e-04  4.9238921669061301e-05 -4.1764506956843252e-03 -1.4079226772764788e-04  0.0000000000000000e+00 -2.2262878648671354e+00
 274  1.8636027051850064e-04  2.3940193923700749e-04 -3.7162164961846199e-03  1.8470706915331204e-03  0.0000000000000000e+00 -2.2218527867120721e+00
 275 -2.4289344665125222e-04  4.4241565385504160e-04 -2.4101924315089547e-03  3.4826669845366928e-03  0.0000000000000000e+00 -2.2389532224989721e+00
 276 -3.8725241710831949e-04  2.4333059844578418e-04 -7.5804494844361849e-04  4.3441266139077938e-03  0.0000000000000000e+00 -2.2708438868633700e+00
 277 -3.5362685651790652e-04 -3.1087741133884096e-04  1.0216942875432874e-03  4.2519595429103760e-03  0.0000000000000000e+00 -2.2987410121920511e+00
 278 -2.9548812476962600e-04 -5.9091926002114261e-04  2.6580197070568317e-03  3.2414704198241218e-03  0.0000000000000000e+00 -2.3049642777487649e+00
 279 -1.2345308445163380e-04 -2.1730121417272454e-04  3.7879889503489687e-03  1.4596130490269602e-03  0.0000000000000000e+00 -2.2902080215239744e+00
 280  1.2594329906077110e-04  4.4884232880711231e-04  4.0837933759630797e-03 -6.4089039525373499e-04  0.0000000000000000e+00 -2.2746227941470827e+00
 281  2.7381775537016912e-04  7.2236601986033723e-04  3.3891376000596486e-03 -2.4801939983084454e-03  0.0000000000000000e+00 -2.2775271725212165e+00
 282  1.1219837315948420e-04  2.8820736518523704e-04  1.8779572919625624e-03 -3.7489779800406659e-03  0.0000000000000000e+00 -2.3028358347942048e+00
 283 -4.0483825921624702e-04 -3.7446893892206779e-04  6.9504208757429153e-05 -4.3652958209622703e-03  0.0000000000000000e+00 -2.3363311603143520e+00
 284 -7.9017728003852327e-04 -5.4126863944631818e-04 -1.5661792142179776e-03 -4.0610213235397164e-03  0.0000000000000000e+00 -2.3572890241659374e+00
 285 -4.6913276837830367e-04 -1.1854325363928153e-04 -2.9819028020481846e-03 -2.6878383969691885e-03  0.0000000000000000e+00 -2.3553200654316377e+00
 286  2.6692295492176227e-04  3.3048678115640113e-04 -3.9999093355227765e-03 -7.3717830673881003e-04  0.0000000000000000e+00 -2.3382874387038832e+00
 287  5.5942576217584881e-04  3.6656649239660296e-04 -4.0162843589849374e-03  1.2275803763678870e-03  0.0000000000000000e+00 -2.3291366164467289e+00
 288  1.1941392359514661e-04  2.0413676106648528e-04 -2.8916691481378114e-03  2.9456833130199010e-03  0.0000000000000000e+00 -2.3406829582545821e+00
 289 -5.0399338537029221e-04  8.0003483521215240e-05 -1.2588166563210681e-03  4.1628068814564215e-03  0.0000000000000000e+00 -2.3695488886826652e+00
 290 -6.9601604424209668e-04 -7.5434598614068453e-05  4.1074744305828455e-04  4.4612765628119534e-03  0.0000000000000000e+00 -2.4005952299729141e+00
 291 -3.7087605387946460e-04 -2.5363099654591027e-04  2.0844369335308120e-03  3.6786272265559835e-03  0.0000000000000000e+00 -2.4147036602346263e+00
 292  8.2792891794112490e-05 -2.8480926252778550e-04  3.5282842865224581e-03  2.0965002405982465e-03  0.0000000000000000e+00 -2.4058276130208442e+00
 293  2.3245193441004866e-04 -1.9139363097074188e-05  4.1524477239676836e-03  8.9521725854708545e-05  0.0000000000000000e+00 -2.3883365241493255e+00
 294  6.1509131400048147e-05  4.4677819106362575e-04  3.6854437071207765e-03 -1.9348285967591625e-03  0.0000000000000000e+00 -2.3836274324324664e+00
 295 -8.6554516563085179e-05  6.1266398380611226e-04  2.4140002181626545e-03 -3.4958322298067946e-03  0.0000000000000000e+00 -2.4013012859755865e+00
 296 -1.7388098294983742e-04  1.2205386193491971e-04  6.9953666614216102e-04 -4.2811208757425681e-03  0.0000000000000000e+00 -2.4339210685725092e+00
 297 -4.0238823717783027e-04 -5.4139127719140243e-04 -1.1023961392279968e-03 -4.2266573434794914e-03  0.0000000000000000e+00 -2.4616401319846481e+00
 298 -5.2188784920323167e-04 -5.8676302176128507e-04 -2.6468346507728647e-03 -3.2197085942076123e-03  0.0000000000000000e+00 -2.4667914148247228e+00
 299 -1.9096644393269438e-04  2.5042071377197045e-05 -3.7490277267371360e-03 -1.3870940477451392e-03  0.0000000000000000e+00 -2.4520801104678220e+00
 300  3.1337269239016535e-04  5.9505323121752083e-04 -4.0988947862295793e-03  6.7924195620619715e-04  0.0000000000000000e+00 -2.4370799631313753e+00
 301  4.3902348905909235e-04  5.6095356482444892e-04 -3.3768349090462714e-03  2.4562696748017645e-03  0.0000000000000000e+00 -2.4415482200847438e+00
 302 -8.5549895581736619e-06  7.0265726580182364e-05 -1.8078374298207988e-03  3.7673535742911999e-03  0.0000000000000000e+00 -2.4673463544575496e+00
 303 -6.5227671460431737e-04 -3.2419737813311968e-04 -5.8237546151811098e-05  4.4331010268539575e-03  0.0000000000000000e+00 -2.5000256661853295e+00
 304 -8.0761116957292088e-04 -3.1263018052096617e-04  1.5377465682722444e-03  4.0630475060742842e-03  0.0000000000000000e+00 -2.5208735965922600e+00
 305 -2.4451002422395338e-04 -4.1992148380754163e-05  3.0291924766182787e-03  2.6540378001808692e-03  0.0000000000000000e+00 -2.5185543565090858e+00
 306  4.0240044686489423e-04  1.2897776329509578e-04  4.0631483114763256e-03  7.3595009923807313e-04  0.0000000000000000e+00 -2.5018019722142735e+00
 307  4.0868051653083804e-04  1.7960707938758974e-04  3.9853926891895543e-03 -1.2569476707914213e-03  0.0000000000000000e+00 -2.4925869446638997e+00
 308 -9.6685542182465374e-05  3.0978860994529330e-04  2.8496305368822068e-03 -3.0332363300444392e-03  0.0000000000000000e+00 -2.5033922741136374e+00
 309 -4.6191988868708842e-04  2.9828589455683385e-04  1.2635386324808125e-03 -4.1980240513613178e-03  0.0000000000000000e+00 -2.5324246999514970e+00
 310 -4.5251090463862198e-04 -7.5071809432706774e-05 -4.6443577897645747e-04 -4.4050039397583425e-03  0.0000000000000000e+00 -2.5635318394841784e+00
 311 -2.8243776322354059e-04 -4.7941862003569137e-04 -2.1860846081251605e-03 -3.6381345923101830e-03  0.0000000000000000e+00 -2.5773846625255779e+00
 312 -9.1417605892916008e-05 -4.0724412064709720e-04 -3.5442154595055381e-03 -2.0610424291572379e-03  0.0000000000000000e+00 -2.5676179808878392e+00
 313  6.7197433631385330e-05  1.5232712267478792e-04 -4.1104555535904233e-03 -5.0592081126213177e-06  0.0000000000000000e+00 -2.5497278414842404e+00
 314  1.5932302912987579e-04  6.7121806183696264e-04 -3.6856935082130839e-03  1.9900789510349133e-03  0.0000000000000000e+00 -2.5456092294260486e+00
 315  1.4204056857563789e-04  5.6218030982810427e-04 -2.3962340490691499e-03  3.4586223701466171e-03  0.0000000000000000e+00 -2.5644446958527278e+00
 316 -1.6419651864450416e-04 -1.2279457694684934e-04 -6.2112267215813351e-04  4.2536547196883124e-03  0.0000000000000000e+00 -2.5978018219360073e+00
 317 -6.3379742078225536e-04 -6.0915155897834044e-04  1.1235987428715555e-03  4.2487287838840569e-03  0.0000000000000000e+00 -2.6245477536516715e+00
 318 -6.5226431983673679e-04 -3.8171132235057155e-04  2.6024725396655243e-03  3.1927557745128118e-03  0.0000000000000000e+00 -2.6293598683000008e+00
 319 -4.1935877629120830e-05  2.1785774014094784e-04  3.7564093159167091e-03  1.3372736742997549e-03  0.0000000000000000e+00 -2.6147440450401636e+00
 320  5.1756117502229845e-04  4.9688732727532338e-04  4.1320341619468688e-03 -6.7592545216925968e-04  0.0000000000000000e+00 -2.6006253075332406e+00
 321  3.8641563433646967e-04  3.1717500849403631e-04  3.3321961000725353e-03 -2.4616253615163076e-03  0.0000000000000000e+00 -2.6060518978441407e+00
 322 -2.5815871946141593e-04  5.1470884583981104e-05  1.7579944286316115e-03 -3.8445711895081450e-03  0.0000000000000000e+00 -2.6311641415928824e+00
 323 -7.4117443929758327e-04 -1.1287549723348605e-04  7.3319251978778508e-05 -4.4853572104864379e-03  0.0000000000000000e+00 -2.6636516989338257e+00
 324 -6.0977487928565155e-04 -1.9020451205585084e-04 -1.5660882250613680e-03 -4.0295472454018339e-03  0.0000000000000000e+00 -2.6843092048844497e+00
 325 -5.4426880987986600e-05 -1.9663902188223067e-04 -3.1250693947998259e-03 -2.6284131123317693e-03  0.0000000000000000e+00 -2.6816380398471029e+00
 326  3.1985748117002385e-04 -9.0695282421822390e-05 -4.0898891868470797e-03 -7.1694552406066246e-04  0.0000000000000000e+00 -2.6646845865399276e+00
 327  1.8644875298457132e-04  2.2551435179503986e-04 -3.9390660419341330e-03  1.3317487711791180e-03  0.0000000000000000e+00 -2.6546338936667904e+00
 328 -1.2076331107846011e-04  5.4504347956886535e-04 -2.8419746366044594e-03  3.1016692756702952e-03  0.0000000000000000e+00 -2.6655715275983236e+00
 329 -2.3696228538697562e-04  3.6577395706404548e-04 -1.2465679710242361e-03  4.1631875497643309e-03  0.0000000000000000e+00 -2.6950820808776088e+00
 330 -3.1167878628914991e-04 -2.7807298294459446e-04  5.5506030809993208e-04  4.3462698762247957e-03  0.0000000000000000e+00 -2.7265486254508220e+00
 331 -4.2494356864135568e-04 -6.5113054804408351e-04  2.2361187683095449e-03  3.6185745978447540e-03  0.0000000000000000e+00 -2.7395541575714657e+00
 332 -2.9054945472453252e-04 -2.9000835455396981e-04  3.5058830146549010e-03  2.0040117199013694e-03  0.0000000000000000e+00 -2.7291172345170605e+00
 333  1.0465925449758880e-04  4.0469161027324908e-04  4.0933323085674987e-03 -7.0706313147654099e-05  0.0000000000000000e+00 -2.7115883509472245e+00
 334  3.8407160248370788e-04  7.0196486674809551e-04  3.6976847494447425e-03 -1.9913732461050351e-03  0.0000000000000000e+00 -2.7085517237239385e+00
 335  2.1399088182124163e-04  3.3003373806251608e-04  2.3436002456133673e-03 -3.4322373393669350e-03  0.0000000000000000e+00 -2.7288313612126758e+00
 336 -3.7270003931014531e-04 -2.5920753545221904e-04  5.6567988736575892e-04 -4.2952031779402849e-03  0.0000000000000000e+00 -2.7618094214008262e+00
 337 -8.2594656539323422e-04 -4.5713234558240434e-04 -1.0969949792333860e-03 -4.2849454730368840e-03  0.0000000000000000e+00 -2.7879103765635285e+00
 338 -5.5519936459806065e-04 -1.6642588796529772e-04 -2.5937013142196567e-03 -3.1593093458855068e-03  0.0000000000000000e+00 -2.7926661924300662e+00
 339  1.8982225649671796e-04  1.8497714130753944e-04 -3.8189793461323300e-03 -1.3198960353973063e-03  0.0000000000000000e+00 -2.7779279705370419e+00
 340  5.4230040702060028e-04  2.5009704900000849e-04 -4.1454891947540632e-03  6.7412904242389489e-04  0.0000000000000000e+00 -2.7646003514303881e+00
 341  1.6219954347447167e-04  2.2949322323776857e-04 -3.2739937596305683e-03  2.5207777687896319e-03  0.0000000000000000e+00 -2.7694510760069897e+00
 342 -4.0595299777816576e-04  2.3791260277059663e-04 -1.7447085097802935e-03  3.9268339432151278e-03  0.0000000000000000e+00 -2.7942170833692987e+00
 343 -5.9065433171097490e-04  5.2299899780167016e-05 -6.6881086392237845e-05  4.4738605806661086e-03  0.0000000000000000e+00 -2.8268001053744540e+00
 344 -3.8422382085370429e-04 -2.9492537398094135e-04  1.6564643499494113e-03  3.9754123651702259e-03  0.0000000000000000e+00 -2.8472718339507006e+00
 345 -7.3090987645451689e-05 -4.2900944600742890e-04  3.2008513775510540e-03  2.6033178190202869e-03  0.0000000000000000e+00 -2.8441095833577172e+00
 346  1.0656632450819927e-04 -1.0624060567515647e-04  4.0645678061519037e-03  6.5938690990453960e-04  0.0000000000000000e+00 -2.8263292904424242e+00
 347  1.0404149536439593e-04  4.5897516853622309e-04  3.9114521937179021e-03 -1.4188923462576148e-03  0.0000000000000000e+00 -2.8162510004235788e+00
 348  6.5819936592318514e-05  6.8515573365543535e-04  2.8469603638176313e-03 -3.1105583943571323e-03  0.0000000000000000e+00 -2.8279477998294169e+00
 349 -5.3348371382723570e-05  2.0552623345647682e-04  1.1898935948677660e-03 -4.1065700845869827e-03  0.0000000000000000e+00 -2.8584891921283795e+00
 350 -4.1198551456816869e-04 -4.9374555872209991e-04 -6.2652538536235190e-04 -4.3370210645970108e-03  0.0000000000000000e+00 -2.8897760866395767e+00
 351 -6.5605579915043052e-04 -6.0126857907513308e-04 -2.2166032877835727e-03 -3.6123571671882481e-03  0.0000000000000000e+00 -2.9017638854104537e+00
 352 -3.1455402141898251e-04 -4.1046523193314315e-05 -3.4712357993180913e-03 -1.9430082191480276e-03  0.0000000000000000e+00 -2.8914135529096381e+00
 353  3.1440071785327693e-04  5.0690962246025797e-04 -4.1188038101476650e-03  1.0169489526548657e-04  0.0000000000000000e+00 -2.8742970884861849e+00
 354  5.1435908308827914e-04  5.0672310837181797e-04 -3.6914315926887156e-03  1.9736801589907865e-03  0.0000000000000000e+00 -2.8727568546733360e+00
 355  5.3927631705151127e-05  1.3842552849374512e-04 -2.2760135937912322e-03  3.4653026660143261e-03  0.0000000000000000e+00 -2.8932655702406689e+00
 356 -6.0532424442197720e-04 -1.6678587349266044e-04 -5.5327992018083295e-04  4.3739047590856412e-03  0.0000000000000000e+00 -2.9255399258541877e+00
 357 -7.9556290763717113e-04 -2.3609262755561785e-04  1.0788742093785695e-03  4.2904827986663518e-03  0.0000000000000000e+00 -2.9515866627417990e+00
 358 -3.1691409493833867e-04 -1.4049191286782429e-04  2.6564444509209720e-03  3.1235535273415609e-03  0.0000000000000000e+00 -2.9559293838361893e+00
 359  2.8915726786564092e-04 -3.9160938487333098e-05  3.8919703421497987e-03  1.3125121101911765e-03  0.0000000000000000e+00 -2.9412147982829295e+00
 360  3.6626465587159080e-04  1.0177606283054850e-04  4.1199510318052661e-03 -7.1169487422749532e-04  0.0000000000000000e+00 -2.9274847383889142e+00
 361 -2.4628378085079522e-05  3.7753941599384856e-04  3.2360366915843907e-03 -2.6086719342070094e-03  0.0000000000000000e+00 -2.9317123575400892e+00
 362 -3.1706680015222802e-04  4.4481084529678761e-04  1.7482240796233507e-03 -3.9533833438931921e-03  0.0000000000000000e+00 -2.9567875431611257e+00
 363 -3.4948355073135824e-04  5.6268161047651418e-06  1.0197790610921973e-05 -4.4114753587694965e-03  0.0000000000000000e+00 -2.9896596612984552e+00
 364 -3.4520998474430430e-04 -5.3051130448257143e-04 -1.7521026824003142e-03 -3.9355407095582502e-03  0.0000000000000000e+00 -3.0099351287045120e+00
 365 -2.7315023512268347e-04 -5.0506322026717802e-04 -3.2076071964671532e-03 -2.5691077474456160e-03  0.0000000000000000e+00 -3.0057479975830352e+00
 366 -2.6206171244859465e-05  1.0006655284510550e-04 -4.0227467475650929e-03 -5.7662198937211660e-04  0.0000000000000000e+00 -2.9877751493716951e+00
 367  2.3992204528678097e-04  6.6223793931150389e-04 -3.9155856698650862e-03  1.4691645697373452e-03  0.0000000000000000e+00 -2.9783537864555067e+00
 368  2.7713810668602499e-04  5.9132344796837761e-04 -2.8310621723470798e-03  3.0781636935335683e-03  0.0000000000000000e+00 -2.9914446471048235e+00
 369 -9.5095871535635202e-05 -3.7442071162190613e-05 -1.1155144220654414e-03  4.0967203100245172e-03  0.0000000000000000e+00 -3.0227330674306394e+00
 370 -6.5934733072712159e-04 -5.1791910214106778e-04  6.4232145283288811e-04  4.3792936583860968e-03  0.0000000000000000e+00 -3.0530837362219678e+00
 371 -7.4857654629541573e-04 -3.8012279533945954e-04  2.1758448694910119e-03  3.6002977811896491e-03  0.0000000000000000e+00 -3.0648309581636792e+00
 372 -1.3137076246827183e-04  1.1279487714918936e-04  3.4925478062604732e-03  1.9022354689382632e-03  0.0000000000000000e+00 -3.0543770608796850e+00
 373  4.9852582308627989e-04  3.6447696601646834e-04  4.1645076304184288e-03 -9.8784785644969472e-05  0.0000000000000000e+00 -3.0379118950107649e+00
 374  4.2100279021662197e-04  2.7579986197126674e-04  3.6527391325898752e-03 -1.9885913679502940e-03  0.0000000000000000e+00 -3.0369554586004668e+00
 375 -1.9125253052502158e-04  1.6691908172796914e-04  2.2279038027186522e-03 -3.5487102362975619e-03  0.0000000000000000e+00 -3.0567011376062818e+00
 376 -6.4617916106938882e-04  5.3702934754742646e-05  5.6296457446352558e-04 -4.4231083645956838e-03  0.0000000000000000e+00 -3.0889291477212319e+00
 377 -5.7252561922032221e-04 -1.5764594984186579e-04 -1.1188663278403697e-03 -4.2490805367673499e-03  0.0000000000000000e+00 -3.1148336931875802e+00
 378 -1.5854607607382324e-04 -3.2901418207316777e-04 -2.7587422005047883e-03 -3.0903091045170741e-03  0.0000000000000000e+00 -3.1188429773806896e+00
 379  1.6954908828317337e-04 -2.2860020783747631e-04 -3.9187019783166474e-03 -1.2853687594767970e-03  0.0000000000000000e+00 -3.1036027390484140e+00
 380  1.5998459436816071e-04  1.9839644281153024e-04 -4.0764699373624785e-03  7.9130270157012840e-04  0.0000000000000000e+00 -3.0891501911800510e+00
 381 -8.7473629017981821e-07  6.1685326871867231e-04 -3.2310039117725130e-03  2.6724838489848982e-03  0.0000000000000000e+00 -3.0937087808974000e+00
 382 -8.2168984938916400e-05  4.6950381894160737e-04 -1.7309893010857013e-03  3.9155803536410671e-03  0.0000000000000000e+00 -3.1195150105193350e+00
 383 -2.5478437462008119e-04 -2.2074280749481191e-04  7.5481901657712473e-05  4.3608579241399556e-03  0.0000000000000000e+00 -3.1529571552089140e+00
 384 -5.2796564250095297e-04 -6.6699989105724073e-04  1.7902540861524506e-03  3.9291700796547950e-03  0.0000000000000000e+00 -3.1723121741199534e+00
 385 -4.5313647822178436e-04 -3.4834636533494912e-04  3.1650113952389554e-03  2.5220371322569055e-03  0.0000000000000000e+00 -3.1675739147610171e+00
 386  5.5286696612248204e-05  3.3867469829926527e-04  4.0124314226650110e-03  5.0993467866237193e-04  0.0000000000000000e+00 -3.1499236734655334e+00
 387  4.6318809317263433e-04  6.4529952988032116e-04  3.9342851636062926e-03 -1.4689144892980064e-03  0.0000000000000000e+00 -3.1415622841085096e+00
 388  3.0169318933347870e-04  3.4726584901090116e-04  2.7814992763292826e-03 -3.0647628332458742e-03  0.0000000000000000e+00 -3.1560277870822175e+00
 389 -3.2767036545862090e-04 -1.3297510934109842e-04  1.0622016099253084e-03 -4.1550438894563217e-03  0.0000000000000000e+00 -3.1868271320167829e+00
 390 -8.1915765943034143e-04 -3.3838256784714330e-04 -6.1954195156702020e-04 -4.4273303151988325e-03  0.0000000000000000e+00 -3.2167107705584157e+00
 391 -6.0957580320249595e-04 -1.9452664366344463e-04 -2.1808034142676586e-03 -3.5715163966059116e-03  0.0000000000000000e+00 -3.2283236007800422e+00
 392  9.2754854531611907e-05  3.0382976315539297e-05 -3.5701717582271356e-03 -1.8838992603196756e-03  0.0000000000000000e+00 -3.2175943669912694e+00
 393  4.8305151454292326e-04  1.1819250353328467e-04 -4.1864403112352854e-03  1.0428284441664654e-04  0.0000000000000000e+00 -3.2015235597898459e+00
 394  1.9058088287135399e-04  2.3605246427883919e-04 -3.5996933690636244e-03  2.0537953478662985e-03  0.0000000000000000e+00 -3.1997960731653552e+00
 395 -2.9516972651343071e-04  3.7800374159953061e-04 -2.2155899553903762e-03  3.6266625655487984e-03  0.0000000000000000e+00 -3.2193589665855189e+00
 396 -4.6074144560561764e-04  1.8653771969394357e-04 -5.5121078722390857e-04  4.4019148982165184e-03  0.0000000000000000e+00 -3.2517922661118535e+00
 397 -3.7088998150283702e-04 -3.0447672687608870e-04  1.2117782244738357e-03  4.1889265876250033e-03  0.0000000000000000e+00 -3.2777171090854149e+00
 398 -2.2495875380803838e-04 -5.4559457095964214e-04  2.8277432220104410e-03  3.0627930203426428e-03  0.0000000000000000e+00 -3.2810814182333843e+00
 399 -4.4867791547577147e-05 -1.9151556101586344e-04  3.8895353416185034e-03  1.2248212366563658e-03  0.0000000000000000e+00 -3.2650212148646292e+00
 400  1.2188441995316824e-04  4.4835687152129525e-04  4.0517609577777058e-03 -8.7631837349243669e-04  0.0000000000000000e+00 -3.2507543975224245e+00
 401  2.0722178910747010e-04  7.2081055040265694e-04  3.2378929605070923e-03 -2.6787162009351637e-03  0.0000000000000000e+00 -3.2562374021828582e+00
 402  6.3959319437730474e-05  2.7629930112521231e-04  1.6764730834422101e-03 -3.8691725310783446e-03  0.0000000000000000e+00 -3.2833280576160884e+00
 403 -4.0196736795041290e-04 -4.1322695827128496e-04 -1.3947888208993363e-04 -4.3709748640338025e-03  0.0000000000000000e+00 -3.3165564308469304e+00
 404 -7.5371979797967423e-04 -5.7513323129380033e-04 -1.7656230565115121e-03 -3.9411776123016657e-03  0.0000000000000000e+00 -3.3350034431130511e+00
 405 -4.3182259285616618e-04 -1.0387558266768178e-04 -3.1376419914704821e-03 -2.4737347447600657e-03  0.0000000000000000e+00 -3.3303254235942195e+00
 406  2.8033892693797487e-04  3.9180152245756343e-04 -4.0511153568628926e-03 -4.8568908947880417e-04  0.0000000000000000e+00 -3.3128630865089721e+00
 407  5.5565293099350680e-04  4.2299761234197437e-04 -3.9360775500144850e-03  1.4571676864390168e-03  0.0000000000000000e+00 -3.3057957273227143e+00
 408  1.1035508616354121e-04  1.8929295261799686e-04 -2.7169993250996572e-03  3.1095053349736741e-03  0.0000000000000000e+00 -3.3201752389721690e+00
 409 -5.3536358085337274e-04 -1.4060594436531830e-06 -1.0482034269920009e-03  4.2391326489861370e-03  0.0000000000000000e+00 -3.3503935729590992e+00
 410 -7.4117424976360134e-04 -1.3250335100773675e-04  6.1179342322711092e-04  4.4303783008227977e-03  0.0000000000000000e+00 -3.3802757594629447e+00
 411 -3.6727588092351314e-04 -2.1944489359163125e-04  2.2567691380092287e-03  3.5295588951102983e-03  0.0000000000000000e+00 -3.3915052963286643e+00
 412  1.5093894884581614e-04 -2.0567077633386940e-04  3.6489476908046900e-03  1.8688688244750732e-03  0.0000000000000000e+00 -3.3805740638457351e+00
 413  2.8789801403297837e-04  1.6113574598067755e-05  4.1639717476402056e-03 -1.5003650941111015e-04  0.0000000000000000e+00 -3.3638536765940268e+00
 414  3.9421320803990822e-05  4.2201956050701600e-04  3.5658118882954649e-03 -2.1418103931903801e-03  0.0000000000000000e+00 -3.3616989377874358e+00
 415 -1.6414823695823521e-04  5.6619080114723313e-04  2.2192606872673904e-03 -3.6457617377798515e-03  0.0000000000000000e+00 -3.3817355191451308e+00
 416 -2.3292174844417361e-04  9.4495623697479726e-05  4.9422121792311324e-04 -4.3380213429713710e-03  0.0000000000000000e+00 -3.4147404557187504e+00
 417 -3.8452127628576431e-04 -5.4047372250595846e-04 -1.2986759682243098e-03 -4.1561485180085537e-03  0.0000000000000000e+00 -3.4405149884479762e+00
 418 -4.4425612792512521e-04 -5.7385799263371317e-04 -2.8240796161186116e-03 -3.0360278234165508e-03  0.0000000000000000e+00 -3.4427972001283762e+00
 419 -1.4025427035779998e-04  3.9656060656609348e-05 -3.8485631333626115e-03 -1.1481271718724346e-03  0.0000000000000000e+00 -3.4267030456922756e+00
 420  2.9047569931321362e-04  6.2071824549856422e-04 -4.0618291014184356e-03  9.2033063302056275e-04  0.0000000000000000e+00 -3.4130600799219915e+00
 421  3.9315346226161623e-04  5.8582175127080039e-04 -3.2251938735953973e-03  2.6521714311517016e-03  0.0000000000000000e+00 -3.4200733251972522e+00
 422 -2.6381906551027050e-05  4.4971745364119879e-05 -1.6051333875466941e-03  3.8769724544179878e-03  0.0000000000000000e+00 -3.4478063559465064e+00
 423 -6.5348988372605657e-04 -3.9318397320846615e-04  1.5311299622082714e-04  4.4312985819471087e-03  0.0000000000000000e+00 -3.4801700995679958e+00
 424 -8.0308600397710668e-04 -3.4712922033567137e-04  1.7318387822343741e-03  3.9411068640946602e-03  0.0000000000000000e+00 -3.4984587273232886e+00
 425 -2.2104189414264244e-04  4.8124363467833253e-06  3.1745630554236809e-03  2.4384823570448425e-03  0.0000000000000000e+00 -3.4935033855220992e+00
 426  4.3814102520761401e-04  2.1146344659129707e-04  4.1097118426298559e-03  4.8618582807501360e-04  0.0000000000000000e+00 -3.4764305058447085e+00
 427  4.2695448122300432e-04  2.1493283867592104e-04  3.9039861405539542e-03 -1.4806070428177534e-03  0.0000000000000000e+00 -3.4695410519946761e+00
 428 -1.2012063142397194e-04  2.6451135267566275e-04  2.6717511235008198e-03 -3.1958525161780924e-03  0.0000000000000000e+00 -3.4831392985199954e+00
 429 -5.2665456827884660e-04  2.2078031212300727e-04  1.0540424571687311e-03 -4.2814465415444694e-03  0.0000000000000000e+00 -3.5134456186255387e+00
 430 -5.0244059036423357e-04 -1.0030177812251042e-04 -6.6019462592296408e-04 -4.3795897429296429e-03  0.0000000000000000e+00 -3.5433043062820051e+00
 431 -2.4852442182518505e-04 -4.3337033508250968e-04 -2.3603317714027019e-03 -3.4899323803164310e-03  0.0000000000000000e+00 -3.5542575635568681e+00
 432 -2.8628116180105904e-06 -3.5684032131605523e-04 -3.6713778405359459e-03 -1.8358322421495018e-03  0.0000000000000000e+00 -3.5425449986854631e+00
 433  1.0415450048018811e-04  1.5971272860785602e-04 -4.1216722237680317e-03  2.3301896057341105e-04  0.0000000000000000e+00 -3.5252894241486836e+00
 434  1.0846551640130598e-04  6.5640925387582308e-04 -3.5634955853945517e-03  2.2014661184461578e-03  0.0000000000000000e+00 -3.5236393449934975e+00
 435  7.0106773662294069e-05  5.4673505190827999e-04 -2.2026689295441518e-03  3.6086132218749001e-03  0.0000000000000000e+00 -3.5446862730165254e+00
 436 -1.8856441656144230e-04 -1.4632117900030550e-04 -4.1373146365550128e-04  4.3006666034567445e-03  0.0000000000000000e+00 -3.5784189911269766e+00
 437 -6.0016678520294971e-04 -6.3745806684849455e-04  1.3265856430372627e-03  4.1678073558905140e-03  0.0000000000000000e+00 -3.6032411603784102e+00
 438 -5.9765045923154431e-04 -3.8588023496403083e-04  2.7795606335537259e-03  3.0028660659075224e-03  0.0000000000000000e+00 -3.6050935439074898e+00
 439 -1.7061304863513721e-05  2.5374321230932817e-04  3.8479259909655235e-03  1.0920753390401688e-03  0.0000000000000000e+00 -3.5891891188155203e+00
 440  5.0504072109542697e-04  5.5498344509552987e-04  4.0900701047659653e-03 -9.1864922283032169e-04  0.0000000000000000e+00 -3.5764860441309110e+00
 441  3.7122719185075611e-04  3.3864513586652126e-04  3.1797854610538796e-03 -2.6505311144069217e-03  0.0000000000000000e+00 -3.5846583617685766e+00
 442 -2.7243390356481687e-04 -5.7694747543762911e-06  1.5530865734573996e-03 -3.9480889637849318e-03  0.0000000000000000e+00 -3.6117802491371753e+00
 443 -7.7311850621975540e-04 -1.9248694701991733e-04 -1.3579790603334180e-04 -4.4851968267711406e-03  0.0000000000000000e+00 -3.6438500748911351e+00
 444 -6.2677565339105382e-04 -1.9790000862655749e-04 -1.7509107418401404e-03 -3.9113360030460622e-03  0.0000000000000000e+00 -3.6619624957901906e+00
 445 -1.3877539351640572e-05 -1.2280326070557523e-04 -3.2650436555041631e-03 -2.4154793771667591e-03  0.0000000000000000e+00 -3.6566558325996183e+00
 446  3.8284234381211148e-04 -2.2358136910821915e-05 -4.1376385864671334e-03 -4.7245608030931048e-04  0.0000000000000000e+00 -3.6395843522232187e+00
 447  1.9929039964602141e-04  2.2611176194412618e-04 -3.8558191878884421e-03  1.5513265437195644e-03  0.0000000000000000e+00 -3.6318472354173230e+00
 448 -1.7678268987387897e-04  4.9323460952914585e-04 -2.6615506583568794e-03  3.2686689505194324e-03  0.0000000000000000e+00 -3.6454489440632614e+00
 449 -3.1469421061154640e-04  3.1644596610920311e-04 -1.0394801671810515e-03  4.2520462967472021e-03  0.0000000000000000e+00 -3.6761247271690407e+00
 450 -3.3451344494282839e-04 -2.8320254561582073e-04  7.5169556863368065e-04  4.3182020865281589e-03  0.0000000000000000e+00 -3.7062372911615498e+00
 451 -3.6198610660923442e-04 -6.2573478290243382e-04  2.4190024819177782e-03  3.4658358482193520e-03  0.0000000000000000e+00 -3.7164221021602115e+00
 452 -2.1113464392684769e-04 -2.7028886118850737e-04  3.6369255622639126e-03  1.7771512673264509e-03  0.0000000000000000e+00 -3.7039578055038338e+00
 453  1.1114309912526713e-04  4.1507352900887318e-04  4.1005557533943656e-03 -3.1330292401050407e-04  0.0000000000000000e+00 -3.6870209224623283e+00
 454  3.2915294957650958e-04  7.1877638722691879e-04  3.5736243432395285e-03 -2.2057885821826495e-03  0.0000000000000000e+00 -3.6864037394239655e+00
 455  1.7312142227077191e-04  3.2778270820286813e-04  2.1504515335769941e-03 -3.5746078448448040e-03  0.0000000000000000e+00 -3.7088894725083423e+00
 456 -3.7536920489646911e-04 -3.0798649156609274e-04  3.5484996573514188e-04 -4.3308524241288488e-03  0.0000000000000000e+00 -3.7423383514303175e+00
 457 -8.0991614749084987e-04 -5.0838486724222895e-04 -1.3006627231964831e-03 -4.1976765915905266e-03  0.0000000000000000e+00 -3.7664032218757573e+00
 458 -5.3078494077919789e-04 -1.5632897926787332e-04 -2.7624849302322154e-03 -2.9658667478860462e-03  0.0000000000000000e+00 -3.7682466493663034e+00
 459  2.1536521167115833e-04  2.5539554743527138e-04 -3.9017392041766422e-03 -1.0724416237988996e-03  0.0000000000000000e+00 -3.7523023538900078e+00
 460  5.5815676305637175e-04  3.1458276500207963e-04 -4.1011975898288542e-03  9.1292663945492032e-04  0.0000000000000000e+00 -3.7405828502918141e+00
 461  1.5778621910160273e-04  2.2057995837032937e-04 -3.1193813830343036e-03  2.7041209780171225e-03  0.0000000000000000e+00 -3.7483544168731147e+00
 462 -4.4660320271969759e-04  1.6057381965128918e-04 -1.5381674985304732e-03  4.0326757109069586e-03  0.0000000000000000e+00 -3.7750283775617350e+00
 463 -6.5033666056566668e-04 -8.6251986059617271e-06  1.3700535669754582e-04  4.4810812872597547e-03  0.0000000000000000e+00 -3.8071585242756987e+00
 464 -3.9082086005117047e-04 -2.7181186944194433e-04  1.8364292511452371e-03  3.8609900314910228e-03  0.0000000000000000e+00 -3.8250030197287201e+00
 465 -7.6222983657070677e-07 -3.5994156534042526e-04  3.3446672016966585e-03  2.3930740877869967e-03  0.0000000000000000e+00 -3.8193032791463679e+00
 466  1.7483372325992588e-04 -7.3229409865853835e-05  4.1152635945247828e-03  4.1934179652767563e-04  0.0000000000000000e+00 -3.8014383017207583e+00
 467  8.8261524428396340e-05  4.4363871483623523e-04  3.8254183720117341e-03 -1.6393133335371472e-03  0.0000000000000000e+00 -3.7935164107298629e+00
 468 -1.0280127486731173e-05  6.5580173538846325e-04  2.6661739624038467e-03 -3.2823437655944187e-03  0.0000000000000000e+00 -3.8077733214795568e+00
 469 -1.1046268324832946e-04  1.8233595180067375e-04  9.8376889424011435e-04 -4.1917654741780988e-03  0.0000000000000000e+00 -3.8393286028685227e+00
 470 -4.0114062023010856e-04 -5.1046021917254254e-04 -8.2915122119173786e-04 -4.2987306430788443e-03  0.0000000000000000e+00 -3.8693119559840237e+00
 471 -5.9238668397658411e-04 -6.0699281252819457e-04 -2.4056681336790506e-03 -3.4523479499727170e-03  0.0000000000000000e+00 -3.8784293308585278e+00
 472 -2.6511025444371283e-04 -2.5214318798914977e-05 -3.5986410290891209e-03 -1.7105217691654150e-03  0.0000000000000000e+00 -3.8660187101663279e+00
 473  3.0663007238047960e-04  5.4789468186677989e-04 -4.1194148018673382e-03  3.4995266598826849e-04  0.0000000000000000e+00 -3.8495739229586987e+00
 474  4.8359411211626723e-04  5.4623217908349880e-04 -3.5660123314242035e-03  2.1852208204895186e-03  0.0000000000000000e+00 -3.8504938462231206e+00
 475  3.9247680836534312e-05  1.1715852054385630e-04 -2.0816663046846293e-03  3.5983808928585028e-03  0.0000000000000000e+00 -3.8734074025260452e+00
 476 -6.1931197349234966e-04 -2.4435016186470198e-04 -3.4099815868278866e-04  4.4049419115856740e-03  0.0000000000000000e+00 -3.9060867868695386e+00
 477 -8.1250010495008027e-04 -2.8221551540643297e-04  1.2762638111255226e-03  4.2044343092850073e-03  0.0000000000000000e+00 -3.9300618180450280e+00
 478 -3.0033525811703257e-04 -9.6775096737688858e-05  2.8153397286279930e-03  2.9313373129040048e-03  0.0000000000000000e+00 -3.9315204905355174e+00
 479  3.4072086368414322e-04  4.5802594381943159e-05  3.9717407376801770e-03  1.0680859215738718e-03  0.0000000000000000e+00 -3.9157069952145744e+00
 480  3.9998926450410146e-04  1.3928674346952593e-04  4.0752448270911235e-03 -9.4458621345732817e-04  0.0000000000000000e+00 -3.9037859072270047e+00
 481 -4.8794988963807474e-05  3.4058644066155107e-04  3.0780078481959941e-03 -2.7915424742983911e-03  0.0000000000000000e+00 -3.9108402721575946e+00
 482 -3.8922327333408281e-04  3.7680549063964005e-04  1.5420539492178838e-03 -4.0664472236151532e-03  0.0000000000000000e+00 -3.9377394955288461e+00
 483 -4.0657761922259310e-04 -2.3514324379795989e-05 -1.9021951900743636e-04 -4.4223099778012030e-03  0.0000000000000000e+00 -3.9700361985077803e+00
 484 -3.1832233884878508e-04 -5.0200982035926661e-04 -1.9363465084463998e-03 -3.8189606760506431e-03  0.0000000000000000e+00 -3.9876758402853314e+00
 485 -1.8456504090392823e-04 -4.6733405399606009e-04 -3.3591553717065539e-03 -2.3584540591537529e-03  0.0000000000000000e+00 -3.9810146683302383e+00
 486  1.9595140132205561e-05  1.1073209385061375e-04 -4.0730609497597525e-03 -3.3591873736234733e-04  0.0000000000000000e+00 -3.9628256000563011e+00
 487  1.9860827676878155e-04  6.6335635167651390e-04 -3.8263718818232887e-03  1.6944703212031212e-03  0.0000000000000000e+00 -3.9555205478335491e+00
 488  2.1311665075544685e-04  5.9218623165865957e-04 -2.6509780394872911e-03  3.2486452014600705e-03  0.0000000000000000e+00 -3.9710479407312680e+00
 489 -1.1786930845585288e-04 -6.3275216055441136e-05 -9.0773951389860560e-04  4.1709669116476887e-03  0.0000000000000000e+00 -4.0034032286125276e+00
 490 -6.3993606639208846e-04 -5.6508247868590738e-04  8.4981522031131907e-04  4.3306518450046769e-03  0.0000000000000000e+00 -4.0324440289734289e+00
 491 -7.1215121898694723e-04 -3.9677275737726880e-04  2.3625604505192960e-03  3.4346138536819272e-03  0.0000000000000000e+00 -4.0412435093863639e+00
 492 -1.0411587025047036e-04  1.5505057119758083e-04  3.6105313262766343e-03  1.6647226493177634e-03  0.0000000000000000e+00 -4.0288357573981104e+00
 493  5.0581808956661574e-04  4.3503782242215326e-04  4.1595830196112620e-03 -3.4762298170888613e-04  0.0000000000000000e+00 -4.0131306609037889e+00
 494  4.1827780806252525e-04  3.0524800826806775e-04  3.5260766348403959e-03 -2.1937709272481687e-03  0.0000000000000000e+00 -4.0148782198862811e+00
 495 -2.0944981891347464e-04  1.1334379402225808e-04  2.0310555024860527e-03 -3.6779661189593723e-03  0.0000000000000000e+00 -4.0370711432413575e+00
 496 -6.9319335598614371e-04 -2.9278413771016510e-05  3.5270226102167724e-04 -4.4586875764734786e-03  0.0000000000000000e+00 -4.0696143031873868e+00
 497 -6.0548430858027656e-04 -1.7426841723098345e-04 -1.3081873350030628e-03 -4.1686603812320384e-03  0.0000000000000000e+00 -4.0934262511634136e+00
 498 -1.1926759793203918e-04 -2.6334238469893353e-04 -2.9148999266045941e-03 -2.9011547483937519e-03  0.0000000000000000e+00 -4.0945303776050510e+00
 499  2.4664147600104096e-04 -1.6438176071516158e-04 -4.0019028618113080e-03 -1.0458371216401268e-03  0.0000000000000000e+00 -4.0783640216193788e+00
 500  1.8307199771842715e-04  2.0226052139052714e-04 -4.0307163829715123e-03  1.0206092303662090e-03  0.0000000000000000e+00 -4.0656414558304776e+00
 501 -5.7196939557196631e-05  5.7921693802606732e-04 -3.0704476244331909e-03  2.8595703329934359e-03  0.0000000000000000e+00 -4.0729010151044314e+00
 502 -1.6041597470615212e-04  4.3159940564321575e-04 -1.5265577738852085e-03  4.0319575674535469e-03  0.0000000000000000e+00 -4.1003924478382512e+00
 503 -2.8055899425672673e-04 -2.3528552580374997e-04  2.7772140283812211e-04  4.3656993432538219e-03  0.0000000000000000e+00 -4.1331751995418955e+00
 504 -4.7574945052295572e-04 -6.6323058018244018e-04  1.9831071632790058e-03  3.8048737233467812e-03  0.0000000000000000e+00 -4.1499555335785763e+00
 505 -3.7911846998184718e-04 -3.3686776912652736e-04  3.3194593779558293e-03  2.3071466665787067e-03  0.0000000000000000e+00 -4.1426476021984371e+00
 506  7.1480450654667392e-05  3.5976878118725833e-04  4.0573248454939485e-03  2.6337663447132943e-04  0.0000000000000000e+00 -4.1248026844699979e+00
 507  4.2345974677761278e-04  6.7971812911575362e-04  3.8419212504912027e-03 -1.6969487646352952e-03  0.0000000000000000e+00 -4.1185529325822881e+00
 508  2.6979605526605848e-04  3.5544520229929946e-04  2.6014749652217102e-03 -3.2275947916421497e-03  0.0000000000000000e+00 -4.1355359328168770e+00
 509 -3.3523291794845925e-04 -1.8756517242946350e-04  8.5184860664747639e-04 -4.2195544287142624e-03  0.0000000000000000e+00 -4.1675028302994361e+00
 510 -8.2334709828153893e-04 -4.0428643904872491e-04 -8.2607613752983238e-04 -4.3750956304110782e-03  0.0000000000000000e+00 -4.1959605500684258e+00
 511 -6.0121212352314761e-04 -1.9140284868782512e-04 -2.3582052865181512e-03 -3.4050969536738385e-03  0.0000000000000000e+00 -4.2046713777708025e+00
 512  1.2688807370284268e-04  1.0555877028732578e-04 -3.6799402162342306e-03 -1.6463071526257040e-03  0.0000000000000000e+00 -4.1920388476022010e+00
