# k    name    s    s_xx    s_pxpx    s_xpx    s_yy    s_pypy    s_ypy    theta_xy
   0 begin           0.000000e+00 4.058814e-08 1.105097e-10 -1.178834e-23 3.320836e-37 1.520904e-38 3.787677e-38 -1.664600e-17
   1 dh0g1a          4.650000e+00 4.297763e-08 1.105097e-10 5.138702e-10 1.013195e-36 1.520904e-38 1.085988e-37 -4.056512e-17
   2 gs              4.650000e+00 4.297763e-08 1.105097e-10 5.138702e-10 1.013195e-36 1.520904e-38 1.085988e-37 -4.056512e-17
   3 sh1             4.850000e+00 4.318760e-08 1.105097e-10 5.359721e-10 1.057243e-36 1.520904e-38 1.116406e-37 -4.141955e-17
   4 dh1ag2a         4.937500e+00 4.328224e-08 1.105097e-10 5.456417e-10 1.076897e-36 1.520904e-38 1.129714e-37 -4.178777e-17
   5 bpm             4.937500e+00 4.328224e-08 1.105097e-10 5.456417e-10 1.076897e-36 1.520904e-38 1.129714e-37 -4.178777e-17
   6 dbpm            5.025000e+00 4.337858e-08 1.105097e-10 5.553113e-10 1.096783e-36 1.520904e-38 1.143022e-37 -4.215256e-17
   7 qh1sp01         5.275000e+00 4.556027e-08 1.609043e-09 8.295965e-09 1.106835e-36 8.304428e-39 -7.467001e-38 -4.138399e-17
   8 dh2ag2a         5.432500e+00 4.821341e-08 1.609043e-09 8.549389e-09 1.083520e-36 8.304428e-39 -7.336206e-38 -3.984281e-17
   9 sq1hsp01        5.532500e+00 4.993938e-08 1.609043e-09 8.710293e-09 1.068931e-36 8.304428e-39 -7.253162e-38 -3.890957e-17
  10 chv             5.532500e+00 4.993938e-08 1.609043e-09 8.710293e-09 1.068931e-36 8.304428e-39 -7.253162e-38 -3.890957e-17
  11 sq1hsp01        5.632500e+00 5.169753e-08 1.609043e-09 8.871197e-09 1.054508e-36 8.304428e-39 -7.170117e-38 -3.800941e-17
  12 dh2bg2a         5.790000e+00 5.453187e-08 1.609043e-09 9.124622e-09 1.032128e-36 8.304428e-39 -7.039323e-38 -3.665483e-17
  13 sh2             5.990000e+00 5.824608e-08 1.609043e-09 9.446430e-09 1.004303e-36 8.304428e-39 -6.873234e-38 -3.503796e-17
  14 dh2cg2a         6.140000e+00 6.111621e-08 1.609043e-09 9.687787e-09 9.838698e-37 8.304428e-39 -6.748668e-38 -3.389511e-17
  15 qh2sp01         6.540000e+00 5.305119e-08 1.491026e-08 -2.804499e-08 1.204593e-36 3.723321e-37 6.670027e-37 -4.034169e-17
  16 dh3ag2a         6.730000e+00 4.293236e-08 1.491026e-08 -2.521204e-08 1.471495e-36 3.723321e-37 7.377458e-37 -4.953314e-17
  17 sh3             6.930000e+00 3.344395e-08 1.491026e-08 -2.222999e-08 1.781487e-36 3.723321e-37 8.122122e-37 -6.161300e-17
  18 dh3bg2a         7.125000e+00 2.534121e-08 1.491026e-08 -1.932249e-08 2.112408e-36 3.723321e-37 8.848170e-37 -7.676067e-17
  19 qh3sp01         7.375000e+00 1.893577e-08 3.036658e-09 -7.281215e-09 2.308389e-36 9.046112e-39 -1.313999e-37 -9.201222e-17
  20 dh4ag2a         7.462500e+00 1.768481e-08 3.036658e-09 -7.015507e-09 2.285463e-36 9.046112e-39 -1.306083e-37 -9.436117e-17
  21 bpm             7.462500e+00 1.768481e-08 3.036658e-09 -7.015507e-09 2.285463e-36 9.046112e-39 -1.306083e-37 -9.436117e-17
  22 dbpm            7.550000e+00 1.648035e-08 3.036658e-09 -6.749799e-09 2.262676e-36 9.046112e-39 -1.298168e-37 -9.682885e-17
  23 sh4             7.750000e+00 1.390189e-08 3.036658e-09 -6.142468e-09 2.211111e-36 9.046112e-39 -1.280076e-37 -1.029437e-16
  24 dh4bg2a         7.998500e+00 1.103661e-08 3.036658e-09 -5.387858e-09 2.148050e-36 9.046112e-39 -1.257596e-37 -1.115123e-16
  25 dfch            8.148500e+00 9.488574e-09 3.036658e-09 -4.932360e-09 2.110526e-36 9.046112e-39 -1.244027e-37 -1.171942e-16
  26 chv             8.148500e+00 9.488574e-09 3.036658e-09 -4.932360e-09 2.110526e-36 9.046112e-39 -1.244027e-37 -1.171942e-16
  27 dfch            8.298500e+00 8.077191e-09 3.036658e-09 -4.476861e-09 2.073409e-36 9.046112e-39 -1.230458e-37 -1.231850e-16
  28 ge              8.298500e+00 8.077191e-09 3.036658e-09 -4.476861e-09 2.073409e-36 9.046112e-39 -1.230458e-37 -1.231850e-16
  29 dh4cg3a         8.330000e+00 7.798162e-09 3.036658e-09 -4.381206e-09 2.065666e-36 9.046112e-39 -1.227608e-37 -1.244691e-16
  30 gs              8.330000e+00 7.798162e-09 3.036658e-09 -4.381206e-09 2.065666e-36 9.046112e-39 -1.227608e-37 -1.244691e-16
  31 b1sp01          1.095000e+01 1.061142e-08 5.937780e-09 7.353696e-09 1.465414e-36 1.000329e-38 -1.050854e-37 1.129655e-13
  32 dm1ag3a         1.131500e+01 1.677067e-08 5.937780e-09 9.520986e-09 1.390035e-36 1.000329e-38 -1.014342e-37 8.929058e-14
  33 dfch            1.146500e+01 1.976057e-08 5.937780e-09 1.041165e-08 1.359830e-36 1.000329e-38 -9.993369e-38 8.176351e-14
  34 chv             1.146500e+01 1.976057e-08 5.937780e-09 1.041165e-08 1.359830e-36 1.000329e-38 -9.993369e-38 8.176351e-14
  35 sm3             1.146500e+01 1.976057e-08 5.937780e-09 1.041165e-08 1.359830e-36 1.000329e-38 -9.993369e-38 8.176351e-14
  36 dfch            1.161500e+01 2.301767e-08 5.937780e-09 1.130232e-08 1.330075e-36 1.000329e-38 -9.843319e-38 7.521524e-14
  37 dm1bg3a         1.192500e+01 3.059572e-08 5.937780e-09 1.314303e-08 1.270007e-36 1.000329e-38 -9.533217e-38 6.411933e-14
  38 ge              1.192500e+01 3.059572e-08 5.937780e-09 1.314303e-08 1.270007e-36 1.000329e-38 -9.533217e-38 6.411933e-14
  39 gs              1.192500e+01 3.059572e-08 5.937780e-09 1.314303e-08 1.270007e-36 1.000329e-38 -9.533217e-38 6.411933e-14
  40 qm1sp01         1.217500e+01 3.942989e-08 1.342855e-08 2.281567e-08 1.158497e-36 1.045560e-37 -3.428000e-37 5.412424e-14
  41 dm2ag4a         1.243750e+01 5.233342e-08 1.342855e-08 2.634066e-08 9.857319e-37 1.045560e-37 -3.153541e-37 4.345618e-14
  42 sm1             1.263750e+01 6.340683e-08 1.342855e-08 2.902637e-08 8.637725e-37 1.045560e-37 -2.944429e-37 3.702492e-14
  43 dm2bg4a         1.315750e+01 9.722533e-08 1.342855e-08 3.600921e-08 5.858239e-37 1.045560e-37 -2.400737e-37 2.472265e-14
  44 bpm             1.315750e+01 9.722533e-08 1.342855e-08 3.600921e-08 5.858239e-37 1.045560e-37 -2.400737e-37 2.472265e-14
  45 dbpm            1.324500e+01 1.036298e-07 1.342855e-08 3.718421e-08 5.446115e-37 1.045560e-37 -2.309251e-37 2.310099e-14
  46 qm2sp01         1.349500e+01 1.131995e-07 7.890491e-11 -2.423910e-11 4.779256e-37 1.153015e-38 -4.352619e-38 2.072715e-14
  47 dm2cg4a         1.369500e+01 1.131930e-07 7.890491e-11 -8.458121e-12 4.609763e-37 1.153015e-38 -4.122016e-38 2.035977e-14
  48 sm2             1.394500e+01 1.131937e-07 7.890491e-11 1.126811e-11 4.410869e-37 1.153015e-38 -3.833762e-38 1.989893e-14
  49 dm2cg4b         1.414500e+01 1.132013e-07 7.890491e-11 2.704909e-11 4.262131e-37 1.153015e-38 -3.603159e-38 1.952903e-14
  50 qm2sp01         1.439500e+01 1.036328e-07 1.342691e-08 -3.718248e-08 4.461261e-37 3.930860e-38 1.179855e-37 2.081668e-14
  51 dm2bg4b         1.491500e+01 6.859361e-08 1.342691e-08 -3.020048e-08 5.794600e-37 3.930860e-38 1.384259e-37 2.890438e-14
  52 sm1             1.511500e+01 5.705050e-08 1.342691e-08 -2.751510e-08 6.364028e-37 3.930860e-38 1.462876e-37 3.308567e-14
  53 dm2ag4b         1.537750e+01 4.353027e-08 1.342691e-08 -2.399054e-08 7.159124e-37 3.930860e-38 1.566062e-37 3.995337e-14
  54 bpm             1.537750e+01 4.353027e-08 1.342691e-08 -2.399054e-08 7.159124e-37 3.930860e-38 1.566062e-37 3.995337e-14
  55 dbpm            1.546500e+01 3.943472e-08 1.342691e-08 -2.281568e-08 7.436194e-37 3.930860e-38 1.600457e-37 4.269795e-14
  56 qm1sp01         1.571500e+01 3.060071e-08 5.936275e-09 -1.314241e-08 7.845411e-37 4.609791e-39 7.393611e-40 4.948142e-14
  57 dm1eg4b         1.593460e+01 2.511484e-08 5.936275e-09 -1.183880e-08 7.850882e-37 4.609791e-39 1.751671e-39 5.428130e-14
  58 dfch            1.608460e+01 2.169677e-08 5.936275e-09 -1.094836e-08 7.857174e-37 4.609791e-39 2.443140e-39 5.811166e-14
  59 sm3             1.608460e+01 2.169677e-08 5.936275e-09 -1.094836e-08 7.857174e-37 4.609791e-39 2.443140e-39 5.811166e-14
  60 chv             1.608460e+01 2.169677e-08 5.936275e-09 -1.094836e-08 7.857174e-37 4.609791e-39 2.443140e-39 5.811166e-14
  61 dfch            1.623460e+01 1.854582e-08 5.936275e-09 -1.005792e-08 7.865540e-37 4.609791e-39 3.134609e-39 6.248986e-14
  62 ge              1.623460e+01 1.854582e-08 5.936275e-09 -1.005792e-08 7.865540e-37 4.609791e-39 3.134609e-39 6.248986e-14
  63 gs              1.623460e+01 1.854582e-08 5.936275e-09 -1.005792e-08 7.865540e-37 4.609791e-39 3.134609e-39 6.248986e-14
  64 dm1dg5b         1.629000e+01 1.744963e-08 5.936275e-09 -9.729048e-09 7.869155e-37 4.609791e-39 3.389991e-39 6.426611e-14
  65 dpwg5b          1.649000e+01 1.379546e-08 5.936275e-09 -8.541793e-09 7.884559e-37 4.609791e-39 4.311949e-39 7.151702e-14
  66 dm1cg5b         1.669000e+01 1.061619e-08 5.936275e-09 -7.354538e-09 7.903651e-37 4.609791e-39 5.233908e-39 8.032339e-14
  67 b1sp01          1.931000e+01 7.793346e-09 3.035927e-09 4.378886e-09 8.406322e-37 4.529634e-39 1.384674e-38 -2.125644e-17
  68 ge              1.931000e+01 7.793346e-09 3.035927e-09 4.378886e-09 8.406322e-37 4.529634e-39 1.384674e-38 -2.125644e-17
  69 dl4bg6b         1.952780e+01 9.844804e-09 3.035927e-09 5.040111e-09 8.468787e-37 4.529634e-39 1.483329e-38 -2.399126e-17
  70 gs              1.952780e+01 9.844804e-09 3.035927e-09 5.040111e-09 8.468787e-37 4.529634e-39 1.483329e-38 -2.399126e-17
  71 dfch            1.967780e+01 1.142515e-08 3.035927e-09 5.495501e-09 8.514306e-37 4.529634e-39 1.551274e-38 -2.488111e-17
  72 chv             1.967780e+01 1.142515e-08 3.035927e-09 5.495501e-09 8.514306e-37 4.529634e-39 1.551274e-38 -2.488111e-17
  73 dfch            1.982780e+01 1.314210e-08 3.035927e-09 5.950890e-09 8.561864e-37 4.529634e-39 1.619218e-38 -2.525841e-17
  74 dl4ag6b         1.991000e+01 1.414094e-08 3.035927e-09 6.200443e-09 8.588790e-37 4.529634e-39 1.656452e-38 -2.530988e-17
  75 ql3sp01         2.016000e+01 1.903975e-08 1.055554e-08 1.401747e-08 7.871193e-37 1.146798e-37 -2.943649e-37 -2.273333e-17
  76 dbpm            2.024750e+01 2.157362e-08 1.055554e-08 1.494108e-08 7.364835e-37 1.146798e-37 -2.843304e-37 -2.108489e-17
  77 bpm             2.024750e+01 2.157362e-08 1.055554e-08 1.494108e-08 7.364835e-37 1.146798e-37 -2.843304e-37 -2.108489e-17
  78 dl3bg6b         2.033500e+01 2.426913e-08 1.055554e-08 1.586469e-08 6.876037e-37 1.146798e-37 -2.742959e-37 -1.952825e-17
  79 sl3             2.053500e+01 3.103723e-08 1.055554e-08 1.797580e-08 5.824725e-37 1.146798e-37 -2.513600e-37 -1.631215e-17
  80 dl3ag6b         2.114860e+01 5.707134e-08 1.055554e-08 2.445268e-08 3.171811e-37 1.146798e-37 -1.809924e-37 -8.905263e-18
  81 ql2sp01         2.154860e+01 5.784619e-08 9.006384e-09 -2.272663e-08 2.726155e-37 2.557969e-38 5.794303e-38 -7.768239e-18
  82 dl2cg6b         2.179860e+01 4.704578e-08 9.006384e-09 -2.047503e-08 3.031857e-37 2.557969e-38 6.433795e-38 -8.753160e-18
  83 sl2             2.199860e+01 3.921602e-08 9.006384e-09 -1.867376e-08 3.299441e-37 2.557969e-38 6.945389e-38 -9.745779e-18
  84 dl2bg6b         2.213610e+01 3.425101e-08 9.006384e-09 -1.743538e-08 3.495275e-37 2.557969e-38 7.297110e-38 -1.057087e-17
  85 dsch            2.223610e+01 3.085400e-08 9.006384e-09 -1.653474e-08 3.643775e-37 2.557969e-38 7.552906e-38 -1.126406e-17
  86 chv             2.223610e+01 3.085400e-08 9.006384e-09 -1.653474e-08 3.643775e-37 2.557969e-38 7.552906e-38 -1.126406e-17
  87 dsch            2.233610e+01 2.763712e-08 9.006384e-09 -1.563410e-08 3.797391e-37 2.557969e-38 7.808703e-38 -1.205329e-17
  88 dl2ag6b         2.247360e+01 2.350802e-08 9.006384e-09 -1.439572e-08 4.016967e-37 2.557969e-38 8.160424e-38 -1.333362e-17
  89 ql1sp01         2.272360e+01 1.905081e-08 1.111892e-09 -4.086203e-09 3.982439e-37 3.169517e-38 -9.490197e-38 -1.462887e-17
  90 dl1ag6b         2.281110e+01 1.834424e-08 1.111892e-09 -3.988913e-09 3.818787e-37 3.169517e-38 -9.212864e-38 -1.454442e-17
  91 bpm             2.281110e+01 1.834424e-08 1.111892e-09 -3.988913e-09 3.818787e-37 3.169517e-38 -9.212864e-38 -1.454442e-17
  92 dbpm            2.289860e+01 1.765469e-08 1.111892e-09 -3.891622e-09 3.659989e-37 3.169517e-38 -8.935531e-38 -1.444053e-17
  93 sl1             2.309860e+01 1.614252e-08 1.111892e-09 -3.669244e-09 3.315246e-37 3.169517e-38 -8.301628e-38 -1.411865e-17
  94 ge              2.309860e+01 1.614252e-08 1.111892e-09 -3.669244e-09 3.315246e-37 3.169517e-38 -8.301628e-38 -1.411865e-17
  95 gs              2.309860e+01 1.614252e-08 1.111892e-09 -3.669244e-09 3.315246e-37 3.169517e-38 -8.301628e-38 -1.411865e-17
  96 dl0g1a          2.639860e+01 4.034011e-09 1.111892e-09 2.335764e-23 1.287775e-37 3.169517e-38 2.157777e-38 4.991278e-17
  97 dl0g1a          2.969860e+01 1.614252e-08 1.111892e-09 3.669244e-09 6.163512e-37 3.169517e-38 1.261718e-37 3.710522e-17
  98 ge              2.969860e+01 1.614252e-08 1.111892e-09 3.669244e-09 6.163512e-37 3.169517e-38 1.261718e-37 3.710522e-17
  99 gs              2.969860e+01 1.614252e-08 1.111892e-09 3.669244e-09 6.163512e-37 3.169517e-38 1.261718e-37 3.710522e-17
 100 sl1             2.989860e+01 1.765469e-08 1.111892e-09 3.891622e-09 6.680877e-37 3.169517e-38 1.325109e-37 3.523444e-17
 101 dl1ag2a         2.998610e+01 1.834424e-08 1.111892e-09 3.988913e-09 6.915198e-37 3.169517e-38 1.352842e-37 3.445850e-17
 102 bpm             2.998610e+01 1.834424e-08 1.111892e-09 3.988913e-09 6.915198e-37 3.169517e-38 1.352842e-37 3.445850e-17
 103 dbpm            3.007360e+01 1.905081e-08 1.111892e-09 4.086203e-09 7.154372e-37 3.169517e-38 1.380575e-37 3.370745e-17
 104 ql1sp01         3.032360e+01 2.350802e-08 9.006384e-09 1.439572e-08 7.050742e-37 5.004988e-38 -1.779687e-37 2.852855e-17
 105 dl2ag2a         3.046110e+01 2.763712e-08 9.006384e-09 1.563410e-08 6.570790e-37 5.004988e-38 -1.710868e-37 2.475522e-17
 106 dsch            3.056110e+01 3.085400e-08 9.006384e-09 1.653474e-08 6.233622e-37 5.004988e-38 -1.660818e-37 2.243971e-17
 107 chv             3.056110e+01 3.085400e-08 9.006384e-09 1.653474e-08 6.233622e-37 5.004988e-38 -1.660818e-37 2.243971e-17
 108 dsch            3.066110e+01 3.425101e-08 9.006384e-09 1.743538e-08 5.906463e-37 5.004988e-38 -1.610768e-37 2.041309e-17
 109 dl2bg2a         3.079860e+01 3.921602e-08 9.006384e-09 1.867376e-08 5.472964e-37 5.004988e-38 -1.541950e-37 1.801022e-17
 110 sl2             3.099860e+01 4.704578e-08 9.006384e-09 2.047503e-08 4.876204e-37 5.004988e-38 -1.441850e-37 1.513410e-17
 111 dl2cg2a         3.124860e+01 5.784619e-08 9.006384e-09 2.272663e-08 4.186560e-37 5.004988e-38 -1.316725e-37 1.229776e-17
 112 ql2sp01         3.164860e+01 5.707134e-08 1.055554e-08 -2.445268e-08 4.470956e-37 1.069092e-37 2.101966e-37 1.225426e-17
 113 dl3ag2a         3.226220e+01 3.103723e-08 1.055554e-08 -1.797580e-08 7.453008e-37 1.069092e-37 2.757961e-37 1.946863e-17
 114 sl3             3.246220e+01 2.426913e-08 1.055554e-08 -1.586469e-08 8.598957e-37 1.069092e-37 2.971780e-37 2.250933e-17
 115 dl3bg2a         3.254970e+01 2.157362e-08 1.055554e-08 -1.494108e-08 9.127203e-37 1.069092e-37 3.065326e-37 2.395289e-17
 116 bpm             3.254970e+01 2.157362e-08 1.055554e-08 -1.494108e-08 9.127203e-37 1.069092e-37 3.065326e-37 2.395289e-17
 117 dbpm            3.263720e+01 1.903975e-08 1.055554e-08 -1.401747e-08 9.671820e-37 1.069092e-37 3.158871e-37 2.545629e-17
 118 ql3sp01         3.288720e+01 1.414094e-08 3.035927e-09 -6.200443e-09 1.031828e-36 7.678323e-39 -6.562534e-38 2.714308e-17
 119 dl4ag2a         3.316890e+01 1.088853e-08 3.035927e-09 -5.345222e-09 9.954641e-37 7.678323e-39 -6.346236e-38 2.487690e-17
 120 dfch            3.331890e+01 9.353271e-09 3.035927e-09 -4.889833e-09 9.765981e-37 7.678323e-39 -6.231061e-38 2.273959e-17
 121 chv             3.331890e+01 9.353271e-09 3.035927e-09 -4.889833e-09 9.765981e-37 7.678323e-39 -6.231061e-38 2.273959e-17
 122 dfch            3.346890e+01 7.954630e-09 3.035927e-09 -4.434444e-09 9.580777e-37 7.678323e-39 -6.115886e-38 1.959498e-17
 123 ge              3.346890e+01 7.954630e-09 3.035927e-09 -4.434444e-09 9.580777e-37 7.678323e-39 -6.115886e-38 1.959498e-17
 124 dl4bg3a         3.348720e+01 7.793346e-09 3.035927e-09 -4.378886e-09 9.558419e-37 7.678323e-39 -6.101835e-38 1.912302e-17
 125 gs              3.348720e+01 7.793346e-09 3.035927e-09 -4.378886e-09 9.558419e-37 7.678323e-39 -6.101835e-38 1.912302e-17
 126 b1sp01          3.610720e+01 1.061619e-08 5.936275e-09 7.354538e-09 6.801048e-37 8.118021e-39 -4.364723e-38 -6.784408e-14
 127 dm1ag3a         3.647220e+01 1.677586e-08 5.936275e-09 9.521278e-09 6.493238e-37 8.118021e-39 -4.068415e-38 -5.260870e-14
 128 sq2hsp01        3.662220e+01 1.976581e-08 5.936275e-09 1.041172e-08 6.373012e-37 8.118021e-39 -3.946645e-38 -4.777785e-14
 129 chv             3.662220e+01 1.976581e-08 5.936275e-09 1.041172e-08 6.373012e-37 8.118021e-39 -3.946645e-38 -4.777785e-14
 130 sm3             3.662220e+01 1.976581e-08 5.936275e-09 1.041172e-08 6.373012e-37 8.118021e-39 -3.946645e-38 -4.777785e-14
 131 sq2hsp01        3.677220e+01 2.302290e-08 5.936275e-09 1.130216e-08 6.256440e-37 8.118021e-39 -3.824874e-38 -4.357968e-14
 132 dm1bg3a         3.708220e+01 3.060071e-08 5.936275e-09 1.314241e-08 6.027099e-37 8.118021e-39 -3.573216e-38 -3.647487e-14
 133 ge              3.708220e+01 3.060071e-08 5.936275e-09 1.314241e-08 6.027099e-37 8.118021e-39 -3.573216e-38 -3.647487e-14
 134 gs              3.708220e+01 3.060071e-08 5.936275e-09 1.314241e-08 6.027099e-37 8.118021e-39 -3.573216e-38 -3.647487e-14
 135 qm1sp01         3.733220e+01 3.943472e-08 1.342691e-08 2.281568e-08 5.545861e-37 4.892371e-38 -1.533505e-37 -3.030206e-14
 136 dm2a2g4b        3.753220e+01 4.909807e-08 1.342691e-08 2.550106e-08 4.952028e-37 4.892371e-38 -1.435658e-37 -2.523744e-14
 137 sm1             3.773220e+01 5.983558e-08 1.342691e-08 2.818645e-08 4.397335e-37 4.892371e-38 -1.337810e-37 -2.111363e-14
 138 dm2b2g4b        3.831470e+01 9.722862e-08 1.342691e-08 3.600762e-08 3.004787e-37 4.892371e-38 -1.052830e-37 -1.255226e-14
 139 bpm             3.831470e+01 9.722862e-08 1.342691e-08 3.600762e-08 3.004787e-37 4.892371e-38 -1.052830e-37 -1.255226e-14
 140 dbpm            3.840220e+01 1.036328e-07 1.342691e-08 3.718248e-08 2.824287e-37 4.892371e-38 -1.010022e-37 -1.157352e-14
 141 qm2sp01         3.865220e+01 1.132013e-07 7.890491e-11 -2.704909e-11 2.574363e-37 1.405967e-38 -1.856099e-39 -9.937418e-15
 142 dm2cg4a         3.885220e+01 1.131937e-07 7.890491e-11 -1.126811e-11 2.572563e-37 1.405967e-38 9.558346e-40 -9.385525e-15
 143 sm2             3.910220e+01 1.131930e-07 7.890491e-11 8.458121e-12 2.586129e-37 1.405967e-38 4.470752e-39 -8.694875e-15
 144 dm2cg4b         3.930220e+01 1.131995e-07 7.890491e-11 2.423910e-11 2.609636e-37 1.405967e-38 7.282686e-39 -8.141842e-15
 145 qm2sp01         3.955220e+01 1.036298e-07 1.342855e-08 -3.718421e-08 2.891463e-37 5.337420e-38 1.087057e-37 -8.150113e-15
 146 dm2b2g4a        4.007220e+01 6.858926e-08 1.342855e-08 -3.020137e-08 4.166326e-37 5.337420e-38 1.364603e-37 -1.001140e-14
 147 sm1             4.027220e+01 5.704585e-08 1.342855e-08 -2.751566e-08 4.733517e-37 5.337420e-38 1.471351e-37 -1.097281e-14
 148 dm2a2g4a        4.053470e+01 4.352544e-08 1.342855e-08 -2.399067e-08 5.542755e-37 5.337420e-38 1.611458e-37 -1.255060e-14
 149 bpm             4.053470e+01 4.352544e-08 1.342855e-08 -2.399067e-08 5.542755e-37 5.337420e-38 1.611458e-37 -1.255060e-14
 150 dbpm            4.062220e+01 3.942989e-08 1.342855e-08 -2.281567e-08 5.828847e-37 5.337420e-38 1.658161e-37 -1.318069e-14
 151 qm1sp01         4.087220e+01 3.059572e-08 5.937780e-09 -1.314303e-08 6.358232e-37 8.485908e-39 4.218427e-38 -1.454279e-14
 152 dm1eg4b         4.109180e+01 2.510965e-08 5.937780e-09 -1.183909e-08 6.547598e-37 8.485908e-39 4.404778e-38 -1.525497e-14
 153 dfch            4.124180e+01 2.169152e-08 5.937780e-09 -1.094843e-08 6.681650e-37 8.485908e-39 4.532066e-38 -1.581734e-14
 154 sm3             4.124180e+01 2.169152e-08 5.937780e-09 -1.094843e-08 6.681650e-37 8.485908e-39 4.532066e-38 -1.581734e-14
 155 chv             4.124180e+01 2.169152e-08 5.937780e-09 -1.094843e-08 6.681650e-37 8.485908e-39 4.532066e-38 -1.581734e-14
 156 dfch            4.139180e+01 1.854059e-08 5.937780e-09 -1.005776e-08 6.819522e-37 8.485908e-39 4.659355e-38 -1.645330e-14
 157 ge              4.139180e+01 1.854059e-08 5.937780e-09 -1.005776e-08 6.819522e-37 8.485908e-39 4.659355e-38 -1.645330e-14
 158 gs              4.139180e+01 1.854059e-08 5.937780e-09 -1.005776e-08 6.819522e-37 8.485908e-39 4.659355e-38 -1.645330e-14
 159 dm1dg5b         4.144720e+01 1.744442e-08 5.937780e-09 -9.728808e-09 6.871408e-37 8.485908e-39 4.706367e-38 -1.670913e-14
 160 dpwg5b          4.164720e+01 1.379040e-08 5.937780e-09 -8.541252e-09 7.063057e-37 8.485908e-39 4.876085e-38 -1.773947e-14
 161 dm1cg5b         4.184720e+01 1.061142e-08 5.937780e-09 -7.353696e-09 7.261495e-37 8.485908e-39 5.045803e-38 -1.895690e-14
 162 b1sp01          4.446720e+01 7.798162e-09 3.036658e-09 4.381206e-09 1.039401e-36 7.986390e-39 6.844731e-38 3.371466e-18
 163 ge              4.446720e+01 7.798162e-09 3.036658e-09 4.381206e-09 1.039401e-36 7.986390e-39 6.844731e-38 3.371466e-18
 164 dh4cg6b         4.467006e+01 9.700670e-09 3.036658e-09 4.997223e-09 1.067500e-36 7.986390e-39 7.006743e-38 2.361288e-18
 165 gs              4.467006e+01 9.700670e-09 3.036658e-09 4.997223e-09 1.067500e-36 7.986390e-39 7.006743e-38 2.361288e-18
 166 dfch            4.482006e+01 1.126816e-08 3.036658e-09 5.452721e-09 1.088700e-36 7.986390e-39 7.126539e-38 1.682510e-18
 167 chv             4.482006e+01 1.126816e-08 3.036658e-09 5.452721e-09 1.088700e-36 7.986390e-39 7.126539e-38 1.682510e-18
 168 dfch            4.497006e+01 1.297230e-08 3.036658e-09 5.908220e-09 1.110259e-36 7.986390e-39 7.246334e-38 1.062545e-18
 169 dh4bg6b         4.504720e+01 1.390189e-08 3.036658e-09 6.142468e-09 1.121486e-36 7.986390e-39 7.307941e-38 7.656634e-19
 170 sh4             4.524720e+01 1.648035e-08 3.036658e-09 6.749799e-09 1.151037e-36 7.986390e-39 7.467669e-38 6.019646e-20
 171 dh4ag6b         4.533470e+01 1.768481e-08 3.036658e-09 7.015507e-09 1.164167e-36 7.986390e-39 7.537550e-38 -2.214978e-19
 172 bpm             4.533470e+01 1.768481e-08 3.036658e-09 7.015507e-09 1.164167e-36 7.986390e-39 7.537550e-38 -2.214978e-19
 173 dbpm            4.542220e+01 1.893577e-08 3.036658e-09 7.281215e-09 1.177419e-36 7.986390e-39 7.607431e-38 -4.881852e-19
 174 qh3sp01         4.567220e+01 2.534121e-08 1.491026e-08 1.932249e-08 1.081844e-36 1.851516e-37 -4.434963e-37 -1.080496e-18
 175 dh3bg6b         4.586720e+01 3.344395e-08 1.491026e-08 2.222999e-08 9.159205e-37 1.851516e-37 -4.073918e-37 -1.371796e-18
 176 sh3             4.606720e+01 4.293236e-08 1.491026e-08 2.521204e-08 7.603698e-37 1.851516e-37 -3.703615e-37 -1.611613e-18
 177 dh3ag6b         4.625720e+01 5.305119e-08 1.491026e-08 2.804499e-08 6.263164e-37 1.851516e-37 -3.351827e-37 -1.798416e-18
 178 qh2sp01         4.665720e+01 6.111621e-08 1.609043e-09 -9.687787e-09 5.210990e-37 1.162176e-38 4.939699e-38 -2.627115e-18
 179 dh2cg6b         4.680720e+01 5.824608e-08 1.609043e-09 -9.446430e-09 5.361796e-37 1.162176e-38 5.114026e-38 -3.173765e-18
 180 sh2             4.700720e+01 5.453187e-08 1.609043e-09 -9.124622e-09 5.571005e-37 1.162176e-38 5.346461e-38 -3.947237e-18
 181 dh2bg6b         4.718970e+01 5.125497e-08 1.609043e-09 -8.830971e-09 5.770022e-37 1.162176e-38 5.558558e-38 -4.701559e-18
 182 dsch            4.728970e+01 4.950487e-08 1.609043e-09 -8.670067e-09 5.882355e-37 1.162176e-38 5.674775e-38 -5.136161e-18
 183 chv             4.728970e+01 4.950487e-08 1.609043e-09 -8.670067e-09 5.882355e-37 1.162176e-38 5.674775e-38 -5.136161e-18
 184 dsch            4.738970e+01 4.778694e-08 1.609043e-09 -8.509163e-09 5.997013e-37 1.162176e-38 5.790993e-38 -5.586832e-18
 185 dh2ag6b         4.752220e+01 4.556027e-08 1.609043e-09 -8.295965e-09 6.152515e-37 1.162176e-38 5.944981e-38 -6.210186e-18
 186 qh1sp01         4.777220e+01 4.337858e-08 1.105097e-10 -5.553113e-10 6.188124e-37 9.175828e-39 -4.541027e-38 -7.169384e-18
 187 dh1ag6b         4.785970e+01 4.328224e-08 1.105097e-10 -5.456417e-10 6.109359e-37 9.175828e-39 -4.460738e-38 -7.408209e-18
 188 bpm             4.785970e+01 4.328224e-08 1.105097e-10 -5.456417e-10 6.109359e-37 9.175828e-39 -4.460738e-38 -7.408209e-18
 189 dbpm            4.794720e+01 4.318760e-08 1.105097e-10 -5.359721e-10 6.031999e-37 9.175828e-39 -4.380450e-38 -7.647839e-18
 190 sh1             4.814720e+01 4.297763e-08 1.105097e-10 -5.138702e-10 5.860451e-37 9.175828e-39 -4.196933e-38 -8.198464e-18
 191 ge              4.814720e+01 4.297763e-08 1.105097e-10 -5.138702e-10 5.860451e-37 9.175828e-39 -4.196933e-38 -8.198464e-18
 192 dh0g1a          5.279720e+01 4.058814e-08 1.105097e-10 6.926926e-24 3.941347e-37 9.175828e-39 6.982693e-40 -2.137872e-17
 193 cav             5.279720e+01 4.058814e-08 1.105097e-10 6.926926e-24 3.941347e-37 9.175828e-39 6.982693e-40 -2.137872e-17
