-3.00  2.21602  1.07276
-2.85  2.21452  1.07276
-2.70  2.21331  1.07279
-2.55  2.21235  1.07285
-2.40  2.21160  1.07293
-2.25  2.21105  1.07302
-2.10  2.21065  1.07312
-1.95  2.21038  1.07322
-1.80  2.21022  1.07333
-1.65  2.21015  1.07343
-1.50  2.21014  1.07353
-1.35  2.21018  1.07361
-1.20  2.21025  1.07370
-1.05  2.21034  1.07377
-0.90  2.21045  1.07383
-0.75  2.21055  1.07388
-0.60  2.21065  1.07392
-0.45  2.21073  1.07395
-0.30  2.21079  1.07398
-0.15  2.21083  1.07399
 0.00  2.21085  1.07399
 0.15  2.21083  1.07399
 0.30  2.21079  1.07398
 0.45  2.21071  1.07396
 0.60  2.21060  1.07393
 0.75  2.21045  1.07390
 0.90  2.21027  1.07387
 1.05  2.21006  1.07383
 1.20  2.20981  1.07378
 1.35  2.20953  1.07373
 1.50  2.20922  1.07368
 1.65  2.20887  1.07363
 1.80  2.20850  1.07357
 1.95  2.20809  1.07351
 2.10  2.20765  1.07345
 2.25  2.20718  1.07339
 2.40  2.20668  1.07333
 2.55  2.20615  1.07326
 2.70  2.20560  1.07320
 2.85  2.20502  1.07313
 3.00  2.20441  1.07306
