#   A_x        A_y      nu_x    nu_y
#
 1.000e+00 -1.000e+01  2.609e-02  1.559e+01 0.22135 0.07500
 1.000e+00 -9.600e+00  2.609e-02  1.437e+01 0.22038 0.07496
 1.000e+00 -9.200e+00  2.609e-02  1.320e+01 0.21948 0.07492
 1.000e+00 -8.800e+00  2.609e-02  1.207e+01 0.21866 0.07488
 1.000e+00 -8.400e+00  2.609e-02  1.100e+01 0.21789 0.07484
 1.000e+00 -8.000e+00  2.609e-02  9.978e+00 0.21718 0.07479
 1.000e+00 -7.600e+00  2.609e-02  9.005e+00 0.21652 0.07475
 1.000e+00 -7.200e+00  2.609e-02  8.082e+00 0.21591 0.07469
 1.000e+00 -6.800e+00  2.609e-02  7.209e+00 0.21534 0.07464
 1.000e+00 -6.400e+00  2.609e-02  6.386e+00 0.21481 0.07459
 1.000e+00 -6.000e+00  2.609e-02  5.613e+00 0.21432 0.07453
 1.000e+00 -5.600e+00  2.609e-02  4.889e+00 0.21386 0.07448
 1.000e+00 -5.200e+00  2.609e-02  4.216e+00 0.21344 0.07442
 1.000e+00 -4.800e+00  2.609e-02  3.592e+00 0.21305 0.07437
 1.000e+00 -4.400e+00  2.609e-02  3.018e+00 0.21269 0.07432
 1.000e+00 -4.000e+00  2.609e-02  2.495e+00 0.21237 0.07427
 1.000e+00 -3.600e+00  2.609e-02  2.021e+00 0.21208 0.07422
 1.000e+00 -3.200e+00  2.609e-02  1.597e+00 0.21182 0.07418
 1.000e+00 -2.800e+00  2.609e-02  1.222e+00 0.21159 0.07414
 1.000e+00 -2.400e+00  2.609e-02  8.980e-01 0.21139 0.07411
 1.000e+00 -2.000e+00  2.609e-02  6.236e-01 0.21122 0.07408
 1.000e+00 -1.600e+00  2.609e-02  3.991e-01 0.21108 0.07405
 1.000e+00 -1.200e+00  2.609e-02  2.245e-01 0.21098 0.07403
 1.000e+00 -8.000e-01  2.609e-02  9.978e-02 0.21090 0.07402
 1.000e+00 -4.000e-01  2.609e-02  2.495e-02 0.21085 0.07401
 1.000e+00  1.000e+00  2.609e-02  1.559e-01 0.21093 0.07403
 1.000e+00  4.000e-01  2.609e-02  2.495e-02 0.21085 0.07401
 1.000e+00  8.000e-01  2.609e-02  9.978e-02 0.21090 0.07402
 1.000e+00  1.200e+00  2.609e-02  2.245e-01 0.21098 0.07403
 1.000e+00  1.600e+00  2.609e-02  3.991e-01 0.21108 0.07405
 1.000e+00  2.000e+00  2.609e-02  6.236e-01 0.21122 0.07408
 1.000e+00  2.400e+00  2.609e-02  8.980e-01 0.21139 0.07411
 1.000e+00  2.800e+00  2.609e-02  1.222e+00 0.21159 0.07414
 1.000e+00  3.200e+00  2.609e-02  1.597e+00 0.21182 0.07418
 1.000e+00  3.600e+00  2.609e-02  2.021e+00 0.21208 0.07422
 1.000e+00  4.000e+00  2.609e-02  2.495e+00 0.21237 0.07427
 1.000e+00  4.400e+00  2.609e-02  3.018e+00 0.21269 0.07432
 1.000e+00  4.800e+00  2.609e-02  3.592e+00 0.21305 0.07437
 1.000e+00  5.200e+00  2.609e-02  4.216e+00 0.21344 0.07442
 1.000e+00  5.600e+00  2.609e-02  4.889e+00 0.21386 0.07448
 1.000e+00  6.000e+00  2.609e-02  5.613e+00 0.21432 0.07453
 1.000e+00  6.400e+00  2.609e-02  6.386e+00 0.21481 0.07459
 1.000e+00  6.800e+00  2.609e-02  7.209e+00 0.21534 0.07464
 1.000e+00  7.200e+00  2.609e-02  8.082e+00 0.21591 0.07469
 1.000e+00  7.600e+00  2.609e-02  9.005e+00 0.21652 0.07475
 1.000e+00  8.000e+00  2.609e-02  9.978e+00 0.21718 0.07479
 1.000e+00  8.400e+00  2.609e-02  1.100e+01 0.21789 0.07484
 1.000e+00  8.800e+00  2.609e-02  1.207e+01 0.21866 0.07488
 1.000e+00  9.200e+00  2.609e-02  1.320e+01 0.21948 0.07492
 1.000e+00  9.600e+00  2.609e-02  1.437e+01 0.22038 0.07496
 1.000e+00  1.000e+01  2.609e-02  1.559e+01 0.22135 0.07500
