#   A_x        A_y        J_x        J_y      nu_x    nu_y
#
-2.000e+01  1.000e+00  1.044e+01  1.559e-01 0.20933 0.08144
-1.920e+01  1.000e+00  9.618e+00  1.559e-01 0.20921 0.08056
-1.840e+01  1.000e+00  8.833e+00  1.559e-01 0.20921 0.07979
-1.760e+01  1.000e+00  8.082e+00  1.559e-01 0.20927 0.07925
-1.680e+01  1.000e+00  7.364e+00  1.559e-01 0.20934 0.07874
-1.600e+01  1.000e+00  6.679e+00  1.559e-01 0.20942 0.07826
-1.520e+01  1.000e+00  6.028e+00  1.559e-01 0.20950 0.07783
-1.440e+01  1.000e+00  5.410e+00  1.559e-01 0.20959 0.07741
-1.360e+01  1.000e+00  4.826e+00  1.559e-01 0.20969 0.07703
-1.280e+01  1.000e+00  4.275e+00  1.559e-01 0.20980 0.07667
-1.200e+01  1.000e+00  3.757e+00  1.559e-01 0.20990 0.07634
-1.120e+01  1.000e+00  3.273e+00  1.559e-01 0.21001 0.07603
-1.040e+01  1.000e+00  2.822e+00  1.559e-01 0.21011 0.07574
-9.600e+00  1.000e+00  2.404e+00  1.559e-01 0.21021 0.07548
-8.800e+00  1.000e+00  2.020e+00  1.559e-01 0.21032 0.07524
-8.000e+00  1.000e+00  1.670e+00  1.559e-01 0.21041 0.07503
-7.200e+00  1.000e+00  1.352e+00  1.559e-01 0.21050 0.07483
-6.400e+00  1.000e+00  1.069e+00  1.559e-01 0.21059 0.07466
-5.600e+00  1.000e+00  8.182e-01  1.559e-01 0.21067 0.07451
-4.800e+00  1.000e+00  6.011e-01  1.559e-01 0.21074 0.07437
-4.000e+00  1.000e+00  4.174e-01  1.559e-01 0.21080 0.07426
-3.200e+00  1.000e+00  2.672e-01  1.559e-01 0.21085 0.07417
-2.400e+00  1.000e+00  1.503e-01  1.559e-01 0.21089 0.07410
-1.600e+00  1.000e+00  6.679e-02  1.559e-01 0.21092 0.07405
-8.000e-01  1.000e+00  1.670e-02  1.559e-01 0.21094 0.07402
 1.000e+00  1.000e+00  2.609e-02  1.559e-01 0.21093 0.07403
 8.000e-01  1.000e+00  1.670e-02  1.559e-01 0.21094 0.07402
 1.600e+00  1.000e+00  6.679e-02  1.559e-01 0.21092 0.07405
 2.400e+00  1.000e+00  1.503e-01  1.559e-01 0.21089 0.07410
 3.200e+00  1.000e+00  2.672e-01  1.559e-01 0.21084 0.07418
 4.000e+00  1.000e+00  4.174e-01  1.559e-01 0.21079 0.07428
 4.800e+00  1.000e+00  6.011e-01  1.559e-01 0.21072 0.07440
 5.600e+00  1.000e+00  8.182e-01  1.559e-01 0.21064 0.07454
 6.400e+00  1.000e+00  1.069e+00  1.559e-01 0.21055 0.07472
 7.200e+00  1.000e+00  1.352e+00  1.559e-01 0.21046 0.07492
 8.000e+00  1.000e+00  1.670e+00  1.559e-01 0.21035 0.07515
 8.800e+00  1.000e+00  2.020e+00  1.559e-01 0.21024 0.07541
 9.600e+00  1.000e+00  2.404e+00  1.559e-01 0.21012 0.07570
 1.040e+01  1.000e+00  2.822e+00  1.559e-01 0.20999 0.07603
 1.120e+01  1.000e+00  3.273e+00  1.559e-01 0.20987 0.07640
 1.200e+01  1.000e+00  3.757e+00  1.559e-01 0.20974 0.07680
 1.280e+01  1.000e+00  4.275e+00  1.559e-01 0.20962 0.07726
 1.360e+01  1.000e+00  4.826e+00  1.559e-01 0.20950 0.07776
 1.440e+01  1.000e+00  5.410e+00  1.559e-01 0.20939 0.07832
 1.520e+01  1.000e+00  6.028e+00  1.559e-01 0.20929 0.07894
 1.600e+01  1.000e+00  6.679e+00  1.559e-01 0.20921 0.07964
 1.680e+01  1.000e+00  7.364e+00  1.559e-01 0.20917 0.08057
 1.760e+01  1.000e+00  8.082e+00  1.559e-01 0.20926 0.08156
 1.840e+01  1.000e+00  8.833e+00  1.559e-01 0.20910 0.08177
 1.920e+01  1.000e+00  9.618e+00  1.559e-01 0.20900 0.08304
 2.000e+01  1.000e+00  1.044e+01  1.559e-01 0.20910 0.08394
