# Tracking with TRACY# (Floquet space)
#
#  1   512 1.0E+00 1.0E+00 0.0E+00 0.0E+00 2.21085 1.07399
#    N     x^          px^          y^          py^          delta          cdt
#                                                                   [%]           [mm]
#
   0  2.2842854751322264e-04  1.0066940428311621e-18  5.5840581590371500e-03  2.0741447071733871e-17  0.0000000000000000e+00  0.0000000000000000e+00
   1  1.1530471870954957e-05 -2.1528002478908017e-04  4.8104149275466314e-03 -2.6756345211581237e-03  0.0000000000000000e+00  2.9633450428724954e-02
   2 -3.3098206948629390e-04 -1.4458573581069185e-05  2.9440719526697048e-03 -4.7830855068905307e-03  0.0000000000000000e+00  4.0565323634664238e-02
   3 -1.7728548596739651e-04  4.0397999865159149e-04  6.8375108426361368e-04 -5.8229976608578510e-03  0.0000000000000000e+00  2.3713388723070557e-02
   4  3.2787094866049891e-04  2.3084547683485603e-04 -1.6147550726718786e-03 -5.5441061546421108e-03  0.0000000000000000e+00 -1.2912381825759755e-02
   5  4.2880889009173212e-04 -4.1435197676787359e-04 -3.7455061282393241e-03 -4.1005347913694165e-03  0.0000000000000000e+00 -3.7966300068992424e-02
   6 -1.0433121030757379e-04 -5.3364014947954370e-04 -5.2121358705880302e-03 -1.8002307791853884e-03  0.0000000000000000e+00 -2.9228507918166492e-02
   7 -4.7930610216210894e-04  8.0342971618208658e-07 -5.4441624018592453e-03  9.0526212899854394e-04  0.0000000000000000e+00 -5.0386138212617432e-05
   8 -1.1442439650462187e-04  5.1786878096912552e-04 -4.2712653406884616e-03  3.4379700759676018e-03  0.0000000000000000e+00  2.7001650195315099e-02
   9  3.2548728601658955e-04  3.5936115248164454e-04 -2.2627483567209694e-03  5.2175743869103831e-03  0.0000000000000000e+00  2.4266395446337869e-02
  10  2.4414726016098873e-04 -2.4040122717919620e-04  3.6520699478529009e-05  5.8780517826923237e-03  0.0000000000000000e+00 -1.0106843554931806e-02
  11 -1.3207814944072896e-04 -3.4042032056395377e-04  2.3212843978798517e-03  5.2535922607231762e-03  0.0000000000000000e+00 -4.0910135682504158e-02
  12 -1.9453929859945688e-04  2.7788883115641571e-05  4.3311826264768767e-03  3.4606238197382915e-03  0.0000000000000000e+00 -4.9633312671424859e-02
  13  1.0904180113486562e-04  1.5860975759533853e-04  5.5001875907474303e-03  9.2827185665757522e-04  0.0000000000000000e+00 -3.2979258998741601e-02
  14  1.8810827486002638e-04 -7.4085577399938849e-05  5.2321342053366958e-03 -1.8114819994305602e-03  0.0000000000000000e+00 -2.3518032580388372e-03
  15 -1.4977952324717975e-04 -1.6479700905120724e-04  3.6505491022491938e-03 -4.1723371512717867e-03  0.0000000000000000e+00  1.6258956749444262e-02
  16 -3.1662007037411689e-04  1.7905169497060678e-04  1.4554731126050779e-03 -5.6226954631211443e-03  0.0000000000000000e+00  8.2039244552716203e-03
  17  6.2602708437443997e-05  3.8171579882916029e-04 -8.5329696657827220e-04 -5.7911718369885665e-03  0.0000000000000000e+00 -2.2630308930643942e-02
  18  4.5542423948409240e-04 -1.0115462355488256e-04 -3.0833625694149476e-03 -4.6939860264915657e-03  0.0000000000000000e+00 -5.4854657211950215e-02
  19  2.0898948799837080e-04 -5.5661641310974803e-04 -4.8412493386559112e-03 -2.6337875773196550e-03  0.0000000000000000e+00 -5.8130801845103330e-02
  20 -3.7991833142559484e-04 -3.0977729453028434e-04 -5.5328176987803762e-03 -1.6673205520705395e-06  0.0000000000000000e+00 -3.3201891871918923e-02
  21 -3.7730651317696603e-04  3.1723598134030683e-04 -4.7846364738811853e-03  2.6532634755386678e-03  0.0000000000000000e+00 -2.7326091095148356e-03
  22  1.4457751206854995e-04  5.6065565514131963e-04 -2.9784862575160218e-03  4.7389542259106158e-03  0.0000000000000000e+00  7.8683096312627907e-03
  23  3.7910647219244865e-04  4.7844497049807513e-05 -7.3938537116553771e-04  5.7871303664047665e-03  0.0000000000000000e+00 -1.8778740752373388e-02
  24  8.6049033130867369e-05 -4.2899354807964912e-04  1.5705577780534012e-03  5.5980039401206643e-03  0.0000000000000000e+00 -5.6268663794937147e-02
  25 -2.4254013803120338e-04 -2.0639928806455025e-04  3.7108904481551888e-03  4.1684874324521724e-03  0.0000000000000000e+00 -7.3036715051132420e-02
  26 -1.0612541176124593e-04  1.6833265560295434e-04  5.2413975883961045e-03  1.8311388296996334e-03  0.0000000000000000e+00 -6.4386975454432172e-02
  27  1.9750123853514299e-04  1.2534217352234373e-04  5.4935030783428516e-03 -9.0282129126879646e-04  0.0000000000000000e+00 -3.5531317068072978e-02
  28  7.9867543173424112e-05 -1.3071915600015849e-04  4.2927035210016031e-03 -3.4548011008151617e-03  0.0000000000000000e+00 -1.0567060194298938e-02
  29 -2.6450903393509287e-04 -5.3601289955639072e-05  2.2244224656666639e-03 -5.2675211249050601e-03  0.0000000000000000e+00 -1.0272581702863257e-02
  30 -1.8215137653465968e-04  3.0769297228935220e-04 -8.1879632509556538e-05 -5.8948666953990746e-03  0.0000000000000000e+00 -3.4371101260982716e-02
  31  2.9077889393794575e-04  1.8200202237824570e-04 -2.3643938283340145e-03 -5.1914186537703171e-03  0.0000000000000000e+00 -6.8251305200597939e-02
  32  4.1032651581345589e-04 -3.7544038239562796e-04 -4.3523185587251946e-03 -3.4049062092958268e-03  0.0000000000000000e+00 -8.3296961945681508e-02
  33 -1.0483892808867339e-04 -4.9968596270485814e-04 -5.4593741200190896e-03 -9.0629511908537762e-04  0.0000000000000000e+00 -6.6057671537093895e-02
  34 -4.8310904668106040e-04  1.8218720111579228e-06 -5.1853699660309432e-03  1.8054963678511208e-03  0.0000000000000000e+00 -3.4736710730342617e-02
  35 -1.3945871660088057e-04  5.4318874542130704e-04 -3.6451357281828863e-03  4.1462617842595566e-03  0.0000000000000000e+00 -1.4127304839796954e-02
  36  3.3828933229197104e-04  3.7971383313781135e-04 -1.5031556033271148e-03  5.5676012552517739e-03  0.0000000000000000e+00 -2.7727298748804856e-02
  37  3.1369301125748115e-04 -2.9204434517868510e-04  8.0719198673577194e-04  5.7934229557180788e-03  0.0000000000000000e+00 -6.7657319355793555e-02
  38 -1.0570449618137804e-04 -4.3448537562974587e-04  3.0314214565656012e-03  4.7656875861343635e-03  0.0000000000000000e+00 -9.3778883213360018e-02
  39 -2.7358253862961186e-04  1.5496003099798963e-06  4.8324237063724195e-03  2.6854323991226761e-03  0.0000000000000000e+00 -9.3341876022807996e-02
  40  3.4380496813838142e-05  2.4816865670692988e-04  5.5758324541030531e-03  2.5940368740299463e-05  0.0000000000000000e+00 -6.9261272014838074e-02
  41  2.1790786074998953e-04  4.8355024671417653e-05  4.8338875493653720e-03 -2.6525315265737335e-03  0.0000000000000000e+00 -3.9709055000469055e-02
  42 -6.5750708287436039e-05 -1.4790163661315112e-04  2.9743013705562696e-03 -4.7697312263071598e-03  0.0000000000000000e+00 -3.1003318826428591e-02
  43 -2.8079671524419150e-04  8.9343726572012233e-05  6.9894941159711612e-04 -5.8393439713702510e-03  0.0000000000000000e+00 -4.8645006142828927e-02
  44  2.9055778018511736e-05  2.9264658566560155e-04 -1.6127190333497334e-03 -5.5756992264603322e-03  0.0000000000000000e+00 -8.0532799095567945e-02
  45  4.1267187567426154e-04 -8.9232188919120448e-05 -3.7575525254510641e-03 -4.1034486817061065e-03  0.0000000000000000e+00 -1.0413233701690389e-01
  46  1.9724532156237663e-04 -4.9233685033803979e-04 -5.2339532121093782e-03 -1.7892946338783728e-03  0.0000000000000000e+00 -9.7476412684576796e-02
  47 -3.6741851431282843e-04 -2.9321879192206930e-04 -5.4446012928651604e-03  9.1746688836030451e-04  0.0000000000000000e+00 -6.7886584296083879e-02
  48 -3.8714412674320417e-04  3.1993782228570351e-04 -4.2536683836957179e-03  3.4479205528433667e-03  0.0000000000000000e+00 -4.1009317674309952e-02
  49  1.2737049975425474e-04  5.7812880315579211e-04 -2.2428253267124773e-03  5.2241979613800397e-03  0.0000000000000000e+00 -4.0510251370840175e-02
  50  4.2194510657899385e-04  2.8581564425051774e-05  3.7136637456530295e-05  5.8500005643230719e-03  0.0000000000000000e+00 -7.5393507498307089e-02
  51  1.4444696615951511e-04 -5.0631927603945256e-04  2.3156864364797338e-03  5.2336410653103307e-03  0.0000000000000000e+00 -1.1116942742993564e-01
  52 -2.7400259126788114e-04 -2.6850045671779034e-04  4.3065258058518760e-03  3.4697526066151305e-03  0.0000000000000000e+00 -1.1954904183299055e-01
  53 -1.9807168530834793e-04  2.0300759427688834e-04  5.4792700082212211e-03  9.4901683362299627e-04  0.0000000000000000e+00 -1.0239458289472607e-01
  54  1.7781338330413417e-04  2.4674641589621260e-04  5.2377269713168991e-03 -1.7877263952246142e-03  0.0000000000000000e+00 -7.1106546411129151e-02
  55  1.5023365256205962e-04 -5.3716191107247430e-05  3.6814335833087134e-03 -4.1499790240348495e-03  0.0000000000000000e+00 -5.3834956450149477e-02
  56 -1.9146191907693332e-04 -1.0791934317069173e-04  1.4819140169618356e-03 -5.6213406117431837e-03  0.0000000000000000e+00 -6.4719506182960754e-02
  57 -1.8562476313099138e-04  1.9602424794064628e-04 -8.4248378452045694e-04 -5.8221320205760338e-03  0.0000000000000000e+00 -9.3451757533891483e-02
  58  2.3523291506300227e-04  1.4363364320586614e-04 -3.0811503911645026e-03 -4.7173075916785850e-03  0.0000000000000000e+00 -1.2153814972945971e-01
  59  3.7236666542916474e-04 -3.0626498528979902e-04 -4.8639602864520735e-03 -2.6318621816293665e-03  0.0000000000000000e+00 -1.2589388236502330e-01
  60 -9.5172453617509850e-05 -4.4597082342077499e-04 -5.5455232615273416e-03  7.8797458775102666e-06  0.0000000000000000e+00 -1.0167733484945318e-01
  61 -4.6542521963141201e-04  2.5962216541407568e-06 -4.7805090454709365e-03  2.6632361139734863e-03  0.0000000000000000e+00 -7.1112734589486790e-02
  62 -1.6044426981950803e-04  5.4321256781095326e-04 -2.9537641304073232e-03  4.7533367778493504e-03  0.0000000000000000e+00 -5.8995789318092316e-02
  63  3.4425703952520428e-04  3.7346807970724456e-04 -7.2893098367108851e-04  5.7791263081959990e-03  0.0000000000000000e+00 -8.2349887293777180e-02
  64  3.7137771763547458e-04 -3.4243032058764764e-04  1.5743093804037546e-03  5.5652572402871562e-03  0.0000000000000000e+00 -1.2397731847115184e-01
  65 -8.7875607571770206e-05 -5.0360286457991701e-04  3.6986327202779170e-03  4.1617149559995299e-03  0.0000000000000000e+00 -1.4300817509937758e-01
  66 -3.4810200937086198e-04 -1.2775189698998479e-05  5.2163750349575608e-03  1.8425802528457896e-03  0.0000000000000000e+00 -1.3357250563175249e-01
  67 -2.5963645380976663e-05  3.3216059773871699e-04  5.4811436194565546e-03 -8.8232721263613214e-04  0.0000000000000000e+00 -1.0438626543387577e-01
  68  2.5000585949879503e-04  1.6223482861990878e-04  4.3127291092530601e-03 -3.4310303710940273e-03  0.0000000000000000e+00 -7.9178432307920085e-02
  69  1.9927607823344856e-05 -1.4436913305723798e-04  2.2555893542105698e-03 -5.2494885427689731e-03  0.0000000000000000e+00 -8.1937244039521726e-02
  70 -2.3932863276005613e-04 -1.5925529522528724e-05 -5.9573147807207839e-05 -5.9114017992333828e-03  0.0000000000000000e+00 -1.0745719487236116e-01
  71 -1.4257502059675810e-05  2.0283629256754668e-04 -2.3522878176417158e-03 -5.2271559114932687e-03  0.0000000000000000e+00 -1.3713840134255639e-01
  72  3.4769920938432138e-04 -5.2063366326939763e-05 -4.3600758785283548e-03 -3.4188171682523185e-03  0.0000000000000000e+00 -1.5064129206688881e-01
  73  1.8283637449233460e-04 -4.0353333085732588e-04 -5.4830240125739423e-03 -9.0454989942793495e-04  0.0000000000000000e+00 -1.3491056516292266e-01
  74 -3.3248198972672362e-04 -2.6652091587939881e-04 -5.1929471884682729e-03  1.8142585058688323e-03  0.0000000000000000e+00 -1.0334406560759833e-01
  75 -3.8484473889480658e-04  3.0715324005880612e-04 -3.6315128865734153e-03  4.1586974018903745e-03  0.0000000000000000e+00 -8.2734336083848364e-02
  76  1.0821421860661345e-04  5.6536019039521554e-04 -1.4820279164013785e-03  5.5797836644462901e-03  0.0000000000000000e+00 -9.2428680145136208e-02
  77  4.5328062793120657e-04 -2.1311307894827914e-06  8.1502388701376973e-04  5.7674318247783974e-03  0.0000000000000000e+00 -1.3226267569884603e-01
  78  1.8990205035878091e-04 -5.6213262811148775e-04  3.0349403666376710e-03  4.7419257489765988e-03  0.0000000000000000e+00 -1.6297568393999856e-01
  79 -3.0669116988409089e-04 -3.0895147091417209e-04  4.8122341441926876e-03  2.6859465958711652e-03  0.0000000000000000e+00 -1.6229430644342557e-01
  80 -2.7479653384280417e-04  2.3547549795787498e-04  5.5551362497033132e-03  3.9214017875002376e-05  0.0000000000000000e+00 -1.3821930616156994e-01
  81  1.6474334395764662e-04  3.5792121243427729e-04  4.8338204012553622e-03 -2.6331373560021620e-03  0.0000000000000000e+00 -1.0768967855999109e-01
  82  2.1795037691078520e-04  9.1275013768291082e-06  3.0028971070970023e-03 -4.7440167427580697e-03  0.0000000000000000e+00 -1.0045830647487092e-01
  83 -1.1413272012882931e-04 -1.7678927828960033e-04  7.2761413319285000e-04 -5.8355124132997843e-03  0.0000000000000000e+00 -1.2186837788221634e-01
  84 -1.9078949127135426e-04  7.6701909800707614e-05 -1.5928755746292525e-03 -5.6077331823707567e-03  0.0000000000000000e+00 -1.5211493468431728e-01
  85  1.6083273394242465e-04  1.2239923658480573e-04 -3.7478270075272310e-03 -4.1333272549539278e-03  0.0000000000000000e+00 -1.7217477809751833e-01
  86  3.2199540617715153e-04 -2.1172051045789423e-04 -5.2546950141324723e-03 -1.7987342381654220e-03  0.0000000000000000e+00 -1.6603703316569143e-01
  87 -6.9254444474491160e-05 -3.7578212568417082e-04 -5.4629833600530042e-03  9.2028654966576470e-04  0.0000000000000000e+00 -1.3706175818324251e-01
  88 -4.2949931336511892e-04 -3.3675477432650399e-07 -4.2560745381731392e-03  3.4562903268211933e-03  0.0000000000000000e+00 -1.1028502161829630e-01
  89 -1.7695700924097099e-04  5.1636428840926485e-04 -2.2213668196799999e-03  5.2427810739864283e-03  0.0000000000000000e+00 -1.0785855140940002e-01
  90  3.4257554871301444e-04  3.4490705663396128e-04  5.0558793704254196e-05  5.8467066183247613e-03  0.0000000000000000e+00 -1.3874567914612213e-01
  91  4.1363980864293732e-04 -3.8166203190698487e-04  2.3278007594968769e-03  5.2014373226518095e-03  0.0000000000000000e+00 -1.7813288996548129e-01
  92 -7.8721675527501593e-05 -5.4425840917315981e-04  4.3006579546308260e-03  3.4573633090848074e-03  0.0000000000000000e+00 -1.8850836244106894e-01
  93 -4.1113283979878952e-04 -2.0245520599438250e-05  5.4578873559577327e-03  9.5226732713669536e-04  0.0000000000000000e+00 -1.7087811259744268e-01
  94 -7.2775897417507243e-05  4.0639183696652823e-04  5.2214116634358961e-03 -1.7743696594133950e-03  0.0000000000000000e+00 -1.3935021635943404e-01
  95  2.7898351729210391e-04  2.5994869456005061e-04  3.6963984419799275e-03 -4.1277328446325395e-03  0.0000000000000000e+00 -1.2140104822280946e-01
  96  1.0493425018611440e-04 -1.5652234132708352e-04  1.5108564757100988e-03 -5.5993847635361048e-03  0.0000000000000000e+00 -1.3602263200971418e-01
  97 -1.9567293170154779e-04 -1.3151466409480668e-04 -8.1583865181624154e-04 -5.8374446111813943e-03  0.0000000000000000e+00 -1.6677582887949777e-01
  98 -6.9114006680743052e-05  1.2182538821853269e-04 -3.0602714018185878e-03 -4.7544135717237186e-03  0.0000000000000000e+00 -1.9139725581545949e-01
  99  2.6599722054256091e-04  8.1775789711911833e-06 -4.8669247119821979e-03 -2.6547462418735159e-03  0.0000000000000000e+00 -1.9430121567145742e-01
 100  1.7475712299859497e-04 -2.9631372762595708e-04 -5.5704635141703264e-03  2.3141609022288168e-07  0.0000000000000000e+00 -1.7110258478091980e-01
 101 -2.7727882524226721e-04 -2.3310609771038873e-04 -4.7956372885053647e-03  2.6665576313298460e-03  0.0000000000000000e+00 -1.4064865714668087e-01
 102 -3.7191732405880310e-04  2.7603637751562842e-04 -2.9462861487210834e-03  4.7669180757485509e-03  0.0000000000000000e+00 -1.2846991589366574e-01
 103  8.7699478388551905e-05  5.2482214165133398e-04 -7.0976694015840948e-04  5.7962824267158153e-03  0.0000000000000000e+00 -1.4735458149486050e-01
 104  4.7019491462818933e-04 -3.5990750504062677e-05  1.5868768537281373e-03  5.5434670893408913e-03  0.0000000000000000e+00 -1.8830262618519214e-01
 105  2.1978362451473326e-04 -5.8924666901405626e-04  3.7097007698999405e-03  4.1367908763012386e-03  0.0000000000000000e+00 -2.1137437184649571e-01
 106 -3.3622368691080956e-04 -3.3073177677920152e-04  5.2010500913374997e-03  1.8361992961024504e-03  0.0000000000000000e+00 -2.0168225922445748e-01
 107 -3.3276375598114934e-04  2.6267733563740362e-04  5.4609438608037341e-03 -8.7634800891020178e-04  0.0000000000000000e+00 -1.7280521156712475e-01
 108  1.5315874892055052e-04  4.5254770772551830e-04  4.3067150606160530e-03 -3.4178959352783840e-03  0.0000000000000000e+00 -1.4620505820757215e-01
 109  2.8047427686726166e-04  5.2706561763670046e-05  2.2790854001986023e-03 -5.2219689809519529e-03  0.0000000000000000e+00 -1.5037900841669988e-01
 110 -3.5733951303470336e-05 -2.5763289107003204e-04 -3.2247669451563247e-05 -5.9044006018810812e-03  0.0000000000000000e+00 -1.8044523723269615e-01
 111 -2.0057914208183324e-04 -4.0408559175342772e-05 -2.3261577473974969e-03 -5.2573678022217003e-03  0.0000000000000000e+00 -2.0898068616661078e-01
 112  7.0710148536776539e-05  1.2074032362805293e-04 -4.3442050962600115e-03 -3.4518033839105347e-03  0.0000000000000000e+00 -2.1970690446536892e-01
 113  2.6905830822138816e-04 -9.9421974980288489e-05 -5.5008018264556969e-03 -9.2327352280117264e-04  0.0000000000000000e+00 -2.0406934136136848e-01
 114 -2.5428958457891630e-05 -2.9332966607585424e-04 -5.2168379239902595e-03  1.8094263720489585e-03  0.0000000000000000e+00 -1.7314896234110949e-01
 115 -3.7924880306083127e-04 -1.1148683337942894e-05 -3.6411735852691480e-03  4.1643294787181940e-03  0.0000000000000000e+00 -1.5304079979459476e-01
 116 -1.8833353552675123e-04  4.6317178660014208e-04 -1.4666203562274122e-03  5.6017033100429214e-03  0.0000000000000000e+00 -1.6052246551492194e-01
 117  3.3143476609360731e-04  3.0027476753549702e-04  8.2824180713305751e-04  5.7698576767128687e-03  0.0000000000000000e+00 -1.9585554763966645e-01
 118  4.3681286286386312e-04 -4.0036230405222098e-04  3.0531503346899330e-03  4.7134456427119584e-03  0.0000000000000000e+00 -2.2952663564894074e-01
 119 -7.6993400304853176e-05 -5.5633150328836636e-04  4.8118705201585146e-03  2.6703633191186996e-03  0.0000000000000000e+00 -2.3051479176182638e-01
 120 -4.5666304940764941e-04 -2.4005385940703330e-05  5.5378053982140917e-03  3.5943027515378178e-05  0.0000000000000000e+00 -2.0611773954445906e-01
 121 -1.0936902299466766e-04  4.6724163773084466e-04  4.8137665959365247e-03 -2.6277360627993489e-03  0.0000000000000000e+00 -1.7526402936180074e-01
 122  3.0192802625819963e-04  3.3502106951040640e-04  3.0112554526925636e-03 -4.7250243492341542e-03  0.0000000000000000e+00 -1.6678312522676136e-01
 123  1.8705453579925493e-04 -1.8454074064732748e-04  7.5094202976043402e-04 -5.8100935107229567e-03  0.0000000000000000e+00 -1.9238138776678351e-01
 124 -1.5366109660624729e-04 -2.4943561428332603e-04 -1.5657784740867042e-03 -5.6195264314592456e-03  0.0000000000000000e+00 -2.2509079936285722e-01
 125 -1.3505668452355751e-04  5.6793525597250649e-05 -3.7212323446908541e-03 -4.1678530005163604e-03  0.0000000000000000e+00 -2.4249659086237241e-01
 126  1.7651262406903197e-04  8.5184989215370075e-05 -5.2531242320359240e-03 -1.8267492773189394e-03  0.0000000000000000e+00 -2.3515048823931797e-01
 127  1.7924280277054722e-04 -1.7695921204193631e-04 -5.4883749427113836e-03  9.0478314272137729e-04  0.0000000000000000e+00 -2.0679049283310905e-01
 128 -2.0687694335145285e-04 -1.9818206052663392e-04 -4.2781726025676488e-03  3.4533614107877062e-03  0.0000000000000000e+00 -1.8069133454610475e-01
 129 -3.4930696110715617e-04  2.2512205306295070e-04 -2.2215766702350119e-03  5.2569179282274210e-03  0.0000000000000000e+00 -1.7834714300219162e-01
 130  6.5289198964471951e-05  4.6080660327587139e-04  6.4724814840203692e-05  5.8688406128386255e-03  0.0000000000000000e+00 -2.0441744510622886e-01
 131  4.6923466484526431e-04 -6.3536419402916797e-05  2.3423496857470005e-03  5.1864453204034733e-03  0.0000000000000000e+00 -2.4263297555123645e-01
 132  2.3279740811733078e-04 -5.8402006852710520e-04  4.3172806445710586e-03  3.4343976645400173e-03  0.0000000000000000e+00 -2.5640155515511337e-01
 133 -3.5708279078996237e-04 -3.3699971453475189e-04  5.4476589080699155e-03  9.4120685506947767e-04  0.0000000000000000e+00 -2.3844498200380573e-01
 134 -3.7177541867777428e-04  2.8322466251055190e-04  5.2017654203488865e-03 -1.7750543688668345e-03  0.0000000000000000e+00 -2.0732879770753682e-01
 135  1.3977450879760583e-04  5.2467829683764018e-04  3.6843337128536504e-03 -4.1219093208726505e-03  0.0000000000000000e+00 -1.8746387842134526e-01
 136  3.3658733213003372e-04  7.4284920055415937e-05  1.5267534409225988e-03 -5.5712646566637167e-03  0.0000000000000000e+00 -2.0323242996091170e-01
 137  3.9896516694726547e-05 -3.4520012289568884e-04 -7.9376728536961565e-04 -5.8261024908040464e-03  0.0000000000000000e+00 -2.3902788946532658e-01
 138 -2.1684030554895708e-04 -1.4531264595209035e-04 -3.0317071975014217e-03 -4.7792684456603842e-03  0.0000000000000000e+00 -2.6294327005383156e-01
 139 -2.8539552621152509e-05  1.3627183482432673e-04 -4.8472203624809855e-03 -2.6864890114520279e-03  0.0000000000000000e+00 -2.6389893699920453e-01
 140  2.2290091761891482e-04  2.2315519725217472e-05 -5.5843432378752649e-03 -2.4026630239727217e-05  0.0000000000000000e+00 -2.4048690386934260e-01
 141  3.2901038510551921e-05 -2.0438165354721727e-04 -4.8238287581591601e-03  2.6544171994560073e-03  0.0000000000000000e+00 -2.1083668861252949e-01
 142 -3.1819595340849350e-04 -3.3471796605447302e-05 -2.9630381977912494e-03  4.7694908106836777e-03  0.0000000000000000e+00 -1.9980377700056778e-01
 143 -1.9445055061028061e-04  3.8590143584846985e-04 -7.0254792753621210e-04  5.8212507215508200e-03  0.0000000000000000e+00 -2.1639143540846503e-01
 144  3.0813237883465437e-04  2.4744603966031265e-04  1.5968055899812171e-03  5.5528700684592735e-03  0.0000000000000000e+00 -2.5261864610478135e-01
 145  4.3795575429759039e-04 -3.9155492094265125e-04  3.7314513852476096e-03  4.1153013578312178e-03  0.0000000000000000e+00 -2.7792949318604643e-01
 146 -7.9336035752722425e-05 -5.4189681126653522e-04  5.2054646184436833e-03  1.8200921874769801e-03  0.0000000000000000e+00 -2.6957153623238578e-01
 147 -4.8058574615665698e-04 -2.5031924603111906e-05  5.4478513878571779e-03 -8.8413323271272057e-04  0.0000000000000000e+00 -2.4043206973379605e-01
 148 -1.3897138989116270e-04  5.1072054626701338e-04  4.2834736047311943e-03 -3.4203773543821639e-03  0.0000000000000000e+00 -2.1325534386055545e-01
 149  3.1803860819706891e-04  3.8303771831572599e-04  2.2799189785576365e-03 -5.2071811149648640e-03  0.0000000000000000e+00 -2.1548231004646431e-01
 150  2.6356351439125005e-04 -2.2583154239039596e-04 -1.7369763373636004e-05 -5.8756970591442000e-03  0.0000000000000000e+00 -2.4990488043357614e-01
 151 -1.1667934711079262e-04 -3.5958034983701854e-04 -2.3024884027888445e-03 -5.2632163783386306e-03  0.0000000000000000e+00 -2.8111819167269941e-01
 152 -2.0880063763982691e-04  1.0551639509630640e-05 -4.3155540466348497e-03 -3.4799111155651851e-03  0.0000000000000000e+00 -2.8996310834739264e-01
 153  8.9406346505810933e-05  1.7045802772358836e-04 -5.4950500494786135e-03 -9.5194484727234661e-04  0.0000000000000000e+00 -2.7345178546609455e-01
 154  1.9692579776837757e-04 -5.1926091046850991e-05 -5.2413889238226300e-03  1.7886171970704595e-03  0.0000000000000000e+00 -2.4281583107598032e-01
 155 -1.2710513640951953e-04 -1.6752372520717566e-04 -3.6686841767132709e-03  4.1552620546288594e-03  0.0000000000000000e+00 -2.2412837802810406e-01
 156 -3.1765000414941291e-04  1.5447495102758867e-04 -1.4752108158957698e-03  5.6163349949006946e-03  0.0000000000000000e+00 -2.3207402908813063e-01
 157  3.9163810153237083e-05  3.7903083908889134e-04  8.3473645005956003e-04  5.7972311353075758e-03  0.0000000000000000e+00 -2.6254132903227956e-01
 158  4.4691125661643435e-04 -7.5702549796821379e-05  3.0669431152926733e-03  4.7077166170496438e-03  0.0000000000000000e+00 -2.9468093252627237e-01
 159  2.3009164817880572e-04 -5.4628179104586067e-04  4.8321915711639829e-03  2.6524990641323310e-03  0.0000000000000000e+00 -2.9838274516907520e-01
 160 -3.6300442244000046e-04 -3.2979719779826399e-04  5.5331230872742564e-03  2.2854665285704881e-05  0.0000000000000000e+00 -2.7360152459354470e-01
 161 -3.9365000144540781e-04  2.9540789592654853e-04  4.7950828075395526e-03 -2.6339626325157990e-03  0.0000000000000000e+00 -2.4309628106952710e-01
 162  1.2351955314694391e-04  5.6950869893276858e-04  2.9937957340334634e-03 -4.7265431268934226e-03  0.0000000000000000e+00 -2.3208529103567943e-01
 163  3.8521691224843138e-04  7.4190366370529529e-05  7.5789190676206844e-04 -5.7821889701411729e-03  0.0000000000000000e+00 -2.5837901207498054e-01
 164  1.0893581323656950e-04 -4.3127648610796125e-04 -1.5520441123940505e-03 -5.6029170874964231e-03  0.0000000000000000e+00 -2.9628904652198690e-01
 165 -2.3961800694864666e-04 -2.3059529947449275e-04 -3.6938766366416279e-03 -4.1845489330489356e-03  0.0000000000000000e+00 -3.1331655305458506e-01
 166 -1.2818391209364492e-04  1.6286872899997569e-04 -5.2317752902172540e-03 -1.8535155116009511e-03  0.0000000000000000e+00 -3.0481547599830788e-01
 167  1.8866094381747342e-04  1.4601373998074447e-04 -5.4974621418732335e-03  8.7916656396658168e-04  0.0000000000000000e+00 -2.7600471765781792e-01
 168  9.9319444295156928e-05 -1.1599613831507866e-04 -4.3086621371809138e-03  3.4350559862435263e-03  0.0000000000000000e+00 -2.5093853972939983e-01
 169 -2.4895595573753878e-04 -6.9728048473185149e-05 -2.2444321455835441e-03  5.2566039557078222e-03  0.0000000000000000e+00 -2.5059618498636843e-01
 170 -1.9640659899341278e-04  2.8815836124224239e-04  6.2388219337825300e-05  5.8967563372208836e-03  0.0000000000000000e+00 -2.7451569435088963e-01
 171  2.6947841306751256e-04  1.9553748787102612e-04  2.3463474648424331e-03  5.2037704349444493e-03  0.0000000000000000e+00 -3.0810954635380433e-01
 172  4.1639913489694569e-04 -3.5192635090155040e-04  4.3401073275541298e-03  3.4226867156573119e-03  0.0000000000000000e+00 -3.2339933438249507e-01
 173 -7.9725889677592651e-05 -5.0404931834302849e-04  5.4566937867012817e-03  9.2740425073973003e-04  0.0000000000000000e+00 -3.0647713028571194e-01
 174 -4.8147093751365824e-04 -2.3768380156828851e-05  5.1933472827538638e-03 -1.7850713313688018e-03  0.0000000000000000e+00 -2.7513599502413744e-01
 175 -1.6341083321723027e-04  5.3269699671084204e-04  3.6593483842418486e-03 -4.1312790391649021e-03  0.0000000000000000e+00 -2.5431861917910209e-01
 176  3.2751500531571592e-04  4.0246872141647919e-04  1.5204452422168135e-03 -5.5608984230370098e-03  0.0000000000000000e+00 -2.6736059621106389e-01
 177  3.3129067546595805e-04 -2.7471818871135478e-04 -7.8878805166303931e-04 -5.7945457240966645e-03  0.0000000000000000e+00 -3.0739277933582193e-01
 178 -8.7219544240732294e-05 -4.5192251760118842e-04 -3.0141083676281408e-03 -4.7777792957092629e-03  0.0000000000000000e+00 -3.3397675469138627e-01
 179 -2.8475416004187598e-04 -1.8649859933858033e-05 -4.8195432467506034e-03 -2.7058174384652768e-03  0.0000000000000000e+00 -3.3369448164205517e-01
 180  1.2962751625751173e-05  2.5590240554658413e-04 -5.5745917487354220e-03 -4.9525286219444593e-05  0.0000000000000000e+00 -3.0975040672347159e-01
 181  2.2327922926651303e-04  7.1684986757188085e-05 -4.8460558885477789e-03  2.6310048701368226e-03  0.0000000000000000e+00 -2.8007818603340939e-01
 182 -4.2863376949571078e-05 -1.4633366006868058e-04 -2.9937595010925632e-03  4.7548978903603437e-03  0.0000000000000000e+00 -2.7129092339810157e-01
 183 -2.7806474798634058e-04  6.5566886547652905e-05 -7.1927416660197072e-04  5.8363486474989372e-03  0.0000000000000000e+00 -2.8891936869575996e-01
 184  6.6323844266617863e-06  2.8700429481685918e-04  1.5936752112744429e-03  5.5853264058044836e-03  0.0000000000000000e+00 -3.2055288345306548e-01
 185  4.0123703600775931e-04 -6.5799763114348674e-05  3.7421033243002270e-03  4.1204133250854992e-03  0.0000000000000000e+00 -3.4413370717235342e-01
 186  2.1628366873979932e-04 -4.7892145147953875e-04  5.2281066386820844e-03  1.8100916535666645e-03  0.0000000000000000e+00 -3.3783477589166488e-01
 187 -3.4873226154655989e-04 -3.1024457087788847e-04  5.4495008191070629e-03 -8.9621749746537579e-04  0.0000000000000000e+00 -3.0833555833937132e-01
 188 -4.0076126487659773e-04  2.9630345458598077e-04  4.2670613651609440e-03 -3.4304854684807729e-03  0.0000000000000000e+00 -2.8135048165214799e-01
 189  1.0482801312663142e-04  5.8426798931295910e-04  2.2589386111408851e-03 -5.2152241499433573e-03  0.0000000000000000e+00 -2.8038157364721028e-01
 190  4.2469815158923578e-04  5.5897666392851454e-05 -1.9028294202884132e-05 -5.8488415714746398e-03  0.0000000000000000e+00 -3.1492097052596463e-01
 191  1.6784446355442724e-04 -5.0572068002919287e-04 -2.2983986473305248e-03 -5.2415532778111850e-03  0.0000000000000000e+00 -3.5117627214096281e-01
 192 -2.6710351092552767e-04 -2.9301863319198141e-04 -4.2917974655356525e-03 -3.4874464913523854e-03  0.0000000000000000e+00 -3.5983581487841687e-01
 193 -2.1934991465802079e-04  1.9322650024488318e-04 -5.4735278263554508e-03 -9.7164959517032860e-04  0.0000000000000000e+00 -3.4284246004973756e-01
 194  1.6574416749462527e-04  2.6520132763424521e-04 -5.2450801548081316e-03  1.7651894015127665e-03  0.0000000000000000e+00 -3.1152104273756243e-01
 195  1.6733411538264915e-04 -3.5549356691047217e-05 -3.6990978822224779e-03  4.1323091594338808e-03  0.0000000000000000e+00 -2.9406639488500469e-01
 196 -1.7355779961588053e-04 -1.2094935913371388e-04 -1.5024170707111646e-03  5.6133916493050703e-03  0.0000000000000000e+00 -3.0498197377552971e-01
 197 -1.9660479905853333e-04  1.7521848385036875e-04  8.2251885512338232e-04  5.8275470625170816e-03  0.0000000000000000e+00 -3.3364497105861235e-01
 198  2.1287080532953997e-04  1.5358359148062077e-04  3.0633471333211997e-03  4.7328556857006588e-03  0.0000000000000000e+00 -3.6156355451487920e-01
 199  3.7519194395670261e-04 -2.8240568294729540e-04  4.8540870656555062e-03  2.6522456299752310e-03  0.0000000000000000e+00 -3.6613983689248042e-01
 200 -7.0535994909549617e-05 -4.4611662567234475e-04  5.5471633639223531e-03  1.4102810852403967e-05  0.0000000000000000e+00 -3.4216573304014847e-01
 201 -4.6066182967437647e-04 -2.1987421128877960e-05  4.7922911120061975e-03 -2.6438677488755083e-03  0.0000000000000000e+00 -3.1152831795125496e-01
 202 -1.8316863742886549e-04  5.2986352687929312e-04  2.9695553159685018e-03 -4.7412634015513181e-03  0.0000000000000000e+00 -2.9913906247059913e-01
 203  3.3044485989141767e-04  3.9494448215211000e-04  7.4629944400450468e-04 -5.7762686148186684e-03  0.0000000000000000e+00 -3.2191828946358647e-01
 204  3.8688547348736971e-04 -3.2280434804825303e-04 -1.5567160509905751e-03 -5.5698847484199152e-03  0.0000000000000000e+00 -3.6369976268772103e-01
 205 -6.6715196753270225e-05 -5.1903186995104749e-04 -3.6832381458323476e-03 -4.1760625747148490e-03  0.0000000000000000e+00 -3.8321192300479923e-01
 206 -3.5618166417830416e-04 -3.5448470393023249e-05 -5.2069726063625225e-03 -1.8636755381970468e-03  0.0000000000000000e+00 -3.7393440945578232e-01
 207 -4.8885873326730293e-05  3.3556798895626350e-04 -5.4838659618748377e-03  8.5944194003762105e-04  0.0000000000000000e+00 -3.4485280632009491e-01
 208  2.5177988586019709e-04  1.8616553226351285e-04 -4.3270907060724614e-03  3.4115213819723260e-03  0.0000000000000000e+00 -3.1941181202688451e-01
 209  4.2465123676393251e-05 -1.3866237041276178e-04 -2.2756610924703547e-03  5.2373257567008879e-03  0.0000000000000000e+00 -3.2209707348189737e-01
 210 -2.3290604895867130e-04 -3.8598592650378336e-05  3.9013223001897480e-05  5.9117906091195899e-03  0.0000000000000000e+00 -3.4772235548560360e-01
 211 -3.5088845460122309e-05  1.9405017961839541e-04  2.3330914582130281e-03  5.2399744340582829e-03  0.0000000000000000e+00 -3.7727055711952145e-01
 212  3.3357933563211523e-04 -3.1193889831410254e-05  4.3461310253657855e-03  3.4385117296972397e-03  0.0000000000000000e+00 -3.9081370828952300e-01
 213  1.9937616921024301e-04 -3.8715195150068604e-04  5.4808267382028281e-03  9.2695188474820782e-04  0.0000000000000000e+00 -3.7536056626887532e-01
 214 -3.1227200994789992e-04 -2.8001925599470650e-04  5.2021935319829585e-03 -1.7933067468970006e-03  0.0000000000000000e+00 -3.4382779211774389e-01
 215 -3.9525207728034880e-04  2.8242116555206109e-04  3.6472741932294071e-03 -4.1434850457226346e-03  0.0000000000000000e+00 -3.2305704576757377e-01
 216  8.4705648799373529e-05  5.6886488368604814e-04  1.4988068605700788e-03 -5.5744341434180150e-03  0.0000000000000000e+00 -3.3225300324046469e-01
 217  4.5271225689322926e-04  2.5576609847782239e-05 -7.9725134539317122e-04 -5.7701238695580109e-03  0.0000000000000000e+00 -3.7177912321315509e-01
 218  2.1335127943409974e-04 -5.5874501879003662e-04 -3.0191375942050605e-03 -4.7527546147963706e-03  0.0000000000000000e+00 -4.0299915835633543e-01
 219 -2.9615722614479784e-04 -3.3320818804969348e-04 -4.8004226415136794e-03 -2.7049766895655553e-03  0.0000000000000000e+00 -4.0259305896584824e-01
 220 -2.9510341910674818e-04  2.2166285931372588e-04 -5.5536642366145082e-03 -6.1657005414232399e-05  0.0000000000000000e+00 -3.7866141826824828e-01
 221  1.4964555513621554e-04  3.7375456426791062e-04 -4.8440538687378786e-03  2.6123824844669092e-03  0.0000000000000000e+00 -3.4800723839609260e-01
 222  2.3230387512104743e-04  3.0259402545202330e-05 -3.0214954040309033e-03  4.7289678436292504e-03  0.0000000000000000e+00 -3.4051908147983656e-01
 223 -9.4331016713174751e-05 -1.8663552465541126e-04 -7.4813688921224230e-04  5.8307190987355855e-03  0.0000000000000000e+00 -3.6205611719674496e-01
 224 -1.9818160733380802e-04  5.4772918567068793e-05  1.5728032270049452e-03  5.6163939747096115e-03  0.0000000000000000e+00 -3.9234952357685715e-01
 225  1.3795023136312651e-04  1.2835836488505757e-04  3.7308448176728683e-03  4.1515226181539243e-03  0.0000000000000000e+00 -4.1235300265053643e-01
 226  3.2151119824984543e-04 -1.8796194882295781e-04  5.2477051749530990e-03  1.8211183378480677e-03  0.0000000000000000e+00 -4.0640561370600931e-01
 227 -4.5559736843771927e-05 -3.7161967476961796e-04  5.4689624748585509e-03 -8.9791786719921373e-04  0.0000000000000000e+00 -3.7758911453486776e-01
 228 -4.2150208943351255e-04 -2.3222078938715501e-05  4.2710031822953071e-03 -3.4383730288535031e-03  0.0000000000000000e+00 -3.5070401211190005e-01
 229 -1.9789961894499093e-04  5.0065142719293789e-04  2.2384178860106823e-03 -5.2338879113382050e-03  0.0000000000000000e+00 -3.4797292737791469e-01
 230  3.2609102201214632e-04  3.6473079717171586e-04 -3.3042696186232062e-05 -5.8477772086895788e-03  0.0000000000000000e+00 -3.7830650773124302e-01
 231  4.2679698807904660e-04 -3.6023861896558780e-04 -2.3111233184625888e-03 -5.2095607185849470e-03  0.0000000000000000e+00 -4.1789043171168450e-01
 232 -5.5472438291846217e-05 -5.5728067518180657e-04 -4.2876496843624054e-03 -3.4737712124033007e-03  0.0000000000000000e+00 -4.2873711888051608e-01
 233 -4.1626990647347477e-04 -4.4738671204245617e-05 -5.4525613095686171e-03 -9.7371346590891038e-04  0.0000000000000000e+00 -4.1124258988125195e-01
 234 -9.6786018227454178e-05  4.0547549622287651e-04 -5.2278324603493905e-03  1.7527511914771342e-03  0.0000000000000000e+00 -3.7976204323025281e-01
 235  2.7710709351163226e-04  2.8396474482537726e-04 -3.7122205357695694e-03  4.1108388193924605e-03  0.0000000000000000e+00 -3.6147140651196114e-01
 236  1.2658634149822977e-04 -1.4697252448855333e-04 -1.5309584890923851e-03  5.5902470832930760e-03  0.0000000000000000e+00 -3.7603931995104711e-01
 237 -1.8568836636838912e-04 -1.5284730444412994e-04  7.9544700564834682e-04  5.8410870128558908e-03  0.0000000000000000e+00 -4.0702153155042170e-01
 238 -8.7785147120357076e-05  1.0978579348242828e-04  3.0414922266785317e-03  4.7699031594187064e-03  0.0000000000000000e+00 -4.3162215595434805e-01
 239  2.4949288025805766e-04  2.5995351716249222e-05  4.8551644524842718e-03  2.6764984499728071e-03  0.0000000000000000e+00 -4.3461598273496282e-01
 240  1.8846857324292081e-04 -2.7730664885963578e-04  5.5721628659954796e-03  2.3117656702354194e-05  0.0000000000000000e+00 -4.1160646647758514e-01
 241 -2.5579191028512257e-04 -2.4267483667191034e-04  4.8086535617973313e-03 -2.6463468444415579e-03  0.0000000000000000e+00 -3.8113627183017279e-01
 242 -3.7879059667310529e-04  2.5087062096543488e-04  2.9638673213196643e-03 -4.7542820001369715e-03  0.0000000000000000e+00 -3.6877624695148137e-01
 243  6.3765444513876036e-05  5.2574301483634934e-04  7.2717118092346163e-04 -5.7946886144297303e-03  0.0000000000000000e+00 -3.8717225944761752e-01
 244  4.6638397553203819e-04 -8.5355673775130078e-06 -1.5694049507066707e-03 -5.5500007097865128e-03  0.0000000000000000e+00 -4.2787031853111085e-01
 245  2.4273511994484174e-04 -5.8310060657172245e-04 -3.6957037448778333e-03 -4.1504318289500705e-03  0.0000000000000000e+00 -4.5144436599862203e-01
 246 -3.2258634857269130e-04 -3.5399618197238766e-04 -5.1927769049154669e-03 -1.8562628521420889e-03  0.0000000000000000e+00 -4.4200272585953182e-01
 247 -3.5181003532280570e-04  2.4528570324684323e-04 -5.4637939578194754e-03  8.5452801000798708e-04  0.0000000000000000e+00 -4.1322470007945128e-01
 248  1.3536397706837656e-04  4.6553892992909091e-04 -4.3191904315436798e-03  3.3994963177855077e-03  0.0000000000000000e+00 -3.8640233364426224e-01
 249  2.9176401741023918e-04  7.6258068173463498e-05 -2.2979812391476844e-03  5.2099986363413585e-03  0.0000000000000000e+00 -3.9025827308716665e-01
 250 -1.4478376204690917e-05 -2.6429590268628461e-04  1.2110538814708394e-05  5.9028303619325130e-03  0.0000000000000000e+00 -4.2055417912944437e-01
 251 -2.0412465224699415e-04 -6.3315118868181899e-05  2.3064992507091197e-03  5.2688652944317535e-03  0.0000000000000000e+00 -4.4924047022837765e-01
 252  4.7839825285494668e-05  1.2244121726898358e-04  4.3288083302186657e-03  3.4719921207121396e-03  0.0000000000000000e+00 -4.6000447303541836e-01
 253  2.6526813649422991e-04 -7.6314665777714983e-05  5.4971806312901807e-03  9.4689759500194207e-04  0.0000000000000000e+00 -4.4452070325006265e-01
 254 -3.0621211017885907e-06 -2.8495932377441352e-04  5.2268065971130886e-03 -1.7872629448401297e-03  0.0000000000000000e+00 -4.1367019771102187e-01
 255 -3.6808000658531407e-04 -3.1748073807112286e-05  3.6585085678707196e-03 -4.1482852602316642e-03  0.0000000000000000e+00 -3.9344450632699102e-01
 256 -2.0701477654573128e-04  4.4554054836087994e-04  1.4846957835713956e-03 -5.5962248087133553e-03  0.0000000000000000e+00 -4.0062985143387714e-01
 257  3.1268835953653367e-04  3.1800712820561939e-04 -8.1048937341342351e-04 -5.7748547405869358e-03  0.0000000000000000e+00 -4.3546972397511730e-01
 258  4.4734511814511997e-04 -3.7763620721367150e-04 -3.0375821859498649e-03 -4.7250025520347520e-03  0.0000000000000000e+00 -4.6936388979423954e-01
 259 -5.2374926943641598e-05 -5.6643863946760555e-04 -4.8017693844026339e-03 -2.6886178058367167e-03  0.0000000000000000e+00 -4.7079036284046294e-01
 260 -4.5900911488933564e-04 -4.9560939210963607e-05 -5.5369318726159068e-03 -5.7389981431604594e-05  0.0000000000000000e+00 -4.4648669459188717e-01
 261 -1.3389621985782893e-04  4.6221735677087934e-04 -4.8233762138076364e-03  2.6079003847617479e-03  0.0000000000000000e+00 -4.1560306745210585e-01
 262  2.9645316430204361e-04  3.5866674731430278e-04 -3.0279031746238269e-03  4.7112314312206258e-03  0.0000000000000000e+00 -4.0668494093812257e-01
 263  2.0736098822668949e-04 -1.7152162690825827e-04 -7.7065345977554169e-04  5.8042355214979122e-03  0.0000000000000000e+00 -4.3226115658134606e-01
 264 -1.4027965807349949e-04 -2.6924201709995692e-04  1.5460031090461319e-03  5.6261814719402517e-03  0.0000000000000000e+00 -4.6531067866359682e-01
 265 -1.5105721493994948e-04  4.1511094162276510e-05  3.7036114262619614e-03  4.1854352587837179e-03  0.0000000000000000e+00 -4.8278556196911337e-01
 266  1.5792733246550294e-04  9.9500673403413496e-05  5.2442706317546699e-03  1.8498016980154704e-03  0.0000000000000000e+00 -4.7556603694980815e-01
 267  1.8986509703735919e-04 -1.5585080978843918e-04  5.4939231135322742e-03 -8.8126030765801530e-04  0.0000000000000000e+00 -4.4729816566304148e-01
 268 -1.8444763614455814e-04 -2.0354631724674478e-04  4.2941657629230788e-03 -3.4343957095780038e-03  0.0000000000000000e+00 -4.2114486130421463e-01
 269 -3.5247234067774686e-04  2.0010668226347586e-04  2.2404875862279071e-03 -5.2471907688284199e-03  0.0000000000000000e+00 -4.1864064927938488e-01
 270  4.1486230348019619e-05  4.5912010181442731e-04 -4.6690293609261864e-05 -5.8710602067660695e-03  0.0000000000000000e+00 -4.4427321495312011e-01
 271  4.6228266309828559e-04 -3.7023882460351979e-05 -2.3252437658262382e-03 -5.1967275911769051e-03  0.0000000000000000e+00 -4.8230980694304643e-01
 272  2.5463851110542378e-04 -5.7506354569781409e-04 -4.3054891199619623e-03 -3.4507017417057533e-03  0.0000000000000000e+00 -4.9654787650502791e-01
 273 -3.4093968161018990e-04 -3.5847219553448431e-04 -5.4434810008924164e-03 -9.6199158600166878e-04  0.0000000000000000e+00 -4.7880130661025905e-01
 274 -3.8910494162626360e-04  2.6284717171785632e-04 -5.2086658522051531e-03  1.7542838678637051e-03  0.0000000000000000e+00 -4.4772006707857770e-01
 275  1.1971689582576156e-04  5.3475537936030178e-04 -3.6984321113711681e-03  4.1063272674188057e-03  0.0000000000000000e+00 -4.2753821543966897e-01
 276  3.4459551148247573e-04  9.9691045570417223e-05 -1.5455092221857659e-03  5.5627180505263309e-03  0.0000000000000000e+00 -4.4294583028073820e-01
 277  6.2195920057096641e-05 -3.4873709014988789e-04  7.7434793048549800e-04  5.8277227085635833e-03  0.0000000000000000e+00 -4.7906923928234557e-01
 278 -2.1635467733561016e-04 -1.6900769518343381e-04  3.0130783510813721e-03  4.7931534039702987e-03  0.0000000000000000e+00 -5.0321406085024190e-01
 279 -5.0941220795696355e-05  1.3358189322405193e-04  4.8342534645940960e-03  2.7080103261898181e-03  0.0000000000000000e+00 -5.0427748093000158e-01
 280  2.1582626772841451e-04  4.4136100520785305e-05  5.5843862921266313e-03  4.8061838045622995e-05  0.0000000000000000e+00 -4.8097325490888876e-01
 281  5.3560568915003448e-05 -1.9202824909162286e-04  4.8371355116845587e-03 -2.6331035047929782e-03  0.0000000000000000e+00 -4.5130246919723899e-01
 282 -3.0408487262060369e-04 -5.1323365536067476e-05  2.9820513957474659e-03 -4.7557323240515325e-03  0.0000000000000000e+00 -4.4017400881066915e-01
 283 -2.1044319917152096e-04  3.6671006779756597e-04  7.2147115253615212e-04 -5.8193481222550926e-03  0.0000000000000000e+00 -4.5651621211010557e-01
 284  2.8755893209126337e-04  2.6257081005053034e-04 -1.5787945089943385e-03 -5.5616820906497135e-03  0.0000000000000000e+00 -4.9234356306961863e-01
 285  4.4558242926468584e-04 -3.6796431235232844e-04 -3.7172842331572005e-03 -4.1301484207937967e-03  0.0000000000000000e+00 -5.1788512793305175e-01
 286 -5.4109828638585001e-05 -5.4853590086036770e-04 -5.1988212871997893e-03 -1.8399460775215986e-03  0.0000000000000000e+00 -5.0991500622577857e-01
 287 -4.8015839248891225e-04 -5.0853989768946479e-05 -5.4515125812460968e-03  8.6302031715120172e-04  0.0000000000000000e+00 -4.8081436447544085e-01
 288 -1.6334713714478505e-04  5.0196055948956804e-04 -4.2956764510533934e-03  3.4027614869943669e-03  0.0000000000000000e+00 -4.5352089278489433e-01
 289  3.0910828552830802e-04  4.0591440134096882e-04 -2.2969478522382836e-03  5.1968443205869406e-03  0.0000000000000000e+00 -4.5523471826350226e-01
 290  2.8215454106509991e-04 -2.0974466097202219e-04 -1.7122606302967737e-06  5.8732715544958019e-03  0.0000000000000000e+00 -4.8967755081556524e-01
 291 -1.0010483435919999e-04 -3.7769497401794153e-04  2.2837790039018369e-03  5.2726100976970419e-03  0.0000000000000000e+00 -5.2131566383876271e-01
 292 -2.2174801646706617e-04 -7.8167610955245026e-06  4.2998957062970692e-03  3.4990503119464111e-03  0.0000000000000000e+00 -5.3029046948228764e-01
 293  6.8997255624633376e-05  1.8086357228770433e-04  5.4897256351858492e-03  9.7556071948756099e-04  0.0000000000000000e+00 -5.1392449161584186e-01
 294  2.0423444091373117e-04 -2.9329965070785134e-05  5.2504318397119118e-03 -1.7657133318301566e-03  0.0000000000000000e+00 -4.8327575220779001e-01
 295 -1.0418202614051149e-04 -1.6854913746070836e-04  3.6867966938997766e-03 -4.1380549148517035e-03  0.0000000000000000e+00 -4.6451043044981832e-01
 296 -3.1705256926916600e-04  1.3009153774441680e-04  1.4950381887573333e-03 -5.6097868347282556e-03  0.0000000000000000e+00 -4.7235937404479827e-01
 297  1.6053497132176808e-05  3.7462678107116161e-04 -8.1608587295103723e-04 -5.8032093591925769e-03  0.0000000000000000e+00 -5.0247687010600617e-01
 298  4.3694996510644057e-04 -5.0809664736842876e-05 -3.0504032017406252e-03 -4.7215518343581633e-03  0.0000000000000000e+00 -5.3451229649675047e-01
 299  2.5022005184054336e-04 -5.3442777895340186e-04 -4.8230735662582510e-03 -2.6712509011729614e-03  0.0000000000000000e+00 -5.3862985257547680e-01
 300 -3.4487981141360832e-04 -3.4871662288000956e-04 -5.5334286252315982e-03 -4.4056728178220433e-05  0.0000000000000000e+00 -5.1400685253761935e-01
 301 -4.0868765361360706e-04  2.7273147572745094e-04 -4.8055462352760338e-03  2.6146428000536131e-03  0.0000000000000000e+00 -4.8346291139640873e-01
 302  1.0169058331572258e-04  5.7670269539887825e-04 -3.0090391329464935e-03  4.7141245748831126e-03  0.0000000000000000e+00 -4.7205338975987582e-01
 303  3.8983297732302926e-04  1.0090059869630470e-04 -7.7630051790016509e-04  5.7773010458892007e-03  0.0000000000000000e+00 -4.9796688925736099e-01
 304  1.3189428614361612e-04 -4.3178904607487598e-04  1.5336062239298181e-03  5.6076503221382792e-03  0.0000000000000000e+00 -5.3628756850310222e-01
 305 -2.3504792671214417e-04 -2.5479505544204352e-04  3.6769130076871330e-03  4.2004210019767254e-03  0.0000000000000000e+00 -5.5359235760972114e-01
 306 -1.4978920308651730e-04  1.5579423510744312e-04  5.2220444696818458e-03  1.8757862293762005e-03  0.0000000000000000e+00 -5.4524036691141442e-01
 307  1.7834313800118272e-04  1.6590301314505589e-04  5.5011906164024234e-03 -8.5552581144257719e-04  0.0000000000000000e+00 -5.1647796549286984e-01
 308  1.1786267681890598e-04 -9.9977915993743429e-05  4.3244970862769223e-03 -3.4152358098197668e-03  0.0000000000000000e+00 -4.9130195435710333e-01
 309 -2.3226207744899964e-04 -8.4509687311381840e-05  2.2644714220537224e-03 -5.2455002629776424e-03  0.0000000000000000e+00 -4.9091606594926035e-01
 310 -2.0932637734101124e-04  2.6767618036580557e-04 -4.2783682495788834e-05 -5.8984737611897436e-03  0.0000000000000000e+00 -5.1467779987253570e-01
 311  2.4754773757960219e-04  2.0750761892569239e-04 -2.3282073599513015e-03 -5.2161517102674703e-03  0.0000000000000000e+00 -5.4798604290192587e-01
 312  4.2088435261386048e-04 -3.2786145302997214e-04 -4.3277379530140018e-03 -3.4405616284671689e-03  0.0000000000000000e+00 -5.6349856101370299e-01
 313 -5.4599139371694344e-05 -5.0674527752139222e-04 -5.4540116541503935e-03 -9.4855925539763292e-04  0.0000000000000000e+00 -5.4689943705007060e-01
 314 -4.7813924182591832e-04 -4.9066468359005368e-05 -5.2013213552740307e-03  1.7646201410038546e-03  0.0000000000000000e+00 -5.1553925158844016e-01
 315 -1.8695241442611161e-04  5.2066715165972335e-04 -3.6736029531617893e-03  4.1162370110274134e-03  0.0000000000000000e+00 -4.9452273819652492e-01
 316  3.1535705729496272e-04  4.2422466803810542e-04 -1.5376343225459118e-03  5.5542545616435310e-03  0.0000000000000000e+00 -5.0700219474915909e-01
 317  3.4787083705012747e-04 -2.5599151782518330e-04  7.7043262721027388e-04  5.7956298653537583e-03  0.0000000000000000e+00 -5.4710422106080625e-01
 318 -6.7739613856187164e-05 -4.6815296140934135e-04  2.9968903673194178e-03  4.7896694266964792e-03  0.0000000000000000e+00 -5.7416421820180463e-01
 319 -2.9446149203959200e-04 -3.9775514371963450e-05  4.8066345056546758e-03  2.7260683763518099e-03  0.0000000000000000e+00 -5.7404196448139344e-01
 320 -9.0402057610764561e-06  2.6207485765511170e-04  5.5731895563965878e-03  7.3044193761420185e-05  0.0000000000000000e+00 -5.5023882893463194e-01
 321  2.2708541499467442e-04  9.5153907592242817e-05  4.8580081493986025e-03 -2.6094665792382654e-03  0.0000000000000000e+00 -5.2044280246306007e-01
 322 -1.9979107198400191e-05 -1.4304768068914347e-04  3.0131808642662374e-03 -4.7399347179923491e-03  0.0000000000000000e+00 -5.1156732613000100e-01
 323 -2.7374169226426071e-04  4.2194834030477700e-05  7.3965817572441183e-04 -5.8331426222245344e-03  0.0000000000000000e+00 -5.2919711740226572e-01
 324 -1.5221228251694898e-05  2.7971841714136071e-04 -1.5745406396632192e-03 -5.5948549770694972e-03  0.0000000000000000e+00 -5.6059370977898715e-01
 325  3.8845771163723171e-04 -4.3140801061528678e-05 -3.7264937313334365e-03 -4.1374618818769467e-03  0.0000000000000000e+00 -5.8414196264788842e-01
 326  2.3418062761055330e-04 -4.6415280270916396e-04 -5.2221592885828647e-03 -1.8309617037884493e-03  0.0000000000000000e+00 -5.7819075545506082e-01
 327 -3.2900673346659829e-04 -3.2596918892319589e-04 -5.4543964771058308e-03  8.7490980245067849e-04  0.0000000000000000e+00 -5.4879164629107269e-01
 328 -4.1293767288837002e-04  2.7205361986407746e-04 -4.2805116973023182e-03  3.4129884999800982e-03  0.0000000000000000e+00 -5.2169822623475670e-01
 329  8.1743700528328955e-05  5.8867463636400334e-04 -2.2750331871276078e-03  5.2062216436089036e-03  0.0000000000000000e+00 -5.2027195249758817e-01
 330  4.2591300761443289e-04  8.3369277341186455e-05  9.8304333070170221e-07  5.8477569719332630e-03  0.0000000000000000e+00 -5.5443931247352385e-01
 331  1.9106573358089964e-04 -5.0334214401899383e-04  2.2811712567082682e-03  5.2493237407377153e-03  0.0000000000000000e+00 -5.9116300824900836e-01
 332 -2.5859736826281256e-04 -3.1729914915336891e-04  4.2771220574516792e-03  3.5049816372903484e-03  0.0000000000000000e+00 -6.0011825124460916e-01
 333 -2.3995365593395420e-04  1.8193032487338195e-04  5.4676883515572573e-03  9.9418195179255733e-04  0.0000000000000000e+00 -5.8328451789852565e-01
 334  1.5229435280465615e-04  2.8261264169782136e-04  5.2522258636617317e-03 -1.7426785417673884e-03  0.0000000000000000e+00 -5.5193633079781212e-01
 335  1.8334597489088366e-04 -1.6278117244470221e-05  3.7166274116927829e-03 -4.1145917569700595e-03  0.0000000000000000e+00 -5.3428628454793570e-01
 336 -1.5472418846693983e-04 -1.3248271362992700e-04  1.5229220540670420e-03 -5.6052395275484144e-03  0.0000000000000000e+00 -5.4523461527017525e-01
 337 -2.0611790857950047e-04  1.5364897054356600e-04 -8.0247055691834977e-04 -5.8327730236653044e-03  0.0000000000000000e+00 -5.7385099960744279e-01
 338  1.9010386805018358e-04  1.6190352352891927e-04 -3.0454298289986706e-03 -4.7484032149291656e-03  0.0000000000000000e+00 -6.0160421288800903e-01
 339  3.7640173368437704e-04 -2.5826563729978205e-04 -4.8440166979104868e-03 -2.6727187168304146e-03  0.0000000000000000e+00 -6.0638512522588361e-01
 340 -4.6096684659914775e-05 -4.4459120524359966e-04 -5.5487703021011294e-03 -3.6171303127992369e-05  0.0000000000000000e+00 -5.8265736403212365e-01
 341 -4.5425763206129931e-04 -4.6010598898537888e-05 -4.8040963094514513e-03  2.6244310228054242e-03  0.0000000000000000e+00 -5.5194973169323969e-01
 342 -2.0524788636088398e-04  5.1507767506800851e-04 -2.9854296371259652e-03  4.7290972091181141e-03  0.0000000000000000e+00 -5.3929854300159119e-01
 343  3.1537482592503165e-04  4.1525104305679359e-04 -7.6361187223969354e-04  5.7734688827617538e-03  0.0000000000000000e+00 -5.6149908597101084e-01
 344  4.0120403813689978e-04 -3.0191841387825971e-04  1.5391382099492052e-03  5.5745091854174766e-03  0.0000000000000000e+00 -6.0340099944747061e-01
 345 -4.4763934733054513e-05 -5.3310941547573545e-04  3.6679327251884094e-03  4.1902495199359589e-03  0.0000000000000000e+00 -6.2340669501814150e-01
 346 -3.6268243878604479e-04 -5.8815028255118540e-05  5.1975361395674409e-03  1.8846603213801868e-03  0.0000000000000000e+00 -6.1429032319126031e-01
 347 -7.2194714993158829e-05  3.3734342095972393e-04  5.4864608252062613e-03 -8.3661490293853976e-04  0.0000000000000000e+00 -5.8531879193517533e-01
 348  2.5196422756479359e-04  2.0994112573088596e-04  4.3412422531776884e-03 -3.3920263298735116e-03  0.0000000000000000e+00 -5.5964101721615678e-01
 349  6.4751209497156565e-05 -1.3125998674787698e-04  2.2956792511575740e-03 -5.2250425362658547e-03  0.0000000000000000e+00 -5.6223971649504800e-01
 350 -2.2496848027504996e-04 -6.0665330285517844e-05 -1.8435762369873487e-05 -5.9119495499756853e-03  0.0000000000000000e+00 -5.8798569669007550e-01
 351 -5.5118238425075381e-05  1.8372810363398575e-04 -2.3138175836745966e-03 -5.2526730409175239e-03  0.0000000000000000e+00 -6.1741737457773993e-01
 352  3.1825262189859972e-04 -1.1307430564256375e-05 -4.3319996824014049e-03 -3.4582540926236002e-03  0.0000000000000000e+00 -6.3099246638491346e-01
 353  2.1463809643893977e-04 -3.6962769034068238e-04 -5.4784888267812738e-03 -9.4944005107442655e-04  0.0000000000000000e+00 -6.1580880777584956e-01
 354 -2.9121968239320971e-04 -2.9205273982713646e-04 -5.2114338834248113e-03  1.7722629165192814e-03  0.0000000000000000e+00 -5.8431774753092391e-01
 355 -4.0411587067520639e-04  2.5731214527680257e-04 -3.6631232200315242e-03  4.1281717069833468e-03  0.0000000000000000e+00 -5.6338854319544163e-01
 356  6.0896259864398637e-05  5.7060070298375475e-04 -1.5156099961543253e-03  5.5690370135692046e-03  0.0000000000000000e+00 -5.7209988677720081e-01
 357  4.5059279103085159e-04  5.3232505142521455e-05  7.7950025347218392e-04  5.7729083427399365e-03  0.0000000000000000e+00 -6.1129017705873623e-01
 358  2.3637998127372498e-04 -5.5360148211310912e-04  3.0033699256428927e-03  4.7634881037657145e-03  0.0000000000000000e+00 -6.4300549701659049e-01
 359 -2.8409554524893107e-04 -3.5698145661248651e-04  4.7886549529298338e-03  2.7238868363417871e-03  0.0000000000000000e+00 -6.4288873082918263e-01
 360 -3.1453230752397977e-04  2.0647660886143380e-04  5.5521114687187428e-03  8.4016745662894715e-05  0.0000000000000000e+00 -6.1909724860962378e-01
 361  1.3329660211466561e-04  3.8831931446316252e-04  4.8541101539106958e-03 -2.5916564651778796e-03  0.0000000000000000e+00 -5.8832738250788230e-01
 362  2.4541483888499153e-04  5.2285184154588061e-05  3.0399529884102185e-03 -4.7139018423689684e-03  0.0000000000000000e+00 -5.8056580688878967e-01
 363 -7.3830311613535258e-05 -1.9486696541052092e-04  7.6862860725199927e-04 -5.8257138861663770e-03  0.0000000000000000e+00 -6.0222790632653478e-01
 364 -2.0401017330202032e-04  3.2281062101438417e-05 -1.5526897710097913e-03 -5.6248501159433606e-03  0.0000000000000000e+00 -6.3259097377124185e-01
 365  1.1490353443711267e-04  1.3265023015804995e-04 -3.7137421672814039e-03 -4.1696790529917099e-03  0.0000000000000000e+00 -6.5254143243370610e-01
 366  3.1941926716051852e-04 -1.6421264183140289e-04 -5.2404901275803651e-03 -1.8435688091120973e-03  0.0000000000000000e+00 -6.4677417248829194e-01
 367 -2.2268525854678403e-05 -3.6583202564555677e-04 -5.4748769232860683e-03  8.7544351611304613e-04  0.0000000000000000e+00 -6.1811803961754286e-01
 368 -4.1195681560785285e-04 -4.5295952351524592e-05 -4.2859735833319880e-03  3.4203497902716750e-03  0.0000000000000000e+00 -5.9112873323477988e-01
 369 -2.1797553463670527e-04  4.8362515575560493e-04 -2.2555810608635251e-03  5.2248742114091211e-03  0.0000000000000000e+00 -5.8810575282732891e-01
 370  3.0849872433030959e-04  3.8323925892072536e-04  1.5539587645458703e-05  5.8489025312352437e-03  0.0000000000000000e+00 -6.1788308811406878e-01
 371  4.3861632916376072e-04 -3.3772090517736255e-04  2.2944205247532024e-03  5.2177160373487151e-03  0.0000000000000000e+00 -6.5763084508884373e-01
 372 -3.1653128282548494e-05 -5.6882647402173531e-04  4.2747148268613222e-03  3.4900668527971229e-03  0.0000000000000000e+00 -6.6895934960537240e-01
 373 -4.1975025736725027e-04 -6.9667469776475352e-05  5.4471951727594128e-03  9.9507728117420808e-04  0.0000000000000000e+00 -6.5160204798574117e-01
 374 -1.2097127322774470e-04  4.0290512129990394e-04  5.2341652639426323e-03 -1.7311709613859433e-03  0.0000000000000000e+00 -6.2017488372260310e-01
 375  2.7365297147261865e-04  3.0754800581794941e-04  3.7278469970561173e-03 -4.0939794351952741e-03  0.0000000000000000e+00 -6.0153925035537337e-01
 376  1.4774983886930851e-04 -1.3578362925658729e-04  1.5509914415213278e-03 -5.5810044611231038e-03  0.0000000000000000e+00 -6.1603400956113719e-01
 377 -1.7430018950203874e-04 -1.7338305880193309e-04 -7.7508316272106392e-04 -5.8444870368031384e-03  0.0000000000000000e+00 -6.4726043332019800e-01
 378 -1.0543729270618923e-04  9.6347185429004472e-05 -3.0226573300572070e-03 -4.7852519177720432e-03  0.0000000000000000e+00 -6.7185478375652630e-01
 379  2.3194508121242088e-04  4.2633499622289101e-05 -4.8432068470364402e-03 -2.6982539408133993e-03  0.0000000000000000e+00 -6.7493497069320352e-01
 380  2.0079251881179790e-04 -2.5740497190004252e-04 -5.5736858075245569e-03 -4.6546261587515474e-05  0.0000000000000000e+00 -6.5210798774171352e-01
 381 -2.3368230596430148e-04 -2.5065641134109447e-04 -4.8216593846731560e-03  2.6260220769559160e-03  0.0000000000000000e+00 -6.2162726083783582e-01
 382 -3.8405446274140579e-04  2.2556489415021417e-04 -2.9815510060753458e-03  4.7415112043527026e-03  0.0000000000000000e+00 -6.0909205713477710e-01
 383  3.9776652756816495e-05  5.2489144685512841e-04 -7.4463388355863237e-04  5.7930315732215003e-03  0.0000000000000000e+00 -6.2701478626909124e-01
 384  4.6103930796535895e-04  1.8661151939973227e-05  1.5519082018020001e-03  5.5566395097005226e-03  0.0000000000000000e+00 -6.6743679808149237e-01
 385  2.6503212362794778e-04 -5.7525763951187317e-04  3.6817104279968167e-03  4.1640274148447860e-03  0.0000000000000000e+00 -6.9150115322830341e-01
 386 -3.0753202308817060e-04 -3.7653230532203730e-04  5.1845323441418933e-03  1.8762502722937606e-03  0.0000000000000000e+00 -6.8232274259427250e-01
 387 -3.6979265565434909e-04  2.2670128841260811e-04  5.4665878319683815e-03 -8.3276469197200254e-04  0.0000000000000000e+00 -6.5363951886400928e-01
 388  1.1648111399680537e-04  4.7707831355013294e-04  4.3315240146223760e-03 -3.3811190859009380e-03  0.0000000000000000e+00 -6.2660529758105588e-01
 389  3.0168789708040017e-04  1.0048471204510893e-04  2.3167383508762027e-03 -5.1980405778350352e-03  0.0000000000000000e+00 -6.3012280509571805e-01
 390  7.2348899608238750e-06 -2.6925800845825046e-04  7.9667186244290011e-06 -5.9010495433824131e-03  0.0000000000000000e+00 -6.6064258118414454e-01
 391 -2.0604659246541010e-04 -8.6570011016497305e-05 -2.2868440943023221e-03 -5.2801491815960650e-03  0.0000000000000000e+00 -6.8950157417769553e-01
 392  2.5052663596047100e-05  1.2246777918145402e-04 -4.3132945751428297e-03 -3.4921048888524615e-03  0.0000000000000000e+00 -7.0030658053903594e-01
 393  2.5990677388096779e-04 -5.3515225249444739e-05 -5.4933194051763360e-03 -9.7055493514366497e-04  0.0000000000000000e+00 -6.8497184462108185e-01
 394  1.8697857946119209e-05 -2.7505865655698462e-04 -5.2366815905729360e-03  1.7649938285517817e-03  0.0000000000000000e+00 -6.5419008255413724e-01
 395 -3.5549398992221941e-04 -5.1307081135914422e-05 -3.6758914579435834e-03  4.1321035086265773e-03  0.0000000000000000e+00 -6.3385206262690341e-01
 396 -2.2462712986852753e-04  4.2673685282871297e-04 -1.5028977317378834e-03  5.5906039070488626e-03  0.0000000000000000e+00 -6.4075673709763215e-01
 397  2.9300594538408714e-04  3.3430203268081229e-04  7.9270975822384260e-04  5.7799007198660298e-03  0.0000000000000000e+00 -6.7510223308927642e-01
 398  4.5641778130559957e-04 -3.5400768028093563e-04  3.0219431583514479e-03  4.7366225186073136e-03  0.0000000000000000e+00 -7.0918913298336295e-01
 399 -2.7414061164440492e-05 -5.7496851274523855e-04  4.7917191240870460e-03  2.7068137691916112e-03  0.0000000000000000e+00 -7.1106268651275450e-01
 400 -4.5965621128556903e-04 -7.5277500718050984e-05  5.5360194692954797e-03  7.8786899545617506e-05  0.0000000000000000e+00 -6.8685331617868994e-01
 401 -1.5837388443088287e-04  4.5556077224215389e-04  4.8329414018854393e-03 -2.5880740011430094e-03  0.0000000000000000e+00 -6.5594626423761970e-01
 402  2.8944909962147876e-04  3.8162740855544631e-04  3.0443790141242615e-03 -4.6974865447796622e-03  0.0000000000000000e+00 -6.4658753703639149e-01
 403  2.2695788455030471e-04 -1.5694767548059117e-04  7.9028853016296886e-04 -5.7982935720311268e-03  0.0000000000000000e+00 -6.7211629220023228e-01
 404 -1.2563598375374066e-04 -2.8807263905552129e-04 -1.5262939483172055e-03 -5.6325930508375728e-03  0.0000000000000000e+00 -7.0552036176631283e-01
 405 -1.6584275976557570e-04  2.4992686795010353e-05 -3.6859557335392123e-03 -4.2028640348473825e-03  0.0000000000000000e+00 -7.2307614091065520e-01
 406  1.3847802511258021e-04  1.1246246164677457e-04 -5.2352225019731543e-03 -1.8728167859301591e-03  0.0000000000000000e+00 -7.1598336781817618e-01
 407  1.9901171438532926e-04 -1.3412482124345080e-04 -5.4992677624573928e-03  8.5767825524992640e-04  0.0000000000000000e+00 -6.8780258967998353e-01
 408 -1.6163275891636431e-04 -2.0724305345661329e-04 -4.3101402692160918e-03  3.4153045557923640e-03  0.0000000000000000e+00 -6.6159757395252283e-01
 409 -3.5400166302929022e-04  1.7518176406658038e-04 -2.2594992273041398e-03  5.2372994431143577e-03  0.0000000000000000e+00 -6.5894285944307540e-01
 410  1.7875073328489535e-05  4.5568752585512065e-04  2.8573473957237964e-05  5.8732027843269238e-03  0.0000000000000000e+00 -6.8415462773126912e-01
 411  4.5384533673375500e-04 -1.0976697643511416e-05  2.3080639514368702e-03  5.2071192887606981e-03  0.0000000000000000e+00 -7.2198972230885083e-01
 412  2.7560949319096773e-04 -5.6450640316874773e-04  4.2936651739445032e-03  3.4670099525159633e-03  0.0000000000000000e+00 -7.3668541119472231e-01
 413 -3.2351498223769402e-04 -3.7898022612875104e-04  5.4393163076940912e-03  9.8274784354424115e-04  0.0000000000000000e+00 -7.1916060092526202e-01
 414 -4.0520285358110940e-04  2.4148701712910486e-04  5.2155438711889721e-03 -1.7335344790234198e-03  0.0000000000000000e+00 -6.8811011345305484e-01
 415  9.8764639546986718e-05  5.4324019627578844e-04  3.7124299707886545e-03 -4.0907521869223001e-03  0.0000000000000000e+00 -6.6762265144289057e-01
 416  3.5114614247663741e-04  1.2555367545283560e-04  1.5641400879115293e-03 -5.5542094344119440e-03  0.0000000000000000e+00 -6.8264583555096181e-01
 417  8.4706829686086516e-05 -3.5051687703441985e-04 -7.5500348697260099e-04 -5.8291461363898832e-03  0.0000000000000000e+00 -7.1908791194531108e-01
 418 -2.1422343687814337e-04 -1.9282622324617358e-04 -2.9944875754420583e-03 -4.8068287150213485e-03  0.0000000000000000e+00 -7.4348232593161367e-01
 419 -7.3014856015384284e-05  1.2924481566148219e-04 -4.8211767418334930e-03 -2.7294308007728978e-03  0.0000000000000000e+00 -7.4465560424414179e-01
 420  2.0723985156040163e-04  6.5354125834690932e-05 -5.5841891364039687e-03 -7.2099352615844349e-05  0.0000000000000000e+00 -7.2145930470521402e-01
 421  7.3414506473461829e-05 -1.7828387668979357e-04 -4.8503253483849528e-03  2.6116982671326059e-03  0.0000000000000000e+00 -6.9176351339613551e-01
 422 -2.8872223209194044e-04 -6.7931576593996233e-05 -3.0011062147886989e-03  4.7418099511416295e-03  0.0000000000000000e+00 -6.8054458163975484e-01
 423 -2.2518918529669312e-04  3.4650285864364625e-04 -7.4052058053294804e-04  5.8172849779018270e-03  0.0000000000000000e+00 -6.9665998587058664e-01
 424  2.6624197218994380e-04  2.7615875073079945e-04  1.5607195551706041e-03  5.5705323198181082e-03  0.0000000000000000e+00 -7.3208811632548410e-01
 425  4.5166005210673711e-04 -3.4369070817607069e-04  3.7029984894214000e-03  4.1450820696973811e-03  0.0000000000000000e+00 -7.5783409085534637e-01
 426 -2.8766394287820105e-05 -5.5352807928339188e-04  5.1922011753681796e-03  1.8597980323355038e-03  0.0000000000000000e+00 -7.5025862292113399e-01
 427 -4.7802514707824642e-04 -7.6555813274861343e-05  5.4551480097115223e-03 -8.4191945924981298e-04  0.0000000000000000e+00 -7.2119794235198142e-01
 428 -1.8743939822672614e-04  4.9162726281686724e-04  4.3078818400528731e-03 -3.3851198575979439e-03  0.0000000000000000e+00 -6.9379479543913580e-01
 429  2.9873104670432123e-04  4.2788397842444796e-04  2.3138391495770715e-03 -5.1865613482724197e-03  0.0000000000000000e+00 -6.9499238173681521e-01
 430  2.9983381936377594e-04 -1.9221013223260183e-04  2.0724847806728647e-05 -5.8707889093525039e-03  0.0000000000000000e+00 -7.2942529911224330e-01
 431 -8.2436002633291312e-05 -3.9466792343574591e-04 -2.2651589822016223e-03 -5.2817749546473806e-03  0.0000000000000000e+00 -7.6150162142821776e-01
 432 -2.3331154805595261e-04 -2.7233074755319907e-05 -4.2842146506167737e-03 -3.5180379545250492e-03  0.0000000000000000e+00 -7.7061510052297344e-01
 433  4.7912710578767496e-05  1.8977362622085855e-04 -5.4842215982858376e-03 -9.9911354018922456e-04  0.0000000000000000e+00 -7.5439709922232101e-01
 434  2.0999971487279734e-04 -6.4116643945603472e-06 -5.2592566524359017e-03  1.7427765062675142e-03  0.0000000000000000e+00 -7.2373179989595893e-01
 435 -8.1121281825287131e-05 -1.6786827058324811e-04 -3.7048791233764062e-03  4.1207195113543982e-03  0.0000000000000000e+00 -7.0488648889032568e-01
 436 -3.1483311196003292e-04  1.0601982909077767e-04 -1.5149488927685207e-03  5.6030482615422837e-03  0.0000000000000000e+00 -7.1265094698769571e-01
 437 -6.6209995029768779e-06  3.6853335090527938e-04  7.9734139569094910e-04  5.8090961141765412e-03  0.0000000000000000e+00 -7.4243666556514631e-01
 438  4.2558567304175213e-04 -2.6589646457459109e-05  3.0337422204359827e-03  4.7354884989521282e-03  0.0000000000000000e+00 -7.7435012507604095e-01
 439  2.6928897869555278e-04 -5.2111086088113036e-04  4.8138835133803562e-03  2.6900501021988057e-03  0.0000000000000000e+00 -7.7887210061694956e-01
 440 -3.2563117620843912e-04 -3.6645432330131530e-04  5.5337362400676273e-03  6.5278875365688295e-05  0.0000000000000000e+00 -7.5441810970195622e-01
 441 -4.2234634741124461e-04  2.4930222413978309e-04  4.8160276323254737e-03 -2.5953020064754593e-03  0.0000000000000000e+00 -7.2383248615936435e-01
 442  7.9185072201193939e-05  5.8220586962634839e-04  3.0242284896758978e-03 -4.7016914503077304e-03  0.0000000000000000e+00 -7.1203652812534113e-01
 443  3.9293129312754042e-04  1.2785251018500814e-04  7.9461074197698816e-04 -5.7724730981838362e-03  0.0000000000000000e+00 -7.3754413580330469e-01
 444  1.5481643396691051e-04 -4.3051777688673815e-04 -1.5152404107599330e-03 -5.6122141430871558e-03  0.0000000000000000e+00 -7.7626362371315927e-01
 445 -2.2885013405468283e-04 -2.7888543753645285e-04 -3.6600055774878705e-03 -4.2161028754734414e-03  0.0000000000000000e+00 -7.9386382022112412e-01
 446 -1.7083231271260336e-04  1.4713999694189437e-04 -5.2122116547299721e-03 -1.8979485051102002e-03  0.0000000000000000e+00 -7.8566120206423240e-01
 447  1.6659545846205937e-04  1.8491179579455450e-04 -5.5046931723219889e-03  8.3190382314114286e-04  0.0000000000000000e+00 -7.5695131630907730e-01
 448  1.3541225385638053e-04 -8.2745855258343985e-05 -4.3401990136266791e-03  3.3953472117617244e-03  0.0000000000000000e+00 -7.3165717322926760e-01
 449 -2.1451297687783300e-04 -9.7874943490715749e-05 -2.2845347093840410e-03  5.2342114982771946e-03  0.0000000000000000e+00 -7.3123117115605663e-01
 450 -2.2085086423477698e-04  2.4635095400575709e-04  2.3069020173854516e-05  5.9000136636197971e-03  0.0000000000000000e+00 -7.5485625026314151e-01
 451  2.2508660887723056e-04  2.1786569238522796e-04  2.3099737686544243e-03  5.2285518275003110e-03  0.0000000000000000e+00 -7.8788130459243033e-01
 452  4.2376856087289916e-04 -3.0336100472086843e-04  4.3152044410832129e-03  3.4585331412267523e-03  0.0000000000000000e+00 -8.0359537533857961e-01
 453 -2.9572190581601767e-05 -5.0776445294318108e-04  5.4513216274883584e-03  9.6976465712875193e-04  0.0000000000000000e+00 -7.8732417574065039e-01
 454 -4.7313197709152635e-04 -7.3967149907480342e-05  5.2092927243266906e-03 -1.7441387530066010e-03  0.0000000000000000e+00 -7.5594695951513846e-01
 455 -2.0997491155171243e-04  5.0715431242040617e-04  3.6879069058345071e-03 -4.1011323359018536e-03  0.0000000000000000e+00 -7.3473937746062934e-01
 456  3.0186484289024918e-04  4.4488262194941310e-04  1.5547282806736844e-03 -5.5476647621290386e-03  0.0000000000000000e+00 -7.4665370104709172e-01
 457  3.6335743345108608e-04 -2.3594593877857909e-04 -7.5212419391726881e-04 -5.7966890469269405e-03  0.0000000000000000e+00 -7.8679231492426860e-01
 458 -4.7357772232149768e-05 -4.8309140145977542e-04 -2.9797676762337547e-03 -4.8013611641245313e-03  0.0000000000000000e+00 -8.1434057349736622e-01
 459 -3.0264923662487778e-04 -6.1735019438642730e-05 -4.7937039023442287e-03 -2.7461841619719936e-03  0.0000000000000000e+00 -8.1438431260934108e-01
 460 -3.1523258725322954e-05  2.6665293773598742e-04 -5.5716333749330892e-03 -9.6493288171884751e-05  0.0000000000000000e+00 -7.9072616119414874e-01
 461  2.2930611396221811e-04  1.1864330790075141e-04 -4.8697405743399454e-03  2.5879221263572345e-03  0.0000000000000000e+00 -7.6080337624274152e-01
 462  2.7921127538904509e-06 -1.3805768299305870e-04 -3.0325578428594116e-03  4.7248483454933833e-03  0.0000000000000000e+00 -7.5183185216403359e-01
 463 -2.6785187956396945e-04  1.9344948713715626e-05 -7.6009387432543799e-04  5.8297231079646227e-03  0.0000000000000000e+00 -7.6947682940961770e-01
 464 -3.6401386571336071e-05  2.7083187266884330e-04  1.5553150343415904e-03  5.6042745293320385e-03  0.0000000000000000e+00 -8.0065471096548668e-01
 465  3.7439352189954050e-04 -2.1360546846093275e-05  3.7107248490960997e-03  4.1545884100909437e-03  0.0000000000000000e+00 -8.2415799933448219e-01
 466  2.5086052898395125e-04 -4.4810360160738358e-04  5.2160990137320616e-03  1.8519081940279263e-03  0.0000000000000000e+00 -8.1854426451737616e-01
 467 -3.0833784679230403e-04 -3.4032503115545034e-04  5.4592879270249388e-03 -8.5353873215260247e-04  0.0000000000000000e+00 -7.8925482435873173e-01
 468 -4.2361482963762558e-04  2.4729219864859841e-04  4.2940191675406849e-03 -3.3954275153697693e-03  0.0000000000000000e+00 -7.6205239968215965e-01
 469  5.8218488308159293e-05  5.9133191104434539e-04  2.2911208685956076e-03 -5.1971819592995950e-03  0.0000000000000000e+00 -7.6018181057070267e-01
 470  4.2558136595879085e-04  1.1087200076711707e-04  1.7000068406852102e-05 -5.8467515948462754e-03  0.0000000000000000e+00 -7.9395044688219041e-01
 471  2.1400404038494954e-04 -4.9918490760579950e-04 -2.2639981317859039e-03 -5.2569638535879936e-03  0.0000000000000000e+00 -8.3112919791327844e-01
 472 -2.4852213351074406e-04 -3.4123166349491846e-04 -4.2625047208823836e-03 -3.5223587222439445e-03  0.0000000000000000e+00 -8.4039629022164608e-01
 473 -2.5977800027270390e-04  1.6916695757095279e-04 -5.4617566486166160e-03 -1.0166133861458908e-03  0.0000000000000000e+00 -8.2372040011576908e-01
 474  1.3752364628204228e-04  2.9889459509315283e-04 -5.2591711319920353e-03  1.7201963334941173e-03  0.0000000000000000e+00 -7.9235269545612663e-01
 475  1.9819572173417947e-04  4.0014923172988592e-06 -3.7340138616659916e-03  4.0968346499978808e-03  0.0000000000000000e+00 -7.7449483836037991e-01
 476 -1.3505627324381878e-04 -1.4246004967058328e-04 -1.5434237867210903e-03  5.5968875608571871e-03  0.0000000000000000e+00 -7.8547623697668267e-01
 477 -2.1412049813326512e-04  1.3142584458576044e-04  7.8234442728747583e-04  5.8378044311986361e-03  0.0000000000000000e+00 -8.1406856253908055e-01
 478  1.6703805672860944e-04  1.6856252971807876e-04  3.0274016542918424e-03  4.7639393700078360e-03  0.0000000000000000e+00 -8.4166015468375766e-01
 479  3.7599766628752107e-04 -2.3396232154985190e-04  4.8337443787134435e-03  2.6932795705785248e-03  0.0000000000000000e+00 -8.4663026686256027e-01
 480 -2.1965313725965082e-05 -4.4140612375367374e-04  5.5503364118145585e-03  5.8328070117393568e-05  0.0000000000000000e+00 -8.2315167611611906e-01
 481 -4.4624758782161412e-04 -6.9372318585711983e-05  4.8159233280393610e-03 -2.6049225082513572e-03  0.0000000000000000e+00 -7.9237713430319512e-01
 482 -2.2657993871667232e-04  4.9892484461220698e-04  3.0013931896896080e-03 -4.7168345463105936e-03  0.0000000000000000e+00 -7.7947379201258171e-01
 483  2.9910984713942137e-04  4.3429828542169779e-04  7.8087405922880858e-04 -5.7707203670288839e-03  0.0000000000000000e+00 -8.0109383385047028e-01
 484  4.1426922352286795e-04 -2.7986465588382740e-04 -1.5215728576088918e-03 -5.5791433400393603e-03  0.0000000000000000e+00 -8.4308185468073260e-01
 485 -2.2124162758018411e-05 -5.4576322797160503e-04 -3.6527147254667909e-03 -4.2042802265349448e-03  0.0000000000000000e+00 -8.6359197164055235e-01
 486 -3.6756485036004748e-04 -8.2775303187428254e-05 -5.1880711163879590e-03 -1.9055353178615889e-03  0.0000000000000000e+00 -8.5464051768661509e-01
 487 -9.5780017382260041e-05  3.3747445761724676e-04 -5.4889355641366232e-03  8.1384801860513430e-04  0.0000000000000000e+00 -8.2578382269648987e-01
 488  2.5055379207225011e-04  2.3344287522672957e-04 -4.3551823603746563e-03  3.3725491861811932e-03  0.0000000000000000e+00 -7.9986679762540014e-01
 489  8.6679703226205310e-05 -1.2219418623095996e-04 -2.3156369053114172e-03  5.2126481779448770e-03  0.0000000000000000e+00 -8.0236469364585472e-01
 490 -2.1555834787538727e-04 -8.2011715581098199e-05 -2.1512567149290562e-06  5.9118762569397394e-03  0.0000000000000000e+00 -8.2824568984516500e-01
 491 -7.4248365206482133e-05  1.7192565038212673e-04  2.2944694208759144e-03  5.2652418991017396e-03  0.0000000000000000e+00 -8.5757810296420456e-01
 492  3.0179172726747355e-04  7.5019848785026343e-06  4.3176851343500753e-03  3.4780362185815690e-03  0.0000000000000000e+00 -8.7117798563927329e-01
 493  2.2855751802119010e-04 -3.5104804385573005e-04  5.4759986262196449e-03  9.7201375772757218e-04  0.0000000000000000e+00 -8.5625515835764809e-01
 494 -2.6942801586569824e-04 -3.0256950073758988e-04  5.2206652177243205e-03 -1.7511234740911715e-03  0.0000000000000000e+00 -8.2481362635959576e-01
 495 -4.1139411535325542e-04  2.3193627659631960e-04  3.6790581860388165e-03 -4.1127552626669811e-03  0.0000000000000000e+00 -8.0372846898703476e-01
 496  3.6891355889889149e-05  5.7056513839782975e-04  1.5324479702851018e-03 -5.5635830276767649e-03  0.0000000000000000e+00 -8.1196960661258055e-01
 497  4.4692905367183297e-04  8.0712572504274479e-05 -7.6176901925444822e-04 -5.7757881146667774e-03  0.0000000000000000e+00 -8.5079779708091707e-01
 498  2.5888489953129328e-04 -5.4671838848929322e-04 -2.9876293430785568e-03 -4.7741376891192715e-03  0.0000000000000000e+00 -8.8299442958445440e-01
 499 -2.7056055245711091e-04 -3.8016584037844415e-04 -4.7769355962816347e-03 -2.7426789301488136e-03  0.0000000000000000e+00 -8.8318145772575374e-01
 500 -3.3298451272320746e-04  1.8998032572650956e-04 -5.5504813975286388e-03 -1.0629381225890115e-04  0.0000000000000000e+00 -8.5952658630717838e-01
 501  1.1576764131871662e-04  4.0154431420370032e-04 -4.8639981262576220e-03  2.5709592033769280e-03  0.0000000000000000e+00 -8.2865047003605419e-01
 502  2.5722279703422268e-04  7.5097354371219248e-05 -3.0582631408133131e-03  4.6988269998601102e-03  0.0000000000000000e+00 -8.2059914071800788e-01
 503 -5.2732547738089432e-05 -2.0143719371599941e-04 -7.8908538490521157e-04  5.8205021853615421e-03  0.0000000000000000e+00 -8.4238259311768537e-01
 504 -2.0824910688664535e-04  9.3400144391047347e-06  1.5325423804746731e-03  5.6330965433136230e-03  0.0000000000000000e+00 -8.7283808063450630e-01
 505  9.1802317922492246e-05  1.3526076849891254e-04  3.6965247511101126e-03  4.1877866454790944e-03  0.0000000000000000e+00 -8.9273975276696438e-01
 506  3.1573575029469821e-04 -1.4058909273288563e-04  5.2330471215128451e-03  1.8660805613723217e-03  0.0000000000000000e+00 -8.8714305641480373e-01
 507  5.1327962139703060e-07 -3.5845167309871828e-04  5.4807176173861218e-03 -8.5286390869044942e-04  0.0000000000000000e+00 -8.5864793818894181e-01
 508 -4.0091473517837439e-04 -6.6463856673090299e-05  4.3009825578639574e-03 -3.4022182453964933e-03  0.0000000000000000e+00 -8.3155899827732971e-01
 509 -2.3709169713025360e-04  4.6536791203340654e-04  2.2728603616500097e-03 -5.2157361497123488e-03  0.0000000000000000e+00 -8.2825641694603025e-01
 510  2.8987376439174869e-04  4.0035371259790190e-04  1.9558931630303670e-06 -5.8500743595141288e-03  0.0000000000000000e+00 -8.5747685721810030e-01
 511  4.4904672570733096e-04 -3.1420993980951274e-04 -2.2776882328799110e-03 -5.2259143362981143e-03  0.0000000000000000e+00 -8.9735507762187372e-01
 512 -7.3726435663169261e-06 -5.7883850632892077e-04 -4.2618502170205953e-03 -3.5062555688782551e-03  0.0000000000000000e+00 -9.0917467987404110e-01
