#     name              s    code  bx*ex  sqrt(bx*by)  dbx/dd*ex  bx*dex/dd  by*ex  dby/dd*ex by*dex/dd  ksix  ksiy  dbx/dd  bx/dd dex/dd
#                      [m]          [m]      [m]          [m]       [m]       [m]      [m]       [m]
#
   0 begin             0.00  0.0  -0.005     7.990       0.031    111.737   -0.001   -0.004     18.609   0.00   0.00  -116.596  16.527   5.707
   1 dh0g1a            4.65  0.0  -0.006    14.304       0.030    117.429   -0.003    0.002     56.163   0.00   0.00  -111.791  -7.885   5.678
   2 gs                4.65  0.0  -0.006    14.304       0.030    117.429   -0.003    0.002     56.163   0.00   0.00  -111.791  -7.885   5.678
   3 sh1               4.85  1.5  -0.006    14.753       0.030    117.953   -0.003    0.003     59.458   0.00   0.00  -111.381  -11.042   5.676
   4 dh1ag2a           4.94  0.0  -0.006    14.953       0.030    118.190   -0.003    0.003     60.943   0.00   0.00  -111.194  -12.479   5.676
   5 bpm               4.94  0.0  -0.006    14.953       0.030    118.190   -0.003    0.003     60.943   0.00   0.00  -111.194  -12.479   5.676
   6 dbpm              5.03  0.0  -0.006    15.154       0.030    118.431   -0.003    0.004     62.454   0.00   0.00  -111.003  -13.949   5.675
   7 qh1sp01           5.28 -1.0  -0.006    15.740       0.032    127.000   -0.003    0.005     65.531   0.30  -0.15  -116.185  -17.140   5.796
   8 dh2ag2a           5.43  0.0  -0.006    16.113       0.035    137.936   -0.003    0.005     66.625   0.30  -0.15  -123.273  -18.414   5.949
   9 sq1hsp01          5.53  0.0  -0.007    16.350       0.036    145.202   -0.003    0.005     67.317   0.30  -0.15  -127.878  -19.218   6.047
  10 chv               5.53  0.0  -0.007    16.350       0.036    145.202   -0.003    0.005     67.317   0.30  -0.15  -127.878  -19.218   6.047
  11 sq1hsp01          5.63  0.0  -0.007    16.586       0.038    152.723   -0.003    0.006     68.009   0.30  -0.15  -132.565  -20.017   6.144
  12 dh2bg2a           5.79  0.0  -0.008    16.959       0.042    165.099   -0.003    0.006     69.099   0.30  -0.15  -140.111  -21.266   6.298
  13 sh2               5.99  0.0  -0.009    17.433       0.046    181.773   -0.003    0.007     70.486   0.30  -0.15  -149.986  -22.837   6.493
  14 dh2cg2a           6.14  0.0  -0.009    17.789       0.049    195.002   -0.003    0.008     71.531   0.30  -0.15  -157.605  -24.003   6.639
  15 qh2sp01           6.54  1.0  -0.007    18.646       0.038    156.941   -0.004    0.011     83.964  -1.04   0.56  -130.265  -37.862   6.156
  16 dh3ag2a           6.73  0.0  -0.005    18.657       0.026    113.935   -0.004    0.014     93.161  -1.04   0.56  -99.186  -51.913   5.522
  17 sh3               6.93 -1.5  -0.004    18.218       0.016     78.036   -0.005    0.016    100.241  -1.04   0.56  -70.805  -68.833   4.855
  18 dh3bg2a           7.13  0.0  -0.002    17.346       0.009     51.210   -0.005    0.017    103.850  -1.04   0.56  -47.409  -87.432   4.204
  19 qh3sp01           7.38 -1.0  -0.002    15.754       0.005     32.780   -0.005    0.017     98.121  -0.70  -0.45  -28.451  -99.525   3.600
  20 dh4ag2a           7.46  0.0  -0.001    15.175       0.004     29.474   -0.004    0.016     93.809  -0.70  -0.45  -24.251  -98.778   3.465
  21 bpm               7.46  0.0  -0.001    15.175       0.004     29.474   -0.004    0.016     93.809  -0.70  -0.45  -24.251  -98.778   3.465
  22 dbpm              7.55  0.0  -0.001    14.602       0.003     26.402   -0.004    0.015     89.550  -0.70  -0.45  -20.274  -98.033   3.330
  23 sh4               7.75 -1.5  -0.001    13.312       0.002     20.220   -0.004    0.014     80.012  -0.70  -0.45  -12.024  -96.336   3.021
  24 dh4bg2a           8.00  0.0  -0.001    11.753       0.000     14.026   -0.003    0.012     68.537  -0.70  -0.45  -3.398  -94.238   2.638
  25 dfch              8.15  0.0  -0.001    10.837      -0.000     11.006   -0.003    0.011     61.808  -0.70  -0.45   0.937  -92.979   2.407
  26 chv               8.15  0.0  -0.001    10.837      -0.000     11.006   -0.003    0.011     61.808  -0.70  -0.45   0.937  -92.979   2.407
  27 dfch              8.30  0.0  -0.000     9.943      -0.000      8.472   -0.003    0.009     55.224  -0.70  -0.45   4.616  -91.726   2.175
  28 ge                8.30  0.0  -0.000     9.943      -0.000      8.472   -0.003    0.009     55.224  -0.70  -0.45   4.616  -91.726   2.175
  29 dh4cg3a           8.33  0.0  -0.000     9.759      -0.001      7.997   -0.003    0.009     53.860  -0.70  -0.45   5.305  -91.463   2.127
  30 gs                8.33  0.0  -0.000     9.759      -0.001      7.997   -0.003    0.009     53.860  -0.70  -0.45   5.305  -91.463   2.127
  31 b1sp01           10.95  0.5   0.361     7.349      -5.262     -5.876    2.812   -9.510    -45.727  -0.70  -0.45  -38.371  -69.341  -2.231
  32 dm1ag3a          11.32  0.0   0.711     8.976     -10.582    -11.656    3.489  -11.628    -57.210  -0.70  -0.45  -60.323  -66.281  -2.877
  33 dfch             11.47  0.0   0.907     9.654     -13.471    -14.914    3.754  -12.433    -61.720  -0.70  -0.45  -70.470  -65.036  -3.143
  34 chv              11.47  0.0   0.907     9.654     -13.471    -14.914    3.754  -12.433    -61.720  -0.70  -0.45  -70.470  -65.036  -3.143
  35 sm3              11.47  1.5   0.907     9.654     -13.471    -14.914    3.754  -12.433    -61.720  -0.70  -0.45  -70.470  -65.036  -3.143
  36 dfch             11.62  0.0   1.139    10.333     -16.822    -18.765    4.013  -13.176    -66.122  -0.70  -0.45  -81.304  -63.683  -3.409
  37 dm1bg3a          11.93  0.0   1.743    11.733     -25.327    -28.823    4.527  -14.583    -74.860  -0.70  -0.45  -105.788  -60.914  -3.959
  38 ge               11.93  0.0   1.743    11.733     -25.327    -28.823    4.527  -14.583    -74.860  -0.70  -0.45  -105.788  -60.914  -3.959
  39 gs               11.93  0.0   1.743    11.733     -25.327    -28.823    4.527  -14.583    -74.860  -0.70  -0.45  -105.788  -60.914  -3.959
  40 qm1sp01          12.18 -1.0   2.549    12.822     -36.619    -42.376    4.779  -14.881    -79.444  -0.54  -0.74  -134.511  -54.660  -4.525
  41 dm2ag4a          12.38  0.0   3.542    13.562     -50.546    -59.194    4.800  -14.261    -80.216  -0.54  -0.74  -166.264  -46.911  -5.081
  42 sm1a             12.58 -1.5   4.766    14.156     -66.445    -79.430    4.741  -14.587    -79.011  -0.54  -0.74  -197.876  -43.440  -5.596
  43 dm2bg4a          13.16  0.0   9.880    15.050    -124.821   -160.811    4.206  -18.473    -68.460  -0.54  -0.74  -291.408  -43.128  -6.972
  44 bpm              13.16  0.0   9.880    15.050    -124.821   -160.811    4.206  -18.473    -68.460  -0.54  -0.74  -291.408  -43.128  -6.972
  45 dbpm             13.25  0.0  10.874    15.078    -135.714   -176.497    4.089  -18.943    -66.371  -0.54  -0.74  -306.880  -42.835  -7.178
  46 qm2sp01          13.50  1.0  12.418    15.065    -148.968   -199.077    3.905  -21.349    -62.603  -1.29  -0.51  -322.270  -46.185  -7.410
  47 dm2cg4a          13.70  0.0  12.421    15.049    -143.418   -196.317    3.896  -24.213    -61.579  -1.29  -0.51  -310.263  -52.381  -7.306
  48 sm2              13.95  1.5  12.426    15.042    -146.511   -197.920    3.891  -24.612    -61.975  -1.29  -0.51  -316.952  -53.244  -7.363
  49 dm2cg4b          14.15  0.0  12.432    15.047    -157.013   -203.252    3.892  -22.391    -63.630  -1.29  -0.51  -339.672  -48.439  -7.558
  50 qm2sp01          14.40  1.0  10.895    15.047    -148.350   -183.058    4.065  -20.850    -68.300  -1.97  -0.25  -335.446  -47.146  -7.431
  51 dm2bg4b          14.92  0.0   5.876    14.462     -94.221   -104.601    4.604  -19.390    -81.959  -1.97  -0.25  -261.990  -53.917  -6.402
  52 sm1b             15.12 -1.5   4.461    13.979     -75.180    -80.793    4.709  -20.257    -85.283  -1.97  -0.25  -229.305  -61.785  -5.938
  53 dm2ag4b          15.38  0.0   2.978    13.127     -52.361    -54.576    4.738  -23.025    -86.814  -1.97  -0.25  -182.979  -80.463  -5.244
  54 bpm              15.38  0.0   2.978    13.127     -52.361    -54.576    4.738  -23.025    -86.814  -1.97  -0.25  -182.979  -80.463  -5.244
  55 dbpm             15.46  0.0   2.570    12.788     -45.907    -47.313    4.717  -23.717    -86.831  -1.97  -0.25  -168.618  -87.114  -5.012
  56 qm1sp01          15.71 -1.0   1.762    11.711     -33.205    -33.055    4.463  -24.207    -83.727  -1.85  -0.57  -138.683  -101.101  -4.492
  57 dm1eg4b          15.93  0.0   1.315    10.732     -26.155    -25.243    4.103  -23.432    -78.781  -1.85  -0.57  -120.862  -108.280  -4.155
  58 dfch             16.08  0.0   1.059    10.062     -21.901    -20.714    3.849  -22.723    -75.296  -1.85  -0.57  -109.140  -113.235  -3.925
  59 sm3              16.08  1.5   1.059    10.062     -21.901    -20.714    3.849  -22.723    -75.296  -1.85  -0.57  -109.140  -113.235  -3.925
  60 chv              16.08  0.0   1.059    10.062     -21.901    -20.714    3.849  -22.723    -75.296  -1.85  -0.57  -109.140  -113.235  -3.925
  61 dfch             16.23  0.0   0.840     9.391     -18.090    -16.792    3.590  -21.844    -71.733  -1.85  -0.57  -97.815  -118.111  -3.696
  62 ge               16.23  0.0   0.840     9.391     -18.090    -16.792    3.590  -21.844    -71.733  -1.85  -0.57  -97.815  -118.111  -3.696
  63 gs               16.23  0.0   0.840     9.391     -18.090    -16.792    3.590  -21.844    -71.733  -1.85  -0.57  -97.815  -118.111  -3.696
  64 dm1dg5b          16.29  0.0   0.768     9.144     -16.789    -15.487    3.492  -21.482    -70.394  -1.85  -0.57  -93.724  -119.923  -3.611
  65 dpwg5b           16.49  0.0   0.544     8.257     -12.552    -11.375    3.133  -20.008    -65.455  -1.85  -0.57  -79.364  -126.506  -3.305
  66 dm1cg5b          16.69  0.0   0.372     7.384      -9.005     -8.124    2.761  -18.267    -60.345  -1.85  -0.57  -65.646  -133.162  -2.999
  67 b1sp01           19.31  0.5  -0.000     9.426      -0.001      2.933   -0.001    0.006     20.048  -1.85  -0.57  54.622  -224.756   0.814
  68 ge               19.31  0.0  -0.000     9.426      -0.001      2.933   -0.001    0.006     20.048  -1.85  -0.57  54.622  -224.756   0.814
  69 dl4bg6b          19.53  0.0  -0.000    10.685      -0.002      5.052   -0.001    0.009     27.756  -1.85  -0.57  59.684  -232.645   1.108
  70 gs               19.53  0.0  -0.000    10.685      -0.002      5.052   -0.001    0.009     27.756  -1.85  -0.57  59.684  -232.645   1.108
  71 dfch             19.68  0.0  -0.000    11.578      -0.003      6.941   -0.001    0.011     33.207  -1.85  -0.57  62.727  -238.119   1.311
  72 chv              19.68  0.0  -0.000    11.578      -0.003      6.941   -0.001    0.011     33.207  -1.85  -0.57  62.727  -238.119   1.311
  73 dfch             19.83  0.0  -0.000    12.491      -0.004      9.226   -0.001    0.014     38.777  -1.85  -0.57  65.409  -243.627   1.514
  74 dl4ag6b          19.91  0.0  -0.000    12.998      -0.004     10.659   -0.002    0.015     41.881  -1.85  -0.57  66.726  -246.659   1.625
  75 ql3sp01          20.16 -1.0  -0.001    14.510      -0.006     18.096   -0.002    0.018     48.789  -1.58  -1.29  76.137  -230.098   2.048
  76 dbpm             20.25  0.0  -0.001    14.966      -0.007     22.308   -0.002    0.019     49.818  -1.58  -1.29  81.562  -215.913   2.227
  77 bpm              20.25  0.0  -0.001    14.966      -0.007     22.308   -0.002    0.019     49.818  -1.58  -1.29  81.562  -215.913   2.227
  78 dl3bg6b          20.33  0.0  -0.001    15.366      -0.008     27.124   -0.002    0.019     50.436  -1.58  -1.29  87.032  -202.174   2.407
  79 sl3              20.53 -1.5  -0.002    16.066      -0.011     40.622   -0.002    0.019     50.439  -1.58  -1.29  99.701  -172.443   2.818
  80 dl3ag6b          21.15  0.0  -0.004    16.340      -0.023    108.183   -0.002    0.016     41.024  -1.58  -1.29  140.013  -95.772   4.077
  81 ql2sp01          21.55  1.0  -0.005    15.414      -0.022    113.547   -0.001    0.014     37.260  -3.29  -0.73  130.384  -85.390   4.220
  82 dl2cg6b          21.80  0.0  -0.003    14.714      -0.016     84.952   -0.002    0.015     38.382  -3.29  -0.73  104.272  -98.037   3.881
  83 sl2              22.00  1.5  -0.003    14.035      -0.012     65.883   -0.002    0.016     38.952  -3.29  -0.73  85.448  -108.690   3.609
  84 dl2bg6b          22.14  0.0  -0.002    13.506      -0.010     54.582   -0.002    0.016     39.153  -3.29  -0.73  73.571  -116.291   3.423
  85 dsch             22.24  0.0  -0.002    13.089      -0.009     47.230   -0.002    0.016     39.194  -3.29  -0.73  65.477  -121.960   3.287
  86 chv              22.24  0.0  -0.002    13.089      -0.009     47.230   -0.002    0.016     39.194  -3.29  -0.73  65.477  -121.960   3.287
  87 dsch             22.34  0.0  -0.002    12.644      -0.007     40.570   -0.002    0.016     39.141  -3.29  -0.73  57.840  -127.747   3.152
  88 dl2ag6b          22.47  0.0  -0.001    11.989      -0.006     32.479   -0.002    0.016     38.904  -3.29  -0.73  48.086  -135.899   2.965
  89 ql1sp01          22.72 -1.0  -0.001    10.731      -0.004     24.746   -0.001    0.015     36.094  -2.98  -1.19  35.811  -134.259   2.785
  90 dl1ag6b          22.81  0.0  -0.001    10.303      -0.004     23.766   -0.001    0.015     34.442  -2.98  -1.19  32.924  -127.969   2.777
  91 bpm              22.81  0.0  -0.001    10.303      -0.004     23.766   -0.001    0.015     34.442  -2.98  -1.19  32.924  -127.969   2.777
  92 dbpm             22.90  0.0  -0.001     9.886      -0.003     22.812   -0.001    0.014     32.837  -2.98  -1.19  30.111  -121.819   2.769
  93 sl1              23.10 -1.5  -0.001     8.971      -0.003     20.735   -0.001    0.012     29.339  -2.98  -1.19  23.957  -108.285   2.749
  94 ge               23.10  0.0  -0.001     8.971      -0.003     20.735   -0.001    0.012     29.339  -2.98  -1.19  23.957  -108.285   2.749
  95 gs               23.10  0.0  -0.001     8.971      -0.003     20.735   -0.001    0.012     29.339  -2.98  -1.19  23.957  -108.285   2.749
  96 dl0g1a           26.40  0.0  -0.000     1.492       0.003      4.741   -0.000   -0.001      2.784  -2.98  -1.19  -22.098   9.635   2.436
  97 dl0g1a           29.70  0.0  -0.001     8.971      -0.004     15.999   -0.001    0.008     22.639  -2.98  -1.19  36.504  -71.189   2.122
  98 ge               29.70  0.0  -0.001     8.971      -0.004     15.999   -0.001    0.008     22.639  -2.98  -1.19  36.504  -71.189   2.122
  99 gs               29.70  0.0  -0.001     8.971      -0.004     15.999   -0.001    0.008     22.639  -2.98  -1.19  36.504  -71.189   2.122
 100 sl1              29.90 -1.5  -0.001     9.886      -0.005     17.325   -0.001    0.009     24.937  -2.98  -1.19  43.419  -82.474   2.103
 101 dl1ag2a          29.99  0.0  -0.001    10.303      -0.005     17.923   -0.001    0.010     25.975  -2.98  -1.19  46.564  -87.640   2.094
 102 bpm              29.99  0.0  -0.001    10.303      -0.005     17.923   -0.001    0.010     25.975  -2.98  -1.19  46.564  -87.640   2.094
 103 dbpm             30.07  0.0  -0.001    10.731      -0.006     18.533   -0.001    0.011     27.031  -2.98  -1.19  49.784  -92.946   2.086
 104 ql1sp01          30.32 -1.0  -0.001    11.989      -0.008     23.860   -0.002    0.012     28.580  -2.59  -1.65  64.686  -96.386   2.178
 105 dl2ag2a          30.46  0.0  -0.002    12.644      -0.010     29.527   -0.002    0.012     28.487  -2.59  -1.65  77.000  -91.626   2.294
 106 dsch             30.56  0.0  -0.002    13.089      -0.012     34.163   -0.002    0.012     28.351  -2.59  -1.65  86.610  -88.229   2.378
 107 chv              30.56  0.0  -0.002    13.089      -0.012     34.163   -0.002    0.012     28.351  -2.59  -1.65  86.610  -88.229   2.378
 108 dsch             30.66  0.0  -0.002    13.506      -0.013     39.257   -0.002    0.012     28.160  -2.59  -1.65  96.770  -84.887   2.462
 109 dl2bg2a          30.80  0.0  -0.003    14.035      -0.016     47.045   -0.002    0.012     27.814  -2.59  -1.65  111.639  -80.382   2.577
 110 sl2              31.00  1.5  -0.003    14.714      -0.021     60.099   -0.002    0.012     27.153  -2.59  -1.65  135.130  -74.016   2.745
 111 dl2cg2a          31.25  0.0  -0.005    15.414      -0.028     79.525   -0.001    0.011     26.096  -2.59  -1.65  167.599  -66.370   2.956
 112 ql2sp01          31.65  1.0  -0.004    16.340      -0.028     74.664   -0.002    0.013     28.313  -4.28  -1.01  175.717  -78.852   2.814
 113 dl3ag2a          32.26  0.0  -0.002    16.066      -0.013     27.029   -0.002    0.017     33.562  -4.28  -1.01  117.847  -151.236   1.875
 114 sl3              32.46 -1.5  -0.001    15.366      -0.009     17.677   -0.002    0.017     32.870  -4.28  -1.01  100.705  -179.734   1.569
 115 dl3bg2a          32.55  0.0  -0.001    14.966      -0.008     14.369   -0.002    0.017     32.090  -4.28  -1.01  93.470  -192.959   1.435
 116 bpm              32.55  0.0  -0.001    14.966      -0.008     14.369   -0.002    0.017     32.090  -4.28  -1.01  93.470  -192.959   1.435
 117 dbpm             32.64  0.0  -0.001    14.510      -0.007     11.495   -0.002    0.016     30.993  -4.28  -1.01  86.398  -206.646   1.301
 118 ql3sp01          32.89 -1.0  -0.000    12.998      -0.005      6.394   -0.002    0.014     25.123  -4.08  -1.80  73.666  -224.133   0.975
 119 dl4ag2a          33.17  0.0  -0.000    11.281      -0.003      3.360   -0.001    0.010     16.806  -4.08  -1.80  66.296  -217.351   0.666
 120 dfch             33.32  0.0  -0.000    10.394      -0.002      2.172   -0.001    0.008     12.514  -4.08  -1.80  62.018  -213.761   0.502
 121 chv              33.32  0.0  -0.000    10.394      -0.002      2.172   -0.001    0.008     12.514  -4.08  -1.80  62.018  -213.761   0.502
 122 dfch             33.47  0.0  -0.000     9.530      -0.002      1.240   -0.001    0.006      8.315  -4.08  -1.80  57.495  -210.186   0.337
 123 ge               33.47  0.0  -0.000     9.530      -0.002      1.240   -0.001    0.006      8.315  -4.08  -1.80  57.495  -210.186   0.337
 124 dl4bg3a          33.49  0.0  -0.000     9.426      -0.002      1.143   -0.001    0.006      7.809  -4.08  -1.80  56.927  -209.750   0.317
 125 gs               33.49  0.0  -0.000     9.426      -0.002      1.143   -0.001    0.006      7.809  -4.08  -1.80  56.927  -209.750   0.317
 126 b1sp01           36.11  0.5   0.372     7.384      -8.491     -7.504    2.761  -20.237    -55.743  -4.08  -1.80  -61.895  -147.522  -2.770
 127 dm1ag3a          36.47  0.0   0.725     8.988     -14.811    -13.386    3.430  -24.393    -63.323  -4.08  -1.80  -84.412  -139.022  -3.239
 128 sq2hsp01         36.62  0.0   0.923     9.657     -17.988    -16.568    3.694  -25.918    -66.304  -4.08  -1.80  -94.086  -135.562  -3.432
 129 chv              36.62  0.0   0.923     9.657     -17.988    -16.568    3.694  -25.918    -66.304  -4.08  -1.80  -94.086  -135.562  -3.432
 130 sm3              36.62  1.5   0.923     9.657     -17.988    -16.568    3.694  -25.918    -66.304  -4.08  -1.80  -94.086  -135.562  -3.432
 131 sq2hsp01         36.77  0.0   1.156    10.328     -21.528    -20.253    3.951  -27.315    -69.220  -4.08  -1.80  -104.037  -132.007  -3.625
 132 dm1bg3a          37.08  0.0   1.762    11.711     -30.024    -29.616    4.463  -29.864    -75.016  -4.08  -1.80  -125.395  -124.728  -4.025
 133 ge               37.08  0.0   1.762    11.711     -30.024    -29.616    4.463  -29.864    -75.016  -4.08  -1.80  -125.395  -124.728  -4.025
 134 gs               37.08  0.0   1.762    11.711     -30.024    -29.616    4.463  -29.864    -75.016  -4.08  -1.80  -125.395  -124.728  -4.025
 135 qm1sp01          37.33 -1.0   2.570    12.788     -41.181    -42.200    4.717  -30.408    -77.446  -3.92  -2.09  -151.257  -111.691  -4.470
 136 dm2a2g4b         37.53  0.0   3.565    13.523     -54.868    -57.793    4.742  -29.312    -76.873  -3.92  -2.09  -180.469  -96.412  -4.929
 137 sm1a             37.73 -1.5   4.790    14.114     -70.049    -76.283    4.689  -28.828    -74.667  -3.92  -2.09  -208.600  -85.848  -5.347
 138 dm2b2g4b         38.31  0.0   9.902    15.016    -122.796   -148.893    4.178  -28.947    -62.819  -3.92  -2.09  -286.675  -67.578  -6.441
 139 bpm              38.31  0.0   9.902    15.016    -122.796   -148.893    4.178  -28.947    -62.819  -3.92  -2.09  -286.675  -67.578  -6.441
 140 dbpm             38.40  0.0  10.895    15.047    -132.297   -162.707    4.065  -28.725    -60.707  -3.92  -2.09  -299.148  -64.952  -6.605
 141 qm2sp01          38.65  1.0  12.432    15.047    -141.530   -181.324    3.892  -29.477    -56.765  -4.67  -1.86  -306.176  -63.769  -6.742
 142 dm2cg4a          38.85  0.0  12.426    15.042    -133.239   -177.007    3.891  -31.305    -55.427  -4.67  -1.86  -288.241  -67.724  -6.585
 143 sm2              39.10  1.5  12.421    15.049    -132.912   -176.667    3.896  -30.404    -55.416  -4.67  -1.86  -287.536  -65.775  -6.575
 144 dm2cg4b          39.30  0.0  12.418    15.065    -140.675   -180.435    3.905  -27.130    -56.741  -4.67  -1.86  -304.330  -58.692  -6.716
 145 qm2sp01          39.55  1.0  10.874    15.078    -130.949   -161.305    4.089  -24.441    -60.659  -5.35  -1.60  -296.104  -55.266  -6.560
 146 dm2b2g4a         40.07  0.0   5.851    14.505     -80.338    -90.290    4.651  -20.850    -71.765  -5.35  -1.60  -223.396  -57.978  -5.549
 147 sm1b             40.27 -1.5   4.437    14.022     -62.886    -68.913    4.763  -20.940    -73.970  -5.35  -1.60  -191.815  -63.871  -5.092
 148 dm2a2g4a         40.53  0.0   2.957    13.164     -42.247    -45.532    4.799  -22.796    -73.898  -5.35  -1.60  -147.645  -79.668  -4.407
 149 bpm              40.53  0.0   2.957    13.164     -42.247    -45.532    4.799  -22.796    -73.898  -5.35  -1.60  -147.645  -79.668  -4.407
 150 dbpm             40.62  0.0   2.549    12.822     -36.527    -39.125    4.779  -23.213    -73.349  -5.35  -1.60  -134.172  -85.268  -4.178
 151 qm1sp01          40.87 -1.0   1.743    11.733     -25.253    -26.534    4.527  -23.030    -68.916  -5.23  -1.92  -105.479  -96.195  -3.645
 152 dm1eg4b          41.09  0.0   1.297    10.742     -19.011    -19.637    4.166  -21.804    -63.078  -5.23  -1.92  -87.860  -100.768  -3.276
 153 dfch             41.24  0.0   1.042    10.064     -15.377    -15.714    3.911  -20.851    -58.958  -5.23  -1.92  -76.640  -103.921  -3.025
 154 sm3              41.24  1.5   1.042    10.064     -15.377    -15.714    3.911  -20.851    -58.958  -5.23  -1.92  -76.640  -103.921  -3.025
 155 chv              41.24  0.0   1.042    10.064     -15.377    -15.714    3.911  -20.851    -58.958  -5.23  -1.92  -76.640  -103.921  -3.025
 156 dfch             41.39  0.0   0.825     9.384     -12.225    -12.376    3.650  -19.781    -54.741  -5.23  -1.92  -66.113  -106.975  -2.774
 157 ge               41.39  0.0   0.825     9.384     -12.225    -12.376    3.650  -19.781    -54.741  -5.23  -1.92  -66.113  -106.975  -2.774
 158 gs               41.39  0.0   0.825     9.384     -12.225    -12.376    3.650  -19.781    -54.741  -5.23  -1.92  -66.113  -106.975  -2.774
 159 dm1dg5b          41.45  0.0   0.754     9.134     -11.174    -11.280    3.551  -19.362    -53.155  -5.23  -1.92  -62.391  -108.109  -2.681
 160 dpwg5b           41.65  0.0   0.532     8.234      -7.859     -7.890    3.188  -17.746    -47.299  -5.23  -1.92  -49.700  -112.226  -2.346
 161 dm1cg5b          41.85  0.0   0.361     7.349      -5.236     -5.299    2.812  -15.961    -41.234  -5.23  -1.92  -38.177  -116.382  -2.011
 162 b1sp01           44.47  0.5  -0.000     9.759      -0.001      8.137   -0.003    0.017     54.801  -5.23  -1.92   4.996  -172.634   2.164
 163 ge               44.47  0.0  -0.000     9.759      -0.001      8.137   -0.003    0.017     54.801  -5.23  -1.92   4.996  -172.634   2.164
 164 dh4cg6b          44.67  0.0  -0.001    10.966       0.000     11.531   -0.003    0.020     63.449  -5.23  -1.92  -0.003  -177.073   2.467
 165 gs               44.67  0.0  -0.001    10.966       0.000     11.531   -0.003    0.020     63.449  -5.23  -1.92  -0.003  -177.073   2.467
 166 dfch             44.82  0.0  -0.001    11.885       0.001     14.603   -0.003    0.023     70.010  -5.23  -1.92  -4.472  -180.377   2.690
 167 chv              44.82  0.0  -0.001    11.885       0.001     14.603   -0.003    0.023     70.010  -5.23  -1.92  -4.472  -180.377   2.690
 168 dfch             44.97  0.0  -0.001    12.823       0.001     18.202   -0.004    0.025     76.714  -5.23  -1.92  -9.598  -183.698   2.914
 169 dh4bg6b          45.05  0.0  -0.001    13.312       0.002     20.272   -0.004    0.026     80.218  -5.23  -1.92  -12.490  -185.412   3.029
 170 sh4              45.25 -1.5  -0.001    14.602       0.003     26.384   -0.004    0.030     89.486  -5.23  -1.92  -20.798  -189.878   3.328
 171 dh4ag6b          45.33  0.0  -0.001    15.175       0.004     29.416   -0.004    0.031     93.625  -5.23  -1.92  -24.800  -191.841   3.458
 172 bpm              45.33  0.0  -0.001    15.175       0.004     29.416   -0.004    0.031     93.625  -5.23  -1.92  -24.800  -191.841   3.458
 173 dbpm             45.42  0.0  -0.002    15.754       0.005     32.678   -0.005    0.033     97.815  -5.23  -1.92  -29.026  -193.810   3.589
 174 qh3sp01          45.67 -1.0  -0.002    17.346       0.010     50.908   -0.005    0.035    103.237  -4.78  -2.83  -48.137  -174.441   4.179
 175 dh3bg6b          45.87  0.0  -0.004    18.218       0.016     77.453   -0.005    0.033     99.492  -4.78  -2.83  -71.732  -142.729   4.819
 176 sh3              46.07 -1.5  -0.005    18.657       0.026    112.943   -0.004    0.030     92.350  -4.78  -2.83  -100.343  -113.449   5.474
 177 dh3ag6b          46.26  0.0  -0.007    18.646       0.038    155.429   -0.004    0.026     83.156  -4.78  -2.83  -131.662  -88.678   6.097
 178 qh2sp01          46.66  1.0  -0.009    17.789       0.050    192.823   -0.003    0.021     70.732  -6.32  -2.27  -159.151  -66.331   6.565
 179 dh2cg6b          46.81  0.0  -0.009    17.433       0.046    179.637   -0.003    0.020     69.658  -6.32  -2.27  -151.436  -66.316   6.417
 180 sh2              47.01  0.0  -0.008    16.959       0.042    163.026   -0.003    0.020     68.231  -6.32  -2.27  -141.439  -66.267   6.219
 181 dh2bg6b          47.19  0.0  -0.007    16.527       0.038    148.807   -0.003    0.019     66.932  -6.32  -2.27  -132.606  -66.192   6.038
 182 dsch             47.29  0.0  -0.007    16.291       0.036    141.385   -0.003    0.019     66.219  -6.32  -2.27  -127.882  -66.139   5.940
 183 chv              47.29  0.0  -0.007    16.291       0.036    141.385   -0.003    0.019     66.219  -6.32  -2.27  -127.882  -66.139   5.940
 184 dsch             47.39  0.0  -0.006    16.054       0.034    134.219   -0.003    0.018     65.505  -6.32  -2.27  -123.241  -66.077   5.841
 185 dh2ag6b          47.52  0.0  -0.006    15.740       0.032    125.109   -0.003    0.018     64.556  -6.32  -2.27  -117.220  -65.982   5.710
 186 qh1sp01          47.77 -1.0  -0.006    15.154       0.030    116.518   -0.003    0.017     61.445  -6.03  -2.42  -111.948  -62.499   5.584
 187 dh1ag6b          47.86  0.0  -0.006    14.953       0.030    116.228   -0.003    0.016     59.931  -6.03  -2.42  -112.122  -60.183   5.582
 188 bpm              47.86  0.0  -0.006    14.953       0.030    116.228   -0.003    0.016     59.931  -6.03  -2.42  -112.122  -60.183   5.582
 189 dbpm             47.95  0.0  -0.006    14.753       0.030    115.942   -0.003    0.015     58.444  -6.03  -2.42  -112.293  -57.901   5.580
 190 sh1              48.15  1.5  -0.006    14.304       0.030    115.306   -0.003    0.014     55.148  -6.03  -2.42  -112.665  -52.812   5.575
 191 ge               48.15  0.0  -0.006    14.304       0.030    115.306   -0.003    0.014     55.148  -6.03  -2.42  -112.665  -52.812   5.575
 192 dh0g1a           52.80  0.0  -0.005     7.990       0.031    107.069   -0.001   -0.004     17.831  -6.03  -2.42  -116.596  16.527   5.469
 193 cav              52.80  0.0  -0.005     7.990       0.031    107.069   -0.001   -0.004     17.831  -6.03  -2.42  -116.596  16.527   5.469
