-3.00  2.20904  1.07327
-2.85  2.20779  1.07357
-2.70  2.20680  1.07388
-2.55  2.20603  1.07418
-2.40  2.20547  1.07449
-2.25  2.20507  1.07480
-2.10  2.20480  1.07510
-1.95  2.20465  1.07539
-1.80  2.20460  1.07568
-1.65  2.20462  1.07597
-1.50  2.20469  1.07624
-1.35  2.20482  1.07651
-1.20  2.20498  1.07678
-1.05  2.20516  1.07704
-0.90  2.20536  1.07729
-0.75  2.20558  1.07753
-0.60  2.20580  1.07777
-0.45  2.20602  1.07800
-0.30  2.20624  1.07823
-0.15  2.20646  1.07845
 0.00  2.20667  1.07867
 0.15  2.20687  1.07888
 0.30  2.20706  1.07908
 0.45  2.20725  1.07927
 0.60  2.20742  1.07946
 0.75  2.20758  1.07964
 0.90  2.20772  1.07982
 1.05  2.20786  1.07999
 1.20  2.20798  1.08015
 1.35  2.20808  1.08030
 1.50  2.20817  1.08044
 1.65  2.20825  1.08058
 1.80  2.20830  1.08070
 1.95  2.20835  1.08082
 2.10  2.20837  1.08093
 2.25  2.20838  1.08102
 2.40  2.20836  1.08111
 2.55  2.20833  1.08118
 2.70  2.20828  1.08124
 2.85  2.20821  1.08129
 3.00  2.20811  1.08132
