#   A_x        A_y        J_x        J_y      nu_x    nu_y
#
 0.000e+00  0.000e+00  0.000e+00  0.000e+00 0.20667 0.07867
-8.000e-01  1.000e+00  1.634e-02  1.533e-01 0.20665 0.07859
-1.600e+00  1.000e+00  6.538e-02  1.533e-01 0.20664 0.07858
-2.400e+00  1.000e+00  1.471e-01  1.533e-01 0.20662 0.07858
-3.200e+00  1.000e+00  2.615e-01  1.533e-01 0.20659 0.07857
-4.000e+00  1.000e+00  4.086e-01  1.533e-01 0.20656 0.07856
-4.800e+00  1.000e+00  5.884e-01  1.533e-01 0.20653 0.07855
-5.600e+00  1.000e+00  8.009e-01  1.533e-01 0.20650 0.07854
-6.400e+00  1.000e+00  1.046e+00  1.533e-01 0.20646 0.07854
-7.200e+00  1.000e+00  1.324e+00  1.533e-01 0.20643 0.07854
-8.000e+00  1.000e+00  1.634e+00  1.533e-01 0.20640 0.07855
-8.800e+00  1.000e+00  1.978e+00  1.533e-01 0.20638 0.07857
-9.600e+00  1.000e+00  2.354e+00  1.533e-01 0.20636 0.07859
-1.040e+01  1.000e+00  2.762e+00  1.533e-01 0.20636 0.07863
-1.120e+01  1.000e+00  3.204e+00  1.533e-01 0.20637 0.07868
-1.200e+01  1.000e+00  3.677e+00  1.533e-01 0.20640 0.07875
-1.280e+01  1.000e+00  4.184e+00  1.533e-01 0.20645 0.07884
-1.360e+01  1.000e+00  4.724e+00  1.533e-01 0.20652 0.07896
-1.440e+01  1.000e+00  5.296e+00  1.533e-01 0.20662 0.07909
-1.520e+01  1.000e+00  5.900e+00  1.533e-01 0.20675 0.07926
-1.600e+01  1.000e+00  6.538e+00  1.533e-01 0.20692 0.07946
-1.680e+01  1.000e+00  7.208e+00  1.533e-01 0.20713 0.07970
-1.760e+01  1.000e+00  7.911e+00  1.533e-01 0.20739 0.07997
-1.840e+01  1.000e+00  8.646e+00  1.533e-01 0.20770 0.08029
-1.920e+01  1.000e+00  9.414e+00  1.533e-01 0.20806 0.08066
-2.000e+01  1.000e+00  1.022e+01  1.533e-01 0.20851 0.08109

 0.000e+00  0.000e+00  0.000e+00  0.000e+00 0.20667 0.07867
 0.000e+00  1.000e+00  0.000e+00  1.533e-01 0.20665 0.07859
 8.000e-01  1.000e+00  1.634e-02  1.533e-01 0.20665 0.07859
 1.600e+00  1.000e+00  6.538e-02  1.533e-01 0.20664 0.07859
 2.400e+00  1.000e+00  1.471e-01  1.533e-01 0.20662 0.07858
 3.200e+00  1.000e+00  2.615e-01  1.533e-01 0.20659 0.07858
 4.000e+00  1.000e+00  4.086e-01  1.533e-01 0.20656 0.07857
 4.800e+00  1.000e+00  5.884e-01  1.533e-01 0.20652 0.07856
 5.600e+00  1.000e+00  8.009e-01  1.533e-01 0.20648 0.07856
 6.400e+00  1.000e+00  1.046e+00  1.533e-01 0.20644 0.07856
 7.200e+00  1.000e+00  1.324e+00  1.533e-01 0.20640 0.07857
 8.000e+00  1.000e+00  1.634e+00  1.533e-01 0.20637 0.07860
 8.800e+00  1.000e+00  1.978e+00  1.533e-01 0.20635 0.07863
 9.600e+00  1.000e+00  2.354e+00  1.533e-01 0.20636 0.07870
 1.040e+01  1.000e+00  2.762e+00  1.533e-01 0.20639 0.07879
 1.120e+01  1.000e+00  3.204e+00  1.533e-01 0.20645 0.07891
 1.200e+01  1.000e+00  3.677e+00  1.533e-01 0.20656 0.07909
 1.280e+01  1.000e+00  4.184e+00  1.533e-01 0.20673 0.07931
 1.360e+01  1.000e+00  4.724e+00  1.533e-01 0.20697 0.07960
 1.440e+01  1.000e+00  5.296e+00  1.533e-01 0.20730 0.07997
 1.520e+01  1.000e+00  5.900e+00  1.533e-01 0.20775 0.08044
 1.600e+01  1.000e+00  6.538e+00  1.533e-01 0.20833 0.08103
 1.680e+01  1.000e+00  7.208e+00  1.533e-01 0.20928 0.08164
 1.760e+01  1.000e+00  7.911e+00  1.533e-01 0.20994 0.08252
 1.840e+01  1.000e+00  8.646e+00  1.533e-01 0.21112 0.08356
 1.920e+01  1.000e+00  9.414e+00  1.533e-01 0.21257 0.08481
 2.000e+01  1.000e+00  1.022e+01  1.533e-01 0.21426 0.08622
