#   A_x        A_y      nu_x    nu_y
#
 0.000e+00  0.000e+00  0.000e+00  0.000e+00 0.20667 0.07867
 1.000e+00 -3.000e-01  2.554e-02  1.380e-02 0.20666 0.07866
 1.000e+00 -6.000e-01  2.554e-02  5.520e-02 0.20666 0.07864
 1.000e+00 -9.000e-01  2.554e-02  1.242e-01 0.20665 0.07861
 1.000e+00 -1.200e+00  2.554e-02  2.208e-01 0.20664 0.07856
 1.000e+00 -1.500e+00  2.554e-02  3.450e-01 0.20663 0.07850
 1.000e+00 -1.800e+00  2.554e-02  4.968e-01 0.20662 0.07843
 1.000e+00 -2.100e+00  2.554e-02  6.763e-01 0.20661 0.07834
 1.000e+00 -2.400e+00  2.554e-02  8.833e-01 0.20660 0.07824
 1.000e+00 -2.700e+00  2.554e-02  1.118e+00 0.20659 0.07813
 1.000e+00 -3.000e+00  2.554e-02  1.380e+00 0.20658 0.07801
 1.000e+00 -3.300e+00  2.554e-02  1.670e+00 0.20656 0.07787
 1.000e+00 -3.600e+00  2.554e-02  1.987e+00 0.20656 0.07772
 1.000e+00 -3.900e+00  2.554e-02  2.332e+00 0.20655 0.07755
 1.000e+00 -4.200e+00  2.554e-02  2.705e+00 0.20655 0.07737
 1.000e+00 -4.500e+00  2.554e-02  3.105e+00 0.20655 0.07718
 1.000e+00 -4.800e+00  2.554e-02  3.533e+00 0.20657 0.07698
 1.000e+00 -5.100e+00  2.554e-02  3.989e+00 0.20659 0.07676
 1.000e+00 -5.400e+00  2.554e-02  4.472e+00 0.20662 0.07654
 1.000e+00 -5.700e+00  2.554e-02  4.982e+00 0.20666 0.07630
 1.000e+00 -6.000e+00  2.554e-02  5.520e+00 0.20672 0.07604
 1.000e+00 -6.300e+00  2.554e-02  6.086e+00 0.20680 0.07578
 1.000e+00 -6.600e+00  2.554e-02  6.680e+00 0.20691 0.07551
 1.000e+00 -6.900e+00  2.554e-02  7.301e+00 0.20704 0.07523
 1.000e+00 -7.200e+00  2.554e-02  7.949e+00 0.20720 0.07494
 1.000e+00 -7.500e+00  2.554e-02  8.626e+00 0.20740 0.07464

 0.000e+00  0.000e+00  0.000e+00  0.000e+00 0.20667 0.07867
#  1.000e+00  0.000e+00 particle lost
 1.000e+00  3.000e-01  2.554e-02  1.380e-02 0.20666 0.07866
 1.000e+00  6.000e-01  2.554e-02  5.520e-02 0.20666 0.07864
 1.000e+00  9.000e-01  2.554e-02  1.242e-01 0.20665 0.07861
 1.000e+00  1.200e+00  2.554e-02  2.208e-01 0.20664 0.07856
 1.000e+00  1.500e+00  2.554e-02  3.450e-01 0.20663 0.07850
 1.000e+00  1.800e+00  2.554e-02  4.968e-01 0.20662 0.07843
 1.000e+00  2.100e+00  2.554e-02  6.763e-01 0.20661 0.07834
 1.000e+00  2.400e+00  2.554e-02  8.833e-01 0.20660 0.07824
 1.000e+00  2.700e+00  2.554e-02  1.118e+00 0.20659 0.07813
 1.000e+00  3.000e+00  2.554e-02  1.380e+00 0.20658 0.07801
 1.000e+00  3.300e+00  2.554e-02  1.670e+00 0.20656 0.07787
 1.000e+00  3.600e+00  2.554e-02  1.987e+00 0.20656 0.07772
 1.000e+00  3.900e+00  2.554e-02  2.332e+00 0.20655 0.07755
 1.000e+00  4.200e+00  2.554e-02  2.705e+00 0.20655 0.07737
 1.000e+00  4.500e+00  2.554e-02  3.105e+00 0.20655 0.07718
 1.000e+00  4.800e+00  2.554e-02  3.533e+00 0.20657 0.07698
 1.000e+00  5.100e+00  2.554e-02  3.989e+00 0.20659 0.07676
 1.000e+00  5.400e+00  2.554e-02  4.472e+00 0.20662 0.07654
 1.000e+00  5.700e+00  2.554e-02  4.982e+00 0.20666 0.07630
 1.000e+00  6.000e+00  2.554e-02  5.520e+00 0.20672 0.07604
 1.000e+00  6.300e+00  2.554e-02  6.086e+00 0.20680 0.07578
 1.000e+00  6.600e+00  2.554e-02  6.680e+00 0.20691 0.07551
 1.000e+00  6.900e+00  2.554e-02  7.301e+00 0.20704 0.07523
 1.000e+00  7.200e+00  2.554e-02  7.949e+00 0.20720 0.07494
 1.000e+00  7.500e+00  2.554e-02  8.626e+00 0.20740 0.07464
