 -3.00000e-02  0.00000e+00  2.19054e-03 -5.42047e-03
 -3.00000e-02  8.19713e-07  2.86654e-03 -5.31496e-03
 -3.00000e-02  1.63943e-06  3.55860e-03 -5.19397e-03
 -3.00000e-02  2.45914e-06  4.26689e-03 -5.05721e-03
 -3.00000e-02  3.27885e-06  4.99157e-03 -4.90438e-03
 -3.00000e-02  4.09856e-06  5.73280e-03 -4.73520e-03
 -3.00000e-02  4.91828e-06  6.49074e-03 -4.54937e-03
 -3.00000e-02  5.73799e-06  7.26555e-03 -4.34660e-03
 -3.00000e-02  6.55770e-06  8.05740e-03 -4.12661e-03
 -3.00000e-02  7.37741e-06  8.86644e-03 -3.88909e-03
 -3.00000e-02  8.19713e-06  9.69283e-03 -3.63376e-03
 -3.00000e-02  9.01684e-06  1.05367e-02 -3.36032e-03
 -3.00000e-02  9.83655e-06  1.13983e-02 -3.06849e-03
 -3.00000e-02  1.06563e-05  1.22778e-02 -2.75798e-03
 -3.00000e-02  1.14760e-05  1.31752e-02 -2.42849e-03
 -3.00000e-02  1.22957e-05  1.40908e-02 -2.07973e-03
 -3.00000e-02  1.31154e-05  1.50247e-02 -1.71140e-03
 -3.00000e-02  1.39351e-05  1.59771e-02 -1.32323e-03
 -3.00000e-02  1.47548e-05  1.69482e-02 -9.14916e-04
 -3.00000e-02  1.55745e-05  1.79381e-02 -4.86167e-04
 -3.00000e-02  1.63943e-05  1.89469e-02 -3.66912e-05
 -3.00000e-02  1.72140e-05  1.99748e-02  4.33801e-04
 -3.00000e-02  1.80337e-05  2.10221e-02  9.25601e-04
 -3.00000e-02  1.88534e-05  2.20888e-02  1.43900e-03
 -3.00000e-02  1.96731e-05  2.31751e-02  1.97429e-03
 -3.00000e-02  2.04928e-05  2.42812e-02  2.53176e-03

 -2.88000e-02  0.00000e+00  1.21017e-03 -5.13428e-03
 -2.88000e-02  8.19713e-07  1.82874e-03 -5.03754e-03
 -2.88000e-02  1.63943e-06  2.46336e-03 -4.92535e-03
 -2.88000e-02  2.45914e-06  3.11421e-03 -4.79741e-03
 -2.88000e-02  3.27885e-06  3.78145e-03 -4.65342e-03
 -2.88000e-02  4.09856e-06  4.46523e-03 -4.49311e-03
 -2.88000e-02  4.91828e-06  5.16573e-03 -4.31617e-03
 -2.88000e-02  5.73799e-06  5.88309e-03 -4.12232e-03
 -2.88000e-02  6.55770e-06  6.61749e-03 -3.91127e-03
 -2.88000e-02  7.37741e-06  7.36908e-03 -3.68272e-03
 -2.88000e-02  8.19713e-06  8.13803e-03 -3.43638e-03
 -2.88000e-02  9.01684e-06  8.92449e-03 -3.17196e-03
 -2.88000e-02  9.83655e-06  9.72863e-03 -2.88917e-03
 -2.88000e-02  1.06563e-05  1.05506e-02 -2.58772e-03
 -2.88000e-02  1.14760e-05  1.13906e-02 -2.26732e-03
 -2.88000e-02  1.22957e-05  1.22487e-02 -1.92767e-03
 -2.88000e-02  1.31154e-05  1.31252e-02 -1.56849e-03
 -2.88000e-02  1.39351e-05  1.40201e-02 -1.18948e-03
 -2.88000e-02  1.47548e-05  1.49337e-02 -7.90349e-04
 -2.88000e-02  1.55745e-05  1.58661e-02 -3.70811e-04
 -2.88000e-02  1.63943e-05  1.68175e-02  6.94281e-05
 -2.88000e-02  1.72140e-05  1.77880e-02  5.30660e-04
 -2.88000e-02  1.80337e-05  1.87778e-02  1.01317e-03
 -2.88000e-02  1.88534e-05  1.97870e-02  1.51726e-03
 -2.88000e-02  1.96731e-05  2.08158e-02  2.04322e-03
 -2.88000e-02  2.04928e-05  2.18645e-02  2.59133e-03

 -2.76000e-02  0.00000e+00  3.98490e-04 -4.85461e-03
 -2.76000e-02  8.19713e-07  9.62688e-04 -4.76598e-03
 -2.76000e-02  1.63943e-06  1.54294e-03 -4.66192e-03
 -2.76000e-02  2.45914e-06  2.13941e-03 -4.54214e-03
 -2.76000e-02  3.27885e-06  2.75226e-03 -4.40635e-03
 -2.76000e-02  4.09856e-06  3.38165e-03 -4.25427e-03
 -2.76000e-02  4.91828e-06  4.02774e-03 -4.08559e-03
 -2.76000e-02  5.73799e-06  4.69070e-03 -3.90002e-03
 -2.76000e-02  6.55770e-06  5.37067e-03 -3.69729e-03
 -2.76000e-02  7.37741e-06  6.06784e-03 -3.47709e-03
 -2.76000e-02  8.19713e-06  6.78235e-03 -3.23913e-03
 -2.76000e-02  9.01684e-06  7.51436e-03 -2.98312e-03
 -2.76000e-02  9.83655e-06  8.26405e-03 -2.70877e-03
 -2.76000e-02  1.06563e-05  9.03156e-03 -2.41580e-03
 -2.76000e-02  1.14760e-05  9.81707e-03 -2.10390e-03
 -2.76000e-02  1.22957e-05  1.06207e-02 -1.77278e-03
 -2.76000e-02  1.31154e-05  1.14427e-02 -1.42217e-03
 -2.76000e-02  1.39351e-05  1.22832e-02 -1.05175e-03
 -2.76000e-02  1.47548e-05  1.31422e-02 -6.61252e-04
 -2.76000e-02  1.55745e-05  1.40201e-02 -2.50372e-04
 -2.76000e-02  1.63943e-05  1.49170e-02  1.81178e-04
 -2.76000e-02  1.72140e-05  1.58329e-02  6.33689e-04
 -2.76000e-02  1.80337e-05  1.67682e-02  1.10745e-03
 -2.76000e-02  1.88534e-05  1.77229e-02  1.60276e-03
 -2.76000e-02  1.96731e-05  1.86972e-02  2.11990e-03
 -2.76000e-02  2.04928e-05  1.96912e-02  2.65917e-03

 -2.64000e-02  0.00000e+00 -2.64073e-04 -4.58154e-03
 -2.64000e-02  8.19713e-07  2.48682e-04 -4.50040e-03
 -2.64000e-02  1.63943e-06  7.77477e-04 -4.40387e-03
 -2.64000e-02  2.45914e-06  1.32248e-03 -4.29166e-03
 -2.64000e-02  3.27885e-06  1.88384e-03 -4.16348e-03
 -2.64000e-02  4.09856e-06  2.46172e-03 -4.01903e-03
 -2.64000e-02  4.91828e-06  3.05630e-03 -3.85803e-03
 -2.64000e-02  5.73799e-06  3.66772e-03 -3.68019e-03
 -2.64000e-02  6.55770e-06  4.29615e-03 -3.48520e-03
 -2.64000e-02  7.37741e-06  4.94175e-03 -3.27279e-03
 -2.64000e-02  8.19713e-06  5.60468e-03 -3.04266e-03
 -2.64000e-02  9.01684e-06  6.28511e-03 -2.79452e-03
 -2.64000e-02  9.83655e-06  6.98318e-03 -2.52808e-03
 -2.64000e-02  1.06563e-05  7.69908e-03 -2.24304e-03
 -2.64000e-02  1.14760e-05  8.43295e-03 -1.93912e-03
 -2.64000e-02  1.22957e-05  9.18496e-03 -1.61603e-03
 -2.64000e-02  1.31154e-05  9.95527e-03 -1.27346e-03
 -2.64000e-02  1.39351e-05  1.07440e-02 -9.11138e-04
 -2.64000e-02  1.47548e-05  1.15514e-02 -5.28764e-04
 -2.64000e-02  1.55745e-05  1.23776e-02 -1.26049e-04
 -2.64000e-02  1.63943e-05  1.32227e-02  2.97299e-04
 -2.64000e-02  1.72140e-05  1.40869e-02  7.41571e-04
 -2.64000e-02  1.80337e-05  1.49704e-02  1.20706e-03
 -2.64000e-02  1.88534e-05  1.58734e-02  1.69405e-03
 -2.64000e-02  1.96731e-05  1.67959e-02  2.20284e-03
 -2.64000e-02  2.04928e-05  1.77381e-02  2.73373e-03

 -2.52000e-02  0.00000e+00 -7.95348e-04 -4.31507e-03
 -2.52000e-02  8.19713e-07 -3.31267e-04 -4.24087e-03
 -2.52000e-02  1.63943e-06  1.48834e-04 -4.15133e-03
 -2.52000e-02  2.45914e-06  6.45115e-04 -4.04614e-03
 -2.52000e-02  3.27885e-06  1.15774e-03 -3.92503e-03
 -2.52000e-02  4.09856e-06  1.68687e-03 -3.78770e-03
 -2.52000e-02  4.91828e-06  2.23266e-03 -3.63386e-03
 -2.52000e-02  5.73799e-06  2.79528e-03 -3.46322e-03
 -2.52000e-02  6.55770e-06  3.37488e-03 -3.27549e-03
 -2.52000e-02  7.37741e-06  3.97164e-03 -3.07037e-03
 -2.52000e-02  8.19713e-06  4.58570e-03 -2.84757e-03
 -2.52000e-02  9.01684e-06  5.21724e-03 -2.60681e-03
 -2.52000e-02  9.83655e-06  5.86640e-03 -2.34779e-03
 -2.52000e-02  1.06563e-05  6.53337e-03 -2.07022e-03
 -2.52000e-02  1.14760e-05  7.21828e-03 -1.77381e-03
 -2.52000e-02  1.22957e-05  7.92132e-03 -1.45826e-03
 -2.52000e-02  1.31154e-05  8.64263e-03 -1.12330e-03
 -2.52000e-02  1.39351e-05  9.38238e-03 -7.68613e-04
 -2.52000e-02  1.47548e-05  1.01407e-02 -3.93924e-04
 -2.52000e-02  1.55745e-05  1.09178e-02  1.06336e-06
 -2.52000e-02  1.63943e-05  1.17139e-02  4.16639e-04
 -2.52000e-02  1.72140e-05  1.25290e-02  8.53096e-04
 -2.52000e-02  1.80337e-05  1.33634e-02  1.31072e-03
 -2.52000e-02  1.88534e-05  1.42171e-02  1.78982e-03
 -2.52000e-02  1.96731e-05  1.50905e-02  2.29066e-03
 -2.52000e-02  2.04928e-05  1.59836e-02  2.81355e-03

 -2.40000e-02  0.00000e+00 -1.21155e-03 -4.05517e-03
 -2.40000e-02  8.19713e-07 -7.93521e-04 -3.98742e-03
 -2.40000e-02  1.63943e-06 -3.59498e-04 -3.90437e-03
 -2.40000e-02  2.45914e-06  9.06777e-05 -3.80573e-03
 -2.40000e-02  3.27885e-06  5.57168e-04 -3.69121e-03
 -2.40000e-02  4.09856e-06  1.04013e-03 -3.56053e-03
 -2.40000e-02  4.91828e-06  1.53973e-03 -3.41338e-03
 -2.40000e-02  5.73799e-06  2.05613e-03 -3.24948e-03
 -2.40000e-02  6.55770e-06  2.58949e-03 -3.06854e-03
 -2.40000e-02  7.37741e-06  3.13997e-03 -2.87027e-03
 -2.40000e-02  8.19713e-06  3.70773e-03 -2.65436e-03
 -2.40000e-02  9.01684e-06  4.29294e-03 -2.42055e-03
 -2.40000e-02  9.83655e-06  4.89575e-03 -2.16852e-03
 -2.40000e-02  1.06563e-05  5.51632e-03 -1.89799e-03
 -2.40000e-02  1.14760e-05  6.15482e-03 -1.60868e-03
 -2.40000e-02  1.22957e-05  6.81141e-03 -1.30028e-03
 -2.40000e-02  1.31154e-05  7.48625e-03 -9.72506e-04
 -2.40000e-02  1.39351e-05  8.17950e-03 -6.25068e-04
 -2.40000e-02  1.47548e-05  8.89133e-03 -2.57674e-04
 -2.40000e-02  1.55745e-05  9.62188e-03  1.29968e-04
 -2.40000e-02  1.63943e-05  1.03713e-02  5.38149e-04
 -2.40000e-02  1.72140e-05  1.11398e-02  9.67159e-04
 -2.40000e-02  1.80337e-05  1.19276e-02  1.41729e-03
 -2.40000e-02  1.88534e-05  1.27347e-02  1.88884e-03
 -2.40000e-02  1.96731e-05  1.35613e-02  2.38209e-03
 -2.40000e-02  2.04928e-05  1.44077e-02  2.89733e-03

 -2.28000e-02  0.00000e+00 -1.52739e-03 -3.80178e-03
 -2.28000e-02  8.19713e-07 -1.15293e-03 -3.74002e-03
 -2.28000e-02  1.63943e-06 -7.62504e-04 -3.66302e-03
 -2.28000e-02  2.45914e-06 -3.55964e-04 -3.57049e-03
 -2.28000e-02  3.27885e-06  6.68561e-05 -3.46214e-03
 -2.28000e-02  4.09856e-06  5.06116e-04 -3.33768e-03
 -2.28000e-02  4.91828e-06  9.61979e-04 -3.19681e-03
 -2.28000e-02  5.73799e-06  1.43460e-03 -3.03925e-03
 -2.28000e-02  6.55770e-06  1.92415e-03 -2.86470e-03
 -2.28000e-02  7.37741e-06  2.43079e-03 -2.67288e-03
 -2.28000e-02  8.19713e-06  2.95467e-03 -2.46348e-03
 -2.28000e-02  9.01684e-06  3.49596e-03 -2.23622e-03
 -2.28000e-02  9.83655e-06  4.05482e-03 -1.99082e-03
 -2.28000e-02  1.06563e-05  4.63141e-03 -1.72697e-03
 -2.28000e-02  1.14760e-05  5.22590e-03 -1.44438e-03
 -2.28000e-02  1.22957e-05  5.83843e-03 -1.14277e-03
 -2.28000e-02  1.31154e-05  6.46918e-03 -8.21841e-04
 -2.28000e-02  1.39351e-05  7.11831e-03 -4.81304e-04
 -2.28000e-02  1.47548e-05  7.78598e-03 -1.20868e-04
 -2.28000e-02  1.55745e-05  8.47234e-03  2.59760e-04
 -2.28000e-02  1.63943e-05  9.17756e-03  6.60870e-04
 -2.28000e-02  1.72140e-05  9.90181e-03  1.08275e-03
 -2.28000e-02  1.80337e-05  1.06452e-02  1.52570e-03
 -2.28000e-02  1.88534e-05  1.14080e-02  1.99001e-03
 -2.28000e-02  1.96731e-05  1.21903e-02  2.47596e-03
 -2.28000e-02  2.04928e-05  1.29922e-02  2.98385e-03

 -2.16000e-02  0.00000e+00 -1.75617e-03 -3.55477e-03
 -2.16000e-02  8.19713e-07 -1.42292e-03 -3.49861e-03
 -2.16000e-02  1.63943e-06 -1.07375e-03 -3.42728e-03
 -2.16000e-02  2.45914e-06 -7.08512e-04 -3.34047e-03
 -2.16000e-02  3.27885e-06 -3.27034e-04 -3.23791e-03
 -2.16000e-02  4.09856e-06  7.08438e-05 -3.11930e-03
 -2.16000e-02  4.91828e-06  4.85282e-04 -2.98435e-03
 -2.16000e-02  5.73799e-06  9.16441e-04 -2.83276e-03
 -2.16000e-02  6.55770e-06  1.36448e-03 -2.66425e-03
 -2.16000e-02  7.37741e-06  1.82957e-03 -2.47853e-03
 -2.16000e-02  8.19713e-06  2.31186e-03 -2.27530e-03
 -2.16000e-02  9.01684e-06  2.81152e-03 -2.05427e-03
 -2.16000e-02  9.83655e-06  3.32871e-03 -1.81516e-03
 -2.16000e-02  1.06563e-05  3.86358e-03 -1.55766e-03
 -2.16000e-02  1.14760e-05  4.41631e-03 -1.28149e-03
 -2.16000e-02  1.22957e-05  4.98705e-03 -9.86359e-04
 -2.16000e-02  1.31154e-05  5.57596e-03 -6.71974e-04
 -2.16000e-02  1.39351e-05  6.18321e-03 -3.38043e-04
 -2.16000e-02  1.47548e-05  6.80895e-03  1.57244e-05
 -2.16000e-02  1.55745e-05  7.45335e-03  3.89620e-04
 -2.16000e-02  1.63943e-05  8.11657e-03  7.83936e-04
 -2.16000e-02  1.72140e-05  8.79877e-03  1.19896e-03
 -2.16000e-02  1.80337e-05  9.50011e-03  1.63499e-03
 -2.16000e-02  1.88534e-05  1.02207e-02  2.09231e-03
 -2.16000e-02  1.96731e-05  1.09609e-02  2.57122e-03
 -2.16000e-02  2.04928e-05  1.17206e-02  3.07200e-03

 -2.04000e-02  0.00000e+00 -1.90985e-03 -3.31403e-03
 -2.04000e-02  8.19713e-07 -1.61560e-03 -3.26311e-03
 -2.04000e-02  1.63943e-06 -1.30549e-03 -3.19709e-03
 -2.04000e-02  2.45914e-06 -9.79342e-04 -3.11568e-03
 -2.04000e-02  3.27885e-06 -6.37008e-04 -3.01857e-03
 -2.04000e-02  4.09856e-06 -2.78322e-04 -2.90548e-03
 -2.04000e-02  4.91828e-06  9.68758e-05 -2.77612e-03
 -2.04000e-02  5.73799e-06  4.88747e-04 -2.63020e-03
 -2.04000e-02  6.55770e-06  8.97453e-04 -2.46743e-03
 -2.04000e-02  7.37741e-06  1.32316e-03 -2.28751e-03
 -2.04000e-02  8.19713e-06  1.76601e-03 -2.09015e-03
 -2.04000e-02  9.01684e-06  2.22619e-03 -1.87506e-03
 -2.04000e-02  9.83655e-06  2.70385e-03 -1.64195e-03
 -2.04000e-02  1.06563e-05  3.19915e-03 -1.39054e-03
 -2.04000e-02  1.14760e-05  3.71225e-03 -1.12052e-03
 -2.04000e-02  1.22957e-05  4.24332e-03 -8.31604e-04
 -2.04000e-02  1.31154e-05  4.79251e-03 -5.23506e-04
 -2.04000e-02  1.39351e-05  5.35999e-03 -1.95932e-04
 -2.04000e-02  1.47548e-05  5.94591e-03  1.51410e-04
 -2.04000e-02  1.55745e-05  6.55044e-03  5.18810e-04
 -2.04000e-02  1.63943e-05  7.17375e-03  9.06561e-04
 -2.04000e-02  1.72140e-05  7.81598e-03  1.31495e-03
 -2.04000e-02  1.80337e-05  8.47731e-03  1.74428e-03
 -2.04000e-02  1.88534e-05  9.15790e-03  2.19483e-03
 -2.04000e-02  1.96731e-05  9.85790e-03  2.66689e-03
 -2.04000e-02  2.04928e-05  1.05775e-02  3.16076e-03

 -1.92000e-02  0.00000e+00 -1.99922e-03 -3.07938e-03
 -1.92000e-02  8.19713e-07 -1.74188e-03 -3.03340e-03
 -1.92000e-02  1.63943e-06 -1.46873e-03 -2.97240e-03
 -1.92000e-02  2.45914e-06 -1.17960e-03 -2.89607e-03
 -1.92000e-02  3.27885e-06 -8.74334e-04 -2.80413e-03
 -1.92000e-02  4.09856e-06 -5.52775e-04 -2.69629e-03
 -1.92000e-02  4.91828e-06 -2.14758e-04 -2.57225e-03
 -1.92000e-02  5.73799e-06  1.39877e-04 -2.43172e-03
 -1.92000e-02  6.55770e-06  5.11293e-04 -2.27441e-03
 -1.92000e-02  7.37741e-06  8.99649e-04 -2.10003e-03
 -1.92000e-02  8.19713e-06  1.30511e-03 -1.90830e-03
 -1.92000e-02  9.01684e-06  1.72783e-03 -1.69891e-03
 -1.92000e-02  9.83655e-06  2.16798e-03 -1.47157e-03
 -1.92000e-02  1.06563e-05  2.62571e-03 -1.22600e-03
 -1.92000e-02  1.14760e-05  3.10120e-03 -9.61907e-04
 -1.92000e-02  1.22957e-05  3.59459e-03 -6.78993e-04
 -1.92000e-02  1.31154e-05  4.10605e-03 -3.76971e-04
 -1.92000e-02  1.39351e-05  4.63574e-03 -5.55472e-05
 -1.92000e-02  1.47548e-05  5.18383e-03  2.85568e-04
 -1.92000e-02  1.55745e-05  5.75047e-03  6.46666e-04
 -1.92000e-02  1.63943e-05  6.33582e-03  1.02804e-03
 -1.92000e-02  1.72140e-05  6.94006e-03  1.42998e-03
 -1.92000e-02  1.80337e-05  7.56333e-03  1.85277e-03
 -1.92000e-02  1.88534e-05  8.20580e-03  2.29672e-03
 -1.92000e-02  1.96731e-05  8.86763e-03  2.76210e-03
 -1.92000e-02  2.04928e-05  9.54898e-03  3.24921e-03

 -1.80000e-02  0.00000e+00 -2.03391e-03 -2.85065e-03
 -1.80000e-02  8.19713e-07 -1.81150e-03 -2.80935e-03
 -1.80000e-02  1.63943e-06 -1.57334e-03 -2.75309e-03
 -1.80000e-02  2.45914e-06 -1.31927e-03 -2.68160e-03
 -1.80000e-02  3.27885e-06 -1.04913e-03 -2.59458e-03
 -1.80000e-02  4.09856e-06 -7.62754e-04 -2.49174e-03
 -1.80000e-02  4.91828e-06 -4.59981e-04 -2.37278e-03
 -1.80000e-02  5.73799e-06 -1.40651e-04 -2.23741e-03
 -1.80000e-02  6.55770e-06  1.95398e-04 -2.08535e-03
 -1.80000e-02  7.37741e-06  5.48327e-04 -1.91630e-03
 -1.80000e-02  8.19713e-06  9.18297e-04 -1.72998e-03
 -1.80000e-02  9.01684e-06  1.30547e-03 -1.52608e-03
 -1.80000e-02  9.83655e-06  1.71001e-03 -1.30432e-03
 -1.80000e-02  1.06563e-05  2.13207e-03 -1.06441e-03
 -1.80000e-02  1.14760e-05  2.57181e-03 -8.06052e-04
 -1.80000e-02  1.22957e-05  3.02941e-03 -5.28959e-04
 -1.80000e-02  1.31154e-05  3.50501e-03 -2.32840e-04
 -1.80000e-02  1.39351e-05  3.99879e-03  8.25981e-05
 -1.80000e-02  1.47548e-05  4.51089e-03  4.17646e-04
 -1.80000e-02  1.55745e-05  5.04149e-03  7.72594e-04
 -1.80000e-02  1.63943e-05  5.59074e-03  1.14773e-03
 -1.80000e-02  1.72140e-05  6.15881e-03  1.54336e-03
 -1.80000e-02  1.80337e-05  6.74585e-03  1.95976e-03
 -1.80000e-02  1.88534e-05  7.35204e-03  2.39722e-03
 -1.80000e-02  1.96731e-05  7.97752e-03  2.85605e-03
 -1.80000e-02  2.04928e-05  8.62246e-03  3.33652e-03

 -1.68000e-02  0.00000e+00 -2.02250e-03 -2.62765e-03
 -1.68000e-02  8.19713e-07 -1.83318e-03 -2.59079e-03
 -1.68000e-02  1.63943e-06 -1.62817e-03 -2.53906e-03
 -1.68000e-02  2.45914e-06 -1.40732e-03 -2.47219e-03
 -1.68000e-02  3.27885e-06 -1.17046e-03 -2.38988e-03
 -1.68000e-02  4.09856e-06 -9.17436e-04 -2.29183e-03
 -1.68000e-02  4.91828e-06 -6.48084e-04 -2.17775e-03
 -1.68000e-02  5.73799e-06 -3.62243e-04 -2.04736e-03
 -1.68000e-02  6.55770e-06 -5.97523e-05 -1.90036e-03
 -1.68000e-02  7.37741e-06  2.59551e-04 -1.73647e-03
 -1.68000e-02  8.19713e-06  5.95826e-04 -1.55538e-03
 -1.68000e-02  9.01684e-06  9.49237e-04 -1.35681e-03
 -1.68000e-02  9.83655e-06  1.31994e-03 -1.14046e-03
 -1.68000e-02  1.06563e-05  1.70810e-03 -9.06054e-04
 -1.68000e-02  1.14760e-05  2.11389e-03 -6.53290e-04
 -1.68000e-02  1.22957e-05  2.53745e-03 -3.81878e-04
 -1.68000e-02  1.31154e-05  2.97895e-03 -9.15285e-05
 -1.68000e-02  1.39351e-05  3.43855e-03  2.18051e-04
 -1.68000e-02  1.47548e-05  3.91642e-03  5.47152e-04
 -1.68000e-02  1.55745e-05  4.41271e-03  8.96065e-04
 -1.68000e-02  1.63943e-05  4.92759e-03  1.26508e-03
 -1.68000e-02  1.72140e-05  5.46121e-03  1.65449e-03
 -1.68000e-02  1.80337e-05  6.01374e-03  2.06459e-03
 -1.68000e-02  1.88534e-05  6.58535e-03  2.49567e-03
 -1.68000e-02  1.96731e-05  7.17618e-03  2.94801e-03
 -1.68000e-02  2.04928e-05  7.78641e-03  3.42192e-03

 -1.56000e-02  0.00000e+00 -1.97264e-03 -2.41017e-03
 -1.56000e-02  8.19713e-07 -1.81465e-03 -2.37756e-03
 -1.56000e-02  1.63943e-06 -1.64106e-03 -2.33018e-03
 -1.56000e-02  2.45914e-06 -1.45169e-03 -2.26774e-03
 -1.56000e-02  3.27885e-06 -1.24640e-03 -2.18996e-03
 -1.56000e-02  4.09856e-06 -1.02501e-03 -2.09654e-03
 -1.56000e-02  4.91828e-06 -7.87369e-04 -1.98718e-03
 -1.56000e-02  5.73799e-06 -5.33314e-04 -1.86161e-03
 -1.56000e-02  6.55770e-06 -2.62684e-04 -1.71952e-03
 -1.56000e-02  7.37741e-06  2.46836e-05 -1.56063e-03
 -1.56000e-02  8.19713e-06  3.28949e-04 -1.38464e-03
 -1.56000e-02  9.01684e-06  6.50275e-04 -1.19127e-03
 -1.56000e-02  9.83655e-06  9.88821e-04 -9.80218e-04
 -1.56000e-02  1.06563e-05  1.34475e-03 -7.51196e-04
 -1.56000e-02  1.14760e-05  1.71822e-03 -5.03913e-04
 -1.56000e-02  1.22957e-05  2.10940e-03 -2.38078e-04
 -1.56000e-02  1.31154e-05  2.51844e-03  4.66002e-05
 -1.56000e-02  1.39351e-05  2.94551e-03  3.50414e-04
 -1.56000e-02  1.47548e-05  3.39077e-03  6.73653e-04
 -1.56000e-02  1.55745e-05  3.85438e-03  1.01661e-03
 -1.56000e-02  1.63943e-05  4.33650e-03  1.37958e-03
 -1.56000e-02  1.72140e-05  4.83729e-03  1.76284e-03
 -1.56000e-02  1.80337e-05  5.35692e-03  2.16670e-03
 -1.56000e-02  1.88534e-05  5.89554e-03  2.59144e-03
 -1.56000e-02  1.96731e-05  6.45331e-03  3.03735e-03
 -1.56000e-02  2.04928e-05  7.03041e-03  3.50473e-03

 -1.44000e-02  0.00000e+00 -1.89108e-03 -2.19802e-03
 -1.44000e-02  8.19713e-07 -1.76279e-03 -2.16949e-03
 -1.44000e-02  1.63943e-06 -1.61898e-03 -2.12630e-03
 -1.44000e-02  2.45914e-06 -1.45948e-03 -2.06815e-03
 -1.44000e-02  3.27885e-06 -1.28413e-03 -1.99475e-03
 -1.44000e-02  4.09856e-06 -1.09276e-03 -1.90582e-03
 -1.44000e-02  4.91828e-06 -8.85230e-04 -1.80106e-03
 -1.44000e-02  5.73799e-06 -6.61363e-04 -1.68018e-03
 -1.44000e-02  6.55770e-06 -4.21003e-04 -1.54289e-03
 -1.44000e-02  7.37741e-06 -1.63986e-04 -1.38889e-03
 -1.44000e-02  8.19713e-06  1.09847e-04 -1.21790e-03
 -1.44000e-02  9.01684e-06  4.00658e-04 -1.02963e-03
 -1.44000e-02  9.83655e-06  7.08609e-04 -8.23773e-04
 -1.44000e-02  1.06563e-05  1.03386e-03 -6.00053e-04
 -1.44000e-02  1.14760e-05  1.37657e-03 -3.58172e-04
 -1.44000e-02  1.22957e-05  1.73691e-03 -9.78413e-05
 -1.44000e-02  1.31154e-05  2.11503e-03  1.81232e-04
 -1.44000e-02  1.39351e-05  2.51110e-03  4.79339e-04
 -1.44000e-02  1.47548e-05  2.92527e-03  7.96770e-04
 -1.44000e-02  1.55745e-05  3.35772e-03  1.13382e-03
 -1.44000e-02  1.63943e-05  3.80859e-03  1.49077e-03
 -1.44000e-02  1.72140e-05  4.27806e-03  1.86793e-03
 -1.44000e-02  1.80337e-05  4.76627e-03  2.26557e-03
 -1.44000e-02  1.88534e-05  5.27340e-03  2.68400e-03
 -1.44000e-02  1.96731e-05  5.79961e-03  3.12350e-03
 -1.44000e-02  2.04928e-05  6.34505e-03  3.58436e-03

 -1.32000e-02  0.00000e+00 -1.78377e-03 -1.99098e-03
 -1.32000e-02  8.19713e-07 -1.68365e-03 -1.96640e-03
 -1.32000e-02  1.63943e-06 -1.56809e-03 -1.92727e-03
 -1.32000e-02  2.45914e-06 -1.43692e-03 -1.87329e-03
 -1.32000e-02  3.27885e-06 -1.29000e-03 -1.80417e-03
 -1.32000e-02  4.09856e-06 -1.12716e-03 -1.71962e-03
 -1.32000e-02  4.91828e-06 -9.48226e-04 -1.61935e-03
 -1.32000e-02  5.73799e-06 -7.53052e-04 -1.50307e-03
 -1.32000e-02  6.55770e-06 -5.41472e-04 -1.37049e-03
 -1.32000e-02  7.37741e-06 -3.13324e-04 -1.22131e-03
 -1.32000e-02  8.19713e-06 -6.84473e-05 -1.05524e-03
 -1.32000e-02  9.01684e-06  1.93319e-04 -8.71993e-04
 -1.32000e-02  9.83655e-06  4.72138e-04 -6.71278e-04
 -1.32000e-02  1.06563e-05  7.68168e-04 -4.52804e-04
 -1.32000e-02  1.14760e-05  1.08157e-03 -2.16277e-04
 -1.32000e-02  1.22957e-05  1.41251e-03  3.85928e-05
 -1.32000e-02  1.31154e-05  1.76115e-03  3.12097e-04
 -1.32000e-02  1.39351e-05  2.12764e-03  6.04527e-04
 -1.32000e-02  1.47548e-05  2.51216e-03  9.16174e-04
 -1.32000e-02  1.55745e-05  2.91485e-03  1.24733e-03
 -1.32000e-02  1.63943e-05  3.33589e-03  1.59828e-03
 -1.32000e-02  1.72140e-05  3.77543e-03  1.96933e-03
 -1.32000e-02  1.80337e-05  4.23363e-03  2.36076e-03
 -1.32000e-02  1.88534e-05  4.71066e-03  2.77286e-03
 -1.32000e-02  1.96731e-05  5.20668e-03  3.20593e-03
 -1.32000e-02  2.04928e-05  5.72184e-03  3.66025e-03

 -1.20000e-02  0.00000e+00 -1.65594e-03 -1.78885e-03
 -1.20000e-02  8.19713e-07 -1.58254e-03 -1.76812e-03
 -1.20000e-02  1.63943e-06 -1.49379e-03 -1.73295e-03
 -1.20000e-02  2.45914e-06 -1.38955e-03 -1.68304e-03
 -1.20000e-02  3.27885e-06 -1.26963e-03 -1.61812e-03
 -1.20000e-02  4.09856e-06 -1.13389e-03 -1.53787e-03
 -1.20000e-02  4.91828e-06 -9.82158e-04 -1.44202e-03
 -1.20000e-02  5.73799e-06 -8.14277e-04 -1.33027e-03
 -1.20000e-02  6.55770e-06 -6.30084e-04 -1.20233e-03
 -1.20000e-02  7.37741e-06 -4.29419e-04 -1.05791e-03
 -1.20000e-02  8.19713e-06 -2.12119e-04 -8.96721e-04
 -1.20000e-02  9.01684e-06  2.19756e-05 -7.18465e-04
 -1.20000e-02  9.83655e-06  2.73027e-04 -5.22854e-04
 -1.20000e-02  1.06563e-05  5.41197e-04 -3.09597e-04
 -1.20000e-02  1.14760e-05  8.26646e-04 -7.84022e-05
 -1.20000e-02  1.22957e-05  1.12954e-03  1.71022e-04
 -1.20000e-02  1.31154e-05  1.45003e-03  4.38966e-04
 -1.20000e-02  1.39351e-05  1.78828e-03  7.25721e-04
 -1.20000e-02  1.47548e-05  2.14446e-03  1.03158e-03
 -1.20000e-02  1.55745e-05  2.51872e-03  1.35683e-03
 -1.20000e-02  1.63943e-05  2.91124e-03  1.70177e-03
 -1.20000e-02  1.72140e-05  3.32216e-03  2.06669e-03
 -1.20000e-02  1.80337e-05  3.75165e-03  2.45187e-03
 -1.20000e-02  1.88534e-05  4.19987e-03  2.85761e-03
 -1.20000e-02  1.96731e-05  4.66698e-03  3.28421e-03
 -1.20000e-02  2.04928e-05  5.15315e-03  3.73194e-03

 -1.08000e-02  0.00000e+00 -1.51213e-03 -1.59142e-03
 -1.08000e-02  8.19713e-07 -1.46410e-03 -1.57446e-03
 -1.08000e-02  1.63943e-06 -1.40084e-03 -1.54318e-03
 -1.08000e-02  2.45914e-06 -1.32217e-03 -1.49728e-03
 -1.08000e-02  3.27885e-06 -1.22794e-03 -1.43649e-03
 -1.08000e-02  4.09856e-06 -1.11798e-03 -1.36049e-03
 -1.08000e-02  4.91828e-06 -9.92133e-04 -1.26901e-03
 -1.08000e-02  5.73799e-06 -8.50237e-04 -1.16175e-03
 -1.08000e-02  6.55770e-06 -6.92131e-04 -1.03842e-03
 -1.08000e-02  7.37741e-06 -5.17654e-04 -8.98736e-04
 -1.08000e-02  8.19713e-06 -3.26644e-04 -7.42396e-04
 -1.08000e-02  9.01684e-06 -1.18940e-04 -5.69112e-04
 -1.08000e-02  9.83655e-06  1.05620e-04 -3.78595e-04
 -1.08000e-02  1.06563e-05  3.47196e-04 -1.70551e-04
 -1.08000e-02  1.14760e-05  6.05950e-04  5.53091e-05
 -1.08000e-02  1.22957e-05  8.82043e-04  2.99278e-04
 -1.08000e-02  1.31154e-05  1.17564e-03  5.61647e-04
 -1.08000e-02  1.39351e-05  1.48689e-03  8.42706e-04
 -1.08000e-02  1.47548e-05  1.81597e-03  1.14275e-03
 -1.08000e-02  1.55745e-05  2.16303e-03  1.46206e-03
 -1.08000e-02  1.63943e-05  2.52824e-03  1.80094e-03
 -1.08000e-02  1.72140e-05  2.91176e-03  2.15968e-03
 -1.08000e-02  1.80337e-05  3.31374e-03  2.53857e-03
 -1.08000e-02  1.88534e-05  3.73436e-03  2.93789e-03
 -1.08000e-02  1.96731e-05  4.17376e-03  3.35794e-03
 -1.08000e-02  2.04928e-05  4.63212e-03  3.79902e-03

 -9.60000e-03  0.00000e+00 -1.35630e-03 -1.39852e-03
 -9.60000e-03  8.19713e-07 -1.33240e-03 -1.38527e-03
 -9.60000e-03  1.63943e-06 -1.29336e-03 -1.35782e-03
 -9.60000e-03  2.45914e-06 -1.23902e-03 -1.31589e-03
 -9.60000e-03  3.27885e-06 -1.16923e-03 -1.25918e-03
 -9.60000e-03  4.09856e-06 -1.08382e-03 -1.18740e-03
 -9.60000e-03  4.91828e-06 -9.82630e-04 -1.10026e-03
 -9.60000e-03  5.73799e-06 -8.65499e-04 -9.97474e-04
 -9.60000e-03  6.55770e-06 -7.32266e-04 -8.78743e-04
 -9.60000e-03  7.37741e-06 -5.82769e-04 -7.43779e-04
 -9.60000e-03  8.19713e-06 -4.16848e-04 -5.92289e-04
 -9.60000e-03  9.01684e-06 -2.34341e-04 -4.23984e-04
 -9.60000e-03  9.83655e-06 -3.50863e-05 -2.38571e-04
 -9.60000e-03  1.06563e-05  1.81077e-04 -3.57589e-05
 -9.60000e-03  1.14760e-05  4.14310e-04  1.84743e-04
 -9.60000e-03  1.22957e-05  6.64774e-04  4.23226e-04
 -9.60000e-03  1.31154e-05  9.32631e-04  6.79983e-04
 -9.60000e-03  1.39351e-05  1.21804e-03  9.55303e-04
 -9.60000e-03  1.47548e-05  1.52117e-03  1.24948e-03
 -9.60000e-03  1.55745e-05  1.84217e-03  1.56280e-03
 -9.60000e-03  1.63943e-05  2.18121e-03  1.89556e-03
 -9.60000e-03  1.72140e-05  2.53845e-03  2.24805e-03
 -9.60000e-03  1.80337e-05  2.91405e-03  2.62056e-03
 -9.60000e-03  1.88534e-05  3.30817e-03  3.01338e-03
 -9.60000e-03  1.96731e-05  3.72097e-03  3.42681e-03
 -9.60000e-03  2.04928e-05  4.15262e-03  3.86113e-03

 -8.40000e-03  0.00000e+00 -1.19189e-03 -1.20996e-03
 -8.40000e-03  8.19713e-07 -1.19092e-03 -1.20038e-03
 -8.40000e-03  1.63943e-06 -1.17493e-03 -1.17673e-03
 -8.40000e-03  2.45914e-06 -1.14377e-03 -1.13873e-03
 -8.40000e-03  3.27885e-06 -1.09726e-03 -1.08609e-03
 -8.40000e-03  4.09856e-06 -1.03524e-03 -1.01852e-03
 -8.40000e-03  4.91828e-06 -9.57563e-04 -9.35713e-04
 -8.40000e-03  5.73799e-06 -8.64059e-04 -8.37393e-04
 -8.40000e-03  6.55770e-06 -7.54566e-04 -7.23263e-04
 -8.40000e-03  7.37741e-06 -6.28925e-04 -5.93034e-04
 -8.40000e-03  8.19713e-06 -4.86974e-04 -4.46413e-04
 -8.40000e-03  9.01684e-06 -3.28552e-04 -2.83109e-04
 -8.40000e-03  9.83655e-06 -1.53497e-04 -1.02831e-04
 -8.40000e-03  1.06563e-05  3.83519e-05  9.47122e-05
 -8.40000e-03  1.14760e-05  2.47156e-04  3.09812e-04
 -8.40000e-03  1.22957e-05  4.73077e-04  5.42760e-04
 -8.40000e-03  1.31154e-05  7.16276e-04  7.93848e-04
 -8.40000e-03  1.39351e-05  9.76913e-04  1.06337e-03
 -8.40000e-03  1.47548e-05  1.25515e-03  1.35161e-03
 -8.40000e-03  1.55745e-05  1.55115e-03  1.65886e-03
 -8.40000e-03  1.63943e-05  1.86507e-03  1.98542e-03
 -8.40000e-03  1.72140e-05  2.19708e-03  2.33157e-03
 -8.40000e-03  1.80337e-05  2.54734e-03  2.69761e-03
 -8.40000e-03  1.88534e-05  2.91600e-03  3.08383e-03
 -8.40000e-03  1.96731e-05  3.30322e-03  3.49053e-03
 -8.40000e-03  2.04928e-05  3.70918e-03  3.91798e-03

 -7.20000e-03  0.00000e+00 -1.02182e-03 -1.02558e-03
 -7.20000e-03  8.19713e-07 -1.04269e-03 -1.01964e-03
 -7.20000e-03  1.63943e-06 -1.04866e-03 -9.99780e-04
 -7.20000e-03  2.45914e-06 -1.03957e-03 -9.65705e-04
 -7.20000e-03  3.27885e-06 -1.01526e-03 -9.17127e-04
 -7.20000e-03  4.09856e-06 -9.75573e-04 -8.53754e-04
 -7.20000e-03  4.91828e-06 -9.20338e-04 -7.75294e-04
 -7.20000e-03  5.73799e-06 -8.49399e-04 -6.81457e-04
 -7.20000e-03  6.55770e-06 -7.62593e-04 -5.71950e-04
 -7.20000e-03  7.37741e-06 -6.59759e-04 -4.46483e-04
 -7.20000e-03  8.19713e-06 -5.40737e-04 -3.04765e-04
 -7.20000e-03  9.01684e-06 -4.05365e-04 -1.46503e-04
 -7.20000e-03  9.83655e-06 -2.53481e-04  2.85931e-05
 -7.20000e-03  1.06563e-05 -8.49251e-05  2.20815e-04
 -7.20000e-03  1.14760e-05  1.00465e-04  4.30453e-04
 -7.20000e-03  1.22957e-05  3.02850e-04  6.57800e-04
 -7.20000e-03  1.31154e-05  5.22392e-04  9.03147e-04
 -7.20000e-03  1.39351e-05  7.59252e-04  1.16678e-03
 -7.20000e-03  1.47548e-05  1.01359e-03  1.44900e-03
 -7.20000e-03  1.55745e-05  1.28557e-03  1.75010e-03
 -7.20000e-03  1.63943e-05  1.57535e-03  2.07036e-03
 -7.20000e-03  1.72140e-05  1.88310e-03  2.41007e-03
 -7.20000e-03  1.80337e-05  2.20896e-03  2.76953e-03
 -7.20000e-03  1.88534e-05  2.55312e-03  3.14903e-03
 -7.20000e-03  1.96731e-05  2.91572e-03  3.54886e-03
 -7.20000e-03  2.04928e-05  3.29693e-03  3.96932e-03

 -6.00000e-03  0.00000e+00 -8.48620e-04 -8.45229e-04
 -6.00000e-03  8.19713e-07 -8.90298e-04 -8.42923e-04
 -6.00000e-03  1.63943e-06 -9.17206e-04 -8.26841e-04
 -6.00000e-03  2.45914e-06 -9.29182e-04 -7.96693e-04
 -6.00000e-03  3.27885e-06 -9.26065e-04 -7.52188e-04
 -6.00000e-03  4.09856e-06 -9.07693e-04 -6.93034e-04
 -6.00000e-03  4.91828e-06 -8.73906e-04 -6.18939e-04
 -6.00000e-03  5.73799e-06 -8.24543e-04 -5.29613e-04
 -6.00000e-03  6.55770e-06 -7.59440e-04 -4.24764e-04
 -6.00000e-03  7.37741e-06 -6.78439e-04 -3.04101e-04
 -6.00000e-03  8.19713e-06 -5.81377e-04 -1.67332e-04
 -6.00000e-03  9.01684e-06 -4.68092e-04 -1.41663e-05
 -6.00000e-03  9.83655e-06 -3.38424e-04  1.55687e-04
 -6.00000e-03  1.06563e-05 -1.92212e-04  3.42521e-04
 -6.00000e-03  1.14760e-05 -2.92933e-05  5.46625e-04
 -6.00000e-03  1.22957e-05  1.50492e-04  7.68291e-04
 -6.00000e-03  1.31154e-05  3.47307e-04  1.00781e-03
 -6.00000e-03  1.39351e-05  5.61311e-04  1.26548e-03
 -6.00000e-03  1.47548e-05  7.92666e-04  1.54158e-03
 -6.00000e-03  1.55745e-05  1.04153e-03  1.83640e-03
 -6.00000e-03  1.63943e-05  1.30808e-03  2.15025e-03
 -6.00000e-03  1.72140e-05  1.59245e-03  2.48341e-03
 -6.00000e-03  1.80337e-05  1.89483e-03  2.83617e-03
 -6.00000e-03  1.88534e-05  2.21536e-03  3.20882e-03
 -6.00000e-03  1.96731e-05  2.55421e-03  3.60165e-03
 -6.00000e-03  2.04928e-05  2.91154e-03  4.01496e-03

 -4.80000e-03  0.00000e+00 -6.74429e-04 -6.68773e-04
 -4.80000e-03  8.19713e-07 -7.35954e-04 -6.70101e-04
 -4.80000e-03  1.63943e-06 -7.82843e-04 -6.57808e-04
 -4.80000e-03  2.45914e-06 -8.14934e-04 -6.31600e-04
 -4.80000e-03  3.27885e-06 -8.32068e-04 -5.91187e-04
 -4.80000e-03  4.09856e-06 -8.34082e-04 -5.36279e-04
 -4.80000e-03  4.91828e-06 -8.20814e-04 -4.66582e-04
 -4.80000e-03  5.73799e-06 -7.92105e-04 -3.81806e-04
 -4.80000e-03  6.55770e-06 -7.47792e-04 -2.81661e-04
 -4.80000e-03  7.37741e-06 -6.87714e-04 -1.65853e-04
 -4.80000e-03  8.19713e-06 -6.11710e-04 -3.40926e-05
 -4.80000e-03  9.01684e-06 -5.19619e-04  1.13912e-04
 -4.80000e-03  9.83655e-06 -4.11278e-04  2.78452e-04
 -4.80000e-03  1.06563e-05 -2.86528e-04  4.59820e-04
 -4.80000e-03  1.14760e-05 -1.45206e-04  6.58305e-04
 -4.80000e-03  1.22957e-05  1.28481e-05  8.74200e-04
 -4.80000e-03  1.31154e-05  1.87796e-04  1.10780e-03
 -4.80000e-03  1.39351e-05  3.79800e-04  1.35938e-03
 -4.80000e-03  1.47548e-05  5.89020e-04  1.62926e-03
 -4.80000e-03  1.55745e-05  8.15618e-04  1.91770e-03
 -4.80000e-03  1.63943e-05  1.05976e-03  2.22501e-03
 -4.80000e-03  1.72140e-05  1.32159e-03  2.55148e-03
 -4.80000e-03  1.80337e-05  1.60129e-03  2.89740e-03
 -4.80000e-03  1.88534e-05  1.89901e-03  3.26306e-03
 -4.80000e-03  1.96731e-05  2.21492e-03  3.64875e-03
 -4.80000e-03  2.04928e-05  2.54917e-03  4.05477e-03

 -3.60000e-03  0.00000e+00 -5.01060e-04 -4.96102e-04
 -3.60000e-03  8.19713e-07 -5.81533e-04 -5.01075e-04
 -3.60000e-03  1.63943e-06 -6.47511e-04 -4.92584e-04
 -3.60000e-03  2.45914e-06 -6.98834e-04 -4.70338e-04
 -3.60000e-03  3.27885e-06 -7.35339e-04 -4.34047e-04
 -3.60000e-03  4.09856e-06 -7.56866e-04 -3.83418e-04
 -3.60000e-03  4.91828e-06 -7.63253e-04 -3.18161e-04
 -3.60000e-03  5.73799e-06 -7.54339e-04 -2.37983e-04
 -3.60000e-03  6.55770e-06 -7.29963e-04 -1.42594e-04
 -3.60000e-03  7.37741e-06 -6.89963e-04 -3.17025e-05
 -3.60000e-03  8.19713e-06 -6.34179e-04  9.49831e-05
 -3.60000e-03  9.01684e-06 -5.62448e-04  2.37754e-04
 -3.60000e-03  9.83655e-06 -4.74609e-04  3.96901e-04
 -3.60000e-03  1.06563e-05 -3.70502e-04  5.72717e-04
 -3.60000e-03  1.14760e-05 -2.49965e-04  7.65491e-04
 -3.60000e-03  1.22957e-05 -1.12837e-04  9.75516e-04
 -3.60000e-03  1.31154e-05  4.10447e-05  1.20308e-03
 -3.60000e-03  1.39351e-05  2.11840e-04  1.44848e-03
 -3.60000e-03  1.47548e-05  3.99710e-04  1.71201e-03
 -3.60000e-03  1.55745e-05  6.04817e-04  1.99395e-03
 -3.60000e-03  1.63943e-05  8.27322e-04  2.29460e-03
 -3.60000e-03  1.72140e-05  1.06739e-03  2.61424e-03
 -3.60000e-03  1.80337e-05  1.32517e-03  2.95318e-03
 -3.60000e-03  1.88534e-05  1.60084e-03  3.31170e-03
 -3.60000e-03  1.96731e-05  1.89455e-03  3.69009e-03
 -3.60000e-03  2.04928e-05  2.20646e-03  4.08864e-03

 -2.40000e-03  0.00000e+00 -3.30044e-04 -3.27126e-04
 -2.40000e-03  8.19713e-07 -4.28624e-04 -3.35757e-04
 -2.40000e-03  1.63943e-06 -5.12857e-04 -3.31090e-04
 -2.40000e-03  2.45914e-06 -5.82582e-04 -3.12834e-04
 -2.40000e-03  3.27885e-06 -6.37639e-04 -2.80697e-04
 -2.40000e-03  4.09856e-06 -6.77864e-04 -2.34388e-04
 -2.40000e-03  4.91828e-06 -7.03098e-04 -1.73616e-04
 -2.40000e-03  5.73799e-06 -7.13179e-04 -9.80896e-05
 -2.40000e-03  6.55770e-06 -7.07945e-04 -7.51692e-06
 -2.40000e-03  7.37741e-06 -6.87236e-04  9.83930e-05
 -2.40000e-03  8.19713e-06 -6.50890e-04  2.19932e-04
 -2.40000e-03  9.01684e-06 -5.98745e-04  3.57390e-04
 -2.40000e-03  9.83655e-06 -5.30641e-04  5.11060e-04
 -2.40000e-03  1.06563e-05 -4.46416e-04  6.81232e-04
 -2.40000e-03  1.14760e-05 -3.45909e-04  8.68198e-04
 -2.40000e-03  1.22957e-05 -2.28958e-04  1.07225e-03
 -2.40000e-03  1.31154e-05 -9.54030e-05  1.29368e-03
 -2.40000e-03  1.39351e-05  5.49184e-05  1.53277e-03
 -2.40000e-03  1.47548e-05  2.22167e-04  1.78983e-03
 -2.40000e-03  1.55745e-05  4.06505e-04  2.06513e-03
 -2.40000e-03  1.63943e-05  6.08092e-04  2.35898e-03
 -2.40000e-03  1.72140e-05  8.27090e-04  2.67166e-03
 -2.40000e-03  1.80337e-05  1.06366e-03  3.00346e-03
 -2.40000e-03  1.88534e-05  1.31797e-03  3.35468e-03
 -2.40000e-03  1.96731e-05  1.59017e-03  3.72561e-03
 -2.40000e-03  2.04928e-05  1.88042e-03  4.11654e-03

 -1.20000e-03  0.00000e+00 -1.62666e-04 -1.61774e-04
 -1.20000e-03  8.19713e-07 -2.78564e-04 -1.74081e-04
 -1.20000e-03  1.63943e-06 -3.80271e-04 -1.73262e-04
 -1.20000e-03  2.45914e-06 -4.67625e-04 -1.59025e-04
 -1.20000e-03  3.27885e-06 -5.40464e-04 -1.31080e-04
 -1.20000e-03  4.09856e-06 -5.98627e-04 -8.91337e-05
 -1.20000e-03  4.91828e-06 -6.41952e-04 -3.28963e-05
 -1.20000e-03  5.73799e-06 -6.70280e-04  3.79239e-05
 -1.20000e-03  6.55770e-06 -6.83447e-04  1.23618e-04
 -1.20000e-03  7.37741e-06 -6.81293e-04  2.24478e-04
 -1.20000e-03  8.19713e-06 -6.63657e-04  3.40795e-04
 -1.20000e-03  9.01684e-06 -6.30378e-04  4.72859e-04
 -1.20000e-03  9.83655e-06 -5.81293e-04  6.20964e-04
 -1.20000e-03  1.06563e-05 -5.16242e-04  7.85399e-04
 -1.20000e-03  1.14760e-05 -4.35063e-04  9.66456e-04
 -1.20000e-03  1.22957e-05 -3.37596e-04  1.16443e-03
 -1.20000e-03  1.31154e-05 -2.23678e-04  1.37960e-03
 -1.20000e-03  1.39351e-05 -9.31492e-05  1.61227e-03
 -1.20000e-03  1.47548e-05  5.41527e-05  1.86273e-03
 -1.20000e-03  1.55745e-05  2.18389e-04  2.13127e-03
 -1.20000e-03  1.63943e-05  3.99720e-04  2.41818e-03
 -1.20000e-03  1.72140e-05  5.98308e-04  2.72374e-03
 -1.20000e-03  1.80337e-05  8.14314e-04  3.04827e-03
 -1.20000e-03  1.88534e-05  1.04790e-03  3.39203e-03
 -1.20000e-03  1.96731e-05  1.29923e-03  3.75533e-03
 -1.20000e-03  2.04928e-05  1.56845e-03  4.13846e-03

  0.00000e+00  0.00000e+00  0.00000e+00  0.00000e+00
  0.00000e+00  8.19713e-07 -1.32478e-04 -1.60001e-05
  0.00000e+00  1.63943e-06 -2.50925e-04 -1.90521e-05
  0.00000e+00  2.45914e-06 -3.55180e-04 -8.86478e-06
  0.00000e+00  3.27885e-06 -4.45082e-04  1.48532e-05
  0.00000e+00  4.09856e-06 -5.20469e-04  5.23932e-05
  0.00000e+00  4.91828e-06 -5.81180e-04  1.04047e-04
  0.00000e+00  5.73799e-06 -6.27054e-04  1.70105e-04
  0.00000e+00  6.55770e-06 -6.57929e-04  2.50858e-04
  0.00000e+00  7.37741e-06 -6.73644e-04  3.46600e-04
  0.00000e+00  8.19713e-06 -6.74039e-04  4.57619e-04
  0.00000e+00  9.01684e-06 -6.58950e-04  5.84209e-04
  0.00000e+00  9.83655e-06 -6.28218e-04  7.26660e-04
  0.00000e+00  1.06563e-05 -5.81681e-04  8.85264e-04
  0.00000e+00  1.14760e-05 -5.19178e-04  1.06031e-03
  0.00000e+00  1.22957e-05 -4.40547e-04  1.25209e-03
  0.00000e+00  1.31154e-05 -3.45626e-04  1.46090e-03
  0.00000e+00  1.39351e-05 -2.34256e-04  1.68703e-03
  0.00000e+00  1.47548e-05 -1.06274e-04  1.93077e-03
  0.00000e+00  1.55745e-05  3.84806e-05  2.19240e-03
  0.00000e+00  1.63943e-05  2.00169e-04  2.47223e-03
  0.00000e+00  1.72140e-05  3.78954e-04  2.77054e-03
  0.00000e+00  1.80337e-05  5.74995e-04  3.08763e-03
  0.00000e+00  1.88534e-05  7.88454e-04  3.42378e-03
  0.00000e+00  1.96731e-05  1.01949e-03  3.77929e-03
  0.00000e+00  2.04928e-05  1.26827e-03  4.15445e-03

  1.20000e-03  0.00000e+00  1.57053e-04  1.58222e-04
  1.20000e-03  8.19713e-07  8.69277e-06  1.38515e-04
  1.20000e-03  1.63943e-06 -1.25805e-04  1.31570e-04
  1.20000e-03  2.45914e-06 -2.46278e-04  1.37680e-04
  1.20000e-03  3.27885e-06 -3.52566e-04  1.57137e-04
  1.20000e-03  4.09856e-06 -4.44507e-04  1.90231e-04
  1.20000e-03  4.91828e-06 -5.21940e-04  2.37253e-04
  1.20000e-03  5.73799e-06 -5.84703e-04  2.98496e-04
  1.20000e-03  6.55770e-06 -6.32636e-04  3.74250e-04
  1.20000e-03  7.37741e-06 -6.65577e-04  4.64807e-04
  1.20000e-03  8.19713e-06 -6.83365e-04  5.70457e-04
  1.20000e-03  9.01684e-06 -6.85837e-04  6.91493e-04
  1.20000e-03  9.83655e-06 -6.72835e-04  8.28206e-04
  1.20000e-03  1.06563e-05 -6.44194e-04  9.80887e-04
  1.20000e-03  1.14760e-05 -5.99756e-04  1.14983e-03
  1.20000e-03  1.22957e-05 -5.39357e-04  1.33532e-03
  1.20000e-03  1.31154e-05 -4.62838e-04  1.53765e-03
  1.20000e-03  1.39351e-05 -3.70036e-04  1.75712e-03
  1.20000e-03  1.47548e-05 -2.60791e-04  1.99401e-03
  1.20000e-03  1.55745e-05 -1.34940e-04  2.24861e-03
  1.20000e-03  1.63943e-05  7.67654e-06  2.52122e-03
  1.20000e-03  1.72140e-05  1.67221e-04  2.81214e-03
  1.20000e-03  1.80337e-05  3.43854e-04  3.12164e-03
  1.20000e-03  1.88534e-05  5.37737e-04  3.45002e-03
  1.20000e-03  1.96731e-05  7.49032e-04  3.79758e-03
  1.20000e-03  2.04928e-05  9.77900e-04  4.16460e-03

  2.40000e-03  0.00000e+00  3.07743e-04  3.12896e-04
  2.40000e-03  8.19713e-07  1.44158e-04  2.89471e-04
  2.40000e-03  1.63943e-06 -5.73800e-06  2.78618e-04
  2.40000e-03  2.45914e-06 -1.41785e-04  2.80629e-04
  2.40000e-03  3.27885e-06 -2.63820e-04  2.95796e-04
  2.40000e-03  4.09856e-06 -3.71683e-04  3.24408e-04
  2.40000e-03  4.91828e-06 -4.65213e-04  3.66759e-04
  2.40000e-03  5.73799e-06 -5.44248e-04  4.23138e-04
  2.40000e-03  6.55770e-06 -6.08627e-04  4.93838e-04
  2.40000e-03  7.37741e-06 -6.58188e-04  5.79150e-04
  2.40000e-03  8.19713e-06 -6.92770e-04  6.79364e-04
  2.40000e-03  9.01684e-06 -7.12213e-04  7.94773e-04
  2.40000e-03  9.83655e-06 -7.16354e-04  9.25668e-04
  2.40000e-03  1.06563e-05 -7.05032e-04  1.07234e-03
  2.40000e-03  1.14760e-05 -6.78086e-04  1.23508e-03
  2.40000e-03  1.22957e-05 -6.35356e-04  1.41418e-03
  2.40000e-03  1.31154e-05 -5.76678e-04  1.60993e-03
  2.40000e-03  1.39351e-05 -5.01893e-04  1.82262e-03
  2.40000e-03  1.47548e-05 -4.10839e-04  2.05255e-03
  2.40000e-03  1.55745e-05 -3.03354e-04  2.30000e-03
  2.40000e-03  1.63943e-05 -1.79277e-04  2.56527e-03
  2.40000e-03  1.72140e-05 -3.84479e-05  2.84864e-03
  2.40000e-03  1.80337e-05  1.19296e-04  3.15041e-03
  2.40000e-03  1.88534e-05  2.94115e-04  3.47088e-03
  2.40000e-03  1.96731e-05  4.86172e-04  3.81032e-03
  2.40000e-03  2.04928e-05  6.95627e-04  4.16904e-03

  3.60000e-03  0.00000e+00  4.51440e-04  4.64000e-04
  3.60000e-03  8.19713e-07  2.73256e-04  4.36857e-04
  3.60000e-03  1.63943e-06  1.08579e-04  4.22088e-04
  3.60000e-03  2.45914e-06 -4.24288e-05  4.19986e-04
  3.60000e-03  3.27885e-06 -1.79607e-04  4.30842e-04
  3.60000e-03  4.09856e-06 -3.02795e-04  4.54947e-04
  3.60000e-03  4.91828e-06 -4.11829e-04  4.92592e-04
  3.60000e-03  5.73799e-06 -5.06551e-04  5.44069e-04
  3.60000e-03  6.55770e-06 -5.86797e-04  6.09668e-04
  3.60000e-03  7.37741e-06 -6.52407e-04  6.89682e-04
  3.60000e-03  8.19713e-06 -7.03219e-04  7.84402e-04
  3.60000e-03  9.01684e-06 -7.39073e-04  8.94118e-04
  3.60000e-03  9.83655e-06 -7.59806e-04  1.01912e-03
  3.60000e-03  1.06563e-05 -7.65258e-04  1.15971e-03
  3.60000e-03  1.14760e-05 -7.55267e-04  1.31616e-03
  3.60000e-03  1.22957e-05 -7.29672e-04  1.48878e-03
  3.60000e-03  1.31154e-05 -6.88312e-04  1.67785e-03
  3.60000e-03  1.39351e-05 -6.31025e-04  1.88367e-03
  3.60000e-03  1.47548e-05 -5.57650e-04  2.10652e-03
  3.60000e-03  1.55745e-05 -4.68026e-04  2.34670e-03
  3.60000e-03  1.63943e-05 -3.61991e-04  2.60450e-03
  3.60000e-03  1.72140e-05 -2.39385e-04  2.88020e-03
  3.60000e-03  1.80337e-05 -1.00045e-04  3.17411e-03
  3.60000e-03  1.88534e-05  5.61890e-05  3.48652e-03
  3.60000e-03  1.96731e-05  2.29479e-04  3.81770e-03
  3.60000e-03  2.04928e-05  4.19986e-04  4.16796e-03

  4.80000e-03  0.00000e+00  5.87617e-04  6.11495e-04
  4.80000e-03  8.19713e-07  3.95430e-04  5.80643e-04
  4.80000e-03  1.63943e-06  2.16562e-04  5.61962e-04
  4.80000e-03  2.45914e-06  5.11754e-05  5.55743e-04
  4.80000e-03  3.27885e-06 -1.00570e-04  5.62278e-04
  4.80000e-03  4.09856e-06 -2.38511e-04  5.81859e-04
  4.80000e-03  4.91828e-06 -3.62489e-04  6.14776e-04
  4.80000e-03  5.73799e-06 -4.72340e-04  6.61321e-04
  4.80000e-03  6.55770e-06 -5.67904e-04  7.21785e-04
  4.80000e-03  7.37741e-06 -6.49020e-04  7.96459e-04
  4.80000e-03  8.19713e-06 -7.15526e-04  8.85636e-04
  4.80000e-03  9.01684e-06 -7.67261e-04  9.89605e-04
  4.80000e-03  9.83655e-06 -8.04064e-04  1.10866e-03
  4.80000e-03  1.06563e-05 -8.25773e-04  1.24309e-03
  4.80000e-03  1.14760e-05 -8.32227e-04  1.39319e-03
  4.80000e-03  1.22957e-05 -8.23265e-04  1.55924e-03
  4.80000e-03  1.31154e-05 -7.98726e-04  1.74154e-03
  4.80000e-03  1.39351e-05 -7.58447e-04  1.94039e-03
  4.80000e-03  1.47548e-05 -7.02269e-04  2.15607e-03
  4.80000e-03  1.55745e-05 -6.30029e-04  2.38887e-03
  4.80000e-03  1.63943e-05 -5.41566e-04  2.63909e-03
  4.80000e-03  1.72140e-05 -4.36719e-04  2.90701e-03
  4.80000e-03  1.80337e-05 -3.15327e-04  3.19293e-03
  4.80000e-03  1.88534e-05 -1.77229e-04  3.49714e-03
  4.80000e-03  1.96731e-05 -2.22623e-05  3.81993e-03
  4.80000e-03  2.04928e-05  1.49733e-04  4.16159e-03

  6.00000e-03  0.00000e+00  7.15830e-04  7.55318e-04
  6.00000e-03  8.19713e-07  5.10212e-04  7.20780e-04
  6.00000e-03  1.63943e-06  3.17719e-04  6.98203e-04
  6.00000e-03  2.45914e-06  1.38512e-04  6.87878e-04
  6.00000e-03  3.27885e-06 -2.72469e-05  6.90096e-04
  6.00000e-03  4.09856e-06 -1.79397e-04  7.05150e-04
  6.00000e-03  4.91828e-06 -3.17778e-04  7.33330e-04
  6.00000e-03  5.73799e-06 -4.42227e-04  7.74927e-04
  6.00000e-03  6.55770e-06 -5.52584e-04  8.30234e-04
  6.00000e-03  7.37741e-06 -6.48686e-04  8.99541e-04
  6.00000e-03  8.19713e-06 -7.30373e-04  9.83139e-04
  6.00000e-03  9.01684e-06 -7.97484e-04  1.08132e-03
  6.00000e-03  9.83655e-06 -8.49857e-04  1.19438e-03
  6.00000e-03  1.06563e-05 -8.87331e-04  1.32260e-03
  6.00000e-03  1.14760e-05 -9.09744e-04  1.46627e-03
  6.00000e-03  1.22957e-05 -9.16936e-04  1.62570e-03
  6.00000e-03  1.31154e-05 -9.08744e-04  1.80117e-03
  6.00000e-03  1.39351e-05 -8.85008e-04  1.99296e-03
  6.00000e-03  1.47548e-05 -8.45567e-04  2.20138e-03
  6.00000e-03  1.55745e-05 -7.90259e-04  2.42671e-03
  6.00000e-03  1.63943e-05 -7.18922e-04  2.66925e-03
  6.00000e-03  1.72140e-05 -6.31396e-04  2.92928e-03
  6.00000e-03  1.80337e-05 -5.27519e-04  3.20710e-03
  6.00000e-03  1.88534e-05 -4.07130e-04  3.50300e-03
  6.00000e-03  1.96731e-05 -2.70067e-04  3.81727e-03
  6.00000e-03  2.04928e-05 -1.16170e-04  4.15020e-03

  7.20000e-03  0.00000e+00  8.35703e-04  8.95389e-04
  7.20000e-03  8.19713e-07  6.17208e-04  8.57204e-04
  7.20000e-03  1.63943e-06  4.11636e-04  8.30763e-04
  7.20000e-03  2.45914e-06  2.19150e-04  8.16357e-04
  7.20000e-03  3.27885e-06  3.99096e-05  8.14279e-04
  7.20000e-03  4.09856e-06 -1.25923e-04  8.24819e-04
  7.20000e-03  4.91828e-06 -2.78186e-04  8.48269e-04
  7.20000e-03  5.73799e-06 -4.16720e-04  8.84920e-04
  7.20000e-03  6.55770e-06 -5.41362e-04  9.35063e-04
  7.20000e-03  7.37741e-06 -6.51951e-04  9.98990e-04
  7.20000e-03  8.19713e-06 -7.48326e-04  1.07699e-03
  7.20000e-03  9.01684e-06 -8.30325e-04  1.16936e-03
  7.20000e-03  9.83655e-06 -8.97788e-04  1.27639e-03
  7.20000e-03  1.06563e-05 -9.50553e-04  1.39836e-03
  7.20000e-03  1.14760e-05 -9.88458e-04  1.53557e-03
  7.20000e-03  1.22957e-05 -1.01134e-03  1.68832e-03
  7.20000e-03  1.31154e-05 -1.01905e-03  1.85689e-03
  7.20000e-03  1.39351e-05 -1.01141e-03  2.04157e-03
  7.20000e-03  1.47548e-05 -9.88261e-04  2.24266e-03
  7.20000e-03  1.55745e-05 -9.49451e-04  2.46045e-03
  7.20000e-03  1.63943e-05 -8.94813e-04  2.69522e-03
  7.20000e-03  1.72140e-05 -8.24187e-04  2.94728e-03
  7.20000e-03  1.80337e-05 -7.37412e-04  3.21690e-03
  7.20000e-03  1.88534e-05 -6.34325e-04  3.50439e-03
  7.20000e-03  1.96731e-05 -5.14766e-04  3.81003e-03
  7.20000e-03  2.04928e-05 -3.78574e-04  4.13411e-03

  8.40000e-03  0.00000e+00  9.46919e-04  1.03161e-03
  8.40000e-03  8.19713e-07  7.16085e-04  9.89833e-04
  8.40000e-03  1.63943e-06  4.97968e-04  9.59579e-04
  8.40000e-03  2.45914e-06  2.92728e-04  9.41139e-04
  8.40000e-03  3.27885e-06  1.00526e-04  9.34803e-04
  8.40000e-03  4.09856e-06 -7.84755e-05  9.40861e-04
  8.40000e-03  4.91828e-06 -2.44116e-04  9.59607e-04
  8.40000e-03  5.73799e-06 -3.96234e-04  9.91331e-04
  8.40000e-03  6.55770e-06 -5.34669e-04  1.03632e-03
  8.40000e-03  7.37741e-06 -6.59258e-04  1.09488e-03
  8.40000e-03  8.19713e-06 -7.69841e-04  1.16728e-03
  8.40000e-03  9.01684e-06 -8.66257e-04  1.25383e-03
  8.40000e-03  9.83655e-06 -9.48343e-04  1.35481e-03
  8.40000e-03  1.06563e-05 -1.01594e-03  1.47052e-03
  8.40000e-03  1.14760e-05 -1.06888e-03  1.60125e-03
  8.40000e-03  1.22957e-05 -1.10702e-03  1.74728e-03
  8.40000e-03  1.31154e-05 -1.13017e-03  1.90892e-03
  8.40000e-03  1.39351e-05 -1.13820e-03  2.08645e-03
  8.40000e-03  1.47548e-05 -1.13092e-03  2.28015e-03
  8.40000e-03  1.55745e-05 -1.10819e-03  2.49034e-03
  8.40000e-03  1.63943e-05 -1.06984e-03  2.71728e-03
  8.40000e-03  1.72140e-05 -1.01571e-03  2.96129e-03
  8.40000e-03  1.80337e-05 -9.45633e-04  3.22264e-03
  8.40000e-03  1.88534e-05 -8.59456e-04  3.50163e-03
  8.40000e-03  1.96731e-05 -7.57014e-04  3.79855e-03
  8.40000e-03  2.04928e-05 -6.38147e-04  4.11369e-03

  9.60000e-03  0.00000e+00  1.04921e-03  1.16386e-03
  9.60000e-03  8.19713e-07  8.06569e-04  1.11857e-03
  9.60000e-03  1.63943e-06  5.76430e-04  1.08458e-03
  9.60000e-03  2.45914e-06  3.58953e-04  1.06217e-03
  9.60000e-03  3.27885e-06  1.54300e-04  1.05164e-03
  9.60000e-03  4.09856e-06 -3.73677e-05  1.05327e-03
  9.60000e-03  4.91828e-06 -2.15889e-04  1.06736e-03
  9.60000e-03  5.73799e-06 -3.81101e-04  1.09419e-03
  9.60000e-03  6.55770e-06 -5.32845e-04  1.13407e-03
  9.60000e-03  7.37741e-06 -6.70958e-04  1.18728e-03
  9.60000e-03  8.19713e-06 -7.95279e-04  1.25411e-03
  9.60000e-03  9.01684e-06 -9.05647e-04  1.33486e-03
  9.60000e-03  9.83655e-06 -1.00190e-03  1.42981e-03
  9.60000e-03  1.06563e-05 -1.08388e-03  1.53925e-03
  9.60000e-03  1.14760e-05 -1.15142e-03  1.66349e-03
  9.60000e-03  1.22957e-05 -1.20436e-03  1.80280e-03
  9.60000e-03  1.31154e-05 -1.24254e-03  1.95748e-03
  9.60000e-03  1.39351e-05 -1.26580e-03  2.12783e-03
  9.60000e-03  1.47548e-05 -1.27398e-03  2.31413e-03
  9.60000e-03  1.55745e-05 -1.26692e-03  2.51667e-03
  9.60000e-03  1.63943e-05 -1.24445e-03  2.73575e-03
  9.60000e-03  1.72140e-05 -1.20642e-03  2.97165e-03
  9.60000e-03  1.80337e-05 -1.15265e-03  3.22468e-03
  9.60000e-03  1.88534e-05 -1.08300e-03  3.49511e-03
  9.60000e-03  1.96731e-05 -9.97300e-04  3.78325e-03
  9.60000e-03  2.04928e-05 -8.95387e-04  4.08937e-03

  1.08000e-02  0.00000e+00  1.14236e-03  1.29201e-03
  1.08000e-02  8.19713e-07  8.88437e-04  1.24332e-03
  1.08000e-02  1.63943e-06  6.46794e-04  1.20568e-03
  1.08000e-02  2.45914e-06  4.17592e-04  1.17940e-03
  1.08000e-02  3.27885e-06  2.00994e-04  1.16475e-03
  1.08000e-02  4.09856e-06 -2.84030e-06  1.16203e-03
  1.08000e-02  4.91828e-06 -1.93749e-04  1.17153e-03
  1.08000e-02  5.73799e-06 -3.71570e-04  1.19355e-03
  1.08000e-02  6.55770e-06 -5.36144e-04  1.22837e-03
  1.08000e-02  7.37741e-06 -6.87308e-04  1.27629e-03
  1.08000e-02  8.19713e-06 -8.24901e-04  1.33759e-03
  1.08000e-02  9.01684e-06 -9.48762e-04  1.41257e-03
  1.08000e-02  9.83655e-06 -1.05873e-03  1.50152e-03
  1.08000e-02  1.06563e-05 -1.15464e-03  1.60473e-03
  1.08000e-02  1.14760e-05 -1.23634e-03  1.72249e-03
  1.08000e-02  1.22957e-05 -1.30366e-03  1.85510e-03
  1.08000e-02  1.31154e-05 -1.35644e-03  2.00284e-03
  1.08000e-02  1.39351e-05 -1.39452e-03  2.16601e-03
  1.08000e-02  1.47548e-05 -1.41774e-03  2.34489e-03
  1.08000e-02  1.55745e-05 -1.42594e-03  2.53978e-03
  1.08000e-02  1.63943e-05 -1.41895e-03  2.75097e-03
  1.08000e-02  1.72140e-05 -1.39662e-03  2.97876e-03
  1.08000e-02  1.80337e-05 -1.35879e-03  3.22342e-03
  1.08000e-02  1.88534e-05 -1.30528e-03  3.48526e-03
  1.08000e-02  1.96731e-05 -1.23595e-03  3.76457e-03
  1.08000e-02  2.04928e-05 -1.15062e-03  4.06163e-03

  1.20000e-02  0.00000e+00  1.22620e-03  1.41592e-03
  1.20000e-02  8.19713e-07  9.61517e-04  1.36395e-03
  1.20000e-02  1.63943e-06  7.08890e-04  1.32280e-03
  1.20000e-02  2.45914e-06  4.68477e-04  1.29275e-03
  1.20000e-02  3.27885e-06  2.40439e-04  1.27410e-03
  1.20000e-02  4.09856e-06  2.49382e-05  1.26714e-03
  1.20000e-02  4.91828e-06 -1.77865e-04  1.27216e-03
  1.20000e-02  5.73799e-06 -3.67809e-04  1.28945e-03
  1.20000e-02  6.55770e-06 -5.44733e-04  1.31930e-03
  1.20000e-02  7.37741e-06 -7.08475e-04  1.36200e-03
  1.20000e-02  8.19713e-06 -8.58874e-04  1.41785e-03
  1.20000e-02  9.01684e-06 -9.95768e-04  1.48713e-03
  1.20000e-02  9.83655e-06 -1.11900e-03  1.57014e-03
  1.20000e-02  1.06563e-05 -1.22840e-03  1.66717e-03
  1.20000e-02  1.14760e-05 -1.32381e-03  1.77851e-03
  1.20000e-02  1.22957e-05 -1.40508e-03  1.90444e-03
  1.20000e-02  1.31154e-05 -1.47203e-03  2.04528e-03
  1.20000e-02  1.39351e-05 -1.52451e-03  2.20129e-03
  1.20000e-02  1.47548e-05 -1.56236e-03  2.37278e-03
  1.20000e-02  1.55745e-05 -1.58541e-03  2.56004e-03
  1.20000e-02  1.63943e-05 -1.59351e-03  2.76335e-03
  1.20000e-02  1.72140e-05 -1.58649e-03  2.98302e-03
  1.20000e-02  1.80337e-05 -1.56419e-03  3.21932e-03
  1.20000e-02  1.88534e-05 -1.52645e-03  3.47256e-03
  1.20000e-02  1.96731e-05 -1.47311e-03  3.74301e-03
  1.20000e-02  2.04928e-05 -1.40401e-03  4.03099e-03

  1.32000e-02  0.00000e+00  1.30060e-03  1.53543e-03
  1.32000e-02  8.19713e-07  1.02570e-03  1.48035e-03
  1.32000e-02  1.63943e-06  7.62610e-04  1.43584e-03
  1.32000e-02  2.45914e-06  5.11503e-04  1.40218e-03
  1.32000e-02  3.27885e-06  2.72538e-04  1.37967e-03
  1.32000e-02  4.09856e-06  4.58750e-05  1.36860e-03
  1.32000e-02  4.91828e-06 -1.68325e-04  1.36926e-03
  1.32000e-02  5.73799e-06 -3.69900e-04  1.38194e-03
  1.32000e-02  6.55770e-06 -5.58689e-04  1.40693e-03
  1.32000e-02  7.37741e-06 -7.34530e-04  1.44453e-03
  1.32000e-02  8.19713e-06 -8.97263e-04  1.49502e-03
  1.32000e-02  9.01684e-06 -1.04673e-03  1.55871e-03
  1.32000e-02  9.83655e-06 -1.18276e-03  1.63587e-03
  1.32000e-02  1.06563e-05 -1.30520e-03  1.72680e-03
  1.32000e-02  1.14760e-05 -1.41388e-03  1.83179e-03
  1.32000e-02  1.22957e-05 -1.50865e-03  1.95113e-03
  1.32000e-02  1.31154e-05 -1.58935e-03  2.08512e-03
  1.32000e-02  1.39351e-05 -1.65580e-03  2.23404e-03
  1.32000e-02  1.47548e-05 -1.70786e-03  2.39819e-03
  1.32000e-02  1.55745e-05 -1.74536e-03  2.57785e-03
  1.32000e-02  1.63943e-05 -1.76813e-03  2.77333e-03
  1.32000e-02  1.72140e-05 -1.77602e-03  2.98491e-03
  1.32000e-02  1.80337e-05 -1.76887e-03  3.21287e-03
  1.32000e-02  1.88534e-05 -1.74652e-03  3.45752e-03
  1.32000e-02  1.96731e-05 -1.70879e-03  3.71915e-03
  1.32000e-02  2.04928e-05 -1.65554e-03  3.99804e-03

  1.44000e-02  0.00000e+00  1.36551e-03  1.65040e-03
  1.44000e-02  8.19713e-07  1.08092e-03  1.59239e-03
  1.44000e-02  1.63943e-06  8.07913e-04  1.54470e-03
  1.44000e-02  2.45914e-06  5.46642e-04  1.50761e-03
  1.44000e-02  3.27885e-06  2.97270e-04  1.48141e-03
  1.44000e-02  4.09856e-06  5.99603e-05  1.46640e-03
  1.44000e-02  4.91828e-06 -1.65127e-04  1.46286e-03
  1.44000e-02  5.73799e-06 -3.77831e-04  1.47109e-03
  1.44000e-02  6.55770e-06 -5.77990e-04  1.49138e-03
  1.44000e-02  7.37741e-06 -7.65443e-04  1.52401e-03
  1.44000e-02  8.19713e-06 -9.40028e-04  1.56929e-03
  1.44000e-02  9.01684e-06 -1.10158e-03  1.62750e-03
  1.44000e-02  9.83655e-06 -1.24995e-03  1.69893e-03
  1.44000e-02  1.06563e-05 -1.38497e-03  1.78388e-03
  1.44000e-02  1.14760e-05 -1.50647e-03  1.88263e-03
  1.44000e-02  1.22957e-05 -1.61429e-03  1.99548e-03
  1.44000e-02  1.31154e-05 -1.70829e-03  2.12272e-03
  1.44000e-02  1.39351e-05 -1.78828e-03  2.26464e-03
  1.44000e-02  1.47548e-05 -1.85412e-03  2.42153e-03
  1.44000e-02  1.55745e-05 -1.90564e-03  2.59368e-03
  1.44000e-02  1.63943e-05 -1.94268e-03  2.78139e-03
  1.44000e-02  1.72140e-05 -1.96507e-03  2.98495e-03
  1.44000e-02  1.80337e-05 -1.97267e-03  3.20463e-03
  1.44000e-02  1.88534e-05 -1.96529e-03  3.44075e-03
  1.44000e-02  1.96731e-05 -1.94280e-03  3.69359e-03
  1.44000e-02  2.04928e-05 -1.90501e-03  3.96344e-03

  1.56000e-02  0.00000e+00  1.42093e-03  1.76065e-03
  1.56000e-02  8.19713e-07  1.12722e-03  1.69995e-03
  1.56000e-02  1.63943e-06  8.44838e-04  1.64930e-03
  1.56000e-02  2.45914e-06  5.73946e-04  1.60899e-03
  1.56000e-02  3.27885e-06  3.14705e-04  1.57932e-03
  1.56000e-02  4.09856e-06  6.72787e-05  1.56056e-03
  1.56000e-02  4.91828e-06 -1.68173e-04  1.55302e-03
  1.56000e-02  5.73799e-06 -3.91490e-04  1.55699e-03
  1.56000e-02  6.55770e-06 -6.02508e-04  1.57275e-03
  1.56000e-02  7.37741e-06 -8.01069e-04  1.60060e-03
  1.56000e-02  8.19713e-06 -9.87009e-04  1.64083e-03
  1.56000e-02  9.01684e-06 -1.16017e-03  1.69373e-03
  1.56000e-02  9.83655e-06 -1.32038e-03  1.75959e-03
  1.56000e-02  1.06563e-05 -1.46750e-03  1.83871e-03
  1.56000e-02  1.14760e-05 -1.60135e-03  1.93137e-03
  1.56000e-02  1.22957e-05 -1.72177e-03  2.03787e-03
  1.56000e-02  1.31154e-05 -1.82860e-03  2.15849e-03
  1.56000e-02  1.39351e-05 -1.92169e-03  2.29353e-03
  1.56000e-02  1.47548e-05 -2.00086e-03  2.44328e-03
  1.56000e-02  1.55745e-05 -2.06596e-03  2.60804e-03
  1.56000e-02  1.63943e-05 -2.11683e-03  2.78808e-03
  1.56000e-02  1.72140e-05 -2.15331e-03  2.98371e-03
  1.56000e-02  1.80337e-05 -2.17523e-03  3.19522e-03
  1.56000e-02  1.88534e-05 -2.18243e-03  3.42289e-03
  1.56000e-02  1.96731e-05 -2.17476e-03  3.66702e-03
  1.56000e-02  2.04928e-05 -2.15205e-03  3.92789e-03

  1.68000e-02  0.00000e+00  1.46697e-03  1.86602e-03
  1.68000e-02  8.19713e-07  1.16471e-03  1.80290e-03
  1.68000e-02  1.63943e-06  8.73519e-04  1.74955e-03
  1.68000e-02  2.45914e-06  5.93569e-04  1.70628e-03
  1.68000e-02  3.27885e-06  3.25017e-04  1.67337e-03
  1.68000e-02  4.09856e-06  6.80232e-05  1.65112e-03
  1.68000e-02  4.91828e-06 -1.77250e-04  1.63981e-03
  1.68000e-02  5.73799e-06 -4.10641e-04  1.63974e-03
  1.68000e-02  6.55770e-06 -6.31990e-04  1.65120e-03
  1.68000e-02  7.37741e-06 -8.41134e-04  1.67447e-03
  1.68000e-02  8.19713e-06 -1.03791e-03  1.70986e-03
  1.68000e-02  9.01684e-06 -1.22216e-03  1.75766e-03
  1.68000e-02  9.83655e-06 -1.39373e-03  1.81815e-03
  1.68000e-02  1.06563e-05 -1.55244e-03  1.89162e-03
  1.68000e-02  1.14760e-05 -1.69815e-03  1.97837e-03
  1.68000e-02  1.22957e-05 -1.83068e-03  2.07868e-03
  1.68000e-02  1.31154e-05 -1.94988e-03  2.19286e-03
  1.68000e-02  1.39351e-05 -2.05558e-03  2.32119e-03
  1.68000e-02  1.47548e-05 -2.14763e-03  2.46396e-03
  1.68000e-02  1.55745e-05 -2.22586e-03  2.62146e-03
  1.68000e-02  1.63943e-05 -2.29011e-03  2.79399e-03
  1.68000e-02  1.72140e-05 -2.34022e-03  2.98183e-03
  1.68000e-02  1.80337e-05 -2.37604e-03  3.18528e-03
  1.68000e-02  1.88534e-05 -2.39738e-03  3.40463e-03
  1.68000e-02  1.96731e-05 -2.40411e-03  3.64017e-03
  1.68000e-02  2.04928e-05 -2.39605e-03  3.89220e-03

  1.80000e-02  0.00000e+00  1.50381e-03  1.96636e-03
  1.80000e-02  8.19713e-07  1.19360e-03  1.90112e-03
  1.80000e-02  1.63943e-06  8.94202e-04  1.84537e-03
  1.80000e-02  2.45914e-06  6.05782e-04  1.79943e-03
  1.80000e-02  3.27885e-06  3.28499e-04  1.76358e-03
  1.80000e-02  4.09856e-06  6.25140e-05  1.73810e-03
  1.80000e-02  4.91828e-06 -1.92012e-04  1.72330e-03
  1.80000e-02  5.73799e-06 -4.34917e-04  1.71946e-03
  1.80000e-02  6.55770e-06 -6.66040e-04  1.72688e-03
  1.80000e-02  7.37741e-06 -8.85221e-04  1.74584e-03
  1.80000e-02  8.19713e-06 -1.09230e-03  1.77664e-03
  1.80000e-02  9.01684e-06 -1.28711e-03  1.81957e-03
  1.80000e-02  9.83655e-06 -1.46949e-03  1.87492e-03
  1.80000e-02  1.06563e-05 -1.63928e-03  1.94297e-03
  1.80000e-02  1.14760e-05 -1.79633e-03  2.02404e-03
  1.80000e-02  1.22957e-05 -1.94046e-03  2.11839e-03
  1.80000e-02  1.31154e-05 -2.07152e-03  2.22633e-03
  1.80000e-02  1.39351e-05 -2.18935e-03  2.34815e-03
  1.80000e-02  1.47548e-05 -2.29378e-03  2.48413e-03
  1.80000e-02  1.55745e-05 -2.38466e-03  2.63458e-03
  1.80000e-02  1.63943e-05 -2.46182e-03  2.79977e-03
  1.80000e-02  1.72140e-05 -2.52510e-03  2.98001e-03
  1.80000e-02  1.80337e-05 -2.57434e-03  3.17558e-03
  1.80000e-02  1.88534e-05 -2.60938e-03  3.38677e-03
  1.80000e-02  1.96731e-05 -2.63005e-03  3.61388e-03
  1.80000e-02  2.04928e-05 -2.63621e-03  3.85720e-03

  1.92000e-02  0.00000e+00  1.53177e-03  2.06152e-03
  1.92000e-02  8.19713e-07  1.21425e-03  1.99450e-03
  1.92000e-02  1.63943e-06  9.07267e-04  1.93671e-03
  1.92000e-02  2.45914e-06  6.10995e-04  1.88843e-03
  1.92000e-02  3.27885e-06  3.25592e-04  1.84996e-03
  1.92000e-02  4.09856e-06  5.12199e-05  1.82159e-03
  1.92000e-02  4.91828e-06 -2.11961e-04  1.80361e-03
  1.92000e-02  5.73799e-06 -4.63789e-04  1.79632e-03
  1.92000e-02  6.55770e-06 -7.04102e-04  1.79999e-03
  1.92000e-02  7.37741e-06 -9.32740e-04  1.81494e-03
  1.92000e-02  8.19713e-06 -1.14954e-03  1.84144e-03
  1.92000e-02  9.01684e-06 -1.35434e-03  1.87978e-03
  1.92000e-02  9.83655e-06 -1.54699e-03  1.93027e-03
  1.92000e-02  1.06563e-05 -1.72731e-03  1.99319e-03
  1.92000e-02  1.14760e-05 -1.89515e-03  2.06883e-03
  1.92000e-02  1.22957e-05 -2.05035e-03  2.15748e-03
  1.92000e-02  1.31154e-05 -2.19274e-03  2.25944e-03
  1.92000e-02  1.39351e-05 -2.32217e-03  2.37499e-03
  1.92000e-02  1.47548e-05 -2.43847e-03  2.50443e-03
  1.92000e-02  1.55745e-05 -2.54148e-03  2.64805e-03
  1.92000e-02  1.63943e-05 -2.63104e-03  2.80614e-03
  1.92000e-02  1.72140e-05 -2.70699e-03  2.97899e-03
  1.92000e-02  1.80337e-05 -2.76917e-03  3.16689e-03
  1.92000e-02  1.88534e-05 -2.81741e-03  3.37014e-03
  1.92000e-02  1.96731e-05 -2.85156e-03  3.58902e-03
  1.92000e-02  2.04928e-05 -2.87145e-03  3.82382e-03

  2.04000e-02  0.00000e+00  1.55134e-03  2.15137e-03
  2.04000e-02  8.19713e-07  1.22716e-03  2.08297e-03
  2.04000e-02  1.63943e-06  9.13253e-04  2.02351e-03
  2.04000e-02  2.45914e-06  6.09782e-04  1.97328e-03
  2.04000e-02  3.27885e-06  3.16905e-04  1.93257e-03
  2.04000e-02  4.09856e-06  3.47841e-05  1.90167e-03
  2.04000e-02  4.91828e-06 -2.36419e-04  1.88088e-03
  2.04000e-02  5.73799e-06 -4.96544e-04  1.87048e-03
  2.04000e-02  6.55770e-06 -7.45429e-04  1.87077e-03
  2.04000e-02  7.37741e-06 -9.82912e-04  1.88204e-03
  2.04000e-02  8.19713e-06 -1.20883e-03  1.90458e-03
  2.04000e-02  9.01684e-06 -1.42303e-03  1.93868e-03
  2.04000e-02  9.83655e-06 -1.62534e-03  1.98463e-03
  2.04000e-02  1.06563e-05 -1.81561e-03  2.04272e-03
  2.04000e-02  1.14760e-05 -1.99367e-03  2.11325e-03
  2.04000e-02  1.22957e-05 -2.15935e-03  2.19651e-03
  2.04000e-02  1.31154e-05 -2.31251e-03  2.29278e-03
  2.04000e-02  1.39351e-05 -2.45298e-03  2.40236e-03
  2.04000e-02  1.47548e-05 -2.58059e-03  2.52555e-03
  2.04000e-02  1.55745e-05 -2.69519e-03  2.66262e-03
  2.04000e-02  1.63943e-05 -2.79662e-03  2.81388e-03
  2.04000e-02  1.72140e-05 -2.88470e-03  2.97961e-03
  2.04000e-02  1.80337e-05 -2.95929e-03  3.16010e-03
  2.04000e-02  1.88534e-05 -3.02022e-03  3.35565e-03
  2.04000e-02  1.96731e-05 -3.06733e-03  3.56655e-03
  2.04000e-02  2.04928e-05 -3.10046e-03  3.79309e-03

  2.16000e-02  0.00000e+00  1.56314e-03  2.23577e-03
  2.16000e-02  8.19713e-07  1.23302e-03  2.16644e-03
  2.16000e-02  1.63943e-06  9.12889e-04  2.10575e-03
  2.16000e-02  2.45914e-06  6.02909e-04  2.05400e-03
  2.16000e-02  3.27885e-06  3.03244e-04  2.01147e-03
  2.16000e-02  4.09856e-06  1.40529e-05  1.97847e-03
  2.16000e-02  4.91828e-06 -2.64501e-04  1.95527e-03
  2.16000e-02  5.73799e-06 -5.32258e-04  1.94218e-03
  2.16000e-02  6.55770e-06 -7.89056e-04  1.93948e-03
  2.16000e-02  7.37741e-06 -1.03473e-03  1.94747e-03
  2.16000e-02  8.19713e-06 -1.26913e-03  1.96643e-03
  2.16000e-02  9.01684e-06 -1.49208e-03  1.99666e-03
  2.16000e-02  9.83655e-06 -1.70343e-03  2.03845e-03
  2.16000e-02  1.06563e-05 -1.90301e-03  2.09209e-03
  2.16000e-02  1.14760e-05 -2.09067e-03  2.15787e-03
  2.16000e-02  1.22957e-05 -2.26624e-03  2.23608e-03
  2.16000e-02  1.31154e-05 -2.42956e-03  2.32702e-03
  2.16000e-02  1.39351e-05 -2.58047e-03  2.43097e-03
  2.16000e-02  1.47548e-05 -2.71880e-03  2.54823e-03
  2.16000e-02  1.55745e-05 -2.84441e-03  2.67909e-03
  2.16000e-02  1.63943e-05 -2.95711e-03  2.82383e-03
  2.16000e-02  1.72140e-05 -3.05677e-03  2.98276e-03
  2.16000e-02  1.80337e-05 -3.14320e-03  3.15616e-03
  2.16000e-02  1.88534e-05 -3.21626e-03  3.34432e-03
  2.16000e-02  1.96731e-05 -3.27578e-03  3.54754e-03
  2.16000e-02  2.04928e-05 -3.32159e-03  3.76610e-03

  2.28000e-02  0.00000e+00  1.56806e-03  2.31464e-03
  2.28000e-02  8.19713e-07  1.23274e-03  2.24487e-03
  2.28000e-02  1.63943e-06  9.07124e-04  2.18344e-03
  2.28000e-02  2.45914e-06  5.91372e-04  2.13065e-03
  2.28000e-02  3.27885e-06  2.85647e-04  2.08679e-03
  2.28000e-02  4.09856e-06 -9.89146e-06  2.05214e-03
  2.28000e-02  4.91828e-06 -2.95081e-04  2.02701e-03
  2.28000e-02  5.73799e-06 -5.69760e-04  2.01168e-03
  2.28000e-02  6.55770e-06 -8.33768e-04  2.00644e-03
  2.28000e-02  7.37741e-06 -1.08694e-03  2.01159e-03
  2.28000e-02  8.19713e-06 -1.32912e-03  2.02742e-03
  2.28000e-02  9.01684e-06 -1.56015e-03  2.05421e-03
  2.28000e-02  9.83655e-06 -1.77986e-03  2.09226e-03
  2.28000e-02  1.06563e-05 -1.98809e-03  2.14186e-03
  2.28000e-02  1.14760e-05 -2.18468e-03  2.20330e-03
  2.28000e-02  1.22957e-05 -2.36948e-03  2.27688e-03
  2.28000e-02  1.31154e-05 -2.54231e-03  2.36288e-03
  2.28000e-02  1.39351e-05 -2.70301e-03  2.46159e-03
  2.28000e-02  1.47548e-05 -2.85144e-03  2.57331e-03
  2.28000e-02  1.55745e-05 -2.98741e-03  2.69833e-03
  2.28000e-02  1.63943e-05 -3.11078e-03  2.83694e-03
  2.28000e-02  1.72140e-05 -3.22139e-03  2.98943e-03
  2.28000e-02  1.80337e-05 -3.31906e-03  3.15609e-03
  2.28000e-02  1.88534e-05 -3.40364e-03  3.33722e-03
  2.28000e-02  1.96731e-05 -3.47497e-03  3.53310e-03
  2.28000e-02  2.04928e-05 -3.53289e-03  3.74402e-03

  2.40000e-02  0.00000e+00  1.56720e-03  2.38791e-03
  2.40000e-02  8.19713e-07  1.22748e-03  2.31824e-03
  2.40000e-02  1.63943e-06  8.97166e-04  2.25662e-03
  2.40000e-02  2.45914e-06  5.76427e-04  2.20332e-03
  2.40000e-02  3.27885e-06  2.65420e-04  2.15865e-03
  2.40000e-02  4.09856e-06 -3.56943e-05  2.12289e-03
  2.40000e-02  4.91828e-06 -3.26754e-04  2.09634e-03
  2.40000e-02  5.73799e-06 -6.07598e-04  2.07928e-03
  2.40000e-02  6.55770e-06 -8.78064e-04  2.07201e-03
  2.40000e-02  7.37741e-06 -1.13799e-03  2.07482e-03
  2.40000e-02  8.19713e-06 -1.38722e-03  2.08800e-03
  2.40000e-02  9.01684e-06 -1.62559e-03  2.11184e-03
  2.40000e-02  9.83655e-06 -1.85293e-03  2.14663e-03
  2.40000e-02  1.06563e-05 -2.06910e-03  2.19266e-03
  2.40000e-02  1.14760e-05 -2.27391e-03  2.25023e-03
  2.40000e-02  1.22957e-05 -2.46722e-03  2.31963e-03
  2.40000e-02  1.31154e-05 -2.64887e-03  2.40114e-03
  2.40000e-02  1.39351e-05 -2.81868e-03  2.49507e-03
  2.40000e-02  1.47548e-05 -2.97650e-03  2.60169e-03
  2.40000e-02  1.55745e-05 -3.12218e-03  2.72131e-03
  2.40000e-02  1.63943e-05 -3.25554e-03  2.85421e-03
  2.40000e-02  1.72140e-05 -3.37642e-03  3.00068e-03
  2.40000e-02  1.80337e-05 -3.48468e-03  3.16102e-03
  2.40000e-02  1.88534e-05 -3.58013e-03  3.33552e-03
  2.40000e-02  1.96731e-05 -3.66263e-03  3.52446e-03
  2.40000e-02  2.04928e-05 -3.73200e-03  3.72815e-03

  2.52000e-02  0.00000e+00  1.56194e-03  2.45553e-03
  2.52000e-02  8.19713e-07  1.21868e-03  2.38658e-03
  2.52000e-02  1.63943e-06  8.84520e-04  2.32536e-03
  2.52000e-02  2.45914e-06  5.59632e-04  2.27216e-03
  2.52000e-02  3.27885e-06  2.44176e-04  2.22726e-03
  2.52000e-02  4.09856e-06 -6.16890e-05  2.19097e-03
  2.52000e-02  4.91828e-06 -3.57800e-04  2.16357e-03
  2.52000e-02  5.73799e-06 -6.43996e-04  2.14535e-03
  2.52000e-02  6.55770e-06 -9.20116e-04  2.13660e-03
  2.52000e-02  7.37741e-06 -1.18600e-03  2.13763e-03
  2.52000e-02  8.19713e-06 -1.44148e-03  2.14871e-03
  2.52000e-02  9.01684e-06 -1.68641e-03  2.17013e-03
  2.52000e-02  9.83655e-06 -1.92061e-03  2.20220e-03
  2.52000e-02  1.06563e-05 -2.14393e-03  2.24520e-03
  2.52000e-02  1.14760e-05 -2.35620e-03  2.29942e-03
  2.52000e-02  1.22957e-05 -2.55727e-03  2.36516e-03
  2.52000e-02  1.31154e-05 -2.74698e-03  2.44270e-03
  2.52000e-02  1.39351e-05 -2.92515e-03  2.53233e-03
  2.52000e-02  1.47548e-05 -3.09164e-03  2.63436e-03
  2.52000e-02  1.55745e-05 -3.24628e-03  2.74906e-03
  2.52000e-02  1.63943e-05 -3.38890e-03  2.87674e-03
  2.52000e-02  1.72140e-05 -3.51935e-03  3.01767e-03
  2.52000e-02  1.80337e-05 -3.63747e-03  3.17216e-03
  2.52000e-02  1.88534e-05 -3.74309e-03  3.34049e-03
  2.52000e-02  1.96731e-05 -3.83605e-03  3.52296e-03
  2.52000e-02  2.04928e-05 -3.91620e-03  3.71986e-03

  2.64000e-02  0.00000e+00  1.55404e-03  2.51752e-03
  2.64000e-02  8.19713e-07  1.20813e-03  2.44995e-03
  2.64000e-02  1.63943e-06  8.71032e-04  2.38979e-03
  2.64000e-02  2.45914e-06  5.42893e-04  2.33733e-03
  2.64000e-02  3.27885e-06  2.23878e-04  2.29286e-03
  2.64000e-02  4.09856e-06 -8.58531e-05  2.25667e-03
  2.64000e-02  4.91828e-06 -3.86138e-04  2.22905e-03
  2.64000e-02  5.73799e-06 -6.76815e-04  2.21030e-03
  2.64000e-02  6.55770e-06 -9.57724e-04  2.20070e-03
  2.64000e-02  7.37741e-06 -1.22870e-03  2.20055e-03
  2.64000e-02  8.19713e-06 -1.48959e-03  2.21014e-03
  2.64000e-02  9.01684e-06 -1.74023e-03  2.22976e-03
  2.64000e-02  9.83655e-06 -1.98045e-03  2.25970e-03
  2.64000e-02  1.06563e-05 -2.21009e-03  2.30025e-03
  2.64000e-02  1.14760e-05 -2.42900e-03  2.35170e-03
  2.64000e-02  1.22957e-05 -2.63702e-03  2.41435e-03
  2.64000e-02  1.31154e-05 -2.83397e-03  2.48848e-03
  2.64000e-02  1.39351e-05 -3.01970e-03  2.57440e-03
  2.64000e-02  1.47548e-05 -3.19405e-03  2.67238e-03
  2.64000e-02  1.55745e-05 -3.35686e-03  2.78272e-03
  2.64000e-02  1.63943e-05 -3.50797e-03  2.90571e-03
  2.64000e-02  1.72140e-05 -3.64721e-03  3.04165e-03
  2.64000e-02  1.80337e-05 -3.77442e-03  3.19082e-03
  2.64000e-02  1.88534e-05 -3.88944e-03  3.35351e-03
  2.64000e-02  1.96731e-05 -3.99212e-03  3.53002e-03
  2.64000e-02  2.04928e-05 -4.08228e-03  3.72064e-03

  2.76000e-02  0.00000e+00  1.54558e-03  2.57392e-03
  2.76000e-02  8.19713e-07  1.19801e-03  2.50846e-03
  2.76000e-02  1.63943e-06  8.58936e-04  2.45008e-03
  2.76000e-02  2.45914e-06  5.28507e-04  2.39907e-03
  2.76000e-02  3.27885e-06  2.06888e-04  2.35573e-03
  2.76000e-02  4.09856e-06 -1.05762e-04  2.32035e-03
  2.76000e-02  4.91828e-06 -4.09279e-04  2.29322e-03
  2.76000e-02  5.73799e-06 -7.03503e-04  2.27462e-03
  2.76000e-02  6.55770e-06 -9.88273e-04  2.26485e-03
  2.76000e-02  7.37741e-06 -1.26343e-03  2.26420e-03
  2.76000e-02  8.19713e-06 -1.52880e-03  2.27297e-03
  2.76000e-02  9.01684e-06 -1.78424e-03  2.29144e-03
  2.76000e-02  9.83655e-06 -2.02958e-03  2.31991e-03
  2.76000e-02  1.06563e-05 -2.26466e-03  2.35866e-03
  2.76000e-02  1.14760e-05 -2.48932e-03  2.40799e-03
  2.76000e-02  1.22957e-05 -2.70339e-03  2.46819e-03
  2.76000e-02  1.31154e-05 -2.90672e-03  2.53955e-03
  2.76000e-02  1.39351e-05 -3.09914e-03  2.62236e-03
  2.76000e-02  1.47548e-05 -3.28050e-03  2.71692e-03
  2.76000e-02  1.55745e-05 -3.45062e-03  2.82351e-03
  2.76000e-02  1.63943e-05 -3.60936e-03  2.94243e-03
  2.76000e-02  1.72140e-05 -3.75654e-03  3.07396e-03
  2.76000e-02  1.80337e-05 -3.89201e-03  3.21840e-03
  2.76000e-02  1.88534e-05 -4.01561e-03  3.37604e-03
  2.76000e-02  1.96731e-05 -4.12718e-03  3.54718e-03
  2.76000e-02  2.04928e-05 -4.22654e-03  3.73209e-03

  2.88000e-02  0.00000e+00  1.53910e-03  2.62482e-03
  2.88000e-02  8.19713e-07  1.19092e-03  2.56226e-03
  2.88000e-02  1.63943e-06  8.50906e-04  2.50645e-03
  2.88000e-02  2.45914e-06  5.19217e-04  2.45769e-03
  2.88000e-02  3.27885e-06  1.96016e-04  2.41625e-03
  2.88000e-02  4.09856e-06 -1.18536e-04  2.38244e-03
  2.88000e-02  4.91828e-06 -4.24276e-04  2.35654e-03
  2.88000e-02  5.73799e-06 -7.21044e-04  2.33886e-03
  2.88000e-02  6.55770e-06 -1.00868e-03  2.32967e-03
  2.88000e-02  7.37741e-06 -1.28702e-03  2.32926e-03
  2.88000e-02  8.19713e-06 -1.55590e-03  2.33794e-03
  2.88000e-02  9.01684e-06 -1.81517e-03  2.35600e-03
  2.88000e-02  9.83655e-06 -2.06466e-03  2.38371e-03
  2.88000e-02  1.06563e-05 -2.30420e-03  2.42138e-03
  2.88000e-02  1.14760e-05 -2.53365e-03  2.46930e-03
  2.88000e-02  1.22957e-05 -2.75283e-03  2.52775e-03
  2.88000e-02  1.31154e-05 -2.96159e-03  2.59704e-03
  2.88000e-02  1.39351e-05 -3.15977e-03  2.67744e-03
  2.88000e-02  1.47548e-05 -3.34720e-03  2.76925e-03
  2.88000e-02  1.55745e-05 -3.52372e-03  2.87277e-03
  2.88000e-02  1.63943e-05 -3.68917e-03  2.98828e-03
  2.88000e-02  1.72140e-05 -3.84339e-03  3.11607e-03
  2.88000e-02  1.80337e-05 -3.98622e-03  3.25645e-03
  2.88000e-02  1.88534e-05 -4.11749e-03  3.40969e-03
  2.88000e-02  1.96731e-05 -4.23706e-03  3.57609e-03
  2.88000e-02  2.04928e-05 -4.34474e-03  3.75594e-03

  3.00000e-02  0.00000e+00  1.53764e-03  2.67040e-03
  3.00000e-02  8.19713e-07  1.18995e-03  2.61160e-03
  3.00000e-02  1.63943e-06  8.50107e-04  2.55921e-03
  3.00000e-02  2.45914e-06  5.18261e-04  2.51352e-03
  3.00000e-02  3.27885e-06  1.94575e-04  2.47483e-03
  3.00000e-02  4.09856e-06 -1.20789e-04  2.44343e-03
  3.00000e-02  4.91828e-06 -4.27669e-04  2.41960e-03
  3.00000e-02  5.73799e-06 -7.25905e-04  2.40365e-03
  3.00000e-02  6.55770e-06 -1.01533e-03  2.39585e-03
  3.00000e-02  7.37741e-06 -1.29580e-03  2.39650e-03
  3.00000e-02  8.19713e-06 -1.56713e-03  2.40589e-03
  3.00000e-02  9.01684e-06 -1.82917e-03  2.42432e-03
  3.00000e-02  9.83655e-06 -2.08177e-03  2.45208e-03
  3.00000e-02  1.06563e-05 -2.32475e-03  2.48945e-03
  3.00000e-02  1.14760e-05 -2.55795e-03  2.53673e-03
  3.00000e-02  1.22957e-05 -2.78123e-03  2.59420e-03
  3.00000e-02  1.31154e-05 -2.99440e-03  2.66217e-03
  3.00000e-02  1.39351e-05 -3.19732e-03  2.74092e-03
  3.00000e-02  1.47548e-05 -3.38982e-03  2.83074e-03
  3.00000e-02  1.55745e-05 -3.57174e-03  2.93193e-03
  3.00000e-02  1.63943e-05 -3.74291e-03  3.04477e-03
  3.00000e-02  1.72140e-05 -3.90319e-03  3.16956e-03
  3.00000e-02  1.80337e-05 -4.05240e-03  3.30659e-03
  3.00000e-02  1.88534e-05 -4.19038e-03  3.45615e-03
  3.00000e-02  1.96731e-05 -4.31698e-03  3.61853e-03
  3.00000e-02  2.04928e-05 -4.43203e-03  3.79402e-03

