  0.00000e+00  0.00000e+00  0.00000e+00  0.00000e+00
  0.00000e+00  6.86380e-07 -1.72502e-05 -1.40374e-04
  0.00000e+00  1.37276e-06 -3.14774e-05 -2.80103e-04
  0.00000e+00  2.05914e-06 -4.26085e-05 -4.19169e-04
  0.00000e+00  2.74552e-06 -5.05700e-05 -5.57553e-04
  0.00000e+00  3.43190e-06 -5.52887e-05 -6.95234e-04
  0.00000e+00  4.11828e-06 -5.66913e-05 -8.32193e-04
  0.00000e+00  4.80466e-06 -5.47045e-05 -9.68413e-04
  0.00000e+00  5.49104e-06 -4.92550e-05 -1.10387e-03
  0.00000e+00  6.17742e-06 -4.02694e-05 -1.23855e-03
  0.00000e+00  6.86380e-06 -2.76745e-05 -1.37243e-03
  0.00000e+00  7.55018e-06 -1.13969e-05 -1.50550e-03
  0.00000e+00  8.23656e-06  8.63661e-06 -1.63773e-03
  0.00000e+00  8.92294e-06  3.24994e-05 -1.76910e-03
  0.00000e+00  9.60931e-06  6.02647e-05 -1.89960e-03
  0.00000e+00  1.02957e-05  9.20058e-05 -2.02920e-03
  0.00000e+00  1.09821e-05  1.27796e-04 -2.15789e-03
  0.00000e+00  1.16685e-05  1.67709e-04 -2.28564e-03
  0.00000e+00  1.23548e-05  2.11818e-04 -2.41245e-03
  0.00000e+00  1.30412e-05  2.60195e-04 -2.53828e-03
  0.00000e+00  1.37276e-05  3.12915e-04 -2.66312e-03
  0.00000e+00  1.44140e-05  3.70051e-04 -2.78695e-03
  0.00000e+00  1.51004e-05  4.31676e-04 -2.90976e-03
  0.00000e+00  1.57867e-05  4.97863e-04 -3.03151e-03
  0.00000e+00  1.64731e-05  5.68685e-04 -3.15220e-03
  0.00000e+00  1.71595e-05  6.44217e-04 -3.27180e-03

  8.19713e-07  0.00000e+00 -1.32478e-04 -1.60001e-05
  8.19713e-07  6.86380e-07 -1.38932e-04 -1.52716e-04
  8.19713e-07  1.37276e-06 -1.42210e-04 -2.88701e-04
  8.19713e-07  2.05914e-06 -1.42238e-04 -4.23934e-04
  8.19713e-07  2.74552e-06 -1.38945e-04 -5.58397e-04
  8.19713e-07  3.43190e-06 -1.32255e-04 -6.92070e-04
  8.19713e-07  4.11828e-06 -1.22097e-04 -8.24934e-04
  8.19713e-07  4.80466e-06 -1.08396e-04 -9.56971e-04
  8.19713e-07  5.49104e-06 -9.10797e-05 -1.08816e-03
  8.19713e-07  6.17742e-06 -7.00743e-05 -1.21848e-03
  8.19713e-07  6.86380e-06 -4.53067e-05 -1.34792e-03
  8.19713e-07  7.55018e-06 -1.67034e-05 -1.47645e-03
  8.19713e-07  8.23656e-06  1.58086e-05 -1.60406e-03
  8.19713e-07  8.92294e-06  5.23029e-05 -1.73072e-03
  8.19713e-07  9.60931e-06  9.28526e-05 -1.85642e-03
  8.19713e-07  1.02957e-05  1.37531e-04 -1.98114e-03
  8.19713e-07  1.09821e-05  1.86412e-04 -2.10486e-03
  8.19713e-07  1.16685e-05  2.39568e-04 -2.22756e-03
  8.19713e-07  1.23548e-05  2.97072e-04 -2.34922e-03
  8.19713e-07  1.30412e-05  3.58999e-04 -2.46981e-03
  8.19713e-07  1.37276e-05  4.25421e-04 -2.58934e-03
  8.19713e-07  1.44140e-05  4.96412e-04 -2.70776e-03
  8.19713e-07  1.51004e-05  5.72044e-04 -2.82507e-03
  8.19713e-07  1.57867e-05  6.52392e-04 -2.94124e-03
  8.19713e-07  1.64731e-05  7.37528e-04 -3.05625e-03
  8.19713e-07  1.71595e-05  8.27526e-04 -3.17009e-03

  1.63943e-06  0.00000e+00 -2.50925e-04 -1.90521e-05
  1.63943e-06  6.86380e-07 -2.46339e-04 -1.51928e-04
  1.63943e-06  1.37276e-06 -2.38423e-04 -2.83985e-04
  1.63943e-06  2.05914e-06 -2.27106e-04 -4.15202e-04
  1.63943e-06  2.74552e-06 -2.12313e-04 -5.45562e-04
  1.63943e-06  3.43190e-06 -1.93972e-04 -6.75045e-04
  1.63943e-06  4.11828e-06 -1.72008e-04 -8.03632e-04
  1.63943e-06  4.80466e-06 -1.46349e-04 -9.31302e-04
  1.63943e-06  5.49104e-06 -1.16922e-04 -1.05804e-03
  1.63943e-06  6.17742e-06 -8.36530e-05 -1.18382e-03
  1.63943e-06  6.86380e-06 -4.64687e-05 -1.30863e-03
  1.63943e-06  7.55018e-06 -5.29591e-06 -1.43244e-03
  1.63943e-06  8.23656e-06  3.99387e-05 -1.55525e-03
  1.63943e-06  8.92294e-06  8.93084e-05 -1.67702e-03
  1.63943e-06  9.60931e-06  1.42886e-04 -1.79774e-03
  1.63943e-06  1.02957e-05  2.00746e-04 -1.91740e-03
  1.63943e-06  1.09821e-05  2.62961e-04 -2.03596e-03
  1.63943e-06  1.16685e-05  3.29604e-04 -2.15342e-03
  1.63943e-06  1.23548e-05  4.00749e-04 -2.26975e-03
  1.63943e-06  1.30412e-05  4.76469e-04 -2.38493e-03
  1.63943e-06  1.37276e-05  5.56836e-04 -2.49895e-03
  1.63943e-06  1.44140e-05  6.41926e-04 -2.61178e-03
  1.63943e-06  1.51004e-05  7.31810e-04 -2.72341e-03
  1.63943e-06  1.57867e-05  8.26563e-04 -2.83381e-03
  1.63943e-06  1.64731e-05  9.26256e-04 -2.94298e-03
  1.63943e-06  1.71595e-05  1.03096e-03 -3.05088e-03

  2.45914e-06  0.00000e+00 -3.55180e-04 -8.86478e-06
  2.45914e-06  6.86380e-07 -3.39309e-04 -1.37718e-04
  2.45914e-06  1.37276e-06 -3.19957e-04 -2.65664e-04
  2.45914e-06  2.05914e-06 -2.97049e-04 -3.92684e-04
  2.45914e-06  2.74552e-06 -2.70513e-04 -5.18758e-04
  2.45914e-06  3.43190e-06 -2.40276e-04 -6.43868e-04
  2.45914e-06  4.11828e-06 -2.06264e-04 -7.67994e-04
  2.45914e-06  4.80466e-06 -1.68403e-04 -8.91116e-04
  2.45914e-06  5.49104e-06 -1.26621e-04 -1.01322e-03
  2.45914e-06  6.17742e-06 -8.08443e-05 -1.13427e-03
  2.45914e-06  6.86380e-06 -3.09993e-05 -1.25427e-03
  2.45914e-06  7.55018e-06  2.29870e-05 -1.37319e-03
  2.45914e-06  8.23656e-06  8.11880e-05 -1.49101e-03
  2.45914e-06  8.92294e-06  1.43677e-04 -1.60771e-03
  2.45914e-06  9.60931e-06  2.10527e-04 -1.72327e-03
  2.45914e-06  1.02957e-05  2.81813e-04 -1.83767e-03
  2.45914e-06  1.09821e-05  3.57605e-04 -1.95090e-03
  2.45914e-06  1.16685e-05  4.37980e-04 -2.06294e-03
  2.45914e-06  1.23548e-05  5.23008e-04 -2.17375e-03
  2.45914e-06  1.30412e-05  6.12765e-04 -2.28334e-03
  2.45914e-06  1.37276e-05  7.07323e-04 -2.39167e-03
  2.45914e-06  1.44140e-05  8.06755e-04 -2.49873e-03
  2.45914e-06  1.51004e-05  9.11135e-04 -2.60449e-03
  2.45914e-06  1.57867e-05  1.02054e-03 -2.70895e-03
  2.45914e-06  1.64731e-05  1.13503e-03 -2.81208e-03
  2.45914e-06  1.71595e-05  1.25469e-03 -2.91385e-03

  3.27885e-06  0.00000e+00 -4.45082e-04  1.48532e-05
  3.27885e-06  6.86380e-07 -4.17683e-04 -1.09794e-04
  3.27885e-06  1.37276e-06 -3.86649e-04 -2.33447e-04
  3.27885e-06  2.05914e-06 -3.51907e-04 -3.56086e-04
  3.27885e-06  2.74552e-06 -3.13385e-04 -4.77693e-04
  3.27885e-06  3.43190e-06 -2.71007e-04 -5.98247e-04
  3.27885e-06  4.11828e-06 -2.24702e-04 -7.17729e-04
  3.27885e-06  4.80466e-06 -1.74396e-04 -8.36121e-04
  3.27885e-06  5.49104e-06 -1.20015e-04 -9.53403e-04
  3.27885e-06  6.17742e-06 -6.14867e-05 -1.06956e-03
  3.27885e-06  6.86380e-06  1.26276e-06 -1.18456e-03
  3.27885e-06  7.55018e-06  6.83066e-05 -1.29840e-03
  3.27885e-06  8.23656e-06  1.39718e-04 -1.41105e-03
  3.27885e-06  8.92294e-06  2.15570e-04 -1.52249e-03
  3.27885e-06  9.60931e-06  2.95937e-04 -1.63271e-03
  3.27885e-06  1.02957e-05  3.80891e-04 -1.74168e-03
  3.27885e-06  1.09821e-05  4.70506e-04 -1.84939e-03
  3.27885e-06  1.16685e-05  5.64855e-04 -1.95582e-03
  3.27885e-06  1.23548e-05  6.64012e-04 -2.06094e-03
  3.27885e-06  1.30412e-05  7.68049e-04 -2.16474e-03
  3.27885e-06  1.37276e-05  8.77041e-04 -2.26721e-03
  3.27885e-06  1.44140e-05  9.91060e-04 -2.36831e-03
  3.27885e-06  1.51004e-05  1.11018e-03 -2.46803e-03
  3.27885e-06  1.57867e-05  1.23447e-03 -2.56636e-03
  3.27885e-06  1.64731e-05  1.36401e-03 -2.66326e-03
  3.27885e-06  1.71595e-05  1.49888e-03 -2.75873e-03

  4.09856e-06  0.00000e+00 -5.20469e-04  5.23932e-05
  4.09856e-06  6.86380e-07 -4.81298e-04 -6.78661e-05
  4.09856e-06  1.37276e-06 -4.38339e-04 -1.87043e-04
  4.09856e-06  2.05914e-06 -3.91519e-04 -3.05119e-04
  4.09856e-06  2.74552e-06 -3.40765e-04 -4.22075e-04
  4.09856e-06  3.43190e-06 -2.86004e-04 -5.37890e-04
  4.09856e-06  4.11828e-06 -2.27162e-04 -6.52547e-04
  4.09856e-06  4.80466e-06 -1.64166e-04 -7.66025e-04
  4.09856e-06  5.49104e-06 -9.69430e-05 -8.78306e-04
  4.09856e-06  6.17742e-06 -2.54190e-05 -9.89370e-04
  4.09856e-06  6.86380e-06  5.04789e-05 -1.09920e-03
  4.09856e-06  7.55018e-06  1.30824e-04 -1.20777e-03
  4.09856e-06  8.23656e-06  2.15690e-04 -1.31507e-03
  4.09856e-06  8.92294e-06  3.05149e-04 -1.42107e-03
  4.09856e-06  9.60931e-06  3.99276e-04 -1.52577e-03
  4.09856e-06  1.02957e-05  4.98143e-04 -1.62913e-03
  4.09856e-06  1.09821e-05  6.01825e-04 -1.73113e-03
  4.09856e-06  1.16685e-05  7.10393e-04 -1.83177e-03
  4.09856e-06  1.23548e-05  8.23921e-04 -1.93102e-03
  4.09856e-06  1.30412e-05  9.42483e-04 -2.02886e-03
  4.09856e-06  1.37276e-05  1.06615e-03 -2.12527e-03
  4.09856e-06  1.44140e-05  1.19500e-03 -2.22023e-03
  4.09856e-06  1.51004e-05  1.32911e-03 -2.31373e-03
  4.09856e-06  1.57867e-05  1.46854e-03 -2.40574e-03
  4.09856e-06  1.64731e-05  1.61337e-03 -2.49624e-03
  4.09856e-06  1.71595e-05  1.76367e-03 -2.58522e-03

  4.91828e-06  0.00000e+00 -5.81180e-04  1.04047e-04
  4.91828e-06  6.86380e-07 -5.29993e-04 -1.16420e-05
  4.91828e-06  1.37276e-06 -4.74865e-04 -1.26161e-04
  4.91828e-06  2.05914e-06 -4.15723e-04 -2.39491e-04
  4.91828e-06  2.74552e-06 -3.52495e-04 -3.51613e-04
  4.91828e-06  3.43190e-06 -2.85106e-04 -4.62507e-04
  4.91828e-06  4.11828e-06 -2.13483e-04 -5.72155e-04
  4.91828e-06  4.80466e-06 -1.37553e-04 -6.80538e-04
  4.91828e-06  5.49104e-06 -5.72434e-05 -7.87635e-04
  4.91828e-06  6.17742e-06  2.75200e-05 -8.93428e-04
  4.91828e-06  6.86380e-06  1.16810e-04 -9.97897e-04
  4.91828e-06  7.55018e-06  2.10701e-04 -1.10102e-03
  4.91828e-06  8.23656e-06  3.09265e-04 -1.20279e-03
  4.91828e-06  8.92294e-06  4.12576e-04 -1.30317e-03
  4.91828e-06  9.60931e-06  5.20707e-04 -1.40216e-03
  4.91828e-06  1.02957e-05  6.33731e-04 -1.49972e-03
  4.91828e-06  1.09821e-05  7.51722e-04 -1.59584e-03
  4.91828e-06  1.16685e-05  8.74753e-04 -1.69051e-03
  4.91828e-06  1.23548e-05  1.00290e-03 -1.78370e-03
  4.91828e-06  1.30412e-05  1.13623e-03 -1.87539e-03
  4.91828e-06  1.37276e-05  1.27482e-03 -1.96557e-03
  4.91828e-06  1.44140e-05  1.41874e-03 -2.05421e-03
  4.91828e-06  1.51004e-05  1.56807e-03 -2.14130e-03
  4.91828e-06  1.57867e-05  1.72288e-03 -2.22681e-03
  4.91828e-06  1.64731e-05  1.88325e-03 -2.31073e-03
  4.91828e-06  1.71595e-05  2.04924e-03 -2.39304e-03

  5.73799e-06  0.00000e+00 -6.27054e-04  1.70105e-04
  5.73799e-06  6.86380e-07 -5.63606e-04  5.91694e-05
  5.73799e-06  1.37276e-06 -4.96066e-04 -5.05085e-05
  5.73799e-06  2.05914e-06 -4.24358e-04 -1.58910e-04
  5.73799e-06  2.74552e-06 -3.48411e-04 -2.66016e-04
  5.73799e-06  3.43190e-06 -2.68150e-04 -3.71807e-04
  5.73799e-06  4.11828e-06 -1.83503e-04 -4.76264e-04
  5.73799e-06  4.80466e-06 -9.43955e-05 -5.79367e-04
  5.73799e-06  5.49104e-06 -7.55096e-07 -6.81098e-04
  5.73799e-06  6.17742e-06  9.74918e-05 -7.81437e-04
  5.73799e-06  6.86380e-06  2.00418e-04 -8.80366e-04
  5.73799e-06  7.55018e-06  3.08098e-04 -9.77863e-04
  5.73799e-06  8.23656e-06  4.20604e-04 -1.07391e-03
  5.73799e-06  8.92294e-06  5.38010e-04 -1.16849e-03
  5.73799e-06  9.60931e-06  6.60389e-04 -1.26158e-03
  5.73799e-06  1.02957e-05  7.87814e-04 -1.35317e-03
  5.73799e-06  1.09821e-05  9.20359e-04 -1.44322e-03
  5.73799e-06  1.16685e-05  1.05810e-03 -1.53174e-03
  5.73799e-06  1.23548e-05  1.20110e-03 -1.61868e-03
  5.73799e-06  1.30412e-05  1.34944e-03 -1.70405e-03
  5.73799e-06  1.37276e-05  1.50320e-03 -1.78781e-03
  5.73799e-06  1.44140e-05  1.66244e-03 -1.86994e-03
  5.73799e-06  1.51004e-05  1.82725e-03 -1.95044e-03
  5.73799e-06  1.57867e-05  1.99768e-03 -2.02927e-03
  5.73799e-06  1.64731e-05  2.17382e-03 -2.10643e-03
  5.73799e-06  1.71595e-05  2.35574e-03 -2.18188e-03

  6.55770e-06  0.00000e+00 -6.57929e-04  2.50858e-04
  6.55770e-06  6.86380e-07 -5.81978e-04  1.44859e-04
  6.55770e-06  1.37276e-06 -5.01780e-04  4.02051e-05
  6.55770e-06  2.05914e-06 -4.17263e-04 -6.30852e-05
  6.55770e-06  2.74552e-06 -3.28353e-04 -1.64992e-04
  6.55770e-06  3.43190e-06 -2.34976e-04 -2.65497e-04
  6.55770e-06  4.11828e-06 -1.37060e-04 -3.64580e-04
  6.55770e-06  4.80466e-06 -3.45315e-05 -4.62222e-04
  6.55770e-06  5.49104e-06  7.26833e-05 -5.58405e-04
  6.55770e-06  6.17742e-06  1.84658e-04 -6.53107e-04
  6.55770e-06  6.86380e-06  3.01464e-04 -7.46311e-04
  6.55770e-06  7.55018e-06  4.23177e-04 -8.37998e-04
  6.55770e-06  8.23656e-06  5.49870e-04 -9.28147e-04
  6.55770e-06  8.92294e-06  6.81615e-04 -1.01674e-03
  6.55770e-06  9.60931e-06  8.18486e-04 -1.10376e-03
  6.55770e-06  1.02957e-05  9.60556e-04 -1.18918e-03
  6.55770e-06  1.09821e-05  1.10790e-03 -1.27299e-03
  6.55770e-06  1.16685e-05  1.26059e-03 -1.35516e-03
  6.55770e-06  1.23548e-05  1.41869e-03 -1.43569e-03
  6.55770e-06  1.30412e-05  1.58229e-03 -1.51454e-03
  6.55770e-06  1.37276e-05  1.75146e-03 -1.59170e-03
  6.55770e-06  1.44140e-05  1.92627e-03 -1.66715e-03
  6.55770e-06  1.51004e-05  2.10678e-03 -1.74087e-03
  6.55770e-06  1.57867e-05  2.29309e-03 -1.81284e-03
  6.55770e-06  1.64731e-05  2.48525e-03 -1.88304e-03
  6.55770e-06  1.71595e-05  2.68334e-03 -1.95146e-03

  7.37741e-06  0.00000e+00 -6.73644e-04  3.46600e-04
  7.37741e-06  6.86380e-07 -5.84945e-04  2.45719e-04
  7.37741e-06  1.37276e-06 -4.91847e-04  1.46271e-04
  7.37741e-06  2.05914e-06 -3.94276e-04  4.82747e-05
  7.37741e-06  2.74552e-06 -2.92159e-04 -4.82511e-05
  7.37741e-06  3.43190e-06 -1.85423e-04 -1.43287e-04
  7.37741e-06  4.11828e-06 -7.39943e-05 -2.36814e-04
  7.37741e-06  4.80466e-06  4.21998e-05 -3.28812e-04
  7.37741e-06  5.49104e-06  1.63233e-04 -4.19263e-04
  7.37741e-06  6.17742e-06  2.89179e-04 -5.08146e-04
  7.37741e-06  6.86380e-06  4.20110e-04 -5.95444e-04
  7.37741e-06  7.55018e-06  5.56100e-04 -6.81136e-04
  7.37741e-06  8.23656e-06  6.97222e-04 -7.65204e-04
  7.37741e-06  8.92294e-06  8.43550e-04 -8.47627e-04
  7.37741e-06  9.60931e-06  9.95157e-04 -9.28388e-04
  7.37741e-06  1.02957e-05  1.15212e-03 -1.00747e-03
  7.37741e-06  1.09821e-05  1.31450e-03 -1.08484e-03
  7.37741e-06  1.16685e-05  1.48238e-03 -1.16050e-03
  7.37741e-06  1.23548e-05  1.65584e-03 -1.23441e-03
  7.37741e-06  1.30412e-05  1.83494e-03 -1.30657e-03
  7.37741e-06  1.37276e-05  2.01976e-03 -1.37695e-03
  7.37741e-06  1.44140e-05  2.21037e-03 -1.44553e-03
  7.37741e-06  1.51004e-05  2.40685e-03 -1.51229e-03
  7.37741e-06  1.57867e-05  2.60926e-03 -1.57722e-03
  7.37741e-06  1.64731e-05  2.81769e-03 -1.64029e-03
  7.37741e-06  1.71595e-05  3.03220e-03 -1.70149e-03

  8.19713e-06  0.00000e+00 -6.74039e-04  4.57619e-04
  8.19713e-06  6.86380e-07 -5.72347e-04  3.62040e-04
  8.19713e-06  1.37276e-06 -4.66104e-04  2.67981e-04
  8.19713e-06  2.05914e-06 -3.55235e-04  1.75461e-04
  8.19713e-06  2.74552e-06 -2.39668e-04  8.44992e-05
  8.19713e-06  3.43190e-06 -1.19328e-04 -4.88515e-06
  8.19713e-06  4.11828e-06  5.85641e-06 -9.26728e-05
  8.19713e-06  4.80466e-06  1.35960e-04 -1.78844e-04
  8.19713e-06  5.49104e-06  2.71055e-04 -2.63381e-04
  8.19713e-06  6.17742e-06  4.11216e-04 -3.46263e-04
  8.19713e-06  6.86380e-06  5.56515e-04 -4.27471e-04
  8.19713e-06  7.55018e-06  7.07027e-04 -5.06987e-04
  8.19713e-06  8.23656e-06  8.62823e-04 -5.84790e-04
  8.19713e-06  8.92294e-06  1.02398e-03 -6.60862e-04
  8.19713e-06  9.60931e-06  1.19056e-03 -7.35183e-04
  8.19713e-06  1.02957e-05  1.36266e-03 -8.07734e-04
  8.19713e-06  1.09821e-05  1.54033e-03 -8.78497e-04
  8.19713e-06  1.16685e-05  1.72365e-03 -9.47451e-04
  8.19713e-06  1.23548e-05  1.91269e-03 -1.01458e-03
  8.19713e-06  1.30412e-05  2.10754e-03 -1.07986e-03
  8.19713e-06  1.37276e-05  2.30826e-03 -1.14327e-03
  8.19713e-06  1.44140e-05  2.51492e-03 -1.20480e-03
  8.19713e-06  1.51004e-05  2.72760e-03 -1.26442e-03
  8.19713e-06  1.57867e-05  2.94637e-03 -1.32212e-03
  8.19713e-06  1.64731e-05  3.17131e-03 -1.37788e-03
  8.19713e-06  1.71595e-05  3.40248e-03 -1.43167e-03

  9.01684e-06  0.00000e+00 -6.58950e-04  5.84209e-04
  9.01684e-06  6.86380e-07 -5.44023e-04  4.94114e-04
  9.01684e-06  1.37276e-06 -4.24391e-04  4.05626e-04
  9.01684e-06  2.05914e-06 -2.99981e-04  3.18765e-04
  9.01684e-06  2.74552e-06 -1.70719e-04  2.33550e-04
  9.01684e-06  3.43190e-06 -3.65321e-05  1.50000e-04
  9.01684e-06  4.11828e-06  1.02653e-04  6.81338e-05
  9.01684e-06  4.80466e-06  2.46910e-04 -1.20286e-05
  9.01684e-06  5.49104e-06  3.96312e-04 -9.04683e-05
  9.01684e-06  6.17742e-06  5.50932e-04 -1.67166e-04
  9.01684e-06  6.86380e-06  7.10843e-04 -2.42103e-04
  9.01684e-06  7.55018e-06  8.76119e-04 -3.15259e-04
  9.01684e-06  8.23656e-06  1.04683e-03 -3.86615e-04
  9.01684e-06  8.92294e-06  1.22306e-03 -4.56152e-04
  9.01684e-06  9.60931e-06  1.40487e-03 -5.23851e-04
  9.01684e-06  1.02957e-05  1.59234e-03 -5.89693e-04
  9.01684e-06  1.09821e-05  1.78554e-03 -6.53658e-04
  9.01684e-06  1.16685e-05  1.98454e-03 -7.15728e-04
  9.01684e-06  1.23548e-05  2.18942e-03 -7.75882e-04
  9.01684e-06  1.30412e-05  2.40026e-03 -8.34102e-04
  9.01684e-06  1.37276e-05  2.61712e-03 -8.90368e-04
  9.01684e-06  1.44140e-05  2.84007e-03 -9.44661e-04
  9.01684e-06  1.51004e-05  3.06920e-03 -9.96963e-04
  9.01684e-06  1.57867e-05  3.30457e-03 -1.04725e-03
  9.01684e-06  1.64731e-05  3.54626e-03 -1.09551e-03
  9.01684e-06  1.71595e-05  3.79434e-03 -1.14172e-03

  9.83655e-06  0.00000e+00 -6.28218e-04  7.26660e-04
  9.83655e-06  6.86380e-07 -4.99812e-04  6.42232e-04
  9.83655e-06  1.37276e-06 -3.66547e-04  5.59498e-04
  9.83655e-06  2.05914e-06 -2.28351e-04  4.78479e-04
  9.83655e-06  2.74552e-06 -8.51506e-05  3.99193e-04
  9.83655e-06  3.43190e-06  6.31278e-05  3.21659e-04
  9.83655e-06  4.11828e-06  2.16557e-04  2.45897e-04
  9.83655e-06  4.80466e-06  3.75211e-04  1.71927e-04
  9.83655e-06  5.49104e-06  5.39163e-04  9.97666e-05
  9.83655e-06  6.17742e-06  7.08486e-04  2.94358e-05
  9.83655e-06  6.86380e-06  8.83254e-04 -3.90462e-05
  9.83655e-06  7.55018e-06  1.06354e-03 -1.05660e-04
  9.83655e-06  8.23656e-06  1.24942e-03 -1.70387e-04
  9.83655e-06  8.92294e-06  1.44096e-03 -2.33207e-04
  9.83655e-06  9.60931e-06  1.63823e-03 -2.94102e-04
  9.83655e-06  1.02957e-05  1.84132e-03 -3.53051e-04
  9.83655e-06  1.09821e-05  2.05030e-03 -4.10037e-04
  9.83655e-06  1.16685e-05  2.26523e-03 -4.65039e-04
  9.83655e-06  1.23548e-05  2.48619e-03 -5.18038e-04
  9.83655e-06  1.30412e-05  2.71325e-03 -5.69016e-04
  9.83655e-06  1.37276e-05  2.94650e-03 -6.17952e-04
  9.83655e-06  1.44140e-05  3.18599e-03 -6.64828e-04
  9.83655e-06  1.51004e-05  3.43181e-03 -7.09624e-04
  9.83655e-06  1.57867e-05  3.68403e-03 -7.52322e-04
  9.83655e-06  1.64731e-05  3.94271e-03 -7.92901e-04
  9.83655e-06  1.71595e-05  4.20794e-03 -8.31343e-04

  1.06563e-05  0.00000e+00 -5.81681e-04  8.85264e-04
  1.06563e-05  6.86380e-07 -4.39551e-04  8.06684e-04
  1.06563e-05  1.37276e-06 -2.92410e-04  7.29888e-04
  1.06563e-05  2.05914e-06 -1.40184e-04  6.54893e-04
  1.06563e-05  2.74552e-06  1.71986e-05  5.81718e-04
  1.06563e-05  3.43190e-06  1.79812e-04  5.10384e-04
  1.06563e-05  4.11828e-06  3.47730e-04  4.40909e-04
  1.06563e-05  4.80466e-06  5.21025e-04  3.73313e-04
  1.06563e-05  5.49104e-06  6.99771e-04  3.07615e-04
  1.06563e-05  6.17742e-06  8.84041e-04  2.43834e-04
  1.06563e-05  6.86380e-06  1.07391e-03  1.81989e-04
  1.06563e-05  7.55018e-06  1.26945e-03  1.22100e-04
  1.06563e-05  8.23656e-06  1.47073e-03  6.41850e-05
  1.06563e-05  8.92294e-06  1.67783e-03  8.26451e-06
  1.06563e-05  9.60931e-06  1.89082e-03 -4.56428e-05
  1.06563e-05  1.02957e-05  2.10977e-03 -9.75175e-05
  1.06563e-05  1.09821e-05  2.33476e-03 -1.47341e-04
  1.06563e-05  1.16685e-05  2.56586e-03 -1.95093e-04
  1.06563e-05  1.23548e-05  2.80315e-03 -2.40755e-04
  1.06563e-05  1.30412e-05  3.04669e-03 -2.84307e-04
  1.06563e-05  1.37276e-05  3.29656e-03 -3.25731e-04
  1.06563e-05  1.44140e-05  3.55284e-03 -3.65007e-04
  1.06563e-05  1.51004e-05  3.81559e-03 -4.02115e-04
  1.06563e-05  1.57867e-05  4.08490e-03 -4.37037e-04
  1.06563e-05  1.64731e-05  4.36082e-03 -4.69754e-04
  1.06563e-05  1.71595e-05  4.64345e-03 -5.00246e-04

  1.14760e-05  0.00000e+00 -5.19178e-04  1.06031e-03
  1.14760e-05  6.86380e-07 -3.63080e-04  9.87764e-04
  1.14760e-05  1.37276e-06 -2.01818e-04  9.17086e-04
  1.14760e-05  2.05914e-06 -3.53193e-05  8.48298e-04
  1.14760e-05  2.74552e-06  1.36490e-04  7.81418e-04
  1.14760e-05  3.43190e-06  3.13683e-04  7.16466e-04
  1.14760e-05  4.11828e-06  4.96333e-04  6.53461e-04
  1.14760e-05  4.80466e-06  6.84513e-04  5.92422e-04
  1.14760e-05  5.49104e-06  8.78297e-04  5.33368e-04
  1.14760e-05  6.17742e-06  1.07776e-03  4.76319e-04
  1.14760e-05  6.86380e-06  1.28297e-03  4.21294e-04
  1.14760e-05  7.55018e-06  1.49400e-03  3.68312e-04
  1.14760e-05  8.23656e-06  1.71094e-03  3.17392e-04
  1.14760e-05  8.92294e-06  1.93384e-03  2.68554e-04
  1.14760e-05  9.60931e-06  2.16278e-03  2.21817e-04
  1.14760e-05  1.02957e-05  2.39785e-03  1.77200e-04
  1.14760e-05  1.09821e-05  2.63910e-03  1.34722e-04
  1.14760e-05  1.16685e-05  2.88661e-03  9.44021e-05
  1.14760e-05  1.23548e-05  3.14047e-03  5.62603e-05
  1.14760e-05  1.30412e-05  3.40073e-03  2.03155e-05
  1.14760e-05  1.37276e-05  3.66747e-03 -1.34130e-05
  1.14760e-05  1.44140e-05  3.94078e-03 -4.49061e-05
  1.14760e-05  1.51004e-05  4.22071e-03 -7.41445e-05
  1.14760e-05  1.57867e-05  4.50734e-03 -1.01109e-04
  1.14760e-05  1.64731e-05  4.80076e-03 -1.25780e-04
  1.14760e-05  1.71595e-05  5.10102e-03 -1.48139e-04

  1.22957e-05  0.00000e+00 -4.40547e-04  1.25209e-03
  1.22957e-05  6.86380e-07 -2.70237e-04  1.18576e-03
  1.22957e-05  1.37276e-06 -9.46110e-05  1.12139e-03
  1.22957e-05  2.05914e-06  8.64052e-05  1.05899e-03
  1.22957e-05  2.74552e-06  2.72885e-04  9.98584e-04
  1.22957e-05  3.43190e-06  4.64901e-04  9.40197e-04
  1.22957e-05  4.11828e-06  6.62527e-04  8.83844e-04
  1.22957e-05  4.80466e-06  8.65837e-04  8.29544e-04
  1.22957e-05  5.49104e-06  1.07490e-03  7.77318e-04
  1.22957e-05  6.17742e-06  1.28980e-03  7.27184e-04
  1.22957e-05  6.86380e-06  1.51060e-03  6.79161e-04
  1.22957e-05  7.55018e-06  1.73737e-03  6.33269e-04
  1.22957e-05  8.23656e-06  1.97020e-03  5.89527e-04
  1.22957e-05  8.92294e-06  2.20915e-03  5.47954e-04
  1.22957e-05  9.60931e-06  2.45429e-03  5.08569e-04
  1.22957e-05  1.02957e-05  2.70571e-03  4.71392e-04
  1.22957e-05  1.09821e-05  2.96346e-03  4.36441e-04
  1.22957e-05  1.16685e-05  3.22764e-03  4.03737e-04
  1.22957e-05  1.23548e-05  3.49830e-03  3.73298e-04
  1.22957e-05  1.30412e-05  3.77553e-03  3.45143e-04
  1.22957e-05  1.37276e-05  4.05939e-03  3.19292e-04
  1.22957e-05  1.44140e-05  4.34996e-03  2.95765e-04
  1.22957e-05  1.51004e-05  4.64732e-03  2.74579e-04
  1.22957e-05  1.57867e-05  4.95153e-03  2.55755e-04
  1.22957e-05  1.64731e-05  5.26267e-03  2.39312e-04
  1.22957e-05  1.71595e-05  5.58081e-03  2.25268e-04

  1.31154e-05  0.00000e+00 -3.45626e-04  1.46090e-03
  1.31154e-05  6.86380e-07 -1.60862e-04  1.40097e-03
  1.31154e-05  1.37276e-06  2.93729e-05  1.34308e-03
  1.31154e-05  2.05914e-06  2.25150e-04  1.28725e-03
  1.31154e-05  2.74552e-06  4.26544e-04  1.23351e-03
  1.31154e-05  3.43190e-06  6.33627e-04  1.18187e-03
  1.31154e-05  4.11828e-06  8.46474e-04  1.13235e-03
  1.31154e-05  4.80466e-06  1.06516e-03  1.08497e-03
  1.31154e-05  5.49104e-06  1.28975e-03  1.03976e-03
  1.31154e-05  6.17742e-06  1.52032e-03  9.96719e-04
  1.31154e-05  6.86380e-06  1.75695e-03  9.55881e-04
  1.31154e-05  7.55018e-06  1.99971e-03  9.17261e-04
  1.31154e-05  8.23656e-06  2.24868e-03  8.80879e-04
  1.31154e-05  8.92294e-06  2.50392e-03  8.46753e-04
  1.31154e-05  9.60931e-06  2.76550e-03  8.14904e-04
  1.31154e-05  1.02957e-05  3.03352e-03  7.85349e-04
  1.31154e-05  1.09821e-05  3.30802e-03  7.58109e-04
  1.31154e-05  1.16685e-05  3.58910e-03  7.33203e-04
  1.31154e-05  1.23548e-05  3.87682e-03  7.10649e-04
  1.31154e-05  1.30412e-05  4.17125e-03  6.90467e-04
  1.31154e-05  1.37276e-05  4.47247e-03  6.72677e-04
  1.31154e-05  1.44140e-05  4.78056e-03  6.57297e-04
  1.31154e-05  1.51004e-05  5.09558e-03  6.44347e-04
  1.31154e-05  1.57867e-05  5.41761e-03  6.33846e-04
  1.31154e-05  1.64731e-05  5.74673e-03  6.25814e-04
  1.31154e-05  1.71595e-05  6.08300e-03  6.20268e-04

  1.39351e-05  0.00000e+00 -2.34256e-04  1.68703e-03
  1.39351e-05  6.86380e-07 -3.47919e-05  1.63367e-03
  1.39351e-05  1.37276e-06  1.70295e-04  1.58245e-03
  1.39351e-05  2.05914e-06  3.81078e-04  1.53338e-03
  1.39351e-05  2.74552e-06  5.97630e-04  1.48648e-03
  1.39351e-05  3.43190e-06  8.20024e-04  1.44177e-03
  1.39351e-05  4.11828e-06  1.04833e-03  1.39927e-03
  1.39351e-05  4.80466e-06  1.28263e-03  1.35900e-03
  1.39351e-05  5.49104e-06  1.52300e-03  1.32097e-03
  1.39351e-05  6.17742e-06  1.76949e-03  1.28521e-03
  1.39351e-05  6.86380e-06  2.02220e-03  1.25174e-03
  1.39351e-05  7.55018e-06  2.28119e-03  1.22058e-03
  1.39351e-05  8.23656e-06  2.54653e-03  1.19174e-03
  1.39351e-05  8.92294e-06  2.81831e-03  1.16525e-03
  1.39351e-05  9.60931e-06  3.09658e-03  1.14111e-03
  1.39351e-05  1.02957e-05  3.38143e-03  1.11936e-03
  1.39351e-05  1.09821e-05  3.67293e-03  1.10002e-03
  1.39351e-05  1.16685e-05  3.97116e-03  1.08309e-03
  1.39351e-05  1.23548e-05  4.27617e-03  1.06861e-03
  1.39351e-05  1.30412e-05  4.58806e-03  1.05658e-03
  1.39351e-05  1.37276e-05  4.90689e-03  1.04703e-03
  1.39351e-05  1.44140e-05  5.23273e-03  1.03998e-03
  1.39351e-05  1.51004e-05  5.56566e-03  1.03545e-03
  1.39351e-05  1.57867e-05  5.90576e-03  1.03346e-03
  1.39351e-05  1.64731e-05  6.25309e-03  1.03402e-03
  1.39351e-05  1.71595e-05  6.60773e-03  1.03715e-03

  1.47548e-05  0.00000e+00 -1.06274e-04  1.93077e-03
  1.47548e-05  6.86380e-07  1.08133e-04  1.88417e-03
  1.47548e-05  1.37276e-06  3.28316e-04  1.83980e-03
  1.47548e-05  2.05914e-06  5.54348e-04  1.79766e-03
  1.47548e-05  2.74552e-06  7.86302e-04  1.75779e-03
  1.47548e-05  3.43190e-06  1.02425e-03  1.72019e-03
  1.47548e-05  4.11828e-06  1.26827e-03  1.68489e-03
  1.47548e-05  4.80466e-06  1.51843e-03  1.65191e-03
  1.47548e-05  5.49104e-06  1.77481e-03  1.62126e-03
  1.47548e-05  6.17742e-06  2.03747e-03  1.59296e-03
  1.47548e-05  6.86380e-06  2.30650e-03  1.56704e-03
  1.47548e-05  7.55018e-06  2.58196e-03  1.54352e-03
  1.47548e-05  8.23656e-06  2.86393e-03  1.52240e-03
  1.47548e-05  8.92294e-06  3.15248e-03  1.50372e-03
  1.47548e-05  9.60931e-06  3.44769e-03  1.48749e-03
  1.47548e-05  1.02957e-05  3.74962e-03  1.47373e-03
  1.47548e-05  1.09821e-05  4.05836e-03  1.46246e-03
  1.47548e-05  1.16685e-05  4.37397e-03  1.45369e-03
  1.47548e-05  1.23548e-05  4.69653e-03  1.44746e-03
  1.47548e-05  1.30412e-05  5.02611e-03  1.44377e-03
  1.47548e-05  1.37276e-05  5.36279e-03  1.44265e-03
  1.47548e-05  1.44140e-05  5.70664e-03  1.44411e-03
  1.47548e-05  1.51004e-05  6.05773e-03  1.44818e-03
  1.47548e-05  1.57867e-05  6.41613e-03  1.45487e-03
  1.47548e-05  1.64731e-05  6.78192e-03  1.46421e-03
  1.47548e-05  1.71595e-05  7.15517e-03  1.47621e-03

  1.55745e-05  0.00000e+00  3.84806e-05  2.19240e-03
  1.55745e-05  6.86380e-07  2.68075e-04  2.15275e-03
  1.55745e-05  1.37276e-06  5.03599e-04  2.11541e-03
  1.55745e-05  2.05914e-06  7.45124e-04  2.08040e-03
  1.55745e-05  2.74552e-06  9.92724e-04  2.04773e-03
  1.55745e-05  3.43190e-06  1.24647e-03  2.01743e-03
  1.55745e-05  4.11828e-06  1.50644e-03  1.98951e-03
  1.55745e-05  4.80466e-06  1.77271e-03  1.96400e-03
  1.55745e-05  5.49104e-06  2.04534e-03  1.94091e-03
  1.55745e-05  6.17742e-06  2.32442e-03  1.92026e-03
  1.55745e-05  6.86380e-06  2.61000e-03  1.90207e-03
  1.55745e-05  7.55018e-06  2.90218e-03  1.88636e-03
  1.55745e-05  8.23656e-06  3.20102e-03  1.87316e-03
  1.55745e-05  8.92294e-06  3.50660e-03  1.86247e-03
  1.55745e-05  9.60931e-06  3.81898e-03  1.85432e-03
  1.55745e-05  1.02957e-05  4.13824e-03  1.84873e-03
  1.55745e-05  1.09821e-05  4.46446e-03  1.84572e-03
  1.55745e-05  1.16685e-05  4.79771e-03  1.84530e-03
  1.55745e-05  1.23548e-05  5.13805e-03  1.84750e-03
  1.55745e-05  1.30412e-05  5.48558e-03  1.85233e-03
  1.55745e-05  1.37276e-05  5.84035e-03  1.85982e-03
  1.55745e-05  1.44140e-05  6.20244e-03  1.86998e-03
  1.55745e-05  1.51004e-05  6.57192e-03  1.88283e-03
  1.55745e-05  1.57867e-05  6.94888e-03  1.89839e-03
  1.55745e-05  1.64731e-05  7.33337e-03  1.91669e-03
  1.55745e-05  1.71595e-05  7.72548e-03  1.93773e-03

  1.63943e-05  0.00000e+00  2.00169e-04  2.47223e-03
  1.63943e-05  6.86380e-07  4.45195e-04  2.43971e-03
  1.63943e-05  1.37276e-06  6.96303e-04  2.40958e-03
  1.63943e-05  2.05914e-06  9.53565e-04  2.38187e-03
  1.63943e-05  2.74552e-06  1.21705e-03  2.35660e-03
  1.63943e-05  3.43190e-06  1.48685e-03  2.33377e-03
  1.63943e-05  4.11828e-06  1.76301e-03  2.31342e-03
  1.63943e-05  4.80466e-06  2.04563e-03  2.29556e-03
  1.63943e-05  5.49104e-06  2.33476e-03  2.28021e-03
  1.63943e-05  6.17742e-06  2.63049e-03  2.26739e-03
  1.63943e-05  6.86380e-06  2.93289e-03  2.25711e-03
  1.63943e-05  7.55018e-06  3.24203e-03  2.24941e-03
  1.63943e-05  8.23656e-06  3.55798e-03  2.24430e-03
  1.63943e-05  8.92294e-06  3.88082e-03  2.24179e-03
  1.63943e-05  9.60931e-06  4.21062e-03  2.24190e-03
  1.63943e-05  1.02957e-05  4.54746e-03  2.24467e-03
  1.63943e-05  1.09821e-05  4.89140e-03  2.25009e-03
  1.63943e-05  1.16685e-05  5.24252e-03  2.25820e-03
  1.63943e-05  1.23548e-05  5.60090e-03  2.26902e-03
  1.63943e-05  1.30412e-05  5.96661e-03  2.28256e-03
  1.63943e-05  1.37276e-05  6.33972e-03  2.29883e-03
  1.63943e-05  1.44140e-05  6.72030e-03  2.31787e-03
  1.63943e-05  1.51004e-05  7.10842e-03  2.33969e-03
  1.63943e-05  1.57867e-05  7.50417e-03  2.36431e-03
  1.63943e-05  1.64731e-05  7.90762e-03  2.39174e-03
  1.63943e-05  1.71595e-05  8.31883e-03  2.42202e-03

  1.72140e-05  0.00000e+00  3.78954e-04  2.77054e-03
  1.72140e-05  6.86380e-07  6.39655e-04  2.74533e-03
  1.72140e-05  1.37276e-06  9.06590e-04  2.72260e-03
  1.72140e-05  2.05914e-06  1.17983e-03  2.70238e-03
  1.72140e-05  2.74552e-06  1.45946e-03  2.68467e-03
  1.72140e-05  3.43190e-06  1.74554e-03  2.66951e-03
  1.72140e-05  4.11828e-06  2.03814e-03  2.65690e-03
  1.72140e-05  4.80466e-06  2.33735e-03  2.64688e-03
  1.72140e-05  5.49104e-06  2.64323e-03  2.63945e-03
  1.72140e-05  6.17742e-06  2.95586e-03  2.63464e-03
  1.72140e-05  6.86380e-06  3.27530e-03  2.63247e-03
  1.72140e-05  7.55018e-06  3.60165e-03  2.63295e-03
  1.72140e-05  8.23656e-06  3.93496e-03  2.63611e-03
  1.72140e-05  8.92294e-06  4.27531e-03  2.64196e-03
  1.72140e-05  9.60931e-06  4.62277e-03  2.65053e-03
  1.72140e-05  1.02957e-05  4.97742e-03  2.66182e-03
  1.72140e-05  1.09821e-05  5.33934e-03  2.67587e-03
  1.72140e-05  1.16685e-05  5.70858e-03  2.69270e-03
  1.72140e-05  1.23548e-05  6.08524e-03  2.71231e-03
  1.72140e-05  1.30412e-05  6.46937e-03  2.73473e-03
  1.72140e-05  1.37276e-05  6.86106e-03  2.75998e-03
  1.72140e-05  1.44140e-05  7.26037e-03  2.78808e-03
  1.72140e-05  1.51004e-05  7.66739e-03  2.81905e-03
  1.72140e-05  1.57867e-05  8.08218e-03  2.85290e-03
  1.72140e-05  1.64731e-05  8.50481e-03  2.88966e-03
  1.72140e-05  1.71595e-05  8.93537e-03  2.92935e-03

  1.80337e-05  0.00000e+00  5.74995e-04  3.08763e-03
  1.80337e-05  6.86380e-07  8.51615e-04  3.06991e-03
  1.80337e-05  1.37276e-06  1.13462e-03  3.05476e-03
  1.80337e-05  2.05914e-06  1.42409e-03  3.04221e-03
  1.80337e-05  2.74552e-06  1.72009e-03  3.03226e-03
  1.80337e-05  3.43190e-06  2.02270e-03  3.02493e-03
  1.80337e-05  4.11828e-06  2.33199e-03  3.02026e-03
  1.80337e-05  4.80466e-06  2.64803e-03  3.01825e-03
  1.80337e-05  5.49104e-06  2.97090e-03  3.01893e-03
  1.80337e-05  6.17742e-06  3.30067e-03  3.02231e-03
  1.80337e-05  6.86380e-06  3.63742e-03  3.02842e-03
  1.80337e-05  7.55018e-06  3.98121e-03  3.03727e-03
  1.80337e-05  8.23656e-06  4.33212e-03  3.04889e-03
  1.80337e-05  8.92294e-06  4.69022e-03  3.06328e-03
  1.80337e-05  9.60931e-06  5.05560e-03  3.08048e-03
  1.80337e-05  1.02957e-05  5.42831e-03  3.10050e-03
  1.80337e-05  1.09821e-05  5.80843e-03  3.12335e-03
  1.80337e-05  1.16685e-05  6.19605e-03  3.14907e-03
  1.80337e-05  1.23548e-05  6.59122e-03  3.17766e-03
  1.80337e-05  1.30412e-05  6.99402e-03  3.20915e-03
  1.80337e-05  1.37276e-05  7.40454e-03  3.24356e-03
  1.80337e-05  1.44140e-05  7.82283e-03  3.28090e-03
  1.80337e-05  1.51004e-05  8.24897e-03  3.32120e-03
  1.80337e-05  1.57867e-05  8.68305e-03  3.36447e-03
  1.80337e-05  1.64731e-05  9.12512e-03  3.41074e-03
  1.80337e-05  1.71595e-05  9.57526e-03  3.46002e-03

  1.88534e-05  0.00000e+00  7.88454e-04  3.42378e-03
  1.88534e-05  6.86380e-07  1.08124e-03  3.41374e-03
  1.88534e-05  1.37276e-06  1.38056e-03  3.40635e-03
  1.88534e-05  2.05914e-06  1.68650e-03  3.40165e-03
  1.88534e-05  2.74552e-06  1.99912e-03  3.39964e-03
  1.88534e-05  3.43190e-06  2.31850e-03  3.40034e-03
  1.88534e-05  4.11828e-06  2.64472e-03  3.40378e-03
  1.88534e-05  4.80466e-06  2.97784e-03  3.40997e-03
  1.88534e-05  5.49104e-06  3.31795e-03  3.41894e-03
  1.88534e-05  6.17742e-06  3.66510e-03  3.43070e-03
  1.88534e-05  6.86380e-06  4.01939e-03  3.44527e-03
  1.88534e-05  7.55018e-06  4.38087e-03  3.46267e-03
  1.88534e-05  8.23656e-06  4.74963e-03  3.48292e-03
  1.88534e-05  8.92294e-06  5.12573e-03  3.50604e-03
  1.88534e-05  9.60931e-06  5.50925e-03  3.53205e-03
  1.88534e-05  1.02957e-05  5.90027e-03  3.56097e-03
  1.88534e-05  1.09821e-05  6.29885e-03  3.59282e-03
  1.88534e-05  1.16685e-05  6.70507e-03  3.62761e-03
  1.88534e-05  1.23548e-05  7.11901e-03  3.66537e-03
  1.88534e-05  1.30412e-05  7.54073e-03  3.70611e-03
  1.88534e-05  1.37276e-05  7.97031e-03  3.74986e-03
  1.88534e-05  1.44140e-05  8.40782e-03  3.79662e-03
  1.88534e-05  1.51004e-05  8.85334e-03  3.84644e-03
  1.88534e-05  1.57867e-05  9.30694e-03  3.89931e-03
  1.88534e-05  1.64731e-05  9.76869e-03  3.95527e-03
  1.88534e-05  1.71595e-05  1.02387e-02  4.01432e-03

  1.96731e-05  0.00000e+00  1.01949e-03  3.77929e-03
  1.96731e-05  6.86380e-07  1.32868e-03  3.77711e-03
  1.96731e-05  1.37276e-06  1.64457e-03  3.77767e-03
  1.96731e-05  2.05914e-06  1.96722e-03  3.78099e-03
  1.96731e-05  2.74552e-06  2.29670e-03  3.78710e-03
  1.96731e-05  3.43190e-06  2.63311e-03  3.79601e-03
  1.96731e-05  4.11828e-06  2.97649e-03  3.80775e-03
  1.96731e-05  4.80466e-06  3.32694e-03  3.82233e-03
  1.96731e-05  5.49104e-06  3.68452e-03  3.83976e-03
  1.96731e-05  6.17742e-06  4.04931e-03  3.86008e-03
  1.96731e-05  6.86380e-06  4.42138e-03  3.88330e-03
  1.96731e-05  7.55018e-06  4.80080e-03  3.90943e-03
  1.96731e-05  8.23656e-06  5.18764e-03  3.93851e-03
  1.96731e-05  8.92294e-06  5.58199e-03  3.97054e-03
  1.96731e-05  9.60931e-06  5.98390e-03  4.00554e-03
  1.96731e-05  1.02957e-05  6.39347e-03  4.04355e-03
  1.96731e-05  1.09821e-05  6.81075e-03  4.08456e-03
  1.96731e-05  1.16685e-05  7.23583e-03  4.12861e-03
  1.96731e-05  1.23548e-05  7.66877e-03  4.17572e-03
  1.96731e-05  1.30412e-05  8.10965e-03  4.22589e-03
  1.96731e-05  1.37276e-05  8.55854e-03  4.27916e-03
  1.96731e-05  1.44140e-05  9.01552e-03  4.33554e-03
  1.96731e-05  1.51004e-05  9.48066e-03  4.39505e-03
  1.96731e-05  1.57867e-05  9.95403e-03  4.45771e-03
  1.96731e-05  1.64731e-05  1.04357e-02  4.52353e-03
  1.96731e-05  1.71595e-05  1.09258e-02  4.59255e-03

  2.04928e-05  0.00000e+00  1.26827e-03  4.15445e-03
  2.04928e-05  6.86380e-07  1.59411e-03  4.16030e-03
  2.04928e-05  1.37276e-06  1.92680e-03  4.16899e-03
  2.04928e-05  2.05914e-06  2.26641e-03  4.18053e-03
  2.04928e-05  2.74552e-06  2.61300e-03  4.19495e-03
  2.04928e-05  3.43190e-06  2.96667e-03  4.21225e-03
  2.04928e-05  4.11828e-06  3.32747e-03  4.23246e-03
  2.04928e-05  4.80466e-06  3.69549e-03  4.25561e-03
  2.04928e-05  5.49104e-06  4.07079e-03  4.28170e-03
  2.04928e-05  6.17742e-06  4.45345e-03  4.31076e-03
  2.04928e-05  6.86380e-06  4.84355e-03  4.34280e-03
  2.04928e-05  7.55018e-06  5.24115e-03  4.37785e-03
  2.04928e-05  8.23656e-06  5.64632e-03  4.41593e-03
  2.04928e-05  8.92294e-06  6.05916e-03  4.45705e-03
  2.04928e-05  9.60931e-06  6.47971e-03  4.50124e-03
  2.04928e-05  1.02957e-05  6.90807e-03  4.54851e-03
  2.04928e-05  1.09821e-05  7.34429e-03  4.59888e-03
  2.04928e-05  1.16685e-05  7.78847e-03  4.65237e-03
  2.04928e-05  1.23548e-05  8.24066e-03  4.70900e-03
  2.04928e-05  1.30412e-05  8.70094e-03  4.76879e-03
  2.04928e-05  1.37276e-05  9.16939e-03  4.83177e-03
  2.04928e-05  1.44140e-05  9.64608e-03  4.89794e-03
  2.04928e-05  1.51004e-05  1.01311e-02  4.96732e-03
  2.04928e-05  1.57867e-05  1.06245e-02  5.03995e-03
  2.04928e-05  1.64731e-05  1.11263e-02  5.11583e-03
  2.04928e-05  1.71595e-05  1.16367e-02  5.19499e-03

