#        name           s   code  alphax  betax   nux   etax   etapx  alphay  betay   nuy   etay   etapy    I5
#                      [m]                 [m]           [m]                   [m]           [m]
#
   0 begin             0.00000  0.0   0.000 19.579  0.000 -0.000 -0.000  -0.000  3.261  0.000  0.000  0.000  0.00e+00
   1 dh0g1a            4.65000  0.0  -0.238 20.683  0.037 -0.000 -0.000  -1.426  9.892  0.153  0.000  0.000  0.00e+00
   2 gs                4.65000  0.0  -0.238 20.683  0.037 -0.000 -0.000  -1.426  9.892  0.153  0.000  0.000  0.00e+00
   3 sh1               4.85000  1.5  -0.248 20.780  0.039 -0.000 -0.000  -1.487 10.475  0.156  0.000  0.000  0.00e+00
   4 dh1ag2a           4.93750  0.0  -0.252 20.824  0.039 -0.000 -0.000  -1.514 10.737  0.157  0.000  0.000  0.00e+00
   5 bpm               4.93750  0.0  -0.252 20.824  0.039 -0.000 -0.000  -1.514 10.737  0.157  0.000  0.000  0.00e+00
   6 dbpm              5.02500  0.0  -0.257 20.868  0.040 -0.000 -0.000  -1.541 11.005  0.158  0.000  0.000  0.00e+00
   7 qh1sp01           5.27500 -1.0  -3.979 21.912  0.042 -0.000 -0.000   0.351 11.307  0.162  0.000  0.000  0.00e+00
   8 dh2ag2a           5.43250  0.0  -4.100 23.185  0.043 -0.000 -0.000   0.335 11.199  0.164  0.000  0.000  0.00e+00
   9 sq1hsp01          5.53250  0.0  -4.177 24.012  0.044 -0.000 -0.000   0.325 11.133  0.166  0.000  0.000  0.00e+00
  10 chv               5.53250  0.0  -4.177 24.012  0.044 -0.000 -0.000   0.325 11.133  0.166  0.000  0.000  0.00e+00
  11 sq1hsp01          5.63250  0.0  -4.254 24.855  0.044 -0.000 -0.000   0.315 11.068  0.167  0.000  0.000  0.00e+00
  12 dh2bg2a           5.79000  0.0  -4.375 26.214  0.045 -0.000 -0.000   0.300 10.972  0.169  0.000  0.000  0.00e+00
  13 sh2               5.99000  0.0  -4.528 27.995  0.046 -0.000 -0.000   0.280 10.856  0.172  0.000  0.000  0.00e+00
  14 dh2cg2a           6.14000  0.0  -4.644 29.371  0.047 -0.000 -0.000   0.265 10.774  0.174  0.000  0.000  0.00e+00
  15 qh2sp01           6.54000  1.0  13.471 25.493  0.050 -0.000  0.000  -8.046 13.639  0.180  0.000  0.000  0.00e+00
  16 dh3ag2a           6.73000  0.0  12.111 20.632  0.051 -0.000  0.000  -8.962 16.870  0.182  0.000  0.000  0.00e+00
  17 sh3               6.93000 -1.5  10.680 16.074  0.053 -0.000  0.000  -9.926 20.648  0.184  0.000  0.000  0.00e+00
  18 dh3bg2a           7.12500  0.0   9.284 12.181  0.055 -0.000  0.000 -10.865 24.702  0.185  0.000  0.000  0.00e+00
  19 qh3sp01           7.37500 -1.0   3.490  9.106  0.059 -0.000  0.000   1.048 27.256  0.186  0.000  0.000  0.00e+00
  20 dh4ag2a           7.46250  0.0   3.363  8.506  0.060 -0.000  0.000   1.041 27.073  0.187  0.000  0.000  0.00e+00
  21 bpm               7.46250  0.0   3.363  8.506  0.060 -0.000  0.000   1.041 27.073  0.187  0.000  0.000  0.00e+00
  22 dbpm              7.55000  0.0   3.236  7.929  0.062 -0.000  0.000   1.034 26.892  0.188  0.000  0.000  0.00e+00
  23 sh4               7.75000 -1.5   2.947  6.692  0.066 -0.000  0.000   1.019 26.481  0.189  0.000  0.000  0.00e+00
  24 dh4bg2a           7.99850  0.0   2.587  5.317  0.073 -0.000  0.000   1.000 25.980  0.190  0.000  0.000  0.00e+00
  25 dfch              8.14850  0.0   2.370  4.573  0.078 -0.000  0.000   0.988 25.681  0.191  0.000  0.000  0.00e+00
  26 chv               8.14850  0.0   2.370  4.573  0.078 -0.000  0.000   0.988 25.681  0.191  0.000  0.000  0.00e+00
  27 dfch              8.29850  0.0   2.153  3.895  0.083 -0.000  0.000   0.976 25.387  0.192  0.000  0.000  0.00e+00
  28 ge                8.29850  0.0   2.153  3.895  0.083 -0.000  0.000   0.976 25.387  0.192  0.000  0.000  0.00e+00
  29 dh4cg3a           8.33000  0.0   2.108  3.760  0.085 -0.000  0.000   0.974 25.325  0.192  0.000  0.000  0.00e+00
  30 gs                8.33000  0.0   2.108  3.760  0.085 -0.000  0.000   0.974 25.325  0.192  0.000  0.000  0.00e+00
  31 b1sp01           10.95000  0.5  -1.677  2.634  0.429  0.137  0.105   0.857 20.500  0.211  0.000  0.000  0.00e+00
  32 dm1ag3a          11.31500  0.0  -2.205  4.051  0.446  0.175  0.105   0.827 19.886  0.213  0.000  0.000  0.00e+00
  33 dfch             11.46500  0.0  -2.422  4.746  0.452  0.191  0.105   0.814 19.640  0.215  0.000  0.000  0.00e+00
  34 chv              11.46500  0.0  -2.422  4.746  0.452  0.191  0.105   0.814 19.640  0.215  0.000  0.000  0.00e+00
  35 sm3              11.46500  1.5  -2.422  4.746  0.452  0.191  0.105   0.814 19.640  0.215  0.000  0.000  0.00e+00
  36 dfch             11.61500  0.0  -2.639  5.505  0.457  0.207  0.105   0.801 19.397  0.216  0.000  0.000  0.00e+00
  37 dm1bg3a          11.92500  0.0  -3.088  7.280  0.464  0.239  0.105   0.775 18.909  0.218  0.000  0.000  0.00e+00
  38 ge               11.92500  0.0  -3.088  7.280  0.464  0.239  0.105   0.775 18.909  0.218  0.000  0.000  0.00e+00
  39 gs               11.92500  0.0  -3.088  7.280  0.464  0.239  0.105   0.775 18.909  0.218  0.000  0.000  0.00e+00
  40 qm1sp01          12.17500 -1.0  -5.394  9.364  0.469  0.272  0.159   4.542 17.555  0.221  0.000  0.000  0.00e+00
  41 dm2ag4a          12.37500  0.0  -6.037 11.650  0.472  0.304  0.159   4.296 15.788  0.223  0.000  0.000  0.00e+00
  42 sm1a             12.57500 -1.5  -6.680 14.194  0.475  0.336  0.159   4.049 14.119  0.225  0.000  0.000  0.00e+00
  43 dm2bg4a          13.15750  0.0  -8.552 23.066  0.480  0.428  0.159   3.331  9.820  0.233  0.000  0.000  0.00e+00
  44 bpm              13.15750  0.0  -8.552 23.066  0.480  0.428  0.159   3.331  9.820  0.233  0.000  0.000  0.00e+00
  45 dbpm             13.24500  0.0  -8.833 24.588  0.480  0.442  0.159   3.224  9.246  0.234  0.000  0.000  0.00e+00
  46 qm2sp01          13.49500  1.0  -0.010 26.865  0.482  0.462  0.000   0.061  8.448  0.239  0.000  0.000  0.00e+00
  47 dm2cg4a          13.69500  0.0  -0.017 26.871  0.483  0.462  0.000   0.037  8.429  0.242  0.000  0.000  0.00e+00
  48 sm2              13.94500  1.5  -0.027 26.882  0.485  0.462  0.000   0.007  8.417  0.247  0.000  0.000  0.00e+00
  49 dm2cg4b          14.14500  0.0  -0.034 26.894  0.486  0.462  0.000  -0.016  8.419  0.251  0.000  0.000  0.00e+00
  50 qm2sp01          14.39500  1.0   8.806 24.635  0.487  0.442 -0.159  -3.161  9.191  0.255  0.000  0.000  0.00e+00
  51 dm2bg4b          14.91500  0.0   7.148 16.338  0.492  0.360 -0.159  -3.782 12.802  0.263  0.000  0.000  0.00e+00
  52 sm1b             15.11500 -1.5   6.510 13.606  0.494  0.328 -0.159  -4.022 14.363  0.265  0.000  0.000  0.00e+00
  53 dm2ag4b          15.37750  0.0   5.673 10.408  0.497  0.286 -0.159  -4.335 16.556  0.268  0.000  0.000  0.00e+00
  54 bpm              15.37750  0.0   5.673 10.408  0.497  0.286 -0.159  -4.335 16.556  0.268  0.000  0.000  0.00e+00
  55 dbpm             15.46500  0.0   5.394  9.440  0.499  0.272 -0.159  -4.440 17.324  0.269  0.000  0.000  0.00e+00
  56 qm1sp01          15.71500 -1.0   3.078  7.358  0.503  0.239 -0.105  -0.722 18.638  0.271  0.000  0.000  0.00e+00
  57 dm1eg4b          15.93460  0.0   2.766  6.075  0.509  0.216 -0.105  -0.740 18.959  0.273  0.000  0.000  0.00e+00
  58 dfch             16.08460  0.0   2.552  5.277  0.513  0.201 -0.105  -0.752 19.183  0.274  0.000  0.000  0.00e+00
  59 sm3              16.08460  1.5   2.552  5.277  0.513  0.201 -0.105  -0.752 19.183  0.274  0.000  0.000  0.00e+00
  60 chv              16.08460  0.0   2.552  5.277  0.513  0.201 -0.105  -0.752 19.183  0.274  0.000  0.000  0.00e+00
  61 dfch             16.23460  0.0   2.339  4.544  0.518  0.185 -0.105  -0.765 19.411  0.276  0.000  0.000  0.00e+00
  62 ge               16.23460  0.0   2.339  4.544  0.518  0.185 -0.105  -0.765 19.411  0.276  0.000  0.000  0.00e+00
  63 gs               16.23460  0.0   2.339  4.544  0.518  0.185 -0.105  -0.765 19.411  0.276  0.000  0.000  0.00e+00
  64 dm1dg5b          16.29000  0.0   2.260  4.289  0.520  0.179 -0.105  -0.769 19.495  0.276  0.000  0.000  0.00e+00
  65 dpwg5b           16.49000  0.0   1.975  3.442  0.528  0.158 -0.105  -0.785 19.806  0.278  0.000  0.000  0.00e+00
  66 dm1cg5b          16.69000  0.0   1.690  2.709  0.538  0.137 -0.105  -0.802 20.124  0.279  0.000  0.000  0.00e+00
  67 b1sp01           19.31000  0.5  -2.033  3.605  0.881 -0.000 -0.000  -0.913 24.642  0.298  0.000  0.000  0.00e+00
  68 ge               19.31000  0.0  -2.033  3.605  0.881 -0.000 -0.000  -0.913 24.642  0.298  0.000  0.000  0.00e+00
  69 dl4bg6b          19.52780  0.0  -2.343  4.559  0.889 -0.000 -0.000  -0.930 25.044  0.299  0.000  0.000  0.00e+00
  70 gs               19.52780  0.0  -2.343  4.559  0.889 -0.000 -0.000  -0.930 25.044  0.299  0.000  0.000  0.00e+00
  71 dfch             19.67780  0.0  -2.557  5.293  0.894 -0.000 -0.000  -0.941 25.324  0.300  0.000  0.000  0.00e+00
  72 chv              19.67780  0.0  -2.557  5.293  0.894 -0.000 -0.000  -0.941 25.324  0.300  0.000  0.000  0.00e+00
  73 dfch             19.82780  0.0  -2.770  6.092  0.898 -0.000 -0.000  -0.952 25.608  0.301  0.000  0.000  0.00e+00
  74 dl4ag6b          19.91000  0.0  -2.887  6.557  0.900 -0.000 -0.000  -0.958 25.765  0.302  0.000  0.000  0.00e+00
  75 ql3sp01          20.16000 -1.0  -6.519  8.836  0.906 -0.000 -0.000   8.469 23.825  0.303  0.000  0.000  0.00e+00
  76 dbpm             20.24750  0.0  -6.949 10.015  0.907 -0.000 -0.000   8.202 22.366  0.304  0.000  0.000  0.00e+00
  77 bpm              20.24750  0.0  -6.949 10.015  0.907 -0.000 -0.000   8.202 22.366  0.304  0.000  0.000  0.00e+00
  78 dl3bg6b          20.33500  0.0  -7.380 11.269  0.908 -0.000 -0.000   7.935 20.954  0.305  0.000  0.000  0.00e+00
  79 sl3              20.53500 -1.5  -8.364 14.418  0.911 -0.000 -0.000   7.325 17.902  0.306  0.000  0.000  0.00e+00
  80 dl3ag6b          21.14860  0.0 -11.384 26.535  0.916 -0.000 -0.000   5.451 10.062  0.314  0.000  0.000  0.00e+00
  81 ql2sp01          21.54860  1.0  10.556 26.907  0.918 -0.000  0.000  -2.048  8.830  0.321  0.000  0.000  0.00e+00
  82 dl2cg6b          21.79860  0.0   9.511 21.891  0.920 -0.000  0.000  -2.195  9.890  0.325  0.000  0.000  0.00e+00
  83 sl2              21.99860  1.5   8.676 18.253  0.921 -0.000  0.000  -2.312 10.792  0.328  0.000  0.000  0.00e+00
  84 dl2bg6b          22.13610  0.0   8.101 15.946  0.923 -0.000  0.000  -2.393 11.439  0.330  0.000  0.000  0.00e+00
  85 dsch             22.23610  0.0   7.683 14.368  0.924 -0.000  0.000  -2.452 11.923  0.331  0.000  0.000  0.00e+00
  86 chv              22.23610  0.0   7.683 14.368  0.924 -0.000  0.000  -2.452 11.923  0.331  0.000  0.000  0.00e+00
  87 dsch             22.33610  0.0   7.265 12.873  0.925 -0.000  0.000  -2.511 12.420  0.333  0.000  0.000  0.00e+00
  88 dl2ag6b          22.47360  0.0   6.691 10.954  0.927 -0.000  0.000  -2.592 13.121  0.334  0.000  0.000  0.00e+00
  89 ql1sp01          22.72360 -1.0   1.888  8.885  0.931 -0.000 -0.000   3.215 12.959  0.337  0.000  0.000  0.00e+00
  90 dl1ag6b          22.81110  0.0   1.843  8.559  0.932 -0.000 -0.000   3.139 12.403  0.338  0.000  0.000  0.00e+00
  91 bpm              22.81110  0.0   1.843  8.559  0.932 -0.000 -0.000   3.139 12.403  0.338  0.000  0.000  0.00e+00
  92 dbpm             22.89860  0.0   1.798  8.240  0.934 -0.000 -0.000   3.062 11.861  0.340  0.000  0.000  0.00e+00
  93 sl1              23.09860 -1.5   1.695  7.541  0.938 -0.000 -0.000   2.887 10.671  0.342  0.000  0.000  0.00e+00
  94 ge               23.09860  0.0   1.695  7.541  0.938 -0.000 -0.000   2.887 10.671  0.342  0.000  0.000  0.00e+00
  95 gs               23.09860  0.0   1.695  7.541  0.938 -0.000 -0.000   2.887 10.671  0.342  0.000  0.000  0.00e+00
  96 dl0g1a           26.39860  0.0   0.000  1.946  1.103 -0.000 -0.000   0.000  1.143  0.539  0.000  0.000  0.00e+00
  97 dl0g1a           29.69860  0.0  -1.695  7.541  1.269 -0.000 -0.000  -2.887 10.671  0.736  0.000  0.000  0.00e+00
  98 ge               29.69860  0.0  -1.695  7.541  1.269 -0.000 -0.000  -2.887 10.671  0.736  0.000  0.000  0.00e+00
  99 gs               29.69860  0.0  -1.695  7.541  1.269 -0.000 -0.000  -2.887 10.671  0.736  0.000  0.000  0.00e+00
 100 sl1              29.89860 -1.5  -1.798  8.240  1.273 -0.000 -0.000  -3.062 11.861  0.739  0.000  0.000  0.00e+00
 101 dl1ag2a          29.98610  0.0  -1.843  8.559  1.274 -0.000 -0.000  -3.139 12.403  0.740  0.000  0.000  0.00e+00
 102 bpm              29.98610  0.0  -1.843  8.559  1.274 -0.000 -0.000  -3.139 12.403  0.740  0.000  0.000  0.00e+00
 103 dbpm             30.07360  0.0  -1.888  8.885  1.276 -0.000 -0.000  -3.215 12.959  0.741  0.000  0.000  0.00e+00
 104 ql1sp01          30.32360 -1.0  -6.691 10.954  1.280 -0.000 -0.000   2.592 13.121  0.744  0.000  0.000  0.00e+00
 105 dl2ag2a          30.46110  0.0  -7.265 12.873  1.282 -0.000 -0.000   2.511 12.420  0.746  0.000  0.000  0.00e+00
 106 dsch             30.56110  0.0  -7.683 14.368  1.283 -0.000 -0.000   2.452 11.923  0.747  0.000  0.000  0.00e+00
 107 chv              30.56110  0.0  -7.683 14.368  1.283 -0.000 -0.000   2.452 11.923  0.747  0.000  0.000  0.00e+00
 108 dsch             30.66110  0.0  -8.101 15.946  1.284 -0.000 -0.000   2.393 11.439  0.749  0.000  0.000  0.00e+00
 109 dl2bg2a          30.79860  0.0  -8.676 18.253  1.285 -0.000 -0.000   2.312 10.792  0.751  0.000  0.000  0.00e+00
 110 sl2              30.99860  1.5  -9.511 21.891  1.287 -0.000 -0.000   2.195  9.890  0.754  0.000  0.000  0.00e+00
 111 dl2cg2a          31.24860  0.0 -10.556 26.907  1.288 -0.000 -0.000   2.048  8.830  0.758  0.000  0.000  0.00e+00
 112 ql2sp01          31.64860  1.0  11.384 26.535  1.291 -0.000  0.000  -5.451 10.062  0.765  0.000  0.000  0.00e+00
 113 dl3ag2a          32.26220  0.0   8.364 14.418  1.296 -0.000  0.000  -7.325 17.902  0.772  0.000  0.000  0.00e+00
 114 sl3              32.46220 -1.5   7.380 11.269  1.298 -0.000  0.000  -7.935 20.954  0.774  0.000  0.000  0.00e+00
 115 dl3bg2a          32.54970  0.0   6.949 10.015  1.300 -0.000  0.000  -8.202 22.366  0.775  0.000  0.000  0.00e+00
 116 bpm              32.54970  0.0   6.949 10.015  1.300 -0.000  0.000  -8.202 22.366  0.775  0.000  0.000  0.00e+00
 117 dbpm             32.63720  0.0   6.519  8.836  1.301 -0.000  0.000  -8.469 23.825  0.775  0.000  0.000  0.00e+00
 118 ql3sp01          32.88720 -1.0   2.887  6.557  1.306 -0.000  0.000   0.958 25.765  0.777  0.000  0.000  0.00e+00
 119 dl4ag2a          33.16890  0.0   2.486  5.044  1.314 -0.000  0.000   0.937 25.231  0.779  0.000  0.000  0.00e+00
 120 dfch             33.31890  0.0   2.273  4.330  1.319 -0.000  0.000   0.926 24.952  0.780  0.000  0.000  0.00e+00
 121 chv              33.31890  0.0   2.273  4.330  1.319 -0.000  0.000   0.926 24.952  0.780  0.000  0.000  0.00e+00
 122 dfch             33.46890  0.0   2.059  3.680  1.325 -0.000  0.000   0.915 24.676  0.781  0.000  0.000  0.00e+00
 123 ge               33.46890  0.0   2.059  3.680  1.325 -0.000  0.000   0.915 24.676  0.781  0.000  0.000  0.00e+00
 124 dl4bg3a          33.48720  0.0   2.033  3.605  1.326 -0.000  0.000   0.913 24.642  0.781  0.000  0.000  0.00e+00
 125 gs               33.48720  0.0   2.033  3.605  1.326 -0.000  0.000   0.913 24.642  0.781  0.000  0.000  0.00e+00
 126 b1sp01           36.10720  0.5  -1.690  2.709  1.668  0.137  0.105   0.802 20.124  0.799  0.000  0.000  0.00e+00
 127 dm1ag3a          36.47220  0.0  -2.210  4.133  1.686  0.175  0.105   0.772 19.549  0.802  0.000  0.000  0.00e+00
 128 sq2hsp01         36.62220  0.0  -2.423  4.828  1.691  0.191  0.105   0.760 19.320  0.804  0.000  0.000  0.00e+00
 129 chv              36.62220  0.0  -2.423  4.828  1.691  0.191  0.105   0.760 19.320  0.804  0.000  0.000  0.00e+00
 130 sm3              36.62220  1.5  -2.423  4.828  1.691  0.191  0.105   0.760 19.320  0.804  0.000  0.000  0.00e+00
 131 sq2hsp01         36.77220  0.0  -2.637  5.587  1.696  0.207  0.105   0.747 19.094  0.805  0.000  0.000  0.00e+00
 132 dm1bg3a          37.08220  0.0  -3.078  7.358  1.703  0.239  0.105   0.722 18.638  0.807  0.000  0.000  0.00e+00
 133 ge               37.08220  0.0  -3.078  7.358  1.703  0.239  0.105   0.722 18.638  0.807  0.000  0.000  0.00e+00
 134 gs               37.08220  0.0  -3.078  7.358  1.703  0.239  0.105   0.722 18.638  0.807  0.000  0.000  0.00e+00
 135 qm1sp01          37.33220 -1.0  -5.394  9.440  1.708  0.272  0.159   4.440 17.324  0.810  0.000  0.000  0.00e+00
 136 dm2a2g4b         37.53220  0.0  -6.032 11.725  1.711  0.304  0.159   4.201 15.596  0.812  0.000  0.000  0.00e+00
 137 sm1a             37.73220 -1.5  -6.670 14.266  1.714  0.336  0.159   3.962 13.963  0.814  0.000  0.000  0.00e+00
 138 dm2b2g4b         38.31470  0.0  -8.527 23.118  1.719  0.428  0.159   3.265  9.754  0.822  0.000  0.000  0.00e+00
 139 bpm              38.31470  0.0  -8.527 23.118  1.719  0.428  0.159   3.265  9.754  0.822  0.000  0.000  0.00e+00
 140 dbpm             38.40220  0.0  -8.806 24.635  1.719  0.442  0.159   3.161  9.191  0.823  0.000  0.000  0.00e+00
 141 qm2sp01          38.65220  1.0   0.034 26.894  1.721  0.462 -0.000   0.016  8.419  0.828  0.000  0.000  0.00e+00
 142 dm2cg4a          38.85220  0.0   0.027 26.882  1.722  0.462 -0.000  -0.007  8.417  0.832  0.000  0.000  0.00e+00
 143 sm2              39.10220  1.5   0.017 26.871  1.723  0.462 -0.000  -0.037  8.429  0.836  0.000  0.000  0.00e+00
 144 dm2cg4b          39.30220  0.0   0.010 26.865  1.725  0.462 -0.000  -0.061  8.448  0.840  0.000  0.000  0.00e+00
 145 qm2sp01          39.55220  1.0   8.833 24.588  1.726  0.442 -0.159  -3.224  9.246  0.845  0.000  0.000  0.00e+00
 146 dm2b2g4a         40.07220  0.0   7.162 16.270  1.730  0.360 -0.159  -3.864 12.932  0.852  0.000  0.000  0.00e+00
 147 sm1b             40.27220 -1.5   6.519 13.534  1.732  0.328 -0.159  -4.111 14.527  0.855  0.000  0.000  0.00e+00
 148 dm2a2g4a         40.53470  0.0   5.675 10.333  1.736  0.286 -0.159  -4.434 16.770  0.857  0.000  0.000  0.00e+00
 149 bpm              40.53470  0.0   5.675 10.333  1.736  0.286 -0.159  -4.434 16.770  0.857  0.000  0.000  0.00e+00
 150 dbpm             40.62220  0.0   5.394  9.364  1.737  0.272 -0.159  -4.542 17.555  0.858  0.000  0.000  0.00e+00
 151 qm1sp01          40.87220 -1.0   3.088  7.280  1.742  0.239 -0.105  -0.775 18.909  0.860  0.000  0.000  0.00e+00
 152 dm1eg4b          41.09180  0.0   2.770  5.994  1.748  0.216 -0.105  -0.794 19.253  0.862  0.000  0.000  0.00e+00
 153 dfch             41.24180  0.0   2.553  5.195  1.752  0.201 -0.105  -0.806 19.493  0.863  0.000  0.000  0.00e+00
 154 sm3              41.24180  1.5   2.553  5.195  1.752  0.201 -0.105  -0.806 19.493  0.863  0.000  0.000  0.00e+00
 155 chv              41.24180  0.0   2.553  5.195  1.752  0.201 -0.105  -0.806 19.493  0.863  0.000  0.000  0.00e+00
 156 dfch             41.39180  0.0   2.336  4.462  1.757  0.185 -0.105  -0.819 19.737  0.864  0.000  0.000  0.00e+00
 157 ge               41.39180  0.0   2.336  4.462  1.757  0.185 -0.105  -0.819 19.737  0.864  0.000  0.000  0.00e+00
 158 gs               41.39180  0.0   2.336  4.462  1.757  0.185 -0.105  -0.819 19.737  0.864  0.000  0.000  0.00e+00
 159 dm1dg5b          41.44720  0.0   2.256  4.208  1.759  0.179 -0.105  -0.824 19.828  0.865  0.000  0.000  0.00e+00
 160 dpwg5b           41.64720  0.0   1.966  3.363  1.767  0.158 -0.105  -0.841 20.161  0.866  0.000  0.000  0.00e+00
 161 dm1cg5b          41.84720  0.0   1.677  2.634  1.778  0.137 -0.105  -0.857 20.500  0.868  0.000  0.000  0.00e+00
 162 b1sp01           44.46720  0.5  -2.108  3.760  2.122 -0.000 -0.000  -0.974 25.325  0.886  0.000  0.000  0.00e+00
 163 ge               44.46720  0.0  -2.108  3.760  2.122 -0.000 -0.000  -0.974 25.325  0.886  0.000  0.000  0.00e+00
 164 dh4cg6b          44.67006  0.0  -2.401  4.675  2.130 -0.000 -0.000  -0.990 25.724  0.888  0.000  0.000  0.00e+00
 165 gs               44.67006  0.0  -2.401  4.675  2.130 -0.000 -0.000  -0.990 25.724  0.888  0.000  0.000  0.00e+00
 166 dfch             44.82006  0.0  -2.618  5.428  2.134 -0.000 -0.000  -1.001 26.022  0.889  0.000  0.000  0.00e+00
 167 chv              44.82006  0.0  -2.618  5.428  2.134 -0.000 -0.000  -1.001 26.022  0.889  0.000  0.000  0.00e+00
 168 dfch             44.97006  0.0  -2.835  6.246  2.138 -0.000 -0.000  -1.013 26.324  0.889  0.000  0.000  0.00e+00
 169 dh4bg6b          45.04720  0.0  -2.947  6.692  2.140 -0.000 -0.000  -1.019 26.481  0.890  0.000  0.000  0.00e+00
 170 sh4              45.24720 -1.5  -3.236  7.929  2.145 -0.000 -0.000  -1.034 26.892  0.891  0.000  0.000  0.00e+00
 171 dh4ag6b          45.33470  0.0  -3.363  8.506  2.146 -0.000 -0.000  -1.041 27.073  0.892  0.000  0.000  0.00e+00
 172 bpm              45.33470  0.0  -3.363  8.506  2.146 -0.000 -0.000  -1.041 27.073  0.892  0.000  0.000  0.00e+00
 173 dbpm             45.42220  0.0  -3.490  9.106  2.148 -0.000 -0.000  -1.048 27.256  0.892  0.000  0.000  0.00e+00
 174 qh3sp01          45.67220 -1.0  -9.284 12.181  2.152 -0.000 -0.000  10.865 24.702  0.894  0.000  0.000  0.00e+00
 175 dh3bg6b          45.86720  0.0 -10.680 16.074  2.154 -0.000 -0.000   9.926 20.648  0.895  0.000  0.000  0.00e+00
 176 sh3              46.06720 -1.5 -12.111 20.632  2.156 -0.000 -0.000   8.962 16.870  0.897  0.000  0.000  0.00e+00
 177 dh3ag6b          46.25720  0.0 -13.471 25.493  2.157 -0.000 -0.000   8.046 13.639  0.899  0.000  0.000  0.00e+00
 178 qh2sp01          46.65720  1.0   4.644 29.371  2.159 -0.000  0.000  -0.265 10.774  0.904  0.000  0.000  0.00e+00
 179 dh2cg6b          46.80720  0.0   4.528 27.995  2.160 -0.000  0.000  -0.280 10.856  0.906  0.000  0.000  0.00e+00
 180 sh2              47.00720  0.0   4.375 26.214  2.161 -0.000  0.000  -0.300 10.972  0.909  0.000  0.000  0.00e+00
 181 dh2bg6b          47.18970  0.0   4.234 24.643  2.163 -0.000  0.000  -0.318 11.084  0.912  0.000  0.000  0.00e+00
 182 dsch             47.28970  0.0   4.158 23.804  2.163 -0.000  0.000  -0.328 11.149  0.913  0.000  0.000  0.00e+00
 183 chv              47.28970  0.0   4.158 23.804  2.163 -0.000  0.000  -0.328 11.149  0.913  0.000  0.000  0.00e+00
 184 dsch             47.38970  0.0   4.081 22.980  2.164 -0.000  0.000  -0.338 11.215  0.915  0.000  0.000  0.00e+00
 185 dh2ag6b          47.52220  0.0   3.979 21.912  2.165 -0.000  0.000  -0.351 11.307  0.917  0.000  0.000  0.00e+00
 186 qh1sp01          47.77220 -1.0   0.257 20.868  2.167 -0.000 -0.000   1.541 11.005  0.920  0.000  0.000  0.00e+00
 187 dh1ag6b          47.85970  0.0   0.252 20.824  2.167 -0.000 -0.000   1.514 10.737  0.922  0.000  0.000  0.00e+00
 188 bpm              47.85970  0.0   0.252 20.824  2.167 -0.000 -0.000   1.514 10.737  0.922  0.000  0.000  0.00e+00
 189 dbpm             47.94720  0.0   0.248 20.780  2.168 -0.000 -0.000   1.487 10.475  0.923  0.000  0.000  0.00e+00
 190 sh1              48.14720  1.5   0.238 20.683  2.170 -0.000 -0.000   1.426  9.892  0.926  0.000  0.000  0.00e+00
 191 ge               48.14720  0.0   0.238 20.683  2.170 -0.000 -0.000   1.426  9.892  0.926  0.000  0.000  0.00e+00
 192 dh0g1a           52.79720  0.0   0.000 19.579  2.207 -0.000 -0.000  -0.000  3.261  1.079  0.000  0.000  0.00e+00
 193 cav              52.79720  0.0   0.000 19.579  2.207 -0.000 -0.000  -0.000  3.261  1.079  0.000  0.000  0.00e+00
