# Tracking with TRACY# (Floquet space)
#
#  1   512 1.0E+00 1.0E+00 0.0E+00 0.0E+00 2.20667 1.07867
#    N     x^          px^          y^          py^          delta          cdt
#                                                                   [%]           [mm]
#
   0  2.2600057483350758e-04  4.8193905205813681e-19  4.1534726035352756e-03 -9.7203305558201539e-19  0.0000000000000000e+00  0.0000000000000000e+00
   1  7.5917701672560873e-05  5.0946265394599579e-04  3.6333261598780063e-03 -2.0163421248112884e-03  0.0000000000000000e+00  6.0023121414855387e-03
   2 -9.8792773300956552e-05  6.0795016708295251e-04  2.3182423801921159e-03 -3.5627584049751763e-03  0.0000000000000000e+00 -8.2520696684406716e-03
   3 -2.6722406269467339e-04  7.5028023311746455e-05  6.1401841469550962e-04 -4.3546168905568344e-03  0.0000000000000000e+00 -3.8779135267989845e-02
   4 -4.9586845985848517e-04 -5.3631307081895439e-04 -1.1162739493062888e-03 -4.2886251454328297e-03  0.0000000000000000e+00 -6.7584345891811684e-02
   5 -4.8206969398143439e-04 -5.4446715926457720e-04 -2.6329283854730507e-03 -3.2322321132206714e-03  0.0000000000000000e+00 -7.7044904056369143e-02
   6 -3.9382609923855342e-05  3.7000701046797481e-06 -3.7829272949068413e-03 -1.3864832579779025e-03  0.0000000000000000e+00 -6.6523599643719039e-02
   7  4.0263136331623449e-04  4.7524303641338335e-04 -4.1317712691993566e-03  6.6465667128311960e-04  0.0000000000000000e+00 -5.2587932513488526e-02
   8  3.4204319697944203e-04  4.6984946618026978e-04 -3.3365279454553413e-03  2.4767259035679682e-03  0.0000000000000000e+00 -5.3780065211560382e-02
   9 -1.9043203717166937e-04  1.3931101447880469e-04 -1.7627537250203618e-03  3.8543126832994083e-03  0.0000000000000000e+00 -7.4719138554482700e-02
  10 -7.1077069501367628e-04 -1.8212797331506019e-04 -8.1652813911250975e-05  4.5265374309382276e-03  0.0000000000000000e+00 -1.0619776588288371e-01
  11 -6.9385933673576049e-04 -2.8473129436793870e-04  1.4988824620738878e-03  4.1143645307829850e-03  0.0000000000000000e+00 -1.3027515654912517e-01
  12 -1.1969155705739247e-04 -1.8537766421630413e-04  3.0303787217017004e-03  2.7099743601382165e-03  0.0000000000000000e+00 -1.3329449522727913e-01
  13  4.0484361541274328e-04 -4.1755127301110269e-05  4.0763105522357507e-03  8.1330784165351640e-04  0.0000000000000000e+00 -1.2036628546262595e-01
  14  3.2965012337443140e-04  1.5767979679745176e-04  3.9864496035061561e-03 -1.2001415514547641e-03  0.0000000000000000e+00 -1.0972781095228827e-01
  15 -1.4241531254614490e-04  4.1813049439757589e-04  2.8648164828129303e-03 -3.0171434795742795e-03  0.0000000000000000e+00 -1.1549761183755855e-01
  16 -4.4344725163974504e-04  3.8408805681394020e-04  1.3082198801858882e-03 -4.2096351789935472e-03  0.0000000000000000e+00 -1.4054315404824530e-01
  17 -4.3874540260719475e-04 -9.3362226123671564e-05 -3.8942182433540136e-04 -4.4544180994955229e-03  0.0000000000000000e+00 -1.7226978593941494e-01
  18 -3.1213069522005832e-04 -5.5016674636699408e-04 -2.0789331022887827e-03 -3.7412570901982681e-03  0.0000000000000000e+00 -1.9119886407670991e-01
  19 -1.0212254685324752e-04 -4.5298802907802512e-04 -3.4584151339135736e-03 -2.2010602390662784e-03  0.0000000000000000e+00 -1.8756935760429799e-01
  20  1.3033984372848095e-04  1.2645348382097049e-04 -4.1157857361372764e-03 -1.6378081104846052e-04  0.0000000000000000e+00 -1.7212699635855785e-01
  21  2.2129920949141556e-04  6.2343228805950349e-04 -3.7523827329658675e-03  1.8454229237567449e-03  0.0000000000000000e+00 -1.6479446259065719e-01
  22  8.8124425794434879e-05  5.3873310420602804e-04 -2.4738788202749292e-03  3.3953385754061168e-03  0.0000000000000000e+00 -1.7775802110616284e-01
  23 -2.8956103248889073e-04 -4.6521692020955565e-05 -7.4546171844732583e-04  4.3055728283915686e-03  0.0000000000000000e+00 -2.0761284252814208e-01
  24 -6.7842785776442416e-04 -5.0028696550630464e-04  9.3926808491441398e-04  4.3800272443636551e-03  0.0000000000000000e+00 -2.3699069670295553e-01
  25 -5.7103604204051910e-04 -3.8879284944667403e-04  2.4447106342825519e-03  3.3746534871859492e-03  0.0000000000000000e+00 -2.4874054302595819e-01
  26  5.6287792452240477e-05  5.6682430270507473e-05  3.7076037996869159e-03  1.5714541291881779e-03  0.0000000000000000e+00 -2.3981455349209718e-01
  27  5.1587031388600376e-04  3.1561533588109360e-04  4.1769298697320783e-03 -4.3948160421947548e-04  0.0000000000000000e+00 -2.2598095719583092e-01
  28  2.9013854801589119e-04  3.0349021750067736e-04  3.4288713303348480e-03 -2.3052867441240386e-03  0.0000000000000000e+00 -2.2536784363812931e-01
  29 -3.2471985715032983e-04  2.1220250869712691e-04  1.9138813082801875e-03 -3.7979401998500893e-03  0.0000000000000000e+00 -2.4382969683387551e-01
  30 -6.9795545642937812e-04  3.0651182013685186e-05  2.7765163526012691e-04 -4.5296237775478611e-03  0.0000000000000000e+00 -2.7495229293686868e-01
  31 -5.4022044554727247e-04 -2.2287377009524992e-04 -1.3567312785182539e-03 -4.1723821727797329e-03  0.0000000000000000e+00 -3.0070050504992513e-01
  32 -6.7812202774638722e-05 -3.6312352184091106e-04 -2.9507004163976183e-03 -2.8780777240451447e-03  0.0000000000000000e+00 -3.0611173295412974e-01
  33  2.6754062553282799e-04 -2.1735207245369241e-04 -4.0192117395547794e-03 -1.0232482957857011e-03  0.0000000000000000e+00 -2.9376877164358334e-01
  34  1.9643591929165854e-04  2.1312487947011110e-04 -4.0199994380716005e-03  1.0401207200412394e-03  0.0000000000000000e+00 -2.8124630741038448e-01
  35 -6.8514566462104222e-05  5.9634731148399745e-04 -3.0263890708396805e-03  2.8866674405631245e-03  0.0000000000000000e+00 -2.8493685409974334e-01
  36 -2.3113956944201085e-04  4.3302579282547050e-04 -1.4820309109035397e-03  4.0843499294770198e-03  0.0000000000000000e+00 -3.0877225274294595e-01
  37 -3.6692738198795452e-04 -2.1765288055426441e-04  2.6855438163882851e-04  4.4377107493647127e-03  0.0000000000000000e+00 -3.4111743555785934e-01
  38 -4.7920523056038433e-04 -6.3888092389017507e-04  1.9296129199551058e-03  3.8683595420307844e-03  0.0000000000000000e+00 -3.6162933814020104e-01
  39 -2.7917011290122485e-04 -3.6565810505730339e-04  3.2979788965221647e-03  2.3666817041819574e-03  0.0000000000000000e+00 -3.5972778496096169e-01
  40  1.7295846709487156e-04  2.5743521363858038e-04  4.0879236698864469e-03  3.3791286776448505e-04  0.0000000000000000e+00 -3.4467502126699850e-01
  41  4.0474213266789754e-04  5.8088103794965806e-04  3.8609867173281785e-03 -1.6420742796092872e-03  0.0000000000000000e+00 -3.3651935869434835e-01
  42  1.4063502831563915e-04  3.7845883887011164e-04  2.6009805721884049e-03 -3.2413140964068473e-03  0.0000000000000000e+00 -3.4810084228803595e-01
  43 -4.2904527657231791e-04 -6.1295161482817774e-05  8.9431072011506929e-04 -4.2908134002725574e-03  0.0000000000000000e+00 -3.7648531529588208e-01
  44 -7.8729272137505061e-04 -3.2934515360170220e-04 -7.4035665205982265e-04 -4.4591604554617718e-03  0.0000000000000000e+00 -4.0655991058056007e-01
  45 -5.0534241602419652e-04 -2.6552075806402078e-04 -2.2867845174592734e-03 -3.5016251224440891e-03  0.0000000000000000e+00 -4.2064864917396383e-01
  46  1.6652953356005956e-04 -5.3074043735845424e-05 -3.6544272251754629e-03 -1.7733718973931359e-03  0.0000000000000000e+00 -4.1352638332766073e-01
  47  4.8934180388917779e-04  9.5032736779120984e-05 -4.1937562266757414e-03  2.1639103624058480e-04  0.0000000000000000e+00 -3.9960122345784177e-01
  48  1.5501116952537484e-04  2.6731549430756511e-04 -3.5138143328504574e-03  2.1583587971740802e-03  0.0000000000000000e+00 -3.9638264004613077e-01
  49 -3.5468560253012685e-04  3.9838568712067981e-04 -2.0896616174737675e-03  3.7233832868308796e-03  0.0000000000000000e+00 -4.1260653556427362e-01
  50 -5.3483582200925472e-04  1.7843954101104105e-04 -4.5807296953491146e-04  4.4768051588897047e-03  0.0000000000000000e+00 -4.4330159914098799e-01
  51 -4.0467690350039340e-04 -3.0813431342297085e-04  1.2452170346115593e-03  4.2138263923356895e-03  0.0000000000000000e+00 -4.7069277689528094e-01
  52 -1.6457085659603117e-04 -5.4872544082288917e-04  2.8437146248613695e-03  3.0442828177311338e-03  0.0000000000000000e+00 -4.7825033972640729e-01
  53  7.0375348547300888e-05 -2.3538115546763776e-04  3.9229613891995987e-03  1.2072435495118178e-03  0.0000000000000000e+00 -4.6635461385559357e-01
  54  1.7504789131465211e-04  3.6620157809070104e-04  4.0594983579354512e-03 -8.8371937403793586e-04  0.0000000000000000e+00 -4.5269832098462431e-01
  55  1.2253607312233392e-04  6.7730935919018049e-04  3.1868594749696485e-03 -2.7177031626317333e-03  0.0000000000000000e+00 -4.5478479795917481e-01
  56 -8.1818443835435033e-05  3.3593950793884566e-04  1.6285935411487382e-03 -3.9530351285652996e-03  0.0000000000000000e+00 -4.7763613244464326e-01
  57 -4.5365538524548473e-04 -3.1528147499042432e-04 -1.3181312188769592e-04 -4.4537848309866620e-03  0.0000000000000000e+00 -5.0998474553591810e-01
  58 -6.6972309930829921e-04 -5.6894958791955659e-04 -1.7396205047728454e-03 -3.9964201086910454e-03  0.0000000000000000e+00 -5.3194413435287535e-01
  59 -3.2215120505351742e-04 -2.1886994846081367e-04 -3.1428455848733195e-03 -2.5252139318656611e-03  0.0000000000000000e+00 -5.3226658324352805e-01
  60  3.0437422681385074e-04  2.5934246778904532e-04 -4.0758398207737740e-03 -5.4010408277033206e-04  0.0000000000000000e+00 -5.1793843736104939e-01
  61  4.9621688741806791e-04  3.9746957125566605e-04 -3.9437732145042505e-03  1.4266470502721214e-03  0.0000000000000000e+00 -5.0918593601897788e-01
  62  4.9113425499785981e-05  2.7075247031518434e-04 -2.7153854176925657e-03  3.1169907361295111e-03  0.0000000000000000e+00 -5.1850029440810208e-01
  63 -5.5045913715556566e-04  7.5030340768154883e-05 -1.0694055775446328e-03  4.2798274738366634e-03  0.0000000000000000e+00 -5.4518891187581153e-01
  64 -7.3393228183015803e-04 -1.3509400665389393e-04  5.5093535720950927e-04  4.4961967703058565e-03  0.0000000000000000e+00 -5.7604508089473749e-01
  65 -3.6514541316982836e-04 -2.8051998867831767e-04  2.1713111723722636e-03  3.6144685067550720e-03  0.0000000000000000e+00 -5.9236558774810066e-01
  66  1.6771067409420537e-04 -2.6774932835263850e-04  3.5944486416355213e-03  1.9785564950577307e-03  0.0000000000000000e+00 -5.8718447387689299e-01
  67  3.3917339702911451e-04 -3.1840104471994085e-05  4.1763575452743278e-03 -1.5850049792355151e-05  0.0000000000000000e+00 -5.7253589859628218e-01
  68  6.8891553115298126e-05  3.8179853692540630e-04  3.6094722162250529e-03 -2.0221174912631572e-03  0.0000000000000000e+00 -5.6690872013656102e-01
  69 -2.2683942225736544e-04  5.7226899437299054e-04  2.2766744067758346e-03 -3.6048801061667585e-03  0.0000000000000000e+00 -5.8123485145804565e-01
  70 -3.3558783905105702e-04  1.7698123773252159e-04  6.1076422168129124e-04 -4.3896155387221376e-03  0.0000000000000000e+00 -6.1153264259786522e-01
  71 -4.0610167790980405e-04 -4.5640608573322469e-04 -1.1300032999988475e-03 -4.2662607620427249e-03  0.0000000000000000e+00 -6.4033835653151783e-01
  72 -3.6743895296179030e-04 -6.0796326514748762e-04 -2.6878858908471080e-03 -3.2051301146292523e-03  0.0000000000000000e+00 -6.4966268479146194e-01
  73 -5.7557871707412177e-05 -1.1649493741048582e-04 -3.8098558865258692e-03 -1.3740542285957901e-03  0.0000000000000000e+00 -6.3882407731644364e-01
  74  2.8692990928389113e-04  4.7372461707162570e-04 -4.1081044667165920e-03  7.0439317619993343e-04  0.0000000000000000e+00 -6.2465814759318228e-01
  75  3.0460721682540581e-04  5.9478079081400363e-04 -3.3247608025355809e-03  2.5241660042912952e-03  0.0000000000000000e+00 -6.2560950635320756e-01
  76 -8.7444210621823732e-05  1.9893669121895862e-04 -1.7584358370366512e-03  3.8500920340215983e-03  0.0000000000000000e+00 -6.4709386084992482e-01
  77 -6.1783524734442625e-04 -2.7438852069771799e-04 -3.6028209438512284e-05  4.4944757267114917e-03  0.0000000000000000e+00 -6.7883989396711708e-01
  78 -7.4731452276203723e-04 -3.9343983908762744e-04  1.5405520911287818e-03  4.1062083815945703e-03  0.0000000000000000e+00 -7.0253866315825297e-01
  79 -2.3163964575678958e-04 -1.5235880689645417e-04  3.0219947383489077e-03  2.6858701870280544e-03  0.0000000000000000e+00 -7.0513020676791882e-01
  80  3.9975741347771148e-04  9.8092551782448477e-05  4.0663675020302190e-03  7.6308521531282306e-04  0.0000000000000000e+00 -6.9186306836131861e-01
  81  4.3831982042339237e-04  2.0523195663354308e-04  3.9962258810833356e-03 -1.2240885700766872e-03  0.0000000000000000e+00 -6.8192192402786589e-01
  82 -8.1160784403693328e-05  3.1218833458063016e-04  2.8396953773533688e-03 -3.0118748554680986e-03  0.0000000000000000e+00 -6.8840171619259127e-01
  83 -5.3259292572120165e-04  2.8570487122299150e-04  1.2619974111666636e-03 -4.2327563241177923e-03  0.0000000000000000e+00 -7.1361453464636648e-01
  84 -5.5779764025021749e-04 -4.3999480066435589e-05 -3.9314062950644691e-04 -4.4854212209207182e-03  0.0000000000000000e+00 -7.4508120065603045e-01
  85 -2.8950876821320345e-04 -4.2783237013717379e-04 -2.0749702266904869e-03 -3.7221077957395408e-03  0.0000000000000000e+00 -7.6366512935469122e-01
  86  2.2598531008243147e-05 -4.3993392498729600e-04 -3.4954026399227280e-03 -2.1728165894613917e-03  0.0000000000000000e+00 -7.6009203541714465e-01
  87  1.7595105852031428e-04  8.1042696277926328e-06 -4.1356320226681609e-03 -1.5795239704300952e-04  0.0000000000000000e+00 -7.4477910701275951e-01
  88  1.2129981266673549e-04  5.4636160166113333e-04 -3.7194088244898453e-03  1.8722618495226303e-03  0.0000000000000000e+00 -7.3746913391204727e-01
  89 -1.4269146594415306e-05  6.1459508150477440e-04 -2.4511672004836451e-03  3.4459568012621786e-03  0.0000000000000000e+00 -7.5022374302889761e-01
  90 -2.4206491752456336e-04  5.9698864724462347e-05 -7.4358336156032782e-04  4.3108901621121513e-03  0.0000000000000000e+00 -7.8014250781303141e-01
  91 -5.5033024264262856e-04 -5.2711514185709474e-04  9.8084925445384471e-04  4.3433515860104499e-03  0.0000000000000000e+00 -8.0970727733391923e-01
  92 -5.4596114525914138e-04 -5.1080539550105359e-04  2.4985882887314844e-03  3.3554594609369404e-03  0.0000000000000000e+00 -8.2101220703002387e-01
  93 -4.3817459133807123e-05  1.2914086961489483e-05  3.7096105912249504e-03  1.5452856402716595e-03  0.0000000000000000e+00 -8.1174477630215469e-01
  94  4.4459678644734324e-04  4.2511007064153356e-04  4.1575614155652521e-03 -4.9271093471090648e-04  0.0000000000000000e+00 -7.9751482268983198e-01
  95  3.5893404866454851e-04  4.1036957852631637e-04  3.4314934215618352e-03 -2.3342665091872945e-03  0.0000000000000000e+00 -7.9727608258271587e-01
  96 -2.1316905139809984e-04  1.6058059975118520e-04  1.8931141777494903e-03 -3.7800983081047275e-03  0.0000000000000000e+00 -8.1651447404234334e-01
  97 -7.1408389270654813e-04 -9.6506591824557217e-05  2.2793132272572043e-04 -4.5237496232216120e-03  0.0000000000000000e+00 -8.4768542197395214e-01
  98 -6.6352469892720298e-04 -2.4218812390857888e-04 -1.3681638385821112e-03 -4.1820243382873976e-03  0.0000000000000000e+00 -8.7310839691985598e-01
  99 -1.1560838902136939e-04 -2.4186539905348355e-04 -2.9348871001216321e-03 -2.8491643397902046e-03  0.0000000000000000e+00 -8.7802501866479499e-01
 100  3.5941226359944575e-04 -1.2705018224714562e-04 -4.0334523009204464e-03 -9.8505158831430810e-04  0.0000000000000000e+00 -8.6577563812547287e-01
 101  2.9036705740238106e-04  1.4294531995586468e-04 -4.0279693796226408e-03  1.0469114422994575e-03  0.0000000000000000e+00 -8.5394714044704567e-01
 102 -1.1621886943085575e-04  4.7541038642919561e-04 -2.9860676118003250e-03  2.8996517736158411e-03  0.0000000000000000e+00 -8.5794978382825138e-01
 103 -3.6435554676062204e-04  4.3661593939927973e-04 -1.4512113425427745e-03  4.1317796687970181e-03  0.0000000000000000e+00 -8.8178111840384565e-01
 104 -3.9523161532842126e-04 -1.0203172187758509e-04  2.6455924387593679e-04  4.4537144175497327e-03  0.0000000000000000e+00 -9.1385339249711262e-01
 105 -3.6449705287386347e-04 -5.8878995181663803e-04  1.9568135422713567e-03  3.8372842256474550e-03  0.0000000000000000e+00 -9.3436692679691280e-01
 106 -1.8919422231917916e-04 -4.5840500042389253e-04  3.3501599293864330e-03  2.3488862691641832e-03  0.0000000000000000e+00 -9.3226047518850896e-01
 107  1.1671410437131786e-04  1.5123710619094677e-04  4.0919984108226731e-03  3.2233945552938254e-04  0.0000000000000000e+00 -9.1703761811910289e-01
 108  2.8938666361700611e-04  6.1940608278861805e-04  3.8319772579288288e-03 -1.6897522091456041e-03  0.0000000000000000e+00 -9.0860947445648266e-01
 109  1.4134441936930860e-04  5.0405424710510188e-04  2.5968123062113796e-03 -3.2763894406592498e-03  0.0000000000000000e+00 -9.2013526254755262e-01
 110 -3.0803492314495761e-04 -4.2712889808947282e-05  8.7803102725566207e-04 -4.2685386022029764e-03  0.0000000000000000e+00 -9.4905660638905831e-01
 111 -7.2414092477474199e-04 -4.4284584945681064e-04 -7.9503204216396588e-04 -4.4305576480432049e-03  0.0000000000000000e+00 -9.7908043341051842e-01
 112 -5.8635381966703711e-04 -3.4819092806813684e-04 -2.3145594931856918e-03 -3.4906615829845039e-03  0.0000000000000000e+00 -9.9271984894862164e-01
 113  6.9583541966477882e-05  2.0204286793724198e-05 -3.6380553537682533e-03 -1.7343972047990821e-03  0.0000000000000000e+00 -9.8516860096898029e-01
 114  5.1990666973581129e-04  2.3089765773662087e-04 -4.1910472192683030e-03  2.6491785764188908e-04  0.0000000000000000e+00 -9.7114926729758921e-01
 115  2.6989920153860518e-04  2.7016478302344696e-04 -3.5160915430604337e-03  2.1672673745490412e-03  0.0000000000000000e+00 -9.6884364576774162e-01
 116 -3.2814218824620559e-04  2.7433750678161395e-04 -2.0499347720109727e-03  3.7176569978758177e-03  0.0000000000000000e+00 -9.8556650036220805e-01
 117 -6.4976878228037752e-04  1.1103590090329871e-04 -4.2180113133824472e-04  4.5054183514509480e-03  0.0000000000000000e+00 -1.0162728980165041e+00
 118 -4.9711284573541851e-04 -2.2316857387330967e-04  1.2362928714071378e-03  4.2259876887586444e-03  0.0000000000000000e+00 -1.0432583259419042e+00
 119 -1.0349628932035077e-04 -4.3588182488987190e-04  2.8493510478335808e-03  3.0124078476474244e-03  0.0000000000000000e+00 -1.0505627611172303e+00
 120  1.8996858304321608e-04 -2.6208085135724445e-04  3.9588588124662982e-03  1.1869700750114431e-03  0.0000000000000000e+00 -1.0388870501012193e+00
 121  1.7898176104816789e-04  2.3854405914079226e-04  4.0555604715520593e-03 -8.8924706830560479e-04  0.0000000000000000e+00 -1.0254552384532460e+00
 122  2.6257307941588317e-07  6.3631166027904821e-04  3.1463588895713143e-03 -2.7559211339128467e-03  0.0000000000000000e+00 -1.0275481825889674e+00
 123 -1.5526234508960680e-04  4.3670515523856019e-04  1.6176582772576525e-03 -3.9965326240439690e-03  0.0000000000000000e+00 -1.0501998981460219e+00
 124 -3.6969691735042807e-04 -2.3287987695378714e-04 -1.4093011670924846e-04 -4.4397112321906051e-03  0.0000000000000000e+00 -1.0826698633265155e+00
 125 -5.5219331491545144e-04 -6.3019017995919835e-04 -1.7932512304045438e-03 -3.9626055282600556e-03  0.0000000000000000e+00 -1.1045932694927332e+00
 126 -3.3417380508655325e-04 -3.3848173825925377e-04 -3.1836273139301523e-03 -2.5101579165740183e-03  0.0000000000000000e+00 -1.1044493286742936e+00
 127  1.9319009218323453e-04  2.5442304601287882e-04 -4.0622559475550889e-03 -5.0401429894688602e-04  0.0000000000000000e+00 -1.0898372482939040e+00
 128  4.5559754033831827e-04  5.2571022364399241e-04 -3.9297040244350738e-03  1.4787578947780288e-03  0.0000000000000000e+00 -1.0807708618356999e+00
 129  1.4619209352031379e-04  3.4170085180119421e-04 -2.7164198883551415e-03  3.1270206252782522e-03  0.0000000000000000e+00 -1.0907017423613183e+00
 130 -4.5680133056893329e-04 -1.2521484015438402e-05 -1.0333705973484667e-03  4.2541960858624691e-03  0.0000000000000000e+00 -1.1179129703332855e+00
 131 -7.8717027391103482e-04 -2.4922949153791102e-04  5.9589676295790362e-04  4.4951499903596844e-03  0.0000000000000000e+00 -1.1485869606519032e+00
 132 -4.8363738367930239e-04 -2.5665302822259242e-04  2.1680366483147495e-03  3.6084361925014007e-03  0.0000000000000000e+00 -1.1644883292672266e+00
 133  1.5777896371721445e-04 -1.3167944989759346e-04  3.5832191953812553e-03  1.9362139437520162e-03  0.0000000000000000e+00 -1.1588846327459625e+00
 134  4.4775887524639893e-04  2.2558739609748236e-05  4.1927522776183251e-03 -4.6274140692158727e-05  0.0000000000000000e+00 -1.1446834214229025e+00
 135  1.3453852000411501e-04  2.8082441854255954e-04  3.5983512747282012e-03 -2.0226159796381950e-03  0.0000000000000000e+00 -1.1397606836933172e+00
 136 -3.1091815631667763e-04  4.7013439213489257e-04  2.2295005865218443e-03 -3.6281252797497193e-03  0.0000000000000000e+00 -1.1543237312102030e+00
 137 -4.5925331145227187e-04  2.1922148758610644e-04  5.9564436723254731e-04 -4.4335293134924996e-03  0.0000000000000000e+00 -1.1844865260794730e+00
 138 -3.9133668006852395e-04 -3.3822382826549662e-04 -1.1264669295053147e-03 -4.2613701750760938e-03  0.0000000000000000e+00 -1.2130171461495207e+00
 139 -2.4073298953174573e-04 -5.9274301820307941e-04 -2.7269856564827053e-03 -3.1738985985707035e-03  0.0000000000000000e+00 -1.2223305348543565e+00
 140 -1.3812714656787518e-06 -2.3110584889714182e-04 -3.8489640998448085e-03 -1.3638648068347811e-03  0.0000000000000000e+00 -1.2113423737285951e+00
 141  1.9735796884199846e-04  3.9291545282813336e-04 -4.0907060921455164e-03  7.2766523324702907e-04  0.0000000000000000e+00 -1.1970955564436669e+00
 142  2.0245947712175283e-04  6.6896298923300047e-04 -3.2989166017407777e-03  2.5755162120343934e-03  0.0000000000000000e+00 -1.1977614359069462e+00
 143 -4.6921846751778659e-05  3.1137096700904206e-04 -1.7576064217467455e-03  3.8671120715687728e-03  0.0000000000000000e+00 -1.2193666061868276e+00
 144 -4.9129320851141469e-04 -2.9655420432283478e-04 -4.0876501159278605e-06  4.4605447977880391e-03  0.0000000000000000e+00 -1.2515099731112722e+00
 145 -7.1969135428459488e-04 -5.1634520010933967e-04  1.5964034215082846e-03  4.0842297356225524e-03  0.0000000000000000e+00 -1.2748868684401666e+00
 146 -3.3149043989509505e-04 -2.0084178135973909e-04  3.0333358925578838e-03  2.6668611637536066e-03  0.0000000000000000e+00 -1.2770573190660328e+00
 147  3.2605865482400757e-04  2.0484562947272172e-04  4.0477348466245342e-03  7.1349184203312412e-04  0.0000000000000000e+00 -1.2633635034943449e+00
 148  5.0191591565028413e-04  3.2119943816763579e-04  3.9992892337483155e-03 -1.2631228389844082e-03  0.0000000000000000e+00 -1.2536736275405500e+00
 149  2.8948758788430893e-05  2.7059440888744152e-04  2.8291642383589011e-03 -3.0063746841953263e-03  0.0000000000000000e+00 -1.2610688860173309e+00
 150 -5.4493139899681434e-04  1.5724564619834202e-04  1.2141613388307125e-03 -4.2315838077624799e-03  0.0000000000000000e+00 -1.2865510041727835e+00
 151 -6.8553291507856401e-04 -7.2792873887571319e-05 -4.1376812108071892e-04 -4.5115348896151153e-03  0.0000000000000000e+00 -1.3178518866375430e+00
 152 -3.4608953447367902e-04 -3.1500524511471854e-04 -2.0606676681361761e-03 -3.7124129977439409e-03  0.0000000000000000e+00 -1.3359579093413183e+00
 153  1.1366440823447022e-04 -3.4888729756859057e-04 -3.5114031833072524e-03 -2.1366218863647351e-03  0.0000000000000000e+00 -1.3323008163414425e+00
 154  2.7755878452249353e-04 -5.6835343732429808e-05 -4.1607821050457915e-03 -1.4650293823628656e-04  0.0000000000000000e+00 -1.3174020038124348e+00
 155  8.2973859003874522e-05  4.2317224292283770e-04 -3.6931746334628291e-03  1.8829894534728680e-03  0.0000000000000000e+00 -1.3103337688963019e+00
 156 -1.4549157110709982e-04  6.1310931092449354e-04 -2.4140444588894219e-03  3.4931279406308709e-03  0.0000000000000000e+00 -1.3230657153735805e+00
 157 -2.7755120106914756e-04  1.7420495575857950e-04 -7.4215651248188993e-04  4.3394077507095570e-03  0.0000000000000000e+00 -1.3527902177360682e+00
 158 -4.3883908115890924e-04 -4.7555155094568952e-04  1.0028294016566934e-03  4.3153319393444585e-03  0.0000000000000000e+00 -1.3824742907980037e+00
 159 -4.5078704680061939e-04 -6.0069524498492855e-04  2.5565955738746861e-03  3.3298438483359760e-03  0.0000000000000000e+00 -1.3935432927556690e+00
 160 -9.1805816027780998e-05 -9.3479488553435016e-05  3.7310234920646728e-03  1.5294532234844541e-03  0.0000000000000000e+00 -1.3839186902222016e+00
 161  3.3290182327734330e-04  4.6048888584423239e-04  4.1342807797528844e-03 -5.3794414982862092e-04  0.0000000000000000e+00 -1.3693856350800206e+00
 162  3.5451954694693216e-04  5.4230762587404607e-04  3.4249582848759428e-03 -2.3779738636184244e-03  0.0000000000000000e+00 -1.3690266681192615e+00
 163 -9.6908610510926509e-05  1.8912431265948772e-04  1.8856901692795923e-03 -3.7705789271361956e-03  0.0000000000000000e+00 -1.3889615167203884e+00
 164 -6.4887026920333417e-04 -2.0883546256969209e-04  1.7976057838099400e-04 -4.4975308100443151e-03  0.0000000000000000e+00 -1.4203424902524917e+00
 165 -7.4661597917652844e-04 -3.3142628458709950e-04 -1.4016721328679272e-03 -4.1809210853996810e-03  0.0000000000000000e+00 -1.4454209008359316e+00
 166 -2.1804144770264195e-04 -1.7641488707670030e-04 -2.9215272913019458e-03 -2.8250050232916935e-03  0.0000000000000000e+00 -1.4498778419927068e+00
 167  3.8628021786156475e-04  9.3618979377514441e-06 -4.0297614198211706e-03 -9.3749750540265649e-04  0.0000000000000000e+00 -1.4373876759883677e+00
 168  4.0489706266626788e-04  1.5484169348646581e-04 -4.0394829420738769e-03  1.0654969936474891e-03  0.0000000000000000e+00 -1.4263233534552013e+00
 169 -8.5362786066730520e-05  3.5449873370368068e-04 -2.9564115479840149e-03  2.8984604196599945e-03  0.0000000000000000e+00 -1.4309118774467089e+00
 170 -4.7679449569909489e-04  3.6336787407017357e-04 -1.4078149074604326e-03  4.1645908230910867e-03  0.0000000000000000e+00 -1.4548850064030829e+00
 171 -4.9548611105671770e-04 -2.5029932985692335e-05  2.6459972787152165e-04  4.4844267459623471e-03  0.0000000000000000e+00 -1.4866703692865353e+00
 172 -3.0905197573851258e-04 -4.7926078229942350e-04  1.9609210377766980e-03  3.8151950544446744e-03  0.0000000000000000e+00 -1.5069523381995071e+00
 173 -6.4287262161787562e-05 -4.8094842077706703e-04  3.3947298184498239e-03  2.3237980415588659e-03  0.0000000000000000e+00 -1.5048577806444339e+00
 174  1.3270839130051778e-04  2.5211809798604116e-05  4.1100079654601161e-03  3.1541326354017759e-04  0.0000000000000000e+00 -1.4896162835207833e+00
 175  1.7526978702514124e-04  5.7329011341547022e-04  3.7997548498324902e-03 -1.7234214034874877e-03  0.0000000000000000e+00 -1.4811149517459572e+00
 176  6.4681451452015961e-05  6.0490237534805899e-04  2.5799701541443999e-03 -3.3248227901660462e-03  0.0000000000000000e+00 -1.4923984825413594e+00
 177 -2.3066534398197240e-04  4.5199296740362837e-05  8.7354979393732728e-04 -4.2651548052197487e-03  0.0000000000000000e+00 -1.5215549292150219e+00
 178 -6.0551857154700752e-04 -5.0148855526221058e-04 -8.4202041526290215e-04 -4.3936432789210790e-03  0.0000000000000000e+00 -1.5517400546667213e+00
 179 -5.9546905403708812e-04 -4.6889421243588087e-04 -2.3630618601998758e-03 -3.4739630458688266e-03  0.0000000000000000e+00 -1.5649047630465118e+00
 180 -4.0068605757513936e-05  1.1036111784950536e-05 -3.6336285916938526e-03 -1.7044114943452194e-03  0.0000000000000000e+00 -1.5569954003930369e+00
 181  4.7621834992020131e-04  3.6017250515092025e-04 -4.1755618654129092e-03  3.1858496755284878e-04  0.0000000000000000e+00 -1.5426025603960891e+00
 182  3.6140577487690876e-04  3.5271133422344099e-04 -3.5205934355788237e-03  2.1908162984150157e-03  0.0000000000000000e+00 -1.5408851553639906e+00
 183 -2.3420439134259511e-04  1.9392990198010242e-04 -2.0239793788044869e-03  3.7017207922377090e-03  0.0000000000000000e+00 -1.5583465282597653e+00
 184 -7.0080776582713967e-04 -7.7409143000864233e-06 -3.7433877520847537e-04  4.5108158199711288e-03  0.0000000000000000e+00 -1.5890998217418564e+00
 185 -6.2291242093601119e-04 -2.0943936614307456e-04  1.2403083119993973e-03  4.2402905907267443e-03  0.0000000000000000e+00 -1.6157566762004676e+00
 186 -1.2011181838142834e-04 -3.0604282243542409e-04  2.8372342359391598e-03  2.9837896279641726e-03  0.0000000000000000e+00 -1.6225996090897796e+00
 187  3.0001224886655518e-04 -2.0366851806076250e-04  3.9812074210136515e-03  1.1540069303518175e-03  0.0000000000000000e+00 -1.6110992224568799e+00
 188  2.5208872152553179e-04  1.4172945201034286e-04  4.0623993587690808e-03 -8.9384131778681437e-04  0.0000000000000000e+00 -1.5982114672478884e+00
 189 -7.6551011140801314e-05  5.3052610919370521e-04  3.1050022025080116e-03 -2.7762931414262292e-03  0.0000000000000000e+00 -1.6005171068385207e+00
 190 -2.8080063431715273e-04  4.7388235648320842e-04  1.5922221346769973e-03 -4.0462393139308640e-03  0.0000000000000000e+00 -1.6230857274964658e+00
 191 -3.6272831863645710e-04 -1.1631656666435479e-04 -1.3914243926028665e-04 -4.4483285480962460e-03  0.0000000000000000e+00 -1.6553744247053239e+00
 192 -4.2546512844721649e-04 -6.1348176511720205e-04 -1.8296399138453597e-03 -3.9291947056037686e-03  0.0000000000000000e+00 -1.6773548721976994e+00
 193 -2.7030989729061626e-04 -4.4969134259116605e-04 -3.2360651033558857e-03 -2.4934982874368359e-03  0.0000000000000000e+00 -1.6768851740002573e+00
 194  1.1297272166407359e-04  1.7165876017896531e-04 -4.0620642029502987e-03 -4.8271602031573337e-04  0.0000000000000000e+00 -1.6620538729250796e+00
 195  3.5494716722322007e-04  5.9822810151367368e-04 -3.9044886281096695e-03  1.5298034026585965e-03  0.0000000000000000e+00 -1.6526462817175718e+00
 196  1.8026839622298634e-04  4.6215637735222664e-04 -2.7155601932340912e-03  3.1556587049157594e-03  0.0000000000000000e+00 -1.6626977551441839e+00
 197 -3.3304487111304639e-04 -2.7376302647330947e-05 -1.0120409660314253e-03  4.2287197304626926e-03  0.0000000000000000e+00 -1.6905197160984038e+00
 198 -7.5739645828954739e-04 -3.7349191248396040e-04  6.4968300862288731e-04  4.4735829453873902e-03  0.0000000000000000e+00 -1.7210939581677793e+00
 199 -5.8635024150398144e-04 -3.1188170830559952e-04  2.1863855486933090e-03  3.6006814914832548e-03  0.0000000000000000e+00 -1.7365779151704102e+00
 200  7.9854369260723234e-05 -3.0505962729861601e-05  3.5656253603107255e-03  1.8962375770016141e-03  0.0000000000000000e+00 -1.7305097538591898e+00
 201  5.0770832553368741e-04  1.4391377609522220e-04  4.1961870782546195e-03 -9.0573772655147764e-05  0.0000000000000000e+00 -1.7163751795053874e+00
 202  2.4425792672143484e-04  2.4881835547588315e-04  3.5985877555108196e-03 -2.0281774904475167e-03  0.0000000000000000e+00 -1.7123698817830530e+00
 203 -3.1871452807903086e-04  3.4207067067933811e-04  2.1864059062849470e-03 -3.6304189150542792e-03  0.0000000000000000e+00 -1.7273473721932964e+00
 204 -5.8834536231244219e-04  1.8244482946857686e-04  5.6468595767309230e-04 -4.4704414147449956e-03  0.0000000000000000e+00 -1.7575111438067552e+00
 205 -4.5720123244262826e-04 -2.3349606259576185e-04 -1.1168112660646084e-03 -4.2719083700212103e-03  0.0000000000000000e+00 -1.7856401333020888e+00
 206 -1.5201357700443379e-04 -5.0277457715189235e-04 -2.7425141053852597e-03 -3.1421951204695158e-03  0.0000000000000000e+00 -1.7948064092326574e+00
 207  1.0839645586882588e-04 -2.9101562906227519e-04 -3.8893721454358056e-03 -1.3475677835986983e-03  0.0000000000000000e+00 -1.7839295928718784e+00
 208  1.7078641317889095e-04  2.6837113242894302e-04 -4.0843724486310101e-03  7.3681961631255253e-04  0.0000000000000000e+00 -1.7697727958562339e+00
 209  7.5902268394500465e-05  6.6251651619461606e-04 -3.2618618180851448e-03  2.6193363760409435e-03  0.0000000000000000e+00 -1.7703400480977434e+00
 210 -8.8307443536430870e-05  4.2709737111101153e-04 -1.7508050179465937e-03  3.9048906562727378e-03  0.0000000000000000e+00 -1.7917724795641687e+00
 211 -3.8455432513349262e-04 -2.4096578740039507e-04  1.0963959988778415e-05  4.4390830633115868e-03  0.0000000000000000e+00 -1.8241808340963599e+00
 212 -6.2131765414248988e-04 -6.0450585246017219e-04  1.6533276216940647e-03  4.0520034220798383e-03  0.0000000000000000e+00 -1.8474467242875687e+00
 213 -3.7517643715062089e-04 -3.0838089834029844e-04  3.0672116762578919e-03  2.6511368029892451e-03  0.0000000000000000e+00 -1.8491402812606186e+00
 214  2.1630130256664591e-04  2.3660179907115272e-04  4.0313269193768663e-03  6.7246173093083545e-04  0.0000000000000000e+00 -1.8351109363204816e+00
 215  4.9305068760334316e-04  4.5839940706165799e-04  3.9904615254431237e-03 -1.3132496822409994e-03  0.0000000000000000e+00 -1.8252123993547065e+00
 216  1.4028078858119449e-04  3.1096179463344575e-04  2.8288603695674217e-03 -3.0113361726276169e-03  0.0000000000000000e+00 -1.8333958018261258e+00
 217 -4.7772993397995439e-04  4.8186163875319682e-05  1.1739672937569634e-03 -4.2114738940877217e-03  0.0000000000000000e+00 -1.8593412449789646e+00
 218 -7.6951652998845854e-04 -1.6904083062785900e-04 -4.5272147052143291e-04 -4.5206798436295921e-03  0.0000000000000000e+00 -1.8904880962061774e+00
 219 -4.5642154321856810e-04 -2.5919691668496253e-04 -2.0515584973433967e-03 -3.7082998325702709e-03  0.0000000000000000e+00 -1.9081537727294648e+00
 220  1.3623419191557636e-04 -2.1531120316292668e-04 -3.5065894544725161e-03 -2.0961100609189313e-03  0.0000000000000000e+00 -1.9041474254135127e+00
 221  3.9448373682981320e-04 -3.8451460970678629e-05 -4.1822136059835036e-03 -1.2200638384648289e-04  0.0000000000000000e+00 -1.8897382577327788e+00
 222  1.2042174763177487e-04  3.0483416325147460e-04 -3.6786759532715075e-03  1.8847557969911043e-03  0.0000000000000000e+00 -1.8832189609004346e+00
 223 -2.5314511439372505e-04  5.3509209010712232e-04 -2.3681809677589833e-03  3.5248930284255331e-03  0.0000000000000000e+00 -1.8961204131293272e+00
 224 -3.8324371627636295e-04  2.4567281455396280e-04 -7.3162998530476781e-04  4.3825749924946058e-03  0.0000000000000000e+00 -1.9256604671558524e+00
 225 -3.9011300423235880e-04 -3.6806652153192708e-04  1.0055264152256044e-03  4.3041821698298595e-03  0.0000000000000000e+00 -1.9551938944789424e+00
 226 -3.2261342056089809e-04 -6.2044443054297470e-04  2.6039207621704908e-03  3.2993173604518801e-03  0.0000000000000000e+00 -1.9662318052685435e+00
 227 -6.5512132522539579e-05 -2.1672144780010520e-04  3.7681955704921624e-03  1.5187573907436188e-03  0.0000000000000000e+00 -1.9563352867515773e+00
 228  2.2759651561226170e-04  4.1047383041826026e-04  4.1152196217180111e-03 -5.6805527300990682e-04  0.0000000000000000e+00 -1.9416496451631517e+00
 229  2.7634332126116228e-04  6.4371748452784691e-04  3.4048401382214761e-03 -2.4293166245449244e-03  0.0000000000000000e+00 -1.9409736395424895e+00
 230 -2.6276301990907071e-05  2.8520568689856593e-04  1.8849148344611448e-03 -3.7796777473721181e-03  0.0000000000000000e+00 -1.9612229279899847e+00
 231 -5.3062650985318969e-04 -2.6315844047065473e-04  1.4254079817835230e-04 -4.4631929688835970e-03  0.0000000000000000e+00 -1.9930010754398964e+00
 232 -7.5430419762512755e-04 -4.5474759531705870e-04 -1.4529897557798821e-03 -4.1649667229312938e-03  0.0000000000000000e+00 -2.0177350779008592e+00
 233 -3.2970761664701751e-04 -1.9181597499071213e-04 -2.9243658382262731e-03 -2.8055384710471533e-03  0.0000000000000000e+00 -2.0217775432719187e+00
 234  3.3894228112408707e-04  1.3637689125971545e-04 -4.0135331833658890e-03 -8.8741912021940341e-04  0.0000000000000000e+00 -2.0088598356010450e+00
 235  4.9217196819103452e-04  2.4687157397967359e-04 -4.0466187894026883e-03  1.0993172025816392e-03  0.0000000000000000e+00 -1.9982395402250568e+00
 236  8.9636613228063774e-06  2.8245379593205632e-04 -2.9412832548215114e-03  2.8929103138457270e-03  0.0000000000000000e+00 -2.0036931029195317e+00
 237 -5.2382318593390692e-04  2.4171842075202313e-04 -1.3595264266436358e-03  4.1741273000966235e-03  0.0000000000000000e+00 -2.0279027169552406e+00
 238 -6.2677819499016554e-04 -2.0887214837964145e-05  2.7876513971795757e-04  4.5162978563761686e-03  0.0000000000000000e+00 -2.0595108459142026e+00
 239 -3.3415517169687410e-04 -3.5663605246533293e-04  1.9494780882986715e-03  3.8040506834688772e-03  0.0000000000000000e+00 -2.0793530908657436e+00
 240  4.6741721165150260e-05 -4.2061989159788949e-04  3.4205051207897102e-03  2.2907819253490886e-03  0.0000000000000000e+00 -2.0772492281602997e+00
 241  2.1554700663309293e-04 -6.7282977477911042e-05  4.1363526862005845e-03  3.0702882728401965e-04  0.0000000000000000e+00 -2.0622688977204446e+00
 242  1.0845253040608855e-04  4.6379630577720612e-04  3.7719214103613548e-03 -1.7400954668271523e-03  0.0000000000000000e+00 -2.0538939834262564e+00
 243 -6.0155669513047774e-05  6.3796175969226898e-04  2.5481138128201773e-03 -3.3750001915927186e-03  0.0000000000000000e+00 -2.0650551169053166e+00
 244 -2.3101187038248041e-04  1.6311591689804669e-04  8.7283106559321610e-04 -4.2856674506037678e-03  0.0000000000000000e+00 -2.0941053594623575e+00
 245 -4.8068863269320453e-04 -4.8220335714558563e-04 -8.7186023041913496e-04 -4.3609207039013017e-03  0.0000000000000000e+00 -2.1244945323582982e+00
 246 -5.2673636561677479e-04 -5.7816350121033487e-04 -2.4215042458755939e-03 -3.4502054277521657e-03  0.0000000000000000e+00 -2.1373272760723547e+00
 247 -1.1413247139899873e-04 -7.3317977964584101e-05 -3.6484292496050566e-03 -1.6847872196641294e-03  0.0000000000000000e+00 -2.1290485634057581e+00
 248  3.7676593664701108e-04  4.3044419101627516e-04 -4.1534108253483710e-03  3.6802824405557388e-04  0.0000000000000000e+00 -2.1142917102921013e+00
 249  3.8962881459731006e-04  4.8167420299644173e-04 -3.5186195848889751e-03  2.2299841347701880e-03  0.0000000000000000e+00 -2.1126329052579984e+00
 250 -1.1388054430406829e-04  1.8907683176106030e-04 -2.0125847517759427e-03  3.6888178294947564e-03  0.0000000000000000e+00 -2.1308886853891749e+00
 251 -6.6841655778072766e-04 -1.3241148929250536e-04 -3.2485986887018233e-04  4.4927797203707124e-03  0.0000000000000000e+00 -2.1618013405856749e+00
 252 -7.2937639342071420e-04 -2.7283404506338982e-04  1.2652480901346453e-03  4.2464060808431138e-03  0.0000000000000000e+00 -2.1881489183691918e+00
 253 -2.0473837833721241e-04 -2.1294403717679708e-04  2.8211582121051839e-03  2.9598984240291519e-03  0.0000000000000000e+00 -2.1945029843996178e+00
 254  3.5730266477664068e-04 -8.0924739460162820e-05  3.9849760508233701e-03  1.1101246012796414e-03  0.0000000000000000e+00 -2.1828809495063042e+00
 255  3.6405218639291886e-04  1.1745894700997479e-04  4.0749872326520959e-03 -9.0747321427609589e-04  0.0000000000000000e+00 -2.1707437793037756e+00
 256 -7.8499692876308582e-05  4.0323530248198200e-04  3.0715586229683694e-03 -2.7803239337786940e-03  0.0000000000000000e+00 -2.1735075547611191e+00
 257 -4.0829670543149642e-04  4.3097045686696053e-04  1.5526284922227061e-03 -4.0869913878358328e-03  0.0000000000000000e+00 -2.1961723314632198e+00
 258 -4.3662952813458783e-04 -1.7735860684669868e-05 -1.3708556168397080e-04 -4.4760599700461850e-03  0.0000000000000000e+00 -2.2281667758565646e+00
 259 -3.4084918283537049e-04 -5.2506185952629970e-04 -1.8429034594991966e-03 -3.9035970903457192e-03  0.0000000000000000e+00 -2.2500380563347209e+00
 260 -1.5411172232452421e-04 -5.0528409855674452e-04 -3.2864571708259090e-03 -2.4709605275904816e-03  0.0000000000000000e+00 -2.2494909280746787e+00
 261  9.8297917697949246e-05  4.7742697402896471e-05 -4.0771482597273109e-03 -4.7298318232358446e-04  0.0000000000000000e+00 -2.2345268195579808e+00
 262  2.3501131609685044e-04  5.8712665849820322e-04 -3.8738022926094844e-03  1.5698183917780373e-03  0.0000000000000000e+00 -2.2249518080368338e+00
 263  1.3443924341011219e-04  5.8045079868008467e-04 -2.7042724168326064e-03  3.2002936578277184e-03  0.0000000000000000e+00 -2.2347883799431045e+00
 264 -2.3210459568109086e-04  3.5183838313132066e-05 -1.0041334934652350e-03  4.2176132575530260e-03  0.0000000000000000e+00 -2.2630155682623019e+00
 265 -6.5728894480666065e-04 -4.5973244994812679e-04  7.0039532628426895e-04  4.4387215676774490e-03  0.0000000000000000e+00 -2.2936975623083873e+00
 266 -6.2888243143548216e-04 -4.2239167123991726e-04  2.2276284936348055e-03  3.5871542348828154e-03  0.0000000000000000e+00 -2.3087117563130661e+00
 267 -3.0749526824623348e-05 -3.9710922763173353e-06  3.5555163163499782e-03  1.8633267002655365e-03  0.0000000000000000e+00 -2.3022559915552794e+00
 268  4.9482765290102945e-04  2.8330684856922784e-04  4.1854774652104127e-03 -1.4312687295902046e-04  0.0000000000000000e+00 -2.2878201460366685e+00
 269  3.5118314278341446e-04  3.0084634416989935e-04  3.6039049869831122e-03 -2.0465522838633114e-03  0.0000000000000000e+00 -2.2845760767610073e+00
 270 -2.4970500619345750e-04  2.3846518623467331e-04  2.1553436666375526e-03 -3.6183980183066224e-03  0.0000000000000000e+00 -2.3002172823797480e+00
 271 -6.7068357839075634e-04  8.0230653677117842e-05  5.2046142287195789e-04 -4.4871818958935042e-03  0.0000000000000000e+00 -2.3304368293632307e+00
 272 -5.7583261007167880e-04 -1.8782659688340930e-04 -1.1149917522893377e-03 -4.2892633575829699e-03  0.0000000000000000e+00 -2.3582187148623008e+00
 273 -1.3547218319707503e-04 -3.7421531519044466e-04 -2.7365261807550203e-03 -3.1136172205473338e-03  0.0000000000000000e+00 -2.3669938441697003e+00
 274  2.2895645435312519e-04 -2.6813357369366027e-04 -3.9194797021611522e-03 -1.3197850735443748e-03  0.0000000000000000e+00 -2.3563190891089407e+00
 275  2.1786112108980422e-04  1.5244743001837938e-04 -4.0896637187360840e-03  7.4073866620162404e-04  0.0000000000000000e+00 -2.3425366015168505e+00
 276 -2.4418065343947242e-05  5.7969933999335371e-04 -3.2207982524778836e-03  2.6470574464304690e-03  0.0000000000000000e+00 -2.3432197315529439e+00
 277 -1.9705782575370572e-04  4.9507980520877373e-04 -1.7308571244736880e-03  3.9542541780453605e-03  0.0000000000000000e+00 -2.3644956015639487e+00
 278 -3.4299256893929577e-04 -1.3277754006788873e-04  1.2631277091502519e-05  4.4393178396604002e-03  0.0000000000000000e+00 -2.3968534990428676e+00
 279 -4.9190072495510005e-04 -6.2212339791295186e-04  1.6976442695793728e-03  4.0169973694756493e-03  0.0000000000000000e+00 -2.4201861664185476e+00
 280 -3.4197429467179455e-04 -4.2940404291680025e-04  3.1174399983399910e-03  2.6350430042182834e-03  0.0000000000000000e+00 -2.4214598245863650e+00
 281  1.1813121035081004e-04  1.8391721498334191e-04  4.0265683939361419e-03  6.4519611928297012e-04  0.0000000000000000e+00 -2.4071750428451697e+00
 282  4.1422009360984847e-04  5.6003904269975857e-04  3.9695332352221915e-03 -1.3661523832331818e-03  0.0000000000000000e+00 -2.3969040385560767e+00
 283  2.0441419836431061e-04  4.1701712488580921e-04  2.8301581971463502e-03 -3.0335198636643225e-03  0.0000000000000000e+00 -2.4054208479438053e+00
 284 -3.6084665385126556e-04  7.1715710400744068e-07  1.1475160695114210e-03 -4.1853349160116795e-03  0.0000000000000000e+00 -2.4319988632038103e+00
 285 -7.7550703184505691e-04 -2.9542778347386566e-04 -5.0397328337238579e-04 -4.5079804480459831e-03  0.0000000000000000e+00 -2.4630227716151416e+00
 286 -5.7290543209820679e-04 -2.8284335183227546e-04 -2.0607431471624136e-03 -3.7039952077295075e-03  0.0000000000000000e+00 -2.4802907151072522e+00
 287  8.3774782504004072e-05 -9.3726464839943247e-05 -3.4899971438525136e-03 -2.0561347957022049e-03  0.0000000000000000e+00 -2.4758072909512152e+00
 288  4.7954908310248156e-04  5.9360898474389554e-05 -4.1920420510091145e-03 -8.2817423572008363e-05  0.0000000000000000e+00 -2.4616177116861544e+00
 289  2.1672037421229190e-04  2.4044283396843749e-04 -3.6763413492994922e-03  1.8879517678083058e-03  0.0000000000000000e+00 -2.4559467361656382e+00
 290 -2.9492848886049811e-04  4.1194992181863216e-04 -2.3228462544064576e-03  3.5358549091144098e-03  0.0000000000000000e+00 -2.4691846478383614e+00
 291 -5.1694129533804670e-04  2.4209283025036324e-04 -7.0611495521966561e-04  4.4253891221598205e-03  0.0000000000000000e+00 -2.4986904751994650e+00
 292 -4.2413524676317935e-04 -2.5177860181356429e-04  9.9737404171873012e-04  4.3110484561792216e-03  0.0000000000000000e+00 -2.5278609717559934e+00
 293 -2.1227030937982213e-04 -5.5977068071048008e-04  2.6297229626914137e-03  3.2675365598378706e-03  0.0000000000000000e+00 -2.5388390794629538e+00
 294  2.6669920518641521e-05 -3.0452473142879603e-04  3.8113901404789770e-03  1.5052236665967914e-03  0.0000000000000000e+00 -2.5289142754677205e+00
 295  1.7249535312070395e-04  2.9862085375490356e-04  4.1063876558534535e-03 -5.8227985845352268e-04  0.0000000000000000e+00 -2.5142134767146604e+00
 296  1.5466906997105767e-04  6.7284940180395685e-04  3.3721148583348262e-03 -2.4773793962773829e-03  0.0000000000000000e+00 -2.5133365143687638e+00
 297 -3.3119005895232754e-05  4.0683451361841789e-04  1.8814056596548263e-03 -3.8104428269729682e-03  0.0000000000000000e+00 -2.5335030022563019e+00
 298 -4.0941163082000830e-04 -2.3886067272681344e-04  1.2145888479400823e-04 -4.4358151093914413e-03  0.0000000000000000e+00 -2.5656601240366301e+00
 299 -6.8249804255809704e-04 -5.6327776867744607e-04 -1.5108445152454098e-03 -4.1359006128431604e-03  0.0000000000000000e+00 -2.5902059618312112e+00
 300 -4.0159212831207233e-04 -2.7913825972096350e-04 -2.9499918159449270e-03 -2.7893558366672189e-03  0.0000000000000000e+00 -2.5937868220842986e+00
 301  2.3906393106763437e-04  2.0293534317070006e-04 -3.9953292124413021e-03 -8.4270281936862674e-04  0.0000000000000000e+00 -2.5804818054420329e+00
 302  5.1531402634033281e-04  3.8266955986214480e-04 -4.0430143206831260e-03  1.1462621326356020e-03  0.0000000000000000e+00 -2.5698098244295577e+00
 303  1.2571010407315460e-04  2.8917243547235487e-04 -2.9385113077851016e-03  2.8940204041579521e-03  0.0000000000000000e+00 -2.5761623030822971e+00
 304 -4.8837635383402089e-04  1.1865362858532948e-04 -1.3158918469103841e-03  4.1616475361429582e-03  0.0000000000000000e+00 -2.6007702236609864e+00
 305 -7.3530613387192366e-04 -9.2541401598110663e-05  3.1120938679724024e-04  4.5352504969504897e-03  0.0000000000000000e+00 -2.6322521389871545e+00
 306 -4.2756605975949427e-04 -2.7308947910696175e-04  1.9368505169694221e-03  3.8009945284965471e-03  0.0000000000000000e+00 -2.6516329678312518e+00
 307  1.0081960015180657e-04 -2.9952751436070014e-04  3.4238599192388678e-03  2.2525122867991508e-03  0.0000000000000000e+00 -2.6492780538190281e+00
 308  3.3248778085607562e-04 -8.5575033638853103e-05  4.1621319110148169e-03  2.8811217378344985e-04  0.0000000000000000e+00 -2.6347567291883873e+00
 309  1.1499045154472729e-04  3.3682558039620437e-04  3.7544067215544031e-03 -1.7445197254097801e-03  0.0000000000000000e+00 -2.6267735974629942e+00
 310 -1.8350333987235710e-04  5.8978105806644201e-04  2.5049105225749811e-03 -3.4140764000898834e-03  0.0000000000000000e+00 -2.6380228331017790e+00
 311 -3.1104806566462079e-04  2.5820620827608591e-04  8.6611252447239601e-04 -4.3253601597309111e-03  0.0000000000000000e+00 -2.6668611964352813e+00
 312 -4.0151920440692826e-04 -3.9383057863111765e-04 -8.8175277326718300e-04 -4.3430189434664123e-03  0.0000000000000000e+00 -2.6972392507411032e+00
 313 -4.0640023481115821e-04 -6.3079495381208005e-04 -2.4751289888789831e-03 -3.4205432551112141e-03  0.0000000000000000e+00 -2.7099789457168546e+00
 314 -1.1948208042960680e-04 -1.9564249787357550e-04 -3.6817835444551950e-03 -1.6723705292477286e-03  0.0000000000000000e+00 -2.7013450954119032e+00
 315  2.6346924975439838e-04  4.1559589135583788e-04 -4.1330422996479462e-03  4.0473885746443450e-04  0.0000000000000000e+00 -2.6863671093804542e+00
 316  3.4063527065864648e-04  6.0299798771401081e-04 -3.5042038487410670e-03  2.2798307982671738e-03  0.0000000000000000e+00 -2.6844201038634279e+00
 317 -1.9089934488233631e-05  2.6127829959704985e-04 -2.0107013195602395e-03  3.6908473238190282e-03  0.0000000000000000e+00 -2.7031883123611471e+00
 318 -5.6756586464243384e-04 -2.1518917906977836e-04 -2.8324838693236912e-04  4.4607679208863524e-03  0.0000000000000000e+00 -2.7344627823637286e+00
 319 -7.7184711541359620e-04 -3.8780948348182979e-04  1.3103621354073848e-03  4.2376709147125156e-03  0.0000000000000000e+00 -2.7604743295242056e+00
 320 -3.1942808681479073e-04 -1.9387106070592399e-04  2.8164017049941985e-03  2.9405461513101003e-03  0.0000000000000000e+00 -2.7664029836492765e+00
 321  3.4026213444099119e-04  5.6833614341265714e-05  3.9728717932820973e-03  1.0609709468275123e-03  0.0000000000000000e+00 -2.7543920066975565e+00
 322  4.6840491370635397e-04  1.7877015082446609e-04  4.0856506240985685e-03 -9.3571802122776584e-04  0.0000000000000000e+00 -2.7428501886449062e+00
 323 -7.1839528874620506e-06  3.0587764221931725e-04  3.0517069024747667e-03 -2.7761872066478033e-03  0.0000000000000000e+00 -2.7463787782787628e+00
 324 -4.8675290582037527e-04  3.2455645589311714e-04  1.5050562317603417e-03 -4.1071571769794694e-03  0.0000000000000000e+00 -2.7692525452099912e+00
 325 -5.6161148564211154e-04  1.8903410676391350e-05 -1.4572289812462508e-04 -4.5111893709182220e-03  0.0000000000000000e+00 -2.8010400578047472e+00
 326 -3.3199823725560754e-04 -4.0211240264956093e-04 -1.8367030394831063e-03 -3.8898032349880774e-03  0.0000000000000000e+00 -2.8225485161496158e+00
 327 -3.0800640514099851e-05 -4.7948952723952742e-04 -3.3216493355462543e-03 -2.4409063904089236e-03  0.0000000000000000e+00 -2.8220225968607076e+00
 328  1.5652059501237645e-04 -6.4787956834154662e-05 -4.1034627413723346e-03 -4.6602521530510270e-04  0.0000000000000000e+00 -2.8071548431693212e+00
 329  1.4457874019645721e-04  4.9971630598799990e-04 -3.8451383018424418e-03  1.5931206379525970e-03  0.0000000000000000e+00 -2.7976058053481645e+00
 330  2.4966283085030167e-05  6.4587210274194746e-04 -2.6782012550730003e-03  3.2514238126341213e-03  0.0000000000000000e+00 -2.8072337625235897e+00
 331 -1.9776905894208405e-04  1.4707406470514000e-04 -1.0030258257545180e-03  4.2293536571361267e-03  0.0000000000000000e+00 -2.8354921829832067e+00
 332 -5.2858735576976745e-04 -4.7421287751827246e-04  7.3724449498412743e-04  4.4028560074294565e-03  0.0000000000000000e+00 -2.8664183419245823e+00
 333 -5.9164758522958218e-04 -5.4279198269545326e-04  2.2839147283898417e-03  3.5658588054080448e-03  0.0000000000000000e+00 -2.8810274012334158e+00
 334 -1.2514743763886665e-04 -5.9659105982640659e-05  3.5630778729519213e-03  1.8400157947800698e-03  0.0000000000000000e+00 -2.8742015004577546e+00
 335  4.1498656063881261e-04  3.8369830224260440e-04  4.1653582026288096e-03 -1.9526345481212561e-04  0.0000000000000000e+00 -2.8593651658800852e+00
 336  4.0928383234601528e-04  4.1703473723764636e-04  3.6056665748153065e-03 -2.0806735672915912e-03  0.0000000000000000e+00 -2.8563936028514281e+00
 337 -1.3475554224674598e-04  2.0039754587067036e-04  2.1393005835887782e-03 -3.6041762380591437e-03  0.0000000000000000e+00 -2.8728650968140030e+00
 338 -6.7377072746541773e-04 -4.8229788157209177e-05  4.7087713468080625e-04 -4.4791470585838202e-03  0.0000000000000000e+00 -2.9032106118779009e+00
 339 -6.9761556439603615e-04 -2.2084842419911607e-04 -1.1315785522909550e-03 -4.3021397993088708e-03  0.0000000000000000e+00 -2.9307059136584273e+00
 340 -1.9528528201536371e-04 -2.6044627958533183e-04 -2.7203334142513005e-03 -3.0900142550942364e-03  0.0000000000000000e+00 -2.9389818129669409e+00
 341  3.1293532239915671e-04 -1.6807696537402987e-04 -3.9315636973829404e-03 -1.2802754316435341e-03  0.0000000000000000e+00 -2.9283027864049012e+00
 342  3.1912499970007701e-04  9.4265740908868850e-05 -4.1026941046287679e-03  7.5017555298188625e-04  0.0000000000000000e+00 -2.9151841254764919e+00
 343 -5.9113542864171172e-05  4.5514226565001659e-04 -3.1845744733482867e-03  2.6572129042383747e-03  0.0000000000000000e+00 -2.9162047680461951e+00
 344 -3.3024048038456360e-04  4.8561777879885238e-04 -1.6958947633777196e-03  4.0007368342555591e-03  0.0000000000000000e+00 -2.9375081063674711e+00
 345 -3.8503339800594045e-04 -2.0429316135925554e-05  1.0036403142626397e-05  4.4616620839912158e-03  0.0000000000000000e+00 -2.9696006621626116e+00
 346 -3.8407359573498816e-04 -5.6140948161796721e-04  1.7204142145783071e-03  3.9877215923801767e-03  0.0000000000000000e+00 -2.9929339046887233e+00
 347 -2.4281963201848564e-04 -5.1315127061541256e-04  3.1714588211470352e-03  2.6144370290841160e-03  0.0000000000000000e+00 -2.9940149256996516e+00
 348  7.3957677941500948e-05  7.1713560653864056e-05  4.0377120678380318e-03  6.3126446002108934e-04  0.0000000000000000e+00 -2.9795208322706705e+00
 349  2.9715934742421268e-04  5.8550285934698670e-04  3.9410803821524169e-03 -1.4116149307927561e-03  0.0000000000000000e+00 -2.9689931616573570e+00
 350  1.9212317004479600e-04  5.4379673073585186e-04  2.8238201651751811e-03 -3.0731708807309670e-03  0.0000000000000000e+00 -2.9773917807156982e+00
 351 -2.4438870952765452e-04  3.2890161282515086e-05  1.1355083263136809e-03 -4.1681171385079914e-03  0.0000000000000000e+00 -3.0045193090851026e+00
 352 -7.0157896283675619e-04 -4.0316851604995627e-04 -5.5665926518308722e-04 -4.4775964663423653e-03  0.0000000000000000e+00 -3.0355878883419374e+00
 353 -6.4556826766682242e-04 -3.7505862293861714e-04 -2.0933981477652798e-03 -3.6943196355320260e-03  0.0000000000000000e+00 -3.0524142181006200e+00
 354 -1.9010955271928681e-05 -3.3113508510853630e-05 -3.4755523275332122e-03 -2.0213187350370670e-03  0.0000000000000000e+00 -3.0475038943321247e+00
 355  4.9849635153133536e-04  1.9832743032380419e-04 -4.1869658697102864e-03 -3.2796815963649860e-05  0.0000000000000000e+00 -3.0331290172837813e+00
 356  3.3076743947010152e-04  2.5814239411270118e-04 -3.6815029300720395e-03  1.9015905926222281e-03  0.0000000000000000e+00 -3.0283256727806709e+00
 357 -2.5626021807732509e-04  2.9236209771039582e-04 -2.2870840842556836e-03  3.5294380107914361e-03  0.0000000000000000e+00 -3.0421330648444909e+00
 358 -6.2460114343182644e-04  1.6352853624458891e-04 -6.6593247253498038e-04  4.4526736400698867e-03  0.0000000000000000e+00 -3.0716997913072821e+00
 359 -5.2643942266719743e-04 -1.7771547686941784e-04  9.9165321401914973e-04  4.3294031022625221e-03  0.0000000000000000e+00 -3.1005021734941240e+00
 360 -1.6308798446971787e-04 -4.4220809053561875e-04  2.6318625626299622e-03  3.2386042892153452e-03  0.0000000000000000e+00 -3.1111883533920475e+00
 361  1.4928783790896106e-04 -3.1799181391094965e-04  3.8483953783041945e-03  1.4821790308802731e-03  0.0000000000000000e+00 -3.1014309320208988e+00
 362  1.9023005434223208e-04  1.7251778356873140e-04  4.1097274675426475e-03 -5.8724375366744550e-04  0.0000000000000000e+00 -3.0869401690678302e+00
 363  3.8177174442489449e-05  6.1935224719818097e-04  3.3326019641604513e-03 -2.5120371425866200e-03  0.0000000000000000e+00 -3.0860797564762374e+00
 364 -1.1733881493847409e-04  5.0046443219673418e-04  1.8667780402026224e-03 -3.8570824827825452e-03  0.0000000000000000e+00 -3.1060450961007762e+00
 365 -3.3662877054794029e-04 -1.4770627826596040e-04  1.1539307834402162e-04 -4.4274623085983058e-03  0.0000000000000000e+00 -3.1383061718523209e+00
 366 -5.6003495464281028e-04 -6.1364684834504214e-04 -1.5613437133989215e-03 -4.1004720758885636e-03  0.0000000000000000e+00 -3.1628860004340273e+00
 367 -4.0134953656228994e-04 -4.0075465516440441e-04 -2.9956782086749357e-03 -2.7735429038020496e-03  0.0000000000000000e+00 -3.1659915694940630e+00
 368  1.3037737611694530e-04  1.8478460696954224e-04 -3.9860640762776527e-03 -8.0979617439934045e-04  0.0000000000000000e+00 -3.1523952933303252e+00
 369  4.6377606588330136e-04  5.0616972326946006e-04 -4.0267850802697021e-03  1.1994804090638036e-03  0.0000000000000000e+00 -3.1413707981673871e+00
 370  2.1439215358308916e-04  3.7270972379064302e-04 -2.9407201366273179e-03  2.9101456966370053e-03  0.0000000000000000e+00 -3.1482748856926648e+00
 371 -3.8742808670968212e-04  4.1762862940621423e-05 -1.2844333439704931e-03  4.1374500887646727e-03  0.0000000000000000e+00 -3.1734915904026066e+00
 372 -7.7676882390589777e-04 -2.1230989815224210e-04  3.5856061868337499e-04  4.5327138370076184e-03  0.0000000000000000e+00 -3.2048536491286903e+00
 373 -5.4879624299566270e-04 -2.6334805513817631e-04  1.9378486657451771e-03  3.7999909723006459e-03  0.0000000000000000e+00 -3.2238374103028811e+00
 374  7.8409079267791659e-05 -1.6666502240294959e-04  3.4106364575411433e-03  2.2133169418076721e-03  0.0000000000000000e+00 -3.2210269616973926e+00
 375  4.3663854708220613e-04 -1.8341176230749062e-05  4.1783583333104401e-03  2.5460963401095532e-04  0.0000000000000000e+00 -3.2068420727615536e+00
 376  1.9073277414581789e-04  2.4490561718891463e-04  3.7492317563121327e-03 -1.7464932157938422e-03  0.0000000000000000e+00 -3.1995822343705154e+00
 377 -2.5635489082123094e-04  4.8023218750083482e-04  2.4586567291753334e-03 -3.4338157369616781e-03  0.0000000000000000e+00 -3.2110943306763495e+00
 378 -4.3946644526749129e-04  2.8799056651064331e-04  8.4594446529305696e-04 -4.3712963357057134e-03  0.0000000000000000e+00 -3.2398434880343943e+00
 379 -4.0087965693952761e-04 -2.7513789117390345e-04 -8.7707833464874155e-04 -4.3444287763490987e-03  0.0000000000000000e+00 -3.2699382657327773e+00
 380 -2.8217963267976825e-04 -6.0349068173806664e-04 -2.5108067595329586e-03 -3.3885620091296037e-03  0.0000000000000000e+00 -3.2826686602968951e+00
 381 -5.1430577096919833e-05 -3.0409386009514671e-04 -3.7257821951168072e-03 -1.6602587887252376e-03  0.0000000000000000e+00 -3.2738622348851818e+00
 382  1.8387890767282924e-04  3.2516495225480411e-04 -4.1216454728880674e-03  4.2508768655043113e-04  0.0000000000000000e+00 -3.2587889533545935e+00
 383  2.3254697516080056e-04  6.6612642929985170e-04 -3.4764395723064197e-03  2.3306131546379418e-03  0.0000000000000000e+00 -3.2565567641899005e+00
 384  8.4390786867948458e-06  3.7927223993933657e-04 -2.0094729071498357e-03  3.7139566114199516e-03  0.0000000000000000e+00 -3.2753915272811707e+00
 385 -4.4126957203465542e-04 -2.2426514806359545e-04 -2.5632384332491877e-04  4.4295412609734351e-03  0.0000000000000000e+00 -3.3071150999627714e+00
 386 -7.3205861780786731e-04 -5.0884862875523191e-04  1.3668569060792119e-03  4.2134565617176429e-03  0.0000000000000000e+00 -3.3328776401852944e+00
 387 -4.1389229299038636e-04 -2.5431833183542563e-04  2.8330465778894569e-03  2.9243509092044379e-03  0.0000000000000000e+00 -3.3383686412249611e+00
 388  2.5806634314908244e-04  1.5357900843978250e-04  3.9542859387492494e-03  1.0139890247054019e-03  0.0000000000000000e+00 -3.3259293023662013e+00
 389  5.2153252053859889e-04  3.0286223930093040e-04  4.0871444154840907e-03 -9.7847543096265480e-04  0.0000000000000000e+00 -3.3145234287068015e+00
 390  1.0585407595873962e-04  2.7840453384505144e-04  3.0455495811801043e-03 -2.7747642744245845e-03  0.0000000000000000e+00 -3.3189886501054762e+00
 391 -4.8598993998755349e-04  1.9595600815467860e-04  1.4588716943025038e-03 -4.1038645997912848e-03  0.0000000000000000e+00 -3.3422018245185465e+00
 392 -6.8661479358507439e-04 -2.3148154945373798e-05 -1.7156874486183959e-04 -4.5387463283258047e-03  0.0000000000000000e+00 -3.3738765627619038e+00
 393 -4.0095404547435374e-04 -2.9721699301675931e-04 -1.8231433106405471e-03 -3.8865832397365595e-03  0.0000000000000000e+00 -3.3949191852509784e+00
 394  5.1447412849969730e-05 -3.7976804776686110e-04 -3.3344161042380871e-03 -2.4050405978482681e-03  0.0000000000000000e+00 -3.3942461062286373e+00
 395  2.6517532947441681e-04 -1.1758999164033621e-04 -4.1326424919101842e-03 -4.5188794666776273e-04  0.0000000000000000e+00 -3.3797415654132332e+00
 396  1.1976807303567015e-04  3.7354539670298614e-04 -3.8250946605391683e-03  1.6015806152498029e-03  0.0000000000000000e+00 -3.3704412273486271e+00
 397 -1.0503419903797838e-04  6.3124301287221846e-04 -2.6388609722092101e-03  3.2962496553474818e-03  0.0000000000000000e+00 -3.3800610535247211e+00
 398 -2.4648999940660410e-04  2.5827707533324264e-04 -9.9920298798432871e-04  4.2632764744891475e-03  0.0000000000000000e+00 -3.4081220318321814e+00
 399 -4.2489731106850644e-04 -4.1184601557927729e-04  7.5473545927863441e-04  4.3784037284758590e-03  0.0000000000000000e+00 -3.4391702255172825e+00
 400 -4.8797293753736836e-04 -6.2389600347532146e-04  2.3415008702896132e-03  3.5374622355451952e-03  0.0000000000000000e+00 -3.4535983175681984e+00
 401 -1.6157053310649147e-04 -1.7166552377488969e-04  3.5909258865638202e-03  1.8250475294415900e-03  0.0000000000000000e+00 -3.4463751183142519e+00
 402  3.0207948017905409e-04  4.0580518769383120e-04  4.1442054141937155e-03 -2.3781483147943271e-04  0.0000000000000000e+00 -3.4312498864879601e+00
 403  3.9245749492949482e-04  5.4928765111190113e-04  3.5966957664234768e-03 -2.1277538988444407e-03  0.0000000000000000e+00 -3.4280863935004455e+00
 404 -2.3521468772585271e-05  2.4308822821408107e-04  2.1351780214343735e-03 -3.6004653762300616e-03  0.0000000000000000e+00 -3.4452432231773273e+00
 405 -5.9809290737264007e-04 -1.5377053675062744e-04  4.2586588028293188e-04 -4.4521663026317821e-03  0.0000000000000000e+00 -3.4758962585233770e+00
 406 -7.7172260808400900e-04 -3.1934311926099380e-04 -1.1693231328327857e-03 -4.3014208706877105e-03  0.0000000000000000e+00 -3.5030850335346742e+00
 407 -3.0389832562878900e-04 -2.0812883658600210e-04 -2.7095698126199581e-03 -3.0711726332027017e-03  0.0000000000000000e+00 -3.5109099247025335e+00
 408  3.2793571726401788e-04 -2.9973097390090220e-05 -3.9252740899242654e-03 -1.2332631367345565e-03  0.0000000000000000e+00 -3.4999192370205741e+00
 409  4.3282424311406415e-04  1.2055642879558891e-04 -4.1162933344664346e-03  7.7275110289484533e-04  0.0000000000000000e+00 -3.4874811498072318e+00
 410 -1.6235803986130614e-05  3.3942360007257788e-04 -3.1602418401508164e-03  2.6558480583180472e-03  0.0000000000000000e+00 -3.4891370229039578e+00
 411 -4.3447664127381757e-04  4.0188424453384085e-04 -1.6502328158226466e-03  4.0307131835220205e-03  0.0000000000000000e+00 -3.5106159004666888e+00
 412 -4.9432308415139274e-04  4.5807057925717679e-05  1.4319177761573866e-05  4.4972547638867421e-03  0.0000000000000000e+00 -3.5424665865009803e+00
 413 -3.4139274375078740e-04 -4.4762595250507400e-04  1.7213578523654627e-03  3.9702267710416596e-03  0.0000000000000000e+00 -3.5655464056524648e+00
 414 -1.1590607331154620e-04 -5.2300376888807156e-04  3.2150250038787040e-03  2.5869834170167165e-03  0.0000000000000000e+00 -3.5666273316381498e+00
 415  1.0348471881855421e-04 -5.1944187679753347e-05  4.0626641883387002e-03  6.2396279012948358e-04  0.0000000000000000e+00 -3.5520788250698603e+00
 416  1.8969988647311747e-04  5.2711974102121525e-04  3.9123057181747762e-03 -1.4418114962413157e-03  0.0000000000000000e+00 -3.5414852278564544e+00
 417  1.0571598126781525e-04  6.3693608819679053e-04  2.8037272133212025e-03 -3.1233343530048989e-03  0.0000000000000000e+00 -3.5496250569065495e+00
 418 -1.7848460966888088e-04  1.2980506954713108e-04  1.1329664569399878e-03 -4.1710996946489618e-03  0.0000000000000000e+00 -3.5769551105514297e+00
 419 -5.7881010925062452e-04 -4.5041616011472327e-04 -5.9932626055717595e-04 -4.4406493533026645e-03  0.0000000000000000e+00 -3.6082632139437396e+00
 420 -6.4255885152846709e-04 -4.9768672554150861e-04 -2.1451485598396143e-03 -3.6762744632459223e-03  0.0000000000000000e+00 -3.6246455281655345e+00
 421 -1.2639200066436547e-04 -5.5611177063279173e-05 -3.4758206094739402e-03 -1.9948357649604747e-03  0.0000000000000000e+00 -3.6193601939727502e+00
 422  4.4422923488154800e-04  3.2159742551162232e-04 -4.1699225516554049e-03  2.0423070514850904e-05  0.0000000000000000e+00 -3.6045855126392881e+00
 423  4.1385956216082346e-04  3.5274927870888515e-04 -3.6860818297572268e-03  1.9304197457059996e-03  0.0000000000000000e+00 -3.6002717278245240e+00
 424 -1.5564462032304426e-04  2.2368433686146720e-04 -2.2659657810743844e-03  3.5159529068640250e-03  0.0000000000000000e+00 -3.6148861560441938e+00
 425 -6.6317630920916242e-04  4.0088244670417898e-05 -6.1738306558527906e-04  4.4557516125757913e-03  0.0000000000000000e+00 -3.6445646425516394e+00
 426 -6.5429508497352729e-04 -1.7802938615214546e-04  1.0006834792384439e-03  4.3479155984993455e-03  0.0000000000000000e+00 -3.6730830989878909e+00
 427 -1.9290679053194433e-04 -3.1640273917735471e-04  2.6182614647025254e-03  3.2150147941024223e-03  0.0000000000000000e+00 -3.6832918457595936e+00
 428  2.5427250109496809e-04 -2.4768791310526107e-04  3.8691848929224299e-03  1.4474044956838904e-03  0.0000000000000000e+00 -3.6736211700561308e+00
 429  2.7351941332443182e-04  8.5223220456640458e-05  4.1225798434734312e-03 -5.9362141911769868e-04  0.0000000000000000e+00 -3.6596538726624246e+00
 430 -2.6768151183346829e-05  5.0656417749543061e-04  3.2947638573343169e-03 -2.5289443410686351e-03  0.0000000000000000e+00 -3.6590208417190846e+00
 431 -2.4644352677876400e-04  5.2519024854408693e-04  1.8370664603750268e-03 -3.9068339871071740e-03  0.0000000000000000e+00 -3.6789289881699663e+00
 432 -3.4378727702371925e-04 -3.0549657421954286e-05  1.1708305876190016e-04 -4.4425353665823635e-03  0.0000000000000000e+00 -3.7109994578341619e+00
 433 -4.3683069572629621e-04 -5.8504787624475351e-04 -1.5932561369291815e-03 -4.0678314433996426e-03  0.0000000000000000e+00 -3.7356577799877977e+00
 434 -3.2637983576189406e-04 -5.0584786384333023e-04 -3.0508540437437048e-03 -2.7543505120464135e-03  0.0000000000000000e+00 -3.7384532989241781e+00
 435  6.0050508065250200e-05  9.3037423480116788e-05 -3.9924311429061221e-03 -7.9075311832886965e-04  0.0000000000000000e+00 -3.7246022360424820e+00
 436  3.5803666533014932e-04  5.6701461121146264e-04 -4.0012021209997603e-03  1.2491556298565999e-03  0.0000000000000000e+00 -3.7132466614169046e+00
 437  2.3578845542605140e-04  4.9829879845389728e-04 -2.9384795817761437e-03  2.9440865612986164e-03  0.0000000000000000e+00 -3.7201936647021259e+00
 438 -2.6462565569993483e-04  4.0866234653806970e-05 -1.2678096956196194e-03  4.1162106835517451e-03  0.0000000000000000e+00 -3.7460592844256269e+00
 439 -7.3472969657114695e-04 -3.3402787955111665e-04  4.1151542124859524e-04  4.5091480853870136e-03  0.0000000000000000e+00 -3.7774114202404987e+00
 440 -6.4601828908048453e-04 -3.3050497234565470e-04  1.9612408597525985e-03  3.7946908950988569e-03  0.0000000000000000e+00 -3.7959887835969224e+00
 441 -8.2900944135468678e-06 -7.6259699356705105e-05  3.3937312226401855e-03  2.1775842069485496e-03  0.0000000000000000e+00 -3.7927133392993779e+00
 442  4.8617143864003069e-04  1.0968607779403424e-04  4.1796569590259094e-03  2.0834603013867504e-04  0.0000000000000000e+00 -3.7784864536421416e+00
 443  3.0322595853747071e-04  2.2710054187998949e-04  3.7534271598471144e-03 -1.7560071771591031e-03  0.0000000000000000e+00 -3.7721209367845070e+00
 444 -2.5114366795383358e-04  3.5300474131743081e-04  2.4189315889589441e-03 -3.4342908899155354e-03  0.0000000000000000e+00 -3.7841038313937121e+00
 445 -5.6454572346987251e-04  2.3857183407686560e-04  8.1042303898049245e-04 -4.4075282759644847e-03  0.0000000000000000e+00 -3.8129019226558318e+00
 446 -4.7891460558615565e-04 -1.7845337613125244e-04 -8.6956147491819855e-04 -4.3614925305695490e-03  0.0000000000000000e+00 -3.8426220088153604e+00
 447 -2.0335805431744784e-04 -5.0570101097460317e-04 -2.5224514591364110e-03 -3.3588568967601487e-03  0.0000000000000000e+00 -3.8551715004790479e+00
 448  6.4585882625781970e-05 -3.5196220112470233e-04 -3.7683350018110255e-03 -1.6411658248714953e-03  0.0000000000000000e+00 -3.8464430146746262e+00
 449  1.7107646042201455e-04  1.9857104966636868e-04 -4.1226271909109600e-03  4.3285130105601719e-04  0.0000000000000000e+00 -3.8314391965166794e+00
 450  1.0838368822872127e-04  6.4634986907545326e-04 -3.4395854394143372e-03  2.3714329076374887e-03  0.0000000000000000e+00 -3.8291202433467784e+00
 451 -4.5464696386044706e-05  4.9136186906963641e-04 -1.9997249403554732e-03  3.7559024396634317e-03  0.0000000000000000e+00 -3.8477596598776036e+00
 452 -3.4304997136975492e-04 -1.5744646793830458e-04 -2.4522029610186025e-04  4.4131969082108757e-03  0.0000000000000000e+00 -3.8797431502586721e+00
 453 -6.2575071519322084e-04 -5.8808102520515053e-04  1.4214784298351461e-03  4.1791527325190101e-03  0.0000000000000000e+00 -3.9054772324326628e+00
 454 -4.4646046112062229e-04 -3.6736449656106480e-04  2.8721689433306107e-03  2.9088468801223579e-03  0.0000000000000000e+00 -3.9104770423311175e+00
 455  1.4718825641352540e-04  1.7185274806579291e-04  3.9410096947271513e-03  9.7624564089239909e-04  0.0000000000000000e+00 -3.8977039457728653e+00
 456  5.0075085024357151e-04  4.3909745497309501e-04  4.0759524765359070e-03 -1.0305312419568084e-03  0.0000000000000000e+00 -3.8860232919772506e+00
 457  2.1182505524773235e-04  3.3307482573203862e-04  3.0474117177553949e-03 -2.7855428564347432e-03  0.0000000000000000e+00 -3.8912305499363988e+00
 458 -4.0881832040265138e-04  9.4924758724705799e-05  1.4227181657869832e-03 -4.0840736727036937e-03  0.0000000000000000e+00 -3.9149969628882038e+00
 459 -7.6059315736227886e-04 -1.2801774770430580e-04 -2.1398086220655152e-04 -4.5469504326639326e-03  0.0000000000000000e+00 -3.9465728985079442e+00
 460 -5.1748589447504702e-04 -2.5479204451893563e-04 -1.8175740949850311e-03 -3.8882598808826527e-03  0.0000000000000000e+00 -3.9672026107600193e+00
 461  6.1456911979904791e-05 -2.4565706891051844e-04 -3.3268576726571257e-03 -2.3671414169062119e-03  0.0000000000000000e+00 -3.9661330096043246e+00
 462  3.8104137134744827e-04 -8.5428864799465284e-05 -4.1549765990457370e-03 -4.2427471286015343e-04  0.0000000000000000e+00 -3.9520234911470102e+00
 463  1.6942271586911146e-04  2.6097587359241291e-04 -3.8170382566158037e-03  1.6036474289160621e-03  0.0000000000000000e+00 -3.9432896929327721e+00
 464 -2.0368648021861708e-04  5.4312240438271638e-04 -2.5931064309614965e-03  3.3243675439197334e-03  0.0000000000000000e+00 -3.9530964885371418e+00
 465 -3.6018904652268687e-04  3.1909542507300450e-04 -9.8407045429057464e-04  4.3094357526777989e-03  0.0000000000000000e+00 -3.9810082967933877e+00
 466 -3.8947313744152587e-04 -3.0011890168251629e-04  7.5511773001092381e-04  4.3730555288129837e-03  0.0000000000000000e+00 -4.0118900914016065e+00
 467 -3.5878588332842400e-04 -6.3145493155564950e-04  2.3859259083170064e-03  3.5053653703092488e-03  0.0000000000000000e+00 -4.0263130636288498e+00
 468 -1.2245064127418696e-04 -2.9215634243216624e-04  3.6336149292983126e-03  1.8130634389476915e-03  0.0000000000000000e+00 -4.0187927612993253e+00
 469  2.0384427644490680e-04  3.4403908136035024e-04  4.1302652846599971e-03 -2.6481921009222418e-04  0.0000000000000000e+00 -4.0035075477906084e+00
 470  3.0554039864773015e-04  6.4222516732374358e-04  3.5742761416365744e-03 -2.1796768367915442e-03  0.0000000000000000e+00 -4.0000115245176957e+00
 471  3.5604655439202106e-05  3.4821323675640972e-04  2.1350930895541369e-03 -3.6159184393078705e-03  0.0000000000000000e+00 -4.0174266686274471e+00
 472 -4.7647003813959993e-04 -1.9581329470797634e-04  3.9351515994317854e-04 -4.4195857029217045e-03  0.0000000000000000e+00 -4.0485508923299065e+00
 473 -7.6701591051959127e-04 -4.4426861141483868e-04 -1.2223912469653524e-03 -4.2836997800043252e-03  0.0000000000000000e+00 -4.0754581112191817e+00
 474 -4.1356768688710730e-04 -2.3701595010168407e-04 -2.7172010672909365e-03 -3.0555009706960596e-03  0.0000000000000000e+00 -4.0828619664548276e+00
 475  2.6998000019501161e-04  8.9908872105612682e-05 -3.9080312689547423e-03 -1.1854534672429693e-03  0.0000000000000000e+00 -4.0714260722959725e+00
 476  5.1181733908561128e-04  2.2358287021404880e-04 -4.1226557710914748e-03  8.1052364153237947e-04  0.0000000000000000e+00 -4.0593127463526590e+00
 477  8.4375632720779447e-05  2.7973234424334925e-04 -3.1500749620148429e-03  2.6532404397054048e-03  0.0000000000000000e+00 -4.0618711915769747e+00
 478 -4.6873185655309008e-04  2.7661750429234817e-04 -1.6025538514949534e-03  4.0374992197482846e-03  0.0000000000000000e+00 -4.0836410871972602e+00
 479 -6.2647208581943401e-04  3.6283324592824324e-05  3.3851122602327072e-05  4.5314729417929960e-03  0.0000000000000000e+00 -4.1153699112179938e+00
 480 -3.8017688351134620e-04 -3.2947999860602625e-04  1.7094834933319696e-03  3.9654058922394585e-03  0.0000000000000000e+00 -4.1380105998596513e+00
 481 -1.0951531745172026e-05 -4.5172741116988028e-04  3.2378016521590453e-03  2.5534761248481213e-03  0.0000000000000000e+00 -4.1390314762391167e+00
 482  1.9615636807377955e-04 -1.3452344271914677e-04  4.0940490778652401e-03  6.1338608154836122e-04  0.0000000000000000e+00 -4.1247049871763029e+00
 483  1.3537765197039716e-04  4.1123418404871210e-04  3.8902721218375840e-03 -1.4555514276955921e-03  0.0000000000000000e+00 -4.1142381224050766e+00
 484 -2.1454009822364742e-05  6.5724183794258330e-04  2.7692209587769291e-03 -3.1721230698069616e-03  0.0000000000000000e+00 -4.1222664627846992e+00
 485 -1.9268221745065566e-04  2.4828600627021890e-04  1.1310360309662250e-03 -4.1975684549916160e-03  0.0000000000000000e+00 -4.1494678519203481e+00
 486 -4.5846430162080879e-04 -4.1891123394895141e-04 -6.2430353315089961e-04 -4.4105549876682255e-03  0.0000000000000000e+00 -4.1810041125635680e+00
 487 -5.6320303601012877e-04 -6.0092515985533208e-04 -2.2041387914395502e-03 -3.6498020891081798e-03  0.0000000000000000e+00 -4.1971125609641744e+00
 488 -1.9099447023259054e-04 -1.4869131772119869e-04 -3.4968160610327160e-03 -1.9769447231206580e-03  0.0000000000000000e+00 -4.1914199178735068e+00
 489  3.4012209224821264e-04  3.7964325851684490e-04 -4.1487241525772203e-03  6.7640892056406305e-05  0.0000000000000000e+00 -4.1762939328180844e+00
 490  4.2979166339841677e-04  4.8597788590213427e-04 -3.6821009291324262e-03  1.9737212164145281e-03  0.0000000000000000e+00 -4.1719462228277076e+00
 491 -3.6843665912433837e-05  2.3351809298061856e-04 -2.2585686041749885e-03  3.5081603594532252e-03  0.0000000000000000e+00 -4.1873695415802903e+00
 492 -6.1856818779110635e-04 -8.0963755818970145e-05 -5.7002538170763733e-04  4.4362459363604806e-03  0.0000000000000000e+00 -4.2172995260923187e+00
 493 -7.5449916109820352e-04 -2.5307789893255550e-04  1.0304526678745745e-03  4.3554431751283290e-03  0.0000000000000000e+00 -4.2455472061591850e+00
 494 -2.8672878697601608e-04 -2.3464647285818341e-04  2.6036511259314200e-03  3.1967925060194082e-03  0.0000000000000000e+00 -4.2552760583866762e+00
 495  3.0073196710681687e-04 -1.1961922202249019e-04  3.8702075136489702e-03  1.4034968816419851e-03  0.0000000000000000e+00 -4.2453987421363157e+00
 496  3.8826057487550974e-04  7.4968420060990499e-05  4.1384806438302382e-03 -6.1076021561957874e-04  0.0000000000000000e+00 -4.2321190272269673e+00
 497 -1.5582805960285230e-05  3.8077142502200903e-04  3.2665257791571955e-03 -2.5315883000801825e-03  0.0000000000000000e+00 -4.2319821752076292e+00
 498 -3.6884879024765645e-04  4.7008679330169353e-04  1.7944701545665380e-03 -3.9451670663283008e-03  0.0000000000000000e+00 -4.2520158357037339e+00
 499 -4.2922266137643186e-04  6.0072953102701427e-05  1.1584230922453882e-04 -4.4757775463636984e-03  0.0000000000000000e+00 -4.2838227751731317e+00
 500 -3.6307351528276806e-04 -4.8916661226033084e-04 -1.6026196145587231e-03 -4.0459099090184121e-03  0.0000000000000000e+00 -4.3083542020258250e+00
 501 -2.0491141567783230e-04 -5.4978540728480756e-04 -3.1011360889499295e-03 -2.7290762590020047e-03  0.0000000000000000e+00 -4.3110808687323647e+00
 502  5.8865093234985995e-05 -3.2104220835515818e-05 -4.0146567402042114e-03 -7.8141515217650147e-04  0.0000000000000000e+00 -4.2970569224647255e+00
 503  2.4137441677365260e-04  5.4261543010785643e-04 -3.9729839720590091e-03  1.2860384220406325e-03  0.0000000000000000e+00 -4.2855469011472627e+00
 504  1.7829782516666463e-04  6.1233143601685828e-04 -2.9242352243812994e-03  2.9916200991580346e-03  0.0000000000000000e+00 -4.2922412744598502e+00
 505 -1.7265194262254156e-04  1.1507324577325701e-04 -1.2628644983793686e-03  4.1111872420634011e-03  0.0000000000000000e+00 -4.3184906104917680e+00
 506 -6.2727251046215129e-04 -4.1070535802291777e-04  4.5858922623421162e-04  4.4735291881808116e-03  0.0000000000000000e+00 -4.3500427250957205e+00
 507 -6.7741012332779571e-04 -4.4640426747572491e-04  2.0064544220577247e-03  3.7807685164870167e-03  0.0000000000000000e+00 -4.3681726659923408e+00
 508 -1.2022698718211224e-04 -6.3510411623566687e-05  3.3872874088906268e-03  2.1487117433171702e-03  0.0000000000000000e+00 -4.3645038582134452e+00
 509  4.6160437035310382e-04  2.4666915405653660e-04  4.1668236355763251e-03  1.5562771793748361e-04  0.0000000000000000e+00 -4.3499230284970318e+00
 510  4.0469161638945124e-04  2.9302702137311407e-04  3.7598825929376469e-03 -1.7795199140149165e-03  0.0000000000000000e+00 -4.3442331892644788e+00
 511 -1.7267966097843257e-04  2.5850922299455693e-04  2.3926207630469818e-03 -3.4234542505880389e-03  0.0000000000000000e+00 -4.3569531958064092e+00
 512 -6.3595817952446750e-04  1.2864308352381109e-04  7.6396684177498623e-04 -4.4220044855334062e-03  0.0000000000000000e+00 -4.3858613216769102e+00
