# Tracking with TRACY# (Floquet space)
#
#  1   512 1.0E+00 1.0E+00 0.0E+00 0.0E+00 2.67533 1.34800
#    N     x^          px^          y^          py^          delta          cdt
#                                                                   [%]           [mm]
#
   0  2.8004056167422521e-04  9.4113689892635044e-19  1.9739113844525692e-03  1.3422591814628590e-18  0.0000000000000000e+00  0.0000000000000000e+00
   1  8.2429076756524130e-05  2.3747066100921420e-04 -1.2692974214899679e-03 -1.5949622161732368e-03  0.0000000000000000e+00 -4.4589192321240895e-03
   2  8.2742971716241815e-05 -2.2973747225727976e-04 -7.8368445077032231e-04  1.8251295061007832e-03  0.0000000000000000e+00  9.7868183009016839e-04
   3  3.2065288168990191e-04 -3.3509291485146337e-05  1.9262317970172218e-03 -5.4038995561521809e-04  0.0000000000000000e+00 -1.7134720617170815e-03
   4  4.3844159560889047e-05  2.8537951829916026e-04 -1.6496792633455240e-03 -1.2569922015138082e-03  0.0000000000000000e+00 -6.7605912421999214e-03
   5  6.0152069498097594e-05 -2.6857551743477857e-04 -2.4269277372018346e-04  1.9390552534767310e-03  0.0000000000000000e+00 -3.5528579180450124e-03
   6  4.1765547275381045e-04 -5.6090995723019560e-05  1.7708207292192117e-03 -1.0255832648208402e-03  0.0000000000000000e+00 -3.7000486282599975e-03
   7 -2.1225253499260785e-05  3.4511625280033163e-04 -1.8893034918241803e-03 -8.2647120568326985e-04  0.0000000000000000e+00 -7.9933948437263744e-03
   8  3.1144156723279142e-05 -3.2652951076586525e-04  3.0560036518959016e-04  1.9297125711589197e-03  0.0000000000000000e+00 -8.6784994192238181e-03
   9  5.1739381234260692e-04 -6.8430866018225360e-05  1.4847445436003963e-03 -1.4165890755441174e-03  0.0000000000000000e+00 -6.2063388750590422e-03
  10 -7.2160790583731063e-05  3.9149736078478988e-04 -1.9781139418452625e-03 -3.2371619911547074e-04  0.0000000000000000e+00 -8.6930493406895213e-03
  11 -1.0316120436459990e-05 -3.5835651570460624e-04  8.2234237260563764e-04  1.7834934409370780e-03  0.0000000000000000e+00 -1.3657980004351544e-02
  12  5.7438052363284638e-04 -8.6316005154203797e-05  1.0603946032528566e-03 -1.6921030605409578e-03  0.0000000000000000e+00 -9.2082018828888359e-03
  13 -6.0704216328744645e-05  4.1762376706679197e-04 -1.9303605776654824e-03  2.2086399577159934e-04  0.0000000000000000e+00 -9.7664723249661044e-03
  14 -8.2277066972900477e-05 -3.3333445794181963e-04  1.2734238546624882e-03  1.4916641803581136e-03  0.0000000000000000e+00 -1.7806227669034985e-02
  15  5.7503338342384982e-04 -1.2977685473540234e-04  5.2275132898500190e-04 -1.8469578678612160e-03  0.0000000000000000e+00 -1.2520235722623833e-02
  16  3.1936310729265005e-05  4.2749273315876798e-04 -1.7668804486842184e-03  7.6026000942180558e-04  0.0000000000000000e+00 -1.1928569844925317e-02
  17 -1.8246262910326012e-04 -2.5407880675692963e-04  1.6276401333110864e-03  1.0695763539452403e-03  0.0000000000000000e+00 -2.0636793144182278e-02
  18  5.3384451392331895e-04 -2.0277443177030440e-04 -7.0230783630785407e-05 -1.8867614231782403e-03  0.0000000000000000e+00 -1.6115851193059229e-02
  19  1.7546382614139721e-04  4.1896272656859532e-04 -1.4954107372008704e-03  1.2373501125147307e-03  0.0000000000000000e+00 -1.5231278461962752e-02
  20 -2.7503876170586030e-04 -1.4460557943414979e-04  1.8565845753371754e-03  5.5358933085163054e-04  0.0000000000000000e+00 -2.1854327615566022e-02
  21  4.6212394266929402e-04 -2.8550534543029800e-04 -6.4541402415472756e-04 -1.8063007062940335e-03  0.0000000000000000e+00 -1.9999001914354091e-02
  22  3.1725046777339488e-04  3.8195713768920020e-04 -1.1105983069741583e-03  1.5994664928430046e-03  0.0000000000000000e+00 -1.9195125230597035e-02
  23 -3.1211298490225721e-04 -2.5819122016914535e-05  1.9367897109646185e-03 -1.1149905129255329e-05  0.0000000000000000e+00 -2.1818826163152387e-02
  24  3.5293440129473670e-04 -3.5179874264425041e-04 -1.1388961774603729e-03 -1.5850956183493881e-03  0.0000000000000000e+00 -2.4016399037541124e-02
  25  4.2423812723469583e-04  3.1260538619998121e-04 -6.1469026166411788e-04  1.8156855412618854e-03  0.0000000000000000e+00 -2.3326091074617767e-02
  26 -2.7216794215832594e-04  9.4294063848519085e-05  1.8579396413828020e-03 -5.7428569727428357e-04  0.0000000000000000e+00 -2.1740077718072976e-02
  27  2.0773361967669910e-04 -3.8932698747831288e-04 -1.5178237531502145e-03 -1.2194002519901014e-03  0.0000000000000000e+00 -2.7871362656411242e-02
  28  4.9670536043042721e-04  2.2563030717683279e-04 -4.0479175168355363e-05  1.8905530796120833e-03  0.0000000000000000e+00 -2.7306025215706523e-02
  29 -1.7958101924934303e-04  2.0704943283631611e-04  1.6281174952160404e-03 -1.0862091440720302e-03  0.0000000000000000e+00 -2.2847665688173448e-02
  30  6.1815191540168536e-05 -4.0186397880395219e-04 -1.7813803083622695e-03 -7.4019524365969141e-04  0.0000000000000000e+00 -3.1082005087983193e-02
  31  5.4113139175400503e-04  1.5002169593268037e-04  5.4941199136484067e-04  1.8450160504256622e-03  0.0000000000000000e+00 -3.0939098243274357e-02
  32 -8.2332910359774364e-05  2.9030876657148242e-04  1.2706232439792891e-03 -1.5033079563161850e-03  0.0000000000000000e+00 -2.5541741458543162e-02
  33 -3.1420357827561785e-05 -3.9786783503095881e-04 -1.9370004476253399e-03 -1.9993405456202127e-04  0.0000000000000000e+00 -3.3191424924707627e-02
  34  5.4481067136914849e-04  1.0650059021784788e-04  1.0830195405941480e-03  1.6847344850729339e-03  0.0000000000000000e+00 -3.4202850780122113e-02
  35 -1.4528000133931059e-05  3.1945713003572415e-04  8.1549165021913938e-04 -1.7906949722601994e-03  0.0000000000000000e+00 -2.9561170902146085e-02
  36 -4.2497366241029213e-05 -3.7817230284742793e-04 -1.9785238732000147e-03  3.4396046119174813e-04  0.0000000000000000e+00 -3.4257248028131675e-02
  37  4.9269225933515348e-04  9.0379379670978328e-05  1.5029119760027292e-03  1.4050393870104145e-03  0.0000000000000000e+00 -3.7080620179031319e-02
  38  2.2996246724898255e-05  2.9196535728805460e-04  2.9585753918684086e-04 -1.9337484193901254e-03  0.0000000000000000e+00 -3.4438700217981018e-02
  39  8.4418604203311590e-06 -3.3838822696419940e-04 -1.8854391696136667e-03  8.4416431731660128e-04  0.0000000000000000e+00 -3.4976245618126317e-02
  40  3.9850333869310880e-04  8.0425286419785774e-05  1.7839667477432370e-03  1.0116004166918842e-03  0.0000000000000000e+00 -3.9426378882106941e-02
  41  4.8299836642637243e-05  2.3876923856425080e-04 -2.5318733633751880e-04 -1.9404927767167101e-03  0.0000000000000000e+00 -3.9496101055088606e-02
  42  7.2259714632701174e-05 -2.8540379362095567e-04 -1.6427958213702323e-03  1.2704097404298959e-03  0.0000000000000000e+00 -3.6231436970571733e-02
  43  3.0785086935284159e-04  5.9905436974746884e-05  1.9333602519460177e-03  5.2536119800097468e-04  0.0000000000000000e+00 -4.1271514082096700e-02
  44  6.6693047611627944e-05  2.0520357237201718e-04 -7.9298955076595055e-04 -1.8230474202136314e-03  0.0000000000000000e+00 -4.3990219639710379e-02
  45  1.0817993447909841e-04 -2.4426867561609737e-04 -1.2596795728912311e-03  1.6030277209194903e-03  0.0000000000000000e+00 -3.8543545284401966e-02
  46  2.7424188352462558e-04  2.7718560933466378e-05  1.9739983867316929e-03 -1.5369609701650801e-05  0.0000000000000000e+00 -4.2917220858829694e-02
  47  6.1687137241159539e-05  2.1873590032249989e-04 -1.2763846583143364e-03 -1.5877775493660490e-03  0.0000000000000000e+00 -4.7451242046621128e-02
  48  1.0497653527100800e-04 -2.4309352052272304e-04 -7.7128306836842203e-04  1.8278680060978803e-03  0.0000000000000000e+00 -4.2024848247945702e-02
  49  3.2202874079019034e-04 -5.3814457402962440e-06  1.9188302579153187e-03 -5.5576561827799754e-04  0.0000000000000000e+00 -4.4664984300480368e-02
  50  1.8956240422851210e-05  2.7294373335204569e-04 -1.6543754821275313e-03 -1.2438558184273559e-03  0.0000000000000000e+00 -4.9735118987020988e-02
  51  7.8770399729749077e-05 -2.8803342764797783e-04 -2.2816292823600245e-04  1.9374447523533033e-03  0.0000000000000000e+00 -4.6563359006274778e-02
  52  4.2582460308521051e-04 -2.8714392425578395e-05  1.7562771570447506e-03 -1.0403486510651531e-03  0.0000000000000000e+00 -4.6769373120847668e-02
  53 -4.8588897482763518e-05  3.3942836652005033e-04 -1.8914506617783995e-03 -8.0783292030359220e-04  0.0000000000000000e+00 -5.0941255653113603e-02
  54  4.6099344095376264e-05 -3.5150373231199655e-04  3.2038730367071915e-04  1.9244836642467239e-03  0.0000000000000000e+00 -5.1718619212008404e-02
  55  5.3170792464473629e-04 -4.2865132041878669e-05  1.4638634850279635e-03 -1.4293372167708293e-03  0.0000000000000000e+00 -4.9422469807966725e-02
  56 -1.0004580721287286e-04  3.9292927757448632e-04 -1.9767321831390410e-03 -3.0118308058978691e-04  0.0000000000000000e+00 -5.1611746478717330e-02
  57  4.0864891333816215e-07 -3.8842344346273641e-04  8.3473621736282922e-04  1.7741876272759627e-03  0.0000000000000000e+00 -5.6762248220752341e-02
  58  5.9433223792753622e-04 -6.2665410865954171e-05  1.0340481441548602e-03 -1.7008465888317960e-03  0.0000000000000000e+00 -5.2544134950682560e-02
  59 -8.8166916146641144e-05  4.2643590565207912e-04 -1.9235866749137615e-03  2.4492371725150523e-04  0.0000000000000000e+00 -5.2674222113818343e-02
  60 -7.6072719842501808e-05 -3.6856573119975884e-04  1.2813853051146479e-03  1.4773477942372775e-03  0.0000000000000000e+00 -6.1013775740902526e-02
  61  6.0046252336848989e-04 -1.0653426107796447e-04  4.9206285619482417e-04 -1.8501482014965590e-03  0.0000000000000000e+00 -5.5914358261801238e-02
  62  3.8068207026420087e-06  4.4339296107107491e-04 -1.7528169248058408e-03  7.8342592892084696e-04  0.0000000000000000e+00 -5.4863824210747252e-02
  63 -1.7935202210845640e-04 -2.9484230224741597e-04  1.6311850699234477e-03  1.0502287299104650e-03  0.0000000000000000e+00 -6.3974556813891748e-02
  64  5.6408656086039230e-04 -1.7710400882626405e-04 -1.0351875128912342e-04 -1.8838756844716030e-03  0.0000000000000000e+00 -5.9495171110318990e-02
  65  1.4421999989696146e-04  4.4025377299964768e-04 -1.4735646165628836e-03  1.2576789999641067e-03  0.0000000000000000e+00 -5.8234894741342837e-02
  66 -2.7178844403842302e-04 -1.9064689998483697e-04  1.8578730089668471e-03  5.3067229047492237e-04  0.0000000000000000e+00 -6.5319049109806057e-02
  67  4.9489187416530103e-04 -2.5509492213796493e-04 -6.7874847082715446e-04 -1.7974315570138558e-03  0.0000000000000000e+00 -6.3306619585167229e-02
  68  2.8123549527781986e-04  4.0525742223313280e-04 -1.0828169193713400e-03  1.6153523241447707e-03  0.0000000000000000e+00 -6.2297896982384582e-02
  69 -3.0581425637432412e-04 -7.5484558950378167e-05  1.9384714335032307e-03 -3.4775902052068483e-05  0.0000000000000000e+00 -6.5366842494528288e-02
  70  3.8527059458022940e-04 -3.1716694409510284e-04 -1.1690174079868286e-03 -1.5711239188722647e-03  0.0000000000000000e+00 -6.7225888597232164e-02
  71  3.8430629338722061e-04  3.3424066510921789e-04 -5.8469519492937959e-04  1.8260863051725270e-03  0.0000000000000000e+00 -6.6551050517360641e-02
  72 -2.6301164963692705e-04  4.3558350355404626e-05  1.8608294451073538e-03 -5.9530567662700775e-04  0.0000000000000000e+00 -6.5292801822999166e-02
  73  2.3826395604526171e-04 -3.5369296820708841e-04 -1.5415967166677424e-03 -1.2021252950693479e-03  0.0000000000000000e+00 -7.0968792768781819e-02
  74  4.5564901147760714e-04  2.4402453908949019e-04 -1.1996056962734102e-05  1.8952453755445989e-03  0.0000000000000000e+00 -7.0647775405487001e-02
  75 -1.7052938568833882e-04  1.5731207502049825e-04  1.6306441440028803e-03 -1.1023503502709132e-03  0.0000000000000000e+00 -6.6326208290210409e-02
  76  9.1178265342558621e-05 -3.6870969733420345e-04 -1.7967608665797859e-03 -7.2115524388943796e-04  0.0000000000000000e+00 -7.4069107713469168e-02
  77  5.0148886701730053e-04  1.6627200957489762e-04  5.7432292224424142e-04  1.8438946283660736e-03  0.0000000000000000e+00 -7.4341058614227837e-02
  78 -7.6260571489705377e-05  2.4259878667027497e-04  1.2704763797487741e-03 -1.5139793897014696e-03  0.0000000000000000e+00 -6.8899323507736948e-02
  79 -1.8809595457653823e-06 -3.6924845600345844e-04 -1.9437028118687476e-03 -1.8000485296148472e-04  0.0000000000000000e+00 -7.6106464703739732e-02
  80  5.0795015140740665e-04  1.2283822376141966e-04  1.1038430008569378e-03  1.6778850328027181e-03  0.0000000000000000e+00 -7.7573636358673370e-02
  81 -1.2562646443007935e-05  2.7428777150449474e-04  8.1145830868922613e-04 -1.7968267620841203e-03  0.0000000000000000e+00 -7.2786444586513316e-02
  82 -1.1950768586420181e-05 -3.5492350198301753e-04 -1.9778992506203673e-03  3.6380300953679719e-04  0.0000000000000000e+00 -7.7155054575461998e-02
  83  4.5948768623313787e-04  1.0875389329685501e-04  1.5197170904177526e-03  1.3934268543959424e-03  0.0000000000000000e+00 -8.0334520058409326e-02
  84  2.1059507160002494e-05  2.4985134869589436e-04  2.8850183338193132e-04 -1.9369563552219398e-03  0.0000000000000000e+00 -7.7545264474718392e-02
  85  3.9904301477462802e-05 -3.2107215019600780e-04 -1.8794649112729650e-03  8.6239474393651086e-04  0.0000000000000000e+00 -7.7895135805628471e-02
  86  3.6993467514701472e-04  1.0192942736921302e-04  1.7964637265867780e-03  9.9682638388010319e-04  0.0000000000000000e+00 -8.2517087475593595e-02
  87  4.2503403309394497e-05  2.0028618719676171e-04 -2.6202477437752393e-04 -1.9415417294431235e-03  0.0000000000000000e+00 -8.2513219998143261e-02
  88  1.0375641065383548e-04 -2.7466638318793582e-04 -1.6329504673370462e-03  1.2851583445193408e-03  0.0000000000000000e+00 -7.9179147886610318e-02
  89  2.8504788336550203e-04  8.4737022247966123e-05  1.9404379818767593e-03  5.0891214952003951e-04  0.0000000000000000e+00 -8.4206426056006339e-02
  90  5.6129592489306739e-05  1.7096537807651430e-04 -8.0119023717421702e-04 -1.8209154561905849e-03  0.0000000000000000e+00 -8.6951309348436506e-02
  91  1.3837734158019324e-04 -2.4056454025539871e-04 -1.2463901950227464e-03  1.6126356552323823e-03  0.0000000000000000e+00 -8.1501638251118308e-02
  92  2.5822703103148097e-04  5.5445964529691172e-05  1.9740805836718986e-03 -3.2547320443001491e-05  0.0000000000000000e+00 -8.5758887721459648e-02
  93  4.5361880504928844e-05  1.8941999342652588e-04 -1.2825004298358722e-03 -1.5803867739599569e-03  0.0000000000000000e+00 -9.0380471940229606e-02
  94  1.3271617549238295e-04 -2.4642282240349713e-04 -7.5438397802942423e-04  1.8316084742570117e-03  0.0000000000000000e+00 -8.4969100903575442e-02
  95  3.1325364288028735e-04  2.4295088544638280e-05  1.9106842076235663e-03 -5.7314695511955210e-04  0.0000000000000000e+00 -8.7513062002212080e-02
  96 -2.7882944045856264e-06  2.4930395219804836e-04 -1.6579843598383431e-03 -1.2296823951255126e-03  0.0000000000000000e+00 -9.2638432622246150e-02
  97  1.0342427270047780e-04 -2.9788569676567181e-04 -2.0809497994476870e-04  1.9357337191940867e-03  0.0000000000000000e+00 -8.9483001081154728e-02
  98  4.2399092014154701e-04  1.3131908711680408e-06  1.7396173994029792e-03 -1.0572280721757278e-03  0.0000000000000000e+00 -8.9712682101861091e-02
  99 -7.3688239361495661e-05  3.2229685941992213e-04 -1.8924977552538576e-03 -7.8683323335009339e-04  0.0000000000000000e+00 -9.3808293346156507e-02
 100  6.7061007824776838e-05 -3.6706949638720020e-04  3.4168061665905316e-04  1.9178046213059725e-03  0.0000000000000000e+00 -9.4623522371671737e-02
 101  5.3611731585659274e-04 -1.4318634254373486e-05  1.4392898131572892e-03 -1.4441667708333522e-03  0.0000000000000000e+00 -9.2494292659722269e-02
 102 -1.2569824421776338e-04  3.8313365205171668e-04 -1.9745115660349806e-03 -2.7493252157376473e-04  0.0000000000000000e+00 -9.4433777247093675e-02
 103  1.6686091009535421e-05 -4.0916928964370884e-04  8.5399996739247931e-04  1.7620735832063956e-03  0.0000000000000000e+00 -9.9683549578040626e-02
 104  6.0453569858424808e-04 -3.6492552853554754e-05  1.0027283653938368e-03 -1.7113658782864794e-03  0.0000000000000000e+00 -9.5722838958053613e-02
 105 -1.1277413754777500e-04  4.2462846106746240e-04 -1.9163720643804842e-03  2.7348819020294786e-04  0.0000000000000000e+00 -9.5463843482508109e-02
 106 -6.4865875571633666e-05 -3.9482093986669043e-04  1.2956469023423058e-03  1.4591611947043371e-03  0.0000000000000000e+00 -1.0399893897522489e-01
 107  6.1667924413368069e-04 -8.1615527968985653e-05  4.5589266469031202e-04 -1.8545747826266131e-03  0.0000000000000000e+00 -9.9152046200943603e-02
 108 -2.0985655963700113e-05  4.4949827156093557e-04 -1.7385142369799299e-03  8.1093238419685726e-04  0.0000000000000000e+00 -9.7656024205958938e-02
 109 -1.7147669723822936e-04 -3.2749619308484069e-04  1.6396300859548218e-03  1.0265343596728264e-03  0.0000000000000000e+00 -1.0706520700773442e-01
 110  5.8613948410398168e-04 -1.5037893789449780e-04 -1.4181637769128050e-04 -1.8815415085589194e-03  0.0000000000000000e+00 -1.0273398443271199e-01
 111  1.1606551007438276e-04  4.5267955857671835e-04 -1.4512732423144039e-03  1.2813654937564223e-03  0.0000000000000000e+00 -1.0107102191612610e-01
 112 -2.6357186272271693e-04 -2.2996175727058905e-04  1.8622220359032643e-03  5.0357467661891965e-04  0.0000000000000000e+00 -1.0853204224255866e-01
 113  5.2077128078610862e-04 -2.2361199511244578e-04 -7.1593049017988240e-04 -1.7883299270872199e-03  0.0000000000000000e+00 -1.0649542023413730e-01
 114  2.4737387697600083e-04  4.2078083613822744e-04 -1.0541405075288124e-03  1.6333259422946932e-03  0.0000000000000000e+00 -1.0521816530509673e-01
 115 -2.9421608507032435e-04 -1.2019209181826702e-04  1.9414885520450240e-03 -6.1881794221725874e-05  0.0000000000000000e+00 -1.0868517922843988e-01
 116  4.1215846151301734e-04 -2.8074383590591238e-04 -1.2017600616488139e-03 -1.5562848055952097e-03  0.0000000000000000e+00 -1.1033183439775790e-01
 117  3.4520356184716903e-04  3.4937579917719818e-04 -5.5353910477529470e-04  1.8375994362068533e-03  0.0000000000000000e+00 -1.0959237978713948e-01
 118 -2.4845635022576699e-04 -4.2358110162734802e-06  1.8639340477184705e-03 -6.1882644482844952e-04  0.0000000000000000e+00 -1.0865763750140776e-01
 119  2.6488850976628351e-04 -3.1507207805433725e-04 -1.5670834114767614e-03 -1.1837072133578221e-03  0.0000000000000000e+00 -1.1396300405874642e-01
 120  4.1387671626969235e-04  2.5719582423246130e-04  1.7493778718863721e-05  1.9004936211458813e-03  0.0000000000000000e+00 -1.1381478482171202e-01
 121 -1.5623533642790228e-04  1.0841040616448498e-04  1.6329769775066767e-03 -1.1199954093148933e-03  0.0000000000000000e+00 -1.0965927479617489e-01
 122  1.1813198449138440e-04 -3.3127631797761427e-04 -1.8131026804989912e-03 -7.0094771978510668e-04  0.0000000000000000e+00 -1.1694142313156830e-01
 123  4.5947374094727062e-04  1.7832091217472729e-04  5.9981969728301575e-04  1.8428695445190440e-03  0.0000000000000000e+00 -1.1758361872665825e-01
 124 -6.5215638617209141e-05  1.9371893403263531e-04  1.2701011331088851e-03 -1.5252723965055652e-03  0.0000000000000000e+00 -1.1214153403062714e-01
 125  2.6555747173714503e-05 -3.3521279642436731e-04 -1.9504596477524956e-03 -1.5887507625249325e-04  0.0000000000000000e+00 -1.1889593913649804e-01
 126  4.6713437142956524e-04  1.3571038461069509e-04  1.1248567680666932e-03  1.6704993514475492e-03  0.0000000000000000e+00 -1.2080248235756313e-01
 127 -5.8909944959431628e-06  2.2618731988300269e-04  8.0712510403371839e-04 -1.8029035933577980e-03  0.0000000000000000e+00 -1.1591233114794895e-01
 128  1.8621459124080263e-05 -3.2535529469617647e-04 -1.9762020631162737e-03  3.8506223165018751e-04  0.0000000000000000e+00 -1.1992796173854389e-01
 129  4.2100377960947342e-04  1.2430848945757446e-04  1.5365207259595975e-03  1.3804588888732738e-03  0.0000000000000000e+00 -1.2346077033136496e-01
 130  2.3614229845092467e-05  2.0334471642838222e-04  2.8058891037597108e-04 -1.9397070851032460e-03  0.0000000000000000e+00 -1.2055752532090255e-01
 131  7.2461877754185223e-05 -2.9683562643411580e-04 -1.8712428942553780e-03  8.8237453794235798e-04  0.0000000000000000e+00 -1.2070193031075531e-01
 132  3.3513745242431080e-04  1.2138891952235715e-04  1.8089457235322601e-03  9.7985087960162243e-04  0.0000000000000000e+00 -1.2548772760932053e-01
 133  4.0945814415434751e-05  1.5623107990604698e-04 -2.7171024779878327e-04 -1.9419427619657365e-03  0.0000000000000000e+00 -1.2543504949604981e-01
 134  1.3741276427179917e-04 -2.5677073366285402e-04 -1.6198095929943130e-03  1.3018447961981798e-03  0.0000000000000000e+00 -1.2203130085238584e-01
 135  2.5549578334876477e-04  1.0851592168447314e-04  1.9474558132857253e-03  4.8960207867255134e-04  0.0000000000000000e+00 -1.2701992785969199e-01
 136  4.9314377863909754e-05  1.3020851727904358e-04 -8.1028476841244043e-04 -1.8179147397562460e-03  0.0000000000000000e+00 -1.2981420793021969e-01
 137  1.7171199175531924e-04 -2.2976505762117177e-04 -1.2288913177200993e-03  1.6239516811286108e-03  0.0000000000000000e+00 -1.2437316291505633e-01
 138  2.3530910647625458e-04  8.3258462706556035e-05  1.9737307675771576e-03 -5.2911934704606963e-05  0.0000000000000000e+00 -1.2846960501135765e-01
 139  3.1981745533126436e-05  1.5281097859513100e-04 -1.2891843060727770e-03 -1.5716078733890597e-03  0.0000000000000000e+00 -1.3320877875014778e-01
 140  1.6435291133776395e-04 -2.4280876550227814e-04 -7.3239051367890331e-04  1.8363118849999158e-03  0.0000000000000000e+00 -1.2782072524063393e-01
 141  2.9755328083795661e-04  5.5140309164315246e-05  1.9012147879193088e-03 -5.9370829735237870e-04  0.0000000000000000e+00 -1.3021757944647477e-01
 142 -2.2431736241223991e-05  2.1774353202895258e-04 -1.6616281956602801e-03 -1.2132257010235546e-03  0.0000000000000000e+00 -1.3543684139547008e-01
 143  1.3238831868311532e-04 -3.0077061608071342e-04 -1.8206384923774420e-04  1.9338463244064988e-03  0.0000000000000000e+00 -1.3228679493329601e-01
 144  4.1507269434133540e-04  3.3229081755827649e-05  1.7202985767478772e-03 -1.0770341489864910e-03  0.0000000000000000e+00 -1.3249988019709502e-01
 145 -9.7066786777534082e-05  2.9682659758239712e-04 -1.8931232246924290e-03 -7.6242442360393355e-04  0.0000000000000000e+00 -1.3656136488253334e-01
 146  9.2279394142439283e-05 -3.7533215690962893e-04  3.6957486785379844e-04  1.9095599517209485e-03  0.0000000000000000e+00 -1.3737498674081808e-01
 147  5.3306293818522433e-04  1.6193016776345696e-05  1.4105759524695939e-03 -1.4614321579179395e-03  0.0000000000000000e+00 -1.3539517737518900e-01
 148 -1.4921238369516895e-04  3.6488948445730611e-04 -1.9716381217131460e-03 -2.4424986324644192e-04  0.0000000000000000e+00 -1.3712683571733067e-01
 149  3.6738753163159585e-05 -4.2213986601227245e-04  8.7990824072580538e-04  1.7469012490829599e-03  0.0000000000000000e+00 -1.4240766066448185e-01
 150  6.0689145698469924e-04 -8.9329581752234484e-06  9.6605658250935571e-04 -1.7235843398432629e-03  0.0000000000000000e+00 -1.3871590716241988e-01
 151 -1.3430222383012158e-04  4.1457323742248001e-04 -1.9084151613803526e-03  3.0695190836507708e-04  0.0000000000000000e+00 -1.3810685537693088e-01
 152 -5.0441339582838541e-05 -4.1308615366046126e-04  1.3158266013397250e-03  1.4366637692695295e-03  0.0000000000000000e+00 -1.4674673413238301e-01
 153  6.2503210791294808e-04 -5.6198420284399750e-05  4.1388493565817339e-04 -1.8598661135312742e-03  0.0000000000000000e+00 -1.4219903705037296e-01
 154 -4.1997229147446309e-05  4.4770971664552571e-04 -1.7232807717554586e-03  8.4297004139303729e-04  0.0000000000000000e+00 -1.4028292371191897e-01
 155 -1.6055585610693875e-04 -3.5243857826646325e-04  1.6526080566146299e-03  9.9785040633069782e-04  0.0000000000000000e+00 -1.4988616626704071e-01
 156  6.0075949445132415e-04 -1.2385510807843113e-04 -1.8547835611484759e-04 -1.8792086875653766e-03  0.0000000000000000e+00 -1.4578961647853814e-01
 157  9.1698566810492099e-05  4.5759842056380235e-04 -1.4276008785851237e-03  1.3084866089680576e-03  0.0000000000000000e+00 -1.4372235514655241e-01
 158 -2.5198938580297896e-04 -2.6230562907629442e-04  1.8692879113830789e-03  4.7145809943355412e-04  0.0000000000000000e+00 -1.5145639023700949e-01
 159  5.3990322782251064e-04 -1.9255490342572461e-04 -7.5725329472307033e-04 -1.7782755986727938e-03  0.0000000000000000e+00 -1.4951466266294922e-01
 160  2.1674445421709874e-04  4.2934340681829753e-04 -1.0234634997335747e-03  1.6533344262978584e-03  0.0000000000000000e+00 -1.4793840815073989e-01
 161 -2.7882137073759086e-04 -1.5902061927964615e-04  1.9453071251402160e-03 -9.3470051440882300e-05  0.0000000000000000e+00 -1.5171913280869490e-01
 162  4.3321452100970973e-04 -2.4445550825669620e-04 -1.2372299038402345e-03 -1.5396132232012923e-03  0.0000000000000000e+00 -1.5327832159396862e-01
 163  3.0851392523207873e-04  3.5846991236841859e-04 -5.1991160050716555e-04  1.8499716040978769e-03  0.0000000000000000e+00 -1.5242612080060994e-01
 164 -2.2998967578211578e-04 -4.7532392508152016e-05  1.8662346032981612e-03 -6.4594728381053086e-04  0.0000000000000000e+00 -1.5176557675454780e-01
 165  2.8691200346209450e-04 -2.7589649302764841e-04 -1.5941452360619345e-03 -1.1628673225159514e-03  0.0000000000000000e+00 -1.5679816605976171e-01
 166  3.7351468320506005e-04  2.6557796126272282e-04  4.9521624628719288e-05  1.9057975081308665e-03  0.0000000000000000e+00 -1.5677264244710210e-01
 167 -1.3827965413962034e-04  6.2410612578656387e-05  1.6334722393531575e-03 -1.1402280268509449e-03  0.0000000000000000e+00 -1.5277229788119026e-01
 168  1.4194822190704109e-04 -2.9247497297114037e-04 -1.8301310901323990e-03 -6.7804862281697778e-04  0.0000000000000000e+00 -1.5964893766975666e-01
 169  4.1766317307108202e-04  1.8686760478394096e-04  6.2750809190620371e-04  1.8412064839322792e-03  0.0000000000000000e+00 -1.6062212576221865e-01
 170 -5.0969858755148385e-05  1.4608161452589160e-04  1.2673504357614347e-03 -1.5381146496679899e-03  0.0000000000000000e+00 -1.5519687508647581e-01
 171  5.3350331496426381e-05 -2.9908769642452592e-04 -1.9570545771712385e-03 -1.3503083721666008e-04  0.0000000000000000e+00 -1.6151841365161160e-01
 172  4.2523544357842035e-04  1.4616772283641670e-04  1.1474712758609564e-03  1.6616846339978092e-03  0.0000000000000000e+00 -1.6383894644480040e-01
 173  3.5020527511317671e-06  1.7777359336301028e-04  8.0016333514412860e-04 -1.8095657141421525e-03  0.0000000000000000e+00 -1.5887731457423238e-01
 174  4.8854009249522863e-05 -2.9312482883658982e-04 -1.9733864716896541e-03  4.0891445987385007e-04  0.0000000000000000e+00 -1.6254260706318535e-01
 175  3.8031520805269903e-04  1.3828913831105983e-04  1.5542900337610554e-03  1.3652114611724987e-03  0.0000000000000000e+00 -1.6640862992581359e-01
 176  2.8530202161748069e-05  1.5522044908936842e-04  2.6997475586562191e-04 -1.9422619730509617e-03  0.0000000000000000e+00 -1.6342829159014760e-01
 177  1.0566103219417226e-04 -2.6953593665681846e-04 -1.8608596460436115e-03  9.0473784499409658e-04  0.0000000000000000e+00 -1.6336923453532537e-01
 178  2.9738547930136303e-04  1.3994652813908968e-04  1.8218060594644991e-03  9.5982628847042040e-04  0.0000000000000000e+00 -1.6829173752059393e-01
 179  4.1467114164036929e-05  1.0958755699121965e-04 -2.8397629535489003e-04 -1.9415163588877859e-03  0.0000000000000000e+00 -1.6822914905095801e-01
 180  1.7239587052316762e-04 -2.3560131577260142e-04 -1.6034809195259116e-03  1.3205687088005561e-03  0.0000000000000000e+00 -1.6476470968201554e-01
 181  2.2266389302807565e-04  1.3199994305764214e-04  1.9542714209415304e-03  4.6669626858378662e-04  0.0000000000000000e+00 -1.6967501530683091e-01
 182  4.4215392799187846e-05  8.6186588805800684e-05 -8.2157956189782895e-04 -1.8134392181930385e-03  0.0000000000000000e+00 -1.7255862027640542e-01
 183  2.0686337996909674e-04 -2.1560952717429631e-04 -1.2072667557779186e-03  1.6367309932565971e-03  0.0000000000000000e+00 -1.6713971632109009e-01
 184  2.0907333869872455e-04  1.1137794030602406e-04  1.9724875686419718e-03 -7.7072041454906304e-05  0.0000000000000000e+00 -1.7102740948978085e-01
 185  1.9841758145438487e-05  1.1241408560351180e-04 -1.2974273868164253e-03 -1.5605928304733320e-03  0.0000000000000000e+00 -1.7592402136322097e-01
 186  1.9819497296451034e-04 -2.3571541972408440e-04 -7.0547820241977500e-04  1.8416684520083876e-03  0.0000000000000000e+00 -1.7056890310600920e-01
 187  2.7846760153667373e-04  8.6830525635552168e-05  1.8899444097912848e-03 -6.1787696280434369e-04  0.0000000000000000e+00 -1.7277270048477605e-01
 188 -4.1193720530578809e-05  1.8190146863180095e-04 -1.6660664742824869e-03 -1.1937045548678943e-03  0.0000000000000000e+00 -1.7812250647619204e-01
 189  1.6380431739948623e-04 -2.9980496840750439e-04 -1.5054736818863817e-04  1.9316129226512970e-03  0.0000000000000000e+00 -1.7497454768758217e-01
 190  4.0239777567977126e-04  6.6274578596501842e-05  1.6980687988053199e-03 -1.0999224598296339e-03  0.0000000000000000e+00 -1.7513714615405090e-01
 191 -1.1945632424565172e-04  2.6661388429953357e-04 -1.8938290586245487e-03 -7.3416716906002106e-04  0.0000000000000000e+00 -1.7919526133853481e-01
 192  1.1987062834436665e-04 -3.7906139720632765e-04  4.0315694339068832e-04  1.8997528237885768e-03  0.0000000000000000e+00 -1.7998529642438515e-01
 193  5.2557269326278168e-04  4.7686503796244011e-05  1.3777939504268444e-03 -1.4809652162050958e-03  0.0000000000000000e+00 -1.7813822162275325e-01
 194 -1.7101429502306713e-04  3.4159177478335713e-04 -1.9682741913271285e-03 -2.0917079683984002e-04  0.0000000000000000e+00 -1.7968977577518877e-01
 195  5.8729686646671508e-05 -4.2981024772025575e-04  9.1118693106210906e-04  1.7287981264144457e-03  0.0000000000000000e+00 -1.8495915148114042e-01
 196  6.0412650539439579e-04  1.9047657565100223e-05  9.2440498811091295e-04 -1.7370734566690611e-03  0.0000000000000000e+00 -1.8153942700674500e-01
 197 -1.5313502611005391e-04  3.9936374904053117e-04 -1.8995008021701746e-03  3.4486492747123508e-04  0.0000000000000000e+00 -1.8060888540932402e-01
 198 -3.4518864520899927e-05 -4.2555969386535292e-04  1.3405578480139009e-03  1.4100706592500083e-03  0.0000000000000000e+00 -1.8929049212103727e-01
 199  6.2792823772896014e-04 -3.1057410276976547e-05  3.6660410774358231e-04 -1.8654814081975678e-03  0.0000000000000000e+00 -1.8506963038158847e-01
 200 -5.9696168561907520e-05  4.4075231301058618e-04 -1.7066094519432565e-03  8.7889619077544871e-04  0.0000000000000000e+00 -1.8275859321262525e-01
 201 -1.4814970793185374e-04 -3.7152286648189779e-04  1.6689574023536020e-03  9.6442994704182532e-04  0.0000000000000000e+00 -1.9247346092141676e-01
 202  6.0993293399616599e-04 -9.8117010184222575e-05 -2.3390160287268990e-04 -1.8763398864819669e-03  0.0000000000000000e+00 -1.8866987293751059e-01
 203  7.0676067182064232e-05  4.5730968946993317e-04 -1.4019386104645417e-03  1.3384241450576525e-03  0.0000000000000000e+00 -1.8621072149030096e-01
 204 -2.3848339915273040e-04 -2.8907207101819992e-04  1.8782682265541062e-03  4.3455780143829297e-04  0.0000000000000000e+00 -1.9412415200706284e-01
 205  5.5377564044728955e-04 -1.6252037906489404e-04 -8.0217223415167372e-04 -1.7667916419066086e-03  0.0000000000000000e+00 -1.9236431577189242e-01
 206  1.8915188582438228e-04  4.3279542985824040e-04 -9.9023534673775646e-04  1.6748717174744543e-03  0.0000000000000000e+00 -1.9048475847002844e-01
 207 -2.6106571798347725e-04 -1.9280215858387466e-04  1.9494024725751323e-03 -1.2936890457286923e-04  0.0000000000000000e+00 -1.9449002483005909e-01
 208  4.4946165115519320e-04 -2.0918955876509225e-04 -1.2749204710061001e-03 -1.5206861331855373e-03  0.0000000000000000e+00 -1.9605949832658562e-01
 209  2.7447921573143570e-04  3.6300136016618491e-04 -4.8333768384014914e-04  1.8627658005064879e-03  0.0000000000000000e+00 -1.9507749244190586e-01
 210 -2.0913969270951803e-04 -8.6558575024502102e-05  1.8672315565056944e-03 -6.7659310808540431e-04  0.0000000000000000e+00 -1.9462386813036781e-01
 211  3.0499986455468649e-04 -2.3753498743807802e-04 -1.6222524300576995e-03 -1.1391636377843387e-03  0.0000000000000000e+00 -1.9946748123439881e-01
 212  3.3532837987133765e-04  2.7046267645610610e-04  8.4574560290378689e-05  1.9106933858532985e-03  0.0000000000000000e+00 -1.9954108423413777e-01
 213 -1.1832536549811512e-04  1.9667694547947370e-05  1.6314341654531917e-03 -1.1630722950673007e-03  0.0000000000000000e+00 -1.9566127202610276e-01
 214  1.6306897932300967e-04 -2.5419320062995405e-04 -1.8473344442023632e-03 -6.5196123749487202e-04  0.0000000000000000e+00 -2.0218985733042399e-01
 215  3.7733313621528302e-04  1.9321140968411247e-04  6.5792590455837781e-04  1.8383880609435608e-03  0.0000000000000000e+00 -2.0346846240303523e-01
 216 -3.5317855993754944e-05  1.0055210979240371e-04  1.2613059452602873e-03 -1.5526071528607743e-03  0.0000000000000000e+00 -1.9805630556901654e-01
 217  7.8828367085502239e-05 -2.6322068023537778e-04 -1.9631487650320517e-03 -1.0801087292327262e-04  0.0000000000000000e+00 -2.0397968656390084e-01
 218  3.8397337751985670e-04  1.5560035827425194e-04  1.1722031567282614e-03  1.6509527354438317e-03  0.0000000000000000e+00 -2.0668757538979848e-01
 219  1.3733081964485950e-05  1.3032944587993586e-04  7.8960158758068985e-04 -1.8169499124590517e-03  0.0000000000000000e+00 -2.0167357853230822e-01
 220  7.8950098690934827e-05 -2.6094631458126259e-04 -1.9694177345072747e-03  4.3561419794240858e-04  0.0000000000000000e+00 -2.0501005787863458e-01
 221  3.3951633131598826e-04  1.5209869937902763e-04  1.5733868081112148e-03  1.3473519409893250e-03  0.0000000000000000e+00 -2.0917788407792284e-01
 222  3.3895108222585305e-05  1.0710646751112867e-04  2.5586239835249317e-04 -1.9447177848728799e-03  0.0000000000000000e+00 -2.0615548298032135e-01
 223  1.3945695134366293e-04 -2.4212291001435819e-04 -1.8485885484137929e-03  9.2941115878056649e-04  0.0000000000000000e+00 -2.0590897491329871e-01
 224  2.5907674226126239e-04  1.5882814213461462e-04  1.8351323348603267e-03  9.3664880840820214e-04  0.0000000000000000e+00 -2.1092785144571929e-01
 225  4.2192793170750771e-05  6.2297893037491805e-05 -2.9932387348180093e-04 -1.9402188054496636e-03  0.0000000000000000e+00 -2.1090083852983002e-01
 226  2.0827691696225856e-04 -2.1416787776429617e-04 -1.5844519437589080e-03  1.3409454344770701e-03  0.0000000000000000e+00 -2.0738944900597325e-01
 227  1.8915570621056105e-04  1.5604748389073063e-04  1.9606836391113129e-03  4.4030503826743853e-04  0.0000000000000000e+00 -2.1217474820962537e-01
 228  3.9106749721200223e-05  4.1143249883040952e-05 -8.3532981331930069e-04 -1.8072720043208440e-03  0.0000000000000000e+00 -2.1519638019828641e-01
 229  2.4298747322416248e-04 -2.0099725474603423e-04 -1.1821457129200053e-03  1.6504379378739914e-03  0.0000000000000000e+00 -2.0981044371892249e-01
 230  1.8220048286354980e-04  1.4018931971673804e-04  1.9700045246649331e-03 -1.0476507815484074e-04  0.0000000000000000e+00 -2.1344508809030494e-01
 231  7.5242928136273441e-06  7.0740092486790555e-05 -1.3073904078490274e-03 -1.5470723841567204e-03  0.0000000000000000e+00 -2.1854233232478068e-01
 232  2.3307706968521703e-04 -2.2782863111568504e-04 -6.7445972712578111e-04  1.8472246928463809e-03  0.0000000000000000e+00 -2.1322550123521922e-01
 233  2.5863355171444396e-04  1.1926991486581602e-04  1.8766290047064781e-03 -6.4528163984510067e-04  0.0000000000000000e+00 -2.1520247506155232e-01
 234 -6.0071630173804376e-05  1.4447982065224682e-04 -1.6714748426341164e-03 -1.1710168893917805e-03  0.0000000000000000e+00 -2.2071379770617258e-01
 235  1.9632789374470934e-04 -2.9745373446519497e-04 -1.1465836772145665e-04  1.9288308745782049e-03  0.0000000000000000e+00 -2.1756535657813736e-01
 236  3.8849763166286087e-04  9.9970342210862735e-05  1.6730069384249370e-03 -1.1254114303451035e-03  0.0000000000000000e+00 -2.1765708208324563e-01
 237 -1.4148624442052963e-04  2.3444006433126437e-04 -1.8947910508960743e-03 -7.0231976972165314e-04  0.0000000000000000e+00 -2.2173026167786297e-01
 238  1.4843539239188766e-04 -3.8058417673763012e-04  4.4095072313066555e-04  1.8884740769755247e-03  0.0000000000000000e+00 -2.2248477745426856e-01
 239  5.1608828853085822e-04  7.9503567746937477e-05  1.3414454374533122e-03 -1.5021754110457225e-03  0.0000000000000000e+00 -2.2076167933912708e-01
 240 -1.9160203825682281e-04  3.1598710633907670e-04 -1.9645015807466765e-03 -1.7039514882914860e-04  0.0000000000000000e+00 -2.2214643082202729e-01
 241  8.1318475359785710e-05 -4.3447899032670136e-04  9.4610355651683967e-04  1.7081461499631116e-03  0.0000000000000000e+00 -2.2738157923808966e-01
 242  5.9864426383497552e-04  4.6865508283463685e-05  8.7867590774237865e-04 -1.7512084597852042e-03  0.0000000000000000e+00 -2.2423553486386008e-01
 243 -1.6992885240217943e-04  3.8162093598850404e-04 -1.8895456305025851e-03  3.8617852110741133e-04  0.0000000000000000e+00 -2.2299924185510364e-01
 244 -1.8279631215942476e-05 -4.3453579776183700e-04  1.3681230754343384e-03  1.3800400276914406e-03  0.0000000000000000e+00 -2.3168547724007493e-01
 245  6.2770595602913855e-04 -6.5099866867029862e-06  3.1521966862868437e-04 -1.8708752395603485e-03  0.0000000000000000e+00 -2.2780626669032905e-01
 246 -7.4993963891392381e-05  4.3105926301596574e-04 -1.6883010351656262e-03  9.1755770111108699e-04  0.0000000000000000e+00 -2.2511883324914150e-01
 247 -1.3526991787356872e-04 -3.8694930044427312e-04  1.6872712726148263e-03  9.2713818348698427e-04  0.0000000000000000e+00 -2.3489037388151052e-01
 248  6.1581119114357966e-04 -7.3205764276439202e-05 -2.8586154699680180e-04 -1.8725478171148658e-03  0.0000000000000000e+00 -2.3141324203328792e-01
 249  5.1987969388795319e-05  4.5402565963336924e-04 -1.3741386103169014e-03  1.3701677303889022e-03  0.0000000000000000e+00 -2.2857863274930701e-01
 250 -2.2400692101871912e-04 -3.1223471481328023e-04  1.8882606734429157e-03  3.9385751799853670e-04  0.0000000000000000e+00 -2.3660205026291556e-01
 251  5.6427216876444924e-04 -1.3345826482263909e-04 -8.4958992885727884e-04 -1.7537251320077661e-03  0.0000000000000000e+00 -2.3507746503225649e-01
 252  1.6372695879717151e-04  4.3311206118878552e-04 -9.5452634123855448e-04  1.6972049261356002e-03  0.0000000000000000e+00 -2.3290528643986613e-01
 253 -2.4200040411931933e-04 -2.2317015559365877e-04  1.9533876483592135e-03 -1.6856918888640465e-04  0.0000000000000000e+00 -2.3706121219088330e-01
 254  4.6252141933095134e-04 -1.7506201831404242e-04 -1.3139239519215353e-03 -1.4996244503236546e-03  0.0000000000000000e+00 -2.3870442347759088e-01
 255  2.4253973182906873e-04  3.6471614381386621e-04 -4.4413764967573047e-04  1.8755089392301165e-03  0.0000000000000000e+00 -2.3759711475922252e-01
 256 -1.8713512678010741e-04 -1.2253054170382674e-04  1.8668951284624012e-03 -7.0983050622195037e-04  0.0000000000000000e+00 -2.3728616711643785e-01
 257  3.2052244417091902e-04 -2.0046376804395692e-04 -1.6506494097732361e-03 -1.1129259183952397e-03  0.0000000000000000e+00 -2.4199985098871735e-01
 258  2.9914100686206273e-04  2.7341134018010749e-04  1.2220577550883820e-04  1.9148569591839093e-03  0.0000000000000000e+00 -2.4216995816080053e-01
 259 -9.7751371212423586e-05 -2.0568077826126891e-05  1.6269891731031353e-03 -1.1877565125623345e-03  0.0000000000000000e+00 -2.3836883689278718e-01
 260  1.8260192633657717e-04 -2.1732716302161361e-04 -1.8641097159835696e-03 -6.2312484177823139e-04  0.0000000000000000e+00 -2.4459782498685675e-01
 261  3.3872309436302117e-04  1.9879392006408623e-04  6.9065592037949916e-04  1.8341949681939711e-03  0.0000000000000000e+00 -2.4616890549324230e-01
 262 -1.9708638199819633e-05  5.6859760177358655e-05  1.2521517526655915e-03 -1.5682102696949784e-03  0.0000000000000000e+00 -2.4075475148628803e-01
 263  1.0381991843264868e-04 -2.2888735908922130e-04 -1.9683912981528348e-03 -7.8319184291127274e-05  0.0000000000000000e+00 -2.4631990037142926e-01
 264  3.4401911251857132e-04  1.6537024576685221e-04  1.1987486176812385e-03  1.6382670434755165e-03  0.0000000000000000e+00 -2.4938945931872167e-01
 265  2.3363009169288064e-05  8.4027890624992118e-05  7.7571911045639893e-04 -1.8247848210087058e-03  0.0000000000000000e+00 -2.4433278857899679e-01
 266  1.0945051813214754e-04 -2.3039988643807014e-04 -1.9643136840340474e-03  4.6457654222751069e-04  0.0000000000000000e+00 -2.4737373871533083e-01
 267  2.9967503044217082e-04  1.6699684121388112e-04  1.5936021561153576e-03  1.3271282064052793e-03  0.0000000000000000e+00 -2.5180472119064401e-01
 268  3.8321967894265578e-05  5.9544427695862062e-05  2.3870392654497117e-04 -1.9470273584957746e-03  0.0000000000000000e+00 -2.4877114511251891e-01
 269  1.7409624358817976e-04 -2.1637239753208656e-04 -1.8348502608351634e-03  9.5570717159323905e-04  0.0000000000000000e+00 -2.4836266920825892e-01
 270  2.2156612990306492e-04  1.7911032933939856e-04  1.8487313607016928e-03  9.1088358806178690e-04  0.0000000000000000e+00 -2.5342964408489099e-01
 271  4.1813946093308250e-05  1.5185329700922740e-05 -3.1712193207653820e-04 -1.9381295011027734e-03  0.0000000000000000e+00 -2.5348463568633656e-01
 272  2.4501731595753991e-04 -1.9428813032009286e-04 -1.5634865002645386e-03  1.3622214426144408e-03  0.0000000000000000e+00 -2.4994216234123703e-01
 273  1.5645142655100464e-04  1.8146244110457983e-04  1.9664715764491107e-03  4.1125749684198015e-04  0.0000000000000000e+00 -2.5455390669195505e-01
 274  3.2826927768947429e-05 -3.8844253644795254e-06 -8.5083477295877681e-04 -1.7995736258993346e-03  0.0000000000000000e+00 -2.5776477972297313e-01
 275  2.7979642421657985e-04 -1.8763967482672290e-04 -1.1545570253086595e-03  1.6643713708863338e-03  0.0000000000000000e+00 -2.5241773825395203e-01
 276  1.5614496983691386e-04  1.7016835449660942e-04  1.9660980611055242e-03 -1.3501269587607600e-04  0.0000000000000000e+00 -2.5576212103704293e-01
 277 -5.8759512074842342e-06  2.9002931907965737e-05 -1.3184757191519727e-03 -1.5313467100629568e-03  0.0000000000000000e+00 -2.6110288029288409e-01
 278  2.6851474388865377e-04 -2.2068262116675151e-04 -6.4059668770973584e-04  1.8524871205311409e-03  0.0000000000000000e+00 -2.5582153572050786e-01
 279  2.3941495711348577e-04  1.5259838267924923e-04  1.8612833379620570e-03 -6.7491654358545000e-04  0.0000000000000000e+00 -2.5755182705346891e-01
 280 -7.9662744061958853e-05  1.0684864941758522e-04 -1.6774815418047909e-03 -1.1457076803381460e-03  0.0000000000000000e+00 -2.6325087374439698e-01
 281  2.2933047125279455e-04 -2.9511829643323069e-04 -7.5892728330095952e-05  1.9253171423597531e-03  0.0000000000000000e+00 -2.6009286351857169e-01
 282  3.7469001942350448e-04  1.3418497225415468e-04  1.6454903515379495e-03 -1.1525456655208410e-03  0.0000000000000000e+00 -2.6010833695119606e-01
 283 -1.6354048462993037e-04  2.0180217467284488e-04 -1.8958698689062578e-03 -6.6775269345190752e-04  0.0000000000000000e+00 -2.6420759225251600e-01
 284  1.7727702627983114e-04 -3.8130876733459562e-04  4.8125085142374218e-04  1.8758912270130173e-03  0.0000000000000000e+00 -2.6491404415809827e-01
 285  5.0598774171695994e-04  1.1139474669493535e-04  1.3023517266641960e-03 -1.5242082359333197e-03  0.0000000000000000e+00 -2.6331692457574241e-01
 286 -2.1138587163780951e-04  2.8965193160137366e-04 -1.9603317661091770e-03 -1.2912685186536847e-04  0.0000000000000000e+00 -2.6453983450458857e-01
 287  1.0385959381561393e-04 -4.3770189082651567e-04  9.8286851519052351e-04  1.6854974357521898e-03  0.0000000000000000e+00 -2.6972549584567246e-01
 288  5.9196878243789920e-04  7.4353857273953226e-05  8.3010936800073979e-04 -1.7653080347582021e-03  0.0000000000000000e+00 -2.6685831997664766e-01
 289 -1.8536470284730283e-04  3.6293912414434476e-04 -1.8786277559270099e-03  4.2947440981229017e-04  0.0000000000000000e+00 -2.6532319622166067e-01
 290 -2.2208716940361838e-06 -4.4174132934258836e-04  1.3968682171956882e-03  1.3475047408647055e-03  0.0000000000000000e+00 -2.7399227640234680e-01
 291  6.2600260179241903e-04  1.7509810757040481e-05  2.6124505688334890e-04 -1.8755996657071235e-03  0.0000000000000000e+00 -2.7046374126131217e-01
 292 -8.8872211224520756e-05  4.2019870105839763e-04 -1.6685094762632822e-03  9.5754925597261683e-04  0.0000000000000000e+00 -2.6741137604600995e-01
 293 -1.2229631967094082e-04 -4.0052200890264441e-04  1.7062532875776058e-03  8.8720368648600903e-04  0.0000000000000000e+00 -2.7720629430328553e-01
 294  6.2003461218179201e-04 -4.8828779470282638e-05 -3.3980215375463619e-04 -1.8676497678600079e-03  0.0000000000000000e+00 -2.7407242134213655e-01
 295  3.4536163670282191e-05  4.4928531158548572e-04 -1.3445382472166028e-03  1.4025490161140573e-03  0.0000000000000000e+00 -2.7087715950146768e-01
 296 -2.0897810038682379e-04 -3.3355403292791551e-04  1.8984868973248373e-03  3.5077080437809964e-04  0.0000000000000000e+00 -2.7896599249377735e-01
 297  5.7298745444817978e-04 -1.0499595428420752e-04 -8.9812388403098006e-04 -1.7392327453511580e-03  0.0000000000000000e+00 -2.7770376706872235e-01
 298  1.3946398567922489e-04  4.3180986820546662e-04 -9.1697286022362416e-04  1.7195417751787250e-03  0.0000000000000000e+00 -2.7525496482183531e-01
 299 -2.2223942332518943e-04 -2.5175082629452425e-04  1.9570527943592129e-03 -2.0959723501375678e-04  0.0000000000000000e+00 -2.7950972188709799e-01
 300  4.7394392553335899e-04 -1.4179745019460448e-04 -1.3531402449462734e-03 -1.4769768090500746e-03  0.0000000000000000e+00 -2.8126069629761569e-01
 301  2.1188570425547166e-04  3.6508397330092042e-04 -4.0325212691591755e-04  1.8877777462924859e-03  0.0000000000000000e+00 -2.8004290725426256e-01
 302 -1.6481144106539751e-04 -1.5686837703236182e-04  1.8655163754176616e-03 -7.4426208736063130e-04  0.0000000000000000e+00 -2.7982420472654063e-01
 303  3.3492793851756141e-04 -1.6463459493378416e-04 -1.6785074481238992e-03 -1.0850337285771112e-03  0.0000000000000000e+00 -2.8444381568976629e-01
 304  2.6436679992269848e-04  2.7579102886451603e-04  1.6131065517922984e-04  1.9181269578227046e-03  0.0000000000000000e+00 -2.8471877184852767e-01
 305 -7.7522773328404860e-05 -5.9430502701995731e-05  1.6207945757451491e-03 -1.2130832208637845e-03  0.0000000000000000e+00 -2.8095852879968586e-01
 306  2.0177810942782211e-04 -1.8209862512329273e-04 -1.8798792251789995e-03 -5.9262409090384612e-04  0.0000000000000000e+00 -2.8692587662381097e-01
 307  3.0151859901744510e-04  2.0483571970288710e-04  7.2463100514842465e-04  1.8286854622286317e-03  0.0000000000000000e+00 -2.8878289317720784e-01
 308 -5.1145234697115011e-06  1.4220826867227729e-05  1.2408017952939435e-03 -1.5840396444904514e-03  0.0000000000000000e+00 -2.8334886513655100e-01
 309  1.2923834025392608e-04 -1.9655480605785817e-04 -1.9725014866009026e-03 -4.7120779278669578e-05  0.0000000000000000e+00 -2.8859733524262043e-01
 310  3.0539297849117159e-04  1.7654237243268535e-04  1.2262407973784811e-03  1.6239679672107818e-03  0.0000000000000000e+00 -2.9200218835350145e-01
 311  3.1496522840407468e-05  3.8442107861953502e-05  7.5963799716441383e-04 -1.8325723344492762e-03  0.0000000000000000e+00 -2.8690741420691324e-01
 312  1.4093568330395643e-04 -2.0215032572135951e-04 -1.9581719357071835e-03  4.9464921138200576e-04  0.0000000000000000e+00 -2.8969391972312786e-01
 313  2.6113617039399712e-04  1.8390155448288367e-04  1.6143267538355926e-03  1.3052260089029915e-03  0.0000000000000000e+00 -2.9434426571700018e-01
 314  4.1009795136457660e-05  1.2396903535215101e-05  2.1979036710593217e-04 -1.9490600197178507e-03  0.0000000000000000e+00 -2.9132611618474086e-01
 315  2.0990532403342911e-04 -1.9306766460326543e-04 -1.8201661240731045e-03  9.8254503542700099e-04  0.0000000000000000e+00 -2.9078805073737946e-01
 316  1.8539594047187980e-04  2.0156529726069028e-04  1.8622175683495608e-03  8.8355688819346883e-04  0.0000000000000000e+00 -2.9585091011808778e-01
 317  3.9623899437228178e-05 -3.1713737893075973e-05 -3.3599354205360489e-04 -1.9354159216388672e-03  0.0000000000000000e+00 -2.9603181472868917e-01
 318  2.8279942751164514e-04 -1.7674125831329109e-04 -1.5415061865555006e-03  1.3834443541383889e-03  0.0000000000000000e+00 -2.9247570966225872e-01
 319  1.2509978448361491e-04  2.0886243361838480e-04  1.9714270976059641e-03  3.8084490761364936e-04  0.0000000000000000e+00 -2.9686675833108728e-01
 320  2.4807202498540693e-05 -4.8785777224216621e-05 -8.6677707079240828e-04 -1.7907813478476853e-03  0.0000000000000000e+00 -3.0031657591532812e-01
 321  3.1740831416176825e-04 -1.7619317690882540e-04 -1.1257565222206579e-03  1.6777900787120709e-03  0.0000000000000000e+00 -2.9500989833830132e-01
 322  1.3131024062837033e-04  2.0176482014681440e-04  1.9607455597683062e-03 -1.6639851601933119e-04  0.0000000000000000e+00 -2.9803420279933529e-01
 323 -2.0725984481916784e-05 -1.2648692395173053e-05 -1.3295980805163501e-03 -1.5141408433034661e-03  0.0000000000000000e+00 -3.0365996430312975e-01
 324  3.0457626955470563e-04 -2.1476629579326412e-04 -6.0539495912053222e-04  1.8570052675731035e-03  0.0000000000000000e+00 -2.9840223264010740e-01
 325  2.2105584273348253e-04  1.8709389919828752e-04  1.8441503131751266e-03 -7.0540584425780580e-04  0.0000000000000000e+00 -2.9987734623763451e-01
 326 -1.0013808463600909e-04  6.9215711384333867e-05 -1.6833572848773608e-03 -1.1187992207381434e-03  0.0000000000000000e+00 -3.0578947305584447e-01
 327  2.6280873417631242e-04 -2.9319244295478397e-04 -3.5910213775889724e-05  1.9209523166482864e-03  0.0000000000000000e+00 -3.0260168404488069e-01
 328  3.6118002168162384e-04  1.6906089942722046e-04  1.6161307522365716e-03 -1.1801203628238434e-03  0.0000000000000000e+00 -3.0254739529413416e-01
 329 -1.8571947709633132e-04  1.6900416101263318e-04 -1.8967258711742215e-03 -6.3176811254816610e-04  0.0000000000000000e+00 -3.0668438170677942e-01
 330  2.0634898299944058e-04 -3.8169713130246382e-04  5.2234829000571666e-04  1.8622547608261072e-03  0.0000000000000000e+00 -3.0732048995619232e-01
 331  4.9559967985399287e-04  1.4345757497303781e-04  1.2615525965185049e-03 -1.5461171619461989e-03  0.0000000000000000e+00 -3.0586079614417888e-01
 332 -2.3061108170536885e-04  2.6299889792086415e-04 -1.9557665877735788e-03 -8.6888834142647030e-05  0.0000000000000000e+00 -3.0692771701612415e-01
 333  1.2636213766507198e-04 -4.4015608305865379e-04  1.0198581869185488e-03  1.6615327339871342e-03  0.0000000000000000e+00 -3.1204381015162747e-01
 334  5.8465121690754395e-04  1.0168429613025711e-04  7.8014343030676566e-04 -1.7787474897090609e-03  0.0000000000000000e+00 -3.0946605113784298e-01
 335 -1.9999891766882128e-04  3.4381615264797682e-04 -1.8670155163437287e-03  4.7314878461538742e-04  0.0000000000000000e+00 -3.0763756675103970e-01
 336  1.3783964037216304e-05 -4.4808989207857115e-04  1.4254050482351353e-03  1.3135710079479766e-03  0.0000000000000000e+00 -3.1627023930391884e-01
 337  6.2355886699482009e-04  4.1322661615862989e-05  2.0636392034270023e-04 -1.8793601959410412e-03  0.0000000000000000e+00 -3.1310095019442397e-01
 338 -1.0215200871038638e-04  4.0874100599946255e-04 -1.6477453931738753e-03  9.9738455878438381e-04  0.0000000000000000e+00 -3.0969133504008955e-01
 339 -1.0906662703892212e-04 -4.1330812762069627e-04  1.7248757974113861e-03  8.4605503839159748e-04  0.0000000000000000e+00 -3.1948754061657930e-01
 340  6.2345843409646691e-04 -2.4553984426748364e-05 -3.9402914841971549e-04 -1.8616745518804578e-03  0.0000000000000000e+00 -3.1670541838310912e-01
 341  1.7428941554100732e-05  4.4376424446878536e-04 -1.3139249893295395e-03  1.4343855436476270e-03  0.0000000000000000e+00 -3.1316075877358263e-01
 342 -1.9337954115578577e-04 -3.5415898485210664e-04  1.9083765934394523e-03  3.0691437480591258e-04  0.0000000000000000e+00 -3.2128866507462889e-01
 343  5.8089048212286174e-04 -7.6691294449248839e-05 -9.4629486534553381e-04 -1.7237274071883989e-03  0.0000000000000000e+00 -3.2029969790276247e-01
 344  1.1555691862846499e-04  4.2970313850346995e-04 -8.7867503830092134e-04  1.7411274301064664e-03  0.0000000000000000e+00 -3.1758894085550443e-01
 345 -2.0203223869706986e-04 -2.7968280734268479e-04  1.9603424609181933e-03 -2.5079907645256651e-04  0.0000000000000000e+00 -3.2191088073872964e-01
 346  4.8481692651302190e-04 -1.0902206670634256e-04 -1.3914329448358057e-03 -1.4535798438776700e-03  0.0000000000000000e+00 -3.2378389724120071e-01
 347  1.8182425644884407e-04  3.6501956305320124e-04 -3.6204833918950890e-04  1.8992363844578027e-03  0.0000000000000000e+00 -3.2247114520781139e-01
 348 -1.4263647435254918e-04 -1.9067374387679581e-04  1.8635565500141013e-03 -7.7834345001044191e-04  0.0000000000000000e+00 -3.2231092410385692e-01
 349  3.4932325062066427e-04 -1.2978350019484283e-04 -1.7050380600128925e-03 -1.0566840323412211e-03  0.0000000000000000e+00 -3.2685642098548934e-01
 350  2.3040433674578550e-04  2.7849876254018037e-04  2.0040063514572886e-04  1.9204923664367217e-03  0.0000000000000000e+00 -3.2724550675096697e-01
 351 -5.8180717616569651e-05 -9.7904807607066105e-05  1.6137651228854881e-03 -1.2377398344618569e-03  0.0000000000000000e+00 -3.2349819408518243e-01
 352  2.2155275001345325e-04 -1.4835884989821923e-04 -1.8941675164936449e-03 -5.6188785482934019e-04  0.0000000000000000e+00 -3.2923479518225113e-01
 353  2.6525011806315980e-04  2.1210150288934268e-04  7.5843648733822015e-04  1.8221386699948904e-03  0.0000000000000000e+00 -3.3137024798702808e-01
 354  7.9841827373279281e-06 -2.8153003064349541e-05  1.2285311901748365e-03 -1.5991241610948915e-03  0.0000000000000000e+00 -3.2590174682805439e-01
 355  1.5574884244356360e-04 -1.6617294698240443e-04 -1.9753120505419594e-03 -1.5917439127138972e-05  0.0000000000000000e+00 -3.3087637705950373e-01
 356  2.6783362324239539e-04  1.8970630562178443e-04  1.2535155540917017e-03  1.6086612091143922e-03  0.0000000000000000e+00 -3.3458668986228729e-01
 357  3.7776671143827422e-05 -6.9922917971818281e-06  7.4289505589409202e-04 -1.8397526268832682e-03  0.0000000000000000e+00 -3.2945720707982595e-01
 358  1.7377550861592014e-04 -1.7622382354210396e-04 -1.9511692829077588e-03  5.2441058748632359e-04  0.0000000000000000e+00 -3.3203596780577777e-01
 359  2.2384216835006363e-04  2.0325592562015645e-04  1.6347383098746461e-03  1.2825938520278646e-03  0.0000000000000000e+00 -3.3685813137216952e-01
 360  4.1714165253351111e-05 -3.4736243400081795e-05  2.0080400629484595e-04 -1.9506609470374375e-03  0.0000000000000000e+00 -3.3387840568170241e-01
 361  2.4709033051742663e-04 -1.7226179151488334e-04 -1.8050992396076804e-03  1.0086914863113375e-03  0.0000000000000000e+00 -3.3324856240469258e-01
 362  1.5058312078104790e-04  2.2654751427235009e-04  1.8751162873637086e-03  8.5592414842193814e-04  0.0000000000000000e+00 -3.3825436790165564e-01
 363  3.5476724263149675e-05 -7.8760149689887694e-05 -3.5424508779947119e-04 -1.9322985525954271e-03  0.0000000000000000e+00 -3.3860051021993276e-01
 364  3.2183217795220747e-04 -1.6152095067578621e-04 -1.5194687443101530e-03  1.4036392780941863e-03  0.0000000000000000e+00 -3.3505051532407698e-01
 365  9.5002439385304924e-05  2.3856153000709692e-04  1.9753899745051651e-03  3.5054815195579100e-04  0.0000000000000000e+00 -3.3917696394507618e-01
 366  1.5029148185832879e-05 -9.3996369439478669e-05 -8.8160220302122363e-04 -1.7814950081355304e-03  0.0000000000000000e+00 -3.4291156960007241e-01
 367  3.5613592429799832e-04 -1.6650657977878924e-04 -1.0970535103649996e-03  1.6900285440694985e-03  0.0000000000000000e+00 -3.3764454322577109e-01
 368  1.0734848277684673e-04  2.3527210342503275e-04  1.9540737205402340e-03 -1.9735446101321624e-04  0.0000000000000000e+00 -3.4032444954483687e-01
 369 -3.6890929158849193e-05 -5.4762442655639738e-05 -1.3394904745487816e-03 -1.4964312701682162e-03  0.0000000000000000e+00 -3.4627593108052951e-01
 370  3.4166696160506426e-04 -2.0975723861080262e-04 -5.7040520030844026e-04  1.8604384918429176e-03  0.0000000000000000e+00 -3.4102256638296158e-01
 371  2.0298115839772999e-04  2.2303619901739298e-04  1.8256572977921068e-03 -7.3526889700354693e-04  0.0000000000000000e+00 -3.4223994110303163e-01
 372 -1.2126277106488443e-04  3.0962491782123433e-05 -1.6882358113138271e-03 -1.0915895755790378e-03  0.0000000000000000e+00 -3.4839511703323517e-01
 373  2.9719488217992506e-04 -2.9125748413536305e-04  3.6589770400444160e-06  1.9157149873790310e-03  0.0000000000000000e+00 -3.4514480502102651e-01
 374  3.4732134721225736e-04  2.0488390763679637e-04  1.5857057404759717e-03 -1.2068969829750796e-03  0.0000000000000000e+00 -3.4503270648309670e-01
 375 -2.0783037703811646e-04  1.3543196184100063e-04 -1.8969584408339239e-03 -5.9590124834447836e-04  0.0000000000000000e+00 -3.4922910022505310e-01
 376  2.3610386871757936e-04 -3.8138762841939862e-04  5.6269636586700846e-04  1.8479073961568315e-03  0.0000000000000000e+00 -3.4975686865501621e-01
 377  4.8438508005176447e-04  1.7601424069861376e-04  1.2202182020409186e-03 -1.5670157841540416e-03  0.0000000000000000e+00 -3.4845094260690224e-01
 378 -2.4930197540983597e-04  2.3547294638142513e-04 -1.9508734391170803e-03 -4.5346833690432718e-05  0.0000000000000000e+00 -3.4937910190690918e-01
 379  1.4936028210090415e-04 -4.4166894030494370e-04  1.0557441658307722e-03  1.6370377645352630e-03  0.0000000000000000e+00 -3.5439073646039959e-01
 380  5.7635246472777550e-04  1.2924117026741927e-04  7.3031025897701471e-04 -1.7910445994442508e-03  0.0000000000000000e+00 -3.5211728343879267e-01
 381 -2.1415177678474754e-04  3.2377131826697304e-04 -1.8551970480183010e-03  5.1555633743492334e-04  0.0000000000000000e+00 -3.5000834964159599e-01
 382  3.0353323027934255e-05 -4.5361784652464960e-04  1.4527007092046242e-03  1.2794541767825211e-03  0.0000000000000000e+00 -3.5857602416221207e-01
 383  6.2020971543371892e-04  6.5360678202716125e-05  1.5231423248110212e-04 -1.8820457059673546e-03  0.0000000000000000e+00 -3.5577731383234568e-01
 384 -1.1533769860845614e-04  3.9630722957573048e-04 -1.6268669010313520e-03  1.0356076061128479e-03  0.0000000000000000e+00 -3.5201966387205569e-01
 385 -9.5014681939212383e-05 -4.2549199744324986e-04  1.7424291966378410e-03  8.0521281077121040e-04  0.0000000000000000e+00 -3.6179462187821276e-01
 386  6.2606654772424692e-04  2.6034756485677822e-08 -4.4683428681377061e-04 -1.8548484514986441e-03  0.0000000000000000e+00 -3.5937165673458610e-01
 387  1.6505380816415211e-07  4.3725545020109689e-04 -1.2834841880969372e-03  1.4645626844185852e-03  0.0000000000000000e+00 -3.5548597600963933e-01
 388 -1.7688436683138936e-04 -3.7432768084758397e-04  1.9175703139311143e-03  2.6394957439937949e-04  0.0000000000000000e+00 -3.6363479570572993e-01
 389  5.8816222151682380e-04 -4.8213981519929888e-05 -9.9265107589469720e-04 -1.7078112632830137e-03  0.0000000000000000e+00 -3.6292377006240778e-01
 390  9.1603543428721493e-05  4.2681355779166145e-04 -8.4108898140431234e-04  1.7612919297782545e-03  0.0000000000000000e+00 -3.5996056418710715e-01
 391 -1.8135080498255733e-04 -3.0732790041348475e-04  1.9632971501852637e-03 -2.9054759143456505e-04  0.0000000000000000e+00 -3.6433146678468198e-01
 392  4.9552639125887451e-04 -7.6461991132807674e-05 -1.4277375340818119e-03 -1.4304210074226895e-03  0.0000000000000000e+00 -3.6633178956251317e-01
 393  1.5201136939199802e-04  3.6472749619721973e-04 -3.2214802933665444e-04  1.9096452924978718e-03  0.0000000000000000e+00 -3.6493312827357027e-01
 394 -1.2075018596942104e-04 -2.2438018748151164e-04  1.8615071614193355e-03 -8.1062019454672678e-04  0.0000000000000000e+00 -3.6481209755847255e-01
 395  3.6417943129142273e-04 -9.5642865968092729e-05 -1.7295739816177325e-03 -1.0291818410102687e-03  0.0000000000000000e+00 -3.6929645609654582e-01
 396  1.9690368142309862e-04  2.8177004268307288e-04  2.3782833381379308e-04  1.9220674881208866e-03  0.0000000000000000e+00 -3.6980158795547302e-01
 397 -3.9848971593603032e-05 -1.3644183542436026e-04  1.6068407891941931e-03 -1.2605346497822560e-03  0.0000000000000000e+00 -3.6605096343945748e-01
 398  2.4229977093110099e-04 -1.1580563720640578e-04 -1.9066513055687798e-03 -5.3242412633848057e-04  0.0000000000000000e+00 -3.7158544858813780e-01
 399  2.2957916865875408e-04  2.2070933450672758e-04  7.9055261041484771e-04  1.8149920445108090e-03  0.0000000000000000e+00 -3.7398453218698718e-01
 400  1.9602028430685553e-05 -7.0662799114133517e-05  1.2166583475637573e-03 -1.6126023947400092e-03  0.0000000000000000e+00 -3.6847392774272197e-01
 401  1.8349663411126120e-04 -1.3738741001917111e-04 -1.9767852564953727e-03  1.3739686630225725e-05  0.0000000000000000e+00 -3.7321921300268257e-01
 402  2.3107087402907947e-04  2.0480834530125225e-04  1.2793247677736830e-03  1.5931028666068545e-03  0.0000000000000000e+00 -3.7719953483169860e-01
 403  4.2379594832177257e-05 -5.2600482308450900e-05  7.2705983356560169e-04 -1.8458280295164352e-03  0.0000000000000000e+00 -3.7204056312661959e-01
 404  2.0790598786602310e-04 -1.5221090416344361e-04 -1.9435356861704817e-03  5.5243965105949370e-04  0.0000000000000000e+00 -3.7446195055105441e-01
 405  1.8757713441545012e-04  2.2488219167432486e-04  1.6539549086926517e-03  1.2602687744992240e-03  0.0000000000000000e+00 -3.7940633250687983e-01
 406  4.0732000459157291e-05 -8.2158443595236371e-05  1.8340622545480489e-04 -1.9516909638718958e-03  0.0000000000000000e+00 -3.7648508365439631e-01
 407  2.8553883165842654e-04 -1.5347299910531360e-04 -1.7901747291144950e-03  1.0329848038119205e-03  0.0000000000000000e+00 -3.7580545116074371e-01
 408  1.1685067913242470e-04  2.5385421527558813e-04  1.8869506091923854e-03  8.2924265464963073e-04  0.0000000000000000e+00 -3.8070349551552213e-01
 409  2.9766704114344984e-05 -1.2635638172098316e-04 -3.7027072250071373e-04 -1.9290089862164018e-03  0.0000000000000000e+00 -3.8124804998718587e-01
 410  3.6214304086939326e-04 -1.4803292592471473e-04 -1.4982293391934136e-03  1.4219742984964371e-03  0.0000000000000000e+00 -3.7772747986833638e-01
 411  6.5663160049434017e-05  2.7042142493781222e-04  1.9782771307464901e-03  3.2177311012432087e-04  0.0000000000000000e+00 -3.8154957077836593e-01
 412  4.0007182136591826e-06 -1.4013418576266096e-04 -8.9388011158290231e-04 -1.7723576664104370e-03  0.0000000000000000e+00 -3.8560928371624953e-01
 413  3.9625364130803045e-04 -1.5782827682800577e-04 -1.0696220228403090e-03  1.7006026573090267e-03  0.0000000000000000e+00 -3.8038262837282466e-01
 414  8.3443327932061721e-05  2.7066475905873286e-04  1.9463443377288718e-03 -2.2643461156066839e-04  0.0000000000000000e+00 -3.8269597778829273e-01
 415 -5.3756488782183027e-05 -9.8215464206625553e-05 -1.3469957104373553e-03 -1.4792647864780839e-03  0.0000000000000000e+00 -3.8901427557014084e-01
 416  3.8028833888608272e-04 -2.0473181156111317e-04 -5.3701261938761424e-04  1.8626127968824314e-03  0.0000000000000000e+00 -3.8374279014846008e-01
 417  1.8409349201892097e-04  2.6053835285107664e-04  1.8063691480182621e-03 -7.6316824229136064e-04  0.0000000000000000e+00 -3.8469843233136602e-01
 418 -1.4240203167269501e-04 -9.0084858212127700e-06 -1.6913227352721809e-03 -1.0654424532890367e-03  0.0000000000000000e+00 -3.9113686388524460e-01
 419  3.3313949240108571e-04 -2.8826918492994865e-04  4.1407825240966401e-05  1.9097068210288523e-03  0.0000000000000000e+00 -3.8778080479808730e-01
 420  3.3188350891864512e-04  2.4191930101671752e-04  1.5550859061853088e-03 -1.2317982556921867e-03  0.0000000000000000e+00 -3.8761948686562864e-01
 421 -2.2935792620466675e-04  9.9852193392591646e-05 -1.8962346909310445e-03 -5.6171592072209900e-04  0.0000000000000000e+00 -3.9191633638456791e-01
 422  2.6731209627123785e-04 -3.7932441770499755e-04  6.0106135297121233e-04  1.8332832224024118e-03  0.0000000000000000e+00 -3.9227993832603891e-01
 423  4.7113509086725574e-04  2.0945716763317188e-04  1.1795575793375284e-03 -1.5862072987967862e-03  0.0000000000000000e+00 -3.9114176695008546e-01
 424 -2.6718503955560231e-04  2.0578148543961099e-04 -1.9458496507685423e-03 -6.1355399298625305e-06  0.0000000000000000e+00 -3.9197050892102825e-01
 425  1.7375428907998101e-04 -4.4126939862464219e-04  1.0895919032097067e-03  1.6128711315082178e-03  0.0000000000000000e+00 -3.9682132830060907e-01
 426  5.6595503217469741e-04  1.5747207201538576e-04  6.8213511191456079e-04 -1.8019247599931584e-03  0.0000000000000000e+00 -3.9486779316064607e-01
 427 -2.2778765416483067e-04  3.0150372577164141e-04 -1.8438975632610220e-03  5.5514047212735596e-04  0.0000000000000000e+00 -3.9250850056588982e-01
 428  4.8447076238721728e-05 -4.5745830271980712e-04  1.4781284205541505e-03  1.2464146840795696e-03  0.0000000000000000e+00 -4.0096330098504379e-01
 429  6.1491681608925137e-04  9.0017917160130410e-05  1.0078629023885924e-04 -1.8837435616322693e-03  0.0000000000000000e+00 -3.9855038009375293e-01
 430 -1.2847560367665746e-04  3.8165767026514914e-04 -1.6070567180507458e-03  1.0708810714045753e-03  0.0000000000000000e+00 -3.9446227681955104e-01
 431 -7.9308728786616810e-05 -4.3627861209387966e-04  1.7585314753114597e-03  7.6619196930485659e-04  0.0000000000000000e+00 -4.0418122763953179e-01
 432  6.2692925377844035e-04  2.5147449009121654e-05 -4.9659620232420608e-04 -1.8475680566580846e-03  0.0000000000000000e+00 -4.0212952873176599e-01
 433 -1.7219394234641391e-05  4.2868414458595945e-04 -1.2547345544491268e-03  1.4920878307843168e-03  0.0000000000000000e+00 -3.9791120061057339e-01
 434 -1.5896388148399555e-04 -3.9332115591813878e-04  1.9258886652218979e-03  2.2344352890756692e-04  0.0000000000000000e+00 -4.0605885022926924e-01
 435  5.9406938615611329e-04 -1.9488745824067226e-05 -1.0358650639300210e-03 -1.6921941078946216e-03  0.0000000000000000e+00 -4.0563337507659714e-01
 436  6.7760247656084200e-05  4.2230347494576556e-04 -8.0591468919738582e-04  1.7794713916046844e-03  0.0000000000000000e+00 -4.0242090326170044e-01
 437 -1.5994939038818404e-04 -3.3403135182329726e-04  1.9659735089357974e-03 -3.2742146721980792e-04  0.0000000000000000e+00 -4.0682595843096936e-01
 438  5.0554275740873121e-04 -4.4090763771349029e-05 -1.4611468131363625e-03 -1.4084913061353974e-03  0.0000000000000000e+00 -4.0896015199572489e-01
 439  1.2263278243035324e-04  3.6355634427752588e-04 -2.8526733690567650e-04  1.9188533461368996e-03  0.0000000000000000e+00 -4.0747377289281339e-01
 440 -9.8978824048124144e-05 -2.5744548043679161e-04  1.8597430112713023e-03 -8.3993222417335560e-04  0.0000000000000000e+00 -4.0738126537938385e-01
 441  3.7905315285435007e-04 -6.2097309415831280e-05 -1.7516353991636354e-03 -1.0037299030091062e-03  0.0000000000000000e+00 -4.1181906179228089e-01
 442  1.6398349474510099e-04  2.8497833571004637e-04  2.7198348523257878e-04  1.9230595531456770e-03  0.0000000000000000e+00 -4.1242899613856482e-01
 443 -2.2217079037270158e-05 -1.7460525629057271e-04  1.6007586419446568e-03 -1.2806002624446706e-03  0.0000000000000000e+00 -4.0866917752520704e-01
 444  2.6351093552947767e-04 -8.4141195167206607e-05 -1.9171992498138754e-03 -5.0556230247643527e-04  0.0000000000000000e+00 -4.1403211415778651e-01
 445  1.9453308121197851e-04  2.2990938374560824e-04  8.1955756834937955e-04  1.8077744307215227e-03  0.0000000000000000e+00 -4.1666841168804186e-01
 446  3.0278847870633773e-05 -1.1295339457620229e-04  1.2062353918182228e-03 -1.6238899774077425e-03  0.0000000000000000e+00 -4.1111653182531999e-01
 447  2.1182375323052977e-04 -1.0968806490220622e-04 -1.9770180510578178e-03  4.0525590345259807e-05  0.0000000000000000e+00 -4.1567809923004090e-01
 448  1.9504678481927894e-04  2.2093186885938012e-04  1.3025101299341960e-03  1.5780802510385709e-03  0.0000000000000000e+00 -4.1988672049430459e-01
 449  4.6046545903056320e-05 -9.8102731485358129e-05  7.1335867811705652e-04 -1.8504644863590342e-03  0.0000000000000000e+00 -4.1470706674648883e-01
 450  2.4257477857726135e-04 -1.2940001461508481e-04 -1.9355115279688551e-03  5.7757514556794549e-04  0.0000000000000000e+00 -4.1702225337703225e-01
 451  1.5216443184857037e-04  2.4776743914291748e-04  1.6711558643266184e-03  1.2391960001738929e-03  0.0000000000000000e+00 -4.2203982148437968e-01
 452  3.8930950219675034e-05 -1.2971439253042086e-04  1.6882347228513582e-04 -1.9520490038373581e-03  0.0000000000000000e+00 -4.1919420037616056e-01
 453  3.2457308088412886e-04 -1.3581202292453612e-04 -1.7757737036991738e-03  1.0545527403841438e-03  0.0000000000000000e+00 -4.1850906927106374e-01
 454  8.3824894902899427e-05  2.8250907738490953e-04  1.8973038203191773e-03  8.0453218894460784e-04  0.0000000000000000e+00 -4.2325408385297114e-01
 455  2.3450256892146960e-05 -1.7457333276965569e-04 -3.8296907959450198e-04 -1.9257273931951300e-03  0.0000000000000000e+00 -4.2402210929543560e-01
 456  4.0330989387354704e-04 -1.3523530105486543e-04 -1.4783636658490034e-03  1.4379231641858511e-03  0.0000000000000000e+00 -4.2055915392404269e-01
 457  3.6422219582374877e-05  3.0362594840570387e-04  1.9800938366491753e-03  2.9556723679953668e-04  0.0000000000000000e+00 -4.2404202269723029e-01
 458 -7.2354459378593042e-06 -1.8760317836830095e-04 -9.0268600665845426e-04 -1.7639055444262483e-03  0.0000000000000000e+00 -4.2845930235656848e-01
 459  4.3769871215054343e-04 -1.4897560493197623e-04 -1.0442647731304926e-03  1.7093128374312727e-03  0.0000000000000000e+00 -4.2327992413981907e-01
 460  5.8599502026512361e-05  3.0736425253746004e-04  1.9379260529377930e-03 -2.5260959051599943e-04  0.0000000000000000e+00 -4.2520304819855370e-01
 461 -7.0229025009505000e-05 -1.4380118142570206e-04 -1.3513775788633231e-03 -1.4635377595668150e-03  0.0000000000000000e+00 -4.3192938764108790e-01
 462  4.2073111281923001e-04 -1.9836183787717368e-04 -5.0618038672790855e-04  1.8635740249811014e-03  0.0000000000000000e+00 -4.2662100998542246e-01
 463  1.6309453264485947e-04  2.9930992009216814e-04  1.7869269235715412e-03 -7.8817260214409019e-04  0.0000000000000000e+00 -4.2730134218473803e-01
 464 -1.6250765846491887e-04 -5.1868128126439788e-05 -1.6921152811456648e-03 -1.0415331427960685e-03  0.0000000000000000e+00 -4.3407692460460828e-01
 465  3.7122808377625907e-04 -2.8275560156024859e-04  7.6379344021944079e-05  1.9031684044312092e-03  0.0000000000000000e+00 -4.3056812852902709e-01
 466  3.1335701271655237e-04  2.8018186805443297e-04  1.5251411184107042e-03 -1.2541072472773923e-03  0.0000000000000000e+00 -4.3035234027230002e-01
 467 -2.4941294197388151e-04  6.0778879527281131e-05 -1.8944111587374300e-03 -5.3055628866534831e-04  0.0000000000000000e+00 -4.3481712334917866e-01
 468  3.0081310058174013e-04 -3.7391795346582721e-04  6.3668608577542043e-04  1.8188849626778667e-03  0.0000000000000000e+00 -4.3494651784440092e-01
 469  4.5421808545766064e-04  2.4403605164837407e-04  1.1406959325466939e-03 -1.6033062200091653e-03  0.0000000000000000e+00 -4.3397795647691950e-01
 470 -2.8358987849874353e-04  1.7219962070976795e-04 -1.9410584432222159e-03  2.9353502966688973e-05  0.0000000000000000e+00 -4.3477806131018093e-01
 471  2.0058866101124154e-04 -4.3728485856017795e-04  1.1209556985548618e-03  1.5898990342787889e-03  0.0000000000000000e+00 -4.3938894828464725e-01
 472  5.5173497805235906e-04  1.8669715698559324e-04  6.3699844309858251e-04 -1.8113727693688433e-03  0.0000000000000000e+00 -4.3776511764415454e-01
 473 -2.4038462192410906e-04  2.7512704123347785e-04 -1.8340509523791166e-03  5.9059264258161175e-04  0.0000000000000000e+00 -4.3521241088643942e-01
 474  6.9170185946829037e-05 -4.5786964246415053e-04  1.5015080157553590e-03  1.2156583764896948e-03  0.0000000000000000e+00 -4.4348085946310362e-01
 475  6.0586635421987331e-04  1.1548548409393308e-04  5.3287610375285464e-05 -1.8847410102975368e-03  0.0000000000000000e+00 -4.4147119798008355e-01
 476 -1.4102139932738663e-04  3.6284977736137107e-04 -1.5897459045273480e-03  1.1020934564812846e-03  0.0000000000000000e+00 -4.3708666339909885e-01
 477 -6.1009415263720266e-05 -4.4385577625320744e-04  1.7731279716593125e-03  7.3037368787898271e-04  0.0000000000000000e+00 -4.4669207207036354e-01
 478  6.2421981772616767e-04  5.0739236738740675e-05 -5.4190344059201496e-04 -1.8403552495587791e-03  0.0000000000000000e+00 -4.4503203426377280e-01
 479 -3.4030332907971146e-05  4.1617759067422134e-04 -1.2294125067798291e-03  1.5161508516950890e-03  0.0000000000000000e+00 -4.4049461689759051e-01
 480 -1.3899048563238678e-04 -4.0927431537150267e-04  1.9332944020399817e-03  1.8671125309893788e-04  0.0000000000000000e+00 -4.4860215082720578e-01
 481  5.9688252505459948e-04  9.1889822335209886e-06 -1.0748398463886067e-03 -1.6775882545518113e-03  0.0000000000000000e+00 -4.4848015130584390e-01
 482  4.4861422177238748e-05  4.1444654791462427e-04 -7.7494463220428899e-04  1.7952253220497854e-03  0.0000000000000000e+00 -4.4501718906271104e-01
 483 -1.3740992302389528e-04 -3.5793162319150065e-04  1.9683585874618191e-03 -3.6038919783009797e-04  0.0000000000000000e+00 -4.4943273871153450e-01
 484  5.1323840969277532e-04 -1.2243406902681780e-05 -1.4909970758610772e-03 -1.3886138051889022e-03  0.0000000000000000e+00 -4.5171740822009004e-01
 485  9.4549534687501854e-05  3.5987391924373460e-04 -2.5303560350445282e-04  1.9267822832456317e-03  0.0000000000000000e+00 -4.5012974322075033e-01
 486 -7.6838755919978724e-05 -2.8808149817998661e-04  1.8583681528872224e-03 -8.6561379113212888e-04  0.0000000000000000e+00 -4.5005482435352184e-01
 487  3.9232889774673622e-04 -2.9307742761868151e-05 -1.7709934256236314e-03 -9.8119630378023246e-04  0.0000000000000000e+00 -4.5446911065220447e-01
 488  1.3241636090367945e-04  2.8644093146389289e-04  3.0149342890166257e-04  1.9237262528077562e-03  0.0000000000000000e+00 -4.5515717002156603e-01
 489 -4.5196784256422095e-06 -2.1074139430956760e-04  1.5958148738765081e-03 -1.2975897749189626e-03  0.0000000000000000e+00 -4.5138816951603983e-01
 490  2.8350435013530157e-04 -5.3202642808573951e-05 -1.9259088039528078e-03 -4.8217675567344928e-04  0.0000000000000000e+00 -4.5661436780132814e-01
 491  1.6071278489532774e-04  2.3785384819751166e-04  8.4432517883231781e-04  1.8010272346265517e-03  0.0000000000000000e+00 -4.5944858494100649e-01
 492  4.1112634614045493e-05 -1.5355016079761233e-04  1.1977253318289527e-03 -1.6328416126879012e-03  0.0000000000000000e+00 -4.5386360416740473e-01
 493  2.3897961288998963e-04 -8.2534350762284486e-05 -1.9762453406706976e-03  6.3630548325205403e-05  0.0000000000000000e+00 -4.5828575315950981e-01
 494  1.6011801544262545e-04  2.3605325298916926e-04  1.3221675298715344e-03  1.5642820055203649e-03  0.0000000000000000e+00 -4.6267630221759093e-01
 495  5.0121059402426883e-05 -1.4223560359562115e-04  7.0228176109780785e-04 -1.8535910154803218e-03  0.0000000000000000e+00 -4.5748823312987547e-01
 496  2.7605957632358396e-04 -1.0689358119827898e-04 -1.9273007512291293e-03  5.9918287405239705e-04  0.0000000000000000e+00 -4.5974449668345219e-01
 497  1.1765941984400183e-04  2.6981020883428140e-04  1.6856894974917626e-03  1.2200383585026318e-03  0.0000000000000000e+00 -4.6479080538945616e-01
 498  3.7782646675991536e-05 -1.7639197678168388e-04  1.5740914157512883e-04 -1.9516891787225909e-03  0.0000000000000000e+00 -4.6203372800320808e-01
 499  3.6265261254123912e-04 -1.1810232267173532e-04 -1.7620131586101690e-03  1.0730333006320702e-03  0.0000000000000000e+00 -4.6138627364156604e-01
 500  5.1248354580816302e-05  3.1049455209659405e-04  1.9058614679947588e-03  7.8231981293605806e-04  0.0000000000000000e+00 -4.6594250278252869e-01
 501  1.8061351478783553e-05 -2.2271171013533216e-04 -3.9219538180236178e-04 -1.9224983762271646e-03  0.0000000000000000e+00 -4.6694754855443132e-01
 502  4.4411730980165926e-04 -1.2178906641346270e-04 -1.4599590761703010e-03  1.4514250215899632e-03  0.0000000000000000e+00 -4.6357564108088878e-01
 503  6.7364881581872504e-06  3.3639479353171127e-04  1.9809168693006481e-03  2.7230969668205128e-04  0.0000000000000000e+00 -4.6669118199179527e-01
 504 -1.7115646066696860e-05 -2.3609534087273653e-04 -9.0802838665060017e-04 -1.7563721047065882e-03  0.0000000000000000e+00 -4.7148583163492369e-01
 505  4.7967134449773989e-04 -1.3854145071499159e-04 -1.0211270662223869e-03  1.7163394811963509e-03  0.0000000000000000e+00 -4.6637201857136945e-01
 506  3.2015927613993069e-05  3.4393361266854707e-04  1.9292351405697827e-03 -2.7559596620054243e-04  0.0000000000000000e+00 -4.6787790888703196e-01
 507 -8.4768948522984954e-05 -1.9167514398068337e-04 -1.3526846351470600e-03 -1.4497077732108976e-03  0.0000000000000000e+00 -4.7504900206024359e-01
 508  4.6264321085276363e-04 -1.8918718819811259e-04 -4.7813721790853286e-04  1.8636307227054292e-03  0.0000000000000000e+00 -4.6969860511232653e-01
 509  1.3892990008012272e-04  3.3833320055832235e-04  1.7679554313437694e-03 -8.1005350668535310e-04  0.0000000000000000e+00 -4.7007412535721060e-01
 510 -1.8014010728833305e-04 -9.8275747985514743e-05 -1.6906626187243898e-03 -1.0205125996476752e-03  0.0000000000000000e+00 -4.7725150004064826e-01
 511  4.1155244540729225e-04 -2.7313790527889228e-04  1.0833486096137615e-04  1.8964768256972354e-03  0.0000000000000000e+00 -4.7355225656021499e-01
 512  2.9041983007569463e-04  3.1910390759563043e-04  1.4966086887546648e-03 -1.2736853103945747e-03  0.0000000000000000e+00 -4.7325288005343297e-01
