   0 begin             0.00  0.0  -3.02 -0.0388 -66.45 -0.1554
   1 dh0g1a            4.65  0.0 -24.17 -0.0104 -10.64 -0.0247
   2 gs                4.65  0.0  32.11 -0.0165 -53.00 -0.0361
   3 sh1               4.85  1.5 218.92 -0.0288 -61.29 -0.0380
   4 dh1ag2a           4.94  0.0 348.49 -0.4136 -46.35 -0.0628
   5 bpm               4.94  0.0  50.11 -0.4365 -25.29 -0.0729
   6 dbpm              5.03  0.0 -20.54 -0.4457  28.59 -0.0942
   7 qh1sp01           5.28 -1.0  64.20 -0.4528 -22.40 -0.1092
   8 dh2ag2a           5.43  0.0 346.10 -0.4710 -42.25 -0.1158
   9 sq1hsp01          5.53  0.0  67.84 -0.8685 -38.36 -0.1467
  10 chv               5.53  0.0  32.62 -0.8789   2.14 -0.1687
  11 sq1hsp01          5.63  0.0 231.51 -0.8950   2.78 -0.1818
  12 dh2bg2a           5.79  0.0 218.50 -1.2289  -8.01 -0.5750
  13 sh2               5.99  0.0  27.28 -1.2420   9.76 -0.5869
  14 dh2cg2a           6.14  0.0 158.32 -1.2526 -48.36 -0.6052
  15 qh2sp01           6.54  1.0 423.36 -1.6431 -28.87 -0.6296
  16 dh3ag2a           6.73  0.0  43.21 -1.6644  21.59 -0.6378
  17 sh3               6.93 -1.5 -40.79 -1.6726 145.97 -0.6589
  18 dh3bg2a           7.13  0.0 -10.93 -1.6793  70.31 -0.6759
  19 qh3sp01           7.38 -1.0  73.29 -1.6948  39.85 -0.6832
  20 dh4ag2a           7.46  0.0   6.54 -2.0859   0.30 -0.7108
  21 bpm               7.46  0.0 -59.08 -2.0971  59.83 -0.7164
  22 dbpm              7.55  0.0 -69.99 -2.1009 144.00 -0.7285
  23 sh4               7.75 -1.5 -67.90 -2.1047 166.24 -0.7440
  24 dh4bg2a           8.00  0.0 -74.62 -2.1740 146.73 -1.0501
  25 dfch              8.15  0.0 -83.80 -2.1769 135.57 -1.0657
  26 chv               8.15  0.0 -71.78 -2.1830  23.89 -1.0771
  27 dfch              8.30  0.0 -42.26 -2.1911  -4.46 -1.0813
  28 ge                8.30  0.0 -18.96 -2.5765  29.30 -1.1074
  29 dh4cg3a           8.33  0.0 -73.81 -2.5981  79.64 -1.1173
  30 gs                8.33  0.0 -86.17 -2.6080 202.00 -1.1399
  31 b1sp01           10.95  0.5 -80.51 -2.2737  43.55 -1.1400
  32 dm1ag3a          11.32  0.0 -22.82 -2.2751   4.31 -1.1461
  33 dfch             11.47  0.0 -67.08 -2.6679  10.39 -1.1772
  34 chv              11.47  0.0 -73.99 -2.6783  82.90 -1.1992
  35 sm3              11.47  1.5 -37.01 -2.6950  84.74 -1.2138
  36 dfch             11.62  0.0 -33.18 -3.0253  64.21 -1.6080
  37 dm1bg3a          11.93  0.0 -66.79 -3.0318  92.23 -1.6203
  38 ge               11.93  0.0 -35.51 -3.0432  -9.17 -1.6408
  39 gs               11.93  0.0  51.25 -3.4360  -1.49 -1.6707
  40 qm1sp01          12.18 -1.0 -34.28 -3.4538  26.51 -1.6788
  41 dm2ag4a          12.38  0.0 -56.63 -3.4606  88.21 -1.6997
  42 sm1a             12.58 -1.5   4.82 -3.4671  -2.51 -1.7159
  43 dm2bg4a          13.16  0.0 343.00 -3.4814 -49.50 -1.7168
  44 bpm              13.16  0.0 191.59 -3.8741 -63.54 -1.7449
  45 dbpm             13.25  0.0  19.36 -3.8846 -45.28 -1.7490
  46 qm2sp01          13.50  1.0   2.60 -3.8887 -23.14 -1.7571
  47 dm2cg4a          13.70  0.0  30.07 -3.8957 -15.01 -1.7700
  48 sm2              13.95  1.5  29.48 -3.9702 -19.80 -2.0729
  49 dm2cg4b          14.15  0.0  -3.88 -3.9768 -22.50 -2.0856
  50 qm2sp01          14.40  1.0  53.37 -3.9814 -55.48 -2.0924
  51 dm2bg4b          14.92  0.0 144.32 -3.9911 -51.60 -2.0899
  52 sm1b             15.12 -1.5 185.49 -4.3744 -26.50 -2.1136
  53 dm2ag4b          15.38  0.0 -26.94 -4.3937  18.03 -2.1210
  54 bpm              15.38  0.0 -61.41 -4.4036  98.43 -2.1436
  55 dbpm             15.46  0.0 -30.83 -4.4112  21.84 -2.1614
  56 qm1sp01          15.71 -1.0  39.05 -4.4255  -1.80 -2.1681
  57 dm1eg4b          15.93  0.0 -58.20 -4.8185   7.05 -2.1986
  58 dfch             16.08  0.0 -71.32 -4.8247  79.48 -2.2193
  59 sm3              16.08  1.5 -30.54 -4.8414  81.28 -2.2339
  60 chv              16.08  0.0 -36.44 -5.1763  63.14 -2.6294
  61 dfch             16.23  0.0 -79.43 -5.1857  98.23 -2.6430
  62 ge               16.23  0.0 -60.05 -5.1970  -6.34 -2.6635
  63 gs               16.23  0.0  -6.30 -5.5899   1.59 -2.6935
  64 dm1dg5b          16.29  0.0 -70.11 -5.6105  41.12 -2.7033
  65 dpwg5b           16.49  0.0 -87.28 -5.6120 137.18 -2.7244
  66 dm1cg5b          16.69  0.0 -80.16 -5.6105  39.57 -2.7412
  67 b1sp01           19.31  0.5 -29.95 -5.2874  27.46 -2.7313
  68 ge               19.31  0.0 -53.89 -5.6802  -7.98 -2.7593
  69 dl4bg6b          19.53  0.0 -77.62 -5.6828  49.06 -2.7636
  70 gs               19.53  0.0 -82.39 -5.6884 129.09 -2.7762
  71 dfch             19.68  0.0 -74.09 -5.6918 156.70 -2.7919
  72 chv              19.68  0.0 -74.21 -5.7678 142.46 -3.0996
  73 dfch             19.83  0.0 -77.98 -5.7714 136.83 -3.1151
  74 dl4ag6b          19.91  0.0 -58.72 -5.7755  25.32 -3.1261
  75 ql3sp01          20.16 -1.0  33.71 -5.7840  -9.64 -3.1296
  76 dbpm             20.25  0.0 112.73 -6.1680  14.76 -3.1551
  77 bpm              20.25  0.0 -28.80 -6.1908  59.82 -3.1652
  78 dl3bg6b          20.33  0.0 -57.67 -6.1994 151.61 -3.1872
  79 sl3              20.53 -1.5   7.07 -6.2059  26.00 -3.2041
  80 dl3ag6b          21.15  0.0 408.84 -6.2202 -47.20 -3.2058
  81 ql2sp01          21.55  1.0  88.13 -6.6161 -50.61 -3.2309
  82 dl2cg6b          21.80  0.0  21.03 -6.6250  -8.62 -3.2486
  83 sl2              22.00  1.5 144.62 -6.6401   0.48 -3.2601
  84 dl2bg6b          22.14  0.0  95.67 -6.9738  -4.29 -3.6535
  85 dsch             22.24  0.0 -33.64 -6.9870  19.66 -3.6670
  86 chv              22.24  0.0  28.86 -6.9984 -43.46 -3.6875
  87 dsch             22.34  0.0 170.92 -7.3900 -36.18 -3.7161
  88 dl2ag6b          22.47  0.0 -22.00 -7.4109  -6.87 -3.7246
  89 ql1sp01          22.72 -1.0 -66.42 -7.4167  52.03 -3.7443
  90 dl1ag6b          22.81  0.0 -35.82 -7.4241 -15.72 -3.7616
  91 bpm              22.81  0.0  67.03 -7.4435 -37.26 -3.7704
  92 dbpm             22.90  0.0   5.81 -7.8346 -56.67 -3.7973
  93 sl1              23.10 -1.5 -62.85 -7.8417 -37.84 -3.8001
  94 ge               23.10  0.0 -70.76 -7.8473  -4.47 -3.8127
  95 gs               23.10  0.0 -62.94 -7.8555   5.85 -3.8294
  96 dl0g1a           26.40  0.0 -90.83 -7.7650 -88.76 -3.9416
  97 dl0g1a           29.70  0.0 -72.74 -7.6057  -3.54 -3.7623
  98 ge               29.70  0.0 -52.50 -7.6118 -49.27 -3.7738
  99 gs               29.70  0.0  14.15 -7.6256 -60.42 -3.7789
 100 sl1              29.90 -1.5  75.25 -8.0071 -40.50 -3.8021
 101 dl1ag2a          29.99  0.0 -39.05 -8.0283 -13.37 -3.8111
 102 bpm              29.99  0.0 -67.80 -8.0382  45.64 -3.8337
 103 dbpm             30.07  0.0 -33.90 -8.0456 -10.73 -3.8511
 104 ql1sp01          30.32 -1.0 110.28 -8.0607 -32.27 -3.8570
 105 dl2ag2a          30.46  0.0 -10.00 -8.4571 -31.24 -3.8876
 106 dsch             30.56  0.0 -20.66 -8.4663   9.46 -3.9083
 107 chv              30.56  0.0  92.17 -8.4831  10.56 -3.9228
 108 dsch             30.66  0.0  95.10 -8.8170  -4.47 -4.3169
 109 dl2bg2a          30.80  0.0 -16.02 -8.8300   8.33 -4.3297
 110 sl2              31.00  1.5  95.49 -8.8397 -53.00 -4.3472
 111 dl2cg2a          31.25  0.0 463.28 -9.2309 -54.38 -4.3728
 112 ql2sp01          31.65  1.0  87.71 -9.2513 -27.80 -4.3758
 113 dl3ag2a          32.26  0.0 -45.90 -9.2563 113.31 -4.3912
 114 sl3              32.46 -1.5 -16.10 -9.2628  44.71 -4.4080
 115 dl3bg2a          32.55  0.0  94.05 -9.2808  15.03 -4.4161
 116 bpm              32.55  0.0  27.73 -9.6736 -16.95 -4.4442
 117 dbpm             32.64  0.0 -56.72 -9.6833  41.03 -4.4493
 118 ql3sp01          32.89 -1.0 -74.73 -9.6836 134.51 -4.4603
 119 dl4ag2a          33.17  0.0 -75.35 -9.6840 154.47 -4.4752
 120 dfch             33.32  0.0    inf  1.3205    inf  0.7735
 121 chv              33.32  0.0    inf  1.3205    inf  0.7735
 122 dfch             33.47  0.0    inf  1.3264    inf  0.7744
 123 ge               33.47  0.0    inf  1.3264    inf  0.7744
 124 dl4bg3a          33.49  0.0    inf  1.3272    inf  0.7746
 125 gs               33.49  0.0    inf  1.3272    inf  0.7746
 126 b1sp01           36.11  0.5    inf  1.6697    inf  0.7934
 127 dm1ag3a          36.47  0.0    inf  1.6872    inf  0.7963
 128 sq2hsp01         36.62  0.0    inf  1.6926    inf  0.7976
 129 chv              36.62  0.0    inf  1.6926    inf  0.7976
 130 sm3              36.62  1.5    inf  1.6926    inf  0.7976
 131 sq2hsp01         36.77  0.0    inf  1.6972    inf  0.7988
 132 dm1bg3a          37.08  0.0    inf  1.7049    inf  0.8014
 133 ge               37.08  0.0    inf  1.7049    inf  0.8014
 134 gs               37.08  0.0    inf  1.7049    inf  0.8014
 135 qm1sp01          37.33 -1.0    inf  1.7097    inf  0.8036
 136 dm2a2g4b         37.53  0.0    inf  1.7128    inf  0.8056
 137 sm1a             37.73 -1.5    inf  1.7152    inf  0.8077
 138 dm2b2g4b         38.31  0.0    inf  1.7204    inf  0.8157
 139 bpm              38.31  0.0    inf  1.7204    inf  0.8157
 140 dbpm             38.40  0.0    inf  1.7209    inf  0.8172
 141 qm2sp01          38.65  1.0    inf  1.7225    inf  0.8218
 142 dm2cg4a          38.85  0.0    inf  1.7236    inf  0.8256
 143 sm2              39.10  1.5    inf  1.7251    inf  0.8303
 144 dm2cg4b          39.30  0.0    inf  1.7263    inf  0.8341
 145 qm2sp01          39.55  1.0    inf  1.7278    inf  0.8386
 146 dm2b2g4a         40.07  0.0    inf  1.7320    inf  0.8462
 147 sm1b             40.27 -1.5    inf  1.7341    inf  0.8485
 148 dm2a2g4a         40.53  0.0    inf  1.7377    inf  0.8512
 149 bpm              40.53  0.0    inf  1.7377    inf  0.8512
 150 dbpm             40.62  0.0    inf  1.7391    inf  0.8520
 151 qm1sp01          40.87 -1.0    inf  1.7439    inf  0.8542
 152 dm1eg4b          41.09  0.0    inf  1.7492    inf  0.8560
 153 dfch             41.24  0.0    inf  1.7535    inf  0.8573
 154 sm3              41.24  1.5    inf  1.7535    inf  0.8573
 155 chv              41.24  0.0    inf  1.7535    inf  0.8573
 156 dfch             41.39  0.0    inf  1.7584    inf  0.8585
 157 ge               41.39  0.0    inf  1.7584    inf  0.8585
 158 gs               41.39  0.0    inf  1.7584    inf  0.8585
 159 dm1dg5b          41.45  0.0    inf  1.7605    inf  0.8589
 160 dpwg5b           41.65  0.0    inf  1.7689    inf  0.8605
 161 dm1cg5b          41.85  0.0    inf  1.7796    inf  0.8621
 162 b1sp01           44.47  0.5    inf  2.1230    inf  0.8804
 163 ge               44.47  0.0    inf  2.1230    inf  0.8804
 164 dh4cg6b          44.67  0.0    inf  2.1307    inf  0.8817
 165 gs               44.67  0.0    inf  2.1307    inf  0.8817
 166 dfch             44.82  0.0    inf  2.1355    inf  0.8826
 167 chv              44.82  0.0    inf  2.1355    inf  0.8826
 168 dfch             44.97  0.0    inf  2.1397    inf  0.8835
 169 dh4bg6b          45.05  0.0    inf  2.1416    inf  0.8840
 170 sh4              45.25 -1.5    inf  2.1460    inf  0.8851
 171 dh4ag6b          45.33  0.0    inf  2.1477    inf  0.8857
 172 bpm              45.33  0.0    inf  2.1477    inf  0.8857
 173 dbpm             45.42  0.0    inf  2.1493    inf  0.8862
 174 qh3sp01          45.67 -1.0    inf  2.1532    inf  0.8877
 175 dh3bg6b          45.87  0.0    inf  2.1554    inf  0.8890
 176 sh3              46.07 -1.5    inf  2.1572    inf  0.8908
 177 dh3ag6b          46.26  0.0    inf  2.1585    inf  0.8928
 178 qh2sp01          46.66  1.0    inf  2.1607    inf  0.8983
 179 dh2cg6b          46.81  0.0    inf  2.1615    inf  0.9005
 180 sh2              47.01  0.0    inf  2.1627    inf  0.9035
 181 dh2bg6b          47.19  0.0    inf  2.1639    inf  0.9062
 182 dsch             47.29  0.0    inf  2.1645    inf  0.9077
 183 chv              47.29  0.0    inf  2.1645    inf  0.9077
 184 dsch             47.39  0.0    inf  2.1652    inf  0.9092
 185 dh2ag6b          47.52  0.0    inf  2.1661    inf  0.9111
 186 qh1sp01          47.77 -1.0    inf  2.1680    inf  0.9148
 187 dh1ag6b          47.86  0.0    inf  2.1687    inf  0.9161
 188 bpm              47.86  0.0    inf  2.1687    inf  0.9161
 189 dbpm             47.95  0.0    inf  2.1693    inf  0.9175
 190 sh1              48.15  1.5    inf  2.1709    inf  0.9207
 191 ge               48.15  0.0    inf  2.1709    inf  0.9207
 192 dh0g1a           52.80  0.0    inf  2.2078    inf  1.0854
 193 d_dw             49.30  0.0    inf  2.1798    inf  0.9440
 194 dw100            56.30  0.0    inf  2.2358    inf  1.2531
 195 d_dw             52.80  0.0    inf  2.2078    inf  1.1111
 196 dh0g1a           57.45  0.0    inf  2.2447    inf  1.2766
 197 gs               57.45  0.0    inf  2.2447    inf  1.2766
 198 sh1              57.65  1.5    inf  2.2462    inf  1.2798
 199 dh1ag2a          57.73  0.0    inf  2.2469    inf  1.2812
 200 bpm              57.73  0.0    inf  2.2469    inf  1.2812
 201 dbpm             57.82  0.0    inf  2.2476    inf  1.2826
 202 qh1sp01          58.07 -1.0    inf  2.2494    inf  1.2862
 203 dh2ag2a          58.23  0.0    inf  2.2505    inf  1.2886
 204 sq1hsp01         58.33  0.0    inf  2.2512    inf  1.2900
 205 chv              58.33  0.0    inf  2.2512    inf  1.2900
 206 sq1hsp01         58.43  0.0    inf  2.2519    inf  1.2915
 207 dh2bg2a          58.59  0.0    inf  2.2528    inf  1.2938
 208 sh2              58.79  0.0    inf  2.2540    inf  1.2968
 209 dh2cg2a          58.94  0.0    inf  2.2549    inf  1.2991
 210 qh2sp01          59.34  1.0    inf  2.2571    inf  1.3046
 211 dh3ag2a          59.53  0.0    inf  2.2584    inf  1.3067
 212 sh3              59.73 -1.5    inf  2.2602    inf  1.3084
 213 dh3bg2a          59.92  0.0    inf  2.2624    inf  1.3097
 214 qh3sp01          60.17 -1.0    inf  2.2663    inf  1.3112
 215 dh4ag2a          60.26  0.0    inf  2.2679    inf  1.3118
 216 bpm              60.26  0.0    inf  2.2679    inf  1.3118
 217 dbpm             60.35  0.0    inf  2.2696    inf  1.3123
 218 sh4              60.55 -1.5    inf  2.2740    inf  1.3135
 219 dh4bg2a          60.80  0.0    inf  2.2807    inf  1.3150
 220 dfch             60.95  0.0    inf  2.2856    inf  1.3159
 221 chv              60.95  0.0    inf  2.2856    inf  1.3159
 222 dfch             61.10  0.0    inf  2.2913    inf  1.3168
 223 ge               61.10  0.0    inf  2.2913    inf  1.3168
 224 dh4cg3a          61.13  0.0    inf  2.2926    inf  1.3170
 225 gs               61.13  0.0    inf  2.2926    inf  1.3170
 226 b1sp01           63.75  0.5    inf  2.6360    inf  1.3354
 227 dm1ag3a          64.11  0.0    inf  2.6538    inf  1.3383
 228 dfch             64.26  0.0    inf  2.6592    inf  1.3395
 229 chv              64.26  0.0    inf  2.6592    inf  1.3395
 230 sm3              64.26  1.5    inf  2.6592    inf  1.3395
 231 dfch             64.41  0.0    inf  2.6639    inf  1.3407
 232 dm1bg3a          64.72  0.0    inf  2.6717    inf  1.3433
 233 ge               64.72  0.0    inf  2.6717    inf  1.3433
 234 gs               64.72  0.0    inf  2.6717    inf  1.3433
 235 qm1sp01          64.97 -1.0    inf  2.6765    inf  1.3454
 236 dm2ag4a          65.17  0.0    inf  2.6796    inf  1.3474
 237 sm1a             65.37 -1.5    inf  2.6820    inf  1.3495
 238 dm2bg4a          65.95  0.0    inf  2.6872    inf  1.3574
 239 bpm              65.95  0.0    inf  2.6872    inf  1.3574
 240 dbpm             66.04  0.0    inf  2.6877    inf  1.3588
 241 qm2sp01          66.29  1.0    inf  2.6893    inf  1.3634
 242 dm2cg4a          66.49  0.0    inf  2.6905    inf  1.3672
 243 sm2              66.74  1.5    inf  2.6919    inf  1.3719
 244 dm2cg4b          66.94  0.0    inf  2.6931    inf  1.3757
 245 qm2sp01          67.19  1.0    inf  2.6946    inf  1.3803
 246 dm2bg4b          67.71  0.0    inf  2.6988    inf  1.3879
 247 sm1b             67.91 -1.5    inf  2.7009    inf  1.3903
 248 dm2ag4b          68.17  0.0    inf  2.7044    inf  1.3930
 249 bpm              68.17  0.0    inf  2.7044    inf  1.3930
 250 dbpm             68.26  0.0    inf  2.7058    inf  1.3938
 251 qm1sp01          68.51 -1.0    inf  2.7107    inf  1.3960
 252 dm1eg4b          68.73  0.0    inf  2.7159    inf  1.3979
 253 dfch             68.88  0.0    inf  2.7202    inf  1.3992
 254 sm3              68.88  1.5    inf  2.7202    inf  1.3992
 255 chv              68.88  0.0    inf  2.7202    inf  1.3992
 256 dfch             69.03  0.0    inf  2.7251    inf  1.4004
 257 ge               69.03  0.0    inf  2.7251    inf  1.4004
 258 gs               69.03  0.0    inf  2.7251    inf  1.4004
 259 dm1dg5b          69.09  0.0    inf  2.7271    inf  1.4009
 260 dpwg5b           69.29  0.0    inf  2.7354    inf  1.4025
 261 dm1cg5b          69.49  0.0    inf  2.7459    inf  1.4041
 262 b1sp01           72.11  0.5    inf  3.0883    inf  1.4229
 263 ge               72.11  0.0    inf  3.0883    inf  1.4229
 264 dl4bg6b          72.33  0.0    inf  3.0968    inf  1.4243
 265 gs               72.33  0.0    inf  3.0968    inf  1.4243
 266 dfch             72.48  0.0    inf  3.1016    inf  1.4252
 267 chv              72.48  0.0    inf  3.1016    inf  1.4252
 268 dfch             72.63  0.0    inf  3.1058    inf  1.4262
 269 dl4ag6b          72.71  0.0    inf  3.1079    inf  1.4267
 270 ql3sp01          72.96 -1.0    inf  3.1131    inf  1.4283
 271 dbpm             73.04  0.0    inf  3.1146    inf  1.4289
 272 bpm              73.04  0.0    inf  3.1146    inf  1.4289
 273 dl3bg6b          73.13  0.0    inf  3.1159    inf  1.4295
 274 sl3              73.33 -1.5    inf  3.1184    inf  1.4312
 275 dl3ag6b          73.95  0.0    inf  3.1233    inf  1.4385
 276 ql2sp01          74.35  1.0    inf  3.1256    inf  1.4457
 277 dl2cg6b          74.60  0.0    inf  3.1272    inf  1.4500
 278 sl2              74.80  1.5    inf  3.1288    inf  1.4531
 279 dl2bg6b          74.93  0.0    inf  3.1301    inf  1.4551
 280 dsch             75.03  0.0    inf  3.1311    inf  1.4565
 281 chv              75.03  0.0    inf  3.1311    inf  1.4565
 282 dsch             75.13  0.0    inf  3.1323    inf  1.4579
 283 dl2ag6b          75.27  0.0    inf  3.1341    inf  1.4596
 284 ql1sp01          75.52 -1.0    inf  3.1381    inf  1.4627
 285 dl1ag6b          75.61  0.0    inf  3.1397    inf  1.4638
 286 bpm              75.61  0.0    inf  3.1397    inf  1.4638
 287 dbpm             75.70  0.0    inf  3.1414    inf  1.4650
 288 sl1              75.90 -1.5    inf  3.1454    inf  1.4679
 289 ge               75.90  0.0    inf  3.1454    inf  1.4679
 290 gs               75.90  0.0    inf  3.1454    inf  1.4679
 291 dl0g1a           79.20  0.0    inf  3.3125    inf  1.6633
 292 dl0g1a           82.50  0.0    inf  3.4791    inf  1.8590
 293 ge               82.50  0.0    inf  3.4791    inf  1.8590
 294 gs               82.50  0.0    inf  3.4791    inf  1.8590
 295 sl1              82.70 -1.5    inf  3.4830    inf  1.8619
 296 dl1ag2a          82.78  0.0    inf  3.4847    inf  1.8631
 297 bpm              82.78  0.0    inf  3.4847    inf  1.8631
 298 dbpm             82.87  0.0    inf  3.4862    inf  1.8642
 299 ql1sp01          83.12 -1.0    inf  3.4903    inf  1.8673
 300 dl2ag2a          83.26  0.0    inf  3.4921    inf  1.8690
 301 dsch             83.36  0.0    inf  3.4933    inf  1.8704
 302 chv              83.36  0.0    inf  3.4933    inf  1.8704
 303 dsch             83.46  0.0    inf  3.4943    inf  1.8718
 304 dl2bg2a          83.60  0.0    inf  3.4956    inf  1.8738
 305 sl2              83.80  1.5    inf  3.4971    inf  1.8769
 306 dl2cg2a          84.05  0.0    inf  3.4987    inf  1.8812
 307 ql2sp01          84.45  1.0    inf  3.5010    inf  1.8884
 308 dl3ag2a          85.06  0.0    inf  3.5059    inf  1.8957
 309 sl3              85.26 -1.5    inf  3.5084    inf  1.8974
 310 dl3bg2a          85.35  0.0    inf  3.5097    inf  1.8980
 311 bpm              85.35  0.0    inf  3.5097    inf  1.8980
 312 dbpm             85.43  0.0    inf  3.5112    inf  1.8986
 313 ql3sp01          85.68 -1.0    inf  3.5164    inf  1.9002
 314 dl4ag2a          85.97  0.0    inf  3.5241    inf  1.9019
 315 dfch             86.12  0.0    inf  3.5292    inf  1.9029
 316 chv              86.12  0.0    inf  3.5292    inf  1.9029
 317 dfch             86.27  0.0    inf  3.5351    inf  1.9039
 318 ge               86.27  0.0    inf  3.5351    inf  1.9039
 319 dl4bg3a          86.28  0.0    inf  3.5359    inf  1.9040
 320 gs               86.28  0.0    inf  3.5359    inf  1.9040
 321 b1sp01           88.90  0.5    inf  3.8783    inf  1.9228
 322 dm1ag3a          89.27  0.0    inf  3.8959    inf  1.9257
 323 sq2hsp01         89.42  0.0    inf  3.9013    inf  1.9269
 324 chv              89.42  0.0    inf  3.9013    inf  1.9269
 325 sm3              89.42  1.5    inf  3.9013    inf  1.9269
 326 sq2hsp01         89.57  0.0    inf  3.9059    inf  1.9282
 327 dm1bg3a          89.88  0.0    inf  3.9136    inf  1.9308
 328 ge               89.88  0.0    inf  3.9136    inf  1.9308
 329 gs               89.88  0.0    inf  3.9136    inf  1.9308
 330 qm1sp01          90.13 -1.0    inf  3.9185    inf  1.9330
 331 dm2a2g4b         90.33  0.0    inf  3.9215    inf  1.9349
 332 sm1a             90.53 -1.5    inf  3.9240    inf  1.9371
 333 dm2b2g4b         91.11  0.0    inf  3.9291    inf  1.9451
 334 bpm              91.11  0.0    inf  3.9291    inf  1.9451
 335 dbpm             91.20  0.0    inf  3.9297    inf  1.9465
 336 qm2sp01          91.45  1.0    inf  3.9312    inf  1.9511
 337 dm2cg4a          91.65  0.0    inf  3.9324    inf  1.9549
 338 sm2              91.90  1.5    inf  3.9339    inf  1.9597
 339 dm2cg4b          92.10  0.0    inf  3.9351    inf  1.9635
 340 qm2sp01          92.35  1.0    inf  3.9366    inf  1.9680
 341 dm2b2g4a         92.87  0.0    inf  3.9408    inf  1.9756
 342 sm1b             93.07 -1.5    inf  3.9429    inf  1.9780
 343 dm2a2g4a         93.33  0.0    inf  3.9464    inf  1.9807
 344 bpm              93.33  0.0    inf  3.9464    inf  1.9807
 345 dbpm             93.42  0.0    inf  3.9479    inf  1.9815
 346 qm1sp01          93.67 -1.0    inf  3.9527    inf  1.9837
 347 dm1eg4b          93.89  0.0    inf  3.9580    inf  1.9855
 348 dfch             94.04  0.0    inf  3.9623    inf  1.9867
 349 sm3              94.04  1.5    inf  3.9623    inf  1.9867
 350 chv              94.04  0.0    inf  3.9623    inf  1.9867
 351 dfch             94.19  0.0    inf  3.9672    inf  1.9880
 352 ge               94.19  0.0    inf  3.9672    inf  1.9880
 353 gs               94.19  0.0    inf  3.9672    inf  1.9880
 354 dm1dg5b          94.24  0.0    inf  3.9692    inf  1.9884
 355 dpwg5b           94.44  0.0    inf  3.9777    inf  1.9900
 356 dm1cg5b          94.64  0.0    inf  3.9883    inf  1.9916
 357 b1sp01           97.26  0.5    inf  4.3315    inf  2.0100
 358 ge               97.26  0.0    inf  4.3315    inf  2.0100
 359 dh4cg6b          97.47  0.0    inf  4.3393    inf  2.0113
 360 gs               97.47  0.0    inf  4.3393    inf  2.0113
 361 dfch             97.62  0.0    inf  4.3441    inf  2.0122
 362 chv              97.62  0.0    inf  4.3441    inf  2.0122
 363 dfch             97.77  0.0    inf  4.3482    inf  2.0131
 364 dh4bg6b          97.84  0.0    inf  4.3501    inf  2.0136
 365 sh4              98.04 -1.5    inf  4.3546    inf  2.0148
 366 dh4ag6b          98.13  0.0    inf  4.3563    inf  2.0153
 367 bpm              98.13  0.0    inf  4.3563    inf  2.0153
 368 dbpm             98.22  0.0    inf  4.3579    inf  2.0158
 369 qh3sp01          98.47 -1.0    inf  4.3618    inf  2.0173
 370 dh3bg6b          98.66  0.0    inf  4.3640    inf  2.0187
 371 sh3              98.86 -1.5    inf  4.3658    inf  2.0204
 372 dh3ag6b          99.05  0.0    inf  4.3671    inf  2.0224
 373 qh2sp01          99.45  1.0    inf  4.3694    inf  2.0279
 374 dh2cg6b          99.60  0.0    inf  4.3702    inf  2.0302
 375 sh2              99.80  0.0    inf  4.3714    inf  2.0331
 376 dh2bg6b          99.99  0.0    inf  4.3725    inf  2.0358
 377 dsch            100.09  0.0    inf  4.3732    inf  2.0373
 378 chv             100.09  0.0    inf  4.3732    inf  2.0373
 379 dsch            100.19  0.0    inf  4.3738    inf  2.0387
 380 dh2ag6b         100.32  0.0    inf  4.3748    inf  2.0406
 381 qh1sp01         100.57 -1.0    inf  4.3766    inf  2.0443
 382 dh1ag6b         100.66  0.0    inf  4.3772    inf  2.0456
 383 bpm             100.66  0.0    inf  4.3772    inf  2.0456
 384 dbpm            100.74  0.0    inf  4.3779    inf  2.0469
 385 sh1             100.94  1.5    inf  4.3794    inf  2.0501
 386 ge              100.94  0.0    inf  4.3794    inf  2.0501
 387 dh0g1a          105.59  0.0    inf  4.4156    inf  2.1974
 388 dh0g1a          110.24  0.0    inf  4.4518    inf  2.3446
 389 gs              110.24  0.0    inf  4.4518    inf  2.3446
 390 sh1             110.44  1.5    inf  4.4533    inf  2.3478
 391 dh1ag2a         110.53  0.0    inf  4.4540    inf  2.3492
 392 bpm             110.53  0.0    inf  4.4540    inf  2.3492
 393 dbpm            110.62  0.0    inf  4.4546    inf  2.3505
 394 qh1sp01         110.87 -1.0    inf  4.4564    inf  2.3541
 395 dh2ag2a         111.03  0.0    inf  4.4575    inf  2.3564
 396 sq1hsp01        111.13  0.0    inf  4.4582    inf  2.3579
 397 chv             111.13  0.0    inf  4.4582    inf  2.3579
 398 sq1hsp01        111.23  0.0    inf  4.4589    inf  2.3593
 399 dh2bg2a         111.38  0.0    inf  4.4598    inf  2.3616
 400 sh2             111.58  0.0    inf  4.4610    inf  2.3646
 401 dh2cg2a         111.73  0.0    inf  4.4618    inf  2.3668
 402 qh2sp01         112.13  1.0    inf  4.4641    inf  2.3723
 403 dh3ag2a         112.32  0.0    inf  4.4654    inf  2.3744
 404 sh3             112.52 -1.5    inf  4.4672    inf  2.3761
 405 dh3bg2a         112.72  0.0    inf  4.4694    inf  2.3774
 406 qh3sp01         112.97 -1.0    inf  4.4733    inf  2.3790
 407 dh4ag2a         113.06  0.0    inf  4.4749    inf  2.3795
 408 bpm             113.06  0.0    inf  4.4749    inf  2.3795
 409 dbpm            113.14  0.0    inf  4.4766    inf  2.3800
 410 sh4             113.34 -1.5    inf  4.4810    inf  2.3812
 411 dh4bg2a         113.59  0.0    inf  4.4877    inf  2.3827
 412 dfch            113.74  0.0    inf  4.4926    inf  2.3836
 413 chv             113.74  0.0    inf  4.4926    inf  2.3836
 414 dfch            113.89  0.0    inf  4.4984    inf  2.3846
 415 ge              113.89  0.0    inf  4.4984    inf  2.3846
 416 dh4cg3a         113.92  0.0    inf  4.4997    inf  2.3848
 417 gs              113.92  0.0    inf  4.4997    inf  2.3848
 418 b1sp01          116.54  0.5    inf  4.8429    inf  2.4032
 419 dm1ag3a         116.91  0.0    inf  4.8607    inf  2.4061
 420 dfch            117.06  0.0    inf  4.8661    inf  2.4074
 421 chv             117.06  0.0    inf  4.8661    inf  2.4074
 422 sm3             117.06  1.5    inf  4.8661    inf  2.4074
 423 dfch            117.21  0.0    inf  4.8708    inf  2.4086
 424 dm1bg3a         117.52  0.0    inf  4.8786    inf  2.4112
 425 ge              117.52  0.0    inf  4.8786    inf  2.4112
 426 gs              117.52  0.0    inf  4.8786    inf  2.4112
 427 qm1sp01         117.77 -1.0    inf  4.8834    inf  2.4134
 428 dm2ag4a         117.97  0.0    inf  4.8865    inf  2.4153
 429 sm1a            118.17 -1.5    inf  4.8890    inf  2.4174
 430 dm2bg4a         118.75  0.0    inf  4.8941    inf  2.4253
 431 bpm             118.75  0.0    inf  4.8941    inf  2.4253
 432 dbpm            118.84  0.0    inf  4.8947    inf  2.4268
 433 qm2sp01         119.09  1.0    inf  4.8962    inf  2.4314
 434 dm2cg4a         119.29  0.0    inf  4.8974    inf  2.4352
 435 sm2             119.54  1.5    inf  4.8989    inf  2.4399
 436 dm2cg4b         119.74  0.0    inf  4.9001    inf  2.4437
 437 qm2sp01         119.99  1.0    inf  4.9016    inf  2.4483
 438 dm2bg4b         120.51  0.0    inf  4.9057    inf  2.4560
 439 sm1b            120.71 -1.5    inf  4.9079    inf  2.4583
 440 dm2ag4b         120.97  0.0    inf  4.9114    inf  2.4610
 441 bpm             120.97  0.0    inf  4.9114    inf  2.4610
 442 dbpm            121.06  0.0    inf  4.9128    inf  2.4618
 443 qm1sp01         121.31 -1.0    inf  4.9176    inf  2.4640
 444 dm1eg4b         121.53  0.0    inf  4.9229    inf  2.4659
 445 dfch            121.68  0.0    inf  4.9271    inf  2.4672
 446 sm3             121.68  1.5    inf  4.9271    inf  2.4672
 447 chv             121.68  0.0    inf  4.9271    inf  2.4672
 448 dfch            121.83  0.0    inf  4.9320    inf  2.4684
 449 ge              121.83  0.0    inf  4.9320    inf  2.4684
 450 gs              121.83  0.0    inf  4.9320    inf  2.4684
 451 dm1dg5b         121.88  0.0    inf  4.9340    inf  2.4688
 452 dpwg5b          122.08  0.0    inf  4.9424    inf  2.4705
 453 dm1cg5b         122.28  0.0    inf  4.9529    inf  2.4721
 454 b1sp01          124.90  0.5    inf  5.2953    inf  2.4908
 455 ge              124.90  0.0    inf  5.2953    inf  2.4908
 456 dl4bg6b         125.12  0.0    inf  5.3038    inf  2.4922
 457 gs              125.12  0.0    inf  5.3038    inf  2.4922
 458 dfch            125.27  0.0    inf  5.3086    inf  2.4932
 459 chv             125.27  0.0    inf  5.3086    inf  2.4932
 460 dfch            125.42  0.0    inf  5.3127    inf  2.4941
 461 dl4ag6b         125.50  0.0    inf  5.3148    inf  2.4946
 462 ql3sp01         125.75 -1.0    inf  5.3201    inf  2.4962
 463 dbpm            125.84  0.0    inf  5.3215    inf  2.4968
 464 bpm             125.84  0.0    inf  5.3215    inf  2.4968
 465 dl3bg6b         125.93  0.0    inf  5.3228    inf  2.4974
 466 sl3             126.13 -1.5    inf  5.3253    inf  2.4991
 467 dl3ag6b         126.74  0.0    inf  5.3303    inf  2.5064
 468 ql2sp01         127.14  1.0    inf  5.3325    inf  2.5135
 469 dl2cg6b         127.39  0.0    inf  5.3341    inf  2.5179
 470 sl2             127.59  1.5    inf  5.3357    inf  2.5210
 471 dl2bg6b         127.73  0.0    inf  5.3370    inf  2.5230
 472 dsch            127.83  0.0    inf  5.3380    inf  2.5244
 473 chv             127.83  0.0    inf  5.3380    inf  2.5244
 474 dsch            127.93  0.0    inf  5.3392    inf  2.5257
 475 dl2ag6b         128.07  0.0    inf  5.3410    inf  2.5275
 476 ql1sp01         128.32 -1.0    inf  5.3450    inf  2.5305
 477 dl1ag6b         128.41  0.0    inf  5.3466    inf  2.5316
 478 bpm             128.41  0.0    inf  5.3466    inf  2.5316
 479 dbpm            128.49  0.0    inf  5.3482    inf  2.5328
 480 sl1             128.69 -1.5    inf  5.3522    inf  2.5357
 481 ge              128.69  0.0    inf  5.3522    inf  2.5357
 482 gs              128.69  0.0    inf  5.3522    inf  2.5357
 483 dl0g1a          131.99  0.0    inf  5.5192    inf  2.7312
 484 dl0g1a          135.29  0.0    inf  5.6861    inf  2.9269
 485 ge              135.29  0.0    inf  5.6861    inf  2.9269
 486 gs              135.29  0.0    inf  5.6861    inf  2.9269
 487 sl1             135.49 -1.5    inf  5.6901    inf  2.9298
 488 dl1ag2a         135.58  0.0    inf  5.6917    inf  2.9309
 489 bpm             135.58  0.0    inf  5.6917    inf  2.9309
 490 dbpm            135.67  0.0    inf  5.6933    inf  2.9321
 491 ql1sp01         135.92 -1.0    inf  5.6973    inf  2.9351
 492 dl2ag2a         136.06  0.0    inf  5.6992    inf  2.9369
 493 dsch            136.16  0.0    inf  5.7003    inf  2.9382
 494 chv             136.16  0.0    inf  5.7003    inf  2.9382
 495 dsch            136.26  0.0    inf  5.7014    inf  2.9396
 496 dl2bg2a         136.39  0.0    inf  5.7026    inf  2.9416
 497 sl2             136.59  1.5    inf  5.7042    inf  2.9447
 498 dl2cg2a         136.84  0.0    inf  5.7058    inf  2.9490
 499 ql2sp01         137.24  1.0    inf  5.7081    inf  2.9562
 500 dl3ag2a         137.86  0.0    inf  5.7130    inf  2.9635
 501 sl3             138.06 -1.5    inf  5.7155    inf  2.9652
 502 dl3bg2a         138.14  0.0    inf  5.7168    inf  2.9658
 503 bpm             138.14  0.0    inf  5.7168    inf  2.9658
 504 dbpm            138.23  0.0    inf  5.7182    inf  2.9664
 505 ql3sp01         138.48 -1.0    inf  5.7235    inf  2.9680
 506 dl4ag2a         138.76  0.0    inf  5.7312    inf  2.9698
 507 dfch            138.91  0.0    inf  5.7363    inf  2.9707
 508 chv             138.91  0.0    inf  5.7363    inf  2.9707
 509 dfch            139.06  0.0    inf  5.7422    inf  2.9717
 510 ge              139.06  0.0    inf  5.7422    inf  2.9717
 511 dl4bg3a         139.08  0.0    inf  5.7430    inf  2.9718
 512 gs              139.08  0.0    inf  5.7430    inf  2.9718
 513 b1sp01          141.70  0.5    inf  6.0853    inf  2.9906
 514 dm1ag3a         142.07  0.0    inf  6.1029    inf  2.9935
 515 sq2hsp01        142.22  0.0    inf  6.1083    inf  2.9947
 516 chv             142.22  0.0    inf  6.1083    inf  2.9947
 517 sm3             142.22  1.5    inf  6.1083    inf  2.9947
 518 sq2hsp01        142.37  0.0    inf  6.1129    inf  2.9960
 519 dm1bg3a         142.68  0.0    inf  6.1206    inf  2.9986
 520 ge              142.68  0.0    inf  6.1206    inf  2.9986
 521 gs              142.68  0.0    inf  6.1206    inf  2.9986
 522 qm1sp01         142.93 -1.0    inf  6.1255    inf  3.0008
 523 dm2a2g4b        143.13  0.0    inf  6.1285    inf  3.0027
 524 sm1a            143.33 -1.5    inf  6.1310    inf  3.0049
 525 dm2b2g4b        143.91  0.0    inf  6.1361    inf  3.0129
 526 bpm             143.91  0.0    inf  6.1361    inf  3.0129
 527 dbpm            144.00  0.0    inf  6.1367    inf  3.0143
 528 qm2sp01         144.25  1.0    inf  6.1382    inf  3.0189
 529 dm2cg4a         144.45  0.0    inf  6.1394    inf  3.0227
 530 sm2             144.70  1.5    inf  6.1409    inf  3.0275
 531 dm2cg4b         144.90  0.0    inf  6.1421    inf  3.0312
 532 qm2sp01         145.15  1.0    inf  6.1436    inf  3.0358
 533 dm2b2g4a        145.67  0.0    inf  6.1478    inf  3.0434
 534 sm1b            145.87 -1.5    inf  6.1499    inf  3.0458
 535 dm2a2g4a        146.13  0.0    inf  6.1535    inf  3.0485
 536 bpm             146.13  0.0    inf  6.1535    inf  3.0485
 537 dbpm            146.22  0.0    inf  6.1549    inf  3.0493
 538 qm1sp01         146.47 -1.0    inf  6.1597    inf  3.0514
 539 dm1eg4b         146.69  0.0    inf  6.1650    inf  3.0533
 540 dfch            146.84  0.0    inf  6.1693    inf  3.0545
 541 sm3             146.84  1.5    inf  6.1693    inf  3.0545
 542 chv             146.84  0.0    inf  6.1693    inf  3.0545
 543 dfch            146.99  0.0    inf  6.1742    inf  3.0557
 544 ge              146.99  0.0    inf  6.1742    inf  3.0557
 545 gs              146.99  0.0    inf  6.1742    inf  3.0557
 546 dm1dg5b         147.04  0.0    inf  6.1763    inf  3.0562
 547 dpwg5b          147.24  0.0    inf  6.1847    inf  3.0578
 548 dm1cg5b         147.44  0.0    inf  6.1954    inf  3.0594
 549 b1sp01          150.06  0.5    inf  6.5385    inf  3.0778
 550 ge              150.06  0.0    inf  6.5385    inf  3.0778
 551 dh4cg6b         150.26  0.0    inf  6.5462    inf  3.0791
 552 gs              150.26  0.0    inf  6.5462    inf  3.0791
 553 dfch            150.41  0.0    inf  6.5510    inf  3.0800
 554 chv             150.41  0.0    inf  6.5510    inf  3.0800
 555 dfch            150.56  0.0    inf  6.5552    inf  3.0809
 556 dh4bg6b         150.64  0.0    inf  6.5571    inf  3.0814
 557 sh4             150.84 -1.5    inf  6.5615    inf  3.0826
 558 dh4ag6b         150.93  0.0    inf  6.5633    inf  3.0831
 559 bpm             150.93  0.0    inf  6.5633    inf  3.0831
 560 dbpm            151.02  0.0    inf  6.5649    inf  3.0836
 561 qh3sp01         151.27 -1.0    inf  6.5688    inf  3.0851
 562 dh3bg6b         151.46  0.0    inf  6.5710    inf  3.0865
 563 sh3             151.66 -1.5    inf  6.5728    inf  3.0882
 564 dh3ag6b         151.85  0.0    inf  6.5741    inf  3.0902
 565 qh2sp01         152.25  1.0    inf  6.5764    inf  3.0957
 566 dh2cg6b         152.40  0.0    inf  6.5772    inf  3.0980
 567 sh2             152.60  0.0    inf  6.5784    inf  3.1009
 568 dh2bg6b         152.78  0.0    inf  6.5795    inf  3.1036
 569 dsch            152.88  0.0    inf  6.5802    inf  3.1051
 570 chv             152.88  0.0    inf  6.5802    inf  3.1051
 571 dsch            152.98  0.0    inf  6.5808    inf  3.1065
 572 dh2ag6b         153.12  0.0    inf  6.5817    inf  3.1084
 573 qh1sp01         153.37 -1.0    inf  6.5836    inf  3.1121
 574 dh1ag6b         153.45  0.0    inf  6.5842    inf  3.1134
 575 bpm             153.45  0.0    inf  6.5842    inf  3.1134
 576 dbpm            153.54  0.0    inf  6.5849    inf  3.1147
 577 sh1             153.74  1.5    inf  6.5864    inf  3.1180
 578 ge              153.74  0.0    inf  6.5864    inf  3.1180
 579 dh0g1a          158.39  0.0    inf  6.6226    inf  3.2651
 580 dh0g1a          163.04  0.0    inf  6.6588    inf  3.4122
 581 gs              163.04  0.0    inf  6.6588    inf  3.4122
 582 sh1             163.24  1.5    inf  6.6603    inf  3.4154
 583 dh1ag2a         163.33  0.0    inf  6.6609    inf  3.4167
 584 bpm             163.33  0.0    inf  6.6609    inf  3.4167
 585 dbpm            163.42  0.0    inf  6.6616    inf  3.4181
 586 qh1sp01         163.67 -1.0    inf  6.6634    inf  3.4217
 587 dh2ag2a         163.82  0.0    inf  6.6645    inf  3.4240
 588 sq1hsp01        163.92  0.0    inf  6.6652    inf  3.4254
 589 chv             163.92  0.0    inf  6.6652    inf  3.4254
 590 sq1hsp01        164.02  0.0    inf  6.6658    inf  3.4269
 591 dh2bg2a         164.18  0.0    inf  6.6668    inf  3.4292
 592 sh2             164.38  0.0    inf  6.6680    inf  3.4322
 593 dh2cg2a         164.53  0.0    inf  6.6688    inf  3.4344
 594 qh2sp01         164.93  1.0    inf  6.6711    inf  3.4399
 595 dh3ag2a         165.12  0.0    inf  6.6724    inf  3.4419
 596 sh3             165.32 -1.5    inf  6.6742    inf  3.4436
 597 dh3bg2a         165.52  0.0    inf  6.6764    inf  3.4450
 598 qh3sp01         165.77 -1.0    inf  6.6803    inf  3.4465
 599 dh4ag2a         165.85  0.0    inf  6.6819    inf  3.4470
 600 bpm             165.85  0.0    inf  6.6819    inf  3.4470
 601 dbpm            165.94  0.0    inf  6.6836    inf  3.4476
 602 sh4             166.14 -1.5    inf  6.6880    inf  3.4488
 603 dh4bg2a         166.39  0.0    inf  6.6948    inf  3.4503
 604 dfch            166.54  0.0    inf  6.6997    inf  3.4512
 605 chv             166.54  0.0    inf  6.6997    inf  3.4512
 606 dfch            166.69  0.0    inf  6.7054    inf  3.4522
 607 ge              166.69  0.0    inf  6.7054    inf  3.4522
 608 dh4cg3a         166.72  0.0    inf  6.7067    inf  3.4524
 609 gs              166.72  0.0    inf  6.7067    inf  3.4524
 610 b1sp01          169.34  0.5    inf  7.0499    inf  3.4708
 611 dm1ag3a         169.71  0.0    inf  7.0676    inf  3.4737
 612 dfch            169.86  0.0    inf  7.0730    inf  3.4749
 613 chv             169.86  0.0    inf  7.0730    inf  3.4749
 614 sm3             169.86  1.5    inf  7.0730    inf  3.4749
 615 dfch            170.01  0.0    inf  7.0777    inf  3.4762
 616 dm1bg3a         170.32  0.0    inf  7.0855    inf  3.4787
 617 ge              170.32  0.0    inf  7.0855    inf  3.4787
 618 gs              170.32  0.0    inf  7.0855    inf  3.4787
 619 qm1sp01         170.57 -1.0    inf  7.0904    inf  3.4809
 620 dm2ag4a         170.77  0.0    inf  7.0934    inf  3.4828
 621 sm1a            170.97 -1.5    inf  7.0959    inf  3.4850
 622 dm2bg4a         171.55  0.0    inf  7.1010    inf  3.4929
 623 bpm             171.55  0.0    inf  7.1010    inf  3.4929
 624 dbpm            171.64  0.0    inf  7.1016    inf  3.4944
 625 qm2sp01         171.89  1.0    inf  7.1031    inf  3.4989
 626 dm2cg4a         172.09  0.0    inf  7.1043    inf  3.5027
 627 sm2             172.34  1.5    inf  7.1058    inf  3.5075
 628 dm2cg4b         172.54  0.0    inf  7.1070    inf  3.5113
 629 qm2sp01         172.79  1.0    inf  7.1085    inf  3.5159
 630 dm2bg4b         173.31  0.0    inf  7.1126    inf  3.5235
 631 sm1b            173.51 -1.5    inf  7.1148    inf  3.5259
 632 dm2ag4b         173.77  0.0    inf  7.1183    inf  3.5286
 633 bpm             173.77  0.0    inf  7.1183    inf  3.5286
 634 dbpm            173.86  0.0    inf  7.1197    inf  3.5294
 635 qm1sp01         174.11 -1.0    inf  7.1246    inf  3.5316
 636 dm1eg4b         174.33  0.0    inf  7.1298    inf  3.5335
 637 dfch            174.48  0.0    inf  7.1341    inf  3.5347
 638 sm3             174.48  1.5    inf  7.1341    inf  3.5347
 639 chv             174.48  0.0    inf  7.1341    inf  3.5347
 640 dfch            174.63  0.0    inf  7.1390    inf  3.5359
 641 ge              174.63  0.0    inf  7.1390    inf  3.5359
 642 gs              174.63  0.0    inf  7.1390    inf  3.5359
 643 dm1dg5b         174.68  0.0    inf  7.1410    inf  3.5364
 644 dpwg5b          174.88  0.0    inf  7.1493    inf  3.5380
 645 dm1cg5b         175.08  0.0    inf  7.1599    inf  3.5396
 646 b1sp01          177.70  0.5    inf  7.5023    inf  3.5584
 647 ge              177.70  0.0    inf  7.5023    inf  3.5584
 648 dl4bg6b         177.92  0.0    inf  7.5107    inf  3.5598
 649 gs              177.92  0.0    inf  7.5107    inf  3.5598
 650 dfch            178.07  0.0    inf  7.5155    inf  3.5607
 651 chv             178.07  0.0    inf  7.5155    inf  3.5607
 652 dfch            178.22  0.0    inf  7.5197    inf  3.5616
 653 dl4ag6b         178.30  0.0    inf  7.5218    inf  3.5622
 654 ql3sp01         178.55 -1.0    inf  7.5270    inf  3.5637
 655 dbpm            178.64  0.0    inf  7.5285    inf  3.5643
 656 bpm             178.64  0.0    inf  7.5285    inf  3.5643
 657 dl3bg6b         178.73  0.0    inf  7.5298    inf  3.5650
 658 sl3             178.93 -1.5    inf  7.5323    inf  3.5666
 659 dl3ag6b         179.54  0.0    inf  7.5372    inf  3.5739
 660 ql2sp01         179.94  1.0    inf  7.5394    inf  3.5811
 661 dl2cg6b         180.19  0.0    inf  7.5411    inf  3.5854
 662 sl2             180.39  1.5    inf  7.5426    inf  3.5885
 663 dl2bg6b         180.53  0.0    inf  7.5439    inf  3.5905
 664 dsch            180.63  0.0    inf  7.5449    inf  3.5919
 665 chv             180.63  0.0    inf  7.5449    inf  3.5919
 666 dsch            180.73  0.0    inf  7.5461    inf  3.5933
 667 dl2ag6b         180.87  0.0    inf  7.5479    inf  3.5950
 668 ql1sp01         181.12 -1.0    inf  7.5519    inf  3.5981
 669 dl1ag6b         181.20  0.0    inf  7.5535    inf  3.5992
 670 bpm             181.20  0.0    inf  7.5535    inf  3.5992
 671 dbpm            181.29  0.0    inf  7.5552    inf  3.6004
 672 sl1             181.49 -1.5    inf  7.5591    inf  3.6033
 673 ge              181.49  0.0    inf  7.5591    inf  3.6033
 674 gs              181.49  0.0    inf  7.5591    inf  3.6033
 675 dl0g1a          184.79  0.0    inf  7.7262    inf  3.7987
 676 dl0g1a          188.09  0.0    inf  7.8932    inf  3.9944
 677 ge              188.09  0.0    inf  7.8932    inf  3.9944
 678 gs              188.09  0.0    inf  7.8932    inf  3.9944
 679 sl1             188.29 -1.5    inf  7.8972    inf  3.9973
 680 dl1ag2a         188.38  0.0    inf  7.8988    inf  3.9985
 681 bpm             188.38  0.0    inf  7.8988    inf  3.9985
 682 dbpm            188.47  0.0    inf  7.9004    inf  3.9996
 683 ql1sp01         188.72 -1.0    inf  7.9045    inf  4.0026
 684 dl2ag2a         188.85  0.0    inf  7.9063    inf  4.0044
 685 dsch            188.95  0.0    inf  7.9074    inf  4.0057
 686 chv             188.95  0.0    inf  7.9074    inf  4.0057
 687 dsch            189.05  0.0    inf  7.9085    inf  4.0071
 688 dl2bg2a         189.19  0.0    inf  7.9097    inf  4.0091
 689 sl2             189.39  1.5    inf  7.9113    inf  4.0123
 690 dl2cg2a         189.64  0.0    inf  7.9129    inf  4.0166
 691 ql2sp01         190.04  1.0    inf  7.9151    inf  4.0238
 692 dl3ag2a         190.65  0.0    inf  7.9201    inf  4.0311
 693 sl3             190.85 -1.5    inf  7.9226    inf  4.0327
 694 dl3bg2a         190.94  0.0    inf  7.9239    inf  4.0334
 695 bpm             190.94  0.0    inf  7.9239    inf  4.0334
 696 dbpm            191.03  0.0    inf  7.9253    inf  4.0340
 697 ql3sp01         191.28 -1.0    inf  7.9306    inf  4.0355
 698 dl4ag2a         191.56  0.0    inf  7.9383    inf  4.0373
 699 dfch            191.71  0.0    inf  7.9434    inf  4.0383
 700 chv             191.71  0.0    inf  7.9434    inf  4.0383
 701 dfch            191.86  0.0    inf  7.9493    inf  4.0392
 702 ge              191.86  0.0    inf  7.9493    inf  4.0392
 703 dl4bg3a         191.88  0.0    inf  7.9501    inf  4.0393
 704 gs              191.88  0.0    inf  7.9501    inf  4.0393
 705 b1sp01          194.50  0.5    inf  8.2924    inf  4.0581
 706 dm1ag3a         194.86  0.0    inf  8.3100    inf  4.0610
 707 sq2hsp01        195.01  0.0    inf  8.3154    inf  4.0623
 708 chv             195.01  0.0    inf  8.3154    inf  4.0623
 709 sm3             195.01  1.5    inf  8.3154    inf  4.0623
 710 sq2hsp01        195.16  0.0    inf  8.3200    inf  4.0635
 711 dm1bg3a         195.47  0.0    inf  8.3278    inf  4.0661
 712 ge              195.47  0.0    inf  8.3278    inf  4.0661
 713 gs              195.47  0.0    inf  8.3278    inf  4.0661
 714 qm1sp01         195.72 -1.0    inf  8.3326    inf  4.0683
 715 dm2a2g4b        195.92  0.0    inf  8.3356    inf  4.0703
 716 sm1a            196.12 -1.5    inf  8.3381    inf  4.0724
 717 dm2b2g4b        196.71  0.0    inf  8.3432    inf  4.0804
 718 bpm             196.71  0.0    inf  8.3432    inf  4.0804
 719 dbpm            196.79  0.0    inf  8.3438    inf  4.0819
 720 qm2sp01         197.04  1.0    inf  8.3454    inf  4.0865
 721 dm2cg4a         197.24  0.0    inf  8.3465    inf  4.0903
 722 sm2             197.49  1.5    inf  8.3480    inf  4.0950
 723 dm2cg4b         197.69  0.0    inf  8.3492    inf  4.0988
 724 qm2sp01         197.94  1.0    inf  8.3508    inf  4.1034
 725 dm2b2g4a        198.46  0.0    inf  8.3549    inf  4.1110
 726 sm1b            198.66 -1.5    inf  8.3570    inf  4.1133
 727 dm2a2g4a        198.93  0.0    inf  8.3606    inf  4.1160
 728 bpm             198.93  0.0    inf  8.3606    inf  4.1160
 729 dbpm            199.01  0.0    inf  8.3620    inf  4.1168
 730 qm1sp01         199.26 -1.0    inf  8.3669    inf  4.1190
 731 dm1eg4b         199.48  0.0    inf  8.3722    inf  4.1208
 732 dfch            199.63  0.0    inf  8.3764    inf  4.1221
 733 sm3             199.63  1.5    inf  8.3764    inf  4.1221
 734 chv             199.63  0.0    inf  8.3764    inf  4.1221
 735 dfch            199.78  0.0    inf  8.3814    inf  4.1233
 736 ge              199.78  0.0    inf  8.3814    inf  4.1233
 737 gs              199.78  0.0    inf  8.3814    inf  4.1233
 738 dm1dg5b         199.84  0.0    inf  8.3834    inf  4.1237
 739 dpwg5b          200.04  0.0    inf  8.3918    inf  4.1253
 740 dm1cg5b         200.24  0.0    inf  8.4025    inf  4.1269
 741 b1sp01          202.86  0.5    inf  8.7455    inf  4.1454
 742 ge              202.86  0.0    inf  8.7455    inf  4.1454
 743 dh4cg6b         203.06  0.0    inf  8.7533    inf  4.1466
 744 gs              203.06  0.0    inf  8.7533    inf  4.1466
 745 dfch            203.21  0.0    inf  8.7581    inf  4.1476
 746 chv             203.21  0.0    inf  8.7581    inf  4.1476
 747 dfch            203.36  0.0    inf  8.7623    inf  4.1485
 748 dh4bg6b         203.44  0.0    inf  8.7642    inf  4.1489
 749 sh4             203.64 -1.5    inf  8.7686    inf  4.1501
 750 dh4ag6b         203.73  0.0    inf  8.7703    inf  4.1507
 751 bpm             203.73  0.0    inf  8.7703    inf  4.1507
 752 dbpm            203.81  0.0    inf  8.7719    inf  4.1512
 753 qh3sp01         204.06 -1.0    inf  8.7758    inf  4.1527
 754 dh3bg6b         204.26  0.0    inf  8.7781    inf  4.1541
 755 sh3             204.46 -1.5    inf  8.7799    inf  4.1558
 756 dh3ag6b         204.65  0.0    inf  8.7812    inf  4.1578
 757 qh2sp01         205.05  1.0    inf  8.7834    inf  4.1633
 758 dh2cg6b         205.20  0.0    inf  8.7843    inf  4.1655
 759 sh2             205.40  0.0    inf  8.7855    inf  4.1685
 760 dh2bg6b         205.58  0.0    inf  8.7866    inf  4.1712
 761 dsch            205.68  0.0    inf  8.7873    inf  4.1726
 762 chv             205.68  0.0    inf  8.7873    inf  4.1726
 763 dsch            205.78  0.0    inf  8.7879    inf  4.1741
 764 dh2ag6b         205.91  0.0    inf  8.7888    inf  4.1760
 765 qh1sp01         206.16 -1.0    inf  8.7907    inf  4.1796
 766 dh1ag6b         206.25  0.0    inf  8.7913    inf  4.1810
 767 bpm             206.25  0.0    inf  8.7913    inf  4.1810
 768 dbpm            206.34  0.0    inf  8.7920    inf  4.1823
 769 sh1             206.54  1.5    inf  8.7935    inf  4.1855
 770 ge              206.54  0.0    inf  8.7935    inf  4.1855
 771 dh0g1a          211.19  0.0    inf  8.8297    inf  4.3326
 772 dh0g1a          215.84  0.0    inf  8.8659    inf  4.4796
 773 gs              215.84  0.0    inf  8.8659    inf  4.4796
 774 sh1             216.04  1.5    inf  8.8674    inf  4.4828
 775 dh1ag2a         216.13  0.0    inf  8.8680    inf  4.4842
 776 bpm             216.13  0.0    inf  8.8680    inf  4.4842
 777 dbpm            216.21  0.0    inf  8.8687    inf  4.4855
 778 qh1sp01         216.46 -1.0    inf  8.8705    inf  4.4891
 779 dh2ag2a         216.62  0.0    inf  8.8716    inf  4.4914
 780 sq1hsp01        216.72  0.0    inf  8.8723    inf  4.4928
 781 chv             216.72  0.0    inf  8.8723    inf  4.4928
 782 sq1hsp01        216.82  0.0    inf  8.8729    inf  4.4943
 783 dh2bg2a         216.98  0.0    inf  8.8739    inf  4.4966
 784 sh2             217.18  0.0    inf  8.8751    inf  4.4996
 785 dh2cg2a         217.33  0.0    inf  8.8759    inf  4.5018
 786 qh2sp01         217.73  1.0    inf  8.8782    inf  4.5073
 787 dh3ag2a         217.92  0.0    inf  8.8795    inf  4.5093
 788 sh3             218.12 -1.5    inf  8.8813    inf  4.5110
 789 dh3bg2a         218.31  0.0    inf  8.8835    inf  4.5124
 790 qh3sp01         218.56 -1.0    inf  8.8874    inf  4.5139
 791 dh4ag2a         218.65  0.0    inf  8.8890    inf  4.5145
 792 bpm             218.65  0.0    inf  8.8890    inf  4.5145
 793 dbpm            218.74  0.0    inf  8.8907    inf  4.5150
 794 sh4             218.94 -1.5    inf  8.8951    inf  4.5162
 795 dh4bg2a         219.19  0.0    inf  8.9018    inf  4.5177
 796 dfch            219.34  0.0    inf  8.9067    inf  4.5186
 797 chv             219.34  0.0    inf  8.9067    inf  4.5186
 798 dfch            219.49  0.0    inf  8.9124    inf  4.5196
 799 ge              219.49  0.0    inf  8.9124    inf  4.5196
 800 dh4cg3a         219.52  0.0    inf  8.9138    inf  4.5198
 801 gs              219.52  0.0    inf  8.9138    inf  4.5198
 802 b1sp01          222.14  0.5    inf  9.2569    inf  4.5382
 803 dm1ag3a         222.50  0.0    inf  9.2747    inf  4.5411
 804 dfch            222.65  0.0    inf  9.2801    inf  4.5423
 805 chv             222.65  0.0    inf  9.2801    inf  4.5423
 806 sm3             222.65  1.5    inf  9.2801    inf  4.5423
 807 dfch            222.80  0.0    inf  9.2848    inf  4.5436
 808 dm1bg3a         223.11  0.0    inf  9.2926    inf  4.5462
 809 ge              223.11  0.0    inf  9.2926    inf  4.5462
 810 gs              223.11  0.0    inf  9.2926    inf  4.5462
 811 qm1sp01         223.36 -1.0    inf  9.2974    inf  4.5483
 812 dm2ag4a         223.56  0.0    inf  9.3005    inf  4.5503
 813 sm1a            223.76 -1.5    inf  9.3029    inf  4.5524
 814 dm2bg4a         224.35  0.0    inf  9.3081    inf  4.5603
 815 bpm             224.35  0.0    inf  9.3081    inf  4.5603
 816 dbpm            224.43  0.0    inf  9.3087    inf  4.5618
 817 qm2sp01         224.68  1.0    inf  9.3102    inf  4.5664
 818 dm2cg4a         224.88  0.0    inf  9.3114    inf  4.5702
 819 sm2             225.13  1.5    inf  9.3129    inf  4.5749
 820 dm2cg4b         225.33  0.0    inf  9.3141    inf  4.5787
 821 qm2sp01         225.58  1.0    inf  9.3156    inf  4.5833
 822 dm2bg4b         226.10  0.0    inf  9.3197    inf  4.5909
 823 sm1b            226.30 -1.5    inf  9.3219    inf  4.5933
 824 dm2ag4b         226.57  0.0    inf  9.3254    inf  4.5960
 825 bpm             226.57  0.0    inf  9.3254    inf  4.5960
 826 dbpm            226.65  0.0    inf  9.3268    inf  4.5968
 827 qm1sp01         226.90 -1.0    inf  9.3317    inf  4.5990
 828 dm1eg4b         227.12  0.0    inf  9.3369    inf  4.6009
 829 dfch            227.27  0.0    inf  9.3412    inf  4.6021
 830 sm3             227.27  1.5    inf  9.3412    inf  4.6021
 831 chv             227.27  0.0    inf  9.3412    inf  4.6021
 832 dfch            227.42  0.0    inf  9.3461    inf  4.6034
 833 ge              227.42  0.0    inf  9.3461    inf  4.6034
 834 gs              227.42  0.0    inf  9.3461    inf  4.6034
 835 dm1dg5b         227.48  0.0    inf  9.3481    inf  4.6038
 836 dpwg5b          227.68  0.0    inf  9.3564    inf  4.6054
 837 dm1cg5b         227.88  0.0    inf  9.3670    inf  4.6070
 838 b1sp01          230.50  0.5    inf  9.7092    inf  4.6258
 839 ge              230.50  0.0    inf  9.7092    inf  4.6258
 840 dl4bg6b         230.72  0.0    inf  9.7177    inf  4.6272
 841 gs              230.72  0.0    inf  9.7177    inf  4.6272
 842 dfch            230.87  0.0    inf  9.7225    inf  4.6281
 843 chv             230.87  0.0    inf  9.7225    inf  4.6281
 844 dfch            231.02  0.0    inf  9.7267    inf  4.6291
 845 dl4ag6b         231.10  0.0    inf  9.7288    inf  4.6296
 846 ql3sp01         231.35 -1.0    inf  9.7340    inf  4.6312
 847 dbpm            231.44  0.0    inf  9.7355    inf  4.6318
 848 bpm             231.44  0.0    inf  9.7355    inf  4.6318
 849 dl3bg6b         231.52  0.0    inf  9.7368    inf  4.6324
 850 sl3             231.72 -1.5    inf  9.7393    inf  4.6340
 851 dl3ag6b         232.34  0.0    inf  9.7442    inf  4.6414
 852 ql2sp01         232.74  1.0    inf  9.7465    inf  4.6485
 853 dl2cg6b         232.99  0.0    inf  9.7481    inf  4.6528
 854 sl2             233.19  1.5    inf  9.7496    inf  4.6560
 855 dl2bg6b         233.32  0.0    inf  9.7509    inf  4.6580
 856 dsch            233.42  0.0    inf  9.7520    inf  4.6594
 857 chv             233.42  0.0    inf  9.7520    inf  4.6594
 858 dsch            233.52  0.0    inf  9.7531    inf  4.6607
 859 dl2ag6b         233.66  0.0    inf  9.7549    inf  4.6625
 860 ql1sp01         233.91 -1.0    inf  9.7590    inf  4.6655
 861 dl1ag6b         234.00  0.0    inf  9.7606    inf  4.6666
 862 bpm             234.00  0.0    inf  9.7606    inf  4.6666
 863 dbpm            234.09  0.0    inf  9.7622    inf  4.6678
 864 sl1             234.29 -1.5    inf  9.7662    inf  4.6707
 865 ge              234.29  0.0    inf  9.7662    inf  4.6707
 866 gs              234.29  0.0    inf  9.7662    inf  4.6707
 867 dl0g1a          237.59  0.0    inf  9.9332    inf  4.8662
 868 dl0g1a          240.89  0.0    inf 10.1001    inf  5.0618
 869 ge              240.89  0.0    inf 10.1001    inf  5.0618
 870 gs              240.89  0.0    inf 10.1001    inf  5.0618
 871 sl1             241.09 -1.5    inf 10.1041    inf  5.0647
 872 dl1ag2a         241.17  0.0    inf 10.1057    inf  5.0659
 873 bpm             241.17  0.0    inf 10.1057    inf  5.0659
 874 dbpm            241.26  0.0    inf 10.1073    inf  5.0670
 875 ql1sp01         241.51 -1.0    inf 10.1113    inf  5.0701
 876 dl2ag2a         241.65  0.0    inf 10.1132    inf  5.0718
 877 dsch            241.75  0.0    inf 10.1143    inf  5.0731
 878 chv             241.75  0.0    inf 10.1143    inf  5.0731
 879 dsch            241.85  0.0    inf 10.1154    inf  5.0745
 880 dl2bg2a         241.99  0.0    inf 10.1166    inf  5.0765
 881 sl2             242.19  1.5    inf 10.1182    inf  5.0797
 882 dl2cg2a         242.44  0.0    inf 10.1198    inf  5.0840
 883 ql2sp01         242.84  1.0    inf 10.1221    inf  5.0912
 884 dl3ag2a         243.45  0.0    inf 10.1270    inf  5.0985
 885 sl3             243.65 -1.5    inf 10.1295    inf  5.1001
 886 dl3bg2a         243.74  0.0    inf 10.1308    inf  5.1008
 887 bpm             243.74  0.0    inf 10.1308    inf  5.1008
 888 dbpm            243.83  0.0    inf 10.1322    inf  5.1014
 889 ql3sp01         244.08 -1.0    inf 10.1375    inf  5.1030
 890 dl4ag2a         244.36  0.0    inf 10.1452    inf  5.1047
 891 dfch            244.51  0.0    inf 10.1503    inf  5.1057
 892 chv             244.51  0.0    inf 10.1503    inf  5.1057
 893 dfch            244.66  0.0    inf 10.1562    inf  5.1066
 894 ge              244.66  0.0    inf 10.1562    inf  5.1066
 895 dl4bg3a         244.68  0.0    inf 10.1570    inf  5.1067
 896 gs              244.68  0.0    inf 10.1570    inf  5.1067
 897 b1sp01          247.30  0.5    inf 10.4994    inf  5.1255
 898 dm1ag3a         247.66  0.0    inf 10.5169    inf  5.1285
 899 sq2hsp01        247.81  0.0    inf 10.5223    inf  5.1297
 900 chv             247.81  0.0    inf 10.5223    inf  5.1297
 901 sm3             247.81  1.5    inf 10.5223    inf  5.1297
 902 sq2hsp01        247.96  0.0    inf 10.5270    inf  5.1309
 903 dm1bg3a         248.27  0.0    inf 10.5347    inf  5.1335
 904 ge              248.27  0.0    inf 10.5347    inf  5.1335
 905 gs              248.27  0.0    inf 10.5347    inf  5.1335
 906 qm1sp01         248.52 -1.0    inf 10.5395    inf  5.1357
 907 dm2a2g4b        248.72  0.0    inf 10.5426    inf  5.1377
 908 sm1a            248.92 -1.5    inf 10.5450    inf  5.1398
 909 dm2b2g4b        249.50  0.0    inf 10.5502    inf  5.1478
 910 bpm             249.50  0.0    inf 10.5502    inf  5.1478
 911 dbpm            249.59  0.0    inf 10.5508    inf  5.1493
 912 qm2sp01         249.84  1.0    inf 10.5523    inf  5.1539
 913 dm2cg4a         250.04  0.0    inf 10.5535    inf  5.1577
 914 sm2             250.29  1.5    inf 10.5550    inf  5.1624
 915 dm2cg4b         250.49  0.0    inf 10.5561    inf  5.1662
 916 qm2sp01         250.74  1.0    inf 10.5577    inf  5.1708
 917 dm2b2g4a        251.26  0.0    inf 10.5618    inf  5.1784
 918 sm1b            251.46 -1.5    inf 10.5640    inf  5.1807
 919 dm2a2g4a        251.72  0.0    inf 10.5675    inf  5.1834
 920 bpm             251.72  0.0    inf 10.5675    inf  5.1834
 921 dbpm            251.81  0.0    inf 10.5689    inf  5.1842
 922 qm1sp01         252.06 -1.0    inf 10.5738    inf  5.1864
 923 dm1eg4b         252.28  0.0    inf 10.5791    inf  5.1883
 924 dfch            252.43  0.0    inf 10.5833    inf  5.1895
 925 sm3             252.43  1.5    inf 10.5833    inf  5.1895
 926 chv             252.43  0.0    inf 10.5833    inf  5.1895
 927 dfch            252.58  0.0    inf 10.5883    inf  5.1907
 928 ge              252.58  0.0    inf 10.5883    inf  5.1907
 929 gs              252.58  0.0    inf 10.5883    inf  5.1907
 930 dm1dg5b         252.64  0.0    inf 10.5903    inf  5.1912
 931 dpwg5b          252.84  0.0    inf 10.5987    inf  5.1928
 932 dm1cg5b         253.04  0.0    inf 10.6094    inf  5.1943
 933 b1sp01          255.66  0.5    inf 10.9526    inf  5.2128
 934 ge              255.66  0.0    inf 10.9526    inf  5.2128
 935 dh4cg6b         255.86  0.0    inf 10.9603    inf  5.2141
 936 gs              255.86  0.0    inf 10.9603    inf  5.2141
 937 dfch            256.01  0.0    inf 10.9651    inf  5.2150
 938 chv             256.01  0.0    inf 10.9651    inf  5.2150
 939 dfch            256.16  0.0    inf 10.9693    inf  5.2159
 940 dh4bg6b         256.24  0.0    inf 10.9712    inf  5.2164
 941 sh4             256.44 -1.5    inf 10.9756    inf  5.2176
 942 dh4ag6b         256.52  0.0    inf 10.9774    inf  5.2181
 943 bpm             256.52  0.0    inf 10.9774    inf  5.2181
 944 dbpm            256.61  0.0    inf 10.9790    inf  5.2186
 945 qh3sp01         256.86 -1.0    inf 10.9828    inf  5.2201
 946 dh3bg6b         257.06  0.0    inf 10.9851    inf  5.2215
 947 sh3             257.26 -1.5    inf 10.9869    inf  5.2232
 948 dh3ag6b         257.45  0.0    inf 10.9882    inf  5.2252
 949 qh2sp01         257.85  1.0    inf 10.9904    inf  5.2307
 950 dh2cg6b         258.00  0.0    inf 10.9913    inf  5.2329
 951 sh2             258.20  0.0    inf 10.9925    inf  5.2359
 952 dh2bg6b         258.38  0.0    inf 10.9936    inf  5.2386
 953 dsch            258.48  0.0    inf 10.9942    inf  5.2400
 954 chv             258.48  0.0    inf 10.9942    inf  5.2400
 955 dsch            258.58  0.0    inf 10.9949    inf  5.2415
 956 dh2ag6b         258.71  0.0    inf 10.9958    inf  5.2434
 957 qh1sp01         258.96 -1.0    inf 10.9977    inf  5.2471
 958 dh1ag6b         259.05  0.0    inf 10.9983    inf  5.2484
 959 bpm             259.05  0.0    inf 10.9983    inf  5.2484
 960 dbpm            259.14  0.0    inf 10.9990    inf  5.2497
 961 sh1             259.34  1.5    inf 11.0005    inf  5.2529
 962 ge              259.34  0.0    inf 11.0005    inf  5.2529
 963 dh0g1a          263.99  0.0    inf 11.0367    inf  5.4001
 964 cav             263.99  0.0    inf 11.0367    inf  5.4001
