#   A_x        A_y      nu_x    nu_y
#
 0.000e+00  0.000e+00  0.000e+00  0.000e+00 0.03666 0.40007
 1.000e+00 -3.000e-01  2.488e-02  1.283e-02 0.03660 0.40006
 1.000e+00 -6.000e-01  2.488e-02  5.133e-02 0.03662 0.39997
 1.000e+00 -9.000e-01  2.488e-02  1.155e-01 0.03665 0.39984
 1.000e+00 -1.200e+00  2.488e-02  2.053e-01 0.03669 0.39965
 1.000e+00 -1.500e+00  2.488e-02  3.208e-01 0.03674 0.39940
 1.000e+00 -1.800e+00  2.488e-02  4.619e-01 0.03680 0.39910
 1.000e+00 -2.100e+00  2.488e-02  6.287e-01 0.03688 0.39875
 1.000e+00 -2.400e+00  2.488e-02  8.212e-01 0.03697 0.39835
 1.000e+00 -2.700e+00  2.488e-02  1.039e+00 0.03708 0.39789
 1.000e+00 -3.000e+00  2.488e-02  1.283e+00 0.03721 0.39738
 1.000e+00 -3.300e+00  2.488e-02  1.553e+00 0.03736 0.39681
 1.000e+00 -3.600e+00  2.488e-02  1.848e+00 0.03753 0.39620
 1.000e+00 -3.900e+00  2.488e-02  2.169e+00 0.03773 0.39553
 1.000e+00 -4.200e+00  2.488e-02  2.515e+00 0.03797 0.39482
 1.000e+00 -4.500e+00  2.488e-02  2.887e+00 0.03824 0.39405
 1.000e+00 -4.800e+00  2.488e-02  3.285e+00 0.03855 0.39324
 1.000e+00 -5.100e+00  2.488e-02  3.708e+00 0.03891 0.39237
 1.000e+00 -5.400e+00  2.488e-02  4.157e+00 0.03932 0.39146
 1.000e+00 -5.700e+00  2.488e-02  4.632e+00 0.03980 0.39050
 1.000e+00 -6.000e+00  2.488e-02  5.133e+00 0.04036 0.38950
 1.000e+00 -6.300e+00  2.488e-02  5.659e+00 0.04101 0.38845
 1.000e+00 -6.600e+00  2.488e-02  6.210e+00 0.04176 0.38737
 1.000e+00 -6.900e+00  2.488e-02  6.788e+00 0.04263 0.38624
 1.000e+00 -7.200e+00  2.488e-02  7.391e+00 0.04365 0.38508
 1.000e+00 -7.500e+00  2.488e-02  8.020e+00 0.04485 0.38389

 0.000e+00  0.000e+00  0.000e+00  0.000e+00 0.03666 0.40007
#  1.000e+00  0.000e+00 particle lost
 1.000e+00  3.000e-01  2.488e-02  1.283e-02 0.03660 0.40006
 1.000e+00  6.000e-01  2.488e-02  5.133e-02 0.03662 0.39997
 1.000e+00  9.000e-01  2.488e-02  1.155e-01 0.03665 0.39984
 1.000e+00  1.200e+00  2.488e-02  2.053e-01 0.03669 0.39965
 1.000e+00  1.500e+00  2.488e-02  3.208e-01 0.03674 0.39940
 1.000e+00  1.800e+00  2.488e-02  4.619e-01 0.03680 0.39910
 1.000e+00  2.100e+00  2.488e-02  6.287e-01 0.03688 0.39875
 1.000e+00  2.400e+00  2.488e-02  8.212e-01 0.03697 0.39835
 1.000e+00  2.700e+00  2.488e-02  1.039e+00 0.03708 0.39789
 1.000e+00  3.000e+00  2.488e-02  1.283e+00 0.03721 0.39738
 1.000e+00  3.300e+00  2.488e-02  1.553e+00 0.03736 0.39681
 1.000e+00  3.600e+00  2.488e-02  1.848e+00 0.03753 0.39620
 1.000e+00  3.900e+00  2.488e-02  2.169e+00 0.03773 0.39553
 1.000e+00  4.200e+00  2.488e-02  2.515e+00 0.03797 0.39482
 1.000e+00  4.500e+00  2.488e-02  2.887e+00 0.03824 0.39405
 1.000e+00  4.800e+00  2.488e-02  3.285e+00 0.03855 0.39324
 1.000e+00  5.100e+00  2.488e-02  3.708e+00 0.03891 0.39237
 1.000e+00  5.400e+00  2.488e-02  4.157e+00 0.03932 0.39146
 1.000e+00  5.700e+00  2.488e-02  4.632e+00 0.03980 0.39050
 1.000e+00  6.000e+00  2.488e-02  5.133e+00 0.04036 0.38950
 1.000e+00  6.300e+00  2.488e-02  5.659e+00 0.04101 0.38845
 1.000e+00  6.600e+00  2.488e-02  6.210e+00 0.04176 0.38737
 1.000e+00  6.900e+00  2.488e-02  6.788e+00 0.04263 0.38624
 1.000e+00  7.200e+00  2.488e-02  7.391e+00 0.04365 0.38508
 1.000e+00  7.500e+00  2.488e-02  8.020e+00 0.04485 0.38389
