 -3.00000e-02  0.00000e+00  6.39275e-03 -1.96741e-02
 -3.00000e-02  8.10784e-07  9.26981e-03 -1.91108e-02
 -3.00000e-02  1.62157e-06  1.22595e-02 -1.84651e-02
 -3.00000e-02  2.43235e-06  1.53636e-02 -1.77354e-02
 -3.00000e-02  3.24313e-06  1.85842e-02 -1.69202e-02
 -3.00000e-02  4.05392e-06  2.19231e-02 -1.60179e-02
 -3.00000e-02  4.86470e-06  2.53824e-02 -1.50270e-02
 -3.00000e-02  5.67549e-06  2.89639e-02 -1.39460e-02
 -3.00000e-02  6.48627e-06  3.26695e-02 -1.27733e-02
 -3.00000e-02  7.29705e-06  3.65012e-02 -1.15074e-02
 -3.00000e-02  8.10784e-06  4.04610e-02 -1.01468e-02
 -3.00000e-02  8.91862e-06  4.45507e-02 -8.68992e-03
 -3.00000e-02  9.72940e-06  4.87722e-02 -7.13523e-03
 -3.00000e-02  1.05402e-05  5.31276e-02 -5.48121e-03
 -3.00000e-02  1.13510e-05  5.76187e-02 -3.72632e-03
 -3.00000e-02  1.21618e-05  6.22475e-02 -1.86902e-03
 -3.00000e-02  1.29725e-05  6.70159e-02  9.22085e-05
 -3.00000e-02  1.37833e-05  7.19258e-02  2.15891e-03
 -3.00000e-02  1.45941e-05  7.69792e-02  4.33262e-03
 -3.00000e-02  1.54049e-05  8.21779e-02  6.61487e-03
 -3.00000e-02  1.62157e-05  8.75240e-02  9.00720e-03
 -3.00000e-02  1.70265e-05  9.30193e-02  1.15111e-02
 -3.00000e-02  1.78372e-05  9.86658e-02  1.41282e-02
 -3.00000e-02  1.86480e-05  1.04465e-01  1.68599e-02
 -3.00000e-02  1.94588e-05  1.10420e-01  1.97079e-02
 -3.00000e-02  2.02696e-05  1.16532e-01  2.26736e-02

 -2.88000e-02  0.00000e+00  2.14344e-03 -1.90586e-02
 -2.88000e-02  8.10784e-07  4.79485e-03 -1.85253e-02
 -2.88000e-02  1.62157e-06  7.55793e-03 -1.79098e-02
 -2.88000e-02  2.43235e-06  1.04346e-02 -1.72104e-02
 -2.88000e-02  3.24313e-06  1.34268e-02 -1.64257e-02
 -2.88000e-02  4.05392e-06  1.65364e-02 -1.55540e-02
 -2.88000e-02  4.86470e-06  1.97655e-02 -1.45939e-02
 -2.88000e-02  5.67549e-06  2.31158e-02 -1.35438e-02
 -2.88000e-02  6.48627e-06  2.65894e-02 -1.24022e-02
 -2.88000e-02  7.29705e-06  3.01882e-02 -1.11676e-02
 -2.88000e-02  8.10784e-06  3.39141e-02 -9.83840e-03
 -2.88000e-02  8.91862e-06  3.77690e-02 -8.41309e-03
 -2.88000e-02  9.72940e-06  4.17548e-02 -6.89012e-03
 -2.88000e-02  1.05402e-05  4.58736e-02 -5.26798e-03
 -2.88000e-02  1.13510e-05  5.01272e-02 -3.54512e-03
 -2.88000e-02  1.21618e-05  5.45176e-02 -1.72002e-03
 -2.88000e-02  1.29725e-05  5.90466e-02  2.08870e-04
 -2.88000e-02  1.37833e-05  6.37162e-02  2.24307e-03
 -2.88000e-02  1.45941e-05  6.85284e-02  4.38413e-03
 -2.88000e-02  1.54049e-05  7.34851e-02  6.63356e-03
 -2.88000e-02  1.62157e-05  7.85882e-02  8.99292e-03
 -2.88000e-02  1.70265e-05  8.38396e-02  1.14637e-02
 -2.88000e-02  1.78372e-05  8.92413e-02  1.40475e-02
 -2.88000e-02  1.86480e-05  9.47951e-02  1.67458e-02
 -2.88000e-02  1.94588e-05  1.00503e-01  1.95602e-02
 -2.88000e-02  2.02696e-05  1.06367e-01  2.24921e-02

 -2.76000e-02  0.00000e+00 -1.34773e-03 -1.84072e-02
 -2.76000e-02  8.10784e-07  1.08934e-03 -1.79023e-02
 -2.76000e-02  1.62157e-06  3.63714e-03 -1.73153e-02
 -2.76000e-02  2.43235e-06  6.29760e-03 -1.66446e-02
 -2.76000e-02  3.24313e-06  9.07266e-03 -1.58887e-02
 -2.76000e-02  4.05392e-06  1.19642e-02 -1.50461e-02
 -2.76000e-02  4.86470e-06  1.49743e-02 -1.41153e-02
 -2.76000e-02  5.67549e-06  1.81047e-02 -1.30947e-02
 -2.76000e-02  6.48627e-06  2.13574e-02 -1.19827e-02
 -2.76000e-02  7.29705e-06  2.47344e-02 -1.07779e-02
 -2.76000e-02  8.10784e-06  2.82375e-02 -9.47872e-03
 -2.76000e-02  8.91862e-06  3.18688e-02 -8.08360e-03
 -2.76000e-02  9.72940e-06  3.56301e-02 -6.59102e-03
 -2.76000e-02  1.05402e-05  3.95233e-02 -4.99945e-03
 -2.76000e-02  1.13510e-05  4.35505e-02 -3.30735e-03
 -2.76000e-02  1.21618e-05  4.77134e-02 -1.51319e-03
 -2.76000e-02  1.29725e-05  5.20142e-02  3.84560e-04
 -2.76000e-02  1.37833e-05  5.64546e-02  2.38744e-03
 -2.76000e-02  1.45941e-05  6.10366e-02  4.49698e-03
 -2.76000e-02  1.54049e-05  6.57622e-02  6.71472e-03
 -2.76000e-02  1.62157e-05  7.06332e-02  9.04219e-03
 -2.76000e-02  1.70265e-05  7.56517e-02  1.14809e-02
 -2.76000e-02  1.78372e-05  8.08194e-02  1.40325e-02
 -2.76000e-02  1.86480e-05  8.61385e-02  1.66983e-02
 -2.76000e-02  1.94588e-05  9.16107e-02  1.94801e-02
 -2.76000e-02  2.02696e-05  9.72381e-02  2.23792e-02

 -2.64000e-02  0.00000e+00 -4.16856e-03 -1.77245e-02
 -2.64000e-02  8.10784e-07 -1.93512e-03 -1.72464e-02
 -2.64000e-02  1.62157e-06  4.08104e-04 -1.66864e-02
 -2.64000e-02  2.43235e-06  2.86304e-03 -1.60430e-02
 -2.64000e-02  3.24313e-06  5.43162e-03 -1.53146e-02
 -2.64000e-02  4.05392e-06  8.11578e-03 -1.44998e-02
 -2.64000e-02  4.86470e-06  1.09174e-02 -1.35968e-02
 -2.64000e-02  5.67549e-06  1.38385e-02 -1.26043e-02
 -2.64000e-02  6.48627e-06  1.68810e-02 -1.15207e-02
 -2.64000e-02  7.29705e-06  2.00468e-02 -1.03445e-02
 -2.64000e-02  8.10784e-06  2.33378e-02 -9.07411e-03
 -2.64000e-02  8.91862e-06  2.67559e-02 -7.70800e-03
 -2.64000e-02  9.72940e-06  3.03031e-02 -6.24465e-03
 -2.64000e-02  1.05402e-05  3.39814e-02 -4.68253e-03
 -2.64000e-02  1.13510e-05  3.77926e-02 -3.02010e-03
 -2.64000e-02  1.21618e-05  4.17386e-02 -1.25583e-03
 -2.64000e-02  1.29725e-05  4.58215e-02  6.11821e-04
 -2.64000e-02  1.37833e-05  5.00431e-02  2.58438e-03
 -2.64000e-02  1.45941e-05  5.44054e-02  4.66338e-03
 -2.64000e-02  1.54049e-05  5.89103e-02  6.85035e-03
 -2.64000e-02  1.62157e-05  6.35597e-02  9.14684e-03
 -2.64000e-02  1.70265e-05  6.83555e-02  1.15544e-02
 -2.64000e-02  1.78372e-05  7.32998e-02  1.40745e-02
 -2.64000e-02  1.86480e-05  7.83943e-02  1.67087e-02
 -2.64000e-02  1.94588e-05  8.36411e-02  1.94586e-02
 -2.64000e-02  2.02696e-05  8.90421e-02  2.23256e-02

 -2.52000e-02  0.00000e+00 -6.39920e-03 -1.70146e-02
 -2.52000e-02  8.10784e-07 -4.35924e-03 -1.65620e-02
 -2.52000e-02  1.62157e-06 -2.21045e-03 -1.60278e-02
 -2.52000e-02  2.43235e-06  4.90850e-05 -1.54104e-02
 -2.52000e-02  3.24313e-06  2.42130e-03 -1.47082e-02
 -2.52000e-02  4.05392e-06  4.90813e-03 -1.39198e-02
 -2.52000e-02  4.86470e-06  7.51149e-03 -1.30437e-02
 -2.52000e-02  5.67549e-06  1.02333e-02 -1.20782e-02
 -2.52000e-02  6.48627e-06  1.30756e-02 -1.10218e-02
 -2.52000e-02  7.29705e-06  1.60401e-02 -9.87306e-03
 -2.52000e-02  8.10784e-06  1.91289e-02 -8.63040e-03
 -2.52000e-02  8.91862e-06  2.23440e-02 -7.29229e-03
 -2.52000e-02  9.72940e-06  2.56871e-02 -5.85719e-03
 -2.52000e-02  1.05402e-05  2.91603e-02 -4.32356e-03
 -2.52000e-02  1.13510e-05  3.27655e-02 -2.68988e-03
 -2.52000e-02  1.21618e-05  3.65045e-02 -9.54606e-04
 -2.52000e-02  1.29725e-05  4.03794e-02  8.83792e-04
 -2.52000e-02  1.37833e-05  4.43921e-02  2.82685e-03
 -2.52000e-02  1.45941e-05  4.85445e-02  4.87610e-03
 -2.52000e-02  1.54049e-05  5.28386e-02  7.03308e-03
 -2.52000e-02  1.62157e-05  5.72761e-02  9.29931e-03
 -2.52000e-02  1.70265e-05  6.18592e-02  1.16763e-02
 -2.52000e-02  1.78372e-05  6.65897e-02  1.41657e-02
 -2.52000e-02  1.86480e-05  7.14696e-02  1.67689e-02
 -2.52000e-02  1.94588e-05  7.65007e-02  1.94876e-02
 -2.52000e-02  2.02696e-05  8.16850e-02  2.23231e-02

 -2.40000e-02  0.00000e+00 -8.11263e-03 -1.62813e-02
 -2.40000e-02  8.10784e-07 -6.25652e-03 -1.58530e-02
 -2.40000e-02  1.62157e-06 -4.29257e-03 -1.53433e-02
 -2.40000e-02  2.43235e-06 -2.21885e-03 -1.47508e-02
 -2.40000e-02  3.24313e-06 -3.34425e-05 -1.40738e-02
 -2.40000e-02  4.05392e-06  2.26560e-03 -1.33109e-02
 -2.40000e-02  4.86470e-06  4.68019e-03 -1.24604e-02
 -2.40000e-02  5.67549e-06  7.21227e-03 -1.15209e-02
 -2.40000e-02  6.48627e-06  9.86377e-03 -1.04909e-02
 -2.40000e-02  7.29705e-06  1.26366e-02 -9.36873e-03
 -2.40000e-02  8.10784e-06  1.55327e-02 -8.15294e-03
 -2.40000e-02  8.91862e-06  1.85541e-02 -6.84197e-03
 -2.40000e-02  9.72940e-06  2.17025e-02 -5.43429e-03
 -2.40000e-02  1.05402e-05  2.49801e-02 -3.92837e-03
 -2.40000e-02  1.13510e-05  2.83886e-02 -2.32268e-03
 -2.40000e-02  1.21618e-05  3.19301e-02 -6.15678e-04
 -2.40000e-02  1.29725e-05  3.56064e-02  1.19417e-03
 -2.40000e-02  1.37833e-05  3.94195e-02  3.10839e-03
 -2.40000e-02  1.45941e-05  4.33713e-02  5.12852e-03
 -2.40000e-02  1.54049e-05  4.74638e-02  7.25609e-03
 -2.40000e-02  1.62157e-05  5.16988e-02  9.49265e-03
 -2.40000e-02  1.70265e-05  5.60784e-02  1.18397e-02
 -2.40000e-02  1.78372e-05  6.06044e-02  1.42988e-02
 -2.40000e-02  1.86480e-05  6.52788e-02  1.68715e-02
 -2.40000e-02  1.94588e-05  7.01034e-02  1.95593e-02
 -2.40000e-02  2.02696e-05  7.50803e-02  2.23638e-02

 -2.28000e-02  0.00000e+00 -9.37506e-03 -1.55277e-02
 -2.28000e-02  8.10784e-07 -7.69371e-03 -1.51227e-02
 -2.28000e-02  1.62157e-06 -5.90553e-03 -1.46367e-02
 -2.28000e-02  2.43235e-06 -4.00858e-03 -1.40681e-02
 -2.28000e-02  3.24313e-06 -2.00093e-03 -1.34154e-02
 -2.28000e-02  4.05392e-06  1.19348e-04 -1.26770e-02
 -2.28000e-02  4.86470e-06  2.35418e-03 -1.18514e-02
 -2.28000e-02  5.67549e-06  4.70550e-03 -1.09371e-02
 -2.28000e-02  6.48627e-06  7.17523e-03 -9.93257e-03
 -2.28000e-02  7.29705e-06  9.76531e-03 -8.83622e-03
 -2.28000e-02  8.10784e-06  1.24777e-02 -7.64656e-03
 -2.28000e-02  8.91862e-06  1.53142e-02 -6.36204e-03
 -2.28000e-02  9.72940e-06  1.82769e-02 -4.98112e-03
 -2.28000e-02  1.05402e-05  2.13677e-02 -3.50227e-03
 -2.28000e-02  1.13510e-05  2.45885e-02 -1.92397e-03
 -2.28000e-02  1.21618e-05  2.79412e-02 -2.44670e-04
 -2.28000e-02  1.29725e-05  3.14277e-02  1.53716e-03
 -2.28000e-02  1.37833e-05  3.50500e-02  3.42305e-03
 -2.28000e-02  1.45941e-05  3.88101e-02  5.41454e-03
 -2.28000e-02  1.54049e-05  4.27098e-02  7.51316e-03
 -2.28000e-02  1.62157e-05  4.67511e-02  9.72044e-03
 -2.28000e-02  1.70265e-05  5.09359e-02  1.20379e-02
 -2.28000e-02  1.78372e-05  5.52661e-02  1.44671e-02
 -2.28000e-02  1.86480e-05  5.97437e-02  1.70096e-02
 -2.28000e-02  1.94588e-05  6.43706e-02  1.96669e-02
 -2.28000e-02  2.02696e-05  6.91487e-02  2.24405e-02

 -2.16000e-02  0.00000e+00 -1.02465e-02 -1.47569e-02
 -2.16000e-02  8.10784e-07 -8.73129e-03 -1.43744e-02
 -2.16000e-02  1.62157e-06 -7.11029e-03 -1.39111e-02
 -2.16000e-02  2.43235e-06 -5.38154e-03 -1.33656e-02
 -2.16000e-02  3.24313e-06 -3.54312e-03 -1.27364e-02
 -2.16000e-02  4.05392e-06 -1.59308e-03 -1.20218e-02
 -2.16000e-02  4.86470e-06  4.70486e-04 -1.12204e-02
 -2.16000e-02  5.67549e-06  2.64953e-03 -1.03306e-02
 -2.16000e-02  6.48627e-06  4.94596e-03 -9.35096e-03
 -2.16000e-02  7.29705e-06  7.36173e-03 -8.27982e-03
 -2.16000e-02  8.10784e-06  9.89876e-03 -7.11570e-03
 -2.16000e-02  8.91862e-06  1.25590e-02 -5.85707e-03
 -2.16000e-02  9.72940e-06  1.53443e-02 -4.50239e-03
 -2.16000e-02  1.05402e-05  1.82567e-02 -3.05013e-03
 -2.16000e-02  1.13510e-05  2.12981e-02 -1.49876e-03
 -2.16000e-02  1.21618e-05  2.44703e-02  1.53269e-04
 -2.16000e-02  1.29725e-05  2.77754e-02  1.90748e-03
 -2.16000e-02  1.37833e-05  3.12153e-02  3.76540e-03
 -2.16000e-02  1.45941e-05  3.47919e-02  5.72858e-03
 -2.16000e-02  1.54049e-05  3.85071e-02  7.79854e-03
 -2.16000e-02  1.62157e-05  4.23629e-02  9.97682e-03
 -2.16000e-02  1.70265e-05  4.63611e-02  1.22650e-02
 -2.16000e-02  1.78372e-05  5.05038e-02  1.46645e-02
 -2.16000e-02  1.86480e-05  5.47928e-02  1.71769e-02
 -2.16000e-02  1.94588e-05  5.92302e-02  1.98038e-02
 -2.16000e-02  2.02696e-05  6.38177e-02  2.25467e-02

 -2.04000e-02  0.00000e+00 -1.07809e-02 -1.39715e-02
 -2.04000e-02  8.10784e-07 -9.42382e-03 -1.36107e-02
 -2.04000e-02  1.62157e-06 -7.96192e-03 -1.31696e-02
 -2.04000e-02  2.43235e-06 -6.39331e-03 -1.26466e-02
 -2.04000e-02  3.24313e-06 -4.71605e-03 -1.20401e-02
 -2.04000e-02  4.05392e-06 -2.92822e-03 -1.13488e-02
 -2.04000e-02  4.86470e-06 -1.02789e-03 -1.05710e-02
 -2.04000e-02  5.67549e-06  9.86876e-04 -9.70516e-03
 -2.04000e-02  6.48627e-06  3.11800e-03 -8.74982e-03
 -2.04000e-02  7.29705e-06  5.36743e-03 -7.70340e-03
 -2.04000e-02  8.10784e-06  7.73707e-03 -6.56438e-03
 -2.04000e-02  8.91862e-06  1.02289e-02 -5.33122e-03
 -2.04000e-02  9.72940e-06  1.28448e-02 -4.00240e-03
 -2.04000e-02  1.05402e-05  1.55867e-02 -2.57637e-03
 -2.04000e-02  1.13510e-05  1.84565e-02 -1.05160e-03
 -2.04000e-02  1.21618e-05  2.14562e-02  5.73441e-04
 -2.04000e-02  1.29725e-05  2.45877e-02  2.30029e-03
 -2.04000e-02  1.37833e-05  2.78530e-02  4.13048e-03
 -2.04000e-02  1.45941e-05  3.12539e-02  6.06554e-03
 -2.04000e-02  1.54049e-05  3.47924e-02  8.10701e-03
 -2.04000e-02  1.62157e-05  3.84704e-02  1.02564e-02
 -2.04000e-02  1.70265e-05  4.22899e-02  1.25153e-02
 -2.04000e-02  1.78372e-05  4.62528e-02  1.48852e-02
 -2.04000e-02  1.86480e-05  5.03610e-02  1.73677e-02
 -2.04000e-02  1.94588e-05  5.46164e-02  1.99642e-02
 -2.04000e-02  2.02696e-05  5.90211e-02  2.26763e-02

 -1.92000e-02  0.00000e+00 -1.10272e-02 -1.31740e-02
 -1.92000e-02  8.10784e-07 -9.82046e-03 -1.28343e-02
 -1.92000e-02  1.62157e-06 -8.51003e-03 -1.24147e-02
 -1.92000e-02  2.43235e-06 -7.09394e-03 -1.19136e-02
 -1.92000e-02  3.24313e-06 -5.57026e-03 -1.13295e-02
 -1.92000e-02  4.05392e-06 -3.93705e-03 -1.06609e-02
 -1.92000e-02  4.86470e-06 -2.19240e-03 -9.90619e-03
 -1.92000e-02  5.67549e-06 -3.34370e-04 -9.06392e-03
 -1.92000e-02  6.48627e-06  1.63897e-03 -8.13253e-03
 -1.92000e-02  7.29705e-06  3.72956e-03 -7.11049e-03
 -1.92000e-02  8.10784e-06  5.93931e-03 -5.99624e-03
 -1.92000e-02  8.91862e-06  8.27016e-03 -4.78827e-03
 -1.92000e-02  9.72940e-06  1.07240e-02 -3.48504e-03
 -1.92000e-02  1.05402e-05  1.33029e-02 -2.08501e-03
 -1.92000e-02  1.13510e-05  1.60086e-02 -5.86653e-04
 -1.92000e-02  1.21618e-05  1.88432e-02  1.01157e-03
 -1.92000e-02  1.29725e-05  2.18085e-02  2.71119e-03
 -1.92000e-02  1.37833e-05  2.49065e-02  4.51374e-03
 -1.92000e-02  1.45941e-05  2.81391e-02  6.42075e-03
 -1.92000e-02  1.54049e-05  3.15082e-02  8.43377e-03
 -1.92000e-02  1.62157e-05  3.50159e-02  1.05543e-02
 -1.92000e-02  1.70265e-05  3.86639e-02  1.27839e-02
 -1.92000e-02  1.78372e-05  4.24542e-02  1.51242e-02
 -1.92000e-02  1.86480e-05  4.63888e-02  1.75765e-02
 -1.92000e-02  1.94588e-05  5.04696e-02  2.01425e-02
 -1.92000e-02  2.02696e-05  5.46986e-02  2.28238e-02

 -1.80000e-02  0.00000e+00 -1.10288e-02 -1.23665e-02
 -1.80000e-02  8.10784e-07 -9.96528e-03 -1.20474e-02
 -1.80000e-02  1.62157e-06 -8.79913e-03 -1.16488e-02
 -1.80000e-02  2.43235e-06 -7.52840e-03 -1.11692e-02
 -1.80000e-02  3.24313e-06 -6.15114e-03 -1.06070e-02
 -1.80000e-02  4.05392e-06 -4.66543e-03 -9.96076e-03
 -1.80000e-02  4.86470e-06 -3.06935e-03 -9.22890e-03
 -1.80000e-02  5.67549e-06 -1.36095e-03 -8.40988e-03
 -1.80000e-02  6.48627e-06  4.61681e-04 -7.50218e-03
 -1.80000e-02  7.29705e-06  2.40049e-03 -6.50426e-03
 -1.80000e-02  8.10784e-06  4.45739e-03 -5.41459e-03
 -1.80000e-02  8.91862e-06  6.63433e-03 -4.23163e-03
 -1.80000e-02  9.72940e-06  8.93323e-03 -2.95385e-03
 -1.80000e-02  1.05402e-05  1.13560e-02 -1.57971e-03
 -1.80000e-02  1.13510e-05  1.39046e-02 -1.07686e-04
 -1.80000e-02  1.21618e-05  1.65810e-02  1.46376e-03
 -1.80000e-02  1.29725e-05  1.93870e-02  3.13617e-03
 -1.80000e-02  1.37833e-05  2.23247e-02  4.91107e-03
 -1.80000e-02  1.45941e-05  2.53959e-02  6.78999e-03
 -1.80000e-02  1.54049e-05  2.86025e-02  8.77448e-03
 -1.80000e-02  1.62157e-05  3.19466e-02  1.08661e-02
 -1.80000e-02  1.70265e-05  3.54300e-02  1.30663e-02
 -1.80000e-02  1.78372e-05  3.90547e-02  1.53766e-02
 -1.80000e-02  1.86480e-05  4.28225e-02  1.77987e-02
 -1.80000e-02  1.94588e-05  4.67355e-02  2.03340e-02
 -1.80000e-02  2.02696e-05  5.07955e-02  2.29840e-02

 -1.68000e-02  0.00000e+00 -1.08247e-02 -1.15508e-02
 -1.68000e-02  8.10784e-07 -9.89769e-03 -1.12519e-02
 -1.68000e-02  1.62157e-06 -8.86907e-03 -1.08740e-02
 -1.68000e-02  2.43235e-06 -7.73694e-03 -1.04156e-02
 -1.68000e-02  3.24313e-06 -6.49939e-03 -9.87506e-03
 -1.68000e-02  4.05392e-06 -5.15447e-03 -9.25093e-03
 -1.68000e-02  4.86470e-06 -3.70026e-03 -8.54165e-03
 -1.68000e-02  5.67549e-06 -2.13483e-03 -7.74569e-03
 -1.68000e-02  6.48627e-06 -4.56247e-04 -6.86152e-03
 -1.68000e-02  7.29705e-06  1.33742e-03 -5.88761e-03
 -1.68000e-02  8.10784e-06  3.24810e-03 -4.82241e-03
 -1.68000e-02  8.91862e-06  5.27772e-03 -3.66439e-03
 -1.68000e-02  9.72940e-06  7.42822e-03 -2.41203e-03
 -1.68000e-02  1.05402e-05  9.70152e-03 -1.06378e-03
 -1.68000e-02  1.13510e-05  1.20996e-02  3.81887e-04
 -1.68000e-02  1.21618e-05  1.46242e-02  1.92650e-03
 -1.68000e-02  1.29725e-05  1.72775e-02  3.57161e-03
 -1.68000e-02  1.37833e-05  2.00614e-02  5.31873e-03
 -1.68000e-02  1.45941e-05  2.29776e-02  7.16941e-03
 -1.68000e-02  1.54049e-05  2.60283e-02  9.12517e-03
 -1.68000e-02  1.62157e-05  2.92152e-02  1.11876e-02
 -1.68000e-02  1.70265e-05  3.25404e-02  1.33581e-02
 -1.68000e-02  1.78372e-05  3.60058e-02  1.56383e-02
 -1.68000e-02  1.86480e-05  3.96133e-02  1.80298e-02
 -1.68000e-02  1.94588e-05  4.33648e-02  2.05340e-02
 -1.68000e-02  2.02696e-05  4.72623e-02  2.31525e-02

 -1.56000e-02  0.00000e+00 -1.04498e-02 -1.07287e-02
 -1.56000e-02  8.10784e-07 -9.65280e-03 -1.04498e-02
 -1.56000e-02  1.62157e-06 -8.75535e-03 -1.00923e-02
 -1.56000e-02  2.43235e-06 -7.75550e-03 -9.65481e-03
 -1.56000e-02  3.24313e-06 -6.65133e-03 -9.13574e-03
 -1.56000e-02  4.05392e-06 -5.44090e-03 -8.53357e-03
 -1.56000e-02  4.86470e-06 -4.12228e-03 -7.84675e-03
 -1.56000e-02  5.67549e-06 -2.69354e-03 -7.07376e-03
 -1.56000e-02  6.48627e-06 -1.15275e-03 -6.21305e-03
 -1.56000e-02  7.29705e-06  5.02011e-04 -5.26311e-03
 -1.56000e-02  8.10784e-06  2.27268e-03 -4.22238e-03
 -1.56000e-02  8.91862e-06  4.16119e-03 -3.08934e-03
 -1.56000e-02  9.72940e-06  6.16947e-03 -1.86246e-03
 -1.56000e-02  1.05402e-05  8.29944e-03 -5.40195e-04
 -1.56000e-02  1.13510e-05  1.05530e-02  8.78983e-04
 -1.56000e-02  1.21618e-05  1.29322e-02  2.39661e-03
 -1.56000e-02  1.29725e-05  1.54389e-02  4.01422e-03
 -1.56000e-02  1.37833e-05  1.80749e-02  5.73334e-03
 -1.56000e-02  1.45941e-05  2.08423e-02  7.55551e-03
 -1.56000e-02  1.54049e-05  2.37430e-02  9.48227e-03
 -1.56000e-02  1.62157e-05  2.67789e-02  1.15151e-02
 -1.56000e-02  1.70265e-05  2.99520e-02  1.36557e-02
 -1.56000e-02  1.78372e-05  3.32641e-02  1.59054e-02
 -1.56000e-02  1.86480e-05  3.67172e-02  1.82658e-02
 -1.56000e-02  1.94588e-05  4.03132e-02  2.07385e-02
 -1.56000e-02  2.02696e-05  4.40541e-02  2.33250e-02

 -1.44000e-02  0.00000e+00 -9.93470e-03 -9.90170e-03
 -1.44000e-02  8.10784e-07 -9.26179e-03 -9.64250e-03
 -1.44000e-02  1.62157e-06 -8.48953e-03 -9.30533e-03
 -1.44000e-02  2.43235e-06 -7.61600e-03 -8.88865e-03
 -1.44000e-02  3.24313e-06 -6.63927e-03 -8.39094e-03
 -1.44000e-02  4.05392e-06 -5.55740e-03 -7.81065e-03
 -1.44000e-02  4.86470e-06 -4.36847e-03 -7.14626e-03
 -1.44000e-02  5.67549e-06 -3.07054e-03 -6.39622e-03
 -1.44000e-02  6.48627e-06 -1.66168e-03 -5.55901e-03
 -1.44000e-02  7.29705e-06 -1.39975e-04 -4.63309e-03
 -1.44000e-02  8.10784e-06  1.49652e-03 -3.61693e-03
 -1.44000e-02  8.91862e-06  3.24973e-03 -2.50899e-03
 -1.44000e-02  9.72940e-06  5.12158e-03 -1.30775e-03
 -1.44000e-02  1.05402e-05  7.11401e-03 -1.16522e-05
 -1.44000e-02  1.13510e-05  9.22895e-03  1.38082e-03
 -1.44000e-02  1.21618e-05  1.14683e-02  2.87121e-03
 -1.44000e-02  1.29725e-05  1.38341e-02  4.46104e-03
 -1.44000e-02  1.37833e-05  1.63281e-02  6.15185e-03
 -1.44000e-02  1.45941e-05  1.89524e-02  7.94518e-03
 -1.44000e-02  1.54049e-05  2.17088e-02  9.84256e-03
 -1.44000e-02  1.62157e-05  2.45993e-02  1.18455e-02
 -1.44000e-02  1.70265e-05  2.76258e-02  1.39556e-02
 -1.44000e-02  1.78372e-05  3.07903e-02  1.61743e-02
 -1.44000e-02  1.86480e-05  3.40946e-02  1.85032e-02
 -1.44000e-02  1.94588e-05  3.75407e-02  2.09439e-02
 -1.44000e-02  2.02696e-05  4.11306e-02  2.34978e-02

 -1.32000e-02  0.00000e+00 -9.30664e-03 -9.07116e-03
 -1.32000e-02  8.10784e-07 -8.75218e-03 -8.83159e-03
 -1.32000e-02  1.62157e-06 -8.09951e-03 -8.51462e-03
 -1.32000e-02  2.43235e-06 -7.34671e-03 -8.11872e-03
 -1.32000e-02  3.24313e-06 -6.49185e-03 -7.64234e-03
 -1.32000e-02  4.05392e-06 -5.53299e-03 -7.08395e-03
 -1.32000e-02  4.86470e-06 -4.46820e-03 -6.44203e-03
 -1.32000e-02  5.67549e-06 -3.29556e-03 -5.71503e-03
 -1.32000e-02  6.48627e-06 -2.01314e-03 -4.90142e-03
 -1.32000e-02  7.29705e-06 -6.19000e-04 -3.99967e-03
 -1.32000e-02  8.10784e-06  8.88785e-04 -3.00824e-03
 -1.32000e-02  8.91862e-06  2.51215e-03 -1.92561e-03
 -1.32000e-02  9.72940e-06  4.25301e-03 -7.50226e-04
 -1.32000e-02  1.05402e-05  6.11331e-03  5.19433e-04
 -1.32000e-02  1.13510e-05  8.09498e-03  1.88490e-03
 -1.32000e-02  1.21618e-05  1.01999e-02  3.34772e-03
 -1.32000e-02  1.29725e-05  1.24301e-02  4.90942e-03
 -1.32000e-02  1.37833e-05  1.47875e-02  6.57153e-03
 -1.32000e-02  1.45941e-05  1.72739e-02  8.33559e-03
 -1.32000e-02  1.54049e-05  1.98914e-02  1.02031e-02
 -1.32000e-02  1.62157e-05  2.26417e-02  1.21757e-02
 -1.32000e-02  1.70265e-05  2.55270e-02  1.42548e-02
 -1.32000e-02  1.78372e-05  2.85491e-02  1.64420e-02
 -1.32000e-02  1.86480e-05  3.17099e-02  1.87388e-02
 -1.32000e-02  1.94588e-05  3.50114e-02  2.11468e-02
 -1.32000e-02  2.02696e-05  3.84555e-02  2.36674e-02

 -1.20000e-02  0.00000e+00 -8.58952e-03 -8.23833e-03
 -1.20000e-02  8.10784e-07 -8.14823e-03 -8.01836e-03
 -1.20000e-02  1.62157e-06 -7.60989e-03 -7.72158e-03
 -1.20000e-02  2.43235e-06 -6.97258e-03 -7.34646e-03
 -1.20000e-02  3.24313e-06 -6.23435e-03 -6.89147e-03
 -1.20000e-02  4.05392e-06 -5.39329e-03 -6.35507e-03
 -1.20000e-02  4.86470e-06 -4.44747e-03 -5.73572e-03
 -1.20000e-02  5.67549e-06 -3.39494e-03 -5.03191e-03
 -1.20000e-02  6.48627e-06 -2.23379e-03 -4.24208e-03
 -1.20000e-02  7.29705e-06 -9.62075e-04 -3.36471e-03
 -1.20000e-02  8.10784e-06  4.22124e-04 -2.39826e-03
 -1.20000e-02  8.91862e-06  1.92074e-03 -1.34120e-03
 -1.20000e-02  9.72940e-06  3.53571e-03 -1.91993e-04
 -1.20000e-02  1.05402e-05  5.26895e-03  1.05089e-03
 -1.20000e-02  1.13510e-05  7.12240e-03  2.38899e-03
 -1.20000e-02  1.21618e-05  9.09799e-03  3.82384e-03
 -1.20000e-02  1.29725e-05  1.11977e-02  5.35697e-03
 -1.20000e-02  1.37833e-05  1.34233e-02  6.98992e-03
 -1.20000e-02  1.45941e-05  1.57769e-02  8.72421e-03
 -1.20000e-02  1.54049e-05  1.82603e-02  1.05614e-02
 -1.20000e-02  1.62157e-05  2.08756e-02  1.25030e-02
 -1.20000e-02  1.70265e-05  2.36245e-02  1.45505e-02
 -1.20000e-02  1.78372e-05  2.65091e-02  1.67056e-02
 -1.20000e-02  1.86480e-05  2.95313e-02  1.89696e-02
 -1.20000e-02  1.94588e-05  3.26930e-02  2.13442e-02
 -1.20000e-02  2.02696e-05  3.59961e-02  2.38309e-02

 -1.08000e-02  0.00000e+00 -7.80429e-03 -7.40435e-03
 -1.08000e-02  8.10784e-07 -7.47121e-03 -7.20399e-03
 -1.08000e-02  1.62157e-06 -7.04226e-03 -6.92745e-03
 -1.08000e-02  2.43235e-06 -6.51551e-03 -6.57320e-03
 -1.08000e-02  3.24313e-06 -5.88903e-03 -6.13971e-03
 -1.08000e-02  4.05392e-06 -5.16088e-03 -5.62544e-03
 -1.08000e-02  4.86470e-06 -4.32914e-03 -5.02886e-03
 -1.08000e-02  5.67549e-06 -3.39188e-03 -4.34843e-03
 -1.08000e-02  6.48627e-06 -2.34716e-03 -3.58262e-03
 -1.08000e-02  7.29705e-06 -1.19306e-03 -2.72990e-03
 -1.08000e-02  8.10784e-06  7.23468e-05 -1.78874e-03
 -1.08000e-02  8.91862e-06  1.45100e-03 -7.57585e-04
 -1.08000e-02  9.72940e-06  2.94483e-03  3.65081e-04
 -1.08000e-02  1.05402e-05  4.55576e-03  1.58080e-03
 -1.08000e-02  1.13510e-05  6.28572e-03  2.89110e-03
 -1.08000e-02  1.21618e-05  8.13665e-03  4.29751e-03
 -1.08000e-02  1.29725e-05  1.01105e-02  5.80158e-03
 -1.08000e-02  1.37833e-05  1.22091e-02  7.40484e-03
 -1.08000e-02  1.45941e-05  1.44345e-02  9.10881e-03
 -1.08000e-02  1.54049e-05  1.67886e-02  1.09150e-02
 -1.08000e-02  1.62157e-05  1.92733e-02  1.28251e-02
 -1.08000e-02  1.70265e-05  2.18905e-02  1.48404e-02
 -1.08000e-02  1.78372e-05  2.46423e-02  1.69626e-02
 -1.08000e-02  1.86480e-05  2.75304e-02  1.91932e-02
 -1.08000e-02  1.94588e-05  3.05568e-02  2.15337e-02
 -1.08000e-02  2.02696e-05  3.37236e-02  2.39857e-02

 -9.60000e-03  0.00000e+00 -6.96919e-03 -6.57025e-03
 -9.60000e-03  8.10784e-07 -6.73967e-03 -6.38957e-03
 -9.60000e-03  1.62157e-06 -6.41548e-03 -6.13338e-03
 -9.60000e-03  2.43235e-06 -5.99468e-03 -5.80014e-03
 -9.60000e-03  3.24313e-06 -5.47534e-03 -5.38831e-03
 -9.60000e-03  4.05392e-06 -4.85553e-03 -4.89637e-03
 -9.60000e-03  4.86470e-06 -4.13331e-03 -4.32278e-03
 -9.60000e-03  5.67549e-06 -3.30677e-03 -3.66600e-03
 -9.60000e-03  6.48627e-06 -2.37397e-03 -2.92451e-03
 -9.60000e-03  7.29705e-06 -1.33297e-03 -2.09676e-03
 -9.60000e-03  8.10784e-06 -1.81856e-04 -1.18123e-03
 -9.60000e-03  8.91862e-06  1.08131e-03 -1.76380e-04
 -9.60000e-03  9.72940e-06  2.45846e-03  9.19326e-04
 -9.60000e-03  1.05402e-05  3.95152e-03  2.10742e-03
 -9.60000e-03  1.13510e-05  5.56242e-03  3.38944e-03
 -9.60000e-03  1.21618e-05  7.29309e-03  4.76691e-03
 -9.60000e-03  1.29725e-05  9.14546e-03  6.24137e-03
 -9.60000e-03  1.37833e-05  1.11215e-02  7.81436e-03
 -9.60000e-03  1.45941e-05  1.32230e-02  9.48741e-03
 -9.60000e-03  1.54049e-05  1.54521e-02  1.12620e-02
 -9.60000e-03  1.62157e-05  1.78106e-02  1.31398e-02
 -9.60000e-03  1.70265e-05  2.03004e-02  1.51222e-02
 -9.60000e-03  1.78372e-05  2.29235e-02  1.72109e-02
 -9.60000e-03  1.86480e-05  2.56818e-02  1.94072e-02
 -9.60000e-03  1.94588e-05  2.85773e-02  2.17128e-02
 -9.60000e-03  2.02696e-05  3.16118e-02  2.41292e-02

 -8.40000e-03  0.00000e+00 -6.10006e-03 -5.73700e-03
 -8.40000e-03  8.10784e-07 -5.96975e-03 -5.57612e-03
 -8.40000e-03  1.62157e-06 -5.74597e-03 -5.34042e-03
 -8.40000e-03  2.43235e-06 -5.42679e-03 -5.02836e-03
 -8.40000e-03  3.24313e-06 -5.01028e-03 -4.63841e-03
 -8.40000e-03  4.05392e-06 -4.49451e-03 -4.16904e-03
 -8.40000e-03  4.86470e-06 -3.87755e-03 -3.61871e-03
 -8.40000e-03  5.67549e-06 -3.15746e-03 -2.98589e-03
 -8.40000e-03  6.48627e-06 -2.33233e-03 -2.26905e-03
 -8.40000e-03  7.29705e-06 -1.40021e-03 -1.46664e-03
 -8.40000e-03  8.10784e-06 -3.59188e-04 -5.77148e-04
 -8.40000e-03  8.91862e-06  7.92679e-04  4.00975e-04
 -8.40000e-03  9.72940e-06  2.05732e-03  1.46926e-03
 -8.40000e-03  1.05402e-05  3.43666e-03  2.62924e-03
 -8.40000e-03  1.13510e-05  4.93263e-03  3.88245e-03
 -8.40000e-03  1.21618e-05  6.54716e-03  5.23042e-03
 -8.40000e-03  1.29725e-05  8.28219e-03  6.67469e-03
 -8.40000e-03  1.37833e-05  1.01396e-02  8.21679e-03
 -8.40000e-03  1.45941e-05  1.21214e-02  9.85825e-03
 -8.40000e-03  1.54049e-05  1.42295e-02  1.16006e-02
 -8.40000e-03  1.62157e-05  1.64658e-02  1.34454e-02
 -8.40000e-03  1.70265e-05  1.88322e-02  1.53942e-02
 -8.40000e-03  1.78372e-05  2.13307e-02  1.74484e-02
 -8.40000e-03  1.86480e-05  2.39633e-02  1.96097e-02
 -8.40000e-03  1.94588e-05  2.67317e-02  2.18796e-02
 -8.40000e-03  2.02696e-05  2.96380e-02  2.42596e-02

 -7.20000e-03  0.00000e+00 -5.21061e-03 -4.90551e-03
 -7.20000e-03  8.10784e-07 -5.17541e-03 -4.76457e-03
 -7.20000e-03  1.62157e-06 -5.04796e-03 -4.54954e-03
 -7.20000e-03  2.43235e-06 -4.82634e-03 -4.25887e-03
 -7.20000e-03  3.24313e-06 -4.50861e-03 -3.89105e-03
 -7.20000e-03  4.05392e-06 -4.09285e-03 -3.44452e-03
 -7.20000e-03  4.86470e-06 -3.57713e-03 -2.91776e-03
 -7.20000e-03  5.67549e-06 -2.95951e-03 -2.30924e-03
 -7.20000e-03  6.48627e-06 -2.23807e-03 -1.61741e-03
 -7.20000e-03  7.29705e-06 -1.41088e-03 -8.40756e-04
 -7.20000e-03  8.10784e-06 -4.76004e-04  2.22711e-05
 -7.20000e-03  8.91862e-06  5.68487e-04  9.73200e-04
 -7.20000e-03  9.72940e-06  1.72452e-03  2.01357e-03
 -7.20000e-03  1.05402e-05  2.99403e-03  3.14490e-03
 -7.20000e-03  1.13510e-05  4.37895e-03  4.36874e-03
 -7.20000e-03  1.21618e-05  5.88120e-03  5.68662e-03
 -7.20000e-03  1.29725e-05  7.50271e-03  7.10007e-03
 -7.20000e-03  1.37833e-05  9.24542e-03  8.61063e-03
 -7.20000e-03  1.45941e-05  1.11112e-02  1.02198e-02
 -7.20000e-03  1.54049e-05  1.31021e-02  1.19292e-02
 -7.20000e-03  1.62157e-05  1.52200e-02  1.37403e-02
 -7.20000e-03  1.70265e-05  1.74668e-02  1.56546e-02
 -7.20000e-03  1.78372e-05  1.98444e-02  1.76737e-02
 -7.20000e-03  1.86480e-05  2.23548e-02  1.97991e-02
 -7.20000e-03  1.94588e-05  2.49999e-02  2.20324e-02
 -7.20000e-03  2.02696e-05  2.77817e-02  2.43750e-02

 -6.00000e-03  0.00000e+00 -4.31262e-03 -4.07663e-03
 -6.00000e-03  8.10784e-07 -4.36866e-03 -3.95581e-03
 -6.00000e-03  1.62157e-06 -4.33371e-03 -3.76165e-03
 -6.00000e-03  2.43235e-06 -4.20583e-03 -3.49262e-03
 -6.00000e-03  3.24313e-06 -3.98310e-03 -3.14718e-03
 -6.00000e-03  4.05392e-06 -3.66357e-03 -2.72380e-03
 -6.00000e-03  4.86470e-06 -3.24532e-03 -2.22095e-03
 -6.00000e-03  5.67549e-06 -2.72643e-03 -1.63708e-03
 -6.00000e-03  6.48627e-06 -2.10495e-03 -9.70670e-04
 -6.00000e-03  7.29705e-06 -1.37897e-03 -2.20183e-04
 -6.00000e-03  8.10784e-06 -5.46549e-04  6.15917e-04
 -6.00000e-03  8.91862e-06  3.94243e-04  1.53916e-03
 -6.00000e-03  9.72940e-06  1.44533e-03  2.55109e-03
 -6.00000e-03  1.05402e-05  2.60866e-03  3.65322e-03
 -6.00000e-03  1.13510e-05  3.88614e-03  4.84711e-03
 -6.00000e-03  1.21618e-05  5.27971e-03  6.13428e-03
 -6.00000e-03  1.29725e-05  6.79130e-03  7.51626e-03
 -6.00000e-03  1.37833e-05  8.42284e-03  8.99460e-03
 -6.00000e-03  1.45941e-05  1.01763e-02  1.05708e-02
 -6.00000e-03  1.54049e-05  1.20535e-02  1.22465e-02
 -6.00000e-03  1.62157e-05  1.40565e-02  1.40230e-02
 -6.00000e-03  1.70265e-05  1.61871e-02  1.59021e-02
 -6.00000e-03  1.78372e-05  1.84473e-02  1.78852e-02
 -6.00000e-03  1.86480e-05  2.08391e-02  1.99739e-02
 -6.00000e-03  1.94588e-05  2.33644e-02  2.21696e-02
 -6.00000e-03  2.02696e-05  2.60250e-02  2.44739e-02

 -4.80000e-03  0.00000e+00 -3.41617e-03 -3.25119e-03
 -4.80000e-03  8.10784e-07 -3.55985e-03 -3.15068e-03
 -4.80000e-03  1.62157e-06 -3.61379e-03 -2.97762e-03
 -4.80000e-03  2.43235e-06 -3.57606e-03 -2.73047e-03
 -4.80000e-03  3.24313e-06 -3.44474e-03 -2.40771e-03
 -4.80000e-03  4.05392e-06 -3.21789e-03 -2.00779e-03
 -4.80000e-03  4.86470e-06 -2.89358e-03 -1.52918e-03
 -4.80000e-03  5.67549e-06 -2.46989e-03 -9.70353e-04
 -4.80000e-03  6.48627e-06 -1.94488e-03 -3.29769e-04
 -4.80000e-03  7.29705e-06 -1.31662e-03  3.94105e-04
 -4.80000e-03  8.10784e-06 -5.83184e-04  1.20280e-03
 -4.80000e-03  8.91862e-06  2.57359e-04  2.09786e-03
 -4.80000e-03  9.72940e-06  1.20694e-03  3.08080e-03
 -4.80000e-03  1.05402e-05  2.26749e-03  4.15318e-03
 -4.80000e-03  1.13510e-05  3.44093e-03  5.31651e-03
 -4.80000e-03  1.21618e-05  4.72920e-03  6.57234e-03
 -4.80000e-03  1.29725e-05  6.13424e-03  7.92219e-03
 -4.80000e-03  1.37833e-05  7.65796e-03  9.36761e-03
 -4.80000e-03  1.45941e-05  9.30229e-03  1.09101e-02
 -4.80000e-03  1.54049e-05  1.10692e-02  1.25513e-02
 -4.80000e-03  1.62157e-05  1.29605e-02  1.42926e-02
 -4.80000e-03  1.70265e-05  1.49783e-02  1.61356e-02
 -4.80000e-03  1.78372e-05  1.71244e-02  1.80818e-02
 -4.80000e-03  1.86480e-05  1.94008e-02  2.01328e-02
 -4.80000e-03  1.94588e-05  2.18094e-02  2.22901e-02
 -4.80000e-03  2.02696e-05  2.43521e-02  2.45552e-02

 -3.60000e-03  0.00000e+00 -2.52989e-03 -2.43000e-03
 -3.60000e-03  8.10784e-07 -2.75778e-03 -2.35000e-03
 -3.60000e-03  1.62157e-06 -2.89721e-03 -2.19826e-03
 -3.60000e-03  2.43235e-06 -2.94625e-03 -1.97326e-03
 -3.60000e-03  3.24313e-06 -2.90298e-03 -1.67346e-03
 -3.60000e-03  4.05392e-06 -2.76546e-03 -1.29732e-03
 -3.60000e-03  4.86470e-06 -2.53176e-03 -8.43321e-04
 -3.60000e-03  5.67549e-06 -2.19996e-03 -3.09916e-04
 -3.60000e-03  6.48627e-06 -1.76812e-03  3.04426e-04
 -3.60000e-03  7.29705e-06 -1.23431e-03  1.00124e-03
 -3.60000e-03  8.10784e-06 -5.96597e-04  1.78205e-03
 -3.60000e-03  8.91862e-06  1.46939e-04  2.64841e-03
 -3.60000e-03  9.72940e-06  9.98233e-04  3.60183e-03
 -3.60000e-03  1.05402e-05  1.95921e-03  4.64386e-03
 -3.60000e-03  1.13510e-05  3.03182e-03  5.77604e-03
 -3.60000e-03  1.21618e-05  4.21796e-03  6.99988e-03
 -3.60000e-03  1.29725e-05  5.51959e-03  8.31694e-03
 -3.60000e-03  1.37833e-05  6.93863e-03  9.72873e-03
 -3.60000e-03  1.45941e-05  8.47700e-03  1.12368e-02
 -3.60000e-03  1.54049e-05  1.01366e-02  1.28427e-02
 -3.60000e-03  1.62157e-05  1.19195e-02  1.45479e-02
 -3.60000e-03  1.70265e-05  1.38275e-02  1.63540e-02
 -3.60000e-03  1.78372e-05  1.58625e-02  1.82625e-02
 -3.60000e-03  1.86480e-05  1.80265e-02  2.02750e-02
 -3.60000e-03  1.94588e-05  2.03214e-02  2.23929e-02
 -3.60000e-03  2.02696e-05  2.27492e-02  2.46179e-02

 -2.40000e-03  0.00000e+00 -1.66111e-03 -1.61387e-03
 -2.40000e-03  8.10784e-07 -1.96998e-03 -1.55457e-03
 -2.40000e-03  1.62157e-06 -2.19169e-03 -1.42438e-03
 -2.40000e-03  2.43235e-06 -2.32431e-03 -1.22178e-03
 -2.40000e-03  3.24313e-06 -2.36591e-03 -9.45230e-04
 -2.40000e-03  4.05392e-06 -2.31456e-03 -5.93197e-04
 -2.40000e-03  4.86470e-06 -2.16833e-03 -1.64148e-04
 -2.40000e-03  5.67549e-06 -1.92528e-03  3.43451e-04
 -2.40000e-03  6.48627e-06 -1.58350e-03  9.31136e-04
 -2.40000e-03  7.29705e-06 -1.14105e-03  1.60044e-03
 -2.40000e-03  8.10784e-06 -5.95995e-04  2.35290e-03
 -2.40000e-03  8.91862e-06  5.35906e-05  3.19004e-03
 -2.40000e-03  9.72940e-06  8.09637e-04  4.11340e-03
 -2.40000e-03  1.05402e-05  1.67407e-03  5.12452e-03
 -2.40000e-03  1.13510e-05  2.64883e-03  6.22493e-03
 -2.40000e-03  1.21618e-05  3.73584e-03  7.41616e-03
 -2.40000e-03  1.29725e-05  4.93704e-03  8.69975e-03
 -2.40000e-03  1.37833e-05  6.25434e-03  1.00772e-02
 -2.40000e-03  1.45941e-05  7.68968e-03  1.15501e-02
 -2.40000e-03  1.54049e-05  9.24500e-03  1.31200e-02
 -2.40000e-03  1.62157e-05  1.09222e-02  1.47883e-02
 -2.40000e-03  1.70265e-05  1.27233e-02  1.65567e-02
 -2.40000e-03  1.78372e-05  1.46501e-02  1.84267e-02
 -2.40000e-03  1.86480e-05  1.67046e-02  2.03997e-02
 -2.40000e-03  1.94588e-05  1.88887e-02  2.24774e-02
 -2.40000e-03  2.02696e-05  2.12044e-02  2.46612e-02

 -1.20000e-03  0.00000e+00 -8.16049e-04 -8.03601e-04
 -1.20000e-03  8.10784e-07 -1.20284e-03 -7.65174e-04
 -1.20000e-03  1.62157e-06 -1.50378e-03 -6.56750e-04
 -1.20000e-03  2.43235e-06 -1.71695e-03 -4.76794e-04
 -1.20000e-03  3.24313e-06 -1.84041e-03 -2.23772e-04
 -1.20000e-03  4.05392e-06 -1.87224e-03  1.03850e-04
 -1.20000e-03  4.86470e-06 -1.81050e-03  5.07606e-04
 -1.20000e-03  5.67549e-06 -1.65326e-03  9.89029e-04
 -1.20000e-03  6.48627e-06 -1.39860e-03  1.54965e-03
 -1.20000e-03  7.29705e-06 -1.04458e-03  2.19102e-03
 -1.20000e-03  8.10784e-06 -5.89278e-04  2.91465e-03
 -1.20000e-03  8.91862e-06 -3.07555e-05  3.72208e-03
 -1.20000e-03  9.72940e-06  6.32914e-04  4.61486e-03
 -1.20000e-03  1.05402e-05  1.40366e-03  5.59450e-03
 -1.20000e-03  1.13510e-05  2.28341e-03  6.66255e-03
 -1.20000e-03  1.21618e-05  3.27410e-03  7.82054e-03
 -1.20000e-03  1.29725e-05  4.37766e-03  9.07001e-03
 -1.20000e-03  1.37833e-05  5.59601e-03  1.04125e-02
 -1.20000e-03  1.45941e-05  6.93110e-03  1.18495e-02
 -1.20000e-03  1.54049e-05  8.38484e-03  1.33826e-02
 -1.20000e-03  1.62157e-05  9.95916e-03  1.50133e-02
 -1.20000e-03  1.70265e-05  1.16560e-02  1.67431e-02
 -1.20000e-03  1.78372e-05  1.34773e-02  1.85737e-02
 -1.20000e-03  1.86480e-05  1.54250e-02  2.05064e-02
 -1.20000e-03  1.94588e-05  1.75010e-02  2.25429e-02
 -1.20000e-03  2.02696e-05  1.97072e-02  2.46846e-02

  0.00000e+00  0.00000e+00  0.00000e+00  0.00000e+00
  0.00000e+00  8.10784e-07 -4.61795e-04  1.73879e-05
  0.00000e+00  1.62157e-06 -8.39076e-04  1.03859e-04
  0.00000e+00  2.43235e-06 -1.12991e-03  2.60948e-04
  0.00000e+00  3.24313e-06 -1.33238e-03  4.90188e-04
  0.00000e+00  4.05392e-06 -1.44453e-03  7.93113e-04
  0.00000e+00  4.86470e-06 -1.46446e-03  1.17126e-03
  0.00000e+00  5.67549e-06 -1.39022e-03  1.62616e-03
  0.00000e+00  6.48627e-06 -1.21988e-03  2.15934e-03
  0.00000e+00  7.29705e-06 -9.51522e-04  2.77235e-03
  0.00000e+00  8.10784e-06 -5.83207e-04  3.46671e-03
  0.00000e+00  8.91862e-06 -1.13007e-04  4.24396e-03
  0.00000e+00  9.72940e-06  4.61007e-04  5.10564e-03
  0.00000e+00  1.05402e-05  1.14077e-03  6.05327e-03
  0.00000e+00  1.13510e-05  1.92820e-03  7.08839e-03
  0.00000e+00  1.21618e-05  2.82524e-03  8.21254e-03
  0.00000e+00  1.29725e-05  3.83382e-03  9.42725e-03
  0.00000e+00  1.37833e-05  4.95586e-03  1.07341e-02
  0.00000e+00  1.45941e-05  6.19330e-03  1.21345e-02
  0.00000e+00  1.54049e-05  7.54806e-03  1.36301e-02
  0.00000e+00  1.62157e-05  9.02208e-03  1.52224e-02
  0.00000e+00  1.70265e-05  1.06173e-02  1.69129e-02
  0.00000e+00  1.78372e-05  1.23356e-02  1.87032e-02
  0.00000e+00  1.86480e-05  1.41790e-02  2.05947e-02
  0.00000e+00  1.94588e-05  1.61493e-02  2.25891e-02
  0.00000e+00  2.02696e-05  1.82486e-02  2.46879e-02

  1.20000e-03  0.00000e+00  7.82561e-04  7.96105e-04
  1.20000e-03  8.10784e-07  2.48547e-04  7.92325e-04
  1.20000e-03  1.62157e-06 -2.02301e-04  8.56682e-04
  1.20000e-03  2.43235e-06 -5.68055e-04  9.90710e-04
  1.20000e-03  3.24313e-06 -8.46784e-04  1.19594e-03
  1.20000e-03  4.05392e-06 -1.03656e-03  1.47392e-03
  1.20000e-03  4.86470e-06 -1.13545e-03  1.82616e-03
  1.20000e-03  5.67549e-06 -1.14152e-03  2.25422e-03
  1.20000e-03  6.48627e-06 -1.05285e-03  2.75961e-03
  1.20000e-03  7.29705e-06 -8.67499e-04  3.34388e-03
  1.20000e-03  8.10784e-06 -5.83545e-04  4.00856e-03
  1.20000e-03  8.91862e-06 -1.99056e-04  4.75518e-03
  1.20000e-03  9.72940e-06  2.87899e-04  5.58528e-03
  1.20000e-03  1.05402e-05  8.79250e-04  6.50039e-03
  1.20000e-03  1.13510e-05  1.57693e-03  7.50205e-03
  1.20000e-03  1.21618e-05  2.38286e-03  8.59179e-03
  1.20000e-03  1.29725e-05  3.29898e-03  9.77113e-03
  1.20000e-03  1.37833e-05  4.32721e-03  1.10416e-02
  1.20000e-03  1.45941e-05  5.46950e-03  1.24048e-02
  1.20000e-03  1.54049e-05  6.72776e-03  1.38622e-02
  1.20000e-03  1.62157e-05  8.10392e-03  1.54153e-02
  1.20000e-03  1.70265e-05  9.59992e-03  1.70658e-02
  1.20000e-03  1.78372e-05  1.12177e-02  1.88150e-02
  1.20000e-03  1.86480e-05  1.29592e-02  2.06646e-02
  1.20000e-03  1.94588e-05  1.48262e-02  2.26161e-02
  1.20000e-03  2.02696e-05  1.68209e-02  2.46710e-02

  2.40000e-03  0.00000e+00  1.52782e-03  1.58387e-03
  2.40000e-03  8.10784e-07  9.24267e-04  1.55883e-03
  2.40000e-03  1.62157e-06  4.02511e-04  1.60095e-03
  2.40000e-03  2.43235e-06 -3.55161e-05  1.71177e-03
  2.40000e-03  3.24313e-06 -3.87885e-04  1.89281e-03
  2.40000e-03  4.05392e-06 -6.52666e-04  2.14562e-03
  2.40000e-03  4.86470e-06 -8.27928e-04  2.47172e-03
  2.40000e-03  5.67549e-06 -9.11741e-04  2.87265e-03
  2.40000e-03  6.48627e-06 -9.02176e-04  3.34994e-03
  2.40000e-03  7.29705e-06 -7.97302e-04  3.90513e-03
  2.40000e-03  8.10784e-06 -5.95189e-04  4.53975e-03
  2.40000e-03  8.91862e-06 -2.93907e-04  5.25534e-03
  2.40000e-03  9.72940e-06  1.08475e-04  6.05343e-03
  2.40000e-03  1.05402e-05  6.13885e-04  6.93555e-03
  2.40000e-03  1.13510e-05  1.22426e-03  7.90324e-03
  2.40000e-03  1.21618e-05  1.94151e-03  8.95803e-03
  2.40000e-03  1.29725e-05  2.76759e-03  1.01015e-02
  2.40000e-03  1.37833e-05  3.70442e-03  1.13350e-02
  2.40000e-03  1.45941e-05  4.75393e-03  1.26603e-02
  2.40000e-03  1.54049e-05  5.91805e-03  1.40789e-02
  2.40000e-03  1.62157e-05  7.19871e-03  1.55922e-02
  2.40000e-03  1.70265e-05  8.59784e-03  1.72018e-02
  2.40000e-03  1.78372e-05  1.01174e-02  1.89093e-02
  2.40000e-03  1.86480e-05  1.17592e-02  2.07161e-02
  2.40000e-03  1.94588e-05  1.35253e-02  2.26238e-02
  2.40000e-03  2.02696e-05  1.54177e-02  2.46340e-02

  3.60000e-03  0.00000e+00  2.23252e-03  2.36242e-03
  3.60000e-03  8.10784e-07  1.56202e-03  2.31608e-03
  3.60000e-03  1.62157e-06  9.71928e-04  2.33590e-03
  3.60000e-03  2.43235e-06  4.64181e-04  2.42340e-03
  3.60000e-03  3.24313e-06  4.07086e-05  2.58011e-03
  3.60000e-03  4.05392e-06 -2.96560e-04  2.80758e-03
  3.60000e-03  4.86470e-06 -5.45693e-04  3.10734e-03
  3.60000e-03  5.67549e-06 -7.04763e-04  3.48091e-03
  3.60000e-03  6.48627e-06 -7.71837e-04  3.92984e-03
  3.60000e-03  7.29705e-06 -7.44987e-04  4.45566e-03
  3.60000e-03  8.10784e-06 -6.22282e-04  5.05990e-03
  3.60000e-03  8.91862e-06 -4.01792e-04  5.74410e-03
  3.60000e-03  9.72940e-06 -8.15870e-05  6.50979e-03
  3.60000e-03  1.05402e-05  3.40263e-04  7.35850e-03
  3.60000e-03  1.13510e-05  8.65689e-04  8.29177e-03
  3.60000e-03  1.21618e-05  1.49662e-03  9.31113e-03
  3.60000e-03  1.29725e-05  2.23499e-03  1.04181e-02
  3.60000e-03  1.37833e-05  3.08272e-03  1.16143e-02
  3.60000e-03  1.45941e-05  4.04175e-03  1.29011e-02
  3.60000e-03  1.54049e-05  5.11400e-03  1.42802e-02
  3.60000e-03  1.62157e-05  6.30141e-03  1.57530e-02
  3.60000e-03  1.70265e-05  7.60590e-03  1.73211e-02
  3.60000e-03  1.78372e-05  9.02942e-03  1.89861e-02
  3.60000e-03  1.86480e-05  1.05739e-02  2.07494e-02
  3.60000e-03  1.94588e-05  1.22412e-02  2.26126e-02
  3.60000e-03  2.02696e-05  1.40333e-02  2.45773e-02

  4.80000e-03  0.00000e+00  2.89387e-03  3.13086e-03
  4.80000e-03  8.10784e-07  2.15894e-03  3.06324e-03
  4.80000e-03  1.62157e-06  1.50301e-03  3.06074e-03
  4.80000e-03  2.43235e-06  9.28031e-04  3.12487e-03
  4.80000e-03  3.24313e-06  4.35923e-04  3.25719e-03
  4.80000e-03  4.05392e-06  2.86176e-05  3.45921e-03
  4.80000e-03  4.86470e-06 -2.91955e-04  3.73248e-03
  4.80000e-03  5.67549e-06 -5.23864e-04  4.07853e-03
  4.80000e-03  6.48627e-06 -6.65181e-04  4.49890e-03
  4.80000e-03  7.29705e-06 -7.13974e-04  4.99511e-03
  4.80000e-03  8.10784e-06 -6.68314e-04  5.56870e-03
  4.80000e-03  8.91862e-06 -5.26270e-04  6.22120e-03
  4.80000e-03  9.72940e-06 -2.85913e-04  6.95416e-03
  4.80000e-03  1.05402e-05  5.46879e-05  7.76910e-03
  4.80000e-03  1.13510e-05  4.97463e-04  8.66756e-03
  4.80000e-03  1.21618e-05  1.04434e-03  9.65106e-03
  4.80000e-03  1.29725e-05  1.69725e-03  1.07212e-02
  4.80000e-03  1.37833e-05  2.45813e-03  1.18794e-02
  4.80000e-03  1.45941e-05  3.32890e-03  1.31272e-02
  4.80000e-03  1.54049e-05  4.31150e-03  1.44663e-02
  4.80000e-03  1.62157e-05  5.40784e-03  1.58981e-02
  4.80000e-03  1.70265e-05  6.61988e-03  1.74241e-02
  4.80000e-03  1.78372e-05  7.94953e-03  1.90459e-02
  4.80000e-03  1.86480e-05  9.39872e-03  2.07651e-02
  4.80000e-03  1.94588e-05  1.09694e-02  2.25831e-02
  4.80000e-03  2.02696e-05  1.26635e-02  2.45014e-02

  6.00000e-03  0.00000e+00  3.50944e-03  3.88827e-03
  6.00000e-03  8.10784e-07  2.71254e-03  3.79946e-03
  6.00000e-03  1.62157e-06  1.99324e-03  3.77468e-03
  6.00000e-03  2.43235e-06  1.35346e-03  3.81548e-03
  6.00000e-03  3.24313e-06  7.95137e-04  3.92338e-03
  6.00000e-03  4.05392e-06  3.20196e-04  4.09992e-03
  6.00000e-03  4.86470e-06 -6.94319e-05  4.34663e-03
  6.00000e-03  5.67549e-06 -3.71815e-04  4.66505e-03
  6.00000e-03  6.48627e-06 -5.85025e-04  5.05671e-03
  6.00000e-03  7.29705e-06 -7.07130e-04  5.52315e-03
  6.00000e-03  8.10784e-06 -7.36201e-04  6.06589e-03
  6.00000e-03  8.91862e-06 -6.70307e-04  6.68648e-03
  6.00000e-03  9.72940e-06 -5.07519e-04  7.38644e-03
  6.00000e-03  1.05402e-05 -2.45906e-04  8.16731e-03
  6.00000e-03  1.13510e-05  1.16462e-04  9.03063e-03
  6.00000e-03  1.21618e-05  5.81515e-04  9.97793e-03
  6.00000e-03  1.29725e-05  1.15118e-03  1.10107e-02
  6.00000e-03  1.37833e-05  1.82740e-03  1.21306e-02
  6.00000e-03  1.45941e-05  2.61208e-03  1.33390e-02
  6.00000e-03  1.54049e-05  3.50718e-03  1.46376e-02
  6.00000e-03  1.62157e-05  4.51461e-03  1.60278e-02
  6.00000e-03  1.70265e-05  5.63630e-03  1.75112e-02
  6.00000e-03  1.78372e-05  6.87419e-03  1.90893e-02
  6.00000e-03  1.86480e-05  8.23020e-03  2.07636e-02
  6.00000e-03  1.94588e-05  9.70628e-03  2.25357e-02
  6.00000e-03  2.02696e-05  1.13043e-02  2.44072e-02

  7.20000e-03  0.00000e+00  4.07712e-03  4.63370e-03
  7.20000e-03  8.10784e-07  3.22070e-03  4.52385e-03
  7.20000e-03  1.62157e-06  2.44044e-03  4.47694e-03
  7.20000e-03  2.43235e-06  1.73827e-03  4.49450e-03
  7.20000e-03  3.24313e-06  1.11612e-03  4.57805e-03
  7.20000e-03  4.05392e-06  5.75912e-04  4.72914e-03
  7.20000e-03  4.86470e-06  1.19583e-04  4.94930e-03
  7.20000e-03  5.67549e-06 -2.50938e-04  5.24006e-03
  7.20000e-03  6.48627e-06 -5.33721e-04  5.60296e-03
  7.20000e-03  7.29705e-06 -7.26836e-04  6.03952e-03
  7.20000e-03  8.10784e-06 -8.28354e-04  6.55130e-03
  7.20000e-03  8.91862e-06 -8.36343e-04  7.13981e-03
  7.20000e-03  9.72940e-06 -7.48874e-04  7.80659e-03
  7.20000e-03  1.05402e-05 -5.64017e-04  8.55318e-03
  7.20000e-03  1.13510e-05 -2.79842e-04  9.38111e-03
  7.20000e-03  1.21618e-05  1.05582e-04  1.02919e-02
  7.20000e-03  1.29725e-05  5.94185e-04  1.12871e-02
  7.20000e-03  1.37833e-05  1.18790e-03  1.23683e-02
  7.20000e-03  1.45941e-05  1.88865e-03  1.35369e-02
  7.20000e-03  1.54049e-05  2.69836e-03  1.47946e-02
  7.20000e-03  1.62157e-05  3.61898e-03  1.61427e-02
  7.20000e-03  1.70265e-05  4.65243e-03  1.75830e-02
  7.20000e-03  1.78372e-05  5.80064e-03  1.91169e-02
  7.20000e-03  1.86480e-05  7.06553e-03  2.07459e-02
  7.20000e-03  1.94588e-05  8.44905e-03  2.24716e-02
  7.20000e-03  2.02696e-05  9.95311e-03  2.42955e-02

  8.40000e-03  0.00000e+00  4.59504e-03  5.36617e-03
  8.40000e-03  8.10784e-07  3.68154e-03  5.23554e-03
  8.40000e-03  1.62157e-06  2.84274e-03  5.16671e-03
  8.40000e-03  2.43235e-06  2.08057e-03  5.16121e-03
  8.40000e-03  3.24313e-06  1.39697e-03  5.22057e-03
  8.40000e-03  4.05392e-06  7.93861e-04  5.34633e-03
  8.40000e-03  4.86470e-06  2.73175e-04  5.54002e-03
  8.40000e-03  5.67549e-06 -1.63157e-04  5.80318e-03
  8.40000e-03  6.48627e-06 -5.13205e-04  6.13734e-03
  8.40000e-03  7.29705e-06 -7.75039e-04  6.54404e-03
  8.40000e-03  8.10784e-06 -9.46729e-04  7.02480e-03
  8.40000e-03  8.91862e-06 -1.02634e-03  7.58117e-03
  8.40000e-03  9.72940e-06 -1.01196e-03  8.21467e-03
  8.40000e-03  1.05402e-05 -9.01632e-04  8.92685e-03
  8.40000e-03  1.13510e-05 -6.93445e-04  9.71922e-03
  8.40000e-03  1.21618e-05 -3.85462e-04  1.05933e-02
  8.40000e-03  1.29725e-05  2.42449e-05  1.15507e-02
  8.40000e-03  1.37833e-05  5.37607e-04  1.25929e-02
  8.40000e-03  1.45941e-05  1.15655e-03  1.37215e-02
  8.40000e-03  1.54049e-05  1.88302e-03  1.49379e-02
  8.40000e-03  1.62157e-05  2.71892e-03  1.62437e-02
  8.40000e-03  1.70265e-05  3.66621e-03  1.76405e-02
  8.40000e-03  1.78372e-05  4.72679e-03  1.91297e-02
  8.40000e-03  1.86480e-05  5.90262e-03  2.07129e-02
  8.40000e-03  1.94588e-05  7.19561e-03  2.23917e-02
  8.40000e-03  2.02696e-05  8.60769e-03  2.41676e-02

  9.60000e-03  0.00000e+00  5.06159e-03  6.08470e-03
  9.60000e-03  8.10784e-07  4.09344e-03  5.93362e-03
  9.60000e-03  1.62157e-06  3.19852e-03  5.84318e-03
  9.60000e-03  2.43235e-06  2.37876e-03  5.81490e-03
  9.60000e-03  3.24313e-06  1.63610e-03  5.85032e-03
  9.60000e-03  4.05392e-06  9.72458e-04  5.95096e-03
  9.60000e-03  4.86470e-06  3.89769e-04  6.11838e-03
  9.60000e-03  5.67549e-06 -1.10037e-04  6.35409e-03
  9.60000e-03  6.48627e-06 -5.25031e-04  6.65964e-03
  9.60000e-03  7.29705e-06 -8.53282e-04  7.03655e-03
  9.60000e-03  8.10784e-06 -1.09286e-03  7.48636e-03
  9.60000e-03  8.91862e-06 -1.24183e-03  8.01061e-03
  9.60000e-03  9.72940e-06 -1.29828e-03  8.61083e-03
  9.60000e-03  1.05402e-05 -1.26026e-03  9.28855e-03
  9.60000e-03  1.13510e-05 -1.12584e-03  1.00453e-02
  9.60000e-03  1.21618e-05 -8.93104e-04  1.08826e-02
  9.60000e-03  1.29725e-05 -5.60113e-04  1.18021e-02
  9.60000e-03  1.37833e-05 -1.24938e-04  1.28051e-02
  9.60000e-03  1.45941e-05  4.14350e-04  1.38934e-02
  9.60000e-03  1.54049e-05  1.05968e-03  1.50683e-02
  9.60000e-03  1.62157e-05  1.81299e-03  1.63315e-02
  9.60000e-03  1.70265e-05  2.67620e-03  1.76845e-02
  9.60000e-03  1.78372e-05  3.65124e-03  1.91288e-02
  9.60000e-03  1.86480e-05  4.74005e-03  2.06659e-02
  9.60000e-03  1.94588e-05  5.94455e-03  2.22974e-02
  9.60000e-03  2.02696e-05  7.26668e-03  2.40248e-02

  1.08000e-02  0.00000e+00  5.47532e-03  6.78826e-03
  1.08000e-02  8.10784e-07  4.45500e-03  6.61719e-03
  1.08000e-02  1.62157e-06  3.50641e-03  6.50555e-03
  1.08000e-02  2.43235e-06  2.63150e-03  6.45488e-03
  1.08000e-02  3.24313e-06  1.83220e-03  6.46670e-03
  1.08000e-02  4.05392e-06  1.11042e-03  6.54256e-03
  1.08000e-02  4.86470e-06  4.68115e-04  6.68398e-03
  1.08000e-02  5.67549e-06 -9.27996e-05  6.89250e-03
  1.08000e-02  6.48627e-06 -5.70391e-04  7.16966e-03
  1.08000e-02  7.29705e-06 -9.62728e-04  7.51698e-03
  1.08000e-02  8.10784e-06 -1.26788e-03  7.93601e-03
  1.08000e-02  8.91862e-06 -1.48392e-03  8.42827e-03
  1.08000e-02  9.72940e-06 -1.60891e-03  8.99530e-03
  1.08000e-02  1.05402e-05 -1.64093e-03  9.63864e-03
  1.08000e-02  1.13510e-05 -1.57805e-03  1.03598e-02
  1.08000e-02  1.21618e-05 -1.41833e-03  1.11604e-02
  1.08000e-02  1.29725e-05 -1.15984e-03  1.20418e-02
  1.08000e-02  1.37833e-05 -8.00666e-04  1.30057e-02
  1.08000e-02  1.45941e-05 -3.38862e-04  1.40536e-02
  1.08000e-02  1.54049e-05  2.27497e-04  1.51869e-02
  1.08000e-02  1.62157e-05  9.00341e-04  1.64074e-02
  1.08000e-02  1.70265e-05  1.68160e-03  1.77164e-02
  1.08000e-02  1.78372e-05  2.57321e-03  1.91155e-02
  1.08000e-02  1.86480e-05  3.57709e-03  2.06062e-02
  1.08000e-02  1.94588e-05  4.69517e-03  2.21901e-02
  1.08000e-02  2.02696e-05  5.92939e-03  2.38688e-02

  1.20000e-02  0.00000e+00  5.83502e-03  7.47584e-03
  1.20000e-02  8.10784e-07  4.76504e-03  7.28534e-03
  1.20000e-02  1.62157e-06  3.76529e-03  7.15303e-03
  1.20000e-02  2.43235e-06  2.83771e-03  7.08046e-03
  1.20000e-02  3.24313e-06  1.98423e-03  7.06916e-03
  1.20000e-02  4.05392e-06  1.20678e-03  7.12065e-03
  1.20000e-02  4.86470e-06  5.07282e-04  7.23649e-03
  1.20000e-02  5.67549e-06 -1.12326e-04  7.41819e-03
  1.20000e-02  6.48627e-06 -6.50117e-04  7.66729e-03
  1.20000e-02  7.29705e-06 -1.10416e-03  7.98534e-03
  1.20000e-02  8.10784e-06 -1.47252e-03  8.37385e-03
  1.20000e-02  8.91862e-06 -1.75328e-03  8.83437e-03
  1.20000e-02  9.72940e-06 -1.94450e-03  9.36843e-03
  1.20000e-02  1.05402e-05 -2.04425e-03  9.97756e-03
  1.20000e-02  1.13510e-05 -2.05060e-03  1.06633e-02
  1.20000e-02  1.21618e-05 -1.96163e-03  1.14272e-02
  1.20000e-02  1.29725e-05 -1.77539e-03  1.22707e-02
  1.20000e-02  1.37833e-05 -1.48997e-03  1.31955e-02
  1.20000e-02  1.45941e-05 -1.10342e-03  1.42030e-02
  1.20000e-02  1.54049e-05 -6.13832e-04  1.52948e-02
  1.20000e-02  1.62157e-05 -1.92611e-05  1.64724e-02
  1.20000e-02  1.70265e-05  6.82219e-04  1.77374e-02
  1.20000e-02  1.78372e-05  1.49254e-03  1.90912e-02
  1.20000e-02  1.86480e-05  2.41363e-03  2.05354e-02
  1.20000e-02  1.94588e-05  3.44741e-03  2.20716e-02
  1.20000e-02  2.02696e-05  4.59583e-03  2.37013e-02

  1.32000e-02  0.00000e+00  6.13967e-03  8.14642e-03
  1.32000e-02  8.10784e-07  5.02262e-03  7.93716e-03
  1.32000e-02  1.62157e-06  3.97428e-03  7.78484e-03
  1.32000e-02  2.43235e-06  2.99659e-03  7.69099e-03
  1.32000e-02  3.24313e-06  2.09147e-03  7.65715e-03
  1.32000e-02  4.05392e-06  1.26085e-03  7.68484e-03
  1.32000e-02  4.86470e-06  5.06672e-04  7.77561e-03
  1.32000e-02  5.67549e-06 -1.69146e-04  7.93098e-03
  1.32000e-02  6.48627e-06 -7.64670e-04  8.15250e-03
  1.32000e-02  7.29705e-06 -1.27797e-03  8.44169e-03
  1.32000e-02  8.10784e-06 -1.70711e-03  8.80009e-03
  1.32000e-02  8.91862e-06 -2.05017e-03  9.22924e-03
  1.32000e-02  9.72940e-06 -2.30522e-03  9.73066e-03
  1.32000e-02  1.05402e-05 -2.47032e-03  1.03059e-02
  1.32000e-02  1.13510e-05 -2.54355e-03  1.09565e-02
  1.32000e-02  1.21618e-05 -2.52297e-03  1.16839e-02
  1.32000e-02  1.29725e-05 -2.40666e-03  1.24898e-02
  1.32000e-02  1.37833e-05 -2.19268e-03  1.33756e-02
  1.32000e-02  1.45941e-05 -1.87911e-03  1.43429e-02
  1.32000e-02  1.54049e-05 -1.46401e-03  1.53932e-02
  1.32000e-02  1.62157e-05 -9.45452e-04  1.65281e-02
  1.32000e-02  1.70265e-05 -3.21512e-04  1.77490e-02
  1.32000e-02  1.78372e-05  4.09744e-04  1.90576e-02
  1.32000e-02  1.86480e-05  1.25024e-03  2.04553e-02
  1.32000e-02  1.94588e-05  2.20192e-03  2.19437e-02
  1.32000e-02  2.02696e-05  3.26671e-03  2.35243e-02

  1.44000e-02  0.00000e+00  6.38851e-03  8.79896e-03
  1.44000e-02  8.10784e-07  5.22707e-03  8.57176e-03
  1.44000e-02  1.62157e-06  4.13280e-03  8.40021e-03
  1.44000e-02  2.43235e-06  3.10763e-03  8.28584e-03
  1.44000e-02  3.24313e-06  2.15350e-03  8.23017e-03
  1.44000e-02  4.05392e-06  1.27233e-03  8.23476e-03
  1.44000e-02  4.86470e-06  4.66049e-04  8.30112e-03
  1.44000e-02  5.67549e-06 -2.63406e-04  8.43079e-03
  1.44000e-02  6.48627e-06 -9.14108e-04  8.62531e-03
  1.44000e-02  7.29705e-06 -1.48413e-03  8.88622e-03
  1.44000e-02  8.10784e-06 -1.97153e-03  9.21504e-03
  1.44000e-02  8.91862e-06 -2.37439e-03  9.61330e-03
  1.44000e-02  9.72940e-06 -2.69078e-03  1.00826e-02
  1.44000e-02  1.05402e-05 -2.91877e-03  1.06243e-02
  1.44000e-02  1.13510e-05 -3.05642e-03  1.12401e-02
  1.44000e-02  1.21618e-05 -3.10180e-03  1.19316e-02
  1.44000e-02  1.29725e-05 -3.05300e-03  1.27001e-02
  1.44000e-02  1.37833e-05 -2.90807e-03  1.35473e-02
  1.44000e-02  1.45941e-05 -2.66508e-03  1.44746e-02
  1.44000e-02  1.54049e-05 -2.32211e-03  1.54837e-02
  1.44000e-02  1.62157e-05 -1.87723e-03  1.65760e-02
  1.44000e-02  1.70265e-05 -1.32850e-03  1.77532e-02
  1.44000e-02  1.78372e-05 -6.73996e-04  1.90166e-02
  1.44000e-02  1.86480e-05  8.82122e-05  2.03679e-02
  1.44000e-02  1.94588e-05  9.60055e-04  2.18087e-02
  1.44000e-02  2.02696e-05  1.94346e-03  2.33403e-02

  1.56000e-02  0.00000e+00  6.58105e-03  9.43247e-03
  1.56000e-02  8.10784e-07  5.37800e-03  9.18829e-03
  1.56000e-02  1.62157e-06  4.24057e-03  8.99843e-03
  1.56000e-02  2.43235e-06  3.17068e-03  8.86443e-03
  1.56000e-02  3.24313e-06  2.17027e-03  8.78780e-03
  1.56000e-02  4.05392e-06  1.24126e-03  8.77010e-03
  1.56000e-02  4.86470e-06  3.85582e-04  8.81286e-03
  1.56000e-02  5.67549e-06 -3.94829e-04  8.91760e-03
  1.56000e-02  6.48627e-06 -1.09805e-03  9.08586e-03
  1.56000e-02  7.29705e-06 -1.72214e-03  9.31918e-03
  1.56000e-02  8.10784e-06 -2.26517e-03  9.61909e-03
  1.56000e-02  8.91862e-06 -2.72523e-03  9.98712e-03
  1.56000e-02  9.72940e-06 -3.10036e-03  1.04248e-02
  1.56000e-02  1.05402e-05 -3.38865e-03  1.09337e-02
  1.56000e-02  1.13510e-05 -3.58817e-03  1.15153e-02
  1.56000e-02  1.21618e-05 -3.69698e-03  1.21712e-02
  1.56000e-02  1.29725e-05 -3.71316e-03  1.29028e-02
  1.56000e-02  1.37833e-05 -3.63477e-03  1.37118e-02
  1.56000e-02  1.45941e-05 -3.45988e-03  1.45997e-02
  1.56000e-02  1.54049e-05 -3.18657e-03  1.55679e-02
  1.56000e-02  1.62157e-05 -2.81290e-03  1.66181e-02
  1.56000e-02  1.70265e-05 -2.33695e-03  1.77517e-02
  1.56000e-02  1.78372e-05 -1.75678e-03  1.89704e-02
  1.56000e-02  1.86480e-05 -1.07046e-03  2.02755e-02
  1.56000e-02  1.94588e-05 -2.76068e-04  2.16688e-02
  1.56000e-02  2.02696e-05  6.28331e-04  2.31516e-02

  1.68000e-02  0.00000e+00  6.71717e-03  1.00460e-02
  1.68000e-02  8.10784e-07  5.47543e-03  9.78591e-03
  1.68000e-02  1.62157e-06  4.29773e-03  9.57882e-03
  1.68000e-02  2.43235e-06  3.18600e-03  9.42622e-03
  1.68000e-02  3.24313e-06  2.14216e-03  9.32966e-03
  1.68000e-02  4.05392e-06  1.16816e-03  9.29066e-03
  1.68000e-02  4.86470e-06  2.65909e-04  9.31075e-03
  1.68000e-02  5.67549e-06 -5.62649e-04  9.39147e-03
  1.68000e-02  6.48627e-06 -1.31559e-03  9.53436e-03
  1.68000e-02  7.29705e-06 -1.99098e-03  9.74095e-03
  1.68000e-02  8.10784e-06 -2.58689e-03  1.00128e-02
  1.68000e-02  8.91862e-06 -3.10139e-03  1.03514e-02
  1.68000e-02  9.72940e-06 -3.53256e-03  1.07582e-02
  1.68000e-02  1.05402e-05 -3.87845e-03  1.12350e-02
  1.68000e-02  1.13510e-05 -4.13715e-03  1.17831e-02
  1.68000e-02  1.21618e-05 -4.30671e-03  1.24040e-02
  1.68000e-02  1.29725e-05 -4.38522e-03  1.30995e-02
  1.68000e-02  1.37833e-05 -4.37073e-03  1.38709e-02
  1.68000e-02  1.45941e-05 -4.26133e-03  1.47198e-02
  1.68000e-02  1.54049e-05 -4.05508e-03  1.56477e-02
  1.68000e-02  1.62157e-05 -3.75004e-03  1.66562e-02
  1.68000e-02  1.70265e-05 -3.34430e-03  1.77469e-02
  1.68000e-02  1.78372e-05 -2.83592e-03  1.89211e-02
  1.68000e-02  1.86480e-05 -2.22296e-03  2.01806e-02
  1.68000e-02  1.94588e-05 -1.50351e-03  2.15267e-02
  1.68000e-02  2.02696e-05 -6.75622e-04  2.29611e-02

  1.80000e-02  0.00000e+00  6.79715e-03  1.06385e-02
  1.80000e-02  8.10784e-07  5.51978e-03  1.03638e-02
  1.80000e-02  1.62157e-06  4.30486e-03  1.01408e-02
  1.80000e-02  2.43235e-06  3.15431e-03  9.97078e-03
  1.80000e-02  3.24313e-06  2.07006e-03  9.85544e-03
  1.80000e-02  4.05392e-06  1.05405e-03  9.79627e-03
  1.80000e-02  4.86470e-06  1.08209e-04  9.79481e-03
  1.80000e-02  5.67549e-06 -7.65540e-04  9.85260e-03
  1.80000e-02  6.48627e-06 -1.56526e-03  9.97116e-03
  1.80000e-02  7.29705e-06 -2.28903e-03  1.01520e-02
  1.80000e-02  8.10784e-06 -2.93491e-03  1.03967e-02
  1.80000e-02  8.91862e-06 -3.50098e-03  1.07068e-02
  1.80000e-02  9.72940e-06 -3.98530e-03  1.10838e-02
  1.80000e-02  1.05402e-05 -4.38595e-03  1.15293e-02
  1.80000e-02  1.13510e-05 -4.70099e-03  1.20447e-02
  1.80000e-02  1.21618e-05 -4.92849e-03  1.26317e-02
  1.80000e-02  1.29725e-05 -5.06653e-03  1.32917e-02
  1.80000e-02  1.37833e-05 -5.11317e-03  1.40262e-02
  1.80000e-02  1.45941e-05 -5.06648e-03  1.48369e-02
  1.80000e-02  1.54049e-05 -4.92454e-03  1.57253e-02
  1.80000e-02  1.62157e-05 -4.68541e-03  1.66928e-02
  1.80000e-02  1.70265e-05 -4.34716e-03  1.77410e-02
  1.80000e-02  1.78372e-05 -3.90787e-03  1.88715e-02
  1.80000e-02  1.86480e-05 -3.36560e-03  2.00858e-02
  1.80000e-02  1.94588e-05 -2.71842e-03  2.13854e-02
  1.80000e-02  2.02696e-05 -1.96441e-03  2.27718e-02

  1.92000e-02  0.00000e+00  6.82182e-03  1.12092e-02
  1.92000e-02  8.10784e-07  5.51204e-03  1.09214e-02
  1.92000e-02  1.62157e-06  4.26311e-03  1.06837e-02
  1.92000e-02  2.43235e-06  3.07693e-03  1.04977e-02
  1.92000e-02  3.24313e-06  1.95545e-03  1.03649e-02
  1.92000e-02  4.05392e-06  9.00598e-04  1.02869e-02
  1.92000e-02  4.86470e-06 -8.57028e-05  1.02652e-02
  1.92000e-02  5.67549e-06 -1.00152e-03  1.03013e-02
  1.92000e-02  6.48627e-06 -1.84492e-03  1.03967e-02
  1.92000e-02  7.29705e-06 -2.61398e-03  1.05530e-02
  1.92000e-02  8.10784e-06 -3.30676e-03  1.07718e-02
  1.92000e-02  8.91862e-06 -3.92134e-03  1.10545e-02
  1.92000e-02  9.72940e-06 -4.45578e-03  1.14027e-02
  1.92000e-02  1.05402e-05 -4.90815e-03  1.18180e-02
  1.92000e-02  1.13510e-05 -5.27654e-03  1.23018e-02
  1.92000e-02  1.21618e-05 -5.55899e-03  1.28556e-02
  1.92000e-02  1.29725e-05 -5.75359e-03  1.34812e-02
  1.92000e-02  1.37833e-05 -5.85841e-03  1.41798e-02
  1.92000e-02  1.45941e-05 -5.87151e-03  1.49532e-02
  1.92000e-02  1.54049e-05 -5.79096e-03  1.58028e-02
  1.92000e-02  1.62157e-05 -5.61484e-03  1.67302e-02
  1.92000e-02  1.70265e-05 -5.34121e-03  1.77368e-02
  1.92000e-02  1.78372e-05 -4.96814e-03  1.88243e-02
  1.92000e-02  1.86480e-05 -4.49371e-03  1.99942e-02
  1.92000e-02  1.94588e-05 -3.91599e-03  2.12479e-02
  1.92000e-02  2.02696e-05 -3.23303e-03  2.25871e-02

  2.04000e-02  0.00000e+00  6.79259e-03  1.17573e-02
  2.04000e-02  8.10784e-07  5.45383e-03  1.14579e-02
  2.04000e-02  1.62157e-06  4.17428e-03  1.12072e-02
  2.04000e-02  2.43235e-06  2.95586e-03  1.10067e-02
  2.04000e-02  3.24313e-06  1.80051e-03  1.08580e-02
  2.04000e-02  4.05392e-06  7.10159e-04  1.07627e-02
  2.04000e-02  4.86470e-06 -3.13269e-04  1.07221e-02
  2.04000e-02  5.67549e-06 -1.26784e-03  1.07379e-02
  2.04000e-02  6.48627e-06 -2.15163e-03  1.08116e-02
  2.04000e-02  7.29705e-06 -2.96269e-03  1.09448e-02
  2.04000e-02  8.10784e-06 -3.69912e-03  1.11389e-02
  2.04000e-02  8.91862e-06 -4.35896e-03  1.13956e-02
  2.04000e-02  9.72940e-06 -4.94030e-03  1.17163e-02
  2.04000e-02  1.05402e-05 -5.44120e-03  1.21025e-02
  2.04000e-02  1.13510e-05 -5.85974e-03  1.25559e-02
  2.04000e-02  1.21618e-05 -6.19397e-03  1.30779e-02
  2.04000e-02  1.29725e-05 -6.44198e-03  1.36700e-02
  2.04000e-02  1.37833e-05 -6.60184e-03  1.43339e-02
  2.04000e-02  1.45941e-05 -6.67160e-03  1.50711e-02
  2.04000e-02  1.54049e-05 -6.64935e-03  1.58830e-02
  2.04000e-02  1.62157e-05 -6.53315e-03  1.67712e-02
  2.04000e-02  1.70265e-05 -6.32107e-03  1.77372e-02
  2.04000e-02  1.78372e-05 -6.01119e-03  1.87827e-02
  2.04000e-02  1.86480e-05 -5.60156e-03  1.99090e-02
  2.04000e-02  1.94588e-05 -5.09027e-03  2.11179e-02
  2.04000e-02  2.02696e-05 -4.47538e-03  2.24106e-02

  2.16000e-02  0.00000e+00  6.71166e-03  1.22819e-02
  2.16000e-02  8.10784e-07  5.34754e-03  1.19728e-02
  2.16000e-02  1.62157e-06  4.04098e-03  1.17109e-02
  2.16000e-02  2.43235e-06  2.79391e-03  1.14977e-02
  2.16000e-02  3.24313e-06  1.60826e-03  1.13348e-02
  2.16000e-02  4.05392e-06  4.85957e-04  1.12237e-02
  2.16000e-02  4.86470e-06 -5.71063e-04  1.11660e-02
  2.16000e-02  5.67549e-06 -1.56087e-03  1.11631e-02
  2.16000e-02  6.48627e-06 -2.48154e-03  1.12167e-02
  2.16000e-02  7.29705e-06 -3.33114e-03  1.13282e-02
  2.16000e-02  8.10784e-06 -4.10774e-03  1.14993e-02
  2.16000e-02  8.91862e-06 -4.80940e-03  1.17313e-02
  2.16000e-02  9.72940e-06 -5.43421e-03  1.20259e-02
  2.16000e-02  1.05402e-05 -5.98022e-03  1.23846e-02
  2.16000e-02  1.13510e-05 -6.44551e-03  1.28089e-02
  2.16000e-02  1.21618e-05 -6.82815e-03  1.33004e-02
  2.16000e-02  1.29725e-05 -7.12621e-03  1.38606e-02
  2.16000e-02  1.37833e-05 -7.33776e-03  1.44909e-02
  2.16000e-02  1.45941e-05 -7.46086e-03  1.51931e-02
  2.16000e-02  1.54049e-05 -7.49360e-03  1.59685e-02
  2.16000e-02  1.62157e-05 -7.43403e-03  1.68188e-02
  2.16000e-02  1.70265e-05 -7.28023e-03  1.77455e-02
  2.16000e-02  1.78372e-05 -7.03027e-03  1.87500e-02
  2.16000e-02  1.86480e-05 -6.68221e-03  1.98339e-02
  2.16000e-02  1.94588e-05 -6.23413e-03  2.09989e-02
  2.16000e-02  2.02696e-05 -5.68410e-03  2.22463e-02

  2.28000e-02  0.00000e+00  6.58211e-03  1.27826e-02
  2.28000e-02  8.10784e-07  5.19647e-03  1.24657e-02
  2.28000e-02  1.62157e-06  3.86673e-03  1.21945e-02
  2.28000e-02  2.43235e-06  2.59482e-03  1.19705e-02
  2.28000e-02  3.24313e-06  1.38266e-03  1.17953e-02
  2.28000e-02  4.05392e-06  2.32196e-04  1.16704e-02
  2.28000e-02  4.86470e-06 -8.54655e-04  1.15974e-02
  2.28000e-02  5.67549e-06 -1.87596e-03  1.15777e-02
  2.28000e-02  6.48627e-06 -2.82978e-03  1.16129e-02
  2.28000e-02  7.29705e-06 -3.71420e-03  1.17045e-02
  2.28000e-02  8.10784e-06 -4.52728e-03  1.18542e-02
  2.28000e-02  8.91862e-06 -5.26709e-03  1.20633e-02
  2.28000e-02  9.72940e-06 -5.93171e-03  1.23335e-02
  2.28000e-02  1.05402e-05 -6.51919e-03  1.26662e-02
  2.28000e-02  1.13510e-05 -7.02762e-03  1.30631e-02
  2.28000e-02  1.21618e-05 -7.45506e-03  1.35256e-02
  2.28000e-02  1.29725e-05 -7.79958e-03  1.40552e-02
  2.28000e-02  1.37833e-05 -8.05925e-03  1.46536e-02
  2.28000e-02  1.45941e-05 -8.23214e-03  1.53223e-02
  2.28000e-02  1.54049e-05 -8.31632e-03  1.60627e-02
  2.28000e-02  1.62157e-05 -8.30987e-03  1.68764e-02
  2.28000e-02  1.70265e-05 -8.21085e-03  1.77650e-02
  2.28000e-02  1.78372e-05 -8.01732e-03  1.87299e-02
  2.28000e-02  1.86480e-05 -7.72737e-03  1.97728e-02
  2.28000e-02  1.94588e-05 -7.33906e-03  2.08951e-02
  2.28000e-02  2.02696e-05 -6.85046e-03  2.20984e-02

  2.40000e-02  0.00000e+00  6.40804e-03  1.32588e-02
  2.40000e-02  8.10784e-07  5.00498e-03  1.29363e-02
  2.40000e-02  1.62157e-06  3.65614e-03  1.26580e-02
  2.40000e-02  2.43235e-06  2.36345e-03  1.24254e-02
  2.40000e-02  3.24313e-06  1.12883e-03  1.22400e-02
  2.40000e-02  4.05392e-06 -4.57763e-05  1.21033e-02
  2.40000e-02  4.86470e-06 -1.15845e-03  1.20170e-02
  2.40000e-02  5.67549e-06 -2.20725e-03  1.19825e-02
  2.40000e-02  6.48627e-06 -3.19026e-03  1.20013e-02
  2.40000e-02  7.29705e-06 -4.10554e-03  1.20750e-02
  2.40000e-02  8.10784e-06 -4.95117e-03  1.22051e-02
  2.40000e-02  8.91862e-06 -5.72520e-03  1.23933e-02
  2.40000e-02  9.72940e-06 -6.42572e-03  1.26409e-02
  2.40000e-02  1.05402e-05 -7.05080e-03  1.29495e-02
  2.40000e-02  1.13510e-05 -7.59849e-03  1.33207e-02
  2.40000e-02  1.21618e-05 -8.06687e-03  1.37560e-02
  2.40000e-02  1.29725e-05 -8.45402e-03  1.42569e-02
  2.40000e-02  1.37833e-05 -8.75800e-03  1.48250e-02
  2.40000e-02  1.45941e-05 -8.97688e-03  1.54617e-02
  2.40000e-02  1.54049e-05 -9.10874e-03  1.61687e-02
  2.40000e-02  1.62157e-05 -9.15163e-03  1.69475e-02
  2.40000e-02  1.70265e-05 -9.10364e-03  1.77996e-02
  2.40000e-02  1.78372e-05 -8.96282e-03  1.87265e-02
  2.40000e-02  1.86480e-05 -8.72726e-03  1.97298e-02
  2.40000e-02  1.94588e-05 -8.39502e-03  2.08110e-02
  2.40000e-02  2.02696e-05 -7.96417e-03  2.19716e-02

  2.52000e-02  0.00000e+00  6.19479e-03  1.37101e-02
  2.52000e-02  8.10784e-07  4.77868e-03  1.33845e-02
  2.52000e-02  1.62157e-06  3.41508e-03  1.31015e-02
  2.52000e-02  2.43235e-06  2.10593e-03  1.28625e-02
  2.52000e-02  3.24313e-06  8.53163e-04  1.26693e-02
  2.52000e-02  4.05392e-06 -3.41296e-04  1.25232e-02
  2.52000e-02  4.86470e-06 -1.47552e-03  1.24258e-02
  2.52000e-02  5.67549e-06 -2.54757e-03  1.23786e-02
  2.52000e-02  6.48627e-06 -3.55552e-03  1.23833e-02
  2.52000e-02  7.29705e-06 -4.49744e-03  1.24412e-02
  2.52000e-02  8.10784e-06 -5.37141e-03  1.25540e-02
  2.52000e-02  8.91862e-06 -6.17548e-03  1.27232e-02
  2.52000e-02  9.72940e-06 -6.90774e-03  1.29503e-02
  2.52000e-02  1.05402e-05 -7.56624e-03  1.32369e-02
  2.52000e-02  1.13510e-05 -8.14907e-03  1.35844e-02
  2.52000e-02  1.21618e-05 -8.65428e-03  1.39945e-02
  2.52000e-02  1.29725e-05 -9.07996e-03  1.44686e-02
  2.52000e-02  1.37833e-05 -9.42416e-03  1.50082e-02
  2.52000e-02  1.45941e-05 -9.68497e-03  1.56151e-02
  2.52000e-02  1.54049e-05 -9.86044e-03  1.62905e-02
  2.52000e-02  1.62157e-05 -9.94866e-03  1.70362e-02
  2.52000e-02  1.70265e-05 -9.94768e-03  1.78535e-02
  2.52000e-02  1.78372e-05 -9.85559e-03  1.87442e-02
  2.52000e-02  1.86480e-05 -9.67044e-03  1.97096e-02
  2.52000e-02  1.94588e-05 -9.39031e-03  2.07513e-02
  2.52000e-02  2.02696e-05 -9.01327e-03  2.18709e-02

  2.64000e-02  0.00000e+00  5.94910e-03  1.41364e-02
  2.64000e-02  8.10784e-07  4.52457e-03  1.38103e-02
  2.64000e-02  1.62157e-06  3.15085e-03  1.35251e-02
  2.64000e-02  2.43235e-06  1.82986e-03  1.32825e-02
  2.64000e-02  3.24313e-06  5.63532e-04  1.30839e-02
  2.64000e-02  4.05392e-06 -6.46201e-04  1.29309e-02
  2.64000e-02  4.86470e-06 -1.79741e-03  1.28249e-02
  2.64000e-02  5.67549e-06 -2.88817e-03  1.27676e-02
  2.64000e-02  6.48627e-06 -3.91654e-03  1.27605e-02
  2.64000e-02  7.29705e-06 -4.88060e-03  1.28051e-02
  2.64000e-02  8.10784e-06 -5.77841e-03  1.29029e-02
  2.64000e-02  8.91862e-06 -6.60805e-03  1.30555e-02
  2.64000e-02  9.72940e-06 -7.36759e-03  1.32644e-02
  2.64000e-02  1.05402e-05 -8.05509e-03  1.35311e-02
  2.64000e-02  1.13510e-05 -8.66862e-03  1.38572e-02
  2.64000e-02  1.21618e-05 -9.20627e-03  1.42442e-02
  2.64000e-02  1.29725e-05 -9.66608e-03  1.46937e-02
  2.64000e-02  1.37833e-05 -1.00461e-02  1.52071e-02
  2.64000e-02  1.45941e-05 -1.03445e-02  1.57861e-02
  2.64000e-02  1.54049e-05 -1.05593e-02  1.64320e-02
  2.64000e-02  1.62157e-05 -1.06885e-02  1.71466e-02
  2.64000e-02  1.70265e-05 -1.07303e-02  1.79313e-02
  2.64000e-02  1.78372e-05 -1.06826e-02  1.87876e-02
  2.64000e-02  1.86480e-05 -1.05436e-02  1.97171e-02
  2.64000e-02  1.94588e-05 -1.03113e-02  2.07213e-02
  2.64000e-02  2.02696e-05 -9.98387e-03  2.18018e-02

  2.76000e-02  0.00000e+00  5.67930e-03  1.45376e-02
  2.76000e-02  8.10784e-07  4.25132e-03  1.42139e-02
  2.76000e-02  1.62157e-06  2.87240e-03  1.39295e-02
  2.76000e-02  2.43235e-06  1.54449e-03  1.36860e-02
  2.76000e-02  3.24313e-06  2.69502e-04  1.34848e-02
  2.76000e-02  4.05392e-06 -9.50622e-04  1.33276e-02
  2.76000e-02  4.86470e-06 -2.11395e-03  1.32158e-02
  2.76000e-02  5.67549e-06 -3.21857e-03  1.31511e-02
  2.76000e-02  6.48627e-06 -4.26253e-03  1.31348e-02
  2.76000e-02  7.29705e-06 -5.24391e-03  1.31687e-02
  2.76000e-02  8.10784e-06 -6.16078e-03  1.32541e-02
  2.76000e-02  8.91862e-06 -7.01120e-03  1.33926e-02
  2.76000e-02  9.72940e-06 -7.79326e-03  1.35858e-02
  2.76000e-02  1.05402e-05 -8.50501e-03  1.38353e-02
  2.76000e-02  1.13510e-05 -9.14454e-03  1.41424e-02
  2.76000e-02  1.21618e-05 -9.70990e-03  1.45088e-02
  2.76000e-02  1.29725e-05 -1.01992e-02  1.49360e-02
  2.76000e-02  1.37833e-05 -1.06104e-02  1.54256e-02
  2.76000e-02  1.45941e-05 -1.09417e-02  1.59790e-02
  2.76000e-02  1.54049e-05 -1.11911e-02  1.65978e-02
  2.76000e-02  1.62157e-05 -1.13567e-02  1.72835e-02
  2.76000e-02  1.70265e-05 -1.14366e-02  1.80378e-02
  2.76000e-02  1.78372e-05 -1.14288e-02  1.88620e-02
  2.76000e-02  1.86480e-05 -1.13314e-02  1.97577e-02
  2.76000e-02  1.94588e-05 -1.11424e-02  2.07266e-02
  2.76000e-02  2.02696e-05 -1.08600e-02  2.17700e-02

  2.88000e-02  0.00000e+00  5.39557e-03  1.49141e-02
  2.88000e-02  8.10784e-07  3.96940e-03  1.45958e-02
  2.88000e-02  1.62157e-06  2.59055e-03  1.43153e-02
  2.88000e-02  2.43235e-06  1.26096e-03  1.40739e-02
  2.88000e-02  3.24313e-06 -1.74597e-05  1.38732e-02
  2.88000e-02  4.05392e-06 -1.24277e-03  1.37148e-02
  2.88000e-02  4.86470e-06 -2.41303e-03  1.36002e-02
  2.88000e-02  5.67549e-06 -3.52633e-03  1.35309e-02
  2.88000e-02  6.48627e-06 -4.58072e-03  1.35084e-02
  2.88000e-02  7.29705e-06 -5.57429e-03  1.35344e-02
  2.88000e-02  8.10784e-06 -6.50509e-03  1.36102e-02
  2.88000e-02  8.91862e-06 -7.37120e-03  1.37375e-02
  2.88000e-02  9.72940e-06 -8.17069e-03  1.39178e-02
  2.88000e-02  1.05402e-05 -8.90163e-03  1.41527e-02
  2.88000e-02  1.13510e-05 -9.56209e-03  1.44436e-02
  2.88000e-02  1.21618e-05 -1.01501e-02  1.47920e-02
  2.88000e-02  1.29725e-05 -1.06638e-02  1.51996e-02
  2.88000e-02  1.37833e-05 -1.11013e-02  1.56679e-02
  2.88000e-02  1.45941e-05 -1.14605e-02  1.61984e-02
  2.88000e-02  1.54049e-05 -1.17396e-02  1.67926e-02
  2.88000e-02  1.62157e-05 -1.19367e-02  1.74520e-02
  2.88000e-02  1.70265e-05 -1.20497e-02  1.81783e-02
  2.88000e-02  1.78372e-05 -1.20768e-02  1.89729e-02
  2.88000e-02  1.86480e-05 -1.20161e-02  1.98373e-02
  2.88000e-02  1.94588e-05 -1.18656e-02  2.07732e-02
  2.88000e-02  2.02696e-05 -1.16234e-02  2.17819e-02

  3.00000e-02  0.00000e+00  5.11013e-03  1.52662e-02
  3.00000e-02  8.10784e-07  3.69140e-03  1.49568e-02
  3.00000e-02  1.62157e-06  2.31823e-03  1.46834e-02
  3.00000e-02  2.43235e-06  9.92533e-04  1.44475e-02
  3.00000e-02  3.24313e-06 -2.83747e-04  1.42506e-02
  3.00000e-02  4.05392e-06 -1.50868e-03  1.40942e-02
  3.00000e-02  4.86470e-06 -2.68035e-03  1.39799e-02
  3.00000e-02  5.67549e-06 -3.79681e-03  1.39093e-02
  3.00000e-02  6.48627e-06 -4.85614e-03  1.38837e-02
  3.00000e-02  7.29705e-06 -5.85640e-03  1.39049e-02
  3.00000e-02  8.10784e-06 -6.79568e-03  1.39743e-02
  3.00000e-02  8.91862e-06 -7.67203e-03  1.40934e-02
  3.00000e-02  9.72940e-06 -8.48352e-03  1.42638e-02
  3.00000e-02  1.05402e-05 -9.22823e-03  1.44871e-02
  3.00000e-02  1.13510e-05 -9.90423e-03  1.47647e-02
  3.00000e-02  1.21618e-05 -1.05096e-02  1.50982e-02
  3.00000e-02  1.29725e-05 -1.10424e-02  1.54891e-02
  3.00000e-02  1.37833e-05 -1.15006e-02  1.59389e-02
  3.00000e-02  1.45941e-05 -1.18825e-02  1.64493e-02
  3.00000e-02  1.54049e-05 -1.21860e-02  1.70217e-02
  3.00000e-02  1.62157e-05 -1.24092e-02  1.76576e-02
  3.00000e-02  1.70265e-05 -1.25501e-02  1.83586e-02
  3.00000e-02  1.78372e-05 -1.26069e-02  1.91263e-02
  3.00000e-02  1.86480e-05 -1.25776e-02  1.99621e-02
  3.00000e-02  1.94588e-05 -1.24604e-02  2.08676e-02
  3.00000e-02  2.02696e-05 -1.22531e-02  2.18443e-02

