  0.00000e+00  0.00000e+00  0.00000e+00  0.00000e+00
  0.00000e+00  6.56565e-07 -4.95829e-06 -9.47002e-04
  0.00000e+00  1.31313e-06  7.66731e-06 -1.89455e-03
  0.00000e+00  1.96970e-06  3.86968e-05 -2.84260e-03
  0.00000e+00  2.62626e-06  8.89503e-05 -3.79109e-03
  0.00000e+00  3.28283e-06  1.59248e-04 -4.73998e-03
  0.00000e+00  3.93939e-06  2.50409e-04 -5.68920e-03
  0.00000e+00  4.59596e-06  3.63255e-04 -6.63871e-03
  0.00000e+00  5.25252e-06  4.98604e-04 -7.58845e-03
  0.00000e+00  5.90909e-06  6.57278e-04 -8.53838e-03
  0.00000e+00  6.56565e-06  8.40095e-04 -9.48843e-03
  0.00000e+00  7.22222e-06  1.04788e-03 -1.04386e-02
  0.00000e+00  7.87878e-06  1.28144e-03 -1.13887e-02
  0.00000e+00  8.53535e-06  1.54161e-03 -1.23388e-02
  0.00000e+00  9.19191e-06  1.82921e-03 -1.32889e-02
  0.00000e+00  9.84848e-06  2.14505e-03 -1.42388e-02
  0.00000e+00  1.05050e-05  2.48995e-03 -1.51885e-02
  0.00000e+00  1.11616e-05  2.86474e-03 -1.61380e-02
  0.00000e+00  1.18182e-05  3.27023e-03 -1.70872e-02
  0.00000e+00  1.24747e-05  3.70724e-03 -1.80360e-02
  0.00000e+00  1.31313e-05  4.17660e-03 -1.89845e-02
  0.00000e+00  1.37879e-05  4.67913e-03 -1.99325e-02
  0.00000e+00  1.44444e-05  5.21564e-03 -2.08800e-02
  0.00000e+00  1.51010e-05  5.78695e-03 -2.18269e-02
  0.00000e+00  1.57576e-05  6.39389e-03 -2.27733e-02
  0.00000e+00  1.64141e-05  7.03727e-03 -2.37190e-02

  8.10784e-07  0.00000e+00 -4.61795e-04  1.73879e-05
  8.10784e-07  6.56565e-07 -4.10795e-04 -9.07621e-04
  8.10784e-07  1.31313e-06 -3.40938e-04 -1.83217e-03
  8.10784e-07  1.96970e-06 -2.51405e-04 -2.75620e-03
  8.10784e-07  2.62626e-06 -1.41375e-04 -3.67966e-03
  8.10784e-07  3.28283e-06 -1.00283e-05 -4.60249e-03
  8.10784e-07  3.93939e-06  1.43455e-04 -5.52466e-03
  8.10784e-07  4.59596e-06  3.19895e-04 -6.44610e-03
  8.10784e-07  5.25252e-06  5.20112e-04 -7.36676e-03
  8.10784e-07  5.90909e-06  7.44926e-04 -8.28659e-03
  8.10784e-07  6.56565e-06  9.95157e-04 -9.20554e-03
  8.10784e-07  7.22222e-06  1.27162e-03 -1.01235e-02
  8.10784e-07  7.87878e-06  1.57515e-03 -1.10406e-02
  8.10784e-07  8.53535e-06  1.90655e-03 -1.19565e-02
  8.10784e-07  9.19191e-06  2.26665e-03 -1.28714e-02
  8.10784e-07  9.84848e-06  2.65626e-03 -1.37852e-02
  8.10784e-07  1.05050e-05  3.07622e-03 -1.46977e-02
  8.10784e-07  1.11616e-05  3.52733e-03 -1.56090e-02
  8.10784e-07  1.18182e-05  4.01041e-03 -1.65190e-02
  8.10784e-07  1.24747e-05  4.52630e-03 -1.74276e-02
  8.10784e-07  1.31313e-05  5.07580e-03 -1.83348e-02
  8.10784e-07  1.37879e-05  5.65973e-03 -1.92406e-02
  8.10784e-07  1.44444e-05  6.27893e-03 -2.01448e-02
  8.10784e-07  1.51010e-05  6.93420e-03 -2.10475e-02
  8.10784e-07  1.57576e-05  7.62637e-03 -2.19486e-02
  8.10784e-07  1.64141e-05  8.35626e-03 -2.28480e-02

  1.62157e-06  0.00000e+00 -8.39076e-04  1.03859e-04
  1.62157e-06  6.56565e-07 -7.30875e-04 -7.97584e-04
  1.62157e-06  1.31313e-06 -6.02545e-04 -1.69755e-03
  1.62157e-06  1.96970e-06 -4.53266e-04 -2.59599e-03
  1.62157e-06  2.62626e-06 -2.82217e-04 -3.49285e-03
  1.62157e-06  3.28283e-06 -8.85792e-05 -4.38807e-03
  1.62157e-06  3.93939e-06  1.28468e-04 -5.28161e-03
  1.62157e-06  4.59596e-06  3.69746e-04 -6.17341e-03
  1.62157e-06  5.25252e-06  6.36072e-04 -7.06341e-03
  1.62157e-06  5.90909e-06  9.28269e-04 -7.95158e-03
  1.62157e-06  6.56565e-06  1.24715e-03 -8.83784e-03
  1.62157e-06  7.22222e-06  1.59355e-03 -9.72216e-03
  1.62157e-06  7.87878e-06  1.96828e-03 -1.06045e-02
  1.62157e-06  8.53535e-06  2.37215e-03 -1.14847e-02
  1.62157e-06  9.19191e-06  2.80599e-03 -1.23629e-02
  1.62157e-06  9.84848e-06  3.27063e-03 -1.32389e-02
  1.62157e-06  1.05050e-05  3.76687e-03 -1.41127e-02
  1.62157e-06  1.11616e-05  4.29555e-03 -1.49842e-02
  1.62157e-06  1.18182e-05  4.85747e-03 -1.58534e-02
  1.62157e-06  1.24747e-05  5.45346e-03 -1.67202e-02
  1.62157e-06  1.31313e-05  6.08435e-03 -1.75846e-02
  1.62157e-06  1.37879e-05  6.75094e-03 -1.84466e-02
  1.62157e-06  1.44444e-05  7.45406e-03 -1.93060e-02
  1.62157e-06  1.51010e-05  8.19454e-03 -2.01628e-02
  1.62157e-06  1.57576e-05  8.97318e-03 -2.10170e-02
  1.62157e-06  1.64141e-05  9.79081e-03 -2.18686e-02

  2.43235e-06  0.00000e+00 -1.12991e-03  2.60948e-04
  2.43235e-06  6.56565e-07 -9.63269e-04 -6.15359e-04
  2.43235e-06  1.31313e-06 -7.75224e-04 -1.48918e-03
  2.43235e-06  1.96970e-06 -5.64956e-04 -2.36045e-03
  2.43235e-06  2.62626e-06 -3.31647e-04 -3.22913e-03
  2.43235e-06  3.28283e-06 -7.44749e-05 -4.09517e-03
  2.43235e-06  3.93939e-06  2.07379e-04 -4.95851e-03
  2.43235e-06  4.59596e-06  5.14736e-04 -5.81909e-03
  2.43235e-06  5.25252e-06  8.48414e-04 -6.67687e-03
  2.43235e-06  5.90909e-06  1.20924e-03 -7.53180e-03
  2.43235e-06  6.56565e-06  1.59802e-03 -8.38381e-03
  2.43235e-06  7.22222e-06  2.01558e-03 -9.23287e-03
  2.43235e-06  7.87878e-06  2.46275e-03 -1.00789e-02
  2.43235e-06  8.53535e-06  2.94034e-03 -1.09219e-02
  2.43235e-06  9.19191e-06  3.44918e-03 -1.17617e-02
  2.43235e-06  9.84848e-06  3.99007e-03 -1.25984e-02
  2.43235e-06  1.05050e-05  4.56385e-03 -1.34319e-02
  2.43235e-06  1.11616e-05  5.17133e-03 -1.42621e-02
  2.43235e-06  1.18182e-05  5.81333e-03 -1.50889e-02
  2.43235e-06  1.24747e-05  6.49068e-03 -1.59124e-02
  2.43235e-06  1.31313e-05  7.20419e-03 -1.67324e-02
  2.43235e-06  1.37879e-05  7.95468e-03 -1.75490e-02
  2.43235e-06  1.44444e-05  8.74297e-03 -1.83620e-02
  2.43235e-06  1.51010e-05  9.56989e-03 -1.91714e-02
  2.43235e-06  1.57576e-05  1.04362e-02 -1.99772e-02
  2.43235e-06  1.64141e-05  1.13429e-02 -2.07792e-02

  3.24313e-06  0.00000e+00 -1.33238e-03  4.90188e-04
  3.24313e-06  6.56565e-07 -1.10605e-03 -3.59410e-04
  3.24313e-06  1.31313e-06 -8.57044e-04 -1.20551e-03
  3.24313e-06  1.96970e-06 -5.84546e-04 -2.04805e-03
  3.24313e-06  2.62626e-06 -2.87733e-04 -2.88698e-03
  3.24313e-06  3.28283e-06  3.42147e-05 -3.72226e-03
  3.24313e-06  3.93939e-06  3.82118e-04 -4.55383e-03
  3.24313e-06  4.59596e-06  7.56795e-04 -5.38163e-03
  3.24313e-06  5.25252e-06  1.15907e-03 -6.20561e-03
  3.24313e-06  5.90909e-06  1.58976e-03 -7.02573e-03
  3.24313e-06  6.56565e-06  2.04968e-03 -7.84192e-03
  3.24313e-06  7.22222e-06  2.53966e-03 -8.65414e-03
  3.24313e-06  7.87878e-06  3.06051e-03 -9.46233e-03
  3.24313e-06  8.53535e-06  3.61306e-03 -1.02664e-02
  3.24313e-06  9.19191e-06  4.19812e-03 -1.10664e-02
  3.24313e-06  9.84848e-06  4.81652e-03 -1.18622e-02
  3.24313e-06  1.05050e-05  5.46907e-03 -1.26538e-02
  3.24313e-06  1.11616e-05  6.15660e-03 -1.34411e-02
  3.24313e-06  1.18182e-05  6.87993e-03 -1.42240e-02
  3.24313e-06  1.24747e-05  7.63987e-03 -1.50025e-02
  3.24313e-06  1.31313e-05  8.43724e-03 -1.57766e-02
  3.24313e-06  1.37879e-05  9.27287e-03 -1.65462e-02
  3.24313e-06  1.44444e-05  1.01476e-02 -1.73112e-02
  3.24313e-06  1.51010e-05  1.10622e-02 -1.80717e-02
  3.24313e-06  1.57576e-05  1.20175e-02 -1.88274e-02
  3.24313e-06  1.64141e-05  1.30144e-02 -1.95785e-02

  4.05392e-06  0.00000e+00 -1.44453e-03  7.93113e-04
  4.05392e-06  6.56565e-07 -1.15728e-03 -2.82046e-05
  4.05392e-06  1.31313e-06 -8.46075e-04 -8.45008e-04
  4.05392e-06  1.96970e-06 -5.10104e-04 -1.65724e-03
  4.05392e-06  2.62626e-06 -1.48546e-04 -2.46486e-03
  4.05392e-06  3.28283e-06  2.39420e-04 -3.26781e-03
  4.05392e-06  3.93939e-06  6.54614e-04 -4.06603e-03
  4.05392e-06  4.59596e-06  1.09785e-03 -4.85947e-03
  4.05392e-06  5.25252e-06  1.56996e-03 -5.64809e-03
  4.05392e-06  5.90909e-06  2.07176e-03 -6.43182e-03
  4.05392e-06  6.56565e-06  2.60407e-03 -7.21062e-03
  4.05392e-06  7.22222e-06  3.16770e-03 -7.98443e-03
  4.05392e-06  7.87878e-06  3.76348e-03 -8.75321e-03
  4.05392e-06  8.53535e-06  4.39223e-03 -9.51689e-03
  4.05392e-06  9.19191e-06  5.05476e-03 -1.02754e-02
  4.05392e-06  9.84848e-06  5.75191e-03 -1.10288e-02
  4.05392e-06  1.05050e-05  6.48448e-03 -1.17769e-02
  4.05392e-06  1.11616e-05  7.25330e-03 -1.25196e-02
  4.05392e-06  1.18182e-05  8.05919e-03 -1.32571e-02
  4.05392e-06  1.24747e-05  8.90297e-03 -1.39891e-02
  4.05392e-06  1.31313e-05  9.78545e-03 -1.47157e-02
  4.05392e-06  1.37879e-05  1.07075e-02 -1.54367e-02
  4.05392e-06  1.44444e-05  1.16698e-02 -1.61522e-02
  4.05392e-06  1.51010e-05  1.26734e-02 -1.68621e-02
  4.05392e-06  1.57576e-05  1.37189e-02 -1.75663e-02
  4.05392e-06  1.64141e-05  1.48072e-02 -1.82648e-02

  4.86470e-06  0.00000e+00 -1.46446e-03  1.17126e-03
  4.86470e-06  6.56565e-07 -1.11503e-03  3.79792e-04
  4.86470e-06  1.31313e-06 -7.40387e-04 -4.06146e-04
  4.86470e-06  1.96970e-06 -3.39702e-04 -1.18651e-03
  4.86470e-06  2.62626e-06  8.78441e-05 -1.96123e-03
  4.86470e-06  3.28283e-06  5.43070e-04 -2.73028e-03
  4.86470e-06  3.93939e-06  1.02680e-03 -3.49358e-03
  4.86470e-06  4.59596e-06  1.53984e-03 -4.25110e-03
  4.86470e-06  5.25252e-06  2.08303e-03 -5.00277e-03
  4.86470e-06  5.90909e-06  2.65718e-03 -5.74855e-03
  4.86470e-06  6.56565e-06  3.26311e-03 -6.48839e-03
  4.86470e-06  7.22222e-06  3.90164e-03 -7.22222e-03
  4.86470e-06  7.87878e-06  4.57359e-03 -7.95000e-03
  4.86470e-06  8.53535e-06  5.27978e-03 -8.67168e-03
  4.86470e-06  9.19191e-06  6.02103e-03 -9.38720e-03
  4.86470e-06  9.84848e-06  6.79816e-03 -1.00965e-02
  4.86470e-06  1.05050e-05  7.61200e-03 -1.07996e-02
  4.86470e-06  1.11616e-05  8.46335e-03 -1.14963e-02
  4.86470e-06  1.18182e-05  9.35304e-03 -1.21867e-02
  4.86470e-06  1.24747e-05  1.02819e-02 -1.28706e-02
  4.86470e-06  1.31313e-05  1.12507e-02 -1.35481e-02
  4.86470e-06  1.37879e-05  1.22604e-02 -1.42190e-02
  4.86470e-06  1.44444e-05  1.33116e-02 -1.48834e-02
  4.86470e-06  1.51010e-05  1.44053e-02 -1.55411e-02
  4.86470e-06  1.57576e-05  1.55423e-02 -1.61922e-02
  4.86470e-06  1.64141e-05  1.67233e-02 -1.68365e-02

  5.67549e-06  0.00000e+00 -1.39022e-03  1.62616e-03
  5.67549e-06  6.56565e-07 -9.77380e-04  8.66114e-04
  5.67549e-06  1.31313e-06 -5.38051e-04  1.12612e-04
  5.67549e-06  1.96970e-06 -7.14081e-05 -6.34298e-04
  5.67549e-06  2.62626e-06  4.23368e-04 -1.37456e-03
  5.67549e-06  3.28283e-06  9.47097e-04 -2.10813e-03
  5.67549e-06  3.93939e-06  1.50060e-03 -2.83495e-03
  5.67549e-06  4.59596e-06  2.08469e-03 -3.55497e-03
  5.67549e-06  5.25252e-06  2.70020e-03 -4.26813e-03
  5.67549e-06  5.90909e-06  3.34794e-03 -4.97439e-03
  5.67549e-06  6.56565e-06  4.02874e-03 -5.67368e-03
  5.67549e-06  7.22222e-06  4.74341e-03 -6.36596e-03
  5.67549e-06  7.87878e-06  5.49277e-03 -7.05118e-03
  5.67549e-06  8.53535e-06  6.27765e-03 -7.72928e-03
  5.67549e-06  9.19191e-06  7.09885e-03 -8.40022e-03
  5.67549e-06  9.84848e-06  7.95722e-03 -9.06393e-03
  5.67549e-06  1.05050e-05  8.85355e-03 -9.72036e-03
  5.67549e-06  1.11616e-05  9.78868e-03 -1.03695e-02
  5.67549e-06  1.18182e-05  1.07634e-02 -1.10112e-02
  5.67549e-06  1.24747e-05  1.17786e-02 -1.16455e-02
  5.67549e-06  1.31313e-05  1.28350e-02 -1.22723e-02
  5.67549e-06  1.37879e-05  1.39335e-02 -1.28916e-02
  5.67549e-06  1.44444e-05  1.50749e-02 -1.35033e-02
  5.67549e-06  1.51010e-05  1.62600e-02 -1.41073e-02
  5.67549e-06  1.57576e-05  1.74897e-02 -1.47036e-02
  5.67549e-06  1.64141e-05  1.87647e-02 -1.52922e-02

  6.48627e-06  0.00000e+00 -1.21988e-03  2.15934e-03
  6.48627e-06  6.56565e-07 -7.42391e-04  1.43229e-03
  6.48627e-06  1.31313e-06 -2.37135e-04  7.12801e-04
  6.48627e-06  1.96970e-06  2.96707e-04  9.11552e-07
  6.48627e-06  2.62626e-06  8.59955e-04 -7.03321e-04
  6.48627e-06  3.28283e-06  1.45343e-03 -1.39984e-03
  6.48627e-06  3.93939e-06  2.07795e-03 -2.08860e-03
  6.48627e-06  4.59596e-06  2.73433e-03 -2.76955e-03
  6.48627e-06  5.25252e-06  3.42341e-03 -3.44263e-03
  6.48627e-06  5.90909e-06  4.14598e-03 -4.10779e-03
  6.48627e-06  6.56565e-06  4.90289e-03 -4.76497e-03
  6.48627e-06  7.22222e-06  5.69494e-03 -5.41413e-03
  6.48627e-06  7.87878e-06  6.52295e-03 -6.05522e-03
  6.48627e-06  8.53535e-06  7.38776e-03 -6.68817e-03
  6.48627e-06  9.19191e-06  8.29016e-03 -7.31294e-03
  6.48627e-06  9.84848e-06  9.23100e-03 -7.92948e-03
  6.48627e-06  1.05050e-05  1.02111e-02 -8.53773e-03
  6.48627e-06  1.11616e-05  1.12312e-02 -9.13764e-03
  6.48627e-06  1.18182e-05  1.22923e-02 -9.72916e-03
  6.48627e-06  1.24747e-05  1.33950e-02 -1.03122e-02
  6.48627e-06  1.31313e-05  1.45403e-02 -1.08868e-02
  6.48627e-06  1.37879e-05  1.57289e-02 -1.14528e-02
  6.48627e-06  1.44444e-05  1.69617e-02 -1.20103e-02
  6.48627e-06  1.51010e-05  1.82394e-02 -1.25590e-02
  6.48627e-06  1.57576e-05  1.95630e-02 -1.30991e-02
  6.48627e-06  1.64141e-05  2.09332e-02 -1.36304e-02

  7.29705e-06  0.00000e+00 -9.51522e-04  2.77235e-03
  7.29705e-06  6.56565e-07 -4.08135e-04  2.07987e-03
  7.29705e-06  1.31313e-06  1.64290e-04  1.39595e-03
  7.29705e-06  1.96970e-06  7.66573e-04  7.20658e-04
  7.29705e-06  2.62626e-06  1.39954e-03  5.40307e-05
  7.29705e-06  3.28283e-06  2.06400e-03 -6.03874e-04
  7.29705e-06  3.93939e-06  2.76078e-03 -1.25300e-03
  7.29705e-06  4.59596e-06  3.49069e-03 -1.89331e-03
  7.29705e-06  5.25252e-06  4.25457e-03 -2.52473e-03
  7.29705e-06  5.90909e-06  5.05323e-03 -3.14722e-03
  7.29705e-06  6.56565e-06  5.88748e-03 -3.76072e-03
  7.29705e-06  7.22222e-06  6.75816e-03 -4.36519e-03
  7.29705e-06  7.87878e-06  7.66607e-03 -4.96057e-03
  7.29705e-06  8.53535e-06  8.61204e-03 -5.54681e-03
  7.29705e-06  9.19191e-06  9.59689e-03 -6.12385e-03
  7.29705e-06  9.84848e-06  1.06214e-02 -6.69164e-03
  7.29705e-06  1.05050e-05  1.16865e-02 -7.25013e-03
  7.29705e-06  1.11616e-05  1.27929e-02 -7.79927e-03
  7.29705e-06  1.18182e-05  1.39415e-02 -8.33901e-03
  7.29705e-06  1.24747e-05  1.51330e-02 -8.86928e-03
  7.29705e-06  1.31313e-05  1.63684e-02 -9.39005e-03
  7.29705e-06  1.37879e-05  1.76483e-02 -9.90126e-03
  7.29705e-06  1.44444e-05  1.89737e-02 -1.04028e-02
  7.29705e-06  1.51010e-05  2.03454e-02 -1.08948e-02
  7.29705e-06  1.57576e-05  2.17641e-02 -1.13770e-02
  7.29705e-06  1.64141e-05  2.32308e-02 -1.18494e-02

  8.10784e-06  0.00000e+00 -5.83207e-04  3.46671e-03
  8.10784e-06  6.56565e-07  2.73179e-05  2.81037e-03
  8.10784e-06  1.31313e-06  6.68154e-04  2.16361e-03
  8.10784e-06  1.96970e-06  1.34012e-03  1.52647e-03
  8.10784e-06  2.62626e-06  2.04404e-03  8.99024e-04
  8.10784e-06  3.28283e-06  2.78073e-03  2.81309e-04
  8.10784e-06  3.93939e-06  3.55101e-03 -3.26619e-04
  8.10784e-06  4.59596e-06  4.35571e-03 -9.24707e-04
  8.10784e-06  5.25252e-06  5.19563e-03 -1.51290e-03
  8.10784e-06  5.90909e-06  6.07161e-03 -2.09115e-03
  8.10784e-06  6.56565e-06  6.98445e-03 -2.65940e-03
  8.10784e-06  7.22222e-06  7.93499e-03 -3.21761e-03
  8.10784e-06  7.87878e-06  8.92404e-03 -3.76571e-03
  8.10784e-06  8.53535e-06  9.95243e-03 -4.30365e-03
  8.10784e-06  9.19191e-06  1.10210e-02 -4.83139e-03
  8.10784e-06  9.84848e-06  1.21305e-02 -5.34887e-03
  8.10784e-06  1.05050e-05  1.32818e-02 -5.85603e-03
  8.10784e-06  1.11616e-05  1.44757e-02 -6.35283e-03
  8.10784e-06  1.18182e-05  1.57130e-02 -6.83921e-03
  8.10784e-06  1.24747e-05  1.69946e-02 -7.31512e-03
  8.10784e-06  1.31313e-05  1.83213e-02 -7.78051e-03
  8.10784e-06  1.37879e-05  1.96938e-02 -8.23532e-03
  8.10784e-06  1.44444e-05  2.11131e-02 -8.67951e-03
  8.10784e-06  1.51010e-05  2.25799e-02 -9.11301e-03
  8.10784e-06  1.57576e-05  2.40950e-02 -9.53579e-03
  8.10784e-06  1.64141e-05  2.56594e-02 -9.94777e-03

  8.91862e-06  0.00000e+00 -1.13007e-04  4.24396e-03
  8.91862e-06  6.56565e-07  5.65898e-04  3.62533e-03
  8.91862e-06  1.31313e-06  1.27639e-03  3.01729e-03
  8.91862e-06  1.96970e-06  2.01928e-03  2.41990e-03
  8.91862e-06  2.62626e-06  2.79540e-03  1.83319e-03
  8.91862e-06  3.28283e-06  3.60556e-03  1.25724e-03
  8.91862e-06  3.93939e-06  4.45059e-03  6.92086e-04
  8.91862e-06  4.59596e-06  5.33130e-03  1.37784e-04
  8.91862e-06  5.25252e-06  6.24851e-03 -4.05612e-04
  8.91862e-06  5.90909e-06  7.20305e-03 -9.38050e-04
  8.91862e-06  6.56565e-06  8.19573e-03 -1.45948e-03
  8.91862e-06  7.22222e-06  9.22738e-03 -1.96984e-03
  8.91862e-06  7.87878e-06  1.02988e-02 -2.46909e-03
  8.91862e-06  8.53535e-06  1.14108e-02 -2.95718e-03
  8.91862e-06  9.19191e-06  1.25643e-02 -3.43404e-03
  8.91862e-06  9.84848e-06  1.37600e-02 -3.89963e-03
  8.91862e-06  1.05050e-05  1.49988e-02 -4.35389e-03
  8.91862e-06  1.11616e-05  1.62814e-02 -4.79678e-03
  8.91862e-06  1.18182e-05  1.76088e-02 -5.22824e-03
  8.91862e-06  1.24747e-05  1.89817e-02 -5.64821e-03
  8.91862e-06  1.31313e-05  2.04009e-02 -6.05665e-03
  8.91862e-06  1.37879e-05  2.18673e-02 -6.45350e-03
  8.91862e-06  1.44444e-05  2.33817e-02 -6.83870e-03
  8.91862e-06  1.51010e-05  2.49449e-02 -7.21222e-03
  8.91862e-06  1.57576e-05  2.65577e-02 -7.57399e-03
  8.91862e-06  1.64141e-05  2.82209e-02 -7.92396e-03

  9.72940e-06  0.00000e+00  4.61007e-04  5.10564e-03
  9.72940e-06  6.56565e-07  1.20954e-03  4.52629e-03
  9.72940e-06  1.31313e-06  1.99092e-03  3.95854e-03
  9.72940e-06  1.96970e-06  2.80598e-03  3.40246e-03
  9.72940e-06  2.62626e-06  3.65554e-03  2.85807e-03
  9.72940e-06  3.28283e-06  4.54042e-03  2.32545e-03
  9.72940e-06  3.93939e-06  5.46143e-03  1.80464e-03
  9.72940e-06  4.59596e-06  6.41940e-03  1.29570e-03
  9.72940e-06  5.25252e-06  7.41514e-03  7.98675e-04
  9.72940e-06  5.90909e-06  8.44949e-03  3.13620e-04
  9.72940e-06  6.56565e-06  9.52325e-03 -1.59412e-04
  9.72940e-06  7.22222e-06  1.06372e-02 -6.20369e-04
  9.72940e-06  7.87878e-06  1.17923e-02 -1.06920e-03
  9.72940e-06  8.53535e-06  1.29892e-02 -1.50585e-03
  9.72940e-06  9.19191e-06  1.42289e-02 -1.93026e-03
  9.72940e-06  9.84848e-06  1.55120e-02 -2.34239e-03
  9.72940e-06  1.05050e-05  1.68395e-02 -2.74218e-03
  9.72940e-06  1.11616e-05  1.82121e-02 -3.12959e-03
  9.72940e-06  1.18182e-05  1.96307e-02 -3.50455e-03
  9.72940e-06  1.24747e-05  2.10962e-02 -3.86701e-03
  9.72940e-06  1.31313e-05  2.26092e-02 -4.21692e-03
  9.72940e-06  1.37879e-05  2.41707e-02 -4.55424e-03
  9.72940e-06  1.44444e-05  2.57814e-02 -4.87890e-03
  9.72940e-06  1.51010e-05  2.74422e-02 -5.19086e-03
  9.72940e-06  1.57576e-05  2.91539e-02 -5.49005e-03
  9.72940e-06  1.64141e-05  3.09173e-02 -5.77644e-03

  1.05402e-05  0.00000e+00  1.14077e-03  6.05327e-03
  1.05402e-05  6.56565e-07  1.96016e-03  5.51477e-03
  1.05402e-05  1.31313e-06  2.81368e-03  4.98890e-03
  1.05402e-05  1.96970e-06  3.70216e-03  4.47569e-03
  1.05402e-05  2.62626e-06  4.62640e-03  3.97520e-03
  1.05402e-05  3.28283e-06  5.58723e-03  3.48748e-03
  1.05402e-05  3.93939e-06  6.58547e-03  3.01259e-03
  1.05402e-05  4.59596e-06  7.62194e-03  2.55058e-03
  1.05402e-05  5.25252e-06  8.69746e-03  2.10149e-03
  1.05402e-05  5.90909e-06  9.81285e-03  1.66539e-03
  1.05402e-05  6.56565e-06  1.09689e-02  1.24233e-03
  1.05402e-05  7.22222e-06  1.21665e-02  8.32352e-04
  1.05402e-05  7.87878e-06  1.34064e-02  4.35516e-04
  1.05402e-05  8.53535e-06  1.46895e-02  5.18731e-05
  1.05402e-05  9.19191e-06  1.60165e-02 -3.18524e-04
  1.05402e-05  9.84848e-06  1.73884e-02 -6.75624e-04
  1.05402e-05  1.05050e-05  1.88058e-02 -1.01937e-03
  1.05402e-05  1.11616e-05  2.02697e-02 -1.34972e-03
  1.05402e-05  1.18182e-05  2.17808e-02 -1.66661e-03
  1.05402e-05  1.24747e-05  2.33400e-02 -1.96999e-03
  1.05402e-05  1.31313e-05  2.49481e-02 -2.25981e-03
  1.05402e-05  1.37879e-05  2.66059e-02 -2.53602e-03
  1.05402e-05  1.44444e-05  2.83142e-02 -2.79856e-03
  1.05402e-05  1.51010e-05  3.00739e-02 -3.04738e-03
  1.05402e-05  1.57576e-05  3.18857e-02 -3.28244e-03
  1.05402e-05  1.64141e-05  3.37505e-02 -3.50367e-03

  1.13510e-05  0.00000e+00  1.92820e-03  7.08839e-03
  1.13510e-05  6.56565e-07  2.81970e-03  6.59232e-03
  1.13510e-05  1.31313e-06  3.74661e-03  6.10988e-03
  1.13510e-05  1.96970e-06  4.70973e-03  5.64113e-03
  1.13510e-05  2.62626e-06  5.70990e-03  5.18610e-03
  1.13510e-05  3.28283e-06  6.74793e-03  4.74486e-03
  1.13510e-05  3.93939e-06  7.82464e-03  4.31746e-03
  1.13510e-05  4.59596e-06  8.94085e-03  3.90394e-03
  1.13510e-05  5.25252e-06  1.00974e-02  3.50438e-03
  1.13510e-05  5.90909e-06  1.12951e-02  3.11880e-03
  1.13510e-05  6.56565e-06  1.25347e-02  2.74728e-03
  1.13510e-05  7.22222e-06  1.38171e-02  2.38985e-03
  1.13510e-05  7.87878e-06  1.51432e-02  2.04658e-03
  1.13510e-05  8.53535e-06  1.65136e-02  1.71752e-03
  1.13510e-05  9.19191e-06  1.79293e-02  1.40271e-03
  1.13510e-05  9.84848e-06  1.93911e-02  1.10221e-03
  1.13510e-05  1.05050e-05  2.08997e-02  8.16079e-04
  1.13510e-05  1.11616e-05  2.24560e-02  5.44361e-04
  1.13510e-05  1.18182e-05  2.40609e-02  2.87112e-04
  1.13510e-05  1.24747e-05  2.57151e-02  4.43837e-05
  1.13510e-05  1.31313e-05  2.74195e-02 -1.83771e-04
  1.13510e-05  1.37879e-05  2.91748e-02 -3.97301e-04
  1.13510e-05  1.44444e-05  3.09820e-02 -5.96152e-04
  1.13510e-05  1.51010e-05  3.28418e-02 -7.80271e-04
  1.13510e-05  1.57576e-05  3.47550e-02 -9.49608e-04
  1.13510e-05  1.64141e-05  3.67225e-02 -1.10411e-03

  1.21618e-05  0.00000e+00  2.82524e-03  8.21254e-03
  1.21618e-05  6.56565e-07  3.79009e-03  7.76047e-03
  1.21618e-05  1.31313e-06  4.79162e-03  7.32304e-03
  1.21618e-05  1.96970e-06  5.83064e-03  6.90030e-03
  1.21618e-05  2.62626e-06  6.90797e-03  6.49231e-03
  1.21618e-05  3.28283e-06  8.02444e-03  6.09912e-03
  1.21618e-05  3.93939e-06  9.18087e-03  5.72078e-03
  1.21618e-05  4.59596e-06  1.03781e-02  5.35734e-03
  1.21618e-05  5.25252e-06  1.16169e-02  5.00886e-03
  1.21618e-05  5.90909e-06  1.28981e-02  4.67538e-03
  1.21618e-05  6.56565e-06  1.42225e-02  4.35697e-03
  1.21618e-05  7.22222e-06  1.55910e-02  4.05367e-03
  1.21618e-05  7.87878e-06  1.70044e-02  3.76553e-03
  1.21618e-05  8.53535e-06  1.84635e-02  3.49262e-03
  1.21618e-05  9.19191e-06  1.99691e-02  3.23497e-03
  1.21618e-05  9.84848e-06  2.15220e-02  2.99265e-03
  1.21618e-05  1.05050e-05  2.31231e-02  2.76570e-03
  1.21618e-05  1.11616e-05  2.47731e-02  2.55418e-03
  1.21618e-05  1.18182e-05  2.64730e-02  2.35815e-03
  1.21618e-05  1.24747e-05  2.82234e-02  2.17764e-03
  1.21618e-05  1.31313e-05  3.00253e-02  2.01273e-03
  1.21618e-05  1.37879e-05  3.18795e-02  1.86345e-03
  1.21618e-05  1.44444e-05  3.37867e-02  1.72986e-03
  1.21618e-05  1.51010e-05  3.57478e-02  1.61202e-03
  1.21618e-05  1.57576e-05  3.77637e-02  1.50997e-03
  1.21618e-05  1.64141e-05  3.98351e-02  1.42377e-03

  1.29725e-05  0.00000e+00  3.83382e-03  9.42725e-03
  1.29725e-05  6.56565e-07  4.87326e-03  9.02075e-03
  1.29725e-05  1.31313e-06  5.95065e-03  8.62990e-03
  1.29725e-05  1.96970e-06  7.06681e-03  8.25476e-03
  1.29725e-05  2.62626e-06  8.22255e-03  7.89537e-03
  1.29725e-05  3.28283e-06  9.41870e-03  7.55180e-03
  1.29725e-05  3.93939e-06  1.06561e-02  7.22409e-03
  1.29725e-05  4.59596e-06  1.19355e-02  6.91230e-03
  1.29725e-05  5.25252e-06  1.32578e-02  6.61647e-03
  1.29725e-05  5.90909e-06  1.46238e-02  6.33667e-03
  1.29725e-05  6.56565e-06  1.60343e-02  6.07294e-03
  1.29725e-05  7.22222e-06  1.74901e-02  5.82533e-03
  1.29725e-05  7.87878e-06  1.89921e-02  5.59391e-03
  1.29725e-05  8.53535e-06  2.05410e-02  5.37871e-03
  1.29725e-05  9.19191e-06  2.21377e-02  5.17980e-03
  1.29725e-05  9.84848e-06  2.37831e-02  4.99722e-03
  1.29725e-05  1.05050e-05  2.54778e-02  4.83103e-03
  1.29725e-05  1.11616e-05  2.72228e-02  4.68129e-03
  1.29725e-05  1.18182e-05  2.90189e-02  4.54803e-03
  1.29725e-05  1.24747e-05  3.08669e-02  4.43133e-03
  1.29725e-05  1.31313e-05  3.27676e-02  4.33122e-03
  1.29725e-05  1.37879e-05  3.47218e-02  4.24776e-03
  1.29725e-05  1.44444e-05  3.67303e-02  4.18101e-03
  1.29725e-05  1.51010e-05  3.87940e-02  4.13101e-03
  1.29725e-05  1.57576e-05  4.09137e-02  4.09782e-03
  1.29725e-05  1.64141e-05  4.30903e-02  4.08149e-03

  1.37833e-05  0.00000e+00  4.95586e-03  1.07341e-02
  1.37833e-05  6.56565e-07  6.07114e-03  1.03747e-02
  1.37833e-05  1.31313e-06  7.22563e-03  1.00320e-02
  1.37833e-05  1.96970e-06  8.42017e-03  9.70602e-03
  1.37833e-05  2.62626e-06  9.65556e-03  9.39682e-03
  1.37833e-05  3.28283e-06  1.09326e-02  9.10443e-03
  1.37833e-05  3.93939e-06  1.22522e-02  8.82893e-03
  1.37833e-05  4.59596e-06  1.36151e-02  8.57035e-03
  1.37833e-05  5.25252e-06  1.50222e-02  8.32875e-03
  1.37833e-05  5.90909e-06  1.64742e-02  8.10419e-03
  1.37833e-05  6.56565e-06  1.79719e-02  7.89672e-03
  1.37833e-05  7.22222e-06  1.95163e-02  7.70638e-03
  1.37833e-05  7.87878e-06  2.11081e-02  7.53323e-03
  1.37833e-05  8.53535e-06  2.27482e-02  7.37733e-03
  1.37833e-05  9.19191e-06  2.44373e-02  7.23872e-03
  1.37833e-05  9.84848e-06  2.61763e-02  7.11746e-03
  1.37833e-05  1.05050e-05  2.79659e-02  7.01360e-03
  1.37833e-05  1.11616e-05  2.98072e-02  6.92720e-03
  1.37833e-05  1.18182e-05  3.17007e-02  6.85830e-03
  1.37833e-05  1.24747e-05  3.36474e-02  6.80696e-03
  1.37833e-05  1.31313e-05  3.56481e-02  6.77324e-03
  1.37833e-05  1.37879e-05  3.77036e-02  6.75717e-03
  1.37833e-05  1.44444e-05  3.98147e-02  6.75883e-03
  1.37833e-05  1.51010e-05  4.19823e-02  6.77825e-03
  1.37833e-05  1.57576e-05  4.42071e-02  6.81549e-03
  1.37833e-05  1.64141e-05  4.64900e-02  6.87061e-03

  1.45941e-05  0.00000e+00  6.19330e-03  1.21345e-02
  1.45941e-05  6.56565e-07  7.38565e-03  1.18238e-02
  1.45941e-05  1.31313e-06  8.61849e-03  1.15309e-02
  1.45941e-05  1.96970e-06  9.89265e-03  1.12556e-02
  1.45941e-05  2.62626e-06  1.12089e-02  1.09982e-02
  1.45941e-05  3.28283e-06  1.25682e-02  1.07586e-02
  1.45941e-05  3.93939e-06  1.39712e-02  1.05368e-02
  1.45941e-05  4.59596e-06  1.54188e-02  1.03330e-02
  1.45941e-05  5.25252e-06  1.69118e-02  1.01472e-02
  1.45941e-05  5.90909e-06  1.84511e-02  9.97949e-03
  1.45941e-05  6.56565e-06  2.00374e-02  9.82984e-03
  1.45941e-05  7.22222e-06  2.16716e-02  9.69834e-03
  1.45941e-05  7.87878e-06  2.33545e-02  9.58504e-03
  1.45941e-05  8.53535e-06  2.50869e-02  9.49000e-03
  1.45941e-05  9.19191e-06  2.68696e-02  9.41327e-03
  1.45941e-05  9.84848e-06  2.87035e-02  9.35490e-03
  1.45941e-05  1.05050e-05  3.05893e-02  9.31495e-03
  1.45941e-05  1.11616e-05  3.25280e-02  9.29346e-03
  1.45941e-05  1.18182e-05  3.45202e-02  9.29049e-03
  1.45941e-05  1.24747e-05  3.65669e-02  9.30609e-03
  1.45941e-05  1.31313e-05  3.86689e-02  9.34032e-03
  1.45941e-05  1.37879e-05  4.08269e-02  9.39322e-03
  1.45941e-05  1.44444e-05  4.30418e-02  9.46485e-03
  1.45941e-05  1.51010e-05  4.53144e-02  9.55526e-03
  1.45941e-05  1.57576e-05  4.76456e-02  9.66451e-03
  1.45941e-05  1.64141e-05  5.00361e-02  9.79264e-03

  1.54049e-05  0.00000e+00  7.54806e-03  1.36301e-02
  1.54049e-05  6.56565e-07  8.81873e-03  1.33697e-02
  1.54049e-05  1.31313e-06  1.01312e-02  1.31280e-02
  1.54049e-05  1.96970e-06  1.14862e-02  1.29051e-02
  1.54049e-05  2.62626e-06  1.28846e-02  1.27010e-02
  1.54049e-05  3.28283e-06  1.43273e-02  1.25157e-02
  1.54049e-05  3.93939e-06  1.58150e-02  1.23493e-02
  1.54049e-05  4.59596e-06  1.73485e-02  1.22019e-02
  1.54049e-05  5.25252e-06  1.89288e-02  1.20735e-02
  1.54049e-05  5.90909e-06  2.05565e-02  1.19641e-02
  1.54049e-05  6.56565e-06  2.22326e-02  1.18738e-02
  1.54049e-05  7.22222e-06  2.39579e-02  1.18028e-02
  1.54049e-05  7.87878e-06  2.57331e-02  1.17509e-02
  1.54049e-05  8.53535e-06  2.75590e-02  1.17183e-02
  1.54049e-05  9.19191e-06  2.94366e-02  1.17050e-02
  1.54049e-05  9.84848e-06  3.13667e-02  1.17111e-02
  1.54049e-05  1.05050e-05  3.33499e-02  1.17366e-02
  1.54049e-05  1.11616e-05  3.53872e-02  1.17816e-02
  1.54049e-05  1.18182e-05  3.74795e-02  1.18461e-02
  1.54049e-05  1.24747e-05  3.96274e-02  1.19302e-02
  1.54049e-05  1.31313e-05  4.18318e-02  1.20340e-02
  1.54049e-05  1.37879e-05  4.40936e-02  1.21574e-02
  1.54049e-05  1.44444e-05  4.64136e-02  1.23006e-02
  1.54049e-05  1.51010e-05  4.87925e-02  1.24636e-02
  1.54049e-05  1.57576e-05  5.12313e-02  1.26464e-02
  1.54049e-05  1.64141e-05  5.37307e-02  1.28491e-02

  1.62157e-05  0.00000e+00  9.02208e-03  1.52224e-02
  1.62157e-05  6.56565e-07  1.03723e-02  1.50139e-02
  1.62157e-05  1.31313e-06  1.17656e-02  1.48250e-02
  1.62157e-05  1.96970e-06  1.32027e-02  1.46560e-02
  1.62157e-05  2.62626e-06  1.46845e-02  1.45068e-02
  1.62157e-05  3.28283e-06  1.62118e-02  1.43774e-02
  1.62157e-05  3.93939e-06  1.77854e-02  1.42679e-02
  1.62157e-05  4.59596e-06  1.94062e-02  1.41784e-02
  1.62157e-05  5.25252e-06  2.10749e-02  1.41089e-02
  1.62157e-05  5.90909e-06  2.27924e-02  1.40595e-02
  1.62157e-05  6.56565e-06  2.45595e-02  1.40303e-02
  1.62157e-05  7.22222e-06  2.63770e-02  1.40211e-02
  1.62157e-05  7.87878e-06  2.82458e-02  1.40323e-02
  1.62157e-05  8.53535e-06  3.01666e-02  1.40637e-02
  1.62157e-05  9.19191e-06  3.21403e-02  1.41154e-02
  1.62157e-05  9.84848e-06  3.41677e-02  1.41875e-02
  1.62157e-05  1.05050e-05  3.62496e-02  1.42801e-02
  1.62157e-05  1.11616e-05  3.83869e-02  1.43932e-02
  1.62157e-05  1.18182e-05  4.05803e-02  1.45268e-02
  1.62157e-05  1.24747e-05  4.28307e-02  1.46810e-02
  1.62157e-05  1.31313e-05  4.51389e-02  1.48558e-02
  1.62157e-05  1.37879e-05  4.75057e-02  1.50513e-02
  1.62157e-05  1.44444e-05  4.99319e-02  1.52676e-02
  1.62157e-05  1.51010e-05  5.24185e-02  1.55048e-02
  1.62157e-05  1.57576e-05  5.49660e-02  1.57627e-02
  1.62157e-05  1.64141e-05  5.75755e-02  1.60416e-02

  1.70265e-05  0.00000e+00  1.06173e-02  1.69129e-02
  1.70265e-05  6.56565e-07  1.20483e-02  1.67578e-02
  1.70265e-05  1.31313e-06  1.35237e-02  1.66234e-02
  1.70265e-05  1.96970e-06  1.50441e-02  1.65098e-02
  1.70265e-05  2.62626e-06  1.66106e-02  1.64171e-02
  1.70265e-05  3.28283e-06  1.82238e-02  1.63452e-02
  1.70265e-05  3.93939e-06  1.98846e-02  1.62942e-02
  1.70265e-05  4.59596e-06  2.15938e-02  1.62642e-02
  1.70265e-05  5.25252e-06  2.33522e-02  1.62552e-02
  1.70265e-05  5.90909e-06  2.51607e-02  1.62674e-02
  1.70265e-05  6.56565e-06  2.70200e-02  1.63006e-02
  1.70265e-05  7.22222e-06  2.89311e-02  1.63551e-02
  1.70265e-05  7.87878e-06  3.08946e-02  1.64307e-02
  1.70265e-05  8.53535e-06  3.29115e-02  1.65277e-02
  1.70265e-05  9.19191e-06  3.49826e-02  1.66461e-02
  1.70265e-05  9.84848e-06  3.71086e-02  1.67858e-02
  1.70265e-05  1.05050e-05  3.92904e-02  1.69470e-02
  1.70265e-05  1.11616e-05  4.15288e-02  1.71297e-02
  1.70265e-05  1.18182e-05  4.38247e-02  1.73339e-02
  1.70265e-05  1.24747e-05  4.61788e-02  1.75598e-02
  1.70265e-05  1.31313e-05  4.85920e-02  1.78073e-02
  1.70265e-05  1.37879e-05  5.10650e-02  1.80765e-02
  1.70265e-05  1.44444e-05  5.35988e-02  1.83675e-02
  1.70265e-05  1.51010e-05  5.61941e-02  1.86803e-02
  1.70265e-05  1.57576e-05  5.88518e-02  1.90150e-02
  1.70265e-05  1.64141e-05  6.15726e-02  1.93716e-02

  1.78372e-05  0.00000e+00  1.23356e-02  1.87032e-02
  1.78372e-05  6.56565e-07  1.38487e-02  1.86031e-02
  1.78372e-05  1.31313e-06  1.54073e-02  1.85247e-02
  1.78372e-05  1.96970e-06  1.70124e-02  1.84682e-02
  1.78372e-05  2.62626e-06  1.86647e-02  1.84334e-02
  1.78372e-05  3.28283e-06  2.03650e-02  1.84206e-02
  1.78372e-05  3.93939e-06  2.21142e-02  1.84297e-02
  1.78372e-05  4.59596e-06  2.39131e-02  1.84607e-02
  1.78372e-05  5.25252e-06  2.57625e-02  1.85139e-02
  1.78372e-05  5.90909e-06  2.76632e-02  1.85891e-02
  1.78372e-05  6.56565e-06  2.96161e-02  1.86865e-02
  1.78372e-05  7.22222e-06  3.16219e-02  1.88060e-02
  1.78372e-05  7.87878e-06  3.36815e-02  1.89479e-02
  1.78372e-05  8.53535e-06  3.57957e-02  1.91120e-02
  1.78372e-05  9.19191e-06  3.79654e-02  1.92985e-02
  1.78372e-05  9.84848e-06  4.01912e-02  1.95074e-02
  1.78372e-05  1.05050e-05  4.24742e-02  1.97388e-02
  1.78372e-05  1.11616e-05  4.48150e-02  1.99926e-02
  1.78372e-05  1.18182e-05  4.72145e-02  2.02691e-02
  1.78372e-05  1.24747e-05  4.96736e-02  2.05682e-02
  1.78372e-05  1.31313e-05  5.21930e-02  2.08899e-02
  1.78372e-05  1.37879e-05  5.47736e-02  2.12344e-02
  1.78372e-05  1.44444e-05  5.74161e-02  2.16017e-02
  1.78372e-05  1.51010e-05  6.01215e-02  2.19918e-02
  1.78372e-05  1.57576e-05  6.28905e-02  2.24047e-02
  1.78372e-05  1.64141e-05  6.57239e-02  2.28406e-02

  1.86480e-05  0.00000e+00  1.41790e-02  2.05947e-02
  1.86480e-05  6.56565e-07  1.57753e-02  2.05512e-02
  1.86480e-05  1.31313e-06  1.74186e-02  2.05305e-02
  1.86480e-05  1.96970e-06  1.91095e-02  2.05325e-02
  1.86480e-05  2.62626e-06  2.08489e-02  2.05574e-02
  1.86480e-05  3.28283e-06  2.26376e-02  2.06051e-02
  1.86480e-05  3.93939e-06  2.44764e-02  2.06758e-02
  1.86480e-05  4.59596e-06  2.63662e-02  2.07696e-02
  1.86480e-05  5.25252e-06  2.83078e-02  2.08864e-02
  1.86480e-05  5.90909e-06  3.03020e-02  2.10263e-02
  1.86480e-05  6.56565e-06  3.23496e-02  2.11893e-02
  1.86480e-05  7.22222e-06  3.44514e-02  2.13756e-02
  1.86480e-05  7.87878e-06  3.66083e-02  2.15851e-02
  1.86480e-05  8.53535e-06  3.88211e-02  2.18180e-02
  1.86480e-05  9.19191e-06  4.10906e-02  2.20742e-02
  1.86480e-05  9.84848e-06  4.34175e-02  2.23539e-02
  1.86480e-05  1.05050e-05  4.58029e-02  2.26570e-02
  1.86480e-05  1.11616e-05  4.82474e-02  2.29836e-02
  1.86480e-05  1.18182e-05  5.07518e-02  2.33339e-02
  1.86480e-05  1.24747e-05  5.33171e-02  2.37078e-02
  1.86480e-05  1.31313e-05  5.59439e-02  2.41053e-02
  1.86480e-05  1.37879e-05  5.86332e-02  2.45266e-02
  1.86480e-05  1.44444e-05  6.13858e-02  2.49717e-02
  1.86480e-05  1.51010e-05  6.42025e-02  2.54407e-02
  1.86480e-05  1.57576e-05  6.70840e-02  2.59335e-02
  1.86480e-05  1.64141e-05  7.00313e-02  2.64503e-02

  1.94588e-05  0.00000e+00  1.61493e-02  2.25891e-02
  1.94588e-05  6.56565e-07  1.78302e-02  2.26038e-02
  1.94588e-05  1.31313e-06  1.95592e-02  2.26422e-02
  1.94588e-05  1.96970e-06  2.13372e-02  2.27044e-02
  1.94588e-05  2.62626e-06  2.31650e-02  2.27904e-02
  1.94588e-05  3.28283e-06  2.50433e-02  2.29004e-02
  1.94588e-05  3.93939e-06  2.69730e-02  2.30343e-02
  1.94588e-05  4.59596e-06  2.89550e-02  2.31922e-02
  1.94588e-05  5.25252e-06  3.09900e-02  2.33743e-02
  1.94588e-05  5.90909e-06  3.30789e-02  2.35804e-02
  1.94588e-05  6.56565e-06  3.52225e-02  2.38107e-02
  1.94588e-05  7.22222e-06  3.74216e-02  2.40653e-02
  1.94588e-05  7.87878e-06  3.96770e-02  2.43441e-02
  1.94588e-05  8.53535e-06  4.19896e-02  2.46472e-02
  1.94588e-05  9.19191e-06  4.43601e-02  2.49748e-02
  1.94588e-05  9.84848e-06  4.67895e-02  2.53267e-02
  1.94588e-05  1.05050e-05  4.92784e-02  2.57032e-02
  1.94588e-05  1.11616e-05  5.18278e-02  2.61042e-02
  1.94588e-05  1.18182e-05  5.44384e-02  2.65298e-02
  1.94588e-05  1.24747e-05  5.71111e-02  2.69800e-02
  1.94588e-05  1.31313e-05  5.98467e-02  2.74550e-02
  1.94588e-05  1.37879e-05  6.26460e-02  2.79547e-02
  1.94588e-05  1.44444e-05  6.55098e-02  2.84792e-02
  1.94588e-05  1.51010e-05  6.84390e-02  2.90286e-02
  1.94588e-05  1.57576e-05  7.14343e-02  2.96028e-02
  1.94588e-05  1.64141e-05  7.44967e-02  3.02021e-02

  2.02696e-05  0.00000e+00  1.82486e-02  2.46879e-02
  2.02696e-05  6.56565e-07  2.00152e-02  2.47623e-02
  2.02696e-05  1.31313e-06  2.18313e-02  2.48614e-02
  2.02696e-05  1.96970e-06  2.36976e-02  2.49853e-02
  2.02696e-05  2.62626e-06  2.56149e-02  2.51341e-02
  2.02696e-05  3.28283e-06  2.75841e-02  2.53078e-02
  2.02696e-05  3.93939e-06  2.96060e-02  2.55065e-02
  2.02696e-05  4.59596e-06  3.16814e-02  2.57303e-02
  2.02696e-05  5.25252e-06  3.38111e-02  2.59791e-02
  2.02696e-05  5.90909e-06  3.59959e-02  2.62531e-02
  2.02696e-05  6.56565e-06  3.82367e-02  2.65522e-02
  2.02696e-05  7.22222e-06  4.05343e-02  2.68766e-02
  2.02696e-05  7.87878e-06  4.28895e-02  2.72262e-02
  2.02696e-05  8.53535e-06  4.53032e-02  2.76013e-02
  2.02696e-05  9.19191e-06  4.77760e-02  2.80017e-02
  2.02696e-05  9.84848e-06  5.03089e-02  2.84275e-02
  2.02696e-05  1.05050e-05  5.29027e-02  2.88789e-02
  2.02696e-05  1.11616e-05  5.55583e-02  2.93558e-02
  2.02696e-05  1.18182e-05  5.82763e-02  2.98584e-02
  2.02696e-05  1.24747e-05  6.10577e-02  3.03865e-02
  2.02696e-05  1.31313e-05  6.39032e-02  3.09405e-02
  2.02696e-05  1.37879e-05  6.68137e-02  3.15201e-02
  2.02696e-05  1.44444e-05  6.97900e-02  3.21256e-02
  2.02696e-05  1.51010e-05  7.28330e-02  3.27570e-02
  2.02696e-05  1.57576e-05  7.59434e-02  3.34142e-02
  2.02696e-05  1.64141e-05  7.91220e-02  3.40975e-02

