# dbeta_x/beta_x  dbeta_y/beta_y  dnu_x  dnu_y
#      [%]             [%]
#
   4.9  -2.56   2.35  1.072e-04  5.073e-04
   6.0  -0.04   0.85  1.201e-04  4.749e-04
   6.9   0.76   0.32  1.161e-04  4.711e-04
   7.8   0.72   0.35  1.063e-04  4.692e-04
  11.5  -0.17  -0.13  1.449e-04  4.662e-04
  12.6   0.05  -0.31  1.462e-04  4.684e-04
  13.9   0.15  -0.69  1.453e-04  4.798e-04
  15.1   0.23  -0.97  1.436e-04  4.953e-04
  16.1   0.40  -1.08  1.375e-04  5.045e-04
  20.5  -0.68  -1.11  1.315e-04  5.444e-04
  22.0  -0.99   0.52  1.397e-04  5.516e-04
  23.1  -1.17   1.08  1.600e-04  5.374e-04
  29.9  -0.84   1.22 -1.073e-04  6.795e-04
  31.0  -0.67   0.54 -9.523e-05  6.649e-04
  32.5  -0.49  -0.71 -8.895e-05  6.670e-04
  36.6   0.30  -0.94 -9.559e-05  6.935e-04
  37.7   0.15  -0.96 -1.008e-04  7.032e-04
  39.1   0.08  -0.93 -1.019e-04  7.249e-04
  40.3   0.02  -0.86 -1.024e-04  7.415e-04
  41.2  -0.12  -0.81 -1.014e-04  7.488e-04
  45.2   0.52  -0.58 -7.591e-05  7.685e-04
  46.1   0.18  -0.00 -8.061e-05  7.706e-04
  47.0  -0.26   2.00 -8.052e-05  7.584e-04
  48.1  -0.70   4.36 -7.582e-05  7.037e-04
  57.6  -0.77   4.51 -1.507e-05 -4.440e-03
  58.8  -0.20   1.86 -1.064e-05 -4.494e-03
  59.7   0.24  -0.01 -1.091e-05 -4.504e-03
  60.5   0.51  -0.38 -1.712e-05 -4.503e-03
  64.3  -0.14  -0.68  8.378e-06 -4.489e-03
  65.4   0.01  -0.77  9.820e-06 -4.481e-03
  66.7   0.08  -0.93  9.338e-06 -4.462e-03
  67.9   0.14  -1.01  8.326e-06 -4.444e-03
  68.9   0.27  -1.03  4.390e-06 -4.435e-03
  73.3  -0.51  -0.79 -2.019e-06 -4.402e-03
  74.8  -0.74   0.61  4.166e-06 -4.399e-03
  75.9  -0.79   1.07  1.890e-05 -4.413e-03
  82.7  -1.28   1.23 -2.551e-04 -4.272e-03
  83.8  -0.96   0.37 -2.376e-04 -4.286e-03
  85.3  -0.71  -1.13 -2.285e-04 -4.277e-03
  89.4   0.53  -1.08 -2.328e-04 -4.242e-03
  90.5   0.30  -0.98 -2.423e-04 -4.231e-03
  91.9   0.19  -0.69 -2.448e-04 -4.212e-03
  93.1   0.09  -0.42 -2.460e-04 -4.202e-03
  94.0  -0.13  -0.28 -2.457e-04 -4.199e-03
  98.0   0.86   0.18 -1.996e-04 -4.197e-03
  98.9   0.93   0.06 -2.092e-04 -4.198e-03
  99.8  -0.48   1.19 -2.122e-04 -4.203e-03
 100.9  -2.54   2.06 -1.962e-04 -4.238e-03
 110.4  -2.54   2.30  1.211e-05 -3.239e-03
 111.6  -0.05   0.81  2.493e-05 -3.271e-03
 112.5   0.72   0.29  2.106e-05 -3.274e-03
 113.3   0.68   0.32  1.184e-05 -3.276e-03
 117.1  -0.12  -0.19  5.069e-05 -3.277e-03
 118.2   0.08  -0.38  5.111e-05 -3.275e-03
 119.5   0.17  -0.78  4.986e-05 -3.261e-03
 120.7   0.25  -1.06  4.800e-05 -3.244e-03
 121.7   0.40  -1.18  4.179e-05 -3.234e-03
 126.1  -0.62  -1.19  3.960e-05 -3.191e-03
 127.6  -0.93   0.50  4.726e-05 -3.183e-03
 128.7  -1.06   1.08  6.622e-05 -3.197e-03
 135.5  -1.15   1.22 -2.271e-04 -3.055e-03
 136.6  -0.87   0.34 -2.111e-04 -3.069e-03
 138.1  -0.63  -1.19 -2.030e-04 -3.060e-03
 142.2   0.57  -1.13 -1.990e-04 -3.022e-03
 143.3   0.36  -1.02 -2.097e-04 -3.011e-03
 144.7   0.26  -0.72 -2.128e-04 -2.991e-03
 145.9   0.17  -0.43 -2.147e-04 -2.981e-03
 146.8  -0.04  -0.28 -2.159e-04 -2.977e-03
 150.8   0.84   0.20 -1.653e-04 -2.976e-03
 151.7   0.93   0.08 -1.748e-04 -2.977e-03
 152.6  -0.51   1.24 -1.778e-04 -2.982e-03
 153.7  -2.60   2.14 -1.613e-04 -3.019e-03
 163.2  -2.50   2.32  4.805e-05 -1.996e-03
 164.4   0.05   0.80  6.039e-05 -2.028e-03
 165.3   0.85   0.27  5.577e-05 -2.031e-03
 166.1   0.81   0.30  4.475e-05 -2.032e-03
 169.9  -0.14  -0.20  9.148e-05 -2.034e-03
 171.0   0.10  -0.39  9.192e-05 -2.031e-03
 172.3   0.21  -0.79  9.040e-05 -2.017e-03
 173.5   0.30  -1.07  8.815e-05 -2.000e-03
 174.5   0.48  -1.19  8.069e-05 -1.990e-03
 178.9  -0.71  -1.19  7.818e-05 -1.947e-03
 180.4  -1.01   0.53  8.669e-05 -1.939e-03
 181.5  -1.12   1.12  1.069e-04 -1.954e-03
 188.3  -1.23   1.23 -2.050e-04 -1.809e-03
 189.4  -0.96   0.35 -1.878e-04 -1.822e-03
 190.9  -0.72  -1.19 -1.786e-04 -1.813e-03
 195.0   0.62  -1.12 -1.775e-04 -1.776e-03
 196.1   0.38  -1.01 -1.889e-04 -1.765e-03
 197.5   0.27  -0.70 -1.922e-04 -1.745e-03
 198.7   0.16  -0.41 -1.941e-04 -1.735e-03
 199.6  -0.08  -0.26 -1.948e-04 -1.732e-03
 203.6   0.95   0.24 -1.400e-04 -1.732e-03
 204.5   1.02   0.11 -1.507e-04 -1.733e-03
 205.4  -0.43   1.28 -1.541e-04 -1.738e-03
 206.5  -2.56   2.18 -1.381e-04 -1.776e-03
 216.0  -2.56   2.34  7.207e-05 -7.362e-04
 217.2   0.01   0.81  8.485e-05 -7.685e-04
 218.1   0.81   0.28  8.048e-05 -7.717e-04
 218.9   0.75   0.32  7.022e-05 -7.735e-04
 222.7  -0.04  -0.18  1.194e-04 -7.752e-04
 223.8   0.18  -0.37  1.178e-04 -7.724e-04
 225.1   0.27  -0.77  1.157e-04 -7.594e-04
 226.3   0.34  -1.05  1.129e-04 -7.423e-04
 227.3   0.50  -1.17  1.048e-04 -7.324e-04
 231.7  -0.58  -1.17  1.108e-04 -6.900e-04
 233.2  -0.89   0.55  1.180e-04 -6.824e-04
 234.3  -1.02   1.15  1.364e-04 -6.974e-04
 241.1  -1.23   1.27 -1.615e-04 -5.488e-04
 242.2  -0.93   0.39 -1.444e-04 -5.630e-04
 243.7  -0.68  -1.17 -1.357e-04 -5.543e-04
 247.8   0.50  -1.10 -1.393e-04 -5.178e-04
 248.9   0.29  -0.99 -1.483e-04 -5.070e-04
 250.3   0.18  -0.69 -1.507e-04 -4.877e-04
 251.5   0.09  -0.40 -1.519e-04 -4.776e-04
 252.4  -0.12  -0.26 -1.516e-04 -4.747e-04
 256.4   0.80   0.22 -1.082e-04 -4.742e-04
 257.3   0.88   0.10 -1.172e-04 -4.753e-04
 258.2  -0.53   1.22 -1.200e-04 -4.802e-04
 259.3  -2.60   2.08 -1.035e-04 -5.159e-04
