# Tracking with TRACY# (Floquet space)
#
#  1   512 1.0E+00 1.0E+00 0.0E+00 0.0E+00 11.03666 5.40007
#    N     x^          px^          y^          py^          delta          cdt
#                                                                   [%]           [mm]
#
   0  2.2305430065684277e-04  3.4210855666211918e-08  4.0049002407909970e-03  3.1576247488100775e-07  0.0000000000000000e+00  0.0000000000000000e+00
   1 -2.9127638908590719e-04 -2.4287453680094768e-04 -2.5796195388115353e-03 -2.9980611480845071e-03  0.0000000000000000e+00 -5.4682514389327752e-02
   2 -3.0866364155075976e-04 -4.4319587928878188e-04  1.3421637597110084e-04  4.1591464426841930e-03  0.0000000000000000e+00 -9.2002216472989354e-02
   3  1.6953035574116449e-05 -1.6706703024500308e-04  2.4785075489715787e-03 -3.2593855094316115e-03  0.0000000000000000e+00 -7.9527575684050125e-02
   4  1.0682928160697446e-04  6.7208534087737440e-05 -3.9623407653173450e-03  9.5577708110710605e-04  0.0000000000000000e+00 -5.7121572798048130e-02
   5 -2.8638723667003495e-04 -1.9992172625034355e-05  3.1966239481804330e-03  2.1110236135202507e-03  0.0000000000000000e+00 -9.4199797213277550e-02
   6 -5.4319519877185337e-04 -2.8049513140308027e-04 -9.2319619182714113e-04 -4.0836442238881302e-03  0.0000000000000000e+00 -1.4756858770111569e-01
   7 -1.6131027022073361e-04 -8.5687146437308536e-05 -1.7279257601307794e-03  3.7375851500742242e-03  0.0000000000000000e+00 -1.4722672098285214e-01
   8  7.6776408165499973e-05  2.3870635537025074e-04  3.6897629801159338e-03 -1.8317723578511020e-03  0.0000000000000000e+00 -1.1907279080633623e-01
   9 -1.0782840182491458e-04  2.6772878244323684e-04 -3.6670335322210217e-03 -1.1277088955570114e-03  0.0000000000000000e+00 -1.3482740442755395e-01
  10 -5.2801781260803998e-04 -2.6907251189198044e-05  1.6461445620778498e-03  3.7631115642042935e-03  0.0000000000000000e+00 -1.9803035348495562e-01
  11 -1.8468249637949104e-04 -2.5758409238959797e-05  9.2492808514662672e-04 -4.0523001610995660e-03  0.0000000000000000e+00 -2.1401188618259687e-01
  12  1.8279906339563649e-04  2.8944792151852389e-04 -3.2434499688784530e-03  2.5518418127513944e-03  0.0000000000000000e+00 -1.8840650308205700e-01
  13  1.8368631022437041e-04  3.7342397783265242e-04  3.9422942339224871e-03  1.8529300867071880e-04  0.0000000000000000e+00 -1.8493607691303451e-01
  14 -2.8738434816708458e-04  8.4525566733869166e-05 -2.3443932747246455e-03 -3.1929778781742487e-03  0.0000000000000000e+00 -2.4591176533003348e-01
  15 -1.4119166250431932e-04 -1.3122739474528790e-04 -1.0272866659939468e-04  4.1869103421915705e-03  0.0000000000000000e+00 -2.8036675359052393e-01
  16  2.7231974205534461e-04  9.5160659057052114e-05  2.6541643343778515e-03 -3.1159484522516059e-03  0.0000000000000000e+00 -2.6386906588881748e-01
  17  3.7663788589122570e-04  2.2264118547205941e-04 -3.9887794830735929e-03  6.9302699169625183e-04  0.0000000000000000e+00 -2.4660942284734455e-01
  18 -3.8619088257530140e-05  5.1864034202700656e-06  3.0226513447447118e-03  2.4096812370100326e-03  0.0000000000000000e+00 -2.9252802046176274e-01
  19 -1.9505487515328104e-04 -3.3288616946391275e-04 -7.2062362810238780e-04 -4.1363153694431998e-03  0.0000000000000000e+00 -3.4282823975183496e-01
  20  1.7156360990185879e-04 -2.0940995882685881e-04 -1.9395935167190088e-03  3.5690100384201001e-03  0.0000000000000000e+00 -3.3934387632057017e-01
  21  3.2315152823781399e-04  4.2651172274019069e-06  3.7932865478482497e-03 -1.5388172354587389e-03  0.0000000000000000e+00 -3.1496836606602302e-01
  22  4.4087379860278391e-05 -6.9934367387588665e-05 -3.5832324177192945e-03 -1.4728335763066888e-03  0.0000000000000000e+00 -3.3799509697740465e-01
  23 -3.7539097385168318e-04 -3.9819499778310998e-04  1.5010937980308198e-03  3.8675708691433401e-03  0.0000000000000000e+00 -3.9730466189095726e-01
  24 -1.0863243720730949e-04 -3.6543102638824548e-04  1.1380755438410541e-03 -3.9256502197240343e-03  0.0000000000000000e+00 -4.0876588641524775e-01
  25  1.1735316640042286e-04 -4.8782692042369443e-05 -3.3878774491443798e-03  2.3334242281495008e-03  0.0000000000000000e+00 -3.8400369064413442e-01
  26  1.5736117998272235e-05  4.3832901305128719e-05  3.9196281268604324e-03  4.6136599016679359e-04  0.0000000000000000e+00 -3.8379892057501380e-01
  27 -5.0200891665052791e-04 -1.9746555258887935e-04 -2.2082818391924970e-03 -3.3360139785605859e-03  0.0000000000000000e+00 -4.4284851292668537e-01
  28 -3.7667278329563255e-04 -2.8621479286435915e-04 -3.0908312606343067e-04  4.1513857182468713e-03  0.0000000000000000e+00 -4.7174084015137263e-01
  29 -2.0678317609198172e-05  5.6216838894922968e-05  2.8190576598387390e-03 -3.0128016183055073e-03  0.0000000000000000e+00 -4.5246437249872545e-01
  30  5.8441517365088933e-05  2.6656128086725535e-04 -4.0006809158520491e-03  5.2137967745175158e-04  0.0000000000000000e+00 -4.3501271788260887e-01
  31 -3.8110865235688320e-04  1.1800104683410274e-04  2.8506856127619067e-03  2.5640311698354309e-03  0.0000000000000000e+00 -4.8342511748821848e-01
  32 -4.5945519280220600e-04 -1.2132291111404108e-04 -4.9129964864317178e-04 -4.1886998457194837e-03  0.0000000000000000e+00 -5.3097535980557808e-01
  33 -5.7135765240681910e-06  1.1365940920372012e-04 -2.1286919752138908e-03  3.5299554383404724e-03  0.0000000000000000e+00 -5.2236667999945763e-01
  34  2.1582274945967982e-04  3.6826816337592178e-04  3.8511663665034535e-03 -1.3948536609654041e-03  0.0000000000000000e+00 -4.9637974389311762e-01
  35 -5.6365175800554805e-05  2.8727772765349769e-04 -3.4160218199793461e-03 -1.6664427859502059e-03  0.0000000000000000e+00 -5.2618117687523125e-01
  36 -3.6338773015019227e-04 -5.9019848273532572e-05  1.2536976799835504e-03  3.9966312527233471e-03  0.0000000000000000e+00 -5.8742885858192651e-01
  37  5.3205951951605092e-05 -2.3918791043668527e-05  1.3576642376605034e-03 -3.8821058051616351e-03  0.0000000000000000e+00 -5.9402209835994058e-01
  38  3.4808375773127097e-04  2.2864555941287814e-04 -3.5086360936964337e-03  2.1408717596250152e-03  0.0000000000000000e+00 -5.6797108340421498e-01
  39  2.3613366146608562e-04  2.1190040749831564e-04  3.8330366067409354e-03  7.4417092272147415e-04  0.0000000000000000e+00 -5.7656237945739075e-01
  40 -2.3484872630590765e-04 -1.4029171977448460e-04 -1.9988764543888270e-03 -3.5526687711430918e-03  0.0000000000000000e+00 -6.4009389575458753e-01
  41 -1.3232887984462321e-05 -2.8990938627386509e-04 -5.3369027112207896e-04  4.0911880405850648e-03  0.0000000000000000e+00 -6.6400494367027552e-01
  42  2.9962276006719970e-04 -4.5860771774286641e-05  2.9968353281898054e-03 -2.7847928623014480e-03  0.0000000000000000e+00 -6.4423711116485016e-01
  43  2.9957681891036283e-04  4.0465682406845265e-05 -4.0147140019949996e-03  1.8352984339209904e-04  0.0000000000000000e+00 -6.3393862559639158e-01
  44 -1.9599088251183661e-04 -2.0588428410880103e-04  2.7090054151703135e-03  2.8545716203334632e-03  0.0000000000000000e+00 -6.8679425418251372e-01
  45 -2.5525409193839272e-04 -4.5386335064534879e-04 -3.0142321118067754e-04 -4.1566322942702813e-03  0.0000000000000000e+00 -7.2749973780074317e-01
  46  7.0030455901231784e-05 -2.2061046763281389e-04 -2.3373522582297319e-03  3.3432468492774542e-03  0.0000000000000000e+00 -7.1762927754028716e-01
  47  1.6604128944663793e-04  7.4709687419007155e-06  3.9287347566978560e-03 -1.1136444248017712e-03  0.0000000000000000e+00 -6.9442596321817918e-01
  48 -2.0294684046724440e-04 -7.2585226529964814e-05 -3.3168308213182150e-03 -1.9413678700738800e-03  0.0000000000000000e+00 -7.2740257832812383e-01
  49 -5.1802442110426947e-04 -3.4919201038246893e-04  1.0887563770632638e-03  4.0288477616896683e-03  0.0000000000000000e+00 -7.8240182959703763e-01
  50 -1.7547105644883661e-04 -1.8850606201420366e-04  1.5686767532381656e-03 -3.7957941891610331e-03  0.0000000000000000e+00 -7.8539348469718184e-01
  51  5.5034216906230589e-05  1.4635493978399161e-04 -3.6149816331928456e-03  1.9797760917745172e-03  0.0000000000000000e+00 -7.5762512097589618e-01
  52 -1.0436638161463304e-04  2.0623688169610910e-04  3.7511430116877291e-03  9.3440900104007209e-04  0.0000000000000000e+00 -7.6826431492262115e-01
  53 -5.6233531523510458e-04 -6.6279458131326068e-05 -1.8033484809423755e-03 -3.6500906239648975e-03  0.0000000000000000e+00 -8.3076803678988831e-01
  54 -2.7411221382286097e-04 -8.0642948584889272e-05 -7.5523896128265470e-04  4.0950595695182640e-03  0.0000000000000000e+00 -8.5050494258176668e-01
  55  1.0136645564990834e-04  2.5563943273877569e-04  3.1309792618248403e-03 -2.6958075920165566e-03  0.0000000000000000e+00 -8.2599317301385078e-01
  56  1.3491830246187638e-04  3.8367103360383259e-04 -3.9700024705607937e-03  2.4564756489236573e-05  0.0000000000000000e+00 -8.1795259321634095e-01
  57 -3.3077648340921854e-04  1.3480823971716725e-04  2.4825966258038828e-03  3.0251716969693413e-03  0.0000000000000000e+00 -8.7625637797917977e-01
  58 -2.3535103582441276e-04 -9.0366805579850232e-05 -6.1524578249739421e-05 -4.2070750445254972e-03  0.0000000000000000e+00 -9.1481307209639395e-01
  59  2.0826756374964526e-04  1.4058218507872130e-04 -2.5123049850722255e-03  3.2421983419723562e-03  0.0000000000000000e+00 -8.9992596833633343e-01
  60  3.5440682348725189e-04  3.0021144664583538e-04  3.9608383980776728e-03 -8.9499118462720159e-04  0.0000000000000000e+00 -8.7986805189903561e-01
  61 -2.1086013313003472e-05  1.1153304164980641e-04 -3.1348004573997731e-03 -2.2125474346918442e-03  0.0000000000000000e+00 -9.2208466953238988e-01
  62 -2.1458644457578724e-04 -2.4309159389420041e-04  8.7139843364323971e-04  4.1170190878378555e-03  0.0000000000000000e+00 -9.7610515259638020e-01
  63  1.7775629872741484e-04 -1.5402852253997582e-04  1.7800355785639631e-03 -3.6589025659942063e-03  0.0000000000000000e+00 -9.7508855926865601e-01
  64  3.6699611247502216e-04  6.0296139585566867e-05 -3.7248440655535350e-03  1.7057704527301831e-03  0.0000000000000000e+00 -9.5028611966610799e-01
  65  1.3179159082588599e-04 -9.7168487585975148e-06  3.6654067912124323e-03  1.2808483720925926e-03  0.0000000000000000e+00 -9.6963922006401149e-01
  66 -3.0982865407993014e-04 -3.5677137101425776e-04 -1.6468655234261928e-03 -3.7966252762111751e-03  0.0000000000000000e+00 -1.0306285679507008e+00
  67 -5.8331738422524869e-05 -3.8238446762730042e-04 -9.7017643342746612e-04  3.9713211156884726e-03  0.0000000000000000e+00 -1.0453422654289584e+00
  68  1.7887250162225998e-04 -8.7617305356904718e-05  3.2894301731430722e-03 -2.4585762195967363e-03  0.0000000000000000e+00 -1.0221179857986993e+00
  69  9.9436242077791204e-05  1.5159653036356800e-06 -3.9627621799609167e-03 -2.8844434787688610e-04  0.0000000000000000e+00 -1.0188012878068888e+00
  70 -4.2513255909772119e-04 -2.3994378079402330e-04  2.3564407450397374e-03  3.2124293605795026e-03  0.0000000000000000e+00 -1.0762499898795554e+00
  71 -3.6056991393271145e-04 -3.6981641857367341e-04  1.3831398827211767e-04 -4.1565622370939226e-03  0.0000000000000000e+00 -1.1083420111222666e+00
  72 -2.1749772663559258e-05 -4.6005674578775148e-05 -2.6932732920324802e-03  3.1117689695884456e-03  0.0000000000000000e+00 -1.0916788509606334e+00
  73  6.0553182183687713e-05  1.7974131378554895e-04  3.9951233520748161e-03 -6.9119698013947852e-04  0.0000000000000000e+00 -1.0718348509140232e+00
  74 -3.6530936428219335e-04  6.1435359329547654e-05 -2.9890043282125378e-03 -2.3892652068318093e-03  0.0000000000000000e+00 -1.1158322218884122e+00
  75 -5.1690475384800203e-04 -1.8235075479679409e-04  6.5728763761887306e-04  4.1554808902672753e-03  0.0000000000000000e+00 -1.1658682688063491e+00
  76 -8.6266189369747440e-05  4.6136618803564034e-05  1.9776007605708471e-03 -3.6191505573187031e-03  0.0000000000000000e+00 -1.1603210856769521e+00
  77  1.4692686895255867e-04  3.3515363037624272e-04 -3.7954860795129690e-03  1.5710439703661315e-03  0.0000000000000000e+00 -1.1329438908596037e+00
  78 -8.9235118547186562e-05  3.0183095235555266e-04  3.5172414104653335e-03  1.4546667369889769e-03  0.0000000000000000e+00 -1.1572801317395465e+00
  79 -4.4211319348003045e-04 -2.4933998723406754e-05 -1.4013782492087795e-03 -3.9187872430368580e-03  0.0000000000000000e+00 -1.2199035396654609e+00
  80 -4.1087243945432961e-05 -5.8167597062059850e-08 -1.1934751539700713e-03  3.9573948333975527e-03  0.0000000000000000e+00 -1.2299384040707795e+00
  81  2.9005432824916021e-04  2.7877780843927344e-04  3.4120133051765960e-03 -2.3048978159340172e-03  0.0000000000000000e+00 -1.2036376164698104e+00
  82  2.2577350146366182e-04  2.9897622358066088e-04 -3.8805940150620807e-03 -5.2783337450960813e-04  0.0000000000000000e+00 -1.2076195167081341e+00
  83 -2.4712377946377561e-04 -3.5546618640169807e-05  2.1282105927911046e-03  3.4287599625876155e-03  0.0000000000000000e+00 -1.2709462480044302e+00
  84 -4.3172383097775805e-05 -2.1710872526062178e-04  3.6850503880212290e-04 -4.1346680793457298e-03  0.0000000000000000e+00 -1.2988074190685850e+00
  85  3.1246422914168467e-04  1.5393710580172278e-05 -2.8706447390529619e-03  2.9123142366795879e-03  0.0000000000000000e+00 -1.2801484450169009e+00
  86  3.5252341787384565e-04  1.1004272602185287e-04  4.0126647494214285e-03 -3.7559417717986744e-04  0.0000000000000000e+00 -1.2672679055587748e+00
  87 -1.1587077218841137e-04 -1.3345552758780370e-04 -2.8317527193487857e-03 -2.6964549418269238e-03  0.0000000000000000e+00 -1.3179716105338000e+00
  88 -2.1132340014285735e-04 -4.2453653412846004e-04  4.6521833062092261e-04  4.1530205388278785e-03  0.0000000000000000e+00 -1.3623093767771091e+00
  89  1.2554574673571441e-04 -2.3721071840280910e-04  2.1892255476553598e-03 -3.4278718411212719e-03  0.0000000000000000e+00 -1.3549112331957762e+00
  90  2.3638202788405245e-04 -1.8392879502081677e-05 -3.8846480058596449e-03  1.2733707558096555e-03  0.0000000000000000e+00 -1.3312336762851282e+00
  91 -1.0249235162805701e-04 -9.7826101781151793e-05  3.4272211480101699e-03  1.7685712210640024e-03  0.0000000000000000e+00 -1.3603740248102183e+00
  92 -4.6536697705153618e-04 -3.9551906774554826e-04 -1.2513525648973507e-03 -3.9706776011595828e-03  0.0000000000000000e+00 -1.4170019325585739e+00
  93 -1.5839493721190757e-04 -2.8036582277057045e-04 -1.4059158425181858e-03  3.8467868862772626e-03  0.0000000000000000e+00 -1.4232746142666706e+00
  94  6.4278431386761772e-05  5.2979523861177882e-05  3.5335450763132980e-03 -2.1185782417421574e-03  0.0000000000000000e+00 -1.3964604344913201e+00
  95 -7.3484877618958968e-05  1.3195902572208157e-04 -3.8255561988468959e-03 -7.5042011702516269e-04  0.0000000000000000e+00 -1.4025098087520504e+00
  96 -5.6242185853486225e-04 -1.2383163884695827e-04  1.9616809736410870e-03  3.5318721712740363e-03  0.0000000000000000e+00 -1.4638230684463378e+00
  97 -3.3774181397160124e-04 -1.6065280817938545e-04  5.8422935193498692e-04 -4.1239730235457751e-03  0.0000000000000000e+00 -1.4871846080691336e+00
  98  3.3423632053666771e-05  1.8746935439805041e-04 -3.0145049129671627e-03  2.8269441389272352e-03  0.0000000000000000e+00 -1.4643735978823698e+00
  99  8.9883893534960235e-05  3.5468375468312714e-04  3.9896855618434812e-03 -2.2399885853237658e-04  0.0000000000000000e+00 -1.4521903927759650e+00
 100 -3.6860286003300710e-04  1.4818089235794807e-04 -2.6244028634829952e-03 -2.8490032860249734e-03  0.0000000000000000e+00 -1.5070164789241030e+00
 101 -3.3610569403661221e-04 -8.1483689337324695e-05  2.2614340392212377e-04  4.2120154441156179e-03  0.0000000000000000e+00 -1.5493664675494756e+00
 102  1.2298515468672495e-04  1.5597310100672220e-04  2.3670943705071325e-03 -3.3619900468179879e-03  0.0000000000000000e+00 -1.5365366348378096e+00
 103  3.0526760808240660e-04  3.5385758675969336e-04 -3.9247592461725926e-03  1.0940864528930676e-03  0.0000000000000000e+00 -1.5138162606651351e+00
 104 -2.9423785535784829e-05  2.0423764720569143e-04  3.2444978607114134e-03  2.0047814912943682e-03  0.0000000000000000e+00 -1.5516348351360090e+00
 105 -2.6387630517906520e-04 -1.5386815426455836e-04 -1.0180059293700475e-03 -4.0845381126586285e-03  0.0000000000000000e+00 -1.6089895562607948e+00
 106  1.4932089486085486e-04 -8.9587266495990065e-05 -1.6190005805156217e-03  3.7491398095747665e-03  0.0000000000000000e+00 -1.6106332623766988e+00
 107  3.8162983590026890e-04  1.3445857094700504e-04  3.6479365941933929e-03 -1.8746051693793442e-03  0.0000000000000000e+00 -1.5852663682755115e+00
 108  1.9410956796844607e-04  7.7535540140148505e-05 -3.7365082383868085e-03 -1.0795234343213781e-03  0.0000000000000000e+00 -1.6007393520510280e+00
 109 -2.6183719887056878e-04 -2.8053534525558426e-04  1.7844410616910116e-03  3.7156392755867775e-03  0.0000000000000000e+00 -1.6632110614752869e+00
 110 -1.8840981969659224e-05 -3.6111032309852015e-04  8.0249710498979659e-04 -4.0181319645866964e-03  0.0000000000000000e+00 -1.6812940581280702e+00
 111  2.4193021649971020e-04 -8.9832715456931617e-05 -3.1836130699612053e-03  2.5826791135008776e-03  0.0000000000000000e+00 -1.6594997367228057e+00
 112  1.8946626007771192e-04 -6.5904013100647179e-06  3.9926040099132736e-03  1.1299098082334899e-04  0.0000000000000000e+00 -1.6534678313624196e+00
 113 -3.3119036309076598e-04 -2.5274831439039329e-04 -2.4969339488614931e-03 -3.0844019268787075e-03  0.0000000000000000e+00 -1.7093394841497256e+00
 114 -3.1925614913784012e-04 -4.2948957008378944e-04  3.1485291058051678e-05  4.1578668989617372e-03  0.0000000000000000e+00 -1.7446239170907689e+00
 115  6.7462163830263382e-06 -1.3643186349067589e-04  2.5624441079607546e-03 -3.2019888250112648e-03  0.0000000000000000e+00 -1.7306412116516199e+00
 116  9.0304690065872738e-05  9.3799782933245350e-05 -3.9787759379526872e-03  8.5305404879418420e-04  0.0000000000000000e+00 -1.7091398398592494e+00
 117 -3.1841600706370506e-04 -4.3662680242257318e-06  3.1215592031373792e-03  2.2188918132833480e-03  0.0000000000000000e+00 -1.7487832781012265e+00
 118 -5.3962348699805129e-04 -2.5732961122602237e-04 -8.2391377056537801e-04 -4.1116617675280732e-03  0.0000000000000000e+00 -1.8008479776436308e+00
 119 -1.4268263778773686e-04 -4.6141373788264884e-05 -1.8238754315073372e-03  3.6942362737272740e-03  0.0000000000000000e+00 -1.7985604763484460e+00
 120  9.1682014594946990e-05  2.6879472966256527e-04  3.7324873614276977e-03 -1.7351149587436126e-03  0.0000000000000000e+00 -1.7705208282634037e+00
 121 -1.1293290915977442e-04  2.7869297437731091e-04 -3.6135746019212590e-03 -1.2492916904165081e-03  0.0000000000000000e+00 -1.7893566978613578e+00
 122 -5.1073246548080631e-04 -2.5096584766264868e-05  1.5535708213344631e-03  3.8241745046263963e-03  0.0000000000000000e+00 -1.8524402478691722e+00
 123 -1.4366706041819884e-04 -1.0285678389478355e-05  1.0270881656262562e-03 -4.0208766252414528e-03  0.0000000000000000e+00 -1.8661472589519059e+00
 124  2.1312414650653333e-04  2.9609058148292739e-04 -3.3087070487274593e-03  2.4630745840423232e-03  0.0000000000000000e+00 -1.8400509113195314e+00
 125  1.9204443121021488e-04  3.5946503091437891e-04  3.9209012958169890e-03  3.1080236612618948e-04  0.0000000000000000e+00 -1.8392514613954822e+00
 126 -2.8013072532031186e-04  5.4113956356927531e-05 -2.2604765104925922e-03 -3.2851356161090425e-03  0.0000000000000000e+00 -1.9013797752350621e+00
 127 -1.0652250911461313e-04 -1.4849543150396161e-04 -2.0388868558445756e-04  4.1720918667014400e-03  0.0000000000000000e+00 -1.9333764887467599e+00
 128  2.9109785255179618e-04  8.0945722729639527e-05  2.7373212343817909e-03 -3.0418516538295321e-03  0.0000000000000000e+00 -1.9158835028901053e+00
 129  3.7440400863131431e-04  1.9478577720741615e-04 -3.9998741613856761e-03  5.7462960218933096e-04  0.0000000000000000e+00 -1.9002436412592305e+00
 130 -6.0366103539293266e-05 -3.5821499793222699e-05  2.9494822390530072e-03  2.5217080444763758e-03  0.0000000000000000e+00 -1.9482603640451293e+00
 131 -1.9016316009005330e-04 -3.6090794989370931e-04 -6.2416316495529580e-04 -4.1464209800749280e-03  0.0000000000000000e+00 -1.9964225566874010e+00
 132  1.6832227306991961e-04 -2.1720709543181812e-04 -2.0352299239185081e-03  3.5153993054369988e-03  0.0000000000000000e+00 -1.9914033121834243e+00
 133  3.0436989912744115e-04 -5.9385489458371447e-06  3.8306227263346969e-03 -1.4368280355342030e-03  0.0000000000000000e+00 -1.9673481635491992e+00
 134  1.8772280133034342e-06 -8.6594906308626540e-05 -3.5268034299257116e-03 -1.5890508205676031e-03  0.0000000000000000e+00 -1.9928295057833858e+00
 135 -3.9775068165451847e-04 -4.0753217160090970e-04  1.4084269733005803e-03  3.9095250138449465e-03  0.0000000000000000e+00 -2.0511893642300114e+00
 136 -1.1806511624910813e-04 -3.4650233287524706e-04  1.2402445829033226e-03 -3.8943305424715565e-03  0.0000000000000000e+00 -2.0606851580834213e+00
 137  1.0214714410459627e-04 -2.5248690622632531e-05 -3.4456908204641376e-03  2.2505360308761021e-03  0.0000000000000000e+00 -2.0351991918333416e+00
 138 -1.5329033984231473e-05  6.1314761050377899e-05  3.8885777007756292e-03  5.7353935391384308e-04  0.0000000000000000e+00 -2.0372861648951708e+00
 139 -5.2646618577535447e-04 -1.8524878074352547e-04 -2.1178786639920602e-03 -3.4120444240512203e-03  0.0000000000000000e+00 -2.0971672505133703e+00
 140 -3.6749997681066569e-04 -2.5286511660946521e-04 -4.1285599088779830e-04  4.1413165610753606e-03  0.0000000000000000e+00 -2.1239553508146121e+00
 141 -9.5063009660754311e-06  9.5039296439213165e-05  2.8948335400431095e-03 -2.9441868466577050e-03  0.0000000000000000e+00 -2.1033367948221557e+00
 142  6.0141264165532093e-05  2.9267894520759426e-04 -4.0004279517677011e-03  4.1058207067228030e-04  0.0000000000000000e+00 -2.0876482567323853e+00
 143 -3.8921387602819033e-04  1.2597530190250201e-04  2.7672650622953803e-03  2.6711382986638727e-03  0.0000000000000000e+00 -2.1384464412030848e+00
 144 -4.2759726522977889e-04 -1.0652075972589236e-04 -3.9141312473229075e-04 -4.2007358968581821e-03  0.0000000000000000e+00 -2.1841005364249555e+00
 145  3.0077444781173017e-05  1.3487617802003564e-04 -2.2196466521142736e-03  3.4711438506280696e-03  0.0000000000000000e+00 -2.1737975087685677e+00
 146  2.3931373365324900e-04  3.7261227184440959e-04  3.8812130563457502e-03 -1.2858395362602031e-03  0.0000000000000000e+00 -2.1487832383374705e+00
 147 -5.5656116979401735e-05  2.6888704534436833e-04 -3.3519331295837310e-03 -1.7918478845191639e-03  0.0000000000000000e+00 -2.1816198795342743e+00
 148 -3.3480909084945875e-04 -8.1210019607480261e-05  1.1632445127754860e-03  4.0350594928490321e-03  0.0000000000000000e+00 -2.2416456413088675e+00
 149  8.7328661552267585e-05 -3.3155847167776628e-05  1.4570586451057828e-03 -3.8363332089718896e-03  0.0000000000000000e+00 -2.2462478424703405e+00
 150  3.6324770002446952e-04  2.0959802679679148e-04 -3.5630953997067959e-03  2.0434823069248880e-03  0.0000000000000000e+00 -2.2202843468897870e+00
 151  2.2514316860077754e-04  1.7655627297677876e-04  3.7977371671932525e-03  8.7001174488874917e-04  0.0000000000000000e+00 -2.2315532209760662e+00
 152 -2.3946535302621876e-04 -1.8141923171345587e-04 -1.9160686904831465e-03 -3.6200895981930094e-03  0.0000000000000000e+00 -2.2950286369323734e+00
 153 -3.8604512883903713e-06 -3.0880387806640845e-04 -6.3581674489894872e-04  4.0656988630904329e-03  0.0000000000000000e+00 -2.3166868543833261e+00
 154  2.9150559539641734e-04 -5.7857308924790627e-05  3.0698230068241131e-03 -2.7080118413960390e-03  0.0000000000000000e+00 -2.2961307397053834e+00
 155  2.7205472699250790e-04  2.2649078540488091e-05 -4.0094124560534636e-03  6.8674476606155204e-05  0.0000000000000000e+00 -2.2875464805430612e+00
 156 -2.3440171283279580e-04 -2.2836218620728889e-04  2.6294827278869628e-03  2.9473515507074306e-03  0.0000000000000000e+00 -2.3417711712799396e+00
 157 -2.6641188715856821e-04 -4.5394425496119372e-04 -1.9969138696236829e-04 -4.1575789226218343e-03  0.0000000000000000e+00 -2.3803873062612508e+00
 158  5.6047663468604926e-05 -2.0085955800899514e-04 -2.4250969080349084e-03  3.2877547108561300e-03  0.0000000000000000e+00 -2.3690207850939187e+00
 159  1.4400753090600978e-04  2.5334137912832479e-05  3.9514156619910330e-03 -1.0116509717989566e-03  0.0000000000000000e+00 -2.3464682140977686e+00
 160 -2.4286820830181862e-04 -6.2749140982422451e-05 -3.2463481902363553e-03 -2.0504450137699146e-03  0.0000000000000000e+00 -2.3819669561923700e+00
 161 -5.2635014639918442e-04 -3.3082840549589351e-04  9.9023597558507400e-04  4.0609165531315305e-03  0.0000000000000000e+00 -2.4357941589789252e+00
 162 -1.6766830843537373e-04 -1.4920418020262325e-04  1.6667936498851099e-03 -3.7572571437035963e-03  0.0000000000000000e+00 -2.4368273775488665e+00
 163  6.0667308623004553e-05  1.8060282440250303e-04 -3.6622145806559730e-03  1.8876865242697589e-03  0.0000000000000000e+00 -2.4088519068688790e+00
 164 -1.1706668086220125e-04  2.2511190673683948e-04  3.7030608259309592e-03  1.0527896516414022e-03  0.0000000000000000e+00 -2.4224132109269521e+00
 165 -5.5627482266567174e-04 -5.6320818616501079e-05 -1.7100078276219919e-03 -3.7171023880258397e-03  0.0000000000000000e+00 -2.4851605850166072e+00
 166 -2.3889320509526892e-04 -5.5124851426474622e-05 -8.5837448454724994e-04  4.0703889528888662e-03  0.0000000000000000e+00 -2.5026215451067295e+00
 167  1.3061091519063034e-04  2.7524652651043138e-04  3.1996360826896798e-03 -2.6121508242797869e-03  0.0000000000000000e+00 -2.4773277412246073e+00
 168  1.4555553048134596e-04  3.8341909848284918e-04 -3.9540459735851489e-03 -9.7936830907846683e-05  0.0000000000000000e+00 -2.4718059059092399e+00
 169 -3.2374614953894858e-04  1.1566418081952085e-04  2.3975161913058363e-03  3.1246253410332531e-03  0.0000000000000000e+00 -2.5317234759881577e+00
 170 -1.9520799412566937e-04 -9.9182242185621425e-05  3.9291552211480522e-05 -4.1990636458556444e-03  0.0000000000000000e+00 -2.5678747630815684e+00
 171  2.3697086172116039e-04  1.3405606718978953e-04 -2.5982774893252344e-03  3.1706565228303996e-03  0.0000000000000000e+00 -2.5518056855009168e+00
 172  3.6322886529215764e-04  2.7733793009637763e-04  3.9775110429591549e-03 -7.7728258011777317e-04  0.0000000000000000e+00 -2.5332881076330924e+00
 173 -3.3688407655812657e-05  7.1392879466515140e-05 -3.0637679262917692e-03 -2.3309703432748616e-03  0.0000000000000000e+00 -2.5779328042743885e+00
 174 -1.9959405949199183e-04 -2.7553101548350307e-04  7.7758190506065300e-04  4.1331446288635247e-03  0.0000000000000000e+00 -2.6299307499878104e+00
 175  1.8548816755877746e-04 -1.6859468273455942e-04  1.8772503244899141e-03 -3.6059983988054921e-03  0.0000000000000000e+00 -2.6272984606001089e+00
 176  3.5641470423419439e-04  4.1073195589994109e-05 -3.7672480267899673e-03  1.6040878272249070e-03  0.0000000000000000e+00 -2.6027888482491774e+00
 177  9.6099137760072355e-05 -3.7460332254565885e-05  3.6150518776222802e-03  1.4005270384664630e-03  0.0000000000000000e+00 -2.6246290075386196e+00
 178 -3.3005566749519665e-04 -3.7967611437357465e-04 -1.5577982285404472e-03 -3.8436129946243067e-03  0.0000000000000000e+00 -2.6847915076719713e+00
 179 -6.7648708943339309e-05 -3.7680817746099356e-04 -1.0728417952958833e-03  3.9413183868938478e-03  0.0000000000000000e+00 -2.6975021868186735e+00
 180  1.5996985135643629e-04 -7.5147971686300612e-05  3.3512472431389386e-03 -2.3781524557753729e-03  0.0000000000000000e+00 -2.6734962208741506e+00
 181  6.4216134563484307e-05  1.0127784138211655e-05 -3.9389864646968602e-03 -4.0000334338224800e-04  0.0000000000000000e+00 -2.6722266603306060e+00
 182 -4.5896661569108286e-04 -2.3486963828769187e-04  2.2689248003058405e-03  3.2913257937811869e-03  0.0000000000000000e+00 -2.7306234715265751e+00
 183 -3.6228818117466105e-04 -3.4165520687097538e-04  2.4182788664805889e-04 -4.1503826236232158e-03  0.0000000000000000e+00 -2.7606697792047257e+00
 184 -2.1058911494440076e-05 -7.2327959361455551e-06 -2.7718098051952664e-03  3.0484945840561213e-03  0.0000000000000000e+00 -2.7425604048310182e+00
 185  5.4168237589535658e-05  2.0979837830295263e-04  4.0012684177175659e-03 -5.8469901756407383e-04  0.0000000000000000e+00 -2.7241185123466805e+00
 186 -3.8364766260199490e-04  7.6119368244283313e-05 -2.9081462434466391e-03 -2.4962578688977480e-03  0.0000000000000000e+00 -2.7706172507859708e+00
 187 -4.9584951165962876e-04 -1.6067107309459251e-04  5.5749872137193411e-04  4.1745537320182855e-03  0.0000000000000000e+00 -2.8190174774043664e+00
 188 -5.5596100403127030e-05  7.7897584830738243e-05  2.0702690758164304e-03 -3.5667845679034950e-03  0.0000000000000000e+00 -2.8116356025053895e+00
 189  1.6938045250708726e-04  3.5235511221670950e-04 -3.8304153824428285e-03  1.4670379055830446e-03  0.0000000000000000e+00 -2.7849006540065040e+00
 190 -8.8686044488586071e-05  2.9672015916335686e-04  3.4565477944548118e-03  1.5792899317747585e-03  0.0000000000000000e+00 -2.8123669430115550e+00
 191 -4.1487806908975777e-04 -3.6821882858366951e-05 -1.3102369191607970e-03 -3.9668407278283576e-03  0.0000000000000000e+00 -2.8742095204183671e+00
 192 -6.3642906299270867e-07  4.5364216366890852e-07 -1.2938466696214498e-03  3.9165748401418822e-03  0.0000000000000000e+00 -2.8821038650186415e+00
 193  3.1419986130400742e-04  2.6866035653529358e-04  3.4708040861744205e-03 -2.2101913999058296e-03  0.0000000000000000e+00 -2.8557070176005266e+00
 194  2.2477463661311193e-04  2.6976911173199822e-04 -3.8505416765175627e-03 -6.5468727437592708e-04  0.0000000000000000e+00 -2.8624297776453846e+00
 195 -2.4457796899096695e-04 -7.5437773754099017e-05  2.0455378707864148e-03  3.5062459299938921e-03  0.0000000000000000e+00 -2.9261560509584101e+00
 196 -2.1948022333921764e-05 -2.3876286617048487e-04  4.7023009798864067e-04 -4.1121253488598606e-03  0.0000000000000000e+00 -2.9516451285905907e+00
 197  3.1521507904471265e-04 -1.2858765427241116e-06 -2.9479279395367912e-03  2.8359671986970211e-03  0.0000000000000000e+00 -2.9321709920123764e+00
 198  3.3453746389222209e-04  8.4314645284291732e-05  4.0139656541838473e-03 -2.5846016310745838e-04  0.0000000000000000e+00 -2.9209848304252990e+00
 199 -1.4867245089627220e-04 -1.6678282321315683e-04 -2.7549581289265201e-03 -2.7968741506320914e-03  0.0000000000000000e+00 -2.9733070330170213e+00
 200 -2.1790408023955352e-04 -4.3835736273598204e-04  3.6514859147516988e-04  4.1564775916629500e-03  0.0000000000000000e+00 -3.0154909968462120e+00
 201  1.1282417252745391e-04 -2.3002707785392274e-04  2.2805902649423006e-03 -3.3731099969072208e-03  0.0000000000000000e+00 -3.0066104187456433e+00
 202  2.1263977774253781e-04 -1.2428450736568837e-05 -3.9132654025084875e-03  1.1711660874931175e-03  0.0000000000000000e+00 -2.9834125007037589e+00
 203 -1.4657751427569015e-04 -9.8137590598975649e-05  3.3618881637386250e-03  1.8800499302929858e-03  0.0000000000000000e+00 -3.0150250533871197e+00
 204 -4.8249521160068938e-04 -3.8684281940777344e-04 -1.1544868228824164e-03 -4.0061237389446107e-03  0.0000000000000000e+00 -3.0705553056615251e+00
 205 -1.6029593994304145e-04 -2.4678920140771898e-04 -1.5060108240122314e-03  3.8117092757115590e-03  0.0000000000000000e+00 -3.0748773150114221e+00
 206  5.9836276763340443e-05  8.5901460218774442e-05  3.5849781504689541e-03 -2.0304703923588632e-03  0.0000000000000000e+00 -3.0475960395957222e+00
 207 -9.4880364009582310e-05  1.5373811174289111e-04 -3.7836281609988564e-03 -8.6569478592958505e-04  0.0000000000000000e+00 -3.0563330364391401e+00
 208 -5.6946014819202380e-04 -1.0961513615366640e-04  1.8686374455337816e-03  3.6028379667046575e-03  0.0000000000000000e+00 -3.1181633911227631e+00
 209 -3.1242123331275373e-04 -1.2844248262301413e-04  6.8792436833685767e-04 -4.1056924354949259e-03  0.0000000000000000e+00 -3.1393055429624770e+00
 210  5.6976893014608175e-05  2.1796197741269662e-04 -3.0860121224097876e-03  2.7492228503891479e-03  0.0000000000000000e+00 -3.1154449997881830e+00
 211  9.8728332616433874e-05  3.6762261405210925e-04  3.9794811708459207e-03 -1.0598647816771691e-04  0.0000000000000000e+00 -3.1055275892959684e+00
 212 -3.6573645715680273e-04  1.4150423265410131e-04 -2.5389538574895208e-03 -2.9529617158121318e-03  0.0000000000000000e+00 -3.1623452801365777e+00
 213 -2.9583701634163586e-04 -7.9728000954916857e-05  1.2565547652535858e-04  4.2118568713887155e-03  0.0000000000000000e+00 -3.2024448139362245e+00
 214  1.5785752367028947e-04  1.6064466569917001e-04  2.4551861582363275e-03 -3.2946049939570582e-03  0.0000000000000000e+00 -3.1882155796077933e+00
 215  3.2275807416252115e-04  3.4081413183761932e-04 -3.9466531632902715e-03  9.7887637218367130e-04  0.0000000000000000e+00 -3.1668740037659351e+00
 216 -3.4368184729703431e-05  1.7062317986061971e-04  3.1756937554915862e-03  2.1275697490706403e-03  0.0000000000000000e+00 -3.2074197347039308e+00
 217 -2.4034128176993796e-04 -1.8495636020807434e-04 -9.2623314124404374e-04 -4.1085379459953834e-03  0.0000000000000000e+00 -3.2629923924492767e+00
 218  1.6920542786480163e-04 -1.0544458362209636e-04 -1.7171347256140122e-03  3.6979623381774096e-03  0.0000000000000000e+00 -3.2628897308524136e+00
 219  3.8176532688592469e-04  1.1130623841977868e-04  3.6951320490301418e-03 -1.7739289772184491e-03  0.0000000000000000e+00 -3.2377825599071275e+00
 220  1.6810167509048501e-04  4.2679817749191213e-05 -3.6921350396552119e-03 -1.2023536585072513e-03  0.0000000000000000e+00 -3.2558205741036761e+00
 221 -2.7617427990275436e-04 -3.1436832530898882e-04  1.6987137228477837e-03  3.7693859908913357e-03  0.0000000000000000e+00 -3.3176840308761375e+00
 222 -2.2808513949345721e-05 -3.6817250454461567e-04  9.0510205616103022e-04 -3.9893092513944243e-03  0.0000000000000000e+00 -3.3336861989368556e+00
 223  2.2438003708701550e-04 -8.9256499632920581e-05 -3.2496638149216188e-03  2.5039183831194302e-03  0.0000000000000000e+00 -3.3111117365470641e+00
 224  1.5437624822155698e-04 -9.5297711706043860e-06  3.9761477316233021e-03  2.2539149771466863e-04  0.0000000000000000e+00 -3.3069502086627760e+00
 225 -3.7003475799638727e-04 -2.5857354080005351e-04 -2.4127345678465820e-03 -3.1674915675612429e-03  0.0000000000000000e+00 -3.3638882439783355e+00
 226 -3.2832489477606212e-04 -4.1130096274456904e-04 -7.1583808432747418e-05  4.1545541979711590e-03  0.0000000000000000e+00 -3.3971350667683886e+00
 227 -1.4365971426211953e-06 -1.0307070262981533e-04  2.6442899942471631e-03 -3.1427167328389257e-03  0.0000000000000000e+00 -3.3816669556747434e+00
 228  7.5740455933769027e-05  1.2203770461124768e-04 -3.9914143110775704e-03  7.4935880593601518e-04  0.0000000000000000e+00 -3.3612302966956378e+00
 229 -3.4721585362479775e-04  1.1844470032670792e-05  3.0442302194566098e-03  2.3258496850028548e-03  0.0000000000000000e+00 -3.4034059351507708e+00
 230 -5.3130584877014589e-04 -2.3331862925486858e-04 -7.2427936236632215e-04 -4.1364708855479472e-03  0.0000000000000000e+00 -3.4540549529495754e+00
 231 -1.2079471567751687e-04 -7.6302988604309451e-06 -1.9185352451928938e-03  3.6480601720421915e-03  0.0000000000000000e+00 -3.4498528404825088e+00
 232  1.0885211559187419e-04  2.9625361634411595e-04  3.7722651887325607e-03 -1.6361744035606979e-03  0.0000000000000000e+00 -3.4221023130828079e+00
 233 -1.1631444876974230e-04  2.8592364243098405e-04 -3.5570334093322459e-03 -1.3717350149772885e-03  0.0000000000000000e+00 -3.4440559558750774e+00
 234 -4.8967256526507219e-04 -2.6261730330335675e-05  1.4611998970467343e-03  3.8808359722304659e-03  0.0000000000000000e+00 -3.5067974530277146e+00
 235 -1.0193297341065960e-04  1.6506138976870920e-06  1.1286481973224985e-03 -3.9861423287837578e-03  0.0000000000000000e+00 -3.5182632998463723e+00
 236  2.4253839842555360e-04  2.9814803709155236e-04 -3.3715787191664270e-03  2.3720152058260991e-03  0.0000000000000000e+00 -3.4918174628201659e+00
 237  1.9834503430996581e-04  3.4095416936735551e-04  3.8960019501885009e-03  4.3713373720332256e-04  0.0000000000000000e+00 -3.4937509176979296e+00
 238 -2.7295057015357940e-04  2.0671237300392697e-05 -2.1767936518208176e-03 -3.3724795968732468e-03  0.0000000000000000e+00 -3.5567763729924513e+00
 239 -7.4655700640458285e-05 -1.6742230481299494e-04 -3.0530411526091724e-04  4.1540633269472760e-03  0.0000000000000000e+00 -3.5863245815702691e+00
 240  3.0579901781982704e-04  6.5074652893312880e-05  2.8184592657144523e-03 -2.9663868651167253e-03  0.0000000000000000e+00 -3.5679195148990672e+00
 241  3.6785543501408627e-04  1.6630049325715190e-04 -4.0073463945764481e-03  4.5598857818811766e-04  0.0000000000000000e+00 -3.5539615786190750e+00
 242 -8.4885092378835346e-05 -7.5881523303490846e-05  2.8749602243490933e-03  2.6300725031459509e-03  0.0000000000000000e+00 -3.6039073038409382e+00
 243 -1.8828459619580208e-04 -3.8577936772862689e-04 -5.2640787757674728e-04 -4.1534393458541909e-03  0.0000000000000000e+00 -3.6498906436185390e+00
 244  1.6183574075224531e-04 -2.2169416240472637e-04 -2.1295353361579878e-03  3.4608451484502761e-03  0.0000000000000000e+00 -3.6433756395377164e+00
 245  2.8343395397310378e-04 -1.2480386276636476e-05  3.8648246536432491e-03 -1.3342000540995675e-03  0.0000000000000000e+00 -3.6197083954969336e+00
 246 -4.1723525349050097e-05 -9.9301321058117080e-05 -3.4670870668948397e-03 -1.7038128149519677e-03  0.0000000000000000e+00 -3.6476382658775806e+00
 247 -4.1916177201297902e-04 -4.1187071500200319e-04  1.3142458657980564e-03  3.9484766786572817e-03  0.0000000000000000e+00 -3.7049570366305020e+00
 248 -1.2640569786802989e-04 -3.2322498707967613e-04  1.3418349594971925e-03 -3.8615007441394479e-03  0.0000000000000000e+00 -3.7125046904213912e+00
 249  8.9044023536534060e-05  1.1899760611946292e-06 -3.5011150697083371e-03  2.1657642215726029e-03  0.0000000000000000e+00 -3.6863744005677765e+00
 250 -4.4677570670579557e-05  8.0501340082923649e-05  3.8534209945369885e-03  6.8648290038620492e-04  0.0000000000000000e+00 -3.6908798492660577e+00
 251 -5.4640700151297730e-04 -1.7165309619475997e-04 -2.0263669487573140e-03 -3.4857377978033247e-03  0.0000000000000000e+00 -3.7514648340483596e+00
 252 -3.5416753376036036e-04 -2.1869723395492467e-04 -5.1669132600484140e-04  4.1284943960989400e-03  0.0000000000000000e+00 -3.7761152138071719e+00
 253  4.9569982341225694e-06  1.3246964223120132e-04  2.9688778685874042e-03 -2.8726325850576689e-03  0.0000000000000000e+00 -3.7542381856129374e+00
 254  6.3670100787449708e-05  3.1600619697992236e-04 -3.9963058193097254e-03  2.9768098402942726e-04  0.0000000000000000e+00 -3.7404896760898145e+00
 255 -3.9393220261542877e-04  1.3066842923334276e-04  2.6826443565700527e-03  2.7770030259444143e-03  0.0000000000000000e+00 -3.7935484892847029e+00
 256 -3.9259448123093744e-04 -9.4344673520098597e-05 -2.9117750364230391e-04 -4.2086091713476291e-03  0.0000000000000000e+00 -3.8371818703103191e+00
 257  6.6289091732842027e-05  1.5205545288177373e-04 -2.3094463264339052e-03  3.4093023636526231e-03  0.0000000000000000e+00 -3.8252720299732696e+00
 258  2.6173940964778627e-04  3.7231508662099034e-04  3.9081065507277470e-03 -1.1746105259917798e-03  0.0000000000000000e+00 -3.8013898808614375e+00
 259 -5.5832620075934206e-05  2.4611471095493373e-04 -3.2856647373789355e-03 -1.9166922922585654e-03  0.0000000000000000e+00 -3.8371853096381616e+00
 260 -3.0623970924269282e-04 -1.0594073452085408e-04  1.0723943010448932e-03  4.0682910081892417e-03  0.0000000000000000e+00 -3.8957802618696453e+00
 261  1.1823157269594111e-04 -4.4724747768014393e-05  1.5559184615106243e-03 -3.7882088740214346e-03  0.0000000000000000e+00 -3.8984739883528490e+00
 262  3.7469178453945832e-04  1.8843257251355736e-04 -3.6148676988447693e-03  1.9445058364305928e-03  0.0000000000000000e+00 -3.8726885320809084e+00
 263  2.1019850344678332e-04  1.4013547114013092e-04  3.7590094032599855e-03  9.9533250824691789e-04  0.0000000000000000e+00 -3.8866223203964108e+00
 264 -2.4598033251854289e-04 -2.2153319405846154e-04 -1.8325854997515449e-03 -3.6823676746253931e-03  0.0000000000000000e+00 -3.9498189880668182e+00
 265  1.6970288904582685e-06 -3.2533077253005336e-04 -7.3807460116008181e-04  4.0384225025175899e-03  0.0000000000000000e+00 -3.9692836749149483e+00
 266  2.8022264855460358e-04 -6.7479236361550675e-05  3.1402956440110615e-03 -2.6301630327242175e-03  0.0000000000000000e+00 -3.9479675191626811e+00
 267  2.4164221528160548e-04  7.9930222183737028e-06 -4.0000802114976333e-03 -4.5677235850646308e-05  0.0000000000000000e+00 -3.9411577545542245e+00
 268 -2.7335968145013204e-04 -2.4679199020948944e-04  2.5485361114270305e-03  3.0363427470752836e-03  0.0000000000000000e+00 -3.9966102880069569e+00
 269 -2.7783225633474932e-04 -4.4893346432632342e-04 -9.7395249959903414e-05 -4.1565235905312581e-03  0.0000000000000000e+00 -4.0331460404448256e+00
 270  4.2563575536135994e-05 -1.7726766185525614e-04 -2.5107149599784087e-03  3.2309244689558802e-03  0.0000000000000000e+00 -4.0202976797698327e+00
 271  1.2302895555146468e-04  4.6383901425880967e-05  3.9704512524135552e-03 -9.0912596653387333e-04  0.0000000000000000e+00 -3.9985292994093617e+00
 272 -2.8054402743654054e-04 -5.0582708955370279e-05 -3.1732875218406635e-03 -2.1583067826349777e-03  0.0000000000000000e+00 -4.0365367379369816e+00
 273 -5.3048005453933242e-04 -3.0983353382746100e-04  8.9112306933296088e-04  4.0901606131841517e-03  0.0000000000000000e+00 -4.0891012906100803e+00
 274 -1.5641948031888304e-04 -1.0905195446530331e-04  1.7636631505511585e-03 -3.7163260756933824e-03  0.0000000000000000e+00 -4.0881914379014228e+00
 275  6.9348496877085457e-05  2.1394192794061851e-04 -3.7066785604782061e-03  1.7934426795996714e-03  0.0000000000000000e+00 -4.0601668522929328e+00
 276 -1.2737821074716553e-04  2.4162854303882574e-04  3.6515238885072559e-03  1.1722601492153840e-03  0.0000000000000000e+00 -4.0767288424596257e+00
 277 -5.4541505248396839e-04 -4.8438313519118110e-05 -1.6166242027715926e-03 -3.7805397734993603e-03  0.0000000000000000e+00 -4.1395225663772779e+00
 278 -2.0122176418896367e-04 -3.2416974381010653e-05 -9.6106377500740142e-04  4.0423334091010902e-03  0.0000000000000000e+00 -4.1547101438434790e+00
 279  1.6059150703339524e-04  2.9046510301872826e-04  3.2661611196905800e-03 -2.5258206752872079e-03  0.0000000000000000e+00 -4.1287758258858940e+00
 280  1.5543988883554293e-04  3.7823843311976171e-04 -3.9344579205457782e-03 -2.2194296966608509e-04  0.0000000000000000e+00 -4.1258788492040379e+00
 281 -3.1555628932402019e-04  9.2552157993156946e-05  2.3124878479022157e-03  3.2202655886201395e-03  0.0000000000000000e+00 -4.1871775861227576e+00
 282 -1.5621594867528370e-04 -1.1079270764448982e-04  1.4044039022896335e-04 -4.1872332705349125e-03  0.0000000000000000e+00 -4.2208873340561315e+00
 283  2.6244792784635277e-04  1.2435970513312108e-04 -2.6825887552972844e-03  3.0972135950708564e-03  0.0000000000000000e+00 -4.2037384321365296e+00
 284  3.6814428009247156e-04  2.5196766959793382e-04  3.9907316741889633e-03 -6.5862850664759234e-04  0.0000000000000000e+00 -4.1868495674141410e+00
 285 -4.9044395890199089e-05  3.0197055983459146e-05 -2.9912466314817175e-03 -2.4464755137957811e-03  0.0000000000000000e+00 -4.2337629897271096e+00
 286 -1.8752946115980969e-04 -3.0668930616611640e-04  6.8244236224977641e-04  4.1454010888535295e-03  0.0000000000000000e+00 -4.2836466235439055e+00
 287  1.8909611852583515e-04 -1.8138057177634912e-04  1.9735672965884043e-03 -3.5518763996091230e-03  0.0000000000000000e+00 -4.2794579824527323e+00
 288  3.4252773755884475e-04  2.4208561997066193e-05 -3.8066916267957066e-03  1.5014404580030248e-03  0.0000000000000000e+00 -4.2552979694428910e+00
 289  5.7612731574384185e-05 -6.2066729873857938e-05  3.5612549518374368e-03  1.5189103469151824e-03  0.0000000000000000e+00 -4.2796095642473473e+00
 290 -3.5081889819994685e-04 -3.9794700474058531e-04 -1.4670789169861813e-03 -3.8870296164620374e-03  0.0000000000000000e+00 -4.3388233983956326e+00
 291 -7.7637381300802566e-05 -3.6652437799687188e-04 -1.1752553982660495e-03  3.9099322110019413e-03  0.0000000000000000e+00 -4.3495622497345519e+00
 292  1.4166898971174297e-04 -5.8994017937023203e-05  3.4106586847343205e-03 -2.2960414311717710e-03  0.0000000000000000e+00 -4.3248222215123544e+00
 293  2.9500461332801905e-05  2.1772290915724850e-05 -3.9110067241357816e-03 -5.1188111345731294e-04  0.0000000000000000e+00 -4.3257151016084840e+00
 294 -4.8951492052498851e-04 -2.2693309772672121e-04  2.1800003787039533e-03  3.3676787124750297e-03  0.0000000000000000e+00 -4.3849442874477784e+00
 295 -3.6053485545358246e-04 -3.1088975941932225e-04  3.4551152058256870e-04 -4.1418345769742015e-03  0.0000000000000000e+00 -4.4129211132449750e+00
 296 -1.7123142615776192e-05  3.1993542307426684e-05 -2.8484963156603050e-03  2.9826097950105858e-03  0.0000000000000000e+00 -4.3934189007861288e+00
 297  5.0048830434264593e-05  2.3890178699458950e-04  4.0035107774532832e-03 -4.7647282396652915e-04  0.0000000000000000e+00 -4.3765585468228476e+00
 298 -3.9827215198171999e-04  8.8960207515234585e-05 -2.8255970380441017e-03 -2.6024008004336442e-03  0.0000000000000000e+00 -4.4254766327815904e+00
 299 -4.7050302571175921e-04 -1.4040616483409360e-04  4.5741430669136448e-04  4.1898099982751423e-03  0.0000000000000000e+00 -4.4721126221213447e+00
 300 -2.2983604242801570e-05  1.0651792407195059e-04  2.1617339028938884e-03 -3.5112902558449587e-03  0.0000000000000000e+00 -4.4629600237372564e+00
 301  1.9230522751081778e-04  3.6531354198040308e-04 -3.8622391748144636e-03  1.3606784603376362e-03  0.0000000000000000e+00 -4.4370430949936610e+00
 302 -8.7810866779178639e-05  2.8700288129318943e-04  3.3933365365752567e-03  1.7040804508997825e-03  0.0000000000000000e+00 -4.4676078169241862e+00
 303 -3.8593607398639809e-04 -5.1899469360606322e-05 -1.2191180984243064e-03 -4.0097595904396138e-03  0.0000000000000000e+00 -4.5284415883819706e+00
 304  3.8069720135662302e-05 -2.3977518045817323e-06 -1.3936026678438992e-03  3.8729157384528329e-03  0.0000000000000000e+00 -4.5342660930220484e+00
 305  3.3551691734546988e-04  2.5491471466428800e-04  3.5269840541854690e-03 -2.1136501830573903e-03  0.0000000000000000e+00 -4.5078907750739896e+00
 306  2.2035249138569610e-04  2.3765815709819285e-04 -3.8170937385100037e-03 -7.8148916004939042e-04  0.0000000000000000e+00 -4.5173628332623661e+00
 307 -2.4343537068233570e-04 -1.1622688250433931e-04  1.9627603444083881e-03  3.5783480569771412e-03  0.0000000000000000e+00 -4.5812378334426755e+00
 308 -4.6977201646126249e-06 -2.5984929485335233e-04  5.7211034787661643e-04 -4.0873014729249221e-03  0.0000000000000000e+00 -4.6044075325767917e+00
 309  3.1392364820874457e-04 -1.7216863954741050e-05 -3.0228007150254303e-03  2.7586071041914555e-03  0.0000000000000000e+00 -4.5841660368725394e+00
 310  3.1266868871447249e-04  6.0426683234077930e-05  4.0113985706651386e-03 -1.4174416847811830e-04  0.0000000000000000e+00 -4.5747229465207147e+00
 311 -1.8330287660299458e-04 -1.9693335585984508e-04 -2.6768573391555040e-03 -2.8932282167509872e-03  0.0000000000000000e+00 -4.6285024125128178e+00
 312 -2.2634796211522631e-04 -4.4736450108486122e-04  2.6419614810023690e-04  4.1576863673842036e-03  0.0000000000000000e+00 -4.6685369653257309e+00
 313  9.8870209288992028e-05 -2.1866231862679243e-04  2.3700189427225487e-03 -3.3173685177887921e-03  0.0000000000000000e+00 -4.6581918953629602e+00
 314  1.8863366798823797e-04 -2.4541717534705540e-06 -3.9384344081339834e-03  1.0685961244074438e-03  0.0000000000000000e+00 -4.6355763801361025e+00
 315 -1.8985213438063364e-04 -9.4865662001043848e-05  3.2936852528922746e-03  1.9900532189552518e-03  0.0000000000000000e+00 -4.6696551341134986e+00
 316 -4.9661071686820095e-04 -3.7405414689283391e-04 -1.0566439624206485e-03 -4.0388958331897661e-03  0.0000000000000000e+00 -4.7240101427792078e+00
 317 -1.5933014204625712e-04 -2.1055637473508629e-04 -1.6050469628232070e-03  3.7746971152359935e-03  0.0000000000000000e+00 -4.7263911368237848e+00
 318  5.8536013771595182e-05  1.1974293640150883e-04  3.6338376696878724e-03 -1.9403390644352064e-03  0.0000000000000000e+00 -4.6987722859214021e+00
 319 -1.1376017738775255e-04  1.7489661922353631e-04 -3.7379220944357906e-03 -9.8205664147445258e-04  0.0000000000000000e+00 -4.7103061857856074e+00
 320 -5.7132076119963322e-04 -9.6116072742354498e-05  1.7751153586186693e-03  3.6709814732420894e-03  0.0000000000000000e+00 -4.7724887413391262e+00
 321 -2.8340158912409588e-04 -9.7723506448791662e-05  7.9139746888057889e-04 -4.0841995951536435e-03  0.0000000000000000e+00 -4.7913903107252684e+00
 322  8.2723810521396446e-05  2.4499142668729640e-04 -3.1556381266160632e-03  2.6685601617099570e-03  0.0000000000000000e+00 -4.7666050908588007e+00
 323  1.0810562828605611e-04  3.7606646908556714e-04  3.9655182184135497e-03  1.4028995830311897e-05  0.0000000000000000e+00 -4.7590984803475340e+00
 324 -3.6053863021858216e-04  1.3065440147377679e-04 -2.4531078095106503e-03 -3.0543087760437665e-03  0.0000000000000000e+00 -4.8177148241544483e+00
 325 -2.5478496089104829e-04 -8.1200985219238679e-05  2.4787176815956870e-05  4.2075239316751636e-03  0.0000000000000000e+00 -4.8554824038045794e+00
 326  1.9091328948300993e-04  1.6124339886094234e-04  2.5419236243382926e-03 -3.2247415576296423e-03  0.0000000000000000e+00 -4.8399603423965178e+00
 327  3.3730897800391768e-04  3.2385702064590468e-04 -3.9652432584252979e-03  8.6204552251050088e-04  0.0000000000000000e+00 -4.8201184583074843e+00
 328 -4.1500048887982576e-05  1.3414351474328403e-04  3.1051746303696519e-03  2.2484234612497218e-03  0.0000000000000000e+00 -4.8632576471868401e+00
 329 -2.1885411878924999e-04 -2.1667053911702378e-04 -8.3339722073366696e-04 -4.1279391204420814e-03  0.0000000000000000e+00 -4.9169014798165565e+00
 330  1.8484080069272653e-04 -1.2139623975093642e-04 -1.8146511720896603e-03  3.6451306698902443e-03  0.0000000000000000e+00 -4.9151288619558624e+00
 331  3.7797777448145563e-04  8.8643045595511333e-05  3.7395042976279629e-03 -1.6719800941210200e-03  0.0000000000000000e+00 -4.8903439413522038e+00
 332  1.3839136174003056e-04  9.3821712795907295e-06 -3.6442903705583554e-03 -1.3241595179979871e-03  0.0000000000000000e+00 -4.9109245921461646e+00
 333 -2.9207517814684763e-04 -3.4477053356285844e-04  1.6115483858085175e-03  3.8188491414216249e-03  0.0000000000000000e+00 -4.9720156907270834e+00
 334 -2.9134453157368190e-05 -3.7105390855636267e-04  1.0076889445199630e-03 -3.9590603126358889e-03  0.0000000000000000e+00 -4.9859839680543532e+00
 335  2.0569242195637600e-04 -8.5030776826992995e-05 -3.3132354675444622e-03  2.4237351695140796e-03  0.0000000000000000e+00 -4.9626572176251340e+00
 336  1.1829127884338680e-04 -8.8087655607660488e-06  3.9554997412699962e-03  3.3764846371483602e-04  0.0000000000000000e+00 -4.9604577379323143e+00
 337 -4.0720859060012625e-04 -2.6051978183951985e-04 -2.3270252077883880e-03 -3.2475175702872967e-03  0.0000000000000000e+00 -5.0183422363518515e+00
 338 -3.3531296153057379e-04 -3.8902207291364733e-04 -1.7492184582997412e-04  4.1491667374100429e-03  0.0000000000000000e+00 -5.0495448495166535e+00
 339 -7.1754075209697817e-06 -6.7510086481749749e-05  2.7240893515086033e-03 -3.0813554002953655e-03  0.0000000000000000e+00 -5.0326208414378266e+00
 340  6.3293268117652177e-05  1.5128479149130212e-04 -4.0001874193368219e-03  6.4450444918986527e-04  0.0000000000000000e+00 -5.0134161161932358e+00
 341 -3.7252994462473176e-04  2.8018347559411103e-05  2.9648153025877938e-03  2.4319125705615573e-03  0.0000000000000000e+00 -5.0580762876050613e+00
 342 -5.1825242288261171e-04 -2.0906628131805348e-04 -6.2433125169682419e-04 -4.1579243451843719e-03  0.0000000000000000e+00 -5.1071941479575749e+00
 343 -9.5889273897747435e-05  2.9232656176664766e-05 -2.0118988922606519e-03  3.5989390838355151e-03  0.0000000000000000e+00 -5.1011171218162659e+00
 344  1.2787186563536674e-04  3.2058378732495425e-04  3.8090124306337249e-03 -1.5349279935195630e-03  0.0000000000000000e+00 -5.0738342158304794e+00
 345 -1.1825055252287438e-04  2.8909756872789994e-04 -3.4975977942174209e-03 -1.4948540257364010e-03  0.0000000000000000e+00 -5.0989207961186480e+00
 346 -4.6530855759838549e-04 -3.0544584012101751e-05  1.3690272405775859e-03  3.9328331088679105e-03  0.0000000000000000e+00 -5.1610941759940037e+00
 347 -6.0133049007038928e-05  9.9534481359521015e-06  1.2295597339397545e-03 -3.9481993309770699e-03  0.0000000000000000e+00 -5.1703651776031796e+00
 348  2.7050784264601358e-04  2.9573343717568965e-04 -3.4319690923377919e-03  2.2787959221939533e-03  0.0000000000000000e+00 -5.1437083260251688e+00
 349  2.0221280231672015e-04  3.1819658170017097e-04  3.8676537222305817e-03  5.6402067531273394e-04  0.0000000000000000e+00 -5.1484182791192090e+00
 350 -2.6619815101902046e-04 -1.5325681382774300e-05 -2.0933392309913455e-03 -3.4547113485819745e-03  0.0000000000000000e+00 -5.2120813498150360e+00
 351 -4.6043126073687392e-05 -1.8752461258081632e-04 -4.0690841508639027e-04  4.1331057470932299e-03  0.0000000000000000e+00 -5.2392084792773490e+00
 352  3.1631352818071193e-04  4.8114240245680053e-05  2.8974241925706148e-03 -2.8896940032394950e-03  0.0000000000000000e+00 -5.2199658572935492e+00
 353  3.5699453805534666e-04  1.3782413277799188e-04 -4.0111191043630699e-03  3.3735295045345966e-04  0.0000000000000000e+00 -5.2077443245917978e+00
 354 -1.1199676004157195e-04 -1.1435185651425358e-04  2.7991813103593927e-03  2.7345065026281989e-03  0.0000000000000000e+00 -5.2594455655631700e+00
 355 -1.8930133852374811e-04 -4.0697443800257138e-04 -4.2747155308039964e-04 -4.1576706122435567e-03  0.0000000000000000e+00 -5.3032286139938227e+00
 356  1.5253269843289776e-04 -2.2253591663283661e-04 -2.2222871101898090e-03  3.4053992485801143e-03  0.0000000000000000e+00 -5.2952498852798922e+00
 357  2.6077536583141424e-04 -1.5112694533567823e-05  3.8957816783351854e-03 -1.2310862790724730e-03  0.0000000000000000e+00 -5.2720461629614164e+00
 358 -8.6150513096011893e-05 -1.0797673112257992e-04 -3.4042348311623593e-03 -1.8170068507201674e-03  0.0000000000000000e+00 -5.3024155927380434e+00
 359 -4.3911611359343704e-04 -4.1126394660414379e-04  1.2186785478392947e-03  3.9845854272558883e-03  0.0000000000000000e+00 -5.3586115734443718e+00
 360 -1.3313827871139368e-04 -2.9591404715626120e-04  1.4426713329115516e-03 -3.8270945558907523e-03  0.0000000000000000e+00 -5.3642250461259700e+00
 361  7.8413263785497565e-05  3.0135167618273409e-05 -3.5540982950606169e-03  2.0790973037885410e-03  0.0000000000000000e+00 -5.3375448523806535e+00
 362 -7.1999983196468888e-05  1.0085845675178042e-04  3.8142420838263823e-03  8.0028031366912540e-04  0.0000000000000000e+00 -5.3445918568664750e+00
 363 -5.6152324531628559e-04 -1.5717455436630007e-04 -1.9339086888563951e-03 -3.5570194142535870e-03  0.0000000000000000e+00 -5.4057449039565837e+00
 364 -3.3665528951055691e-04 -1.8432399523333502e-04 -6.2050498954782955e-04  4.1128028100147016e-03  0.0000000000000000e+00 -5.4282264414302093e+00
 365  2.2560977591324377e-05  1.6792277993667683e-04  3.0411683290236945e-03 -2.7980977049657943e-03  0.0000000000000000e+00 -5.4051878302001981e+00
 366  6.8773263209891247e-05  3.3600824786185040e-04 -3.9883236799021990e-03  1.8263905068384054e-04  0.0000000000000000e+00 -5.3935498416959371e+00
 367 -3.9540770892010661e-04  1.3175228229879269e-04  2.5970755070113738e-03  2.8812781588317439e-03  0.0000000000000000e+00 -5.4487231979696151e+00
 368 -3.5499713946542886e-04 -8.5073423170807494e-05 -1.9057630022106350e-04 -4.2122861714926066e-03  0.0000000000000000e+00 -5.4902225478299869e+00
 369  1.0235819868408341e-04  1.6503436895653724e-04 -2.3980522912857489e-03  3.3445354517115723e-03  0.0000000000000000e+00 -5.4768016147292888e+00
 370  2.8258324681101492e-04  3.6741073283932658e-04  3.9317948652592390e-03 -1.0612796712101183e-03  0.0000000000000000e+00 -5.4542025046676361e+00
 371 -5.7221562263979238e-05  2.1922389494145254e-04 -3.2173989026513276e-03 -2.0405872564837075e-03  0.0000000000000000e+00 -5.4928600117454813e+00
 372 -2.7827688197680256e-04 -1.3282578756904019e-04  9.8094051105568846e-04  4.0964423759606355e-03  0.0000000000000000e+00 -5.5498317415282150e+00
 373  1.4553048744600475e-04 -5.8150336894682348e-05  1.6542348356608954e-03 -3.7379231593472452e-03  0.0000000000000000e+00 -5.5507009194803718e+00
 374  3.8225055388631338e-04  1.6576689422724715e-04 -3.6639118737043161e-03  1.8440119508156255e-03  0.0000000000000000e+00 -5.5251758727919977e+00
 375  1.9127264215161756e-04  1.0331018308068211e-04  3.7168658847316167e-03  1.1199688239515782e-03  0.0000000000000000e+00 -5.5417544848588607e+00
 376 -2.5443036124306252e-04 -2.5996914551119465e-04 -1.7481806278202938e-03 -3.7396953018513286e-03  0.0000000000000000e+00 -5.6044647940421495e+00
 377  3.6801427484620448e-06 -3.3895918054310765e-04 -8.4042406818647317e-04  4.0095017659396142e-03  0.0000000000000000e+00 -5.6217945325838885e+00
 378  2.6622237501325102e-04 -7.4297702581928884e-05  3.2082404287622386e-03 -2.5511568154136300e-03  0.0000000000000000e+00 -5.5997436777652121e+00
 379  2.0876607310128199e-04 -3.2407251887103464e-06 -3.9866591222509073e-03 -1.5956785368150377e-04  0.0000000000000000e+00 -5.5947744567067943e+00
 380 -3.1231690205471601e-04 -2.6106748251442270e-04  2.4661452073986975e-03  3.1216802560748405e-03  0.0000000000000000e+00 -5.6513183070850470e+00
 381 -2.8893372026300560e-04 -4.3896289850356272e-04  5.3457567514121180e-06 -4.1535117676049574e-03  0.0000000000000000e+00 -5.6857821305198302e+00
 382  3.0132176458335505e-05 -1.5015932243541143e-04 -2.5941721803139938e-03  3.1725704960955123e-03  0.0000000000000000e+00 -5.6714680927151013e+00
 383  1.0343132026733299e-04  7.0152989100455052e-05  3.9857413064080856e-03 -8.0596818351461150e-04  0.0000000000000000e+00 -5.6506275971485502e+00
 384 -3.1554410410197098e-04 -3.6627405519648087e-05 -3.0978187981832188e-03 -2.2649863741444707e-03  0.0000000000000000e+00 -5.6911194040561819e+00
 385 -5.3018409911353883e-04 -2.8678126009374819e-04  7.9153065600379331e-04  4.1164768262332459e-03  0.0000000000000000e+00 -5.7423266349659468e+00
 386 -1.4172719537662234e-04 -6.8707697648530340e-05  1.8592159478756601e-03 -3.6728447041620075e-03  0.0000000000000000e+00 -5.7394945625850271e+00
 387  8.0849069750825813e-05  2.4577304772786281e-04 -3.7482594421658693e-03  1.6970300925330016e-03  0.0000000000000000e+00 -5.7115878429224676e+00
 388 -1.3543827203466827e-04  2.5529115506088947e-04  3.5967072954736618e-03  1.2927039491642581e-03  0.0000000000000000e+00 -5.7312101354523737e+00
 389 -5.3003434300331908e-04 -4.2952279670690372e-05 -1.5233099924785299e-03 -3.8400714753910785e-03  0.0000000000000000e+00 -5.7938438402311974e+00
 390 -1.6167214279130460e-04 -1.2847698034813817e-05 -1.0632021986822270e-03  4.0109102516811190e-03  0.0000000000000000e+00 -5.8067739799713705e+00
 391  1.9075995895351860e-04  3.0114620460226310e-04  3.3304245218312928e-03 -2.4369561757940014e-03  0.0000000000000000e+00 -5.7803442451569227e+00
 392  1.6415112484318621e-04  3.6816975797813474e-04 -3.9112978441596634e-03 -3.4719181228831149e-04  0.0000000000000000e+00 -5.7801593432019516e+00
 393 -3.0657110020351899e-04  6.5739370963607707e-05  2.2276563162147568e-03  3.3116108035323895e-03  0.0000000000000000e+00 -5.8425936722956182e+00
 394 -1.1901905178823843e-04 -1.2490987096038292e-04  2.4185071448081546e-04 -4.1718219082487410e-03  0.0000000000000000e+00 -5.8738478313390781e+00
 395  2.8435061147177106e-04  1.1191677544388101e-04 -2.7650639495940600e-03  3.0220774427727102e-03  0.0000000000000000e+00 -5.8557166746630935e+00
 396  3.6894735895468510e-04  2.2467654760154656e-04  4.0004192492610544e-03 -5.3932349687418652e-04  0.0000000000000000e+00 -5.8405331721411411e+00
 397 -6.7164741435993787e-05 -1.1375713631335256e-05 -2.9173888249771351e-03 -2.5586419487725835e-03  0.0000000000000000e+00 -5.8895448213378767e+00
 398 -1.7857401905449686e-04 -3.3591610559919975e-04  5.8598807978634275e-04  4.1541240032026364e-03  0.0000000000000000e+00 -5.9372473239389301e+00
 399  1.8878648032930441e-04 -1.9184046746337013e-04  2.0687829745169714e-03 -3.4966732936019479e-03  0.0000000000000000e+00 -5.9315542640745118e+00
 400  3.2564596506300445e-04  1.0224145996762508e-05 -3.8430795862258726e-03  1.3979964996852980e-03  0.0000000000000000e+00 -5.9078035745119184e+00
 401  1.6783590021702423e-05 -8.3148807504487360e-05  3.5041226411820954e-03  1.6358380511111890e-03  0.0000000000000000e+00 -5.9345691395935516e+00
 402 -3.7168921220664020e-04 -4.1132393095321925e-04 -1.3747193694395407e-03 -3.9271274421470983e-03  0.0000000000000000e+00 -5.9927283718813227e+00
 403 -8.7708309595189310e-05 -3.5155850107019870e-04 -1.2772633373829406e-03  3.8771582491915883e-03  0.0000000000000000e+00 -6.0015212589869753e+00
 404  1.2451419724715334e-04 -3.9311317404298344e-05  3.4676601936857120e-03 -2.2121911362412753e-03  0.0000000000000000e+00 -5.9761071319758736e+00
 405 -4.2523399380630605e-06  3.6082690156668412e-05 -3.8788579463381228e-03 -6.2421429282427795e-04  0.0000000000000000e+00 -5.9792808448676968e+00
 406 -5.1627615473070110e-04 -2.1655515139846609e-04  2.0897638164069613e-03  3.4415766192676350e-03  0.0000000000000000e+00 -6.0392235598405835e+00
 407 -3.5499961475647987e-04 -2.7810806869492193e-04  4.4930911433008647e-04 -4.1308105368943497e-03  0.0000000000000000e+00 -6.0651046190982685e+00
 408 -9.8263963112140405e-06  7.1042772951836666e-05 -2.9233769380388368e-03  2.9139739285174784e-03  0.0000000000000000e+00 -6.0442751375644361e+00
 409  4.8106882136500507e-05  2.6639185624635273e-04  4.0018330266618470e-03 -3.6635912136942885e-04  0.0000000000000000e+00 -6.0291757891864997e+00
 410 -4.0916496277909853e-04  9.9435929337092171e-05 -2.7415763752585928e-03 -2.7075370734306607e-03  0.0000000000000000e+00 -6.0804122959498592e+00
 411 -4.4120572298010982e-04 -1.2203059116391541e-04  3.5701288905118150e-04  4.2011349085737480e-03  0.0000000000000000e+00 -6.1251589153910135e+00
 412  1.1093965449819832e-05  1.3159487479007993e-04  2.2520065552651810e-03 -3.4526692235635386e-03  0.0000000000000000e+00 -6.1143097724309294e+00
 413  2.1517391111552939e-04  3.7379625817452762e-04 -3.8909099847976667e-03  1.2519906034007538e-03  0.0000000000000000e+00 -6.0893827341557358e+00
 414 -8.6963935191683466e-05  2.7267338449479589e-04  3.3277963021047939e-03  1.8287437273573418e-03  0.0000000000000000e+00 -6.1229927880322972e+00
 415 -3.5589446926472988e-04 -7.0016796871415535e-05 -1.1278593205341189e-03 -4.0474956231842957e-03  0.0000000000000000e+00 -6.1825978030361011e+00
 416  7.4469107041844567e-05 -8.3644733062723656e-06 -1.4927549927688255e-03  3.8265904627128732e-03  0.0000000000000000e+00 -6.1864301950143439e+00
 417  3.5364191174648839e-04  2.3798263729261064e-04  3.5805085289961971e-03 -2.0153556907051180e-03  0.0000000000000000e+00 -6.1601855785711699e+00
 418  2.1229446052654135e-04  2.0321813230703847e-04 -3.7802795767358935e-03 -9.0803842118422574e-04  0.0000000000000000e+00 -6.1724027613787857e+00
 419 -2.4392084959647041e-04 -1.5727000551634131e-04  1.8796739651570516e-03  3.6450925015318997e-03  0.0000000000000000e+00 -6.2361843925435032e+00
 420  8.5207810872663244e-06 -2.7977429737736914e-04  6.7411012130817142e-04 -4.0604172985058799e-03  0.0000000000000000e+00 -6.2570935927661839e+00
 421  3.0882415904020312e-04 -3.1829697654826944e-05 -3.0951939193308562e-03  2.6802242915311410e-03  0.0000000000000000e+00 -6.2361245866991428e+00
 422  2.8718870806682334e-04  3.8878128948834693e-05  4.0048952662590058e-03 -2.5530043268336049e-05  0.0000000000000000e+00 -6.2284738803210713e+00
 423 -2.1934699418493580e-04 -2.2352206525124666e-04 -2.5974527308143419e-03 -2.9855154646579235e-03  0.0000000000000000e+00 -6.2835525977442268e+00
 424 -2.3619336489675284e-04 -4.5138516486219530e-04  1.6251633107402445e-04  4.1568047707849429e-03  0.0000000000000000e+00 -6.3214490234248792e+00
 425  8.4263407745128449e-05 -2.0316724739003394e-04  2.4573778020801503e-03 -3.2605464226165993e-03  0.0000000000000000e+00 -6.3096545751706499e+00
 426  1.6479844443035240e-04  1.1337999532213331e-05 -3.9600394632897358e-03  9.6568361568087299e-04  0.0000000000000000e+00 -6.2877353440090431e+00
 427 -2.3176463093218860e-04 -8.8344688125951450e-05  3.2227832259916580e-03  2.0985673636778079e-03  0.0000000000000000e+00 -6.3242673021106484e+00
 428 -5.0729613152795732e-04 -3.5757452640063607e-04 -9.5798930148011466e-04 -4.0689876220332500e-03  0.0000000000000000e+00 -6.3773695484880779e+00
 429 -1.5524772619617268e-04 -1.7225508030284319e-04 -1.7028899142473260e-03  3.7356078276943620e-03  0.0000000000000000e+00 -6.3778206979849461e+00
 430  6.0398245274321131e-05  1.5391461331949630e-04  3.6800111801217027e-03 -1.8481856086115004e-03  0.0000000000000000e+00 -6.3500069504693810e+00
 431 -1.3007553954406134e-04  1.9485095811255359e-04 -3.6885840526118120e-03 -1.0994709934549983e-03  0.0000000000000000e+00 -6.3644332326167072e+00
 432 -5.6803736069754320e-04 -8.3779628990859721e-05  1.6812912576215603e-03  3.7360199525245568e-03  0.0000000000000000e+00 -6.4267919322516853e+00
 433 -2.5105531656324862e-04 -6.8997674613685935e-05  8.9452618793406564e-04 -4.0594311779404927e-03  0.0000000000000000e+00 -6.4434417985556314e+00
 434  1.1021997468175175e-04  2.6817838436974485e-04 -3.2232659640623125e-03  2.5850467394978659e-03  0.0000000000000000e+00 -6.4178663438901902e+00
 435  1.1762226313301442e-04  3.7978336883443312e-04  3.9478403917947193e-03  1.3587743768617061e-04  0.0000000000000000e+00 -6.4129001702480002e+00
 436 -3.5331467650969502e-04  1.1564490482787957e-04 -2.3671001994509137e-03 -3.1525215138520774e-03  0.0000000000000000e+00 -6.4731032862347648e+00
 437 -2.1364507947251482e-04 -8.5857919459516596e-05 -7.6419104436430412e-05  4.1991478559660570e-03  0.0000000000000000e+00 -6.5084780488621838e+00
 438  2.2164062219026109e-04  1.5796243044090958e-04  2.6271668379252047e-03 -3.1526039631121689e-03  0.0000000000000000e+00 -6.4917711329331373e+00
 439  3.4854004219878472e-04  3.0337424303497412e-04 -3.9804545542903814e-03  7.4384605628218729e-04  0.0000000000000000e+00 -6.4735374095224278e+00
 440 -5.0998371579971838e-05  9.5368029625734631e-05  3.0331193766104129e-03  2.3668682480527561e-03  0.0000000000000000e+00 -6.5191197677685828e+00
 441 -1.9984389489796761e-04 -2.4839214735120790e-04 -7.3938178156241147e-04 -4.1430316502210343e-03  0.0000000000000000e+00 -6.5707128782613768e+00
 442  1.9617003636497306e-04 -1.3682516752197026e-04 -1.9114261641058632e-03  3.5908248736488371e-03  0.0000000000000000e+00 -6.5673415283825856e+00
 443  3.7038810101296457e-04  6.7135850458085493e-05  3.7809814208913340e-03 -1.5688855123378738e-03  0.0000000000000000e+00 -6.5429386067020650e+00
 444  1.0523963235986360e-04 -2.1752864395132933e-05 -3.5930255368045805e-03 -1.4447720126157780e-03  0.0000000000000000e+00 -6.5660366243137762e+00
 445 -3.0928905956392695e-04 -3.7122819003748112e-04  1.5228091162584590e-03  3.8643141276673326e-03  0.0000000000000000e+00 -6.6262098171924526e+00
 446 -3.7294996798291389e-05 -3.6948926968012147e-04  1.1101585397562275e-03 -3.9274369733965815e-03  0.0000000000000000e+00 -6.6381857325048905e+00
 447  1.8645733765982854e-04 -7.7037100281048345e-05 -3.3743471895563036e-03  2.3420331153199548e-03  0.0000000000000000e+00 -6.6141412538746147e+00
 448  8.1725999851337800e-05 -4.5422804504294615e-06  3.9306468558231358e-03  4.4990301889587074e-04  0.0000000000000000e+00 -6.6140025474839064e+00
 449 -4.4211726303196834e-04 -2.5882970293678026e-04 -2.2398266988345895e-03 -3.3246627144712815e-03  0.0000000000000000e+00 -6.6727155144129151e+00
 450 -3.3970222702642473e-04 -3.6310950149925182e-04 -2.7847171044617376e-04  4.1416391472500142e-03  0.0000000000000000e+00 -6.7018627484289457e+00
 451 -1.0113146687935519e-05 -3.0317610533370738e-05  2.8019017636256860e-03 -3.0177002275929153e-03  0.0000000000000000e+00 -6.6835210934407829e+00
 452  5.3063252901699931e-05  1.8087604855654120e-04 -4.0050434702324405e-03  5.3828926798595576e-04  0.0000000000000000e+00 -6.6657209459263189e+00
 453 -3.9415823258879634e-04  4.3538662702842081e-05  2.8834987496450279e-03  2.5370689789176856e-03  0.0000000000000000e+00 -6.7128023047970018e+00
 454 -5.0055627136058091e-04 -1.8516425800264478e-04 -5.2408268166714064e-04 -4.1758763261450140e-03  0.0000000000000000e+00 -6.7602709785736455e+00
 455 -6.8275141446705957e-05  6.3870769821686618e-05 -2.1039786560022459e-03  3.5467790357740538e-03  0.0000000000000000e+00 -6.7523682505722773e+00
 456  1.4828582375319178e-04  3.4133686359988727e-04  3.8426600325791854e-03 -1.4313518175930590e-03  0.0000000000000000e+00 -6.7257329450084606e+00
 457 -1.1904725169815666e-04  2.8796149225274436e-04 -3.4354597909664491e-03 -1.6184390087826211e-03  0.0000000000000000e+00 -6.7539459509409134e+00
 458 -4.3816500847383206e-04 -3.8023567991144669e-05  1.2769963059067963e-03  3.9799599815017956e-03  0.0000000000000000e+00 -6.8153248621625977e+00
 459 -1.8914509907685668e-05  1.4610093036045057e-05  1.3298002211657267e-03 -3.9071717895013819e-03  0.0000000000000000e+00 -6.8224589426475655e+00
 460  2.9652663870799787e-04  2.8904743886078442e-04 -3.4898020548693549e-03  2.1835326901077489e-03  0.0000000000000000e+00 -6.7957244926285787e+00
 461  2.0330280387031158e-04  2.9157666811514908e-04  3.8359123388847730e-03  6.9121298285140331e-04  0.0000000000000000e+00 -6.8032372728278352e+00
 462 -2.6021681322074315e-04 -5.3346526088146700e-05 -2.0100374830432644e-03 -3.5316313218468160e-03  0.0000000000000000e+00 -6.8672784655050148e+00
 463 -2.1042405817474432e-05 -2.0827280938207719e-04 -5.0864625273722630e-04  4.1094919091149446e-03  0.0000000000000000e+00 -6.8920263145487075e+00
 464  3.2262044532707174e-04  3.0655212727372457e-05  2.9740862219930072e-03 -2.8118716426536522e-03  0.0000000000000000e+00 -6.8720113308685979e+00
 465  3.4189499468770962e-04  1.0998377962309137e-04 -4.0111205659913562e-03  2.1893154415082657e-04  0.0000000000000000e+00 -6.8615749377900661e+00
 466 -1.4146276620299457e-04 -1.5063703878137662e-04  2.7222070279916849e-03  2.8348216314603930e-03  0.0000000000000000e+00 -6.9148566239397509e+00
 467 -1.9299207861343300e-04 -4.2404469007577760e-04 -3.2749307202208246e-04 -4.1593823611149926e-03  0.0000000000000000e+00 -6.9564338668011336e+00
 468  1.4089977799581851e-04 -2.1949023015242761e-04 -2.3132779604309586e-03  3.3490714894696023e-03  0.0000000000000000e+00 -6.9470170912749545e+00
 469  2.3684244025478219e-04 -1.3699955816475115e-05  3.9233788606043265e-03 -1.1276161705027301e-03  0.0000000000000000e+00 -6.9243617090784673e+00
 470 -1.3082276044705982e-04 -1.1265580532736821e-04 -3.3384093557217481e-03 -1.9285432963939849e-03  0.0000000000000000e+00 -6.9571579017383014e+00
 471 -4.5710918097062410e-04 -4.0587268022926050e-04  1.1218812780247219e-03  4.0179677086886745e-03  0.0000000000000000e+00 -7.0121564684211499e+00
 472 -1.3780178015921723e-04 -2.6497108105793713e-04  1.5425794840999857e-03 -3.7910219999347694e-03  0.0000000000000000e+00 -7.0158475197613326e+00
 473  7.0538319393253905e-05  6.1122889138689882e-05 -3.6045647464544466e-03  1.9905370076840163e-03  0.0000000000000000e+00 -6.9887268967021550e+00
 474 -9.7046558674622425e-05  1.2182196565474043e-04  3.7711473075700054e-03  9.1498084288948089e-04  0.0000000000000000e+00 -6.9984318073389140e+00
 475 -5.7159172342826964e-04 -1.4230934037453866e-04 -1.8406798066635606e-03 -3.6257507418856437e-03  0.0000000000000000e+00 -7.0600077419928153e+00
 476 -3.1504998009025914e-04 -1.5034430150248304e-04 -7.2419583637777982e-04  4.0941315394470816e-03  0.0000000000000000e+00 -7.0802938493139278e+00
 477  4.3067873800288852e-05  2.0085366203810191e-04  3.1116499480613709e-03 -2.7205820204319218e-03  0.0000000000000000e+00 -7.0562035036231405e+00
 478  7.5154744449039027e-05  3.5221733889000101e-04 -3.9765034554202399e-03  6.5477834324251081e-05  0.0000000000000000e+00 -7.0468373135345006e+00
 479 -3.9383192951390706e-04  1.2898244718452566e-04  2.5108152378257235e-03  2.9835489644148144e-03  0.0000000000000000e+00 -7.1039582437033353e+00
 480 -3.1541219894213945e-04 -7.8910052056708094e-05 -8.9611505660906749e-05 -4.2117745055197603e-03  0.0000000000000000e+00 -7.1432245954119686e+00
 481  1.3771744952621487e-04  1.7373878843101161e-04 -2.4853949589478657e-03  3.2769816982128994e-03  0.0000000000000000e+00 -7.1283950750742653e+00
 482  3.0135287471229409e-04  3.5802563127884413e-04  3.9522202114224709e-03 -9.4600213501615010e-04  0.0000000000000000e+00 -7.1072198055243367e+00
 483 -6.0120749537866920e-05  1.8856541022749587e-04 -3.1473220903901226e-03 -2.1631023664331114e-03  0.0000000000000000e+00 -7.1486228964410348e+00
 484 -2.5149796705119248e-04 -1.6140861684092525e-04  8.8869030402750763e-04  4.1196882985038950e-03  0.0000000000000000e+00 -7.2037986160999656e+00
 485  1.6891675850548994e-04 -7.2900420499105896e-05  1.7519714233151190e-03 -3.6856677703642560e-03  0.0000000000000000e+00 -7.2029264138818956e+00
 486  3.8582776537719586e-04  1.4225516020624683e-04 -3.7101789623131707e-03  1.7420838946739163e-03  0.0000000000000000e+00 -7.1777369647456446e+00
 487  1.6840944151519306e-04  6.6760826452897564e-05  3.6713259067610270e-03  1.2437520484349111e-03  0.0000000000000000e+00 -7.1969342233461493e+00
 488 -2.6478634509766348e-04 -2.9607711018127313e-04 -1.6626175683633908e-03 -3.7923109792241659e-03  0.0000000000000000e+00 -7.2589675976483621e+00
 489  2.4181570240118389e-06 -3.4920378232223382e-04 -9.4281597908093900e-04  3.9790513872644453e-03  0.0000000000000000e+00 -7.2742181661157623e+00
 490  2.5000595001836446e-04 -7.7945945065040209e-05  3.2736614074794106e-03 -2.4708923808971738e-03  0.0000000000000000e+00 -7.2514576492649452e+00
 491  1.7389142505249778e-04 -1.0879631165844224e-05 -3.9691013973703476e-03 -2.7307785699111538e-04  0.0000000000000000e+00 -7.2484018084859834e+00
 492 -3.5069884159946957e-04 -2.7117343218625427e-04  2.3822847630915350e-03  3.2035371495255458e-03  0.0000000000000000e+00 -7.3059053567330556e+00
 493 -2.9912201195099138e-04 -4.2425781683444469e-04  1.0843508496953945e-04 -4.1485519472421895e-03  0.0000000000000000e+00 -7.3383031216614816e+00
 494  1.9277383702911229e-05 -1.1993285162692742e-04 -2.6754739384329254e-03  3.1124881292678435e-03  0.0000000000000000e+00 -7.3225435640454490e+00
 495  8.5493102035745443e-05  9.6102500270705554e-05  3.9971987954894959e-03 -7.0203010699878762e-04  0.0000000000000000e+00 -7.3027838631601885e+00
 496 -3.4748805139289283e-04 -2.1466890873327156e-05 -3.0201095851671695e-03 -2.3705256064103985e-03  0.0000000000000000e+00 -7.3457236893392608e+00
 497 -5.2530736523143736e-04 -2.6227438377666307e-04  6.9154088652170840e-04  4.1397424106763281e-03  0.0000000000000000e+00 -7.3954744628284406e+00
 498 -1.2367447935253384e-04 -2.8829540648130460e-05  1.9534142616281619e-03 -3.6266612960181807e-03  0.0000000000000000e+00 -7.3907478460445741e+00
 499  9.4869910209453398e-05  2.7551455774581398e-04 -3.7868536339694054e-03  1.5984215947584914e-03  0.0000000000000000e+00 -7.3631329010283393e+00
 500 -1.4143367488123136e-04  2.6565157715744027e-04  3.5387962548989334e-03  1.4139807303410830e-03  0.0000000000000000e+00 -7.3858548875562882e+00
 501 -5.1049046270424249e-04 -4.0133952036892426e-05 -1.4301322329979915e-03 -3.8953886179037265e-03  0.0000000000000000e+00 -7.4481152778790944e+00
 502 -1.2085816534051249e-04  3.3251917223444915e-06 -1.1647065991924892e-03  3.9761657788430537e-03  0.0000000000000000e+00 -7.4588173178382213e+00
 503  2.2055863124498406e-04  3.0722743647607553e-04  3.3923081649750910e-03 -2.3456951594608270e-03  0.0000000000000000e+00 -7.4320382590113105e+00
 504  1.7127761062477886e-04  3.5334674609072164e-04 -3.8846330368303237e-03 -4.7341210578981206e-04  0.0000000000000000e+00 -7.4346333102858946e+00
 505 -2.9716938175382019e-04  3.5568393300634935e-05  2.1431056459008560e-03  3.3982450000347216e-03  0.0000000000000000e+00 -7.4979483317364037e+00
 506 -8.4206981487864886e-05 -1.4117376220072070e-04  3.4344830373193570e-04 -4.1530893242700479e-03  0.0000000000000000e+00 -7.5267534825293847e+00
 507  3.0240719955780521e-04  9.7212140988783355e-05 -2.8455329200662675e-03  2.9454358832973716e-03  0.0000000000000000e+00 -7.5077311247717553e+00
 508  3.6550160112589305e-04  1.9607681682057830e-04  4.0064975403786658e-03 -4.1965525320396437e-04  0.0000000000000000e+00 -7.4943187614592679e+00
 509 -8.8000399800398243e-05 -5.2643651254974378e-05 -2.8423245126171937e-03 -2.6670992026657744e-03  0.0000000000000000e+00 -7.5452496854749747e+00
 510 -1.7280740935793370e-04 -3.6259077750768691e-04  4.8827831409640294e-04  4.1596446411148336e-03  0.0000000000000000e+00 -7.5907275193626118e+00
 511  1.8484904515216546e-04 -1.9948940761310642e-04  2.1626768506629855e-03 -3.4404990311694928e-03  0.0000000000000000e+00 -7.5835743041577084e+00
 512  3.0612686286049967e-04 -4.4173261208066006e-07 -3.8763071584755893e-03  1.2939335718860898e-03  0.0000000000000000e+00 -7.5602974192888377e+00
