#     name              s    code  bx*ex  sqrt(bx*by)  dbx/dd*ex  bx*dex/dd  by*ex  dby/dd*ex by*dex/dd  ksix  ksiy  dbx/dd  bx/dd dex/dd
#                      [m]          [m]      [m]          [m]       [m]       [m]      [m]       [m]
#
   0 begin             0.00  0.0  -0.005     7.840       0.029    108.015   -0.001   -0.005     18.075   0.00   0.00  -112.797  19.442   5.636
   1 dh0g1a            4.65  0.0  -0.005    14.209       0.028    113.815   -0.003   -0.000     55.802   0.00   0.00  -107.840   0.711   5.609
   2 gs                4.65  0.0  -0.005    14.209       0.028    113.815   -0.003   -0.000     55.802   0.00   0.00  -107.840   0.711   5.609
   3 sh1               4.85  1.5  -0.005    14.662       0.028    114.347   -0.003    0.001     59.112   0.00   0.00  -107.424  -2.536   5.607
   4 dh1ag2a           4.94  0.0  -0.005    14.863       0.028    114.587   -0.003    0.001     60.604   0.00   0.00  -107.233  -4.022   5.607
   5 bpm               4.94  0.0  -0.005    14.863       0.028    114.587   -0.003    0.001     60.604   0.00   0.00  -107.233  -4.022   5.607
   6 dbpm              5.03  0.0  -0.005    15.065       0.028    114.831   -0.003    0.001     62.122   0.00   0.00  -107.040  -5.546   5.606
   7 qh1sp01           5.28 -1.0  -0.006    15.655       0.029    123.173   -0.003    0.002     65.228   0.29  -0.16  -112.024  -9.266   5.726
   8 dh2ag2a           5.43  0.0  -0.006    16.030       0.032    133.801   -0.003    0.003     66.344   0.29  -0.16  -118.861  -11.097   5.877
   9 sq1hsp01          5.53  0.0  -0.006    16.269       0.034    140.863   -0.003    0.003     67.051   0.29  -0.16  -123.302  -12.253   5.974
  10 chv               5.53  0.0  -0.006    16.269       0.034    140.863   -0.003    0.003     67.051   0.29  -0.16  -123.302  -12.253   5.974
  11 sq1hsp01          5.63  0.0  -0.007    16.507       0.036    148.174   -0.003    0.004     67.758   0.29  -0.16  -127.823  -13.404   6.070
  12 dh2bg2a           5.79  0.0  -0.007    16.882       0.039    160.206   -0.003    0.004     68.872   0.29  -0.16  -135.101  -15.206   6.222
  13 sh2               5.99  0.0  -0.008    17.360       0.043    176.418   -0.003    0.005     70.291   0.29  -0.16  -144.625  -17.477   6.415
  14 dh2cg2a           6.14  0.0  -0.009    17.719       0.046    189.283   -0.003    0.006     71.360   0.29  -0.16  -151.973  -19.167   6.559
  15 qh2sp01           6.54  1.0  -0.007    18.584       0.035    152.333   -0.004    0.009     83.848  -1.02   0.57  -125.443  -33.331   6.081
  16 dh3ag2a           6.73  0.0  -0.005    18.598       0.024    110.566   -0.004    0.012     93.066  -1.02   0.57  -95.353  -47.059   5.454
  17 sh3               6.93 -1.5  -0.003    18.164       0.015     75.707   -0.005    0.014    100.162  -1.02   0.57  -67.891  -63.684   4.794
  18 dh3bg2a           7.13  0.0  -0.002    17.297       0.009     49.664   -0.005    0.016    103.778  -1.02   0.57  -45.272  -82.040   4.151
  19 qh3sp01           7.38 -1.0  -0.001    15.710       0.004     31.761   -0.005    0.015     98.056  -0.69  -0.45  -26.919  -94.494   3.552
  20 dh4ag2a           7.46  0.0  -0.001    15.133       0.004     28.543   -0.004    0.015     93.747  -0.69  -0.45  -22.838  -94.087   3.418
  21 bpm               7.46  0.0  -0.001    15.133       0.004     28.543   -0.004    0.015     93.747  -0.69  -0.45  -22.838  -94.087   3.418
  22 dbpm              7.55  0.0  -0.001    14.562       0.003     25.555   -0.004    0.014     89.489  -0.69  -0.45  -18.976  -93.681   3.284
  23 sh4               7.75 -1.5  -0.001    13.276       0.002     19.545   -0.004    0.013     79.947  -0.69  -0.45  -10.972  -92.749   2.978
  24 dh4bg2a           8.00  0.0  -0.001    11.721       0.000     13.532   -0.003    0.011     68.455  -0.69  -0.45  -2.625  -91.589   2.597
  25 dfch              8.15  0.0  -0.000    10.808      -0.000     10.605   -0.003    0.010     61.708  -0.69  -0.45   1.558  -90.887   2.367
  26 chv               8.15  0.0  -0.000    10.808      -0.000     10.605   -0.003    0.010     61.708  -0.69  -0.45   1.558  -90.887   2.367
  27 dfch              8.30  0.0  -0.000     9.916      -0.001      8.150   -0.003    0.009     55.102  -0.69  -0.45   5.096  -90.186   2.137
  28 ge                8.30  0.0  -0.000     9.916      -0.001      8.150   -0.003    0.009     55.102  -0.69  -0.45   5.096  -90.186   2.137
  29 dh4cg3a           8.33  0.0  -0.000     9.732      -0.001      7.691   -0.002    0.009     53.732  -0.69  -0.45   5.757  -90.038   2.089
  30 gs                8.33  0.0  -0.000     9.732      -0.001      7.691   -0.002    0.009     53.732  -0.69  -0.45   5.757  -90.038   2.089
  31 b1sp01           10.95  0.5   0.366     7.486      -5.277     -5.811    2.881  -10.499    -45.740  -0.69  -0.45  -38.478  -76.551  -2.178
  32 dm1ag3a          11.32  0.0   0.717     9.130     -10.566    -11.489    3.579  -13.075    -57.353  -0.69  -0.45  -60.228  -74.532  -2.811
  33 dfch             11.47  0.0   0.914     9.816     -13.433    -14.684    3.853  -14.089    -61.922  -0.69  -0.45  -70.273  -73.703  -3.072
  34 chv              11.47  0.0   0.914     9.816     -13.433    -14.684    3.853  -14.089    -61.922  -0.69  -0.45  -70.273  -73.703  -3.072
  35 sm3              11.47  0.0   0.914     9.816     -13.433    -14.684    3.853  -14.089    -61.922  -0.69  -0.45  -70.273  -73.703  -3.072
  36 dfch             11.62  0.0   1.146    10.503     -16.751    -18.456    4.121  -15.078    -66.378  -0.69  -0.45  -80.963  -72.876  -3.332
  37 dm1bg3a          11.93  0.0   1.750    11.920     -25.161    -28.292    4.654  -17.038    -75.238  -0.69  -0.45  -105.097  -71.169  -3.871
  38 ge               11.93  0.0   1.750    11.920     -25.161    -28.292    4.654  -17.038    -75.238  -0.69  -0.45  -105.097  -71.169  -3.871
  39 gs               11.93  0.0   1.750    11.920     -25.161    -28.292    4.654  -17.038    -75.238  -0.69  -0.45  -105.097  -71.169  -3.871
  40 qm1sp01          12.18 -1.0   2.556    13.023     -36.328    -41.547    4.917  -17.738    -79.926  -0.53  -0.75  -133.443  -65.157  -4.425
  41 dm2ag4a          12.38  0.0   3.548    13.775     -50.100    -57.996    4.942  -17.358    -80.774  -0.53  -0.75  -164.799  -57.099  -4.969
  42 sm1a             12.58 -1.5   4.772    14.380     -65.891    -77.812    4.886  -17.828    -79.669  -0.53  -0.75  -196.231  -53.093  -5.475
  43 dm2bg4a          13.16  0.0   9.878    15.299    -124.347   -157.664    4.347  -21.730    -69.380  -0.53  -0.75  -290.308  -50.733  -6.837
  44 bpm              13.16  0.0   9.878    15.299    -124.347   -157.664    4.347  -21.730    -69.380  -0.53  -0.75  -290.308  -50.733  -6.837
  45 dbpm             13.25  0.0  10.870    15.329    -135.279   -173.060    4.228  -22.178    -67.315  -0.53  -0.75  -305.901  -50.149  -7.041
  46 qm2sp01          13.50  1.0  12.409    15.325    -148.729   -195.234    4.044  -24.650    -63.623  -1.28  -0.51  -321.759  -53.327  -7.273
  47 dm2cg4a          13.70  0.0  12.407    15.315    -143.383   -192.538    4.039  -27.688    -62.678  -1.28  -0.51  -310.192  -59.900  -7.173
  48 sm2              13.95  1.5  12.407    15.315    -146.713   -194.215    4.039  -28.189    -63.223  -1.28  -0.51  -317.396  -60.984  -7.236
  49 dm2cg4b          14.15  0.0  12.409    15.324    -157.388   -199.594    4.044  -25.953    -65.042  -1.28  -0.51  -340.490  -56.146  -7.435
  50 qm2sp01          14.40  1.0  10.870    15.329    -148.871   -179.906    4.228  -24.552    -69.973  -1.96  -0.25  -336.630  -55.517  -7.319
  51 dm2bg4b          14.92  0.0   5.856    14.736     -94.773   -102.974    4.796  -23.545    -84.327  -1.96  -0.25  -263.531  -65.471  -6.324
  52 sm1b             15.12 -1.5   4.444    14.242     -75.634    -79.550    4.907  -24.636    -87.844  -1.96  -0.25  -230.693  -75.142  -5.869
  53 dm2ag4b          15.38  0.0   2.964    13.370     -52.636    -53.705    4.939  -27.757    -89.487  -1.96  -0.25  -183.943  -97.002  -5.185
  54 bpm              15.38  0.0   2.964    13.370     -52.636    -53.705    4.939  -27.757    -89.487  -1.96  -0.25  -183.943  -97.002  -5.185
  55 dbpm             15.46  0.0   2.557    13.023     -46.134    -46.547    4.917  -28.527    -89.527  -1.96  -0.25  -169.454  -104.782  -4.957
  56 qm1sp01          15.71 -1.0   1.750    11.920     -33.334    -32.495    4.654  -28.994    -86.394  -1.84  -0.57  -139.222  -121.096  -4.445
  57 dm1eg4b          15.93  0.0   1.304    10.918     -26.225    -24.796    4.279  -28.008    -81.352  -1.84  -0.57  -121.190  -129.427  -4.114
  58 dfch             16.08  0.0   1.050    10.231     -21.940    -20.334    4.016  -27.125    -77.796  -1.84  -0.57  -109.335  -135.176  -3.888
  59 sm3              16.08  0.0   1.050    10.231     -21.940    -20.334    4.016  -27.125    -77.796  -1.84  -0.57  -109.335  -135.176  -3.888
  60 chv              16.08  0.0   1.050    10.231     -21.940    -20.334    4.016  -27.125    -77.796  -1.84  -0.57  -109.335  -135.176  -3.888
  61 dfch             16.23  0.0   0.832     9.544     -18.097    -16.469    3.745  -26.071    -74.147  -1.84  -0.57  -97.854  -140.974  -3.661
  62 ge               16.23  0.0   0.832     9.544     -18.097    -16.469    3.745  -26.071    -74.147  -1.84  -0.57  -97.854  -140.974  -3.661
  63 gs               16.23  0.0   0.832     9.544     -18.097    -16.469    3.745  -26.071    -74.147  -1.84  -0.57  -97.854  -140.974  -3.661
  64 dm1dg5b          16.29  0.0   0.760     9.291     -16.786    -15.184    3.644  -25.638    -72.776  -1.84  -0.57  -93.709  -143.128  -3.578
  65 dpwg5b           16.49  0.0   0.538     8.382     -12.521    -11.137    3.269  -23.874    -67.713  -1.84  -0.57  -79.169  -150.958  -3.276
  66 dm1cg5b          16.69  0.0   0.366     7.488      -8.957     -7.941    2.881  -21.794    -62.472  -1.84  -0.57  -65.295  -158.873  -2.975
  67 b1sp01           19.31  0.5  -0.000     9.728      -0.001      2.748   -0.001    0.007     19.210  -1.84  -0.57  54.834  -267.951   0.747
  68 ge               19.31  0.0  -0.000     9.728      -0.001      2.748   -0.001    0.007     19.210  -1.84  -0.57  54.834  -267.951   0.747
  69 dl4bg6b          19.53  0.0  -0.000    11.022      -0.002      4.807   -0.001    0.011     27.027  -1.84  -0.57  59.702  -277.358   1.034
  70 gs               19.53  0.0  -0.000    11.022      -0.002      4.807   -0.001    0.011     27.027  -1.84  -0.57  59.702  -277.358   1.034
  71 dfch             19.68  0.0  -0.000    11.940      -0.003      6.645   -0.001    0.013     32.554  -1.84  -0.57  62.595  -283.886   1.232
  72 chv              19.68  0.0  -0.000    11.940      -0.003      6.645   -0.001    0.013     32.554  -1.84  -0.57  62.595  -283.886   1.232
  73 dfch             19.83  0.0  -0.000    12.877      -0.004      8.871   -0.001    0.016     38.202  -1.84  -0.57  65.113  -290.453   1.430
  74 dl4ag6b          19.91  0.0  -0.000    13.398      -0.004     10.269   -0.002    0.017     41.348  -1.84  -0.57  66.335  -294.070   1.538
  75 ql3sp01          20.16 -1.0  -0.001    14.949      -0.006     17.506   -0.002    0.021     48.403  -1.56  -1.33  75.359  -274.680   1.947
  76 dbpm             20.25  0.0  -0.001    15.417      -0.007     21.603   -0.002    0.022     49.483  -1.56  -1.33  80.601  -257.993   2.121
  77 bpm              20.25  0.0  -0.001    15.417      -0.007     21.603   -0.002    0.022     49.483  -1.56  -1.33  80.601  -257.993   2.121
  78 dl3bg6b          20.33  0.0  -0.001    15.827      -0.008     26.289   -0.002    0.022     50.147  -1.56  -1.33  85.872  -241.823   2.294
  79 sl3              20.53 -1.5  -0.002    16.542      -0.011     39.430   -0.002    0.022     50.237  -1.56  -1.33  98.034  -206.801   2.691
  80 dl3ag6b          21.15  0.0  -0.004    16.809      -0.021    105.276   -0.002    0.018     40.962  -1.56  -1.33  136.322  -116.212   3.907
  81 ql2sp01          21.55  1.0  -0.004    15.842      -0.021    110.605   -0.002    0.017     37.210  -3.30  -0.75  126.508  -104.300   4.049
  82 dl2cg6b          21.80  0.0  -0.003    15.114      -0.015     82.805   -0.002    0.018     38.333  -3.30  -0.75  101.121  -119.877   3.728
  83 sl2              22.00  1.5  -0.003    14.409      -0.012     64.257   -0.002    0.019     38.910  -3.30  -0.75  82.825  -133.005   3.470
  84 dl2bg6b          22.14  0.0  -0.002    13.860      -0.010     53.260   -0.002    0.019     39.120  -3.30  -0.75  71.284  -142.375   3.293
  85 dsch             22.24  0.0  -0.002    13.429      -0.008     46.102   -0.002    0.019     39.170  -3.30  -0.75  63.420  -149.364   3.165
  86 chv              22.24  0.0  -0.002    13.429      -0.008     46.102   -0.002    0.019     39.170  -3.30  -0.75  63.420  -149.364   3.165
  87 dsch             22.34  0.0  -0.002    12.969      -0.007     39.616   -0.002    0.019     39.127  -3.30  -0.75  56.002  -156.501   3.036
  88 dl2ag6b          22.47  0.0  -0.001    12.291      -0.005     31.732   -0.002    0.020     38.909  -3.30  -0.75  46.530  -166.555   2.859
  89 ql1sp01          22.72 -1.0  -0.001    10.992      -0.004     24.204   -0.001    0.018     36.139  -2.98  -1.22  34.554  -164.935   2.691
  90 dl1ag6b          22.81  0.0  -0.001    10.550      -0.004     23.254   -0.001    0.018     34.499  -2.98  -1.22  31.713  -157.442   2.685
  91 bpm              22.81  0.0  -0.001    10.550      -0.004     23.254   -0.001    0.018     34.499  -2.98  -1.22  31.713  -157.442   2.685
  92 dbpm             22.90  0.0  -0.001    10.119      -0.003     22.329   -0.001    0.017     32.903  -2.98  -1.22  28.946  -150.111   2.679
  93 sl1              23.10 -1.5  -0.001     9.174      -0.003     20.310   -0.001    0.015     29.422  -2.98  -1.22  22.898  -133.961   2.665
  94 ge               23.10  0.0  -0.001     9.174      -0.003     20.310   -0.001    0.015     29.422  -2.98  -1.22  22.898  -133.961   2.665
  95 gs               23.10  0.0  -0.001     9.174      -0.003     20.310   -0.001    0.015     29.422  -2.98  -1.22  22.898  -133.961   2.665
  96 dl0g1a           26.40  0.0  -0.000     1.444       0.002      4.638   -0.000   -0.001      2.666  -2.98  -1.22  -21.282  10.476   2.435
  97 dl0g1a           29.70  0.0  -0.001     9.174      -0.004     16.806   -0.001    0.008     24.346  -2.98  -1.22  39.427  -75.238   2.205
  98 ge               29.70  0.0  -0.001     9.174      -0.004     16.806   -0.001    0.008     24.346  -2.98  -1.22  39.427  -75.238   2.205
  99 gs               29.70  0.0  -0.001     9.174      -0.004     16.806   -0.001    0.008     24.346  -2.98  -1.22  39.427  -75.238   2.205
 100 sl1              29.90 -1.5  -0.001    10.119      -0.005     18.264   -0.001    0.010     26.913  -2.98  -1.22  46.477  -87.829   2.191
 101 dl1ag2a          29.99  0.0  -0.001    10.550      -0.006     18.924   -0.001    0.010     28.076  -2.98  -1.22  49.683  -93.603   2.185
 102 bpm              29.99  0.0  -0.001    10.550      -0.006     18.924   -0.001    0.010     28.076  -2.98  -1.22  49.683  -93.603   2.185
 103 dbpm             30.07  0.0  -0.001    10.992      -0.006     19.598   -0.001    0.011     29.262  -2.98  -1.22  52.962  -99.539   2.179
 104 ql1sp01          30.32 -1.0  -0.001    12.291      -0.008     25.338   -0.002    0.012     31.069  -2.59  -1.70  68.398  -104.007   2.283
 105 dl2ag2a          30.46  0.0  -0.002    12.969      -0.010     31.420   -0.002    0.012     31.033  -2.59  -1.70  81.243  -99.321   2.408
 106 dsch             30.56  0.0  -0.002    13.429      -0.012     36.402   -0.002    0.012     30.928  -2.59  -1.70  91.260  -95.969   2.499
 107 chv              30.56  0.0  -0.002    13.429      -0.012     36.402   -0.002    0.012     30.928  -2.59  -1.70  91.260  -95.969   2.499
 108 dsch             30.66  0.0  -0.002    13.860      -0.014     41.880   -0.002    0.012     30.762  -2.59  -1.70  101.846  -92.663   2.590
 109 dl2bg2a          30.80  0.0  -0.003    14.409      -0.017     50.266   -0.002    0.012     30.438  -2.59  -1.70  117.329  -88.193   2.715
 110 sl2              31.00  1.5  -0.003    15.114      -0.021     64.341   -0.002    0.012     29.785  -2.59  -1.70  141.774  -81.852   2.896
 111 dl2cg2a          31.25  0.0  -0.004    15.842      -0.029     85.320   -0.002    0.012     28.704  -2.59  -1.70  175.535  -74.190   3.124
 112 ql2sp01          31.65  1.0  -0.004    16.809      -0.029     80.353   -0.002    0.014     31.265  -4.31  -1.03  183.358  -89.427   2.982
 113 dl3ag2a          32.26  0.0  -0.002    16.542      -0.013     29.314   -0.002    0.019     37.349  -4.31  -1.03  121.941  -173.231   2.000
 114 sl3              32.46 -1.5  -0.001    15.827      -0.009     19.256   -0.002    0.019     36.730  -4.31  -1.03  103.885  -206.301   1.680
 115 dl3bg2a          32.55  0.0  -0.001    15.417      -0.008     15.691   -0.002    0.019     35.942  -4.31  -1.03  96.289  -221.658   1.540
 116 bpm              32.55  0.0  -0.001    15.417      -0.008     15.691   -0.002    0.019     35.942  -4.31  -1.03  96.289  -221.658   1.540
 117 dbpm             32.64  0.0  -0.001    14.949      -0.007     12.590   -0.002    0.018     34.809  -4.31  -1.03  88.877  -237.556   1.400
 118 ql3sp01          32.89 -1.0  -0.000    13.398      -0.004      7.090   -0.002    0.015     28.546  -4.10  -1.86  75.477  -258.413   1.062
 119 dl4ag2a          33.17  0.0  -0.000    11.635      -0.003      3.821   -0.001    0.011     19.569  -4.10  -1.86  67.653  -251.717   0.743
 120 dfch             33.32  0.0  -0.000    10.724      -0.002      2.533   -0.001    0.009     14.936  -4.10  -1.86  63.167  -248.168   0.574
 121 chv              33.32  0.0  -0.000    10.724      -0.002      2.533   -0.001    0.009     14.936  -4.10  -1.86  63.167  -248.168   0.574
 122 dfch             33.47  0.0  -0.000     9.835      -0.002      1.517   -0.001    0.007     10.403  -4.10  -1.86  58.460  -244.629   0.404
 123 ge               33.47  0.0  -0.000     9.835      -0.002      1.517   -0.001    0.007     10.403  -4.10  -1.86  58.460  -244.629   0.404
 124 dl4bg3a          33.49  0.0  -0.000     9.728      -0.001      1.410   -0.001    0.006      9.857  -4.10  -1.86  57.870  -244.198   0.383
 125 gs               33.49  0.0  -0.000     9.728      -0.001      1.410   -0.001    0.006      9.857  -4.10  -1.86  57.870  -244.198   0.383
 126 b1sp01           36.11  0.5   0.366     7.488      -8.279     -7.460    2.881  -24.912    -58.687  -4.10  -1.86  -60.354  -181.606  -2.794
 127 dm1ag3a          36.47  0.0   0.717     9.131     -14.426    -13.392    3.579  -30.338    -66.826  -4.10  -1.86  -82.220  -172.910  -3.276
 128 sq2hsp01         36.62  0.0   0.914     9.817     -17.510    -16.611    3.854  -32.380    -70.024  -4.10  -1.86  -91.587  -169.363  -3.474
 129 chv              36.62  0.0   0.914     9.817     -17.510    -16.611    3.854  -32.380    -70.024  -4.10  -1.86  -91.587  -169.363  -3.474
 130 sm3              36.62  0.0   0.914     9.817     -17.510    -16.611    3.854  -32.380    -70.024  -4.10  -1.86  -91.587  -169.363  -3.474
 131 sq2hsp01         36.77  0.0   1.146    10.504     -20.935    -20.342    4.121  -34.314    -73.140  -4.10  -1.86  -101.177  -165.832  -3.672
 132 dm1bg3a          37.08  0.0   1.750    11.920     -29.138    -29.837    4.654  -37.970    -79.328  -4.10  -1.86  -121.699  -158.585  -4.081
 133 ge               37.08  0.0   1.750    11.920     -29.138    -29.837    4.654  -37.970    -79.328  -4.10  -1.86  -121.699  -158.585  -4.081
 134 gs               37.08  0.0   1.750    11.920     -29.138    -29.837    4.654  -37.970    -79.328  -4.10  -1.86  -121.699  -158.585  -4.081
 135 qm1sp01          37.33 -1.0   2.557    13.023     -39.904    -42.597    4.917  -39.137    -81.930  -3.95  -2.16  -146.572  -143.755  -4.536
 136 dm2a2g4b         37.53  0.0   3.549    13.775     -53.111    -58.408    4.942  -38.217    -81.335  -3.95  -2.16  -174.694  -125.704  -5.004
 137 sm1a             37.73 -1.5   4.772    14.380     -67.799    -77.226    4.886  -37.720    -79.059  -3.95  -2.16  -201.905  -112.331  -5.434
 138 dm2b2g4b         38.31  0.0   9.879    15.299    -119.106   -151.573    4.347  -36.942    -66.695  -3.95  -2.16  -278.066  -86.246  -6.572
 139 bpm              38.31  0.0   9.879    15.299    -119.106   -151.573    4.347  -36.942    -66.695  -3.95  -2.16  -278.066  -86.246  -6.572
 140 dbpm             38.40  0.0  10.870    15.329    -128.357   -165.745    4.228  -36.510    -64.465  -3.95  -2.16  -290.245  -82.556  -6.743
 141 qm2sp01          38.65  1.0  12.409    15.324    -137.391   -185.059    4.044  -36.946    -60.305  -4.69  -1.92  -297.228  -79.927  -6.894
 142 dm2cg4a          38.85  0.0  12.407    15.315    -129.380   -180.948    4.039  -38.778    -58.904  -4.69  -1.92  -279.898  -83.891  -6.741
 143 sm2              39.10  1.5  12.407    15.315    -129.382   -180.855    4.039  -37.756    -58.875  -4.69  -1.92  -279.903  -81.681  -6.738
 144 dm2cg4b          39.30  0.0  12.409    15.325    -137.397   -184.816    4.044  -34.289    -60.228  -4.69  -1.92  -297.243  -74.181  -6.885
 145 qm2sp01          39.55  1.0  10.870    15.329    -128.366   -165.363    4.228  -31.669    -64.321  -5.37  -1.65  -290.268  -71.613  -6.728
 146 dm2b2g4a         40.07  0.0   5.856    14.736     -79.379    -92.804    4.796  -28.555    -76.007  -5.37  -1.65  -220.733  -79.404  -5.700
 147 sm1b             40.27 -1.5   4.443    14.242     -62.256    -70.914    4.907  -28.788    -78.319  -5.37  -1.65  -189.898  -87.811  -5.233
 148 dm2a2g4a         40.53  0.0   2.963    13.370     -41.865    -46.933    4.939  -30.802    -78.218  -5.37  -1.65  -146.312  -107.649  -4.532
 149 bpm              40.53  0.0   2.963    13.370     -41.865    -46.933    4.939  -30.802    -78.218  -5.37  -1.65  -146.312  -107.649  -4.532
 150 dbpm             40.62  0.0   2.556    13.023     -36.210    -40.356    4.917  -31.215    -77.634  -5.37  -1.65  -133.012  -114.663  -4.298
 151 qm1sp01          40.87 -1.0   1.750    11.920     -25.069    -27.430    4.654  -30.669    -72.946  -5.25  -1.98  -104.711  -128.104  -3.753
 152 dm1eg4b          41.09  0.0   1.304    10.917     -18.901    -20.347    4.279  -28.870    -66.777  -5.25  -1.98  -87.355  -133.428  -3.376
 153 dfch             41.24  0.0   1.049    10.230     -15.308    -16.313    4.016  -27.507    -62.431  -5.25  -1.98  -76.295  -137.093  -3.119
 154 sm3              41.24  0.0   1.049    10.230     -15.308    -16.313    4.016  -27.507    -62.431  -5.25  -1.98  -76.295  -137.093  -3.119
 155 chv              41.24  0.0   1.049    10.230     -15.308    -16.313    4.016  -27.507    -62.431  -5.25  -1.98  -76.295  -137.093  -3.119
 156 dfch             41.39  0.0   0.832     9.543     -12.182    -12.872    3.745  -26.032    -57.974  -5.25  -1.98  -65.881  -140.781  -2.862
 157 ge               41.39  0.0   0.832     9.543     -12.182    -12.872    3.745  -26.032    -57.974  -5.25  -1.98  -65.881  -140.781  -2.862
 158 gs               41.39  0.0   0.832     9.543     -12.182    -12.872    3.745  -26.032    -57.974  -5.25  -1.98  -65.881  -140.781  -2.862
 159 dm1dg5b          41.45  0.0   0.760     9.290     -11.140    -11.742    3.643  -25.459    -56.299  -5.25  -1.98  -62.198  -142.149  -2.767
 160 dpwg5b           41.65  0.0   0.537     8.381      -7.849     -8.240    3.268  -23.262    -50.121  -5.25  -1.98  -49.636  -147.114  -2.425
 161 dm1cg5b          41.85  0.0   0.366     7.486      -5.242     -5.556    2.881  -20.862    -43.733  -5.25  -1.98  -38.223  -152.120  -2.082
 162 b1sp01           44.47  0.5  -0.000     9.732      -0.001      7.707   -0.002    0.021     53.843  -5.25  -1.98   5.355  -219.214   2.093
 163 ge               44.47  0.0  -0.000     9.732      -0.001      7.707   -0.002    0.021     53.843  -5.25  -1.98   5.355  -219.214   2.093
 164 dh4cg6b          44.67  0.0  -0.001    10.936      -0.000     10.974   -0.003    0.025     62.558  -5.25  -1.98   0.530  -224.461   2.396
 165 gs               44.67  0.0  -0.001    10.936      -0.000     10.974   -0.003    0.025     62.558  -5.25  -1.98   0.530  -224.461   2.396
 166 dfch             44.82  0.0  -0.001    11.852       0.000     13.938   -0.003    0.028     69.164  -5.25  -1.98  -3.797  -228.361   2.620
 167 chv              44.82  0.0  -0.001    11.852       0.000     13.938   -0.003    0.028     69.164  -5.25  -1.98  -3.797  -228.361   2.620
 168 dfch             44.97  0.0  -0.001    12.788       0.001     17.416   -0.004    0.031     75.909  -5.25  -1.98  -8.770  -232.280   2.843
 169 dh4bg6b          45.05  0.0  -0.001    13.276       0.002     19.420   -0.004    0.032     79.433  -5.25  -1.98  -11.580  -234.303   2.958
 170 sh4              45.25 -1.5  -0.001    14.562       0.003     25.344   -0.004    0.036     88.747  -5.25  -1.98  -19.659  -239.566   3.257
 171 dh4ag6b          45.33  0.0  -0.001    15.133       0.004     28.286   -0.004    0.038     92.903  -5.25  -1.98  -23.555  -241.878   3.387
 172 bpm              45.33  0.0  -0.001    15.133       0.004     28.286   -0.004    0.038     92.903  -5.25  -1.98  -23.555  -241.878   3.387
 173 dbpm             45.42  0.0  -0.001    15.710       0.005     31.454   -0.005    0.040     97.109  -5.25  -1.98  -27.671  -244.195   3.518
 174 qh3sp01          45.67 -1.0  -0.002    17.297       0.009     49.106   -0.005    0.042    102.612  -4.81  -2.90  -46.225  -220.141   4.104
 175 dh3bg6b          45.87  0.0  -0.003    18.164       0.015     74.789   -0.005    0.040     98.948  -4.81  -2.90  -69.105  -180.956   4.736
 176 sh3              46.07 -1.5  -0.005    18.598       0.024    109.149   -0.004    0.036     91.873  -4.81  -2.90  -96.868  -144.700   5.384
 177 dh3ag6b          46.26  0.0  -0.007    18.584       0.036    150.302   -0.004    0.032     82.730  -4.81  -2.90  -127.273  -113.946   6.000
 178 qh2sp01          46.66  1.0  -0.009    17.719       0.046    186.593   -0.003    0.026     70.346  -6.32  -2.33  -154.000  -86.302   6.466
 179 dh2cg6b          46.81  0.0  -0.008    17.360       0.043    173.854   -0.003    0.025     69.269  -6.32  -2.33  -146.526  -86.438   6.321
 180 sh2              47.01  0.0  -0.007    16.882       0.039    157.804   -0.003    0.025     67.839  -6.32  -2.33  -136.842  -86.579   6.129
 181 dh2bg6b          47.19  0.0  -0.007    16.447       0.036    144.064   -0.003    0.024     66.538  -6.32  -2.33  -128.284  -86.668   5.953
 182 dsch             47.29  0.0  -0.006    16.209       0.034    136.892   -0.003    0.024     65.825  -6.32  -2.33  -123.709  -86.701   5.856
 183 chv              47.29  0.0  -0.006    16.209       0.034    136.892   -0.003    0.024     65.825  -6.32  -2.33  -123.709  -86.701   5.856
 184 dsch             47.39  0.0  -0.006    15.971       0.032    129.967   -0.003    0.023     65.112  -6.32  -2.33  -119.213  -86.722   5.760
 185 dh2ag6b          47.52  0.0  -0.006    15.655       0.030    121.164   -0.003    0.023     64.164  -6.32  -2.33  -113.380  -86.733   5.632
 186 qh1sp01          47.77 -1.0  -0.005    15.065       0.028    112.876   -0.003    0.021     61.065  -6.04  -2.48  -108.279  -82.548   5.511
 187 dh1ag6b          47.86  0.0  -0.005    14.863       0.028    112.607   -0.003    0.020     59.557  -6.04  -2.48  -108.450  -79.683   5.510
 188 bpm              47.86  0.0  -0.005    14.863       0.028    112.607   -0.003    0.020     59.557  -6.04  -2.48  -108.450  -79.683   5.510
 189 dbpm             47.95  0.0  -0.005    14.662       0.028    112.342   -0.003    0.020     58.076  -6.04  -2.48  -108.619  -76.857   5.509
 190 sh1              48.15  1.5  -0.005    14.209       0.028    111.754   -0.003    0.018     54.791  -6.04  -2.48  -108.986  -70.545   5.507
 191 ge               48.15  0.0  -0.005    14.209       0.028    111.754   -0.003    0.018     54.791  -6.04  -2.48  -108.986  -70.545   5.507
 192 dh0g1a           52.80  0.0  -0.005     7.840       0.029    104.612   -0.001   -0.005     17.506  -6.04  -2.48  -112.797  19.442   5.459
 193 cav              52.80  0.0  -0.005     7.840       0.029    104.612   -0.001   -0.005     17.506  -6.04  -2.48  -112.797  19.442   5.459
