-3.00  2.21482  1.06421
-2.85  2.21340  1.06488
-2.70  2.21226  1.06552
-2.55  2.21136  1.06616
-2.40  2.21067  1.06677
-2.25  2.21015  1.06737
-2.10  2.20978  1.06794
-1.95  2.20953  1.06850
-1.80  2.20939  1.06903
-1.65  2.20933  1.06954
-1.50  2.20934  1.07003
-1.35  2.20940  1.07051
-1.20  2.20950  1.07096
-1.05  2.20963  1.07139
-0.90  2.20978  1.07181
-0.75  2.20995  1.07221
-0.60  2.21013  1.07260
-0.45  2.21031  1.07297
-0.30  2.21049  1.07332
-0.15  2.21067  1.07367
 0.00  2.21085  1.07399
 0.15  2.21101  1.07431
 0.30  2.21117  1.07461
 0.45  2.21131  1.07490
 0.60  2.21144  1.07518
 0.75  2.21156  1.07544
 0.90  2.21167  1.07570
 1.05  2.21176  1.07594
 1.20  2.21183  1.07617
 1.35  2.21189  1.07638
 1.50  2.21193  1.07659
 1.65  2.21195  1.07678
 1.80  2.21195  1.07696
 1.95  2.21194  1.07712
 2.10  2.21190  1.07728
 2.25  2.21185  1.07742
 2.40  2.21178  1.07754
 2.55  2.21168  1.07765
 2.70  2.21156  1.07775
 2.85  2.21142  1.07783
 3.00  2.21126  1.07789
