#   A_x        A_y        J_x        J_y      nu_x    nu_y
#
-2.000e+01  1.000e+00  1.044e+01  1.559e-01 0.21223 0.07594
-1.920e+01  1.000e+00  9.618e+00  1.559e-01 0.21215 0.07604
-1.840e+01  1.000e+00  8.833e+00  1.559e-01 0.21146 0.07538
-1.760e+01  1.000e+00  8.082e+00  1.559e-01 0.21121 0.07507
-1.680e+01  1.000e+00  7.364e+00  1.559e-01 0.21100 0.07482
-1.600e+01  1.000e+00  6.679e+00  1.559e-01 0.21083 0.07460
-1.520e+01  1.000e+00  6.028e+00  1.559e-01 0.21070 0.07442
-1.440e+01  1.000e+00  5.410e+00  1.559e-01 0.21060 0.07428
-1.360e+01  1.000e+00  4.826e+00  1.559e-01 0.21053 0.07416
-1.280e+01  1.000e+00  4.275e+00  1.559e-01 0.21049 0.07406
-1.200e+01  1.000e+00  3.757e+00  1.559e-01 0.21046 0.07399
-1.120e+01  1.000e+00  3.273e+00  1.559e-01 0.21045 0.07393
-1.040e+01  1.000e+00  2.822e+00  1.559e-01 0.21046 0.07389
-9.600e+00  1.000e+00  2.404e+00  1.559e-01 0.21048 0.07387
-8.800e+00  1.000e+00  2.020e+00  1.559e-01 0.21050 0.07385
-8.000e+00  1.000e+00  1.670e+00  1.559e-01 0.21054 0.07385
-7.200e+00  1.000e+00  1.352e+00  1.559e-01 0.21057 0.07385
-6.400e+00  1.000e+00  1.069e+00  1.559e-01 0.21061 0.07386
-5.600e+00  1.000e+00  8.182e-01  1.559e-01 0.21065 0.07387
-4.800e+00  1.000e+00  6.011e-01  1.559e-01 0.21069 0.07388
-4.000e+00  1.000e+00  4.174e-01  1.559e-01 0.21073 0.07390
-3.200e+00  1.000e+00  2.672e-01  1.559e-01 0.21076 0.07391
-2.400e+00  1.000e+00  1.503e-01  1.559e-01 0.21079 0.07392
-1.600e+00  1.000e+00  6.679e-02  1.559e-01 0.21081 0.07393
-8.000e-01  1.000e+00  1.670e-02  1.559e-01 0.21082 0.07394
 1.000e+00  1.000e+00  2.609e-02  1.559e-01 0.21082 0.07394
 8.000e-01  1.000e+00  1.670e-02  1.559e-01 0.21082 0.07394
 1.600e+00  1.000e+00  6.679e-02  1.559e-01 0.21081 0.07394
 2.400e+00  1.000e+00  1.503e-01  1.559e-01 0.21079 0.07393
 3.200e+00  1.000e+00  2.672e-01  1.559e-01 0.21076 0.07392
 4.000e+00  1.000e+00  4.174e-01  1.559e-01 0.21072 0.07390
 4.800e+00  1.000e+00  6.011e-01  1.559e-01 0.21068 0.07389
 5.600e+00  1.000e+00  8.182e-01  1.559e-01 0.21063 0.07388
 6.400e+00  1.000e+00  1.069e+00  1.559e-01 0.21058 0.07387
 7.200e+00  1.000e+00  1.352e+00  1.559e-01 0.21054 0.07387
 8.000e+00  1.000e+00  1.670e+00  1.559e-01 0.21049 0.07387
 8.800e+00  1.000e+00  2.020e+00  1.559e-01 0.21046 0.07390
 9.600e+00  1.000e+00  2.404e+00  1.559e-01 0.21044 0.07394
 1.040e+01  1.000e+00  2.822e+00  1.559e-01 0.21045 0.07401
 1.120e+01  1.000e+00  3.273e+00  1.559e-01 0.21049 0.07412
 1.200e+01  1.000e+00  3.757e+00  1.559e-01 0.21056 0.07427
 1.280e+01  1.000e+00  4.275e+00  1.559e-01 0.21069 0.07447
 1.360e+01  1.000e+00  4.826e+00  1.559e-01 0.21089 0.07475
 1.440e+01  1.000e+00  5.410e+00  1.559e-01 0.21116 0.07510
 1.520e+01  1.000e+00  6.028e+00  1.559e-01 0.21156 0.07558
 1.600e+01  1.000e+00  6.679e+00  1.559e-01 0.21213 0.07593
 1.680e+01  1.000e+00  7.364e+00  1.559e-01 0.21266 0.07679
 1.760e+01  1.000e+00  8.082e+00  1.559e-01 0.21350 0.07765
 1.840e+01  1.000e+00  8.833e+00  1.559e-01 0.21455 0.07870
 1.920e+01  1.000e+00  9.618e+00  1.559e-01 0.21589 0.08000
 2.000e+01  1.000e+00  1.044e+01  1.559e-01 0.21759 0.08160
