  0.00000e+00  0.00000e+00  0.00000e+00  0.00000e+00
  0.00000e+00  7.01588e-07 -4.21581e-05 -1.35757e-04
  0.00000e+00  1.40318e-06 -7.82851e-05 -2.69479e-04
  0.00000e+00  2.10477e-06 -1.08229e-04 -4.01105e-04
  0.00000e+00  2.80635e-06 -1.31837e-04 -5.30572e-04
  0.00000e+00  3.50794e-06 -1.48958e-04 -6.57819e-04
  0.00000e+00  4.20953e-06 -1.59440e-04 -7.82784e-04
  0.00000e+00  4.91112e-06 -1.63129e-04 -9.05404e-04
  0.00000e+00  5.61271e-06 -1.59874e-04 -1.02562e-03
  0.00000e+00  6.31430e-06 -1.49523e-04 -1.14336e-03
  0.00000e+00  7.01588e-06 -1.31924e-04 -1.25858e-03
  0.00000e+00  7.71747e-06 -1.06925e-04 -1.37120e-03
  0.00000e+00  8.41906e-06 -7.43725e-05 -1.48117e-03
  0.00000e+00  9.12065e-06 -3.41154e-05 -1.58843e-03
  0.00000e+00  9.82224e-06  1.39986e-05 -1.69290e-03
  0.00000e+00  1.05238e-05  7.01217e-05 -1.79454e-03
  0.00000e+00  1.12254e-05  1.34406e-04 -1.89328e-03
  0.00000e+00  1.19270e-05  2.07004e-04 -1.98905e-03
  0.00000e+00  1.26286e-05  2.88068e-04 -2.08179e-03
  0.00000e+00  1.33302e-05  3.77749e-04 -2.17145e-03
  0.00000e+00  1.40318e-05  4.76200e-04 -2.25796e-03
  0.00000e+00  1.47334e-05  5.83573e-04 -2.34126e-03
  0.00000e+00  1.54349e-05  7.00021e-04 -2.42128e-03
  0.00000e+00  1.61365e-05  8.25695e-04 -2.49797e-03
  0.00000e+00  1.68381e-05  9.60747e-04 -2.57127e-03
  0.00000e+00  1.75397e-05  1.10533e-03 -2.64110e-03

  8.34874e-07  0.00000e+00 -6.37932e-05 -4.67443e-05
  8.34874e-07  7.01588e-07 -9.40647e-05 -1.75236e-04
  8.34874e-07  1.40318e-06 -1.18005e-04 -3.01513e-04
  8.34874e-07  2.10477e-06 -1.35461e-04 -4.25511e-04
  8.34874e-07  2.80635e-06 -1.46282e-04 -5.47170e-04
  8.34874e-07  3.50794e-06 -1.50315e-04 -6.66428e-04
  8.34874e-07  4.20953e-06 -1.47408e-04 -7.83222e-04
  8.34874e-07  4.91112e-06 -1.37409e-04 -8.97491e-04
  8.34874e-07  5.61271e-06 -1.20165e-04 -1.00917e-03
  8.34874e-07  6.31430e-06 -9.55248e-05 -1.11821e-03
  8.34874e-07  7.01588e-06 -6.33360e-05 -1.22453e-03
  8.34874e-07  7.71747e-06 -2.34463e-05 -1.32807e-03
  8.34874e-07  8.41906e-06  2.42963e-05 -1.42879e-03
  8.34874e-07  9.12065e-06  8.00441e-05 -1.52660e-03
  8.34874e-07  9.82224e-06  1.43949e-04 -1.62146e-03
  8.34874e-07  1.05238e-05  2.16164e-04 -1.71330e-03
  8.34874e-07  1.12254e-05  2.96840e-04 -1.80205e-03
  8.34874e-07  1.19270e-05  3.86130e-04 -1.88766e-03
  8.34874e-07  1.26286e-05  4.84186e-04 -1.97006e-03
  8.34874e-07  1.33302e-05  5.91160e-04 -2.04920e-03
  8.34874e-07  1.40318e-05  7.07204e-04 -2.12500e-03
  8.34874e-07  1.47334e-05  8.32471e-04 -2.19742e-03
  8.34874e-07  1.54349e-05  9.67112e-04 -2.26637e-03
  8.34874e-07  1.61365e-05  1.11128e-03 -2.33181e-03
  8.34874e-07  1.68381e-05  1.26513e-03 -2.39368e-03
  8.34874e-07  1.75397e-05  1.42881e-03 -2.45190e-03

  1.66975e-06  0.00000e+00 -1.11521e-04 -7.93295e-05
  1.66975e-06  7.01588e-07 -1.29582e-04 -2.00199e-04
  1.66975e-06  1.40318e-06 -1.41011e-04 -3.18672e-04
  1.66975e-06  2.10477e-06 -1.45656e-04 -4.34686e-04
  1.66975e-06  2.80635e-06 -1.43365e-04 -5.48180e-04
  1.66975e-06  3.50794e-06 -1.33985e-04 -6.59091e-04
  1.66975e-06  4.20953e-06 -1.17366e-04 -7.67357e-04
  1.66975e-06  4.91112e-06 -9.33533e-05 -8.72917e-04
  1.66975e-06  5.61271e-06 -6.17964e-05 -9.75709e-04
  1.66975e-06  6.31430e-06 -2.25426e-05 -1.07567e-03
  1.66975e-06  7.01588e-06  2.45602e-05 -1.17274e-03
  1.66975e-06  7.71747e-06  7.96641e-05 -1.26686e-03
  1.66975e-06  8.41906e-06  1.42921e-04 -1.35795e-03
  1.66975e-06  9.12065e-06  2.14484e-04 -1.44598e-03
  1.66975e-06  9.82224e-06  2.94505e-04 -1.53086e-03
  1.66975e-06  1.05238e-05  3.83135e-04 -1.61254e-03
  1.66975e-06  1.12254e-05  4.80527e-04 -1.69095e-03
  1.66975e-06  1.19270e-05  5.86834e-04 -1.76604e-03
  1.66975e-06  1.26286e-05  7.02206e-04 -1.83774e-03
  1.66975e-06  1.33302e-05  8.26797e-04 -1.90600e-03
  1.66975e-06  1.40318e-05  9.60759e-04 -1.97074e-03
  1.66975e-06  1.47334e-05  1.10424e-03 -2.03191e-03
  1.66975e-06  1.54349e-05  1.25740e-03 -2.08944e-03
  1.66975e-06  1.61365e-05  1.42039e-03 -2.14327e-03
  1.66975e-06  1.68381e-05  1.59336e-03 -2.19335e-03
  1.66975e-06  1.75397e-05  1.77645e-03 -2.23961e-03

  2.50462e-06  0.00000e+00 -1.42941e-04 -9.73699e-05
  2.50462e-06  7.01588e-07 -1.48467e-04 -2.10260e-04
  2.50462e-06  1.40318e-06 -1.47060e-04 -3.20572e-04
  2.50462e-06  2.10477e-06 -1.38569e-04 -4.28244e-04
  2.50462e-06  2.80635e-06 -1.22842e-04 -5.33214e-04
  2.50462e-06  3.50794e-06 -9.97263e-05 -6.35421e-04
  2.50462e-06  4.20953e-06 -6.90698e-05 -7.34803e-04
  2.50462e-06  4.91112e-06 -3.07204e-05 -8.31297e-04
  2.50462e-06  5.61271e-06  1.54741e-05 -9.24841e-04
  2.50462e-06  6.31430e-06  6.96657e-05 -1.01537e-03
  2.50462e-06  7.01588e-06  1.32007e-04 -1.10283e-03
  2.50462e-06  7.71747e-06  2.02649e-04 -1.18716e-03
  2.50462e-06  8.41906e-06  2.81745e-04 -1.26829e-03
  2.50462e-06  9.12065e-06  3.69448e-04 -1.34616e-03
  2.50462e-06  9.82224e-06  4.65908e-04 -1.42070e-03
  2.50462e-06  1.05238e-05  5.71278e-04 -1.49187e-03
  2.50462e-06  1.12254e-05  6.85710e-04 -1.55959e-03
  2.50462e-06  1.19270e-05  8.09357e-04 -1.62380e-03
  2.50462e-06  1.26286e-05  9.42371e-04 -1.68445e-03
  2.50462e-06  1.33302e-05  1.08490e-03 -1.74146e-03
  2.50462e-06  1.40318e-05  1.23711e-03 -1.79478e-03
  2.50462e-06  1.47334e-05  1.39913e-03 -1.84435e-03
  2.50462e-06  1.54349e-05  1.57113e-03 -1.89010e-03
  2.50462e-06  1.61365e-05  1.75326e-03 -1.93197e-03
  2.50462e-06  1.68381e-05  1.94567e-03 -1.96990e-03
  2.50462e-06  1.75397e-05  2.14851e-03 -2.00383e-03

  3.33949e-06  0.00000e+00 -1.57811e-04 -1.00480e-04
  3.33949e-06  7.01588e-07 -1.50477e-04 -2.05032e-04
  3.33949e-06  1.40318e-06 -1.35911e-04 -3.06826e-04
  3.33949e-06  2.10477e-06 -1.13960e-04 -4.05799e-04
  3.33949e-06  2.80635e-06 -8.44722e-05 -5.01889e-04
  3.33949e-06  3.50794e-06 -4.72956e-05 -5.95035e-04
  3.33949e-06  4.20953e-06 -2.27794e-06 -6.85173e-04
  3.33949e-06  4.91112e-06  5.07329e-05 -7.72244e-04
  3.33949e-06  5.61271e-06  1.11889e-04 -8.56184e-04
  3.33949e-06  6.31430e-06  1.81343e-04 -9.36931e-04
  3.33949e-06  7.01588e-06  2.59246e-04 -1.01442e-03
  3.33949e-06  7.71747e-06  3.45752e-04 -1.08860e-03
  3.33949e-06  8.41906e-06  4.41011e-04 -1.15940e-03
  3.33949e-06  9.12065e-06  5.45177e-04 -1.22676e-03
  3.33949e-06  9.82224e-06  6.58401e-04 -1.29062e-03
  3.33949e-06  1.05238e-05  7.80835e-04 -1.35091e-03
  3.33949e-06  1.12254e-05  9.12632e-04 -1.40757e-03
  3.33949e-06  1.19270e-05  1.05394e-03 -1.46055e-03
  3.33949e-06  1.26286e-05  1.20492e-03 -1.50978e-03
  3.33949e-06  1.33302e-05  1.36572e-03 -1.55520e-03
  3.33949e-06  1.40318e-05  1.53649e-03 -1.59674e-03
  3.33949e-06  1.47334e-05  1.71738e-03 -1.63435e-03
  3.33949e-06  1.54349e-05  1.90855e-03 -1.66796e-03
  3.33949e-06  1.61365e-05  2.11015e-03 -1.69751e-03
  3.33949e-06  1.68381e-05  2.32232e-03 -1.72295e-03
  3.33949e-06  1.75397e-05  2.54523e-03 -1.74419e-03

  4.17437e-06  0.00000e+00 -1.55887e-04 -8.82725e-05
  4.17437e-06  7.01588e-07 -1.35370e-04 -1.84131e-04
  4.17437e-06  1.40318e-06 -1.07319e-04 -2.77049e-04
  4.17437e-06  2.10477e-06 -7.15842e-05 -3.66965e-04
  4.17437e-06  2.80635e-06 -2.80119e-05 -4.53817e-04
  4.17437e-06  3.50794e-06  2.35497e-05 -5.37544e-04
  4.17437e-06  4.20953e-06  8.32527e-05 -6.18083e-04
  4.17437e-06  4.91112e-06  1.51249e-04 -6.95372e-04
  4.17437e-06  5.61271e-06  2.27692e-04 -7.69350e-04
  4.17437e-06  6.31430e-06  3.12732e-04 -8.39955e-04
  4.17437e-06  7.01588e-06  4.06522e-04 -9.07124e-04
  4.17437e-06  7.71747e-06  5.09214e-04 -9.70795e-04
  4.17437e-06  8.41906e-06  6.20961e-04 -1.03091e-03
  4.17437e-06  9.12065e-06  7.41914e-04 -1.08740e-03
  4.17437e-06  9.82224e-06  8.72226e-04 -1.14021e-03
  4.17437e-06  1.05238e-05  1.01205e-03 -1.18927e-03
  4.17437e-06  1.12254e-05  1.16154e-03 -1.23453e-03
  4.17437e-06  1.19270e-05  1.32084e-03 -1.27591e-03
  4.17437e-06  1.26286e-05  1.49010e-03 -1.31337e-03
  4.17437e-06  1.33302e-05  1.66949e-03 -1.34683e-03
  4.17437e-06  1.40318e-05  1.85915e-03 -1.37624e-03
  4.17437e-06  1.47334e-05  2.05923e-03 -1.40154e-03
  4.17437e-06  1.54349e-05  2.26989e-03 -1.42265e-03
  4.17437e-06  1.61365e-05  2.49128e-03 -1.43952e-03
  4.17437e-06  1.68381e-05  2.72355e-03 -1.45209e-03
  4.17437e-06  1.75397e-05  2.96685e-03 -1.46030e-03

  5.00924e-06  0.00000e+00 -1.36928e-04 -6.03631e-05
  5.00924e-06  7.01588e-07 -1.02902e-04 -1.47169e-04
  5.00924e-06  1.40318e-06 -6.10437e-05 -2.30854e-04
  5.00924e-06  2.10477e-06 -1.11998e-05 -3.11356e-04
  5.00924e-06  2.80635e-06  4.67814e-05 -3.88614e-04
  5.00924e-06  3.50794e-06  1.13052e-04 -4.62564e-04
  5.00924e-06  4.20953e-06  1.87765e-04 -5.33146e-04
  5.00924e-06  4.91112e-06  2.71071e-04 -6.00297e-04
  5.00924e-06  5.61271e-06  3.63124e-04 -6.63955e-04
  5.00924e-06  6.31430e-06  4.64075e-04 -7.24059e-04
  5.00924e-06  7.01588e-06  5.74076e-04 -7.80546e-04
  5.00924e-06  7.71747e-06  6.93280e-04 -8.33355e-04
  5.00924e-06  8.41906e-06  8.21838e-04 -8.82424e-04
  5.00924e-06  9.12065e-06  9.59904e-04 -9.27691e-04
  5.00924e-06  9.82224e-06  1.10763e-03 -9.69093e-04
  5.00924e-06  1.05238e-05  1.26516e-03 -1.00657e-03
  5.00924e-06  1.12254e-05  1.43266e-03 -1.04006e-03
  5.00924e-06  1.19270e-05  1.61028e-03 -1.06950e-03
  5.00924e-06  1.26286e-05  1.79816e-03 -1.09482e-03
  5.00924e-06  1.33302e-05  1.99646e-03 -1.11597e-03
  5.00924e-06  1.40318e-05  2.20533e-03 -1.13289e-03
  5.00924e-06  1.47334e-05  2.42493e-03 -1.14551e-03
  5.00924e-06  1.54349e-05  2.65541e-03 -1.15377e-03
  5.00924e-06  1.61365e-05  2.89691e-03 -1.15761e-03
  5.00924e-06  1.68381e-05  3.14959e-03 -1.15696e-03
  5.00924e-06  1.75397e-05  3.41361e-03 -1.15177e-03

  5.84412e-06  0.00000e+00 -1.00689e-04 -1.63654e-05
  5.84412e-06  7.01588e-07 -5.28317e-05 -9.37621e-05
  5.84412e-06  1.40318e-06  3.15932e-06 -1.67857e-04
  5.84412e-06  2.10477e-06  6.74360e-05 -2.38587e-04
  5.84412e-06  2.80635e-06  1.40150e-04 -3.05892e-04
  5.84412e-06  3.50794e-06  2.21455e-04 -3.69709e-04
  5.84412e-06  4.20953e-06  3.11501e-04 -4.29976e-04
  5.84412e-06  4.91112e-06  4.10442e-04 -4.86631e-04
  5.84412e-06  5.61271e-06  5.18429e-04 -5.39612e-04
  5.84412e-06  6.31430e-06  6.35615e-04 -5.88858e-04
  5.84412e-06  7.01588e-06  7.62151e-04 -6.34307e-04
  5.84412e-06  7.71747e-06  8.98191e-04 -6.75896e-04
  5.84412e-06  8.41906e-06  1.04389e-03 -7.13563e-04
  5.84412e-06  9.12065e-06  1.19939e-03 -7.47248e-04
  5.84412e-06  9.82224e-06  1.36485e-03 -7.76887e-04
  5.84412e-06  1.05238e-05  1.54042e-03 -8.02419e-04
  5.84412e-06  1.12254e-05  1.72626e-03 -8.23781e-04
  5.84412e-06  1.19270e-05  1.92251e-03 -8.40913e-04
  5.84412e-06  1.26286e-05  2.12933e-03 -8.53752e-04
  5.84412e-06  1.33302e-05  2.34687e-03 -8.62236e-04
  5.84412e-06  1.40318e-05  2.57528e-03 -8.66303e-04
  5.84412e-06  1.47334e-05  2.81472e-03 -8.65892e-04
  5.84412e-06  1.54349e-05  3.06533e-03 -8.60939e-04
  5.84412e-06  1.61365e-05  3.32727e-03 -8.51385e-04
  5.84412e-06  1.68381e-05  3.60070e-03 -8.37165e-04
  5.84412e-06  1.75397e-05  3.88575e-03 -8.18219e-04

  6.67899e-06  0.00000e+00 -4.69296e-05  4.41064e-05
  6.67899e-06  7.01588e-07  1.50844e-05 -2.35235e-05
  6.67899e-06  1.40318e-06  8.55322e-05 -8.76703e-05
  6.67899e-06  2.10477e-06  1.64566e-04 -1.48272e-04
  6.67899e-06  2.80635e-06  2.52338e-04 -2.05267e-04
  6.67899e-06  3.50794e-06  3.49000e-04 -2.58592e-04
  6.67899e-06  4.20953e-06  4.54705e-04 -3.08187e-04
  6.67899e-06  4.91112e-06  5.69604e-04 -3.53989e-04
  6.67899e-06  5.61271e-06  6.93850e-04 -3.95936e-04
  6.67899e-06  6.31430e-06  8.27595e-04 -4.33967e-04
  6.67899e-06  7.01588e-06  9.70991e-04 -4.68019e-04
  6.67899e-06  7.71747e-06  1.12419e-03 -4.98031e-04
  6.67899e-06  8.41906e-06  1.28734e-03 -5.23940e-04
  6.67899e-06  9.12065e-06  1.46061e-03 -5.45684e-04
  6.67899e-06  9.82224e-06  1.64413e-03 -5.63203e-04
  6.67899e-06  1.05238e-05  1.83806e-03 -5.76433e-04
  6.67899e-06  1.12254e-05  2.04256e-03 -5.85313e-04
  6.67899e-06  1.19270e-05  2.25777e-03 -5.89781e-04
  6.67899e-06  1.26286e-05  2.48386e-03 -5.89775e-04
  6.67899e-06  1.33302e-05  2.72096e-03 -5.85233e-04
  6.67899e-06  1.40318e-05  2.96923e-03 -5.76093e-04
  6.67899e-06  1.47334e-05  3.22883e-03 -5.62293e-04
  6.67899e-06  1.54349e-05  3.49991e-03 -5.43772e-04
  6.67899e-06  1.61365e-05  3.78262e-03 -5.20467e-04
  6.67899e-06  1.68381e-05  4.07711e-03 -4.92316e-04
  6.67899e-06  1.75397e-05  4.38353e-03 -4.59258e-04

  7.51386e-06  0.00000e+00  2.45942e-05  1.21438e-04
  7.51386e-06  7.01588e-07  1.01089e-04  6.39326e-05
  7.51386e-06  1.40318e-06  1.86318e-04  1.00911e-05
  7.51386e-06  2.10477e-06  2.80433e-04 -4.00243e-05
  7.51386e-06  2.80635e-06  3.83586e-04 -8.63515e-05
  7.51386e-06  3.50794e-06  4.95931e-04 -1.28829e-04
  7.51386e-06  4.20953e-06  6.17618e-04 -1.67394e-04
  7.51386e-06  4.91112e-06  7.48799e-04 -2.01986e-04
  7.51386e-06  5.61271e-06  8.89628e-04 -2.32541e-04
  7.51386e-06  6.31430e-06  1.04026e-03 -2.58999e-04
  7.51386e-06  7.01588e-06  1.20084e-03 -2.81297e-04
  7.51386e-06  7.71747e-06  1.37152e-03 -2.99374e-04
  7.51386e-06  8.41906e-06  1.55246e-03 -3.13167e-04
  7.51386e-06  9.12065e-06  1.74381e-03 -3.22615e-04
  7.51386e-06  9.82224e-06  1.94571e-03 -3.27655e-04
  7.51386e-06  1.05238e-05  2.15833e-03 -3.28226e-04
  7.51386e-06  1.12254e-05  2.38182e-03 -3.24266e-04
  7.51386e-06  1.19270e-05  2.61632e-03 -3.15713e-04
  7.51386e-06  1.26286e-05  2.86198e-03 -3.02505e-04
  7.51386e-06  1.33302e-05  3.11897e-03 -2.84579e-04
  7.51386e-06  1.40318e-05  3.38744e-03 -2.61875e-04
  7.51386e-06  1.47334e-05  3.66752e-03 -2.34330e-04
  7.51386e-06  1.54349e-05  3.95939e-03 -2.01882e-04
  7.51386e-06  1.61365e-05  4.26318e-03 -1.64469e-04
  7.51386e-06  1.68381e-05  4.57906e-03 -1.22029e-04
  7.51386e-06  1.75397e-05  4.90717e-03 -7.45015e-05

  8.34874e-06  0.00000e+00  1.14125e-04  2.16016e-04
  8.34874e-06  7.01588e-07  2.05424e-04  1.68992e-04
  8.34874e-06  1.40318e-06  3.05758e-04  1.25813e-04
  8.34874e-06  2.10477e-06  4.15279e-04  8.65414e-05
  8.34874e-06  2.80635e-06  5.34139e-04  5.12390e-05
  8.34874e-06  3.50794e-06  6.62489e-04  1.99676e-05
  8.34874e-06  4.20953e-06  8.00483e-04 -7.21084e-06
  8.34874e-06  4.91112e-06  9.48272e-04 -3.02343e-05
  8.34874e-06  5.61271e-06  1.10601e-03 -4.90409e-05
  8.34874e-06  6.31430e-06  1.27384e-03 -6.35687e-05
  8.34874e-06  7.01588e-06  1.45193e-03 -7.37558e-05
  8.34874e-06  7.71747e-06  1.64042e-03 -7.95402e-05
  8.34874e-06  8.41906e-06  1.83947e-03 -8.08600e-05
  8.34874e-06  9.12065e-06  2.04923e-03 -7.76534e-05
  8.34874e-06  9.82224e-06  2.26984e-03 -6.98583e-05
  8.34874e-06  1.05238e-05  2.50147e-03 -5.74128e-05
  8.34874e-06  1.12254e-05  2.74427e-03 -4.02551e-05
  8.34874e-06  1.19270e-05  2.99838e-03 -1.83231e-05
  8.34874e-06  1.26286e-05  3.26396e-03  8.44498e-06
  8.34874e-06  1.33302e-05  3.54116e-03  4.01112e-05
  8.34874e-06  1.40318e-05  3.83013e-03  7.67374e-05
  8.34874e-06  1.47334e-05  4.13103e-03  1.18385e-04
  8.34874e-06  1.54349e-05  4.44401e-03  1.65117e-04
  8.34874e-06  1.61365e-05  4.76921e-03  2.16995e-04
  8.34874e-06  1.68381e-05  5.10680e-03  2.74081e-04
  8.34874e-06  1.75397e-05  5.45693e-03  3.36436e-04

  9.18361e-06  0.00000e+00  2.21905e-04  3.28226e-04
  9.18361e-06  7.01588e-07  3.28334e-04  2.92040e-04
  9.18361e-06  1.40318e-06  4.44097e-04  2.59882e-04
  9.18361e-06  2.10477e-06  5.69348e-04  2.31811e-04
  9.18361e-06  2.80635e-06  7.04237e-04  2.07891e-04
  9.18361e-06  3.50794e-06  8.48918e-04  1.88183e-04
  9.18361e-06  4.20953e-06  1.00354e-03  1.72749e-04
  9.18361e-06  4.91112e-06  1.16826e-03  1.61651e-04
  9.18361e-06  5.61271e-06  1.34323e-03  1.54950e-04
  9.18361e-06  6.31430e-06  1.52860e-03  1.52710e-04
  9.18361e-06  7.01588e-06  1.72452e-03  1.54992e-04
  9.18361e-06  7.71747e-06  1.93114e-03  1.61857e-04
  9.18361e-06  8.41906e-06  2.14862e-03  1.73368e-04
  9.18361e-06  9.12065e-06  2.37711e-03  1.89586e-04
  9.18361e-06  9.82224e-06  2.61676e-03  2.10574e-04
  9.18361e-06  1.05238e-05  2.86773e-03  2.36393e-04
  9.18361e-06  1.12254e-05  3.13015e-03  2.67106e-04
  9.18361e-06  1.19270e-05  3.40420e-03  3.02774e-04
  9.18361e-06  1.26286e-05  3.69001e-03  3.43459e-04
  9.18361e-06  1.33302e-05  3.98775e-03  3.89224e-04
  9.18361e-06  1.40318e-05  4.29756e-03  4.40129e-04
  9.18361e-06  1.47334e-05  4.61959e-03  4.96238e-04
  9.18361e-06  1.54349e-05  4.95401e-03  5.57611e-04
  9.18361e-06  1.61365e-05  5.30095e-03  6.24311e-04
  9.18361e-06  1.68381e-05  5.66058e-03  6.96400e-04
  9.18361e-06  1.75397e-05  6.03304e-03  7.73940e-04

  1.00185e-05  0.00000e+00  3.48177e-04  4.58453e-04
  1.00185e-05  7.01588e-07  4.70059e-04  4.33464e-04
  1.00185e-05  1.40318e-06  6.01577e-04  4.12682e-04
  1.00185e-05  2.10477e-06  7.42881e-04  3.96171e-04
  1.00185e-05  2.80635e-06  8.94125e-04  3.83990e-04
  1.00185e-05  3.50794e-06  1.05546e-03  3.76202e-04
  1.00185e-05  4.20953e-06  1.22704e-03  3.72870e-04
  1.00185e-05  4.91112e-06  1.40902e-03  3.74055e-04
  1.00185e-05  5.61271e-06  1.60154e-03  3.79818e-04
  1.00185e-05  6.31430e-06  1.80476e-03  3.90223e-04
  1.00185e-05  7.01588e-06  2.01884e-03  4.05331e-04
  1.00185e-05  7.71747e-06  2.24392e-03  4.25203e-04
  1.00185e-05  8.41906e-06  2.48016e-03  4.49902e-04
  1.00185e-05  9.12065e-06  2.72771e-03  4.79489e-04
  1.00185e-05  9.82224e-06  2.98671e-03  5.14028e-04
  1.00185e-05  1.05238e-05  3.25734e-03  5.53578e-04
  1.00185e-05  1.12254e-05  3.53972e-03  5.98204e-04
  1.00185e-05  1.19270e-05  3.83403e-03  6.47965e-04
  1.00185e-05  1.26286e-05  4.14040e-03  7.02925e-04
  1.00185e-05  1.33302e-05  4.45900e-03  7.63145e-04
  1.00185e-05  1.40318e-05  4.78997e-03  8.28687e-04
  1.00185e-05  1.47334e-05  5.13346e-03  8.99613e-04
  1.00185e-05  1.54349e-05  5.48964e-03  9.75985e-04
  1.00185e-05  1.61365e-05  5.85864e-03  1.05787e-03
  1.00185e-05  1.68381e-05  6.24063e-03  1.14532e-03
  1.00185e-05  1.75397e-05  6.63575e-03  1.23840e-03

  1.08534e-05  0.00000e+00  4.93184e-04  6.07083e-04
  1.08534e-05  7.01588e-07  6.30844e-04  5.93648e-04
  1.08534e-05  1.40318e-06  7.78439e-04  5.84602e-04
  1.08534e-05  2.10477e-06  9.36122e-04  5.80006e-04
  1.08534e-05  2.80635e-06  1.10405e-03  5.79922e-04
  1.08534e-05  3.50794e-06  1.28236e-03  5.84412e-04
  1.08534e-05  4.20953e-06  1.47122e-03  5.93539e-04
  1.08534e-05  4.91112e-06  1.67077e-03  6.07364e-04
  1.08534e-05  5.61271e-06  1.88118e-03  6.25949e-04
  1.08534e-05  6.31430e-06  2.10258e-03  6.49356e-04
  1.08534e-05  7.01588e-06  2.33514e-03  6.77647e-04
  1.08534e-05  7.71747e-06  2.57900e-03  7.10884e-04
  1.08534e-05  8.41906e-06  2.83432e-03  7.49128e-04
  1.08534e-05  9.12065e-06  3.10125e-03  7.92442e-04
  1.08534e-05  9.82224e-06  3.37994e-03  8.40888e-04
  1.08534e-05  1.05238e-05  3.67054e-03  8.94528e-04
  1.08534e-05  1.12254e-05  3.97321e-03  9.53423e-04
  1.08534e-05  1.19270e-05  4.28810e-03  1.01763e-03
  1.08534e-05  1.26286e-05  4.61536e-03  1.08723e-03
  1.08534e-05  1.33302e-05  4.95514e-03  1.16226e-03
  1.08534e-05  1.40318e-05  5.30759e-03  1.24280e-03
  1.08534e-05  1.47334e-05  5.67287e-03  1.32890e-03
  1.08534e-05  1.54349e-05  6.05113e-03  1.42063e-03
  1.08534e-05  1.61365e-05  6.44252e-03  1.51804e-03
  1.08534e-05  1.68381e-05  6.84719e-03  1.62121e-03
  1.08534e-05  1.75397e-05  7.26530e-03  1.73019e-03

  1.16882e-05  0.00000e+00  6.57169e-04  7.74503e-04
  1.16882e-05  7.01588e-07  8.10931e-04  7.72979e-04
  1.16882e-05  1.40318e-06  9.74928e-04  7.76025e-04
  1.16882e-05  2.10477e-06  1.14931e-03  7.83702e-04
  1.16882e-05  2.80635e-06  1.33424e-03  7.96073e-04
  1.16882e-05  3.50794e-06  1.52986e-03  8.13199e-04
  1.16882e-05  4.20953e-06  1.73632e-03  8.35142e-04
  1.16882e-05  4.91112e-06  1.95378e-03  8.61965e-04
  1.16882e-05  5.61271e-06  2.18239e-03  8.93728e-04
  1.16882e-05  6.31430e-06  2.42230e-03  9.30495e-04
  1.16882e-05  7.01588e-06  2.67366e-03  9.72327e-04
  1.16882e-05  7.71747e-06  2.93663e-03  1.01929e-03
  1.16882e-05  8.41906e-06  3.21135e-03  1.07143e-03
  1.16882e-05  9.12065e-06  3.49799e-03  1.12883e-03
  1.16882e-05  9.82224e-06  3.79668e-03  1.19154e-03
  1.16882e-05  1.05238e-05  4.10759e-03  1.25963e-03
  1.16882e-05  1.12254e-05  4.43087e-03  1.33315e-03
  1.16882e-05  1.19270e-05  4.76666e-03  1.41217e-03
  1.16882e-05  1.26286e-05  5.11513e-03  1.49675e-03
  1.16882e-05  1.33302e-05  5.47642e-03  1.58695e-03
  1.16882e-05  1.40318e-05  5.85068e-03  1.68284e-03
  1.16882e-05  1.47334e-05  6.23807e-03  1.78448e-03
  1.16882e-05  1.54349e-05  6.63874e-03  1.89192e-03
  1.16882e-05  1.61365e-05  7.05284e-03  2.00523e-03
  1.16882e-05  1.68381e-05  7.48052e-03  2.12447e-03
  1.16882e-05  1.75397e-05  7.92194e-03  2.24971e-03

  1.25231e-05  0.00000e+00  8.40374e-04  9.61098e-04
  1.25231e-05  7.01588e-07  1.01056e-03  9.71843e-04
  1.25231e-05  1.40318e-06  1.19129e-03  9.87338e-04
  1.25231e-05  2.10477e-06  1.38270e-03  1.00765e-03
  1.25231e-05  2.80635e-06  1.58495e-03  1.03283e-03
  1.25231e-05  3.50794e-06  1.79820e-03  1.06295e-03
  1.25231e-05  4.20953e-06  2.02259e-03  1.09806e-03
  1.25231e-05  4.91112e-06  2.25828e-03  1.13824e-03
  1.25231e-05  5.61271e-06  2.50541e-03  1.18354e-03
  1.25231e-05  6.31430e-06  2.76415e-03  1.23403e-03
  1.25231e-05  7.01588e-06  3.03464e-03  1.28976e-03
  1.25231e-05  7.71747e-06  3.31704e-03  1.35079e-03
  1.25231e-05  8.41906e-06  3.61149e-03  1.41720e-03
  1.25231e-05  9.12065e-06  3.91816e-03  1.48904e-03
  1.25231e-05  9.82224e-06  4.23719e-03  1.56637e-03
  1.25231e-05  1.05238e-05  4.56873e-03  1.64926e-03
  1.25231e-05  1.12254e-05  4.91294e-03  1.73777e-03
  1.25231e-05  1.19270e-05  5.26996e-03  1.83196e-03
  1.25231e-05  1.26286e-05  5.63996e-03  1.93188e-03
  1.25231e-05  1.33302e-05  6.02308e-03  2.03762e-03
  1.25231e-05  1.40318e-05  6.41947e-03  2.14921e-03
  1.25231e-05  1.47334e-05  6.82930e-03  2.26674e-03
  1.25231e-05  1.54349e-05  7.25270e-03  2.39025e-03
  1.25231e-05  1.61365e-05  7.68983e-03  2.51981e-03
  1.25231e-05  1.68381e-05  8.14085e-03  2.65549e-03
  1.25231e-05  1.75397e-05  8.60590e-03  2.79734e-03

  1.33580e-05  0.00000e+00  1.04304e-03  1.16725e-03
  1.33580e-05  7.01588e-07  1.22998e-03  1.19062e-03
  1.33580e-05  1.40318e-06  1.42776e-03  1.21893e-03
  1.33580e-05  2.10477e-06  1.63652e-03  1.25222e-03
  1.33580e-05  2.80635e-06  1.85642e-03  1.29057e-03
  1.33580e-05  3.50794e-06  2.08762e-03  1.33404e-03
  1.33580e-05  4.20953e-06  2.33026e-03  1.38269e-03
  1.33580e-05  4.91112e-06  2.58450e-03  1.43658e-03
  1.33580e-05  5.61271e-06  2.85049e-03  1.49578e-03
  1.33580e-05  6.31430e-06  3.12838e-03  1.56033e-03
  1.33580e-05  7.01588e-06  3.41833e-03  1.63032e-03
  1.33580e-05  7.71747e-06  3.72048e-03  1.70579e-03
  1.33580e-05  8.41906e-06  4.03499e-03  1.78682e-03
  1.33580e-05  9.12065e-06  4.36201e-03  1.87346e-03
  1.33580e-05  9.82224e-06  4.70169e-03  1.96577e-03
  1.33580e-05  1.05238e-05  5.05419e-03  2.06382e-03
  1.33580e-05  1.12254e-05  5.41965e-03  2.16767e-03
  1.33580e-05  1.19270e-05  5.79823e-03  2.27738e-03
  1.33580e-05  1.26286e-05  6.19009e-03  2.39301e-03
  1.33580e-05  1.33302e-05  6.59536e-03  2.51463e-03
  1.33580e-05  1.40318e-05  7.01422e-03  2.64229e-03
  1.33580e-05  1.47334e-05  7.44680e-03  2.77606e-03
  1.33580e-05  1.54349e-05  7.89326e-03  2.91600e-03
  1.33580e-05  1.61365e-05  8.35375e-03  3.06218e-03
  1.33580e-05  1.68381e-05  8.82842e-03  3.21464e-03
  1.33580e-05  1.75397e-05  9.31743e-03  3.37347e-03

  1.41929e-05  0.00000e+00  1.26542e-03  1.39336e-03
  1.41929e-05  7.01588e-07  1.46943e-03  1.42971e-03
  1.41929e-05  1.40318e-06  1.68458e-03  1.47118e-03
  1.41929e-05  2.10477e-06  1.91102e-03  1.51782e-03
  1.41929e-05  2.80635e-06  2.14890e-03  1.56970e-03
  1.41929e-05  3.50794e-06  2.39837e-03  1.62687e-03
  1.41929e-05  4.20953e-06  2.65959e-03  1.68941e-03
  1.41929e-05  4.91112e-06  2.93271e-03  1.75737e-03
  1.41929e-05  5.61271e-06  3.21787e-03  1.83082e-03
  1.41929e-05  6.31430e-06  3.51524e-03  1.90981e-03
  1.41929e-05  7.01588e-06  3.82497e-03  1.99440e-03
  1.41929e-05  7.71747e-06  4.14720e-03  2.08467e-03
  1.41929e-05  8.41906e-06  4.48208e-03  2.18067e-03
  1.41929e-05  9.12065e-06  4.82978e-03  2.28247e-03
  1.41929e-05  9.82224e-06  5.19044e-03  2.39012e-03
  1.41929e-05  1.05238e-05  5.56422e-03  2.50369e-03
  1.41929e-05  1.12254e-05  5.95126e-03  2.62324e-03
  1.41929e-05  1.19270e-05  6.35172e-03  2.74882e-03
  1.41929e-05  1.26286e-05  6.76576e-03  2.88052e-03
  1.41929e-05  1.33302e-05  7.19352e-03  3.01838e-03
  1.41929e-05  1.40318e-05  7.63515e-03  3.16246e-03
  1.41929e-05  1.47334e-05  8.09081e-03  3.31284e-03
  1.41929e-05  1.54349e-05  8.56065e-03  3.46957e-03
  1.41929e-05  1.61365e-05  9.04483e-03  3.63271e-03
  1.41929e-05  1.68381e-05  9.54348e-03  3.80232e-03
  1.41929e-05  1.75397e-05  1.00568e-02  3.97848e-03

  1.50277e-05  0.00000e+00  1.50774e-03  1.63979e-03
  1.50277e-05  7.01588e-07  1.72915e-03  1.68949e-03
  1.50277e-05  1.40318e-06  1.96200e-03  1.74448e-03
  1.50277e-05  2.10477e-06  2.20644e-03  1.80482e-03
  1.50277e-05  2.80635e-06  2.46262e-03  1.87058e-03
  1.50277e-05  3.50794e-06  2.73069e-03  1.94182e-03
  1.50277e-05  4.20953e-06  3.01081e-03  2.01861e-03
  1.50277e-05  4.91112e-06  3.30313e-03  2.10100e-03
  1.50277e-05  5.61271e-06  3.60780e-03  2.18905e-03
  1.50277e-05  6.31430e-06  3.92497e-03  2.28283e-03
  1.50277e-05  7.01588e-06  4.25479e-03  2.38240e-03
  1.50277e-05  7.71747e-06  4.59742e-03  2.48782e-03
  1.50277e-05  8.41906e-06  4.95302e-03  2.59915e-03
  1.50277e-05  9.12065e-06  5.32172e-03  2.71646e-03
  1.50277e-05  9.82224e-06  5.70368e-03  2.83980e-03
  1.50277e-05  1.05238e-05  6.09906e-03  2.96925e-03
  1.50277e-05  1.12254e-05  6.50801e-03  3.10485e-03
  1.50277e-05  1.19270e-05  6.93068e-03  3.24668e-03
  1.50277e-05  1.26286e-05  7.36721e-03  3.39479e-03
  1.50277e-05  1.33302e-05  7.81778e-03  3.54925e-03
  1.50277e-05  1.40318e-05  8.28252e-03  3.71012e-03
  1.50277e-05  1.47334e-05  8.76158e-03  3.87746e-03
  1.50277e-05  1.54349e-05  9.25513e-03  4.05133e-03
  1.50277e-05  1.61365e-05  9.76331e-03  4.23179e-03
  1.50277e-05  1.68381e-05  1.02863e-02  4.41891e-03
  1.50277e-05  1.75397e-05  1.08242e-02  4.61275e-03

  1.58626e-05  0.00000e+00  1.77025e-03  1.90695e-03
  1.58626e-05  7.01588e-07  2.00939e-03  1.97034e-03
  1.58626e-05  1.40318e-06  2.26026e-03  2.03921e-03
  1.58626e-05  2.10477e-06  2.52302e-03  2.11361e-03
  1.58626e-05  2.80635e-06  2.79783e-03  2.19362e-03
  1.58626e-05  3.50794e-06  3.08482e-03  2.27928e-03
  1.58626e-05  4.20953e-06  3.38417e-03  2.37067e-03
  1.58626e-05  4.91112e-06  3.69601e-03  2.46784e-03
  1.58626e-05  5.61271e-06  4.02051e-03  2.57086e-03
  1.58626e-05  6.31430e-06  4.35780e-03  2.67978e-03
  1.58626e-05  7.01588e-06  4.70805e-03  2.79468e-03
  1.58626e-05  7.71747e-06  5.07141e-03  2.91561e-03
  1.58626e-05  8.41906e-06  5.44803e-03  3.04263e-03
  1.58626e-05  9.12065e-06  5.83806e-03  3.17581e-03
  1.58626e-05  9.82224e-06  6.24165e-03  3.31521e-03
  1.58626e-05  1.05238e-05  6.65896e-03  3.46089e-03
  1.58626e-05  1.12254e-05  7.09013e-03  3.61290e-03
  1.58626e-05  1.19270e-05  7.53533e-03  3.77133e-03
  1.58626e-05  1.26286e-05  7.99470e-03  3.93622e-03
  1.58626e-05  1.33302e-05  8.46839e-03  4.10763e-03
  1.58626e-05  1.40318e-05  8.95656e-03  4.28564e-03
  1.58626e-05  1.47334e-05  9.45936e-03  4.47030e-03
  1.58626e-05  1.54349e-05  9.97693e-03  4.66167e-03
  1.58626e-05  1.61365e-05  1.05094e-02  4.85981e-03
  1.58626e-05  1.68381e-05  1.10570e-02  5.06480e-03
  1.58626e-05  1.75397e-05  1.16199e-02  5.27668e-03

  1.66975e-05  0.00000e+00  2.05320e-03  2.19520e-03
  1.66975e-05  7.01588e-07  2.31038e-03  2.27265e-03
  1.66975e-05  1.40318e-06  2.57960e-03  2.35576e-03
  1.66975e-05  2.10477e-06  2.86101e-03  2.44458e-03
  1.66975e-05  2.80635e-06  3.15476e-03  2.53918e-03
  1.66975e-05  3.50794e-06  3.46101e-03  2.63963e-03
  1.66975e-05  4.20953e-06  3.77991e-03  2.74598e-03
  1.66975e-05  4.91112e-06  4.11160e-03  2.85829e-03
  1.66975e-05  5.61271e-06  4.45624e-03  2.97663e-03
  1.66975e-05  6.31430e-06  4.81399e-03  3.10106e-03
  1.66975e-05  7.01588e-06  5.18499e-03  3.23164e-03
  1.66975e-05  7.71747e-06  5.56940e-03  3.36844e-03
  1.66975e-05  8.41906e-06  5.96737e-03  3.51151e-03
  1.66975e-05  9.12065e-06  6.37905e-03  3.66092e-03
  1.66975e-05  9.82224e-06  6.80459e-03  3.81672e-03
  1.66975e-05  1.05238e-05  7.24415e-03  3.97899e-03
  1.66975e-05  1.12254e-05  7.69788e-03  4.14778e-03
  1.66975e-05  1.19270e-05  8.16593e-03  4.32316e-03
  1.66975e-05  1.26286e-05  8.64845e-03  4.50518e-03
  1.66975e-05  1.33302e-05  9.14560e-03  4.69391e-03
  1.66975e-05  1.40318e-05  9.65752e-03  4.88941e-03
  1.66975e-05  1.47334e-05  1.01844e-02  5.09175e-03
  1.66975e-05  1.54349e-05  1.07263e-02  5.30098e-03
  1.66975e-05  1.61365e-05  1.12835e-02  5.51716e-03
  1.66975e-05  1.68381e-05  1.18560e-02  5.74036e-03
  1.66975e-05  1.75397e-05  1.24441e-02  5.97065e-03

  1.75323e-05  0.00000e+00  2.35682e-03  2.50495e-03
  1.75323e-05  7.01588e-07  2.63238e-03  2.59682e-03
  1.75323e-05  1.40318e-06  2.92027e-03  2.69451e-03
  1.75323e-05  2.10477e-06  3.22065e-03  2.79811e-03
  1.75323e-05  2.80635e-06  3.53368e-03  2.90767e-03
  1.75323e-05  3.50794e-06  3.85950e-03  3.02325e-03
  1.75323e-05  4.20953e-06  4.19826e-03  3.14492e-03
  1.75323e-05  4.91112e-06  4.55013e-03  3.27273e-03
  1.75323e-05  5.61271e-06  4.91525e-03  3.40675e-03
  1.75323e-05  6.31430e-06  5.29377e-03  3.54704e-03
  1.75323e-05  7.01588e-06  5.68585e-03  3.69367e-03
  1.75323e-05  7.71747e-06  6.09163e-03  3.84669e-03
  1.75323e-05  8.41906e-06  6.51128e-03  4.00616e-03
  1.75323e-05  9.12065e-06  6.94493e-03  4.17216e-03
  1.75323e-05  9.82224e-06  7.39275e-03  4.34473e-03
  1.75323e-05  1.05238e-05  7.85489e-03  4.52395e-03
  1.75323e-05  1.12254e-05  8.33149e-03  4.70987e-03
  1.75323e-05  1.19270e-05  8.82272e-03  4.90255e-03
  1.75323e-05  1.26286e-05  9.32872e-03  5.10207e-03
  1.75323e-05  1.33302e-05  9.84964e-03  5.30847e-03
  1.75323e-05  1.40318e-05  1.03856e-02  5.52182e-03
  1.75323e-05  1.47334e-05  1.09369e-02  5.74219e-03
  1.75323e-05  1.54349e-05  1.15035e-02  5.96964e-03
  1.75323e-05  1.61365e-05  1.20856e-02  6.20422e-03
  1.75323e-05  1.68381e-05  1.26835e-02  6.44600e-03
  1.75323e-05  1.75397e-05  1.32971e-02  6.69504e-03

  1.83672e-05  0.00000e+00  2.68136e-03  2.83658e-03
  1.83672e-05  7.01588e-07  2.97561e-03  2.94321e-03
  1.83672e-05  1.40318e-06  3.28250e-03  3.05586e-03
  1.83672e-05  2.10477e-06  3.60218e-03  3.17459e-03
  1.83672e-05  2.80635e-06  3.93481e-03  3.29946e-03
  1.83672e-05  3.50794e-06  4.28052e-03  3.43054e-03
  1.83672e-05  4.20953e-06  4.63949e-03  3.56788e-03
  1.83672e-05  4.91112e-06  5.01185e-03  3.71155e-03
  1.83672e-05  5.61271e-06  5.39777e-03  3.86161e-03
  1.83672e-05  6.31430e-06  5.79739e-03  4.01812e-03
  1.83672e-05  7.01588e-06  6.21086e-03  4.18115e-03
  1.83672e-05  7.71747e-06  6.63835e-03  4.35075e-03
  1.83672e-05  8.41906e-06  7.07999e-03  4.52698e-03
  1.83672e-05  9.12065e-06  7.53595e-03  4.70992e-03
  1.83672e-05  9.82224e-06  8.00637e-03  4.89962e-03
  1.83672e-05  1.05238e-05  8.49141e-03  5.09614e-03
  1.83672e-05  1.12254e-05  8.99121e-03  5.29955e-03
  1.83672e-05  1.19270e-05  9.50594e-03  5.50990e-03
  1.83672e-05  1.26286e-05  1.00357e-02  5.72726e-03
  1.83672e-05  1.33302e-05  1.05808e-02  5.95169e-03
  1.83672e-05  1.40318e-05  1.11412e-02  6.18326e-03
  1.83672e-05  1.47334e-05  1.17171e-02  6.42202e-03
  1.83672e-05  1.54349e-05  1.23087e-02  6.66804e-03
  1.83672e-05  1.61365e-05  1.29162e-02  6.92137e-03
  1.83672e-05  1.68381e-05  1.35396e-02  7.18209e-03
  1.83672e-05  1.75397e-05  1.41792e-02  7.45025e-03

  1.92021e-05  0.00000e+00  3.02707e-03  3.19047e-03
  1.92021e-05  7.01588e-07  3.34034e-03  3.31223e-03
  1.92021e-05  1.40318e-06  3.66655e-03  3.44018e-03
  1.92021e-05  2.10477e-06  4.00585e-03  3.57441e-03
  1.92021e-05  2.80635e-06  4.35839e-03  3.71495e-03
  1.92021e-05  3.50794e-06  4.72433e-03  3.86188e-03
  1.92021e-05  4.20953e-06  5.10382e-03  4.01525e-03
  1.92021e-05  4.91112e-06  5.49701e-03  4.17514e-03
  1.92021e-05  5.61271e-06  5.90404e-03  4.34159e-03
  1.92021e-05  6.31430e-06  6.32509e-03  4.51468e-03
  1.92021e-05  7.01588e-06  6.76029e-03  4.69446e-03
  1.92021e-05  7.71747e-06  7.20979e-03  4.88100e-03
  1.92021e-05  8.41906e-06  7.67376e-03  5.07435e-03
  1.92021e-05  9.12065e-06  8.15234e-03  5.27459e-03
  1.92021e-05  9.82224e-06  8.64569e-03  5.48177e-03
  1.92021e-05  1.05238e-05  9.15395e-03  5.69596e-03
  1.92021e-05  1.12254e-05  9.67728e-03  5.91721e-03
  1.92021e-05  1.19270e-05  1.02158e-02  6.14558e-03
  1.92021e-05  1.26286e-05  1.07698e-02  6.38115e-03
  1.92021e-05  1.33302e-05  1.13392e-02  6.62397e-03
  1.92021e-05  1.40318e-05  1.19243e-02  6.87410e-03
  1.92021e-05  1.47334e-05  1.25253e-02  7.13161e-03
  1.92021e-05  1.54349e-05  1.31422e-02  7.39656e-03
  1.92021e-05  1.61365e-05  1.37753e-02  7.66901e-03
  1.92021e-05  1.68381e-05  1.44247e-02  7.94902e-03
  1.92021e-05  1.75397e-05  1.50905e-02  8.23665e-03

  2.00370e-05  0.00000e+00  3.39418e-03  3.56700e-03
  2.00370e-05  7.01588e-07  3.72679e-03  3.70425e-03
  2.00370e-05  1.40318e-06  4.07265e-03  3.84787e-03
  2.00370e-05  2.10477e-06  4.43189e-03  3.99794e-03
  2.00370e-05  2.80635e-06  4.80468e-03  4.15451e-03
  2.00370e-05  3.50794e-06  5.19117e-03  4.31765e-03
  2.00370e-05  4.20953e-06  5.59150e-03  4.48741e-03
  2.00370e-05  4.91112e-06  6.00583e-03  4.66387e-03
  2.00370e-05  5.61271e-06  6.43432e-03  4.84708e-03
  2.00370e-05  6.31430e-06  6.87711e-03  5.03710e-03
  2.00370e-05  7.01588e-06  7.33436e-03  5.23399e-03
  2.00370e-05  7.71747e-06  7.80621e-03  5.43783e-03
  2.00370e-05  8.41906e-06  8.29283e-03  5.64866e-03
  2.00370e-05  9.12065e-06  8.79436e-03  5.86656e-03
  2.00370e-05  9.82224e-06  9.31095e-03  6.09158e-03
  2.00370e-05  1.05238e-05  9.84276e-03  6.32378e-03
  2.00370e-05  1.12254e-05  1.03899e-02  6.56323e-03
  2.00370e-05  1.19270e-05  1.09526e-02  6.80999e-03
  2.00370e-05  1.26286e-05  1.15310e-02  7.06412e-03
  2.00370e-05  1.33302e-05  1.21252e-02  7.32569e-03
  2.00370e-05  1.40318e-05  1.27354e-02  7.59475e-03
  2.00370e-05  1.47334e-05  1.33617e-02  7.87136e-03
  2.00370e-05  1.54349e-05  1.40043e-02  8.15560e-03
  2.00370e-05  1.61365e-05  1.46633e-02  8.44751e-03
  2.00370e-05  1.68381e-05  1.53390e-02  8.74717e-03
  2.00370e-05  1.75397e-05  1.60313e-02  9.05463e-03

  2.08718e-05  0.00000e+00  3.78293e-03  3.96657e-03
  2.08718e-05  7.01588e-07  4.13522e-03  4.11966e-03
  2.08718e-05  1.40318e-06  4.50104e-03  4.27931e-03
  2.08718e-05  2.10477e-06  4.88056e-03  4.44558e-03
  2.08718e-05  2.80635e-06  5.27392e-03  4.61854e-03
  2.08718e-05  3.50794e-06  5.68127e-03  4.79824e-03
  2.08718e-05  4.20953e-06  6.10277e-03  4.98475e-03
  2.08718e-05  4.91112e-06  6.53858e-03  5.17814e-03
  2.08718e-05  5.61271e-06  6.98884e-03  5.37846e-03
  2.08718e-05  6.31430e-06  7.45370e-03  5.58577e-03
  2.08718e-05  7.01588e-06  7.93332e-03  5.80014e-03
  2.08718e-05  7.71747e-06  8.42784e-03  6.02162e-03
  2.08718e-05  8.41906e-06  8.93743e-03  6.25029e-03
  2.08718e-05  9.12065e-06  9.46223e-03  6.48620e-03
  2.08718e-05  9.82224e-06  1.00024e-02  6.72942e-03
  2.08718e-05  1.05238e-05  1.05581e-02  6.98000e-03
  2.08718e-05  1.12254e-05  1.11294e-02  7.23801e-03
  2.08718e-05  1.19270e-05  1.17166e-02  7.50351e-03
  2.08718e-05  1.26286e-05  1.23198e-02  7.77656e-03
  2.08718e-05  1.33302e-05  1.29390e-02  8.05723e-03
  2.08718e-05  1.40318e-05  1.35746e-02  8.34557e-03
  2.08718e-05  1.47334e-05  1.42266e-02  8.64165e-03
  2.08718e-05  1.54349e-05  1.48952e-02  8.94553e-03
  2.08718e-05  1.61365e-05  1.55805e-02  9.25727e-03
  2.08718e-05  1.68381e-05  1.62827e-02  9.57694e-03
  2.08718e-05  1.75397e-05  1.70019e-02  9.90459e-03

