 -3.00000e-02  0.00000e+00  2.22598e-03 -5.58379e-03
 -3.00000e-02  8.34874e-07  2.96492e-03 -5.43246e-03
 -3.00000e-02  1.66975e-06  3.72253e-03 -5.26331e-03
 -3.00000e-02  2.50462e-06  4.49903e-03 -5.07594e-03
 -3.00000e-02  3.33949e-06  5.29467e-03 -4.86996e-03
 -3.00000e-02  4.17437e-06  6.10970e-03 -4.64500e-03
 -3.00000e-02  5.00924e-06  6.94436e-03 -4.40067e-03
 -3.00000e-02  5.84412e-06  7.79889e-03 -4.13657e-03
 -3.00000e-02  6.67899e-06  8.67353e-03 -3.85233e-03
 -3.00000e-02  7.51386e-06  9.56853e-03 -3.54756e-03
 -3.00000e-02  8.34874e-06  1.04841e-02 -3.22188e-03
 -3.00000e-02  9.18361e-06  1.14206e-02 -2.87488e-03
 -3.00000e-02  1.00185e-05  1.23781e-02 -2.50621e-03
 -3.00000e-02  1.08534e-05  1.33569e-02 -2.11545e-03
 -3.00000e-02  1.16882e-05  1.43574e-02 -1.70224e-03
 -3.00000e-02  1.25231e-05  1.53796e-02 -1.26618e-03
 -3.00000e-02  1.33580e-05  1.64239e-02 -8.06884e-04
 -3.00000e-02  1.41929e-05  1.74905e-02 -3.23973e-04
 -3.00000e-02  1.50277e-05  1.85796e-02  1.82942e-04
 -3.00000e-02  1.58626e-05  1.96915e-02  7.14246e-04
 -3.00000e-02  1.66975e-05  2.08264e-02  1.27033e-03
 -3.00000e-02  1.75323e-05  2.19846e-02  1.85157e-03
 -3.00000e-02  1.83672e-05  2.31663e-02  2.45836e-03
 -3.00000e-02  1.92021e-05  2.43718e-02  3.09108e-03
 -3.00000e-02  2.00370e-05  2.56013e-02  3.75012e-03
 -3.00000e-02  2.08718e-05  2.68550e-02  4.43586e-03

 -2.88000e-02  0.00000e+00  1.21843e-03 -5.27693e-03
 -2.88000e-02  8.34874e-07  1.90037e-03 -5.13630e-03
 -2.88000e-02  1.66975e-06  2.60101e-03 -4.97789e-03
 -2.88000e-02  2.50462e-06  3.32058e-03 -4.80134e-03
 -2.88000e-02  3.33949e-06  4.05934e-03 -4.60624e-03
 -2.88000e-02  4.17437e-06  4.81751e-03 -4.39221e-03
 -2.88000e-02  5.00924e-06  5.59535e-03 -4.15887e-03
 -2.88000e-02  5.84412e-06  6.39310e-03 -3.90584e-03
 -2.88000e-02  6.67899e-06  7.21100e-03 -3.63271e-03
 -2.88000e-02  7.51386e-06  8.04930e-03 -3.33912e-03
 -2.88000e-02  8.34874e-06  8.90822e-03 -3.02468e-03
 -2.88000e-02  9.18361e-06  9.78803e-03 -2.68899e-03
 -2.88000e-02  1.00185e-05  1.06890e-02 -2.33167e-03
 -2.88000e-02  1.08534e-05  1.16113e-02 -1.95234e-03
 -2.88000e-02  1.16882e-05  1.25551e-02 -1.55061e-03
 -2.88000e-02  1.25231e-05  1.35209e-02 -1.12609e-03
 -2.88000e-02  1.33580e-05  1.45087e-02 -6.78404e-04
 -2.88000e-02  1.41929e-05  1.55189e-02 -2.07160e-04
 -2.88000e-02  1.50277e-05  1.65517e-02  2.88027e-04
 -2.88000e-02  1.58626e-05  1.76072e-02  8.07542e-04
 -2.88000e-02  1.66975e-05  1.86859e-02  1.35177e-03
 -2.88000e-02  1.75323e-05  1.97878e-02  1.92110e-03
 -2.88000e-02  1.83672e-05  2.09133e-02  2.51592e-03
 -2.88000e-02  1.92021e-05  2.20626e-02  3.13661e-03
 -2.88000e-02  2.00370e-05  2.32359e-02  3.78356e-03
 -2.88000e-02  2.08718e-05  2.44335e-02  4.45715e-03

 -2.76000e-02  0.00000e+00  3.84235e-04 -4.97982e-03
 -2.76000e-02  8.34874e-07  1.01218e-03 -4.84944e-03
 -2.76000e-02  1.66975e-06  1.65884e-03 -4.70135e-03
 -2.76000e-02  2.50462e-06  2.32446e-03 -4.53518e-03
 -2.76000e-02  3.33949e-06  3.00929e-03 -4.35053e-03
 -2.76000e-02  4.17437e-06  3.71357e-03 -4.14703e-03
 -2.76000e-02  5.00924e-06  4.43754e-03 -3.92428e-03
 -2.76000e-02  5.84412e-06  5.18144e-03 -3.68190e-03
 -2.76000e-02  6.67899e-06  5.94551e-03 -3.41951e-03
 -2.76000e-02  7.51386e-06  6.73001e-03 -3.13671e-03
 -2.76000e-02  8.34874e-06  7.53516e-03 -2.83312e-03
 -2.76000e-02  9.18361e-06  8.36122e-03 -2.50836e-03
 -2.76000e-02  1.00185e-05  9.20843e-03 -2.16204e-03
 -2.76000e-02  1.08534e-05  1.00770e-02 -1.79378e-03
 -2.76000e-02  1.16882e-05  1.09673e-02 -1.40318e-03
 -2.76000e-02  1.25231e-05  1.18794e-02 -9.89870e-04
 -2.76000e-02  1.33580e-05  1.28136e-02 -5.53454e-04
 -2.76000e-02  1.41929e-05  1.37702e-02 -9.35486e-05
 -2.76000e-02  1.50277e-05  1.47493e-02  3.90232e-04
 -2.76000e-02  1.58626e-05  1.57514e-02  8.98272e-04
 -2.76000e-02  1.66975e-05  1.67765e-02  1.43096e-03
 -2.76000e-02  1.75323e-05  1.78249e-02  1.98868e-03
 -2.76000e-02  1.83672e-05  1.88969e-02  2.57182e-03
 -2.76000e-02  1.92021e-05  1.99928e-02  3.18076e-03
 -2.76000e-02  2.00370e-05  2.11127e-02  3.81589e-03
 -2.76000e-02  2.08718e-05  2.22569e-02  4.47760e-03

 -2.64000e-02  0.00000e+00 -2.96567e-04 -4.69201e-03
 -2.64000e-02  8.34874e-07  2.80228e-04 -4.57147e-03
 -2.64000e-02  1.66975e-06  8.75757e-04 -4.43331e-03
 -2.64000e-02  2.50462e-06  1.49026e-03 -4.27713e-03
 -2.64000e-02  3.33949e-06  2.12398e-03 -4.10255e-03
 -2.64000e-02  4.17437e-06  2.77717e-03 -3.90919e-03
 -2.64000e-02  5.00924e-06  3.45006e-03 -3.69667e-03
 -2.64000e-02  5.84412e-06  4.14289e-03 -3.46458e-03
 -2.64000e-02  6.67899e-06  4.85592e-03 -3.21256e-03
 -2.64000e-02  7.51386e-06  5.58937e-03 -2.94021e-03
 -2.64000e-02  8.34874e-06  6.34351e-03 -2.64714e-03
 -2.64000e-02  9.18361e-06  7.11856e-03 -2.33298e-03
 -2.64000e-02  1.00185e-05  7.91477e-03 -1.99734e-03
 -2.64000e-02  1.08534e-05  8.73238e-03 -1.63982e-03
 -2.64000e-02  1.16882e-05  9.57164e-03 -1.26005e-03
 -2.64000e-02  1.25231e-05  1.04328e-02 -8.57630e-04
 -2.64000e-02  1.33580e-05  1.13161e-02 -4.32187e-04
 -2.64000e-02  1.41929e-05  1.22217e-02  1.66691e-05
 -2.64000e-02  1.50277e-05  1.31500e-02  4.89325e-04
 -2.64000e-02  1.58626e-05  1.41011e-02  9.86167e-04
 -2.64000e-02  1.66975e-05  1.50753e-02  1.50758e-03
 -2.64000e-02  1.75323e-05  1.60729e-02  2.05395e-03
 -2.64000e-02  1.83672e-05  1.70941e-02  2.62566e-03
 -2.64000e-02  1.92021e-05  1.81391e-02  3.22310e-03
 -2.64000e-02  2.00370e-05  1.92081e-02  3.84666e-03
 -2.64000e-02  2.08718e-05  2.03015e-02  4.49672e-03

 -2.52000e-02  0.00000e+00 -8.42212e-04 -4.41306e-03
 -2.52000e-02  8.34874e-07 -3.13852e-04 -4.30199e-03
 -2.52000e-02  1.66975e-06  2.33244e-04 -4.17338e-03
 -2.52000e-02  2.50462e-06  7.99317e-04 -4.02685e-03
 -2.52000e-02  3.33949e-06  1.38461e-03 -3.86200e-03
 -2.52000e-02  4.17437e-06  1.98937e-03 -3.67844e-03
 -2.52000e-02  5.00924e-06  2.61383e-03 -3.47580e-03
 -2.52000e-02  5.84412e-06  3.25824e-03 -3.25369e-03
 -2.52000e-02  6.67899e-06  3.92285e-03 -3.01172e-03
 -2.52000e-02  7.51386e-06  4.60789e-03 -2.74950e-03
 -2.52000e-02  8.34874e-06  5.31360e-03 -2.46666e-03
 -2.52000e-02  9.18361e-06  6.04023e-03 -2.16280e-03
 -2.52000e-02  1.00185e-05  6.78803e-03 -1.83753e-03
 -2.52000e-02  1.08534e-05  7.55723e-03 -1.49048e-03
 -2.52000e-02  1.16882e-05  8.34808e-03 -1.12125e-03
 -2.52000e-02  1.25231e-05  9.16082e-03 -7.29469e-04
 -2.52000e-02  1.33580e-05  9.99569e-03 -3.14738e-04
 -2.52000e-02  1.41929e-05  1.08529e-02  1.23323e-04
 -2.52000e-02  1.50277e-05  1.17328e-02  5.85102e-04
 -2.52000e-02  1.58626e-05  1.26355e-02  1.07098e-03
 -2.52000e-02  1.66975e-05  1.35614e-02  1.58136e-03
 -2.52000e-02  1.75323e-05  1.45105e-02  2.11660e-03
 -2.52000e-02  1.83672e-05  1.54833e-02  2.67711e-03
 -2.52000e-02  1.92021e-05  1.64799e-02  3.26326e-03
 -2.52000e-02  2.00370e-05  1.75006e-02  3.87544e-03
 -2.52000e-02  2.08718e-05  1.85456e-02  4.51405e-03

 -2.40000e-02  0.00000e+00 -1.26930e-03 -4.14252e-03
 -2.40000e-02  8.34874e-07 -7.86798e-04 -4.04060e-03
 -2.40000e-02  1.66975e-06 -2.85572e-04 -3.92122e-03
 -2.40000e-02  2.50462e-06  2.34622e-04 -3.78400e-03
 -2.40000e-02  3.33949e-06  7.74027e-04 -3.62856e-03
 -2.40000e-02  4.17437e-06  1.33288e-03 -3.45451e-03
 -2.40000e-02  5.00924e-06  1.91144e-03 -3.26146e-03
 -2.40000e-02  5.84412e-06  2.50993e-03 -3.04903e-03
 -2.40000e-02  6.67899e-06  3.12861e-03 -2.81682e-03
 -2.40000e-02  7.51386e-06  3.76771e-03 -2.56447e-03
 -2.40000e-02  8.34874e-06  4.42747e-03 -2.29157e-03
 -2.40000e-02  9.18361e-06  5.10815e-03 -1.99775e-03
 -2.40000e-02  1.00185e-05  5.80998e-03 -1.68261e-03
 -2.40000e-02  1.08534e-05  6.53320e-03 -1.34577e-03
 -2.40000e-02  1.16882e-05  7.27806e-03 -9.86854e-04
 -2.40000e-02  1.25231e-05  8.04480e-03 -6.05465e-04
 -2.40000e-02  1.33580e-05  8.83367e-03 -2.01220e-04
 -2.40000e-02  1.41929e-05  9.64490e-03  2.26266e-04
 -2.40000e-02  1.50277e-05  1.04787e-02  6.77381e-04
 -2.40000e-02  1.58626e-05  1.13354e-02  1.15251e-03
 -2.40000e-02  1.66975e-05  1.22152e-02  1.65204e-03
 -2.40000e-02  1.75323e-05  1.31183e-02  2.17635e-03
 -2.40000e-02  1.83672e-05  1.40450e-02  2.72583e-03
 -2.40000e-02  1.92021e-05  1.49956e-02  3.30087e-03
 -2.40000e-02  2.00370e-05  1.59701e-02  3.90185e-03
 -2.40000e-02  2.08718e-05  1.69690e-02  4.52916e-03

 -2.28000e-02  0.00000e+00 -1.59290e-03 -3.87998e-03
 -2.28000e-02  8.34874e-07 -1.15381e-03 -3.78689e-03
 -2.28000e-02  1.66975e-06 -6.96027e-04 -3.67646e-03
 -2.28000e-02  2.50462e-06 -2.19294e-04 -3.54827e-03
 -2.28000e-02  3.33949e-06  2.76628e-04 -3.40196e-03
 -2.28000e-02  4.17437e-06  7.91982e-04 -3.23714e-03
 -2.28000e-02  5.00924e-06  1.32701e-03 -3.05341e-03
 -2.28000e-02  5.84412e-06  1.88196e-03 -2.85040e-03
 -2.28000e-02  6.67899e-06  2.45706e-03 -2.62771e-03
 -2.28000e-02  7.51386e-06  3.05257e-03 -2.38497e-03
 -2.28000e-02  8.34874e-06  3.66873e-03 -2.12178e-03
 -2.28000e-02  9.18361e-06  4.30577e-03 -1.83777e-03
 -2.28000e-02  1.00185e-05  4.96394e-03 -1.53253e-03
 -2.28000e-02  1.08534e-05  5.64349e-03 -1.20570e-03
 -2.28000e-02  1.16882e-05  6.34465e-03 -8.56878e-04
 -2.28000e-02  1.25231e-05  7.06767e-03 -4.85683e-04
 -2.28000e-02  1.33580e-05  7.81280e-03 -9.17294e-05
 -2.28000e-02  1.41929e-05  8.58027e-03  3.25369e-04
 -2.28000e-02  1.50277e-05  9.37032e-03  7.65999e-04
 -2.28000e-02  1.58626e-05  1.01832e-02  1.23055e-03
 -2.28000e-02  1.66975e-05  1.10192e-02  1.71939e-03
 -2.28000e-02  1.75323e-05  1.18784e-02  2.23293e-03
 -2.28000e-02  1.83672e-05  1.27613e-02  2.77154e-03
 -2.28000e-02  1.92021e-05  1.36679e-02  3.33561e-03
 -2.28000e-02  2.00370e-05  1.45986e-02  3.92553e-03
 -2.28000e-02  2.08718e-05  1.55535e-02  4.54168e-03

 -2.16000e-02  0.00000e+00 -1.82665e-03 -3.62503e-03
 -2.16000e-02  8.34874e-07 -1.42867e-03 -3.54051e-03
 -2.16000e-02  1.66975e-06 -1.01202e-03 -3.43875e-03
 -2.16000e-02  2.50462e-06 -5.76459e-04 -3.31934e-03
 -2.16000e-02  3.33949e-06 -1.21741e-04 -3.18191e-03
 -2.16000e-02  4.17437e-06  3.52377e-04 -3.02607e-03
 -2.16000e-02  5.00924e-06  8.46135e-04 -2.85143e-03
 -2.16000e-02  5.84412e-06  1.35978e-03 -2.65761e-03
 -2.16000e-02  6.67899e-06  1.89355e-03 -2.44422e-03
 -2.16000e-02  7.51386e-06  2.44769e-03 -2.21088e-03
 -2.16000e-02  8.34874e-06  3.02244e-03 -1.95719e-03
 -2.16000e-02  9.18361e-06  3.61804e-03 -1.68279e-03
 -2.16000e-02  1.00185e-05  4.23475e-03 -1.38727e-03
 -2.16000e-02  1.08534e-05  4.87279e-03 -1.07025e-03
 -2.16000e-02  1.16882e-05  5.53242e-03 -7.31345e-04
 -2.16000e-02  1.25231e-05  6.21387e-03 -3.70173e-04
 -2.16000e-02  1.33580e-05  6.91739e-03  1.36534e-05
 -2.16000e-02  1.41929e-05  7.64322e-03  4.20521e-04
 -2.16000e-02  1.50277e-05  8.39161e-03  8.50816e-04
 -2.16000e-02  1.58626e-05  9.16279e-03  1.30492e-03
 -2.16000e-02  1.66975e-05  9.95701e-03  1.78323e-03
 -2.16000e-02  1.75323e-05  1.07745e-02  2.28612e-03
 -2.16000e-02  1.83672e-05  1.16155e-02  2.81398e-03
 -2.16000e-02  1.92021e-05  1.24803e-02  3.36720e-03
 -2.16000e-02  2.00370e-05  1.33691e-02  3.94616e-03
 -2.16000e-02  2.08718e-05  1.42822e-02  4.55124e-03

 -2.04000e-02  0.00000e+00 -1.98288e-03 -3.37727e-03
 -2.04000e-02  8.34874e-07 -1.62381e-03 -3.30109e-03
 -2.04000e-02  1.66975e-06 -1.24612e-03 -3.20776e-03
 -2.04000e-02  2.50462e-06 -8.49560e-04 -3.09690e-03
 -2.04000e-02  3.33949e-06 -4.33889e-04 -2.96813e-03
 -2.04000e-02  4.17437e-06  1.13563e-06 -2.82106e-03
 -2.04000e-02  5.00924e-06  4.55756e-04 -2.65530e-03
 -2.04000e-02  5.84412e-06  9.30216e-04 -2.47047e-03
 -2.04000e-02  6.67899e-06  1.42476e-03 -2.26619e-03
 -2.04000e-02  7.51386e-06  1.93962e-03 -2.04206e-03
 -2.04000e-02  8.34874e-06  2.47506e-03 -1.79770e-03
 -2.04000e-02  9.18361e-06  3.03130e-03 -1.53273e-03
 -2.04000e-02  1.00185e-05  3.60860e-03 -1.24676e-03
 -2.04000e-02  1.08534e-05  4.20719e-03 -9.39397e-04
 -2.04000e-02  1.16882e-05  4.82732e-03 -6.10265e-04
 -2.04000e-02  1.25231e-05  5.46923e-03 -2.58974e-04
 -2.04000e-02  1.33580e-05  6.13316e-03  1.14861e-04
 -2.04000e-02  1.41929e-05  6.81936e-03  5.11625e-04
 -2.04000e-02  1.50277e-05  7.52807e-03  9.31706e-04
 -2.04000e-02  1.58626e-05  8.25953e-03  1.37549e-03
 -2.04000e-02  1.66975e-05  9.01398e-03  1.84336e-03
 -2.04000e-02  1.75323e-05  9.79167e-03  2.33570e-03
 -2.04000e-02  1.83672e-05  1.05928e-02  2.85290e-03
 -2.04000e-02  1.92021e-05  1.14177e-02  3.39535e-03
 -2.04000e-02  2.00370e-05  1.22666e-02  3.96343e-03
 -2.04000e-02  2.08718e-05  1.31397e-02  4.55753e-03

 -1.92000e-02  0.00000e+00 -2.07266e-03 -3.13635e-03
 -1.92000e-02  8.34874e-07 -1.75043e-03 -3.06828e-03
 -1.92000e-02  1.66975e-06 -1.40964e-03 -2.98318e-03
 -1.92000e-02  2.50462e-06 -1.05003e-03 -2.88066e-03
 -1.92000e-02  3.33949e-06 -6.71374e-04 -2.76036e-03
 -1.92000e-02  4.17437e-06 -2.73416e-04 -2.62187e-03
 -1.92000e-02  5.00924e-06  1.44080e-04 -2.46481e-03
 -1.92000e-02  5.84412e-06  5.81359e-04 -2.28880e-03
 -1.92000e-02  6.67899e-06  1.03866e-03 -2.09346e-03
 -1.92000e-02  7.51386e-06  1.51624e-03 -1.87838e-03
 -1.92000e-02  8.34874e-06  2.01432e-03 -1.64320e-03
 -1.92000e-02  9.18361e-06  2.53315e-03 -1.38752e-03
 -1.92000e-02  1.00185e-05  3.07298e-03 -1.11096e-03
 -1.92000e-02  1.08534e-05  3.63405e-03 -8.13126e-04
 -1.92000e-02  1.16882e-05  4.21660e-03 -4.93641e-04
 -1.92000e-02  1.25231e-05  4.82088e-03 -1.52115e-04
 -1.92000e-02  1.33580e-05  5.44712e-03  2.11836e-04
 -1.92000e-02  1.41929e-05  6.09557e-03  5.98600e-04
 -1.92000e-02  1.50277e-05  6.76647e-03  1.00856e-03
 -1.92000e-02  1.58626e-05  7.46007e-03  1.44210e-03
 -1.92000e-02  1.66975e-05  8.17661e-03  1.89962e-03
 -1.92000e-02  1.75323e-05  8.91632e-03  2.38149e-03
 -1.92000e-02  1.83672e-05  9.67946e-03  2.88810e-03
 -1.92000e-02  1.92021e-05  1.04663e-02  3.41984e-03
 -1.92000e-02  2.00370e-05  1.12770e-02  3.97709e-03
 -1.92000e-02  2.08718e-05  1.21118e-02  4.56023e-03

 -1.80000e-02  0.00000e+00 -2.10594e-03 -2.90191e-03
 -1.80000e-02  8.34874e-07 -1.81859e-03 -2.84175e-03
 -1.80000e-02  1.66975e-06 -1.51275e-03 -2.76470e-03
 -1.80000e-02  2.50462e-06 -1.18816e-03 -2.67035e-03
 -1.80000e-02  3.33949e-06 -8.44589e-04 -2.55834e-03
 -1.80000e-02  4.17437e-06 -4.81788e-04 -2.42827e-03
 -1.80000e-02  5.00924e-06 -9.95156e-05 -2.27976e-03
 -1.80000e-02  5.84412e-06  3.02471e-04 -2.11243e-03
 -1.80000e-02  6.67899e-06  7.24414e-04 -1.92587e-03
 -1.80000e-02  7.51386e-06  1.16656e-03 -1.71972e-03
 -1.80000e-02  8.34874e-06  1.62914e-03 -1.49359e-03
 -1.80000e-02  9.18361e-06  2.11241e-03 -1.24708e-03
 -1.80000e-02  1.00185e-05  2.61660e-03 -9.79814e-04
 -1.80000e-02  1.08534e-05  3.14197e-03 -6.91406e-04
 -1.80000e-02  1.16882e-05  3.68875e-03 -3.81470e-04
 -1.80000e-02  1.25231e-05  4.25718e-03 -4.96180e-05
 -1.80000e-02  1.33580e-05  4.84752e-03  3.04534e-04
 -1.80000e-02  1.41929e-05  5.45999e-03  6.81373e-04
 -1.80000e-02  1.50277e-05  6.09485e-03  1.08128e-03
 -1.80000e-02  1.58626e-05  6.75233e-03  1.50465e-03
 -1.80000e-02  1.66975e-05  7.43268e-03  1.95187e-03
 -1.80000e-02  1.75323e-05  8.13615e-03  2.42331e-03
 -1.80000e-02  1.83672e-05  8.86296e-03  2.91937e-03
 -1.80000e-02  1.92021e-05  9.61338e-03  3.44043e-03
 -1.80000e-02  2.00370e-05  1.03876e-02  3.98687e-03
 -1.80000e-02  2.08718e-05  1.11860e-02  4.55910e-03

 -1.68000e-02  0.00000e+00 -2.09159e-03 -2.67362e-03
 -1.68000e-02  8.34874e-07 -1.83728e-03 -2.62121e-03
 -1.68000e-02  1.66975e-06 -1.56455e-03 -2.55204e-03
 -1.68000e-02  2.50462e-06 -1.27316e-03 -2.46571e-03
 -1.68000e-02  3.33949e-06 -9.62857e-04 -2.36185e-03
 -1.68000e-02  4.17437e-06 -6.33408e-04 -2.24006e-03
 -1.68000e-02  5.00924e-06 -2.84569e-04 -2.09996e-03
 -1.68000e-02  5.84412e-06  8.39035e-05 -1.94117e-03
 -1.68000e-02  6.67899e-06  4.72253e-04 -1.76330e-03
 -1.68000e-02  7.51386e-06  8.80721e-04 -1.56596e-03
 -1.68000e-02  8.34874e-06  1.30955e-03 -1.34876e-03
 -1.68000e-02  9.18361e-06  1.75899e-03 -1.11133e-03
 -1.68000e-02  1.00185e-05  2.22927e-03 -8.53274e-04
 -1.68000e-02  1.08534e-05  2.72064e-03 -5.74207e-04
 -1.68000e-02  1.16882e-05  3.23334e-03 -2.73743e-04
 -1.68000e-02  1.25231e-05  3.76762e-03  4.85027e-05
 -1.68000e-02  1.33580e-05  4.32372e-03  3.92917e-04
 -1.68000e-02  1.41929e-05  4.90188e-03  7.59884e-04
 -1.68000e-02  1.50277e-05  5.50234e-03  1.14979e-03
 -1.68000e-02  1.58626e-05  6.12534e-03  1.56302e-03
 -1.68000e-02  1.66975e-05  6.77114e-03  1.99997e-03
 -1.68000e-02  1.75323e-05  7.43997e-03  2.46101e-03
 -1.68000e-02  1.83672e-05  8.13207e-03  2.94654e-03
 -1.68000e-02  1.92021e-05  8.84769e-03  3.45693e-03
 -1.68000e-02  2.00370e-05  9.58707e-03  3.99258e-03
 -1.68000e-02  2.08718e-05  1.03504e-02  4.55387e-03

 -1.56000e-02  0.00000e+00 -2.03754e-03 -2.45117e-03
 -1.56000e-02  8.34874e-07 -1.81452e-03 -2.40636e-03
 -1.56000e-02  1.66975e-06 -1.57316e-03 -2.34493e-03
 -1.56000e-02  2.50462e-06 -1.31324e-03 -2.26649e-03
 -1.56000e-02  3.33949e-06 -1.03450e-03 -2.17065e-03
 -1.56000e-02  4.17437e-06 -7.36710e-04 -2.05702e-03
 -1.56000e-02  5.00924e-06 -4.19618e-04 -1.92523e-03
 -1.56000e-02  5.84412e-06 -8.29840e-05 -1.77488e-03
 -1.56000e-02  6.67899e-06  2.73434e-04 -1.60558e-03
 -1.56000e-02  7.51386e-06  6.49880e-04 -1.41696e-03
 -1.56000e-02  8.34874e-06  1.04660e-03 -1.20863e-03
 -1.56000e-02  9.18361e-06  1.46382e-03 -9.80199e-04
 -1.56000e-02  1.00185e-05  1.90181e-03 -7.31282e-04
 -1.56000e-02  1.08534e-05  2.36079e-03 -4.61494e-04
 -1.56000e-02  1.16882e-05  2.84101e-03 -1.70450e-04
 -1.56000e-02  1.25231e-05  3.34271e-03  1.42237e-04
 -1.56000e-02  1.33580e-05  3.86614e-03  4.76953e-04
 -1.56000e-02  1.41929e-05  4.41154e-03  8.34082e-04
 -1.56000e-02  1.50277e-05  4.97915e-03  1.21401e-03
 -1.56000e-02  1.58626e-05  5.56922e-03  1.61713e-03
 -1.56000e-02  1.66975e-05  6.18198e-03  2.04381e-03
 -1.56000e-02  1.75323e-05  6.81768e-03  2.49446e-03
 -1.56000e-02  1.83672e-05  7.47657e-03  2.96945e-03
 -1.56000e-02  1.92021e-05  8.15887e-03  3.46917e-03
 -1.56000e-02  2.00370e-05  8.86485e-03  3.99400e-03
 -1.56000e-02  2.08718e-05  9.59474e-03  4.54433e-03

 -1.44000e-02  0.00000e+00 -1.95079e-03 -2.23428e-03
 -1.44000e-02  8.34874e-07 -1.75741e-03 -2.19695e-03
 -1.44000e-02  1.66975e-06 -1.54580e-03 -2.14314e-03
 -1.44000e-02  2.50462e-06 -1.31573e-03 -2.07247e-03
 -1.44000e-02  3.33949e-06 -1.06695e-03 -1.98454e-03
 -1.44000e-02  4.17437e-06 -7.99210e-04 -1.87898e-03
 -1.44000e-02  5.00924e-06 -5.12278e-04 -1.75539e-03
 -1.44000e-02  5.84412e-06 -2.05907e-04 -1.61340e-03
 -1.44000e-02  6.67899e-06  1.20144e-04 -1.45261e-03
 -1.44000e-02  7.51386e-06  4.66118e-04 -1.27264e-03
 -1.44000e-02  8.34874e-06  8.32258e-04 -1.07310e-03
 -1.44000e-02  9.18361e-06  1.21881e-03 -8.53614e-04
 -1.44000e-02  1.00185e-05  1.62601e-03 -6.13787e-04
 -1.44000e-02  1.08534e-05  2.05410e-03 -3.53237e-04
 -1.44000e-02  1.16882e-05  2.50334e-03 -7.15760e-05
 -1.44000e-02  1.25231e-05  2.97395e-03  2.31580e-04
 -1.44000e-02  1.33580e-05  3.46618e-03  5.56618e-04
 -1.44000e-02  1.41929e-05  3.98028e-03  9.03923e-04
 -1.44000e-02  1.50277e-05  4.51649e-03  1.27388e-03
 -1.44000e-02  1.58626e-05  5.07504e-03  1.66688e-03
 -1.44000e-02  1.66975e-05  5.65619e-03  2.08330e-03
 -1.44000e-02  1.75323e-05  6.26018e-03  2.52353e-03
 -1.44000e-02  1.83672e-05  6.88725e-03  2.98796e-03
 -1.44000e-02  1.92021e-05  7.53763e-03  3.47698e-03
 -1.44000e-02  2.00370e-05  8.21158e-03  3.99096e-03
 -1.44000e-02  2.08718e-05  8.90934e-03  4.53029e-03

 -1.32000e-02  0.00000e+00 -1.83756e-03 -2.02271e-03
 -1.32000e-02  8.34874e-07 -1.67227e-03 -1.99274e-03
 -1.32000e-02  1.66975e-06 -1.48887e-03 -1.94645e-03
 -1.32000e-02  2.50462e-06 -1.28711e-03 -1.88345e-03
 -1.32000e-02  3.33949e-06 -1.06677e-03 -1.80335e-03
 -1.32000e-02  4.17437e-06 -8.27584e-04 -1.70576e-03
 -1.32000e-02  5.00924e-06 -5.69319e-04 -1.59031e-03
 -1.32000e-02  5.84412e-06 -2.91733e-04 -1.45660e-03
 -1.32000e-02  6.67899e-06  5.41915e-06 -1.30426e-03
 -1.32000e-02  7.51386e-06  3.22379e-04 -1.13288e-03
 -1.32000e-02  8.34874e-06  6.59390e-04 -9.42095e-04
 -1.32000e-02  9.18361e-06  1.01669e-03 -7.31510e-04
 -1.32000e-02  1.00185e-05  1.39453e-03 -5.00741e-04
 -1.32000e-02  1.08534e-05  1.79315e-03 -2.49402e-04
 -1.32000e-02  1.16882e-05  2.21279e-03  2.28922e-05
 -1.32000e-02  1.25231e-05  2.65370e-03  3.16528e-04
 -1.32000e-02  1.33580e-05  3.11611e-03  6.31892e-04
 -1.32000e-02  1.41929e-05  3.60027e-03  9.69369e-04
 -1.32000e-02  1.50277e-05  4.10643e-03  1.32935e-03
 -1.32000e-02  1.58626e-05  4.63481e-03  1.71221e-03
 -1.32000e-02  1.66975e-05  5.18568e-03  2.11834e-03
 -1.32000e-02  1.75323e-05  5.75927e-03  2.54813e-03
 -1.32000e-02  1.83672e-05  6.35582e-03  3.00196e-03
 -1.32000e-02  1.92021e-05  6.97557e-03  3.48022e-03
 -1.32000e-02  2.00370e-05  7.61878e-03  3.98330e-03
 -1.32000e-02  2.08718e-05  8.28567e-03  4.51157e-03

 -1.20000e-02  0.00000e+00 -1.70329e-03 -1.81621e-03
 -1.20000e-02  8.34874e-07 -1.56463e-03 -1.79351e-03
 -1.20000e-02  1.66975e-06 -1.40799e-03 -1.75465e-03
 -1.20000e-02  2.50462e-06 -1.23312e-03 -1.69923e-03
 -1.20000e-02  3.33949e-06 -1.03979e-03 -1.62689e-03
 -1.20000e-02  4.17437e-06 -8.27740e-04 -1.53722e-03
 -1.20000e-02  5.00924e-06 -5.96743e-04 -1.42984e-03
 -1.20000e-02  5.84412e-06 -3.46550e-04 -1.30437e-03
 -1.20000e-02  6.67899e-06 -7.69184e-05 -1.16042e-03
 -1.20000e-02  7.51386e-06  2.12394e-04 -9.97598e-04
 -1.20000e-02  8.34874e-06  5.21630e-04 -8.15531e-04
 -1.20000e-02  9.18361e-06  8.51032e-04 -6.13826e-04
 -1.20000e-02  1.00185e-05  1.20084e-03 -3.92098e-04
 -1.20000e-02  1.08534e-05  1.57131e-03 -1.49962e-04
 -1.20000e-02  1.16882e-05  1.96266e-03  1.12970e-04
 -1.20000e-02  1.25231e-05  2.37516e-03  3.97081e-04
 -1.20000e-02  1.33580e-05  2.80903e-03  7.02759e-04
 -1.20000e-02  1.41929e-05  3.26453e-03  1.03039e-03
 -1.20000e-02  1.50277e-05  3.74189e-03  1.38036e-03
 -1.20000e-02  1.58626e-05  4.24136e-03  1.75305e-03
 -1.20000e-02  1.66975e-05  4.76318e-03  2.14885e-03
 -1.20000e-02  1.75323e-05  5.30759e-03  2.56815e-03
 -1.20000e-02  1.83672e-05  5.87484e-03  3.01133e-03
 -1.20000e-02  1.92021e-05  6.46517e-03  3.47877e-03
 -1.20000e-02  2.00370e-05  7.07882e-03  3.97087e-03
 -1.20000e-02  2.08718e-05  7.71603e-03  4.48801e-03

 -1.08000e-02  0.00000e+00 -1.55277e-03 -1.61458e-03
 -1.08000e-02  8.34874e-07 -1.43937e-03 -1.59907e-03
 -1.08000e-02  1.66975e-06 -1.30812e-03 -1.56756e-03
 -1.08000e-02  2.50462e-06 -1.15879e-03 -1.51968e-03
 -1.08000e-02  3.33949e-06 -9.91124e-04 -1.45502e-03
 -1.08000e-02  4.17437e-06 -8.04891e-04 -1.37321e-03
 -1.08000e-02  5.00924e-06 -5.99843e-04 -1.27386e-03
 -1.08000e-02  5.84412e-06 -3.75739e-04 -1.15658e-03
 -1.08000e-02  6.67899e-06 -1.32336e-04 -1.02099e-03
 -1.08000e-02  7.51386e-06  1.30610e-04 -8.66710e-04
 -1.08000e-02  8.34874e-06  4.13340e-04 -6.93343e-04
 -1.08000e-02  9.18361e-06  7.16097e-04 -5.00508e-04
 -1.08000e-02  1.00185e-05  1.03912e-03 -2.87818e-04
 -1.08000e-02  1.08534e-05  1.38267e-03 -5.48870e-05
 -1.08000e-02  1.16882e-05  1.74696e-03  1.98670e-04
 -1.08000e-02  1.25231e-05  2.13226e-03  4.73239e-04
 -1.08000e-02  1.33580e-05  2.53879e-03  7.69206e-04
 -1.08000e-02  1.41929e-05  2.96681e-03  1.08696e-03
 -1.08000e-02  1.50277e-05  3.41655e-03  1.42688e-03
 -1.08000e-02  1.58626e-05  3.88827e-03  1.78935e-03
 -1.08000e-02  1.66975e-05  4.38219e-03  2.17477e-03
 -1.08000e-02  1.75323e-05  4.89857e-03  2.58352e-03
 -1.08000e-02  1.83672e-05  5.43765e-03  3.01598e-03
 -1.08000e-02  1.92021e-05  5.99967e-03  3.47253e-03
 -1.08000e-02  2.00370e-05  6.58487e-03  3.95357e-03
 -1.08000e-02  2.08718e-05  7.19349e-03  4.45949e-03

 -9.60000e-03  0.00000e+00 -1.39018e-03 -1.41766e-03
 -9.60000e-03  8.34874e-07 -1.30074e-03 -1.40927e-03
 -9.60000e-03  1.66975e-06 -1.19360e-03 -1.38505e-03
 -9.60000e-03  2.50462e-06 -1.06853e-03 -1.34463e-03
 -9.60000e-03  3.33949e-06 -9.25281e-04 -1.28761e-03
 -9.60000e-03  4.17437e-06 -7.63612e-04 -1.21362e-03
 -9.60000e-03  5.00924e-06 -5.83279e-04 -1.12226e-03
 -9.60000e-03  5.84412e-06 -3.84040e-04 -1.01315e-03
 -9.60000e-03  6.67899e-06 -1.65653e-04 -8.85910e-04
 -9.60000e-03  7.51386e-06  7.21262e-05 -7.40145e-04
 -9.60000e-03  8.34874e-06  3.29539e-04 -5.75473e-04
 -9.60000e-03  9.18361e-06  6.06829e-04 -3.91508e-04
 -9.60000e-03  1.00185e-05  9.04238e-04 -1.87864e-04
 -9.60000e-03  1.08534e-05  1.22201e-03  3.58458e-05
 -9.60000e-03  1.16882e-05  1.56039e-03  2.80006e-04
 -9.60000e-03  1.25231e-05  1.91961e-03  5.45003e-04
 -9.60000e-03  1.33580e-05  2.29992e-03  8.31223e-04
 -9.60000e-03  1.41929e-05  2.70157e-03  1.13905e-03
 -9.60000e-03  1.50277e-05  3.12479e-03  1.46887e-03
 -9.60000e-03  1.58626e-05  3.56984e-03  1.82107e-03
 -9.60000e-03  1.66975e-05  4.03694e-03  2.19604e-03
 -9.60000e-03  1.75323e-05  4.52634e-03  2.59416e-03
 -9.60000e-03  1.83672e-05  5.03830e-03  3.01582e-03
 -9.60000e-03  1.92021e-05  5.57304e-03  3.46140e-03
 -9.60000e-03  2.00370e-05  6.13081e-03  3.93129e-03
 -9.60000e-03  2.08718e-05  6.71186e-03  4.42588e-03

 -8.40000e-03  0.00000e+00 -1.21914e-03 -1.22530e-03
 -8.40000e-03  8.34874e-07 -1.15244e-03 -1.22396e-03
 -8.40000e-03  1.66975e-06 -1.06821e-03 -1.20698e-03
 -8.40000e-03  2.50462e-06 -9.66205e-04 -1.17397e-03
 -8.40000e-03  3.33949e-06 -8.46186e-04 -1.12456e-03
 -8.40000e-03  4.17437e-06 -7.07910e-04 -1.05835e-03
 -8.40000e-03  5.00924e-06 -5.51132e-04 -9.74962e-04
 -8.40000e-03  5.84412e-06 -3.75611e-04 -8.74005e-04
 -8.40000e-03  6.67899e-06 -1.81103e-04 -7.55095e-04
 -8.40000e-03  7.51386e-06  3.26334e-05 -6.17845e-04
 -8.40000e-03  8.34874e-06  2.65842e-04 -4.61872e-04
 -8.40000e-03  9.18361e-06  5.18765e-04 -2.86787e-04
 -8.40000e-03  1.00185e-05  7.91645e-04 -9.22059e-05
 -8.40000e-03  1.08534e-05  1.08472e-03  1.22257e-04
 -8.40000e-03  1.16882e-05  1.39825e-03  3.56989e-04
 -8.40000e-03  1.25231e-05  1.73245e-03  6.12375e-04
 -8.40000e-03  1.33580e-05  2.08759e-03  8.88800e-04
 -8.40000e-03  1.41929e-05  2.46390e-03  1.18665e-03
 -8.40000e-03  1.50277e-05  2.86162e-03  1.50631e-03
 -8.40000e-03  1.58626e-05  3.28099e-03  1.84817e-03
 -8.40000e-03  1.66975e-05  3.72227e-03  2.21262e-03
 -8.40000e-03  1.75323e-05  4.18568e-03  2.60003e-03
 -8.40000e-03  1.83672e-05  4.67148e-03  3.01080e-03
 -8.40000e-03  1.92021e-05  5.17991e-03  3.44531e-03
 -8.40000e-03  2.00370e-05  5.71121e-03  3.90394e-03
 -8.40000e-03  2.08718e-05  6.26561e-03  4.38709e-03

 -7.20000e-03  0.00000e+00 -1.04278e-03 -1.03737e-03
 -7.20000e-03  8.34874e-07 -9.97677e-04 -1.04303e-03
 -7.20000e-03  1.66975e-06 -9.35218e-04 -1.03324e-03
 -7.20000e-03  2.50462e-06 -8.55160e-04 -1.00762e-03
 -7.20000e-03  3.33949e-06 -7.57261e-04 -9.65777e-04
 -7.20000e-03  4.17437e-06 -6.41277e-04 -9.07329e-04
 -7.20000e-03  5.00924e-06 -5.06967e-04 -8.31889e-04
 -7.20000e-03  5.84412e-06 -3.54087e-04 -7.39072e-04
 -7.20000e-03  6.67899e-06 -1.82394e-04 -6.28492e-04
 -7.20000e-03  7.51386e-06  8.35309e-06 -4.99762e-04
 -7.20000e-03  8.34874e-06  2.18398e-04 -3.52497e-04
 -7.20000e-03  9.18361e-06  4.47983e-04 -1.86312e-04
 -7.20000e-03  1.00185e-05  6.97352e-04 -8.19827e-07
 -7.20000e-03  1.08534e-05  9.66746e-04  2.04365e-04
 -7.20000e-03  1.16882e-05  1.25641e-03  4.29628e-04
 -7.20000e-03  1.25231e-05  1.56658e-03  6.75355e-04
 -7.20000e-03  1.33580e-05  1.89751e-03  9.41933e-04
 -7.20000e-03  1.41929e-05  2.24943e-03  1.22975e-03
 -7.20000e-03  1.50277e-05  2.62260e-03  1.53918e-03
 -7.20000e-03  1.58626e-05  3.01724e-03  1.87062e-03
 -7.20000e-03  1.66975e-05  3.43361e-03  2.22446e-03
 -7.20000e-03  1.75323e-05  3.87195e-03  2.60108e-03
 -7.20000e-03  1.83672e-05  4.33250e-03  3.00086e-03
 -7.20000e-03  1.92021e-05  4.81550e-03  3.42419e-03
 -7.20000e-03  2.00370e-05  5.32120e-03  3.87146e-03
 -7.20000e-03  2.08718e-05  5.84983e-03  4.34305e-03

 -6.00000e-03  0.00000e+00 -8.63811e-04 -8.53794e-04
 -6.00000e-03  8.34874e-07 -8.39225e-04 -8.66407e-04
 -6.00000e-03  1.66975e-06 -7.97468e-04 -8.63769e-04
 -6.00000e-03  2.50462e-06 -7.38298e-04 -8.45494e-04
 -6.00000e-03  3.33949e-06 -6.61473e-04 -8.11196e-04
 -6.00000e-03  4.17437e-06 -5.66749e-04 -7.60490e-04
 -6.00000e-03  5.00924e-06 -4.53884e-04 -6.92989e-04
 -6.00000e-03  5.84412e-06 -3.22635e-04 -6.08307e-04
 -6.00000e-03  6.67899e-06 -1.72760e-04 -5.06059e-04
 -6.00000e-03  7.51386e-06 -4.01546e-06 -3.85859e-04
 -6.00000e-03  8.34874e-06  1.83841e-04 -2.47320e-04
 -6.00000e-03  9.18361e-06  3.91051e-04 -9.00583e-05
 -6.00000e-03  1.00185e-05  6.17859e-04  8.63135e-05
 -6.00000e-03  1.08534e-05  8.64507e-04  2.82181e-04
 -6.00000e-03  1.16882e-05  1.13124e-03  4.97930e-04
 -6.00000e-03  1.25231e-05  1.41829e-03  7.33946e-04
 -6.00000e-03  1.33580e-05  1.72592e-03  9.90615e-04
 -6.00000e-03  1.41929e-05  2.05435e-03  1.26832e-03
 -6.00000e-03  1.50277e-05  2.40384e-03  1.56746e-03
 -6.00000e-03  1.58626e-05  2.77463e-03  1.88840e-03
 -6.00000e-03  1.66975e-05  3.16695e-03  2.23154e-03
 -6.00000e-03  1.75323e-05  3.58105e-03  2.59726e-03
 -6.00000e-03  1.83672e-05  4.01718e-03  2.98596e-03
 -6.00000e-03  1.92021e-05  4.47558e-03  3.39800e-03
 -6.00000e-03  2.00370e-05  4.95648e-03  3.83379e-03
 -6.00000e-03  2.08718e-05  5.46014e-03  4.29370e-03

 -4.80000e-03  0.00000e+00 -6.84547e-04 -6.74505e-04
 -4.80000e-03  8.34874e-07 -6.79459e-04 -6.94028e-04
 -4.80000e-03  1.66975e-06 -6.57398e-04 -6.98505e-04
 -4.80000e-03  2.50462e-06 -6.18121e-04 -6.87548e-04
 -4.80000e-03  3.33949e-06 -5.61386e-04 -6.60773e-04
 -4.80000e-03  4.17437e-06 -4.86951e-04 -6.17793e-04
 -4.80000e-03  5.00924e-06 -3.94572e-04 -5.58223e-04
 -4.80000e-03  5.84412e-06 -2.84007e-04 -4.81676e-04
 -4.80000e-03  6.67899e-06 -1.55012e-04 -3.87767e-04
 -4.80000e-03  7.51386e-06 -7.34656e-06 -2.76111e-04
 -4.80000e-03  8.34874e-06  1.59234e-04 -1.46320e-04
 -4.80000e-03  9.18361e-06  3.44971e-04  1.99081e-06
 -4.80000e-03  1.00185e-05  5.50107e-04  1.69207e-04
 -4.80000e-03  1.08534e-05  7.74887e-04  3.55715e-04
 -4.80000e-03  1.16882e-05  1.01955e-03  5.61900e-04
 -4.80000e-03  1.25231e-05  1.28434e-03  7.88148e-04
 -4.80000e-03  1.33580e-05  1.56951e-03  1.03485e-03
 -4.80000e-03  1.41929e-05  1.87528e-03  1.30238e-03
 -4.80000e-03  1.50277e-05  2.20191e-03  1.59113e-03
 -4.80000e-03  1.58626e-05  2.54964e-03  1.90149e-03
 -4.80000e-03  1.66975e-05  2.91872e-03  2.23384e-03
 -4.80000e-03  1.75323e-05  3.30937e-03  2.58857e-03
 -4.80000e-03  1.83672e-05  3.72185e-03  2.96607e-03
 -4.80000e-03  1.92021e-05  4.15641e-03  3.36671e-03
 -4.80000e-03  2.00370e-05  4.61327e-03  3.79089e-03
 -4.80000e-03  2.08718e-05  5.09269e-03  4.23899e-03

 -3.60000e-03  0.00000e+00 -5.06969e-04 -4.99471e-04
 -3.60000e-03  8.34874e-07 -5.20418e-04 -5.25864e-04
 -3.60000e-03  1.66975e-06 -5.17103e-04 -5.37420e-04
 -3.60000e-03  2.50462e-06 -4.96782e-04 -5.33756e-04
 -3.60000e-03  3.33949e-06 -4.59212e-04 -5.14483e-04
 -3.60000e-03  4.17437e-06 -4.04150e-04 -4.79218e-04
 -3.60000e-03  5.00924e-06 -3.31355e-04 -4.27573e-04
 -3.60000e-03  5.84412e-06 -2.40582e-04 -3.59163e-04
 -3.60000e-03  6.67899e-06 -1.31590e-04 -2.73602e-04
 -3.60000e-03  7.51386e-06 -4.13537e-06 -1.70504e-04
 -3.60000e-03  8.34874e-06  1.42024e-04 -4.94839e-05
 -3.60000e-03  9.18361e-06  3.07132e-04  8.98449e-05
 -3.60000e-03  1.00185e-05  4.91429e-04  2.47868e-04
 -3.60000e-03  1.08534e-05  6.95160e-04  4.24971e-04
 -3.60000e-03  1.16882e-05  9.18567e-04  6.21541e-04
 -3.60000e-03  1.25231e-05  1.16189e-03  8.37962e-04
 -3.60000e-03  1.33580e-05  1.42538e-03  1.07462e-03
 -3.60000e-03  1.41929e-05  1.70927e-03  1.33190e-03
 -3.60000e-03  1.50277e-05  2.01381e-03  1.61020e-03
 -3.60000e-03  1.58626e-05  2.33923e-03  1.90988e-03
 -3.60000e-03  1.66975e-05  2.68579e-03  2.23135e-03
 -3.60000e-03  1.75323e-05  3.05372e-03  2.57499e-03
 -3.60000e-03  1.83672e-05  3.44327e-03  2.94118e-03
 -3.60000e-03  1.92021e-05  3.85469e-03  3.33030e-03
 -3.60000e-03  2.00370e-05  4.28820e-03  3.74276e-03
 -3.60000e-03  2.08718e-05  4.74406e-03  4.17892e-03

 -2.40000e-03  0.00000e+00 -3.32765e-04 -3.28689e-04
 -2.40000e-03  8.34874e-07 -3.63841e-04 -3.61910e-04
 -2.40000e-03  1.66975e-06 -3.78376e-04 -3.80513e-04
 -2.40000e-03  2.50462e-06 -3.76125e-04 -3.84113e-04
 -2.40000e-03  3.33949e-06 -3.56846e-04 -3.72324e-04
 -2.40000e-03  4.17437e-06 -3.20297e-04 -3.44760e-04
 -2.40000e-03  5.00924e-06 -2.66235e-04 -3.01035e-04
 -2.40000e-03  5.84412e-06 -1.94417e-04 -2.40763e-04
 -2.40000e-03  6.67899e-06 -1.04600e-04 -1.63559e-04
 -2.40000e-03  7.51386e-06  3.45836e-06 -6.90370e-05
 -2.40000e-03  8.34874e-06  1.30001e-04  4.31895e-05
 -2.40000e-03  9.18361e-06  2.75269e-04  1.73506e-04
 -2.40000e-03  1.00185e-05  4.39508e-04  3.22299e-04
 -2.40000e-03  1.08534e-05  6.22958e-04  4.89953e-04
 -2.40000e-03  1.16882e-05  8.25863e-04  6.76855e-04
 -2.40000e-03  1.25231e-05  1.04847e-03  8.83390e-04
 -2.40000e-03  1.33580e-05  1.29101e-03  1.10994e-03
 -2.40000e-03  1.41929e-05  1.55373e-03  1.35690e-03
 -2.40000e-03  1.50277e-05  1.83689e-03  1.62466e-03
 -2.40000e-03  1.58626e-05  2.14071e-03  1.91358e-03
 -2.40000e-03  1.66975e-05  2.46544e-03  2.22407e-03
 -2.40000e-03  1.75323e-05  2.81132e-03  2.55651e-03
 -2.40000e-03  1.83672e-05  3.17860e-03  2.91129e-03
 -2.40000e-03  1.92021e-05  3.56752e-03  3.28878e-03
 -2.40000e-03  2.00370e-05  3.97832e-03  3.68938e-03
 -2.40000e-03  2.08718e-05  4.41125e-03  4.11347e-03

 -1.20000e-03  0.00000e+00 -1.63369e-04 -1.62182e-04
 -1.20000e-03  8.34874e-07 -2.11213e-04 -2.02188e-04
 -1.20000e-03  1.66975e-06 -2.42747e-04 -2.27801e-04
 -1.20000e-03  2.50462e-06 -2.57729e-04 -2.38638e-04
 -1.20000e-03  3.33949e-06 -2.55916e-04 -2.34310e-04
 -1.20000e-03  4.17437e-06 -2.37065e-04 -2.14434e-04
 -1.20000e-03  5.00924e-06 -2.00934e-04 -1.78622e-04
 -1.20000e-03  5.84412e-06 -1.47279e-04 -1.26489e-04
 -1.20000e-03  6.67899e-06 -7.58588e-05 -5.76494e-05
 -1.20000e-03  7.51386e-06  1.35701e-05  2.82831e-05
 -1.20000e-03  8.34874e-06  1.21250e-04  1.31694e-04
 -1.20000e-03  9.18361e-06  2.47424e-04  2.52970e-04
 -1.20000e-03  1.00185e-05  3.92335e-04  3.92496e-04
 -1.20000e-03  1.08534e-05  5.56225e-04  5.50658e-04
 -1.20000e-03  1.16882e-05  7.39338e-04  7.27842e-04
 -1.20000e-03  1.25231e-05  9.41915e-04  9.24434e-04
 -1.20000e-03  1.33580e-05  1.16420e-03  1.14082e-03
 -1.20000e-03  1.41929e-05  1.40643e-03  1.37739e-03
 -1.20000e-03  1.50277e-05  1.66886e-03  1.63452e-03
 -1.20000e-03  1.58626e-05  1.95172e-03  1.91260e-03
 -1.20000e-03  1.66975e-05  2.25527e-03  2.21202e-03
 -1.20000e-03  1.75323e-05  2.57973e-03  2.53316e-03
 -1.20000e-03  1.83672e-05  2.92535e-03  2.87641e-03
 -1.20000e-03  1.92021e-05  3.29239e-03  3.24216e-03
 -1.20000e-03  2.00370e-05  3.68107e-03  3.63078e-03
 -1.20000e-03  2.08718e-05  4.09164e-03  4.04268e-03

  0.00000e+00  0.00000e+00  0.00000e+00  0.00000e+00
  0.00000e+00  8.34874e-07 -6.37932e-05 -4.67443e-05
  0.00000e+00  1.66975e-06 -1.11521e-04 -7.93295e-05
  0.00000e+00  2.50462e-06 -1.42941e-04 -9.73699e-05
  0.00000e+00  3.33949e-06 -1.57811e-04 -1.00480e-04
  0.00000e+00  4.17437e-06 -1.55887e-04 -8.82725e-05
  0.00000e+00  5.00924e-06 -1.36928e-04 -6.03631e-05
  0.00000e+00  5.84412e-06 -1.00689e-04 -1.63654e-05
  0.00000e+00  6.67899e-06 -4.69296e-05  4.41064e-05
  0.00000e+00  7.51386e-06  2.45942e-05  1.21438e-04
  0.00000e+00  8.34874e-06  1.14125e-04  2.16016e-04
  0.00000e+00  9.18361e-06  2.21905e-04  3.28226e-04
  0.00000e+00  1.00185e-05  3.48177e-04  4.58453e-04
  0.00000e+00  1.08534e-05  4.93184e-04  6.07083e-04
  0.00000e+00  1.16882e-05  6.57169e-04  7.74503e-04
  0.00000e+00  1.25231e-05  8.40374e-04  9.61098e-04
  0.00000e+00  1.33580e-05  1.04304e-03  1.16725e-03
  0.00000e+00  1.41929e-05  1.26542e-03  1.39336e-03
  0.00000e+00  1.50277e-05  1.50774e-03  1.63979e-03
  0.00000e+00  1.58626e-05  1.77025e-03  1.90695e-03
  0.00000e+00  1.66975e-05  2.05320e-03  2.19520e-03
  0.00000e+00  1.75323e-05  2.35682e-03  2.50495e-03
  0.00000e+00  1.83672e-05  2.68136e-03  2.83658e-03
  0.00000e+00  1.92021e-05  3.02707e-03  3.19047e-03
  0.00000e+00  2.00370e-05  3.39418e-03  3.56700e-03
  0.00000e+00  2.08718e-05  3.78293e-03  3.96657e-03

  1.20000e-03  0.00000e+00  1.56306e-04  1.57780e-04
  1.20000e-03  8.34874e-07  7.73431e-05  1.04349e-04
  1.20000e-03  1.66975e-06  1.41893e-05  6.48375e-05
  1.20000e-03  2.50462e-06 -3.29128e-05  3.96306e-05
  1.20000e-03  3.33949e-06 -6.37206e-05  2.91145e-05
  1.20000e-03  4.17437e-06 -7.79912e-05  3.36751e-05
  1.20000e-03  5.00924e-06 -7.54822e-05  5.36982e-05
  1.20000e-03  5.84412e-06 -5.59506e-05  8.95698e-05
  1.20000e-03  6.67899e-06 -1.91539e-05  1.41676e-04
  1.20000e-03  7.51386e-06  3.51506e-05  2.10401e-04
  1.20000e-03  8.34874e-06  1.07206e-04  2.96133e-04
  1.20000e-03  9.18361e-06  1.97254e-04  3.99257e-04
  1.20000e-03  1.00185e-05  3.05538e-04  5.20158e-04
  1.20000e-03  1.08534e-05  4.32301e-04  6.59223e-04
  1.20000e-03  1.16882e-05  5.77786e-04  8.16838e-04
  1.20000e-03  1.25231e-05  7.42234e-04  9.93387e-04
  1.20000e-03  1.33580e-05  9.25889e-04  1.18926e-03
  1.20000e-03  1.41929e-05  1.12899e-03  1.40484e-03
  1.20000e-03  1.50277e-05  1.35179e-03  1.64051e-03
  1.20000e-03  1.58626e-05  1.59452e-03  1.89665e-03
  1.20000e-03  1.66975e-05  1.85743e-03  2.17367e-03
  1.20000e-03  1.75323e-05  2.14076e-03  2.47193e-03
  1.20000e-03  1.83672e-05  2.44475e-03  2.79183e-03
  1.20000e-03  1.92021e-05  2.76965e-03  3.13375e-03
  1.20000e-03  2.00370e-05  3.11570e-03  3.49809e-03
  1.20000e-03  2.08718e-05  3.48314e-03  3.88521e-03

  2.40000e-03  0.00000e+00  3.04667e-04  3.11057e-04
  2.40000e-03  8.34874e-07  2.11281e-04  2.50999e-04
  2.40000e-03  1.66975e-06  1.33436e-04  2.04613e-04
  2.40000e-03  2.50462e-06  7.13751e-05  1.72284e-04
  2.40000e-03  3.33949e-06  2.53401e-05  1.54400e-04
  2.40000e-03  4.17437e-06 -4.42568e-06  1.51344e-04
  2.40000e-03  5.00924e-06 -1.76797e-05  1.63505e-04
  2.40000e-03  5.84412e-06 -1.41792e-05  1.91267e-04
  2.40000e-03  6.67899e-06  6.31853e-06  2.35016e-04
  2.40000e-03  7.51386e-06  4.40562e-05  2.95138e-04
  2.40000e-03  8.34874e-06  9.92764e-05  3.72018e-04
  2.40000e-03  9.18361e-06  1.72222e-04  4.66044e-04
  2.40000e-03  1.00185e-05  2.63135e-04  5.77600e-04
  2.40000e-03  1.08534e-05  3.72260e-04  7.07073e-04
  2.40000e-03  1.16882e-05  4.99837e-04  8.54848e-04
  2.40000e-03  1.25231e-05  6.46111e-04  1.02131e-03
  2.40000e-03  1.33580e-05  8.11324e-04  1.20685e-03
  2.40000e-03  1.41929e-05  9.95718e-04  1.41185e-03
  2.40000e-03  1.50277e-05  1.19954e-03  1.63669e-03
  2.40000e-03  1.58626e-05  1.42302e-03  1.88176e-03
  2.40000e-03  1.66975e-05  1.66642e-03  2.14745e-03
  2.40000e-03  1.75323e-05  1.92996e-03  2.43415e-03
  2.40000e-03  1.83672e-05  2.21391e-03  2.74223e-03
  2.40000e-03  1.92021e-05  2.51849e-03  3.07209e-03
  2.40000e-03  2.00370e-05  2.84395e-03  3.42411e-03
  2.40000e-03  2.08718e-05  3.19053e-03  3.79868e-03

  3.60000e-03  0.00000e+00  4.44332e-04  4.59705e-04
  3.60000e-03  8.34874e-07  3.37240e-04  3.93088e-04
  3.60000e-03  1.66975e-06  2.45409e-04  3.39889e-04
  3.60000e-03  2.50462e-06  1.69083e-04  3.00493e-04
  3.60000e-03  3.33949e-06  1.08503e-04  2.75287e-04
  3.60000e-03  4.17437e-06  6.39123e-05  2.64656e-04
  3.60000e-03  5.00924e-06  3.55538e-05  2.68987e-04
  3.60000e-03  5.84412e-06  2.36702e-05  2.88664e-04
  3.60000e-03  6.67899e-06  2.85042e-05  3.24075e-04
  3.60000e-03  7.51386e-06  5.02983e-05  3.75604e-04
  3.60000e-03  8.34874e-06  8.92954e-05  4.43638e-04
  3.60000e-03  9.18361e-06  1.45738e-04  5.28563e-04
  3.60000e-03  1.00185e-05  2.19869e-04  6.30764e-04
  3.60000e-03  1.08534e-05  3.11931e-04  7.50627e-04
  3.60000e-03  1.16882e-05  4.22167e-04  8.88538e-04
  3.60000e-03  1.25231e-05  5.50819e-04  1.04488e-03
  3.60000e-03  1.33580e-05  6.98130e-04  1.22005e-03
  3.60000e-03  1.41929e-05  8.64344e-04  1.41442e-03
  3.60000e-03  1.50277e-05  1.04970e-03  1.62838e-03
  3.60000e-03  1.58626e-05  1.25445e-03  1.86232e-03
  3.60000e-03  1.66975e-05  1.47882e-03  2.11662e-03
  3.60000e-03  1.75323e-05  1.72307e-03  2.39168e-03
  3.60000e-03  1.83672e-05  1.98743e-03  2.68786e-03
  3.60000e-03  1.92021e-05  2.27215e-03  3.00557e-03
  3.60000e-03  2.00370e-05  2.57747e-03  3.34519e-03
  3.60000e-03  2.08718e-05  2.90364e-03  3.70709e-03

  4.80000e-03  0.00000e+00  5.74653e-04  6.03576e-04
  4.80000e-03  8.34874e-07  4.54549e-04  5.30480e-04
  4.80000e-03  1.66975e-06  3.49414e-04  4.70540e-04
  4.80000e-03  2.50462e-06  2.59491e-04  4.24142e-04
  4.80000e-03  3.33949e-06  1.85024e-04  3.91673e-04
  4.80000e-03  4.17437e-06  1.26255e-04  3.73517e-04
  4.80000e-03  5.00924e-06  8.34271e-05  3.70062e-04
  4.80000e-03  5.84412e-06  5.67823e-05  3.81692e-04
  4.80000e-03  6.67899e-06  4.65635e-05  4.08794e-04
  4.80000e-03  7.51386e-06  5.30135e-05  4.51753e-04
  4.80000e-03  8.34874e-06  7.63751e-05  5.10955e-04
  4.80000e-03  9.18361e-06  1.16891e-04  5.86787e-04
  4.80000e-03  1.00185e-05  1.74803e-04  6.79634e-04
  4.80000e-03  1.08534e-05  2.50356e-04  7.89881e-04
  4.80000e-03  1.16882e-05  3.43790e-04  9.17916e-04
  4.80000e-03  1.25231e-05  4.55350e-04  1.06412e-03
  4.80000e-03  1.33580e-05  5.85277e-04  1.22889e-03
  4.80000e-03  1.41929e-05  7.33815e-04  1.41260e-03
  4.80000e-03  1.50277e-05  9.01205e-04  1.61564e-03
  4.80000e-03  1.58626e-05  1.08769e-03  1.83839e-03
  4.80000e-03  1.66975e-05  1.29352e-03  2.08125e-03
  4.80000e-03  1.75323e-05  1.51892e-03  2.34460e-03
  4.80000e-03  1.83672e-05  1.76415e-03  2.62881e-03
  4.80000e-03  1.92021e-05  2.02945e-03  2.93429e-03
  4.80000e-03  2.00370e-05  2.31506e-03  3.26142e-03
  4.80000e-03  2.08718e-05  2.62121e-03  3.61057e-03

  6.00000e-03  0.00000e+00  6.95072e-04  7.42498e-04
  6.00000e-03  8.34874e-07  5.62628e-04  6.63016e-04
  6.00000e-03  1.66975e-06  4.44852e-04  5.96421e-04
  6.00000e-03  2.50462e-06  3.41984e-04  5.43100e-04
  6.00000e-03  3.33949e-06  2.54269e-04  5.03439e-04
  6.00000e-03  4.17437e-06  1.81948e-04  4.77823e-04
  6.00000e-03  5.00924e-06  1.25265e-04  4.66638e-04
  6.00000e-03  5.84412e-06  8.44624e-05  4.70271e-04
  6.00000e-03  6.67899e-06  5.97826e-05  4.89107e-04
  6.00000e-03  7.51386e-06  5.14685e-05  5.23532e-04
  6.00000e-03  8.34874e-06  5.97627e-05  5.73931e-04
  6.00000e-03  9.18361e-06  8.49080e-05  6.40691e-04
  6.00000e-03  1.00185e-05  1.27147e-04  7.24197e-04
  6.00000e-03  1.08534e-05  1.86722e-04  8.24836e-04
  6.00000e-03  1.16882e-05  2.63877e-04  9.42993e-04
  6.00000e-03  1.25231e-05  3.58853e-04  1.07905e-03
  6.00000e-03  1.33580e-05  4.71894e-04  1.23341e-03
  6.00000e-03  1.41929e-05  6.03243e-04  1.40643e-03
  6.00000e-03  1.50277e-05  7.53141e-04  1.59852e-03
  6.00000e-03  1.58626e-05  9.21832e-04  1.81006e-03
  6.00000e-03  1.66975e-05  1.10956e-03  2.04142e-03
  6.00000e-03  1.75323e-05  1.31656e-03  2.29301e-03
  6.00000e-03  1.83672e-05  1.54309e-03  2.56521e-03
  6.00000e-03  1.92021e-05  1.78938e-03  2.85839e-03
  6.00000e-03  2.00370e-05  2.05567e-03  3.17295e-03
  6.00000e-03  2.08718e-05  2.34221e-03  3.50927e-03

  7.20000e-03  0.00000e+00  8.05103e-04  8.76283e-04
  7.20000e-03  8.34874e-07  6.60980e-04  7.90522e-04
  7.20000e-03  1.66975e-06  5.31208e-04  7.17373e-04
  7.20000e-03  2.50462e-06  4.16031e-04  6.57222e-04
  7.20000e-03  3.33949e-06  3.15691e-04  6.10455e-04
  7.20000e-03  4.17437e-06  2.30431e-04  5.77458e-04
  7.20000e-03  5.00924e-06  1.60494e-04  5.58616e-04
  7.20000e-03  5.84412e-06  1.06122e-04  5.54316e-04
  7.20000e-03  6.67899e-06  6.75586e-05  5.64944e-04
  7.20000e-03  7.51386e-06  4.50456e-05  5.90884e-04
  7.20000e-03  8.34874e-06  3.88260e-05  6.32524e-04
  7.20000e-03  9.18361e-06  4.91426e-05  6.90248e-04
  7.20000e-03  1.00185e-05  7.62380e-05  7.64444e-04
  7.20000e-03  1.08534e-05  1.20355e-04  8.55496e-04
  7.20000e-03  1.16882e-05  1.81736e-04  9.63790e-04
  7.20000e-03  1.25231e-05  2.60624e-04  1.08971e-03
  7.20000e-03  1.33580e-05  3.57262e-04  1.23365e-03
  7.20000e-03  1.41929e-05  4.71893e-04  1.39599e-03
  7.20000e-03  1.50277e-05  6.04758e-04  1.57711e-03
  7.20000e-03  1.58626e-05  7.56101e-04  1.77740e-03
  7.20000e-03  1.66975e-05  9.26164e-04  1.99726e-03
  7.20000e-03  1.75323e-05  1.11519e-03  2.23705e-03
  7.20000e-03  1.83672e-05  1.32342e-03  2.49718e-03
  7.20000e-03  1.92021e-05  1.55110e-03  2.77802e-03
  7.20000e-03  2.00370e-05  1.79848e-03  3.07996e-03
  7.20000e-03  2.08718e-05  2.06578e-03  3.40339e-03

  8.40000e-03  0.00000e+00  9.04323e-04  1.00472e-03
  8.40000e-03  8.34874e-07  7.49169e-04  9.12805e-04
  8.40000e-03  1.66975e-06  6.08040e-04  8.33220e-04
  8.40000e-03  2.50462e-06  4.81179e-04  7.66349e-04
  8.40000e-03  3.33949e-06  3.68829e-04  7.12580e-04
  8.40000e-03  4.17437e-06  2.71232e-04  6.72298e-04
  8.40000e-03  5.00924e-06  1.88631e-04  6.45888e-04
  8.40000e-03  5.84412e-06  1.21269e-04  6.33737e-04
  8.40000e-03  6.67899e-06  6.93878e-05  6.36230e-04
  8.40000e-03  7.51386e-06  3.32312e-05  6.53754e-04
  8.40000e-03  8.34874e-06  1.30415e-05  6.86694e-04
  8.40000e-03  9.18361e-06  9.06124e-06  7.35436e-04
  8.40000e-03  1.00185e-05  2.15332e-05  8.00366e-04
  8.40000e-03  1.08534e-05  5.07002e-05  8.81870e-04
  8.40000e-03  1.16882e-05  9.68047e-05  9.80334e-04
  8.40000e-03  1.25231e-05  1.60090e-04  1.09614e-03
  8.40000e-03  1.33580e-05  2.40798e-04  1.22968e-03
  8.40000e-03  1.41929e-05  3.39171e-04  1.38134e-03
  8.40000e-03  1.50277e-05  4.55453e-04  1.55150e-03
  8.40000e-03  1.58626e-05  5.89887e-04  1.74055e-03
  8.40000e-03  1.66975e-05  7.42714e-04  1.94887e-03
  8.40000e-03  1.75323e-05  9.14177e-04  2.17686e-03
  8.40000e-03  1.83672e-05  1.10452e-03  2.42489e-03
  8.40000e-03  1.92021e-05  1.31398e-03  2.69335e-03
  8.40000e-03  2.00370e-05  1.54281e-03  2.98264e-03
  8.40000e-03  2.08718e-05  1.79125e-03  3.29312e-03

  9.60000e-03  0.00000e+00  9.92361e-04  1.12759e-03
  9.60000e-03  8.34874e-07  8.26820e-04  1.02966e-03
  9.60000e-03  1.66975e-06  6.74966e-04  9.43775e-04
  9.60000e-03  2.50462e-06  5.37042e-04  8.70314e-04
  9.60000e-03  3.33949e-06  4.13290e-04  8.09664e-04
  9.60000e-03  4.17437e-06  3.03953e-04  7.62211e-04
  9.60000e-03  5.00924e-06  2.09274e-04  7.28341e-04
  9.60000e-03  5.84412e-06  1.29495e-04  7.08439e-04
  9.60000e-03  6.67899e-06  6.48589e-05  7.02892e-04
  9.60000e-03  7.51386e-06  1.56088e-05  7.12085e-04
  9.60000e-03  8.34874e-06 -1.80128e-05  7.36405e-04
  9.60000e-03  9.18361e-06 -3.57633e-05  7.76236e-04
  9.60000e-03  1.00185e-05 -3.73998e-05  8.31965e-04
  9.60000e-03  1.08534e-05 -2.26798e-05  9.03978e-04
  9.60000e-03  1.16882e-05  8.63947e-06  9.92661e-04
  9.60000e-03  1.25231e-05  5.68007e-05  1.09840e-03
  9.60000e-03  1.33580e-05  1.22047e-04  1.22158e-03
  9.60000e-03  1.41929e-05  2.04620e-04  1.36259e-03
  9.60000e-03  1.50277e-05  3.04763e-04  1.52181e-03
  9.60000e-03  1.58626e-05  4.22720e-04  1.69962e-03
  9.60000e-03  1.66975e-05  5.58731e-04  1.89643e-03
  9.60000e-03  1.75323e-05  7.13041e-04  2.11260e-03
  9.60000e-03  1.83672e-05  8.85892e-04  2.34853e-03
  9.60000e-03  1.92021e-05  1.07753e-03  2.60460e-03
  9.60000e-03  2.00370e-05  1.28819e-03  2.88121e-03
  9.60000e-03  2.08718e-05  1.51812e-03  3.17872e-03

  1.08000e-02  0.00000e+00  1.06890e-03  1.24464e-03
  1.08000e-02  8.34874e-07  8.93614e-04  1.14087e-03
  1.08000e-02  1.66975e-06  7.31667e-04  1.04884e-03
  1.08000e-02  2.50462e-06  5.83299e-04  9.68938e-04
  1.08000e-02  3.33949e-06  4.48754e-04  9.01550e-04
  1.08000e-02  4.17437e-06  3.28273e-04  8.47062e-04
  1.08000e-02  5.00924e-06  2.22101e-04  8.05859e-04
  1.08000e-02  5.84412e-06  1.30478e-04  7.78328e-04
  1.08000e-02  6.67899e-06  5.36481e-05  7.64854e-04
  1.08000e-02  7.51386e-06 -8.14591e-06  7.65823e-04
  1.08000e-02  8.34874e-06 -5.46615e-05  7.81622e-04
  1.08000e-02  9.18361e-06 -8.56561e-05  8.12635e-04
  1.08000e-02  1.00185e-05 -1.00887e-04  8.59249e-04
  1.08000e-02  1.08534e-05 -1.00111e-04  9.21849e-04
  1.08000e-02  1.16882e-05 -8.30862e-05  1.00082e-03
  1.08000e-02  1.25231e-05 -4.95694e-05  1.09655e-03
  1.08000e-02  1.33580e-05  6.81943e-07  1.20943e-03
  1.08000e-02  1.41929e-05  6.79106e-05  1.33983e-03
  1.08000e-02  1.50277e-05  1.52359e-04  1.48816e-03
  1.08000e-02  1.58626e-05  2.54271e-04  1.65478e-03
  1.08000e-02  1.66975e-05  3.73887e-04  1.84009e-03
  1.08000e-02  1.75323e-05  5.11452e-04  2.04447e-03
  1.08000e-02  1.83672e-05  6.67208e-04  2.26832e-03
  1.08000e-02  1.92021e-05  8.41397e-04  2.51200e-03
  1.08000e-02  2.00370e-05  1.03426e-03  2.77592e-03
  1.08000e-02  2.08718e-05  1.24605e-03  3.06046e-03

  1.20000e-02  0.00000e+00  1.13367e-03  1.35563e-03
  1.20000e-02  8.34874e-07  9.49286e-04  1.24620e-03
  1.20000e-02  1.66975e-06  7.77881e-04  1.14821e-03
  1.20000e-02  2.50462e-06  6.19694e-04  1.06204e-03
  1.20000e-02  3.33949e-06  4.74968e-04  9.88077e-04
  1.20000e-02  4.17437e-06  3.43944e-04  9.26711e-04
  1.20000e-02  5.00924e-06  2.26867e-04  8.78327e-04
  1.20000e-02  5.84412e-06  1.23978e-04  8.43310e-04
  1.20000e-02  6.67899e-06  3.55195e-05  8.22046e-04
  1.20000e-02  7.51386e-06 -3.82647e-05  8.14920e-04
  1.20000e-02  8.34874e-06 -9.71323e-05  8.22319e-04
  1.20000e-02  9.18361e-06 -1.40841e-04  8.44629e-04
  1.20000e-02  1.00185e-05 -1.69147e-04  8.82236e-04
  1.20000e-02  1.08534e-05 -1.81809e-04  9.35524e-04
  1.20000e-02  1.16882e-05 -1.78583e-04  1.00488e-03
  1.20000e-02  1.25231e-05 -1.59227e-04  1.09069e-03
  1.20000e-02  1.33580e-05 -1.23499e-04  1.19334e-03
  1.20000e-02  1.41929e-05 -7.11552e-05  1.31322e-03
  1.20000e-02  1.50277e-05 -1.95311e-06  1.45071e-03
  1.20000e-02  1.58626e-05  8.43498e-05  1.60619e-03
  1.20000e-02  1.66975e-05  1.87996e-04  1.78006e-03
  1.20000e-02  1.75323e-05  3.09229e-04  1.97270e-03
  1.20000e-02  1.83672e-05  4.48291e-04  2.18449e-03
  1.20000e-02  1.92021e-05  6.05424e-04  2.41582e-03
  1.20000e-02  2.00370e-05  7.80872e-04  2.66708e-03
  1.20000e-02  2.08718e-05  9.74877e-04  2.93865e-03

  1.32000e-02  0.00000e+00  1.18644e-03  1.46030e-03
  1.32000e-02  8.34874e-07  9.93626e-04  1.34542e-03
  1.32000e-02  1.66975e-06  8.13409e-04  1.24167e-03
  1.32000e-02  2.50462e-06  6.46036e-04  1.14942e-03
  1.32000e-02  3.33949e-06  4.91750e-04  1.06908e-03
  1.32000e-02  4.17437e-06  3.50794e-04  1.00102e-03
  1.32000e-02  5.00924e-06  2.23409e-04  9.45629e-04
  1.32000e-02  5.84412e-06  1.09840e-04  9.03293e-04
  1.32000e-02  6.67899e-06  1.03277e-05  8.74400e-04
  1.32000e-02  7.51386e-06 -7.48839e-05  8.59333e-04
  1.32000e-02  8.34874e-06 -1.45553e-04  8.58480e-04
  1.32000e-02  9.18361e-06 -2.01436e-04  8.72226e-04
  1.32000e-02  1.00185e-05 -2.42290e-04  9.00957e-04
  1.32000e-02  1.08534e-05 -2.67873e-04  9.45058e-04
  1.32000e-02  1.16882e-05 -2.77943e-04  1.00492e-03
  1.32000e-02  1.25231e-05 -2.72256e-04  1.08092e-03
  1.32000e-02  1.33580e-05 -2.50570e-04  1.17345e-03
  1.32000e-02  1.41929e-05 -2.12642e-04  1.28289e-03
  1.32000e-02  1.50277e-05 -1.58230e-04  1.40963e-03
  1.32000e-02  1.58626e-05 -8.70899e-05  1.55406e-03
  1.32000e-02  1.66975e-05  1.01994e-06  1.71656e-03
  1.32000e-02  1.75323e-05  1.06342e-04  1.89752e-03
  1.32000e-02  1.83672e-05  2.29120e-04  2.09732e-03
  1.32000e-02  1.92021e-05  3.69596e-04  2.31635e-03
  1.32000e-02  2.00370e-05  5.28013e-04  2.55500e-03
  1.32000e-02  2.08718e-05  7.04614e-04  2.81365e-03

  1.44000e-02  0.00000e+00  1.22708e-03  1.55838e-03
  1.44000e-02  8.34874e-07  1.02649e-03  1.43828e-03
  1.44000e-02  1.66975e-06  8.38122e-04  1.32900e-03
  1.44000e-02  2.50462e-06  6.62210e-04  1.23091e-03
  1.44000e-02  3.33949e-06  4.98999e-04  1.14440e-03
  1.44000e-02  4.17437e-06  3.48733e-04  1.06985e-03
  1.44000e-02  5.00924e-06  2.11653e-04  1.00765e-03
  1.44000e-02  5.84412e-06  8.80029e-05  9.58194e-04
  1.44000e-02  6.67899e-06 -2.19749e-05  9.21858e-04
  1.44000e-02  7.51386e-06 -1.18038e-04  8.99031e-04
  1.44000e-02  8.34874e-06 -1.99943e-04  8.90098e-04
  1.44000e-02  9.18361e-06 -2.67447e-04  8.95445e-04
  1.44000e-02  1.00185e-05 -3.20309e-04  9.15459e-04
  1.44000e-02  1.08534e-05 -3.58285e-04  9.50525e-04
  1.44000e-02  1.16882e-05 -3.81132e-04  1.00103e-03
  1.44000e-02  1.25231e-05 -3.88608e-04  1.06736e-03
  1.44000e-02  1.33580e-05 -3.80470e-04  1.14989e-03
  1.44000e-02  1.41929e-05 -3.56476e-04  1.24903e-03
  1.44000e-02  1.50277e-05 -3.16382e-04  1.36514e-03
  1.44000e-02  1.58626e-05 -2.59946e-04  1.49862e-03
  1.44000e-02  1.66975e-05 -1.86926e-04  1.64986e-03
  1.44000e-02  1.75323e-05 -9.70778e-05  1.81923e-03
  1.44000e-02  1.83672e-05  9.84017e-06  2.00713e-03
  1.44000e-02  1.92021e-05  1.34071e-04  2.21394e-03
  1.44000e-02  2.00370e-05  2.75857e-04  2.44004e-03
  1.44000e-02  2.08718e-05  4.35442e-04  2.68583e-03

  1.56000e-02  0.00000e+00  1.25549e-03  1.64959e-03
  1.56000e-02  8.34874e-07  1.04782e-03  1.52455e-03
  1.56000e-02  1.66975e-06  8.51970e-04  1.40999e-03
  1.56000e-02  2.50462e-06  6.68184e-04  1.30630e-03
  1.56000e-02  3.33949e-06  4.96701e-04  1.21386e-03
  1.56000e-02  4.17437e-06  3.37767e-04  1.13307e-03
  1.56000e-02  5.00924e-06  1.91621e-04  1.06430e-03
  1.56000e-02  5.84412e-06  5.85090e-05  1.00794e-03
  1.56000e-02  6.67899e-06 -6.13282e-05  9.64372e-04
  1.56000e-02  7.51386e-06 -1.67647e-04  9.33992e-04
  1.56000e-02  8.34874e-06 -2.60206e-04  9.17180e-04
  1.56000e-02  9.18361e-06 -3.38761e-04  9.14324e-04
  1.56000e-02  1.00185e-05 -4.03070e-04  9.25807e-04
  1.56000e-02  1.08534e-05 -4.52890e-04  9.52017e-04
  1.56000e-02  1.16882e-05 -4.87979e-04  9.93339e-04
  1.56000e-02  1.25231e-05 -5.08094e-04  1.05016e-03
  1.56000e-02  1.33580e-05 -5.12992e-04  1.12286e-03
  1.56000e-02  1.41929e-05 -5.02430e-04  1.21184e-03
  1.56000e-02  1.50277e-05 -4.76166e-04  1.31747e-03
  1.56000e-02  1.58626e-05 -4.33957e-04  1.44014e-03
  1.56000e-02  1.66975e-05 -3.75560e-04  1.58024e-03
  1.56000e-02  1.75323e-05 -3.00733e-04  1.73815e-03
  1.56000e-02  1.83672e-05 -2.09233e-04  1.91426e-03
  1.56000e-02  1.92021e-05 -1.00817e-04  2.10895e-03
  1.56000e-02  2.00370e-05  2.47577e-05  2.32262e-03
  1.56000e-02  2.08718e-05  1.67733e-04  2.55564e-03

  1.68000e-02  0.00000e+00  1.27166e-03  1.73365e-03
  1.68000e-02  8.34874e-07  1.05762e-03  1.60396e-03
  1.68000e-02  1.66975e-06  8.54996e-04  1.48442e-03
  1.68000e-02  2.50462e-06  6.64024e-04  1.37541e-03
  1.68000e-02  3.33949e-06  4.84947e-04  1.27733e-03
  1.68000e-02  4.17437e-06  3.18008e-04  1.19055e-03
  1.68000e-02  5.00924e-06  1.63451e-04  1.11546e-03
  1.68000e-02  5.84412e-06  2.15174e-05  1.05245e-03
  1.68000e-02  6.67899e-06 -1.07550e-04  1.00191e-03
  1.68000e-02  7.51386e-06 -2.23508e-04  9.64211e-04
  1.68000e-02  8.34874e-06 -3.26113e-04  9.39753e-04
  1.68000e-02  9.18361e-06 -4.15125e-04  9.28915e-04
  1.68000e-02  1.00185e-05 -4.90299e-04  9.32086e-04
  1.68000e-02  1.08534e-05 -5.51393e-04  9.49649e-04
  1.68000e-02  1.16882e-05 -5.98164e-04  9.81992e-04
  1.68000e-02  1.25231e-05 -6.30370e-04  1.02950e-03
  1.68000e-02  1.33580e-05 -6.47768e-04  1.09256e-03
  1.68000e-02  1.41929e-05 -6.50115e-04  1.17155e-03
  1.68000e-02  1.50277e-05 -6.37168e-04  1.26687e-03
  1.68000e-02  1.58626e-05 -6.08685e-04  1.37890e-03
  1.68000e-02  1.66975e-05 -5.64424e-04  1.50802e-03
  1.68000e-02  1.75323e-05 -5.04140e-04  1.65462e-03
  1.68000e-02  1.83672e-05 -4.27593e-04  1.81909e-03
  1.68000e-02  1.92021e-05 -3.34538e-04  2.00181e-03
  1.68000e-02  2.00370e-05 -2.24734e-04  2.20316e-03
  1.68000e-02  2.08718e-05 -9.79370e-05  2.42354e-03

  1.80000e-02  0.00000e+00  1.27570e-03  1.81029e-03
  1.80000e-02  8.34874e-07  1.05603e-03  1.67628e-03
  1.80000e-02  1.66975e-06  8.47357e-04  1.55207e-03
  1.80000e-02  2.50462e-06  6.49914e-04  1.43806e-03
  1.80000e-02  3.33949e-06  4.63946e-04  1.33464e-03
  1.80000e-02  4.17437e-06  2.89697e-04  1.24217e-03
  1.80000e-02  5.00924e-06  1.27408e-04  1.16106e-03
  1.80000e-02  5.84412e-06 -2.26778e-05  1.09169e-03
  1.80000e-02  6.67899e-06 -1.60317e-04  1.03444e-03
  1.80000e-02  7.51386e-06 -2.85268e-04  9.89702e-04
  1.80000e-02  8.34874e-06 -3.97288e-04  9.57859e-04
  1.80000e-02  9.18361e-06 -4.96133e-04  9.39297e-04
  1.80000e-02  1.00185e-05 -5.81562e-04  9.34402e-04
  1.80000e-02  1.08534e-05 -6.53331e-04  9.43561e-04
  1.80000e-02  1.16882e-05 -7.11198e-04  9.67159e-04
  1.80000e-02  1.25231e-05 -7.54920e-04  1.00558e-03
  1.80000e-02  1.33580e-05 -7.84254e-04  1.05922e-03
  1.80000e-02  1.41929e-05 -7.98958e-04  1.12845e-03
  1.80000e-02  1.50277e-05 -7.98789e-04  1.21366e-03
  1.80000e-02  1.58626e-05 -7.83504e-04  1.31524e-03
  1.80000e-02  1.66975e-05 -7.52861e-04  1.43357e-03
  1.80000e-02  1.75323e-05 -7.06617e-04  1.56905e-03
  1.80000e-02  1.83672e-05 -6.44529e-04  1.72205e-03
  1.80000e-02  1.92021e-05 -5.66354e-04  1.89296e-03
  1.80000e-02  2.00370e-05 -4.71850e-04  2.08218e-03
  1.80000e-02  2.08718e-05 -3.60774e-04  2.29007e-03

  1.92000e-02  0.00000e+00  1.26783e-03  1.87925e-03
  1.92000e-02  8.34874e-07  1.04330e-03  1.74127e-03
  1.92000e-02  1.66975e-06  8.29339e-04  1.61276e-03
  1.92000e-02  2.50462e-06  6.26174e-04  1.49409e-03
  1.92000e-02  3.33949e-06  4.34053e-04  1.38566e-03
  1.92000e-02  4.17437e-06  2.53217e-04  1.28784e-03
  1.92000e-02  5.00924e-06  8.39102e-05  1.20103e-03
  1.92000e-02  5.84412e-06 -7.36260e-05  1.12562e-03
  1.92000e-02  6.67899e-06 -2.19148e-04  1.06197e-03
  1.92000e-02  7.51386e-06 -3.52414e-04  1.01050e-03
  1.92000e-02  8.34874e-06 -4.73181e-04  9.71565e-04
  1.92000e-02  9.18361e-06 -5.81206e-04  9.45569e-04
  1.92000e-02  1.00185e-05 -6.76246e-04  9.32893e-04
  1.92000e-02  1.08534e-05 -7.58059e-04  9.33922e-04
  1.92000e-02  1.16882e-05 -8.26402e-04  9.49044e-04
  1.92000e-02  1.25231e-05 -8.81032e-04  9.78643e-04
  1.92000e-02  1.33580e-05 -9.21707e-04  1.02311e-03
  1.92000e-02  1.41929e-05 -9.48184e-04  1.08282e-03
  1.92000e-02  1.50277e-05 -9.60220e-04  1.15816e-03
  1.92000e-02  1.58626e-05 -9.57572e-04  1.24953e-03
  1.92000e-02  1.66975e-05 -9.39999e-04  1.35731e-03
  1.92000e-02  1.75323e-05 -9.07256e-04  1.48188e-03
  1.92000e-02  1.83672e-05 -8.59102e-04  1.62362e-03
  1.92000e-02  1.92021e-05 -7.95293e-04  1.78293e-03
  1.92000e-02  2.00370e-05 -7.15588e-04  1.96019e-03
  1.92000e-02  2.08718e-05 -6.19743e-04  2.15579e-03

  2.04000e-02  0.00000e+00  1.24841e-03  1.94024e-03
  2.04000e-02  8.34874e-07  1.01984e-03  1.79870e-03
  2.04000e-02  1.66975e-06  8.01388e-04  1.66627e-03
  2.04000e-02  2.50462e-06  5.93288e-04  1.54333e-03
  2.04000e-02  3.33949e-06  3.95787e-04  1.43027e-03
  2.04000e-02  4.17437e-06  2.09127e-04  1.32747e-03
  2.04000e-02  5.00924e-06  3.35522e-05  1.23533e-03
  2.04000e-02  5.84412e-06 -1.30696e-04  1.15422e-03
  2.04000e-02  6.67899e-06 -2.83374e-04  1.08453e-03
  2.04000e-02  7.51386e-06 -4.24239e-04  1.02665e-03
  2.04000e-02  8.34874e-06 -5.53049e-04  9.80966e-04
  2.04000e-02  9.18361e-06 -6.69562e-04  9.47861e-04
  2.04000e-02  1.00185e-05 -7.73533e-04  9.27721e-04
  2.04000e-02  1.08534e-05 -8.64722e-04  9.20933e-04
  2.04000e-02  1.16882e-05 -9.42884e-04  9.27882e-04
  2.04000e-02  1.25231e-05 -1.00778e-03  9.48954e-04
  2.04000e-02  1.33580e-05 -1.05916e-03  9.84536e-04
  2.04000e-02  1.41929e-05 -1.09679e-03  1.03501e-03
  2.04000e-02  1.50277e-05 -1.12042e-03  1.10077e-03
  2.04000e-02  1.58626e-05 -1.12981e-03  1.18219e-03
  2.04000e-02  1.66975e-05 -1.12472e-03  1.27967e-03
  2.04000e-02  1.75323e-05 -1.10491e-03  1.39358e-03
  2.04000e-02  1.83672e-05 -1.07012e-03  1.52432e-03
  2.04000e-02  1.92021e-05 -1.02013e-03  1.67227e-03
  2.04000e-02  2.00370e-05 -9.54683e-04  1.83782e-03
  2.04000e-02  2.08718e-05 -8.73541e-04  2.02134e-03

  2.16000e-02  0.00000e+00  1.21801e-03  1.99303e-03
  2.16000e-02  8.34874e-07  9.86244e-04  1.84836e-03
  2.16000e-02  1.66975e-06  7.64135e-04  1.71243e-03
  2.16000e-02  2.50462e-06  5.51927e-04  1.58564e-03
  2.16000e-02  3.33949e-06  3.49862e-04  1.46837e-03
  2.16000e-02  4.17437e-06  1.58184e-04  1.36099e-03
  2.16000e-02  5.00924e-06 -2.28666e-05  1.26391e-03
  2.16000e-02  5.84412e-06 -1.93045e-04  1.17750e-03
  2.16000e-02  6.67899e-06 -3.52110e-04  1.10215e-03
  2.16000e-02  7.51386e-06 -4.99818e-04  1.03825e-03
  2.16000e-02  8.34874e-06 -6.35926e-04  9.86183e-04
  2.16000e-02  9.18361e-06 -7.60192e-04  9.46332e-04
  2.16000e-02  1.00185e-05 -8.72373e-04  9.19085e-04
  2.16000e-02  1.08534e-05 -9.72227e-04  9.04828e-04
  2.16000e-02  1.16882e-05 -1.05951e-03  9.03946e-04
  2.16000e-02  1.25231e-05 -1.13398e-03  9.16827e-04
  2.16000e-02  1.33580e-05 -1.19539e-03  9.43854e-04
  2.16000e-02  1.41929e-05 -1.24351e-03  9.85415e-04
  2.16000e-02  1.50277e-05 -1.27809e-03  1.04190e-03
  2.16000e-02  1.58626e-05 -1.29888e-03  1.11368e-03
  2.16000e-02  1.66975e-05 -1.30564e-03  1.20116e-03
  2.16000e-02  1.75323e-05 -1.29814e-03  1.30471e-03
  2.16000e-02  1.83672e-05 -1.27612e-03  1.42472e-03
  2.16000e-02  1.92021e-05 -1.23935e-03  1.56159e-03
  2.16000e-02  2.00370e-05 -1.18758e-03  1.71569e-03
  2.16000e-02  2.08718e-05 -1.12057e-03  1.88741e-03

  2.28000e-02  0.00000e+00  1.17737e-03  2.03736e-03
  2.28000e-02  8.34874e-07  9.43306e-04  1.89004e-03
  2.28000e-02  1.66975e-06  7.18431e-04  1.75109e-03
  2.28000e-02  2.50462e-06  5.02989e-04  1.62090e-03
  2.28000e-02  3.33949e-06  2.97223e-04  1.49987e-03
  2.28000e-02  4.17437e-06  1.01376e-04  1.38836e-03
  2.28000e-02  5.00924e-06 -8.43101e-05  1.28678e-03
  2.28000e-02  5.84412e-06 -2.59592e-04  1.19551e-03
  2.28000e-02  6.67899e-06 -4.24228e-04  1.11492e-03
  2.28000e-02  7.51386e-06 -5.77974e-04  1.04541e-03
  2.28000e-02  8.34874e-06 -7.20588e-04  9.87371e-04
  2.28000e-02  9.18361e-06 -8.51827e-04  9.41177e-04
  2.28000e-02  1.00185e-05 -9.71449e-04  9.07219e-04
  2.28000e-02  1.08534e-05 -1.07921e-03  8.85881e-04
  2.28000e-02  1.16882e-05 -1.17487e-03  8.77551e-04
  2.28000e-02  1.25231e-05 -1.25818e-03  8.82613e-04
  2.28000e-02  1.33580e-05 -1.32891e-03  9.01454e-04
  2.28000e-02  1.41929e-05 -1.38680e-03  9.34460e-04
  2.28000e-02  1.50277e-05 -1.43162e-03  9.82016e-04
  2.28000e-02  1.58626e-05 -1.46312e-03  1.04451e-03
  2.28000e-02  1.66975e-05 -1.48107e-03  1.12232e-03
  2.28000e-02  1.75323e-05 -1.48521e-03  1.21584e-03
  2.28000e-02  1.83672e-05 -1.47531e-03  1.32546e-03
  2.28000e-02  1.92021e-05 -1.45112e-03  1.45156e-03
  2.28000e-02  2.00370e-05 -1.41240e-03  1.59452e-03
  2.28000e-02  2.08718e-05 -1.35891e-03  1.75473e-03

  2.40000e-02  0.00000e+00  1.12750e-03  2.07302e-03
  2.40000e-02  8.34874e-07  8.92083e-04  1.92356e-03
  2.40000e-02  1.66975e-06  6.65379e-04  1.78210e-03
  2.40000e-02  2.50462e-06  4.47629e-04  1.64902e-03
  2.40000e-02  3.33949e-06  2.39076e-04  1.52472e-03
  2.40000e-02  4.17437e-06  3.99623e-05  1.40957e-03
  2.40000e-02  5.00924e-06 -1.49469e-04  1.30397e-03
  2.40000e-02  5.84412e-06 -3.28976e-04  1.20830e-03
  2.40000e-02  6.67899e-06 -4.98315e-04  1.12294e-03
  2.40000e-02  7.51386e-06 -6.57244e-04  1.04829e-03
  2.40000e-02  8.34874e-06 -8.05520e-04  9.84722e-04
  2.40000e-02  9.18361e-06 -9.42900e-04  9.32630e-04
  2.40000e-02  1.00185e-05 -1.06914e-03  8.92397e-04
  2.40000e-02  1.08534e-05 -1.18400e-03  8.64409e-04
  2.40000e-02  1.16882e-05 -1.28724e-03  8.49052e-04
  2.40000e-02  1.25231e-05 -1.37861e-03  8.46712e-04
  2.40000e-02  1.33580e-05 -1.45787e-03  8.57775e-04
  2.40000e-02  1.41929e-05 -1.52478e-03  8.82627e-04
  2.40000e-02  1.50277e-05 -1.57910e-03  9.21653e-04
  2.40000e-02  1.58626e-05 -1.62058e-03  9.75239e-04
  2.40000e-02  1.66975e-05 -1.64898e-03  1.04377e-03
  2.40000e-02  1.75323e-05 -1.66405e-03  1.12764e-03
  2.40000e-02  1.83672e-05 -1.66556e-03  1.22722e-03
  2.40000e-02  1.92021e-05 -1.65326e-03  1.34291e-03
  2.40000e-02  2.00370e-05 -1.62692e-03  1.47508e-03
  2.40000e-02  2.08718e-05 -1.58627e-03  1.62413e-03

  2.52000e-02  0.00000e+00  1.06967e-03  2.09981e-03
  2.52000e-02  8.34874e-07  8.33913e-04  1.94876e-03
  2.52000e-02  1.66975e-06  6.06374e-04  1.80534e-03
  2.52000e-02  2.50462e-06  3.87299e-04  1.66991e-03
  2.52000e-02  3.33949e-06  1.76929e-04  1.54288e-03
  2.52000e-02  4.17437e-06 -2.44927e-05  1.42462e-03
  2.52000e-02  5.00924e-06 -2.16723e-04  1.31553e-03
  2.52000e-02  5.84412e-06 -3.99519e-04  1.21598e-03
  2.52000e-02  6.67899e-06 -5.72639e-04  1.12636e-03
  2.52000e-02  7.51386e-06 -7.35839e-04  1.04706e-03
  2.52000e-02  8.34874e-06 -8.88877e-04  9.78468e-04
  2.52000e-02  9.18361e-06 -1.03151e-03  9.20964e-04
  2.52000e-02  1.00185e-05 -1.16350e-03  8.74938e-04
  2.52000e-02  1.08534e-05 -1.28459e-03  8.40773e-04
  2.52000e-02  1.16882e-05 -1.39456e-03  8.18856e-04
  2.52000e-02  1.25231e-05 -1.49314e-03  8.09573e-04
  2.52000e-02  1.33580e-05 -1.58011e-03  8.13310e-04
  2.52000e-02  1.41929e-05 -1.65522e-03  8.30452e-04
  2.52000e-02  1.50277e-05 -1.71823e-03  8.61386e-04
  2.52000e-02  1.58626e-05 -1.76889e-03  9.06497e-04
  2.52000e-02  1.66975e-05 -1.80695e-03  9.66171e-04
  2.52000e-02  1.75323e-05 -1.83219e-03  1.04079e-03
  2.52000e-02  1.83672e-05 -1.84436e-03  1.13075e-03
  2.52000e-02  1.92021e-05 -1.84320e-03  1.23643e-03
  2.52000e-02  2.00370e-05 -1.82849e-03  1.35822e-03
  2.52000e-02  2.08718e-05 -1.79997e-03  1.49649e-03

  2.64000e-02  0.00000e+00  1.00551e-03  2.11754e-03
  2.64000e-02  8.34874e-07  7.70470e-04  1.96552e-03
  2.64000e-02  1.66975e-06  5.43151e-04  1.82073e-03
  2.64000e-02  2.50462e-06  3.23792e-04  1.68355e-03
  2.64000e-02  3.33949e-06  1.12636e-04  1.55437e-03
  2.64000e-02  4.17437e-06 -9.00737e-05  1.43358e-03
  2.64000e-02  5.00924e-06 -2.84095e-04  1.32155e-03
  2.64000e-02  5.84412e-06 -4.69185e-04  1.21869e-03
  2.64000e-02  6.67899e-06 -6.45101e-04  1.12536e-03
  2.64000e-02  7.51386e-06 -8.11600e-04  1.04197e-03
  2.64000e-02  8.34874e-06 -9.68440e-04  9.68884e-04
  2.64000e-02  9.18361e-06 -1.11538e-03  9.06503e-04
  2.64000e-02  1.00185e-05 -1.25217e-03  8.55208e-04
  2.64000e-02  1.08534e-05 -1.37858e-03  8.15385e-04
  2.64000e-02  1.16882e-05 -1.49435e-03  7.87419e-04
  2.64000e-02  1.25231e-05 -1.59925e-03  7.71697e-04
  2.64000e-02  1.33580e-05 -1.69304e-03  7.68605e-04
  2.64000e-02  1.41929e-05 -1.77547e-03  7.78528e-04
  2.64000e-02  1.50277e-05 -1.84630e-03  8.01852e-04
  2.64000e-02  1.58626e-05 -1.90528e-03  8.38964e-04
  2.64000e-02  1.66975e-05 -1.95218e-03  8.90248e-04
  2.64000e-02  1.75323e-05 -1.98675e-03  9.56091e-04
  2.64000e-02  1.83672e-05 -2.00874e-03  1.03688e-03
  2.64000e-02  1.92021e-05 -2.01793e-03  1.13300e-03
  2.64000e-02  2.00370e-05 -2.01405e-03  1.24483e-03
  2.64000e-02  2.08718e-05 -1.99688e-03  1.37277e-03

  2.76000e-02  0.00000e+00  9.36986e-04  2.12607e-03
  2.76000e-02  8.34874e-07  7.03803e-04  1.97373e-03
  2.76000e-02  1.66975e-06  4.77823e-04  1.82822e-03
  2.76000e-02  2.50462e-06  2.59289e-04  1.68992e-03
  2.76000e-02  3.33949e-06  4.84446e-05  1.55922e-03
  2.76000e-02  4.17437e-06 -1.54469e-04  1.43652e-03
  2.76000e-02  5.00924e-06 -3.49208e-04  1.32218e-03
  2.76000e-02  5.84412e-06 -5.35530e-04  1.21661e-03
  2.76000e-02  6.67899e-06 -7.13193e-04  1.12018e-03
  2.76000e-02  7.51386e-06 -8.81953e-04  1.03328e-03
  2.76000e-02  8.34874e-06 -1.04157e-03  9.56296e-04
  2.76000e-02  9.18361e-06 -1.19180e-03  8.89617e-04
  2.76000e-02  1.00185e-05 -1.33239e-03  8.33627e-04
  2.76000e-02  1.08534e-05 -1.46312e-03  7.88711e-04
  2.76000e-02  1.16882e-05 -1.58373e-03  7.55255e-04
  2.76000e-02  1.25231e-05 -1.69397e-03  7.33646e-04
  2.76000e-02  1.33580e-05 -1.79362e-03  7.24269e-04
  2.76000e-02  1.41929e-05 -1.88243e-03  7.27510e-04
  2.76000e-02  1.50277e-05 -1.96015e-03  7.43754e-04
  2.76000e-02  1.58626e-05 -2.02653e-03  7.73389e-04
  2.76000e-02  1.66975e-05 -2.08135e-03  8.16798e-04
  2.76000e-02  1.75323e-05 -2.12435e-03  8.74369e-04
  2.76000e-02  1.83672e-05 -2.15530e-03  9.46488e-04
  2.76000e-02  1.92021e-05 -2.17394e-03  1.03354e-03
  2.76000e-02  2.00370e-05 -2.18004e-03  1.13591e-03
  2.76000e-02  2.08718e-05 -2.17336e-03  1.25398e-03

  2.88000e-02  0.00000e+00  8.66517e-04  2.12530e-03
  2.88000e-02  8.34874e-07  6.36390e-04  1.97333e-03
  2.88000e-02  1.66975e-06  4.12940e-04  1.82779e-03
  2.88000e-02  2.50462e-06  1.96410e-04  1.68906e-03
  2.88000e-02  3.33949e-06 -1.29572e-05  1.55753e-03
  2.88000e-02  4.17437e-06 -2.14919e-04  1.43358e-03
  2.88000e-02  5.00924e-06 -4.09233e-04  1.31760e-03
  2.88000e-02  5.84412e-06 -5.95655e-04  1.20997e-03
  2.88000e-02  6.67899e-06 -7.73945e-04  1.11108e-03
  2.88000e-02  7.51386e-06 -9.43858e-04  1.02133e-03
  2.88000e-02  8.34874e-06 -1.10515e-03  9.41080e-04
  2.88000e-02  9.18361e-06 -1.25758e-03  8.70733e-04
  2.88000e-02  1.00185e-05 -1.40091e-03  8.10669e-04
  2.88000e-02  1.08534e-05 -1.53489e-03  7.61275e-04
  2.88000e-02  1.16882e-05 -1.65929e-03  7.22937e-04
  2.88000e-02  1.25231e-05 -1.77384e-03  6.96041e-04
  2.88000e-02  1.33580e-05 -1.87833e-03  6.80972e-04
  2.88000e-02  1.41929e-05 -1.97249e-03  6.78117e-04
  2.88000e-02  1.50277e-05 -2.05610e-03  6.87861e-04
  2.88000e-02  1.58626e-05 -2.12890e-03  7.10590e-04
  2.88000e-02  1.66975e-05 -2.19066e-03  7.46690e-04
  2.88000e-02  1.75323e-05 -2.24113e-03  7.96547e-04
  2.88000e-02  1.83672e-05 -2.28006e-03  8.60547e-04
  2.88000e-02  1.92021e-05 -2.30723e-03  9.39075e-04
  2.88000e-02  2.00370e-05 -2.32237e-03  1.03252e-03
  2.88000e-02  2.08718e-05 -2.32526e-03  1.14126e-03

  3.00000e-02  0.00000e+00  7.96984e-04  2.11513e-03
  3.00000e-02  8.34874e-07  5.71190e-04  1.96429e-03
  3.00000e-02  1.66975e-06  3.51536e-04  1.81947e-03
  3.00000e-02  2.50462e-06  1.38263e-04  1.68104e-03
  3.00000e-02  3.33949e-06 -6.83844e-05  1.54940e-03
  3.00000e-02  4.17437e-06 -2.68164e-04  1.42494e-03
  3.00000e-02  5.00924e-06 -4.60834e-04  1.30803e-03
  3.00000e-02  5.84412e-06 -6.46151e-04  1.19906e-03
  3.00000e-02  6.67899e-06 -8.23872e-04  1.09842e-03
  3.00000e-02  7.51386e-06 -9.93755e-04  1.00650e-03
  3.00000e-02  8.34874e-06 -1.15556e-03  9.23672e-04
  3.00000e-02  9.18361e-06 -1.30903e-03  8.50335e-04
  3.00000e-02  1.00185e-05 -1.45395e-03  7.86871e-04
  3.00000e-02  1.08534e-05 -1.59005e-03  7.33665e-04
  3.00000e-02  1.16882e-05 -1.71710e-03  6.91103e-04
  3.00000e-02  1.25231e-05 -1.83485e-03  6.59572e-04
  3.00000e-02  1.33580e-05 -1.94307e-03  6.39456e-04
  3.00000e-02  1.41929e-05 -2.04151e-03  6.31141e-04
  3.00000e-02  1.50277e-05 -2.12993e-03  6.35014e-04
  3.00000e-02  1.58626e-05 -2.20808e-03  6.51461e-04
  3.00000e-02  1.66975e-05 -2.27572e-03  6.80867e-04
  3.00000e-02  1.75323e-05 -2.33261e-03  7.23618e-04
  3.00000e-02  1.83672e-05 -2.37851e-03  7.80100e-04
  3.00000e-02  1.92021e-05 -2.41317e-03  8.50699e-04
  3.00000e-02  2.00370e-05 -2.43635e-03  9.35800e-04
  3.00000e-02  2.08718e-05 -2.44782e-03  1.03579e-03

