# Tracking with TRACY# (Floquet space)
#
#  1   512 1.0E+00 1.0E+00 0.0E+00 0.0E+00 2.21085 1.07399
#    N     x^          px^          y^          py^          delta          cdt
#                                                                   [%]           [mm]
#
   0  2.2842854751322248e-04  5.0988399571967837e-19  4.1880436192778458e-03  2.1778519425320298e-17  0.0000000000000000e+00  0.0000000000000000e+00
   1  6.4251381458489150e-05  4.9646966768841924e-04  3.7254945140095318e-03 -1.9243811191019884e-03  0.0000000000000000e+00  2.6392163743349218e-03
   2 -5.7383305454306030e-05  6.8333215713933045e-04  2.5335012632414023e-03 -3.4300028426930370e-03  0.0000000000000000e+00 -1.8867238839540938e-02
   3 -1.4034343307797349e-04  1.9291132420883264e-04  9.0143228363037166e-04 -4.2427730189069429e-03  0.0000000000000000e+00 -5.8953398403051159e-02
   4 -4.0452985332247755e-04 -5.1343373633189996e-04 -8.4662704577818612e-04 -4.3178233423313110e-03  0.0000000000000000e+00 -9.7601017431934681e-02
   5 -5.8006343365316093e-04 -6.3742351794048035e-04 -2.3710981108639420e-03 -3.5108255153188245e-03  0.0000000000000000e+00 -1.1373171052917169e-01
   6 -2.5360963671203484e-04 -1.0140583083395794e-04 -3.5573609035293740e-03 -1.8665930208105134e-03  0.0000000000000000e+00 -1.0522661113643020e-01
   7  3.0938314181892378e-04  4.4707979301303205e-04 -4.1649634521257481e-03  8.8888312205823226e-05  0.0000000000000000e+00 -8.9376913230835173e-02
   8  4.6888080805564385e-04  5.2152178694981656e-04 -3.7817979399140515e-03  1.8895794998225629e-03  0.0000000000000000e+00 -8.8932161434544771e-02
   9  4.4426763174221225e-05  2.6903851152916579e-04 -2.4775401297699308e-03  3.3697153104504571e-03  0.0000000000000000e+00 -1.1217972044622915e-01
  10 -5.3244544932953320e-04 -8.3428312804667143e-06 -8.3840531298780686e-04  4.3392675343987639e-03  0.0000000000000000e+00 -1.5144889875028847e-01
  11 -7.1470100951710345e-04 -2.0601408683134905e-04  7.7310087475485707e-04  4.4168510398898504e-03  0.0000000000000000e+00 -1.8855411717440484e-01
  12 -3.5913101183082565e-04 -2.9175818187886406e-04  2.3523544853292799e-03  3.4784738451899945e-03  0.0000000000000000e+00 -2.0454765889338744e-01
  13  1.4113338140600364e-04 -2.4409820271227019e-04  3.6801496936857731e-03  1.8634685628565629e-03  0.0000000000000000e+00 -1.9647584735502169e-01
  14  2.8625347084310424e-04  2.7738015104558081e-06  4.2002594915357084e-03 -5.6919445769191310e-05  0.0000000000000000e+00 -1.8097435386649138e-01
  15  6.1844969312443475e-05  4.4319982144941773e-04  3.6943551510734609e-03 -1.9710015633948520e-03  0.0000000000000000e+00 -1.7907895385848294e-01
  16 -1.2303706021354533e-04  6.5707875091427278e-04  2.4758709994284383e-03 -3.4807476576747013e-03  0.0000000000000000e+00 -2.0119207582117452e-01
  17 -1.8157743555165018e-04  2.2429838611472065e-04  8.5245097524613129e-04 -4.2742475698224515e-03  0.0000000000000000e+00 -2.4131571663553814e-01
  18 -3.6766147696569836e-04 -4.8633662543652541e-04 -8.9753855033831900e-04 -4.2998315009679178e-03  0.0000000000000000e+00 -2.7958745886341951e-01
  19 -5.2022123757868846e-04 -6.6367717677140729e-04 -2.4348422296169513e-03 -3.4624424559194754e-03  0.0000000000000000e+00 -2.9498689184730392e-01
  20 -2.5041134360040190e-04 -1.4373037492649974e-04 -3.5983698722935453e-03 -1.8091583929064892e-03  0.0000000000000000e+00 -2.8581989114051948e-01
  21  2.6252422419731315e-04  4.5909825699022203e-04 -4.1583142520464399e-03  1.5903768336939487e-04  0.0000000000000000e+00 -2.7002805849589134e-01
  22  4.5145925583012767e-04  5.8392485292801054e-04 -3.7514572390391332e-03  1.9554036869994535e-03  0.0000000000000000e+00 -2.7010307886765339e-01
  23  8.5018897432864924e-05  2.8737762664102180e-04 -2.4365622003349597e-03  3.4003486680505737e-03  0.0000000000000000e+00 -2.9433848235701215e-01
  24 -5.0358481079615749e-04 -6.6742580465332206e-05 -7.7723448960050447e-04  4.3391276075479138e-03  0.0000000000000000e+00 -3.3409176540053043e-01
  25 -7.5054158224498950e-04 -2.5981573223026350e-04  8.3099340480308616e-04  4.4054748322198776e-03  0.0000000000000000e+00 -3.7072037152286569e-01
  26 -4.0333867658277060e-04 -2.6521481544390196e-04  2.3838648609297744e-03  3.4401414606695922e-03  0.0000000000000000e+00 -3.8573854205098701e-01
  27  1.6020049162575846e-04 -1.7209051753925187e-04  3.7009868360724186e-03  1.7987962651982354e-03  0.0000000000000000e+00 -3.7701889844956848e-01
  28  3.4365986992909427e-04  2.1606470032726411e-05  4.2100184971657975e-03 -1.1602849626410352e-04  0.0000000000000000e+00 -3.6191748692248482e-01
  29  7.3277911515198644e-05  3.9352194590623943e-04  3.6645208351371757e-03 -2.0156950898880172e-03  0.0000000000000000e+00 -3.6084692558185877e-01
  30 -1.8201651806663168e-04  6.1734801764130680e-04  2.4173464887337075e-03 -3.5277002047323295e-03  0.0000000000000000e+00 -3.8360115191110844e-01
  31 -2.3488742067756638e-04  2.4589391235464855e-04  8.0232785076305455e-04 -4.3073065471408165e-03  0.0000000000000000e+00 -4.2375179561249571e-01
  32 -3.4365737554550044e-04 -4.4949241730803379e-04 -9.4494666252073240e-04 -4.2849587048613353e-03  0.0000000000000000e+00 -4.6154489010649330e-01
  33 -4.5522604270617050e-04 -6.7592510314082495e-04 -2.4961047770640779e-03 -3.4137923740677999e-03  0.0000000000000000e+00 -4.7623708097518841e-01
  34 -2.3299194829418232e-04 -1.8831786708342228e-04 -3.6415515937704211e-03 -1.7526628324354733e-03  0.0000000000000000e+00 -4.6644198088370808e-01
  35  2.1713046784850189e-04  4.5499966992288202e-04 -4.1522788696340407e-03  2.2658586096077022e-04  0.0000000000000000e+00 -4.5074206255711446e-01
  36  4.1997374617802093e-04  6.3968721983930909e-04 -3.7180556741939711e-03  2.0223267138384997e-03  0.0000000000000000e+00 -4.5130277701935295e-01
  37  1.1732230853513495e-04  3.1795025766614721e-04 -2.3953801561239713e-03  3.4336369513573426e-03  0.0000000000000000e+00 -4.7642458607278632e-01
  38 -4.6404656916132513e-04 -1.1479478794421220e-04 -7.1735445908441731e-04  4.3364507507984455e-03  0.0000000000000000e+00 -5.1668282202616811e-01
  39 -7.7180475336270215e-04 -3.2039087975298177e-04  8.9193451055106067e-04  4.3889299526885094e-03  0.0000000000000000e+00 -5.5283188770500336e-01
  40 -4.5000306275424259e-04 -2.5284223250518056e-04  2.4180332319002572e-03  3.4001749820392136e-03  0.0000000000000000e+00 -5.6689806371930596e-01
  41  1.6486416541477367e-04 -9.9630992289225173e-05  3.7184099429700213e-03  1.7328557790209009e-03  0.0000000000000000e+00 -5.5751834930126343e-01
  42  3.9701914772216504e-04  5.6149857854043736e-05  4.2168480152068978e-03 -1.7758353788345575e-04  0.0000000000000000e+00 -5.4281324273911524e-01
  43  9.7328730414751239e-05  3.5117325463818470e-04  3.6360285765793705e-03 -2.0591572866038919e-03  0.0000000000000000e+00 -5.4265304289907557e-01
  44 -2.3084970570756071e-04  5.6648491756391896e-04  2.3585078746741518e-03 -3.5702585266774384e-03  0.0000000000000000e+00 -5.6608134305743119e-01
  45 -2.9713638993141152e-04  2.5510354659651324e-04  7.5077052594086648e-04 -4.3406929206172657e-03  0.0000000000000000e+00 -6.0626821379174445e-01
  46 -3.3438438054740388e-04 -4.0630725697057629e-04 -9.8908229046592634e-04 -4.2731463214078389e-03  0.0000000000000000e+00 -6.4348659091504157e-01
  47 -3.8906677994282103e-04 -6.7285552312520861e-04 -2.5538184819705839e-03 -3.3651756413885397e-03  0.0000000000000000e+00 -6.5747538411676198e-01
  48 -2.0162406929684099e-04 -2.3116381044324802e-04 -3.6860165211807152e-03 -1.6968557458857737e-03  0.0000000000000000e+00 -6.4710396967542794e-01
  49  1.7678180349223934e-04  4.3601246734829483e-04 -4.1471712154369398e-03  2.9111599345891029e-04  0.0000000000000000e+00 -6.3152441974015028e-01
  50  3.7609583875700749e-04  6.8511256492799499e-04 -3.6817651619241959e-03  2.0895928799813199e-03  0.0000000000000000e+00 -6.3256250804882708e-01
  51  1.3823929234890920e-04  3.5808527988684239e-04 -2.3534772550436703e-03  3.4700320333202910e-03  0.0000000000000000e+00 -6.5845292752872231e-01
  52 -4.1725749890214776e-04 -1.5018162879259968e-04 -6.5904819950826372e-04  4.3324865560082099e-03  0.0000000000000000e+00 -6.9921827535321002e-01
  53 -7.7714411939611681e-04 -3.8428918380137723e-04  9.5545663122165387e-04  4.3674964919930949e-03  0.0000000000000000e+00 -7.3489188117380766e-01
  54 -4.9512733885598227e-04 -2.5514175123573179e-04  2.4557352069492049e-03  3.3584026397630641e-03  0.0000000000000000e+00 -7.4802340579803928e-01
  55  1.5581088368162496e-04 -3.1087616314462094e-05  3.7334015780679164e-03  1.6659059406930966e-03  0.0000000000000000e+00 -7.3799156752122963e-01
  56  4.4295466895051343e-04  1.0487619490544748e-04  4.2203860838348666e-03 -2.4167783446812764e-04  0.0000000000000000e+00 -7.2365180281081709e-01
  57  1.3187414063910134e-04  3.1938058541280067e-04  3.6087673244321458e-03 -2.1021033377019308e-03  0.0000000000000000e+00 -7.2448158768551463e-01
  58 -2.6681923449405699e-04  5.0751443548459048e-04  2.2999251738311738e-03 -3.6080804866905924e-03  0.0000000000000000e+00 -7.4861865092852320e-01
  59 -3.6452025259947705e-04  2.5027776352181319e-04  6.9754171898627881e-04 -4.3730381769147729e-03  0.0000000000000000e+00 -7.8886116650312554e-01
  60 -3.4061423249004527e-04 -3.6065663548260355e-04 -1.0304266934207400e-03 -4.2640219247670492e-03  0.0000000000000000e+00 -8.2542605973079308e-01
  61 -3.2576711542463900e-04 -6.5419784605531275e-04 -2.6071267067207127e-03 -3.3167933140984154e-03  0.0000000000000000e+00 -8.3869176438139281e-01
  62 -1.5756673678294673e-04 -2.6835843376806179e-04 -3.7307638791058326e-03 -1.6413620175563951e-03  0.0000000000000000e+00 -8.2781086256703007e-01
  63  1.4464686558443625e-04  4.0436722054230820e-04 -4.1431662499963441e-03  3.5244881095723441e-04  0.0000000000000000e+00 -8.1237859074712382e-01
  64  3.2238534932260227e-04  7.1731001035285321e-04 -3.6428660566998504e-03  2.1563616588733603e-03  0.0000000000000000e+00 -8.1390711280653716e-01
  65  1.4545989674734003e-04  4.0434240564793411e-04 -2.3103750231040195e-03  3.5097507215115890e-03  0.0000000000000000e+00 -8.4044728026717341e-01
  66 -3.6715242707898956e-04 -1.7143809966894505e-04 -6.0251670808955822e-04  4.3285010136644066e-03  0.0000000000000000e+00 -8.8169528426929400e-01
  67 -7.6633470416848635e-04 -4.4782110861544140e-04  1.0209044662508357e-03  4.3417253109588345e-03  0.0000000000000000e+00 -9.1690702845769023e-01
  68 -5.3481631978348617e-04 -2.7153090919722459e-04  2.4975520846200415e-03  3.3147789275966709e-03  0.0000000000000000e+00 -9.2911219644798737e-01
  69  1.3469826715161481e-04  2.9496513701929624e-05  3.7470458863040962e-03  1.5982825590083584e-03  0.0000000000000000e+00 -9.1845460194982642e-01
  70  4.7857313724568345e-04  1.6515204422153036e-04  4.2204087736403871e-03 -3.0825497660823563e-04  0.0000000000000000e+00 -9.0443101105809043e-01
  71  1.7402582892577328e-04  3.0064508237614285e-04  3.5824713313325203e-03 -2.1452362204364261e-03  0.0000000000000000e+00 -9.0631247555251571e-01
  72 -2.8815355664675238e-04  4.4394417277049246e-04  2.2421171117072499e-03 -3.6411154690185270e-03  0.0000000000000000e+00 -9.3119834991122996e-01
  73 -4.3284176615905146e-04  2.3079992956720680e-04  6.4247383342890116e-04 -4.4029698696892317e-03  0.0000000000000000e+00 -9.7151732059164853e-01
  74 -3.6197047970521655e-04 -3.1658310212424526e-04 -1.0696996675326020e-03 -4.2569300324099054e-03  0.0000000000000000e+00 -1.0073738783351509e+00
  75 -2.6909843693070923e-04 -6.2078448357853202e-04 -2.6554585387810361e-03 -3.2687371293171818e-03  0.0000000000000000e+00 -1.0198750672348884e+00
  76 -1.0297715805823013e-04 -2.9633217433674026e-04 -3.7747464208635825e-03 -1.5857186002239904e-03  0.0000000000000000e+00 -1.0085589354383144e+00
  77  1.2326442374698370e-04  3.6313260927780969e-04 -4.1403103967495381e-03  4.1067549015842263e-04  0.0000000000000000e+00 -9.9330580865955242e-01
  78  2.6212195748173819e-04  7.3438835313912730e-04 -3.6017280170876358e-03  2.2217737700075926e-03  0.0000000000000000e+00 -9.9535229998628894e-01
  79  1.3762942276605275e-04  4.5276308660448212e-04 -2.2656562750726686e-03  3.5527505960756410e-03  0.0000000000000000e+00 -1.0224372415353853e+00
  80 -3.1791001205932416e-04 -1.7807848384982080e-04 -5.4786700779113845e-04  4.3256985770455340e-03  0.0000000000000000e+00 -1.0641127996990016e+00
  81 -7.4028701110319839e-04 -5.0728111757905722e-04  1.0874792223764301e-03  4.3123834892091146e-03  0.0000000000000000e+00 -1.0988846282271341e+00
  82 -5.6554855841732120e-04 -3.0041203939011705e-04  2.5437424788820064e-03  3.2693678452692583e-03  0.0000000000000000e+00 -1.1101640016939907e+00
  83  1.0404544356788731e-04  7.8715289846719780e-05  3.7604415635123746e-03  1.5303881540086094e-03  0.0000000000000000e+00 -1.0989194028940112e+00
  84  5.0166021070681269e-04  2.3341400074445334e-04  4.2168489076619010e-03 -3.7712159532006062e-04  0.0000000000000000e+00 -1.0851567050118802e+00
  85  2.2032279636503019e-04  2.9656703626849919e-04  3.5567301359019994e-03 -2.1892219638156409e-03  0.0000000000000000e+00 -1.0881226332253595e+00
  86 -2.9413876740143856e-04  3.7954603868504093e-04  2.1855152174655051e-03 -3.6696105054688558e-03  0.0000000000000000e+00 -1.1138046611757537e+00
  87 -4.9781646733167899e-04  1.9708786701029397e-04  5.8548431755838567e-04 -4.4292219779874043e-03  0.0000000000000000e+00 -1.1542163552129354e+00
  88 -3.9696238720569269e-04 -2.7797699286796881e-04 -1.1078180827946249e-03 -4.2509896191629008e-03  0.0000000000000000e+00 -1.1893350719263054e+00
  89 -2.2231637147737010e-04 -5.7452684485930698e-04 -2.6985839882944750e-03 -3.2209892943377075e-03  0.0000000000000000e+00 -1.2010153355651692e+00
  90 -4.0758168782880730e-05 -3.1208806774127534e-04 -3.8169351245112906e-03 -1.5294235613001663e-03  0.0000000000000000e+00 -1.1893351635636435e+00
  91  1.1437887562518539e-04  3.1600434930007838e-04 -4.1385368423262365e-03  4.6615417535928827e-04  0.0000000000000000e+00 -1.1743046889844588e+00
  92  1.9907342552678381e-04  7.3555494167682790e-04 -3.5587922049394368e-03  2.2850226619006791e-03  0.0000000000000000e+00 -1.1769040837085587e+00
  93  1.1445164358846119e-04  4.9917963188860078e-04 -2.2189848255880478e-03  3.5987202343090467e-03  0.0000000000000000e+00 -1.2044542547733121e+00
  94 -2.7366458661483252e-04 -1.7065920360637845e-04 -4.9510744545253331e-04  4.3251475825203788e-03  0.0000000000000000e+00 -1.2464730212248081e+00
  95 -7.0097796033812465e-04 -5.5917456700774171e-04  1.1542868775116636e-03  4.2803878660465176e-03  0.0000000000000000e+00 -1.2808301461752902e+00
  96 -5.8442103242859302e-04 -3.3930818459945792e-04  2.5942371344422838e-03  3.2223164233456379e-03  0.0000000000000000e+00 -1.2911815857490898e+00
  97  6.7053834833502739e-05  1.1404455852845455e-04  3.7746139232256943e-03  1.4626752666399658e-03  0.0000000000000000e+00 -1.2793928465496636e+00
  98  5.1083068593892956e-04  3.0543994914578764e-04  4.2098019832864696e-03 -4.4795421001541660e-04  0.0000000000000000e+00 -1.2658419914984842e+00
  99  2.6697057210499207e-04  3.0772047136521936e-04  3.5310172095966812e-03 -2.2346655869565197e-03  0.0000000000000000e+00 -1.2698889991618003e+00
 100 -2.8514942921410008e-04  3.1812290006748842e-04  2.1304376310055145e-03 -3.6940896872423934e-03  0.0000000000000000e+00 -1.2964203767971698e+00
 101 -5.5538797143337196e-04  1.5052246276968964e-04  5.2659062147224168e-04 -4.4507378550109949e-03  0.0000000000000000e+00 -1.3369345566778190e+00
 102 -4.4310129390140338e-04 -2.4827142727519710e-04 -1.1458252248827139e-03 -4.2451739647603433e-03  0.0000000000000000e+00 -1.3713077031996690e+00
 103 -1.8793776126130622e-04 -5.1829715322174901e-04 -2.7366410952072103e-03 -3.1734336253921012e-03  0.0000000000000000e+00 -1.3821058386107330e+00
 104  2.5649485175504957e-05 -3.1341382214772047e-04 -3.8563815883629602e-03 -1.4719905908606771e-03  0.0000000000000000e+00 -1.3701190039362818e+00
 105  1.1883469408774435e-04  2.6705719801378887e-04 -4.1376814955688089e-03  5.1946865646934290e-04  0.0000000000000000e+00 -1.3553707354011260e+00
 106  1.3721636449110332e-04  7.2112422013056825e-04 -3.5145551066277053e-03  2.3454216042403837e-03  0.0000000000000000e+00 -1.3585601925679829e+00
 107  7.6721241182097513e-05  5.3955317700635403e-04 -2.1701233876795225e-03  3.6470861178083949e-03  0.0000000000000000e+00 -1.3865274496463604e+00
 108 -2.3821117199587241e-04 -1.5076641520713513e-04 -4.4414993573184966e-04  4.3277097917056298e-03  0.0000000000000000e+00 -1.4287829305039557e+00
 109 -6.5130465854064596e-04 -6.0044210294639779e-04  1.2203876045364978e-03  4.2467333532428108e-03  0.0000000000000000e+00 -1.4627458180783011e+00
 110 -5.8935183030426274e-04 -3.8505093494330898e-04  2.6486525172195931e-03  3.1738251666205697e-03  0.0000000000000000e+00 -1.4721714739133231e+00
 111  2.7369081719667459e-05  1.3400404397066856e-04  3.7904350721355796e-03  1.3956212913305809e-03  0.0000000000000000e+00 -1.4598776547952093e+00
 112  5.0562688517170689e-04  3.7669234771760512e-04  4.1995172322774731e-03 -5.2030076034428267e-04  0.0000000000000000e+00 -1.4465055963826037e+00
 113  3.1011081782657848e-04  3.3358737862859402e-04  3.5047351553581236e-03 -2.2820833059939878e-03  0.0000000000000000e+00 -1.4515925897145234e+00
 114 -2.6260471281911260e-04  2.6326874719621423e-04  2.0770749822346434e-03 -3.7153107885121656e-03  0.0000000000000000e+00 -1.4790269024153726e+00
 115 -6.0202747084606113e-04  9.3321248697864152e-05  4.6592193701614772e-04 -4.4667562498640493e-03  0.0000000000000000e+00 -1.5196486485077785e+00
 116 -4.9708805316059259e-04 -2.3018133291834457e-04 -1.1847992372755916e-03 -4.2384046453053997e-03  0.0000000000000000e+00 -1.5532831233565088e+00
 117 -1.6757107168252340e-04 -4.5572044965276766e-04 -2.7701305370713019e-03 -3.1258781327550078e-03  0.0000000000000000e+00 -1.5631443098265465e+00
 118  9.2514050659083267e-05 -2.9906236142393207e-04 -3.8922762588920858e-03 -1.4130003788928309e-03  0.0000000000000000e+00 -1.5508861548547821e+00
 119  1.3652951559639580e-04  2.2047388611874804e-04 -4.1374971558203640e-03  5.7135755067087748e-04  0.0000000000000000e+00 -1.5364958976272807e+00
 120  8.0434710200652949e-05  6.9245041660456275e-04 -3.4695521367418786e-03  2.4024581132136564e-03  0.0000000000000000e+00 -1.5403127800069798e+00
 121  2.6281926286786959e-05  5.7030239657090206e-04 -2.1189489875346667e-03  3.6970383620994326e-03  0.0000000000000000e+00 -1.5686801091957641e+00
 122 -2.1472593575332991e-04 -1.2092205293171705e-04 -3.9481632822959231e-04  4.3339772606589720e-03  0.0000000000000000e+00 -1.6110552609496169e+00
 123 -5.9487297256771883e-04 -6.2867204430672684e-04  1.2848461535386647e-03  4.2124215520917500e-03  0.0000000000000000e+00 -1.6446306389558980e+00
 124 -5.7922826132905756e-04 -4.3400266058678971e-04  2.7063199663618347e-03  3.1241200381453425e-03  0.0000000000000000e+00 -1.6531435021492085e+00
 125 -1.1195269193951786e-05  1.3823229138219413e-04  3.8085611169201969e-03  1.3296930195174131e-03  0.0000000000000000e+00 -1.6403747041051095e+00
 126  4.8656006035516805e-04  4.4269523722262539e-04  4.1863742875869739e-03 -5.9358313785847709e-04  0.0000000000000000e+00 -1.6271696010790764e+00
 127  3.4609870940348851e-04  3.7256237924508163e-04  3.4772706650932602e-03 -2.3318707244803440e-03  0.0000000000000000e+00 -1.6332227012150125e+00
 128 -2.2885976138555686e-04  2.1813451439774663e-04  2.0254878380887554e-03 -3.7342066091840551e-03  0.0000000000000000e+00 -1.6616050685409389e+00
 129 -6.3499221065147383e-04  2.8373891688557320e-05  4.0372382523913114e-04 -4.4768718639099500e-03  0.0000000000000000e+00 -1.7023390466943864e+00
 130 -5.5505514983951183e-04 -2.2551011060257216e-04 -1.2257546847343908e-03 -4.2296483286019112e-03  0.0000000000000000e+00 -1.7352478555294841e+00
 131 -1.6180943885176741e-04 -3.9089441200657195e-04 -2.7998776563940867e-03 -3.0780866335664795e-03  0.0000000000000000e+00 -1.7441330998165874e+00
 132  1.5607793561268660e-04 -2.6888383030932805e-04 -3.9240000100799295e-03 -1.3521405216724628e-03  0.0000000000000000e+00 -1.7316133760783334e+00
 133  1.6642425510800235e-04  1.8026802158541380e-04 -4.1376649616971170e-03  6.2262963597839449e-04  0.0000000000000000e+00 -1.7176683776932775e+00
 134  3.2226135632847136e-05  6.5180159141003469e-04 -3.4243377842527846e-03  2.4558302365873699e-03  0.0000000000000000e+00 -1.7221514980112742e+00
 135 -3.4090303820416024e-05  5.8858402675236016e-04 -2.0654630136575248e-03  3.7475760980001244e-03  0.0000000000000000e+00 -1.7509274056170157e+00
 136 -2.0552651445778083e-04 -8.4409439698510225e-05 -3.4684509514758922e-04  4.3442218564778944e-03  0.0000000000000000e+00 -1.7933083302150490e+00
 137 -5.3573703791926853e-04 -6.4228677968355150e-04  1.3467846477042823e-03  4.1783929968529617e-03  0.0000000000000000e+00 -1.8264816098526673e+00
 138 -5.5398950171943017e-04 -4.8229624536319477e-04  2.7663287213250082e-03  3.0734277071255063e-03  0.0000000000000000e+00 -1.8341092901665830e+00
 139 -4.4944946406447245e-05  1.2747962697727633e-04  3.8293928060075281e-03  1.2653009583562579e-03  0.0000000000000000e+00 -1.8208857812663872e+00
 140  4.5508972426495014e-04  4.9939990775435550e-04  4.1708483091597000e-03 -6.6710999924458924e-04  0.0000000000000000e+00 -1.8078569647765670e+00
 141  3.7176407764813663e-04  4.2203766674440106e-04  3.4480494613702943e-03 -2.3842703257759700e-03  0.0000000000000000e+00 -1.8147801411104632e+00
 142 -1.8704227553819410e-04  1.8521385418535921e-04  1.9756130280362797e-03 -3.7518189939693596e-03  0.0000000000000000e+00 -1.8441367716458423e+00
 143 -6.5252132466345528e-04 -4.0947656783725590e-05  3.4035235893627852e-04 -4.4810636776612652e-03  0.0000000000000000e+00 -1.8849918835282757e+00
 144 -6.1284430137823463e-04 -2.3503781582308216e-04 -1.2695523160914620e-03 -4.2180039231945916e-03  0.0000000000000000e+00 -1.9171866132677480e+00
 145 -1.7019226023515230e-04 -3.2806486485494778e-04 -2.8269654801062810e-03 -3.0298147054313245e-03  0.0000000000000000e+00 -1.9250782238286608e+00
 146  2.1281926238278891e-04 -2.2388788652535389e-04 -3.9511654209746601e-03 -1.2892285767168137e-03  0.0000000000000000e+00 -1.9122831521123036e+00
 147  2.0660960901335663e-04  1.5001820286161951e-04 -4.1378034789069339e-03  6.7408266320998064e-04  0.0000000000000000e+00 -1.8988728512852706e+00
 148 -4.5549160766393105e-06  6.0218982060578107e-04 -3.3794592768584581e-03  2.5054622361508640e-03  0.0000000000000000e+00 -1.9040659689344901e+00
 149 -1.0087527840025120e-04  5.9249485794063579e-04 -2.0097925420900537e-03  3.7975710636231667e-03  0.0000000000000000e+00 -1.9332756632841146e+00
 150 -2.1189428104942873e-04 -4.5028369596918673e-05 -2.9989622949785937e-04  4.3583636085435468e-03  0.0000000000000000e+00 -1.9755643961924412e+00
 151 -4.7810812234696929e-04 -6.4068548437184254e-04  1.4054388849412381e-03  4.1454646643480971e-03  0.0000000000000000e+00 -2.0082956931703499e+00
 152 -5.1463533228877760e-04 -5.2607886394858024e-04  2.8275818640816331e-03  3.0219541335827563e-03  0.0000000000000000e+00 -2.0150798680052744e+00
 153 -7.0575052625094597e-05  1.0352886386360575e-04  3.8530616656060421e-03  1.2027474445470766e-03  0.0000000000000000e+00 -2.0014157011048694e+00
 154  4.1353671971885796e-04  5.4349790027312134e-04  4.1534683503340964e-03 -7.4010773606788768e-04  0.0000000000000000e+00 -1.9885891964721465e+00
 155  3.8463603339084434e-04  4.7857317929849943e-04  3.4165819491481474e-03 -2.4393431600480283e-03  0.0000000000000000e+00 -1.9962784789673478e+00
 156 -1.4084313146465156e-04  1.6616312724244281e-04  1.9272757293660164e-03 -3.7692312169992827e-03  0.0000000000000000e+00 -2.0266071602415483e+00
 157 -6.5395451773126454e-04 -1.1099627350652689e-04  2.7625663262922457e-04 -4.4796877865280410e-03  0.0000000000000000e+00 -2.0675994271671230e+00
 158 -6.6629979920953446e-04 -2.5849379074503460e-04 -1.3168285404651068e-03 -4.2027696902741220e-03  0.0000000000000000e+00 -2.0990856162957288e+00
 159 -1.9123831575069882e-04 -2.7128994165170612e-04 -2.8526450463922976e-03 -2.9808445194803735e-03  0.0000000000000000e+00 -2.1059875567746369e+00
 160  2.5969096892022474e-04 -1.6621602904263796e-04 -3.9736434111189520e-03 -1.2242179287036486e-03  0.0000000000000000e+00 -2.0928870033806559e+00
 161  2.5442870463110348e-04  1.3262771638418243e-04 -4.1374772502461611e-03  7.2643882368735740e-04  0.0000000000000000e+00 -2.0800911829447597e+00
 162 -2.7896455460662405e-05  5.4716806014237427e-04 -3.3354228398139478e-03  2.5515000764760091e-03  0.0000000000000000e+00 -2.0860469165697939e+00
 163 -1.7005896065581445e-04  5.8118023595333992e-04 -1.9521812241464235e-03  3.8458456692687993e-03  0.0000000000000000e+00 -2.1157229656919365e+00
 164 -2.3397449598713883e-04 -6.7987580840636376e-06 -2.5355576916325228e-04  4.3759636766847925e-03  0.0000000000000000e+00 -2.1578465862350895e+00
 165 -4.2605248565656168e-04 -6.2432433271425230e-04  1.4602170181147850e-03  4.1142744574708548e-03  0.0000000000000000e+00 -2.1900717055328673e+00
 166 -4.6315686621243711e-04 -5.6175105372592094e-04  2.8888640094459185e-03  2.9698668588203966e-03  0.0000000000000000e+00 -2.1960629581656188e+00
 167 -8.5400658769123360e-05  6.9054903703181196e-05  3.8794392954590263e-03  1.1421772077057565e-03  0.0000000000000000e+00 -2.1819729132218644e+00
 168  3.6492937166151645e-04  5.7265252571370075e-04  4.1347749596519238e-03 -8.1177239932209958e-04  0.0000000000000000e+00 -2.1693844394557944e+00
 169  3.8311728289454528e-04  5.3814739522775308e-04  3.3824941628172794e-03 -2.4969494825106231e-03  0.0000000000000000e+00 -2.1777427349431293e+00
 170 -9.4269918878143281e-05  1.6166852507193679e-04  1.8802053200509161e-03 -3.7875014842950749e-03  0.0000000000000000e+00 -2.2090068542049872e+00
 171 -6.3976793349241397e-04 -1.7806885362515006e-04  2.1195138878966416e-04 -4.4734367660115631e-03  0.0000000000000000e+00 -2.2501589378730649e+00
 172 -7.1155874027082375e-04 -2.9460719142494166e-04 -1.3679502720005748e-03 -4.1834847611608057e-03  0.0000000000000000e+00 -2.2809353007655231e+00
 173 -2.2255022964734610e-04 -2.2412559091442301e-04 -2.8782315925839864e-03 -2.9310139357952695e-03  0.0000000000000000e+00 -2.2868686658431652e+00
 174  2.9432370724649946e-04 -9.9011609613335931e-05 -3.9915714791097581e-03 -1.1571910789156059e-03  0.0000000000000000e+00 -2.2734266223640995e+00
 175  3.0665313959071978e-04  1.3012072220238354e-04 -4.1362081135940332e-03  7.8030265479163603e-04  0.0000000000000000e+00 -2.2613036351797344e+00
 176 -3.6759541456361773e-05  4.9060160085334257e-04 -3.2926548347300450e-03  2.5942898757449050e-03  0.0000000000000000e+00 -2.2680856879187288e+00
 177 -2.3742961695726270e-04  5.5485071479812408e-04 -1.8929706155258841e-03  3.8912601707362699e-03  0.0000000000000000e+00 -2.2982606255225191e+00
 178 -2.7076231496626734e-04  2.6359792126263399e-05 -2.0734432863303421e-04  4.3962462069954801e-03  0.0000000000000000e+00 -2.3401749258945799e+00
 179 -3.8319881548615973e-04 -5.9471813179242966e-04  1.5107564999176494e-03  4.0852359811023968e-03  0.0000000000000000e+00 -2.3718114467678126e+00
 180 -4.0239177679259654e-04 -5.8619560877545894e-04  2.9489188288506748e-03  2.9172824754201106e-03  0.0000000000000000e+00 -2.3770606011391533e+00
 181 -8.7534070550542194e-05  2.7434629906262569e-05  3.9081647188654884e-03  1.0835416794753190e-03  0.0000000000000000e+00 -2.3625682425919643e+00
 182  3.1278899225831765e-04  5.8563638942711171e-04  4.1152830872466344e-03 -8.8133892785809088e-04  0.0000000000000000e+00 -2.3502561378188802e+00
 183  3.6660018753898637e-04  5.9647125156668990e-04  3.3455437205597649e-03 -2.5567423779571190e-03  0.0000000000000000e+00 -2.3592056175499279e+00
 184 -5.1374924691918264e-05  1.7137185446617026e-04  1.8340543928221124e-03 -3.8075986634767529e-03  0.0000000000000000e+00 -2.3913336805157499e+00
 185 -6.1152968702743026e-04 -2.3863244403455290e-04  1.4798364483671253e-04 -4.4632730802631367e-03  0.0000000000000000e+00 -2.4326704753808635e+00
 186 -7.4532051943496959e-04 -3.4122250107247710e-04 -1.4229954246216441e-03 -4.1599450569515728e-03  0.0000000000000000e+00 -2.4627317646817599e+00
 187 -2.6098568188276394e-04 -1.8936055751432143e-04 -2.9049970020498801e-03 -2.8802367193246550e-03  0.0000000000000000e+00 -2.4677269236107380e+00
 188  3.1518337805552267e-04 -2.6189335618778170e-05 -4.0053415657991514e-03 -1.0883473782690200e-03  0.0000000000000000e+00 -2.4539126548926617e+00
 189  3.5970390065379851e-04  1.4348457538584011e-04 -4.1334931090092524e-03  8.3614001556075220e-04  0.0000000000000000e+00 -2.4424905468337470e+00
 190 -3.1138206307145472e-05  4.3642253617759229e-04 -3.2514629112438604e-03  2.6343447305314099e-03  0.0000000000000000e+00 -2.4501725124762341e+00
 191 -2.9889613589550133e-04  5.1472084783161978e-04 -1.8325747618342179e-03  3.9328024653655100e-03  0.0000000000000000e+00 -2.4808749939713630e+00
 192 -3.2017468079337794e-04  5.0939819020610007e-05 -1.6073437396009634e-04  4.4181506219734736e-03  0.0000000000000000e+00 -2.5225624066295960e+00
 193 -3.5247633795446211e-04 -5.5435423336272591e-04  1.5569725835673774e-03  4.0585085884073634e-03  0.0000000000000000e+00 -2.5535196894395571e+00
 194 -3.3581454699891348e-04 -5.9699043964060055e-04  3.0065334008250568e-03  2.8642609887730365e-03  0.0000000000000000e+00 -2.5580678409275004e+00
 195 -7.6002702460066293e-05 -1.7480740805290608e-05  3.9386839825080828e-03  1.0265869914838652e-03  0.0000000000000000e+00 -2.5432120716621127e+00
 196  2.6087019529058206e-04  5.8237692508336289e-04  4.0954548963934405e-03 -9.4815849498099179e-04  0.0000000000000000e+00 -2.5312123972748730e+00
 197  3.3551981499961028e-04  6.4933476639400934e-04  3.3056242997987722e-03 -2.6181775877710070e-03  0.0000000000000000e+00 -2.5407021685070386e+00
 198 -1.5973521205979357e-05  1.9386533686669241e-04  1.7884207539996832e-03 -3.8303414683834693e-03  0.0000000000000000e+00 -2.5735935780740595e+00
 199 -5.7178309594975961e-04 -2.8954974271190196e-04  8.4897754238868583e-05 -4.4503473077525347e-03  0.0000000000000000e+00 -2.6151345336162986e+00
 200 -7.6507888265673035e-04 -3.9546424062821114e-04 -1.4817559893125728e-03 -4.1321974707123933e-03  0.0000000000000000e+00 -2.6444767281084003e+00
 201 -3.0288479859896442e-04 -1.6882154223081346e-04 -2.9340696746227670e-03 -2.8285118204315093e-03  0.0000000000000000e+00 -2.6485645343090316e+00
 202  3.2167666524408585e-04  4.7876862777774924e-05 -4.0155677704153663e-03 -1.0179910332253537e-03  0.0000000000000000e+00 -2.6343616548797355e+00
 203  4.0990165300976378e-04  1.7256971463156152e-04 -4.1288313498796811e-03  8.9427219529909275e-04  0.0000000000000000e+00 -2.6236344425224365e+00
 204 -1.2051609615594989e-05  3.8837841146220056e-04 -3.2120035586982324e-03  2.6723061678376081e-03  0.0000000000000000e+00 -2.6322943866433466e+00
 205 -3.5079942130953099e-04  4.6288932580747542e-04 -1.7714513735734251e-03  3.9696728027300973e-03  0.0000000000000000e+00 -2.6635492394888418e+00
 206 -3.7920123731919784e-04  6.4116325463078790e-05 -1.1317856003073041e-04  4.4404119265267772e-03  0.0000000000000000e+00 -2.7050121878734039e+00
 207 -3.3590376243450732e-04 -5.0651971278373978e-04  1.5990901349409120e-03  4.0339877998532793e-03  0.0000000000000000e+00 -2.7352030860630077e+00
 208 -2.6727974429095725e-04 -5.9259530039621172e-04  3.0606248094738353e-03  2.8108075648757523e-03  0.0000000000000000e+00 -2.7390730027658887e+00
 209 -5.0805941501442251e-05 -6.1617353438576979e-05  3.9702968339152883e-03  9.7087048746445799e-04  0.0000000000000000e+00 -2.7239108475847043e+00
 210  2.1287992737821764e-04  5.6392089886014309e-04  4.0756841794905305e-03 -1.0117713996702004e-03  0.0000000000000000e+00 -2.7122560935700442e+00
 211  2.9134007624966258e-04  6.9294740079407270e-04  3.2627632478009231e-03 -2.6805413530344891e-03  0.0000000000000000e+00 -2.7222641758205568e+00
 212  8.6271463658933812e-06  2.2676377417981639e-04  1.7428716292744787e-03 -3.8563432905506919e-03  0.0000000000000000e+00 -2.7558005271956576e+00
 213 -5.2386817285947568e-04 -3.2829275035007926e-04  2.3202525562628271e-05 -4.4359114487763180e-03  0.0000000000000000e+00 -2.7975504394443917e+00
 214 -7.6930076734385642e-04 -4.5393518875514144e-04 -1.5437592583643269e-03 -4.1005172693509015e-03  0.0000000000000000e+00 -2.8261762287392957e+00
 215 -3.4433667056736107e-04 -1.6326040822789355e-04 -2.9663517324410582e-03 -2.7759203386019779e-03  0.0000000000000000e+00 -2.8293808689668634e+00
 216  3.1419843820412822e-04  1.1871374587117719e-04 -4.0230360783854368e-03 -9.4652145361290914e-04  0.0000000000000000e+00 -2.8147922510521166e+00
 217  4.5372579181430757e-04  2.1606142878577189e-04 -4.1217589246601346e-03  9.5487766219733508e-04  0.0000000000000000e+00 -2.8047224402380593e+00
 218  1.8527551337108486e-05  3.4978886424182401e-04 -3.1742618555294765e-03  2.7089051492915047e-03  0.0000000000000000e+00 -2.8144336843429936e+00
 219 -3.9018682309578022e-04  4.0217826244039943e-04 -1.7100724257807769e-03  4.0013543554002808e-03  0.0000000000000000e+00 -2.8462649160174620e+00
 220 -4.4412197042407710e-04  6.3948790272659668e-05 -6.4147867257653449e-05  4.4616621083728792e-03  0.0000000000000000e+00 -2.8875168004315555e+00
 221 -3.3444588984850201e-04 -4.5505404068746038e-04  1.6376503914605602e-03  4.0113192944821220e-03  0.0000000000000000e+00 -2.9168684070423301e+00
 222 -2.0074111949198298e-04 -5.7249631250284687e-04  3.1103224322790593e-03  2.7568804029031949e-03  0.0000000000000000e+00 -2.9200596979472508e+00
 223 -1.2910564269714677e-05 -1.0094038182012939e-04  4.0022063274783729e-03  9.1580393894286516e-04  0.0000000000000000e+00 -2.9046640688064640e+00
 224  1.7220330040629129e-04  5.3233148078329006e-04  4.0562906830029829e-03 -1.0719620830134929e-03  0.0000000000000000e+00 -2.8933856634399269e+00
 225  2.3646951373983659e-04  7.2423270384209973e-04  3.2171157546986386e-03 -2.7429955887476316e-03  0.0000000000000000e+00 -2.9039157559013318e+00
 226  1.9868028115255644e-05  2.6685808310795576e-04  1.6969686125060909e-03 -3.8859656326396650e-03  0.0000000000000000e+00 -2.9379754889584317e+00
 227 -4.7169248188671170e-04 -3.5313000357227768e-04 -3.6657305808431778e-05 -4.4212339789073546e-03  0.0000000000000000e+00 -2.9799161411334807e+00
 228 -7.5753797290805313e-04 -5.1293472408918265e-04 -1.6083026080264493e-03 -4.0653728419600341e-03  0.0000000000000000e+00 -3.0078385589267427e+00
 229 -3.8146315698004980e-04 -1.7232654524442580e-04 -3.0024600594473943e-03 -2.7226099111389919e-03  0.0000000000000000e+00 -3.0101740697808248e+00
 230  2.9411475669669326e-04  1.8211440259764528e-04 -4.0286398091251016e-03 -8.7442395100971319e-04  0.0000000000000000e+00 -2.9952216892745138e+00
 231  4.8806075804900612e-04  2.7153823217226138e-04 -4.1118871723176756e-03  1.0179946949339087e-03  0.0000000000000000e+00 -2.9857486200164929e+00
 232  5.7804820400493868e-05  3.2332474160665439e-04 -3.1380474178656962e-03  2.7449244427706051e-03  0.0000000000000000e+00 -2.9965683595994905e+00
 233 -4.1502420976211464e-04  3.3594431711582559e-04 -1.6488963730265840e-03  4.0276602084089027e-03  0.0000000000000000e+00 -3.0290032446654180e+00
 234 -5.1077537142935590e-04  4.9499295315455915e-05 -1.3175404520666760e-05  4.4805421213742116e-03  0.0000000000000000e+00 -3.0700596484761227e+00
 235 -3.4794908934159896e-04 -4.0404937190460322e-04  1.6734860932175613e-03  3.9899365117950667e-03  0.0000000000000000e+00 -3.0985206805401635e+00
 236 -1.3997018401012509e-04 -5.3728795565660312e-04  3.1550377268009019e-03  2.7024025853453200e-03  0.0000000000000000e+00 -3.1010101727577029e+00
 237  3.5815762871333773e-05 -1.3171278851602063e-04  4.0335682909135012e-03  8.6071608953340616e-04  0.0000000000000000e+00 -3.0854627646367270e+00
 238  1.4166218747643420e-04  4.9052986022379982e-04  4.0375201733910040e-03 -1.1287848620030677e-03  0.0000000000000000e+00 -3.0745963282271109e+00
 239  1.7410566470710205e-04  7.4104629229465894e-04  3.1689569512477452e-03 -2.8046365797838482e-03  0.0000000000000000e+00 -3.0856710621237604e+00
 240  1.6127556854176777e-05  3.1034650860111947e-04  1.6502919473309293e-03 -3.9192834290485250e-03  0.0000000000000000e+00 -3.1201444023894025e+00
 241 -4.1946289955182485e-04 -3.6327086312041158e-04 -9.4324212678540361e-05 -4.4075191298917019e-03  0.0000000000000000e+00 -3.1622294467497016e+00
 242 -7.3046127078260929e-04 -5.6868734811872461e-04 -1.6744977999173826e-03 -4.0273809094624720e-03  0.0000000000000000e+00 -3.1894720328259352e+00
 243 -4.1069688144473393e-04 -1.9461999996681599e-04 -3.0426932464635531e-03 -2.6687684199474251e-03  0.0000000000000000e+00 -3.1909433964123046e+00
 244  2.6367649270674001e-04  2.3446854201147028e-04 -4.0333060366100305e-03 -8.0225632569844152e-04  0.0000000000000000e+00 -3.1756636396496214e+00
 245  5.1041147442208604e-04  3.3562642213249237e-04 -4.0989374221236169e-03  1.0835204605284903e-03  0.0000000000000000e+00 -3.1667158047657216e+00
 246  1.0235162805322693e-04  3.1082280919324338e-04 -3.1030082795995293e-03  2.7811609959953751e-03  0.0000000000000000e+00 -3.1786740292075604e+00
 247 -4.2432961192604606e-04  2.6786921905686890e-04 -1.5883438055867417e-03  4.0487494104614235e-03  0.0000000000000000e+00 -3.2117460571940919e+00
 248 -5.7485826756322194e-04  2.0864301729007189e-05  4.0099600388937849e-05  4.4958125735929666e-03  0.0000000000000000e+00 -3.2526184146104300e+00
 249 -3.7515995154347305e-04 -3.5752728311605963e-04  1.7076626421513167e-03  3.9691186447103066e-03  0.0000000000000000e+00 -3.2801617591303032e+00
 250 -8.8295169047567713e-05 -4.8867281936162629e-04  3.1945131963638097e-03  2.6472762773158773e-03  0.0000000000000000e+00 -3.2819091575895376e+00
 251  9.2732015392520231e-05 -1.5074063798136162e-04  4.0635388459969351e-03  8.0492404133627581e-04  0.0000000000000000e+00 -3.2662899977344226e+00
 252  1.2332499623638211e-04  4.4209105172296226e-04  4.0195455186082616e-03 -1.1825541693500962e-03  0.0000000000000000e+00 -3.2558813291859261e+00
 253  1.0801255437990863e-04  7.4230110517136826e-04  3.1186715293603619e-03 -2.8645609724899010e-03  0.0000000000000000e+00 -3.2675343492734430e+00
 254 -3.1539846588629176e-06  3.5312903828268078e-04  1.6024633137590991e-03 -3.9560657884937598e-03  0.0000000000000000e+00 -3.3023353702115603e+00
 255 -3.7139183859197759e-04 -3.5895050926778861e-04 -1.4954578293087343e-04 -4.3958306651330535e-03  0.0000000000000000e+00 -3.3444901947871100e+00
 256 -6.8981219600999246e-04 -6.1757453493556684e-04 -1.7413219614680333e-03 -3.9872551698255116e-03  0.0000000000000000e+00 -3.3710830994286818e+00
 257 -4.2903275408980864e-04 -2.2781516832325250e-04 -3.0870228687515412e-03 -2.6145914384859302e-03  0.0000000000000000e+00 -3.3716914496426056e+00
 258  2.2586308641150542e-04  2.7302563965921626e-04 -4.0379199757525413e-03 -7.3062651056438304e-04  0.0000000000000000e+00 -3.3561276326421536e+00
 259  5.1907523943052795e-04  4.0424874714935189e-04 -4.0827655531796032e-03  1.1512056993007620e-03  0.0000000000000000e+00 -3.3476361551125597e+00
 260  1.4834072244004627e-04  3.1314714687584683e-04 -3.0686618912909649e-03  2.8183856943398461e-03  0.0000000000000000e+00 -3.3607275688259559e+00
 261 -4.1822357004857514e-04  2.0173488309312390e-04 -1.5287779910784218e-03  4.0651097704961772e-03  0.0000000000000000e+00 -3.3944763856548823e+00
 262 -6.3223656342707572e-04 -2.0871225180978783e-05  9.5893265722071013e-05  4.5064522649204894e-03  0.0000000000000000e+00 -3.4351694341478183e+00
 263 -4.1382438331815123e-04 -3.1912342705117181e-04  1.7413893679305494e-03  3.9480630545945423e-03  0.0000000000000000e+00 -3.4617896665703567e+00
 264 -4.8376542443938806e-05 -4.2936639520708216e-04  3.2288442325217799e-03  2.5913987739813425e-03  0.0000000000000000e+00 -3.4627471607291360e+00
 265  1.5460722789030051e-04 -1.5559582917078430e-04  4.0913194912649059e-03  7.4780229895912828e-04  0.0000000000000000e+00 -3.4471233016737113e+00
 266  1.1837644161553339e-04  3.9100343935459037e-04  4.0024653107108912e-03 -1.2338009515515801e-03  0.0000000000000000e+00 -3.4372327227098429e+00
 267  4.2244516323513198e-05  7.2800005371658990e-04  3.0667393985886900e-03 -2.9219322003431231e-03  0.0000000000000000e+00 -3.4495019161949485e+00
 268 -3.7424342038312820e-05  3.9113860121502120e-04  1.5531664845599997e-03 -3.9957759199965382e-03  0.0000000000000000e+00 -3.4845753280410103e+00
 269 -3.3139544000330387e-04 -3.4144206571575187e-04 -2.0218886263228170e-04 -4.3870210520134661e-03  0.0000000000000000e+00 -3.5267024784344212e+00
 270 -6.3827496912833420e-04 -6.5636414842603187e-04 -1.8076741396506008e-03 -3.9457517684950913e-03  0.0000000000000000e+00 -3.5526751619573349e+00
 271 -4.3423682427028647e-04 -2.6884058582338341e-04 -3.1351058396920533e-03 -2.5602492641695869e-03  0.0000000000000000e+00 -3.5524253743579983e+00
 272  1.8416409502269263e-04  2.9607306843984585e-04 -4.0432557234069098e-03 -6.6015767203242144e-04  0.0000000000000000e+00 -3.5366199282886273e+00
 273  5.1326228713190767e-04  4.7294913597598418e-04 -4.0633721600066711e-03  1.2206485431282132e-03  0.0000000000000000e+00 -3.5285301928927977e+00
 274  1.9181506685931370e-04  3.3010708920791645e-04 -3.0344395026829364e-03  2.8572993314814068e-03  0.0000000000000000e+00 -3.5427113731690718e+00
 275 -3.9790096574835826e-04  1.4118940382498808e-04 -1.4704908629508905e-03  4.0775115849817304e-03  0.0000000000000000e+00 -3.5771787827078416e+00
 276 -6.7924474400891705e-04 -7.3741954934248048e-05  1.5424919569481310e-04  4.5117360799044257e-03  0.0000000000000000e+00 -3.6176919028608161e+00
 277 -4.6085793211983554e-04 -2.9180997126488430e-04  1.7759118752268637e-03  3.9259638862556056e-03  0.0000000000000000e+00 -3.6433988685316079e+00
 278 -2.2030471333868823e-05 -3.6290656527089126e-04  3.2584711709641319e-03  2.5346803215782125e-03  0.0000000000000000e+00 -3.6435222930644362e+00
 279  2.1784810511192969e-04 -1.4480573917330651e-04  4.1161999709159076e-03  6.8883946730979482e-04  0.0000000000000000e+00 -3.6279384448425867e+00
 280  1.2704845865569537e-04  3.4140429080118859e-04  3.9862986276170981e-03 -1.2832052388858919e-03  0.0000000000000000e+00 -3.6186414637622022e+00
 281 -1.9160983039389572e-05  6.9918851079123906e-04  3.0137154037936107e-03 -2.9760415039583152e-03  0.0000000000000000e+00 -3.6315650091208851e+00
 282 -8.5047560412625554e-05  4.2067317876947030e-04  1.5021645820691883e-03 -4.0375936047737440e-03  0.0000000000000000e+00 -3.6668866943134821e+00
 283 -3.0280563805606855e-04 -3.1298770352223610e-04 -2.5225226886399521e-04 -4.3816693341851712e-03  0.0000000000000000e+00 -3.7088760100544156e+00
 284 -5.7927850562937281e-04 -6.8242984317394291e-04 -1.8724378789390704e-03 -3.9036150181787506e-03  0.0000000000000000e+00 -3.7342482725709156e+00
 285 -4.2500065100679668e-04 -3.1409772022913501e-04 -3.1863146634927755e-03 -2.5058588106873212e-03  0.0000000000000000e+00 -3.7331564418449301e+00
 286  1.4231612720871798e-04  3.0302522750101169e-04 -4.0499216611712329e-03 -5.9143958483759646e-04  0.0000000000000000e+00 -3.7171452066932944e+00
 287  4.9315981598826834e-04  5.3725992453294543e-04 -4.0408974580853152e-03  1.2912947404296396e-03  0.0000000000000000e+00 -3.7094242840153164e+00
 288  2.2896979958298452e-04  3.6044126420376984e-04 -2.9997373203476561e-03  2.8984866391666944e-03  0.0000000000000000e+00 -3.7246172300595086e+00
 289 -3.6553470371736269e-04  8.9513453093967491e-05 -1.4136937253626681e-03  4.0869415605508021e-03  0.0000000000000000e+00 -3.7598395693764450e+00
 290 -7.1295161876130161e-04 -1.3505553014282845e-04  2.1502555426108319e-04  4.5112861779801946e-03  0.0000000000000000e+00 -3.8001709274104458e+00
 291 -5.1257273396372171e-04 -2.7768015805178611e-04  1.8124010559935932e-03  3.9020870473153485e-03  0.0000000000000000e+00 -3.8249814046735415e+00
 292 -1.0108069670933106e-05 -2.9338202094598737e-04  3.2841427387658756e-03  2.4770628197414613e-03  0.0000000000000000e+00 -3.8242401564230222e+00
 293  2.7875282020050848e-04 -1.1799521483370081e-04  4.1375986540009152e-03  6.2767547063188704e-04  0.0000000000000000e+00 -3.8087136240202066e+00
 294  1.4860995898642433e-04  2.9730690848773112e-04  3.9709764793981039e-03 -1.3315204225775865e-03  0.0000000000000000e+00 -3.8000968352737519e+00
 295 -7.2491963123826441e-05  6.5784459882628336e-04  2.9602013058881039e-03 -3.0263592509342388e-03  0.0000000000000000e+00 -3.8137126771555918e+00
 296 -1.4341014168768430e-04  4.3869009735833541e-04  1.4493119099543497e-03 -4.0804618742555504e-03  0.0000000000000000e+00 -3.8492846102851268e+00
 297 -2.8812034140693365e-04 -2.7664815356210411e-04 -2.9987969469477666e-04 -4.3800332663648653e-03  0.0000000000000000e+00 -3.8910259753201482e+00
 298 -5.1674469959231558e-04 -6.9394860691275259e-04 -1.9345505165329320e-03 -3.8615261130646433e-03  0.0000000000000000e+00 -3.9157996644214936e+00
 299 -4.0103250849909977e-04 -3.5970133803860755e-04 -3.2397830585466801e-03 -2.4514637047910477e-03  0.0000000000000000e+00 -3.9138979362227109e+00
 300  1.0402080545836426e-04  2.9442966649399831e-04 -4.0583264481144545e-03 -5.2496881401580594e-04  0.0000000000000000e+00 -3.8977082912608614e+00
 301  4.5993480564067668e-04  5.9306855213469125e-04 -4.0156031156214720e-03  1.3624527491462393e-03  0.0000000000000000e+00 -3.8903470523201600e+00
 302  2.5642401886022046e-04  4.0187659574730187e-04 -2.9639662938670884e-03  2.9423726869913123e-03  0.0000000000000000e+00 -3.9064488223101965e+00
 303 -3.2412267849194203e-04  4.9399810788337387e-05 -1.3585110816858087e-03  4.0945274930425275e-03  0.0000000000000000e+00 -3.9424472318318498e+00
 304 -7.3137146819319599e-04 -2.0157624512549325e-04  2.7789944135152511e-04  4.5050925888686349e-03  0.0000000000000000e+00 -3.9825988065638662e+00
 305 -5.6494281266944641e-04 -2.7781082456186098e-04  1.8518544734336202e-03  3.8758315949716394e-03  0.0000000000000000e+00 -4.0065286260715789e+00
 306 -1.2436301833457134e-05 -2.2510654182761263e-04  3.3068548430647206e-03  2.4185371828962100e-03  0.0000000000000000e+00 -4.0049119079313726e+00
 307  3.3376974005985051e-04 -7.5962036771706911e-05  4.1550985756572487e-03  5.6411671769517307e-04  0.0000000000000000e+00 -3.9894331514350942e+00
 308  1.8141353743493185e-04  2.6233647910947904e-04  3.9563320843696969e-03 -1.3795048162535122e-03  0.0000000000000000e+00 -3.9815855988014754e+00
 309 -1.1464118866798097e-04  6.0672418396425485e-04  2.9068094057618276e-03 -3.0725732775319110e-03  0.0000000000000000e+00 -3.9959337644319683e+00
 310 -2.0910001027112359e-04  4.4302978857177738e-04  1.3945586255093348e-03 -4.1231566291603039e-03  0.0000000000000000e+00 -4.0317752934536211e+00
 311 -2.8881437391190521e-04 -2.3607877436714818e-04 -3.4537152099393969e-04 -4.3820220833624621e-03  0.0000000000000000e+00 -4.0731711758826812e+00
 312 -4.5480303308655860e-04 -6.9005975144345198e-04 -1.9930780991548307e-03 -3.8200568543256671e-03  0.0000000000000000e+00 -4.0973248879449304e+00
 313 -3.6307898808616022e-04 -4.0172651799406212e-04 -3.2944645798481859e-03 -2.3970241641669164e-03  0.0000000000000000e+00 -4.0946618380570570e+00
 314  7.2672050786915605e-05  2.7190069862922944e-04 -4.0686672829865073e-03 -4.6108511724315634e-04  0.0000000000000000e+00 -4.0783151901086692e+00
 315  4.1567106729802224e-04  6.3694097699790034e-04 -3.9878453225050160e-03  1.4333296081748992e-03  0.0000000000000000e+00 -4.0713254828959569e+00
 316  2.7146097663972266e-04  4.5126811757237740e-04 -2.9265934788547236e-03  2.9891864921763930e-03  0.0000000000000000e+00 -4.0882221482223819e+00
 317 -2.7728772643565152e-04  2.2760477113327195e-05 -1.3049764223607195e-03  4.1014616786056073e-03  0.0000000000000000e+00 -4.1249930902506007e+00
 318 -7.3360412380206767e-04 -2.6972828725684847e-04  3.4238804707613813e-04  4.4935018829250451e-03  0.0000000000000000e+00 -4.1649744127383865e+00
 319 -6.1388804852570292e-04 -2.9220901513014327e-04  1.8950214023991613e-03  3.8467699653525855e-03  0.0000000000000000e+00 -4.1880331294584252e+00
 320 -2.7825443137183834e-05 -1.6227365213261025e-04  3.3277701255602027e-03  2.3591565480824092e-03  0.0000000000000000e+00 -4.1855511296672434e+00
 321  3.7974087545377327e-04 -2.0665997379149139e-05  4.1684756210893749e-03  4.9813217798970856e-04  0.0000000000000000e+00 -4.1700898634988963e+00
 322  2.2299881399885665e-04  2.3948989865138476e-04  3.9420936242310061e-03 -1.4278705947889405e-03  0.0000000000000000e+00 -4.1630914037816753e+00
 323 -1.4333042579465488e-04  5.4917277171294464e-04  2.8541194831391628e-03 -3.1146114162049336e-03  0.0000000000000000e+00 -4.1782175897535367e+00
 324 -2.7814828447951881e-04  4.3254979126573068e-04  1.3379481915677389e-03 -4.1643747263210591e-03  0.0000000000000000e+00 -4.2143557560874898e+00
 325 -3.0522824970364497e-04 -1.9524907127601936e-04 -3.8919025936706231e-04 -4.3871954422794240e-03  0.0000000000000000e+00 -4.2553307665452920e+00
 326 -3.9749302428679736e-04 -6.7096568022871389e-04 -2.0472914754067753e-03 -3.7796305203862640e-03  0.0000000000000000e+00 -4.2788191837259655e+00
 327 -3.1287329303752168e-04 -4.3645192837091066e-04 -3.3492013872716739e-03 -2.3424174907074467e-03  0.0000000000000000e+00 -4.2754552236749817e+00
 328  5.1117161013420660e-05  2.3799113389447123e-04 -4.0809376824690932e-03 -3.9991607918810236e-04  0.0000000000000000e+00 -4.2589730170337132e+00
 329  3.6323792042328271e-04  6.6636893887791170e-04 -3.9580444369618148e-03  1.5030879063831052e-03  0.0000000000000000e+00 -4.2523815238614073e+00
 330  2.7222048575865584e-04  5.0481864042861159e-04 -2.8871716041513856e-03  3.0389356003364420e-03  0.0000000000000000e+00 -4.2699636023238314e+00
 331 -2.2903867612731596e-04  1.0575971988657541e-05 -1.2530304207729116e-03  4.1089267734201124e-03  0.0000000000000000e+00 -4.3074722055715098e+00
 332 -7.1989411618891580e-04 -3.3581157312409927e-04  4.0788294128556103e-04  4.4771761707925687e-03  0.0000000000000000e+00 -4.3473010327596544e+00
 333 -6.5555781210101770e-04 -3.1983989014585176e-04  1.9423560814435976e-03  3.8146643195466285e-03  0.0000000000000000e+00 -4.3694904245499888e+00
 334 -5.4146635614694273e-05 -1.0862741389588797e-04  3.3481246442270060e-03  2.2990431699040476e-03  0.0000000000000000e+00 -4.3661704497588518e+00
 335  4.1411414424484294e-04  4.4882994905894494e-05  4.1777146591858430e-03  4.2983800415614232e-04  0.0000000000000000e+00 -4.3506858038740095e+00
 336  2.7025162626546998e-04  2.3093136142832694e-04  3.9278844020627021e-03 -1.4772520247045581e-03  0.0000000000000000e+00 -4.3445949621841429e+00
 337 -1.5726360859126906e-04  4.8891201290606075e-04  2.8026334873748008e-03 -3.1526460975043586e-03  0.0000000000000000e+00 -4.3605533189820305e+00
 338 -3.4631833508662856e-04  4.0716604945397378e-04  1.2796096077925419e-03 -4.2028335916768035e-03  0.0000000000000000e+00 -4.3970148143398546e+00
 339 -3.3654387852770254e-04 -1.5813030072714561e-04 -4.3195188631922464e-04 -4.3947919873639583e-03  0.0000000000000000e+00 -4.4375203399803125e+00
 340 -3.4847582798098618e-04 -6.3795580824448344e-04 -2.0967357504896107e-03 -3.7404930405700245e-03  0.0000000000000000e+00 -4.4602787003314521e+00
 341 -2.5301106686629433e-04 -4.6059320221273465e-04 -3.4027997219993719e-03 -2.2874497192207871e-03  0.0000000000000000e+00 -4.4562774545665063e+00
 342  4.1467936663142211e-05  1.9601151079699544e-04 -4.0949492399609119e-03 -3.4134372878350617e-04  0.0000000000000000e+00 -4.4396887458020711e+00
 343  3.0609323802214541e-04  6.7992382253463960e-04 -3.9266564028405540e-03  1.5709178559618769e-03  0.0000000000000000e+00 -4.4335298360156603e+00
 344  2.5783313931299604e-04  5.5836663678142254e-04 -2.8453579056925038e-03  3.0913940749057157e-03  0.0000000000000000e+00 -4.4517060255296155e+00
 345 -1.8350165258874973e-04  1.2800648875930491e-05 -1.2025235041994156e-03  4.1180246860371113e-03  0.0000000000000000e+00 -4.4898843687429899e+00
 346 -6.9160650102971846e-04 -3.9622509145606196e-04  4.7369183483394144e-04  4.4570287447245321e-03  0.0000000000000000e+00 -4.5295834399003985e+00
 347 -6.8659703900042089e-04 -3.5872629435595169e-04  1.9939977591157490e-03  3.7794617886720222e-03  0.0000000000000000e+00 -4.5508999521744835e+00
 348 -8.8479592394110888e-05 -6.7180659909803862e-05  3.3691292452377557e-03  2.2383880102814554e-03  0.0000000000000000e+00 -4.5467789145639230e+00
 349  4.3511357711942153e-04  1.1684013988338344e-04  4.1830101943816349e-03  3.5947990738480857e-04  0.0000000000000000e+00 -4.5312311684975830e+00
 350  3.1961397664569683e-04  2.3783305645378182e-04  3.9132354368738229e-03 -1.5281880183385295e-03  0.0000000000000000e+00 -4.5260753206181423e+00
 351 -1.5620317913553431e-04  4.2980708958002107e-04  2.7527343655731661e-03 -3.1870806791948979e-03  0.0000000000000000e+00 -4.5429285000124935e+00
 352 -4.0942080576628152e-04  3.6781217170705333e-04  1.2197473795668632e-03 -4.2373739684889418e-03  0.0000000000000000e+00 -4.5797350779880084e+00
 353 -3.8084781930409697e-04 -1.2838127352330861e-04 -4.7439666024260731e-04 -4.4037878775408960e-03  0.0000000000000000e+00 -4.6197483872941199e+00
 354 -3.1077511515612482e-04 -5.9334111043164348e-04 -2.1412835428713589e-03 -3.7026985369783133e-03  0.0000000000000000e+00 -4.6417012655431558e+00
 355 -1.8676121325346694e-04 -4.7152143842329032e-04 -3.4541083417564144e-03 -2.2318778811455126e-03  0.0000000000000000e+00 -4.6371190762594390e+00
 356  4.4969349925607177e-05  1.4980638694892846e-04 -4.1103613940795735e-03 -2.8500376054301857e-04  0.0000000000000000e+00 -4.6204671549725136e+00
 357  2.4803225827036318e-04  6.7731575109967318e-04 -3.8941496936726605e-03  1.6361139042012753e-03  0.0000000000000000e+00 -4.6147770500688585e+00
 358  2.2849002734538591e-04  6.0771803504856392e-04 -2.8009260216414231e-03  3.1461056520807741e-03  0.0000000000000000e+00 -4.6334835883674037e+00
 359 -1.4463494796857607e-04  2.8336328461406251e-05 -1.1532247286451334e-03  4.1297085029724841e-03  0.0000000000000000e+00 -4.6722349653800803e+00
 360 -6.5112379648923327e-04 -4.4769192140636463e-04  5.3908216917042807e-04  4.4341455049361229e-03  0.0000000000000000e+00 -4.7118251928599335e+00
 361 -7.0437924129319375e-04 -4.0610591266391789e-04  2.0497729067450957e-03  3.7412750162417736e-03  0.0000000000000000e+00 -4.7322652618516807e+00
 362 -1.2732393038638980e-04 -4.0003544709292947e-05  3.3918745465084752e-03  2.1774425700672216e-03  0.0000000000000000e+00 -4.7273808878211963e+00
 363  4.4186020216952101e-04  1.9082970672641648e-04  4.1847499258341548e-03  2.8741991348474376e-04  0.0000000000000000e+00 -4.7117419463794690e+00
 364  3.6733233396376457e-04  2.6027056562623210e-04  3.8976134096069155e-03 -1.5811111703611304e-03  0.0000000000000000e+00 -4.7075122931009439e+00
 365 -1.4097177611778852e-04  3.7562325357272597e-04  2.7046554054214406e-03 -3.2185196821714465e-03  0.0000000000000000e+00 -4.7253275786062332e+00
 366 -4.6362834398173378e-04  3.1633471627319650e-04  1.1586313694003866e-03 -4.2670565276217917e-03  0.0000000000000000e+00 -4.7624955155645212e+00
 367 -4.3527505758473857e-04 -1.0906408104451214e-04 -5.1733816276649917e-04 -4.4129815551466854e-03  0.0000000000000000e+00 -4.8020141615434477e+00
 368 -2.8656523421854388e-04 -5.4029726386093052e-04 -2.1811630743534022e-03 -3.6661127833297717e-03  0.0000000000000000e+00 -4.8230865986654914e+00
 369 -1.1782661138586051e-04 -4.6745881764566062e-04 -3.5020958949971200e-03 -2.1754400687762228e-03  0.0000000000000000e+00 -4.8179629179161072e+00
 370  6.1927250720541379e-05  1.0349964064664445e-04 -4.1267144237794907e-03 -2.3032036310803949e-04  0.0000000000000000e+00 -4.8013086195065462e+00
 371  1.9290324199187548e-04  6.5936804722587601e-04 -3.8609889645055545e-03  1.6981437102650614e-03  0.0000000000000000e+00 -4.7961225448943958e+00
 372  1.8544363715395523e-04  6.4898674885095601e-04 -2.7537744924629993e-03  3.2024034351167629e-03  0.0000000000000000e+00 -4.8153267176850107e+00
 373 -1.1594620025625126e-04  5.5083677875563144e-05 -1.1048370200771405e-03  4.1447188681329470e-03  0.0000000000000000e+00 -4.8545354875116793e+00
 374 -6.0167360361080332e-04 -4.8747713736659287e-04  6.0332278559339860e-04  4.4097013780864088e-03  0.0000000000000000e+00 -4.8940270760430300e+00
 375 -7.0719209817394829e-04 -4.5862981202233290e-04  2.1092146123360225e-03  3.7003546439187489e-03  0.0000000000000000e+00 -4.9135933716018751e+00
 376 -1.6685894011416274e-04 -2.8095055657484207e-05  3.4172489142346670e-03  2.1165021810593313e-03  0.0000000000000000e+00 -4.9079767847718223e+00
 377  4.3443779004373706e-04  2.6230628659485540e-04  4.1834817745908907e-03  2.1412854823798624e-04  0.0000000000000000e+00 -4.8922369981031446e+00
 378  4.0972470209829881e-04  2.9718466724249653e-04  3.8804625691506609e-03 -1.6363366658821441e-03  0.0000000000000000e+00 -4.8888897734275938e+00
 379 -1.1338551241122620e-04  3.2978335199280133e-04  2.6584643913707645e-03 -3.2477271417288788e-03  0.0000000000000000e+00 -4.9077312852654771e+00
 380 -5.0576164665306885e-04  2.5534326441249288e-04  1.0965867846968044e-03 -4.2912424198570855e-03  0.0000000000000000e+00 -4.9452741758438172e+00
 381 -4.9622020998337023e-04 -1.0241787420236255e-04 -5.6159583201922925e-04 -4.4210965486830289e-03  0.0000000000000000e+00 -4.9843076384028651e+00
 382 -2.7702130900143795e-04 -4.8262685651195972e-04 -2.2169546806059099e-03 -3.6304357612276903e-03  0.0000000000000000e+00 -5.0044360249562940e+00
 383 -5.0075577740363401e-05 -4.4763731208286690e-04 -3.5459225634978117e-03 -2.1178880883903619e-03  0.0000000000000000e+00 -4.9987872819020014e+00
 384  9.1694460770488394e-05  6.1223704087020017e-05 -4.1434624727704605e-03 -1.7657052010299889e-04  0.0000000000000000e+00 -4.9822074938522345e+00
 385  1.4431801004980736e-04  6.2792227038297095e-04 -3.8276236326789895e-03  1.7566984935570267e-03  0.0000000000000000e+00 -4.9775604059894611e+00
 386  1.3093684253294181e-04  6.7890419288257680e-04 -2.7039329428492692e-03  3.2594465082436638e-03  0.0000000000000000e+00 -4.9972582475463350e+00
 387 -1.0023437062070703e-04  9.0075670577277023e-05 -1.0570164637232530e-03  4.1635281519631986e-03  0.0000000000000000e+00 -5.0368034319396928e+00
 388 -5.4709967320219234e-04 -5.1358586726748070e-04  6.6572251806344283e-04  4.3848782818644563e-03  0.0000000000000000e+00 -5.0761871823217684e+00
 389 -6.9436230200825512e-04 -5.1258639192107349e-04  2.1715954228351433e-03  3.6570580232438261e-03  0.0000000000000000e+00 -5.0948934859540014e+00
 390 -2.0322881779468954e-04 -3.1340284502945645e-05  3.4458773227102829e-03  2.0558798462201929e-03  0.0000000000000000e+00 -5.0885653444108945e+00
 391  4.1389774797268106e-04  3.2693076313985596e-04  4.1798669984893580e-03  1.4017777063597711e-04  0.0000000000000000e+00 -5.0727353592433637e+00
 392  4.4344327644735694e-04  3.4642237073112851e-04  3.8612543882713232e-03 -1.6940478843481665e-03  0.0000000000000000e+00 -5.0701992684106845e+00
 393 -7.6125999298760284e-05  2.9514071521807308e-04  2.6140637799240596e-03 -3.2755776368021609e-03  0.0000000000000000e+00 -5.0901174943798022e+00
 394 -5.3352076557383241e-04  1.8803008451590878e-04  1.0339830036764858e-03 -4.3096480029654882e-03  0.0000000000000000e+00 -5.1280506400702013e+00
 395 -5.5959897450138065e-04 -1.0971014004280787e-04 -6.0792096480604286e-04 -4.4268905409084978e-03  0.0000000000000000e+00 -5.1666116642489301e+00
 396 -2.8224139732813526e-04 -4.2446246331387816e-04 -2.2495530508428092e-03 -3.5952411401805099e-03  0.0000000000000000e+00 -5.1857518491649435e+00
 397  1.2732763536244285e-05 -4.1240073792051771e-04 -3.5850003927768671e-03 -2.0590166989214475e-03  0.0000000000000000e+00 -5.1795704879389923e+00
 398  1.3271501757091165e-04  2.6848775984204605e-05 -4.1600047596944663e-03 -1.2296478788094417e-04  0.0000000000000000e+00 -5.1631516592518976e+00
 399  1.0538637197022486e-04  5.8568852750281617e-04 -3.7944774956661259e-03  1.8117169984706494e-03  0.0000000000000000e+00 -5.1590819140322397e+00
 400  6.8059174427048387e-05  6.9506258391024642e-04 -2.6515643668526948e-03  3.3162719743764489e-03  0.0000000000000000e+00 -5.1792915426467543e+00
 401 -9.9378954806746847e-05  1.2968979015039956e-04 -1.0093922256060343e-03  4.1862970679030212e-03  0.0000000000000000e+00 -5.2190613080249628e+00
 402 -4.9159100081785380e-04 -5.2492537246840668e-04  7.2566650981279368e-04  4.3607876489329487e-03  0.0000000000000000e+00 -5.2583025212651666e+00
 403 -6.6630835077958518e-04 -5.6413727206445889e-04  2.2359714262725791e-03  3.6118157531338582e-03  0.0000000000000000e+00 -5.2761753157862659e+00
 404 -2.3282679796258717e-04 -4.8548528774539518e-05  3.4780855685255102e-03  1.9958711128624717e-03  0.0000000000000000e+00 -5.2691465887087343e+00
 405  3.8219800128317825e-04  3.8091692365686705e-04  4.1746238885982433e-03  6.6226881659908586e-05  0.0000000000000000e+00 -5.2532543281348509e+00
 406  4.6571108903578021e-04  4.0486702407784708e-04  3.8395358441346509e-03 -1.7542790661335477e-03  0.0000000000000000e+00 -5.2514427087181748e+00
 407 -3.2558173890861646e-05  2.7378191726839212e-04  2.5712054207918450e-03 -3.3030032701379585e-03  0.0000000000000000e+00 -5.2724636031145637e+00
 408 -5.4564270679325374e-04  1.1796880031673144e-04  9.7121970348703463e-04 -4.3223661609720901e-03  0.0000000000000000e+00 -5.3108077878320081e+00
 409 -6.2114058271745844e-04 -1.3117324017478425e-04 -6.5692727306415556e-04 -4.4292578526378230e-03  0.0000000000000000e+00 -5.3489057064319478e+00
 410 -3.0124565546951792e-04 -3.6993993840402832e-04 -2.2800968827984139e-03 -3.5600276232244719e-03  0.0000000000000000e+00 -5.3670365572082153e+00
 411  6.7207944368635899e-05 -3.6322866220618529e-04 -3.6190363647258133e-03 -1.9986851068093743e-03  0.0000000000000000e+00 -5.3602955794469729e+00
 412  1.8262661833472614e-04  3.7264404574151322e-06 -4.1757143951871188e-03 -6.8729302000450715e-05  0.0000000000000000e+00 -5.3441234357444740e+00
 413  7.8497812440537565e-05  5.3605266376568800e-04 -3.7619352503781450e-03  1.8633800769450590e-03  0.0000000000000000e+00 -5.3406777422212537e+00
 414  5.3428095403733600e-07  6.9606965880375884e-04 -2.5969607491588571e-03  3.3718589028462463e-03  0.0000000000000000e+00 -5.3614306749280676e+00
 415 -1.1419488759149085e-04  1.6992581731700799e-04 -9.6158456286079934e-04  4.2128489170892248e-03  0.0000000000000000e+00 -5.4013345641669970e+00
 416 -4.3938511865458278e-04 -5.2141355950617433e-04  7.8265172280120125e-04  4.3383984052432351e-03  0.0000000000000000e+00 -5.4403714573813859e+00
 417 -6.2451401174682167e-04 -6.0955546840150260e-04  2.3012365127829809e-03  3.5650965383063823e-03  0.0000000000000000e+00 -5.4574472630063449e+00
 418 -2.5255361964512165e-04 -7.7562243538925382e-05  3.5138902371724093e-03  1.9367134754621844e-03  0.0000000000000000e+00 -5.4497243251881020e+00
 419  3.4207360439023629e-04  4.2131295253320896e-04  4.1684682163668852e-03 -7.0057110656135029e-06  0.0000000000000000e+00 -5.4338085190567318e+00
 420  4.7451649245082520e-04  4.6865861688457998e-04  3.8149676720329469e-03 -1.8168981095952046e-03  0.0000000000000000e+00 -5.4326335799256267e+00
 421  1.3497845315662336e-05  2.6687219842512944e-04  2.5295168166111770e-03 -3.3309382506979306e-03  0.0000000000000000e+00 -5.4547499091889033e+00
 422 -5.4197645241902239e-04  4.8897642522974438e-05  9.0870969512857542e-04 -4.3298515230840735e-03  0.0000000000000000e+00 -5.4935325687416130e+00
 423 -6.7669140748087444e-04 -1.6602254284024513e-04 -7.0903504192845637e-04 -4.4273144619077342e-03  0.0000000000000000e+00 -5.5311701376418476e+00
 424 -3.3205217348993818e-04 -3.2287399790868363e-04 -2.3098724283650437e-03 -3.5242755707221049e-03  0.0000000000000000e+00 -5.5482920000351692e+00
 425  1.1055594325420109e-04 -3.0266541871253256e-04 -3.6480532622870840e-03 -1.9368296713295444e-03  0.0000000000000000e+00 -5.5409538905987326e+00
 426  2.3841908929618866e-04 -5.5407121657918599e-06 -4.1899655836339731e-03 -1.3175952438301082e-05  0.0000000000000000e+00 -5.5251016516334186e+00
 427  6.5164097886770726e-05  4.8284970587376670e-04 -3.7303234939536803e-03  1.9120786532460876e-03  0.0000000000000000e+00 -5.5223391226162928e+00
 428 -6.7550132275427308e-05  6.8160910711679635e-04 -2.5405298031730625e-03  3.4251994756677269e-03  0.0000000000000000e+00 -5.5436721187652935e+00
 429 -1.4436521781911453e-04  2.0672544550624981e-04 -9.1322028408873817e-04  4.2426664806329943e-03  0.0000000000000000e+00 -5.5836484974585465e+00
 430 -3.9446403440958875e-04 -5.0401781187857093e-04  8.3632261163454728e-04  4.3184717053264101e-03  0.0000000000000000e+00 -5.6223959827075101e+00
 431 -5.7142154270028555e-04 -6.4545934061929365e-04  2.3661864324008770e-03  3.5173714677847862e-03  0.0000000000000000e+00 -5.6387147529875845e+00
 432 -2.6003186253039311e-04 -1.1542388074306458e-04  3.5530116936970690e-03  1.8785468912656997e-03  0.0000000000000000e+00 -5.6303071565086533e+00
 433  2.9684313128202738e-04  4.4619664556939519e-04  4.1620576989040738e-03 -7.8788398649737575e-05  0.0000000000000000e+00 -5.6144097131605060e+00
 434  4.6875553061283650e-04  5.3349184892648291e-04  3.7873473567284085e-03 -1.8815944940842005e-03  0.0000000000000000e+00 -5.6137957752472571e+00
 435  5.8029158896631654e-05  2.7455437472410753e-04  2.4885352306175485e-03 -3.3602622185499747e-03  0.0000000000000000e+00 -5.6369631306442223e+00
 436 -5.2347655088520078e-04 -1.5507820928126942e-05  8.4685906225060001e-04 -4.3328734382961269e-03  0.0000000000000000e+00 -5.6762157382754950e+00
 437 -7.2250987629460749e-04 -2.1254409889908039e-04 -7.6443451164509048e-04 -4.4204586767210676e-03  0.0000000000000000e+00 -5.7133898843721314e+00
 438 -3.7182388463331004e-04 -2.8646640736107568e-04 -2.3402019774155527e-03 -3.4875019767469082e-03  0.0000000000000000e+00 -5.7295187285022937e+00
 439  1.4076399710597666e-04 -2.3414881351809609e-04 -3.6723857526958837e-03 -1.8734696897986583e-03  0.0000000000000000e+00 -5.7215464929461497e+00
 440  2.9664136453793016e-04  7.0678905876781585e-07 -4.2021610045177423e-03  4.4247555503892463e-05  0.0000000000000000e+00 -5.7060643958612625e+00
 441  6.5926981094704506e-05  4.3011345171415911e-04 -3.6998865434156192e-03  1.9583634211072011e-03  0.0000000000000000e+00 -5.7040576231240365e+00
 442 -1.3204977727464671e-04  6.5241570270306332e-04 -2.4827720726597600e-03  3.4753724006743132e-03  0.0000000000000000e+00 -5.7260071118889044e+00
 443 -1.8845667090806582e-04  2.3630111536615864e-04 -8.6394643787212364e-04  4.2749155159619856e-03  0.0000000000000000e+00 -5.7660245892818622e+00
 444 -3.6026400750254465e-04 -4.7471283396745159e-04  8.8650656450667514e-04  4.3015058822192791e-03  0.0000000000000000e+00 -5.8043829138888450e+00
 445 -5.1025166574418816e-04 -6.6903618682157689e-04  2.4295923315266277e-03  3.4690798424655673e-03  0.0000000000000000e+00 -5.8199790249098911e+00
 446 -2.5376472611568360e-04 -1.5858583215092349e-04  3.5949059357330820e-03  1.8213832123463317e-03  0.0000000000000000e+00 -5.8109074559009857e+00
 447  2.5016386329710576e-04  4.5477864941811241e-04  4.1559475111883105e-03 -1.4843851864328680e-04  0.0000000000000000e+00 -5.7950671522719430e+00
 448  4.4831644769147860e-04  5.9496460760411808e-04  3.7566160858789870e-03 -1.9478784735417777e-03  0.0000000000000000e+00 -5.7949602234330708e+00
 449  9.7110157882903281e-05  2.9591089413742575e-04  2.4477455107676446e-03 -3.3917443255809128e-03  0.0000000000000000e+00 -5.8190991978827853e+00
 450 -4.9212346717167831e-04 -7.1865371685073430e-05  7.8604585963283700e-04 -4.3324461375962168e-03  0.0000000000000000e+00 -5.8588508689791539e+00
 451 -7.5553301446627981e-04 -2.6823574697150079e-04 -8.2307078218356441e-04 -4.4084046951432454e-03  0.0000000000000000e+00 -5.8955565570981481e+00
 452 -4.1707566585042388e-04 -2.6307178193717259e-04 -2.3723312965864486e-03 -3.4493071349403748e-03  0.0000000000000000e+00 -5.9107156840513664e+00
 453  1.5673481297007676e-04 -1.6174851500586242e-04 -3.6926519895886943e-03 -1.8087091021847434e-03  0.0000000000000000e+00 -5.9020832007957358e+00
 454  3.5364266522719526e-04  2.3039330597845165e-05 -4.2117610336535622e-03  1.0393059453480374e-04  0.0000000000000000e+00 -5.8869919214742179e+00
 455  8.0329391442971647e-05  3.8181473878904612e-04 -3.6707599812058705e-03  2.0028880331880742e-03  0.0000000000000000e+00 -5.8858237501595463e+00
 456 -1.8908093189590189e-04  6.1018255020929427e-04 -2.4242491593305061e-03  3.5216136376378872e-03  0.0000000000000000e+00 -5.9084238734340415e+00
 457 -2.4401680505050619e-04  2.5543757250295462e-04 -8.1344326472190408e-04  4.3084964202637181e-03  0.0000000000000000e+00 -5.9484770435882721e+00
 458 -3.3942201653937206e-04 -4.3635392115148024e-04  9.3324650076741689e-04  4.2876971069972999e-03  0.0000000000000000e+00 -5.9863435104644553e+00
 459 -4.4476504897818681e-04 -6.7824631960336891e-04  2.4902824438426357e-03  3.4205989400757277e-03  0.0000000000000000e+00 -6.0012366798221786e+00
 460 -2.3323308219898520e-04 -2.0314787919139770e-04  3.6388109605225900e-03  1.7650909743792307e-03  0.0000000000000000e+00 -5.9915384810671322e+00
 461  2.0575768520186824e-04  4.4741961300164874e-04  4.1505617251753049e-03 -2.1539419724719998e-04  0.0000000000000000e+00 -5.9757879193826184e+00
 462  4.1410204177673942e-04  6.4893813310548947e-04  3.7228524550232027e-03 -2.0150973513270555e-03  0.0000000000000000e+00 -5.9761600415595915e+00
 463  1.2717980544143563e-04  3.2899787552257196e-04  2.4066173045310816e-03 -3.4259913052044374e-03  0.0000000000000000e+00 -6.0011646763338646e+00
 464 -4.5078167658559791e-04 -1.1730961555740294e-04  7.2659876265763947e-04 -4.3297475324480666e-03  0.0000000000000000e+00 -6.0414332134419499e+00
 465 -7.7359571295548509e-04 -3.2998549017548303e-04 -8.8464976439503733e-04 -4.3911891558025317e-03  0.0000000000000000e+00 -6.0776687001186849e+00
 466 -4.6392586834640277e-04 -2.5403828166281725e-04 -2.4073298869321269e-03 -3.4094071342556840e-03  0.0000000000000000e+00 -6.0918804370936748e+00
 467  1.5836406892155445e-04 -8.9839378334015448e-05 -3.7097033323067160e-03 -1.7427359284522910e-03  0.0000000000000000e+00 -6.0825795726146321e+00
 468  4.0582827839174515e-04  6.0855875640246915e-05 -4.2183148398525650e-03  1.6609327533282853e-04  0.0000000000000000e+00 -6.0678692543108061e+00
 469  1.0694723535753300e-04  3.4160332282231792e-04 -3.6429465052413507e-03  2.0463569727433993e-03  0.0000000000000000e+00 -6.0676251122516769e+00
 470 -2.3531606267492792e-04  5.5741900832758599e-04 -2.3655451568013568e-03  3.5633788596144940e-03  0.0000000000000000e+00 -6.0909091576234999e+00
 471 -3.0774593637817823e-04  2.6173315921994555e-04 -7.6143706084266056e-04  4.3421219681275391e-03  0.0000000000000000e+00 -6.1310103997922250e+00
 472 -3.3358058669937603e-04 -3.9247151506923014e-04  9.7682509799096122e-04  4.2769216773747053e-03  0.0000000000000000e+00 -6.1682915547504926e+00
 473 -3.7898578786383752e-04 -6.7199326868885682e-04  2.5472282377213109e-03  3.3722195543335952e-03  0.0000000000000000e+00 -6.1824801814888897e+00
 474 -1.9892734024787347e-04 -2.4510736113758891e-04  3.6838034581881465e-03  1.7093989414013228e-03  0.0000000000000000e+00 -6.1722104695475002e+00
 475  1.6713485700136204e-04  4.2557258933427684e-04  4.1461818442254219e-03 -2.7928479798882793e-04  0.0000000000000000e+00 -6.1565771660891055e+00
 476  3.6798560205658035e-04  6.9186669625194094e-04  3.6862574770585312e-03 -2.0824720490980608e-03  0.0000000000000000e+00 -6.1574254157072010e+00
 477  1.4529489558990860e-04  3.7095783914118530e-04  2.3646380486695112e-03 -3.4634031354713081e-03  0.0000000000000000e+00 -6.1831765006216823e+00
 478 -4.0300591080286223e-04 -1.4969448737159666e-04  6.6877724747478932e-04 -4.3260359208622439e-03  0.0000000000000000e+00 -6.2239590222652978e+00
 479 -7.7558603745611025e-04 -3.9427371132241134e-04 -9.4866231541449689e-04 -4.3691524471706723e-03  0.0000000000000000e+00 -6.2597303422793535e+00
 480 -5.0837307513038694e-04 -2.5963170045217756e-04 -2.4460142465758785e-03 -3.3676482804952655e-03  0.0000000000000000e+00 -6.2730100438095722e+00
 481  1.4655515316526772e-04 -2.2745707072917858e-05 -3.7245561194398716e-03 -1.6758194797097661e-03  0.0000000000000000e+00 -6.2630529226356151e+00
 482  4.4990888800715018e-04  1.1238295256711980e-04 -4.2214909402941729e-03  2.3079462954599656e-04  0.0000000000000000e+00 -6.2486881729794677e+00
 483  1.4348025203784882e-04  3.1256847156488625e-04 -3.6162994291879711e-03  2.0894846380385456e-03  0.0000000000000000e+00 -6.2494451054269264e+00
 484 -2.6822927165821907e-04  4.9727382654384271e-04 -2.3072246650406893e-03  3.6003910649613272e-03  0.0000000000000000e+00 -6.2734489675642306e+00
 485 -3.7573225466837221e-04  2.5375853592421004e-04 -7.0771335844423914e-04  4.3744150655129080e-03  0.0000000000000000e+00 -6.3136188623074565e+00
 486 -3.4326798515397572e-04 -3.4700247369437144e-04  1.0177725263597385e-03  4.2687443975409096e-03  0.0000000000000000e+00 -6.3502404156291261e+00
 487 -3.1690994840155703e-04 -6.5024114708339307e-04  2.5996281309132912e-03  3.3241286264099378e-03  0.0000000000000000e+00 -6.3636992920929893e+00
 488 -1.5231201745277790e-04 -2.8060997978662116e-04  3.7288617532749502e-03  1.6539185430625293e-03  0.0000000000000000e+00 -6.3529269400092270e+00
 489  1.3734211670494116e-04  3.9166217322428814e-04  4.1429497285613197e-03 -3.3998600288441256e-04  0.0000000000000000e+00 -6.3374380848188148e+00
 490  3.1269713476986412e-04  7.2106068082915112e-04  3.6471355701400330e-03 -2.1491526132367158e-03  0.0000000000000000e+00 -6.3387794508279596e+00
 491  1.4934072343781644e-04  4.1821263225934042e-04  2.3213400904403547e-03 -3.5041392684092769e-03  0.0000000000000000e+00 -6.3651600234365517e+00
 492 -3.5280451761145160e-04 -1.6775925001112098e-04  6.1275540136937110e-04 -4.3225693593648617e-03  0.0000000000000000e+00 -6.4064256927977237e+00
 493 -7.6152409825829958e-04 -4.5738962026014408e-04 -1.0144217894850064e-03 -4.3428979591806785e-03  0.0000000000000000e+00 -6.4417484438892894e+00
 494 -5.4657779506851994e-04 -2.7904305320547624e-04 -2.4888985131751372e-03 -3.3240030012022491e-03  0.0000000000000000e+00 -6.4541023800257218e+00
 495  1.2316542327705363e-04  3.5604052933591646e-05 -3.7383103460133767e-03 -1.6083041529957943e-03  0.0000000000000000e+00 -6.4435185704367717e+00
 496  4.8312506788412111e-04  1.7477001863821091e-04 -4.2211028149791649e-03  2.9794676952909815e-04  0.0000000000000000e+00 -6.4294483097060269e+00
 497  1.8690094633443523e-04  2.9703132688858999e-04 -3.5905191686460432e-03  2.1329656006962780e-03  0.0000000000000000e+00 -6.4312629264446048e+00
 498 -2.8627095666983681e-04  4.3333263516183375e-04 -2.2497919711300996e-03  3.6326666831307448e-03  0.0000000000000000e+00 -6.4560285417816461e+00
 499 -4.4373430397113379e-04  2.3112510616378200e-04 -6.5213079715054068e-04  4.4040175109321105e-03  0.0000000000000000e+00 -6.4962875221521603e+00
 500 -3.6786356488345318e-04 -3.0398169701591210e-04  1.0568492221518467e-03  4.2624548153801928e-03  0.0000000000000000e+00 -6.5321999079705604e+00
 501 -2.6222170110305678e-04 -6.1405914366547071e-04  2.6469793305033719e-03  3.2764004118352543e-03  0.0000000000000000e+00 -6.5448831604142095e+00
 502 -9.5722973681961246e-05 -3.0619267052481227e-04  3.7729312343554294e-03  1.5981825875854665e-03  0.0000000000000000e+00 -6.5336823908217596e+00
 503  1.1875528856460596e-04  3.4890981291664909e-04  4.1408798135009663e-03 -3.9764599738594772e-04  0.0000000000000000e+00 -6.5183716233849900e+00
 504  2.5164055328461227e-04  7.3486050738494303e-04  3.6058752269665516e-03 -2.2142864288141619e-03  0.0000000000000000e+00 -6.5202358730983141e+00
 505  1.3818522445823456e-04  4.6672892983437803e-04  2.2763227331921931e-03 -3.5480976283626116e-03  0.0000000000000000e+00 -6.5471456856866501e+00
 506 -3.0436926618275897e-04 -1.7124225535908690e-04  5.5861173706198424e-04 -4.3205286098092280e-03  0.0000000000000000e+00 -6.5888327594744593e+00
 507 -7.3255800238575090e-04 -5.1565552712911451e-04 -1.0811094256720265e-03 -4.3132342063077729e-03  0.0000000000000000e+00 -6.6237300556155123e+00
 508 -5.7513003756215464e-04 -3.1047273686325607e-04 -2.5361714200447041e-03 -3.2785508730922928e-03  0.0000000000000000e+00 -6.6351575983874227e+00
 509  9.0880964215451715e-05  8.1976781999813065e-05 -3.7520613790986094e-03 -1.5405982040076181e-03  0.0000000000000000e+00 -6.6239873802847979e+00
 510  5.0343349220621878e-04  2.4428674695837316e-04 -4.2171246977702583e-03  3.6732699842118065e-04  0.0000000000000000e+00 -6.6101572127812647e+00
 511  2.3365780296971022e-04  2.9637959651363665e-04 -3.5651669281784783e-03  2.1774508889432485e-03  0.0000000000000000e+00 -6.6130552857041183e+00
 512 -2.8896194330294521e-04  3.6939565903490278e-04 -2.1936565114401198e-03  3.6605157074709595e-03  0.0000000000000000e+00 -6.6386319364082249e+00
