-3.00 11.03193  5.35415
-2.85 11.02691  5.35796
-2.70 11.02320  5.36146
-2.55 11.02062  5.36467
-2.40 11.01896  5.36760
-2.25 11.01807  5.37029
-2.10 11.01779  5.37275
-1.95 11.01800  5.37500
-1.80 11.01859  5.37707
-1.65 11.01947  5.37898
-1.50 11.02056  5.38074
-1.35 11.02180  5.38238
-1.20 11.02313  5.38390
-1.05 11.02451  5.38532
-0.90 11.02591  5.38665
-0.75 11.02729  5.38791
-0.60 11.02864  5.38911
-0.45 11.02992  5.39025
-0.30 11.03114  5.39134
-0.15 11.03228  5.39239
 0.00 11.03333  5.39341
 0.15 11.03428  5.39439
 0.30 11.03513  5.39535
 0.45 11.03587  5.39628
 0.60 11.03651  5.39719
 0.75 11.03704  5.39808
 0.90 11.03746  5.39896
 1.05 11.03777  5.39982
 1.20 11.03797  5.40066
 1.35 11.03805  5.40148
 1.50 11.03803  5.40229
 1.65 11.03788  5.40309
 1.80 11.03763  5.40386
 1.95 11.03726  5.40462
 2.10 11.03677  5.40537
 2.25 11.03616  5.40609
 2.40 11.03544  5.40679
 2.55 11.03459  5.40747
 2.70 11.03362  5.40813
 2.85 11.03252  5.40876
 3.00 11.03130  5.40937
