   0 begin             0.00  0.0  -2.97 -0.0386 -66.71 -0.1558
   1 dh0g1a            4.65  0.0 -24.15 -0.0104 -10.77 -0.0246
   2 gs                4.65  0.0  32.10 -0.0165 -53.09 -0.0360
   3 sh1               4.85  1.5 218.70 -0.0287 -61.36 -0.0379
   4 dh1ag2a           4.94  0.0 350.31 -0.4137 -46.65 -0.0626
   5 bpm               4.94  0.0  50.56 -0.4365 -25.80 -0.0726
   6 dbpm              5.03  0.0 -20.34 -0.4458  27.43 -0.0937
   7 qh1sp01           5.28 -1.0  64.53 -0.4529 -23.17 -0.1084
   8 dh2ag2a           5.43  0.0 346.58 -0.4710 -42.83 -0.1149
   9 sq1hsp01          5.53  0.0  68.78 -0.8685 -38.97 -0.1454
  10 chv               5.53  0.0  33.31 -0.8789   1.24 -0.1672
  11 sq1hsp01          5.63  0.0 233.01 -0.8950   2.03 -0.1801
  12 dh2bg2a           5.79  0.0 219.99 -1.2285  -8.69 -0.5745
  13 sh2               5.99  0.0  27.94 -1.2416   8.83 -0.5862
  14 dh2cg2a           6.14  0.0 159.75 -1.2522 -48.85 -0.6043
  15 qh2sp01           6.54  1.0 423.80 -1.6427 -29.52 -0.6284
  16 dh3ag2a           6.73  0.0  43.49 -1.6639  20.53 -0.6365
  17 sh3               6.93 -1.5 -40.63 -1.6721 144.21 -0.6573
  18 dh3bg2a           7.13  0.0 -10.64 -1.6788  69.42 -0.6742
  19 qh3sp01           7.38 -1.0  74.05 -1.6943  39.29 -0.6814
  20 dh4ag2a           7.46  0.0   6.53 -2.0856   0.30 -0.7088
  21 bpm               7.46  0.0 -59.06 -2.0967  59.88 -0.7144
  22 dbpm              7.55  0.0 -69.97 -2.1006 144.21 -0.7265
  23 sh4               7.75 -1.5 -67.88 -2.1043 166.78 -0.7419
  24 dh4bg2a           8.00  0.0 -74.60 -2.1734 147.23 -1.0489
  25 dfch              8.15  0.0 -83.79 -2.1763 135.86 -1.0644
  26 chv               8.15  0.0 -71.76 -2.1825  24.00 -1.0758
  27 dfch              8.30  0.0 -42.24 -2.1905  -4.41 -1.0799
  28 ge                8.30  0.0 -18.56 -2.5761  28.90 -1.1059
  29 dh4cg3a           8.33  0.0 -73.71 -2.5976  78.87 -1.1157
  30 gs                8.33  0.0 -86.12 -2.6075 200.02 -1.1381
  31 b1sp01           10.95  0.5 -80.56 -2.2730  42.82 -1.1381
  32 dm1ag3a          11.32  0.0 -23.06 -2.2745   3.78 -1.1441
  33 dfch             11.47  0.0 -67.03 -2.6671   9.85 -1.1748
  34 chv              11.47  0.0 -73.96 -2.6776  82.23 -1.1965
  35 sm3              11.47  1.5 -36.96 -2.6943  84.29 -1.2110
  36 dfch             11.62  0.0 -33.11 -3.0241  63.79 -1.6064
  37 dm1bg3a          11.93  0.0 -66.73 -3.0306  91.57 -1.6185
  38 ge               11.93  0.0 -35.36 -3.0420  -9.58 -1.6389
  39 gs               11.93  0.0  50.89 -3.4347  -1.93 -1.6684
  40 qm1sp01          12.18 -1.0 -34.35 -3.4525  26.03 -1.6764
  41 dm2ag4a          12.38  0.0 -56.65 -3.4593  87.83 -1.6970
  42 sm1a             12.58 -1.5   4.82 -3.4658  -2.50 -1.7131
  43 dm2bg4a          13.16  0.0 343.54 -3.4801 -49.39 -1.7140
  44 bpm              13.16  0.0 190.64 -3.8730 -63.32 -1.7419
  45 dbpm             13.25  0.0  19.05 -3.8835 -44.93 -1.7460
  46 qm2sp01          13.50  1.0   2.36 -3.8875 -22.57 -1.7541
  47 dm2cg4a          13.70  0.0  29.75 -3.8945 -14.26 -1.7670
  48 sm2              13.95  1.5  29.18 -3.9688 -19.07 -2.0708
  49 dm2cg4b          14.15  0.0  -4.08 -3.9754 -21.85 -2.0834
  50 qm2sp01          14.40  1.0  53.00 -3.9800 -55.11 -2.0903
  51 dm2bg4b          14.92  0.0 143.64 -3.9896 -51.20 -2.0878
  52 sm1b             15.12 -1.5 186.06 -4.3731 -26.15 -2.1115
  53 dm2ag4b          15.38  0.0 -26.86 -4.3924  18.46 -2.1188
  54 bpm              15.38  0.0 -61.38 -4.4023  98.69 -2.1412
  55 dbpm             15.46  0.0 -30.81 -4.4098  21.86 -2.1587
  56 qm1sp01          15.71 -1.0  38.99 -4.4242  -1.81 -2.1654
  57 dm1eg4b          15.93  0.0 -58.02 -4.8170   7.05 -2.1955
  58 dfch             16.08  0.0 -71.20 -4.8233  79.71 -2.2160
  59 sm3              16.08  1.5 -30.30 -4.8400  81.74 -2.2304
  60 chv              16.08  0.0 -36.21 -5.1745  63.51 -2.6271
  61 dfch             16.23  0.0 -79.33 -5.1839  98.44 -2.6406
  62 ge               16.23  0.0 -59.85 -5.1952  -6.33 -2.6609
  63 gs               16.23  0.0  -6.29 -5.5880   1.59 -2.6904
  64 dm1dg5b          16.29  0.0 -70.07 -5.6086  41.18 -2.7001
  65 dpwg5b           16.49  0.0 -87.26 -5.6101 137.67 -2.7210
  66 dm1cg5b          16.69  0.0 -80.10 -5.6086  40.13 -2.7377
  67 b1sp01           19.31  0.5 -30.12 -5.2857  28.11 -2.7279
  68 ge               19.31  0.0 -54.21 -5.6786  -7.14 -2.7558
  69 dl4bg6b          19.53  0.0 -77.76 -5.6812  50.46 -2.7600
  70 gs               19.53  0.0 -82.50 -5.6867 131.35 -2.7726
  71 dfch             19.68  0.0 -74.25 -5.6901 159.49 -2.7883
  72 chv              19.68  0.0 -74.37 -5.7658 145.05 -3.0968
  73 dfch             19.83  0.0 -78.11 -5.7694 139.12 -3.1123
  74 dl4ag6b          19.91  0.0 -58.96 -5.7735  26.49 -3.1232
  75 ql3sp01          20.16 -1.0  32.85 -5.7820  -8.84 -3.1267
  76 dbpm             20.25  0.0 112.37 -6.1661  15.34 -3.1521
  77 bpm              20.25  0.0 -29.00 -6.1890  60.44 -3.1621
  78 dl3bg6b          20.33  0.0 -57.81 -6.1976 152.01 -3.1839
  79 sl3              20.53 -1.5   6.69 -6.2040  26.04 -3.2006
  80 dl3ag6b          21.15  0.0 406.67 -6.2183 -47.22 -3.2022
  81 ql2sp01          21.55  1.0  88.19 -6.6141 -50.64 -3.2271
  82 dl2cg6b          21.80  0.0  21.03 -6.6230  -8.60 -3.2445
  83 sl2              22.00  1.5 144.47 -6.6381   0.61 -3.2559
  84 dl2bg6b          22.14  0.0  95.59 -6.9713  -4.21 -3.6506
  85 dsch             22.24  0.0 -33.63 -6.9846  19.61 -3.6639
  86 chv              22.24  0.0  28.93 -6.9959 -43.54 -3.6842
  87 dsch             22.34  0.0 169.81 -7.3875 -36.29 -3.7124
  88 dl2ag6b          22.47  0.0 -22.23 -7.4083  -7.00 -3.7208
  89 ql1sp01          22.72 -1.0 -66.49 -7.4141  52.01 -3.7403
  90 dl1ag6b          22.81  0.0 -35.94 -7.4216 -15.57 -3.7574
  91 bpm              22.81  0.0  66.87 -7.4409 -37.08 -3.7662
  92 dbpm             22.90  0.0   5.24 -7.8322 -56.38 -3.7929
  93 sl1              23.10 -1.5 -63.01 -7.8393 -37.43 -3.7957
  94 ge               23.10  0.0 -70.89 -7.8448  -3.78 -3.8083
  95 gs               23.10  0.0 -63.11 -7.8530   6.72 -3.8249
  96 dl0g1a           26.40  0.0 -90.82 -7.7625 -88.93 -3.9373
  97 dl0g1a           29.70  0.0 -72.86 -7.6035  -2.86 -3.7573
  98 ge               29.70  0.0 -52.73 -7.6096 -48.93 -3.7687
  99 gs               29.70  0.0  13.55 -7.6233 -60.18 -3.7738
 100 sl1              29.90 -1.5  75.11 -8.0049 -40.34 -3.7970
 101 dl1ag2a          29.99  0.0 -39.17 -8.0261 -13.22 -3.8058
 102 bpm              29.99  0.0 -67.88 -8.0360  45.56 -3.8282
 103 dbpm             30.07  0.0 -34.10 -8.0434 -10.88 -3.8455
 104 ql1sp01          30.32 -1.0 109.46 -8.0585 -32.38 -3.8513
 105 dl2ag2a          30.46  0.0  -9.96 -8.4548 -31.34 -3.8815
 106 dsch             30.56  0.0 -20.65 -8.4641   9.43 -3.9019
 107 chv              30.56  0.0  92.06 -8.4809  10.67 -3.9163
 108 dsch             30.66  0.0  95.02 -8.8142  -4.39 -4.3116
 109 dl2bg2a          30.80  0.0 -16.01 -8.8273   8.31 -4.3243
 110 sl2              31.00  1.5  95.57 -8.8371 -53.05 -4.3415
 111 dl2cg2a          31.25  0.0 460.82 -9.2282 -54.41 -4.3668
 112 ql2sp01          31.65  1.0  87.07 -9.2486 -27.79 -4.3698
 113 dl3ag2a          32.26  0.0 -46.07 -9.2535 113.73 -4.3851
 114 sl3              32.46 -1.5 -16.33 -9.2600  45.29 -4.4017
 115 dl3bg2a          32.55  0.0  93.69 -9.2781  15.61 -4.4098
 116 bpm              32.55  0.0  26.92 -9.6709 -16.20 -4.4377
 117 dbpm             32.64  0.0 -56.97 -9.6806  42.35 -4.4427
 118 ql3sp01          32.89 -1.0 -74.87 -9.6808 136.83 -4.4537
 119 dl4ag2a          33.17  0.0 -75.49 -9.6812 157.26 -4.4686
 120 dfch             33.32  0.0    inf  1.3201    inf  0.7730
 121 chv              33.32  0.0    inf  1.3201    inf  0.7730
 122 dfch             33.47  0.0    inf  1.3260    inf  0.7739
 123 ge               33.47  0.0    inf  1.3260    inf  0.7739
 124 dl4bg3a          33.49  0.0    inf  1.3268    inf  0.7741
 125 gs               33.49  0.0    inf  1.3268    inf  0.7741
 126 b1sp01           36.11  0.5    inf  1.6691    inf  0.7927
 127 dm1ag3a          36.47  0.0    inf  1.6866    inf  0.7956
 128 sq2hsp01         36.62  0.0    inf  1.6920    inf  0.7968
 129 chv              36.62  0.0    inf  1.6920    inf  0.7968
 130 sm3              36.62  1.5    inf  1.6920    inf  0.7968
 131 sq2hsp01         36.77  0.0    inf  1.6966    inf  0.7980
 132 dm1bg3a          37.08  0.0    inf  1.7043    inf  0.8006
 133 ge               37.08  0.0    inf  1.7043    inf  0.8006
 134 gs               37.08  0.0    inf  1.7043    inf  0.8006
 135 qm1sp01          37.33 -1.0    inf  1.7091    inf  0.8028
 136 dm2a2g4b         37.53  0.0    inf  1.7122    inf  0.8047
 137 sm1a             37.73 -1.5    inf  1.7146    inf  0.8068
 138 dm2b2g4b         38.31  0.0    inf  1.7197    inf  0.8147
 139 bpm              38.31  0.0    inf  1.7197    inf  0.8147
 140 dbpm             38.40  0.0    inf  1.7203    inf  0.8162
 141 qm2sp01          38.65  1.0    inf  1.7218    inf  0.8207
 142 dm2cg4a          38.85  0.0    inf  1.7230    inf  0.8244
 143 sm2              39.10  1.5    inf  1.7245    inf  0.8291
 144 dm2cg4b          39.30  0.0    inf  1.7257    inf  0.8329
 145 qm2sp01          39.55  1.0    inf  1.7272    inf  0.8374
 146 dm2b2g4a         40.07  0.0    inf  1.7314    inf  0.8449
 147 sm1b             40.27 -1.5    inf  1.7335    inf  0.8472
 148 dm2a2g4a         40.53  0.0    inf  1.7370    inf  0.8498
 149 bpm              40.53  0.0    inf  1.7370    inf  0.8498
 150 dbpm             40.62  0.0    inf  1.7385    inf  0.8507
 151 qm1sp01          40.87 -1.0    inf  1.7433    inf  0.8528
 152 dm1eg4b          41.09  0.0    inf  1.7486    inf  0.8546
 153 dfch             41.24  0.0    inf  1.7529    inf  0.8558
 154 sm3              41.24  1.5    inf  1.7529    inf  0.8558
 155 chv              41.24  0.0    inf  1.7529    inf  0.8558
 156 dfch             41.39  0.0    inf  1.7578    inf  0.8570
 157 ge               41.39  0.0    inf  1.7578    inf  0.8570
 158 gs               41.39  0.0    inf  1.7578    inf  0.8570
 159 dm1dg5b          41.45  0.0    inf  1.7599    inf  0.8575
 160 dpwg5b           41.65  0.0    inf  1.7683    inf  0.8591
 161 dm1cg5b          41.85  0.0    inf  1.7790    inf  0.8606
 162 b1sp01           44.47  0.5    inf  2.1226    inf  0.8788
 163 ge               44.47  0.0    inf  2.1226    inf  0.8788
 164 dh4cg6b          44.67  0.0    inf  2.1303    inf  0.8801
 165 gs               44.67  0.0    inf  2.1303    inf  0.8801
 166 dfch             44.82  0.0    inf  2.1351    inf  0.8810
 167 chv              44.82  0.0    inf  2.1351    inf  0.8810
 168 dfch             44.97  0.0    inf  2.1392    inf  0.8819
 169 dh4bg6b          45.05  0.0    inf  2.1411    inf  0.8824
 170 sh4              45.25 -1.5    inf  2.1455    inf  0.8836
 171 dh4ag6b          45.33  0.0    inf  2.1472    inf  0.8841
 172 bpm              45.33  0.0    inf  2.1472    inf  0.8841
 173 dbpm             45.42  0.0    inf  2.1488    inf  0.8846
 174 qh3sp01          45.67 -1.0    inf  2.1527    inf  0.8861
 175 dh3bg6b          45.87  0.0    inf  2.1549    inf  0.8875
 176 sh3              46.07 -1.5    inf  2.1566    inf  0.8892
 177 dh3ag6b          46.26  0.0    inf  2.1580    inf  0.8912
 178 qh2sp01          46.66  1.0    inf  2.1602    inf  0.8967
 179 dh2cg6b          46.81  0.0    inf  2.1610    inf  0.8989
 180 sh2              47.01  0.0    inf  2.1622    inf  0.9019
 181 dh2bg6b          47.19  0.0    inf  2.1633    inf  0.9046
 182 dsch             47.29  0.0    inf  2.1640    inf  0.9060
 183 chv              47.29  0.0    inf  2.1640    inf  0.9060
 184 dsch             47.39  0.0    inf  2.1647    inf  0.9075
 185 dh2ag6b          47.52  0.0    inf  2.1656    inf  0.9094
 186 qh1sp01          47.77 -1.0    inf  2.1675    inf  0.9131
 187 dh1ag6b          47.86  0.0    inf  2.1681    inf  0.9144
 188 bpm              47.86  0.0    inf  2.1681    inf  0.9144
 189 dbpm             47.95  0.0    inf  2.1688    inf  0.9158
 190 sh1              48.15  1.5    inf  2.1703    inf  0.9191
 191 ge               48.15  0.0    inf  2.1703    inf  0.9191
 192 dh0g1a           52.80  0.0    inf  2.2071    inf  1.0839
 193 d_dw             49.30  0.0    inf  2.1792    inf  0.9423
 194 dw100            56.30  0.0    inf  2.2350    inf  1.2519
 195 d_dw             52.80  0.0    inf  2.2071    inf  1.1097
 196 dh0g1a           57.45  0.0    inf  2.2439    inf  1.2753
 197 gs               57.45  0.0    inf  2.2439    inf  1.2753
 198 sh1              57.65  1.5    inf  2.2454    inf  1.2786
 199 dh1ag2a          57.73  0.0    inf  2.2461    inf  1.2800
 200 bpm              57.73  0.0    inf  2.2461    inf  1.2800
 201 dbpm             57.82  0.0    inf  2.2468    inf  1.2813
 202 qh1sp01          58.07 -1.0    inf  2.2486    inf  1.2850
 203 dh2ag2a          58.23  0.0    inf  2.2497    inf  1.2873
 204 sq1hsp01         58.33  0.0    inf  2.2504    inf  1.2887
 205 chv              58.33  0.0    inf  2.2504    inf  1.2887
 206 sq1hsp01         58.43  0.0    inf  2.2511    inf  1.2902
 207 dh2bg2a          58.59  0.0    inf  2.2520    inf  1.2926
 208 sh2              58.79  0.0    inf  2.2532    inf  1.2955
 209 dh2cg2a          58.94  0.0    inf  2.2540    inf  1.2978
 210 qh2sp01          59.34  1.0    inf  2.2563    inf  1.3033
 211 dh3ag2a          59.53  0.0    inf  2.2576    inf  1.3053
 212 sh3              59.73 -1.5    inf  2.2593    inf  1.3070
 213 dh3bg2a          59.92  0.0    inf  2.2616    inf  1.3084
 214 qh3sp01          60.17 -1.0    inf  2.2654    inf  1.3099
 215 dh4ag2a          60.26  0.0    inf  2.2670    inf  1.3104
 216 bpm              60.26  0.0    inf  2.2670    inf  1.3104
 217 dbpm             60.35  0.0    inf  2.2687    inf  1.3109
 218 sh4              60.55 -1.5    inf  2.2731    inf  1.3121
 219 dh4bg2a          60.80  0.0    inf  2.2798    inf  1.3136
 220 dfch             60.95  0.0    inf  2.2847    inf  1.3145
 221 chv              60.95  0.0    inf  2.2847    inf  1.3145
 222 dfch             61.10  0.0    inf  2.2903    inf  1.3155
 223 ge               61.10  0.0    inf  2.2903    inf  1.3155
 224 dh4cg3a          61.13  0.0    inf  2.2917    inf  1.3157
 225 gs               61.13  0.0    inf  2.2917    inf  1.3157
 226 b1sp01           63.75  0.5    inf  2.6353    inf  1.3339
 227 dm1ag3a          64.11  0.0    inf  2.6530    inf  1.3368
 228 dfch             64.26  0.0    inf  2.6585    inf  1.3380
 229 chv              64.26  0.0    inf  2.6585    inf  1.3380
 230 sm3              64.26  1.5    inf  2.6585    inf  1.3380
 231 dfch             64.41  0.0    inf  2.6631    inf  1.3392
 232 dm1bg3a          64.72  0.0    inf  2.6709    inf  1.3417
 233 ge               64.72  0.0    inf  2.6709    inf  1.3417
 234 gs               64.72  0.0    inf  2.6709    inf  1.3417
 235 qm1sp01          64.97 -1.0    inf  2.6758    inf  1.3439
 236 dm2ag4a          65.17  0.0    inf  2.6788    inf  1.3458
 237 sm1a             65.37 -1.5    inf  2.6813    inf  1.3479
 238 dm2bg4a          65.95  0.0    inf  2.6864    inf  1.3557
 239 bpm              65.95  0.0    inf  2.6864    inf  1.3557
 240 dbpm             66.04  0.0    inf  2.6870    inf  1.3572
 241 qm2sp01          66.29  1.0    inf  2.6886    inf  1.3617
 242 dm2cg4a          66.49  0.0    inf  2.6897    inf  1.3654
 243 sm2              66.74  1.5    inf  2.6912    inf  1.3701
 244 dm2cg4b          66.94  0.0    inf  2.6924    inf  1.3739
 245 qm2sp01          67.19  1.0    inf  2.6939    inf  1.3784
 246 dm2bg4b          67.71  0.0    inf  2.6981    inf  1.3860
 247 sm1b             67.91 -1.5    inf  2.7002    inf  1.3883
 248 dm2ag4b          68.17  0.0    inf  2.7037    inf  1.3910
 249 bpm              68.17  0.0    inf  2.7037    inf  1.3910
 250 dbpm             68.26  0.0    inf  2.7051    inf  1.3918
 251 qm1sp01          68.51 -1.0    inf  2.7100    inf  1.3939
 252 dm1eg4b          68.73  0.0    inf  2.7152    inf  1.3958
 253 dfch             68.88  0.0    inf  2.7194    inf  1.3970
 254 sm3              68.88  1.5    inf  2.7194    inf  1.3970
 255 chv              68.88  0.0    inf  2.7194    inf  1.3970
 256 dfch             69.03  0.0    inf  2.7243    inf  1.3983
 257 ge               69.03  0.0    inf  2.7243    inf  1.3983
 258 gs               69.03  0.0    inf  2.7243    inf  1.3983
 259 dm1dg5b          69.09  0.0    inf  2.7263    inf  1.3987
 260 dpwg5b           69.29  0.0    inf  2.7346    inf  1.4003
 261 dm1cg5b          69.49  0.0    inf  2.7451    inf  1.4019
 262 b1sp01           72.11  0.5    inf  3.0874    inf  1.4205
 263 ge               72.11  0.0    inf  3.0874    inf  1.4205
 264 dl4bg6b          72.33  0.0    inf  3.0959    inf  1.4218
 265 gs               72.33  0.0    inf  3.0959    inf  1.4218
 266 dfch             72.48  0.0    inf  3.1008    inf  1.4228
 267 chv              72.48  0.0    inf  3.1008    inf  1.4228
 268 dfch             72.63  0.0    inf  3.1050    inf  1.4237
 269 dl4ag6b          72.71  0.0    inf  3.1070    inf  1.4242
 270 ql3sp01          72.96 -1.0    inf  3.1123    inf  1.4258
 271 dbpm             73.04  0.0    inf  3.1138    inf  1.4264
 272 bpm              73.04  0.0    inf  3.1138    inf  1.4264
 273 dl3bg6b          73.13  0.0    inf  3.1151    inf  1.4270
 274 sl3              73.33 -1.5    inf  3.1176    inf  1.4286
 275 dl3ag6b          73.95  0.0    inf  3.1225    inf  1.4359
 276 ql2sp01          74.35  1.0    inf  3.1248    inf  1.4430
 277 dl2cg6b          74.60  0.0    inf  3.1264    inf  1.4472
 278 sl2              74.80  1.5    inf  3.1280    inf  1.4503
 279 dl2bg6b          74.93  0.0    inf  3.1293    inf  1.4523
 280 dsch             75.03  0.0    inf  3.1303    inf  1.4537
 281 chv              75.03  0.0    inf  3.1303    inf  1.4537
 282 dsch             75.13  0.0    inf  3.1315    inf  1.4550
 283 dl2ag6b          75.27  0.0    inf  3.1333    inf  1.4568
 284 ql1sp01          75.52 -1.0    inf  3.1374    inf  1.4598
 285 dl1ag6b          75.61  0.0    inf  3.1389    inf  1.4609
 286 bpm              75.61  0.0    inf  3.1389    inf  1.4609
 287 dbpm             75.70  0.0    inf  3.1406    inf  1.4621
 288 sl1              75.90 -1.5    inf  3.1446    inf  1.4649
 289 ge               75.90  0.0    inf  3.1446    inf  1.4649
 290 gs               75.90  0.0    inf  3.1446    inf  1.4649
 291 dl0g1a           79.20  0.0    inf  3.3115    inf  1.6610
 292 dl0g1a           82.50  0.0    inf  3.4778    inf  1.8574
 293 ge               82.50  0.0    inf  3.4778    inf  1.8574
 294 gs               82.50  0.0    inf  3.4778    inf  1.8574
 295 sl1              82.70 -1.5    inf  3.4818    inf  1.8602
 296 dl1ag2a          82.78  0.0    inf  3.4834    inf  1.8614
 297 bpm              82.78  0.0    inf  3.4834    inf  1.8614
 298 dbpm             82.87  0.0    inf  3.4850    inf  1.8625
 299 ql1sp01          83.12 -1.0    inf  3.4890    inf  1.8655
 300 dl2ag2a          83.26  0.0    inf  3.4908    inf  1.8673
 301 dsch             83.36  0.0    inf  3.4920    inf  1.8686
 302 chv              83.36  0.0    inf  3.4920    inf  1.8686
 303 dsch             83.46  0.0    inf  3.4930    inf  1.8700
 304 dl2bg2a          83.60  0.0    inf  3.4943    inf  1.8719
 305 sl2              83.80  1.5    inf  3.4959    inf  1.8750
 306 dl2cg2a          84.05  0.0    inf  3.4975    inf  1.8793
 307 ql2sp01          84.45  1.0    inf  3.4997    inf  1.8864
 308 dl3ag2a          85.06  0.0    inf  3.5047    inf  1.8936
 309 sl3              85.26 -1.5    inf  3.5072    inf  1.8953
 310 dl3bg2a          85.35  0.0    inf  3.5085    inf  1.8959
 311 bpm              85.35  0.0    inf  3.5085    inf  1.8959
 312 dbpm             85.43  0.0    inf  3.5100    inf  1.8965
 313 ql3sp01          85.68 -1.0    inf  3.5152    inf  1.8980
 314 dl4ag2a          85.97  0.0    inf  3.5230    inf  1.8998
 315 dfch             86.12  0.0    inf  3.5280    inf  1.9007
 316 chv              86.12  0.0    inf  3.5280    inf  1.9007
 317 dfch             86.27  0.0    inf  3.5340    inf  1.9017
 318 ge               86.27  0.0    inf  3.5340    inf  1.9017
 319 dl4bg3a          86.28  0.0    inf  3.5348    inf  1.9018
 320 gs               86.28  0.0    inf  3.5348    inf  1.9018
 321 b1sp01           88.90  0.5    inf  3.8771    inf  1.9203
 322 dm1ag3a          89.27  0.0    inf  3.8946    inf  1.9232
 323 sq2hsp01         89.42  0.0    inf  3.9000    inf  1.9244
 324 chv              89.42  0.0    inf  3.9000    inf  1.9244
 325 sm3              89.42  1.5    inf  3.9000    inf  1.9244
 326 sq2hsp01         89.57  0.0    inf  3.9046    inf  1.9257
 327 dm1bg3a          89.88  0.0    inf  3.9123    inf  1.9283
 328 ge               89.88  0.0    inf  3.9123    inf  1.9283
 329 gs               89.88  0.0    inf  3.9123    inf  1.9283
 330 qm1sp01          90.13 -1.0    inf  3.9172    inf  1.9304
 331 dm2a2g4b         90.33  0.0    inf  3.9202    inf  1.9323
 332 sm1a             90.53 -1.5    inf  3.9227    inf  1.9345
 333 dm2b2g4b         91.11  0.0    inf  3.9278    inf  1.9424
 334 bpm              91.11  0.0    inf  3.9278    inf  1.9424
 335 dbpm             91.20  0.0    inf  3.9284    inf  1.9438
 336 qm2sp01          91.45  1.0    inf  3.9299    inf  1.9484
 337 dm2cg4a          91.65  0.0    inf  3.9311    inf  1.9521
 338 sm2              91.90  1.5    inf  3.9326    inf  1.9568
 339 dm2cg4b          92.10  0.0    inf  3.9338    inf  1.9606
 340 qm2sp01          92.35  1.0    inf  3.9353    inf  1.9651
 341 dm2b2g4a         92.87  0.0    inf  3.9394    inf  1.9726
 342 sm1b             93.07 -1.5    inf  3.9416    inf  1.9749
 343 dm2a2g4a         93.33  0.0    inf  3.9451    inf  1.9776
 344 bpm              93.33  0.0    inf  3.9451    inf  1.9776
 345 dbpm             93.42  0.0    inf  3.9465    inf  1.9784
 346 qm1sp01          93.67 -1.0    inf  3.9514    inf  1.9806
 347 dm1eg4b          93.89  0.0    inf  3.9567    inf  1.9824
 348 dfch             94.04  0.0    inf  3.9610    inf  1.9836
 349 sm3              94.04  1.5    inf  3.9610    inf  1.9836
 350 chv              94.04  0.0    inf  3.9610    inf  1.9836
 351 dfch             94.19  0.0    inf  3.9659    inf  1.9848
 352 ge               94.19  0.0    inf  3.9659    inf  1.9848
 353 gs               94.19  0.0    inf  3.9659    inf  1.9848
 354 dm1dg5b          94.24  0.0    inf  3.9679    inf  1.9853
 355 dpwg5b           94.44  0.0    inf  3.9764    inf  1.9869
 356 dm1cg5b          94.64  0.0    inf  3.9870    inf  1.9884
 357 b1sp01           97.26  0.5    inf  4.3304    inf  2.0068
 358 ge               97.26  0.0    inf  4.3304    inf  2.0068
 359 dh4cg6b          97.47  0.0    inf  4.3381    inf  2.0080
 360 gs               97.47  0.0    inf  4.3381    inf  2.0080
 361 dfch             97.62  0.0    inf  4.3429    inf  2.0090
 362 chv              97.62  0.0    inf  4.3429    inf  2.0090
 363 dfch             97.77  0.0    inf  4.3471    inf  2.0099
 364 dh4bg6b          97.84  0.0    inf  4.3490    inf  2.0103
 365 sh4              98.04 -1.5    inf  4.3534    inf  2.0115
 366 dh4ag6b          98.13  0.0    inf  4.3551    inf  2.0120
 367 bpm              98.13  0.0    inf  4.3551    inf  2.0120
 368 dbpm             98.22  0.0    inf  4.3567    inf  2.0126
 369 qh3sp01          98.47 -1.0    inf  4.3606    inf  2.0141
 370 dh3bg6b          98.66  0.0    inf  4.3628    inf  2.0154
 371 sh3              98.86 -1.5    inf  4.3646    inf  2.0172
 372 dh3ag6b          99.05  0.0    inf  4.3659    inf  2.0191
 373 qh2sp01          99.45  1.0    inf  4.3682    inf  2.0246
 374 dh2cg6b          99.60  0.0    inf  4.3690    inf  2.0269
 375 sh2              99.80  0.0    inf  4.3702    inf  2.0298
 376 dh2bg6b          99.99  0.0    inf  4.3713    inf  2.0325
 377 dsch            100.09  0.0    inf  4.3719    inf  2.0339
 378 chv             100.09  0.0    inf  4.3719    inf  2.0339
 379 dsch            100.19  0.0    inf  4.3726    inf  2.0354
 380 dh2ag6b         100.32  0.0    inf  4.3735    inf  2.0373
 381 qh1sp01         100.57 -1.0    inf  4.3754    inf  2.0409
 382 dh1ag6b         100.66  0.0    inf  4.3760    inf  2.0422
 383 bpm             100.66  0.0    inf  4.3760    inf  2.0422
 384 dbpm            100.74  0.0    inf  4.3767    inf  2.0436
 385 sh1             100.94  1.5    inf  4.3782    inf  2.0468
 386 ge              100.94  0.0    inf  4.3782    inf  2.0468
 387 dh0g1a          105.59  0.0    inf  4.4143    inf  2.1945
 388 dh0g1a          110.24  0.0    inf  4.4503    inf  2.3421
 389 gs              110.24  0.0    inf  4.4503    inf  2.3421
 390 sh1             110.44  1.5    inf  4.4518    inf  2.3453
 391 dh1ag2a         110.53  0.0    inf  4.4525    inf  2.3467
 392 bpm             110.53  0.0    inf  4.4525    inf  2.3467
 393 dbpm            110.62  0.0    inf  4.4531    inf  2.3480
 394 qh1sp01         110.87 -1.0    inf  4.4550    inf  2.3516
 395 dh2ag2a         111.03  0.0    inf  4.4561    inf  2.3539
 396 sq1hsp01        111.13  0.0    inf  4.4567    inf  2.3553
 397 chv             111.13  0.0    inf  4.4567    inf  2.3553
 398 sq1hsp01        111.23  0.0    inf  4.4574    inf  2.3568
 399 dh2bg2a         111.38  0.0    inf  4.4583    inf  2.3591
 400 sh2             111.58  0.0    inf  4.4595    inf  2.3620
 401 dh2cg2a         111.73  0.0    inf  4.4604    inf  2.3643
 402 qh2sp01         112.13  1.0    inf  4.4626    inf  2.3698
 403 dh3ag2a         112.32  0.0    inf  4.4639    inf  2.3718
 404 sh3             112.52 -1.5    inf  4.4657    inf  2.3735
 405 dh3bg2a         112.72  0.0    inf  4.4679    inf  2.3748
 406 qh3sp01         112.97 -1.0    inf  4.4718    inf  2.3764
 407 dh4ag2a         113.06  0.0    inf  4.4734    inf  2.3769
 408 bpm             113.06  0.0    inf  4.4734    inf  2.3769
 409 dbpm            113.14  0.0    inf  4.4751    inf  2.3774
 410 sh4             113.34 -1.5    inf  4.4795    inf  2.3786
 411 dh4bg2a         113.59  0.0    inf  4.4862    inf  2.3801
 412 dfch            113.74  0.0    inf  4.4910    inf  2.3810
 413 chv             113.74  0.0    inf  4.4910    inf  2.3810
 414 dfch            113.89  0.0    inf  4.4967    inf  2.3820
 415 ge              113.89  0.0    inf  4.4967    inf  2.3820
 416 dh4cg3a         113.92  0.0    inf  4.4981    inf  2.3822
 417 gs              113.92  0.0    inf  4.4981    inf  2.3822
 418 b1sp01          116.54  0.5    inf  4.8415    inf  2.4005
 419 dm1ag3a         116.91  0.0    inf  4.8593    inf  2.4034
 420 dfch            117.06  0.0    inf  4.8647    inf  2.4046
 421 chv             117.06  0.0    inf  4.8647    inf  2.4046
 422 sm3             117.06  1.5    inf  4.8647    inf  2.4046
 423 dfch            117.21  0.0    inf  4.8694    inf  2.4058
 424 dm1bg3a         117.52  0.0    inf  4.8772    inf  2.4084
 425 ge              117.52  0.0    inf  4.8772    inf  2.4084
 426 gs              117.52  0.0    inf  4.8772    inf  2.4084
 427 qm1sp01         117.77 -1.0    inf  4.8821    inf  2.4105
 428 dm2ag4a         117.97  0.0    inf  4.8851    inf  2.4124
 429 sm1a            118.17 -1.5    inf  4.8876    inf  2.4146
 430 dm2bg4a         118.75  0.0    inf  4.8927    inf  2.4224
 431 bpm             118.75  0.0    inf  4.8927    inf  2.4224
 432 dbpm            118.84  0.0    inf  4.8933    inf  2.4239
 433 qm2sp01         119.09  1.0    inf  4.8948    inf  2.4284
 434 dm2cg4a         119.29  0.0    inf  4.8960    inf  2.4322
 435 sm2             119.54  1.5    inf  4.8975    inf  2.4368
 436 dm2cg4b         119.74  0.0    inf  4.8987    inf  2.4406
 437 qm2sp01         119.99  1.0    inf  4.9002    inf  2.4451
 438 dm2bg4b         120.51  0.0    inf  4.9043    inf  2.4527
 439 sm1b            120.71 -1.5    inf  4.9065    inf  2.4550
 440 dm2ag4b         120.97  0.0    inf  4.9100    inf  2.4577
 441 bpm             120.97  0.0    inf  4.9100    inf  2.4577
 442 dbpm            121.06  0.0    inf  4.9114    inf  2.4585
 443 qm1sp01         121.31 -1.0    inf  4.9162    inf  2.4607
 444 dm1eg4b         121.53  0.0    inf  4.9215    inf  2.4625
 445 dfch            121.68  0.0    inf  4.9257    inf  2.4638
 446 sm3             121.68  1.5    inf  4.9257    inf  2.4638
 447 chv             121.68  0.0    inf  4.9257    inf  2.4638
 448 dfch            121.83  0.0    inf  4.9306    inf  2.4650
 449 ge              121.83  0.0    inf  4.9306    inf  2.4650
 450 gs              121.83  0.0    inf  4.9306    inf  2.4650
 451 dm1dg5b         121.88  0.0    inf  4.9326    inf  2.4654
 452 dpwg5b          122.08  0.0    inf  4.9409    inf  2.4670
 453 dm1cg5b         122.28  0.0    inf  4.9514    inf  2.4686
 454 b1sp01          124.90  0.5    inf  5.2937    inf  2.4871
 455 ge              124.90  0.0    inf  5.2937    inf  2.4871
 456 dl4bg6b         125.12  0.0    inf  5.3022    inf  2.4885
 457 gs              125.12  0.0    inf  5.3022    inf  2.4885
 458 dfch            125.27  0.0    inf  5.3071    inf  2.4894
 459 chv             125.27  0.0    inf  5.3071    inf  2.4894
 460 dfch            125.42  0.0    inf  5.3112    inf  2.4904
 461 dl4ag6b         125.50  0.0    inf  5.3133    inf  2.4909
 462 ql3sp01         125.75 -1.0    inf  5.3186    inf  2.4924
 463 dbpm            125.84  0.0    inf  5.3201    inf  2.4930
 464 bpm             125.84  0.0    inf  5.3201    inf  2.4930
 465 dl3bg6b         125.93  0.0    inf  5.3214    inf  2.4937
 466 sl3             126.13 -1.5    inf  5.3238    inf  2.4953
 467 dl3ag6b         126.74  0.0    inf  5.3288    inf  2.5025
 468 ql2sp01         127.14  1.0    inf  5.3310    inf  2.5096
 469 dl2cg6b         127.39  0.0    inf  5.3327    inf  2.5138
 470 sl2             127.59  1.5    inf  5.3342    inf  2.5169
 471 dl2bg6b         127.73  0.0    inf  5.3355    inf  2.5189
 472 dsch            127.83  0.0    inf  5.3366    inf  2.5203
 473 chv             127.83  0.0    inf  5.3366    inf  2.5203
 474 dsch            127.93  0.0    inf  5.3377    inf  2.5216
 475 dl2ag6b         128.07  0.0    inf  5.3395    inf  2.5233
 476 ql1sp01         128.32 -1.0    inf  5.3436    inf  2.5264
 477 dl1ag6b         128.41  0.0    inf  5.3452    inf  2.5275
 478 bpm             128.41  0.0    inf  5.3452    inf  2.5275
 479 dbpm            128.49  0.0    inf  5.3468    inf  2.5286
 480 sl1             128.69 -1.5    inf  5.3508    inf  2.5315
 481 ge              128.69  0.0    inf  5.3508    inf  2.5315
 482 gs              128.69  0.0    inf  5.3508    inf  2.5315
 483 dl0g1a          131.99  0.0    inf  5.5175    inf  2.7276
 484 dl0g1a          135.29  0.0    inf  5.6842    inf  2.9239
 485 ge              135.29  0.0    inf  5.6842    inf  2.9239
 486 gs              135.29  0.0    inf  5.6842    inf  2.9239
 487 sl1             135.49 -1.5    inf  5.6882    inf  2.9268
 488 dl1ag2a         135.58  0.0    inf  5.6898    inf  2.9280
 489 bpm             135.58  0.0    inf  5.6898    inf  2.9280
 490 dbpm            135.67  0.0    inf  5.6914    inf  2.9291
 491 ql1sp01         135.92 -1.0    inf  5.6954    inf  2.9321
 492 dl2ag2a         136.06  0.0    inf  5.6973    inf  2.9338
 493 dsch            136.16  0.0    inf  5.6984    inf  2.9352
 494 chv             136.16  0.0    inf  5.6984    inf  2.9352
 495 dsch            136.26  0.0    inf  5.6995    inf  2.9365
 496 dl2bg2a         136.39  0.0    inf  5.7007    inf  2.9385
 497 sl2             136.59  1.5    inf  5.7023    inf  2.9416
 498 dl2cg2a         136.84  0.0    inf  5.7039    inf  2.9459
 499 ql2sp01         137.24  1.0    inf  5.7062    inf  2.9530
 500 dl3ag2a         137.86  0.0    inf  5.7111    inf  2.9602
 501 sl3             138.06 -1.5    inf  5.7136    inf  2.9618
 502 dl3bg2a         138.14  0.0    inf  5.7149    inf  2.9625
 503 bpm             138.14  0.0    inf  5.7149    inf  2.9625
 504 dbpm            138.23  0.0    inf  5.7164    inf  2.9631
 505 ql3sp01         138.48 -1.0    inf  5.7217    inf  2.9646
 506 dl4ag2a         138.76  0.0    inf  5.7294    inf  2.9664
 507 dfch            138.91  0.0    inf  5.7345    inf  2.9673
 508 chv             138.91  0.0    inf  5.7345    inf  2.9673
 509 dfch            139.06  0.0    inf  5.7404    inf  2.9682
 510 ge              139.06  0.0    inf  5.7404    inf  2.9682
 511 dl4bg3a         139.08  0.0    inf  5.7412    inf  2.9684
 512 gs              139.08  0.0    inf  5.7412    inf  2.9684
 513 b1sp01          141.70  0.5    inf  6.0834    inf  2.9869
 514 dm1ag3a         142.07  0.0    inf  6.1009    inf  2.9898
 515 sq2hsp01        142.22  0.0    inf  6.1063    inf  2.9910
 516 chv             142.22  0.0    inf  6.1063    inf  2.9910
 517 sm3             142.22  1.5    inf  6.1063    inf  2.9910
 518 sq2hsp01        142.37  0.0    inf  6.1109    inf  2.9922
 519 dm1bg3a         142.68  0.0    inf  6.1187    inf  2.9948
 520 ge              142.68  0.0    inf  6.1187    inf  2.9948
 521 gs              142.68  0.0    inf  6.1187    inf  2.9948
 522 qm1sp01         142.93 -1.0    inf  6.1235    inf  2.9970
 523 dm2a2g4b        143.13  0.0    inf  6.1265    inf  2.9989
 524 sm1a            143.33 -1.5    inf  6.1290    inf  3.0010
 525 dm2b2g4b        143.91  0.0    inf  6.1341    inf  3.0089
 526 bpm             143.91  0.0    inf  6.1341    inf  3.0089
 527 dbpm            144.00  0.0    inf  6.1347    inf  3.0104
 528 qm2sp01         144.25  1.0    inf  6.1363    inf  3.0149
 529 dm2cg4a         144.45  0.0    inf  6.1374    inf  3.0187
 530 sm2             144.70  1.5    inf  6.1389    inf  3.0234
 531 dm2cg4b         144.90  0.0    inf  6.1401    inf  3.0271
 532 qm2sp01         145.15  1.0    inf  6.1416    inf  3.0316
 533 dm2b2g4a        145.67  0.0    inf  6.1458    inf  3.0392
 534 sm1b            145.87 -1.5    inf  6.1479    inf  3.0415
 535 dm2a2g4a        146.13  0.0    inf  6.1515    inf  3.0441
 536 bpm             146.13  0.0    inf  6.1515    inf  3.0441
 537 dbpm            146.22  0.0    inf  6.1529    inf  3.0450
 538 qm1sp01         146.47 -1.0    inf  6.1578    inf  3.0471
 539 dm1eg4b         146.69  0.0    inf  6.1631    inf  3.0489
 540 dfch            146.84  0.0    inf  6.1673    inf  3.0502
 541 sm3             146.84  1.5    inf  6.1673    inf  3.0502
 542 chv             146.84  0.0    inf  6.1673    inf  3.0502
 543 dfch            146.99  0.0    inf  6.1723    inf  3.0514
 544 ge              146.99  0.0    inf  6.1723    inf  3.0514
 545 gs              146.99  0.0    inf  6.1723    inf  3.0514
 546 dm1dg5b         147.04  0.0    inf  6.1743    inf  3.0518
 547 dpwg5b          147.24  0.0    inf  6.1828    inf  3.0534
 548 dm1cg5b         147.44  0.0    inf  6.1935    inf  3.0550
 549 b1sp01          150.06  0.5    inf  6.5367    inf  3.0733
 550 ge              150.06  0.0    inf  6.5367    inf  3.0733
 551 dh4cg6b         150.26  0.0    inf  6.5445    inf  3.0746
 552 gs              150.26  0.0    inf  6.5445    inf  3.0746
 553 dfch            150.41  0.0    inf  6.5493    inf  3.0755
 554 chv             150.41  0.0    inf  6.5493    inf  3.0755
 555 dfch            150.56  0.0    inf  6.5534    inf  3.0764
 556 dh4bg6b         150.64  0.0    inf  6.5553    inf  3.0769
 557 sh4             150.84 -1.5    inf  6.5597    inf  3.0781
 558 dh4ag6b         150.93  0.0    inf  6.5614    inf  3.0786
 559 bpm             150.93  0.0    inf  6.5614    inf  3.0786
 560 dbpm            151.02  0.0    inf  6.5630    inf  3.0791
 561 qh3sp01         151.27 -1.0    inf  6.5669    inf  3.0806
 562 dh3bg6b         151.46  0.0    inf  6.5691    inf  3.0820
 563 sh3             151.66 -1.5    inf  6.5709    inf  3.0837
 564 dh3ag6b         151.85  0.0    inf  6.5722    inf  3.0857
 565 qh2sp01         152.25  1.0    inf  6.5745    inf  3.0912
 566 dh2cg6b         152.40  0.0    inf  6.5753    inf  3.0934
 567 sh2             152.60  0.0    inf  6.5765    inf  3.0963
 568 dh2bg6b         152.78  0.0    inf  6.5776    inf  3.0990
 569 dsch            152.88  0.0    inf  6.5783    inf  3.1005
 570 chv             152.88  0.0    inf  6.5783    inf  3.1005
 571 dsch            152.98  0.0    inf  6.5789    inf  3.1019
 572 dh2ag6b         153.12  0.0    inf  6.5799    inf  3.1038
 573 qh1sp01         153.37 -1.0    inf  6.5817    inf  3.1075
 574 dh1ag6b         153.45  0.0    inf  6.5823    inf  3.1088
 575 bpm             153.45  0.0    inf  6.5823    inf  3.1088
 576 dbpm            153.54  0.0    inf  6.5830    inf  3.1101
 577 sh1             153.74  1.5    inf  6.5845    inf  3.1133
 578 ge              153.74  0.0    inf  6.5845    inf  3.1133
 579 dh0g1a          158.39  0.0    inf  6.6206    inf  3.2609
 580 dh0g1a          163.04  0.0    inf  6.6567    inf  3.4084
 581 gs              163.04  0.0    inf  6.6567    inf  3.4084
 582 sh1             163.24  1.5    inf  6.6582    inf  3.4116
 583 dh1ag2a         163.33  0.0    inf  6.6588    inf  3.4130
 584 bpm             163.33  0.0    inf  6.6588    inf  3.4130
 585 dbpm            163.42  0.0    inf  6.6595    inf  3.4143
 586 qh1sp01         163.67 -1.0    inf  6.6613    inf  3.4179
 587 dh2ag2a         163.82  0.0    inf  6.6624    inf  3.4202
 588 sq1hsp01        163.92  0.0    inf  6.6630    inf  3.4217
 589 chv             163.92  0.0    inf  6.6630    inf  3.4217
 590 sq1hsp01        164.02  0.0    inf  6.6637    inf  3.4231
 591 dh2bg2a         164.18  0.0    inf  6.6647    inf  3.4254
 592 sh2             164.38  0.0    inf  6.6658    inf  3.4284
 593 dh2cg2a         164.53  0.0    inf  6.6667    inf  3.4306
 594 qh2sp01         164.93  1.0    inf  6.6689    inf  3.4361
 595 dh3ag2a         165.12  0.0    inf  6.6702    inf  3.4381
 596 sh3             165.32 -1.5    inf  6.6720    inf  3.4398
 597 dh3bg2a         165.52  0.0    inf  6.6742    inf  3.4412
 598 qh3sp01         165.77 -1.0    inf  6.6781    inf  3.4427
 599 dh4ag2a         165.85  0.0    inf  6.6797    inf  3.4432
 600 bpm             165.85  0.0    inf  6.6797    inf  3.4432
 601 dbpm            165.94  0.0    inf  6.6814    inf  3.4437
 602 sh4             166.14 -1.5    inf  6.6858    inf  3.4449
 603 dh4bg2a         166.39  0.0    inf  6.6925    inf  3.4464
 604 dfch            166.54  0.0    inf  6.6974    inf  3.4474
 605 chv             166.54  0.0    inf  6.6974    inf  3.4474
 606 dfch            166.69  0.0    inf  6.7031    inf  3.4483
 607 ge              166.69  0.0    inf  6.7031    inf  3.4483
 608 dh4cg3a         166.72  0.0    inf  6.7044    inf  3.4485
 609 gs              166.72  0.0    inf  6.7044    inf  3.4485
 610 b1sp01          169.34  0.5    inf  7.0478    inf  3.4668
 611 dm1ag3a         169.71  0.0    inf  7.0655    inf  3.4697
 612 dfch            169.86  0.0    inf  7.0710    inf  3.4709
 613 chv             169.86  0.0    inf  7.0710    inf  3.4709
 614 sm3             169.86  1.5    inf  7.0710    inf  3.4709
 615 dfch            170.01  0.0    inf  7.0757    inf  3.4721
 616 dm1bg3a         170.32  0.0    inf  7.0834    inf  3.4747
 617 ge              170.32  0.0    inf  7.0834    inf  3.4747
 618 gs              170.32  0.0    inf  7.0834    inf  3.4747
 619 qm1sp01         170.57 -1.0    inf  7.0883    inf  3.4769
 620 dm2ag4a         170.77  0.0    inf  7.0914    inf  3.4788
 621 sm1a            170.97 -1.5    inf  7.0938    inf  3.4809
 622 dm2bg4a         171.55  0.0    inf  7.0990    inf  3.4887
 623 bpm             171.55  0.0    inf  7.0990    inf  3.4887
 624 dbpm            171.64  0.0    inf  7.0996    inf  3.4902
 625 qm2sp01         171.89  1.0    inf  7.1011    inf  3.4947
 626 dm2cg4a         172.09  0.0    inf  7.1023    inf  3.4985
 627 sm2             172.34  1.5    inf  7.1038    inf  3.5032
 628 dm2cg4b         172.54  0.0    inf  7.1049    inf  3.5069
 629 qm2sp01         172.79  1.0    inf  7.1065    inf  3.5115
 630 dm2bg4b         173.31  0.0    inf  7.1106    inf  3.5190
 631 sm1b            173.51 -1.5    inf  7.1127    inf  3.5213
 632 dm2ag4b         173.77  0.0    inf  7.1163    inf  3.5240
 633 bpm             173.77  0.0    inf  7.1163    inf  3.5240
 634 dbpm            173.86  0.0    inf  7.1177    inf  3.5248
 635 qm1sp01         174.11 -1.0    inf  7.1225    inf  3.5270
 636 dm1eg4b         174.33  0.0    inf  7.1278    inf  3.5288
 637 dfch            174.48  0.0    inf  7.1320    inf  3.5301
 638 sm3             174.48  1.5    inf  7.1320    inf  3.5301
 639 chv             174.48  0.0    inf  7.1320    inf  3.5301
 640 dfch            174.63  0.0    inf  7.1369    inf  3.5313
 641 ge              174.63  0.0    inf  7.1369    inf  3.5313
 642 gs              174.63  0.0    inf  7.1369    inf  3.5313
 643 dm1dg5b         174.68  0.0    inf  7.1389    inf  3.5318
 644 dpwg5b          174.88  0.0    inf  7.1472    inf  3.5334
 645 dm1cg5b         175.08  0.0    inf  7.1577    inf  3.5349
 646 b1sp01          177.70  0.5    inf  7.5000    inf  3.5534
 647 ge              177.70  0.0    inf  7.5000    inf  3.5534
 648 dl4bg6b         177.92  0.0    inf  7.5085    inf  3.5548
 649 gs              177.92  0.0    inf  7.5085    inf  3.5548
 650 dfch            178.07  0.0    inf  7.5133    inf  3.5558
 651 chv             178.07  0.0    inf  7.5133    inf  3.5558
 652 dfch            178.22  0.0    inf  7.5175    inf  3.5567
 653 dl4ag6b         178.30  0.0    inf  7.5196    inf  3.5572
 654 ql3sp01         178.55 -1.0    inf  7.5249    inf  3.5587
 655 dbpm            178.64  0.0    inf  7.5263    inf  3.5593
 656 bpm             178.64  0.0    inf  7.5263    inf  3.5593
 657 dl3bg6b         178.73  0.0    inf  7.5276    inf  3.5600
 658 sl3             178.93 -1.5    inf  7.5301    inf  3.5616
 659 dl3ag6b         179.54  0.0    inf  7.5351    inf  3.5688
 660 ql2sp01         179.94  1.0    inf  7.5373    inf  3.5759
 661 dl2cg6b         180.19  0.0    inf  7.5389    inf  3.5802
 662 sl2             180.39  1.5    inf  7.5405    inf  3.5833
 663 dl2bg6b         180.53  0.0    inf  7.5418    inf  3.5852
 664 dsch            180.63  0.0    inf  7.5428    inf  3.5866
 665 chv             180.63  0.0    inf  7.5428    inf  3.5866
 666 dsch            180.73  0.0    inf  7.5440    inf  3.5879
 667 dl2ag6b         180.87  0.0    inf  7.5458    inf  3.5897
 668 ql1sp01         181.12 -1.0    inf  7.5499    inf  3.5927
 669 dl1ag6b         181.20  0.0    inf  7.5514    inf  3.5938
 670 bpm             181.20  0.0    inf  7.5514    inf  3.5938
 671 dbpm            181.29  0.0    inf  7.5531    inf  3.5950
 672 sl1             181.49 -1.5    inf  7.5571    inf  3.5978
 673 ge              181.49  0.0    inf  7.5571    inf  3.5978
 674 gs              181.49  0.0    inf  7.5571    inf  3.5978
 675 dl0g1a          184.79  0.0    inf  7.7239    inf  3.7939
 676 dl0g1a          188.09  0.0    inf  7.8906    inf  3.9902
 677 ge              188.09  0.0    inf  7.8906    inf  3.9902
 678 gs              188.09  0.0    inf  7.8906    inf  3.9902
 679 sl1             188.29 -1.5    inf  7.8946    inf  3.9931
 680 dl1ag2a         188.38  0.0    inf  7.8962    inf  3.9943
 681 bpm             188.38  0.0    inf  7.8962    inf  3.9943
 682 dbpm            188.47  0.0    inf  7.8978    inf  3.9954
 683 ql1sp01         188.72 -1.0    inf  7.9019    inf  3.9984
 684 dl2ag2a         188.85  0.0    inf  7.9037    inf  4.0001
 685 dsch            188.95  0.0    inf  7.9049    inf  4.0015
 686 chv             188.95  0.0    inf  7.9049    inf  4.0015
 687 dsch            189.05  0.0    inf  7.9059    inf  4.0028
 688 dl2bg2a         189.19  0.0    inf  7.9072    inf  4.0048
 689 sl2             189.39  1.5    inf  7.9087    inf  4.0079
 690 dl2cg2a         189.64  0.0    inf  7.9104    inf  4.0122
 691 ql2sp01         190.04  1.0    inf  7.9126    inf  4.0193
 692 dl3ag2a         190.65  0.0    inf  7.9176    inf  4.0265
 693 sl3             190.85 -1.5    inf  7.9200    inf  4.0281
 694 dl3bg2a         190.94  0.0    inf  7.9213    inf  4.0288
 695 bpm             190.94  0.0    inf  7.9213    inf  4.0288
 696 dbpm            191.03  0.0    inf  7.9228    inf  4.0293
 697 ql3sp01         191.28 -1.0    inf  7.9281    inf  4.0309
 698 dl4ag2a         191.56  0.0    inf  7.9358    inf  4.0326
 699 dfch            191.71  0.0    inf  7.9409    inf  4.0336
 700 chv             191.71  0.0    inf  7.9409    inf  4.0336
 701 dfch            191.86  0.0    inf  7.9468    inf  4.0345
 702 ge              191.86  0.0    inf  7.9468    inf  4.0345
 703 dl4bg3a         191.88  0.0    inf  7.9476    inf  4.0346
 704 gs              191.88  0.0    inf  7.9476    inf  4.0346
 705 b1sp01          194.50  0.5    inf  8.2899    inf  4.0532
 706 dm1ag3a         194.86  0.0    inf  8.3074    inf  4.0561
 707 sq2hsp01        195.01  0.0    inf  8.3128    inf  4.0573
 708 chv             195.01  0.0    inf  8.3128    inf  4.0573
 709 sm3             195.01  1.5    inf  8.3128    inf  4.0573
 710 sq2hsp01        195.16  0.0    inf  8.3174    inf  4.0585
 711 dm1bg3a         195.47  0.0    inf  8.3251    inf  4.0611
 712 ge              195.47  0.0    inf  8.3251    inf  4.0611
 713 gs              195.47  0.0    inf  8.3251    inf  4.0611
 714 qm1sp01         195.72 -1.0    inf  8.3300    inf  4.0633
 715 dm2a2g4b        195.92  0.0    inf  8.3330    inf  4.0652
 716 sm1a            196.12 -1.5    inf  8.3355    inf  4.0673
 717 dm2b2g4b        196.71  0.0    inf  8.3406    inf  4.0752
 718 bpm             196.71  0.0    inf  8.3406    inf  4.0752
 719 dbpm            196.79  0.0    inf  8.3412    inf  4.0767
 720 qm2sp01         197.04  1.0    inf  8.3427    inf  4.0812
 721 dm2cg4a         197.24  0.0    inf  8.3439    inf  4.0850
 722 sm2             197.49  1.5    inf  8.3454    inf  4.0897
 723 dm2cg4b         197.69  0.0    inf  8.3466    inf  4.0934
 724 qm2sp01         197.94  1.0    inf  8.3481    inf  4.0979
 725 dm2b2g4a        198.46  0.0    inf  8.3523    inf  4.1055
 726 sm1b            198.66 -1.5    inf  8.3544    inf  4.1078
 727 dm2a2g4a        198.93  0.0    inf  8.3579    inf  4.1105
 728 bpm             198.93  0.0    inf  8.3579    inf  4.1105
 729 dbpm            199.01  0.0    inf  8.3594    inf  4.1113
 730 qm1sp01         199.26 -1.0    inf  8.3642    inf  4.1134
 731 dm1eg4b         199.48  0.0    inf  8.3695    inf  4.1152
 732 dfch            199.63  0.0    inf  8.3738    inf  4.1165
 733 sm3             199.63  1.5    inf  8.3738    inf  4.1165
 734 chv             199.63  0.0    inf  8.3738    inf  4.1165
 735 dfch            199.78  0.0    inf  8.3788    inf  4.1177
 736 ge              199.78  0.0    inf  8.3788    inf  4.1177
 737 gs              199.78  0.0    inf  8.3788    inf  4.1177
 738 dm1dg5b         199.84  0.0    inf  8.3808    inf  4.1181
 739 dpwg5b          200.04  0.0    inf  8.3892    inf  4.1197
 740 dm1cg5b         200.24  0.0    inf  8.3999    inf  4.1213
 741 b1sp01          202.86  0.5    inf  8.7431    inf  4.1396
 742 ge              202.86  0.0    inf  8.7431    inf  4.1396
 743 dh4cg6b         203.06  0.0    inf  8.7509    inf  4.1409
 744 gs              203.06  0.0    inf  8.7509    inf  4.1409
 745 dfch            203.21  0.0    inf  8.7557    inf  4.1418
 746 chv             203.21  0.0    inf  8.7557    inf  4.1418
 747 dfch            203.36  0.0    inf  8.7598    inf  4.1427
 748 dh4bg6b         203.44  0.0    inf  8.7617    inf  4.1432
 749 sh4             203.64 -1.5    inf  8.7661    inf  4.1444
 750 dh4ag6b         203.73  0.0    inf  8.7679    inf  4.1449
 751 bpm             203.73  0.0    inf  8.7679    inf  4.1449
 752 dbpm            203.81  0.0    inf  8.7695    inf  4.1454
 753 qh3sp01         204.06 -1.0    inf  8.7733    inf  4.1469
 754 dh3bg6b         204.26  0.0    inf  8.7756    inf  4.1483
 755 sh3             204.46 -1.5    inf  8.7773    inf  4.1500
 756 dh3ag6b         204.65  0.0    inf  8.7787    inf  4.1520
 757 qh2sp01         205.05  1.0    inf  8.7809    inf  4.1575
 758 dh2cg6b         205.20  0.0    inf  8.7818    inf  4.1597
 759 sh2             205.40  0.0    inf  8.7829    inf  4.1627
 760 dh2bg6b         205.58  0.0    inf  8.7841    inf  4.1653
 761 dsch            205.68  0.0    inf  8.7847    inf  4.1668
 762 chv             205.68  0.0    inf  8.7847    inf  4.1668
 763 dsch            205.78  0.0    inf  8.7854    inf  4.1683
 764 dh2ag6b         205.91  0.0    inf  8.7863    inf  4.1702
 765 qh1sp01         206.16 -1.0    inf  8.7881    inf  4.1738
 766 dh1ag6b         206.25  0.0    inf  8.7888    inf  4.1751
 767 bpm             206.25  0.0    inf  8.7888    inf  4.1751
 768 dbpm            206.34  0.0    inf  8.7894    inf  4.1765
 769 sh1             206.54  1.5    inf  8.7909    inf  4.1797
 770 ge              206.54  0.0    inf  8.7909    inf  4.1797
 771 dh0g1a          211.19  0.0    inf  8.8270    inf  4.3272
 772 dh0g1a          215.84  0.0    inf  8.8631    inf  4.4746
 773 gs              215.84  0.0    inf  8.8631    inf  4.4746
 774 sh1             216.04  1.5    inf  8.8646    inf  4.4778
 775 dh1ag2a         216.13  0.0    inf  8.8652    inf  4.4791
 776 bpm             216.13  0.0    inf  8.8652    inf  4.4791
 777 dbpm            216.21  0.0    inf  8.8659    inf  4.4805
 778 qh1sp01         216.46 -1.0    inf  8.8677    inf  4.4841
 779 dh2ag2a         216.62  0.0    inf  8.8688    inf  4.4864
 780 sq1hsp01        216.72  0.0    inf  8.8695    inf  4.4878
 781 chv             216.72  0.0    inf  8.8695    inf  4.4878
 782 sq1hsp01        216.82  0.0    inf  8.8701    inf  4.4893
 783 dh2bg2a         216.98  0.0    inf  8.8711    inf  4.4916
 784 sh2             217.18  0.0    inf  8.8723    inf  4.4945
 785 dh2cg2a         217.33  0.0    inf  8.8731    inf  4.4968
 786 qh2sp01         217.73  1.0    inf  8.8753    inf  4.5023
 787 dh3ag2a         217.92  0.0    inf  8.8767    inf  4.5043
 788 sh3             218.12 -1.5    inf  8.8784    inf  4.5060
 789 dh3bg2a         218.31  0.0    inf  8.8807    inf  4.5073
 790 qh3sp01         218.56 -1.0    inf  8.8846    inf  4.5089
 791 dh4ag2a         218.65  0.0    inf  8.8862    inf  4.5094
 792 bpm             218.65  0.0    inf  8.8862    inf  4.5094
 793 dbpm            218.74  0.0    inf  8.8879    inf  4.5099
 794 sh4             218.94 -1.5    inf  8.8923    inf  4.5111
 795 dh4bg2a         219.19  0.0    inf  8.8989    inf  4.5126
 796 dfch            219.34  0.0    inf  8.9038    inf  4.5135
 797 chv             219.34  0.0    inf  8.9038    inf  4.5135
 798 dfch            219.49  0.0    inf  8.9095    inf  4.5145
 799 ge              219.49  0.0    inf  8.9095    inf  4.5145
 800 dh4cg3a         219.52  0.0    inf  8.9108    inf  4.5147
 801 gs              219.52  0.0    inf  8.9108    inf  4.5147
 802 b1sp01          222.14  0.5    inf  9.2542    inf  4.5330
 803 dm1ag3a         222.50  0.0    inf  9.2720    inf  4.5359
 804 dfch            222.65  0.0    inf  9.2774    inf  4.5371
 805 chv             222.65  0.0    inf  9.2774    inf  4.5371
 806 sm3             222.65  1.5    inf  9.2774    inf  4.5371
 807 dfch            222.80  0.0    inf  9.2821    inf  4.5383
 808 dm1bg3a         223.11  0.0    inf  9.2899    inf  4.5409
 809 ge              223.11  0.0    inf  9.2899    inf  4.5409
 810 gs              223.11  0.0    inf  9.2899    inf  4.5409
 811 qm1sp01         223.36 -1.0    inf  9.2947    inf  4.5430
 812 dm2ag4a         223.56  0.0    inf  9.2978    inf  4.5449
 813 sm1a            223.76 -1.5    inf  9.3003    inf  4.5471
 814 dm2bg4a         224.35  0.0    inf  9.3054    inf  4.5549
 815 bpm             224.35  0.0    inf  9.3054    inf  4.5549
 816 dbpm            224.43  0.0    inf  9.3060    inf  4.5564
 817 qm2sp01         224.68  1.0    inf  9.3075    inf  4.5609
 818 dm2cg4a         224.88  0.0    inf  9.3087    inf  4.5647
 819 sm2             225.13  1.5    inf  9.3102    inf  4.5693
 820 dm2cg4b         225.33  0.0    inf  9.3114    inf  4.5731
 821 qm2sp01         225.58  1.0    inf  9.3129    inf  4.5776
 822 dm2bg4b         226.10  0.0    inf  9.3170    inf  4.5852
 823 sm1b            226.30 -1.5    inf  9.3192    inf  4.5875
 824 dm2ag4b         226.57  0.0    inf  9.3227    inf  4.5902
 825 bpm             226.57  0.0    inf  9.3227    inf  4.5902
 826 dbpm            226.65  0.0    inf  9.3241    inf  4.5910
 827 qm1sp01         226.90 -1.0    inf  9.3290    inf  4.5932
 828 dm1eg4b         227.12  0.0    inf  9.3342    inf  4.5950
 829 dfch            227.27  0.0    inf  9.3384    inf  4.5963
 830 sm3             227.27  1.5    inf  9.3384    inf  4.5963
 831 chv             227.27  0.0    inf  9.3384    inf  4.5963
 832 dfch            227.42  0.0    inf  9.3433    inf  4.5975
 833 ge              227.42  0.0    inf  9.3433    inf  4.5975
 834 gs              227.42  0.0    inf  9.3433    inf  4.5975
 835 dm1dg5b         227.48  0.0    inf  9.3453    inf  4.5979
 836 dpwg5b          227.68  0.0    inf  9.3537    inf  4.5995
 837 dm1cg5b         227.88  0.0    inf  9.3642    inf  4.6011
 838 b1sp01          230.50  0.5    inf  9.7063    inf  4.6196
 839 ge              230.50  0.0    inf  9.7063    inf  4.6196
 840 dl4bg6b         230.72  0.0    inf  9.7148    inf  4.6210
 841 gs              230.72  0.0    inf  9.7148    inf  4.6210
 842 dfch            230.87  0.0    inf  9.7197    inf  4.6219
 843 chv             230.87  0.0    inf  9.7197    inf  4.6219
 844 dfch            231.02  0.0    inf  9.7239    inf  4.6229
 845 dl4ag6b         231.10  0.0    inf  9.7259    inf  4.6234
 846 ql3sp01         231.35 -1.0    inf  9.7312    inf  4.6249
 847 dbpm            231.44  0.0    inf  9.7327    inf  4.6255
 848 bpm             231.44  0.0    inf  9.7327    inf  4.6255
 849 dl3bg6b         231.52  0.0    inf  9.7340    inf  4.6262
 850 sl3             231.72 -1.5    inf  9.7365    inf  4.6278
 851 dl3ag6b         232.34  0.0    inf  9.7414    inf  4.6350
 852 ql2sp01         232.74  1.0    inf  9.7437    inf  4.6421
 853 dl2cg6b         232.99  0.0    inf  9.7453    inf  4.6464
 854 sl2             233.19  1.5    inf  9.7469    inf  4.6494
 855 dl2bg6b         233.32  0.0    inf  9.7482    inf  4.6514
 856 dsch            233.42  0.0    inf  9.7492    inf  4.6528
 857 chv             233.42  0.0    inf  9.7492    inf  4.6528
 858 dsch            233.52  0.0    inf  9.7504    inf  4.6541
 859 dl2ag6b         233.66  0.0    inf  9.7522    inf  4.6559
 860 ql1sp01         233.91 -1.0    inf  9.7562    inf  4.6589
 861 dl1ag6b         234.00  0.0    inf  9.7578    inf  4.6600
 862 bpm             234.00  0.0    inf  9.7578    inf  4.6600
 863 dbpm            234.09  0.0    inf  9.7595    inf  4.6612
 864 sl1             234.29 -1.5    inf  9.7635    inf  4.6640
 865 ge              234.29  0.0    inf  9.7635    inf  4.6640
 866 gs              234.29  0.0    inf  9.7635    inf  4.6640
 867 dl0g1a          237.59  0.0    inf  9.9302    inf  4.8601
 868 dl0g1a          240.89  0.0    inf 10.0968    inf  5.0564
 869 ge              240.89  0.0    inf 10.0968    inf  5.0564
 870 gs              240.89  0.0    inf 10.0968    inf  5.0564
 871 sl1             241.09 -1.5    inf 10.1008    inf  5.0593
 872 dl1ag2a         241.17  0.0    inf 10.1025    inf  5.0604
 873 bpm             241.17  0.0    inf 10.1025    inf  5.0604
 874 dbpm            241.26  0.0    inf 10.1041    inf  5.0615
 875 ql1sp01         241.51 -1.0    inf 10.1081    inf  5.0646
 876 dl2ag2a         241.65  0.0    inf 10.1099    inf  5.0663
 877 dsch            241.75  0.0    inf 10.1111    inf  5.0676
 878 chv             241.75  0.0    inf 10.1111    inf  5.0676
 879 dsch            241.85  0.0    inf 10.1121    inf  5.0690
 880 dl2bg2a         241.99  0.0    inf 10.1134    inf  5.0710
 881 sl2             242.19  1.5    inf 10.1150    inf  5.0741
 882 dl2cg2a         242.44  0.0    inf 10.1166    inf  5.0783
 883 ql2sp01         242.84  1.0    inf 10.1188    inf  5.0854
 884 dl3ag2a         243.45  0.0    inf 10.1238    inf  5.0927
 885 sl3             243.65 -1.5    inf 10.1263    inf  5.0943
 886 dl3bg2a         243.74  0.0    inf 10.1276    inf  5.0949
 887 bpm             243.74  0.0    inf 10.1276    inf  5.0949
 888 dbpm            243.83  0.0    inf 10.1290    inf  5.0955
 889 ql3sp01         244.08 -1.0    inf 10.1343    inf  5.0971
 890 dl4ag2a         244.36  0.0    inf 10.1421    inf  5.0988
 891 dfch            244.51  0.0    inf 10.1471    inf  5.0998
 892 chv             244.51  0.0    inf 10.1471    inf  5.0998
 893 dfch            244.66  0.0    inf 10.1531    inf  5.1007
 894 ge              244.66  0.0    inf 10.1531    inf  5.1007
 895 dl4bg3a         244.68  0.0    inf 10.1539    inf  5.1008
 896 gs              244.68  0.0    inf 10.1539    inf  5.1008
 897 b1sp01          247.30  0.5    inf 10.4962    inf  5.1194
 898 dm1ag3a         247.66  0.0    inf 10.5137    inf  5.1223
 899 sq2hsp01        247.81  0.0    inf 10.5191    inf  5.1235
 900 chv             247.81  0.0    inf 10.5191    inf  5.1235
 901 sm3             247.81  1.5    inf 10.5191    inf  5.1235
 902 sq2hsp01        247.96  0.0    inf 10.5237    inf  5.1247
 903 dm1bg3a         248.27  0.0    inf 10.5314    inf  5.1273
 904 ge              248.27  0.0    inf 10.5314    inf  5.1273
 905 gs              248.27  0.0    inf 10.5314    inf  5.1273
 906 qm1sp01         248.52 -1.0    inf 10.5362    inf  5.1295
 907 dm2a2g4b        248.72  0.0    inf 10.5393    inf  5.1314
 908 sm1a            248.92 -1.5    inf 10.5417    inf  5.1335
 909 dm2b2g4b        249.50  0.0    inf 10.5469    inf  5.1414
 910 bpm             249.50  0.0    inf 10.5469    inf  5.1414
 911 dbpm            249.59  0.0    inf 10.5475    inf  5.1428
 912 qm2sp01         249.84  1.0    inf 10.5490    inf  5.1474
 913 dm2cg4a         250.04  0.0    inf 10.5502    inf  5.1512
 914 sm2             250.29  1.5    inf 10.5516    inf  5.1558
 915 dm2cg4b         250.49  0.0    inf 10.5528    inf  5.1596
 916 qm2sp01         250.74  1.0    inf 10.5544    inf  5.1641
 917 dm2b2g4a        251.26  0.0    inf 10.5585    inf  5.1717
 918 sm1b            251.46 -1.5    inf 10.5607    inf  5.1740
 919 dm2a2g4a        251.72  0.0    inf 10.5642    inf  5.1766
 920 bpm             251.72  0.0    inf 10.5642    inf  5.1766
 921 dbpm            251.81  0.0    inf 10.5656    inf  5.1774
 922 qm1sp01         252.06 -1.0    inf 10.5705    inf  5.1796
 923 dm1eg4b         252.28  0.0    inf 10.5758    inf  5.1814
 924 dfch            252.43  0.0    inf 10.5800    inf  5.1827
 925 sm3             252.43  1.5    inf 10.5800    inf  5.1827
 926 chv             252.43  0.0    inf 10.5800    inf  5.1827
 927 dfch            252.58  0.0    inf 10.5850    inf  5.1839
 928 ge              252.58  0.0    inf 10.5850    inf  5.1839
 929 gs              252.58  0.0    inf 10.5850    inf  5.1839
 930 dm1dg5b         252.64  0.0    inf 10.5870    inf  5.1843
 931 dpwg5b          252.84  0.0    inf 10.5955    inf  5.1859
 932 dm1cg5b         253.04  0.0    inf 10.6061    inf  5.1875
 933 b1sp01          255.66  0.5    inf 10.9495    inf  5.2058
 934 ge              255.66  0.0    inf 10.9495    inf  5.2058
 935 dh4cg6b         255.86  0.0    inf 10.9573    inf  5.2071
 936 gs              255.86  0.0    inf 10.9573    inf  5.2071
 937 dfch            256.01  0.0    inf 10.9620    inf  5.2080
 938 chv             256.01  0.0    inf 10.9620    inf  5.2080
 939 dfch            256.16  0.0    inf 10.9662    inf  5.2089
 940 dh4bg6b         256.24  0.0    inf 10.9681    inf  5.2094
 941 sh4             256.44 -1.5    inf 10.9725    inf  5.2106
 942 dh4ag6b         256.52  0.0    inf 10.9742    inf  5.2111
 943 bpm             256.52  0.0    inf 10.9742    inf  5.2111
 944 dbpm            256.61  0.0    inf 10.9758    inf  5.2116
 945 qh3sp01         256.86 -1.0    inf 10.9797    inf  5.2131
 946 dh3bg6b         257.06  0.0    inf 10.9819    inf  5.2145
 947 sh3             257.26 -1.5    inf 10.9837    inf  5.2162
 948 dh3ag6b         257.45  0.0    inf 10.9850    inf  5.2182
 949 qh2sp01         257.85  1.0    inf 10.9872    inf  5.2237
 950 dh2cg6b         258.00  0.0    inf 10.9881    inf  5.2259
 951 sh2             258.20  0.0    inf 10.9893    inf  5.2289
 952 dh2bg6b         258.38  0.0    inf 10.9904    inf  5.2315
 953 dsch            258.48  0.0    inf 10.9910    inf  5.2330
 954 chv             258.48  0.0    inf 10.9910    inf  5.2330
 955 dsch            258.58  0.0    inf 10.9917    inf  5.2344
 956 dh2ag6b         258.71  0.0    inf 10.9926    inf  5.2363
 957 qh1sp01         258.96 -1.0    inf 10.9945    inf  5.2400
 958 dh1ag6b         259.05  0.0    inf 10.9951    inf  5.2413
 959 bpm             259.05  0.0    inf 10.9951    inf  5.2413
 960 dbpm            259.14  0.0    inf 10.9958    inf  5.2426
 961 sh1             259.34  1.5    inf 10.9973    inf  5.2458
 962 ge              259.34  0.0    inf 10.9973    inf  5.2458
 963 dh0g1a          263.99  0.0    inf 11.0333    inf  5.3934
 964 cav             263.99  0.0    inf 11.0333    inf  5.3934
