#   A_x        A_y        J_x        J_y      nu_x    nu_y
#
 0.000e+00  0.000e+00  0.000e+00  0.000e+00 0.03333 0.39341
-8.000e-01  1.000e+00  1.587e-02  1.434e-01 0.03330 0.39323
-1.600e+00  1.000e+00  6.348e-02  1.434e-01 0.03323 0.39323
-2.400e+00  1.000e+00  1.428e-01  1.434e-01 0.03312 0.39323
-3.200e+00  1.000e+00  2.539e-01  1.434e-01 0.03298 0.39323
-4.000e+00  1.000e+00  3.968e-01  1.434e-01 0.03279 0.39324
-4.800e+00  1.000e+00  5.713e-01  1.434e-01 0.03258 0.39325
-5.600e+00  1.000e+00  7.777e-01  1.434e-01 0.03233 0.39328
-6.400e+00  1.000e+00  1.016e+00  1.434e-01 0.03207 0.39333
-7.200e+00  1.000e+00  1.286e+00  1.434e-01 0.03179 0.39340
-8.000e+00  1.000e+00  1.587e+00  1.434e-01 0.03150 0.39349
-8.800e+00  1.000e+00  1.920e+00  1.434e-01 0.03120 0.39363
-9.600e+00  1.000e+00  2.285e+00  1.434e-01 0.03092 0.39380
-1.040e+01  1.000e+00  2.682e+00  1.434e-01 0.03064 0.39403
-1.120e+01  1.000e+00  3.111e+00  1.434e-01 0.03040 0.39431
-1.200e+01  1.000e+00  3.571e+00  1.434e-01 0.03018 0.39467
-1.280e+01  1.000e+00  4.063e+00  1.434e-01 0.03002 0.39511
-1.360e+01  1.000e+00  4.587e+00  1.434e-01 0.02992 0.39565
-1.440e+01  1.000e+00  5.142e+00  1.434e-01 0.02991 0.39629
-1.520e+01  1.000e+00  5.729e+00  1.434e-01 0.02999 0.39706
-1.600e+01  1.000e+00  6.348e+00  1.434e-01 0.03020 0.39796
-1.680e+01  1.000e+00  6.999e+00  1.434e-01 0.03054 0.39901
-1.760e+01  1.000e+00  7.681e+00  1.434e-01 0.03105 0.40022
-1.840e+01  1.000e+00  8.396e+00  1.434e-01 0.03175 0.40161
-1.920e+01  1.000e+00  9.141e+00  1.434e-01 0.03249 0.40308
-2.000e+01  1.000e+00  9.919e+00  1.434e-01 0.03373 0.40492

 0.000e+00  0.000e+00  0.000e+00  0.000e+00 0.03333 0.39341
 0.000e+00  1.000e+00  0.000e+00  1.434e-01 0.03332 0.39324
 8.000e-01  1.000e+00  1.587e-02  1.434e-01 0.03330 0.39324
 1.600e+00  1.000e+00  6.348e-02  1.434e-01 0.03323 0.39324
 2.400e+00  1.000e+00  1.428e-01  1.434e-01 0.03311 0.39324
 3.200e+00  1.000e+00  2.539e-01  1.434e-01 0.03294 0.39324
 4.000e+00  1.000e+00  3.968e-01  1.434e-01 0.03273 0.39326
 4.800e+00  1.000e+00  5.713e-01  1.434e-01 0.03248 0.39328
 5.600e+00  1.000e+00  7.777e-01  1.434e-01 0.03219 0.39333
 6.400e+00  1.000e+00  1.016e+00  1.434e-01 0.03187 0.39340
 7.200e+00  1.000e+00  1.286e+00  1.434e-01 0.03153 0.39350
 8.000e+00  1.000e+00  1.587e+00  1.434e-01 0.03117 0.39366
 8.800e+00  1.000e+00  1.920e+00  1.434e-01 0.03082 0.39389
 9.600e+00  1.000e+00  2.285e+00  1.434e-01 0.03049 0.39420
 1.040e+01  1.000e+00  2.682e+00  1.434e-01 0.03020 0.39462
 1.120e+01  1.000e+00  3.111e+00  1.434e-01 0.02998 0.39517
 1.200e+01  1.000e+00  3.571e+00  1.434e-01 0.02986 0.39588
 1.280e+01  1.000e+00  4.063e+00  1.434e-01 0.02989 0.39678
 1.360e+01  1.000e+00  4.587e+00  1.434e-01 0.03010 0.39791
 1.440e+01  1.000e+00  5.142e+00  1.434e-01 0.03056 0.39931
 1.520e+01  1.000e+00  5.729e+00  1.434e-01 0.03132 0.40102
 1.600e+01  1.000e+00  6.348e+00  1.434e-01 0.03231 0.40281
 1.680e+01  1.000e+00  6.999e+00  1.434e-01 0.03393 0.40548
 1.760e+01  1.000e+00  7.681e+00  1.434e-01 0.03643 0.40851
 1.840e+01  1.000e+00  8.396e+00  1.434e-01 0.03850 0.41177
 1.920e+01  1.000e+00  9.141e+00  1.434e-01 0.04217 0.41631
 2.000e+01  1.000e+00  9.919e+00  1.434e-01 0.04607 0.42130
