#   A_x        A_y      nu_x    nu_y
#
 0.000e+00  0.000e+00  0.000e+00  0.000e+00 0.03333 0.39341
 1.000e+00 -3.000e-01  2.480e-02  1.290e-02 0.03329 0.39339
 1.000e+00 -6.000e-01  2.480e-02  5.161e-02 0.03329 0.39335
 1.000e+00 -9.000e-01  2.480e-02  1.161e-01 0.03329 0.39327
 1.000e+00 -1.200e+00  2.480e-02  2.064e-01 0.03329 0.39316
 1.000e+00 -1.500e+00  2.480e-02  3.226e-01 0.03328 0.39303
 1.000e+00 -1.800e+00  2.480e-02  4.645e-01 0.03328 0.39287
 1.000e+00 -2.100e+00  2.480e-02  6.322e-01 0.03327 0.39268
 1.000e+00 -2.400e+00  2.480e-02  8.258e-01 0.03326 0.39248
 1.000e+00 -2.700e+00  2.480e-02  1.045e+00 0.03325 0.39225
 1.000e+00 -3.000e+00  2.480e-02  1.290e+00 0.03324 0.39201
 1.000e+00 -3.300e+00  2.480e-02  1.561e+00 0.03323 0.39176
 1.000e+00 -3.600e+00  2.480e-02  1.858e+00 0.03322 0.39149
 1.000e+00 -3.900e+00  2.480e-02  2.181e+00 0.03321 0.39122
 1.000e+00 -4.200e+00  2.480e-02  2.529e+00 0.03320 0.39096
 1.000e+00 -4.500e+00  2.480e-02  2.903e+00 0.03319 0.39069
 1.000e+00 -4.800e+00  2.480e-02  3.303e+00 0.03320 0.39044
 1.000e+00 -5.100e+00  2.480e-02  3.729e+00 0.03322 0.39020
 1.000e+00 -5.400e+00  2.480e-02  4.181e+00 0.03325 0.38999
 1.000e+00 -5.700e+00  2.480e-02  4.658e+00 0.03332 0.38980
 1.000e+00 -6.000e+00  2.480e-02  5.161e+00 0.03341 0.38964
 1.000e+00 -6.300e+00  2.480e-02  5.690e+00 0.03356 0.38953
 1.000e+00 -6.600e+00  2.480e-02  6.245e+00 0.03376 0.38946
 1.000e+00 -6.900e+00  2.480e-02  6.826e+00 0.03404 0.38944
 1.000e+00 -7.200e+00  2.480e-02  7.432e+00 0.03441 0.38948
 1.000e+00 -7.500e+00  2.480e-02  8.064e+00 0.03489 0.38958

 0.000e+00  0.000e+00  0.000e+00  0.000e+00 0.03333 0.39341
#  1.000e+00  0.000e+00 particle lost
 1.000e+00  3.000e-01  2.480e-02  1.290e-02 0.03329 0.39339
 1.000e+00  6.000e-01  2.480e-02  5.161e-02 0.03329 0.39335
 1.000e+00  9.000e-01  2.480e-02  1.161e-01 0.03329 0.39327
 1.000e+00  1.200e+00  2.480e-02  2.064e-01 0.03329 0.39316
 1.000e+00  1.500e+00  2.480e-02  3.226e-01 0.03328 0.39303
 1.000e+00  1.800e+00  2.480e-02  4.645e-01 0.03328 0.39287
 1.000e+00  2.100e+00  2.480e-02  6.322e-01 0.03327 0.39268
 1.000e+00  2.400e+00  2.480e-02  8.258e-01 0.03326 0.39248
 1.000e+00  2.700e+00  2.480e-02  1.045e+00 0.03325 0.39225
 1.000e+00  3.000e+00  2.480e-02  1.290e+00 0.03324 0.39201
 1.000e+00  3.300e+00  2.480e-02  1.561e+00 0.03323 0.39176
 1.000e+00  3.600e+00  2.480e-02  1.858e+00 0.03322 0.39149
 1.000e+00  3.900e+00  2.480e-02  2.181e+00 0.03321 0.39122
 1.000e+00  4.200e+00  2.480e-02  2.529e+00 0.03320 0.39096
 1.000e+00  4.500e+00  2.480e-02  2.903e+00 0.03319 0.39069
 1.000e+00  4.800e+00  2.480e-02  3.303e+00 0.03320 0.39044
 1.000e+00  5.100e+00  2.480e-02  3.729e+00 0.03322 0.39020
 1.000e+00  5.400e+00  2.480e-02  4.181e+00 0.03325 0.38999
 1.000e+00  5.700e+00  2.480e-02  4.658e+00 0.03332 0.38980
 1.000e+00  6.000e+00  2.480e-02  5.161e+00 0.03341 0.38964
 1.000e+00  6.300e+00  2.480e-02  5.690e+00 0.03356 0.38953
 1.000e+00  6.600e+00  2.480e-02  6.245e+00 0.03376 0.38946
 1.000e+00  6.900e+00  2.480e-02  6.826e+00 0.03404 0.38944
 1.000e+00  7.200e+00  2.480e-02  7.432e+00 0.03441 0.38948
 1.000e+00  7.500e+00  2.480e-02  8.064e+00 0.03489 0.38958
