 -3.50000e-02  0.00000e+00  2.01749e-02 -5.12576e-02
 -3.50000e-02  1.23989e-06  2.68008e-02 -5.19298e-02
 -3.50000e-02  2.47977e-06  3.36136e-02 -5.24844e-02
 -3.50000e-02  3.71966e-06  4.06138e-02 -5.29154e-02
 -3.50000e-02  4.95954e-06  4.78020e-02 -5.32169e-02
 -3.50000e-02  6.19943e-06  5.51789e-02 -5.33828e-02
 -3.50000e-02  7.43931e-06  6.27451e-02 -5.34072e-02
 -3.50000e-02  8.67920e-06  7.05012e-02 -5.32843e-02
 -3.50000e-02  9.91908e-06  7.84479e-02 -5.30080e-02
 -3.50000e-02  1.11590e-05  8.65857e-02 -5.25724e-02
 -3.50000e-02  1.23989e-05  9.49154e-02 -5.19716e-02
 -3.50000e-02  1.36387e-05  1.03437e-01 -5.11995e-02
 -3.50000e-02  1.48786e-05  1.12153e-01 -5.02504e-02
 -3.50000e-02  1.61185e-05  1.21061e-01 -4.91181e-02
 -3.50000e-02  1.73584e-05  1.30165e-01 -4.77968e-02
 -3.50000e-02  1.85983e-05  1.39463e-01 -4.62806e-02
 -3.50000e-02  1.98382e-05  1.48956e-01 -4.45634e-02
 -3.50000e-02  2.10780e-05  1.58646e-01 -4.26394e-02
 -3.50000e-02  2.23179e-05  1.68533e-01 -4.05025e-02
 -3.50000e-02  2.35578e-05  1.78617e-01 -3.81469e-02
 -3.50000e-02  2.47977e-05  1.88899e-01 -3.55666e-02
 -3.50000e-02  2.60376e-05  1.99380e-01 -3.27556e-02
 -3.50000e-02  2.72775e-05  2.10060e-01 -2.97080e-02
 -3.50000e-02  2.85174e-05  2.20941e-01 -2.64179e-02
 -3.50000e-02  2.97572e-05  2.32021e-01 -2.28793e-02
 -3.50000e-02  3.09971e-05  2.43303e-01 -1.90862e-02

 -3.36000e-02  0.00000e+00  1.14717e-02 -4.71390e-02
 -3.36000e-02  1.23989e-06  1.74620e-02 -4.78146e-02
 -3.36000e-02  2.47977e-06  2.36322e-02 -4.83710e-02
 -3.36000e-02  3.71966e-06  2.99828e-02 -4.88023e-02
 -3.36000e-02  4.95954e-06  3.65145e-02 -4.91025e-02
 -3.36000e-02  6.19943e-06  4.32280e-02 -4.92657e-02
 -3.36000e-02  7.43931e-06  5.01238e-02 -4.92858e-02
 -3.36000e-02  8.67920e-06  5.72026e-02 -4.91571e-02
 -3.36000e-02  9.91908e-06  6.44650e-02 -4.88735e-02
 -3.36000e-02  1.11590e-05  7.19116e-02 -4.84291e-02
 -3.36000e-02  1.23989e-05  7.95432e-02 -4.78179e-02
 -3.36000e-02  1.36387e-05  8.73602e-02 -4.70340e-02
 -3.36000e-02  1.48786e-05  9.53633e-02 -4.60714e-02
 -3.36000e-02  1.61185e-05  1.03553e-01 -4.49243e-02
 -3.36000e-02  1.73584e-05  1.11930e-01 -4.35866e-02
 -3.36000e-02  1.85983e-05  1.20496e-01 -4.20524e-02
 -3.36000e-02  1.98382e-05  1.29249e-01 -4.03158e-02
 -3.36000e-02  2.10780e-05  1.38193e-01 -3.83707e-02
 -3.36000e-02  2.23179e-05  1.47326e-01 -3.62114e-02
 -3.36000e-02  2.35578e-05  1.56649e-01 -3.38317e-02
 -3.36000e-02  2.47977e-05  1.66164e-01 -3.12259e-02
 -3.36000e-02  2.60376e-05  1.75870e-01 -2.83878e-02
 -3.36000e-02  2.72775e-05  1.85769e-01 -2.53117e-02
 -3.36000e-02  2.85174e-05  1.95861e-01 -2.19915e-02
 -3.36000e-02  2.97572e-05  2.06146e-01 -1.84212e-02
 -3.36000e-02  3.09971e-05  2.16626e-01 -1.45950e-02

 -3.22000e-02  0.00000e+00  4.36820e-03 -4.33044e-02
 -3.22000e-02  1.23989e-06  9.76344e-03 -4.39761e-02
 -3.22000e-02  2.47977e-06  1.53318e-02 -4.45272e-02
 -3.22000e-02  3.71966e-06  2.10738e-02 -4.49517e-02
 -3.22000e-02  4.95954e-06  2.69903e-02 -4.52437e-02
 -3.22000e-02  6.19943e-06  3.30817e-02 -4.53973e-02
 -3.22000e-02  7.43931e-06  3.93487e-02 -4.54065e-02
 -3.22000e-02  8.67920e-06  4.57920e-02 -4.52654e-02
 -3.22000e-02  9.91908e-06  5.24121e-02 -4.49680e-02
 -3.22000e-02  1.11590e-05  5.92097e-02 -4.45084e-02
 -3.22000e-02  1.23989e-05  6.61854e-02 -4.38807e-02
 -3.22000e-02  1.36387e-05  7.33399e-02 -4.30788e-02
 -3.22000e-02  1.48786e-05  8.06738e-02 -4.20968e-02
 -3.22000e-02  1.61185e-05  8.81877e-02 -4.09289e-02
 -3.22000e-02  1.73584e-05  9.58822e-02 -3.95689e-02
 -3.22000e-02  1.85983e-05  1.03758e-01 -3.80111e-02
 -3.22000e-02  1.98382e-05  1.11816e-01 -3.62495e-02
 -3.22000e-02  2.10780e-05  1.20056e-01 -3.42780e-02
 -3.22000e-02  2.23179e-05  1.28479e-01 -3.20908e-02
 -3.22000e-02  2.35578e-05  1.37086e-01 -2.96819e-02
 -3.22000e-02  2.47977e-05  1.45878e-01 -2.70454e-02
 -3.22000e-02  2.60376e-05  1.54854e-01 -2.41753e-02
 -3.22000e-02  2.72775e-05  1.64016e-01 -2.10657e-02
 -3.22000e-02  2.85174e-05  1.73365e-01 -1.77106e-02
 -3.22000e-02  2.97572e-05  1.82900e-01 -1.41041e-02
 -3.22000e-02  3.09971e-05  1.92623e-01 -1.02402e-02

 -3.08000e-02  0.00000e+00 -1.33712e-03 -3.97349e-02
 -3.08000e-02  1.23989e-06  3.50157e-03 -4.03963e-02
 -3.08000e-02  2.47977e-06  8.50681e-03 -4.09357e-02
 -3.08000e-02  3.71966e-06  1.36792e-02 -4.13474e-02
 -3.08000e-02  4.95954e-06  1.90195e-02 -4.16252e-02
 -3.08000e-02  6.19943e-06  2.45281e-02 -4.17634e-02
 -3.08000e-02  7.43931e-06  3.02059e-02 -4.17558e-02
 -3.08000e-02  8.67920e-06  3.60533e-02 -4.15967e-02
 -3.08000e-02  9.91908e-06  4.20710e-02 -4.12799e-02
 -3.08000e-02  1.11590e-05  4.82597e-02 -4.07997e-02
 -3.08000e-02  1.23989e-05  5.46200e-02 -4.01499e-02
 -3.08000e-02  1.36387e-05  6.11525e-02 -3.93248e-02
 -3.08000e-02  1.48786e-05  6.78578e-02 -3.83183e-02
 -3.08000e-02  1.61185e-05  7.47365e-02 -3.71246e-02
 -3.08000e-02  1.73584e-05  8.17894e-02 -3.57375e-02
 -3.08000e-02  1.85983e-05  8.90169e-02 -3.41513e-02
 -3.08000e-02  1.98382e-05  9.64198e-02 -3.23599e-02
 -3.08000e-02  2.10780e-05  1.03999e-01 -3.03575e-02
 -3.08000e-02  2.23179e-05  1.11754e-01 -2.81380e-02
 -3.08000e-02  2.35578e-05  1.19687e-01 -2.56955e-02
 -3.08000e-02  2.47977e-05  1.27797e-01 -2.30241e-02
 -3.08000e-02  2.60376e-05  1.36086e-01 -2.01179e-02
 -3.08000e-02  2.72775e-05  1.44554e-01 -1.69708e-02
 -3.08000e-02  2.85174e-05  1.53202e-01 -1.35769e-02
 -3.08000e-02  2.97572e-05  1.62030e-01 -9.93037e-03
 -3.08000e-02  3.09971e-05  1.71040e-01 -6.02515e-03

 -2.94000e-02  0.00000e+00 -5.82672e-03 -3.64124e-02
 -2.94000e-02  1.23989e-06 -1.50808e-03 -3.70579e-02
 -2.94000e-02  2.47977e-06  2.97078e-03 -3.75804e-02
 -2.94000e-02  3.71966e-06  7.61046e-03 -3.79739e-02
 -2.94000e-02  4.95954e-06  1.24116e-02 -3.82324e-02
 -2.94000e-02  6.19943e-06  1.73748e-02 -3.83500e-02
 -2.94000e-02  7.43931e-06  2.25008e-02 -3.83207e-02
 -2.94000e-02  8.67920e-06  2.77901e-02 -3.81387e-02
 -2.94000e-02  9.91908e-06  3.32433e-02 -3.77979e-02
 -2.94000e-02  1.11590e-05  3.88612e-02 -3.72923e-02
 -2.94000e-02  1.23989e-05  4.46442e-02 -3.66162e-02
 -2.94000e-02  1.36387e-05  5.05932e-02 -3.57634e-02
 -2.94000e-02  1.48786e-05  5.67086e-02 -3.47281e-02
 -2.94000e-02  1.61185e-05  6.29911e-02 -3.35044e-02
 -2.94000e-02  1.73584e-05  6.94413e-02 -3.20862e-02
 -2.94000e-02  1.85983e-05  7.60599e-02 -3.04676e-02
 -2.94000e-02  1.98382e-05  8.28475e-02 -2.86427e-02
 -2.94000e-02  2.10780e-05  8.98048e-02 -2.66056e-02
 -2.94000e-02  2.23179e-05  9.69322e-02 -2.43502e-02
 -2.94000e-02  2.35578e-05  1.04231e-01 -2.18706e-02
 -2.94000e-02  2.47977e-05  1.11700e-01 -1.91610e-02
 -2.94000e-02  2.60376e-05  1.19342e-01 -1.62153e-02
 -2.94000e-02  2.72775e-05  1.27157e-01 -1.30276e-02
 -2.94000e-02  2.85174e-05  1.35145e-01 -9.59192e-03
 -2.94000e-02  2.97572e-05  1.43307e-01 -5.90237e-03
 -2.94000e-02  3.09971e-05  1.51644e-01 -1.95299e-03

 -2.80000e-02  0.00000e+00 -9.26538e-03 -3.33197e-02
 -2.80000e-02  1.23989e-06 -5.43221e-03 -3.39447e-02
 -2.80000e-02  2.47977e-06 -1.44500e-03 -3.44456e-02
 -2.80000e-02  3.71966e-06  2.69690e-03 -3.48164e-02
 -2.80000e-02  4.95954e-06  6.99410e-03 -3.50512e-02
 -2.80000e-02  6.19943e-06  1.14472e-02 -3.51440e-02
 -2.80000e-02  7.43931e-06  1.60569e-02 -3.50889e-02
 -2.80000e-02  8.67920e-06  2.08238e-02 -3.48799e-02
 -2.80000e-02  9.91908e-06  2.57485e-02 -3.45111e-02
 -2.80000e-02  1.11590e-05  3.08317e-02 -3.39765e-02
 -2.80000e-02  1.23989e-05  3.60739e-02 -3.32702e-02
 -2.80000e-02  1.36387e-05  4.14758e-02 -3.23862e-02
 -2.80000e-02  1.48786e-05  4.70380e-02 -3.13187e-02
 -2.80000e-02  1.61185e-05  5.27612e-02 -3.00616e-02
 -2.80000e-02  1.73584e-05  5.86460e-02 -2.86090e-02
 -2.80000e-02  1.85983e-05  6.46930e-02 -2.69549e-02
 -2.80000e-02  1.98382e-05  7.09028e-02 -2.50934e-02
 -2.80000e-02  2.10780e-05  7.72761e-02 -2.30187e-02
 -2.80000e-02  2.23179e-05  8.38134e-02 -2.07246e-02
 -2.80000e-02  2.35578e-05  9.05155e-02 -1.82053e-02
 -2.80000e-02  2.47977e-05  9.73830e-02 -1.54548e-02
 -2.80000e-02  2.60376e-05  1.04416e-01 -1.24672e-02
 -2.80000e-02  2.72775e-05  1.11616e-01 -9.23653e-03
 -2.80000e-02  2.85174e-05  1.18984e-01 -5.75684e-03
 -2.80000e-02  2.97572e-05  1.26519e-01 -2.02218e-03
 -2.80000e-02  3.09971e-05  1.34222e-01  1.97338e-03

 -2.66000e-02  0.00000e+00 -1.18014e-02 -3.04403e-02
 -2.66000e-02  1.23989e-06 -8.42101e-03 -3.10409e-02
 -2.66000e-02  2.47977e-06 -4.89255e-03 -3.15164e-02
 -2.66000e-02  3.71966e-06 -1.21537e-03 -3.18608e-02
 -2.66000e-02  4.95954e-06  2.61116e-03 -3.20683e-02
 -2.66000e-02  6.19943e-06  6.58766e-03 -3.21328e-02
 -2.66000e-02  7.43931e-06  1.07148e-02 -3.20484e-02
 -2.66000e-02  8.67920e-06  1.49931e-02 -3.18092e-02
 -2.66000e-02  9.91908e-06  1.94233e-02 -3.14093e-02
 -2.66000e-02  1.11590e-05  2.40060e-02 -3.08425e-02
 -2.66000e-02  1.23989e-05  2.87418e-02 -3.01032e-02
 -2.66000e-02  1.36387e-05  3.36314e-02 -2.91852e-02
 -2.66000e-02  1.48786e-05  3.86753e-02 -2.80826e-02
 -2.66000e-02  1.61185e-05  4.38742e-02 -2.67896e-02
 -2.66000e-02  1.73584e-05  4.92287e-02 -2.53001e-02
 -2.66000e-02  1.85983e-05  5.47395e-02 -2.36082e-02
 -2.66000e-02  1.98382e-05  6.04072e-02 -2.17079e-02
 -2.66000e-02  2.10780e-05  6.62323e-02 -1.95933e-02
 -2.66000e-02  2.23179e-05  7.22156e-02 -1.72585e-02
 -2.66000e-02  2.35578e-05  7.83577e-02 -1.46975e-02
 -2.66000e-02  2.47977e-05  8.46592e-02 -1.19044e-02
 -2.66000e-02  2.60376e-05  9.11206e-02 -8.87321e-03
 -2.66000e-02  2.72775e-05  9.77427e-02 -5.59798e-03
 -2.66000e-02  2.85174e-05  1.04526e-01 -2.07277e-03
 -2.66000e-02  2.97572e-05  1.11471e-01  1.70835e-03
 -2.66000e-02  3.09971e-05  1.18579e-01  5.75134e-03

 -2.52000e-02  0.00000e+00 -1.35676e-02 -2.77588e-02
 -2.52000e-02  1.23989e-06 -1.06092e-02 -2.83317e-02
 -2.52000e-02  2.47977e-06 -7.50849e-03 -2.87787e-02
 -2.52000e-02  3.71966e-06 -4.26477e-03 -2.90937e-02
 -2.52000e-02  4.95954e-06 -8.77475e-04 -2.92709e-02
 -2.52000e-02  6.19943e-06  2.65404e-03 -2.93044e-02
 -2.52000e-02  7.43931e-06  6.33040e-03 -2.91881e-02
 -2.52000e-02  8.67920e-06  1.01522e-02 -2.89161e-02
 -2.52000e-02  9.91908e-06  1.41202e-02 -2.84825e-02
 -2.52000e-02  1.11590e-05  1.82348e-02 -2.78814e-02
 -2.52000e-02  1.23989e-05  2.24968e-02 -2.71067e-02
 -2.52000e-02  1.36387e-05  2.69068e-02 -2.61526e-02
 -2.52000e-02  1.48786e-05  3.14655e-02 -2.50131e-02
 -2.52000e-02  1.61185e-05  3.61733e-02 -2.36822e-02
 -2.52000e-02  1.73584e-05  4.10310e-02 -2.21540e-02
 -2.52000e-02  1.85983e-05  4.60392e-02 -2.04225e-02
 -2.52000e-02  1.98382e-05  5.11985e-02 -1.84819e-02
 -2.52000e-02  2.10780e-05  5.65096e-02 -1.63262e-02
 -2.52000e-02  2.23179e-05  6.19730e-02 -1.39493e-02
 -2.52000e-02  2.35578e-05  6.75895e-02 -1.13454e-02
 -2.52000e-02  2.47977e-05  7.33595e-02 -8.50856e-03
 -2.52000e-02  2.60376e-05  7.92839e-02 -5.43278e-03
 -2.52000e-02  2.72775e-05  8.53631e-02 -2.11212e-03
 -2.52000e-02  2.85174e-05  9.15978e-02  1.45936e-03
 -2.52000e-02  2.97572e-05  9.79887e-02  5.28760e-03
 -2.52000e-02  3.09971e-05  1.04536e-01  9.37855e-03

 -2.38000e-02  0.00000e+00 -1.46830e-02 -2.52603e-02
 -2.38000e-02  1.23989e-06 -1.21174e-02 -2.58029e-02
 -2.38000e-02  2.47977e-06 -9.41508e-03 -2.62189e-02
 -2.38000e-02  3.71966e-06 -6.57535e-03 -2.65022e-02
 -2.38000e-02  4.95954e-06 -3.59759e-03 -2.66470e-02
 -2.38000e-02  6.19943e-06 -4.81170e-04 -2.66473e-02
 -2.38000e-02  7.43931e-06  2.77453e-03 -2.64971e-02
 -2.38000e-02  8.67920e-06  6.17013e-03 -2.61905e-02
 -2.38000e-02  9.91908e-06  9.70628e-03 -2.57215e-02
 -2.38000e-02  1.11590e-05  1.33836e-02 -2.50842e-02
 -2.38000e-02  1.23989e-05  1.72027e-02 -2.42727e-02
 -2.38000e-02  1.36387e-05  2.11642e-02 -2.32810e-02
 -2.38000e-02  1.48786e-05  2.52688e-02 -2.21032e-02
 -2.38000e-02  1.61185e-05  2.95170e-02 -2.07333e-02
 -2.38000e-02  1.73584e-05  3.39095e-02 -1.91653e-02
 -2.38000e-02  1.85983e-05  3.84470e-02 -1.73934e-02
 -2.38000e-02  1.98382e-05  4.31300e-02 -1.54115e-02
 -2.38000e-02  2.10780e-05  4.79593e-02 -1.32138e-02
 -2.38000e-02  2.23179e-05  5.29353e-02 -1.07943e-02
 -2.38000e-02  2.35578e-05  5.80587e-02 -8.14696e-03
 -2.38000e-02  2.47977e-05  6.33303e-02 -5.26594e-03
 -2.38000e-02  2.60376e-05  6.87505e-02 -2.14526e-03
 -2.38000e-02  2.72775e-05  7.43200e-02  1.22102e-03
 -2.38000e-02  2.85174e-05  8.00395e-02  4.83885e-03
 -2.38000e-02  2.97572e-05  8.59096e-02  8.71418e-03
 -2.38000e-02  3.09971e-05  9.19308e-02  1.28530e-02

 -2.24000e-02  0.00000e+00 -1.52530e-02 -2.29307e-02
 -2.24000e-02  1.23989e-06 -1.30529e-02 -2.34411e-02
 -2.24000e-02  2.47977e-06 -1.07214e-02 -2.38243e-02
 -2.24000e-02  3.71966e-06 -8.25782e-03 -2.40742e-02
 -2.24000e-02  4.95954e-06 -5.66160e-03 -2.41850e-02
 -2.24000e-02  6.19943e-06 -2.93209e-03 -2.41506e-02
 -2.24000e-02  7.43931e-06 -6.86623e-05 -2.39651e-02
 -2.24000e-02  8.67920e-06  2.92931e-03 -2.36226e-02
 -2.24000e-02  9.91908e-06  6.06244e-03 -2.31172e-02
 -2.24000e-02  1.11590e-05  9.33138e-03 -2.24428e-02
 -2.24000e-02  1.23989e-05  1.27367e-02 -2.15935e-02
 -2.24000e-02  1.36387e-05  1.62792e-02 -2.05634e-02
 -2.24000e-02  1.48786e-05  1.99593e-02 -1.93466e-02
 -2.24000e-02  1.61185e-05  2.37777e-02 -1.79371e-02
 -2.24000e-02  1.73584e-05  2.77350e-02 -1.63289e-02
 -2.24000e-02  1.85983e-05  3.18319e-02 -1.45161e-02
 -2.24000e-02  1.98382e-05  3.60690e-02 -1.24928e-02
 -2.24000e-02  2.10780e-05  4.04469e-02 -1.02530e-02
 -2.24000e-02  2.23179e-05  4.49663e-02 -7.79074e-03
 -2.24000e-02  2.35578e-05  4.96277e-02 -5.10010e-03
 -2.24000e-02  2.47977e-05  5.44318e-02 -2.17513e-03
 -2.24000e-02  2.60376e-05  5.93793e-02  9.90111e-04
 -2.24000e-02  2.72775e-05  6.44707e-02  4.40158e-03
 -2.24000e-02  2.85174e-05  6.97067e-02  8.06521e-03
 -2.24000e-02  2.97572e-05  7.50879e-02  1.19870e-02
 -2.24000e-02  3.09971e-05  8.06149e-02  1.61728e-02

 -2.10000e-02  0.00000e+00 -1.53714e-02 -2.07567e-02
 -2.10000e-02  1.23989e-06 -1.35109e-02 -2.12337e-02
 -2.10000e-02  2.47977e-06 -1.15242e-02 -2.15829e-02
 -2.10000e-02  3.71966e-06 -9.41065e-03 -2.17983e-02
 -2.10000e-02  4.95954e-06 -7.16960e-03 -2.18740e-02
 -2.10000e-02  6.19943e-06 -4.80043e-03 -2.18040e-02
 -2.10000e-02  7.43931e-06 -2.30251e-03 -2.15825e-02
 -2.10000e-02  8.67920e-06  3.24781e-04 -2.12035e-02
 -2.10000e-02  9.91908e-06  3.08207e-03 -2.06610e-02
 -2.10000e-02  1.11590e-05  5.96999e-03 -1.99490e-02
 -2.10000e-02  1.23989e-05  8.98917e-03 -1.90617e-02
 -2.10000e-02  1.36387e-05  1.21402e-02 -1.79930e-02
 -2.10000e-02  1.48786e-05  1.54238e-02 -1.67371e-02
 -2.10000e-02  1.61185e-05  1.88405e-02 -1.52880e-02
 -2.10000e-02  1.73584e-05  2.23910e-02 -1.36397e-02
 -2.10000e-02  1.85983e-05  2.60759e-02 -1.17863e-02
 -2.10000e-02  1.98382e-05  2.98958e-02 -9.72187e-03
 -2.10000e-02  2.10780e-05  3.38513e-02 -7.44043e-03
 -2.10000e-02  2.23179e-05  3.79431e-02 -4.93605e-03
 -2.10000e-02  2.35578e-05  4.21718e-02 -2.20277e-03
 -2.10000e-02  2.47977e-05  4.65381e-02  7.65340e-04
 -2.10000e-02  2.60376e-05  5.10425e-02  3.97424e-03
 -2.10000e-02  2.72775e-05  5.56857e-02  7.42987e-03
 -2.10000e-02  2.85174e-05  6.04683e-02  1.11382e-02
 -2.10000e-02  2.97572e-05  6.53910e-02  1.51051e-02
 -2.10000e-02  3.09971e-05  7.04543e-02  1.93366e-02

 -1.96000e-02  0.00000e+00 -1.51205e-02 -1.87260e-02
 -1.96000e-02  1.23989e-06 -1.35755e-02 -1.91686e-02
 -1.96000e-02  2.47977e-06 -1.19092e-02 -1.94831e-02
 -1.96000e-02  3.71966e-06 -1.01210e-02 -1.96634e-02
 -1.96000e-02  4.95954e-06 -8.21034e-03 -1.97037e-02
 -1.96000e-02  6.19943e-06 -6.17651e-03 -1.95978e-02
 -1.96000e-02  7.43931e-06 -4.01889e-03 -1.93401e-02
 -1.96000e-02  8.67920e-06 -1.73688e-03 -1.89243e-02
 -1.96000e-02  9.91908e-06  6.70159e-04 -1.83448e-02
 -1.96000e-02  1.11590e-05  3.20286e-03 -1.75953e-02
 -1.96000e-02  1.23989e-05  5.86184e-03 -1.66702e-02
 -1.96000e-02  1.36387e-05  8.64773e-03 -1.55633e-02
 -1.96000e-02  1.48786e-05  1.15612e-02 -1.42687e-02
 -1.96000e-02  1.61185e-05  1.46028e-02 -1.27806e-02
 -1.96000e-02  1.73584e-05  1.77732e-02 -1.10928e-02
 -1.96000e-02  1.85983e-05  2.10730e-02 -9.19963e-03
 -1.96000e-02  1.98382e-05  2.45028e-02 -7.09497e-03
 -1.96000e-02  2.10780e-05  2.80634e-02 -4.77291e-03
 -1.96000e-02  2.23179e-05  3.17552e-02 -2.22752e-03
 -1.96000e-02  2.35578e-05  3.55790e-02  5.47163e-04
 -1.96000e-02  2.47977e-05  3.95353e-02  3.55708e-03
 -1.96000e-02  2.60376e-05  4.36248e-02  6.80817e-03
 -1.96000e-02  2.72775e-05  4.78482e-02  1.03064e-02
 -1.96000e-02  2.85174e-05  5.22060e-02  1.40577e-02
 -1.96000e-02  2.97572e-05  5.66988e-02  1.80680e-02
 -1.96000e-02  3.09971e-05  6.13273e-02  2.23433e-02

 -1.82000e-02  0.00000e+00 -1.45728e-02 -1.68266e-02
 -1.82000e-02  1.23989e-06 -1.33205e-02 -1.72347e-02
 -1.82000e-02  2.47977e-06 -1.19517e-02 -1.75143e-02
 -1.82000e-02  3.71966e-06 -1.04658e-02 -1.76595e-02
 -1.82000e-02  4.95954e-06 -8.86220e-03 -1.76643e-02
 -1.82000e-02  6.19943e-06 -7.14019e-03 -1.75227e-02
 -1.82000e-02  7.43931e-06 -5.29919e-03 -1.72290e-02
 -1.82000e-02  8.67920e-06 -3.33855e-03 -1.67770e-02
 -1.82000e-02  9.91908e-06 -1.25766e-03 -1.61608e-02
 -1.82000e-02  1.11590e-05  9.44109e-04 -1.53746e-02
 -1.82000e-02  1.23989e-05  3.26739e-03 -1.44123e-02
 -1.82000e-02  1.36387e-05  5.71280e-03 -1.32680e-02
 -1.82000e-02  1.48786e-05  8.28098e-03 -1.19357e-02
 -1.82000e-02  1.61185e-05  1.09725e-02 -1.04096e-02
 -1.82000e-02  1.73584e-05  1.37881e-02 -8.68361e-03
 -1.82000e-02  1.85983e-05  1.67284e-02 -6.75185e-03
 -1.82000e-02  1.98382e-05  1.97939e-02 -4.60837e-03
 -1.82000e-02  2.10780e-05  2.29853e-02 -2.24721e-03
 -1.82000e-02  2.23179e-05  2.63032e-02  3.37573e-04
 -1.82000e-02  2.35578e-05  2.97483e-02  3.15192e-03
 -1.82000e-02  2.47977e-05  3.33212e-02  6.20179e-03
 -1.82000e-02  2.60376e-05  3.70225e-02  9.49312e-03
 -1.82000e-02  2.72775e-05  4.08528e-02  1.30319e-02
 -1.82000e-02  2.85174e-05  4.48128e-02  1.68239e-02
 -1.82000e-02  2.97572e-05  4.89031e-02  2.08753e-02
 -1.82000e-02  3.09971e-05  5.31243e-02  2.51920e-02

 -1.68000e-02  0.00000e+00 -1.37915e-02 -1.50476e-02
 -1.68000e-02  1.23989e-06 -1.28106e-02 -1.54213e-02
 -1.68000e-02  2.47977e-06 -1.17178e-02 -1.56663e-02
 -1.68000e-02  3.71966e-06 -1.05125e-02 -1.57767e-02
 -1.68000e-02  4.95954e-06 -9.19407e-03 -1.57466e-02
 -1.68000e-02  6.19943e-06 -7.76182e-03 -1.55700e-02
 -1.68000e-02  7.43931e-06 -6.21514e-03 -1.52410e-02
 -1.68000e-02  8.67920e-06 -4.55341e-03 -1.47535e-02
 -1.68000e-02  9.91908e-06 -2.77601e-03 -1.41018e-02
 -1.68000e-02  1.11590e-05 -8.82310e-04 -1.32798e-02
 -1.68000e-02  1.23989e-05  1.12832e-03 -1.22815e-02
 -1.68000e-02  1.36387e-05  3.25651e-03 -1.11011e-02
 -1.68000e-02  1.48786e-05  5.50289e-03 -9.73257e-03
 -1.68000e-02  1.61185e-05  7.86808e-03 -8.16998e-03
 -1.68000e-02  1.73584e-05  1.03527e-02 -6.40739e-03
 -1.68000e-02  1.85983e-05  1.29574e-02 -4.43884e-03
 -1.68000e-02  1.98382e-05  1.56828e-02 -2.25839e-03
 -1.68000e-02  2.10780e-05  1.85295e-02  1.39900e-04
 -1.68000e-02  2.23179e-05  2.14982e-02  2.76198e-03
 -1.68000e-02  2.35578e-05  2.45894e-02  5.61381e-03
 -1.68000e-02  2.47977e-05  2.78038e-02  8.70132e-03
 -1.68000e-02  2.60376e-05  3.11421e-02  1.20305e-02
 -1.68000e-02  2.72775e-05  3.46048e-02  1.56072e-02
 -1.68000e-02  2.85174e-05  3.81927e-02  1.94374e-02
 -1.68000e-02  2.97572e-05  4.19062e-02  2.35271e-02
 -1.68000e-02  3.09971e-05  4.57461e-02  2.78823e-02

 -1.54000e-02  0.00000e+00 -1.28312e-02 -1.33787e-02
 -1.54000e-02  1.23989e-06 -1.21019e-02 -1.37185e-02
 -1.54000e-02  2.47977e-06 -1.12650e-02 -1.39297e-02
 -1.54000e-02  3.71966e-06 -1.03200e-02 -1.40062e-02
 -1.54000e-02  4.95954e-06 -9.26622e-03 -1.39420e-02
 -1.54000e-02  6.19943e-06 -8.10301e-03 -1.37314e-02
 -1.54000e-02  7.43931e-06 -6.82977e-03 -1.33682e-02
 -1.54000e-02  8.67920e-06 -5.44585e-03 -1.28466e-02
 -1.54000e-02  9.91908e-06 -3.95064e-03 -1.21607e-02
 -1.54000e-02  1.11590e-05 -2.34352e-03 -1.13044e-02
 -1.54000e-02  1.23989e-05 -6.23842e-04 -1.02718e-02
 -1.54000e-02  1.36387e-05  1.20901e-03 -9.05695e-03
 -1.54000e-02  1.48786e-05  3.15566e-03 -7.65397e-03
 -1.54000e-02  1.61185e-05  5.21675e-03 -6.05687e-03
 -1.54000e-02  1.73584e-05  7.39289e-03 -4.25970e-03
 -1.54000e-02  1.85983e-05  9.68472e-03 -2.25652e-03
 -1.54000e-02  1.98382e-05  1.20929e-02 -4.13896e-05
 -1.54000e-02  2.10780e-05  1.46179e-02  2.39165e-03
 -1.54000e-02  2.23179e-05  1.72606e-02  5.04854e-03
 -1.54000e-02  2.35578e-05  2.00214e-02  7.93522e-03
 -1.54000e-02  2.47977e-05  2.29011e-02  1.10577e-02
 -1.54000e-02  2.60376e-05  2.59002e-02  1.44218e-02
 -1.54000e-02  2.72775e-05  2.90194e-02  1.80335e-02
 -1.54000e-02  2.85174e-05  3.22593e-02  2.18989e-02
 -1.54000e-02  2.97572e-05  3.56205e-02  2.60237e-02
 -1.54000e-02  3.09971e-05  3.91037e-02  3.04141e-02

 -1.40000e-02  0.00000e+00 -1.17394e-02 -1.18102e-02
 -1.40000e-02  1.23989e-06 -1.12430e-02 -1.21172e-02
 -1.40000e-02  2.47977e-06 -1.06432e-02 -1.22955e-02
 -1.40000e-02  3.71966e-06 -9.93946e-03 -1.23393e-02
 -1.40000e-02  4.95954e-06 -9.13112e-03 -1.22424e-02
 -1.40000e-02  6.19943e-06 -8.21756e-03 -1.19992e-02
 -1.40000e-02  7.43931e-06 -7.19815e-03 -1.16034e-02
 -1.40000e-02  8.67920e-06 -6.07225e-03 -1.10493e-02
 -1.40000e-02  9.91908e-06 -4.83925e-03 -1.03308e-02
 -1.40000e-02  1.11590e-05 -3.49851e-03 -9.44211e-03
 -1.40000e-02  1.23989e-05 -2.04941e-03 -8.37715e-03
 -1.40000e-02  1.36387e-05 -4.91314e-04 -7.13003e-03
 -1.40000e-02  1.48786e-05  1.17640e-03 -5.69478e-03
 -1.40000e-02  1.61185e-05  2.95435e-03 -4.06548e-03
 -1.40000e-02  1.73584e-05  4.84318e-03 -2.23616e-03
 -1.40000e-02  1.85983e-05  6.84351e-03 -2.00892e-04
 -1.40000e-02  1.98382e-05  8.95597e-03  2.04628e-03
 -1.40000e-02  2.10780e-05  1.11812e-02  4.51131e-03
 -1.40000e-02  2.23179e-05  1.35198e-02  7.20013e-03
 -1.40000e-02  2.35578e-05  1.59724e-02  1.01187e-02
 -1.40000e-02  2.47977e-05  1.85396e-02  1.32729e-02
 -1.40000e-02  2.60376e-05  2.12221e-02  1.66688e-02
 -1.40000e-02  2.72775e-05  2.40205e-02  2.03123e-02
 -1.40000e-02  2.85174e-05  2.69355e-02  2.42093e-02
 -1.40000e-02  2.97572e-05  2.99675e-02  2.83658e-02
 -1.40000e-02  3.09971e-05  3.31174e-02  3.27876e-02

 -1.26000e-02  0.00000e+00 -1.05564e-02 -1.03332e-02
 -1.26000e-02  1.23989e-06 -1.02755e-02 -1.06086e-02
 -1.26000e-02  2.47977e-06 -9.89528e-03 -1.07556e-02
 -1.26000e-02  3.71966e-06 -9.41506e-03 -1.07681e-02
 -1.26000e-02  4.95954e-06 -8.83422e-03 -1.06402e-02
 -1.26000e-02  6.19943e-06 -8.15215e-03 -1.03660e-02
 -1.26000e-02  7.43931e-06 -7.36821e-03 -9.93955e-03
 -1.26000e-02  8.67920e-06 -6.48178e-03 -9.35486e-03
 -1.26000e-02  9.91908e-06 -5.49223e-03 -8.60601e-03
 -1.26000e-02  1.11590e-05 -4.39893e-03 -7.68705e-03
 -1.26000e-02  1.23989e-05 -3.20126e-03 -6.59204e-03
 -1.26000e-02  1.36387e-05 -1.89858e-03 -5.31502e-03
 -1.26000e-02  1.48786e-05 -4.90279e-04 -3.85005e-03
 -1.26000e-02  1.61185e-05  1.02428e-03 -2.19118e-03
 -1.26000e-02  1.73584e-05  2.64573e-03 -3.32468e-04
 -1.26000e-02  1.85983e-05  4.37469e-03  1.73203e-03
 -1.26000e-02  1.98382e-05  6.21179e-03  4.00827e-03
 -1.26000e-02  2.10780e-05  8.15765e-03  6.50219e-03
 -1.26000e-02  2.23179e-05  1.02129e-02  9.21973e-03
 -1.26000e-02  2.35578e-05  1.23782e-02  1.21669e-02
 -1.26000e-02  2.47977e-05  1.46541e-02  1.53495e-02
 -1.26000e-02  2.60376e-05  1.70413e-02  1.87736e-02
 -1.26000e-02  2.72775e-05  1.95404e-02  2.24451e-02
 -1.26000e-02  2.85174e-05  2.21521e-02  2.63700e-02
 -1.26000e-02  2.97572e-05  2.48769e-02  3.05542e-02
 -1.26000e-02  3.09971e-05  2.77155e-02  3.50037e-02

 -1.12000e-02  0.00000e+00 -9.31674e-03 -8.93949e-03
 -1.12000e-02  1.23989e-06 -9.23519e-03 -9.18493e-03
 -1.12000e-02  2.47977e-06 -9.05808e-03 -9.30216e-03
 -1.12000e-02  3.71966e-06 -8.78478e-03 -9.28524e-03
 -1.12000e-02  4.95954e-06 -8.41466e-03 -9.12823e-03
 -1.12000e-02  6.19943e-06 -7.94709e-03 -8.82516e-03
 -1.12000e-02  7.43931e-06 -7.38145e-03 -8.37011e-03
 -1.12000e-02  8.67920e-06 -6.71711e-03 -7.75711e-03
 -1.12000e-02  9.91908e-06 -5.95344e-03 -6.98023e-03
 -1.12000e-02  1.11590e-05 -5.08981e-03 -6.03352e-03
 -1.12000e-02  1.23989e-05 -4.12560e-03 -4.91103e-03
 -1.12000e-02  1.36387e-05 -3.06018e-03 -3.60682e-03
 -1.12000e-02  1.48786e-05 -1.89292e-03 -2.11494e-03
 -1.12000e-02  1.61185e-05 -6.23191e-04 -4.29436e-04
 -1.12000e-02  1.73584e-05  7.49628e-04  1.45563e-03
 -1.12000e-02  1.85983e-05  2.22617e-03  3.54620e-03
 -1.12000e-02  1.98382e-05  3.80706e-03  5.84823e-03
 -1.12000e-02  2.10780e-05  5.49292e-03  8.36767e-03
 -1.12000e-02  2.23179e-05  7.28439e-03  1.11105e-02
 -1.12000e-02  2.35578e-05  9.18208e-03  1.40825e-02
 -1.12000e-02  2.47977e-05  1.11866e-02  1.72899e-02
 -1.12000e-02  2.60376e-05  1.32987e-02  2.07384e-02
 -1.12000e-02  2.72775e-05  1.55188e-02  2.44340e-02
 -1.12000e-02  2.85174e-05  1.78477e-02  2.83827e-02
 -1.12000e-02  2.97572e-05  2.02860e-02  3.25905e-02
 -1.12000e-02  3.09971e-05  2.28342e-02  3.70632e-02

 -9.80000e-03  0.00000e+00 -8.04947e-03 -7.62141e-03
 -9.80000e-03  1.23989e-06 -8.15217e-03 -7.83868e-03
 -9.80000e-03  2.47977e-06 -8.16291e-03 -7.92815e-03
 -9.80000e-03  3.71966e-06 -8.08105e-03 -7.88385e-03
 -9.80000e-03  4.95954e-06 -7.90597e-03 -7.69985e-03
 -9.80000e-03  6.19943e-06 -7.63704e-03 -7.37019e-03
 -9.80000e-03  7.43931e-06 -7.27362e-03 -6.88893e-03
 -9.80000e-03  8.67920e-06 -6.81510e-03 -6.25013e-03
 -9.80000e-03  9.91908e-06 -6.26085e-03 -5.44783e-03
 -9.80000e-03  1.11590e-05 -5.61023e-03 -4.47609e-03
 -9.80000e-03  1.23989e-05 -4.86263e-03 -3.32897e-03
 -9.80000e-03  1.36387e-05 -4.01741e-03 -2.00051e-03
 -9.80000e-03  1.48786e-05 -3.07394e-03 -4.84774e-04
 -9.80000e-03  1.61185e-05 -2.03160e-03  1.22419e-03
 -9.80000e-03  1.73584e-05 -8.89769e-04  3.13232e-03
 -9.80000e-03  1.85983e-05  3.52192e-04  5.24557e-03
 -9.80000e-03  1.98382e-05  1.69491e-03  7.56989e-03
 -9.80000e-03  2.10780e-05  3.13900e-03  1.01112e-02
 -9.80000e-03  2.23179e-05  4.68511e-03  1.28755e-02
 -9.80000e-03  2.35578e-05  6.33385e-03  1.58687e-02
 -9.80000e-03  2.47977e-05  8.08585e-03  1.90967e-02
 -9.80000e-03  2.60376e-05  9.94175e-03  2.25656e-02
 -9.80000e-03  2.72775e-05  1.19022e-02  2.62812e-02
 -9.80000e-03  2.85174e-05  1.39677e-02  3.02494e-02
 -9.80000e-03  2.97572e-05  1.61391e-02  3.44763e-02
 -9.80000e-03  3.09971e-05  1.84168e-02  3.89678e-02

 -8.40000e-03  0.00000e+00 -6.77896e-03 -6.37197e-03
 -8.40000e-03  1.23989e-06 -7.05189e-03 -6.56312e-03
 -8.40000e-03  2.47977e-06 -7.23624e-03 -6.62695e-03
 -8.40000e-03  3.71966e-06 -7.33139e-03 -6.55752e-03
 -8.40000e-03  4.95954e-06 -7.33672e-03 -6.34890e-03
 -8.40000e-03  6.19943e-06 -7.25159e-03 -5.99512e-03
 -8.40000e-03  7.43931e-06 -7.07538e-03 -5.49025e-03
 -8.40000e-03  8.67920e-06 -6.80747e-03 -4.82833e-03
 -8.40000e-03  9.91908e-06 -6.44721e-03 -4.00343e-03
 -8.40000e-03  1.11590e-05 -5.99400e-03 -3.00959e-03
 -8.40000e-03  1.23989e-05 -5.44719e-03 -1.84086e-03
 -8.40000e-03  1.36387e-05 -4.80616e-03 -4.91311e-04
 -8.40000e-03  1.48786e-05 -4.07029e-03  1.04502e-03
 -8.40000e-03  1.61185e-05 -3.23894e-03  2.77406e-03
 -8.40000e-03  1.73584e-05 -2.31149e-03  4.70178e-03
 -8.40000e-03  1.85983e-05 -1.28732e-03  6.83411e-03
 -8.40000e-03  1.98382e-05 -1.65784e-04  9.17700e-03
 -8.40000e-03  2.10780e-05  1.05373e-03  1.17364e-02
 -8.40000e-03  2.23179e-05  2.37186e-03  1.45183e-02
 -8.40000e-03  2.35578e-05  3.78922e-03  1.75285e-02
 -8.40000e-03  2.47977e-05  5.30645e-03  2.07731e-02
 -8.40000e-03  2.60376e-05  6.92418e-03  2.42580e-02
 -8.40000e-03  2.72775e-05  8.64302e-03  2.79891e-02
 -8.40000e-03  2.85174e-05  1.04636e-02  3.19725e-02
 -8.40000e-03  2.97572e-05  1.23866e-02  3.62139e-02
 -8.40000e-03  3.09971e-05  1.44126e-02  4.07194e-02

 -7.00000e-03  0.00000e+00 -5.52548e-03 -5.18482e-03
 -7.00000e-03  1.23989e-06 -5.95556e-03 -5.35201e-03
 -7.00000e-03  2.47977e-06 -6.30028e-03 -5.39251e-03
 -7.00000e-03  3.71966e-06 -6.55900e-03 -5.30036e-03
 -7.00000e-03  4.95954e-06 -6.73109e-03 -5.06963e-03
 -7.00000e-03  6.19943e-06 -6.81593e-03 -4.69437e-03
 -7.00000e-03  7.43931e-06 -6.81289e-03 -4.16863e-03
 -7.00000e-03  8.67920e-06 -6.72134e-03 -3.48646e-03
 -7.00000e-03  9.91908e-06 -6.54065e-03 -2.64192e-03
 -7.00000e-03  1.11590e-05 -6.27020e-03 -1.62905e-03
 -7.00000e-03  1.23989e-05 -5.90936e-03 -4.41926e-04
 -7.00000e-03  1.36387e-05 -5.45751e-03  9.25413e-04
 -7.00000e-03  1.48786e-05 -4.91400e-03  2.47891e-03
 -7.00000e-03  1.61185e-05 -4.27823e-03  4.22452e-03
 -7.00000e-03  1.73584e-05 -3.54955e-03  6.16817e-03
 -7.00000e-03  1.85983e-05 -2.72735e-03  8.31582e-03
 -7.00000e-03  1.98382e-05 -1.81099e-03  1.06734e-02
 -7.00000e-03  2.10780e-05 -7.99853e-04  1.32469e-02
 -7.00000e-03  2.23179e-05  3.06697e-04  1.60422e-02
 -7.00000e-03  2.35578e-05  1.50929e-03  1.90653e-02
 -7.00000e-03  2.47977e-05  2.80854e-03  2.23222e-02
 -7.00000e-03  2.60376e-05  4.20508e-03  2.58187e-02
 -7.00000e-03  2.72775e-05  5.69955e-03  2.95608e-02
 -7.00000e-03  2.85174e-05  7.29256e-03  3.35546e-02
 -7.00000e-03  2.97572e-05  8.98475e-03  3.78058e-02
 -7.00000e-03  3.09971e-05  1.07767e-02  4.23205e-02

 -5.60000e-03  0.00000e+00 -4.30571e-03 -4.05416e-03
 -5.60000e-03  1.23989e-06 -4.88082e-03 -4.19970e-03
 -5.60000e-03  2.47977e-06 -5.37356e-03 -4.21927e-03
 -5.60000e-03  3.71966e-06 -5.78331e-03 -4.10693e-03
 -5.60000e-03  4.95954e-06 -6.10944e-03 -3.85673e-03
 -5.60000e-03  6.19943e-06 -6.35132e-03 -3.46273e-03
 -5.60000e-03  7.43931e-06 -6.50832e-03 -2.91897e-03
 -5.60000e-03  8.67920e-06 -6.57982e-03 -2.21952e-03
 -5.60000e-03  9.91908e-06 -6.56519e-03 -1.35843e-03
 -5.60000e-03  1.11590e-05 -6.46380e-03 -3.29741e-04
 -5.60000e-03  1.23989e-05 -6.27502e-03  8.72481e-04
 -5.60000e-03  1.36387e-05 -5.99823e-03  2.25419e-03
 -5.60000e-03  1.48786e-05 -5.63279e-03  3.82132e-03
 -5.60000e-03  1.61185e-05 -5.17809e-03  5.57984e-03
 -5.60000e-03  1.73584e-05 -4.63349e-03  7.53567e-03
 -5.60000e-03  1.85983e-05 -3.99837e-03  9.69478e-03
 -5.60000e-03  1.98382e-05 -3.27210e-03  1.20631e-02
 -5.60000e-03  2.10780e-05 -2.45405e-03  1.46466e-02
 -5.60000e-03  2.23179e-05 -1.54359e-03  1.74512e-02
 -5.60000e-03  2.35578e-05 -5.40100e-04  2.04828e-02
 -5.60000e-03  2.47977e-05  5.57052e-04  2.37475e-02
 -5.60000e-03  2.60376e-05  1.74849e-03  2.72511e-02
 -5.60000e-03  2.72775e-05  3.03485e-03  3.09996e-02
 -5.60000e-03  2.85174e-05  4.41675e-03  3.49989e-02
 -5.60000e-03  2.97572e-05  5.89482e-03  3.92550e-02
 -5.60000e-03  3.09971e-05  7.46969e-03  4.37739e-02

 -4.20000e-03  0.00000e+00 -3.13328e-03 -2.97477e-03
 -4.20000e-03  1.23989e-06 -3.84214e-03 -3.10102e-03
 -4.20000e-03  2.47977e-06 -4.47143e-03 -3.10215e-03
 -4.20000e-03  3.71966e-06 -5.02053e-03 -2.97221e-03
 -4.20000e-03  4.95954e-06 -5.48882e-03 -2.70525e-03
 -4.20000e-03  6.19943e-06 -5.87567e-03 -2.29533e-03
 -4.20000e-03  7.43931e-06 -6.18045e-03 -1.73649e-03
 -4.20000e-03  8.67920e-06 -6.40254e-03 -1.02281e-03
 -4.20000e-03  9.91908e-06 -6.54129e-03 -1.48313e-04
 -4.20000e-03  1.11590e-05 -6.59610e-03  8.92928e-04
 -4.20000e-03  1.23989e-05 -6.56633e-03  2.10686e-03
 -4.20000e-03  1.36387e-05 -6.45135e-03  3.49944e-03
 -4.20000e-03  1.48786e-05 -6.25054e-03  5.07661e-03
 -4.20000e-03  1.61185e-05 -5.96326e-03  6.84431e-03
 -4.20000e-03  1.73584e-05 -5.58890e-03  8.80850e-03
 -4.20000e-03  1.85983e-05 -5.12682e-03  1.09751e-02
 -4.20000e-03  1.98382e-05 -4.57639e-03  1.33501e-02
 -4.20000e-03  2.10780e-05 -3.93700e-03  1.59394e-02
 -4.20000e-03  2.23179e-05 -3.20800e-03  1.87490e-02
 -4.20000e-03  2.35578e-05 -2.38878e-03  2.17848e-02
 -4.20000e-03  2.47977e-05 -1.47871e-03  2.50527e-02
 -4.20000e-03  2.60376e-05 -4.77154e-04  2.85588e-02
 -4.20000e-03  2.72775e-05  6.16510e-04  3.23089e-02
 -4.20000e-03  2.85174e-05  1.80291e-03  3.63090e-02
 -4.20000e-03  2.97572e-05  3.08267e-03  4.05651e-02
 -4.20000e-03  3.09971e-05  4.45643e-03  4.50830e-02

 -2.80000e-03  0.00000e+00 -2.01925e-03 -1.94197e-03
 -2.80000e-03  1.23989e-06 -2.85134e-03 -2.05134e-03
 -2.80000e-03  2.47977e-06 -3.60649e-03 -2.03653e-03
 -2.80000e-03  3.71966e-06 -4.28407e-03 -1.89161e-03
 -2.80000e-03  4.95954e-06 -4.88343e-03 -1.61063e-03
 -2.80000e-03  6.19943e-06 -5.40397e-03 -1.18763e-03
 -2.80000e-03  7.43931e-06 -5.84505e-03 -6.16682e-04
 -2.80000e-03  8.67920e-06 -6.20604e-03  1.08172e-04
 -2.80000e-03  9.91908e-06 -6.48632e-03  9.92875e-04
 -2.80000e-03  1.11590e-05 -6.68525e-03  2.04337e-03
 -2.80000e-03  1.23989e-05 -6.80222e-03  3.26562e-03
 -2.80000e-03  1.36387e-05 -6.83659e-03  4.66555e-03
 -2.80000e-03  1.48786e-05 -6.78774e-03  6.24911e-03
 -2.80000e-03  1.61185e-05 -6.65504e-03  8.02226e-03
 -2.80000e-03  1.73584e-05 -6.43785e-03  9.99093e-03
 -2.80000e-03  1.85983e-05 -6.13556e-03  1.21611e-02
 -2.80000e-03  1.98382e-05 -5.74754e-03  1.45387e-02
 -2.80000e-03  2.10780e-05 -5.27316e-03  1.71296e-02
 -2.80000e-03  2.23179e-05 -4.71179e-03  1.99398e-02
 -2.80000e-03  2.35578e-05 -4.06280e-03  2.29754e-02
 -2.80000e-03  2.47977e-05 -3.32557e-03  2.62421e-02
 -2.80000e-03  2.60376e-05 -2.49947e-03  2.97460e-02
 -2.80000e-03  2.72775e-05 -1.58387e-03  3.34929e-02
 -2.80000e-03  2.85174e-05 -5.78142e-04  3.74890e-02
 -2.80000e-03  2.97572e-05  5.18337e-04  4.17400e-02
 -2.80000e-03  3.09971e-05  1.70620e-03  4.62519e-02

 -1.40000e-03  0.00000e+00 -9.72461e-04 -9.51602e-04
 -1.40000e-03  1.23989e-06 -1.91804e-03 -1.04647e-03
 -1.40000e-03  2.47977e-06 -2.78908e-03 -1.01823e-03
 -1.40000e-03  3.71966e-06 -3.58495e-03 -8.60936e-04
 -1.40000e-03  4.95954e-06 -4.30504e-03 -5.68647e-04
 -1.40000e-03  6.19943e-06 -4.94870e-03 -1.35414e-04
 -1.40000e-03  7.43931e-06 -5.51533e-03  4.44710e-04
 -1.40000e-03  8.67920e-06 -6.00428e-03  1.17767e-03
 -1.40000e-03  9.91908e-06 -6.41493e-03  2.06941e-03
 -1.40000e-03  1.11590e-05 -6.74665e-03  3.12589e-03
 -1.40000e-03  1.23989e-05 -6.99881e-03  4.35304e-03
 -1.40000e-03  1.36387e-05 -7.17080e-03  5.75681e-03
 -1.40000e-03  1.48786e-05 -7.26197e-03  7.34316e-03
 -1.40000e-03  1.61185e-05 -7.27170e-03  9.11801e-03
 -1.40000e-03  1.73584e-05 -7.19937e-03  1.10873e-02
 -1.40000e-03  1.85983e-05 -7.04435e-03  1.32571e-02
 -1.40000e-03  1.98382e-05 -6.80601e-03  1.56332e-02
 -1.40000e-03  2.10780e-05 -6.48372e-03  1.82215e-02
 -1.40000e-03  2.23179e-05 -6.07685e-03  2.10282e-02
 -1.40000e-03  2.35578e-05 -5.58479e-03  2.40590e-02
 -1.40000e-03  2.47977e-05 -5.00689e-03  2.73200e-02
 -1.40000e-03  2.60376e-05 -4.34253e-03  3.08170e-02
 -1.40000e-03  2.72775e-05 -3.59110e-03  3.45561e-02
 -1.40000e-03  2.85174e-05 -2.75194e-03  3.85432e-02
 -1.40000e-03  2.97572e-05 -1.82445e-03  4.27842e-02
 -1.40000e-03  3.09971e-05 -8.07994e-04  4.72851e-02

  0.00000e+00  0.00000e+00  0.00000e+00  0.00000e+00
  0.00000e+00  1.23989e-06 -1.04994e-03 -8.26890e-05
  0.00000e+00  2.47977e-06 -2.02757e-03 -4.34515e-05
  0.00000e+00  3.71966e-06 -2.93224e-03  1.23659e-04
  0.00000e+00  4.95954e-06 -3.76335e-03  4.24589e-04
  0.00000e+00  6.19943e-06 -4.52025e-03  8.65284e-04
  0.00000e+00  7.43931e-06 -5.20232e-03  1.45169e-03
  0.00000e+00  8.67920e-06 -5.80894e-03  2.18976e-03
  0.00000e+00  9.91908e-06 -6.33947e-03  3.08543e-03
  0.00000e+00  1.11590e-05 -6.79329e-03  4.14465e-03
  0.00000e+00  1.23989e-05 -7.16977e-03  5.37338e-03
  0.00000e+00  1.36387e-05 -7.46829e-03  6.77754e-03
  0.00000e+00  1.48786e-05 -7.68822e-03  8.36310e-03
  0.00000e+00  1.61185e-05 -7.82892e-03  1.01360e-02
  0.00000e+00  1.73584e-05 -7.88977e-03  1.21022e-02
  0.00000e+00  1.85983e-05 -7.87015e-03  1.42676e-02
  0.00000e+00  1.98382e-05 -7.76943e-03  1.66382e-02
  0.00000e+00  2.10780e-05 -7.58697e-03  1.92199e-02
  0.00000e+00  2.23179e-05 -7.32216e-03  2.20187e-02
  0.00000e+00  2.35578e-05 -6.97436e-03  2.50405e-02
  0.00000e+00  2.47977e-05 -6.54295e-03  2.82912e-02
  0.00000e+00  2.60376e-05 -6.02729e-03  3.17769e-02
  0.00000e+00  2.72775e-05 -5.42677e-03  3.55034e-02
  0.00000e+00  2.85174e-05 -4.74075e-03  3.94767e-02
  0.00000e+00  2.97572e-05 -3.96861e-03  4.37028e-02
  0.00000e+00  3.09971e-05 -3.10972e-03  4.81876e-02

  1.40000e-03  0.00000e+00  8.92532e-04  9.16037e-04
  1.40000e-03  1.23989e-06 -2.53263e-04  8.43297e-04
  1.40000e-03  2.47977e-06 -1.32876e-03  8.91194e-04
  1.40000e-03  3.71966e-06 -2.33333e-03  1.06567e-03
  1.40000e-03  4.95954e-06 -3.26635e-03  1.37268e-03
  1.40000e-03  6.19943e-06 -4.12718e-03  1.81816e-03
  1.40000e-03  7.43931e-06 -4.91521e-03  2.40807e-03
  1.40000e-03  8.67920e-06 -5.62980e-03  3.14834e-03
  1.40000e-03  9.91908e-06 -6.27032e-03  4.04493e-03
  1.40000e-03  1.11590e-05 -6.83616e-03  5.10378e-03
  1.40000e-03  1.23989e-05 -7.32667e-03  6.33083e-03
  1.40000e-03  1.36387e-05 -7.74124e-03  7.73204e-03
  1.40000e-03  1.48786e-05 -8.07924e-03  9.31335e-03
  1.40000e-03  1.61185e-05 -8.34003e-03  1.10807e-02
  1.40000e-03  1.73584e-05 -8.52300e-03  1.30401e-02
  1.40000e-03  1.85983e-05 -8.62751e-03  1.51974e-02
  1.40000e-03  1.98382e-05 -8.65294e-03  1.75585e-02
  1.40000e-03  2.10780e-05 -8.59865e-03  2.01295e-02
  1.40000e-03  2.23179e-05 -8.46403e-03  2.29163e-02
  1.40000e-03  2.35578e-05 -8.24844e-03  2.59249e-02
  1.40000e-03  2.47977e-05 -7.95126e-03  2.91610e-02
  1.40000e-03  2.60376e-05 -7.57186e-03  3.26308e-02
  1.40000e-03  2.72775e-05 -7.10961e-03  3.63402e-02
  1.40000e-03  2.85174e-05 -6.56388e-03  4.02951e-02
  1.40000e-03  2.97572e-05 -5.93405e-03  4.45014e-02
  1.40000e-03  3.09971e-05 -5.21949e-03  4.89652e-02

  2.80000e-03  0.00000e+00  1.70071e-03  1.79926e-03
  2.80000e-03  1.23989e-06  4.67041e-04  1.73439e-03
  2.80000e-03  2.47977e-06 -6.98150e-04  1.78875e-03
  2.80000e-03  3.71966e-06 -1.79424e-03  1.96829e-03
  2.80000e-03  4.95954e-06 -2.82059e-03  2.27896e-03
  2.80000e-03  6.19943e-06 -3.77659e-03  2.72670e-03
  2.80000e-03  7.43931e-06 -4.66160e-03  3.31746e-03
  2.80000e-03  8.67920e-06 -5.47500e-03  4.05718e-03
  2.80000e-03  9.91908e-06 -6.21616e-03  4.95181e-03
  2.80000e-03  1.11590e-05 -6.88445e-03  6.00731e-03
  2.80000e-03  1.23989e-05 -7.47925e-03  7.22960e-03
  2.80000e-03  1.36387e-05 -7.99992e-03  8.62465e-03
  2.80000e-03  1.48786e-05 -8.44584e-03  1.01984e-02
  2.80000e-03  1.61185e-05 -8.81638e-03  1.19568e-02
  2.80000e-03  1.73584e-05 -9.11092e-03  1.39058e-02
  2.80000e-03  1.85983e-05 -9.32882e-03  1.60513e-02
  2.80000e-03  1.98382e-05 -9.46947e-03  1.83993e-02
  2.80000e-03  2.10780e-05 -9.53222e-03  2.09557e-02
  2.80000e-03  2.23179e-05 -9.51646e-03  2.37265e-02
  2.80000e-03  2.35578e-05 -9.42156e-03  2.67177e-02
  2.80000e-03  2.47977e-05 -9.24689e-03  2.99351e-02
  2.80000e-03  2.60376e-05 -8.99182e-03  3.33847e-02
  2.80000e-03  2.72775e-05 -8.65572e-03  3.70724e-02
  2.80000e-03  2.85174e-05 -8.23797e-03  4.10043e-02
  2.80000e-03  2.97572e-05 -7.73794e-03  4.51863e-02
  2.80000e-03  3.09971e-05 -7.15501e-03  4.96242e-02

  4.20000e-03  0.00000e+00  2.42103e-03  2.65203e-03
  4.20000e-03  1.23989e-06  1.10701e-03  2.59313e-03
  4.20000e-03  2.47977e-06 -1.40163e-04  2.65195e-03
  4.20000e-03  3.71966e-06 -1.31986e-03  2.83443e-03
  4.20000e-03  4.95954e-06 -2.43145e-03  3.14652e-03
  4.20000e-03  6.19943e-06 -3.47431e-03  3.59417e-03
  4.20000e-03  7.43931e-06 -4.44781e-03  4.18332e-03
  4.20000e-03  8.67920e-06 -5.35132e-03  4.91993e-03
  4.20000e-03  9.91908e-06 -6.18422e-03  5.80993e-03
  4.20000e-03  1.11590e-05 -6.94587e-03  6.85927e-03
  4.20000e-03  1.23989e-05 -7.63566e-03  8.07390e-03
  4.20000e-03  1.36387e-05 -8.25295e-03  9.45977e-03
  4.20000e-03  1.48786e-05 -8.79711e-03  1.10228e-02
  4.20000e-03  1.61185e-05 -9.26753e-03  1.27690e-02
  4.20000e-03  1.73584e-05 -9.66356e-03  1.47042e-02
  4.20000e-03  1.85983e-05 -9.98459e-03  1.68345e-02
  4.20000e-03  1.98382e-05 -1.02300e-02  1.91658e-02
  4.20000e-03  2.10780e-05 -1.03991e-02  2.17039e-02
  4.20000e-03  2.23179e-05 -1.04914e-02  2.44549e-02
  4.20000e-03  2.35578e-05 -1.05061e-02  2.74248e-02
  4.20000e-03  2.47977e-05 -1.04427e-02  3.06193e-02
  4.20000e-03  2.60376e-05 -1.03005e-02  3.40446e-02
  4.20000e-03  2.72775e-05 -1.00789e-02  3.77066e-02
  4.20000e-03  2.85174e-05 -9.77726e-03  4.16111e-02
  4.20000e-03  2.97572e-05 -9.39499e-03  4.57641e-02
  4.20000e-03  3.09971e-05 -8.93144e-03  5.01717e-02

  5.60000e-03  0.00000e+00  3.05075e-03  3.47629e-03
  5.60000e-03  1.23989e-06  1.66348e-03  3.42170e-03
  5.60000e-03  2.47977e-06  3.41639e-04  3.48320e-03
  5.60000e-03  3.71966e-06 -9.14159e-04  3.66673e-03
  5.60000e-03  4.95954e-06 -2.10328e-03  3.97824e-03
  5.60000e-03  6.19943e-06 -3.22510e-03  4.42369e-03
  5.60000e-03  7.43931e-06 -4.27899e-03  5.00901e-03
  5.60000e-03  8.67920e-06 -5.26432e-03  5.74015e-03
  5.60000e-03  9.91908e-06 -6.18047e-03  6.62306e-03
  5.60000e-03  1.11590e-05 -7.02680e-03  7.66369e-03
  5.60000e-03  1.23989e-05 -7.80270e-03  8.86798e-03
  5.60000e-03  1.36387e-05 -8.50752e-03  1.02419e-02
  5.60000e-03  1.48786e-05 -9.14065e-03  1.17913e-02
  5.60000e-03  1.61185e-05 -9.70146e-03  1.35223e-02
  5.60000e-03  1.73584e-05 -1.01893e-02  1.54407e-02
  5.60000e-03  1.85983e-05 -1.06036e-02  1.75525e-02
  5.60000e-03  1.98382e-05 -1.09437e-02  1.98636e-02
  5.60000e-03  2.10780e-05 -1.12089e-02  2.23800e-02
  5.60000e-03  2.23179e-05 -1.13987e-02  2.51077e-02
  5.60000e-03  2.35578e-05 -1.15124e-02  2.80525e-02
  5.60000e-03  2.47977e-05 -1.15494e-02  3.12205e-02
  5.60000e-03  2.60376e-05 -1.15090e-02  3.46175e-02
  5.60000e-03  2.72775e-05 -1.13907e-02  3.82496e-02
  5.60000e-03  2.85174e-05 -1.11938e-02  4.21226e-02
  5.60000e-03  2.97572e-05 -1.09176e-02  4.62425e-02
  5.60000e-03  3.09971e-05 -1.05616e-02  5.06153e-02

  7.00000e-03  0.00000e+00  3.58768e-03  4.27365e-03
  7.00000e-03  1.23989e-06  2.13395e-03  4.22198e-03
  7.00000e-03  2.47977e-06  7.44401e-04  4.28465e-03
  7.00000e-03  3.71966e-06 -5.80330e-04  4.46761e-03
  7.00000e-03  4.95954e-06 -1.83962e-03  4.77682e-03
  7.00000e-03  6.19943e-06 -3.03284e-03  5.21822e-03
  7.00000e-03  7.43931e-06 -4.15936e-03  5.79775e-03
  7.00000e-03  8.67920e-06 -5.21855e-03  6.52137e-03
  7.00000e-03  9.91908e-06 -6.20979e-03  7.39502e-03
  7.00000e-03  1.11590e-05 -7.13246e-03  8.42464e-03
  7.00000e-03  1.23989e-05 -7.98591e-03  9.61618e-03
  7.00000e-03  1.36387e-05 -8.76953e-03  1.09756e-02
  7.00000e-03  1.48786e-05 -9.48269e-03  1.25088e-02
  7.00000e-03  1.61185e-05 -1.01248e-02  1.42218e-02
  7.00000e-03  1.73584e-05 -1.06951e-02  1.61205e-02
  7.00000e-03  1.85983e-05 -1.11931e-02  1.82108e-02
  7.00000e-03  1.98382e-05 -1.16181e-02  2.04988e-02
  7.00000e-03  2.10780e-05 -1.19696e-02  2.29903e-02
  7.00000e-03  2.23179e-05 -1.22468e-02  2.56913e-02
  7.00000e-03  2.35578e-05 -1.24491e-02  2.86077e-02
  7.00000e-03  2.47977e-05 -1.25760e-02  3.17455e-02
  7.00000e-03  2.60376e-05 -1.26268e-02  3.51106e-02
  7.00000e-03  2.72775e-05 -1.26008e-02  3.87091e-02
  7.00000e-03  2.85174e-05 -1.24974e-02  4.25467e-02
  7.00000e-03  2.97572e-05 -1.23161e-02  4.66295e-02
  7.00000e-03  3.09971e-05 -1.20561e-02  5.09635e-02

  8.40000e-03  0.00000e+00  4.03012e-03  5.04540e-03
  8.40000e-03  1.23989e-06  2.51642e-03  4.99556e-03
  8.40000e-03  2.47977e-06  1.06587e-03  5.05821e-03
  8.40000e-03  3.71966e-06 -3.20904e-04  5.23931e-03
  8.40000e-03  4.95954e-06 -1.64327e-03  5.54480e-03
  8.40000e-03  6.19943e-06 -2.90059e-03  5.98063e-03
  8.40000e-03  7.43931e-06 -4.09226e-03  6.55274e-03
  8.40000e-03  8.67920e-06 -5.21764e-03  7.26707e-03
  8.40000e-03  9.91908e-06 -6.27610e-03  8.12959e-03
  8.40000e-03  1.11590e-05 -7.26701e-03  9.14623e-03
  8.40000e-03  1.23989e-05 -8.18975e-03  1.03229e-02
  8.40000e-03  1.36387e-05 -9.04370e-03  1.16657e-02
  8.40000e-03  1.48786e-05 -9.82821e-03  1.31803e-02
  8.40000e-03  1.61185e-05 -1.05427e-02  1.48729e-02
  8.40000e-03  1.73584e-05 -1.11865e-02  1.67494e-02
  8.40000e-03  1.85983e-05 -1.17589e-02  1.88156e-02
  8.40000e-03  1.98382e-05 -1.22595e-02  2.10776e-02
  8.40000e-03  2.10780e-05 -1.26874e-02  2.35413e-02
  8.40000e-03  2.23179e-05 -1.30422e-02  2.62126e-02
  8.40000e-03  2.35578e-05 -1.33232e-02  2.90976e-02
  8.40000e-03  2.47977e-05 -1.35297e-02  3.22020e-02
  8.40000e-03  2.60376e-05 -1.36611e-02  3.55320e-02
  8.40000e-03  2.72775e-05 -1.37169e-02  3.90933e-02
  8.40000e-03  2.85174e-05 -1.36963e-02  4.28920e-02
  8.40000e-03  2.97572e-05 -1.35987e-02  4.69341e-02
  8.40000e-03  3.09971e-05 -1.34236e-02  5.12254e-02

  9.80000e-03  0.00000e+00  4.37675e-03  5.79251e-03
  9.80000e-03  1.23989e-06  2.80937e-03  5.74379e-03
  9.80000e-03  2.47977e-06  1.30431e-03  5.80560e-03
  9.80000e-03  3.71966e-06 -1.37812e-04  5.98389e-03
  9.80000e-03  4.95954e-06 -1.51637e-03  6.28460e-03
  9.80000e-03  6.19943e-06 -2.83072e-03  6.71369e-03
  9.80000e-03  7.43931e-06 -4.08026e-03  7.27709e-03
  9.80000e-03  8.67920e-06 -5.26434e-03  7.98076e-03
  9.80000e-03  9.91908e-06 -6.38235e-03  8.83064e-03
  9.80000e-03  1.11590e-05 -7.43365e-03  9.83268e-03
  9.80000e-03  1.23989e-05 -8.41762e-03  1.09928e-02
  9.80000e-03  1.36387e-05 -9.33363e-03  1.23170e-02
  9.80000e-03  1.48786e-05 -1.01810e-02  1.38112e-02
  9.80000e-03  1.61185e-05 -1.09592e-02  1.54813e-02
  9.80000e-03  1.73584e-05 -1.16676e-02  1.73334e-02
  9.80000e-03  1.85983e-05 -1.23055e-02  1.93732e-02
  9.80000e-03  1.98382e-05 -1.28723e-02  2.16069e-02
  9.80000e-03  2.10780e-05 -1.33674e-02  2.40402e-02
  9.80000e-03  2.23179e-05 -1.37901e-02  2.66793e-02
  9.80000e-03  2.35578e-05 -1.41398e-02  2.95300e-02
  9.80000e-03  2.47977e-05 -1.44159e-02  3.25982e-02
  9.80000e-03  2.60376e-05 -1.46178e-02  3.58900e-02
  9.80000e-03  2.72775e-05 -1.47449e-02  3.94112e-02
  9.80000e-03  2.85174e-05 -1.47964e-02  4.31678e-02
  9.80000e-03  2.97572e-05 -1.47718e-02  4.71658e-02
  9.80000e-03  3.09971e-05 -1.46705e-02  5.14111e-02

  1.12000e-02  0.00000e+00  4.62665e-03  6.51572e-03
  1.12000e-02  1.23989e-06  3.01175e-03  6.46780e-03
  1.12000e-02  2.47977e-06  1.45852e-03  6.52834e-03
  1.12000e-02  3.71966e-06 -3.24176e-05  6.70328e-03
  1.12000e-02  4.95954e-06 -1.46043e-03  6.99857e-03
  1.12000e-02  6.19943e-06 -2.82488e-03  7.42015e-03
  1.12000e-02  7.43931e-06 -4.12515e-03  7.97397e-03
  1.12000e-02  8.67920e-06 -5.36062e-03  8.66598e-03
  1.12000e-02  9.91908e-06 -6.53064e-03  9.50213e-03
  1.12000e-02  1.11590e-05 -7.63461e-03  1.04884e-02
  1.12000e-02  1.23989e-05 -8.67188e-03  1.16306e-02
  1.12000e-02  1.36387e-05 -9.64184e-03  1.29348e-02
  1.12000e-02  1.48786e-05 -1.05438e-02  1.44070e-02
  1.12000e-02  1.61185e-05 -1.13773e-02  1.60530e-02
  1.12000e-02  1.73584e-05 -1.21415e-02  1.78788e-02
  1.12000e-02  1.85983e-05 -1.28359e-02  1.98904e-02
  1.12000e-02  1.98382e-05 -1.34599e-02  2.20937e-02
  1.12000e-02  2.10780e-05 -1.40127e-02  2.44946e-02
  1.12000e-02  2.23179e-05 -1.44939e-02  2.70992e-02
  1.12000e-02  2.35578e-05 -1.49027e-02  2.99133e-02
  1.12000e-02  2.47977e-05 -1.52386e-02  3.29428e-02
  1.12000e-02  2.60376e-05 -1.55008e-02  3.61939e-02
  1.12000e-02  2.72775e-05 -1.56889e-02  3.96723e-02
  1.12000e-02  2.85174e-05 -1.58021e-02  4.33840e-02
  1.12000e-02  2.97572e-05 -1.58398e-02  4.73350e-02
  1.12000e-02  3.09971e-05 -1.58014e-02  5.15312e-02

  1.26000e-02  0.00000e+00  4.77930e-03  7.21553e-03
  1.26000e-02  1.23989e-06  3.12294e-03  7.16854e-03
  1.26000e-02  2.47977e-06  1.52780e-03  7.22782e-03
  1.26000e-02  3.71966e-06 -5.48548e-06  7.39932e-03
  1.26000e-02  4.95954e-06 -1.47629e-03  7.68897e-03
  1.26000e-02  6.19943e-06 -2.88398e-03  8.10273e-03
  1.26000e-02  7.43931e-06 -4.22794e-03  8.64654e-03
  1.26000e-02  8.67920e-06 -5.50754e-03  9.32634e-03
  1.26000e-02  9.91908e-06 -6.72214e-03  1.01481e-02
  1.26000e-02  1.11590e-05 -7.87113e-03  1.11177e-02
  1.26000e-02  1.23989e-05 -8.95387e-03  1.22412e-02
  1.26000e-02  1.36387e-05 -9.96974e-03  1.35245e-02
  1.26000e-02  1.48786e-05 -1.09181e-02  1.49735e-02
  1.26000e-02  1.61185e-05 -1.17983e-02  1.65941e-02
  1.26000e-02  1.73584e-05 -1.26098e-02  1.83924e-02
  1.26000e-02  1.85983e-05 -1.33519e-02  2.03743e-02
  1.26000e-02  1.98382e-05 -1.40240e-02  2.25457e-02
  1.26000e-02  2.10780e-05 -1.46255e-02  2.49125e-02
  1.26000e-02  2.23179e-05 -1.51557e-02  2.74808e-02
  1.26000e-02  2.35578e-05 -1.56139e-02  3.02564e-02
  1.26000e-02  2.47977e-05 -1.59997e-02  3.32453e-02
  1.26000e-02  2.60376e-05 -1.63123e-02  3.64535e-02
  1.26000e-02  2.72775e-05 -1.65512e-02  3.98868e-02
  1.26000e-02  2.85174e-05 -1.67156e-02  4.35513e-02
  1.26000e-02  2.97572e-05 -1.68051e-02  4.74529e-02
  1.26000e-02  3.09971e-05 -1.68188e-02  5.15975e-02

  1.40000e-02  0.00000e+00  4.83464e-03  7.89223e-03
  1.40000e-02  1.23989e-06  3.14286e-03  7.84680e-03
  1.40000e-02  2.47977e-06  1.51207e-03  7.90533e-03
  1.40000e-02  3.71966e-06 -5.71215e-05  8.07377e-03
  1.40000e-02  4.95954e-06 -1.56408e-03  8.35807e-03
  1.40000e-02  6.19943e-06 -3.00818e-03  8.76417e-03
  1.40000e-02  7.43931e-06 -4.38879e-03  9.29803e-03
  1.40000e-02  8.67920e-06 -5.70528e-03  9.96557e-03
  1.40000e-02  9.91908e-06 -6.95703e-03  1.07728e-02
  1.40000e-02  1.11590e-05 -8.14342e-03  1.17255e-02
  1.40000e-02  1.23989e-05 -9.26380e-03  1.28299e-02
  1.40000e-02  1.36387e-05 -1.03176e-02  1.40917e-02
  1.40000e-02  1.48786e-05 -1.13041e-02  1.55169e-02
  1.40000e-02  1.61185e-05 -1.22227e-02  1.71115e-02
  1.40000e-02  1.73584e-05 -1.30728e-02  1.88814e-02
  1.40000e-02  1.85983e-05 -1.38538e-02  2.08326e-02
  1.40000e-02  1.98382e-05 -1.45650e-02  2.29710e-02
  1.40000e-02  2.10780e-05 -1.52059e-02  2.53026e-02
  1.40000e-02  2.23179e-05 -1.57757e-02  2.78332e-02
  1.40000e-02  2.35578e-05 -1.62738e-02  3.05690e-02
  1.40000e-02  2.47977e-05 -1.66997e-02  3.35157e-02
  1.40000e-02  2.60376e-05 -1.70528e-02  3.66794e-02
  1.40000e-02  2.72775e-05 -1.73322e-02  4.00659e-02
  1.40000e-02  2.85174e-05 -1.75375e-02  4.36813e-02
  1.40000e-02  2.97572e-05 -1.76681e-02  4.75315e-02
  1.40000e-02  3.09971e-05 -1.77232e-02  5.16225e-02

  1.54000e-02  0.00000e+00  4.79318e-03  8.54599e-03
  1.54000e-02  1.23989e-06  3.07210e-03  8.50326e-03
  1.54000e-02  2.47977e-06  1.41194e-03  8.56208e-03
  1.54000e-02  3.71966e-06 -1.86661e-04  8.72839e-03
  1.54000e-02  4.95954e-06 -1.72308e-03  9.00815e-03
  1.54000e-02  6.19943e-06 -3.19669e-03  9.40729e-03
  1.54000e-02  7.43931e-06 -4.60687e-03  9.93178e-03
  1.54000e-02  8.67920e-06 -5.95298e-03  1.05875e-02
  1.54000e-02  9.91908e-06 -7.23441e-03  1.13805e-02
  1.54000e-02  1.11590e-05 -8.45051e-03  1.23167e-02
  1.54000e-02  1.23989e-05 -9.60067e-03  1.34020e-02
  1.54000e-02  1.36387e-05 -1.06843e-02  1.46423e-02
  1.54000e-02  1.48786e-05 -1.17006e-02  1.60437e-02
  1.54000e-02  1.61185e-05 -1.26492e-02  1.76120e-02
  1.54000e-02  1.73584e-05 -1.35293e-02  1.93533e-02
  1.54000e-02  1.85983e-05 -1.43403e-02  2.12734e-02
  1.54000e-02  1.98382e-05 -1.50816e-02  2.33783e-02
  1.54000e-02  2.10780e-05 -1.57526e-02  2.56739e-02
  1.54000e-02  2.23179e-05 -1.63526e-02  2.81662e-02
  1.54000e-02  2.35578e-05 -1.68810e-02  3.08612e-02
  1.54000e-02  2.47977e-05 -1.73372e-02  3.37648e-02
  1.54000e-02  2.60376e-05 -1.77205e-02  3.68828e-02
  1.54000e-02  2.72775e-05 -1.80304e-02  4.02214e-02
  1.54000e-02  2.85174e-05 -1.82661e-02  4.37864e-02
  1.54000e-02  2.97572e-05 -1.84272e-02  4.75838e-02
  1.54000e-02  3.09971e-05 -1.85128e-02  5.16195e-02

  1.68000e-02  0.00000e+00  4.65618e-03  9.17682e-03
  1.68000e-02  1.23989e-06  2.91200e-03  9.13851e-03
  1.68000e-02  2.47977e-06  1.22889e-03  9.19923e-03
  1.68000e-02  3.71966e-06 -3.92514e-04  9.36492e-03
  1.68000e-02  4.95954e-06 -1.95159e-03  9.64152e-03
  1.68000e-02  6.19943e-06 -3.44772e-03  1.00350e-02
  1.68000e-02  7.43931e-06 -4.88027e-03  1.05513e-02
  1.68000e-02  8.67920e-06 -6.24860e-03  1.11963e-02
  1.68000e-02  9.91908e-06 -7.55210e-03  1.19760e-02
  1.68000e-02  1.11590e-05 -8.79014e-03  1.28964e-02
  1.68000e-02  1.23989e-05 -9.96209e-03  1.39634e-02
  1.68000e-02  1.36387e-05 -1.10673e-02  1.51829e-02
  1.68000e-02  1.48786e-05 -1.21052e-02  1.65609e-02
  1.68000e-02  1.61185e-05 -1.30751e-02  1.81033e-02
  1.68000e-02  1.73584e-05 -1.39764e-02  1.98161e-02
  1.68000e-02  1.85983e-05 -1.48085e-02  2.17053e-02
  1.68000e-02  1.98382e-05 -1.55707e-02  2.37767e-02
  1.68000e-02  2.10780e-05 -1.62624e-02  2.60363e-02
  1.68000e-02  2.23179e-05 -1.68831e-02  2.84901e-02
  1.68000e-02  2.35578e-05 -1.74320e-02  3.11441e-02
  1.68000e-02  2.47977e-05 -1.79085e-02  3.40040e-02
  1.68000e-02  2.60376e-05 -1.83120e-02  3.70760e-02
  1.68000e-02  2.72775e-05 -1.86419e-02  4.03660e-02
  1.68000e-02  2.85174e-05 -1.88976e-02  4.38798e-02
  1.68000e-02  2.97572e-05 -1.90784e-02  4.76235e-02
  1.68000e-02  3.09971e-05 -1.91837e-02  5.16029e-02

  1.82000e-02  0.00000e+00  4.42581e-03  9.78466e-03
  1.82000e-02  1.23989e-06  2.66493e-03  9.75313e-03
  1.82000e-02  2.47977e-06  9.65461e-04  9.81797e-03
  1.82000e-02  3.71966e-06 -6.71967e-04  9.98515e-03
  1.82000e-02  4.95954e-06 -2.24673e-03  1.02606e-02
  1.82000e-02  6.19943e-06 -3.75819e-03  1.06503e-02
  1.82000e-02  7.43931e-06 -5.20573e-03  1.11601e-02
  1.82000e-02  8.67920e-06 -6.58872e-03  1.17961e-02
  1.82000e-02  9.91908e-06 -7.90653e-03  1.25641e-02
  1.82000e-02  1.11590e-05 -9.15853e-03  1.34701e-02
  1.82000e-02  1.23989e-05 -1.03441e-02  1.45201e-02
  1.82000e-02  1.36387e-05 -1.14626e-02  1.57200e-02
  1.82000e-02  1.48786e-05 -1.25134e-02  1.70758e-02
  1.82000e-02  1.61185e-05 -1.34959e-02  1.85933e-02
  1.82000e-02  1.73584e-05 -1.44095e-02  2.02786e-02
  1.82000e-02  1.85983e-05 -1.52535e-02  2.21375e-02
  1.82000e-02  1.98382e-05 -1.60273e-02  2.41761e-02
  1.82000e-02  2.10780e-05 -1.67303e-02  2.64003e-02
  1.82000e-02  2.23179e-05 -1.73618e-02  2.88160e-02
  1.82000e-02  2.35578e-05 -1.79212e-02  3.14292e-02
  1.82000e-02  2.47977e-05 -1.84079e-02  3.42458e-02
  1.82000e-02  2.60376e-05 -1.88213e-02  3.72718e-02
  1.82000e-02  2.72775e-05 -1.91608e-02  4.05131e-02
  1.82000e-02  2.85174e-05 -1.94256e-02  4.39756e-02
  1.82000e-02  2.97572e-05 -1.96152e-02  4.76654e-02
  1.82000e-02  3.09971e-05 -1.97290e-02  5.15883e-02

  1.96000e-02  0.00000e+00  4.10544e-03  1.03694e-02
  1.96000e-02  1.23989e-06  2.33448e-03  1.03477e-02
  1.96000e-02  2.47977e-06  6.25478e-04  1.04195e-02
  1.96000e-02  3.71966e-06 -1.02094e-03  1.05910e-02
  1.96000e-02  4.95954e-06 -2.60416e-03  1.08679e-02
  1.96000e-02  6.19943e-06 -4.12354e-03  1.12564e-02
  1.96000e-02  7.43931e-06 -5.57846e-03  1.17622e-02
  1.96000e-02  8.67920e-06 -6.96828e-03  1.23915e-02
  1.96000e-02  9.91908e-06 -8.29239e-03  1.31500e-02
  1.96000e-02  1.11590e-05 -9.55016e-03  1.40438e-02
  1.96000e-02  1.23989e-05 -1.07410e-02  1.50788e-02
  1.96000e-02  1.36387e-05 -1.18641e-02  1.62609e-02
  1.96000e-02  1.48786e-05 -1.29191e-02  1.75962e-02
  1.96000e-02  1.61185e-05 -1.39052e-02  1.90905e-02
  1.96000e-02  1.73584e-05 -1.48219e-02  2.07497e-02
  1.96000e-02  1.85983e-05 -1.56684e-02  2.25800e-02
  1.96000e-02  1.98382e-05 -1.64442e-02  2.45871e-02
  1.96000e-02  2.10780e-05 -1.71486e-02  2.67770e-02
  1.96000e-02  2.23179e-05 -1.77810e-02  2.91557e-02
  1.96000e-02  2.35578e-05 -1.83408e-02  3.17291e-02
  1.96000e-02  2.47977e-05 -1.88274e-02  3.45032e-02
  1.96000e-02  2.60376e-05 -1.92400e-02  3.74839e-02
  1.96000e-02  2.72775e-05 -1.95782e-02  4.06772e-02
  1.96000e-02  2.85174e-05 -1.98413e-02  4.40890e-02
  1.96000e-02  2.97572e-05 -2.00286e-02  4.77252e-02
  1.96000e-02  3.09971e-05 -2.01395e-02  5.15918e-02

  2.10000e-02  0.00000e+00  3.69986e-03  1.09310e-02
  2.10000e-02  1.23989e-06  1.92577e-03  1.09227e-02
  2.10000e-02  2.47977e-06  2.14369e-04  1.10052e-02
  2.10000e-02  3.71966e-06 -1.43372e-03  1.11844e-02
  2.10000e-02  4.95954e-06 -3.01786e-03  1.14662e-02
  2.10000e-02  6.19943e-06 -4.53743e-03  1.18567e-02
  2.10000e-02  7.43931e-06 -5.99180e-03  1.23617e-02
  2.10000e-02  8.67920e-06 -7.38034e-03  1.29872e-02
  2.10000e-02  9.91908e-06 -8.70244e-03  1.37392e-02
  2.10000e-02  1.11590e-05 -9.95745e-03  1.46235e-02
  2.10000e-02  1.23989e-05 -1.11448e-02  1.56462e-02
  2.10000e-02  1.36387e-05 -1.22637e-02  1.68132e-02
  2.10000e-02  1.48786e-05 -1.33137e-02  1.81304e-02
  2.10000e-02  1.61185e-05 -1.42941e-02  1.96038e-02
  2.10000e-02  1.73584e-05 -1.52043e-02  2.12394e-02
  2.10000e-02  1.85983e-05 -1.60437e-02  2.30430e-02
  2.10000e-02  1.98382e-05 -1.68116e-02  2.50206e-02
  2.10000e-02  2.10780e-05 -1.75073e-02  2.71782e-02
  2.10000e-02  2.23179e-05 -1.81304e-02  2.95216e-02
  2.10000e-02  2.35578e-05 -1.86801e-02  3.20570e-02
  2.10000e-02  2.47977e-05 -1.91558e-02  3.47902e-02
  2.10000e-02  2.60376e-05 -1.95569e-02  3.77271e-02
  2.10000e-02  2.72775e-05 -1.98828e-02  4.08737e-02
  2.10000e-02  2.85174e-05 -2.01328e-02  4.42359e-02
  2.10000e-02  2.97572e-05 -2.03063e-02  4.78198e-02
  2.10000e-02  3.09971e-05 -2.04027e-02  5.16312e-02

  2.24000e-02  0.00000e+00  3.21568e-03  1.14693e-02
  2.24000e-02  1.23989e-06  1.44576e-03  1.14789e-02
  2.24000e-02  2.47977e-06 -2.60525e-04  1.15763e-02
  2.24000e-02  3.71966e-06 -1.90257e-03  1.17675e-02
  2.24000e-02  4.95954e-06 -3.47973e-03  1.20583e-02
  2.24000e-02  6.19943e-06 -4.99140e-03  1.24548e-02
  2.24000e-02  7.43931e-06 -6.43693e-03  1.29629e-02
  2.24000e-02  8.67920e-06 -7.81570e-03  1.35885e-02
  2.24000e-02  9.91908e-06 -9.12709e-03  1.43375e-02
  2.24000e-02  1.11590e-05 -1.03705e-02  1.52160e-02
  2.24000e-02  1.23989e-05 -1.15452e-02  1.62299e-02
  2.24000e-02  1.36387e-05 -1.26507e-02  1.73850e-02
  2.24000e-02  1.48786e-05 -1.36862e-02  1.86874e-02
  2.24000e-02  1.61185e-05 -1.46513e-02  2.01430e-02
  2.24000e-02  1.73584e-05 -1.55452e-02  2.17578e-02
  2.24000e-02  1.85983e-05 -1.63673e-02  2.35377e-02
  2.24000e-02  1.98382e-05 -1.71170e-02  2.54886e-02
  2.24000e-02  2.10780e-05 -1.77937e-02  2.76165e-02
  2.24000e-02  2.23179e-05 -1.83967e-02  2.99273e-02
  2.24000e-02  2.35578e-05 -1.89254e-02  3.24270e-02
  2.24000e-02  2.47977e-05 -1.93792e-02  3.51215e-02
  2.24000e-02  2.60376e-05 -1.97575e-02  3.80169e-02
  2.24000e-02  2.72775e-05 -2.00596e-02  4.11189e-02
  2.24000e-02  2.85174e-05 -2.02849e-02  4.44336e-02
  2.24000e-02  2.97572e-05 -2.04328e-02  4.79669e-02
  2.24000e-02  3.09971e-05 -2.05026e-02  5.17248e-02

  2.38000e-02  0.00000e+00  2.66166e-03  1.19842e-02
  2.38000e-02  1.23989e-06  9.03668e-04  1.20170e-02
  2.38000e-02  2.47977e-06 -7.89570e-04  1.21346e-02
  2.38000e-02  3.71966e-06 -2.41743e-03  1.23427e-02
  2.38000e-02  4.95954e-06 -3.97929e-03  1.26475e-02
  2.38000e-02  6.19943e-06 -5.47451e-03  1.30548e-02
  2.38000e-02  7.43931e-06 -6.90247e-03  1.35706e-02
  2.38000e-02  8.67920e-06 -8.26254e-03  1.42008e-02
  2.38000e-02  9.91908e-06 -9.55410e-03  1.49514e-02
  2.38000e-02  1.11590e-05 -1.07765e-02  1.58284e-02
  2.38000e-02  1.23989e-05 -1.19292e-02  1.68376e-02
  2.38000e-02  1.36387e-05 -1.30114e-02  1.79850e-02
  2.38000e-02  1.48786e-05 -1.40226e-02  1.92766e-02
  2.38000e-02  1.61185e-05 -1.49622e-02  2.07183e-02
  2.38000e-02  1.73584e-05 -1.58295e-02  2.23161e-02
  2.38000e-02  1.85983e-05 -1.66239e-02  2.40759e-02
  2.38000e-02  1.98382e-05 -1.73447e-02  2.60037e-02
  2.38000e-02  2.10780e-05 -1.79914e-02  2.81053e-02
  2.38000e-02  2.23179e-05 -1.85633e-02  3.03868e-02
  2.38000e-02  2.35578e-05 -1.90598e-02  3.28541e-02
  2.38000e-02  2.47977e-05 -1.94802e-02  3.55131e-02
  2.38000e-02  2.60376e-05 -1.98240e-02  3.83698e-02
  2.38000e-02  2.72775e-05 -2.00904e-02  4.14302e-02
  2.38000e-02  2.85174e-05 -2.02790e-02  4.47001e-02
  2.38000e-02  2.97572e-05 -2.03890e-02  4.81856e-02
  2.38000e-02  3.09971e-05 -2.04197e-02  5.18925e-02

  2.52000e-02  0.00000e+00  2.04915e-03  1.24760e-02
  2.52000e-02  1.23989e-06  3.11326e-04  1.25381e-02
  2.52000e-02  2.47977e-06 -1.36042e-03  1.26816e-02
  2.52000e-02  3.71966e-06 -2.96546e-03  1.29126e-02
  2.52000e-02  4.95954e-06 -4.50317e-03  1.32371e-02
  2.52000e-02  6.19943e-06 -5.97292e-03  1.36608e-02
  2.52000e-02  7.43931e-06 -7.37408e-03  1.41898e-02
  2.52000e-02  8.67920e-06 -8.70603e-03  1.48301e-02
  2.52000e-02  9.91908e-06 -9.96813e-03  1.55876e-02
  2.52000e-02  1.11590e-05 -1.11598e-02  1.64681e-02
  2.52000e-02  1.23989e-05 -1.22803e-02  1.74778e-02
  2.52000e-02  1.36387e-05 -1.33291e-02  1.86225e-02
  2.52000e-02  1.48786e-05 -1.43056e-02  1.99081e-02
  2.52000e-02  1.61185e-05 -1.52091e-02  2.13407e-02
  2.52000e-02  1.73584e-05 -1.60390e-02  2.29261e-02
  2.52000e-02  1.85983e-05 -1.67946e-02  2.46703e-02
  2.52000e-02  1.98382e-05 -1.74754e-02  2.65793e-02
  2.52000e-02  2.10780e-05 -1.80807e-02  2.86590e-02
  2.52000e-02  2.23179e-05 -1.86099e-02  3.09153e-02
  2.52000e-02  2.35578e-05 -1.90623e-02  3.33542e-02
  2.52000e-02  2.47977e-05 -1.94374e-02  3.59817e-02
  2.52000e-02  2.60376e-05 -1.97344e-02  3.88036e-02
  2.52000e-02  2.72775e-05 -1.99529e-02  4.18260e-02
  2.52000e-02  2.85174e-05 -2.00921e-02  4.50548e-02
  2.52000e-02  2.97572e-05 -2.01514e-02  4.84959e-02
  2.52000e-02  3.09971e-05 -2.01302e-02  5.21552e-02

  2.66000e-02  0.00000e+00  1.39254e-03  1.29449e-02
  2.66000e-02  1.23989e-06 -3.16305e-04  1.30431e-02
  2.66000e-02  2.47977e-06 -1.95755e-03  1.32196e-02
  2.66000e-02  3.71966e-06 -3.53057e-03  1.34802e-02
  2.66000e-02  4.95954e-06 -5.03473e-03  1.38308e-02
  2.66000e-02  6.19943e-06 -6.46941e-03  1.42775e-02
  2.66000e-02  7.43931e-06 -7.83398e-03  1.48262e-02
  2.66000e-02  8.67920e-06 -9.12781e-03  1.54828e-02
  2.66000e-02  9.91908e-06 -1.03503e-02  1.62532e-02
  2.66000e-02  1.11590e-05 -1.15008e-02  1.71435e-02
  2.66000e-02  1.23989e-05 -1.25786e-02  1.81596e-02
  2.66000e-02  1.36387e-05 -1.35832e-02  1.93073e-02
  2.66000e-02  1.48786e-05 -1.45140e-02  2.05927e-02
  2.66000e-02  1.61185e-05 -1.53702e-02  2.20217e-02
  2.66000e-02  1.73584e-05 -1.61513e-02  2.36002e-02
  2.66000e-02  1.85983e-05 -1.68566e-02  2.53343e-02
  2.66000e-02  1.98382e-05 -1.74856e-02  2.72298e-02
  2.66000e-02  2.10780e-05 -1.80375e-02  2.92926e-02
  2.66000e-02  2.23179e-05 -1.85119e-02  3.15288e-02
  2.66000e-02  2.35578e-05 -1.89079e-02  3.39443e-02
  2.66000e-02  2.47977e-05 -1.92250e-02  3.65450e-02
  2.66000e-02  2.60376e-05 -1.94627e-02  3.93369e-02
  2.66000e-02  2.72775e-05 -1.96202e-02  4.23259e-02
  2.66000e-02  2.85174e-05 -1.96969e-02  4.55180e-02
  2.66000e-02  2.97572e-05 -1.96922e-02  4.89190e-02
  2.66000e-02  3.09971e-05 -1.96054e-02  5.25351e-02

  2.80000e-02  0.00000e+00  7.09782e-04  1.33913e-02
  2.80000e-02  1.23989e-06 -9.60647e-04  1.35336e-02
  2.80000e-02  2.47977e-06 -2.56176e-03  1.37507e-02
  2.80000e-02  3.71966e-06 -4.09292e-03  1.40485e-02
  2.80000e-02  4.95954e-06 -5.55350e-03  1.44330e-02
  2.80000e-02  6.19943e-06 -6.94289e-03  1.49100e-02
  2.80000e-02  7.43931e-06 -8.26044e-03  1.54856e-02
  2.80000e-02  8.67920e-06 -9.50554e-03  1.61657e-02
  2.80000e-02  9.91908e-06 -1.06776e-02  1.69563e-02
  2.80000e-02  1.11590e-05 -1.17759e-02  1.78632e-02
  2.80000e-02  1.23989e-05 -1.27998e-02  1.88925e-02
  2.80000e-02  1.36387e-05 -1.37488e-02  2.00501e-02
  2.80000e-02  1.48786e-05 -1.46222e-02  2.13419e-02
  2.80000e-02  1.61185e-05 -1.54194e-02  2.27738e-02
  2.80000e-02  1.73584e-05 -1.61397e-02  2.43519e-02
  2.80000e-02  1.85983e-05 -1.67826e-02  2.60821e-02
  2.80000e-02  1.98382e-05 -1.73473e-02  2.79702e-02
  2.80000e-02  2.10780e-05 -1.78333e-02  3.00223e-02
  2.80000e-02  2.23179e-05 -1.82400e-02  3.22444e-02
  2.80000e-02  2.35578e-05 -1.85666e-02  3.46423e-02
  2.80000e-02  2.47977e-05 -1.88127e-02  3.72220e-02
  2.80000e-02  2.60376e-05 -1.89775e-02  3.99894e-02
  2.80000e-02  2.72775e-05 -1.90605e-02  4.29505e-02
  2.80000e-02  2.85174e-05 -1.90609e-02  4.61113e-02
  2.80000e-02  2.97572e-05 -1.89782e-02  4.94777e-02
  2.80000e-02  3.09971e-05 -1.88118e-02  5.30556e-02

  2.94000e-02  0.00000e+00  2.29280e-05  1.38159e-02
  2.94000e-02  1.23989e-06 -1.59895e-03  1.40112e-02
  2.94000e-02  2.47977e-06 -3.14960e-03  1.42776e-02
  2.94000e-02  3.71966e-06 -4.62838e-03  1.46213e-02
  2.94000e-02  4.95954e-06 -6.03467e-03  1.50480e-02
  2.94000e-02  6.19943e-06 -7.36784e-03  1.55638e-02
  2.94000e-02  7.43931e-06 -8.62726e-03  1.61746e-02
  2.94000e-02  8.67920e-06 -9.81231e-03  1.68864e-02
  2.94000e-02  9.91908e-06 -1.09224e-02  1.77051e-02
  2.94000e-02  1.11590e-05 -1.19568e-02  1.86366e-02
  2.94000e-02  1.23989e-05 -1.29149e-02  1.96870e-02
  2.94000e-02  1.36387e-05 -1.37962e-02  2.08621e-02
  2.94000e-02  1.48786e-05 -1.46000e-02  2.21678e-02
  2.94000e-02  1.61185e-05 -1.53256e-02  2.36102e-02
  2.94000e-02  1.73584e-05 -1.59725e-02  2.51952e-02
  2.94000e-02  1.85983e-05 -1.65400e-02  2.69288e-02
  2.94000e-02  1.98382e-05 -1.70274e-02  2.88168e-02
  2.94000e-02  2.10780e-05 -1.74342e-02  3.08652e-02
  2.94000e-02  2.23179e-05 -1.77597e-02  3.30800e-02
  2.94000e-02  2.35578e-05 -1.80033e-02  3.54671e-02
  2.94000e-02  2.47977e-05 -1.81644e-02  3.80325e-02
  2.94000e-02  2.60376e-05 -1.82424e-02  4.07820e-02
  2.94000e-02  2.72775e-05 -1.82365e-02  4.37218e-02
  2.94000e-02  2.85174e-05 -1.81462e-02  4.68576e-02
  2.94000e-02  2.97572e-05 -1.79709e-02  5.01955e-02
  2.94000e-02  3.09971e-05 -1.77100e-02  5.37414e-02

  3.08000e-02  0.00000e+00 -6.41268e-04  1.42198e-02
  3.08000e-02  1.23989e-06 -2.20371e-03  1.44778e-02
  3.08000e-02  2.47977e-06 -3.69281e-03  1.48034e-02
  3.08000e-02  3.71966e-06 -5.10793e-03  1.52024e-02
  3.08000e-02  4.95954e-06 -6.44844e-03  1.56810e-02
  3.08000e-02  6.19943e-06 -7.71372e-03  1.62449e-02
  3.08000e-02  7.43931e-06 -8.90314e-03  1.69002e-02
  3.08000e-02  8.67920e-06 -1.00161e-02  1.76528e-02
  3.08000e-02  9.91908e-06 -1.10519e-02  1.85087e-02
  3.08000e-02  1.11590e-05 -1.20100e-02  1.94738e-02
  3.08000e-02  1.23989e-05 -1.28897e-02  2.05540e-02
  3.08000e-02  1.36387e-05 -1.36904e-02  2.17553e-02
  3.08000e-02  1.48786e-05 -1.44115e-02  2.30837e-02
  3.08000e-02  1.61185e-05 -1.50523e-02  2.45451e-02
  3.08000e-02  1.73584e-05 -1.56122e-02  2.61453e-02
  3.08000e-02  1.85983e-05 -1.60907e-02  2.78905e-02
  3.08000e-02  1.98382e-05 -1.64870e-02  2.97865e-02
  3.08000e-02  2.10780e-05 -1.68005e-02  3.18392e-02
  3.08000e-02  2.23179e-05 -1.70307e-02  3.40547e-02
  3.08000e-02  2.35578e-05 -1.71768e-02  3.64389e-02
  3.08000e-02  2.47977e-05 -1.72383e-02  3.89976e-02
  3.08000e-02  2.60376e-05 -1.72145e-02  4.17369e-02
  3.08000e-02  2.72775e-05 -1.71049e-02  4.46628e-02
  3.08000e-02  2.85174e-05 -1.69087e-02  4.77810e-02
  3.08000e-02  2.97572e-05 -1.66253e-02  5.10977e-02
  3.08000e-02  3.09971e-05 -1.62542e-02  5.46187e-02

  3.22000e-02  0.00000e+00 -1.25071e-03  1.46043e-02
  3.22000e-02  1.23989e-06 -2.74201e-03  1.49359e-02
  3.22000e-02  2.47977e-06 -4.15765e-03  1.53313e-02
  3.22000e-02  3.71966e-06 -5.49700e-03  1.57965e-02
  3.22000e-02  4.95954e-06 -6.75944e-03  1.63374e-02
  3.22000e-02  6.19943e-06 -7.94433e-03  1.69599e-02
  3.22000e-02  7.43931e-06 -9.05105e-03  1.76700e-02
  3.22000e-02  8.67920e-06 -1.00790e-02  1.84737e-02
  3.22000e-02  9.91908e-06 -1.10275e-02  1.93769e-02
  3.22000e-02  1.11590e-05 -1.18959e-02  2.03855e-02
  3.22000e-02  1.23989e-05 -1.26837e-02  2.15055e-02
  3.22000e-02  1.36387e-05 -1.33901e-02  2.27428e-02
  3.22000e-02  1.48786e-05 -1.40147e-02  2.41034e-02
  3.22000e-02  1.61185e-05 -1.45566e-02  2.55932e-02
  3.22000e-02  1.73584e-05 -1.50154e-02  2.72182e-02
  3.22000e-02  1.85983e-05 -1.53903e-02  2.89843e-02
  3.22000e-02  1.98382e-05 -1.56808e-02  3.08975e-02
  3.22000e-02  2.10780e-05 -1.58863e-02  3.29637e-02
  3.22000e-02  2.23179e-05 -1.60060e-02  3.51888e-02
  3.22000e-02  2.35578e-05 -1.60394e-02  3.75789e-02
  3.22000e-02  2.47977e-05 -1.59859e-02  4.01397e-02
  3.22000e-02  2.60376e-05 -1.58447e-02  4.28774e-02
  3.22000e-02  2.72775e-05 -1.56154e-02  4.57979e-02
  3.22000e-02  2.85174e-05 -1.52972e-02  4.89070e-02
  3.22000e-02  2.97572e-05 -1.48895e-02  5.22108e-02
  3.22000e-02  3.09971e-05 -1.43918e-02  5.57151e-02

  3.36000e-02  0.00000e+00 -1.76728e-03  1.49711e-02
  3.36000e-02  1.23989e-06 -3.17484e-03  1.53883e-02
  3.36000e-02  2.47977e-06 -4.50422e-03  1.58654e-02
  3.36000e-02  3.71966e-06 -5.75482e-03  1.64085e-02
  3.36000e-02  4.95954e-06 -6.92599e-03  1.70233e-02
  3.36000e-02  6.19943e-06 -8.01710e-03  1.77159e-02
  3.36000e-02  7.43931e-06 -9.02754e-03  1.84923e-02
  3.36000e-02  8.67920e-06 -9.95668e-03  1.93583e-02
  3.36000e-02  9.91908e-06 -1.08039e-02  2.03200e-02
  3.36000e-02  1.11590e-05 -1.15685e-02  2.13832e-02
  3.36000e-02  1.23989e-05 -1.22500e-02  2.25539e-02
  3.36000e-02  1.36387e-05 -1.28476e-02  2.38381e-02
  3.36000e-02  1.48786e-05 -1.33608e-02  2.52417e-02
  3.36000e-02  1.61185e-05 -1.37889e-02  2.67706e-02
  3.36000e-02  1.73584e-05 -1.41314e-02  2.84308e-02
  3.36000e-02  1.85983e-05 -1.43875e-02  3.02283e-02
  3.36000e-02  1.98382e-05 -1.45566e-02  3.21690e-02
  3.36000e-02  2.10780e-05 -1.46382e-02  3.42587e-02
  3.36000e-02  2.23179e-05 -1.46316e-02  3.65036e-02
  3.36000e-02  2.35578e-05 -1.45361e-02  3.89095e-02
  3.36000e-02  2.47977e-05 -1.43512e-02  4.14824e-02
  3.36000e-02  2.60376e-05 -1.40761e-02  4.42282e-02
  3.36000e-02  2.72775e-05 -1.37104e-02  4.71528e-02
  3.36000e-02  2.85174e-05 -1.32533e-02  5.02623e-02
  3.36000e-02  2.97572e-05 -1.27042e-02  5.35626e-02
  3.36000e-02  3.09971e-05 -1.20626e-02  5.70595e-02

  3.50000e-02  0.00000e+00 -2.14610e-03  1.53223e-02
  3.50000e-02  1.23989e-06 -3.45637e-03  1.58382e-02
  3.50000e-02  2.47977e-06 -4.68576e-03  1.64101e-02
  3.50000e-02  3.71966e-06 -5.83365e-03  1.70439e-02
  3.50000e-02  4.95954e-06 -6.89941e-03  1.77455e-02
  3.50000e-02  6.19943e-06 -7.88242e-03  1.85209e-02
  3.50000e-02  7.43931e-06 -8.78205e-03  1.93760e-02
  3.50000e-02  8.67920e-06 -9.59767e-03  2.03169e-02
  3.50000e-02  9.91908e-06 -1.03286e-02  2.13493e-02
  3.50000e-02  1.11590e-05 -1.09744e-02  2.24793e-02
  3.50000e-02  1.23989e-05 -1.15342e-02  2.37129e-02
  3.50000e-02  1.36387e-05 -1.20075e-02  2.50559e-02
  3.50000e-02  1.48786e-05 -1.23937e-02  2.65144e-02
  3.50000e-02  1.61185e-05 -1.26920e-02  2.80942e-02
  3.50000e-02  1.73584e-05 -1.29020e-02  2.98013e-02
  3.50000e-02  1.85983e-05 -1.30230e-02  3.16416e-02
  3.50000e-02  1.98382e-05 -1.30543e-02  3.36212e-02
  3.50000e-02  2.10780e-05 -1.29953e-02  3.57459e-02
  3.50000e-02  2.23179e-05 -1.28454e-02  3.80217e-02
  3.50000e-02  2.35578e-05 -1.26039e-02  4.04546e-02
  3.50000e-02  2.47977e-05 -1.22703e-02  4.30504e-02
  3.50000e-02  2.60376e-05 -1.18439e-02  4.58152e-02
  3.50000e-02  2.72775e-05 -1.13241e-02  4.87548e-02
  3.50000e-02  2.85174e-05 -1.07103e-02  5.18753e-02
  3.50000e-02  2.97572e-05 -1.00017e-02  5.51825e-02
  3.50000e-02  3.09971e-05 -9.19786e-03  5.86825e-02

