  0.00000e+00  0.00000e+00  0.00000e+00  0.00000e+00
  0.00000e+00  1.14694e-06 -1.21519e-04 -3.95438e-04
  0.00000e+00  2.29387e-06 -2.22555e-04 -7.50126e-04
  0.00000e+00  3.44081e-06 -3.00971e-04 -1.06342e-03
  0.00000e+00  4.58774e-06 -3.54633e-04 -1.33468e-03
  0.00000e+00  5.73468e-06 -3.81406e-04 -1.56325e-03
  0.00000e+00  6.88161e-06 -3.79156e-04 -1.74850e-03
  0.00000e+00  8.02855e-06 -3.45746e-04 -1.88978e-03
  0.00000e+00  9.17548e-06 -2.79042e-04 -1.98645e-03
  0.00000e+00  1.03224e-05 -1.76908e-04 -2.03786e-03
  0.00000e+00  1.14694e-05 -3.72106e-05 -2.04336e-03
  0.00000e+00  1.26163e-05  1.42186e-04 -2.00232e-03
  0.00000e+00  1.37632e-05  3.63417e-04 -1.91408e-03
  0.00000e+00  1.49102e-05  6.28618e-04 -1.77801e-03
  0.00000e+00  1.60571e-05  9.39923e-04 -1.59346e-03
  0.00000e+00  1.72040e-05  1.29947e-03 -1.35979e-03
  0.00000e+00  1.83510e-05  1.70939e-03 -1.07635e-03
  0.00000e+00  1.94979e-05  2.17181e-03 -7.42492e-04
  0.00000e+00  2.06448e-05  2.68889e-03 -3.57582e-04
  0.00000e+00  2.17918e-05  3.26274e-03  7.90283e-05
  0.00000e+00  2.29387e-05  3.89551e-03  5.67984e-04
  0.00000e+00  2.40856e-05  4.58932e-03  1.10993e-03
  0.00000e+00  2.52326e-05  5.34632e-03  1.70551e-03
  0.00000e+00  2.63795e-05  6.16865e-03  2.35536e-03
  0.00000e+00  2.75264e-05  7.05842e-03  3.06014e-03
  0.00000e+00  2.86734e-05  8.01779e-03  3.82048e-03

  1.23989e-06  0.00000e+00 -1.04994e-03 -8.26890e-05
  1.23989e-06  1.14694e-06 -1.06025e-03 -4.55861e-04
  1.23989e-06  2.29387e-06 -1.04770e-03 -7.85975e-04
  1.23989e-06  3.44081e-06 -1.01018e-03 -1.07239e-03
  1.23989e-06  4.58774e-06 -9.45543e-04 -1.31445e-03
  1.23989e-06  5.73468e-06 -8.51656e-04 -1.51153e-03
  1.23989e-06  6.88161e-06 -7.26383e-04 -1.66298e-03
  1.23989e-06  8.02855e-06 -5.67590e-04 -1.76814e-03
  1.23989e-06  9.17548e-06 -3.73141e-04 -1.82638e-03
  1.23989e-06  1.03224e-05 -1.40903e-04 -1.83706e-03
  1.23989e-06  1.14694e-05  1.31262e-04 -1.79952e-03
  1.23989e-06  1.26163e-05  4.45486e-04 -1.71313e-03
  1.23989e-06  1.37632e-05  8.03906e-04 -1.57724e-03
  1.23989e-06  1.49102e-05  1.20866e-03 -1.39121e-03
  1.23989e-06  1.60571e-05  1.66187e-03 -1.15439e-03
  1.23989e-06  1.72040e-05  2.16569e-03 -8.66136e-04
  1.23989e-06  1.83510e-05  2.72224e-03 -5.25808e-04
  1.23989e-06  1.94979e-05  3.33366e-03 -1.32759e-04
  1.23989e-06  2.06448e-05  4.00209e-03  3.13654e-04
  1.23989e-06  2.17918e-05  4.72966e-03  8.14076e-04
  1.23989e-06  2.29387e-05  5.51851e-03  1.36915e-03
  1.23989e-06  2.40856e-05  6.37076e-03  1.97952e-03
  1.23989e-06  2.52326e-05  7.28857e-03  2.64584e-03
  1.23989e-06  2.63795e-05  8.27405e-03  3.36873e-03
  1.23989e-06  2.75264e-05  9.32935e-03  4.14886e-03
  1.23989e-06  2.86734e-05  1.04566e-02  4.98686e-03

  2.47977e-06  0.00000e+00 -2.02757e-03 -4.34515e-05
  2.47977e-06  1.14694e-06 -1.92115e-03 -3.91804e-04
  2.47977e-06  2.29387e-06 -1.78953e-03 -6.94792e-04
  2.47977e-06  3.44081e-06 -1.63057e-03 -9.51770e-04
  2.47977e-06  4.58774e-06 -1.44213e-03 -1.16209e-03
  2.47977e-06  5.73468e-06 -1.22208e-03 -1.32512e-03
  2.47977e-06  6.88161e-06 -9.68287e-04 -1.44020e-03
  2.47977e-06  8.02855e-06 -6.78610e-04 -1.50670e-03
  2.47977e-06  9.17548e-06 -3.50917e-04 -1.52397e-03
  2.47977e-06  1.03224e-05  1.69282e-05 -1.49136e-03
  2.47977e-06  1.14694e-05  4.27060e-04 -1.40824e-03
  2.47977e-06  1.26163e-05  8.81613e-04 -1.27395e-03
  2.47977e-06  1.37632e-05  1.38272e-03 -1.08785e-03
  2.47977e-06  1.49102e-05  1.93252e-03 -8.49300e-04
  2.47977e-06  1.60571e-05  2.53315e-03 -5.57656e-04
  2.47977e-06  1.72040e-05  3.18674e-03 -2.12271e-04
  2.47977e-06  1.83510e-05  3.89543e-03  1.87497e-04
  2.47977e-06  1.94979e-05  4.66135e-03  6.42293e-04
  2.47977e-06  2.06448e-05  5.48663e-03  1.15276e-03
  2.47977e-06  2.17918e-05  6.37342e-03  1.71955e-03
  2.47977e-06  2.29387e-05  7.32384e-03  2.34330e-03
  2.47977e-06  2.40856e-05  8.34004e-03  3.02465e-03
  2.47977e-06  2.52326e-05  9.42414e-03  3.76425e-03
  2.47977e-06  2.63795e-05  1.05783e-02  4.56274e-03
  2.47977e-06  2.75264e-05  1.18046e-02  5.42077e-03
  2.47977e-06  2.86734e-05  1.31052e-02  6.33899e-03

  3.71966e-06  0.00000e+00 -2.93224e-03  1.23659e-04
  3.71966e-06  1.14694e-06 -2.70361e-03 -1.97323e-04
  3.71966e-06  2.29387e-06 -2.44741e-03 -4.70631e-04
  3.71966e-06  3.44081e-06 -2.16151e-03 -6.95622e-04
  3.71966e-06  4.58774e-06 -1.84377e-03 -8.71650e-04
  3.71966e-06  5.73468e-06 -1.49206e-03 -9.98073e-04
  3.71966e-06  6.88161e-06 -1.10424e-03 -1.07425e-03
  3.71966e-06  8.02855e-06 -6.78179e-04 -1.09952e-03
  3.71966e-06  9.17548e-06 -2.11740e-04 -1.07326e-03
  3.71966e-06  1.03224e-05  2.97212e-04 -9.94820e-04
  3.71966e-06  1.14694e-05  8.50811e-04 -8.63550e-04
  3.71966e-06  1.26163e-05  1.45119e-03 -6.78808e-04
  3.71966e-06  1.37632e-05  2.10049e-03 -4.39951e-04
  3.71966e-06  1.49102e-05  2.80085e-03 -1.46335e-04
  3.71966e-06  1.60571e-05  3.55439e-03  2.02686e-04
  3.71966e-06  1.72040e-05  4.36325e-03  6.07754e-04
  3.71966e-06  1.83510e-05  5.22957e-03  1.06951e-03
  3.71966e-06  1.94979e-05  6.15549e-03  1.58861e-03
  3.71966e-06  2.06448e-05  7.14313e-03  2.16569e-03
  3.71966e-06  2.17918e-05  8.19463e-03  2.80139e-03
  3.71966e-06  2.29387e-05  9.31214e-03  3.49636e-03
  3.71966e-06  2.40856e-05  1.04978e-02  4.25125e-03
  3.71966e-06  2.52326e-05  1.17537e-02  5.06669e-03
  3.71966e-06  2.63795e-05  1.30820e-02  5.94333e-03
  3.71966e-06  2.75264e-05  1.44848e-02  6.88182e-03
  3.71966e-06  2.86734e-05  1.59643e-02  7.88280e-03

  4.95954e-06  0.00000e+00 -3.76335e-03  4.24589e-04
  4.95954e-06  1.14694e-06 -3.40700e-03  1.33531e-04
  4.95954e-06  2.29387e-06 -3.02072e-03 -1.07546e-04
  4.95954e-06  3.44081e-06 -2.60237e-03 -2.97997e-04
  4.95954e-06  4.58774e-06 -2.14983e-03 -4.37177e-04
  4.95954e-06  5.73468e-06 -1.66096e-03 -5.24444e-04
  4.95954e-06  6.88161e-06 -1.13362e-03 -5.59153e-04
  4.95954e-06  8.02855e-06 -5.65670e-04 -5.40659e-04
  4.95954e-06  9.17548e-06  4.50157e-05 -4.68318e-04
  4.95954e-06  1.03224e-05  7.00575e-04 -3.41487e-04
  4.95954e-06  1.14694e-05  1.40314e-03 -1.59520e-04
  4.95954e-06  1.26163e-05  2.15485e-03  7.82260e-05
  4.95954e-06  1.37632e-05  2.95785e-03  3.72395e-04
  4.95954e-06  1.49102e-05  3.81425e-03  7.23632e-04
  4.95954e-06  1.60571e-05  4.72620e-03  1.13258e-03
  4.95954e-06  1.72040e-05  5.69584e-03  1.59989e-03
  4.95954e-06  1.83510e-05  6.72530e-03  2.12619e-03
  4.95954e-06  1.94979e-05  7.81671e-03  2.71214e-03
  4.95954e-06  2.06448e-05  8.97221e-03  3.35838e-03
  4.95954e-06  2.17918e-05  1.01939e-02  4.06555e-03
  4.95954e-06  2.29387e-05  1.14840e-02  4.83430e-03
  4.95954e-06  2.40856e-05  1.28446e-02  5.66527e-03
  4.95954e-06  2.52326e-05  1.42778e-02  6.55910e-03
  4.95954e-06  2.63795e-05  1.57858e-02  7.51645e-03
  4.95954e-06  2.75264e-05  1.73706e-02  8.53794e-03
  4.95954e-06  2.86734e-05  1.90345e-02  9.62424e-03

  6.19943e-06  0.00000e+00 -4.52025e-03  8.65284e-04
  6.19943e-06  1.14694e-06 -4.03068e-03  6.06702e-04
  6.19943e-06  2.29387e-06 -3.50882e-03  4.00410e-04
  6.19943e-06  3.44081e-06 -2.95254e-03  2.47052e-04
  6.19943e-06  4.58774e-06 -2.35969e-03  1.47271e-04
  6.19943e-06  5.73468e-06 -1.72815e-03  1.01713e-04
  6.19943e-06  6.88161e-06 -1.05579e-03  1.11021e-04
  6.19943e-06  8.02855e-06 -3.40454e-04  1.75840e-04
  6.19943e-06  9.17548e-06  4.19978e-04  2.96813e-04
  6.19943e-06  1.03224e-05  1.22765e-03  4.74585e-04
  6.19943e-06  1.14694e-05  2.08468e-03  7.09801e-04
  6.19943e-06  1.26163e-05  2.99323e-03  1.00310e-03
  6.19943e-06  1.37632e-05  3.95541e-03  1.35514e-03
  6.19943e-06  1.49102e-05  4.97337e-03  1.76655e-03
  6.19943e-06  1.60571e-05  6.04923e-03  2.23798e-03
  6.19943e-06  1.72040e-05  7.18515e-03  2.77007e-03
  6.19943e-06  1.83510e-05  8.38324e-03  3.36347e-03
  6.19943e-06  1.94979e-05  9.64565e-03  4.01883e-03
  6.19943e-06  2.06448e-05  1.09745e-02  4.73678e-03
  6.19943e-06  2.17918e-05  1.23720e-02  5.51797e-03
  6.19943e-06  2.29387e-05  1.38401e-02  6.36305e-03
  6.19943e-06  2.40856e-05  1.53811e-02  7.27266e-03
  6.19943e-06  2.52326e-05  1.69971e-02  8.24744e-03
  6.19943e-06  2.63795e-05  1.86903e-02  9.28804e-03
  6.19943e-06  2.75264e-05  2.04627e-02  1.03951e-02
  6.19943e-06  2.86734e-05  2.23165e-02  1.15693e-02

  7.43931e-06  0.00000e+00 -5.20232e-03  1.45169e-03
  7.43931e-06  1.14694e-06 -4.57403e-03  1.22814e-03
  7.43931e-06  2.29387e-06 -3.91109e-03  1.05918e-03
  7.43931e-06  3.44081e-06 -3.21137e-03  9.45470e-04
  7.43931e-06  4.58774e-06 -2.47272e-03  8.87642e-04
  7.43931e-06  5.73468e-06 -1.69302e-03  8.86345e-04
  7.43931e-06  6.88161e-06 -8.70124e-04  9.42222e-04
  7.43931e-06  8.02855e-06 -1.90504e-06  1.05592e-03
  7.43931e-06  9.17548e-06  9.13775e-04  1.22808e-03
  7.43931e-06  1.03224e-05  1.87905e-03  1.45934e-03
  7.43931e-06  1.14694e-05  2.89606e-03  1.75036e-03
  7.43931e-06  1.26163e-05  3.96693e-03  2.10177e-03
  7.43931e-06  1.37632e-05  5.09381e-03  2.51422e-03
  7.43931e-06  1.49102e-05  6.27882e-03  2.98836e-03
  7.43931e-06  1.60571e-05  7.52410e-03  3.52482e-03
  7.43931e-06  1.72040e-05  8.83179e-03  4.12426e-03
  7.43931e-06  1.83510e-05  1.02040e-02  4.78731e-03
  7.43931e-06  1.94979e-05  1.16429e-02  5.51462e-03
  7.43931e-06  2.06448e-05  1.31506e-02  6.30684e-03
  7.43931e-06  2.17918e-05  1.47293e-02  7.16460e-03
  7.43931e-06  2.29387e-05  1.63811e-02  8.08856e-03
  7.43931e-06  2.40856e-05  1.81080e-02  9.07936e-03
  7.43931e-06  2.52326e-05  1.99123e-02  1.01376e-02
  7.43931e-06  2.63795e-05  2.17961e-02  1.12640e-02
  7.43931e-06  2.75264e-05  2.37616e-02  1.24592e-02
  7.43931e-06  2.86734e-05  2.58107e-02  1.37238e-02

  8.67920e-06  0.00000e+00 -5.80894e-03  2.18976e-03
  8.67920e-06  1.14694e-06 -5.03643e-03  2.00379e-03
  8.67920e-06  2.29387e-06 -4.22691e-03  1.87472e-03
  8.67920e-06  3.44081e-06 -3.37824e-03  1.80320e-03
  8.67920e-06  4.58774e-06 -2.48829e-03  1.78988e-03
  8.67920e-06  5.73468e-06 -1.55492e-03  1.83540e-03
  8.67920e-06  6.88161e-06 -5.76001e-04  1.94040e-03
  8.67920e-06  8.02855e-06  4.50605e-04  2.10552e-03
  8.67920e-06  9.17548e-06  1.52703e-03  2.33142e-03
  8.67920e-06  1.03224e-05  2.65542e-03  2.61873e-03
  8.67920e-06  1.14694e-05  3.83790e-03  2.96810e-03
  8.67920e-06  1.26163e-05  5.07660e-03  3.38017e-03
  8.67920e-06  1.37632e-05  6.37367e-03  3.85560e-03
  8.67920e-06  1.49102e-05  7.73124e-03  4.39501e-03
  8.67920e-06  1.60571e-05  9.15143e-03  4.99906e-03
  8.67920e-06  1.72040e-05  1.06364e-02  5.66839e-03
  8.67920e-06  1.83510e-05  1.21883e-02  6.40364e-03
  8.67920e-06  1.94979e-05  1.38092e-02  7.20547e-03
  8.67920e-06  2.06448e-05  1.55012e-02  8.07450e-03
  8.67920e-06  2.17918e-05  1.72666e-02  9.01139e-03
  8.67920e-06  2.29387e-05  1.91075e-02  1.00168e-02
  8.67920e-06  2.40856e-05  2.10259e-02  1.10913e-02
  8.67920e-06  2.52326e-05  2.30240e-02  1.22357e-02
  8.67920e-06  2.63795e-05  2.51040e-02  1.34504e-02
  8.67920e-06  2.75264e-05  2.72679e-02  1.47363e-02
  8.67920e-06  2.86734e-05  2.95180e-02  1.60938e-02

  9.91908e-06  0.00000e+00 -6.33947e-03  3.08543e-03
  9.91908e-06  1.14694e-06 -5.41724e-03  2.93959e-03
  9.91908e-06  2.29387e-06 -4.45564e-03  2.85297e-03
  9.91908e-06  3.44081e-06 -3.45252e-03  2.82620e-03
  9.91908e-06  4.58774e-06 -2.40577e-03  2.85994e-03
  9.91908e-06  5.73468e-06 -1.31324e-03  2.95482e-03
  9.91908e-06  6.88161e-06 -1.72791e-04  3.11149e-03
  9.91908e-06  8.02855e-06  1.01770e-03  3.33060e-03
  9.91908e-06  9.17548e-06  2.26038e-03  3.61279e-03
  9.91908e-06  1.03224e-05  3.55738e-03  3.95870e-03
  9.91908e-06  1.14694e-05  4.91083e-03  4.36897e-03
  9.91908e-06  1.26163e-05  6.32287e-03  4.84426e-03
  9.91908e-06  1.37632e-05  7.79563e-03  5.38520e-03
  9.91908e-06  1.49102e-05  9.33125e-03  5.99245e-03
  9.91908e-06  1.60571e-05  1.09319e-02  6.66664e-03
  9.91908e-06  1.72040e-05  1.25996e-02  7.40841e-03
  9.91908e-06  1.83510e-05  1.43366e-02  8.21842e-03
  9.91908e-06  1.94979e-05  1.61450e-02  9.09731e-03
  9.91908e-06  2.06448e-05  1.80270e-02  1.00457e-02
  9.91908e-06  2.17918e-05  1.99846e-02  1.10643e-02
  9.91908e-06  2.29387e-05  2.20200e-02  1.21537e-02
  9.91908e-06  2.40856e-05  2.41353e-02  1.33145e-02
  9.91908e-06  2.52326e-05  2.63327e-02  1.45474e-02
  9.91908e-06  2.63795e-05  2.86144e-02  1.58531e-02
  9.91908e-06  2.75264e-05  3.09824e-02  1.72322e-02
  9.91908e-06  2.86734e-05  3.34388e-02  1.86853e-02

  1.11590e-05  0.00000e+00 -6.79329e-03  4.14465e-03
  1.11590e-05  1.14694e-06 -5.71584e-03  4.04150e-03
  1.11590e-05  2.29387e-06 -4.59665e-03  3.99987e-03
  1.11590e-05  3.44081e-06 -3.43360e-03  4.02041e-03
  1.11590e-05  4.58774e-06 -2.22454e-03  4.10375e-03
  1.11590e-05  5.73468e-06 -9.67338e-04  4.25056e-03
  1.11590e-05  6.88161e-06  3.40135e-04  4.46145e-03
  1.11590e-05  8.02855e-06  1.70002e-03  4.73710e-03
  1.11590e-05  9.17548e-06  3.11445e-03  5.07813e-03
  1.11590e-05  1.03224e-05  4.58555e-03  5.48519e-03
  1.11590e-05  1.14694e-05  6.11548e-03  5.95892e-03
  1.11590e-05  1.26163e-05  7.70635e-03  6.49998e-03
  1.11590e-05  1.37632e-05  9.36030e-03  7.10899e-03
  1.11590e-05  1.49102e-05  1.10795e-02  7.78662e-03
  1.11590e-05  1.60571e-05  1.28660e-02  8.53350e-03
  1.11590e-05  1.72040e-05  1.47220e-02  9.35028e-03
  1.11590e-05  1.83510e-05  1.66497e-02  1.02376e-02
  1.11590e-05  1.94979e-05  1.86511e-02  1.11961e-02
  1.11590e-05  2.06448e-05  2.07284e-02  1.22264e-02
  1.11590e-05  2.17918e-05  2.28837e-02  1.33292e-02
  1.11590e-05  2.29387e-05  2.51192e-02  1.45051e-02
  1.11590e-05  2.40856e-05  2.74370e-02  1.57548e-02
  1.11590e-05  2.52326e-05  2.98392e-02  1.70789e-02
  1.11590e-05  2.63795e-05  3.23280e-02  1.84781e-02
  1.11590e-05  2.75264e-05  3.49055e-02  1.99529e-02
  1.11590e-05  2.86734e-05  3.75739e-02  2.15041e-02

  1.23989e-05  0.00000e+00 -7.16977e-03  5.37338e-03
  1.23989e-05  1.14694e-06 -5.93160e-03  5.31546e-03
  1.23989e-05  2.29387e-06 -4.64933e-03  5.32138e-03
  1.23989e-05  3.44081e-06 -3.32083e-03  5.39177e-03
  1.23989e-05  4.58774e-06 -1.94396e-03  5.52728e-03
  1.23989e-05  5.73468e-06 -5.16598e-04  5.72855e-03
  1.23989e-05  6.88161e-06  9.63404e-04  5.99623e-03
  1.23989e-05  8.02855e-06  2.49818e-03  6.33096e-03
  1.23989e-05  9.17548e-06  4.08985e-03  6.73338e-03
  1.23989e-05  1.03224e-05  5.74057e-03  7.20415e-03
  1.23989e-05  1.14694e-05  7.45247e-03  7.74389e-03
  1.23989e-05  1.26163e-05  9.22767e-03  8.35327e-03
  1.23989e-05  1.37632e-05  1.10683e-02  9.03291e-03
  1.23989e-05  1.49102e-05  1.29766e-02  9.78348e-03
  1.23989e-05  1.60571e-05  1.49545e-02  1.06056e-02
  1.23989e-05  1.72040e-05  1.70043e-02  1.14999e-02
  1.23989e-05  1.83510e-05  1.91281e-02  1.24671e-02
  1.23989e-05  1.94979e-05  2.13280e-02  1.35078e-02
  1.23989e-05  2.06448e-05  2.36062e-02  1.46226e-02
  1.23989e-05  2.17918e-05  2.59647e-02  1.58122e-02
  1.23989e-05  2.29387e-05  2.84058e-02  1.70772e-02
  1.23989e-05  2.40856e-05  3.09315e-02  1.84183e-02
  1.23989e-05  2.52326e-05  3.35441e-02  1.98361e-02
  1.23989e-05  2.63795e-05  3.62455e-02  2.13312e-02
  1.23989e-05  2.75264e-05  3.90381e-02  2.29044e-02
  1.23989e-05  2.86734e-05  4.19238e-02  2.45562e-02

  1.36387e-05  0.00000e+00 -7.46829e-03  6.77754e-03
  1.36387e-05  1.14694e-06 -6.06389e-03  6.76742e-03
  1.36387e-05  2.29387e-06 -4.61304e-03  6.82344e-03
  1.36387e-05  3.44081e-06 -3.11359e-03  6.94624e-03
  1.36387e-05  4.58774e-06 -1.56342e-03  7.13646e-03
  1.36387e-05  5.73468e-06  3.96121e-05  7.39475e-03
  1.36387e-05  6.88161e-06  1.69764e-03  7.72176e-03
  1.36387e-05  8.02855e-06  3.41281e-03  8.11813e-03
  1.36387e-05  9.17548e-06  5.18723e-03  8.58450e-03
  1.36387e-05  1.03224e-05  7.02307e-03  9.12152e-03
  1.36387e-05  1.14694e-05  8.92243e-03  9.72983e-03
  1.36387e-05  1.26163e-05  1.08875e-02  1.04101e-02
  1.36387e-05  1.37632e-05  1.29203e-02  1.11629e-02
  1.36387e-05  1.49102e-05  1.50231e-02  1.19890e-02
  1.36387e-05  1.60571e-05  1.71980e-02  1.28889e-02
  1.36387e-05  1.72040e-05  1.94471e-02  1.38633e-02
  1.36387e-05  1.83510e-05  2.17725e-02  1.49129e-02
  1.36387e-05  1.94979e-05  2.41764e-02  1.60383e-02
  1.36387e-05  2.06448e-05  2.66609e-02  1.72401e-02
  1.36387e-05  2.17918e-05  2.92282e-02  1.85190e-02
  1.36387e-05  2.29387e-05  3.18803e-02  1.98757e-02
  1.36387e-05  2.40856e-05  3.46195e-02  2.13107e-02
  1.36387e-05  2.52326e-05  3.74479e-02  2.28248e-02
  1.36387e-05  2.63795e-05  4.03675e-02  2.44185e-02
  1.36387e-05  2.75264e-05  4.33806e-02  2.60925e-02
  1.36387e-05  2.86734e-05  4.64892e-02  2.78475e-02

  1.48786e-05  0.00000e+00 -7.68822e-03  8.36310e-03
  1.48786e-05  1.14694e-06 -6.11209e-03  8.40332e-03
  1.48786e-05  2.29387e-06 -4.48716e-03  8.51199e-03
  1.48786e-05  3.44081e-06 -2.81126e-03  8.68975e-03
  1.48786e-05  4.58774e-06 -1.08228e-03  8.93724e-03
  1.48786e-05  5.73468e-06  7.01919e-04  9.25511e-03
  1.48786e-05  6.88161e-06  2.54348e-03  9.64401e-03
  1.48786e-05  8.02855e-06  4.44453e-03  1.01046e-02
  1.48786e-05  9.17548e-06  6.40721e-03  1.06374e-02
  1.48786e-05  1.03224e-05  8.43366e-03  1.12433e-02
  1.48786e-05  1.14694e-05  1.05260e-02  1.19227e-02
  1.48786e-05  1.26163e-05  1.26864e-02  1.26764e-02
  1.48786e-05  1.37632e-05  1.49169e-02  1.35049e-02
  1.48786e-05  1.49102e-05  1.72198e-02  1.44090e-02
  1.48786e-05  1.60571e-05  1.95971e-02  1.53893e-02
  1.48786e-05  1.72040e-05  2.20509e-02  1.64464e-02
  1.48786e-05  1.83510e-05  2.45835e-02  1.75809e-02
  1.48786e-05  1.94979e-05  2.71969e-02  1.87936e-02
  1.48786e-05  2.06448e-05  2.98933e-02  2.00850e-02
  1.48786e-05  2.17918e-05  3.26748e-02  2.14558e-02
  1.48786e-05  2.29387e-05  3.55435e-02  2.29067e-02
  1.48786e-05  2.40856e-05  3.85017e-02  2.44382e-02
  1.48786e-05  2.52326e-05  4.15513e-02  2.60511e-02
  1.48786e-05  2.63795e-05  4.46946e-02  2.77459e-02
  1.48786e-05  2.75264e-05  4.79337e-02  2.95234e-02
  1.48786e-05  2.86734e-05  5.12707e-02  3.13841e-02

  1.61185e-05  0.00000e+00 -7.82892e-03  1.01360e-02
  1.61185e-05  1.14694e-06 -6.07557e-03  1.02291e-02
  1.61185e-05  2.29387e-06 -4.27105e-03  1.03930e-02
  1.61185e-05  3.44081e-06 -2.41321e-03  1.06283e-02
  1.61185e-05  4.58774e-06 -4.99921e-04  1.09356e-02
  1.61185e-05  5.73468e-06  1.47095e-03  1.13156e-02
  1.61185e-05  6.88161e-06  3.50154e-03  1.17689e-02
  1.61185e-05  8.02855e-06  5.59399e-03  1.22962e-02
  1.61185e-05  9.17548e-06  7.75042e-03  1.28981e-02
  1.61185e-05  1.03224e-05  9.97298e-03  1.35753e-02
  1.61185e-05  1.14694e-05  1.22638e-02  1.43284e-02
  1.61185e-05  1.26163e-05  1.46250e-02  1.51581e-02
  1.61185e-05  1.37632e-05  1.70587e-02  1.60649e-02
  1.61185e-05  1.49102e-05  1.95672e-02  1.70496e-02
  1.61185e-05  1.60571e-05  2.21524e-02  1.81128e-02
  1.61185e-05  1.72040e-05  2.48165e-02  1.92551e-02
  1.61185e-05  1.83510e-05  2.75617e-02  2.04771e-02
  1.61185e-05  1.94979e-05  3.03901e-02  2.17796e-02
  1.61185e-05  2.06448e-05  3.33039e-02  2.31632e-02
  1.61185e-05  2.17918e-05  3.63051e-02  2.46284e-02
  1.61185e-05  2.29387e-05  3.93959e-02  2.61760e-02
  1.61185e-05  2.40856e-05  4.25785e-02  2.78066e-02
  1.61185e-05  2.52326e-05  4.58550e-02  2.95208e-02
  1.61185e-05  2.63795e-05  4.92274e-02  3.13194e-02
  1.61185e-05  2.75264e-05  5.26981e-02  3.32028e-02
  1.61185e-05  2.86734e-05  5.62690e-02  3.51718e-02

  1.73584e-05  0.00000e+00 -7.88977e-03  1.21022e-02
  1.73584e-05  1.14694e-06 -5.95370e-03  1.22507e-02
  1.73584e-05  2.29387e-06 -3.96409e-03  1.24724e-02
  1.73584e-05  3.44081e-06 -1.91880e-03  1.27677e-02
  1.73584e-05  4.58774e-06  1.84292e-04  1.31374e-02
  1.73584e-05  5.73468e-06  2.34733e-03  1.35821e-02
  1.73584e-05  6.88161e-06  4.57246e-03  1.41024e-02
  1.73584e-05  8.02855e-06  6.86179e-03  1.46990e-02
  1.73584e-05  9.17548e-06  9.21748e-03  1.53725e-02
  1.73584e-05  1.03224e-05  1.16417e-02  1.61236e-02
  1.73584e-05  1.14694e-05  1.41364e-02  1.69529e-02
  1.73584e-05  1.26163e-05  1.67040e-02  1.78611e-02
  1.73584e-05  1.37632e-05  1.93464e-02  1.88488e-02
  1.73584e-05  1.49102e-05  2.20659e-02  1.99166e-02
  1.73584e-05  1.60571e-05  2.48645e-02  2.10653e-02
  1.73584e-05  1.72040e-05  2.77444e-02  2.22953e-02
  1.73584e-05  1.83510e-05  3.07078e-02  2.36074e-02
  1.73584e-05  1.94979e-05  3.37567e-02  2.50023e-02
  1.73584e-05  2.06448e-05  3.68933e-02  2.64805e-02
  1.73584e-05  2.17918e-05  4.01198e-02  2.80428e-02
  1.73584e-05  2.29387e-05  4.34382e-02  2.96897e-02
  1.73584e-05  2.40856e-05  4.68507e-02  3.14219e-02
  1.73584e-05  2.52326e-05  5.03595e-02  3.32401e-02
  1.73584e-05  2.63795e-05  5.39666e-02  3.51448e-02
  1.73584e-05  2.75264e-05  5.76743e-02  3.71368e-02
  1.73584e-05  2.86734e-05  6.14846e-02  3.92166e-02

  1.85983e-05  0.00000e+00 -7.87015e-03  1.42676e-02
  1.85983e-05  1.14694e-06 -5.74585e-03  1.44742e-02
  1.85983e-05  2.29387e-06 -3.56566e-03  1.47561e-02
  1.85983e-05  3.44081e-06 -1.32742e-03  1.51140e-02
  1.85983e-05  4.58774e-06  9.70984e-04  1.55487e-02
  1.85983e-05  5.73468e-06  3.33170e-03  1.60606e-02
  1.85983e-05  6.88161e-06  5.75685e-03  1.66504e-02
  1.85983e-05  8.02855e-06  8.24858e-03  1.73189e-02
  1.85983e-05  9.17548e-06  1.08090e-02  1.80666e-02
  1.85983e-05  1.03224e-05  1.34403e-02  1.88941e-02
  1.85983e-05  1.14694e-05  1.61446e-02  1.98022e-02
  1.85983e-05  1.26163e-05  1.89240e-02  2.07915e-02
  1.85983e-05  1.37632e-05  2.17806e-02  2.18626e-02
  1.85983e-05  1.49102e-05  2.47166e-02  2.30161e-02
  1.85983e-05  1.60571e-05  2.77342e-02  2.42527e-02
  1.85983e-05  1.72040e-05  3.08354e-02  2.55731e-02
  1.85983e-05  1.83510e-05  3.40224e-02  2.69778e-02
  1.85983e-05  1.94979e-05  3.72973e-02  2.84676e-02
  1.85983e-05  2.06448e-05  4.06623e-02  3.00431e-02
  1.85983e-05  2.17918e-05  4.41194e-02  3.17049e-02
  1.85983e-05  2.29387e-05  4.76710e-02  3.34537e-02
  1.85983e-05  2.40856e-05  5.13189e-02  3.52900e-02
  1.85983e-05  2.52326e-05  5.50655e-02  3.72147e-02
  1.85983e-05  2.63795e-05  5.89128e-02  3.92282e-02
  1.85983e-05  2.75264e-05  6.28630e-02  4.13312e-02
  1.85983e-05  2.86734e-05  6.69182e-02  4.35245e-02

  1.98382e-05  0.00000e+00 -7.76943e-03  1.66382e-02
  1.98382e-05  1.14694e-06 -5.45140e-03  1.69053e-02
  1.98382e-05  2.29387e-06 -3.07512e-03  1.72501e-02
  1.98382e-05  3.44081e-06 -6.38434e-04  1.76732e-02
  1.98382e-05  4.58774e-06  1.86078e-03  1.81753e-02
  1.98382e-05  5.73468e-06  4.42467e-03  1.87570e-02
  1.98382e-05  6.88161e-06  7.05535e-03  1.94190e-02
  1.98382e-05  8.02855e-06  9.75497e-03  2.01618e-02
  1.98382e-05  9.17548e-06  1.25257e-02  2.09862e-02
  1.98382e-05  1.03224e-05  1.53696e-02  2.18928e-02
  1.98382e-05  1.14694e-05  1.82888e-02  2.28822e-02
  1.98382e-05  1.26163e-05  2.12855e-02  2.39551e-02
  1.98382e-05  1.37632e-05  2.43619e-02  2.51121e-02
  1.98382e-05  1.49102e-05  2.75200e-02  2.63539e-02
  1.98382e-05  1.60571e-05  3.07619e-02  2.76811e-02
  1.98382e-05  1.72040e-05  3.40899e-02  2.90943e-02
  1.98382e-05  1.83510e-05  3.75061e-02  3.05943e-02
  1.98382e-05  1.94979e-05  4.10125e-02  3.21815e-02
  1.98382e-05  2.06448e-05  4.46113e-02  3.38568e-02
  1.98382e-05  2.17918e-05  4.83047e-02  3.56207e-02
  1.98382e-05  2.29387e-05  5.20948e-02  3.74739e-02
  1.98382e-05  2.40856e-05  5.59838e-02  3.94169e-02
  1.98382e-05  2.52326e-05  5.99736e-02  4.14506e-02
  1.98382e-05  2.63795e-05  6.40666e-02  4.35754e-02
  1.98382e-05  2.75264e-05  6.82649e-02  4.57921e-02
  1.98382e-05  2.86734e-05  7.25704e-02  4.81013e-02

  2.10780e-05  0.00000e+00 -7.58697e-03  1.92199e-02
  2.10780e-05  1.14694e-06 -5.06972e-03  1.95501e-02
  2.10780e-05  2.29387e-06 -2.49185e-03  1.99603e-02
  2.10780e-05  3.44081e-06  1.48787e-04  2.04512e-02
  2.10780e-05  4.58774e-06  2.85431e-03  2.10233e-02
  2.10780e-05  5.73468e-06  5.62687e-03  2.16773e-02
  2.10780e-05  6.88161e-06  8.46859e-03  2.24139e-02
  2.10780e-05  8.02855e-06  1.13816e-02  2.32337e-02
  2.10780e-05  9.17548e-06  1.43681e-02  2.41374e-02
  2.10780e-05  1.03224e-05  1.74301e-02  2.51256e-02
  2.10780e-05  1.14694e-05  2.05698e-02  2.61988e-02
  2.10780e-05  1.26163e-05  2.37894e-02  2.73579e-02
  2.10780e-05  1.37632e-05  2.70909e-02  2.86034e-02
  2.10780e-05  1.49102e-05  3.04765e-02  2.99360e-02
  2.10780e-05  1.60571e-05  3.39484e-02  3.13563e-02
  2.10780e-05  1.72040e-05  3.75087e-02  3.28650e-02
  2.10780e-05  1.83510e-05  4.11595e-02  3.44626e-02
  2.10780e-05  1.94979e-05  4.49029e-02  3.61499e-02
  2.10780e-05  2.06448e-05  4.87411e-02  3.79276e-02
  2.10780e-05  2.17918e-05  5.26763e-02  3.97961e-02
  2.10780e-05  2.29387e-05  5.67104e-02  4.17562e-02
  2.10780e-05  2.40856e-05  6.08458e-02  4.38086e-02
  2.10780e-05  2.52326e-05  6.50845e-02  4.59538e-02
  2.10780e-05  2.63795e-05  6.94287e-02  4.81925e-02
  2.10780e-05  2.75264e-05  7.38804e-02  5.05254e-02
  2.10780e-05  2.86734e-05  7.84419e-02  5.29531e-02

  2.23179e-05  0.00000e+00 -7.32216e-03  2.20187e-02
  2.23179e-05  1.14694e-06 -4.60018e-03  2.24146e-02
  2.23179e-05  2.29387e-06 -1.81521e-03  2.28927e-02
  2.23179e-05  3.44081e-06  1.03487e-03  2.34539e-02
  2.23179e-05  4.58774e-06  3.95221e-03  2.40986e-02
  2.23179e-05  5.73468e-06  6.93893e-03  2.48275e-02
  2.23179e-05  6.88161e-06  9.99719e-03  2.56413e-02
  2.23179e-05  8.02855e-06  1.31291e-02  2.65406e-02
  2.23179e-05  9.17548e-06  1.63368e-02  2.75261e-02
  2.23179e-05  1.03224e-05  1.96224e-02  2.85984e-02
  2.23179e-05  1.14694e-05  2.29881e-02  2.97581e-02
  2.23179e-05  1.26163e-05  2.64360e-02  3.10059e-02
  2.23179e-05  1.37632e-05  2.99683e-02  3.23425e-02
  2.23179e-05  1.49102e-05  3.35870e-02  3.37684e-02
  2.23179e-05  1.60571e-05  3.72943e-02  3.52844e-02
  2.23179e-05  1.72040e-05  4.10924e-02  3.68910e-02
  2.23179e-05  1.83510e-05  4.49833e-02  3.85889e-02
  2.23179e-05  1.94979e-05  4.89692e-02  4.03788e-02
  2.23179e-05  2.06448e-05  5.30523e-02  4.22613e-02
  2.23179e-05  2.17918e-05  5.72347e-02  4.42371e-02
  2.23179e-05  2.29387e-05  6.15184e-02  4.63067e-02
  2.23179e-05  2.40856e-05  6.59058e-02  4.84709e-02
  2.23179e-05  2.52326e-05  7.03988e-02  5.07302e-02
  2.23179e-05  2.63795e-05  7.49996e-02  5.30854e-02
  2.23179e-05  2.75264e-05  7.97104e-02  5.55370e-02
  2.23179e-05  2.86734e-05  8.45333e-02  5.80858e-02

  2.35578e-05  0.00000e+00 -6.97436e-03  2.50405e-02
  2.35578e-05  1.14694e-06 -4.04215e-03  2.55046e-02
  2.35578e-05  2.29387e-06 -1.04460e-03  2.60533e-02
  2.35578e-05  3.44081e-06  2.02044e-03  2.66872e-02
  2.35578e-05  4.58774e-06  5.15509e-03  2.74070e-02
  2.35578e-05  5.73468e-06  8.36149e-03  2.82134e-02
  2.35578e-05  6.88161e-06  1.16418e-02  2.91070e-02
  2.35578e-05  8.02855e-06  1.49981e-02  3.00883e-02
  2.35578e-05  9.17548e-06  1.84325e-02  3.11582e-02
  2.35578e-05  1.03224e-05  2.19473e-02  3.23171e-02
  2.35578e-05  1.14694e-05  2.55445e-02  3.35659e-02
  2.35578e-05  1.26163e-05  2.92262e-02  3.49050e-02
  2.35578e-05  1.37632e-05  3.29947e-02  3.63351e-02
  2.35578e-05  1.49102e-05  3.68519e-02  3.78570e-02
  2.35578e-05  1.60571e-05  4.08002e-02  3.94711e-02
  2.35578e-05  1.72040e-05  4.48415e-02  4.11783e-02
  2.35578e-05  1.83510e-05  4.89781e-02  4.29791e-02
  2.35578e-05  1.94979e-05  5.32120e-02  4.48741e-02
  2.35578e-05  2.06448e-05  5.75455e-02  4.68641e-02
  2.35578e-05  2.17918e-05  6.19806e-02  4.89496e-02
  2.35578e-05  2.29387e-05  6.65194e-02  5.11313e-02
  2.35578e-05  2.40856e-05  7.11642e-02  5.34098e-02
  2.35578e-05  2.52326e-05  7.59170e-02  5.57858e-02
  2.35578e-05  2.63795e-05  8.07800e-02  5.82600e-02
  2.35578e-05  2.75264e-05  8.57554e-02  6.08329e-02
  2.35578e-05  2.86734e-05  9.08451e-02  6.35053e-02

  2.47977e-05  0.00000e+00 -6.54295e-03  2.82912e-02
  2.47977e-05  1.14694e-06 -3.39501e-03  2.88261e-02
  2.47977e-05  2.29387e-06 -1.79364e-04  2.94479e-02
  2.47977e-05  3.44081e-06  3.10612e-03  3.01572e-02
  2.47977e-05  4.58774e-06  6.46358e-03  3.09547e-02
  2.47977e-05  5.73468e-06  9.89516e-03  3.18411e-02
  2.47977e-05  6.88161e-06  1.34030e-02  3.28169e-02
  2.47977e-05  8.02855e-06  1.69892e-02  3.38829e-02
  2.47977e-05  9.17548e-06  2.06559e-02  3.50397e-02
  2.47977e-05  1.03224e-05  2.44053e-02  3.62879e-02
  2.47977e-05  1.14694e-05  2.82394e-02  3.76281e-02
  2.47977e-05  1.26163e-05  3.21605e-02  3.90611e-02
  2.47977e-05  1.37632e-05  3.61707e-02  4.05874e-02
  2.47977e-05  1.49102e-05  4.02720e-02  4.22077e-02
  2.47977e-05  1.60571e-05  4.44667e-02  4.39226e-02
  2.47977e-05  1.72040e-05  4.87568e-02  4.57329e-02
  2.47977e-05  1.83510e-05  5.31445e-02  4.76390e-02
  2.47977e-05  1.94979e-05  5.76319e-02  4.96417e-02
  2.47977e-05  2.06448e-05  6.22213e-02  5.17417e-02
  2.47977e-05  2.17918e-05  6.69146e-02  5.39395e-02
  2.47977e-05  2.29387e-05  7.17140e-02  5.62358e-02
  2.47977e-05  2.40856e-05  7.66218e-02  5.86313e-02
  2.47977e-05  2.52326e-05  8.16399e-02  6.11266e-02
  2.47977e-05  2.63795e-05  8.67706e-02  6.37223e-02
  2.47977e-05  2.75264e-05  9.20160e-02  6.64191e-02
  2.47977e-05  2.86734e-05  9.73781e-02  6.92176e-02

  2.60376e-05  0.00000e+00 -6.02729e-03  3.17769e-02
  2.60376e-05  1.14694e-06 -2.65812e-03  3.23851e-02
  2.60376e-05  2.29387e-06  7.81111e-04  3.30825e-02
  2.60376e-05  3.44081e-06  4.29255e-03  3.38697e-02
  2.60376e-05  4.58774e-06  7.87833e-03  3.47475e-02
  2.60376e-05  5.73468e-06  1.15406e-02  3.57164e-02
  2.60376e-05  6.88161e-06  1.52814e-02  3.67771e-02
  2.60376e-05  8.02855e-06  1.91030e-02  3.79303e-02
  2.60376e-05  9.17548e-06  2.30075e-02  3.91765e-02
  2.60376e-05  1.03224e-05  2.69970e-02  4.05165e-02
  2.60376e-05  1.14694e-05  3.10736e-02  4.19508e-02
  2.60376e-05  1.26163e-05  3.52396e-02  4.34802e-02
  2.60376e-05  1.37632e-05  3.94969e-02  4.51052e-02
  2.60376e-05  1.49102e-05  4.38478e-02  4.68265e-02
  2.60376e-05  1.60571e-05  4.82944e-02  4.86448e-02
  2.60376e-05  1.72040e-05  5.28388e-02  5.05606e-02
  2.60376e-05  1.83510e-05  5.74832e-02  5.25747e-02
  2.60376e-05  1.94979e-05  6.22296e-02  5.46877e-02
  2.60376e-05  2.06448e-05  6.70803e-02  5.69002e-02
  2.60376e-05  2.17918e-05  7.20374e-02  5.92129e-02
  2.60376e-05  2.29387e-05  7.71029e-02  6.16264e-02
  2.60376e-05  2.40856e-05  8.22791e-02  6.41413e-02
  2.60376e-05  2.52326e-05  8.75681e-02  6.67584e-02
  2.60376e-05  2.63795e-05  9.29719e-02  6.94781e-02
  2.60376e-05  2.75264e-05  9.84928e-02  7.23013e-02
  2.60376e-05  2.86734e-05  1.04133e-01  7.52286e-02

  2.72775e-05  0.00000e+00 -5.42677e-03  3.55034e-02
  2.72775e-05  1.14694e-06 -1.83087e-03  3.61875e-02
  2.72775e-05  2.29387e-06  1.83745e-03  3.69630e-02
  2.72775e-05  3.44081e-06  5.58035e-03  3.78308e-02
  2.72775e-05  4.58774e-06  9.39994e-03  3.87913e-02
  2.72775e-05  5.73468e-06  1.32984e-02  3.98454e-02
  2.72775e-05  6.88161e-06  1.72778e-02  4.09935e-02
  2.72775e-05  8.02855e-06  2.13403e-02  4.22363e-02
  2.72775e-05  9.17548e-06  2.54880e-02  4.35746e-02
  2.72775e-05  1.03224e-05  2.97231e-02  4.50089e-02
  2.72775e-05  1.14694e-05  3.40477e-02  4.65399e-02
  2.72775e-05  1.26163e-05  3.84640e-02  4.81682e-02
  2.72775e-05  1.37632e-05  4.29740e-02  4.98945e-02
  2.72775e-05  1.49102e-05  4.75800e-02  5.17193e-02
  2.72775e-05  1.60571e-05  5.22840e-02  5.36435e-02
  2.72775e-05  1.72040e-05  5.70882e-02  5.56675e-02
  2.72775e-05  1.83510e-05  6.19947e-02  5.77921e-02
  2.72775e-05  1.94979e-05  6.70057e-02  6.00179e-02
  2.72775e-05  2.06448e-05  7.21232e-02  6.23455e-02
  2.72775e-05  2.17918e-05  7.73495e-02  6.47756e-02
  2.72775e-05  2.29387e-05  8.26867e-02  6.73088e-02
  2.72775e-05  2.40856e-05  8.81368e-02  6.99458e-02
  2.72775e-05  2.52326e-05  9.37021e-02  7.26872e-02
  2.72775e-05  2.63795e-05  9.93846e-02  7.55336e-02
  2.72775e-05  2.75264e-05  1.05187e-01  7.84857e-02
  2.72775e-05  2.86734e-05  1.11110e-01  8.15442e-02

  2.85174e-05  0.00000e+00 -4.74075e-03  3.94767e-02
  2.85174e-05  1.14694e-06 -9.12624e-04  4.02392e-02
  2.85174e-05  2.29387e-06  2.99030e-03  4.10955e-02
  2.85174e-05  3.44081e-06  6.97014e-03  4.20463e-02
  2.85174e-05  4.58774e-06  1.10290e-02  4.30922e-02
  2.85174e-05  5.73468e-06  1.51691e-02  4.42339e-02
  2.85174e-05  6.88161e-06  1.93926e-02  4.54720e-02
  2.85174e-05  8.02855e-06  2.37015e-02  4.68071e-02
  2.85174e-05  9.17548e-06  2.80980e-02  4.82399e-02
  2.85174e-05  1.03224e-05  3.25842e-02  4.97711e-02
  2.85174e-05  1.14694e-05  3.71623e-02  5.14013e-02
  2.85174e-05  1.26163e-05  4.18344e-02  5.31311e-02
  2.85174e-05  1.37632e-05  4.66027e-02  5.49612e-02
  2.85174e-05  1.49102e-05  5.14692e-02  5.68922e-02
  2.85174e-05  1.60571e-05  5.64361e-02  5.89247e-02
  2.85174e-05  1.72040e-05  6.15056e-02  6.10595e-02
  2.85174e-05  1.83510e-05  6.66798e-02  6.32971e-02
  2.85174e-05  1.94979e-05  7.19608e-02  6.56383e-02
  2.85174e-05  2.06448e-05  7.73507e-02  6.80835e-02
  2.85174e-05  2.17918e-05  8.28517e-02  7.06336e-02
  2.85174e-05  2.29387e-05  8.84659e-02  7.32891e-02
  2.85174e-05  2.40856e-05  9.41955e-02  7.60506e-02
  2.85174e-05  2.52326e-05  1.00043e-01  7.89189e-02
  2.85174e-05  2.63795e-05  1.06009e-01  8.18945e-02
  2.85174e-05  2.75264e-05  1.12098e-01  8.49782e-02
  2.85174e-05  2.86734e-05  1.18310e-01  8.81705e-02

  2.97572e-05  0.00000e+00 -3.96861e-03  4.37028e-02
  2.97572e-05  1.14694e-06  9.72481e-05  4.45463e-02
  2.97572e-05  2.29387e-06  4.24026e-03  4.54858e-02
  2.97572e-05  3.44081e-06  8.46256e-03  4.65222e-02
  2.97572e-05  4.58774e-06  1.27663e-02  4.76560e-02
  2.97572e-05  5.73468e-06  1.71536e-02  4.88879e-02
  2.97572e-05  6.88161e-06  2.16265e-02  5.02185e-02
  2.97572e-05  8.02855e-06  2.61873e-02  5.16485e-02
  2.97572e-05  9.17548e-06  3.08381e-02  5.31784e-02
  2.97572e-05  1.03224e-05  3.55809e-02  5.48090e-02
  2.97572e-05  1.14694e-05  4.04180e-02  5.65410e-02
  2.97572e-05  1.26163e-05  4.53515e-02  5.83748e-02
  2.97572e-05  1.37632e-05  5.03834e-02  6.03113e-02
  2.97572e-05  1.49102e-05  5.55160e-02  6.23509e-02
  2.97572e-05  1.60571e-05  6.07514e-02  6.44945e-02
  2.97572e-05  1.72040e-05  6.60917e-02  6.67425e-02
  2.97572e-05  1.83510e-05  7.15390e-02  6.90958e-02
  2.97572e-05  1.94979e-05  7.70955e-02  7.15548e-02
  2.97572e-05  2.06448e-05  8.27633e-02  7.41203e-02
  2.97572e-05  2.17918e-05  8.85445e-02  7.67928e-02
  2.97572e-05  2.29387e-05  9.44413e-02  7.95732e-02
  2.97572e-05  2.40856e-05  1.00456e-01  8.24618e-02
  2.97572e-05  2.52326e-05  1.06590e-01  8.54596e-02
  2.97572e-05  2.63795e-05  1.12847e-01  8.85670e-02
  2.97572e-05  2.75264e-05  1.19227e-01  9.17847e-02
  2.97572e-05  2.86734e-05  1.25734e-01  9.51133e-02

  3.09971e-05  0.00000e+00 -3.10972e-03  4.81876e-02
  3.09971e-05  1.14694e-06  1.19937e-03  4.91146e-02
  3.09971e-05  2.29387e-06  5.58798e-03  5.01400e-02
  3.09971e-05  3.44081e-06  1.00582e-02  5.12645e-02
  3.09971e-05  4.58774e-06  1.46123e-02  5.24887e-02
  3.09971e-05  5.73468e-06  1.92522e-02  5.38134e-02
  3.09971e-05  6.88161e-06  2.39802e-02  5.52390e-02
  3.09971e-05  8.02855e-06  2.87984e-02  5.67664e-02
  3.09971e-05  9.17548e-06  3.37089e-02  5.83960e-02
  3.09971e-05  1.03224e-05  3.87139e-02  6.01286e-02
  3.09971e-05  1.14694e-05  4.38155e-02  6.19649e-02
  3.09971e-05  1.26163e-05  4.90158e-02  6.39053e-02
  3.09971e-05  1.37632e-05  5.43170e-02  6.59507e-02
  3.09971e-05  1.49102e-05  5.97211e-02  6.81016e-02
  3.09971e-05  1.60571e-05  6.52304e-02  7.03587e-02
  3.09971e-05  1.72040e-05  7.08470e-02  7.27226e-02
  3.09971e-05  1.83510e-05  7.65729e-02  7.51939e-02
  3.09971e-05  1.94979e-05  8.24104e-02  7.77734e-02
  3.09971e-05  2.06448e-05  8.83616e-02  8.04616e-02
  3.09971e-05  2.17918e-05  9.44286e-02  8.32593e-02
  3.09971e-05  2.29387e-05  1.00614e-01  8.61670e-02
  3.09971e-05  2.40856e-05  1.06919e-01  8.91854e-02
  3.09971e-05  2.52326e-05  1.13346e-01  9.23151e-02
  3.09971e-05  2.63795e-05  1.19897e-01  9.55568e-02
  3.09971e-05  2.75264e-05  1.26575e-01  9.89111e-02
  3.09971e-05  2.86734e-05  1.33382e-01  1.02379e-01

