# dbeta_x/beta_x  dbeta_y/beta_y  dnu_x  dnu_y
#      [%]             [%]
#
   4.9  -2.57   2.38  1.074e-04  5.046e-04
   6.0  -0.04   0.86  1.203e-04  4.719e-04
   6.9   0.76   0.31  1.163e-04  4.681e-04
   7.8   0.73   0.35  1.065e-04  4.663e-04
  11.5  -0.17  -0.13  1.450e-04  4.635e-04
  12.6   0.05  -0.31  1.464e-04  4.657e-04
  13.9   0.14  -0.70  1.455e-04  4.771e-04
  15.1   0.23  -0.97  1.438e-04  4.925e-04
  16.1   0.40  -1.09  1.378e-04  5.016e-04
  20.5  -0.69  -1.11  1.313e-04  5.411e-04
  22.0  -0.99   0.52  1.396e-04  5.482e-04
  23.1  -1.17   1.08  1.601e-04  5.343e-04
  29.9  -0.84   1.22 -1.097e-04  6.741e-04
  31.0  -0.67   0.53 -9.761e-05  6.597e-04
  32.5  -0.49  -0.72 -9.128e-05  6.620e-04
  36.6   0.32  -0.95 -9.708e-05  6.884e-04
  37.7   0.17  -0.96 -1.026e-04  6.980e-04
  39.1   0.09  -0.93 -1.039e-04  7.195e-04
  40.3   0.03  -0.86 -1.044e-04  7.358e-04
  41.2  -0.11  -0.80 -1.036e-04  7.431e-04
  45.2   0.54  -0.58 -7.672e-05  7.625e-04
  46.1   0.20  -0.01 -8.160e-05  7.646e-04
  47.0  -0.26   1.98 -8.161e-05  7.525e-04
  48.1  -0.73   4.33 -7.675e-05  6.982e-04
  57.6  -0.80   4.48 -1.373e-05 -4.408e-03
  58.8  -0.20   1.84 -9.174e-06 -4.461e-03
  59.7   0.26  -0.02 -9.545e-06 -4.472e-03
  60.5   0.52  -0.38 -1.588e-05 -4.470e-03
  64.3  -0.13  -0.68  1.093e-05 -4.456e-03
  65.4   0.03  -0.77  1.211e-05 -4.449e-03
  66.7   0.10  -0.94  1.150e-05 -4.430e-03
  67.9   0.16  -1.02  1.037e-05 -4.412e-03
  68.9   0.28  -1.04  6.186e-06 -4.402e-03
  73.3  -0.50  -0.81  8.354e-07 -4.370e-03
  74.8  -0.73   0.60  7.001e-06 -4.367e-03
  75.9  -0.78   1.07  2.169e-05 -4.381e-03
  82.7  -1.28   1.23 -2.538e-04 -4.242e-03
  83.8  -0.96   0.37 -2.362e-04 -4.256e-03
  85.3  -0.72  -1.14 -2.271e-04 -4.247e-03
  89.4   0.53  -1.09 -2.320e-04 -4.212e-03
  90.5   0.30  -0.98 -2.414e-04 -4.201e-03
  91.9   0.19  -0.70 -2.438e-04 -4.182e-03
  93.1   0.09  -0.43 -2.450e-04 -4.172e-03
  94.0  -0.14  -0.29 -2.445e-04 -4.169e-03
  98.0   0.86   0.18 -1.990e-04 -4.167e-03
  98.9   0.92   0.06 -2.085e-04 -4.168e-03
  99.8  -0.49   1.20 -2.115e-04 -4.173e-03
 100.9  -2.56   2.09 -1.954e-04 -4.208e-03
 110.4  -2.55   2.32  1.360e-05 -3.214e-03
 111.6  -0.06   0.82  2.651e-05 -3.246e-03
 112.5   0.72   0.28  2.269e-05 -3.249e-03
 113.3   0.67   0.31  1.355e-05 -3.251e-03
 117.1  -0.12  -0.19  5.184e-05 -3.253e-03
 118.2   0.08  -0.38  5.234e-05 -3.250e-03
 119.5   0.17  -0.78  5.113e-05 -3.237e-03
 120.7   0.24  -1.06  4.931e-05 -3.220e-03
 121.7   0.39  -1.18  4.320e-05 -3.210e-03
 126.1  -0.62  -1.19  4.059e-05 -3.167e-03
 127.6  -0.93   0.50  4.830e-05 -3.159e-03
 128.7  -1.06   1.08  6.733e-05 -3.173e-03
 135.5  -1.14   1.22 -2.268e-04 -3.034e-03
 136.6  -0.86   0.34 -2.109e-04 -3.047e-03
 138.1  -0.62  -1.19 -2.029e-04 -3.038e-03
 142.2   0.58  -1.13 -1.980e-04 -3.001e-03
 143.3   0.37  -1.02 -2.088e-04 -2.990e-03
 144.7   0.27  -0.72 -2.120e-04 -2.970e-03
 145.9   0.18  -0.43 -2.140e-04 -2.959e-03
 146.8  -0.03  -0.29 -2.154e-04 -2.956e-03
 150.8   0.84   0.20 -1.641e-04 -2.955e-03
 151.7   0.93   0.08 -1.737e-04 -2.956e-03
 152.6  -0.51   1.25 -1.766e-04 -2.961e-03
 153.7  -2.61   2.16 -1.601e-04 -2.998e-03
 163.2  -2.50   2.35  4.887e-05 -1.980e-03
 164.4   0.05   0.81  6.117e-05 -2.012e-03
 165.3   0.86   0.27  5.651e-05 -2.015e-03
 166.1   0.82   0.30  4.540e-05 -2.017e-03
 169.9  -0.14  -0.20  9.299e-05 -2.018e-03
 171.0   0.11  -0.39  9.331e-05 -2.015e-03
 172.3   0.21  -0.79  9.172e-05 -2.002e-03
 173.5   0.30  -1.07  8.940e-05 -1.985e-03
 174.5   0.49  -1.18  8.176e-05 -1.975e-03
 178.9  -0.71  -1.19  7.971e-05 -1.932e-03
 180.4  -1.01   0.53  8.826e-05 -1.924e-03
 181.5  -1.12   1.12  1.084e-04 -1.939e-03
 188.3  -1.23   1.23 -2.055e-04 -1.796e-03
 189.4  -0.96   0.35 -1.882e-04 -1.809e-03
 190.9  -0.73  -1.19 -1.789e-04 -1.800e-03
 195.0   0.63  -1.12 -1.781e-04 -1.764e-03
 196.1   0.38  -1.01 -1.896e-04 -1.753e-03
 197.5   0.26  -0.70 -1.928e-04 -1.733e-03
 198.7   0.15  -0.41 -1.947e-04 -1.723e-03
 199.6  -0.09  -0.26 -1.953e-04 -1.720e-03
 203.6   0.95   0.23 -1.406e-04 -1.720e-03
 204.5   1.03   0.11 -1.513e-04 -1.721e-03
 205.4  -0.43   1.29 -1.547e-04 -1.726e-03
 206.5  -2.57   2.20 -1.387e-04 -1.764e-03
 216.0  -2.58   2.37  7.164e-05 -7.302e-04
 217.2  -0.00   0.82  8.449e-05 -7.626e-04
 218.1   0.80   0.28  8.016e-05 -7.659e-04
 218.9   0.74   0.31  7.001e-05 -7.676e-04
 222.7  -0.04  -0.19  1.191e-04 -7.692e-04
 223.8   0.18  -0.38  1.174e-04 -7.664e-04
 225.1   0.27  -0.77  1.152e-04 -7.534e-04
 226.3   0.35  -1.05  1.125e-04 -7.366e-04
 227.3   0.50  -1.17  1.044e-04 -7.267e-04
 231.7  -0.58  -1.17  1.107e-04 -6.848e-04
 233.2  -0.88   0.55  1.179e-04 -6.773e-04
 234.3  -1.01   1.15  1.362e-04 -6.920e-04
 241.1  -1.22   1.27 -1.618e-04 -5.459e-04
 242.2  -0.93   0.38 -1.448e-04 -5.599e-04
 243.7  -0.67  -1.17 -1.361e-04 -5.513e-04
 247.8   0.50  -1.11 -1.396e-04 -5.152e-04
 248.9   0.29  -1.00 -1.485e-04 -5.046e-04
 250.3   0.19  -0.70 -1.509e-04 -4.854e-04
 251.5   0.09  -0.41 -1.521e-04 -4.753e-04
 252.4  -0.12  -0.26 -1.519e-04 -4.724e-04
 256.4   0.80   0.22 -1.087e-04 -4.717e-04
 257.3   0.87   0.09 -1.177e-04 -4.727e-04
 258.2  -0.54   1.23 -1.203e-04 -4.776e-04
 259.3  -2.61   2.10 -1.038e-04 -5.136e-04
