# Tracking with TRACY# (Floquet space)
#
#  1   512 1.0E+00 1.0E+00 0.0E+00 0.0E+00 11.03333 5.39341
#    N     x^          px^          y^          py^          delta          cdt
#                                                                   [%]           [mm]
#
   0  2.2270024810944913e-04  4.9452187157077120e-08  4.0160649825410543e-03  3.8561128341272095e-07  0.0000000000000000e+00  0.0000000000000000e+00
   1 -7.7868119285580950e-07 -2.0430834455741639e-05 -2.7599685565956496e-03 -2.7826859537893583e-03  0.0000000000000000e+00 -1.9571295973497792e-02
   2 -1.4811683232320222e-04 -9.5023441827738717e-05  4.5084087087538270e-04  4.1562719594594819e-03  0.0000000000000000e+00 -2.1749389889293667e-02
   3 -5.2337951939404599e-05 -3.6988748397652118e-05  2.0046836709424571e-03 -3.5768678082601577e-03  0.0000000000000000e+00  4.8815013341884875e-03
   4  1.6327073127664904e-04 -1.7978285907644634e-04 -3.7390407816292200e-03  1.4484068522109047e-03  0.0000000000000000e+00  2.6448191845799530e-02
   5  2.2728592986102336e-04 -2.4159732772486011e-04  3.6851910385538914e-03  1.3781379544143570e-03  0.0000000000000000e+00  1.5863779362444156e-02
   6 -1.3203008565001743e-04 -3.1419819580705174e-04 -1.7709589223614496e-03 -3.6967709020657765e-03  0.0000000000000000e+00  5.1760230486410386e-05
   7 -1.7180235181943806e-04 -2.9319181170644608e-04 -6.9345859149737895e-04  4.1038296334328884e-03  0.0000000000000000e+00  1.3634961618153417e-02
   8 -9.6374396558307401e-05 -2.9974704359360480e-04  2.9445664107924886e-03 -2.7346247370025225e-03  0.0000000000000000e+00  4.2985268777914094e-02
   9  1.1916524128913974e-04 -4.2313308660959256e-04 -4.0006728260669885e-03  1.0973084482286728e-04  0.0000000000000000e+00  4.9926746141026913e-02
  10 -1.1928963481345427e-04 -4.0346268441309911e-04  2.9378680028981810e-03  2.6455562627687940e-03  0.0000000000000000e+00  3.1404008507193742e-02
  11 -3.8010721683268622e-04 -4.3086179235484102e-04 -6.6311528303569615e-04 -4.1293201280993867e-03  0.0000000000000000e+00  2.7968252450933144e-02
  12 -3.7385396753071532e-04 -3.0975829041182782e-04 -1.8367995029687728e-03  3.6737553199742111e-03  0.0000000000000000e+00  5.3400910587214176e-02
  13 -1.9669614486962124e-04 -3.7886870515346180e-04  3.6590442515751853e-03 -1.5539959710824097e-03  0.0000000000000000e+00  7.6233459923532421e-02
  14 -1.1774746773718087e-04 -3.4977365540856883e-04 -3.7644706797397786e-03 -1.2246636082991252e-03  0.0000000000000000e+00  6.8076088948342967e-02
  15 -5.0378499141327088e-04 -3.3147797394121907e-04  1.9174589147594873e-03  3.5927104345939336e-03  0.0000000000000000e+00  5.1894532707467307e-02
  16 -5.6425029306535982e-04 -2.3182652627258053e-04  5.7020390211293885e-04 -4.1494358130040416e-03  0.0000000000000000e+00  6.3822243840589557e-02
  17 -4.4514015187476814e-04 -1.4053813927812159e-04 -2.8668759686650419e-03  2.8213419682195295e-03  0.0000000000000000e+00  9.3265063971447362e-02
  18 -1.7266399180651960e-04 -1.6884684212308058e-04  4.0063681365003498e-03 -2.7260331504125920e-04  0.0000000000000000e+00  1.0250284185614654e-01
  19 -3.4516327346863890e-04 -8.1746442420979815e-05 -3.0209544798923877e-03 -2.4633962134058738e-03  0.0000000000000000e+00  8.5068559637645466e-02
  20 -5.7767761149663118e-04 -8.6233148828904874e-05  7.3653195783678603e-04  4.1189652430475739e-03  0.0000000000000000e+00  7.9230107250683302e-02
  21 -4.6513931751504897e-04  7.2781122169844465e-05  1.7685364381955873e-03 -3.7342487473280470e-03  0.0000000000000000e+00  1.0404529867277655e-01
  22 -2.0263319670364108e-04  4.8028288013808564e-05 -3.6348374374055390e-03  1.7177879522161687e-03  0.0000000000000000e+00  1.2833777881215166e-01
  23 -3.7274917993893794e-05  6.8733147968257676e-05  3.8139364797898606e-03  1.0089860665398586e-03  0.0000000000000000e+00  1.2233260524342429e-01
  24 -3.6844954182198178e-04  5.5903045821745591e-05 -1.9675516506437313e-03 -3.5185284235478725e-03  0.0000000000000000e+00  1.0440240891332228e-01
  25 -3.4207677616671718e-04  9.9063766273341420e-05 -4.8941811026722670e-04  4.1607507167171756e-03  0.0000000000000000e+00  1.1446690344210549e-01
  26 -1.5905181524121634e-04  1.5900689911711965e-04  2.7977217432497655e-03 -2.9451494408497909e-03  0.0000000000000000e+00  1.4446642643322546e-01
  27  1.4095540582498574e-04  5.5654402427499127e-05 -4.0037723819266969e-03  4.7250927427856842e-04  0.0000000000000000e+00  1.5563329684497884e-01
  28  2.0732643430538708e-05  5.5449593732293999e-05  3.0901372160837617e-03  2.3437517266597326e-03  0.0000000000000000e+00  1.3777289668679538e-01
  29 -1.9406573913522987e-04 -3.0530239390219427e-05 -8.5479795208051157e-04 -4.0824561510137023e-03  0.0000000000000000e+00  1.3013930007464616e-01
  30 -8.9226583030551845e-05  3.4834845057504291e-05 -1.6269865850998268e-03  3.7925945013964112e-03  0.0000000000000000e+00  1.5367629020272913e-01
  31  1.1524290402999387e-04 -6.8672130554547149e-05  3.5489008777012001e-03 -1.8892836462548732e-03  0.0000000000000000e+00  1.7905258751108438e-01
  32  2.7283458813148217e-04 -1.5888919535460302e-04 -3.8609556844844206e-03 -8.8478789813310483e-04  0.0000000000000000e+00  1.7370859057813451e-01
  33 -7.0667315860817935e-05 -2.1963916733854972e-04  2.1345508929225617e-03  3.4302206443628611e-03  0.0000000000000000e+00  1.5524952038290785e-01
  34 -1.3582385389906640e-04 -2.3946216771623529e-04  2.8175440016849095e-04 -4.1629323878501759e-03  0.0000000000000000e+00  1.6340782970965781e-01
  35 -6.4937712149200347e-05 -2.1660454204005877e-04 -2.6311223472813899e-03  3.0783548108915576e-03  0.0000000000000000e+00  1.9283371467745392e-01
  36  1.6003593564693585e-04 -3.7023031406424904e-04  3.9584267237692651e-03 -5.9542285060776399e-04  0.0000000000000000e+00  2.0545670525616402e-01
  37  2.5094771279880604e-05 -3.7249937918134570e-04 -3.2418437181498502e-03 -2.2238116947248671e-03  0.0000000000000000e+00  1.8847829082686782e-01
  38 -2.9018095614749659e-04 -4.2830393660471359e-04  1.0767146303924139e-03  4.0236009424135357e-03  0.0000000000000000e+00  1.8003824308861038e-01
  39 -3.0408022980596866e-04 -3.3239444780391262e-04  1.4344511150761775e-03 -3.8763538973496949e-03  0.0000000000000000e+00  2.0198404118571278e-01
  40 -1.7541157466703072e-04 -3.8730347862660246e-04 -3.4358117674232014e-03  2.0010509398879742e-03  0.0000000000000000e+00  2.2816528253882615e-01
  41 -2.8462599163914084e-05 -4.1142513193173191e-04  3.9101185969193028e-03  7.5835847426992552e-04  0.0000000000000000e+00  2.2494108940270979e-01
  42 -3.9415585859303395e-04 -3.8148439766326172e-04 -2.3056520119701129e-03 -3.2967413834431841e-03  0.0000000000000000e+00  2.0694097030042252e-01
  43 -5.2908289471073925e-04 -3.2780605232495468e-04 -1.2481013229134741e-04  4.1903598995819292e-03  0.0000000000000000e+00  2.1335504861609542e-01
  44 -4.5836162471813823e-04 -2.0729985010256596e-04  2.5222672308178834e-03 -3.1662570872331482e-03  0.0000000000000000e+00  2.4240078968518622e-01
  45 -2.0119782855218746e-04 -2.5827712903089188e-04 -3.9380780099545175e-03  7.2770235818576251e-04  0.0000000000000000e+00  2.5694634070345612e-01
  46 -2.7973246978000514e-04 -1.7045142759026125e-04  3.3365754599951583e-03  2.0320954536317804e-03  0.0000000000000000e+00  2.4199803229062219e-01
  47 -5.9650356017277955e-04 -1.7448144524665786e-04 -1.1677573478822130e-03 -3.9875447441667065e-03  0.0000000000000000e+00  2.3158699992458673e-01
  48 -5.3295571128817506e-04 -1.9164789311216171e-05 -1.3569586703379092e-03  3.9324109302193138e-03  0.0000000000000000e+00  2.5247603070833236e-01
  49 -3.1441660243419631e-04 -2.5937168472484818e-06  3.4014405928560597e-03 -2.1291368822585850e-03  0.0000000000000000e+00  2.7967156068523569e-01
  50 -8.3844822468698703e-05  7.0559666046259381e-06 -3.9503248618278372e-03 -5.4455433365808135e-04  0.0000000000000000e+00  2.7905107652320610e-01
  51 -3.8647958483137930e-04  3.8673955216758468e-05  2.3574266396678176e-03  3.1826760878165090e-03  0.0000000000000000e+00  2.6003182479006959e-01
  52 -4.3909810905101520e-04  5.9956851599739464e-05  5.6838587878541014e-05 -4.1971428742926895e-03  0.0000000000000000e+00  2.6422178863400453e-01
  53 -2.7040337794708623e-04  1.6927275239068785e-04 -2.4565790054637982e-03  3.2591244727745985e-03  0.0000000000000000e+00  2.9346124680067409e-01
  54  3.4080499161572020e-05  8.3888732238666925e-05  3.9250114695080097e-03 -9.3209191792303079e-04  0.0000000000000000e+00  3.0996879124891880e-01
  55  2.5221630334031537e-05  9.6877847126739159e-05 -3.3933504940528870e-03 -1.8721093461012187e-03  0.0000000000000000e+00  2.9537236071063455e-01
  56 -2.5468869794493198e-04  1.8905323475748963e-05  1.2546165971909224e-03  3.9473336246892352e-03  0.0000000000000000e+00  2.8299947117856189e-01
  57 -1.5562903522878626e-04  8.2597569689883899e-05  1.2338906914583765e-03 -3.9657666878428269e-03  0.0000000000000000e+00  3.0246344574587936e-01
  58  3.9520862523132535e-05  3.2655234634633945e-05 -3.3168210492751688e-03  2.2979366578395996e-03  0.0000000000000000e+00  3.3059506484862733e-01
  59  2.6918517006723760e-04 -7.5874114823270791e-05  3.9743598788011987e-03  3.9156804693218743e-04  0.0000000000000000e+00  3.3112064834348504e-01
  60 -2.2245873768767278e-05 -1.1636893240006263e-04 -2.4867165272214669e-03 -3.0976768709503511e-03  0.0000000000000000e+00  3.1139926271151891e-01
  61 -1.2807107278562779e-04 -1.7112462198467330e-04  1.2765066034419522e-04  4.1773270511740752e-03  0.0000000000000000e+00  3.1384951575211451e-01
  62 -4.8562074383003087e-05 -1.2572545336463509e-04  2.2914394583518896e-03 -3.3737651114157476e-03  0.0000000000000000e+00  3.4216902147125067e-01
  63  1.7184330669540868e-04 -2.8425685165544732e-04 -3.8568303313971804e-03  1.0742005876571907e-03  0.0000000000000000e+00  3.6002664054333688e-01
  64  1.4778954616148258e-04 -3.1772161917110867e-04  3.5065645973496240e-03  1.7664163006756164e-03  0.0000000000000000e+00  3.4603831389718770e-01
  65 -2.0360583881491752e-04 -3.8728154786856292e-04 -1.4710222600714054e-03 -3.8646650282482525e-03  0.0000000000000000e+00  3.3320041676427986e-01
  66 -2.3353262527760590e-04 -3.2910251439165954e-04 -1.0235011280858659e-03  4.0234918319175649e-03  0.0000000000000000e+00  3.5078737065452759e-01
  67 -1.4263764320610075e-04 -3.5753027879271591e-04  3.1753065505339506e-03 -2.4227431921620950e-03  0.0000000000000000e+00  3.7919635034314969e-01
  68  5.1031974758279701e-05 -4.3764290343903243e-04 -3.9875398966205244e-03 -2.8104695981005480e-04  0.0000000000000000e+00  3.8150459075719678e-01
  69 -2.5654561455331292e-04 -4.0554390270004098e-04  2.6688930809639615e-03  2.9528408272011340e-03  0.0000000000000000e+00  3.6276467205907725e-01
  70 -4.6468655669882898e-04 -3.9770502087228300e-04 -3.1664738006035936e-04 -4.1777423546852273e-03  0.0000000000000000e+00  3.6363601405738549e-01
  71 -4.3295373165594912e-04 -2.6605096694709926e-04 -2.1513515359182179e-03  3.4686329194076881e-03  0.0000000000000000e+00  3.9113149543342096e-01
  72 -2.1322818659937867e-04 -3.3071515504896274e-04  3.8064890081209494e-03 -1.1856436819338318e-03  0.0000000000000000e+00  4.1056073663813936e-01
  73 -1.9909047002914440e-04 -2.6516450391909024e-04 -3.5987486207349089e-03 -1.5879478617488608e-03  0.0000000000000000e+00  3.9905543545207284e-01
  74 -5.6936644593049324e-04 -2.5786628421429298e-04  1.5878159900421256e-03  3.7925589772518178e-03  0.0000000000000000e+00  3.8502896308482720e-01
  75 -5.6797945437079883e-04 -1.2640876428979340e-04  9.2780366266875878e-04 -4.0758108627803515e-03  0.0000000000000000e+00  4.0117861741352806e-01
  76 -4.0107338479072180e-04 -6.6221084272742242e-05 -3.1225125992366196e-03  2.5216273182535470e-03  0.0000000000000000e+00  4.3010972438112022e-01
  77 -1.3357984314365314e-04 -7.5492458893863448e-05  4.0115265544737834e-03  8.8834804067819891e-05  0.0000000000000000e+00  4.3497854245236733e-01
  78 -3.7219900439003210e-04 -7.1878945549457180e-06 -2.7344669899609176e-03 -2.7963960411729926e-03  0.0000000000000000e+00  4.1630408569110200e-01
  79 -5.2145806504884655e-04 -5.3806106028140138e-06  3.8180719156875214e-04  4.1783470735741379e-03  0.0000000000000000e+00  4.1471047574190723e-01
  80 -3.7649603620257098e-04  1.3796927284368511e-04  2.0858041585464231e-03 -3.5387068834045726e-03  0.0000000000000000e+00  4.4196900019657304e-01
  81 -8.7689481094135185e-05  8.1273773235112528e-05 -3.7865088673601642e-03  1.3759872629891404e-03  0.0000000000000000e+00  4.6315904531444202e-01
  82  7.6136439123587730e-06  9.9578817991437051e-05  3.6510866109046563e-03  1.3909387261388977e-03  0.0000000000000000e+00  4.5301817875158429e-01
  83 -3.1516310833721591e-04  4.9820506277227187e-05 -1.6502239726285627e-03 -3.7407062924958547e-03  0.0000000000000000e+00  4.3700759389894306e-01
  84 -2.4484778133361556e-04  1.0323034341884501e-04 -8.2696607357207101e-04  4.0930923367150374e-03  0.0000000000000000e+00  4.5153654892511613e-01
  85 -5.7030776205901089e-05  1.1281815397115267e-04  3.0445895580873679e-03 -2.6709372394825904e-03  0.0000000000000000e+00  4.8121701086392105e-01
  86  2.2027239147956091e-04 -8.3399170649084348e-07 -4.0186671968202303e-03  9.2328759825579734e-05  0.0000000000000000e+00  4.8772692724701527e-01
  87  1.4011483786640628e-05 -1.9354217279277667e-05  2.8278391541338220e-03  2.7019116521051780e-03  0.0000000000000000e+00  4.6834286008204340e-01
  88 -1.4883265397573920e-04 -9.8549626723982682e-05 -5.3374729338056376e-04 -4.1452327998880815e-03  0.0000000000000000e+00  4.6508287449158714e-01
  89 -5.5812040623014298e-05 -3.9688804293662931e-05 -1.9290253280199617e-03  3.6233852087938457e-03  0.0000000000000000e+00  4.9116357214727246e-01
  90  1.5358947093127627e-04 -1.7744517936883907e-04  3.7033097241654031e-03 -1.5363515630025823e-03  0.0000000000000000e+00  5.1354357212389889e-01
  91  2.3496609568106474e-04 -2.4477342042843176e-04 -3.7249754354635313e-03 -1.2839837193591558e-03  0.0000000000000000e+00  5.0390355416067167e-01
  92 -1.2645844978700907e-04 -3.1369451139382111e-04  1.8470221889829600e-03  3.6483951223973406e-03  0.0000000000000000e+00  4.8752160448637444e-01
  93 -1.7490445092719717e-04 -2.9840397481631863e-04  6.0998007402852093e-04 -4.1197157833584045e-03  0.0000000000000000e+00  5.0007702367399309e-01
  94 -1.0453375016062193e-04 -2.9621590636343164e-04 -2.8837050767689556e-03  2.8053240708317147e-03  0.0000000000000000e+00  5.2952448415350672e-01
  95  1.1341132345254058e-04 -4.2332141232953515e-04  3.9970159644469793e-03 -2.0320653323067516e-04  0.0000000000000000e+00  5.3760719530317691e-01
  96 -1.0666214449659895e-04 -4.0266231348087258e-04 -3.0015947859547269e-03 -2.5648425777286986e-03  0.0000000000000000e+00  5.1933011758711634e-01
  97 -3.8075648064329421e-04 -4.3303207108067647e-04  7.4572524009769306e-04  4.1131247924823602e-03  0.0000000000000000e+00  5.1488114535447538e-01
  98 -3.7803024636042009e-04 -3.1130809368352128e-04  1.7600624948395640e-03 -3.7180003492710903e-03  0.0000000000000000e+00  5.3971351980454785e-01
  99 -2.0785678633181823e-04 -3.7481114380298109e-04 -3.6198223365089244e-03  1.6413396013276766e-03  0.0000000000000000e+00  5.6327987845237659e-01
 100 -1.1224335074292802e-04 -3.5113152974980172e-04  3.7984308270490965e-03  1.1324684109314807e-03  0.0000000000000000e+00  5.5607701963850220e-01
 101 -4.9624671620660606e-04 -3.2821027501221504e-04 -1.9928407309987867e-03 -3.5384467517586586e-03  0.0000000000000000e+00  5.3944026247002252e-01
 102 -5.6703596032112755e-04 -2.3548285764656365e-04 -4.8620739900944365e-04  4.1622066318174056e-03  0.0000000000000000e+00  5.5029865077089102e-01
 103 -4.5276154626981355e-04 -1.3578286797506976e-04  2.8042685907913533e-03 -2.8909455252944592e-03  0.0000000000000000e+00  5.7977240674596020e-01
 104 -1.7780818899757063e-04 -1.6767776291244375e-04 -3.9992673042722254e-03  3.6388780854919105e-04  0.0000000000000000e+00  5.9008992472026101e-01
 105 -3.3003288708256725e-04 -7.9483143451082337e-05  3.0842517473530944e-03  2.3787817925652733e-03  0.0000000000000000e+00  5.7304597056660755e-01
 106 -5.7714211626391126e-04 -8.6954643886768334e-05 -8.1845834916745980e-04 -4.0989535920094413e-03  0.0000000000000000e+00  5.6620504055701737e-01
 107 -4.6864556696806561e-04  7.0951993116910572e-05 -1.6914269848507444e-03  3.7764390062730753e-03  0.0000000000000000e+00  5.9034568601141324e-01
 108 -2.1195871867639367e-04  5.1855843356505383e-05  3.5940038825676363e-03 -1.8017812576869531e-03  0.0000000000000000e+00  6.1531484675468695e-01
 109 -3.0759320478203919e-05  6.7246494603983475e-05 -3.8460774970618082e-03 -9.1604950247041645e-04  0.0000000000000000e+00  6.1032891991760696e-01
 110 -3.5842218364070464e-04  5.9458591394923354e-05  2.0427013633549040e-03  3.4591554129352049e-03  0.0000000000000000e+00  5.9203594405336413e-01
 111 -3.4414964945098868e-04  9.4849966592613119e-05  4.0576371205482229e-04 -4.1711536723348114e-03  0.0000000000000000e+00  6.0096715174346971e-01
 112 -1.6456628730036497e-04  1.6154162497897758e-04 -2.7331436228440970e-03  3.0099501449406237e-03  0.0000000000000000e+00  6.3091745370303021e-01
 113  1.3611161252665647e-04  5.6128878280278205e-05  3.9930306090433867e-03 -5.6382171921930970e-04  0.0000000000000000e+00  6.4315421801408290e-01
 114  3.6352260177199962e-05  5.5378629986309766e-05 -3.1525168957095618e-03 -2.2554774605303245e-03  0.0000000000000000e+00  6.2577406819232684e-01
 115 -1.9323411312139300e-04 -3.2670666111455528e-05  9.3589127395565580e-04  4.0603421827442223e-03  0.0000000000000000e+00  6.1716634679819171e-01
 116 -9.2346997305861904e-05  3.0430706995812844e-05  1.5483028082711092e-03 -3.8301771491799060e-03  0.0000000000000000e+00  6.3995462597052633e-01
 117  1.0576038689950904e-04 -6.5840784237960955e-05 -3.5045231826873824e-03  1.9723499523233170e-03  0.0000000000000000e+00  6.6594571548941861e-01
 118  2.7668504882740808e-04 -1.6203955396705449e-04  3.8884237148198494e-03  7.9004479653067578e-04  0.0000000000000000e+00  6.6168844150671491e-01
 119 -6.1567738819067600e-05 -2.1846040452645573e-04 -2.2081577949432892e-03 -3.3695060683343356e-03  0.0000000000000000e+00  6.4290020303915230e-01
 120 -1.3831534141404831e-04 -2.4451144234738007e-04 -1.9766146248474794e-04  4.1693777517480659e-03  0.0000000000000000e+00  6.4996026678598195e-01
 121 -7.0999294025383199e-05 -2.1505560693681978e-04  2.5640767094925955e-03 -3.1406388038366872e-03  0.0000000000000000e+00  6.7924403655557719e-01
 122  1.5189561625544222e-04 -3.6945007918358922e-04 -3.9419879047106832e-03  6.8808286920649662e-04  0.0000000000000000e+00  6.9293913768128990e-01
 123  3.7161506502394963e-05 -3.7354332732519169e-04  3.2987336633335733e-03  2.1364424060945509e-03  0.0000000000000000e+00  6.7647748885707426e-01
 124 -2.8935488293094371e-04 -4.2954789736712832e-04 -1.1571719178215074e-03 -3.9964779846488460e-03  0.0000000000000000e+00  6.6714353281998184e-01
 125 -3.0788924657402996e-04 -3.3603162150813086e-04 -1.3543988653936050e-03  3.9101782304336238e-03  0.0000000000000000e+00  6.8830270129632598e-01
 126 -1.8654235562524552e-04 -3.8259581047276952e-04  3.3879185124524773e-03 -2.0841320825424805e-03  0.0000000000000000e+00  7.1500489498379294e-01
 127 -2.7555572656173203e-05 -4.1274725963131323e-04 -3.9309503680387131e-03 -6.6522693651215753e-04  0.0000000000000000e+00  7.1286235657707986e-01
 128 -3.8402553254412286e-04 -3.7818828642690629e-04  2.3778918632654375e-03  3.2318390997813531e-03  0.0000000000000000e+00  6.9464339888802984e-01
 129 -5.3135941177501439e-04 -3.3113737764458142e-04  4.0227920800134877e-05 -4.1928215391925060e-03  0.0000000000000000e+00  6.9995384151801887e-01
 130 -4.6444633420718469e-04 -2.0416942343879789e-04 -2.4538417943207251e-03  3.2281220521532391e-03  0.0000000000000000e+00  7.2879637311048329e-01
 131 -2.0927894059895392e-04 -2.5599583278460849e-04  3.9183425946733436e-03 -8.1843418142522656e-04  0.0000000000000000e+00  7.4435122753659555e-01
 132 -2.6672388971101527e-04 -1.6981866923850434e-04 -3.3912406017153843e-03 -1.9435177847752021e-03  0.0000000000000000e+00  7.3002374729975472e-01
 133 -5.9387280364490383e-04 -1.7329800638319479e-04  1.2475200474496519e-03  3.9551175361102102e-03  0.0000000000000000e+00  7.1877931962537112e-01
 134 -5.3623287167082036e-04 -2.2018839102118973e-05  1.2768532870036930e-03 -3.9643738229947325e-03  0.0000000000000000e+00  7.3881129176631488e-01
 135 -3.2381733708996576e-04  2.3315591214228656e-06 -3.3519808772152584e-03  2.2088643141438993e-03  0.0000000000000000e+00  7.6646475542706116e-01
 136 -8.1843884205466612e-05  6.3515022459273957e-06  3.9683429428580249e-03  4.5240580444510153e-04  0.0000000000000000e+00  7.6692591701969282e-01
 137 -3.7286077601284733e-04  4.2793537573174304e-05 -2.4300842356535556e-03 -3.1116162706077170e-03  0.0000000000000000e+00  7.4781829534668331e-01
 138 -4.4040846359525462e-04  5.6500670608504069e-05  2.7310760914727790e-05  4.1974354282869972e-03  0.0000000000000000e+00  7.5084971672928269e-01
 139 -2.7459322610439395e-04  1.7020126847781296e-04  2.3864750455606467e-03 -3.3168599066378435e-03  0.0000000000000000e+00  7.7980493655081806e-01
 140  2.7247388916159387e-05  8.5408463361503212e-05 -3.9023169843750934e-03  1.0216093056781806e-03  0.0000000000000000e+00  7.9728498837435879e-01
 141  3.9128601869371130e-05  9.5546044054585470e-05  3.4474329369117967e-03  1.7798330040728770e-03  0.0000000000000000e+00  7.8342584134025994e-01
 142 -2.5149662357016716e-04  1.8695948387996252e-05 -1.3334744599028800e-03 -3.9126039750729674e-03  0.0000000000000000e+00  7.7025426099146121e-01
 143 -1.5869217687139659e-04  7.7547700093585881e-05 -1.1530897267908980e-03  3.9939475647273954e-03  0.0000000000000000e+00  7.8879765226564003e-01
 144  3.0932418943163629e-05  3.5829967054651491e-05  3.2647197946742224e-03 -2.3748077319754681e-03  0.0000000000000000e+00  8.1731661151407586e-01
 145  2.6920270392271110e-04 -7.8019954269577325e-05 -3.9881660837002746e-03 -2.9769414560973335e-04  0.0000000000000000e+00  8.1898307282812799e-01
 146 -9.6957750228465466e-06 -1.1500314020893803e-04  2.5574974704679534e-03  3.0252220348982663e-03  0.0000000000000000e+00  7.9920892499004037e-01
 147 -1.2972709972266491e-04 -1.7549572009588018e-04 -2.1144566004252380e-04 -4.1742870291511958e-03  0.0000000000000000e+00  8.0054547357484451e-01
 148 -5.2928070990806792e-05 -1.2656984374219996e-04 -2.2191275357567480e-03  3.4273117850046331e-03  0.0000000000000000e+00  8.2849073234310500e-01
 149  1.6239772556668510e-04 -2.8249003146173105e-04  3.8290136013800179e-03 -1.1649059437611109e-03  0.0000000000000000e+00  8.4729473978407222e-01
 150  1.5784031541983182e-04 -3.2020700709403449e-04 -3.5547090285420768e-03 -1.6744251440849382e-03  0.0000000000000000e+00  8.3407830891495738e-01
 151 -2.0051412216992001e-04 -3.8748041038404012e-04  1.5490397122225469e-03  3.8259920104946558e-03  0.0000000000000000e+00  8.2050925660332119e-01
 152 -2.3702691363967275e-04 -3.3390427511566218e-04  9.4115645489425254e-04 -4.0471735978059231e-03  0.0000000000000000e+00  8.3715991706683768e-01
 153 -1.5246804984256441e-04 -3.5296888637058706e-04 -3.1199171812622594e-03  2.4996452733100885e-03  0.0000000000000000e+00  8.6585792970067565e-01
 154  4.7900261603366613e-05 -4.3839919027700283e-04  3.9947410890395036e-03  1.8754382090031447e-04  0.0000000000000000e+00  8.6931034697621512e-01
 155 -2.4452710307738541e-04 -4.0324652879602900e-04 -2.7369414804202809e-03 -2.8786413853396885e-03  0.0000000000000000e+00  8.5060414973862719e-01
 156 -4.6616713414484212e-04 -4.0040299915453787e-04  4.0053717062448206e-04  4.1699456961060595e-03  0.0000000000000000e+00  8.5039998414798235e-01
 157 -4.3775019283092315e-04 -2.6538993537782813e-04  2.0780107009387319e-03 -3.5211914187277750e-03  0.0000000000000000e+00  8.7746612480526376e-01
 158 -2.2339873704103867e-04 -3.2738688220137531e-04 -3.7753922598697267e-03  1.2750048944956199e-03  0.0000000000000000e+00  8.9777354051962144e-01
 159 -1.8981807145096802e-04 -2.6588900768250123e-04  3.6426056651892662e-03  1.4970097026099679e-03  0.0000000000000000e+00  8.8708753813530383e-01
 160 -5.6401267419049349e-04 -2.5519171230840274e-04 -1.6652639763296132e-03 -3.7476677705603344e-03  0.0000000000000000e+00  8.7242988065595006e-01
 161 -5.7098200386967448e-04 -1.2991068656971285e-04 -8.4521523763515013e-04  4.0971224356924300e-03  0.0000000000000000e+00  8.8758162955430264e-01
 162 -4.0967872805931327e-04 -6.0989087368284308e-05  3.0653643622802727e-03 -2.5961935991523203e-03  0.0000000000000000e+00  9.1673546801633576e-01
 163 -1.3570974542897121e-04 -7.5215055270573671e-05 -4.0153927011296825e-03  2.7048630227278563e-06  0.0000000000000000e+00  9.2270150905870396e-01
 164 -3.5676145803699026e-04 -3.7982537111009799e-06  2.8029661241194986e-03  2.7165603590781628e-03  0.0000000000000000e+00  9.0421280116756364e-01
 165 -5.2195552778549657e-04 -7.5912822145930253e-06 -4.6512103875577282e-04 -4.1678429593173831e-03  0.0000000000000000e+00  9.0151712549777518e-01
 166 -3.8013189088576785e-04  1.3715386619629944e-04 -2.0114666813073659e-03  3.5883283962553927e-03  0.0000000000000000e+00  9.2826762411553942e-01
 167 -9.6165198628806909e-05  8.3940598012797579e-05  3.7533103887373758e-03 -1.4627945981870770e-03  0.0000000000000000e+00  9.5028586773518642e-01
 168  1.7792882945417668e-05  9.7736989600349190e-05 -3.6939270058899609e-03 -1.2975894668655387e-03  0.0000000000000000e+00  9.4107071726133984e-01
 169 -3.0849176358648049e-04  5.1846276836995132e-05  1.7269408605024167e-03  3.6922641316307400e-03  0.0000000000000000e+00  9.2448822832509991e-01
 170 -2.4752976194342829e-04  9.8457127352198458e-05  7.4444360600870927e-04 -4.1114726325563889e-03  0.0000000000000000e+00  9.3795864112972227e-01
 171 -6.4011306006076605e-05  1.1595139382365155e-04 -2.9852999047470089e-03  2.7410863177509772e-03  0.0000000000000000e+00  9.6778414644414323e-01
 172  2.1723065393183775e-04 -1.4773779298006788e-06  4.0185352131120091e-03 -1.8484488429676901e-04  0.0000000000000000e+00  9.7541575878541964e-01
 173  2.9015254894689563e-05 -1.8544442966002875e-05 -2.8947182237502164e-03 -2.6195341442841174e-03  0.0000000000000000e+00  9.5627472200571229e-01
 174 -1.4932051116554423e-04 -1.0186965372539334e-04  6.1634087783843470e-04  4.1321093336848629e-03  0.0000000000000000e+00  9.5195031793919460e-01
 175 -5.9201778548398227e-05 -4.2789383712536300e-05  1.8526607984152379e-03 -3.6681200854012607e-03  0.0000000000000000e+00  9.7744031064717873e-01
 176  1.4379321216828785e-04 -1.7495185063413522e-04 -3.6657242966354610e-03  1.6235399496693705e-03  0.0000000000000000e+00  1.0005969559262877e+00
 177  2.4181575977625075e-04 -2.4799414123578096e-04  3.7623410647444583e-03  1.1896337270591389e-03  0.0000000000000000e+00  9.9193440081842565e-01
 178 -1.2026753288628990e-04 -3.1299730001332833e-04 -1.9225758747840182e-03 -3.5976138474804412e-03  0.0000000000000000e+00  9.7502677759829670e-01
 179 -1.7791773136550371e-04 -3.0357801901408689e-04 -5.2629684346679390e-04  4.1336859486718926e-03  0.0000000000000000e+00  9.8653819363350082e-01
 180 -1.1232808650920899e-04 -2.9291762582941386e-04  2.8215851761946719e-03 -2.8745191684881768e-03  0.0000000000000000e+00  1.0160355505585921e+00
 181  1.0707548592270817e-04 -4.2326809844801241e-04 -3.9907407550341632e-03  2.9653654608210821e-04  0.0000000000000000e+00  1.0252501894533474e+00
 182 -9.4027051673528777e-05 -4.0212890677977385e-04  3.0640688558575208e-03  2.4827467298112380e-03  0.0000000000000000e+00  1.0072722126277600e+00
 183 -3.8114596632994932e-04 -4.3494904216025658e-04 -8.2794742344419713e-04 -4.0947746111913742e-03  0.0000000000000000e+00  1.0018303793732040e+00
 184 -3.8211543946828857e-04 -3.1323439696831506e-04 -1.6826443068616585e-03  3.7602837775436841e-03  0.0000000000000000e+00  1.0260241909269778e+00
 185 -2.1908227119765944e-04 -3.7054996502488505e-04  3.5788386773608076e-03 -1.7279372301289323e-03  0.0000000000000000e+00  1.0502844975497299e+00
 186 -1.0757380320426367e-04 -3.5247781433096195e-04 -3.8299184612434378e-03 -1.0401233627770545e-03  0.0000000000000000e+00  1.0440637219422730e+00
 187 -4.8806553477341190e-04 -3.2476717444971233e-04  2.0676941243839460e-03  3.4818888072792650e-03  0.0000000000000000e+00  1.0270188983267918e+00
 188 -5.6970598302156659e-04 -2.3909056625557326e-04  4.0202172867922852e-04 -4.1729779187732238e-03  0.0000000000000000e+00  1.0367941173690292e+00
 189 -4.6002902457342943e-04 -1.3127724190011665e-04 -2.7404677910385540e-03  2.9591185296372626e-03  0.0000000000000000e+00  1.0662531694704087e+00
 190 -1.8348131640592494e-04 -1.6630303112363248e-04  3.9896625763433929e-03 -4.5501861605185559e-04  0.0000000000000000e+00  1.0776396884368675e+00
 191 -3.1504103011984331e-04 -7.7541542979100994e-05 -3.1461637123321117e-03 -2.2931100545688031e-03  0.0000000000000000e+00  1.0610361378542741e+00
 192 -5.7625210034897205e-04 -8.7333766443666819e-05  8.9995441661861440e-04  4.0766167524373051e-03  0.0000000000000000e+00  1.0532209807106296e+00
 193 -4.7208286505537252e-04  6.8820554186052173e-05  1.6137278456388362e-03 -3.8166678366445862e-03  0.0000000000000000e+00  1.0766478168232572e+00
 194 -2.2131311015125953e-04  5.5860890631550556e-05 -3.5514470141494452e-03  1.8849193803396943e-03  0.0000000000000000e+00  1.1022536024778871e+00
 195 -2.5106824944838907e-05  6.5812397228824716e-05  3.8755810443842800e-03  8.2319295262893520e-04  0.0000000000000000e+00  1.0983054626197131e+00
 196 -3.4764502420668288e-04  6.3141985147983505e-05 -2.1174184706361358e-03 -3.3973688993168675e-03  0.0000000000000000e+00  1.0797008993662733e+00
 197 -3.4608230292021479e-04  9.0708452192935602e-05 -3.2195620831676426e-04  4.1796183431863677e-03  0.0000000000000000e+00  1.0874882044460572e+00
 198 -1.6974899623751948e-04  1.6373693306010603e-04  2.6673775606481410e-03 -3.0733156947117023e-03  0.0000000000000000e+00  1.1173418284949508e+00
 199  1.3081045719674878e-04  5.6785213353620320e-05 -3.9798015696324946e-03  6.5488762564993208e-04  0.0000000000000000e+00  1.1306337453218325e+00
 200  5.1749758727659803e-05  5.4955581326397703e-05  3.2134484732720533e-03  2.1661862118203721e-03  0.0000000000000000e+00  1.1137862532336193e+00
 201 -1.9204865956109856e-04 -3.4539448150634728e-05 -1.0165507376256205e-03 -4.0359130033215127e-03  0.0000000000000000e+00  1.1042342815122885e+00
 202 -9.5466787995664105e-05  2.5777312100767286e-05 -1.4691171526780432e-03  3.8658832713038853e-03  0.0000000000000000e+00  1.1262386007592291e+00
 203  9.6326936547547724e-05 -6.2913847682602930e-05  3.4585215095870310e-03 -2.0543539758002892e-03  0.0000000000000000e+00  1.1528011669586271e+00
 204  2.7964907316645161e-04 -1.6506985971778706e-04 -3.9131816606847725e-03 -6.9538226779410712e-04  0.0000000000000000e+00  1.1496481395616931e+00
 205 -5.1845114198807226e-05 -2.1722577993061508e-04  2.2811940412168445e-03  3.3065025318414010e-03  0.0000000000000000e+00  1.1305813767320128e+00
 206 -1.4068014741490804e-04 -2.4944424880259016e-04  1.1354144406717256e-04 -4.1739205930116530e-03  0.0000000000000000e+00  1.1365377888645409e+00
 207 -7.6738932163736807e-05 -2.1389594899864651e-04 -2.4959248495978093e-03  3.2012860273337058e-03  0.0000000000000000e+00  1.1656331615169000e+00
 208  1.4333999542196705e-04 -3.6842700528621195e-04  3.9231533240413280e-03 -7.8046744152183317e-04  0.0000000000000000e+00  1.1803796019918655e+00
 209  4.8870552132244552e-05 -3.7484632210324872e-04 -3.3539579448774058e-03 -2.0481184214524678e-03  0.0000000000000000e+00  1.1644855918713684e+00
 210 -2.8814707820486098e-04 -4.3050612200728881e-04  1.2371563988742163e-03  3.9670660984014025e-03  0.0000000000000000e+00  1.1542876028254556e+00
 211 -3.1165884838569414e-04 -3.3988197941615196e-04  1.2738428295939784e-03 -3.9420190797564373e-03  0.0000000000000000e+00  1.1746283375306674e+00
 212 -1.9752323819048192e-04 -3.7777455514978296e-04 -3.3385011479167837e-03  2.1661558867555673e-03  0.0000000000000000e+00  1.2018066388898399e+00
 213 -2.7457332680354393e-05 -4.1391845675394607e-04  3.9491338678682439e-03  5.7209116657476694e-04  0.0000000000000000e+00  1.2007610549934473e+00
 214 -3.7335991367247728e-04 -3.7489542521429263e-04 -2.4494368589701911e-03 -3.1649157792289452e-03  0.0000000000000000e+00  1.1823741088777924e+00
 215 -5.3348110913188944e-04 -3.3431696023347404e-04  4.4304122865912805e-05  4.1932932904780581e-03  0.0000000000000000e+00  1.1865799591514417e+00
 216 -4.7022267233600047e-04 -2.0144145991019092e-04  2.3844151128426705e-03 -3.2883110537887967e-03  0.0000000000000000e+00  1.2151748253769827e+00
 217 -2.1774306186754210e-04 -2.5349913167672217e-04 -3.8963419265717718e-03  9.0888079014407477e-04  0.0000000000000000e+00  1.2317168577159336e+00
 218 -2.5421493819752157e-04 -1.6946143968797842e-04  3.4440529599119945e-03  1.8543086658531771e-03  0.0000000000000000e+00  1.2180539438466427e+00
 219 -5.9070750064197904e-04 -1.7175994832913506e-04 -1.3268204803248945e-03 -3.9202258971259476e-03  0.0000000000000000e+00  1.2060133083346889e+00
 220 -5.3943236757518173e-04 -2.5054964291193496e-05 -1.1962612288209165e-03  3.9942859355623994e-03  0.0000000000000000e+00  1.2251554938947384e+00
 221 -3.3304065489496025e-04  7.3332672378946195e-06  3.3009819655505403e-03 -2.2875387866563780e-03  0.0000000000000000e+00  1.2532221602004892e+00
 222 -8.0619608548849559e-05  5.7922833459865736e-06 -3.9836335811520591e-03 -3.6038415395439063e-04  0.0000000000000000e+00  1.2547721661824733e+00
 223 -3.5868728656982853e-04  4.6805636160648807e-05  2.5021156790842468e-03  3.0385604566666568e-03  0.0000000000000000e+00  1.2356301395801845e+00
 224 -4.4156858964732130e-04  5.3189202697570725e-05 -1.1136497502890572e-04 -4.1957385823931199e-03  0.0000000000000000e+00  1.2375070114921878e+00
 225 -2.7857418683801795e-04  1.7068388221768717e-04 -2.3154387571392402e-03  3.3729976561372959e-03  0.0000000000000000e+00  1.2661323159096691e+00
 226  2.0067865973713402e-05  8.7085220372620702e-05  3.8774439995993785e-03 -1.1107043575454311e-03  0.0000000000000000e+00  1.2845611643565364e+00
 227  5.2406853732214507e-05  9.3946520511868550e-05 -3.4995391595149354e-03 -1.6870998884465735e-03  0.0000000000000000e+00  1.2714821969115655e+00
 228 -2.4775302243594039e-04  1.8812939043566436e-05  1.4118807319411144e-03  3.8753389305531544e-03  0.0000000000000000e+00  1.2575517529286078e+00
 229 -1.6172621661976800e-04  7.2426981839843424e-05  1.0719091586533465e-03 -4.0201808768843342e-03  0.0000000000000000e+00  1.2751456569344430e+00
 230  2.2571296662014986e-05  3.9009268360111882e-05 -3.2111387041769625e-03  2.4504081999354157e-03  0.0000000000000000e+00  1.3040046128525589e+00
 231  2.6845122114394518e-04 -7.9930846672459968e-05  3.9991606704537887e-03  2.0400866992825723e-04  0.0000000000000000e+00  1.3068146843866142e+00
 232  3.3223701761381667e-06 -1.1375935077927744e-04 -2.6275336502335303e-03 -2.9507807487971168e-03  0.0000000000000000e+00  1.2870425904409422e+00
 233 -1.3121078173803611e-04 -1.7969755527563690e-04  2.9507266368359117e-04  4.1692852322476066e-03  0.0000000000000000e+00  1.2872723238680119e+00
 234 -5.7093560401749688e-05 -1.2785746748112547e-04  2.1459176172775561e-03 -3.4791351468736694e-03  0.0000000000000000e+00  1.3147996126696790e+00
 235  1.5271017121217648e-04 -2.8051579123362561e-04 -3.7991035630312907e-03  1.2551037079193863e-03  0.0000000000000000e+00  1.3345197374407254e+00
 236  1.6722834578040063e-04 -3.2285215028068193e-04  3.6007546956086439e-03  1.5819170468979100e-03  0.0000000000000000e+00  1.3221184309491791e+00
 237 -1.9689026159984803e-04 -3.8741617211831897e-04 -1.6265565183514925e-03 -3.7849331191461368e-03  0.0000000000000000e+00  1.3078563593857309e+00
 238 -2.4046189507698015e-04 -3.3876146011349226e-04 -8.5847505607317641e-04  4.0689030779064187e-03  0.0000000000000000e+00  1.3235469974409517e+00
 239 -1.6198221173303778e-04 -3.4847358829369823e-04  3.0631680313915610e-03 -2.5752123804710612e-03  0.0000000000000000e+00  1.3524871588881362e+00
 240  4.4071936746783521e-05 -4.3893784599498845e-04 -3.9992522620378454e-03 -9.4122174086721863e-05  0.0000000000000000e+00  1.3570852307184287e+00
 241 -2.3222262149112590e-04 -4.0113432365203186e-04  2.8040204315432451e-03  2.8027589554214419e-03  0.0000000000000000e+00  1.3384657344019808e+00
 242 -4.6744405389201094e-04 -4.0288575316174024e-04 -4.8416134787738937e-04 -4.1600889595424179e-03  0.0000000000000000e+00  1.3371976185671035e+00
 243 -4.4235891270621400e-04 -2.6517524487096149e-04 -2.0038475240425216e-03  3.5718737395707507e-03  0.0000000000000000e+00  1.3637924654174205e+00
 244 -2.3379278054732488e-04 -3.2384012968624974e-04  3.7423069664964991e-03 -1.3638543623131875e-03  0.0000000000000000e+00  1.3849450082645443e+00
 245 -1.8129516529700402e-04 -2.6674786314461385e-04 -3.6842189596571796e-03 -1.4057525199391695e-03  0.0000000000000000e+00  1.3751137046885127e+00
 246 -5.5801676289481952e-04 -2.5223672780103485e-04  1.7422424152606576e-03  3.7003355365052568e-03  0.0000000000000000e+00  1.3598682745858999e+00
 247 -5.7388971364646696e-04 -1.3347018176245221e-04  7.6227391170090504e-04 -4.1163947741173030e-03  0.0000000000000000e+00  1.3739987557078610e+00
 248 -4.1797122981987011e-04 -5.5855423105269685e-05 -3.0068615821663754e-03  2.6695149102926581e-03  0.0000000000000000e+00  1.4033293233596598e+00
 249 -1.3848502672352778e-04 -7.4751284529187622e-05  4.0166090963899689e-03 -9.4121142558783831e-05  0.0000000000000000e+00  1.4103900333291526e+00
 250 -3.4113621976916637e-04 -6.8537677557468259e-07 -2.8704613856112282e-03 -2.6352560236331578e-03  0.0000000000000000e+00  1.3921403476266787e+00
 251 -5.2223123748353919e-04 -9.5379000089941861e-06  5.4810845969405556e-04  4.1551823714253266e-03  0.0000000000000000e+00  1.3883611690892519e+00
 252 -3.8367345978314148e-04  1.3594322425178931e-04  1.9364237300808320e-03 -3.6361396165074133e-03  0.0000000000000000e+00  1.4145608290642750e+00
 253 -1.0483857363125125e-04  8.6791216887251177e-05 -3.7182122643642716e-03  1.5489297462629645e-03  0.0000000000000000e+00  1.4373737571366110e+00
 254  2.7126150391223571e-05  9.5816891825159490e-05  3.7343477001184466e-03  1.2041708350985579e-03  0.0000000000000000e+00  1.4291137175733202e+00
 255 -3.0109204754700391e-04  5.4148453895228746e-05 -1.8032451219858968e-03 -3.6412421067175491e-03  0.0000000000000000e+00  1.4120063173453363e+00
 256 -2.5010422503932855e-04  9.3720505313731956e-05 -6.6163693978070113e-04  4.1279025333754073e-03  0.0000000000000000e+00  1.4243979532487683e+00
 257 -7.0646713747839776e-05  1.1891297332253253e-04  2.9246628521677693e-03 -2.8098670308474355e-03  0.0000000000000000e+00  1.4543202449232373e+00
 258  2.1361061140662098e-04 -1.8842932042031160e-06 -4.0157060646240240e-03  2.7716018120766301e-04  0.0000000000000000e+00  1.4630654283265925e+00
 259  4.4154547346811962e-05 -1.8024374225246991e-05  2.9605250746316879e-03  2.5356569945541411e-03  0.0000000000000000e+00  1.4442230217908147e+00
 260 -1.4956117432073673e-04 -1.0497196115217647e-04 -6.9859111730050149e-04 -4.1168655976799593e-03  0.0000000000000000e+00  1.4388540368645848e+00
 261 -6.2527406975637618e-05 -4.6266869993242534e-05 -1.7756332131282004e-03  3.7110519785140748e-03  0.0000000000000000e+00  1.4637138676338124e+00
 262  1.3391701590060107e-04 -1.7231213769480167e-04  3.6263387777262877e-03 -1.7099108785301720e-03  0.0000000000000000e+00  1.4876089398793815e+00
 263  2.4781415228850571e-04 -2.5122575571299830e-04 -3.7972235402327363e-03 -1.0951460753154342e-03  0.0000000000000000e+00  1.4799541830804042e+00
 264 -1.1344806214959720e-04 -3.1213068338530818e-04  1.9976104140342335e-03  3.5444463426022666e-03  0.0000000000000000e+00  1.4625663911591025e+00
 265 -1.8083285603298369e-04 -3.0869752834431207e-04  4.4244185827152239e-04 -4.1457454355033020e-03  0.0000000000000000e+00  1.4730196095822801e+00
 266 -1.1975513876438263e-04 -2.8988955881807291e-04 -2.7582359184984253e-03  2.9421794742919912e-03  0.0000000000000000e+00  1.5025198054756521e+00
 267  1.0018994211929321e-04 -4.2297389852680390e-04  3.9818856353134938e-03 -3.8970575024273589e-04  0.0000000000000000e+00  1.5128547123477560e+00
 268 -8.1458550658197065e-05 -4.0187282029880653e-04 -3.1252112397258157e-03 -2.3993569594055876e-03  0.0000000000000000e+00  1.4952289058522041e+00
 269 -3.8125403024786290e-04 -4.3660335179811606e-04  9.0975937328163596e-04  4.0742401854573810e-03  0.0000000000000000e+00  1.4888166525088704e+00
 270 -3.8612556781820285e-04 -3.1551227170484628e-04  1.6045788933741314e-03 -3.8005917346955009e-03  0.0000000000000000e+00  1.5123346561947688e+00
 271 -2.3033393329556954e-04 -3.6609621087688090e-04 -3.5361435423448551e-03  1.8137339151567604e-03  0.0000000000000000e+00  1.5372478867413444e+00
 272 -1.0374499420494480e-04 -3.5378351593494162e-04  3.8588900666747554e-03  9.4766720415868336e-04  0.0000000000000000e+00  1.5320343379955383e+00
 273 -4.7924926400086458e-04 -3.2118095847416946e-04 -2.1420011366244055e-03 -3.4230802742489836e-03  0.0000000000000000e+00  1.5146295354781296e+00
 274 -5.7225512265753585e-04 -2.4262821861530172e-04 -3.1768937033424240e-04  4.1817557921003034e-03  0.0000000000000000e+00  1.5233101358050862e+00
 275 -4.6694721246521486e-04 -1.2705670512242501e-04  2.6755108550686156e-03 -3.0258205897206094e-03  0.0000000000000000e+00  1.5527089784042623e+00
 276 -1.8965682553119575e-04 -1.6472190433156696e-04 -3.9775971224849304e-03  5.4597682517660987e-04  0.0000000000000000e+00  1.5651516997618564e+00
 277 -3.0026591904494071e-04 -7.5922994820199060e-05  3.2065999023028835e-03  2.2064757814667913e-03  0.0000000000000000e+00  1.5490375984924869e+00
 278 -5.7497299321212093e-04 -8.7359037394976955e-05 -9.8100792422300270e-04 -4.0519162315087939e-03  0.0000000000000000e+00  1.5402785914583459e+00
 279 -4.7545584931980557e-04  6.6414824781185235e-05 -1.5354635972889461e-03  3.8549149853356452e-03  0.0000000000000000e+00  1.5629533960824027e+00
 280 -2.3065480005135191e-04  6.0032187813994876e-05  3.5072051349760874e-03 -1.9671560207944676e-03  0.0000000000000000e+00  1.5891545264234042e+00
 281 -2.0309401466286147e-05  6.4458808732441447e-05 -3.9024108668244831e-03 -7.3043946649946172e-04  0.0000000000000000e+00  1.5862602301469599e+00
 282 -3.3613600328474911e-04  6.6911154658963760e-05  2.1916833378824744e-03  3.3332278765180407e-03  0.0000000000000000e+00  1.5673960211549560e+00
 283 -3.4787184521783998e-04  8.6651962458572903e-05  2.3803876580163539e-04 -4.1861477263210600e-03  0.0000000000000000e+00  1.5740314900517320e+00
 284 -1.7461628650352519e-04  1.6556145834013984e-04 -2.6004686915199948e-03  3.1352197222630656e-03  0.0000000000000000e+00  1.6037412285117683e+00
 285  1.2507802646359248e-04  5.7616761341705844e-05  3.9641422667399439e-03 -7.4568259476740840e-04  0.0000000000000000e+00  1.6180718184349767e+00
 286  6.6841431948838669e-05  5.4186671084800407e-05 -3.2728324111482290e-03 -2.0759849167440764e-03  0.0000000000000000e+00  1.6018081559627158e+00
 287 -1.9047633877704084e-04 -3.6125543378237991e-05  1.0967656576500381e-03  4.0091267268401384e-03  0.0000000000000000e+00  1.5913437426342623e+00
 288 -9.8587244567026919e-05  2.0910621838516082e-05  1.3894593151121766e-03 -3.8996977523904925e-03  0.0000000000000000e+00  1.6125301404002939e+00
 289  8.6980928959598682e-05 -5.9906061247470771e-05 -3.4109322781790950e-03  2.1352443585794362e-03  0.0000000000000000e+00  1.6396198074267554e+00
 290  2.8174006052918247e-04 -1.6795142314699520e-04  3.9351975631277064e-03  6.0082632384722112e-04  0.0000000000000000e+00  1.6375856663698518e+00
 291 -4.1520462634152303e-05 -2.1596957365360595e-04 -2.3536305510633605e-03 -3.2412618660498725e-03  0.0000000000000000e+00  1.6182919188901670e+00
 292 -1.4291009471453201e-04 -2.5424952726656901e-04 -2.9433176677979305e-05  4.1765560874446632e-03  0.0000000000000000e+00  1.6231416072934692e+00
 293 -8.2174265513801920e-05 -2.1314656390687247e-04  2.4267044193875828e-03 -3.2602726551609969e-03  0.0000000000000000e+00  1.6520027671029909e+00
 294  1.3440264220105022e-04 -3.6716557060396466e-04 -3.9019811484878497e-03  8.7254332661840554e-04  0.0000000000000000e+00  1.6677777331584780e+00
 295  6.0154175076052323e-05 -3.7639496300987231e-04  3.4074299064044047e-03  1.9589283138443628e-03  0.0000000000000000e+00  1.6525010376569731e+00
 296 -2.8652721940014781e-04 -4.3117696618693338e-04 -1.3166595278978556e-03 -3.9353417968295791e-03  0.0000000000000000e+00  1.6414706136923427e+00
 297 -3.1538844997579783e-04 -3.4391495224633865e-04 -1.1928130838964744e-03  3.9718752115971380e-03  0.0000000000000000e+00  1.6609625100956937e+00
 298 -2.0831720416745287e-04 -3.7286714350622983e-04  3.2875965276454046e-03 -2.2470719786798423e-03  0.0000000000000000e+00  1.6885715703533493e+00
 299 -2.8149980063157336e-05 -4.1492279258715462e-04 -3.9646534998045886e-03 -4.7897058574587162e-04  0.0000000000000000e+00  1.6886355636630646e+00
 300 -3.6219670653294783e-04 -3.7164488613307292e-04  2.5202447129186339e-03  3.0960369780627926e-03  0.0000000000000000e+00  1.6701320440459557e+00
 301 -5.3544028063748134e-04 -3.3732938520751496e-04 -1.2874150471312083e-04 -4.1917652610534992e-03  0.0000000000000000e+00  1.6732349005150733e+00
 302 -4.7571279387221085e-04 -1.9913394331162729e-04 -2.3140242940338750e-03  3.3467853489585015e-03  0.0000000000000000e+00  1.7015379632021204e+00
 303 -2.2656306554421791e-04 -2.5078711222110354e-04  3.8721293924425687e-03 -9.9900472984656812e-04  0.0000000000000000e+00  1.7190429711972786e+00
 304 -2.4226738623180707e-04 -1.6935945829347931e-04 -3.4949282803165200e-03 -1.7645456302632005e-03  0.0000000000000000e+00  1.7060867232973320e+00
 305 -5.8697586259353772e-04 -1.6987280874845189e-04  1.4056617684570095e-03  3.8828529690697298e-03  0.0000000000000000e+00  1.6932886254083577e+00
 306 -5.4255128445533283e-04 -2.8246563201033895e-05  1.1152038774071798e-03 -4.0221462072587769e-03  0.0000000000000000e+00  1.7115098067017855e+00
 307 -3.4205345959665884e-04  1.2381411923582897e-05 -3.2484762083713650e-03  2.3651230747951226e-03  0.0000000000000000e+00  1.7399444581252423e+00
 308 -8.0148059884212354e-05  5.3909092320812999e-06  3.9961964941168607e-03  2.6849289541046914e-04  0.0000000000000000e+00  1.7425883926887382e+00
 309 -3.4401702445369694e-04  5.0669334349683369e-05 -2.5734663147513942e-03 -2.9635988662604232e-03  0.0000000000000000e+00  1.7234661617875593e+00
 310 -4.4257237539782910e-04  5.0041593007811961e-05  1.9527582932062150e-04  4.1920331209182428e-03  0.0000000000000000e+00  1.7241953936011218e+00
 311 -2.8237454003407161e-04  1.7071883215347518e-04  2.2435183049256068e-03 -3.4275026234212866e-03  0.0000000000000000e+00  1.7524455644297667e+00
 312  1.2567704990462338e-05  8.8921052432947766e-05 -3.8504513812330290e-03  1.1993296312559844e-03  0.0000000000000000e+00  1.7717975656403175e+00
 313  6.4997610308184471e-05  9.2112525534830038e-05  3.5495749187153401e-03  1.5939959307305442e-03  0.0000000000000000e+00  1.7595394520404757e+00
 314 -2.4342159255887389e-04  1.9254102193422682e-05 -1.4898412121943448e-03 -3.8355174381132402e-03  0.0000000000000000e+00  1.7448913907639392e+00
 315 -1.6471818067420604e-04  6.7264331909170231e-05 -9.9036896988325546e-04  4.0444655315715894e-03  0.0000000000000000e+00  1.7615085180944112e+00
 316  1.4469242656395252e-05  4.2163766774995382e-05  3.1561044604975692e-03 -2.5247075581434912e-03  0.0000000000000000e+00  1.7906597122233125e+00
 317  2.6696571396767272e-04 -8.1595627980247807e-05 -4.0073519721994686e-03 -1.1051384607042538e-04  0.0000000000000000e+00  1.7946137589111004e+00
 318  1.6753176021669351e-05 -1.1267192324867341e-04  2.6967684473239075e-03  2.8744366487727102e-03  0.0000000000000000e+00  1.7748989336797445e+00
 319 -1.3251084694847900e-04 -1.8372020035794086e-04 -3.7849326966107579e-04 -4.1622999197086985e-03  0.0000000000000000e+00  1.7740311972234015e+00
 320 -6.1084361767502768e-05 -1.2958420370450511e-04 -2.0718543551076908e-03  3.5292144514212521e-03  0.0000000000000000e+00  1.8010975917387708e+00
 321  1.4281447766685741e-04 -2.7834173748440198e-04  3.7671627252950333e-03 -1.3447406156600688e-03  0.0000000000000000e+00  1.8217017774053017e+00
 322  1.7590805965658643e-04 -3.2562842901288273e-04 -3.6446219353775725e-03 -1.4889684519437656e-03  0.0000000000000000e+00  1.8101566916881009e+00
 323 -1.9270889640835527e-04 -3.8710129912088327e-04  1.7035694124054182e-03  3.7414847107686278e-03  0.0000000000000000e+00  1.7952411857115624e+00
 324 -2.4382840068641457e-04 -3.4365055712311465e-04  7.7548602400606573e-04 -4.0886863832526260e-03  0.0000000000000000e+00  1.8099498066072328e+00
 325 -1.7115916988481251e-04 -3.4408359342523784e-04 -3.0050869284024800e-03  2.6494053148355639e-03  0.0000000000000000e+00  1.8390851982126935e+00
 326  3.9575878294850930e-05 -4.3925475289477385e-04  4.0010884178189850e-03  7.9208844508868532e-07  0.0000000000000000e+00  1.8448278088317418e+00
 327 -2.1969637137922183e-04 -3.9923643310397366e-04 -2.8700652348445641e-03 -2.7252738571019453e-03  0.0000000000000000e+00  1.8263480864456170e+00
 328 -4.6850371270106174e-04 -4.0514172330423788e-04  5.6748574758967490e-04  4.1481473657294116e-03  0.0000000000000000e+00  1.8240299547746397e+00
 329 -4.4680519528310825e-04 -2.6539902574612294e-04  1.9288972587466946e-03 -3.6206533572295586e-03  0.0000000000000000e+00  1.8501122298666708e+00
 330 -2.4437731404024140e-04 -3.2007767730521559e-04 -3.7072885849347920e-03  1.4521419146782729e-03  0.0000000000000000e+00  1.8720751606344086e+00
 331 -1.7355385439783046e-04 -2.6770957536767455e-04  3.7235246816189204e-03  1.3142317962322953e-03  0.0000000000000000e+00  1.8631318572651032e+00
 332 -5.5136566616040966e-04 -2.4902300002249380e-04 -1.8187498571629280e-03 -3.6505806656766861e-03  0.0000000000000000e+00  1.8473432534474103e+00
 333 -5.7669852733646611e-04 -1.3706288473591587e-04 -6.7901172297931875e-04  4.1336380128646696e-03  0.0000000000000000e+00  1.8604311559967484e+00
 334 -4.2593772187428147e-04 -5.0859057164342462e-05  2.9470390103970784e-03 -2.7415550625606079e-03  0.0000000000000000e+00  1.8898924252520493e+00
 335 -1.4187854087679958e-04 -7.4097636735408085e-05 -4.0152042524135966e-03  1.8540878748375146e-04  0.0000000000000000e+00  1.8980433033446333e+00
 336 -3.2540188768419753e-04  2.1295517083682129e-06  2.9368711843184444e-03  2.5525833805976521e-03  0.0000000000000000e+00  1.8800854592675036e+00
 337 -5.2226172503111576e-04 -1.1199960140801635e-05 -6.3073799726916322e-04 -4.1403268201472034e-03  0.0000000000000000e+00  1.8752439468485562e+00
 338 -3.8713799370564654e-04  1.3435989930280073e-04 -1.8607111509695733e-03  3.6821085711333953e-03  0.0000000000000000e+00  1.9008507044234897e+00
 339 -1.1367294261613037e-04  8.9827103448011773e-05  3.6812627260747743e-03 -1.6343402330377436e-03  0.0000000000000000e+00  1.9244230561210089e+00
 340  3.5595218292001825e-05  9.3857010093014687e-05 -3.7722826596054628e-03 -1.1107328286291834e-03  0.0000000000000000e+00  1.9171448961786044e+00
 341 -2.9294892291057236e-04  5.6700406008123364e-05  1.8791387814788122e-03  3.5876618683729614e-03  0.0000000000000000e+00  1.8995606150402753e+00
 342 -2.5256097614116153e-04  8.9035652540768467e-05  5.7857425036385226e-04 -4.1423910939866974e-03  0.0000000000000000e+00  1.9108554227597905e+00
 343 -7.6929888340495993e-05  1.2166267911891513e-04 -2.8627119807830745e-03  2.8772590891688976e-03  0.0000000000000000e+00  1.9408263060958377e+00
 344  2.0944658474258518e-04 -2.0602971910170695e-06  4.0102219846625299e-03 -3.6927009371434563e-04  0.0000000000000000e+00  1.9506751453235049e+00
 345  5.9348627970347775e-05 -1.7812004612151269e-05 -3.0251752044852288e-03 -2.4503846510377804e-03  0.0000000000000000e+00  1.9321866056465060e+00
 346 -1.4953292018351447e-04 -1.0784494789072355e-04  7.8047176730994532e-04  4.0994632929573218e-03  0.0000000000000000e+00  1.9257951524849308e+00
 347 -6.5806175129459111e-05 -5.0094101092940549e-05  1.6979829233909577e-03 -3.7521618335476787e-03  0.0000000000000000e+00  1.9499864658916446e+00
 348  1.2399667484394049e-04 -1.6953622992042046e-04 -3.5852039140488105e-03  1.7954043360979982e-03  0.0000000000000000e+00  1.9745802907679146e+00
 349  2.5294734236922331e-04 -2.5443493768701055e-04  3.8295645474872276e-03  1.0005718597731836e-03  0.0000000000000000e+00  1.9679608713944152e+00
 350 -1.0599616346861514e-04 -3.1112136983033696e-04 -2.0721137517982473e-03 -3.4889175731918245e-03  0.0000000000000000e+00  1.9501396014122576e+00
 351 -1.8364097729512996e-04 -3.1374741091689271e-04 -3.5844873080489699e-04  4.1558984124269449e-03  0.0000000000000000e+00  1.9595225093257478e+00
 352 -1.2681724477185081e-04 -2.8716707616067728e-04  2.6936869530762675e-03 -3.0082760063998583e-03  0.0000000000000000e+00  1.9889787333196054e+00
 353  9.2786865896487625e-05 -4.2244020111110970e-04 -3.9704933274317946e-03  4.8269714879878089e-04  0.0000000000000000e+00  2.0004199607479745e+00
 354 -6.9031000483153689e-05 -4.0189943043123525e-04  3.1849411222582016e-03  2.3147611594246430e-03  0.0000000000000000e+00  1.9831988773235756e+00
 355 -3.8105674527424765e-04 -4.3798652753035763e-04 -9.9114259335241709e-04 -4.0514919366312300e-03  0.0000000000000000e+00  1.9758406490424223e+00
 356 -3.9007340184428279e-04 -3.1811447716796246e-04 -1.5258982960079835e-03  3.8389131672770423e-03  0.0000000000000000e+00  1.9986466947644579e+00
 357 -2.4157256757547139e-04 -3.6146348395264480e-04  3.4917841516167274e-03 -1.8986760898698938e-03  0.0000000000000000e+00  2.0241708013814415e+00
 358 -1.0075727134162895e-04 -3.5502157415101640e-04 -3.8853077872472697e-03 -8.5513307395716038e-04  0.0000000000000000e+00  2.0199871561875971e+00
 359 -4.6981156956009157e-04 -3.1748626075463833e-04  2.2157399684794724e-03  3.3620699090934807e-03  0.0000000000000000e+00  2.0022713332206474e+00
 360 -5.7467799239968814e-04 -2.4607527848730169e-04  2.3325360473686258e-04 -4.1885439195510025e-03  0.0000000000000000e+00  2.0098483249584391e+00
 361 -4.7352497001720319e-04 -1.2315414368388943e-04 -2.6094350605725060e-03  3.0910115760188050e-03  0.0000000000000000e+00  2.0391416056849798e+00
 362 -1.9630852429966897e-04 -1.6293389032722943e-04  3.9631167495107001e-03 -6.3674072932046633e-04  0.0000000000000000e+00  2.0526256767209232e+00
 363 -2.8578394369851859e-04 -7.4623948747591862e-05 -3.2654696218498876e-03 -2.1189708388775928e-03  0.0000000000000000e+00  2.0370489021386042e+00
 364 -5.7326871638695447e-04 -8.7021723846486811e-05  1.0616118456221375e-03  4.0248148981611304e-03  0.0000000000000000e+00  2.0273784198673104e+00
 365 -4.7876648238501289e-04  6.3763151907423346e-05  1.4566560137097232e-03 -3.8911639279632063e-03  0.0000000000000000e+00  2.0492640845827483e+00
 366 -2.3994249412270918e-04  6.4354876148940129e-05 -3.4613137958847190e-03  2.0484478044737976e-03  0.0000000000000000e+00  2.0760181979655119e+00
 367 -1.6354151863748786e-05  6.3210584774464460e-05  3.9265379061324806e-03  6.3780582543704800e-04  0.0000000000000000e+00  2.0741913824809703e+00
 368 -3.2392088867338651e-04  7.0722379959551593e-05 -2.2654708557755857e-03 -3.2667976488555666e-03  0.0000000000000000e+00  2.0551201445011871e+00
 369 -3.4951597578859853e-04  8.2693338132653742e-05 -1.5405585642709363e-04  4.1907413740167234e-03  0.0000000000000000e+00  2.0605985872026973e+00
 370 -1.7918883410815320e-04  1.6698836614858698e-04  2.5324631015943692e-03 -3.1956351399474543e-03  0.0000000000000000e+00  2.0901175258119631e+00
 371  1.1893930566102883e-04  5.8617672508905136e-05 -3.9461113779939837e-03  8.3617791364757590e-04  0.0000000000000000e+00  2.1054685490722660e+00
 372  8.1546304454482724e-05  5.3083890030599466e-05  3.3305689178039504e-03  1.9849772784005944e-03  0.0000000000000000e+00  2.0898384605851041e+00
 373 -1.8848260949704879e-04 -3.7419626219489446e-05 -1.1765298602672187e-03 -3.9799432528604961e-03  0.0000000000000000e+00  2.0784952369532750e+00
 374 -1.0170633410034626e-04  1.5866429775840211e-05 -1.3093558187677263e-03  3.9316082672737262e-03  0.0000000000000000e+00  2.0988310829353201e+00
 375  7.7760185270159377e-05 -5.6834713423093786e-05  3.3617885784301927e-03 -2.2149738823169425e-03  0.0000000000000000e+00  2.1264025522498251e+00
 376  2.8297661984581551e-04 -1.7065834951742996e-04 -3.9544471542258802e-03 -5.0639657812087040e-04  0.0000000000000000e+00  2.1254991130242611e+00
 377 -3.0621551357586225e-05 -2.1472673741269063e-04  2.4254337548670389e-03  3.1738411933431494e-03  0.0000000000000000e+00  2.1060307370660034e+00
 378 -1.4499705188861532e-04 -2.5891653952230540e-04 -5.4624631624289083e-05 -4.1772763526597631e-03  0.0000000000000000e+00  2.1097729847096489e+00
 379 -8.7325771923268803e-05 -2.1282370758744668e-04 -2.3564538308946999e-03  3.3175757662992915e-03  0.0000000000000000e+00  2.1383546354281493e+00
 380  1.2511703500583111e-04 -3.6567033398963598e-04  3.8785311343153867e-03 -9.6427389949480121e-04  0.0000000000000000e+00  2.1551333212507036e+00
 381  7.0948384661812086e-05 -3.7817179431473682e-04 -3.4590639904133352e-03 -1.8689577202801390e-03  0.0000000000000000e+00  2.1405222525515857e+00
 382 -2.8446464927589721e-04 -4.3156103962410587e-04  1.3956754244540987e-03  3.9012845889391558e-03  0.0000000000000000e+00  2.1286926446759562e+00
 383 -3.1907492060357268e-04 -3.4810059691440766e-04  1.1113382863759645e-03 -3.9997476647565238e-03  0.0000000000000000e+00  2.1473067530530687e+00
 384 -2.1888917288361365e-04 -3.6790383812422897e-04 -3.2352386753628963e-03  2.3268327003326495e-03  0.0000000000000000e+00  2.1753008374940430e+00
 385 -2.9612380926597330e-05 -4.1574698517401419e-04  3.9774997507516707e-03  3.8588058095600695e-04  0.0000000000000000e+00  2.1764843759124957e+00
 386 -3.5057948612631846e-04 -3.6847531812072984e-04 -2.5902687987625645e-03 -3.0252716320135990e-03  0.0000000000000000e+00  2.1579161605728996e+00
 387 -5.3722815305517568e-04 -3.4015985309265742e-04  2.1304139687854345e-04  4.1882239956178291e-03  0.0000000000000000e+00  2.1599201762136602e+00
 388 -4.8094054551481796e-04 -1.9726004226879796e-04  2.2427057337092737e-03 -3.4035078773909763e-03  0.0000000000000000e+00  2.1878876585227203e+00
 389 -2.3571114459324219e-04 -2.4785993631996358e-04 -3.8457590025956986e-03  1.0887662622124095e-03  0.0000000000000000e+00  2.2063294134036808e+00
 390 -2.3093775656718197e-04 -1.6948919210579781e-04  3.5437854562710112e-03  1.6743014589692435e-03  0.0000000000000000e+00  2.1941201833566271e+00
 391 -5.8264815567885854e-04 -1.6764565773791476e-04 -1.4840489715975708e-03 -3.8429874942513724e-03  0.0000000000000000e+00  2.1806048312548376e+00
 392 -5.4558592378227530e-04 -3.1567962063986735e-05 -1.0337026933301065e-03  4.0479568595763486e-03  0.0000000000000000e+00  2.1978753964306925e+00
 393 -3.5082592268996559e-04  1.7442971178861489e-05  3.1944951822273316e-03 -2.4415821532059161e-03  0.0000000000000000e+00  2.2266324403777409e+00
 394 -8.0403750715988501e-05  5.1571995843069272e-06 -4.0060379782574096e-03 -1.7673307641548138e-04  0.0000000000000000e+00  2.2303733526814806e+00
 395 -3.2891375414611048e-04  5.4346092507515121e-05  2.6440759228731209e-03  2.8868248931291571e-03  0.0000000000000000e+00  2.2113252439209927e+00
 396 -4.4341136113373631e-04  4.7077560428652795e-05 -2.7899761826755625e-04 -4.1862950354090173e-03  0.0000000000000000e+00  2.2109166292980609e+00
 397 -2.8602230929710012e-04  1.7031019849020099e-04 -2.1707601118067833e-03  3.4803401177250642e-03  0.0000000000000000e+00  2.2387469643982878e+00
 398  4.7739557890577134e-06  9.0918758836293308e-05  3.8213966502687398e-03 -1.2874355503207512e-03  0.0000000000000000e+00  2.2589945461335392e+00
 399  7.6849156300430344e-05  9.0080205965242926e-05 -3.5974501339530126e-03 -1.5006004963606591e-03  0.0000000000000000e+00  2.2475956116286104e+00
 400 -2.3846834367991440e-04  2.0013254667057228e-05  1.5673632032663200e-03  3.7931248144390719e-03  0.0000000000000000e+00  2.2322725154815788e+00
 401 -1.6765452883002235e-04  6.2086025266180439e-05  9.0848874210526325e-04 -4.0668033485254627e-03  0.0000000000000000e+00  2.2478872697928587e+00
 402  6.6541711394261459e-06  4.5261231240378617e-05 -3.0996432019969873e-03  2.5976789559426523e-03  0.0000000000000000e+00  2.2772826475815200e+00
 403  2.6478249999285335e-04 -8.3006712552403066e-05  4.0127556305681565e-03  1.7209664694900050e-05  0.0000000000000000e+00  2.2823787854968267e+00
 404  3.0535596065327682e-05 -1.1177287543567477e-04 -2.7651403407961089e-03 -2.7962769564641578e-03  0.0000000000000000e+00  2.2627767310339180e+00
 405 -1.3361458744617943e-04 -1.8755346597221171e-04  4.6167145951884862e-04  4.1533058462539223e-03  0.0000000000000000e+00  2.2608232874730021e+00
 406 -6.4925842469022596e-05 -1.3174075525460374e-04  1.9969815656747793e-03 -3.5775298734725875e-03  0.0000000000000000e+00  2.2873867217206363e+00
 407  1.3274486367733515e-04 -2.7597575847388480e-04 -3.7332520258435437e-03  1.4337615766908463e-03  0.0000000000000000e+00  2.3088411911449667e+00
 408  1.8383999118037040e-04 -3.2850555315673948e-04  3.6862351457371515e-03  1.3956503568298654e-03  0.0000000000000000e+00  2.2981911543198557e+00
 409 -1.8794779210474201e-04 -3.8655127071706661e-04 -1.7800749938704323e-03 -3.6956483107590996e-03  0.0000000000000000e+00  2.2826631927334771e+00
 410 -2.4711688286303661e-04 -3.4854974853115234e-04 -6.9221847097636097e-04  4.1065303594798553e-03  0.0000000000000000e+00  2.2963695964154440e+00
 411 -1.7998226191750214e-04 -3.3983880958889275e-04  2.9457007580210846e-03 -2.7221872485047689e-03  0.0000000000000000e+00  2.3256533335522467e+00
 412  3.4441770859693180e-05 -4.3934732780379407e-04 -4.0002701886754219e-03  9.2437171323996015e-05  0.0000000000000000e+00  2.3325368398049360e+00
 413 -2.0701603793828318e-04 -3.9757819145828932e-04  2.9350077280285106e-03  2.6462679294523119e-03  0.0000000000000000e+00  2.3142499394629295e+00
 414 -4.6933036127388343e-04 -4.0715966314781052e-04 -6.5047980588101310e-04 -4.1340938566559564e-03  0.0000000000000000e+00  2.3108980420557201e+00
 415 -4.5111267862371125e-04 -2.6604888655276220e-04 -1.8531936858672232e-03  3.6675065322602208e-03  0.0000000000000000e+00  2.3364272073842938e+00
 416 -2.5511797996957008e-04 -3.1610353511722937e-04  3.6703909547475162e-03 -1.5398170097216735e-03  0.0000000000000000e+00  2.3591642108787552e+00
 417 -1.6661957125955408e-04 -2.6874237535750981e-04 -3.7604640482978876e-03 -1.2224973847637737e-03  0.0000000000000000e+00  2.3511400392676136e+00
 418 -5.4405104700436995e-04 -2.4557543899698291e-04  1.8947828092463999e-03  3.5984279639163837e-03  0.0000000000000000e+00  2.3348539765836547e+00
 419 -5.7940445003252822e-04 -1.4066528707890136e-04  5.9546246284399745e-04 -4.1488624903418961e-03  0.0000000000000000e+00  2.3468801366522194e+00
 420 -4.3356971874462374e-04 -4.6039043070124538e-05 -2.8859317315789272e-03  2.8122782507932725e-03  0.0000000000000000e+00  2.3764260953159635e+00
 421 -1.4586338795378976e-04 -7.3251829389125623e-05  4.0112111742055838e-03 -2.7656111207470909e-04  0.0000000000000000e+00  2.3856607196856507e+00
 422 -3.0963861918935907e-04  4.6301335996306850e-06 -3.0021107883062086e-03 -2.4686423044791282e-03  0.0000000000000000e+00  2.3680469440021827e+00
 423 -5.2202010722998714e-04 -1.2558129104401908e-05  7.1298365004164642e-04  4.1232353595273847e-03  0.0000000000000000e+00  2.3621667590105870e+00
 424 -3.9053952232867914e-04  1.3242933188836522e-04  1.7843611803015052e-03 -3.7262057757525644e-03  0.0000000000000000e+00  2.3871393613562306e+00
 425 -1.2262992962021313e-04  9.3047739603910876e-05 -3.6425068575817840e-03  1.7189750261592451e-03  0.0000000000000000e+00  2.4114342287241577e+00
 426  4.3189167504101040e-05  9.1894461332195506e-05  3.8076724939338090e-03  1.0173178382696074e-03  0.0000000000000000e+00  2.4051620818470449e+00
 427 -2.8405378594777934e-04  5.9471399760698137e-05 -1.9546208544409128e-03 -3.5315527024923125e-03  0.0000000000000000e+00  2.3871499287063318e+00
 428 -2.5489131967153819e-04  8.4415970077278486e-05 -4.9528583607975581e-04  4.1549470603518988e-03  0.0000000000000000e+00  2.3973321365696036e+00
 429 -8.2859567305647311e-05  1.2416089977252307e-04  2.7994823953477145e-03 -2.9432427664334215e-03  0.0000000000000000e+00  2.4273035398390208e+00
 430  2.0477133522829117e-04 -2.0124497854357574e-06 -4.0021296478092942e-03  4.6116724081689541e-04  0.0000000000000000e+00  2.4382443758074812e+00
 431  7.4515003911023781e-05 -1.7920160851293630e-05  3.0885807322183242e-03  2.3638217274491798e-03  0.0000000000000000e+00  2.4201644065489356e+00
 432 -1.4921156950517791e-04 -1.1047723634337584e-04 -8.6196099085311933e-04 -4.0798623168531957e-03  0.0000000000000000e+00  2.4127747787939953e+00
 433 -6.9052085203879775e-05 -5.4241074225440049e-05 -1.6197472764760852e-03  3.7914321092050881e-03  0.0000000000000000e+00  2.4362603638086413e+00
 434  1.1406853862308040e-04 -1.6663555352308026e-04  3.5423666631342081e-03 -1.8799620019208990e-03  0.0000000000000000e+00  2.4615119173567259e+00
 435  2.5720797027596582e-04 -2.5758926501993922e-04 -3.8593120350256488e-03 -9.0595518431892358e-04  0.0000000000000000e+00  2.4559525355707530e+00
 436 -9.7913798090784048e-05 -3.0999834178344239e-04  2.1460707703872197e-03  3.4310580439607216e-03  0.0000000000000000e+00  2.4377456010608851e+00
 437 -1.8633380601938425e-04 -3.1871364818051532e-04  2.7435176794147684e-04 -4.1641473234358588e-03  0.0000000000000000e+00  2.4460482180950427e+00
 438 -1.3352118448439545e-04 -2.8478286318917321e-04 -2.6279685307276338e-03  3.0727810248191109e-03  0.0000000000000000e+00  2.4754139483312936e+00
 439  8.4898288224304340e-05 -4.2166873110285267e-04  3.9566102570700234e-03 -5.7549131967027953e-04  0.0000000000000000e+00  2.4879453214372060e+00
 440 -5.6818094555716735e-05 -4.0220904625515953e-04 -3.2431762769523833e-03 -2.2290463316737038e-03  0.0000000000000000e+00  2.4711808492824909e+00
 441 -3.8052809429742532e-04 -4.3909116196505016e-04  1.0720823694423843e-03  4.0265006655112266e-03  0.0000000000000000e+00  2.4629030142777313e+00
 442 -3.9396836084032026e-04 -3.2101201675582846e-04  1.4466326917439228e-03 -3.8752397008180437e-03  0.0000000000000000e+00  2.4849621060610732e+00
 443 -2.5275874351454362e-04 -3.5666810685931196e-04 -3.4458045430827530e-03  1.9827118071498008e-03  0.0000000000000000e+00  2.5110541539574402e+00
 444 -9.8605582919030708e-05 -3.5616713183349465e-04  3.9091393958681176e-03  7.6254874577142285e-04  0.0000000000000000e+00  2.5079205954205990e+00
 445 -4.5977206843056753e-04 -3.1371960832652507e-04 -2.2888845730023766e-03 -3.2989112020547101e-03  0.0000000000000000e+00  2.4899434964577263e+00
 446 -5.7696881845071223e-04 -2.4941200387311734e-04 -1.4875820824749886e-04  4.1933429483515952e-03  0.0000000000000000e+00  2.4964104030829115e+00
 447 -4.7977494078754051e-04 -1.1959929022203417e-04  2.5422775680401682e-03 -3.1546516034673369e-03  0.0000000000000000e+00  2.5255529422818257e+00
 448 -2.0341038880355441e-04 -1.6093858183347678e-04 -3.9462693591586304e-03  7.2728562075429805e-04  0.0000000000000000e+00  2.5400614599159232e+00
 449 -2.7166883805075518e-04 -7.3636150144578639e-05  3.3226825231067571e-03  2.0306837352482045e-03  0.0000000000000000e+00  2.5250685858443327e+00
 450 -5.7110222945828330e-04 -8.6316147444516088e-05 -1.1417638892704354e-03 -3.9952778634540038e-03  0.0000000000000000e+00  2.5145208759358830e+00
 451 -4.8201431799680495e-04  6.0893659513664690e-05 -1.3773245217516496e-03  3.9254018588571749e-03  0.0000000000000000e+00  2.5355814815293942e+00
 452 -2.4913572768535879e-04  6.8810265160086434e-05  3.4138060592933529e-03 -2.1287543048907872e-03  0.0000000000000000e+00  2.5628452765884107e+00
 453 -1.3223993852159052e-05  6.2089242730721490e-05 -3.9479402107347418e-03 -5.4530318217709407e-04  0.0000000000000000e+00  2.5620972358966676e+00
 454 -3.1103320558212836e-04  7.4530946259536757e-05  2.3387500875377719e-03  3.1981493478481621e-03  0.0000000000000000e+00  2.5428721841340427e+00
 455 -3.5101253036099936e-04  7.8845732446859940e-05  7.0052760517401767e-05 -4.1933947816534881e-03  0.0000000000000000e+00  2.5471912017105955e+00
 456 -1.8349092750277179e-04  1.6799590249412478e-04 -2.4634074839177799e-03  3.2545340404900522e-03  0.0000000000000000e+00  2.5764727643482996e+00
 457  1.1241849807680572e-04  5.9783094947861768e-05  3.9257685588924831e-03 -9.2634052543029161e-04  0.0000000000000000e+00  2.5928241928311579e+00
 458  9.5787027475773321e-05  5.1664650958550449e-05 -3.3865586546507542e-03 -1.8932631656439504e-03  0.0000000000000000e+00  2.5778758081417879e+00
 459 -1.8603202096602897e-04 -3.8414524611133989e-05  1.2558411989397166e-03  3.9483251319390612e-03  0.0000000000000000e+00  2.5656891238495958e+00
 460 -1.0481912249070784e-04  1.0679692692768929e-05  1.2288304257798588e-03 -3.9616053369035988e-03  0.0000000000000000e+00  2.5851431659723287e+00
 461  6.8701380086478680e-05 -5.3719856299776107e-05 -3.3111205435166708e-03  2.2934995323524612e-03  0.0000000000000000e+00  2.6131503527481454e+00
 462  2.8338184368570802e-04 -1.7316779590390829e-04  3.9709138061480099e-03  4.1210693970614425e-04  0.0000000000000000e+00  2.6133866823904719e+00
 463 -1.9182881453062376e-05 -2.1353232231075811e-04 -2.4965653448461764e-03 -3.1043026356052336e-03  0.0000000000000000e+00  2.5937967689937689e+00
 464 -1.4693271176552058e-04 -2.6343467488709337e-04  1.3859370801531492e-04  4.1760701939033140e-03  0.0000000000000000e+00  2.5964332254919227e+00
 465 -9.2216196626798772e-05 -2.1293858083840577e-04  2.2852121073785167e-03 -3.3731732610593874e-03  0.0000000000000000e+00  2.6246906447609057e+00
 466  1.1551666136028763e-04 -3.6394588184698862e-04 -3.8528640066570145e-03  1.0556191560981776e-03  0.0000000000000000e+00  2.6424463032058219e+00
 467  8.1193504158316311e-05 -3.8015568607507709e-04  3.5087762641558547e-03  1.7782888981080387e-03  0.0000000000000000e+00  2.6285476473806657e+00
 468 -2.8192901822862899e-04 -4.3166139874986235e-04 -1.4742002818183804e-03 -3.8648775218747965e-03  0.0000000000000000e+00  2.6159536953979554e+00
 469 -3.2271298334843828e-04 -3.5240989770884919e-04 -1.0294460625194181e-03  4.0256394700092348e-03  0.0000000000000000e+00  2.6336625780989684e+00
 470 -2.2920650338744103e-04 -3.6291748935979643e-04  3.1814591241044014e-03 -2.4053929631786164e-03  0.0000000000000000e+00  2.6619956727601708e+00
 471 -3.1820747068458192e-05 -4.1638023071041431e-04 -3.9876690533816369e-03 -2.9283316859905778e-04  0.0000000000000000e+00  2.6643061017373570e+00
 472 -3.3855738494159647e-04 -3.6542421826274597e-04  2.6594580873179410e-03  2.9526917059598911e-03  0.0000000000000000e+00  2.6457254276282050e+00
 473 -5.3883455977996161e-04 -3.4279406352651396e-04 -2.9716303613412377e-04 -4.1826524537778003e-03  0.0000000000000000e+00  2.6466372969991148e+00
 474 -4.8593072147856448e-04 -1.9582795241704181e-04 -2.1704949526456501e-03  3.4584433951960979e-03  0.0000000000000000e+00  2.6742258320502499e+00
 475 -2.4515853332820098e-04 -2.4471795337720686e-04  3.8172848842273153e-03 -1.1781235835686193e-03  0.0000000000000000e+00  2.6935761379380443e+00
 476 -2.2027681853261657e-04 -1.6982439623972547e-04 -3.5905469300180491e-03 -1.5836439612911047e-03  0.0000000000000000e+00  2.6821524293674019e+00
 477 -5.7769731840702466e-04 -1.6509116966354710e-04  1.5619881732828250e-03  3.8006243067041988e-03  0.0000000000000000e+00  2.6679614078190026e+00
 478 -5.4853210299902013e-04 -3.4994511671741276e-05  9.5177982804159529e-04 -4.0717229007022895e-03  0.0000000000000000e+00  2.6842534504023035e+00
 479 -3.5933192048046041e-04  2.2482279751556138e-05 -3.1390701026707988e-03  2.5168827439198075e-03  0.0000000000000000e+00  2.7132870156094206e+00
 480 -8.1360179288283025e-05  5.0983947412115800e-06  4.0131705403422206e-03  8.5104242978056488e-05  0.0000000000000000e+00  2.7181259929886070e+00
 481 -3.1344641160906388e-04  5.7800365218081759e-05 -2.7138788676971028e-03 -2.8083345078498147e-03  0.0000000000000000e+00  2.6992063436965914e+00
 482 -4.4407427586957423e-04  4.4317227419503913e-05  3.6248778297143437e-04  4.1784955913108119e-03  0.0000000000000000e+00  2.6976725113758313e+00
 483 -2.8954440531889361e-04  1.6946757355089257e-04  2.0972084086330325e-03 -3.5314760580044176e-03  0.0000000000000000e+00  2.7250388823658098e+00
 484 -3.2847505317489712e-06  9.3081496602801753e-05 -3.7903354280150524e-03  1.3749709437964768e-03  0.0000000000000000e+00  2.7461525621967979e+00
 485  8.7917191089686913e-05  8.7887764812812996e-05  3.6430793788902890e-03  1.4069860926204302e-03  0.0000000000000000e+00  2.7356486746231319e+00
 486 -2.3286239207508322e-04  2.1079986053319643e-05 -1.6444545820280382e-03 -3.7481531557430948e-03  0.0000000000000000e+00  2.7196943894042480e+00
 487 -1.7052169549789097e-04  5.6915580638044359e-05 -8.2628831209566854e-04  4.0871985282207061e-03  0.0000000000000000e+00  2.7342829511055649e+00
 488 -8.5040986868118035e-07  4.8266951914803880e-05  3.0417810289578152e-03 -2.6692985893976983e-03  0.0000000000000000e+00  2.7638742675975254e+00
 489  2.6193847821944801e-04 -8.4159897547515171e-05 -4.0153940742218043e-03  7.5904986367291051e-05  0.0000000000000000e+00  2.7701084753746144e+00
 490  4.4603485785598711e-05 -1.1109131687944216e-04  2.8325829862447618e-03  2.7163919370532248e-03  0.0000000000000000e+00  2.7506748616490611e+00
 491 -1.3450760158223511e-04 -1.9118693418050331e-04 -5.4457396761142221e-04 -4.1422743805989738e-03  0.0000000000000000e+00  2.7476498427886855e+00
 492 -6.8642290287390992e-05 -1.3431296688023658e-04 -1.9213418618092965e-03  3.6240625016103903e-03  0.0000000000000000e+00  2.7736691657279278e+00
 493  1.2253599709294508e-04 -2.7342620850567654e-04  3.6974302515924923e-03 -1.5221101469079694e-03  0.0000000000000000e+00  2.7959384927443418e+00
 494  1.9099091790196040e-04 -3.3145211292846881e-04 -3.7255231088033779e-03 -1.3020280404769248e-03  0.0000000000000000e+00  2.7862199422288589e+00
 495 -1.8258850781940981e-04 -3.8578454118488843e-04  1.8560689839891055e-03  3.6474307165779325e-03  0.0000000000000000e+00  2.7701218450814853e+00
 496 -2.5031776671066914e-04 -3.5343882075709957e-04  6.0870188781979426e-04 -4.1224420010608403e-03  0.0000000000000000e+00  2.7828076876825798e+00
 497 -1.8843936148029493e-04 -3.3577919961354658e-04 -2.8850358419438313e-03  2.7935232852881460e-03  0.0000000000000000e+00  2.8121929761085500e+00
 498  2.8699734689548992e-05 -4.3921415765329618e-04  3.9968234077804353e-03 -1.8555631687810261e-04  0.0000000000000000e+00  2.8202112716499621e+00
 499 -1.9425205655330713e-04 -3.9618060413156405e-04 -2.9987764790645674e-03 -2.5658240478608771e-03  0.0000000000000000e+00  2.8021700951552511e+00
 500 -4.6990594924645662e-04 -4.0892866783321085e-04  7.3311668133088149e-04  4.1178994442172831e-03  0.0000000000000000e+00  2.7978029292111342e+00
 501 -4.5530278036510336e-04 -2.6710829214495417e-04  1.7767689913756786e-03 -3.7124122488143211e-03  0.0000000000000000e+00  2.8227392515661700e+00
 502 -2.6597906950268367e-04 -3.1192321185782786e-04 -3.6316658544808637e-03  1.6268290589423130e-03  0.0000000000000000e+00  2.8462125580182818e+00
 503 -1.6051113192241200e-04 -2.6981477321078116e-04  3.7949833775988580e-03  1.1305935083304223e-03  0.0000000000000000e+00  2.8391364189064361e+00
 504 -5.3606963650321528e-04 -2.4192201513709700e-04 -1.9703349562108282e-03 -3.5439084809136896e-03  0.0000000000000000e+00  2.8223996588045774e+00
 505 -5.8200351820458004e-04 -1.4425465039045280e-04 -5.1166180300448903e-04  4.1620779198655736e-03  0.0000000000000000e+00  2.8333471520537619e+00
 506 -4.4086337739818708e-04 -4.1433825229076155e-05  2.8235752535106947e-03 -2.8816486583028360e-03  0.0000000000000000e+00  2.8629318331309577e+00
 507 -1.5041303626525283e-04 -7.2212493560726054e-05 -4.0046667708971201e-03  3.6756929051918731e-04  0.0000000000000000e+00  2.8732418739565677e+00
 508 -2.9392723991866169e-04  6.8049377642460792e-06  3.0660927679005846e-03  2.3835316257464069e-03  0.0000000000000000e+00  2.8560236589266723e+00
 509 -5.2147620455210398e-04 -1.3594629831823974e-05 -7.9482495160765494e-04 -4.1038652606014371e-03  0.0000000000000000e+00  2.8491308346346909e+00
 510 -3.9388864197901379e-04  1.3017908622240578e-04 -1.7074024376491817e-03  3.7684043887409608e-03  0.0000000000000000e+00  2.8734289010664931e+00
 511 -1.3166968950277687e-04  9.6450073724122022e-05  3.6019864340126702e-03 -1.8027849514533373e-03  0.0000000000000000e+00  2.8984078399773714e+00
 512  4.9903983356327031e-05  8.9964318221652040e-05 -3.8404645439910827e-03 -9.2396086441145131e-04  0.0000000000000000e+00  2.8931632152141020e+00
