#     name              s    code  bx*ex  sqrt(bx*by)  dbx/dd*ex  bx*dex/dd  by*ex  dby/dd*ex by*dex/dd  ksix  ksiy  dbx/dd  bx/dd dex/dd
#                      [m]          [m]      [m]          [m]       [m]       [m]      [m]       [m]
#
   0 begin             0.00  0.0  -0.005     7.990       0.031    105.533   -0.001   -0.004     17.575   0.00   0.00  -116.598  15.759   5.390
   1 dh0g1a            4.65  0.0  -0.006    14.304       0.030    109.635   -0.003   -0.003     52.435   0.00   0.00  -111.578  10.051   5.301
   2 gs                4.65  0.0  -0.006    14.304       0.030    109.635   -0.003   -0.003     52.435   0.00   0.00  -111.578  10.051   5.301
   3 sh1               4.85  1.5  -0.006    14.753       0.030    110.069   -0.003   -0.002     55.483   0.00   0.00  -111.160   7.770   5.297
   4 dh1ag2a           4.94  0.0  -0.006    14.953       0.030    110.266   -0.003   -0.002     56.857   0.00   0.00  -110.969   6.717   5.295
   5 bpm               4.94  0.0  -0.006    14.953       0.030    110.266   -0.003   -0.002     56.857   0.00   0.00  -110.969   6.717   5.295
   6 dbpm              5.03  0.0  -0.006    15.154       0.030    110.466   -0.003   -0.002     58.254   0.00   0.00  -110.775   5.633   5.294
   7 qh1sp01           5.28 -1.0  -0.006    15.740       0.032    118.386   -0.003   -0.001     61.086   0.30  -0.15  -115.936   2.691   5.403
   8 dh2ag2a           5.43  0.0  -0.006    16.113       0.034    128.532   -0.003   -0.000     62.083   0.30  -0.15  -123.004   1.027   5.544
   9 sq1hsp01          5.53  0.0  -0.007    16.350       0.036    135.272   -0.003    0.000     62.714   0.30  -0.15  -127.596  -0.027   5.633
  10 chv               5.53  0.0  -0.007    16.350       0.036    135.272   -0.003    0.000     62.714   0.30  -0.15  -127.596  -0.027   5.633
  11 sq1hsp01          5.63  0.0  -0.007    16.586       0.038    142.248   -0.003    0.000     63.345   0.30  -0.15  -132.269  -1.078   5.723
  12 dh2bg2a           5.79  0.0  -0.008    16.959       0.041    153.724   -0.003    0.001     64.338   0.30  -0.15  -139.794  -2.727   5.864
  13 sh2               5.99  0.0  -0.009    17.433       0.046    169.182   -0.003    0.001     65.604   0.30  -0.15  -149.640  -4.813   6.043
  14 dh2cg2a           6.14  0.0  -0.009    17.789       0.049    181.444   -0.003    0.002     66.558   0.30  -0.15  -157.237  -6.371   6.178
  15 qh2sp01           6.54  1.0  -0.007    18.646       0.038    145.917   -0.004    0.005     78.067  -1.04   0.56  -129.933  -16.421   5.724
  16 dh3ag2a           6.73  0.0  -0.005    18.657       0.026    105.884   -0.004    0.007     86.578  -1.04   0.56  -98.913  -25.819   5.132
  17 sh3               6.93 -1.5  -0.004    18.218       0.016     72.478   -0.005    0.009     93.101  -1.04   0.56  -70.586  -37.360   4.509
  18 dh3bg2a           7.13  0.0  -0.002    17.346       0.009     47.526   -0.005    0.010     96.378  -1.04   0.56  -47.238  -50.238   3.902
  19 qh3sp01           7.38 -1.0  -0.002    15.754       0.005     30.380   -0.005    0.010     90.936  -0.70  -0.45  -28.316  -59.052   3.336
  20 dh4ag2a           7.46  0.0  -0.001    15.175       0.004     27.300   -0.004    0.010     86.890  -0.70  -0.45  -24.123  -58.773   3.209
  21 bpm               7.46  0.0  -0.001    15.175       0.004     27.300   -0.004    0.010     86.890  -0.70  -0.45  -24.123  -58.773   3.209
  22 dbpm              7.55  0.0  -0.001    14.602       0.003     24.440   -0.004    0.009     82.893  -0.70  -0.45  -20.153  -58.493   3.082
  23 sh4               7.75 -1.5  -0.001    13.312       0.002     18.686   -0.004    0.008     73.944  -0.70  -0.45  -11.916  -57.855   2.792
  24 dh4bg2a           8.00  0.0  -0.001    11.753       0.000     12.929   -0.003    0.007     63.178  -0.70  -0.45  -3.307  -57.063   2.432
  25 dfch              8.15  0.0  -0.001    10.837      -0.000     10.126   -0.003    0.006     56.864  -0.70  -0.45   1.018  -56.587   2.214
  26 chv               8.15  0.0  -0.001    10.837      -0.000     10.126   -0.003    0.006     56.864  -0.70  -0.45   1.018  -56.587   2.214
  27 dfch              8.30  0.0  -0.000     9.943      -0.000      7.776   -0.003    0.006     50.687  -0.70  -0.45   4.688  -56.112   1.997
  28 ge                8.30  0.0  -0.000     9.943      -0.000      7.776   -0.003    0.006     50.687  -0.70  -0.45   4.688  -56.112   1.997
  29 dh4cg3a           8.33  0.0  -0.000     9.759      -0.001      7.336   -0.003    0.006     49.407  -0.70  -0.45   5.375  -56.012   1.951
  30 gs                8.33  0.0  -0.000     9.759      -0.001      7.336   -0.003    0.006     49.407  -0.70  -0.45   5.375  -56.012   1.951
  31 b1sp01           10.95  0.5   0.361     7.349      -5.268     -5.861    2.812   -6.463    -45.611  -0.70  -0.45  -38.412  -47.126  -2.225
  32 dm1ag3a          11.32  0.0   0.711     8.976     -10.591    -11.530    3.489   -8.040    -56.594  -0.70  -0.45  -60.372  -45.831  -2.846
  33 dfch             11.47  0.0   0.907     9.654     -13.481    -14.717    3.754   -8.660    -60.907  -0.70  -0.45  -70.522  -45.303  -3.101
  34 chv              11.47  0.0   0.907     9.654     -13.481    -14.717    3.754   -8.660    -60.907  -0.70  -0.45  -70.522  -45.303  -3.101
  35 sm3              11.47  1.5   0.907     9.654     -13.481    -14.717    3.754   -8.660    -60.907  -0.70  -0.45  -70.522  -45.303  -3.101
  36 dfch             11.62  0.0   1.139    10.333     -16.830    -18.478    4.013   -9.252    -65.112  -0.70  -0.45  -81.344  -44.719  -3.357
  37 dm1bg3a          11.93  0.0   1.743    11.733     -25.328    -28.283    4.527  -10.420    -73.458  -0.70  -0.45  -105.793  -43.522  -3.885
  38 ge               11.93  0.0   1.743    11.733     -25.328    -28.283    4.527  -10.420    -73.458  -0.70  -0.45  -105.793  -43.522  -3.885
  39 gs               11.93  0.0   1.743    11.733     -25.328    -28.283    4.527  -10.420    -73.458  -0.70  -0.45  -105.793  -43.522  -3.885
  40 qm1sp01          12.18 -1.0   2.549    12.822     -36.611    -41.494    4.779  -10.721    -77.791  -0.54  -0.74  -134.481  -39.379  -4.431
  41 dm2ag4a          12.38  0.0   3.542    13.562     -50.526    -57.890    4.800  -10.295    -78.449  -0.54  -0.74  -166.197  -33.865  -4.969
  42 sm1a             12.58 -1.5   4.766    14.156     -66.542    -77.656    4.741  -10.758    -77.246  -0.54  -0.74  -198.165  -32.037  -5.471
  43 dm2bg4a          13.16  0.0   9.880    15.050    -126.232   -157.387    4.206  -14.924    -67.002  -0.54  -0.74  -294.703  -34.842  -6.823
  44 bpm              13.16  0.0   9.880    15.050    -126.232   -157.387    4.206  -14.924    -67.002  -0.54  -0.74  -294.703  -34.842  -6.823
  45 dbpm             13.25  0.0  10.874    15.078    -137.419   -172.760    4.089  -15.469    -64.966  -0.54  -0.74  -310.735  -34.979  -7.026
  46 qm2sp01          13.50  1.0  12.418    15.065    -151.366   -194.905    3.905  -17.967    -61.291  -1.29  -0.51  -327.459  -38.869  -7.255
  47 dm2cg4a          13.70  0.0  12.421    15.049    -146.167   -192.217    3.896  -20.795    -60.293  -1.29  -0.51  -316.210  -44.986  -7.153
  48 sm2              13.95  1.5  12.426    15.042    -149.698   -193.912    3.891  -21.154    -60.720  -1.29  -0.51  -323.847  -45.762  -7.214
  49 dm2cg4b          14.15  0.0  12.432    15.047    -160.550   -199.315    3.892  -18.905    -62.397  -1.29  -0.51  -347.323  -40.898  -7.411
  50 qm2sp01          14.40  1.0  10.895    15.047    -151.841   -179.691    4.065  -17.186    -67.044  -1.97  -0.25  -343.341  -38.861  -7.294
  51 dm2bg4b          14.92  0.0   5.876    14.462     -96.673   -102.907    4.604  -15.228    -80.632  -1.97  -0.25  -268.809  -42.342  -6.299
  52 sm1b             15.12 -1.5   4.461    13.979     -77.141    -79.494    4.709  -16.121    -83.911  -1.97  -0.25  -235.285  -49.169  -5.842
  53 dm2ag4b          15.38  0.0   2.978    13.127     -53.660    -53.636    4.738  -19.151    -85.318  -1.97  -0.25  -187.521  -66.924  -5.153
  54 bpm              15.38  0.0   2.978    13.127     -53.660    -53.636    4.738  -19.151    -85.318  -1.97  -0.25  -187.521  -66.924  -5.153
  55 dbpm             15.46  0.0   2.570    12.788     -47.025    -46.477    4.717  -19.948    -85.295  -1.97  -0.25  -172.723  -73.270  -4.923
  56 qm1sp01          15.71 -1.0   1.762    11.711     -33.961    -32.422    4.463  -20.864    -82.124  -1.85  -0.57  -141.839  -87.141  -4.406
  57 dm1eg4b          15.93  0.0   1.315    10.732     -26.708    -24.722    4.103  -20.535    -77.155  -1.85  -0.57  -123.416  -94.893  -4.070
  58 dfch             16.08  0.0   1.059    10.062     -22.338    -20.262    3.849  -20.117    -73.654  -1.85  -0.57  -111.316  -100.248  -3.840
  59 sm3              16.08  1.5   1.059    10.062     -22.338    -20.262    3.849  -20.117    -73.654  -1.85  -0.57  -111.316  -100.248  -3.840
  60 chv              16.08  0.0   1.059    10.062     -22.338    -20.262    3.849  -20.117    -73.654  -1.85  -0.57  -111.316  -100.248  -3.840
  61 dfch             16.23  0.0   0.840     9.391     -18.425    -16.402    3.590  -19.528    -70.070  -1.85  -0.57  -99.624  -105.591  -3.610
  62 ge               16.23  0.0   0.840     9.391     -18.425    -16.402    3.590  -19.528    -70.070  -1.85  -0.57  -99.624  -105.591  -3.610
  63 gs               16.23  0.0   0.840     9.391     -18.425    -16.402    3.590  -19.528    -70.070  -1.85  -0.57  -99.624  -105.591  -3.610
  64 dm1dg5b          16.29  0.0   0.768     9.144     -17.090    -15.119    3.492  -19.270    -68.723  -1.85  -0.57  -95.405  -107.577  -3.525
  65 dpwg5b           16.49  0.0   0.544     8.257     -12.750    -11.079    3.133  -18.156    -63.753  -1.85  -0.57  -80.615  -114.800  -3.219
  66 dm1cg5b          16.69  0.0   0.372     7.384      -9.125     -7.890    2.761  -16.751    -58.613  -1.85  -0.57  -66.519  -122.108  -2.913
  67 b1sp01           19.31  0.5  -0.000     9.426      -0.001      3.244   -0.001    0.006     22.170  -1.85  -0.57  53.971  -223.634   0.900
  68 ge               19.31  0.0  -0.000     9.426      -0.001      3.244   -0.001    0.006     22.170  -1.85  -0.57  53.971  -223.634   0.900
  69 dl4bg6b          19.53  0.0  -0.000    10.685      -0.002      5.445   -0.001    0.009     29.912  -1.85  -0.57  58.656  -232.455   1.194
  70 gs               19.53  0.0  -0.000    10.685      -0.002      5.445   -0.001    0.009     29.912  -1.85  -0.57  58.656  -232.455   1.194
  71 dfch             19.68  0.0  -0.000    11.578      -0.003      7.397   -0.001    0.011     35.388  -1.85  -0.57  61.404  -238.579   1.397
  72 chv              19.68  0.0  -0.000    11.578      -0.003      7.397   -0.001    0.011     35.388  -1.85  -0.57  61.404  -238.579   1.397
  73 dfch             19.83  0.0  -0.000    12.491      -0.004      9.750   -0.001    0.014     40.982  -1.85  -0.57  63.762  -244.743   1.600
  74 dl4ag6b          19.91  0.0  -0.000    12.998      -0.004     11.224   -0.002    0.015     44.099  -1.85  -0.57  64.888  -248.139   1.712
  75 ql3sp01          20.16 -1.0  -0.001    14.510      -0.006     18.893   -0.002    0.018     50.940  -1.58  -1.29  73.446  -232.489   2.138
  76 dbpm             20.25  0.0  -0.001    14.966      -0.007     23.241   -0.002    0.019     51.903  -1.58  -1.29  78.447  -218.523   2.321
  77 bpm              20.25  0.0  -0.001    14.966      -0.007     23.241   -0.002    0.019     51.903  -1.58  -1.29  78.447  -218.523   2.321
  78 dl3bg6b          20.33  0.0  -0.001    15.366      -0.008     28.207   -0.002    0.019     52.451  -1.58  -1.29  83.463  -204.985   2.503
  79 sl3              20.53 -1.5  -0.002    16.066      -0.010     42.105   -0.002    0.019     52.280  -1.58  -1.29  94.982  -175.642   2.920
  80 dl3ag6b          21.15  0.0  -0.004    16.340      -0.021    111.459   -0.002    0.016     42.266  -1.58  -1.29  130.794  -99.544   4.200
  81 ql2sp01          21.55  1.0  -0.005    15.414      -0.020    116.694   -0.001    0.015     38.293  -3.29  -0.73  120.802  -90.368   4.337
  82 dl2cg6b          21.80  0.0  -0.003    14.714      -0.015     87.155   -0.002    0.016     39.377  -3.29  -0.73  96.343  -104.709   3.981
  83 sl2              22.00  1.5  -0.003    14.035      -0.011     67.482   -0.002    0.017     39.897  -3.29  -0.73  78.730  -116.823   3.697
  84 dl2bg6b          22.14  0.0  -0.002    13.506      -0.009     55.836   -0.002    0.017     40.053  -3.29  -0.73  67.629  -125.483   3.502
  85 dsch             22.24  0.0  -0.002    13.089      -0.008     48.266   -0.002    0.018     40.054  -3.29  -0.73  60.070  -131.949   3.359
  86 chv              22.24  0.0  -0.002    13.089      -0.008     48.266   -0.002    0.018     40.054  -3.29  -0.73  60.070  -131.949   3.359
  87 dsch             22.34  0.0  -0.002    12.644      -0.007     41.414   -0.002    0.018     39.956  -3.29  -0.73  52.944  -138.558   3.217
  88 dl2ag6b          22.47  0.0  -0.001    11.989      -0.005     33.099   -0.002    0.018     39.647  -3.29  -0.73  43.853  -147.877   3.022
  89 ql1sp01          22.72 -1.0  -0.001    10.731      -0.004     25.130   -0.001    0.017     36.654  -2.98  -1.19  32.262  -147.037   2.828
  90 dl1ag6b          22.81  0.0  -0.001    10.303      -0.003     24.103   -0.001    0.016     34.931  -2.98  -1.19  29.465  -140.527   2.816
  91 bpm              22.81  0.0  -0.001    10.303      -0.003     24.103   -0.001    0.016     34.931  -2.98  -1.19  29.465  -140.527   2.816
  92 dbpm             22.90  0.0  -0.001     9.886      -0.003     23.106   -0.001    0.015     33.259  -2.98  -1.19  26.742  -134.154   2.804
  93 sl1              23.10 -1.5  -0.001     8.971      -0.002     20.938   -0.001    0.014     29.627  -2.98  -1.19  20.792  -120.095   2.776
  94 ge               23.10  0.0  -0.001     8.971      -0.002     20.938   -0.001    0.014     29.627  -2.98  -1.19  20.792  -120.095   2.776
  95 gs               23.10  0.0  -0.001     8.971      -0.002     20.938   -0.001    0.014     29.627  -2.98  -1.19  20.792  -120.095   2.776
  96 dl0g1a           26.40  0.0  -0.000     1.492       0.003      4.515   -0.000   -0.001      2.651  -2.98  -1.19  -22.048   9.315   2.320
  97 dl0g1a           29.70  0.0  -0.001     8.971      -0.005     14.047   -0.001    0.006     19.877  -2.98  -1.19  39.484  -54.689   1.863
  98 ge               29.70  0.0  -0.001     8.971      -0.005     14.047   -0.001    0.006     19.877  -2.98  -1.19  39.484  -54.689   1.863
  99 gs               29.70  0.0  -0.001     8.971      -0.005     14.047   -0.001    0.006     19.877  -2.98  -1.19  39.484  -54.689   1.863
 100 sl1              29.90 -1.5  -0.001     9.886      -0.005     15.121   -0.001    0.007     21.765  -2.98  -1.19  46.567  -64.783   1.835
 101 dl1ag2a          29.99  0.0  -0.001    10.303      -0.006     15.602   -0.001    0.008     22.610  -2.98  -1.19  49.786  -69.423   1.823
 102 bpm              29.99  0.0  -0.001    10.303      -0.006     15.602   -0.001    0.008     22.610  -2.98  -1.19  49.786  -69.423   1.823
 103 dbpm             30.07  0.0  -0.001    10.731      -0.006     16.089   -0.001    0.008     23.467  -2.98  -1.19  53.079  -74.198   1.811
 104 ql1sp01          30.32 -1.0  -0.001    11.989      -0.008     20.558   -0.002    0.009     24.625  -2.59  -1.65  68.584  -78.211   1.877
 105 dl2ag2a          30.46  0.0  -0.002    12.644      -0.010     25.346   -0.002    0.010     24.453  -2.59  -1.65  81.489  -74.871   1.969
 106 dsch             30.56  0.0  -0.002    13.089      -0.012     29.253   -0.002    0.010     24.276  -2.59  -1.65  91.554  -72.477   2.036
 107 chv              30.56  0.0  -0.002    13.089      -0.012     29.253   -0.002    0.010     24.276  -2.59  -1.65  91.554  -72.477   2.036
 108 dsch             30.66  0.0  -0.002    13.506      -0.014     33.536   -0.002    0.010     24.056  -2.59  -1.65  102.191  -70.113   2.103
 109 dl2bg2a          30.80  0.0  -0.003    14.035      -0.017     40.071   -0.002    0.010     23.691  -2.59  -1.65  117.750  -66.911   2.195
 110 sl2              31.00  1.5  -0.003    14.714      -0.022     50.992   -0.002    0.010     23.038  -2.59  -1.65  142.315  -62.356   2.329
 111 dl2cg2a          31.25  0.0  -0.005    15.414      -0.030     67.189   -0.001    0.010     22.048  -2.59  -1.65  176.245  -56.832   2.497
 112 ql2sp01          31.65  1.0  -0.004    16.340      -0.030     62.685   -0.002    0.011     23.771  -4.28  -1.01  183.986  -69.711   2.362
 113 dl3ag2a          32.26  0.0  -0.002    16.066      -0.013     22.326   -0.002    0.015     27.722  -4.28  -1.01  122.017  -138.251   1.549
 114 sl3              32.46 -1.5  -0.001    15.366      -0.010     14.461   -0.002    0.015     26.890  -4.28  -1.01  103.833  -165.421   1.283
 115 dl3bg2a          32.55  0.0  -0.001    14.966      -0.008     11.690   -0.002    0.015     26.107  -4.28  -1.01  96.189  -178.053   1.167
 116 bpm              32.55  0.0  -0.001    14.966      -0.008     11.690   -0.002    0.015     26.107  -4.28  -1.01  96.189  -178.053   1.167
 117 dbpm             32.64  0.0  -0.001    14.510      -0.007      9.289   -0.002    0.015     25.045  -4.28  -1.01  88.734  -191.140   1.051
 118 ql3sp01          32.89 -1.0  -0.000    12.998      -0.005      5.018   -0.002    0.013     19.715  -4.08  -1.80  75.227  -208.423   0.765
 119 dl4ag2a          33.17  0.0  -0.000    11.281      -0.003      2.466   -0.001    0.009     12.338  -4.08  -1.80  67.294  -203.128   0.489
 120 dfch             33.32  0.0  -0.000    10.394      -0.002      1.481   -0.001    0.007      8.532  -4.08  -1.80  62.756  -200.320   0.342
 121 chv              33.32  0.0  -0.000    10.394      -0.002      1.481   -0.001    0.007      8.532  -4.08  -1.80  62.756  -200.320   0.342
 122 dfch             33.47  0.0  -0.000     9.530      -0.002      0.717   -0.001    0.005      4.809  -4.08  -1.80  58.000  -197.519   0.195
 123 ge               33.47  0.0  -0.000     9.530      -0.002      0.717   -0.001    0.005      4.809  -4.08  -1.80  58.000  -197.519   0.195
 124 dl4bg3a          33.49  0.0  -0.000     9.426      -0.002      0.638   -0.001    0.005      4.360  -4.08  -1.80  57.405  -197.178   0.177
 125 gs               33.49  0.0  -0.000     9.426      -0.002      0.638   -0.001    0.005      4.360  -4.08  -1.80  57.405  -197.178   0.177
 126 b1sp01           36.11  0.5   0.372     7.384      -8.359     -7.146    2.761  -20.224    -53.082  -4.08  -1.80  -60.931  -147.428  -2.638
 127 dm1ag3a          36.47  0.0   0.725     8.988     -14.512    -12.682    3.430  -24.650    -59.995  -4.08  -1.80  -82.706  -140.486  -3.069
 128 sq2hsp01         36.62  0.0   0.923     9.657     -17.595    -15.670    3.694  -26.318    -62.713  -4.08  -1.80  -92.028  -137.654  -3.246
 129 chv              36.62  0.0   0.923     9.657     -17.595    -15.670    3.694  -26.318    -62.713  -4.08  -1.80  -92.028  -137.654  -3.246
 130 sm3              36.62  1.5   0.923     9.657     -17.595    -15.670    3.694  -26.318    -62.713  -4.08  -1.80  -92.028  -137.654  -3.246
 131 sq2hsp01         36.77  0.0   1.156    10.328     -21.020    -19.126    3.951  -27.888    -65.368  -4.08  -1.80  -101.584  -134.776  -3.424
 132 dm1bg3a          37.08  0.0   1.762    11.711     -29.218    -27.890    4.463  -30.855    -70.644  -4.08  -1.80  -122.028  -128.868  -3.790
 133 ge               37.08  0.0   1.762    11.711     -29.218    -27.890    4.463  -30.855    -70.644  -4.08  -1.80  -122.028  -128.868  -3.790
 134 gs               37.08  0.0   1.762    11.711     -29.218    -27.890    4.463  -30.855    -70.644  -4.08  -1.80  -122.028  -128.868  -3.790
 135 qm1sp01          37.33 -1.0   2.570    12.788     -39.981    -39.674    4.717  -31.761    -72.811  -3.92  -2.09  -146.851  -116.657  -4.203
 136 dm2a2g4b         37.53  0.0   3.565    13.523     -53.187    -54.283    4.742  -30.941    -72.204  -3.92  -2.09  -174.939  -101.768  -4.630
 137 sm1a             37.73 -1.5   4.790    14.114     -67.907    -71.626    4.689  -30.588    -70.109  -3.92  -2.09  -202.221  -91.089  -5.021
 138 dm2b2g4b         38.31  0.0   9.902    15.016    -119.567   -139.863    4.178  -30.536    -59.009  -3.92  -2.09  -279.137  -71.288  -6.050
 139 bpm              38.31  0.0   9.902    15.016    -119.567   -139.863    4.178  -30.536    -59.009  -3.92  -2.09  -279.137  -71.288  -6.050
 140 dbpm             38.40  0.0  10.895    15.047    -128.897   -152.847    4.065  -30.273    -57.028  -3.92  -2.09  -291.460  -68.453  -6.205
 141 qm2sp01          38.65  1.0  12.432    15.047    -138.103   -170.295    3.892  -30.963    -53.313  -4.67  -1.86  -298.762  -66.982  -6.332
 142 dm2cg4a          38.85  0.0  12.426    15.042    -130.166   -166.157    3.891  -32.789    -52.029  -4.67  -1.86  -281.594  -70.934  -6.181
 143 sm2              39.10  1.5  12.421    15.049    -130.283   -166.037    3.896  -31.884    -52.081  -4.67  -1.86  -281.847  -68.976  -6.179
 144 dm2cg4b          39.30  0.0  12.418    15.065    -138.401   -169.980    3.905  -28.605    -53.453  -4.67  -1.86  -299.409  -61.882  -6.327
 145 qm2sp01          39.55  1.0  10.874    15.078    -129.357   -152.346    4.089  -25.969    -57.289  -5.35  -1.60  -292.505  -58.721  -6.196
 146 dm2b2g4a         40.07  0.0   5.851    14.505     -80.067    -85.753    4.651  -22.546    -68.159  -5.35  -1.60  -222.642  -62.694  -5.271
 147 sm1b             40.27 -1.5   4.437    14.022     -62.788    -65.523    4.763  -22.779    -70.332  -5.35  -1.60  -191.518  -69.481  -4.841
 148 dm2a2g4a         40.53  0.0   2.957    13.164     -42.186    -43.272    4.799  -24.910    -70.230  -5.35  -1.60  -147.432  -87.055  -4.188
 149 bpm              40.53  0.0   2.957    13.164     -42.186    -43.272    4.799  -24.910    -70.230  -5.35  -1.60  -147.432  -87.055  -4.188
 150 dbpm             40.62  0.0   2.549    12.822     -36.475    -37.175    4.779  -25.397    -69.694  -5.35  -1.60  -133.983  -93.288  -3.970
 151 qm1sp01          40.87 -1.0   1.743    11.733     -25.221    -25.200    4.527  -25.295    -65.451  -5.23  -1.92  -105.346  -105.655  -3.461
 152 dm1eg4b          41.09  0.0   1.297    10.742     -18.990    -18.643    4.166  -24.040    -59.885  -5.23  -1.92  -87.762  -111.103  -3.110
 153 dfch             41.24  0.0   1.042    10.064     -15.362    -14.914    3.911  -23.046    -55.958  -5.23  -1.92  -76.565  -114.860  -2.871
 154 sm3              41.24  1.5   1.042    10.064     -15.362    -14.914    3.911  -23.046    -55.958  -5.23  -1.92  -76.565  -114.860  -2.871
 155 chv              41.24  0.0   1.042    10.064     -15.362    -14.914    3.911  -23.046    -55.958  -5.23  -1.92  -76.565  -114.860  -2.871
 156 dfch             41.39  0.0   0.825     9.384     -12.212    -11.740    3.650  -21.928    -51.932  -5.23  -1.92  -66.042  -118.585  -2.631
 157 ge               41.39  0.0   0.825     9.384     -12.212    -11.740    3.650  -21.928    -51.932  -5.23  -1.92  -66.042  -118.585  -2.631
 158 gs               41.39  0.0   0.825     9.384     -12.212    -11.740    3.650  -21.928    -51.932  -5.23  -1.92  -66.042  -118.585  -2.631
 159 dm1dg5b          41.45  0.0   0.754     9.134     -11.162    -10.699    3.551  -21.486    -50.418  -5.23  -1.92  -62.322  -119.968  -2.543
 160 dpwg5b           41.65  0.0   0.532     8.234      -7.849     -7.478    3.188  -19.764    -44.828  -5.23  -1.92  -49.639  -124.991  -2.224
 161 dm1cg5b          41.85  0.0   0.361     7.349      -5.228     -5.017    2.812  -17.838    -39.038  -5.23  -1.92  -38.123  -130.065  -1.904
 162 b1sp01           44.47  0.5  -0.000     9.759      -0.000      7.516   -0.003    0.020     50.620  -5.23  -1.92   4.915  -199.126   1.999
 163 ge               44.47  0.0  -0.000     9.759      -0.000      7.516   -0.003    0.020     50.620  -5.23  -1.92   4.915  -199.126   1.999
 164 dh4cg6b          44.67  0.0  -0.001    10.966       0.000     10.661   -0.003    0.024     58.659  -5.23  -1.92  -0.097  -204.607   2.280
 165 gs               44.67  0.0  -0.001    10.966       0.000     10.661   -0.003    0.024     58.659  -5.23  -1.92  -0.097  -204.607   2.280
 166 dfch             44.82  0.0  -0.001    11.885       0.001     13.508   -0.003    0.026     64.758  -5.23  -1.92  -4.576  -208.686   2.489
 167 chv              44.82  0.0  -0.001    11.885       0.001     13.508   -0.003    0.026     64.758  -5.23  -1.92  -4.576  -208.686   2.489
 168 dfch             44.97  0.0  -0.001    12.823       0.001     16.844   -0.004    0.029     70.990  -5.23  -1.92  -9.712  -212.789   2.697
 169 dh4bg6b          45.05  0.0  -0.001    13.312       0.002     18.763   -0.004    0.031     74.248  -5.23  -1.92  -12.610  -214.907   2.804
 170 sh4              45.25 -1.5  -0.001    14.602       0.003     24.431   -0.004    0.035     82.864  -5.23  -1.92  -20.932  -220.427   3.081
 171 dh4ag6b          45.33  0.0  -0.001    15.175       0.004     27.244   -0.004    0.036     86.711  -5.23  -1.92  -24.941  -222.853   3.203
 172 bpm              45.33  0.0  -0.001    15.175       0.004     27.244   -0.004    0.036     86.711  -5.23  -1.92  -24.941  -222.853   3.203
 173 dbpm             45.42  0.0  -0.002    15.754       0.005     30.270   -0.005    0.038     90.606  -5.23  -1.92  -29.174  -225.288   3.324
 174 qh3sp01          45.67 -1.0  -0.002    17.346       0.010     47.175   -0.005    0.040     95.666  -4.78  -2.83  -48.323  -203.645   3.873
 175 dh3bg6b          45.87  0.0  -0.004    18.218       0.016     71.788   -0.005    0.038     92.215  -4.78  -2.83  -71.968  -167.648   4.466
 176 sh3              46.07 -1.5  -0.005    18.657       0.026    104.701   -0.004    0.035     85.611  -4.78  -2.83  -100.636  -134.315   5.075
 177 dh3ag6b          46.26  0.0  -0.007    18.646       0.038    144.106   -0.004    0.031     77.097  -4.78  -2.83  -132.015  -106.016   5.653
 178 qh2sp01          46.66  1.0  -0.009    17.789       0.050    178.814   -0.003    0.025     65.593  -6.32  -2.27  -159.540  -81.001   6.088
 179 dh2cg6b          46.81  0.0  -0.009    17.433       0.046    166.599   -0.003    0.025     64.602  -6.32  -2.27  -151.801  -81.473   5.951
 180 sh2              47.01  0.0  -0.008    16.959       0.042    151.211   -0.003    0.024     63.286  -6.32  -2.27  -141.772  -82.069   5.768
 181 dh2bg6b          47.19  0.0  -0.007    16.527       0.038    138.037   -0.003    0.024     62.088  -6.32  -2.27  -132.911  -82.578   5.601
 182 dsch             47.29  0.0  -0.007    16.291       0.036    131.161   -0.003    0.023     61.430  -6.32  -2.27  -128.173  -82.844   5.510
 183 chv              47.29  0.0  -0.007    16.291       0.036    131.161   -0.003    0.023     61.430  -6.32  -2.27  -128.173  -82.844   5.510
 184 dsch             47.39  0.0  -0.006    16.054       0.034    124.521   -0.003    0.023     60.772  -6.32  -2.27  -123.517  -83.100   5.419
 185 dh2ag6b          47.52  0.0  -0.006    15.740       0.032    116.080   -0.003    0.023     59.897  -6.32  -2.27  -117.477  -83.424   5.297
 186 qh1sp01          47.77 -1.0  -0.006    15.154       0.030    108.128   -0.003    0.021     57.021  -6.03  -2.42  -112.182  -79.967   5.181
 187 dh1ag6b          47.86  0.0  -0.006    14.953       0.030    107.866   -0.003    0.021     55.619  -6.03  -2.42  -112.352  -77.392   5.180
 188 bpm              47.86  0.0  -0.006    14.953       0.030    107.866   -0.003    0.021     55.619  -6.03  -2.42  -112.352  -77.392   5.180
 189 dbpm             47.95  0.0  -0.006    14.753       0.030    107.608   -0.003    0.020     54.243  -6.03  -2.42  -112.518  -74.849   5.178
 190 sh1              48.15  1.5  -0.006    14.304       0.030    107.033   -0.003    0.018     51.191  -6.03  -2.42  -112.881  -69.160   5.175
 191 ge               48.15  0.0  -0.006    14.304       0.030    107.033   -0.003    0.018     51.191  -6.03  -2.42  -112.881  -69.160   5.175
 192 dh0g1a           52.80  0.0  -0.005     7.990       0.031     99.729   -0.001   -0.004     16.609  -6.03  -2.42  -116.598  15.759   5.094
 193 cav              52.80  0.0  -0.005     7.990       0.031     99.729   -0.001   -0.004     16.609  -6.03  -2.42  -116.598  15.759   5.094
