#   A_x        A_y        J_x        J_y      nu_x    nu_y
#
 0.000e+00  0.000e+00  0.000e+00  0.000e+00 0.20667 0.07867
-8.000e-01  1.000e+00  1.634e-02  1.533e-01 0.20670 0.07861
-1.600e+00  1.000e+00  6.538e-02  1.533e-01 0.20671 0.07862
-2.400e+00  1.000e+00  1.471e-01  1.533e-01 0.20672 0.07864
-3.200e+00  1.000e+00  2.615e-01  1.533e-01 0.20674 0.07866
-4.000e+00  1.000e+00  4.086e-01  1.533e-01 0.20677 0.07868
-4.800e+00  1.000e+00  5.884e-01  1.533e-01 0.20681 0.07872
-5.600e+00  1.000e+00  8.009e-01  1.533e-01 0.20686 0.07877
-6.400e+00  1.000e+00  1.046e+00  1.533e-01 0.20692 0.07882
-7.200e+00  1.000e+00  1.324e+00  1.533e-01 0.20699 0.07888
-8.000e+00  1.000e+00  1.634e+00  1.533e-01 0.20707 0.07896
-8.800e+00  1.000e+00  1.978e+00  1.533e-01 0.20717 0.07905
-9.600e+00  1.000e+00  2.354e+00  1.533e-01 0.20729 0.07915
-1.040e+01  1.000e+00  2.762e+00  1.533e-01 0.20744 0.07927
-1.120e+01  1.000e+00  3.204e+00  1.533e-01 0.20760 0.07940
-1.200e+01  1.000e+00  3.677e+00  1.533e-01 0.20779 0.07956
-1.280e+01  1.000e+00  4.184e+00  1.533e-01 0.20801 0.07974
-1.360e+01  1.000e+00  4.724e+00  1.533e-01 0.20827 0.07994
-1.440e+01  1.000e+00  5.296e+00  1.533e-01 0.20855 0.08016
-1.520e+01  1.000e+00  5.900e+00  1.533e-01 0.20888 0.08041
-1.600e+01  1.000e+00  6.538e+00  1.533e-01 0.20935 0.08084
-1.680e+01  1.000e+00  7.208e+00  1.533e-01 0.20969 0.08092
-1.760e+01  1.000e+00  7.911e+00  1.533e-01 0.21007 0.08136
-1.840e+01  1.000e+00  8.646e+00  1.533e-01 0.21060 0.08173
-1.920e+01  1.000e+00  9.414e+00  1.533e-01 0.21117 0.08216
-2.000e+01  1.000e+00  1.022e+01  1.533e-01 0.21180 0.08264

 0.000e+00  0.000e+00  0.000e+00  0.000e+00 0.20667 0.07867
 0.000e+00  1.000e+00  0.000e+00  1.533e-01 0.20670 0.07861
 8.000e-01  1.000e+00  1.634e-02  1.533e-01 0.20670 0.07861
 1.600e+00  1.000e+00  6.538e-02  1.533e-01 0.20671 0.07862
 2.400e+00  1.000e+00  1.471e-01  1.533e-01 0.20672 0.07864
 3.200e+00  1.000e+00  2.615e-01  1.533e-01 0.20674 0.07867
 4.000e+00  1.000e+00  4.086e-01  1.533e-01 0.20677 0.07870
 4.800e+00  1.000e+00  5.884e-01  1.533e-01 0.20682 0.07874
 5.600e+00  1.000e+00  8.009e-01  1.533e-01 0.20687 0.07880
 6.400e+00  1.000e+00  1.046e+00  1.533e-01 0.20694 0.07886
 7.200e+00  1.000e+00  1.324e+00  1.533e-01 0.20703 0.07894
 8.000e+00  1.000e+00  1.634e+00  1.533e-01 0.20714 0.07904
 8.800e+00  1.000e+00  1.978e+00  1.533e-01 0.20727 0.07917
 9.600e+00  1.000e+00  2.354e+00  1.533e-01 0.20744 0.07931
 1.040e+01  1.000e+00  2.762e+00  1.533e-01 0.20765 0.07948
 1.120e+01  1.000e+00  3.204e+00  1.533e-01 0.20790 0.07969
 1.200e+01  1.000e+00  3.677e+00  1.533e-01 0.20820 0.07993
 1.280e+01  1.000e+00  4.184e+00  1.533e-01 0.20856 0.08022
 1.360e+01  1.000e+00  4.724e+00  1.533e-01 0.20900 0.08056
 1.440e+01  1.000e+00  5.296e+00  1.533e-01 0.20955 0.08089
 1.520e+01  1.000e+00  5.900e+00  1.533e-01 0.21008 0.08141
 1.600e+01  1.000e+00  6.538e+00  1.533e-01 0.21079 0.08195
 1.680e+01  1.000e+00  7.208e+00  1.533e-01 0.21162 0.08258
 1.760e+01  1.000e+00  7.911e+00  1.533e-01 0.21258 0.08330
 1.840e+01  1.000e+00  8.646e+00  1.533e-01 0.21371 0.08414
 1.920e+01  1.000e+00  9.414e+00  1.533e-01 0.21500 0.08510
 2.000e+01  1.000e+00  1.022e+01  1.533e-01 0.21651 0.08622
