#   A_x        A_y      nu_x    nu_y
#
 0.000e+00  0.000e+00  0.000e+00  0.000e+00 0.20667 0.07867
 1.000e+00 -3.000e-01  2.554e-02  1.380e-02 0.20667 0.07867
 1.000e+00 -6.000e-01  2.554e-02  5.520e-02 0.20668 0.07865
 1.000e+00 -9.000e-01  2.554e-02  1.242e-01 0.20669 0.07863
 1.000e+00 -1.200e+00  2.554e-02  2.208e-01 0.20671 0.07859
 1.000e+00 -1.500e+00  2.554e-02  3.450e-01 0.20673 0.07855
 1.000e+00 -1.800e+00  2.554e-02  4.968e-01 0.20676 0.07849
 1.000e+00 -2.100e+00  2.554e-02  6.763e-01 0.20680 0.07843
 1.000e+00 -2.400e+00  2.554e-02  8.833e-01 0.20684 0.07835
 1.000e+00 -2.700e+00  2.554e-02  1.118e+00 0.20689 0.07827
 1.000e+00 -3.000e+00  2.554e-02  1.380e+00 0.20694 0.07817
 1.000e+00 -3.300e+00  2.554e-02  1.670e+00 0.20701 0.07807
 1.000e+00 -3.600e+00  2.554e-02  1.987e+00 0.20708 0.07795
 1.000e+00 -3.900e+00  2.554e-02  2.332e+00 0.20716 0.07783
 1.000e+00 -4.200e+00  2.554e-02  2.705e+00 0.20725 0.07770
 1.000e+00 -4.500e+00  2.554e-02  3.105e+00 0.20735 0.07756
 1.000e+00 -4.800e+00  2.554e-02  3.533e+00 0.20747 0.07741
 1.000e+00 -5.100e+00  2.554e-02  3.989e+00 0.20759 0.07725
 1.000e+00 -5.400e+00  2.554e-02  4.472e+00 0.20773 0.07708
 1.000e+00 -5.700e+00  2.554e-02  4.982e+00 0.20789 0.07690
 1.000e+00 -6.000e+00  2.554e-02  5.520e+00 0.20807 0.07672
 1.000e+00 -6.300e+00  2.554e-02  6.086e+00 0.20826 0.07653
 1.000e+00 -6.600e+00  2.554e-02  6.680e+00 0.20848 0.07633
 1.000e+00 -6.900e+00  2.554e-02  7.301e+00 0.20872 0.07613
 1.000e+00 -7.200e+00  2.554e-02  7.949e+00 0.20898 0.07592
 1.000e+00 -7.500e+00  2.554e-02  8.626e+00 0.20928 0.07571

 0.000e+00  0.000e+00  0.000e+00  0.000e+00 0.20667 0.07867
#  1.000e+00  0.000e+00 particle lost
 1.000e+00  3.000e-01  2.554e-02  1.380e-02 0.20667 0.07867
 1.000e+00  6.000e-01  2.554e-02  5.520e-02 0.20668 0.07865
 1.000e+00  9.000e-01  2.554e-02  1.242e-01 0.20669 0.07863
 1.000e+00  1.200e+00  2.554e-02  2.208e-01 0.20671 0.07859
 1.000e+00  1.500e+00  2.554e-02  3.450e-01 0.20673 0.07855
 1.000e+00  1.800e+00  2.554e-02  4.968e-01 0.20676 0.07849
 1.000e+00  2.100e+00  2.554e-02  6.763e-01 0.20680 0.07843
 1.000e+00  2.400e+00  2.554e-02  8.833e-01 0.20684 0.07835
 1.000e+00  2.700e+00  2.554e-02  1.118e+00 0.20689 0.07827
 1.000e+00  3.000e+00  2.554e-02  1.380e+00 0.20694 0.07817
 1.000e+00  3.300e+00  2.554e-02  1.670e+00 0.20701 0.07807
 1.000e+00  3.600e+00  2.554e-02  1.987e+00 0.20708 0.07795
 1.000e+00  3.900e+00  2.554e-02  2.332e+00 0.20716 0.07783
 1.000e+00  4.200e+00  2.554e-02  2.705e+00 0.20725 0.07770
 1.000e+00  4.500e+00  2.554e-02  3.105e+00 0.20735 0.07756
 1.000e+00  4.800e+00  2.554e-02  3.533e+00 0.20747 0.07741
 1.000e+00  5.100e+00  2.554e-02  3.989e+00 0.20759 0.07725
 1.000e+00  5.400e+00  2.554e-02  4.472e+00 0.20773 0.07708
 1.000e+00  5.700e+00  2.554e-02  4.982e+00 0.20789 0.07690
 1.000e+00  6.000e+00  2.554e-02  5.520e+00 0.20807 0.07672
 1.000e+00  6.300e+00  2.554e-02  6.086e+00 0.20826 0.07653
 1.000e+00  6.600e+00  2.554e-02  6.680e+00 0.20848 0.07633
 1.000e+00  6.900e+00  2.554e-02  7.301e+00 0.20872 0.07613
 1.000e+00  7.200e+00  2.554e-02  7.949e+00 0.20898 0.07592
 1.000e+00  7.500e+00  2.554e-02  8.626e+00 0.20928 0.07571
