 -3.50000e-02  0.00000e+00  3.58604e-02 -2.77726e-02
 -3.50000e-02  1.23989e-06  4.17740e-02 -2.61243e-02
 -3.50000e-02  2.47977e-06  4.80514e-02 -2.43159e-02
 -3.50000e-02  3.71966e-06  5.47022e-02 -2.23424e-02
 -3.50000e-02  4.95954e-06  6.17359e-02 -2.01987e-02
 -3.50000e-02  6.19943e-06  6.91620e-02 -1.78795e-02
 -3.50000e-02  7.43931e-06  7.69899e-02 -1.53798e-02
 -3.50000e-02  8.67920e-06  8.52290e-02 -1.26945e-02
 -3.50000e-02  9.91908e-06  9.38890e-02 -9.81849e-03
 -3.50000e-02  1.11590e-05  1.02979e-01 -6.74660e-03
 -3.50000e-02  1.23989e-05  1.12509e-01 -3.47374e-03
 -3.50000e-02  1.36387e-05  1.22488e-01  5.19761e-06
 -3.50000e-02  1.48786e-05  1.32926e-01  3.69534e-03
 -3.50000e-02  1.61185e-05  1.43832e-01  7.60179e-03
 -3.50000e-02  1.73584e-05  1.55216e-01  1.17297e-02
 -3.50000e-02  1.85983e-05  1.67087e-01  1.60841e-02
 -3.50000e-02  1.98382e-05  1.79454e-01  2.06702e-02
 -3.50000e-02  2.10780e-05  1.92328e-01  2.54931e-02
 -3.50000e-02  2.23179e-05  2.05717e-01  3.05578e-02
 -3.50000e-02  2.35578e-05  2.19631e-01  3.58696e-02
 -3.50000e-02  2.47977e-05  2.34080e-01  4.14335e-02
 -3.50000e-02  2.60376e-05  2.49073e-01  4.72547e-02
 -3.50000e-02  2.72775e-05  2.64619e-01  5.33381e-02
 -3.50000e-02  2.85174e-05  2.80728e-01  5.96891e-02
 -3.50000e-02  2.97572e-05  2.97410e-01  6.63127e-02
 -3.50000e-02  3.09971e-05  3.14674e-01  7.32139e-02

 -3.36000e-02  0.00000e+00  2.57468e-02 -2.67497e-02
 -3.36000e-02  1.23989e-06  3.11688e-02 -2.52061e-02
 -3.36000e-02  2.47977e-06  3.69444e-02 -2.35018e-02
 -3.36000e-02  3.71966e-06  4.30830e-02 -2.16316e-02
 -3.36000e-02  4.95954e-06  4.95943e-02 -1.95903e-02
 -3.36000e-02  6.19943e-06  5.64876e-02 -1.73730e-02
 -3.36000e-02  7.43931e-06  6.37724e-02 -1.49744e-02
 -3.36000e-02  8.67920e-06  7.14582e-02 -1.23895e-02
 -3.36000e-02  9.91908e-06  7.95546e-02 -9.61308e-03
 -3.36000e-02  1.11590e-05  8.80709e-02 -6.64012e-03
 -3.36000e-02  1.23989e-05  9.70167e-02 -3.46547e-03
 -3.36000e-02  1.36387e-05  1.06401e-01 -8.40200e-05
 -3.36000e-02  1.48786e-05  1.16234e-01  3.50936e-03
 -3.36000e-02  1.61185e-05  1.26525e-01  7.31977e-03
 -3.36000e-02  1.73584e-05  1.37284e-01  1.13523e-02
 -3.36000e-02  1.85983e-05  1.48519e-01  1.56122e-02
 -3.36000e-02  1.98382e-05  1.60241e-01  2.01044e-02
 -3.36000e-02  2.10780e-05  1.72458e-01  2.48341e-02
 -3.36000e-02  2.23179e-05  1.85181e-01  2.98064e-02
 -3.36000e-02  2.35578e-05  1.98418e-01  3.50265e-02
 -3.36000e-02  2.47977e-05  2.12180e-01  4.04994e-02
 -3.36000e-02  2.60376e-05  2.26475e-01  4.62303e-02
 -3.36000e-02  2.72775e-05  2.41314e-01  5.22242e-02
 -3.36000e-02  2.85174e-05  2.56705e-01  5.84864e-02
 -3.36000e-02  2.97572e-05  2.72658e-01  6.50218e-02
 -3.36000e-02  3.09971e-05  2.89183e-01  7.18357e-02

 -3.22000e-02  0.00000e+00  1.73089e-02 -2.56714e-02
 -3.22000e-02  1.23989e-06  2.22676e-02 -2.42233e-02
 -3.22000e-02  2.47977e-06  2.75698e-02 -2.26139e-02
 -3.22000e-02  3.71966e-06  3.32250e-02 -2.08379e-02
 -3.22000e-02  4.95954e-06  3.92429e-02 -1.88904e-02
 -3.22000e-02  6.19943e-06  4.56327e-02 -1.67661e-02
 -3.22000e-02  7.43931e-06  5.24040e-02 -1.44600e-02
 -3.22000e-02  8.67920e-06  5.95664e-02 -1.19669e-02
 -3.22000e-02  9.91908e-06  6.71291e-02 -9.28171e-03
 -3.22000e-02  1.11590e-05  7.51018e-02 -6.39935e-03
 -3.22000e-02  1.23989e-05  8.34940e-02 -3.31467e-03
 -3.22000e-02  1.36387e-05  9.23150e-02 -2.25781e-05
 -3.22000e-02  1.48786e-05  1.01574e-01  3.48206e-03
 -3.22000e-02  1.61185e-05  1.11282e-01  7.20435e-03
 -3.22000e-02  1.73584e-05  1.21446e-01  1.11494e-02
 -3.22000e-02  1.85983e-05  1.32078e-01  1.53224e-02
 -3.22000e-02  1.98382e-05  1.43185e-01  1.97283e-02
 -3.22000e-02  2.10780e-05  1.54779e-01  2.43724e-02
 -3.22000e-02  2.23179e-05  1.66867e-01  2.92597e-02
 -3.22000e-02  2.35578e-05  1.79461e-01  3.43953e-02
 -3.22000e-02  2.47977e-05  1.92569e-01  3.97844e-02
 -3.22000e-02  2.60376e-05  2.06200e-01  4.54321e-02
 -3.22000e-02  2.72775e-05  2.20364e-01  5.13435e-02
 -3.22000e-02  2.85174e-05  2.35071e-01  5.75237e-02
 -3.22000e-02  2.97572e-05  2.50331e-01  6.39778e-02
 -3.22000e-02  3.09971e-05  2.66152e-01  7.07110e-02

 -3.08000e-02  0.00000e+00  1.03451e-02 -2.45492e-02
 -3.08000e-02  1.23989e-06  1.48671e-02 -2.31883e-02
 -3.08000e-02  2.47977e-06  1.97229e-02 -2.16655e-02
 -3.08000e-02  3.71966e-06  2.49219e-02 -1.99757e-02
 -3.08000e-02  4.95954e-06  3.04738e-02 -1.81137e-02
 -3.08000e-02  6.19943e-06  3.63878e-02 -1.60746e-02
 -3.08000e-02  7.43931e-06  4.26736e-02 -1.38530e-02
 -3.08000e-02  8.67920e-06  4.93406e-02 -1.14440e-02
 -3.08000e-02  9.91908e-06  5.63982e-02 -8.84238e-03
 -3.08000e-02  1.11590e-05  6.38560e-02 -6.04307e-03
 -3.08000e-02  1.23989e-05  7.17234e-02 -3.04093e-03
 -3.08000e-02  1.36387e-05  8.00099e-02  1.69149e-04
 -3.08000e-02  1.48786e-05  8.87251e-02  3.59228e-03
 -3.08000e-02  1.61185e-05  9.78782e-02  7.23358e-03
 -3.08000e-02  1.73584e-05  1.07479e-01  1.10982e-02
 -3.08000e-02  1.85983e-05  1.17537e-01  1.51911e-02
 -3.08000e-02  1.98382e-05  1.28061e-01  1.95176e-02
 -3.08000e-02  2.10780e-05  1.39061e-01  2.40828e-02
 -3.08000e-02  2.23179e-05  1.50547e-01  2.88916e-02
 -3.08000e-02  2.35578e-05  1.62528e-01  3.39494e-02
 -3.08000e-02  2.47977e-05  1.75013e-01  3.92611e-02
 -3.08000e-02  2.60376e-05  1.88012e-01  4.48319e-02
 -3.08000e-02  2.72775e-05  2.01534e-01  5.06669e-02
 -3.08000e-02  2.85174e-05  2.15589e-01  5.67712e-02
 -3.08000e-02  2.97572e-05  2.30187e-01  6.31500e-02
 -3.08000e-02  3.09971e-05  2.45336e-01  6.98083e-02

 -2.94000e-02  0.00000e+00  4.67229e-03 -2.33935e-02
 -2.94000e-02  1.23989e-06  8.78277e-03 -2.21121e-02
 -2.94000e-02  2.47977e-06  1.32175e-02 -2.06684e-02
 -2.94000e-02  3.71966e-06  1.79860e-02 -1.90573e-02
 -2.94000e-02  4.95954e-06  2.30977e-02 -1.72737e-02
 -2.94000e-02  6.19943e-06  2.85621e-02 -1.53124e-02
 -2.94000e-02  7.43931e-06  3.43887e-02 -1.31683e-02
 -2.94000e-02  8.67920e-06  4.05870e-02 -1.08364e-02
 -2.94000e-02  9.91908e-06  4.71663e-02 -8.31143e-03
 -2.94000e-02  1.11590e-05  5.41363e-02 -5.58837e-03
 -2.94000e-02  1.23989e-05  6.15064e-02 -2.66208e-03
 -2.94000e-02  1.36387e-05  6.92861e-02  4.72566e-04
 -2.94000e-02  1.48786e-05  7.74848e-02  3.82067e-03
 -2.94000e-02  1.61185e-05  8.61121e-02  7.38735e-03
 -2.94000e-02  1.73584e-05  9.51774e-02  1.11777e-02
 -2.94000e-02  1.85983e-05  1.04690e-01  1.51969e-02
 -2.94000e-02  1.98382e-05  1.14660e-01  1.94500e-02
 -2.94000e-02  2.10780e-05  1.25096e-01  2.39422e-02
 -2.94000e-02  2.23179e-05  1.36008e-01  2.86785e-02
 -2.94000e-02  2.35578e-05  1.47406e-01  3.36640e-02
 -2.94000e-02  2.47977e-05  1.59298e-01  3.89040e-02
 -2.94000e-02  2.60376e-05  1.71695e-01  4.44035e-02
 -2.94000e-02  2.72775e-05  1.84606e-01  5.01675e-02
 -2.94000e-02  2.85174e-05  1.98040e-01  5.62014e-02
 -2.94000e-02  2.97572e-05  2.12006e-01  6.25100e-02
 -2.94000e-02  3.09971e-05  2.26515e-01  6.90986e-02

 -2.80000e-02  0.00000e+00  1.24896e-04 -2.22133e-02
 -2.80000e-02  1.23989e-06  3.84748e-03 -2.10045e-02
 -2.80000e-02  2.47977e-06  7.88505e-03 -1.96331e-02
 -2.80000e-02  3.71966e-06  1.22471e-02 -1.80941e-02
 -2.80000e-02  4.95954e-06  1.69430e-02 -1.63821e-02
 -2.80000e-02  6.19943e-06  2.19824e-02 -1.44922e-02
 -2.80000e-02  7.43931e-06  2.73747e-02 -1.24193e-02
 -2.80000e-02  8.67920e-06  3.31294e-02 -1.01581e-02
 -2.80000e-02  9.91908e-06  3.92559e-02 -7.70363e-03
 -2.80000e-02  1.11590e-05  4.57637e-02 -5.05075e-03
 -2.80000e-02  1.23989e-05  5.26624e-02 -2.19433e-03
 -2.80000e-02  1.36387e-05  5.99613e-02  8.70745e-04
 -2.80000e-02  1.48786e-05  6.76701e-02  4.14959e-03
 -2.80000e-02  1.61185e-05  7.57981e-02  7.64731e-03
 -2.80000e-02  1.73584e-05  8.43548e-02  1.13690e-02
 -2.80000e-02  1.85983e-05  9.33497e-02  1.53199e-02
 -2.80000e-02  1.98382e-05  1.02792e-01  1.95049e-02
 -2.80000e-02  2.10780e-05  1.12692e-01  2.39293e-02
 -2.80000e-02  2.23179e-05  1.23059e-01  2.85982e-02
 -2.80000e-02  2.35578e-05  1.33901e-01  3.35167e-02
 -2.80000e-02  2.47977e-05  1.45229e-01  3.86898e-02
 -2.80000e-02  2.60376e-05  1.57053e-01  4.41227e-02
 -2.80000e-02  2.72775e-05  1.69380e-01  4.98206e-02
 -2.80000e-02  2.85174e-05  1.82222e-01  5.57885e-02
 -2.80000e-02  2.97572e-05  1.95588e-01  6.20316e-02
 -2.80000e-02  3.09971e-05  2.09486e-01  6.85549e-02

 -2.66000e-02  0.00000e+00 -3.44660e-03 -2.10164e-02
 -2.66000e-02  1.23989e-06 -8.97365e-05 -1.98740e-02
 -2.66000e-02  2.47977e-06  3.57308e-03 -1.85689e-02
 -2.66000e-02  3.71966e-06  7.55132e-03 -1.70958e-02
 -2.66000e-02  4.95954e-06  1.18545e-02 -1.54496e-02
 -2.66000e-02  6.19943e-06  1.64920e-02 -1.36253e-02
 -2.66000e-02  7.43931e-06  2.14734e-02 -1.16177e-02
 -2.66000e-02  8.67920e-06  2.68082e-02 -9.42177e-03
 -2.66000e-02  9.91908e-06  3.25058e-02 -7.03230e-03
 -2.66000e-02  1.11590e-05  3.85757e-02 -4.44420e-03
 -2.66000e-02  1.23989e-05  4.50273e-02 -1.65237e-03
 -2.66000e-02  1.36387e-05  5.18703e-02  1.34832e-03
 -2.66000e-02  1.48786e-05  5.91139e-02  4.56297e-03
 -2.66000e-02  1.61185e-05  6.67679e-02  7.99671e-03
 -2.66000e-02  1.73584e-05  7.48415e-02  1.16546e-02
 -2.66000e-02  1.85983e-05  8.33442e-02  1.55419e-02
 -2.66000e-02  1.98382e-05  9.22857e-02  1.96636e-02
 -2.66000e-02  2.10780e-05  1.01675e-01  2.40248e-02
 -2.66000e-02  2.23179e-05  1.11522e-01  2.86307e-02
 -2.66000e-02  2.35578e-05  1.21837e-01  3.34864e-02
 -2.66000e-02  2.47977e-05  1.32628e-01  3.85969e-02
 -2.66000e-02  2.60376e-05  1.43905e-01  4.39675e-02
 -2.66000e-02  2.72775e-05  1.55677e-01  4.96032e-02
 -2.66000e-02  2.85174e-05  1.67955e-01  5.55091e-02
 -2.66000e-02  2.97572e-05  1.80747e-01  6.16904e-02
 -2.66000e-02  3.09971e-05  1.94062e-01  6.81521e-02

 -2.52000e-02  0.00000e+00 -6.17664e-03 -1.98097e-02
 -2.52000e-02  1.23989e-06 -3.16471e-03 -1.87281e-02
 -2.52000e-02  2.47977e-06  1.44402e-04 -1.74837e-02
 -2.52000e-02  3.71966e-06  3.76016e-03 -1.60712e-02
 -2.52000e-02  4.95954e-06  7.69205e-03 -1.44856e-02
 -2.52000e-02  6.19943e-06  1.19495e-02 -1.27217e-02
 -2.52000e-02  7.43931e-06  1.65421e-02 -1.07745e-02
 -2.52000e-02  8.67920e-06  2.14793e-02 -8.63873e-03
 -2.52000e-02  9.91908e-06  2.67705e-02 -6.30940e-03
 -2.52000e-02  1.11590e-05  3.24252e-02 -3.78135e-03
 -2.52000e-02  1.23989e-05  3.84530e-02 -1.04946e-03
 -2.52000e-02  1.36387e-05  4.48632e-02  1.89138e-03
 -2.52000e-02  1.48786e-05  5.16654e-02  5.04628e-03
 -2.52000e-02  1.61185e-05  5.88690e-02  8.42036e-03
 -2.52000e-02  1.73584e-05  6.64836e-02  1.20187e-02
 -2.52000e-02  1.85983e-05  7.45185e-02  1.58465e-02
 -2.52000e-02  1.98382e-05  8.29834e-02  1.99088e-02
 -2.52000e-02  2.10780e-05  9.18876e-02  2.42108e-02
 -2.52000e-02  2.23179e-05  1.01241e-01  2.87575e-02
 -2.52000e-02  2.35578e-05  1.11052e-01  3.35541e-02
 -2.52000e-02  2.47977e-05  1.21331e-01  3.86057e-02
 -2.52000e-02  2.60376e-05  1.32088e-01  4.39173e-02
 -2.52000e-02  2.72775e-05  1.43331e-01  4.94942e-02
 -2.52000e-02  2.85174e-05  1.55070e-01  5.53415e-02
 -2.52000e-02  2.97572e-05  1.67315e-01  6.14642e-02
 -2.52000e-02  3.09971e-05  1.80076e-01  6.78674e-02

 -2.38000e-02  0.00000e+00 -8.18569e-03 -1.85989e-02
 -2.38000e-02  1.23989e-06 -5.49922e-03 -1.75732e-02
 -2.38000e-02  2.47977e-06 -2.52411e-03 -1.63846e-02
 -2.38000e-02  3.71966e-06  7.49128e-04 -1.50280e-02
 -2.38000e-02  4.95954e-06  4.32997e-03 -1.34983e-02
 -2.38000e-02  6.19943e-06  8.22789e-03 -1.17903e-02
 -2.38000e-02  7.43931e-06  1.24524e-02 -9.89891e-03
 -2.38000e-02  8.67920e-06  1.70129e-02 -7.81908e-03
 -2.38000e-02  9.91908e-06  2.19190e-02 -5.54565e-03
 -2.38000e-02  1.11590e-05  2.71800e-02 -3.07351e-03
 -2.38000e-02  1.23989e-05  3.28055e-02 -3.97543e-04
 -2.38000e-02  1.36387e-05  3.88050e-02  2.48736e-03
 -2.38000e-02  1.48786e-05  4.51880e-02  5.58633e-03
 -2.38000e-02  1.61185e-05  5.19638e-02  8.90446e-03
 -2.38000e-02  1.73584e-05  5.91420e-02  1.24469e-02
 -2.38000e-02  1.85983e-05  6.67322e-02  1.62187e-02
 -2.38000e-02  1.98382e-05  7.47436e-02  2.02251e-02
 -2.38000e-02  2.10780e-05  8.31859e-02  2.44710e-02
 -2.38000e-02  2.23179e-05  9.20685e-02  2.89618e-02
 -2.38000e-02  2.35578e-05  1.01401e-01  3.37024e-02
 -2.38000e-02  2.47977e-05  1.11193e-01  3.86980e-02
 -2.38000e-02  2.60376e-05  1.21453e-01  4.39536e-02
 -2.38000e-02  2.72775e-05  1.32192e-01  4.94745e-02
 -2.38000e-02  2.85174e-05  1.43418e-01  5.52657e-02
 -2.38000e-02  2.97572e-05  1.55142e-01  6.13324e-02
 -2.38000e-02  3.09971e-05  1.67372e-01  6.76796e-02

 -2.24000e-02  0.00000e+00 -9.58129e-03 -1.73890e-02
 -2.24000e-02  1.23989e-06 -7.20210e-03 -1.64148e-02
 -2.24000e-02  2.47977e-06 -4.54254e-03 -1.52777e-02
 -2.24000e-02  3.71966e-06 -1.59313e-03 -1.39728e-02
 -2.24000e-02  4.95954e-06  1.65561e-03 -1.24949e-02
 -2.24000e-02  6.19943e-06  5.21315e-03 -1.08388e-02
 -2.24000e-02  7.43931e-06  9.08899e-03 -8.99948e-03
 -2.24000e-02  8.67920e-06  1.32926e-02 -6.97178e-03
 -2.24000e-02  9.91908e-06  1.78334e-02 -4.75060e-03
 -2.24000e-02  1.11590e-05  2.27210e-02 -2.33082e-03
 -2.24000e-02  1.23989e-05  2.79648e-02  2.92674e-04
 -2.24000e-02  1.36387e-05  3.35742e-02  3.12500e-03
 -2.24000e-02  1.48786e-05  3.95589e-02  6.17126e-03
 -2.24000e-02  1.61185e-05  4.59281e-02  9.43659e-03
 -2.24000e-02  1.73584e-05  5.26915e-02  1.29261e-02
 -2.24000e-02  1.85983e-05  5.98585e-02  1.66449e-02
 -2.24000e-02  1.98382e-05  6.74386e-02  2.05981e-02
 -2.24000e-02  2.10780e-05  7.54412e-02  2.47908e-02
 -2.24000e-02  2.23179e-05  8.38758e-02  2.92282e-02
 -2.24000e-02  2.35578e-05  9.27520e-02  3.39153e-02
 -2.24000e-02  2.47977e-05  1.02079e-01  3.88573e-02
 -2.24000e-02  2.60376e-05  1.11867e-01  4.40593e-02
 -2.24000e-02  2.72775e-05  1.22124e-01  4.95263e-02
 -2.24000e-02  2.85174e-05  1.32862e-01  5.52636e-02
 -2.24000e-02  2.97572e-05  1.44087e-01  6.12763e-02
 -2.24000e-02  3.09971e-05  1.55812e-01  6.75693e-02

 -2.10000e-02  0.00000e+00 -1.04590e-02 -1.61841e-02
 -2.10000e-02  1.23989e-06 -8.37016e-03 -1.52575e-02
 -2.10000e-02  2.47977e-06 -6.00893e-03 -1.41683e-02
 -2.10000e-02  3.71966e-06 -3.36587e-03 -1.29115e-02
 -2.10000e-02  4.95954e-06 -4.31509e-04 -1.14818e-02
 -2.10000e-02  6.19943e-06  2.80364e-03 -9.87419e-03
 -2.10000e-02  7.43931e-06  6.34905e-03 -8.08357e-03
 -2.10000e-02  8.67920e-06  1.02142e-02 -6.10479e-03
 -2.10000e-02  9.91908e-06  1.44086e-02 -3.93274e-03
 -2.10000e-02  1.11590e-05  1.89417e-02 -1.56231e-03
 -2.10000e-02  1.23989e-05  2.38229e-02  1.01162e-03
 -2.10000e-02  1.36387e-05  2.90618e-02  3.79416e-03
 -2.10000e-02  1.48786e-05  3.46679e-02  6.79043e-03
 -2.10000e-02  1.61185e-05  4.06506e-02  1.00055e-02
 -2.10000e-02  1.73584e-05  4.70194e-02  1.34446e-02
 -2.10000e-02  1.85983e-05  5.37837e-02  1.71128e-02
 -2.10000e-02  1.98382e-05  6.09531e-02  2.10151e-02
 -2.10000e-02  2.10780e-05  6.85371e-02  2.51568e-02
 -2.10000e-02  2.23179e-05  7.65450e-02  2.95428e-02
 -2.10000e-02  2.35578e-05  8.49865e-02  3.41784e-02
 -2.10000e-02  2.47977e-05  9.38709e-02  3.90687e-02
 -2.10000e-02  2.60376e-05  1.03208e-01  4.42187e-02
 -2.10000e-02  2.72775e-05  1.13007e-01  4.96337e-02
 -2.10000e-02  2.85174e-05  1.23277e-01  5.53186e-02
 -2.10000e-02  2.97572e-05  1.34028e-01  6.12786e-02
 -2.10000e-02  3.09971e-05  1.45269e-01  6.75189e-02

 -1.96000e-02  0.00000e+00 -1.09036e-02 -1.49877e-02
 -1.96000e-02  1.23989e-06 -9.08919e-03 -1.41054e-02
 -1.96000e-02  2.47977e-06 -7.01023e-03 -1.30608e-02
 -1.96000e-02  3.71966e-06 -4.65720e-03 -1.18489e-02
 -1.96000e-02  4.95954e-06 -2.02065e-03 -1.04644e-02
 -1.96000e-02  6.19943e-06  9.08924e-04 -8.90241e-03
 -1.96000e-02  7.43931e-06  4.14099e-03 -7.15767e-03
 -1.96000e-02  8.67920e-06  7.68502e-03 -5.22509e-03
 -1.96000e-02  9.91908e-06  1.15505e-02 -3.09957e-03
 -1.96000e-02  1.11590e-05  1.57469e-02 -7.75980e-04
 -1.96000e-02  1.23989e-05  2.02837e-02  1.75078e-03
 -1.96000e-02  1.36387e-05  2.51705e-02  4.48584e-03
 -1.96000e-02  1.48786e-05  3.04165e-02  7.43431e-03
 -1.96000e-02  1.61185e-05  3.60315e-02  1.06013e-02
 -1.96000e-02  1.73584e-05  4.20247e-02  1.39919e-02
 -1.96000e-02  1.85983e-05  4.84058e-02  1.76113e-02
 -1.96000e-02  1.98382e-05  5.51841e-02  2.14646e-02
 -1.96000e-02  2.10780e-05  6.23692e-02  2.55568e-02
 -1.96000e-02  2.23179e-05  6.99706e-02  2.98932e-02
 -1.96000e-02  2.35578e-05  7.79976e-02  3.44787e-02
 -1.96000e-02  2.47977e-05  8.64599e-02  3.93186e-02
 -1.96000e-02  2.60376e-05  9.53669e-02  4.44179e-02
 -1.96000e-02  2.72775e-05  1.04728e-01  4.97819e-02
 -1.96000e-02  2.85174e-05  1.14553e-01  5.54154e-02
 -1.96000e-02  2.97572e-05  1.24851e-01  6.13238e-02
 -1.96000e-02  3.09971e-05  1.35631e-01  6.75121e-02

 -1.82000e-02  0.00000e+00 -1.09895e-02 -1.38026e-02
 -1.82000e-02  1.23989e-06 -9.43487e-03 -1.29617e-02
 -1.82000e-02  2.47977e-06 -7.62321e-03 -1.19590e-02
 -1.82000e-02  3.71966e-06 -5.54501e-03 -1.07893e-02
 -1.82000e-02  4.95954e-06 -3.19079e-03 -9.44756e-03
 -1.82000e-02  6.19943e-06 -5.51081e-04 -7.92864e-03
 -1.82000e-02  7.43931e-06  2.38360e-03 -6.22743e-03
 -1.82000e-02  8.67920e-06  5.62273e-03 -4.33882e-03
 -1.82000e-02  9.91908e-06  9.17580e-03 -2.25768e-03
 -1.82000e-02  1.11590e-05  1.30523e-02  2.10922e-05
 -1.82000e-02  1.23989e-05  1.72616e-02  2.50262e-03
 -1.82000e-02  1.36387e-05  2.18134e-02  5.19202e-03
 -1.82000e-02  1.48786e-05  2.67169e-02  8.09440e-03
 -1.82000e-02  1.61185e-05  3.19819e-02  1.12149e-02
 -1.82000e-02  1.73584e-05  3.76176e-02  1.45586e-02
 -1.82000e-02  1.85983e-05  4.36336e-02  1.81306e-02
 -1.82000e-02  1.98382e-05  5.00393e-02  2.19361e-02
 -1.82000e-02  2.10780e-05  5.68443e-02  2.59801e-02
 -1.82000e-02  2.23179e-05  6.40581e-02  3.02678e-02
 -1.82000e-02  2.35578e-05  7.16900e-02  3.48043e-02
 -1.82000e-02  2.47977e-05  7.97496e-02  3.95947e-02
 -1.82000e-02  2.60376e-05  8.82464e-02  4.46442e-02
 -1.82000e-02  2.72775e-05  9.71898e-02  4.99577e-02
 -1.82000e-02  2.85174e-05  1.06589e-01  5.55406e-02
 -1.82000e-02  2.97572e-05  1.16454e-01  6.13978e-02
 -1.82000e-02  3.09971e-05  1.26795e-01  6.75345e-02

 -1.68000e-02  0.00000e+00 -1.07821e-02 -1.26311e-02
 -1.68000e-02  1.23989e-06 -9.47365e-03 -1.18292e-02
 -1.68000e-02  2.47977e-06 -7.91536e-03 -1.08660e-02
 -1.68000e-02  3.71966e-06 -6.09781e-03 -9.73634e-03
 -1.68000e-02  4.95954e-06 -4.01152e-03 -8.43517e-03
 -1.68000e-02  6.19943e-06 -1.64700e-03 -6.95735e-03
 -1.68000e-02  7.43931e-06  1.00523e-03 -5.29777e-03
 -1.68000e-02  8.67920e-06  3.95463e-03 -3.45131e-03
 -1.68000e-02  9.91908e-06  7.21070e-03 -1.41286e-03
 -1.68000e-02  1.11590e-05  1.07829e-02  8.22703e-04
 -1.68000e-02  1.23989e-05  1.46808e-02  3.26049e-03
 -1.68000e-02  1.36387e-05  1.89137e-02  5.90561e-03
 -1.68000e-02  1.48786e-05  2.34912e-02  8.76319e-03
 -1.68000e-02  1.61185e-05  2.84228e-02  1.18383e-02
 -1.68000e-02  1.73584e-05  3.37179e-02  1.51362e-02
 -1.68000e-02  1.85983e-05  3.93860e-02  1.86618e-02
 -1.68000e-02  1.98382e-05  4.54366e-02  2.24204e-02
 -1.68000e-02  2.10780e-05  5.18792e-02  2.64170e-02
 -1.68000e-02  2.23179e-05  5.87233e-02  3.06567e-02
 -1.68000e-02  2.35578e-05  6.59783e-02  3.51447e-02
 -1.68000e-02  2.47977e-05  7.36537e-02  3.98861e-02
 -1.68000e-02  2.60376e-05  8.17590e-02  4.48860e-02
 -1.68000e-02  2.72775e-05  9.03037e-02  5.01495e-02
 -1.68000e-02  2.85174e-05  9.92972e-02  5.56817e-02
 -1.68000e-02  2.97572e-05  1.08749e-01  6.14877e-02
 -1.68000e-02  3.09971e-05  1.18669e-01  6.75727e-02

 -1.54000e-02  0.00000e+00 -1.03386e-02 -1.14750e-02
 -1.54000e-02  1.23989e-06 -9.26354e-03 -1.07101e-02
 -1.54000e-02  2.47977e-06 -7.94571e-03 -9.78442e-03
 -1.54000e-02  3.71966e-06 -6.37564e-03 -8.69300e-03
 -1.54000e-02  4.95954e-06 -4.54383e-03 -7.43068e-03
 -1.54000e-02  6.19943e-06 -2.44082e-03 -5.99235e-03
 -1.54000e-02  7.43931e-06 -5.71166e-05 -4.37288e-03
 -1.54000e-02  8.67920e-06  2.61675e-03 -2.56718e-03
 -1.54000e-02  9.91908e-06  5.59027e-03 -5.70109e-04
 -1.54000e-02  1.11590e-05  8.87291e-03  1.62343e-03
 -1.54000e-02  1.23989e-05  1.24741e-02  4.01857e-03
 -1.54000e-02  1.36387e-05  1.64035e-02  6.62041e-03
 -1.54000e-02  1.48786e-05  2.06704e-02  9.43407e-03
 -1.54000e-02  1.61185e-05  2.52843e-02  1.24647e-02
 -1.54000e-02  1.73584e-05  3.02548e-02  1.57173e-02
 -1.54000e-02  1.85983e-05  3.55912e-02  1.91972e-02
 -1.54000e-02  1.98382e-05  4.13032e-02  2.29093e-02
 -1.54000e-02  2.10780e-05  4.74001e-02  2.68588e-02
 -1.54000e-02  2.23179e-05  5.38914e-02  3.10508e-02
 -1.54000e-02  2.35578e-05  6.07866e-02  3.54905e-02
 -1.54000e-02  2.47977e-05  6.80953e-02  4.01829e-02
 -1.54000e-02  2.60376e-05  7.58268e-02  4.51331e-02
 -1.54000e-02  2.72775e-05  8.39907e-02  5.03464e-02
 -1.54000e-02  2.85174e-05  9.25964e-02  5.58277e-02
 -1.54000e-02  2.97572e-05  1.01653e-01  6.15822e-02
 -1.54000e-02  3.09971e-05  1.11171e-01  6.76151e-02

 -1.40000e-02  0.00000e+00 -9.70833e-03 -1.03357e-02
 -1.40000e-02  1.23989e-06 -8.85497e-03 -9.60605e-03
 -1.40000e-02  2.47977e-06 -7.76561e-03 -8.71644e-03
 -1.40000e-02  3.71966e-06 -6.43076e-03 -7.66178e-03
 -1.40000e-02  4.95954e-06 -4.84095e-03 -6.43696e-03
 -1.40000e-02  6.19943e-06 -2.98669e-03 -5.03687e-03
 -1.40000e-02  7.43931e-06 -8.58514e-04 -3.45638e-03
 -1.40000e-02  8.67920e-06  1.55307e-03 -1.69038e-03
 -1.40000e-02  9.91908e-06  4.25753e-03  2.66235e-04
 -1.40000e-02  1.11590e-05  7.26435e-03  2.41859e-03
 -1.40000e-02  1.23989e-05  1.05830e-02  4.77180e-03
 -1.40000e-02  1.36387e-05  1.42230e-02  7.33098e-03
 -1.40000e-02  1.48786e-05  1.81938e-02  1.01013e-02
 -1.40000e-02  1.61185e-05  2.25048e-02  1.30877e-02
 -1.40000e-02  1.73584e-05  2.71657e-02  1.62955e-02
 -1.40000e-02  1.85983e-05  3.21857e-02  1.97297e-02
 -1.40000e-02  1.98382e-05  3.75745e-02  2.33955e-02
 -1.40000e-02  2.10780e-05  4.33414e-02  2.72979e-02
 -1.40000e-02  2.23179e-05  4.94961e-02  3.14421e-02
 -1.40000e-02  2.35578e-05  5.60479e-02  3.58332e-02
 -1.40000e-02  2.47977e-05  6.30063e-02  4.04763e-02
 -1.40000e-02  2.60376e-05  7.03808e-02  4.53765e-02
 -1.40000e-02  2.72775e-05  7.81809e-02  5.05390e-02
 -1.40000e-02  2.85174e-05  8.64161e-02  5.59688e-02
 -1.40000e-02  2.97572e-05  9.50959e-02  6.16711e-02
 -1.40000e-02  3.09971e-05  1.04230e-01  6.76510e-02

 -1.26000e-02  0.00000e+00 -8.93403e-03 -9.21431e-03
 -1.26000e-02  1.23989e-06 -8.29151e-03 -8.51858e-03
 -1.26000e-02  2.47977e-06 -7.41949e-03 -7.66376e-03
 -1.26000e-02  3.71966e-06 -6.30850e-03 -6.64474e-03
 -1.26000e-02  4.95954e-06 -4.94906e-03 -5.45640e-03
 -1.26000e-02  6.19943e-06 -3.33169e-03 -4.09362e-03
 -1.26000e-02  7.43931e-06 -1.44690e-03 -2.55130e-03
 -1.26000e-02  8.67920e-06  7.14767e-04 -8.24303e-04
 -1.26000e-02  9.91908e-06  3.16281e-03  1.09247e-03
 -1.26000e-02  1.11590e-05  5.90669e-03  3.20414e-03
 -1.26000e-02  1.23989e-05  8.95591e-03  5.51583e-03
 -1.26000e-02  1.36387e-05  1.23199e-02  8.03264e-03
 -1.26000e-02  1.48786e-05  1.60082e-02  1.07597e-02
 -1.26000e-02  1.61185e-05  2.00303e-02  1.37021e-02
 -1.26000e-02  1.73584e-05  2.43956e-02  1.68650e-02
 -1.26000e-02  1.85983e-05  2.91137e-02  2.02535e-02
 -1.26000e-02  1.98382e-05  3.41939e-02  2.38727e-02
 -1.26000e-02  2.10780e-05  3.96458e-02  2.77277e-02
 -1.26000e-02  2.23179e-05  4.54789e-02  3.18236e-02
 -1.26000e-02  2.35578e-05  5.17026e-02  3.61656e-02
 -1.26000e-02  2.47977e-05  5.83265e-02  4.07588e-02
 -1.26000e-02  2.60376e-05  6.53599e-02  4.56082e-02
 -1.26000e-02  2.72775e-05  7.28124e-02  5.07191e-02
 -1.26000e-02  2.85174e-05  8.06935e-02  5.60964e-02
 -1.26000e-02  2.97572e-05  8.90126e-02  6.17454e-02
 -1.26000e-02  3.09971e-05  9.77793e-02  6.76712e-02

 -1.12000e-02  0.00000e+00 -8.05229e-03 -8.11153e-03
 -1.12000e-02  1.23989e-06 -7.61055e-03 -7.44871e-03
 -1.12000e-02  2.47977e-06 -6.94558e-03 -6.62776e-03
 -1.12000e-02  3.71966e-06 -6.04790e-03 -5.64354e-03
 -1.12000e-02  4.95954e-06 -4.90802e-03 -4.49095e-03
 -1.12000e-02  6.19943e-06 -3.51648e-03 -3.16487e-03
 -1.12000e-02  7.43931e-06 -1.86379e-03 -1.66019e-03
 -1.12000e-02  8.67920e-06  5.95275e-05  2.82184e-05
 -1.12000e-02  9.91908e-06  2.26295e-03  1.90546e-03
 -1.12000e-02  1.11590e-05  4.75597e-03  3.97665e-03
 -1.12000e-02  1.23989e-05  7.54804e-03  6.24691e-03
 -1.12000e-02  1.36387e-05  1.06487e-02  8.72135e-03
 -1.12000e-02  1.48786e-05  1.40673e-02  1.14051e-02
 -1.12000e-02  1.61185e-05  1.78135e-02  1.43032e-02
 -1.12000e-02  1.73584e-05  2.18966e-02  1.74209e-02
 -1.12000e-02  1.85983e-05  2.63262e-02  2.07633e-02
 -1.12000e-02  1.98382e-05  3.11117e-02  2.43353e-02
 -1.12000e-02  2.10780e-05  3.62627e-02  2.81423e-02
 -1.12000e-02  2.23179e-05  4.17885e-02  3.21893e-02
 -1.12000e-02  2.35578e-05  4.76988e-02  3.64813e-02
 -1.12000e-02  2.47977e-05  5.40029e-02  4.10236e-02
 -1.12000e-02  2.60376e-05  6.07103e-02  4.58212e-02
 -1.12000e-02  2.72775e-05  6.78306e-02  5.08793e-02
 -1.12000e-02  2.85174e-05  7.53731e-02  5.62029e-02
 -1.12000e-02  2.97572e-05  8.33474e-02  6.17973e-02
 -1.12000e-02  3.09971e-05  9.17630e-02  6.76674e-02

 -9.80000e-03  0.00000e+00 -7.09427e-03 -7.02795e-03
 -9.80000e-03  1.23989e-06 -6.84403e-03 -6.39727e-03
 -9.80000e-03  2.47977e-06 -6.37657e-03 -5.60950e-03
 -9.80000e-03  3.71966e-06 -5.68240e-03 -4.65951e-03
 -9.80000e-03  4.95954e-06 -4.75206e-03 -3.54221e-03
 -9.80000e-03  6.19943e-06 -3.57605e-03 -2.25246e-03
 -9.80000e-03  7.43931e-06 -2.14491e-03 -7.85159e-04
 -9.80000e-03  8.67920e-06 -4.49150e-04  8.64813e-04
 -9.80000e-03  9.91908e-06  1.52071e-03  2.70257e-03
 -9.80000e-03  1.11590e-05  3.77414e-03  4.73323e-03
 -9.80000e-03  1.23989e-05  6.32064e-03  6.96191e-03
 -9.80000e-03  1.36387e-05  9.16966e-03  9.39372e-03
 -9.80000e-03  1.48786e-05  1.23307e-02  1.20338e-02
 -9.80000e-03  1.61185e-05  1.58132e-02  1.48872e-02
 -9.80000e-03  1.73584e-05  1.96267e-02  1.79591e-02
 -9.80000e-03  1.85983e-05  2.37807e-02  2.12546e-02
 -9.80000e-03  1.98382e-05  2.82846e-02  2.47788e-02
 -9.80000e-03  2.10780e-05  3.31479e-02  2.85368e-02
 -9.80000e-03  2.23179e-05  3.83801e-02  3.25338e-02
 -9.80000e-03  2.35578e-05  4.39907e-02  3.67748e-02
 -9.80000e-03  2.47977e-05  4.99891e-02  4.12650e-02
 -9.80000e-03  2.60376e-05  5.63848e-02  4.60095e-02
 -9.80000e-03  2.72775e-05  6.31874e-02  5.10134e-02
 -9.80000e-03  2.85174e-05  7.04062e-02  5.62818e-02
 -9.80000e-03  2.97572e-05  7.80508e-02  6.18199e-02
 -9.80000e-03  3.09971e-05  8.61306e-02  6.76326e-02

 -8.40000e-03  0.00000e+00 -6.08632e-03 -5.96395e-03
 -8.40000e-03  1.23989e-06 -6.01900e-03 -5.36485e-03
 -8.40000e-03  2.47977e-06 -5.74021e-03 -4.60980e-03
 -8.40000e-03  3.71966e-06 -5.24049e-03 -3.69371e-03
 -8.40000e-03  4.95954e-06 -4.51034e-03 -2.61144e-03
 -8.40000e-03  6.19943e-06 -3.54029e-03 -1.35789e-03
 -8.40000e-03  7.43931e-06 -2.32086e-03  7.20682e-05
 -8.40000e-03  8.67920e-06 -8.42566e-04  1.68354e-03
 -8.40000e-03  9.91908e-06  9.04066e-04  3.48164e-03
 -8.40000e-03  1.11590e-05  2.92852e-03  5.47149e-03
 -8.40000e-03  1.23989e-05  5.24026e-03  7.65820e-03
 -8.40000e-03  1.36387e-05  7.84879e-03  1.00469e-02
 -8.40000e-03  1.48786e-05  1.07636e-02  1.26427e-02
 -8.40000e-03  1.61185e-05  1.39941e-02  1.54507e-02
 -8.40000e-03  1.73584e-05  1.75498e-02  1.84760e-02
 -8.40000e-03  1.85983e-05  2.14403e-02  2.17237e-02
 -8.40000e-03  1.98382e-05  2.56749e-02  2.51991e-02
 -8.40000e-03  2.10780e-05  3.02631e-02  2.89071e-02
 -8.40000e-03  2.23179e-05  3.52145e-02  3.28528e-02
 -8.40000e-03  2.35578e-05  4.05385e-02  3.70415e-02
 -8.40000e-03  2.47977e-05  4.62446e-02  4.14782e-02
 -8.40000e-03  2.60376e-05  5.23423e-02  4.61680e-02
 -8.40000e-03  2.72775e-05  5.88410e-02  5.11161e-02
 -8.40000e-03  2.85174e-05  6.57502e-02  5.63275e-02
 -8.40000e-03  2.97572e-05  7.30794e-02  6.18075e-02
 -8.40000e-03  3.09971e-05  8.08382e-02  6.75610e-02

 -7.00000e-03  0.00000e+00 -5.05058e-03 -4.91977e-03
 -7.00000e-03  1.23989e-06 -5.15825e-03 -4.35187e-03
 -7.00000e-03  2.47977e-06 -5.05997e-03 -3.62930e-03
 -7.00000e-03  3.71966e-06 -4.74625e-03 -2.74692e-03
 -7.00000e-03  4.95954e-06 -4.20761e-03 -1.69964e-03
 -7.00000e-03  6.19943e-06 -3.43458e-03 -4.82331e-04
 -7.00000e-03  7.43931e-06 -2.41767e-03  9.10121e-04
 -7.00000e-03  8.67920e-06 -1.14741e-03  2.48283e-03
 -7.00000e-03  9.91908e-06  3.85687e-04  4.24092e-03
 -7.00000e-03  1.11590e-05  2.19109e-03  6.18949e-03
 -7.00000e-03  1.23989e-05  4.27830e-03  8.33367e-03
 -7.00000e-03  1.36387e-05  6.65677e-03  1.06786e-02
 -7.00000e-03  1.48786e-05  9.33599e-03  1.32293e-02
 -7.00000e-03  1.61185e-05  1.23254e-02  1.59910e-02
 -7.00000e-03  1.73584e-05  1.56346e-02  1.89687e-02
 -7.00000e-03  1.85983e-05  1.92730e-02  2.21677e-02
 -7.00000e-03  1.98382e-05  2.32500e-02  2.55929e-02
 -7.00000e-03  2.10780e-05  2.75751e-02  2.92495e-02
 -7.00000e-03  2.23179e-05  3.22579e-02  3.31427e-02
 -7.00000e-03  2.35578e-05  3.73078e-02  3.72775e-02
 -7.00000e-03  2.47977e-05  4.27343e-02  4.16591e-02
 -7.00000e-03  2.60376e-05  4.85468e-02  4.62926e-02
 -7.00000e-03  2.72775e-05  5.47549e-02  5.11830e-02
 -7.00000e-03  2.85174e-05  6.13680e-02  5.63355e-02
 -7.00000e-03  2.97572e-05  6.83957e-02  6.17553e-02
 -7.00000e-03  3.09971e-05  7.58472e-02  6.74474e-02

 -5.60000e-03  0.00000e+00 -4.00552e-03 -3.89555e-03
 -5.60000e-03  1.23989e-06 -4.28086e-03 -3.35865e-03
 -5.60000e-03  2.47977e-06 -4.35548e-03 -2.66843e-03
 -5.60000e-03  3.71966e-06 -4.21993e-03 -1.81978e-03
 -5.60000e-03  4.95954e-06 -3.86471e-03 -8.07578e-04
 -5.60000e-03  6.19943e-06 -3.28035e-03  3.73287e-04
 -5.60000e-03  7.43931e-06 -2.45738e-03  1.72793e-03
 -5.60000e-03  8.67920e-06 -1.38630e-03  3.26147e-03
 -5.60000e-03  9.91908e-06 -5.76405e-05  4.97902e-03
 -5.60000e-03  1.11590e-05  1.53808e-03  6.88570e-03
 -5.60000e-03  1.23989e-05  3.41033e-03  8.98662e-03
 -5.60000e-03  1.36387e-05  5.56860e-03  1.12869e-02
 -5.60000e-03  1.48786e-05  8.02236e-03  1.37916e-02
 -5.60000e-03  1.61185e-05  1.07811e-02  1.65060e-02
 -5.60000e-03  1.73584e-05  1.38543e-02  1.94350e-02
 -5.60000e-03  1.85983e-05  1.72514e-02  2.25839e-02
 -5.60000e-03  1.98382e-05  2.09820e-02  2.59577e-02
 -5.60000e-03  2.10780e-05  2.50554e-02  2.95615e-02
 -5.60000e-03  2.23179e-05  2.94812e-02  3.34005e-02
 -5.60000e-03  2.35578e-05  3.42689e-02  3.74798e-02
 -5.60000e-03  2.47977e-05  3.94279e-02  4.18045e-02
 -5.60000e-03  2.60376e-05  4.49677e-02  4.63797e-02
 -5.60000e-03  2.72775e-05  5.08978e-02  5.12106e-02
 -5.60000e-03  2.85174e-05  5.72276e-02  5.63021e-02
 -5.60000e-03  2.97572e-05  6.39667e-02  6.16596e-02
 -5.60000e-03  3.09971e-05  7.11245e-02  6.72880e-02

 -4.20000e-03  0.00000e+00 -2.96645e-03 -2.89139e-03
 -4.20000e-03  1.23989e-06 -3.40264e-03 -2.38539e-03
 -4.20000e-03  2.47977e-06 -3.64313e-03 -1.72753e-03
 -4.20000e-03  3.71966e-06 -3.67844e-03 -9.12714e-04
 -4.20000e-03  4.95954e-06 -3.49909e-03  6.41864e-05
 -4.20000e-03  6.19943e-06 -3.09560e-03  1.20828e-03
 -4.20000e-03  7.43931e-06 -2.45849e-03  2.52470e-03
 -4.20000e-03  8.67920e-06 -1.57829e-03  4.01854e-03
 -4.20000e-03  9.91908e-06 -4.45505e-04  5.69492e-03
 -4.20000e-03  1.11590e-05  9.49332e-04  7.55896e-03
 -4.20000e-03  1.23989e-05  2.61570e-03  9.61578e-03
 -4.20000e-03  1.36387e-05  4.56309e-03  1.18705e-02
 -4.20000e-03  1.48786e-05  6.80097e-03  1.43282e-02
 -4.20000e-03  1.61185e-05  9.33882e-03  1.69940e-02
 -4.20000e-03  1.73584e-05  1.21861e-02  1.98731e-02
 -4.20000e-03  1.85983e-05  1.53524e-02  2.29705e-02
 -4.20000e-03  1.98382e-05  1.88470e-02  2.62914e-02
 -4.20000e-03  2.10780e-05  2.26795e-02  2.98409e-02
 -4.20000e-03  2.23179e-05  2.68594e-02  3.36241e-02
 -4.20000e-03  2.35578e-05  3.13962e-02  3.76461e-02
 -4.20000e-03  2.47977e-05  3.62993e-02  4.19120e-02
 -4.20000e-03  2.60376e-05  4.15782e-02  4.64270e-02
 -4.20000e-03  2.72775e-05  4.72423e-02  5.11961e-02
 -4.20000e-03  2.85174e-05  5.33013e-02  5.62245e-02
 -4.20000e-03  2.97572e-05  5.97645e-02  6.15173e-02
 -4.20000e-03  3.09971e-05  6.66414e-02  6.70796e-02

 -2.80000e-03  0.00000e+00 -1.94596e-03 -1.90735e-03
 -2.80000e-03  1.23989e-06 -2.53669e-03 -1.43224e-03
 -2.80000e-03  2.47977e-06 -2.93646e-03 -8.06843e-04
 -2.80000e-03  3.71966e-06 -3.13581e-03 -2.60520e-05
 -2.80000e-03  4.95954e-06 -3.12525e-03  9.15250e-04
 -2.80000e-03  6.19943e-06 -2.89530e-03  2.02218e-03
 -2.80000e-03  7.43931e-06 -2.43648e-03  3.29985e-03
 -2.80000e-03  8.67920e-06 -1.73932e-03  4.75337e-03
 -2.80000e-03  9.91908e-06 -7.94333e-04  6.38788e-03
 -2.80000e-03  1.11590e-05  4.07959e-04  8.20846e-03
 -2.80000e-03  1.23989e-05  1.87703e-03  1.02203e-02
 -2.80000e-03  1.36387e-05  3.62237e-03  1.24284e-02
 -2.80000e-03  1.48786e-05  5.65346e-03  1.48379e-02
 -2.80000e-03  1.61185e-05  7.97976e-03  1.74540e-02
 -2.80000e-03  1.73584e-05  1.06108e-02  2.02818e-02
 -2.80000e-03  1.85983e-05  1.35559e-02  2.33263e-02
 -2.80000e-03  1.98382e-05  1.68248e-02  2.65928e-02
 -2.80000e-03  2.10780e-05  2.04268e-02  3.00862e-02
 -2.80000e-03  2.23179e-05  2.43714e-02  3.38118e-02
 -2.80000e-03  2.35578e-05  2.86681e-02  3.77746e-02
 -2.80000e-03  2.47977e-05  3.33263e-02  4.19798e-02
 -2.80000e-03  2.60376e-05  3.83557e-02  4.64325e-02
 -2.80000e-03  2.72775e-05  4.37655e-02  5.11377e-02
 -2.80000e-03  2.85174e-05  4.95654e-02  5.61007e-02
 -2.80000e-03  2.97572e-05  5.57648e-02  6.13265e-02
 -2.80000e-03  3.09971e-05  6.23731e-02  6.68202e-02

 -1.40000e-03  0.00000e+00 -9.54346e-04 -9.43523e-04
 -1.40000e-03  1.23989e-06 -1.69371e-03 -4.99328e-04
 -1.40000e-03  2.47977e-06 -2.24663e-03  9.34715e-05
 -1.40000e-03  3.71966e-06 -2.60361e-03  8.39991e-04
 -1.40000e-03  4.95954e-06 -2.75519e-03  1.74535e-03
 -1.40000e-03  6.19943e-06 -2.69187e-03  2.81465e-03
 -1.40000e-03  7.43931e-06 -2.40419e-03  4.05303e-03
 -1.40000e-03  8.67920e-06 -1.88266e-03  5.46558e-03
 -1.40000e-03  9.91908e-06 -1.11781e-03  7.05743e-03
 -1.40000e-03  1.11590e-05 -1.00152e-04  8.83370e-03
 -1.40000e-03  1.23989e-05  1.17979e-03  1.07995e-02
 -1.40000e-03  1.36387e-05  2.73150e-03  1.29599e-02
 -1.40000e-03  1.48786e-05  4.56445e-03  1.53201e-02
 -1.40000e-03  1.61185e-05  6.68812e-03  1.78852e-02
 -1.40000e-03  1.73584e-05  9.11200e-03  2.06603e-02
 -1.40000e-03  1.85983e-05  1.18456e-02  2.36504e-02
 -1.40000e-03  1.98382e-05  1.48983e-02  2.68608e-02
 -1.40000e-03  2.10780e-05  1.82796e-02  3.02966e-02
 -1.40000e-03  2.23179e-05  2.19991e-02  3.39627e-02
 -1.40000e-03  2.35578e-05  2.60662e-02  3.78645e-02
 -1.40000e-03  2.47977e-05  3.04903e-02  4.20069e-02
 -1.40000e-03  2.60376e-05  3.52810e-02  4.63952e-02
 -1.40000e-03  2.72775e-05  4.04478e-02  5.10343e-02
 -1.40000e-03  2.85174e-05  4.60000e-02  5.59295e-02
 -1.40000e-03  2.97572e-05  5.19473e-02  6.10858e-02
 -1.40000e-03  3.09971e-05  5.82990e-02  6.65084e-02

  0.00000e+00  0.00000e+00  0.00000e+00  0.00000e+00
  0.00000e+00  1.23989e-06 -8.82472e-04  4.13228e-04
  0.00000e+00  2.47977e-06 -1.58274e-03  9.73281e-04
  0.00000e+00  3.71966e-06 -2.09133e-03  1.68527e-03
  0.00000e+00  4.95954e-06 -2.39875e-03  2.55432e-03
  0.00000e+00  6.19943e-06 -2.49554e-03  3.58555e-03
  0.00000e+00  7.43931e-06 -2.37220e-03  4.78405e-03
  0.00000e+00  8.67920e-06 -2.01927e-03  6.15497e-03
  0.00000e+00  9.91908e-06 -1.42726e-03  7.70339e-03
  0.00000e+00  1.11590e-05 -5.86685e-04  9.43446e-03
  0.00000e+00  1.23989e-05  5.11923e-04  1.13533e-02
  0.00000e+00  1.36387e-05  1.87805e-03  1.34649e-02
  0.00000e+00  1.48786e-05  3.52117e-03  1.57746e-02
  0.00000e+00  1.61185e-05  5.45076e-03  1.82874e-02
  0.00000e+00  1.73584e-05  7.67631e-03  2.10083e-02
  0.00000e+00  1.85983e-05  1.02073e-02  2.39426e-02
  0.00000e+00  1.98382e-05  1.30532e-02  2.70953e-02
  0.00000e+00  2.10780e-05  1.62235e-02  3.04716e-02
  0.00000e+00  2.23179e-05  1.97276e-02  3.40766e-02
  0.00000e+00  2.35578e-05  2.35751e-02  3.79153e-02
  0.00000e+00  2.47977e-05  2.77755e-02  4.19930e-02
  0.00000e+00  2.60376e-05  3.23381e-02  4.63147e-02
  0.00000e+00  2.72775e-05  3.72726e-02  5.08855e-02
  0.00000e+00  2.85174e-05  4.25883e-02  5.57106e-02
  0.00000e+00  2.97572e-05  4.82947e-02  6.07950e-02
  0.00000e+00  3.09971e-05  5.44014e-02  6.61439e-02

  1.40000e-03  0.00000e+00  9.10261e-04  9.23065e-04
  1.40000e-03  1.23989e-06 -1.10097e-04  1.30530e-03
  1.40000e-03  2.47977e-06 -9.52248e-04  1.83248e-03
  1.40000e-03  3.71966e-06 -1.60671e-03  2.50972e-03
  1.40000e-03  4.95954e-06 -2.06401e-03  3.34212e-03
  1.40000e-03  6.19943e-06 -2.31466e-03  4.33482e-03
  1.40000e-03  7.43931e-06 -2.34919e-03  5.49292e-03
  1.40000e-03  8.67920e-06 -2.15812e-03  6.82154e-03
  1.40000e-03  9.91908e-06 -1.73196e-03  8.32579e-03
  1.40000e-03  1.11590e-05 -1.06124e-03  1.00108e-02
  1.40000e-03  1.23989e-05 -1.36484e-04  1.18817e-02
  1.40000e-03  1.36387e-05  1.05180e-03  1.39435e-02
  1.40000e-03  1.48786e-05  2.51308e-03  1.62015e-02
  1.40000e-03  1.61185e-05  4.25684e-03  1.86606e-02
  1.40000e-03  1.73584e-05  6.29255e-03  2.13261e-02
  1.40000e-03  1.85983e-05  8.62971e-03  2.42030e-02
  1.40000e-03  1.98382e-05  1.12778e-02  2.72965e-02
  1.40000e-03  2.10780e-05  1.42463e-02  3.06117e-02
  1.40000e-03  2.23179e-05  1.75446e-02  3.41536e-02
  1.40000e-03  2.35578e-05  2.11823e-02  3.79275e-02
  1.40000e-03  2.47977e-05  2.51688e-02  4.19383e-02
  1.40000e-03  2.60376e-05  2.95137e-02  4.61914e-02
  1.40000e-03  2.72775e-05  3.42263e-02  5.06916e-02
  1.40000e-03  2.85174e-05  3.93162e-02  5.54443e-02
  1.40000e-03  2.97572e-05  4.47929e-02  6.04544e-02
  1.40000e-03  3.09971e-05  5.06658e-02  6.57271e-02

  2.80000e-03  0.00000e+00  1.77090e-03  1.82546e-03
  2.80000e-03  1.23989e-06  6.17625e-04  2.17674e-03
  2.80000e-03  2.47977e-06 -3.61186e-04  2.67098e-03
  2.80000e-03  3.71966e-06 -1.15605e-03  3.31328e-03
  2.80000e-03  4.95954e-06 -1.75750e-03  4.10877e-03
  2.80000e-03  6.19943e-06 -2.15605e-03  5.06256e-03
  2.80000e-03  7.43931e-06 -2.34221e-03  6.17976e-03
  2.80000e-03  8.67920e-06 -2.30652e-03  7.46549e-03
  2.80000e-03  9.91908e-06 -2.03949e-03  8.92488e-03
  2.80000e-03  1.11590e-05 -1.53164e-03  1.05630e-02
  2.80000e-03  1.23989e-05 -7.73493e-04  1.23850e-02
  2.80000e-03  1.36387e-05  2.44430e-04  1.43961e-02
  2.80000e-03  1.48786e-05  1.53161e-03  1.66012e-02
  2.80000e-03  1.61185e-05  3.09752e-03  1.90055e-02
  2.80000e-03  1.73584e-05  4.95165e-03  2.16142e-02
  2.80000e-03  1.85983e-05  7.10347e-03  2.44323e-02
  2.80000e-03  1.98382e-05  9.56247e-03  2.74651e-02
  2.80000e-03  2.10780e-05  1.23381e-02  3.07175e-02
  2.80000e-03  2.23179e-05  1.54399e-02  3.41947e-02
  2.80000e-03  2.35578e-05  1.88773e-02  3.79018e-02
  2.80000e-03  2.47977e-05  2.26598e-02  4.18439e-02
  2.80000e-03  2.60376e-05  2.67968e-02  4.60262e-02
  2.80000e-03  2.72775e-05  3.12979e-02  5.04538e-02
  2.80000e-03  2.85174e-05  3.61725e-02  5.51317e-02
  2.80000e-03  2.97572e-05  4.14302e-02  6.00651e-02
  2.80000e-03  3.09971e-05  4.70803e-02  6.52592e-02

  4.20000e-03  0.00000e+00  2.57740e-03  2.70689e-03
  4.20000e-03  1.23989e-06  1.29599e-03  3.02735e-03
  4.20000e-03  2.47977e-06  1.85539e-04  3.48867e-03
  4.20000e-03  3.71966e-06 -7.44458e-04  4.09596e-03
  4.20000e-03  4.95954e-06 -1.48453e-03  4.85434e-03
  4.20000e-03  6.19943e-06 -2.02518e-03  5.76894e-03
  4.20000e-03  7.43931e-06 -2.35696e-03  6.84485e-03
  4.20000e-03  8.67920e-06 -2.47036e-03  8.08721e-03
  4.20000e-03  9.91908e-06 -2.35592e-03  9.50112e-03
  4.20000e-03  1.11590e-05 -2.00415e-03  1.10917e-02
  4.20000e-03  1.23989e-05 -1.40558e-03  1.28641e-02
  4.20000e-03  1.36387e-05 -5.50723e-04  1.48233e-02
  4.20000e-03  1.48786e-05  5.69896e-04  1.69746e-02
  4.20000e-03  1.61185e-05  1.96576e-03  1.93230e-02
  4.20000e-03  1.73584e-05  3.64634e-03  2.18737e-02
  4.20000e-03  1.85983e-05  5.62113e-03  2.46317e-02
  4.20000e-03  1.98382e-05  7.89959e-03  2.76022e-02
  4.20000e-03  2.10780e-05  1.04912e-02  3.07903e-02
  4.20000e-03  2.23179e-05  1.34055e-02  3.42011e-02
  4.20000e-03  2.35578e-05  1.66519e-02  3.78397e-02
  4.20000e-03  2.47977e-05  2.02398e-02  4.17113e-02
  4.20000e-03  2.60376e-05  2.41789e-02  4.58209e-02
  4.20000e-03  2.72775e-05  2.84785e-02  5.01737e-02
  4.20000e-03  2.85174e-05  3.31482e-02  5.47748e-02
  4.20000e-03  2.97572e-05  3.81973e-02  5.96293e-02
  4.20000e-03  3.09971e-05  4.36355e-02  6.47423e-02

  5.60000e-03  0.00000e+00  3.32607e-03  3.56701e-03
  5.60000e-03  1.23989e-06  1.92115e-03  3.85689e-03
  5.60000e-03  2.47977e-06  6.83950e-04  4.28544e-03
  5.60000e-03  3.71966e-06 -3.76038e-04  4.85778e-03
  5.60000e-03  4.95954e-06 -1.24934e-03  5.57900e-03
  5.60000e-03  6.19943e-06 -1.92647e-03  6.45424e-03
  5.60000e-03  7.43931e-06 -2.39795e-03  7.48861e-03
  5.60000e-03  8.67920e-06 -2.65431e-03  8.68721e-03
  5.60000e-03  9.91908e-06 -2.68606e-03  1.00552e-02
  5.60000e-03  1.11590e-05 -2.48373e-03  1.15976e-02
  5.60000e-03  1.23989e-05 -2.03784e-03  1.33196e-02
  5.60000e-03  1.36387e-05 -1.33890e-03  1.52264e-02
  5.60000e-03  1.48786e-05 -3.77434e-04  1.73229e-02
  5.60000e-03  1.61185e-05  8.56030e-04  1.96144e-02
  5.60000e-03  1.73584e-05  2.37098e-03  2.21059e-02
  5.60000e-03  1.85983e-05  4.17688e-03  2.48027e-02
  5.60000e-03  1.98382e-05  6.28323e-03  2.77096e-02
  5.60000e-03  2.10780e-05  8.69949e-03  3.08320e-02
  5.60000e-03  2.23179e-05  1.14352e-02  3.41749e-02
  5.60000e-03  2.35578e-05  1.44997e-02  3.77434e-02
  5.60000e-03  2.47977e-05  1.79026e-02  4.15427e-02
  5.60000e-03  2.60376e-05  2.16533e-02  4.55778e-02
  5.60000e-03  2.72775e-05  2.57614e-02  4.98539e-02
  5.60000e-03  2.85174e-05  3.02362e-02  5.43761e-02
  5.60000e-03  2.97572e-05  3.50873e-02  5.91495e-02
  5.60000e-03  3.09971e-05  4.03242e-02  6.41792e-02

  7.00000e-03  0.00000e+00  4.01385e-03  4.40536e-03
  7.00000e-03  1.23989e-06  2.48997e-03  4.66509e-03
  7.00000e-03  2.47977e-06  1.13082e-03  5.06120e-03
  7.00000e-03  3.71966e-06 -5.41026e-05  5.59878e-03
  7.00000e-03  4.95954e-06 -1.05533e-03  6.28296e-03
  7.00000e-03  6.19943e-06 -1.86337e-03  7.11885e-03
  7.00000e-03  7.43931e-06 -2.46876e-03  8.11156e-03
  7.00000e-03  8.67920e-06 -2.86201e-03  9.26622e-03
  7.00000e-03  9.91908e-06 -3.03365e-03  1.05879e-02
  7.00000e-03  1.11590e-05 -2.97419e-03  1.20818e-02
  7.00000e-03  1.23989e-05 -2.67415e-03  1.37530e-02
  7.00000e-03  1.36387e-05 -2.12406e-03  1.56066e-02
  7.00000e-03  1.48786e-05 -1.31443e-03  1.76477e-02
  7.00000e-03  1.61185e-05 -2.35795e-04  1.98814e-02
  7.00000e-03  1.73584e-05  1.12134e-03  2.23129e-02
  7.00000e-03  1.85983e-05  2.76644e-03  2.49472e-02
  7.00000e-03  1.98382e-05  4.70899e-03  2.77896e-02
  7.00000e-03  2.10780e-05  6.95847e-03  3.08450e-02
  7.00000e-03  2.23179e-05  9.52436e-03  3.41186e-02
  7.00000e-03  2.35578e-05  1.24161e-02  3.76156e-02
  7.00000e-03  2.47977e-05  1.56433e-02  4.13410e-02
  7.00000e-03  2.60376e-05  1.92153e-02  4.53000e-02
  7.00000e-03  2.72775e-05  2.31416e-02  4.94976e-02
  7.00000e-03  2.85174e-05  2.74317e-02  5.39390e-02
  7.00000e-03  2.97572e-05  3.20952e-02  5.86294e-02
  7.00000e-03  3.09971e-05  3.71413e-02  6.35737e-02

  8.40000e-03  0.00000e+00  4.63820e-03  5.22142e-03
  8.40000e-03  1.23989e-06  2.99988e-03  5.45163e-03
  8.40000e-03  2.47977e-06  1.52356e-03  5.81580e-03
  8.40000e-03  3.71966e-06  2.18725e-04  6.31905e-03
  8.40000e-03  4.95954e-06 -9.05146e-04  6.96649e-03
  8.40000e-03  6.19943e-06 -1.83858e-03  7.76324e-03
  8.40000e-03  7.43931e-06 -2.57208e-03  8.71440e-03
  8.40000e-03  8.67920e-06 -3.09619e-03  9.82510e-03
  8.40000e-03  9.91908e-06 -3.40142e-03  1.11005e-02
  8.40000e-03  1.11590e-05 -3.47829e-03  1.25456e-02
  8.40000e-03  1.23989e-05 -3.31733e-03  1.41656e-02
  8.40000e-03  1.36387e-05 -2.90904e-03  1.59656e-02
  8.40000e-03  1.48786e-05 -2.24396e-03  1.79507e-02
  8.40000e-03  1.61185e-05 -1.31260e-03  2.01261e-02
  8.40000e-03  1.73584e-05 -1.05491e-04  2.24967e-02
  8.40000e-03  1.85983e-05  1.38686e-03  2.50679e-02
  8.40000e-03  1.98382e-05  3.17391e-03  2.78446e-02
  8.40000e-03  2.10780e-05  5.26517e-03  3.08321e-02
  8.40000e-03  2.23179e-05  7.67009e-03  3.40353e-02
  8.40000e-03  2.35578e-05  1.03982e-02  3.74594e-02
  8.40000e-03  2.47977e-05  1.34589e-02  4.11096e-02
  8.40000e-03  2.60376e-05  1.68617e-02  4.49910e-02
  8.40000e-03  2.72775e-05  2.06161e-02  4.91086e-02
  8.40000e-03  2.85174e-05  2.47316e-02  5.34676e-02
  8.40000e-03  2.97572e-05  2.92176e-02  5.80731e-02
  8.40000e-03  3.09971e-05  3.40836e-02  6.29302e-02

  9.80000e-03  0.00000e+00  5.19698e-03  6.01460e-03
  9.80000e-03  1.23989e-06  3.44878e-03  6.21615e-03
  9.80000e-03  2.47977e-06  1.86010e-03  6.54914e-03
  9.80000e-03  3.71966e-06  4.40416e-04  7.01871e-03
  9.80000e-03  4.95954e-06 -8.00791e-04  7.62995e-03
  9.80000e-03  6.19943e-06 -1.85404e-03  8.38799e-03
  9.80000e-03  7.43931e-06 -2.70986e-03  9.29794e-03
  9.80000e-03  8.67920e-06 -3.35876e-03  1.03649e-02
  9.80000e-03  9.91908e-06 -3.79127e-03  1.15940e-02
  9.80000e-03  1.11590e-05 -3.99790e-03  1.29904e-02
  9.80000e-03  1.23989e-05 -3.96918e-03  1.45592e-02
  9.80000e-03  1.36387e-05 -3.69563e-03  1.63054e-02
  9.80000e-03  1.48786e-05 -3.16777e-03  1.82343e-02
  9.80000e-03  1.61185e-05 -2.37612e-03  2.03508e-02
  9.80000e-03  1.73584e-05 -1.31120e-03  2.26603e-02
  9.80000e-03  1.85983e-05  3.64710e-05  2.51676e-02
  9.80000e-03  1.98382e-05  1.67637e-03  2.78780e-02
  9.80000e-03  2.10780e-05  3.61797e-03  3.07966e-02
  9.80000e-03  2.23179e-05  5.87077e-03  3.39286e-02
  9.80000e-03  2.35578e-05  8.44422e-03  3.72789e-02
  9.80000e-03  2.47977e-05  1.13478e-02  4.08527e-02
  9.80000e-03  2.60376e-05  1.45911e-02  4.46552e-02
  9.80000e-03  2.72775e-05  1.81834e-02  4.86915e-02
  9.80000e-03  2.85174e-05  2.21343e-02  5.29666e-02
  9.80000e-03  2.97572e-05  2.64533e-02  5.74857e-02
  9.80000e-03  3.09971e-05  3.11498e-02  6.22539e-02

  1.12000e-02  0.00000e+00  5.68847e-03  6.78426e-03
  1.12000e-02  1.23989e-06  3.83503e-03  6.95826e-03
  1.12000e-02  2.47977e-06  2.13888e-03  7.26111e-03
  1.12000e-02  3.71966e-06  6.09486e-04  7.69790e-03
  1.12000e-02  4.95954e-06 -7.43660e-04  8.27377e-03
  1.12000e-02  6.19943e-06 -1.91108e-03  8.99381e-03
  1.12000e-02  7.43931e-06 -2.88331e-03  9.86316e-03
  1.12000e-02  8.67920e-06 -3.65085e-03  1.08869e-02
  1.12000e-02  9.91908e-06 -4.20423e-03  1.20702e-02
  1.12000e-02  1.11590e-05 -4.53397e-03  1.34181e-02
  1.12000e-02  1.23989e-05 -4.63059e-03  1.49358e-02
  1.12000e-02  1.36387e-05 -4.48462e-03  1.66284e-02
  1.12000e-02  1.48786e-05 -4.08656e-03  1.85010e-02
  1.12000e-02  1.61185e-05 -3.42696e-03  2.05586e-02
  1.12000e-02  1.73584e-05 -2.49631e-03  2.28065e-02
  1.12000e-02  1.85983e-05 -1.28515e-03  2.52498e-02
  1.12000e-02  1.98382e-05  2.16002e-04  2.78934e-02
  1.12000e-02  2.10780e-05  2.01663e-03  3.07427e-02
  1.12000e-02  2.23179e-05  4.12621e-03  3.38026e-02
  1.12000e-02  2.35578e-05  6.55422e-03  3.70784e-02
  1.12000e-02  2.47977e-05  9.31015e-03  4.05750e-02
  1.12000e-02  2.60376e-05  1.24035e-02  4.42977e-02
  1.12000e-02  2.72775e-05  1.58436e-02  4.82516e-02
  1.12000e-02  2.85174e-05  1.96402e-02  5.24417e-02
  1.12000e-02  2.97572e-05  2.38025e-02  5.68731e-02
  1.12000e-02  3.09971e-05  2.83402e-02  6.15511e-02

  1.26000e-02  0.00000e+00  6.11127e-03  7.52970e-03
  1.26000e-02  1.23989e-06  4.15739e-03  7.67760e-03
  1.26000e-02  2.47977e-06  2.35880e-03  7.95162e-03
  1.26000e-02  3.71966e-06  7.24995e-04  8.35687e-03
  1.26000e-02  4.95954e-06 -7.34549e-04  8.89847e-03
  1.26000e-02  6.19943e-06 -2.01035e-03  9.58154e-03
  1.26000e-02  7.43931e-06 -3.09294e-03  1.04112e-02
  1.26000e-02  8.67920e-06 -3.97282e-03  1.13925e-02
  1.26000e-02  9.91908e-06 -4.64053e-03  1.25307e-02
  1.26000e-02  1.11590e-05 -5.08658e-03  1.38308e-02
  1.26000e-02  1.23989e-05 -5.30149e-03  1.52979e-02
  1.26000e-02  1.36387e-05 -5.27579e-03  1.69372e-02
  1.26000e-02  1.48786e-05 -4.99999e-03  1.87538e-02
  1.26000e-02  1.61185e-05 -4.46462e-03  2.07527e-02
  1.26000e-02  1.73584e-05 -3.66019e-03  2.29392e-02
  1.26000e-02  1.85983e-05 -2.57723e-03  2.53182e-02
  1.26000e-02  1.98382e-05 -1.20626e-03  2.78951e-02
  1.26000e-02  2.10780e-05  4.62205e-04  3.06747e-02
  1.26000e-02  2.23179e-05  2.43764e-03  3.36624e-02
  1.26000e-02  2.35578e-05  4.72952e-03  3.68631e-02
  1.26000e-02  2.47977e-05  7.34734e-03  4.02820e-02
  1.26000e-02  2.60376e-05  1.03006e-02  4.39242e-02
  1.26000e-02  2.72775e-05  1.35987e-02  4.77949e-02
  1.26000e-02  2.85174e-05  1.72511e-02  5.18991e-02
  1.26000e-02  2.97572e-05  2.12675e-02  5.62419e-02
  1.26000e-02  3.09971e-05  2.56571e-02  6.08286e-02

  1.40000e-02  0.00000e+00  6.46444e-03  8.25021e-03
  1.40000e-02  1.23989e-06  4.41509e-03  8.37378e-03
  1.40000e-02  2.47977e-06  2.51931e-03  8.62064e-03
  1.40000e-02  3.71966e-06  7.86578e-04  8.99592e-03
  1.40000e-02  4.95954e-06 -7.73622e-04  9.50472e-03
  1.40000e-02  6.19943e-06 -2.15181e-03  1.01522e-02
  1.40000e-02  7.43931e-06 -3.33851e-03  1.09434e-02
  1.40000e-02  8.67920e-06 -4.32424e-03  1.18835e-02
  1.40000e-02  9.91908e-06 -5.09953e-03  1.29775e-02
  1.40000e-02  1.11590e-05 -5.65488e-03  1.42307e-02
  1.40000e-02  1.23989e-05 -5.98084e-03  1.56481e-02
  1.40000e-02  1.36387e-05 -6.06790e-03  1.72348e-02
  1.40000e-02  1.48786e-05 -5.90660e-03  1.89960e-02
  1.40000e-02  1.61185e-05 -5.48746e-03  2.09368e-02
  1.40000e-02  1.73584e-05 -4.80099e-03  2.30622e-02
  1.40000e-02  1.85983e-05 -3.83772e-03  2.53775e-02
  1.40000e-02  1.98382e-05 -2.58817e-03  2.78876e-02
  1.40000e-02  2.10780e-05 -1.04286e-03  3.05978e-02
  1.40000e-02  2.23179e-05  8.07698e-04  3.35131e-02
  1.40000e-02  2.35578e-05  2.97297e-03  3.66387e-02
  1.40000e-02  2.47977e-05  5.46244e-03  3.99797e-02
  1.40000e-02  2.60376e-05  8.28559e-03  4.35412e-02
  1.40000e-02  2.72775e-05  1.14519e-02  4.73282e-02
  1.40000e-02  2.85174e-05  1.49708e-02  5.13460e-02
  1.40000e-02  2.97572e-05  1.88519e-02  5.55996e-02
  1.40000e-02  3.09971e-05  2.31046e-02  6.00942e-02

  1.54000e-02  0.00000e+00  6.74749e-03  8.94509e-03
  1.54000e-02  1.23989e-06  4.60792e-03  9.04647e-03
  1.54000e-02  2.47977e-06  2.62044e-03  9.26823e-03
  1.54000e-02  3.71966e-06  7.94527e-04  9.61547e-03
  1.54000e-02  4.95954e-06 -8.60329e-04  1.00933e-02
  1.54000e-02  6.19943e-06 -2.33465e-03  1.07069e-02
  1.54000e-02  7.43931e-06 -3.61897e-03  1.14613e-02
  1.54000e-02  8.67920e-06 -4.70379e-03  1.23616e-02
  1.54000e-02  9.91908e-06 -5.57965e-03  1.34130e-02
  1.54000e-02  1.11590e-05 -6.23706e-03  1.46206e-02
  1.54000e-02  1.23989e-05 -6.66654e-03  1.59895e-02
  1.54000e-02  1.36387e-05 -6.85861e-03  1.75248e-02
  1.54000e-02  1.48786e-05 -6.80380e-03  1.92316e-02
  1.54000e-02  1.61185e-05 -6.49262e-03  2.11151e-02
  1.54000e-02  1.73584e-05 -5.91559e-03  2.31803e-02
  1.54000e-02  1.85983e-05 -5.06325e-03  2.54324e-02
  1.54000e-02  1.98382e-05 -3.92609e-03  2.78765e-02
  1.54000e-02  2.10780e-05 -2.49466e-03  3.05176e-02
  1.54000e-02  2.23179e-05 -7.59466e-04  3.33610e-02
  1.54000e-02  2.35578e-05  1.28897e-03  3.64118e-02
  1.54000e-02  2.47977e-05  3.66013e-03  3.96750e-02
  1.54000e-02  2.60376e-05  6.36348e-03  4.31557e-02
  1.54000e-02  2.72775e-05  9.40852e-03  4.68592e-02
  1.54000e-02  2.85174e-05  1.28047e-02  5.07904e-02
  1.54000e-02  2.97572e-05  1.65615e-02  5.49545e-02
  1.54000e-02  3.09971e-05  2.06885e-02  5.93567e-02

  1.68000e-02  0.00000e+00  6.96055e-03  9.61366e-03
  1.68000e-02  1.23989e-06  4.73631e-03  9.69543e-03
  1.68000e-02  2.47977e-06  2.66294e-03  9.89453e-03
  1.68000e-02  3.71966e-06  7.49909e-04  1.02161e-02
  1.68000e-02  4.95954e-06 -9.93293e-04  1.06652e-02
  1.68000e-02  6.19943e-06 -2.55719e-03  1.12470e-02
  1.68000e-02  7.43931e-06 -3.93230e-03  1.19667e-02
  1.68000e-02  8.67920e-06 -5.10915e-03  1.28292e-02
  1.68000e-02  9.91908e-06 -6.07826e-03  1.38398e-02
  1.68000e-02  1.11590e-05 -6.83015e-03  1.50035e-02
  1.68000e-02  1.23989e-05 -7.35533e-03  1.63255e-02
  1.68000e-02  1.36387e-05 -7.64434e-03  1.78109e-02
  1.68000e-02  1.48786e-05 -7.68769e-03  1.94647e-02
  1.68000e-02  1.61185e-05 -7.47589e-03  2.12922e-02
  1.68000e-02  1.73584e-05 -6.99948e-03  2.32984e-02
  1.68000e-02  1.85983e-05 -6.24898e-03  2.54885e-02
  1.68000e-02  1.98382e-05 -5.21489e-03  2.78675e-02
  1.68000e-02  2.10780e-05 -3.88775e-03  3.04405e-02
  1.68000e-02  2.23179e-05 -2.25808e-03  3.32128e-02
  1.68000e-02  2.35578e-05 -3.16391e-04  3.61894e-02
  1.68000e-02  2.47977e-05  1.94679e-03  3.93754e-02
  1.68000e-02  2.60376e-05  4.54094e-03  4.27759e-02
  1.68000e-02  2.72775e-05  7.47555e-03  4.63961e-02
  1.68000e-02  2.85174e-05  1.07601e-02  5.02410e-02
  1.68000e-02  2.97572e-05  1.44040e-02  5.43159e-02
  1.68000e-02  3.09971e-05  1.84169e-02  5.86257e-02

  1.82000e-02  0.00000e+00  7.10449e-03  1.02553e-02
  1.82000e-02  1.23989e-06  4.80152e-03  1.03205e-02
  1.82000e-02  2.47977e-06  2.64843e-03  1.04998e-02
  1.82000e-02  3.71966e-06  6.54722e-04  1.07985e-02
  1.82000e-02  4.95954e-06 -1.17014e-03  1.12216e-02
  1.82000e-02  6.19943e-06 -2.81668e-03  1.17743e-02
  1.82000e-02  7.43931e-06 -4.27540e-03  1.24616e-02
  1.82000e-02  8.67920e-06 -5.53684e-03  1.32888e-02
  1.82000e-02  9.91908e-06 -6.59151e-03  1.42608e-02
  1.82000e-02  1.11590e-05 -7.42993e-03  1.53828e-02
  1.82000e-02  1.23989e-05 -8.04263e-03  1.66600e-02
  1.82000e-02  1.36387e-05 -8.42013e-03  1.80974e-02
  1.82000e-02  1.48786e-05 -8.55293e-03  1.97002e-02
  1.82000e-02  1.61185e-05 -8.43158e-03  2.14734e-02
  1.82000e-02  1.73584e-05 -8.04658e-03  2.34223e-02
  1.82000e-02  1.85983e-05 -7.38847e-03  2.55518e-02
  1.82000e-02  1.98382e-05 -6.44775e-03  2.78672e-02
  1.82000e-02  2.10780e-05 -5.21495e-03  3.03735e-02
  1.82000e-02  2.23179e-05 -3.68059e-03  3.30759e-02
  1.82000e-02  2.35578e-05 -1.83519e-03  3.59794e-02
  1.82000e-02  2.47977e-05  3.30729e-04  3.90893e-02
  1.82000e-02  2.60376e-05  2.82664e-03  4.24105e-02
  1.82000e-02  2.72775e-05  5.66203e-03  4.59482e-02
  1.82000e-02  2.85174e-05  8.84638e-03  4.97076e-02
  1.82000e-02  2.97572e-05  1.23892e-02  5.36937e-02
  1.82000e-02  3.09971e-05  1.62999e-02  5.79117e-02

  1.96000e-02  0.00000e+00  7.18119e-03  1.08696e-02
  1.96000e-02  1.23989e-06  4.80583e-03  1.09216e-02
  1.96000e-02  2.47977e-06  2.57964e-03  1.10846e-02
  1.96000e-02  3.71966e-06  5.12102e-04  1.13637e-02
  1.96000e-02  4.95954e-06 -1.38731e-03  1.17640e-02
  1.96000e-02  6.19943e-06 -3.10912e-03  1.22905e-02
  1.96000e-02  7.43931e-06 -4.64385e-03  1.29486e-02
  1.96000e-02  8.67920e-06 -5.98201e-03  1.37431e-02
  1.96000e-02  9.91908e-06 -7.11412e-03  1.46794e-02
  1.96000e-02  1.11590e-05 -8.03071e-03  1.57624e-02
  1.96000e-02  1.23989e-05 -8.72231e-03  1.69973e-02
  1.96000e-02  1.36387e-05 -9.17942e-03  1.83892e-02
  1.96000e-02  1.48786e-05 -9.39256e-03  1.99432e-02
  1.96000e-02  1.61185e-05 -9.35227e-03  2.16645e-02
  1.96000e-02  1.73584e-05 -9.04906e-03  2.35581e-02
  1.96000e-02  1.85983e-05 -8.47345e-03  2.56292e-02
  1.96000e-02  1.98382e-05 -7.61597e-03  2.78829e-02
  1.96000e-02  2.10780e-05 -6.46713e-03  3.03242e-02
  1.96000e-02  2.23179e-05 -5.01745e-03  3.29584e-02
  1.96000e-02  2.35578e-05 -3.25745e-03  3.57906e-02
  1.96000e-02  2.47977e-05 -1.17766e-03  3.88257e-02
  1.96000e-02  2.60376e-05  1.23140e-03  4.20691e-02
  1.96000e-02  2.72775e-05  3.97922e-03  4.55257e-02
  1.96000e-02  2.85174e-05  7.07527e-03  4.92007e-02
  1.96000e-02  2.97572e-05  1.05290e-02  5.30992e-02
  1.96000e-02  3.09971e-05  1.43500e-02  5.72263e-02

  2.10000e-02  0.00000e+00  7.19370e-03  1.14560e-02
  2.10000e-02  1.23989e-06  4.75280e-03  1.14989e-02
  2.10000e-02  2.47977e-06  2.46059e-03  1.16495e-02
  2.10000e-02  3.71966e-06  3.26565e-04  1.19128e-02
  2.10000e-02  4.95954e-06 -1.63981e-03  1.22939e-02
  2.10000e-02  6.19943e-06 -3.42905e-03  1.27980e-02
  2.10000e-02  7.43931e-06 -5.03167e-03  1.34302e-02
  2.10000e-02  8.67920e-06 -6.43821e-03  1.41956e-02
  2.10000e-02  9.91908e-06 -7.63917e-03  1.50994e-02
  2.10000e-02  1.11590e-05 -8.62508e-03  1.61465e-02
  2.10000e-02  1.23989e-05 -9.38646e-03  1.73422e-02
  2.10000e-02  1.36387e-05 -9.91383e-03  1.86916e-02
  2.10000e-02  1.48786e-05 -1.01977e-02  2.01997e-02
  2.10000e-02  1.61185e-05 -1.02286e-02  2.18718e-02
  2.10000e-02  1.73584e-05 -9.99708e-03  2.37128e-02
  2.10000e-02  1.85983e-05 -9.49362e-03  2.57280e-02
  2.10000e-02  1.98382e-05 -8.70875e-03  2.79224e-02
  2.10000e-02  2.10780e-05 -7.63300e-03  3.03012e-02
  2.10000e-02  2.23179e-05 -6.25688e-03  3.28694e-02
  2.10000e-02  2.35578e-05 -4.57092e-03  3.56323e-02
  2.10000e-02  2.47977e-05 -2.56564e-03  3.85948e-02
  2.10000e-02  2.60376e-05 -2.31552e-04  4.17622e-02
  2.10000e-02  2.72775e-05  2.44082e-03  4.51395e-02
  2.10000e-02  2.85174e-05  5.46095e-03  4.87318e-02
  2.10000e-02  2.97572e-05  8.83831e-03  5.25443e-02
  2.10000e-02  3.09971e-05  1.25824e-02  5.65821e-02

  2.24000e-02  0.00000e+00  7.14657e-03  1.20146e-02
  2.24000e-02  1.23989e-06  4.64751e-03  1.20529e-02
  2.24000e-02  2.47977e-06  2.29692e-03  1.21955e-02
  2.24000e-02  3.71966e-06  1.04288e-04  1.24473e-02
  2.24000e-02  4.95954e-06 -1.92091e-03  1.28136e-02
  2.24000e-02  6.19943e-06 -3.76919e-03  1.32994e-02
  2.24000e-02  7.43931e-06 -5.43108e-03  1.39098e-02
  2.24000e-02  8.67920e-06 -6.89710e-03  1.46499e-02
  2.24000e-02  9.91908e-06 -8.15776e-03  1.55250e-02
  2.24000e-02  1.11590e-05 -9.20360e-03  1.65400e-02
  2.24000e-02  1.23989e-05 -1.00251e-02  1.77001e-02
  2.24000e-02  1.36387e-05 -1.06129e-02  1.90105e-02
  2.24000e-02  1.48786e-05 -1.09573e-02  2.04762e-02
  2.24000e-02  1.61185e-05 -1.10490e-02  2.21023e-02
  2.24000e-02  1.73584e-05 -1.08785e-02  2.38940e-02
  2.24000e-02  1.85983e-05 -1.04363e-02  2.58563e-02
  2.24000e-02  1.98382e-05 -9.71290e-03  2.79945e-02
  2.24000e-02  2.10780e-05 -8.69883e-03  3.03136e-02
  2.24000e-02  2.23179e-05 -7.38462e-03  3.28187e-02
  2.24000e-02  2.35578e-05 -5.76078e-03  3.55149e-02
  2.24000e-02  2.47977e-05 -3.81784e-03  3.84074e-02
  2.24000e-02  2.60376e-05 -1.54632e-03  4.15013e-02
  2.24000e-02  2.72775e-05  1.06327e-03  4.48016e-02
  2.24000e-02  2.85174e-05  4.02039e-03  4.83136e-02
  2.24000e-02  2.97572e-05  7.33454e-03  5.20423e-02
  2.24000e-02  3.09971e-05  1.10152e-02  5.59928e-02

  2.38000e-02  0.00000e+00  7.04619e-03  1.25453e-02
  2.38000e-02  1.23989e-06  4.49694e-03  1.25842e-02
  2.38000e-02  2.47977e-06  2.09619e-03  1.27238e-02
  2.38000e-02  3.71966e-06 -1.46561e-04  1.29692e-02
  2.38000e-02  4.95954e-06 -2.22185e-03  1.33254e-02
  2.38000e-02  6.19943e-06 -4.12019e-03  1.37975e-02
  2.38000e-02  7.43931e-06 -5.83211e-03  1.43908e-02
  2.38000e-02  8.67920e-06 -7.34813e-03  1.51103e-02
  2.38000e-02  9.91908e-06 -8.65876e-03  1.59610e-02
  2.38000e-02  1.11590e-05 -9.75452e-03  1.69483e-02
  2.38000e-02  1.23989e-05 -1.06259e-02  1.80770e-02
  2.38000e-02  1.36387e-05 -1.12636e-02  1.93525e-02
  2.38000e-02  1.48786e-05 -1.16579e-02  2.07797e-02
  2.38000e-02  1.61185e-05 -1.17994e-02  2.23638e-02
  2.38000e-02  1.73584e-05 -1.16786e-02  2.41099e-02
  2.38000e-02  1.85983e-05 -1.12862e-02  2.60232e-02
  2.38000e-02  1.98382e-05 -1.06125e-02  2.81086e-02
  2.38000e-02  2.10780e-05 -9.64809e-03  3.03715e-02
  2.38000e-02  2.23179e-05 -8.38352e-03  3.28168e-02
  2.38000e-02  2.35578e-05 -6.80930e-03  3.54497e-02
  2.38000e-02  2.47977e-05 -4.91595e-03  3.82754e-02
  2.38000e-02  2.60376e-05 -2.69398e-03  4.12988e-02
  2.38000e-02  2.72775e-05 -1.33917e-04  4.45252e-02
  2.38000e-02  2.85174e-05  2.77372e-03  4.79596e-02
  2.38000e-02  2.97572e-05  6.03840e-03  5.16072e-02
  2.38000e-02  3.09971e-05  9.66962e-03  5.54731e-02

  2.52000e-02  0.00000e+00  6.90111e-03  1.30485e-02
  2.52000e-02  1.23989e-06  4.31031e-03  1.30939e-02
  2.52000e-02  2.47977e-06  1.86829e-03  1.32362e-02
  2.52000e-02  3.71966e-06 -4.15457e-04  1.34806e-02
  2.52000e-02  4.95954e-06 -2.53145e-03  1.38322e-02
  2.52000e-02  6.19943e-06 -4.47022e-03  1.42961e-02
  2.52000e-02  7.43931e-06 -6.22228e-03  1.48775e-02
  2.52000e-02  8.67920e-06 -7.77815e-03  1.55814e-02
  2.52000e-02  9.91908e-06 -9.12835e-03  1.64129e-02
  2.52000e-02  1.11590e-05 -1.02634e-02  1.73773e-02
  2.52000e-02  1.23989e-05 -1.11738e-02  1.84795e-02
  2.52000e-02  1.36387e-05 -1.18502e-02  1.97248e-02
  2.52000e-02  1.48786e-05 -1.22829e-02  2.11181e-02
  2.52000e-02  1.61185e-05 -1.24626e-02  2.26648e-02
  2.52000e-02  1.73584e-05 -1.23797e-02  2.43697e-02
  2.52000e-02  1.85983e-05 -1.20248e-02  2.62382e-02
  2.52000e-02  1.98382e-05 -1.13885e-02  2.82752e-02
  2.52000e-02  2.10780e-05 -1.04611e-02  3.04859e-02
  2.52000e-02  2.23179e-05 -9.23327e-03  3.28755e-02
  2.52000e-02  2.35578e-05 -7.69551e-03  3.54490e-02
  2.52000e-02  2.47977e-05 -5.83832e-03  3.82115e-02
  2.52000e-02  2.60376e-05 -3.65224e-03  4.11682e-02
  2.52000e-02  2.72775e-05 -1.12779e-03  4.43242e-02
  2.52000e-02  2.85174e-05  1.74453e-03  4.76846e-02
  2.52000e-02  2.97572e-05  4.97417e-03  5.12545e-02
  2.52000e-02  3.09971e-05  8.57064e-03  5.50390e-02

  2.66000e-02  0.00000e+00  6.72251e-03  1.35250e-02
  2.66000e-02  1.23989e-06  4.09948e-03  1.35832e-02
  2.66000e-02  2.47977e-06  1.62578e-03  1.37346e-02
  2.66000e-02  3.71966e-06 -6.89110e-04  1.39843e-02
  2.66000e-02  4.95954e-06 -2.83572e-03  1.43374e-02
  2.66000e-02  6.19943e-06 -4.80456e-03  1.47991e-02
  2.66000e-02  7.43931e-06 -6.58616e-03  1.53744e-02
  2.66000e-02  8.67920e-06 -8.17104e-03  1.60686e-02
  2.66000e-02  9.91908e-06 -9.54972e-03  1.68867e-02
  2.66000e-02  1.11590e-05 -1.07127e-02  1.78337e-02
  2.66000e-02  1.23989e-05 -1.16505e-02  1.89149e-02
  2.66000e-02  1.36387e-05 -1.23537e-02  2.01354e-02
  2.66000e-02  1.48786e-05 -1.28128e-02  2.15002e-02
  2.66000e-02  1.61185e-05 -1.30183e-02  2.30145e-02
  2.66000e-02  1.73584e-05 -1.29607e-02  2.46834e-02
  2.66000e-02  1.85983e-05 -1.26305e-02  2.65120e-02
  2.66000e-02  1.98382e-05 -1.20183e-02  2.85055e-02
  2.66000e-02  2.10780e-05 -1.11146e-02  3.06689e-02
  2.66000e-02  2.23179e-05 -9.90991e-03  3.30073e-02
  2.66000e-02  2.35578e-05 -8.39473e-03  3.55259e-02
  2.66000e-02  2.47977e-05 -6.55960e-03  3.82299e-02
  2.66000e-02  2.60376e-05 -4.39503e-03  4.11242e-02
  2.66000e-02  2.72775e-05 -1.89156e-03  4.42140e-02
  2.66000e-02  2.85174e-05  9.60312e-04  4.75045e-02
  2.66000e-02  2.97572e-05  4.17005e-03  5.10007e-02
  2.66000e-02  3.09971e-05  7.74714e-03  5.47078e-02

  2.80000e-02  0.00000e+00  6.52457e-03  1.39761e-02
  2.80000e-02  1.23989e-06  3.87944e-03  1.40542e-02
  2.80000e-02  2.47977e-06  1.38441e-03  1.42216e-02
  2.80000e-02  3.71966e-06 -9.51015e-04  1.44835e-02
  2.80000e-02  4.95954e-06 -3.11737e-03  1.48450e-02
  2.80000e-02  6.19943e-06 -5.10518e-03  1.53111e-02
  2.80000e-02  7.43931e-06 -6.90496e-03  1.58871e-02
  2.80000e-02  8.67920e-06 -8.50722e-03  1.65780e-02
  2.80000e-02  9.91908e-06 -9.90250e-03  1.73890e-02
  2.80000e-02  1.11590e-05 -1.10813e-02  1.83251e-02
  2.80000e-02  1.23989e-05 -1.20342e-02  1.93914e-02
  2.80000e-02  1.36387e-05 -1.27516e-02  2.05932e-02
  2.80000e-02  1.48786e-05 -1.32241e-02  2.19354e-02
  2.80000e-02  1.61185e-05 -1.34423e-02  2.34233e-02
  2.80000e-02  1.73584e-05 -1.33966e-02  2.50619e-02
  2.80000e-02  1.85983e-05 -1.30775e-02  2.68564e-02
  2.80000e-02  1.98382e-05 -1.24756e-02  2.88118e-02
  2.80000e-02  2.10780e-05 -1.15814e-02  3.09333e-02
  2.80000e-02  2.23179e-05 -1.03854e-02  3.32260e-02
  2.80000e-02  2.35578e-05 -8.87820e-03  3.56950e-02
  2.80000e-02  2.47977e-05 -7.05023e-03  3.83454e-02
  2.80000e-02  2.60376e-05 -4.89204e-03  4.11824e-02
  2.80000e-02  2.72775e-05 -2.39414e-03  4.42110e-02
  2.80000e-02  2.85174e-05  4.52925e-04  4.74364e-02
  2.80000e-02  2.97572e-05  3.65865e-03  5.08637e-02
  2.80000e-02  3.09971e-05  7.23252e-03  5.44979e-02

  2.94000e-02  0.00000e+00  6.32505e-03  1.44032e-02
  2.94000e-02  1.23989e-06  3.66874e-03  1.45091e-02
  2.94000e-02  2.47977e-06  1.16357e-03  1.47004e-02
  2.94000e-02  3.71966e-06 -1.18096e-03  1.49821e-02
  2.94000e-02  4.95954e-06 -3.35538e-03  1.53595e-02
  2.94000e-02  6.19943e-06 -5.35021e-03  1.58376e-02
  2.94000e-02  7.43931e-06 -7.15597e-03  1.64215e-02
  2.94000e-02  8.67920e-06 -8.76319e-03  1.71164e-02
  2.94000e-02  9.91908e-06 -1.01624e-02  1.79273e-02
  2.94000e-02  1.11590e-05 -1.13441e-02  1.88595e-02
  2.94000e-02  1.23989e-05 -1.22987e-02  1.99179e-02
  2.94000e-02  1.36387e-05 -1.30170e-02  2.11078e-02
  2.94000e-02  1.48786e-05 -1.34893e-02  2.24342e-02
  2.94000e-02  1.61185e-05 -1.37061e-02  2.39022e-02
  2.94000e-02  1.73584e-05 -1.36581e-02  2.55170e-02
  2.94000e-02  1.85983e-05 -1.33356e-02  2.72837e-02
  2.94000e-02  1.98382e-05 -1.27294e-02  2.92074e-02
  2.94000e-02  2.10780e-05 -1.18297e-02  3.12932e-02
  2.94000e-02  2.23179e-05 -1.06273e-02  3.35462e-02
  2.94000e-02  2.35578e-05 -9.11253e-03  3.59716e-02
  2.94000e-02  2.47977e-05 -7.27600e-03  3.85744e-02
  2.94000e-02  2.60376e-05 -5.10821e-03  4.13598e-02
  2.94000e-02  2.72775e-05 -2.59969e-03  4.43329e-02
  2.94000e-02  2.85174e-05  2.59051e-04  4.74988e-02
  2.94000e-02  2.97572e-05  3.47749e-03  5.08626e-02
  2.94000e-02  3.09971e-05  7.06510e-03  5.44294e-02

  3.08000e-02  0.00000e+00  6.14575e-03  1.48088e-02
  3.08000e-02  1.23989e-06  3.49007e-03  1.49511e-02
  3.08000e-02  2.47977e-06  9.86833e-04  1.51747e-02
  3.08000e-02  3.71966e-06 -1.35449e-03  1.54847e-02
  3.08000e-02  4.95954e-06 -3.52440e-03  1.58863e-02
  3.08000e-02  6.19943e-06 -5.51344e-03  1.63845e-02
  3.08000e-02  7.43931e-06 -7.31212e-03  1.69845e-02
  3.08000e-02  8.67920e-06 -8.91096e-03  1.76913e-02
  3.08000e-02  9.91908e-06 -1.03005e-02  1.85102e-02
  3.08000e-02  1.11590e-05 -1.14712e-02  1.94462e-02
  3.08000e-02  1.23989e-05 -1.24137e-02  2.05044e-02
  3.08000e-02  1.36387e-05 -1.31183e-02  2.16899e-02
  3.08000e-02  1.48786e-05 -1.35758e-02  2.30079e-02
  3.08000e-02  1.61185e-05 -1.37765e-02  2.44635e-02
  3.08000e-02  1.73584e-05 -1.37111e-02  2.60618e-02
  3.08000e-02  1.85983e-05 -1.33700e-02  2.78079e-02
  3.08000e-02  1.98382e-05 -1.27437e-02  2.97069e-02
  3.08000e-02  2.10780e-05 -1.18228e-02  3.17639e-02
  3.08000e-02  2.23179e-05 -1.05978e-02  3.39841e-02
  3.08000e-02  2.35578e-05 -9.05916e-03  3.63726e-02
  3.08000e-02  2.47977e-05 -7.19748e-03  3.89344e-02
  3.08000e-02  2.60376e-05 -5.00326e-03  4.16748e-02
  3.08000e-02  2.72775e-05 -2.46701e-03  4.45988e-02
  3.08000e-02  2.85174e-05  4.20752e-04  4.77115e-02
  3.08000e-02  2.97572e-05  3.66950e-03  5.10180e-02
  3.08000e-02  3.09971e-05  7.28871e-03  5.45235e-02

  3.22000e-02  0.00000e+00  6.01314e-03  1.51957e-02
  3.22000e-02  1.23989e-06  3.37084e-03  1.53838e-02
  3.22000e-02  2.47977e-06  8.82523e-04  1.56490e-02
  3.22000e-02  3.71966e-06 -1.44233e-03  1.59965e-02
  3.22000e-02  4.95954e-06 -3.59424e-03  1.64314e-02
  3.22000e-02  6.19943e-06 -5.56373e-03  1.69587e-02
  3.22000e-02  7.43931e-06 -7.34131e-03  1.75837e-02
  3.22000e-02  8.67920e-06 -8.91752e-03  1.83113e-02
  3.22000e-02  9.91908e-06 -1.02829e-02  1.91468e-02
  3.22000e-02  1.11590e-05 -1.14279e-02  2.00951e-02
  3.22000e-02  1.23989e-05 -1.23431e-02  2.11616e-02
  3.22000e-02  1.36387e-05 -1.30190e-02  2.23512e-02
  3.22000e-02  1.48786e-05 -1.34461e-02  2.36691e-02
  3.22000e-02  1.61185e-05 -1.36149e-02  2.51204e-02
  3.22000e-02  1.73584e-05 -1.35160e-02  2.67102e-02
  3.22000e-02  1.85983e-05 -1.31400e-02  2.84437e-02
  3.22000e-02  1.98382e-05 -1.24772e-02  3.03258e-02
  3.22000e-02  2.10780e-05 -1.15182e-02  3.23619e-02
  3.22000e-02  2.23179e-05 -1.02536e-02  3.45569e-02
  3.22000e-02  2.35578e-05 -8.67385e-03  3.69160e-02
  3.22000e-02  2.47977e-05 -6.76949e-03  3.94444e-02
  3.22000e-02  2.60376e-05 -4.53104e-03  4.21470e-02
  3.22000e-02  2.72775e-05 -1.94903e-03  4.50291e-02
  3.22000e-02  2.85174e-05  9.86037e-04  4.80958e-02
  3.22000e-02  2.97572e-05  4.28363e-03  5.13521e-02
  3.22000e-02  3.09971e-05  7.95323e-03  5.48032e-02

  3.36000e-02  0.00000e+00  5.95893e-03  1.55674e-02
  3.36000e-02  1.23989e-06  3.34375e-03  1.58116e-02
  3.36000e-02  2.47977e-06  8.84351e-04  1.61287e-02
  3.36000e-02  3.71966e-06 -1.40979e-03  1.65237e-02
  3.36000e-02  4.95954e-06 -3.52920e-03  1.70018e-02
  3.36000e-02  6.19943e-06 -5.46439e-03  1.75681e-02
  3.36000e-02  7.43931e-06 -7.20588e-03  1.82278e-02
  3.36000e-02  8.67920e-06 -8.74420e-03  1.89858e-02
  3.36000e-02  9.91908e-06 -1.00699e-02  1.98474e-02
  3.36000e-02  1.11590e-05 -1.11734e-02  2.08176e-02
  3.36000e-02  1.23989e-05 -1.20453e-02  2.19016e-02
  3.36000e-02  1.36387e-05 -1.26762e-02  2.31045e-02
  3.36000e-02  1.48786e-05 -1.30564e-02  2.44314e-02
  3.36000e-02  1.61185e-05 -1.31766e-02  2.58874e-02
  3.36000e-02  1.73584e-05 -1.30273e-02  2.74777e-02
  3.36000e-02  1.85983e-05 -1.25990e-02  2.92073e-02
  3.36000e-02  1.98382e-05 -1.18822e-02  3.10813e-02
  3.36000e-02  2.10780e-05 -1.08674e-02  3.31050e-02
  3.36000e-02  2.23179e-05 -9.54514e-03  3.52833e-02
  3.36000e-02  2.35578e-05 -7.90599e-03  3.76215e-02
  3.36000e-02  2.47977e-05 -5.94043e-03  4.01246e-02
  3.36000e-02  2.60376e-05 -3.63898e-03  4.27977e-02
  3.36000e-02  2.72775e-05 -9.92173e-04  4.56460e-02
  3.36000e-02  2.85174e-05  2.00948e-03  4.86745e-02
  3.36000e-02  2.97572e-05  5.37545e-03  5.18885e-02
  3.36000e-02  3.09971e-05  9.11522e-03  5.52929e-02

  3.50000e-02  0.00000e+00  6.02075e-03  1.59285e-02
  3.50000e-02  1.23989e-06  3.44749e-03  1.62400e-02
  3.50000e-02  2.47977e-06  1.03205e-03  1.66199e-02
  3.50000e-02  3.71966e-06 -1.21608e-03  1.70733e-02
  3.50000e-02  4.95954e-06 -3.28744e-03  1.76055e-02
  3.50000e-02  6.19943e-06 -5.17253e-03  1.82215e-02
  3.50000e-02  7.43931e-06 -6.86188e-03  1.89264e-02
  3.50000e-02  8.67920e-06 -8.34601e-03  1.97253e-02
  3.50000e-02  9.91908e-06 -9.61545e-03  2.06234e-02
  3.50000e-02  1.11590e-05 -1.06607e-02  2.16258e-02
  3.50000e-02  1.23989e-05 -1.14723e-02  2.27376e-02
  3.50000e-02  1.36387e-05 -1.20408e-02  2.39638e-02
  3.50000e-02  1.48786e-05 -1.23566e-02  2.53097e-02
  3.50000e-02  1.61185e-05 -1.24103e-02  2.67803e-02
  3.50000e-02  1.73584e-05 -1.21925e-02  2.83808e-02
  3.50000e-02  1.85983e-05 -1.16936e-02  3.01162e-02
  3.50000e-02  1.98382e-05 -1.09042e-02  3.19917e-02
  3.50000e-02  2.10780e-05 -9.81480e-03  3.40124e-02
  3.50000e-02  2.23179e-05 -8.41588e-03  3.61834e-02
  3.50000e-02  2.35578e-05 -6.69799e-03  3.85099e-02
  3.50000e-02  2.47977e-05 -4.65165e-03  4.09969e-02
  3.50000e-02  2.60376e-05 -2.26738e-03  4.36495e-02
  3.50000e-02  2.72775e-05  4.64303e-04  4.64729e-02
  3.50000e-02  2.85174e-05  3.55287e-03  4.94722e-02
  3.50000e-02  2.97572e-05  7.00780e-03  5.26525e-02
  3.50000e-02  3.09971e-05  1.08386e-02  5.60189e-02

