# Tracking with TRACY# (Floquet space)
#
#  1   512 1.0E+00 1.0E+00 0.0E+00 0.0E+00 2.20667 1.07867
#    N     x^          px^          y^          py^          delta          cdt
#                                                                   [%]           [mm]
#
   0  2.2600057483350758e-04  4.8193905205813681e-19  4.1534726035352756e-03 -9.7203305558201539e-19  0.0000000000000000e+00  0.0000000000000000e+00
   1  3.4385591221187794e-05  4.1047282242982351e-04  3.6539154315970383e-03 -2.0162998896767056e-03  0.0000000000000000e+00  2.6714274952608281e-03
   2 -8.4414458205002513e-05  5.7498651160520968e-04  2.3621911891664573e-03 -3.5371991776318684e-03  0.0000000000000000e+00 -1.7971630293468821e-02
   3 -1.1702081625966938e-04  9.2839528876381190e-05  6.0474437849664965e-04 -4.2528113692678216e-03  0.0000000000000000e+00 -5.0846794961287023e-02
   4 -3.3641243734725158e-04 -5.6428940060244785e-04 -1.2548786264820644e-03 -4.1192432813168065e-03  0.0000000000000000e+00 -7.4782391354701869e-02
   5 -5.1457042847457418e-04 -5.6903223256043513e-04 -2.8014240938755873e-03 -3.0498064840452466e-03  0.0000000000000000e+00 -7.3854776171837430e-02
   6 -2.4824931560244015e-04  1.0236798390068386e-04 -3.8117165489295894e-03 -1.1792000566574286e-03  0.0000000000000000e+00 -5.5363182992294119e-02
   7  2.7027078022069212e-04  6.8278118693143890e-04 -4.0493034435101459e-03  8.8677414903020235e-04  0.0000000000000000e+00 -4.1109769554230825e-02
   8  4.7906112996738031e-04  5.6885911689770138e-04 -3.2650528919129021e-03  2.6024455030682560e-03  0.0000000000000000e+00 -4.9679651839744189e-02
   9  6.6245090912379906e-05 -4.3171664905338427e-05 -1.6489173238355269e-03  3.8074420015871413e-03  0.0000000000000000e+00 -7.9173278788532392e-02
  10 -6.3262425238837933e-04 -4.5070242321141419e-04  1.5396745386996109e-04  4.3562923264907783e-03  0.0000000000000000e+00 -1.1043914085196152e-01
  11 -8.3135004613150900e-04 -2.9976669745232688e-04  1.7694551384335538e-03  3.8748635994422355e-03  0.0000000000000000e+00 -1.2512761282887822e-01
  12 -2.3804389248511984e-04  1.0551427521056497e-04  3.2081588939635226e-03  2.3804107734120466e-03  0.0000000000000000e+00 -1.1622290487845109e-01
  13  4.3718495802085944e-04  2.5755103151342741e-04  4.1071557949158019e-03  4.2487135024883938e-04  0.0000000000000000e+00 -9.7058312562913890e-02
  14  4.1880472173550166e-04  1.8683994244889169e-04  3.8809391091731075e-03 -1.5451038465474640e-03  0.0000000000000000e+00 -9.1335429472556628e-02
  15 -1.1980780274737953e-04  2.1596648048446005e-04  2.6473967292611469e-03 -3.2335630040640296e-03  0.0000000000000000e+00 -1.0792241648694538e-01
  16 -4.8542172523155703e-04  1.9050962326878638e-04  9.9646842393047853e-04 -4.2578345588380343e-03  0.0000000000000000e+00 -1.3930211051816874e-01
  17 -4.3603490726197125e-04 -1.1161789855674362e-04 -7.8648120129826778e-04 -4.2941212861566051e-03  0.0000000000000000e+00 -1.6621305755911253e-01
  18 -2.2021305655354264e-04 -4.2193387373988756e-04 -2.5129300478412475e-03 -3.3575028962770661e-03  0.0000000000000000e+00 -1.7149967140549180e-01
  19 -5.0170363610344195e-05 -3.0288523491690816e-04 -3.7516636571905998e-03 -1.6549474192428910e-03  0.0000000000000000e+00 -1.5494560191661194e-01
  20  3.3813861604192001e-05  2.4679355191848393e-04 -4.0969974600487333e-03  4.4030935705280367e-04  0.0000000000000000e+00 -1.3725977804112977e-01
  21  1.1834798432387726e-04  7.0123462998775826e-04 -3.4779937527797435e-03  2.3629125847024575e-03  0.0000000000000000e+00 -1.3920648736287047e-01
  22  1.5807090885341295e-04  4.6877521359378399e-04 -2.0625086219900925e-03  3.6667343095341015e-03  0.0000000000000000e+00 -1.6411853074240029e-01
  23 -1.3991387868969024e-04 -2.9107893449009388e-04 -2.0835934467835297e-04  4.2550244593352344e-03  0.0000000000000000e+00 -1.9776555092026851e-01
  24 -6.3050501595737741e-04 -6.7991639824354071e-04  1.5526908964388973e-03  4.0132396768035820e-03  0.0000000000000000e+00 -2.1699129931552899e-01
  25 -6.2670346799379676e-04 -2.5640808500090618e-04  2.9615159854531111e-03  2.7420935176222369e-03  0.0000000000000000e+00 -2.1204414839667421e-01
  26  1.0395207484706008e-05  4.2129559825726520e-04  3.9195181547133379e-03  7.8818608538350958e-04  0.0000000000000000e+00 -1.9290051470427835e-01
  27  5.5208454061128457e-04  5.9026733339104080e-04  4.0157554980310853e-03 -1.1911459179359655e-03  0.0000000000000000e+00 -1.8259825083372072e-01
  28  3.7385668288182470e-04  2.2981843474819945e-04  2.9909870682371881e-03 -2.8481906483329863e-03  0.0000000000000000e+00 -1.9646434720763228e-01
  29 -3.1808578306770835e-04 -1.3716623141053373e-04  1.3083447714274065e-03 -4.0321526138279726e-03  0.0000000000000000e+00 -2.2687253034352003e-01
  30 -7.9047522196155906e-04 -2.2593242238084455e-04 -4.1643211098536559e-04 -4.4016127523515422e-03  0.0000000000000000e+00 -2.5623283816789033e-01
  31 -5.5393201270264453e-04 -1.2144977366311107e-04 -2.0628041358969622e-03 -3.6574921395219001e-03  0.0000000000000000e+00 -2.6668072812480209e-01
  32  7.6713764048915508e-05 -3.0932682137721899e-05 -3.5086420259440531e-03 -2.0546386873991798e-03  0.0000000000000000e+00 -2.5407137474611224e-01
  33  3.6892946020580168e-04  3.1027170216312785e-05 -4.1686812389057594e-03 -5.9545548924352065e-05  0.0000000000000000e+00 -2.3550823850030916e-01
  34  1.1025453507981858e-04  2.6314176157859489e-04 -3.6832743483025334e-03  1.9420611397466948e-03  0.0000000000000000e+00 -2.3262306998349322e-01
  35 -1.9883613018169320e-04  4.7277504373182728e-04 -2.3806549698017843e-03  3.5219975975287698e-03  0.0000000000000000e+00 -2.5276305706017138e-01
  36 -2.5083066515319810e-04  1.9303978664032763e-04 -6.6602545214388569e-04  4.2911341179797764e-03  0.0000000000000000e+00 -2.8512932593521217e-01
  37 -2.8662130891016235e-04 -4.1063663111813944e-04  1.1896598074271863e-03  4.1440417053796672e-03  0.0000000000000000e+00 -3.0944175326483192e-01
  38 -3.6342546530860633e-04 -5.9238497909559057e-04  2.8020505059401565e-03  3.0846294812727601e-03  0.0000000000000000e+00 -3.0939978139930546e-01
  39 -2.2419965841347778e-04 -7.0298982615941058e-05  3.8311905183910206e-03  1.2436628637970491e-03  0.0000000000000000e+00 -2.9065686805297547e-01
  40  1.2876539179645786e-04  6.0169481556342349e-04  4.0436759181309489e-03 -8.5327703273132920e-04  0.0000000000000000e+00 -2.7587930370574476e-01
  41  3.8158745058082001e-04  6.9663481764222336e-04  3.2880954576114969e-03 -2.6072377340236141e-03  0.0000000000000000e+00 -2.8313491941578867e-01
  42  1.7009485797950971e-04  9.7169888275430334e-05  1.7057846815022716e-03 -3.7847507624735707e-03  0.0000000000000000e+00 -3.1229593530276267e-01
  43 -4.6857002338073384e-04 -5.0452626456663622e-04 -1.3853344131334382e-04 -4.3149882212846664e-03  0.0000000000000000e+00 -3.4424473900309338e-01
  44 -8.4487469102436958e-04 -4.5819853596976872e-04 -1.7708758018558453e-03 -3.8842931486550779e-03  0.0000000000000000e+00 -3.5911581161391248e-01
  45 -4.0191233692038432e-04  7.3865882571249846e-05 -3.1605555219716085e-03 -2.4120938847926885e-03  0.0000000000000000e+00 -3.5073849308240462e-01
  46  3.6498605952741536e-04  4.0557120943800125e-04 -4.0660500466466482e-03 -4.4458875049849678e-04  0.0000000000000000e+00 -3.3137304674811441e-01
  47  5.4293750957021172e-04  2.9129450854183109e-04 -3.9098045028129521e-03  1.4992926686993001e-03  0.0000000000000000e+00 -3.2560409240293514e-01
  48  1.6997416421210116e-05  1.2183958969152609e-04 -2.6834529147723228e-03  3.1611802249154738e-03  0.0000000000000000e+00 -3.4241707132154453e-01
  49 -5.3950212694339197e-04  5.4279610070313542e-05 -1.0147169752483455e-03  4.2362068197932508e-03  0.0000000000000000e+00 -3.7368606924946141e-01
  50 -5.9814847799137473e-04 -8.0297765689966327e-05  7.2267913508800659e-04  4.3336212590854035e-03  0.0000000000000000e+00 -4.0081078393136471e-01
  51 -2.5065574615096243e-04 -2.6375991544121656e-04  2.4351525744840869e-03  3.3960269776430034e-03  0.0000000000000000e+00 -4.0662436422505255e-01
  52  8.1370573838227223e-05 -2.5395287643112521e-04  3.7437871519538325e-03  1.7065148545150979e-03  0.0000000000000000e+00 -3.9079035305678506e-01
  53  1.2216994985245362e-04  1.0530171358060243e-04  4.1253973307570947e-03 -3.6316700234086379e-04  0.0000000000000000e+00 -3.7293350154815347e-01
  54  2.1709465148533940e-05  5.7179330366060536e-04  3.4894538167370912e-03 -2.3247294415759678e-03  0.0000000000000000e+00 -3.7420095413380888e-01
  55  1.5353516612834140e-05  5.4443707938456527e-04  2.1015756504237609e-03 -3.6896256812418374e-03  0.0000000000000000e+00 -3.9816204888704465e-01
  56 -1.0612468612442114e-04 -1.2387483672850753e-04  2.7472236806692744e-04 -4.2682222254035703e-03  0.0000000000000000e+00 -4.3151802668233857e-01
  57 -4.6706112995508695e-04 -6.7278982242197777e-04 -1.5382226489725126e-03 -4.0138458938691708e-03  0.0000000000000000e+00 -4.5170420252170052e-01
  58 -5.7792917984853844e-04 -4.1863958476222410e-04 -2.9794212168170616e-03 -2.7823559956109034e-03  0.0000000000000000e+00 -4.4684719034315684e-01
  59 -1.2357353449610295e-04  3.1795928315525801e-04 -3.9035592210637064e-03 -8.2906004608130051e-04  0.0000000000000000e+00 -4.2765323368767388e-01
  60  4.3370724116261497e-04  6.9525669802980377e-04 -4.0059571536730934e-03  1.1831876937670812e-03  0.0000000000000000e+00 -4.1644803755224863e-01
  61  4.5377233020784812e-04  3.8273062711803861e-04 -3.0365957068522889e-03  2.8221851141424265e-03  0.0000000000000000e+00 -4.2964745944334776e-01
  62 -1.4668364001617574e-04 -1.6550340444226592e-04 -1.3439615773835913e-03  3.9710675561279380e-03  0.0000000000000000e+00 -4.6055238442844199e-01
  63 -7.7349751313025980e-04 -3.7715235084172661e-04  4.1123064886855340e-04  4.3797302074859643e-03  0.0000000000000000e+00 -4.9007804493066270e-01
  64 -7.1078420402870648e-04 -1.6802915814039150e-04  2.0145022208424511e-03  3.6885676445994643e-03  0.0000000000000000e+00 -5.0104640813786139e-01
  65 -2.0777667096710270e-05  1.0291761267014055e-04  3.4378356998017198e-03  2.0836639094598810e-03  0.0000000000000000e+00 -4.8886012147901831e-01
  66  4.6603454605224703e-04  1.4888501476318394e-04  4.1654572857742819e-03  1.0259949447708739e-04  0.0000000000000000e+00 -4.7047129846417768e-01
  67  2.5089631113688656e-04  1.8355222293545790e-04  3.7203760916679623e-03 -1.8675096786122381e-03  0.0000000000000000e+00 -4.6777786347568917e-01
  68 -2.3041399809084183e-04  3.2258298585825839e-04  2.3989562033474546e-03 -3.4797173490382044e-03  0.0000000000000000e+00 -4.8755147135775401e-01
  69 -4.1113351903138812e-04  2.0346899115227283e-04  7.1280026594926812e-04 -4.3214180349093060e-03  0.0000000000000000e+00 -5.1968584870859291e-01
  70 -3.3282702543312290e-04 -2.5058415354984855e-04 -1.1098471514724424e-03 -4.1828374285359134e-03  0.0000000000000000e+00 -5.4411043687385352e-01
  71 -2.3619325562613164e-04 -5.2218014424909186e-04 -2.7756375729674457e-03 -3.1202363239142775e-03  0.0000000000000000e+00 -5.4502818812501963e-01
  72 -1.2250200839318713e-04 -1.9944909554523972e-04 -3.8551904501357439e-03 -1.3111626677609707e-03  0.0000000000000000e+00 -5.2636648250341977e-01
  73  4.9319733002409861e-05  4.5059775930660095e-04 -4.0511265474527693e-03  7.9909430860217331e-04  0.0000000000000000e+00 -5.1100877290564406e-01
  74  2.3225701856938145e-04  7.4104377827730918e-04 -3.3029384947357247e-03  2.6101249984658288e-03  0.0000000000000000e+00 -5.1719378453166287e-01
  75  1.8249948943074233e-04  2.6933038110506035e-04 -1.7640778753435405e-03  3.7881491571116152e-03  0.0000000000000000e+00 -5.4543945367931113e-01
  76 -3.0026767583080370e-04 -4.6594128291168994e-04  1.0564264467749768e-04  4.2859478272821369e-03  0.0000000000000000e+00 -5.7807677857086515e-01
  77 -7.6539037099584626e-04 -6.0223427588260202e-04  1.7824580494977948e-03  3.8869193368310092e-03  0.0000000000000000e+00 -5.9330674993993648e-01
  78 -5.2311302283698845e-04 -4.3775397696310650e-05  3.1402147230053723e-03  2.4485566255776684e-03  0.0000000000000000e+00 -5.8518451271637095e-01
  79  2.2519451157003987e-04  4.8743026515420915e-04  4.0237505462420702e-03  4.6311584528590583e-04  0.0000000000000000e+00 -5.6572331006781507e-01
  80  5.9255521997807193e-04  4.5209915664347236e-04  3.9263616770153073e-03 -1.4730621595835827e-03  0.0000000000000000e+00 -5.5931636128305551e-01
  81  1.8649526974914667e-04  1.1622626995075742e-04  2.7290531972505713e-03 -3.0951291294449212e-03  0.0000000000000000e+00 -5.7648965304450939e-01
  82 -4.9630028130944717e-04 -9.3232991005299338e-05  1.0302448345860548e-03 -4.1892669369314036e-03  0.0000000000000000e+00 -6.0779354201919367e-01
  83 -7.4279710065690155e-04 -1.4047601532640521e-04 -6.8157544499326123e-04 -4.3573133954483562e-03  0.0000000000000000e+00 -6.3518182051029759e-01
  84 -3.6511108400207195e-04 -1.4140767032418380e-04 -2.3515470573095081e-03 -3.4351807727173839e-03  0.0000000000000000e+00 -6.4150789242305639e-01
  85  1.5511526142182608e-04 -1.2645177686303782e-04 -3.7092793264250556e-03 -1.7478798466319888e-03  0.0000000000000000e+00 -6.2625002887873771e-01
  86  2.6275746344104565e-04  4.1515777462402676e-05 -4.1536400505501492e-03  2.9059944812418896e-04  0.0000000000000000e+00 -6.0863363326629094e-01
  87  1.0825306723440529e-05  4.0743731949211519e-04 -3.5089308968140939e-03  2.2645096019575446e-03  0.0000000000000000e+00 -6.0937636065117606e-01
  88 -1.4055856571589637e-04  5.2613775703311890e-04 -2.1293167191558516e-03  3.7007110732222956e-03  0.0000000000000000e+00 -6.3270926598136779e-01
  89 -1.6872914851433492e-04  3.4575591338676492e-05 -3.4537386399834954e-04  4.3011793799850482e-03  0.0000000000000000e+00 -6.6553260685812277e-01
  90 -3.4126605934566121e-04 -5.7682720189578863e-04  1.4975573958509116e-03  4.0269185637161658e-03  0.0000000000000000e+00 -6.8653435749771208e-01
  91 -4.5699930816076799e-04 -5.2783545425216978e-04  2.9969146944152539e-03  2.8233077059918246e-03  0.0000000000000000e+00 -6.8214847659526590e-01
  92 -1.8614751990798944e-04  1.5445336865187816e-04  3.9085914261488067e-03  8.8533295669174857e-04  0.0000000000000000e+00 -6.6266053002829850e-01
  93  2.7792000760257175e-04  7.0867128910275640e-04  3.9961492288884039e-03 -1.1681564203376972e-03  0.0000000000000000e+00 -6.5075747909921100e-01
  94  4.4117448440262740e-04  5.5153455527464116e-04  3.0742157247528675e-03 -2.8176139771113281e-03  0.0000000000000000e+00 -6.6273591992287306e-01
  95  1.5826831514782136e-05 -9.9886609566408185e-05  1.3922126573530382e-03 -3.9262058779659659e-03  0.0000000000000000e+00 -6.9393303137905959e-01
  96 -6.6558614967468272e-04 -5.0118064736487573e-04 -4.0835547690899987e-04 -4.3446011278093343e-03  0.0000000000000000e+00 -7.2387828748440675e-01
  97 -8.1204237634302696e-04 -2.9223555598708581e-04 -1.9947263498618951e-03 -3.7109966394965992e-03  0.0000000000000000e+00 -7.3515176708099517e-01
  98 -1.7577329354706664e-04  1.6357088109973254e-04 -3.3731358069510604e-03 -2.1117604510809307e-03  0.0000000000000000e+00 -7.2348457370518393e-01
  99  4.8238818891390350e-04  3.1113685019250998e-04 -4.1430850854406514e-03 -1.3032409784032939e-04  0.0000000000000000e+00 -7.0490545376468960e-01
 100  4.1001121347920328e-04  1.9921820879197107e-04 -3.7591204276553347e-03  1.8039812161146117e-03  0.0000000000000000e+00 -7.0250672576483064e-01
 101 -1.6674402429722846e-04  1.7616936019182054e-04 -2.4238171529900499e-03  3.4164186624049352e-03  0.0000000000000000e+00 -7.2218202876303461e-01
 102 -5.4073806082787542e-04  1.2530032466021799e-04 -7.4302847588948371e-04  4.3299009225848256e-03  0.0000000000000000e+00 -7.5422725645937905e-01
 103 -4.5896697000037407e-04 -1.3816887783529979e-04  1.0302267911095656e-03  4.2273603081335095e-03  0.0000000000000000e+00 -7.7879485815124716e-01
 104 -1.7829575438467964e-04 -3.8353660683240965e-04  2.7199666250142963e-03  3.1572128636733546e-03  0.0000000000000000e+00 -7.8046215560854548e-01
 105  1.9269489249300125e-05 -2.4481946812421719e-04  3.8701097167479080e-03  1.3739254120005509e-03  0.0000000000000000e+00 -7.6230255775598676e-01
 106  5.7203587605053822e-05  2.7782407414066651e-04  4.0716760839860861e-03 -7.2828997264281180e-04  0.0000000000000000e+00 -7.4643667209527820e-01
 107  8.3935294988132908e-05  6.8931571978701365e-04  3.3139143854220687e-03 -2.5975506049103563e-03  0.0000000000000000e+00 -7.5181961973971645e-01
 108  1.0178494823493674e-04  4.1656941986255720e-04  1.8170254530386731e-03 -3.8099607415957564e-03  0.0000000000000000e+00 -7.7897058524562190e-01
 109 -1.8199586325619351e-04 -3.4410193156555259e-04 -5.3247530981264356e-05 -4.2785076896252293e-03  0.0000000000000000e+00 -8.1191013567180836e-01
 110 -6.2042946415316992e-04 -6.8441013400880556e-04 -1.7886148370686104e-03 -3.8886479475432525e-03  0.0000000000000000e+00 -8.2788159067164147e-01
 111 -5.6420210740518444e-04 -2.1018977713539106e-04 -3.1446703122323181e-03 -2.4906091616268239e-03  0.0000000000000000e+00 -8.1974821838546419e-01
 112  6.2917700115879192e-05  4.7402371274401595e-04 -3.9921827981368079e-03 -4.8970504036202720e-04  0.0000000000000000e+00 -8.0027700096682530e-01
 113  5.5106858214589761e-04  6.1261251250739959e-04 -3.9304026389714742e-03  1.4619006585127130e-03  0.0000000000000000e+00 -7.9284594661194518e-01
 114  3.3433222033864111e-04  2.0408048468391397e-04 -2.7793505417176294e-03  3.0470794331608690e-03  0.0000000000000000e+00 -8.1002586613881566e-01
 115 -3.6841607919357779e-04 -1.9996802640135061e-04 -1.0516998235935808e-03  4.1288575149473613e-03  0.0000000000000000e+00 -8.4166394374554465e-01
 116 -8.1963874402315366e-04 -2.6905006368587006e-04  6.6333030700103316e-04  4.3595349358627692e-03  0.0000000000000000e+00 -8.6922751869769888e-01
 117 -5.2694810149836403e-04 -9.7856323258592210e-05  2.2797670926346832e-03  3.4716588710419507e-03  0.0000000000000000e+00 -8.7615113929223798e-01
 118  1.4245879701364406e-04  3.2804909226796785e-05  3.6523932639440011e-03  1.7803281759549334e-03  0.0000000000000000e+00 -8.6126418037540620e-01
 119  4.0676151935123932e-04  7.6087943998540448e-05  4.1720470031951029e-03 -2.3123183287399859e-04  0.0000000000000000e+00 -8.4401263421158124e-01
 120  8.9870648844100334e-05  2.6268291636292578e-04  3.5386507857443584e-03 -2.1910885840055591e-03  0.0000000000000000e+00 -8.4457737443834890e-01
 121 -2.5351776084857325e-04  4.2397394923086618e-04  2.1490856525615983e-03 -3.6878195981031423e-03  0.0000000000000000e+00 -8.6746902924139568e-01
 122 -3.0445267330563675e-04  1.3272959709763346e-04  4.0938907102554316e-04 -4.3413442067233767e-03  0.0000000000000000e+00 -8.9989587053694231e-01
 123 -2.9550316024933509e-04 -4.2364154123636952e-04 -1.4318313189945100e-03 -4.0547742413894220e-03  0.0000000000000000e+00 -9.2134602859218007e-01
 124 -3.0777139533037665e-04 -5.4955793707375832e-04 -2.9983705717471568e-03 -2.8634848593776865e-03  0.0000000000000000e+00 -9.1781564534779614e-01
 125 -1.5975048347984842e-04 -1.7912621137128433e-05 -3.9289287001471659e-03 -9.5271734685965998e-04  0.0000000000000000e+00 -8.9803411155479240e-01
 126  1.3794472035173115e-04  6.2636286158077145e-04 -3.9934511142666052e-03  1.1358124264701291e-03  0.0000000000000000e+00 -8.8553334763443925e-01
 127  3.4210882012387472e-04  6.7874391919739896e-04 -3.1018327794111976e-03  2.8252810515536787e-03  0.0000000000000000e+00 -8.9619356429484787e-01
 128  1.1781573379548363e-04  4.1611459707191075e-05 -1.4497465761003510e-03  3.9066176793939164e-03  0.0000000000000000e+00 -9.2710158435957590e-01
 129 -5.0169349761656438e-04 -5.5408114931404528e-04  3.9574154863660231e-04  4.3089934835049658e-03  0.0000000000000000e+00 -9.5777068763377970e-01
 130 -8.2453938661693747e-04 -4.5288977940074809e-04  1.9979575995790859e-03  3.7255096266909280e-03  0.0000000000000000e+00 -9.6921206440875018e-01
 131 -3.3899125822200267e-04  1.2859760675120984e-04  3.3284372118021440e-03  2.1433761407105472e-03  0.0000000000000000e+00 -9.5802048410773533e-01
 132  4.0981461354911482e-04  4.5879532791617415e-04  4.1080097488037943e-03  1.4826533330101848e-04  0.0000000000000000e+00 -9.3910079728475004e-01
 133  5.3490121729542076e-04  3.0605587075313210e-04  3.7921291826031960e-03 -1.7588861935323961e-03  0.0000000000000000e+00 -9.3661021280035883e-01
 134 -2.7354761328978277e-05  8.4611457269550628e-05  2.4592048289647965e-03 -3.3449171124901402e-03  0.0000000000000000e+00 -9.5654122789744811e-01
 135 -5.9273300034410736e-04 -1.1397340417294254e-05  7.6077529542099896e-04 -4.3101509129583066e-03  0.0000000000000000e+00 -9.8852667539639505e-01
 136 -6.2191119487271329e-04 -1.1014792494933816e-04 -9.6544883751906771e-04 -4.2666050876099182e-03  0.0000000000000000e+00 -1.0133900833718572e+00
 137 -2.1198903278637674e-04 -2.2609152893758675e-04 -2.6430494184248505e-03 -3.1951614691296897e-03  0.0000000000000000e+00 -1.0156027567975907e+00
 138  1.4995811026240915e-04 -1.9283331333752411e-04 -3.8644455225028520e-03 -1.4266150460721155e-03  0.0000000000000000e+00 -9.9810026329431167e-01
 139  1.4834280269584131e-04  1.3877239697659055e-04 -4.1009283234863881e-03  6.5086151828665489e-04  0.0000000000000000e+00 -9.8207188591651995e-01
 140 -1.0898709207659647e-05  5.6041618368353897e-04 -3.3266353031416005e-03  2.5614974918502622e-03  0.0000000000000000e+00 -9.8679561524242554e-01
 141 -4.2350607566201681e-05  4.9129351085805504e-04 -1.8594217042193603e-03  3.8358482977794328e-03  0.0000000000000000e+00 -1.0130793041415385e+00
 142 -1.5152828249585806e-04 -1.7739983969967051e-04 -1.4251500829859169e-05  4.2952113546170173e-03  0.0000000000000000e+00 -1.0458241699599871e+00
 143 -4.5957563092178177e-04 -6.7650346585593397e-04  1.7754719302985179e-03  3.8959624556682182e-03  0.0000000000000000e+00 -1.0627756840766744e+00
 144 -5.1450363478056224e-04 -3.7297899116912539e-04  3.1635806315553250e-03  2.5365639212199826e-03  0.0000000000000000e+00 -1.0546884304388844e+00
 145 -6.9030776980999771e-05  3.6857938803816514e-04  3.9790366825660332e-03  5.3130347120632830e-04  0.0000000000000000e+00 -1.0350720822835069e+00
 146  4.3236950736056962e-04  7.1641987629061184e-04  3.9263184027623927e-03 -1.4559960149393169e-03  0.0000000000000000e+00 -1.0266360918317963e+00
 147  4.1319712683566623e-04  3.5815892651270973e-04  2.8279955441882334e-03 -3.0229573833075655e-03  0.0000000000000000e+00 -1.0431379155325831e+00
 148 -1.9626462862815114e-04 -2.2633448557978473e-04  1.0851058777213364e-03 -4.0706813287205617e-03  0.0000000000000000e+00 -1.0753080801964068e+00
 149 -8.0116493661810343e-04 -4.2130459194397247e-04 -6.6035788333560625e-04 -4.3417773166090391e-03  0.0000000000000000e+00 -1.1030599400720345e+00
 150 -6.8339626191216791e-04 -1.4826865458626666e-04 -2.2328112332266922e-03 -3.5028654977428348e-03  0.0000000000000000e+00 -1.1105178034916805e+00
 151  4.3586563926075628e-05  1.6549862728927931e-04 -3.5855444229137981e-03 -1.8073155651699736e-03  0.0000000000000000e+00 -1.0959818996457538e+00
 152  5.0407528023618754e-04  1.9675026474297668e-04 -4.1735611361557413e-03  1.8901130035888872e-04  0.0000000000000000e+00 -1.0788165897659547e+00
 153  2.3329840446605231e-04  1.8624557077661540e-04 -3.5768464286301972e-03  2.1169681157304100e-03  0.0000000000000000e+00 -1.0795974993540480e+00
 154 -2.8251021582086875e-04  2.7477808835226424e-04 -2.1674295757268219e-03  3.6472871684442927e-03  0.0000000000000000e+00 -1.1021750115453466e+00
 155 -4.6512794053965800e-04  1.4101315014415771e-04 -4.5830571961466354e-04  4.3730278146529239e-03  0.0000000000000000e+00 -1.1344638214598832e+00
 156 -3.4528199897632914e-04 -2.6533122012079886e-04  1.3508582739040495e-03  4.0945804150956380e-03  0.0000000000000000e+00 -1.1561182188039298e+00
 157 -1.8353090429727191e-04 -4.7760218385769603e-04  2.9728279972125711e-03  2.9024881746804337e-03  0.0000000000000000e+00 -1.1535217829846622e+00
 158 -5.6457025454567611e-05 -1.4521266820604397e-04  3.9537652917076742e-03  1.0230245442393712e-03  0.0000000000000000e+00 -1.1337913246356977e+00
 159  6.0935649181225254e-05  4.7513534221124541e-04  4.0023454081436248e-03 -1.0822012587406932e-03  0.0000000000000000e+00 -1.1206734121320563e+00
 160  1.9194459611663161e-04  7.2243641188249341e-04  3.1205241759330008e-03 -2.8311510366852721e-03  0.0000000000000000e+00 -1.1302724857975741e+00
 161  1.2765078000345751e-04  2.1393225823267768e-04  1.5102751951045258e-03 -3.9132312162242422e-03  0.0000000000000000e+00 -1.1603308391645977e+00
 162 -3.3505144191713868e-04 -5.1452171085412512e-04 -3.6475903975267710e-04 -4.2854681347886964e-03  0.0000000000000000e+00 -1.1917424204713407e+00
 163 -7.4492656303006596e-04 -5.9777493656129697e-04 -2.0114368042540897e-03 -3.7350655771185054e-03  0.0000000000000000e+00 -1.2035305671879868e+00
 164 -4.5862491963268145e-04  7.9971315206968363e-06 -3.3102365935585003e-03 -2.1819308112255909e-03  0.0000000000000000e+00 -1.1925374861066553e+00
 165  2.7024884299506422e-04  5.3886733299080491e-04 -4.0712487992251890e-03 -1.6528790886797669e-04  0.0000000000000000e+00 -1.1733853472097182e+00
 166  5.8430295183226305e-04  4.6795615624821012e-04 -3.8140822768551017e-03  1.7339756227471800e-03  0.0000000000000000e+00 -1.1701800318935831e+00
 167  1.4357008426497204e-04  8.1604503527006860e-05 -2.5047795879888490e-03  3.2798311127193529e-03  0.0000000000000000e+00 -1.1904832837599779e+00
 168 -5.4719009419976238e-04 -1.5830525884466914e-04 -7.7443188709734416e-04  4.2656002566471745e-03  0.0000000000000000e+00 -1.2225454666055819e+00
 169 -7.6596397016920120e-04 -1.7348417645200281e-04  9.2440791664425868e-04  4.2909478057939453e-03  0.0000000000000000e+00 -1.2477232180093230e+00
 170 -3.2866479589075738e-04 -1.0607757472451427e-04  2.5605929962830135e-03  3.2325776934754541e-03  0.0000000000000000e+00 -1.2504786086917077e+00
 171  2.2216421866095329e-04 -6.2983215365744257e-05  3.8331859731623942e-03  1.4675711009790743e-03  0.0000000000000000e+00 -1.2334684071233690e+00
 172  2.9107951988671481e-04  7.8370029717300842e-05  4.1309980155232410e-03 -5.7819611170000396e-04  0.0000000000000000e+00 -1.2176795554534876e+00
 173 -1.8948139704461723e-05  3.9770420493725513e-04  3.3464715608826309e-03 -2.5027661366168806e-03  0.0000000000000000e+00 -1.2219123344496812e+00
 174 -1.9823617443626536e-04  4.7221765364892517e-04  1.8896629160783899e-03 -3.8495795178500867e-03  0.0000000000000000e+00 -1.2476456331332511e+00
 175 -2.1718101033926652e-04 -2.0522373719776464e-05  8.7184657000934272e-05 -4.3305642332754262e-03  0.0000000000000000e+00 -1.2799717663775692e+00
 176 -3.3748945646627727e-04 -5.7999667729705063e-04 -1.7352440622178476e-03 -3.9139907619879242e-03  0.0000000000000000e+00 -1.2977775370646156e+00
 177 -3.9388940904790272e-04 -4.8125457419347469e-04 -3.1818904005578592e-03 -2.5833753698635948e-03  0.0000000000000000e+00 -1.2901238686517140e+00
 178 -1.2902248093202526e-04  2.0409252199889198e-04 -3.9856067268473159e-03 -5.8943075321369915e-04  0.0000000000000000e+00 -1.2701484197082622e+00
 179  2.7698547752142566e-04  7.2834907471176682e-04 -3.9209534134331484e-03  1.4428621719558940e-03  0.0000000000000000e+00 -1.2609280846439703e+00
 180  3.9880504552991156e-04  5.2711672155490935e-04 -2.8696936796042383e-03  3.0209578961382213e-03  0.0000000000000000e+00 -1.2762071251371803e+00
 181 -3.4519064670238856e-05 -1.5896256864849406e-04 -1.1322093836465816e-03  4.0290443546768754e-03  0.0000000000000000e+00 -1.3087077967902272e+00
 182 -6.9244795439135740e-04 -5.4525664946085113e-04  6.6033508098247763e-04  4.3122211335246026e-03  0.0000000000000000e+00 -1.3369068233454349e+00
 183 -7.8349733368695271e-04 -2.7581930174126415e-04  2.2146299326482022e-03  3.5279430421178773e-03  0.0000000000000000e+00 -1.3446590743927676e+00
 184 -1.1177513568867414e-04  2.2352983544844630e-04  3.5246391653430686e-03  1.8339008791143448e-03  0.0000000000000000e+00 -1.3305761222430723e+00
 185  5.2012634149569195e-04  3.6031759860193069e-04  4.1570573630779067e-03 -1.6272927848807396e-04  0.0000000000000000e+00 -1.3130954251736235e+00
 186  3.9424326346353578e-04  2.0496185812986459e-04  3.6179922404628814e-03 -2.0538319332922355e-03  0.0000000000000000e+00 -1.3141658696442409e+00
 187 -2.1588187191497185e-04  1.3025730065048766e-04  2.1914776150216662e-03 -3.5852577468951587e-03  0.0000000000000000e+00 -1.3366880224102589e+00
 188 -5.9364843734189935e-04  6.1195573325667729e-05  4.8938545800673188e-04 -4.3829709795721039e-03  0.0000000000000000e+00 -1.3689552457572416e+00
 189 -4.7378053132640533e-04 -1.5577367853575040e-04 -1.2700390747711289e-03 -4.1387710533163456e-03  0.0000000000000000e+00 -1.3908474516935629e+00
 190 -1.2903038835633985e-04 -3.3802186579076990e-04 -2.9182001282165629e-03 -2.9405379142166056e-03  0.0000000000000000e+00 -1.3889860575477830e+00
 191  8.5839572241227442e-05 -1.8763095959903946e-04 -3.9701562923610840e-03 -1.0877637614144014e-03  0.0000000000000000e+00 -1.3697183304121823e+00
 192  7.1765718953279020e-05  3.0362690609971374e-04 -4.0235665439414883e-03  1.0115610084391125e-03  0.0000000000000000e+00 -1.3560902407685771e+00
 193  4.4052248676251972e-05  6.7043647907009713e-04 -3.1340381535103195e-03  2.8213151649282356e-03  0.0000000000000000e+00 -1.3649074539674968e+00
 194  4.4531206515910598e-05  3.6047416270629766e-04 -1.5664111547319284e-03  3.9381635743026867e-03  0.0000000000000000e+00 -1.3939568191253684e+00
 195 -2.1970215999797074e-04 -3.9229893860698713e-04  3.1279562699408414e-04  4.2826895350977596e-03  0.0000000000000000e+00 -1.4257443626772324e+00
 196 -6.0122426931803069e-04 -6.7963907154876941e-04  2.0192756757897311e-03  3.7442361673089473e-03  0.0000000000000000e+00 -1.4382721095631177e+00
 197 -4.9795636463361803e-04 -1.6025552608040018e-04  3.3160945458623444e-03  2.2280959630312795e-03  0.0000000000000000e+00 -1.4272135702131443e+00
 198  1.0911755334877901e-04  5.2312271271604514e-04  4.0439960319913273e-03  1.9122508230608854e-04  0.0000000000000000e+00 -1.4079304359790028e+00
 199  5.4212633809133887e-04  6.2825374593846188e-04  3.8240550723768361e-03 -1.7247229717035572e-03  0.0000000000000000e+00 -1.4036113878925207e+00
 200  2.9139398402810686e-04  1.7153418260489866e-04  2.5562882363792099e-03 -3.2332131449222695e-03  0.0000000000000000e+00 -1.4239202121184338e+00
 201 -4.1753499702359113e-04 -2.6359441286887751e-04  7.9328869077613785e-04 -4.2081408449902956e-03  0.0000000000000000e+00 -1.4563556916648335e+00
 202 -8.4143215673766780e-04 -3.0444903695578694e-04 -9.0741475629429970e-04 -4.2956425289595477e-03  0.0000000000000000e+00 -1.4817343979940134e+00
 203 -4.9132835566423154e-04 -6.6006114182886986e-05 -2.4902477600258674e-03 -3.2675914382443573e-03  0.0000000000000000e+00 -1.4851114489296140e+00
 204  2.0787251416083886e-04  9.7060762181831032e-05 -3.7803754115297173e-03 -1.4984275337490056e-03  0.0000000000000000e+00 -1.4683796925983050e+00
 205  4.3632555241319477e-04  1.1644378584273420e-04 -4.1527427765811658e-03  5.1913174084829811e-04  0.0000000000000000e+00 -1.4529180455185438e+00
 206  6.3283394668652913e-05  2.5553725202619913e-04 -3.3764307408287219e-03  2.4302067232309372e-03  0.0000000000000000e+00 -1.4570105993058773e+00
 207 -3.0968824665320434e-04  3.6994469469499221e-04 -1.9106367889179202e-03  3.8388798184674196e-03  0.0000000000000000e+00 -1.4823673397478143e+00
 208 -3.5482649563618843e-04  7.5362802330230236e-05 -1.5376656327924053e-04  4.3722316563528903e-03  0.0000000000000000e+00 -1.5144095352163416e+00
 209 -2.9578946415562292e-04 -4.2721671101251136e-04  1.6691021443622990e-03  3.9445473548812065e-03  0.0000000000000000e+00 -1.5327267498082862e+00
 210 -2.4634179252525491e-04 -5.0109721142614877e-04  3.1842057853830501e-03  2.6283390483200554e-03  0.0000000000000000e+00 -1.5258923965203888e+00
 211 -1.0012399911872026e-04  3.2277063683089248e-05  4.0067804545294563e-03  6.5922588989568193e-04  0.0000000000000000e+00 -1.5055864585653973e+00
 212  1.3842388019482806e-04  6.4505206574426779e-04  3.9210270341933891e-03 -1.4119565383291927e-03  0.0000000000000000e+00 -1.4957085416538896e+00
 213  2.9799859151147880e-04  6.5380487003693032e-04  2.9016331098974993e-03 -3.0316265885443703e-03  0.0000000000000000e+00 -1.5096831389449521e+00
 214  6.5410376690528012e-05 -1.6454903282047445e-05  1.1902221376800803e-03 -4.0128150263194278e-03  0.0000000000000000e+00 -1.5419475850964703e+00
 215 -5.2901803153857679e-04 -5.9738353899685577e-04 -6.5043175853411945e-04 -4.2827731714246446e-03  0.0000000000000000e+00 -1.5709085996648027e+00
 216 -7.9498092779430886e-04 -4.3868055136015024e-04 -2.2195763095065367e-03 -3.5476857518949509e-03  0.0000000000000000e+00 -1.5788067160597379e+00
 217 -2.7418114829212372e-04  1.8538246250300144e-04 -3.4830661469900125e-03 -1.8655329803081674e-03  0.0000000000000000e+00 -1.5651339187132109e+00
 218  4.4728286553823030e-04  5.0756576693217410e-04 -4.1281931354161458e-03  1.4653274697307099e-04  0.0000000000000000e+00 -1.5471712832606761e+00
 219  5.1977498443833594e-04  3.1403222515245896e-04 -3.6549005851428651e-03  2.0095000797619145e-03  0.0000000000000000e+00 -1.5481094470427605e+00
 220 -7.4061889597568713e-05  4.1154054885404536e-05 -2.2258631366048475e-03  3.5148202106547589e-03  0.0000000000000000e+00 -1.5709172887468861e+00
 221 -6.4363393723355651e-04 -7.6197258403380713e-05 -5.0641499156801753e-04  4.3652018894929810e-03  0.0000000000000000e+00 -1.6031725421468861e+00
 222 -6.3750015559058527e-04 -1.3118870594848263e-04  1.2046349032373558e-03  4.1775246455460057e-03  0.0000000000000000e+00 -1.6254357094566918e+00
 223 -1.6575734826067891e-04 -1.8116326650407076e-04  2.8426242064097120e-03  2.9775738151836696e-03  0.0000000000000000e+00 -1.6241222256882952e+00
 224  2.1601313216907021e-04 -1.3244392230478752e-04  3.9670310160335471e-03  1.1411536056166027e-03  0.0000000000000000e+00 -1.6054465108286089e+00
 225  1.6577925736625891e-04  1.6715544609790004e-04  4.0536650735622523e-03 -9.3414204774461729e-04  0.0000000000000000e+00 -1.5916714280306286e+00
 226 -4.8974276251165602e-05  5.4216343543450672e-04  3.1479371389713782e-03 -2.7874813681972575e-03  0.0000000000000000e+00 -1.5998597330181301e+00
 227 -1.0100599149377425e-04  4.3408827131842000e-04  1.6120258928397882e-03 -3.9668948149508528e-03  0.0000000000000000e+00 -1.6281335858098493e+00
 228 -1.9271739162157110e-04 -2.2626002241511677e-04 -2.4418805743379123e-04 -4.3028020939005745e-03  0.0000000000000000e+00 -1.6598243539331259e+00
 229 -4.4308946680871839e-04 -6.7085225430143993e-04 -2.0072700666752845e-03 -3.7581149658577838e-03  0.0000000000000000e+00 -1.6733434200210029e+00
 230 -4.4713673365273025e-04 -3.2334966865843435e-04 -3.3359195815071381e-03 -2.2793597758462686e-03  0.0000000000000000e+00 -1.6622852991530763e+00
 231 -2.0754491922102504e-05  4.1577047473512327e-04 -4.0336345548816982e-03 -2.3330942780516476e-04  0.0000000000000000e+00 -1.6427622909840811e+00
 232  4.2291640076175528e-04  7.3094984705567630e-04 -3.8254856454857902e-03  1.7210275069998570e-03  0.0000000000000000e+00 -1.6373527193758268e+00
 233  3.6897496824662821e-04  3.2674935676257558e-04 -2.6075899881638407e-03  3.2111994012761396e-03  0.0000000000000000e+00 -1.6569830875478886e+00
 234 -2.4486277396310854e-04 -2.8814836354600759e-04 -8.2428784338453467e-04  4.1533661625465226e-03  0.0000000000000000e+00 -1.6899896555192040e+00
 235 -8.2162678814587256e-04 -4.5793357813279066e-04  9.0669557199548245e-04  4.2824107881270753e-03  0.0000000000000000e+00 -1.7155737856865356e+00
 236 -6.4728593295675617e-04 -1.2023239676722680e-04  2.4449069032894130e-03  3.2990298571921083e-03  0.0000000000000000e+00 -1.7194876565826231e+00
 237  1.0787309170367128e-04  2.2866974362142036e-04  3.7179473150239133e-03  1.5234105699957299e-03  0.0000000000000000e+00 -1.7030178188332721e+00
 238  5.3399177909649515e-04  2.3979073145715627e-04  4.1591597627565610e-03 -4.7777192119265768e-04  0.0000000000000000e+00 -1.6875571980157118e+00
 239  2.0946360904430857e-04  1.8218544708864304e-04  3.4155292306030263e-03 -2.3565362657053078e-03  0.0000000000000000e+00 -1.6918903239343257e+00
 240 -3.3610942439433176e-04  2.2159388294171910e-04  1.9288626417998320e-03 -3.8000712900907552e-03  0.0000000000000000e+00 -1.7169856161928279e+00
 241 -5.1585702730227306e-04  8.1264996434873008e-05  2.0461406209435141e-04 -4.4050193495487966e-03  0.0000000000000000e+00 -1.7489815192409979e+00
 242 -3.4909981866644547e-04 -2.7063663239578980e-04 -1.5872311668455623e-03 -3.9849474760684043e-03  0.0000000000000000e+00 -1.7675864808339938e+00
 243 -1.2482947306015907e-04 -4.2715765461676011e-04 -3.1597444127750098e-03 -2.6701807253461506e-03  0.0000000000000000e+00 -1.7616502363253277e+00
 244  4.9904239934813119e-06 -9.2943935987467783e-05 -4.0325119238531588e-03 -7.3177843397561498e-04  0.0000000000000000e+00 -1.7413710945692422e+00
 245  6.3798968166630987e-05  4.9393996644578396e-04 -3.9312398206627075e-03  1.3592474567157686e-03  0.0000000000000000e+00 -1.7308506511781201e+00
 246  1.4692489060558978e-04  6.9684403173446451e-04 -2.9239989208169081e-03  3.0405691132330513e-03  0.0000000000000000e+00 -1.7437905392223929e+00
 247  7.2539980755385573e-05  1.5586109130509736e-04 -1.2528282309589086e-03  4.0227152030556622e-03  0.0000000000000000e+00 -1.7752812761487256e+00
 248 -3.6433420437733191e-04 -5.5697571319782667e-04  6.2123995151909127e-04  4.2650650417182887e-03  0.0000000000000000e+00 -1.8050372509980885e+00
 249 -7.1530037553791575e-04 -5.8435811964941146e-04  2.2347395010032696e-03  3.5642163471685836e-03  0.0000000000000000e+00 -1.8132630889234660e+00
 250 -3.9209844348712112e-04  6.2029085319556784e-05  3.4670716099591088e-03  1.9061369194195842e-03  0.0000000000000000e+00 -1.7997240040130953e+00
 251  3.0800477354008660e-04  5.8589791513943390e-04  4.0970675320433332e-03 -1.3103465062762134e-04  0.0000000000000000e+00 -1.7813905675334998e+00
 252  5.6879181493868806e-04  4.7691215727233374e-04  3.6819904993881502e-03 -1.9859998587599260e-03  0.0000000000000000e+00 -1.7815480420884457e+00
 253  9.8075346921036669e-05  4.0657566867767394e-05  2.2710152717016576e-03 -3.4509648368810015e-03  0.0000000000000000e+00 -1.8047427465427546e+00
 254 -5.9590585331413537e-04 -2.2270505870294988e-04  5.1799456447039157e-04 -4.3233864796111089e-03  0.0000000000000000e+00 -1.8371146943337504e+00
 255 -7.8094275429722371e-04 -1.9785698794843462e-04 -1.1639330913406313e-03 -4.2025115439265704e-03  0.0000000000000000e+00 -1.8597361012366171e+00
 256 -2.8447249356737856e-04 -6.3401606029524671e-05 -2.7618302802761125e-03 -3.0130967851429965e-03  0.0000000000000000e+00 -1.8589794685857943e+00
 257  2.8701098384791360e-04 -1.5941950129862911e-07 -3.9394591537464515e-03 -1.1814586002645393e-03  0.0000000000000000e+00 -1.8407043889029817e+00
 258  3.1079294440580058e-04  1.1016705150191481e-04 -4.0856137815238336e-03  8.6156419451287347e-04  0.0000000000000000e+00 -1.8271729438259545e+00
 259 -5.4172471658368092e-05  3.8113501000910628e-04 -3.1680425380803869e-03  2.7302918303709709e-03  0.0000000000000000e+00 -1.8349092011159591e+00
 260 -2.5681131210802884e-04  4.1405296771396125e-04 -1.6446710211299265e-03  3.9830889122145947e-03  0.0000000000000000e+00 -1.8627150027257919e+00
 261 -2.6148711749764955e-04 -7.1138397509386527e-05  1.6908965908527166e-04  4.3402663567026134e-03  0.0000000000000000e+00 -1.8941015548366049e+00
 262 -3.2477726363682613e-04 -5.7368540557060400e-04  1.9674346468316894e-03  3.7808017358229116e-03  0.0000000000000000e+00 -1.9085042481957193e+00
 263 -3.2659826444487273e-04 -4.3044503752533305e-04  3.3550003532245858e-03  2.3314926224868478e-03  0.0000000000000000e+00 -1.8978401248348700e+00
 264 -7.8089252849795291e-05  2.5054105050200521e-04  4.0416819897837464e-03  2.9289463967647859e-04  0.0000000000000000e+00 -1.8778969243184580e+00
 265  2.6776593928390987e-04  7.4156935209985988e-04  3.8243759684168212e-03 -1.7100070596898502e-03  0.0000000000000000e+00 -1.8716331367157379e+00
 266  3.5259974585852944e-04  4.9586213714676347e-04  2.6530554519871505e-03 -3.2119363652600686e-03  0.0000000000000000e+00 -1.8900540673583135e+00
 267 -8.4112210818707649e-05 -2.1917886155232400e-04  8.7007902010895308e-04 -4.1153602269676142e-03  0.0000000000000000e+00 -1.9234359656200624e+00
 268 -7.1235824838400321e-04 -5.8197169609761697e-04 -9.0943164584117865e-04 -4.2588986235098242e-03  0.0000000000000000e+00 -1.9494898279532820e+00
 269 -7.4617545822457587e-04 -2.5109092116449932e-04 -2.4283889037470040e-03 -3.3268966318256090e-03  0.0000000000000000e+00 -1.9536785796136664e+00
 270 -4.7651353967416238e-05  2.8418015376793581e-04 -3.6611818900783464e-03 -1.5485826613907620e-03  0.0000000000000000e+00 -1.9375789308473770e+00
 271  5.4983873306502554e-04  4.0454746604629281e-04 -4.1486779017152796e-03  4.5291317968913807e-04  0.0000000000000000e+00 -1.9216800050144174e+00
 272  3.7214265106845967e-04  2.0383047612394410e-04 -3.4588146965218850e-03  2.2938277404778149e-03  0.0000000000000000e+00 -1.9262987216123546e+00
 273 -2.6661605884450133e-04  7.8827863688634916e-05 -1.9518454011988233e-03  3.7394213398076006e-03  0.0000000000000000e+00 -1.9513813140315950e+00
 274 -6.4330657152306342e-04 -4.4222489340285746e-07 -2.3631903392120767e-04  4.4163084947682714e-03  0.0000000000000000e+00 -1.9834196305017651e+00
 275 -4.7988164213310952e-04 -1.6399157622862411e-04  1.5055800293373707e-03  4.0284446484622405e-03  0.0000000000000000e+00 -2.0023489137920545e+00
 276 -7.3459804420513317e-05 -2.8644495058226949e-04  3.1065523871000081e-03  2.7088460398952633e-03  0.0000000000000000e+00 -1.9971191649476323e+00
 277  1.4810024343345928e-04 -1.3222971750346458e-04  4.0505617545910071e-03  7.9799062870231281e-04  0.0000000000000000e+00 -1.9772669660924795e+00
 278  7.7596315153265132e-05  3.2390049164498786e-04  3.9530586650293352e-03 -1.2890840670830770e-03  0.0000000000000000e+00 -1.9662432138265680e+00
 279 -5.5056082187139059e-07  6.4463103365329998e-04  2.9399439323282172e-03 -3.0335360804649332e-03  0.0000000000000000e+00 -1.9784350725033217e+00
 280 -1.3039162151107750e-05  3.0151959533509799e-04  1.3120221480707242e-03 -4.0506749865995093e-03  0.0000000000000000e+00 -2.0090116945206971e+00
 281 -2.5214954412736812e-04 -4.3448821392160452e-04 -5.6964096547634671e-04 -4.2670254180677937e-03  0.0000000000000000e+00 -2.0392168312638206e+00
 282 -5.7293913565120539e-04 -6.6580577992088775e-04 -2.2440249462244285e-03 -3.5807304815031814e-03  0.0000000000000000e+00 -2.0481728834708788e+00
 283 -4.2950102920517175e-04 -1.0781527952515356e-04 -3.4742936370775442e-03 -1.9561753164142434e-03  0.0000000000000000e+00 -2.0345109048203653e+00
 284  1.4804907399922177e-04  5.6795512648245947e-04 -4.0741365655811790e-03  1.0587775244729864e-04  0.0000000000000000e+00 -2.0159254311455661e+00
 285  5.2572257683730639e-04  6.3696710436733314e-04 -3.6976449086907281e-03  1.9787863878497009e-03  0.0000000000000000e+00 -2.0148950184495278e+00
 286  2.4564502952094608e-04  1.3259674205386127e-04 -2.3233330332491564e-03  3.4060622925688021e-03  0.0000000000000000e+00 -2.0381009919840536e+00
 287 -4.6469318881967432e-04 -3.2672959569279663e-04 -5.3407554613401557e-04  4.2693741594555515e-03  0.0000000000000000e+00 -2.0708857538049865e+00
 288 -8.5509861670183553e-04 -3.3139886999732912e-04  1.1483295044017641e-03  4.2099060845663949e-03  0.0000000000000000e+00 -2.0937270372115471e+00
 289 -4.4782623588283601e-04 -2.6756659784585161e-05  2.6933460402521997e-03  3.0466605262713760e-03  0.0000000000000000e+00 -2.0936016647463314e+00
 290  2.7137797280005649e-04  1.6072023688373102e-04  3.8912007044409800e-03  1.2106551901765305e-03  0.0000000000000000e+00 -2.0754997287739059e+00
 291  4.5740745764005135e-04  1.5166368871038380e-04  4.1107826039724401e-03 -8.0288131727383001e-04  0.0000000000000000e+00 -2.0622618462023308e+00
 292  3.1236498734822440e-05  2.4153498976578751e-04  3.1980917465935241e-03 -2.6586188839170400e-03  0.0000000000000000e+00 -2.0698967454082298e+00
 293 -3.6672188315555815e-04  3.1148809793253687e-04  1.6667305663347048e-03 -3.9744525278621158e-03  0.0000000000000000e+00 -2.0973921044686876e+00
 294 -4.0105619710438615e-04  2.2270795455136136e-05 -1.0013525138217682e-04 -4.3830761913471400e-03  0.0000000000000000e+00 -2.1286060996883958e+00
 295 -2.8712462321564466e-04 -4.2121599019868413e-04 -1.9010197163189203e-03 -3.8136573431534686e-03  0.0000000000000000e+00 -2.1435732782661274e+00
 296 -1.8045139189403552e-04 -4.4815448758720003e-04 -3.3582603805354153e-03 -2.3806432233439189e-03  0.0000000000000000e+00 -2.1336872748987532e+00
 297 -4.6558532123813332e-05  7.9518507437666817e-05 -4.0636636603878238e-03 -3.6459247019313211e-04  0.0000000000000000e+00 -2.1133832161159058e+00
 298  1.3049869699790660e-04  6.5751653937163852e-04 -3.8270591356137727e-03  1.6808134991099493e-03  0.0000000000000000e+00 -2.1064169166766860e+00
 299  2.4993414181087104e-04  6.2204768048143306e-04 -2.6890854169334339e-03  3.2257046888085981e-03  0.0000000000000000e+00 -2.1235639472612440e+00
 300  1.3559135580984890e-05 -7.5830843582110657e-05 -9.2842883681472507e-04  4.1027243572378455e-03  0.0000000000000000e+00 -2.1567710257739741e+00
 301 -5.4969371405403863e-04 -6.3344771737748758e-04  9.0208335107990281e-04  4.2360141260452478e-03  0.0000000000000000e+00 -2.1836209635757715e+00
 302 -7.5662242244529704e-04 -4.1609216219880209e-04  2.4349448269414377e-03  3.3519450673953300e-03  0.0000000000000000e+00 -2.1879265656218063e+00
 303 -2.0908231756843482e-04  2.4301503391183587e-04  3.6229255335360261e-03  1.5802838293292969e-03  0.0000000000000000e+00 -2.1721587803364826e+00
 304  4.7677416179255398e-04  5.5132952989054662e-04  4.1261305628933998e-03 -4.3845194089324127e-04  0.0000000000000000e+00 -2.1556384757409757e+00
 305  4.9816090040106641e-04  3.1500225374723101e-04  3.4993183100859794e-03 -2.2503366806465486e-03  0.0000000000000000e+00 -2.1600901292841423e+00
 306 -1.2253281830895308e-04 -7.9425521294602221e-06  1.9848911662024510e-03 -3.6702872649059448e-03  0.0000000000000000e+00 -2.1854891690200673e+00
 307 -6.9136947916646513e-04 -1.3876273935123541e-04  2.5241903174741756e-04 -4.4006673997111995e-03  0.0000000000000000e+00 -2.2175596945440428e+00
 308 -6.4431179291166239e-04 -1.4295603921887540e-04 -1.4399163761723531e-03 -4.0665126938559913e-03  0.0000000000000000e+00 -2.2369272079451625e+00
 309 -1.1298013942138202e-04 -1.3002910406916226e-04 -3.0328273592720835e-03 -2.7446797625494150e-03  0.0000000000000000e+00 -2.2322312599416705e+00
 310  2.7807829838568819e-04 -7.3730250249788055e-05 -4.0502967898825761e-03 -8.5172233880951784e-04  0.0000000000000000e+00 -2.2129051896285876e+00
 311  1.7456241277299990e-04  1.9012316297602688e-04 -3.9839825972868706e-03  1.2119070661529578e-03  0.0000000000000000e+00 -2.2017560080521332e+00
 312 -9.1749544694087881e-05  5.1701894509768767e-04 -2.9549456216717345e-03  3.0019626578155992e-03  0.0000000000000000e+00 -2.2133580750181903e+00
 313 -1.5996122330814413e-04  3.7382238233080477e-04 -1.3607452179174757e-03  4.0820530915739849e-03  0.0000000000000000e+00 -2.2432572292974613e+00
 314 -2.2879703910742965e-04 -2.6924208184828953e-04  4.9995193766527312e-04  4.2903945471219965e-03  0.0000000000000000e+00 -2.2734631600173070e+00
 315 -4.1758301348822005e-04 -6.5599765050124701e-04  2.2330001351430111e-03  3.6009254867165165e-03  0.0000000000000000e+00 -2.2834130290508003e+00
 316 -3.7734480009739930e-04 -2.7095033967446428e-04  3.4949686231833688e-03  2.0123078975555343e-03  0.0000000000000000e+00 -2.2697054482717580e+00
 317  2.0273651164937086e-05  4.5890161548709554e-04  4.0665012491585047e-03 -6.3579360408084042e-05  0.0000000000000000e+00 -2.2507881781806556e+00
 318  4.0579749838057152e-04  7.3863747010882469e-04  3.7043619992615392e-03 -1.9774691314746150e-03  0.0000000000000000e+00 -2.2485996113205537e+00
 319  3.2171833737807320e-04  2.8891268308762986e-04  2.3769346714094357e-03 -3.3863922741143790e-03  0.0000000000000000e+00 -2.2711380460772985e+00
 320 -2.9174044075744716e-04 -3.4963990751840862e-04  5.6252819545969971e-04 -4.2185120149602533e-03  0.0000000000000000e+00 -2.3045360733334030e+00
 321 -8.3412008957470219e-04 -4.8628459356771133e-04 -1.1498459513613929e-03 -4.2015840892071993e-03  0.0000000000000000e+00 -2.3275935555606346e+00
 322 -6.0319368733732618e-04 -8.4740195007438493e-05 -2.6498727238411270e-03 -3.0784459820328140e-03  0.0000000000000000e+00 -2.3279958215147611e+00
 323  1.7049749049542171e-04  2.9129776292899714e-04 -3.8336179566353023e-03 -1.2336871573196354e-03  0.0000000000000000e+00 -2.3100509947376109e+00
 324  5.5551912167172205e-04  2.7754778187319022e-04 -4.1221950591891314e-03  7.6239151790143545e-04  0.0000000000000000e+00 -2.2967329436442685e+00
 325  1.8010305887482007e-04  1.7118887858423045e-04 -3.2378553546358233e-03  2.5854268276381048e-03  0.0000000000000000e+00 -2.3046323358912053e+00
 326 -3.9060271691778787e-04  1.6381209452259943e-04 -1.6846560670280618e-03  3.9373672891157858e-03  0.0000000000000000e+00 -2.3319186266244452e+00
 327 -5.6242414327405013e-04  2.5563975001124954e-05  4.7596231136313292e-05  4.4166792211540644e-03  0.0000000000000000e+00 -2.3631750041916466e+00
 328 -3.4389074597643060e-04 -2.6632611974758798e-04  1.8185645961443539e-03  3.8542318967987061e-03  0.0000000000000000e+00 -2.3785033163302041e+00
 329 -6.1365168128575020e-05 -3.7200197708629252e-04  3.3351454452338197e-03  2.4247664063690878e-03  0.0000000000000000e+00 -2.3694700726283284e+00
 330  6.0581010801560121e-05 -4.3411576642282747e-05  4.0903515944294578e-03  4.3886212768012010e-04  0.0000000000000000e+00 -2.3491752164926396e+00
 331  5.8208597174018828e-05  5.0675409168411570e-04  3.8384688466382832e-03 -1.6293030127454713e-03  0.0000000000000000e+00 -2.3415529383437574e+00
 332  9.7909523533191599e-05  6.6445433190796496e-04  2.7149715091371132e-03 -3.2377658765324687e-03  0.0000000000000000e+00 -2.3577071828084937e+00
 333  1.7849155917008957e-05  9.6290519956747581e-05  9.9298423233884947e-04 -4.1159447757388975e-03  0.0000000000000000e+00 -2.3902255265017933e+00
 334 -3.8726214176890546e-04 -5.9228372082525624e-04 -8.7453247675141051e-04 -4.2243545336558240e-03  0.0000000000000000e+00 -2.4179197941362576e+00
 335 -6.7687963879758440e-04 -5.6245539833302174e-04 -2.4515841033067357e-03 -3.3753927179321964e-03  0.0000000000000000e+00 -2.4225276515428256e+00
 336 -3.2513296175105114e-04  1.1712330043795762e-04 -3.6091879894958796e-03 -1.6228437515658617e-03  0.0000000000000000e+00 -2.4068216544808614e+00
 337  3.3779190046290416e-04  6.2797397747287867e-04 -4.1006735711877776e-03  4.2453281696154586e-04  0.0000000000000000e+00 -2.3897945130353300e+00
 338  5.4659316498566332e-04  4.7877313675457554e-04 -3.5312363085566426e-03  2.2283666265322868e-03  0.0000000000000000e+00 -2.3934110164941114e+00
 339  5.0596368118289623e-05 -6.0285315047746674e-06 -2.0292381114698920e-03  3.6079791150683935e-03  0.0000000000000000e+00 -2.4192150657510774e+00
 340 -6.4162557232441241e-04 -2.8508187928936920e-04 -2.6174594034836560e-04  4.3619784442691795e-03  0.0000000000000000e+00 -2.4514398836536362e+00
 341 -7.8712353914520215e-04 -2.1310532103541760e-04  1.3998211353169138e-03  4.0921750005184178e-03  0.0000000000000000e+00 -2.4712019911923759e+00
 342 -2.3353902295333344e-04 -1.4424025512467679e-05  2.9542137453581548e-03  2.7782104725483084e-03  0.0000000000000000e+00 -2.4670599264039361e+00
 343  3.4817949626195211e-04  6.1034406267657522e-05  4.0268294695276147e-03  8.9119489196740943e-04  0.0000000000000000e+00 -2.4480367043776301e+00
 344  3.2195288815884397e-04  1.3654736180424441e-04  4.0178255068762780e-03 -1.1395439239331303e-03  0.0000000000000000e+00 -2.4371393921553501e+00
 345 -9.4082766951848843e-05  3.5767054204607272e-04  2.9752200824270233e-03 -2.9463354529392165e-03  0.0000000000000000e+00 -2.4483322574734792e+00
 346 -3.1563895200696396e-04  3.5262030435012832e-04  1.3956844441630049e-03 -4.1004983846747610e-03  0.0000000000000000e+00 -2.4778485278440319e+00
 347 -3.0073827004888819e-04 -1.1603190052981683e-04 -4.2282432869170127e-04 -4.3296474287158977e-03  0.0000000000000000e+00 -2.5078636938109251e+00
 348 -3.0304464675234404e-04 -5.5802039719530074e-04 -2.1935612349004035e-03 -3.6278988540079473e-03  0.0000000000000000e+00 -2.5187163457437824e+00
 349 -2.5661577603887001e-04 -3.7660108020341071e-04 -3.5148168590761254e-03 -2.0691839319637211e-03  0.0000000000000000e+00 -2.5053625014371042e+00
 350 -3.4357682299417767e-05  2.9316955373973568e-04 -4.0759513894005660e-03  2.9463787720823980e-06  0.0000000000000000e+00 -2.4859697429371890e+00
 351  2.5070958565754872e-04  7.4812545537393342e-04 -3.7073095731104933e-03  1.9687756592983523e-03  0.0000000000000000e+00 -2.4828749674352855e+00
 352  3.0319213476214305e-04  4.5816197361483747e-04 -2.4258815890484471e-03  3.3900154538369070e-03  0.0000000000000000e+00 -2.5042319517160614e+00
 353 -1.3222289531392473e-04 -2.7924346944467485e-04 -6.0689791701607409e-04  4.1845363475586242e-03  0.0000000000000000e+00 -2.5380558878305282e+00
 354 -7.2454721712045863e-04 -6.1054232860195115e-04  1.1552019371597563e-03  4.1845344787965399e-03  0.0000000000000000e+00 -2.5615998313370061e+00
 355 -7.0079463511267266e-04 -2.1882336261889700e-04  2.6350724490653006e-03  3.1092109832236252e-03  0.0000000000000000e+00 -2.5622487437841248e+00
 356  1.5007916140139881e-05  3.4438318675205666e-04  3.7812968595651729e-03  1.2575319613371847e-03  0.0000000000000000e+00 -2.5445761002917724e+00
 357  5.7120358157470988e-04  4.4335368442662438e-04  4.1178083764904106e-03 -7.3894613359704454e-04  0.0000000000000000e+00 -2.5307014925182072e+00
 358  3.4438282232703509e-04  1.9564770487500387e-04  3.2829642570248265e-03 -2.5232114688403108e-03  0.0000000000000000e+00 -2.5388837684380920e+00
 359 -3.1835486474101243e-04  2.2650402529368410e-05  1.7063093918617859e-03 -3.8782571628912521e-03  0.0000000000000000e+00 -2.5661996802844143e+00
 360 -6.8882028434038580e-04 -5.8271880077571296e-05 -1.5506801669450790e-05 -4.4292311573389297e-03  0.0000000000000000e+00 -2.5975582639746384e+00
 361 -4.7686175560079089e-04 -1.6262355249780790e-04 -1.7364850259045331e-03 -3.8967061439265792e-03  0.0000000000000000e+00 -2.6132877519716988e+00
 362 -1.2831521342380333e-05 -2.2996892276041050e-04 -3.2838226943942110e-03 -2.4636225542601599e-03  0.0000000000000000e+00 -2.6049184087327659e+00
 363  2.0477033190664958e-04 -7.9413673618684833e-05 -4.1102451095706167e-03 -5.0610175077653416e-04  0.0000000000000000e+00 -2.5850191784517946e+00
 364  7.4993730687751209e-05  3.3836561107340827e-04 -3.8608101510974190e-03  1.5598757073681359e-03  0.0000000000000000e+00 -2.5769087487692981e+00
 365 -4.9133716522665621e-05  6.1203623078045838e-04 -2.7332546144867211e-03  3.2335496610713197e-03  0.0000000000000000e+00 -2.5923607130813457e+00
 366 -7.0243194658525611e-05  2.4085555369215457e-04 -1.0551170893848189e-03  4.1467929601130627e-03  0.0000000000000000e+00 -2.6240673573746864e+00
 367 -2.7847145617762077e-04 -4.6961233121532432e-04  8.2321855413622976e-04  4.2310614911159183e-03  0.0000000000000000e+00 -2.6522815806826929e+00
 368 -5.3587299057926928e-04 -6.4333816336994217e-04  2.4621045106873831e-03  3.3990404256810385e-03  0.0000000000000000e+00 -2.6576030766813776e+00
 369 -3.6043285733613985e-04 -5.4058889094437989e-05  3.6177396190983481e-03  1.6764606142920682e-03  0.0000000000000000e+00 -2.6417149205760206e+00
 370  1.7899548824070334e-04  6.0798343727777376e-04  4.0820245495144913e-03 -4.0032032596162267e-04  0.0000000000000000e+00 -2.6243182736774204e+00
 371  5.0241188464334764e-04  6.3858158926798157e-04  3.5522881020827873e-03 -2.2233418219033329e-03  0.0000000000000000e+00 -2.6266891646997497e+00
 372  1.9767388118260970e-04  8.7847162364003089e-05  2.0819904628080052e-03 -3.5651056734029786e-03  0.0000000000000000e+00 -2.6525175847386797e+00
 373 -5.0908396771013741e-04 -3.8803018028155627e-04  2.7492420180104231e-04 -4.3119403203910117e-03  0.0000000000000000e+00 -2.6851945750858470e+00
 374 -8.6001957659962661e-04 -3.4938198333897265e-04 -1.3857152400674291e-03 -4.1025048613967394e-03  0.0000000000000000e+00 -2.7051882858079774e+00
 375 -3.9743517648628632e-04  1.8870261776116504e-05 -2.8880039427498952e-03 -2.8103794255825705e-03  0.0000000000000000e+00 -2.7016716781936769e+00
 376  3.3148086069499248e-04  2.2276499274969329e-04 -3.9835616266583425e-03 -9.1870404286502772e-04  0.0000000000000000e+00 -2.6827053979332969e+00
 377  4.7001988916149103e-04  1.8135923598218371e-04 -4.0464445802502044e-03  1.0812851384287255e-03  0.0000000000000000e+00 -2.6720717709725492e+00
 378 -5.5259072999937350e-06  2.2058846748663322e-04 -3.0051806194803222e-03  2.8755687651770977e-03  0.0000000000000000e+00 -2.6832025633497150e+00
 379 -4.2398720632509082e-04  2.4956127220966706e-04 -1.4186889998407586e-03  4.0937972911691762e-03  0.0000000000000000e+00 -2.7124746548337311e+00
 380 -4.4222259788705078e-04 -2.5286384787592300e-05  3.5172200576597071e-04  4.3732269677213909e-03  0.0000000000000000e+00 -2.7424261864078106e+00
 381 -2.6937251277618586e-04 -4.0573780711187753e-04  2.1270732183128263e-03  3.6626187728952698e-03  0.0000000000000000e+00 -2.7538850546673785e+00
 382 -1.1156004426116640e-04 -3.9192762186536929e-04  3.5191562631499045e-03  2.1219097774136920e-03  0.0000000000000000e+00 -2.7412642908674609e+00
 383 -8.6914997665232516e-08  1.2317497603751330e-04  4.0987091980283549e-03  7.0161727708596285e-05  0.0000000000000000e+00 -2.7214877911183843e+00
 384  1.1462547801165511e-04  6.6353963552868880e-04  3.7124440003175395e-03 -1.9415462805046904e-03  0.0000000000000000e+00 -2.7176611451521526e+00
 385  1.9857825414540403e-04  5.8382900023843114e-04  2.4657938771738492e-03 -3.4069464457996590e-03  0.0000000000000000e+00 -2.7377903190251169e+00
 386 -3.7011911642504462e-05 -1.3523948440433028e-04  6.6548692514105477e-04 -4.1757008132165020e-03  0.0000000000000000e+00 -2.7715082849847272e+00
 387 -5.6294124248619710e-04 -6.6145544660280804e-04 -1.1502150732451883e-03 -4.1685419395935249e-03  0.0000000000000000e+00 -2.7958771464585812e+00
 388 -7.1014309782707358e-04 -3.8584796819749313e-04 -2.6431299418992055e-03 -3.1395670278807470e-03  0.0000000000000000e+00 -2.7966074645654877e+00
 389 -1.4529055263445148e-04  3.0035826216988706e-04 -3.7465157198655471e-03 -1.2893169824733943e-03  0.0000000000000000e+00 -2.7791769126326065e+00
 390  4.9790845972190044e-04  5.8961351057229593e-04 -4.1016080755160583e-03  7.2623794020031877e-04  0.0000000000000000e+00 -2.7645469184209941e+00
 391  4.7069922683484934e-04  3.0881182345266281e-04 -3.3267097272547969e-03  2.4806742856379542e-03  0.0000000000000000e+00 -2.7725333447401268e+00
 392 -1.7218685319709585e-04 -6.1916760780498408e-05 -1.7376851801835930e-03  3.8107244135236634e-03  0.0000000000000000e+00 -2.8001977422154751e+00
 393 -7.3505561637333516e-04 -1.9775500682685438e-04  5.3804428418784099e-07  4.4159071098538527e-03  0.0000000000000000e+00 -2.8316285591962997e+00
 394 -6.4192804839259153e-04 -1.4522535297762005e-04  1.6709407059328641e-03  3.9339404736156453e-03  0.0000000000000000e+00 -2.8478546271400229e+00
 395 -5.4885890401143042e-05 -7.3857081159407206e-05  3.2124760253461589e-03  2.4980170756601153e-03  0.0000000000000000e+00 -2.8399878292849827e+00
 396  3.3484779606441381e-04 -1.7529667750401906e-05  4.1131447311132741e-03  5.5988322344991922e-04  0.0000000000000000e+00 -2.8205493133794204e+00
 397  1.7497736325776029e-04  2.0736809063980760e-04  3.8925195657385069e-03 -1.4831129565306763e-03  0.0000000000000000e+00 -2.8123399866607657e+00
 398 -1.3847282672779457e-04  4.8506975879114399e-04  2.7492853334231539e-03 -3.2042337740789380e-03  0.0000000000000000e+00 -2.8272485118147332e+00
 399 -2.1853629135969545e-04  3.1162500839141663e-04  1.1068324108885425e-03 -4.1805801752343883e-03  0.0000000000000000e+00 -2.8583802855493525e+00
 400 -2.5888138327406990e-04 -3.0525179061530731e-04 -7.5248494853696966e-04 -4.2574777516035814e-03  0.0000000000000000e+00 -2.8866906436700153e+00
 401 -3.8328182086052405e-04 -6.3233180580003659e-04 -2.4519469352970880e-03 -3.4252068195652820e-03  0.0000000000000000e+00 -2.8929995497998027e+00
 402 -3.0671674193327047e-04 -2.1696705617161018e-04 -3.6392222105294230e-03 -1.7369764595549868e-03  0.0000000000000000e+00 -2.8770208532567061e+00
 403  5.3301167155964563e-05  4.9744469925829481e-04 -4.0770284351501129e-03  3.5810494941528265e-04  0.0000000000000000e+00 -2.8592060456805770e+00
 404  3.8156615652262235e-04  7.3932131916870723e-04 -3.5640466179161986e-03  2.2245762347881284e-03  0.0000000000000000e+00 -2.8603700276204727e+00
 405  2.7202796444225684e-04  2.4521178014505008e-04 -2.1375669628261396e-03  3.5480176411233303e-03  0.0000000000000000e+00 -2.8855531895273017e+00
 406 -3.3610590310050579e-04 -4.0947240829731038e-04 -3.0074970150482244e-04  4.2655077779852578e-03  0.0000000000000000e+00 -2.9188880163142761e+00
 407 -8.3801337292023048e-04 -5.0580787438633953e-04  1.3894099736230195e-03  4.0994438011086771e-03  0.0000000000000000e+00 -2.9391018702708940e+00
 408 -5.5209931424073338e-04 -4.2778699863769581e-05  2.8466327656080353e-03  2.8426317808797883e-03  0.0000000000000000e+00 -2.9360915451519047e+00
 409  2.2994890404594192e-04  3.5234524865997976e-04  3.9312021988912498e-03  9.3984791762642564e-04  0.0000000000000000e+00 -2.9171639549358219e+00
 410  5.6861739028520768e-04  3.0961479056316272e-04  4.0628686616880827e-03 -1.0416683627558047e-03  0.0000000000000000e+00 -2.9063739581281545e+00
 411  1.4592938489529038e-04  1.5315856920057163e-04  3.0453289740214628e-03 -2.8029068842728190e-03  0.0000000000000000e+00 -2.9177925432283995e+00
 412 -4.4537645799080857e-04  1.0237509419250106e-04  1.4361136963029634e-03 -4.0584682481477653e-03  0.0000000000000000e+00 -2.9469069782328403e+00
 413 -6.0390688588852440e-04 -2.4818646566042688e-05 -2.9775745774598700e-04 -4.4073722798371271e-03  0.0000000000000000e+00 -2.9769856420117606e+00
 414 -3.2948574272995341e-04 -2.5247352089143840e-04 -2.0443988313292509e-03 -3.7029590440376542e-03  0.0000000000000000e+00 -2.9888674278237719e+00
 415  5.4293275722805969e-06 -3.1334418346349452e-04 -3.4976984897837691e-03 -2.1677769396656592e-03  0.0000000000000000e+00 -2.9770453485187600e+00
 416  1.0925983440282544e-04  2.7280550823313374e-06 -4.1264136901369543e-03 -1.4566601707881113e-04  0.0000000000000000e+00 -2.9572676720706923e+00
 417  4.4630265865766087e-05  5.1334027071448169e-04 -3.7249370789557922e-03  1.8914892616388229e-03  0.0000000000000000e+00 -2.9527833589121628e+00
 418  4.5591309064653764e-05  6.2557784965188020e-04 -2.4950651600310300e-03  3.4221249939079910e-03  0.0000000000000000e+00 -2.9719754341159539e+00
 419 -3.5696141762060436e-05  3.6482114631269335e-05 -7.3188918508084832e-04  4.1922339417518250e-03  0.0000000000000000e+00 -3.0050972188447957e+00
 420 -4.0303992329091773e-04 -6.1958725592130650e-04  1.1241335955848399e-03  4.1630796416479258e-03  0.0000000000000000e+00 -3.0303551163140212e+00
 421 -6.3028694311799546e-04 -5.3274427178154555e-04  2.6610525776209390e-03  3.1697738127788319e-03  0.0000000000000000e+00 -3.0313565501357136e+00
 422 -2.5933090123254524e-04  1.7214555575017414e-04  3.7350687643021461e-03  1.3336885986236779e-03  0.0000000000000000e+00 -3.0139101046924623e+00
 423  3.5917584207750429e-04  6.6463193934339988e-04  4.0817912284493588e-03 -7.1398619253462963e-04  0.0000000000000000e+00 -2.9986434220881701e+00
 424  5.1832636116281249e-04  4.7341216394888240e-04  3.3631112728575601e-03 -2.4603813814326539e-03  0.0000000000000000e+00 -3.0057522671984724e+00
 425  1.7117853078788863e-06 -5.7700016620142545e-05  1.7808714151630845e-03 -3.7503266941439953e-03  0.0000000000000000e+00 -3.0338440513587637e+00
 426 -6.8347726322536570e-04 -3.4410101365893090e-04  6.3975998424251771e-06 -4.3807714493605231e-03  0.0000000000000000e+00 -3.0654638209517087e+00
 427 -7.8408024922966342e-04 -2.1897461229211949e-04 -1.6317065265111365e-03 -3.9603429818915814e-03  0.0000000000000000e+00 -3.0821126373788030e+00
 428 -1.7707950115422626e-04  3.9692023724057501e-05 -3.1365555817504331e-03 -2.5295088880947702e-03  0.0000000000000000e+00 -3.0747788811845176e+00
 429  4.0433699813596953e-04  1.1971917483602070e-04 -4.0941637714888152e-03 -5.9839789428647709e-04  0.0000000000000000e+00 -3.0555411153715779e+00
 430  3.2481450946994359e-04  1.5717498767408420e-04 -3.9282285482143990e-03  1.4110432938984456e-03  0.0000000000000000e+00 -3.0475949702824656e+00
 431 -1.3793407895681676e-04  3.2735766572432822e-04 -2.7696137694428777e-03  3.1501673637841505e-03  0.0000000000000000e+00 -3.0621399817657013e+00
 432 -3.7404807816291563e-04  2.8903173169422857e-04 -1.1439372757443202e-03  4.2010438755523951e-03  0.0000000000000000e+00 -3.0929753308210044e+00
 433 -3.3402956816514412e-04 -1.5407796874098218e-04  6.7349131532150157e-04  4.2981627863885831e-03  0.0000000000000000e+00 -3.1212056591606854e+00
 434 -2.7245078687270277e-04 -5.3336556413996223e-04  2.4129655964752771e-03  3.4560320606974860e-03  0.0000000000000000e+00 -3.1284255892389088e+00
 435 -1.8551667265864763e-04 -3.2091103041931979e-04  3.6598709025267152e-03  1.7979947045303349e-03  0.0000000000000000e+00 -3.1127611003357578e+00
 436  1.3938740927238178e-06  3.3145284343513433e-04  4.0877937295528228e-03 -2.9683685532978489e-04  0.0000000000000000e+00 -3.0944229258334981e+00
 437  2.2638145041015159e-04  7.4784950916169965e-04  3.5708530820955302e-03 -2.2184106678379777e-03  0.0000000000000000e+00 -3.0946471786014311e+00
 438  2.5120340029996768e-04  4.1455064972686153e-04  2.1897391683909874e-03 -3.5546548504885697e-03  0.0000000000000000e+00 -3.1186908418670249e+00
 439 -1.7807085114551229e-04 -3.3782598292025147e-04  3.4364337254154024e-04 -4.2359443584135967e-03  0.0000000000000000e+00 -3.1525068442289310e+00
 440 -7.2836622671334009e-04 -6.3038227671611137e-04 -1.3972080187624502e-03 -4.0892060180609509e-03  0.0000000000000000e+00 -3.1732173727596589e+00
 441 -6.4831230675991040e-04 -1.7995989281070554e-04 -2.8335936042791685e-03 -2.8763651552505417e-03  0.0000000000000000e+00 -3.1704169562117803e+00
 442  7.4676978961178399e-05  4.0309518652552415e-04 -3.8835844182290953e-03 -9.6243059294418942e-04  0.0000000000000000e+00 -3.1516503256139243e+00
 443  5.8412359964018785e-04  4.7632497701938003e-04 -4.0645694420227496e-03  1.0196439406633454e-03  0.0000000000000000e+00 -3.1401924800623235e+00
 444  3.1164340321337557e-04  1.8032534691933097e-04 -3.0919007764787917e-03  2.7412896065580851e-03  0.0000000000000000e+00 -3.1518927523691844e+00
 445 -3.7050089693559899e-04 -3.7343251370632966e-05 -1.4561703551348719e-03  4.0011140942779978e-03  0.0000000000000000e+00 -3.1810787522460968e+00
 446 -7.2926909047472152e-04 -1.1101722370209785e-04  2.6553302472016931e-04  4.4211391062362439e-03  0.0000000000000000e+00 -3.2113146150644947e+00
 447 -4.6453437633359797e-04 -1.5171948415571007e-04  1.9623264493259366e-03  3.7441229124764537e-03  0.0000000000000000e+00 -3.2236634006305054e+00
 448  5.1442165803652078e-05 -1.6981774417844831e-04  3.4487078873816929e-03  2.2064435046887827e-03  0.0000000000000000e+00 -3.2124488711318135e+00
 449  2.5476952788350184e-04 -2.9872051492619557e-05  4.1483249077715490e-03  2.1355233508792387e-04  0.0000000000000000e+00 -3.1930405708859180e+00
 450  6.4424642756782781e-05  3.4675686289513050e-04  3.7477236958692304e-03 -1.8230021005122660e-03  0.0000000000000000e+00 -3.1880906998029443e+00
 451 -1.0098260636403861e-04  5.7291210180334241e-04  2.5156029554773925e-03 -3.4206899909560553e-03  0.0000000000000000e+00 -3.2066362878310009e+00
 452 -1.2635576034653875e-04  1.7972977080288124e-04  7.9684756199656273e-04 -4.2257861669862127e-03  0.0000000000000000e+00 -3.2390546849068556e+00
 453 -2.9784889181449478e-04 -4.9677049870762143e-04 -1.0730248523861190e-03 -4.1744648332613394e-03  0.0000000000000000e+00 -3.2648991196686770e+00
 454 -4.9057851945557597e-04 -6.1287565797870985e-04 -2.6726308485665526e-03 -3.2002410158784283e-03  0.0000000000000000e+00 -3.2665909922246796e+00
 455 -2.9236023872053886e-04 -1.1923374112016701e-07 -3.7449162523239140e-03 -1.3905401607954158e-03  0.0000000000000000e+00 -3.2489026997057895e+00
 456  2.0147763870712846e-04  6.4275740830224194e-04 -4.0673408785734449e-03  6.9091257935659537e-04  0.0000000000000000e+00 -3.2331561279103220e+00
 457  4.7280913809652974e-04  6.3298924941887990e-04 -3.3892557855163489e-03  2.4577066766232388e-03  0.0000000000000000e+00 -3.2389785939111753e+00
 458  1.4806519676810047e-04  3.8025441416432394e-05 -1.8337218167856241e-03  3.7098182709939297e-03  0.0000000000000000e+00 -3.2671157489447546e+00
 459 -5.4985116216230135e-04 -4.4616469720488040e-04 -1.6601093008316359e-05  4.3352507029141467e-03  0.0000000000000000e+00 -3.2992261209223375e+00
 460 -8.5575606300613996e-04 -3.5810854566397304e-04  1.6191764747008990e-03  3.9738409981382641e-03  0.0000000000000000e+00 -3.3161106836826750e+00
 461 -3.4135861235493471e-04  6.9729984994008350e-05  3.0730149840146486e-03  2.5603689508521999e-03  0.0000000000000000e+00 -3.3093804970558933e+00
 462  3.8682097879103332e-04  2.8228290337393693e-04  4.0562762036255792e-03  6.2422291442342003e-04  0.0000000000000000e+00 -3.2900749140459804e+00
 463  4.7437382361435336e-04  2.0517362670137510e-04  3.9602587175760111e-03 -1.3532283937446844e-03  0.0000000000000000e+00 -3.2823660014157121e+00
 464 -4.6280742494998045e-05  1.9271982241866908e-04  2.7992772812387829e-03 -3.0803356382845624e-03  0.0000000000000000e+00 -3.2968881896173317e+00
 465 -4.8082814372120262e-04  1.8526215141071443e-04  1.1677242070679251e-03 -4.1961602654286027e-03  0.0000000000000000e+00 -3.3275446729481275e+00
 466 -4.7740811154613709e-04 -6.6161918799417969e-05 -6.0049853679846840e-04 -4.3421357085875511e-03  0.0000000000000000e+00 -3.3558166013487423e+00
 467 -2.4264248280011672e-04 -3.8112320760674834e-04 -2.3466639822688267e-03 -3.4921632419686122e-03  0.0000000000000000e+00 -3.3636719999242950e+00
 468 -4.1225007732644609e-05 -3.3361523571381413e-04 -3.6654659276909567e-03 -1.8536909720737172e-03  0.0000000000000000e+00 -3.3486929833844710e+00
 469  3.8491935871441359e-05  1.6271321840096556e-04 -4.1112918424924356e-03  2.2278299723757771e-04  0.0000000000000000e+00 -3.3299563456444088e+00
 470  9.1386817177837885e-05  6.6293304185950034e-04 -3.5782913704633010e-03  2.1933665342820266e-03  0.0000000000000000e+00 -3.3294349827548233e+00
 471  1.4457730930397150e-04  5.3964344345282212e-04 -2.2333500705850940e-03  3.5747716440600839e-03  0.0000000000000000e+00 -3.3523110713458202e+00
 472 -8.5528288661012179e-05 -1.9335597781490967e-04 -4.0241418116002407e-04  4.2310816915523608e-03  0.0000000000000000e+00 -3.3860960364249326e+00
 473 -5.6808946586666266e-04 -6.8077937196105805e-04  1.3943609056984482e-03  4.0803445391128339e-03  0.0000000000000000e+00 -3.4076540583956594e+00
 474 -6.5646316481593524e-04 -3.4884649512409487e-04  2.8430490202847750e-03  2.9119557600170635e-03  0.0000000000000000e+00 -3.4048939215111780e+00
 475 -8.4345824879390873e-05  3.5636796453045313e-04  3.8524016349444686e-03  9.9427222873251582e-04  0.0000000000000000e+00 -3.3862700111487225e+00
 476  5.1053159123241008e-04  6.2201305635903347e-04  4.0546731187932556e-03 -1.0087364713501175e-03  0.0000000000000000e+00 -3.3739314558013120e+00
 477  4.3804407328295247e-04  2.9539471401157001e-04  3.1384994857409595e-03 -2.6998571822365773e-03  0.0000000000000000e+00 -3.3854135294515557e+00
 478 -2.2243578469209022e-04 -1.1984532504027406e-04  1.4855647157016036e-03 -3.9355380920560483e-03  0.0000000000000000e+00 -3.4149817308822774e+00
 479 -7.7377745294458257e-04 -2.5189676494605576e-04 -2.5187966233139323e-04 -4.4103591403308051e-03  0.0000000000000000e+00 -3.4453251638552014e+00
 480 -6.3015298582554027e-04 -1.3801874297065430e-04 -1.8972870664088776e-03 -3.7804243466437373e-03  0.0000000000000000e+00 -3.4582189106182444e+00
 481  7.1275257777565128e-06 -1.3882438376589769e-05 -3.3802737198233776e-03 -2.2392161152995616e-03  0.0000000000000000e+00 -3.4474583515257966e+00
 482  3.8521074397160788e-04  3.5426557920385214e-05 -4.1546650516121044e-03 -2.6715681307659883e-04  0.0000000000000000e+00 -3.4284469348353892e+00
 483  1.6747587014616982e-04  2.1859535173400816e-04 -3.7801551198461381e-03  1.7467721192073737e-03  0.0000000000000000e+00 -3.4234284684868102e+00
 484 -1.8842311936315251e-04  4.4652942723405091e-04 -2.5325844019382718e-03  3.3935918165454819e-03  0.0000000000000000e+00 -3.4414826097696829e+00
 485 -2.7600994207737685e-04  2.4873196999702549e-04 -8.5142684190271829e-04  4.2617082770934032e-03  0.0000000000000000e+00 -3.4734316675624406e+00
 486 -2.8212439643380513e-04 -3.3334902819071824e-04  1.0013040621750793e-03  4.2036621173862513e-03  0.0000000000000000e+00 -3.4994635010132988e+00
 487 -3.4066560951277112e-04 -6.0046509543661272e-04  2.6632787983196806e-03  3.2319488958814143e-03  0.0000000000000000e+00 -3.5021275698839762e+00
 488 -2.3686306954001180e-04 -1.6253466303518842e-04  3.7671819064674416e-03  1.4549209803374217e-03  0.0000000000000000e+00 -3.4843062902389454e+00
 489  7.7816874771293313e-05  5.3096034472257549e-04  4.0648721538500089e-03 -6.4909333135976970e-04  0.0000000000000000e+00 -3.4680633098323206e+00
 490  3.5084890634856837e-04  7.3289526812005980e-04  3.4058053533375077e-03 -2.4616610111111658e-03  0.0000000000000000e+00 -3.4726493243902792e+00
 491  2.2050106884321101e-04  1.9636274830905150e-04  1.8909862412640663e-03 -3.6955454622878813e-03  0.0000000000000000e+00 -3.5001747752750472e+00
 492 -3.7711982122091362e-04 -4.6631507846133419e-04  3.9778024895916930e-05 -4.2937568631450772e-03  0.0000000000000000e+00 -3.5329888989521274e+00
 493 -8.3284696903615182e-04 -5.1617400521643828e-04 -1.6249567271585492e-03 -3.9763440325301406e-03  0.0000000000000000e+00 -3.5500903994943105e+00
 494 -4.9519268597951807e-04  4.5380037462317053e-06 -3.0339612477097606e-03 -2.5932019568653151e-03  0.0000000000000000e+00 -3.5438327424054630e+00
 495  2.8484060746130166e-04  4.1088213152119400e-04 -4.0094638998693028e-03 -6.4354139828380109e-04  0.0000000000000000e+00 -3.5244364698861750e+00
 496  5.7344497632246764e-04  3.3562736705664367e-04 -3.9816325270506875e-03  1.3144923452375549e-03  0.0000000000000000e+00 -3.5165007951910350e+00
 497  1.0763698654504184e-04  1.2810981879973096e-04 -2.8394940988589294e-03  3.0082912017379165e-03  0.0000000000000000e+00 -3.5313336105374202e+00
 498 -4.9979237222023227e-04  3.8369147221428107e-05 -1.1844347581305727e-03  4.1626617964472049e-03  0.0000000000000000e+00 -3.5618823215422233e+00
 499 -6.3938257301549462e-04 -6.8722164123430094e-05  5.4539808427415514e-04  4.3765742745312738e-03  0.0000000000000000e+00 -3.5903613938874335e+00
 500 -3.0596359916511013e-04 -2.2939910069694940e-04  2.2641831822736986e-03  3.5318848133367351e-03  0.0000000000000000e+00 -3.5986884889755824e+00
 501  7.4012732246334621e-05 -2.5240109492566593e-04  3.6460105715166221e-03  1.9007999433469389e-03  0.0000000000000000e+00 -3.5844463580127477e+00
 502  1.5020638488960075e-04  4.4919530032776629e-05  4.1400671885589244e-03 -1.4647100115875383e-04  0.0000000000000000e+00 -3.5657055574372576e+00
 503  2.3660254540447751e-05  5.1348013128799694e-04  3.5917649558661583e-03 -2.1449706620917035e-03  0.0000000000000000e+00 -3.5645360266622825e+00
 504 -9.3599332514207903e-06  5.8066250247485189e-04  2.2658876706029367e-03 -3.5930171683297174e-03  0.0000000000000000e+00 -3.5865425894129075e+00
 505 -8.7322315397076120e-05 -2.2243547102947981e-05  4.7058150002134217e-04 -4.2508760732524299e-03  0.0000000000000000e+00 -3.6198299185256237e+00
 506 -4.1096682700235914e-04 -6.3821471166364708e-04 -1.3695675466556196e-03 -4.0811364244699791e-03  0.0000000000000000e+00 -3.6423156226577778e+00
 507 -5.7638833135622756e-04 -4.9608363996838669e-04 -2.8620858957045534e-03 -2.9486695755957574e-03  0.0000000000000000e+00 -3.6397907449151869e+00
 508 -1.9624686314896923e-04  2.2605142390579611e-04 -3.8432589992925333e-03 -1.0402620857754591e-03  0.0000000000000000e+00 -3.6210691965744441e+00
 509  3.7195173060673085e-04  6.9548041080707797e-04 -4.0404108113993344e-03  9.9827183411074641e-04  0.0000000000000000e+00 -3.6079738635522220e+00
 510  4.8463455260419001e-04  4.6078638228288029e-04 -3.1790188984860751e-03  2.6814116633061989e-03  0.0000000000000000e+00 -3.6185483330880359e+00
 511 -4.7990680230090191e-05 -1.1344489147770606e-04 -1.5272724123462764e-03  3.8774544893366704e-03  0.0000000000000000e+00 -3.6485710483878457e+00
 512 -7.2055613804289040e-04 -3.9848498614457317e-04  2.4743160277871854e-04  4.3792274441925502e-03  0.0000000000000000e+00 -3.6791344929309764e+00
