-2.50  2.67956  1.38905
-2.38  2.67903  1.38408
-2.25  2.67855  1.37959
-2.12  2.67812  1.37551
-2.00  2.67773  1.37182
-1.88  2.67739  1.36849
-1.75  2.67708  1.36547
-1.62  2.67680  1.36276
-1.50  2.67656  1.36032
-1.38  2.67634  1.35816
-1.25  2.67615  1.35623
-1.12  2.67598  1.35454
-1.00  2.67584  1.35308
-0.88  2.67571  1.35182
-0.75  2.67561  1.35075
-0.62  2.67552  1.34988
-0.50  2.67545  1.34918
-0.38  2.67540  1.34865
-0.25  2.67536  1.34828
-0.12  2.67534  1.34807
 0.00  2.67533  1.34800
 0.12  2.67534  1.34807
 0.25  2.67536  1.34827
 0.38  2.67539  1.34859
 0.50  2.67544  1.34903
 0.62  2.67549  1.34958
 0.75  2.67556  1.35024
 0.88  2.67564  1.35100
 1.00  2.67572  1.35186
 1.12  2.67581  1.35281
 1.25  2.67591  1.35384
 1.38  2.67601  1.35496
 1.50  2.67611  1.35615
 1.62  2.67621  1.35742
 1.75  2.67631  1.35875
 1.88  2.67641  1.36015
 2.00  2.67649  1.36161
 2.12  2.67657  1.36313
 2.25  2.67663  1.36470
 2.38  2.67668  1.36633
 2.50  2.67670  1.36800
