#   A_x        A_y      nu_x    nu_y
#
 1.000e+00 -5.000e+00  3.921e-02  1.948e+00 0.68133 0.37029
 1.000e+00 -4.800e+00  3.921e-02  1.795e+00 0.68084 0.36862
 1.000e+00 -4.600e+00  3.921e-02  1.649e+00 0.68038 0.36700
 1.000e+00 -4.400e+00  3.921e-02  1.509e+00 0.67995 0.36545
 1.000e+00 -4.200e+00  3.921e-02  1.375e+00 0.67954 0.36395
 1.000e+00 -4.000e+00  3.921e-02  1.247e+00 0.67916 0.36252
 1.000e+00 -3.800e+00  3.921e-02  1.125e+00 0.67880 0.36116
 1.000e+00 -3.600e+00  3.921e-02  1.010e+00 0.67845 0.35985
 1.000e+00 -3.400e+00  3.921e-02  9.008e-01 0.67812 0.35861
 1.000e+00 -3.200e+00  3.921e-02  7.980e-01 0.67776 0.35744
 1.000e+00 -3.000e+00  3.921e-02  7.013e-01 0.67753 0.35632
 1.000e+00 -2.800e+00  3.921e-02  6.109e-01 0.67731 0.35526
 1.000e+00 -2.600e+00  3.921e-02  5.268e-01 0.67697 0.35429
 1.000e+00 -2.400e+00  3.921e-02  4.489e-01 0.67663 0.35341
 1.000e+00 -2.200e+00  3.921e-02  3.772e-01 0.67644 0.35260
 1.000e+00 -2.000e+00  3.921e-02  3.117e-01 0.67628 0.35184
 1.000e+00 -1.800e+00  3.921e-02  2.525e-01 0.67609 0.35114
 1.000e+00 -1.600e+00  3.921e-02  1.995e-01 0.67592 0.35050
 1.000e+00 -1.400e+00  3.921e-02  1.527e-01 0.67578 0.34995
 1.000e+00 -1.200e+00  3.921e-02  1.122e-01 0.67566 0.34946
 1.000e+00 -1.000e+00  3.921e-02  7.793e-02 0.67556 0.34905
 1.000e+00 -8.000e-01  3.921e-02  4.987e-02 0.67548 0.34870
 1.000e+00 -6.000e-01  3.921e-02  2.805e-02 0.67542 0.34844
 1.000e+00 -4.000e-01  3.921e-02  1.247e-02 0.67538 0.34825
 1.000e+00 -2.000e-01  3.921e-02  3.117e-03 0.67535 0.34813
 1.000e+00  1.000e+00  3.921e-02  7.793e-02 0.67556 0.34905
 1.000e+00  2.000e-01  3.921e-02  3.117e-03 0.67535 0.34813
 1.000e+00  4.000e-01  3.921e-02  1.247e-02 0.67538 0.34825
 1.000e+00  6.000e-01  3.921e-02  2.805e-02 0.67542 0.34844
 1.000e+00  8.000e-01  3.921e-02  4.987e-02 0.67548 0.34870
 1.000e+00  1.000e+00  3.921e-02  7.793e-02 0.67556 0.34905
 1.000e+00  1.200e+00  3.921e-02  1.122e-01 0.67566 0.34946
 1.000e+00  1.400e+00  3.921e-02  1.527e-01 0.67578 0.34995
 1.000e+00  1.600e+00  3.921e-02  1.995e-01 0.67592 0.35050
 1.000e+00  1.800e+00  3.921e-02  2.525e-01 0.67609 0.35114
 1.000e+00  2.000e+00  3.921e-02  3.117e-01 0.67628 0.35184
 1.000e+00  2.200e+00  3.921e-02  3.772e-01 0.67644 0.35260
 1.000e+00  2.400e+00  3.921e-02  4.489e-01 0.67663 0.35341
 1.000e+00  2.600e+00  3.921e-02  5.268e-01 0.67697 0.35429
 1.000e+00  2.800e+00  3.921e-02  6.109e-01 0.67731 0.35526
 1.000e+00  3.000e+00  3.921e-02  7.013e-01 0.67753 0.35632
 1.000e+00  3.200e+00  3.921e-02  7.980e-01 0.67776 0.35744
 1.000e+00  3.400e+00  3.921e-02  9.008e-01 0.67812 0.35861
 1.000e+00  3.600e+00  3.921e-02  1.010e+00 0.67845 0.35985
 1.000e+00  3.800e+00  3.921e-02  1.125e+00 0.67880 0.36116
 1.000e+00  4.000e+00  3.921e-02  1.247e+00 0.67916 0.36252
 1.000e+00  4.200e+00  3.921e-02  1.375e+00 0.67954 0.36395
 1.000e+00  4.400e+00  3.921e-02  1.509e+00 0.67995 0.36545
 1.000e+00  4.600e+00  3.921e-02  1.649e+00 0.68038 0.36700
 1.000e+00  4.800e+00  3.921e-02  1.795e+00 0.68084 0.36862
 1.000e+00  5.000e+00  3.921e-02  1.948e+00 0.68133 0.37029
