#   A_x        A_y        J_x        J_y      nu_x    nu_y
#
# -1.000e+01  1.000e+00 particle lost
# -9.600e+00  1.000e+00 particle lost
# -9.200e+00  1.000e+00 particle lost
# -8.800e+00  1.000e+00 particle lost
# -8.400e+00  1.000e+00 particle lost
# -8.000e+00  1.000e+00 particle lost
# -7.600e+00  1.000e+00 particle lost
# -7.200e+00  1.000e+00 particle lost
# -6.800e+00  1.000e+00 particle lost
-6.400e+00  1.000e+00  1.606e+00  7.793e-02 0.67370 0.35255
# -6.000e+00  1.000e+00 particle lost
-5.600e+00  1.000e+00  1.230e+00  7.793e-02 0.67365 0.35223
-5.200e+00  1.000e+00  1.060e+00  7.793e-02 0.67414 0.35166
-4.800e+00  1.000e+00  9.034e-01  7.793e-02 0.67466 0.35105
-4.400e+00  1.000e+00  7.591e-01  7.793e-02 0.67502 0.35043
-4.000e+00  1.000e+00  6.274e-01  7.793e-02 0.67578 0.35070
-3.600e+00  1.000e+00  5.082e-01  7.793e-02 0.67574 0.35028
-3.200e+00  1.000e+00  4.015e-01  7.793e-02 0.67567 0.34986
-2.800e+00  1.000e+00  3.074e-01  7.793e-02 0.67565 0.34960
-2.400e+00  1.000e+00  2.259e-01  7.793e-02 0.67563 0.34938
-2.000e+00  1.000e+00  1.568e-01  7.793e-02 0.67559 0.34920
-1.600e+00  1.000e+00  1.004e-01  7.793e-02 0.67556 0.34906
-1.200e+00  1.000e+00  5.646e-02  7.793e-02 0.67554 0.34896
-8.000e-01  1.000e+00  2.510e-02  7.793e-02 0.67553 0.34890
-4.000e-01  1.000e+00  6.274e-03  7.793e-02 0.67553 0.34887
 1.000e+00  1.000e+00  3.921e-02  7.793e-02 0.67556 0.34905
 4.000e-01  1.000e+00  6.274e-03  7.793e-02 0.67554 0.34892
 8.000e-01  1.000e+00  2.510e-02  7.793e-02 0.67555 0.34899
 1.200e+00  1.000e+00  5.646e-02  7.793e-02 0.67557 0.34911
 1.600e+00  1.000e+00  1.004e-01  7.793e-02 0.67561 0.34927
 2.000e+00  1.000e+00  1.568e-01  7.793e-02 0.67566 0.34947
 2.400e+00  1.000e+00  2.259e-01  7.793e-02 0.67572 0.34973
 2.800e+00  1.000e+00  3.074e-01  7.793e-02 0.67580 0.35010
 3.200e+00  1.000e+00  4.015e-01  7.793e-02 0.67591 0.35065
 3.600e+00  1.000e+00  5.082e-01  7.793e-02 0.67608 0.35132
 4.000e+00  1.000e+00  6.274e-01  7.793e-02 0.67490 0.35185
#  4.400e+00  1.000e+00 particle lost
#  4.800e+00  1.000e+00 particle lost
#  5.200e+00  1.000e+00 particle lost
#  5.600e+00  1.000e+00 particle lost
#  6.000e+00  1.000e+00 particle lost
#  6.400e+00  1.000e+00 particle lost
#  6.800e+00  1.000e+00 particle lost
#  7.200e+00  1.000e+00 particle lost
#  7.600e+00  1.000e+00 particle lost
#  8.000e+00  1.000e+00 particle lost
#  8.400e+00  1.000e+00 particle lost
#  8.800e+00  1.000e+00 particle lost
#  9.200e+00  1.000e+00 particle lost
#  9.600e+00  1.000e+00 particle lost
#  1.000e+01  1.000e+00 particle lost
