#        name           s   code  alphax  betax   nux   etax   etapx  alphay  betay   nuy   etay   etapy
#                      [m]                 [m]           [m]                   [m]           [m]
#
   0 begin             0.00  0.0   0.000 12.751  0.000 -0.000  0.000   0.000  6.416  0.000  0.000  0.000
   1 d8                0.43  0.0  -0.034 12.766  0.005 -0.000  0.000  -0.067  6.445  0.011  0.000  0.000
   1 d8                0.86  0.0  -0.068 12.810  0.011 -0.000  0.000  -0.135  6.533  0.021  0.000  0.000
   1 d8                1.30  0.0  -0.102 12.883  0.016 -0.000  0.000  -0.202  6.678  0.032  0.000  0.000
   1 d8                1.73  0.0  -0.135 12.985  0.021 -0.000  0.000  -0.269  6.881  0.042  0.000  0.000
   1 d8                2.16  0.0  -0.169 13.117  0.027 -0.000  0.000  -0.337  7.143  0.052  0.000  0.000
   1 d8                2.59  0.0  -0.203 13.278  0.032 -0.000  0.000  -0.404  7.463  0.061  0.000  0.000
   1 d8                3.02  0.0  -0.237 13.468  0.037 -0.000  0.000  -0.471  7.841  0.070  0.000  0.000
   1 d8                3.45  0.0  -0.271 13.687  0.042 -0.000  0.000  -0.538  8.277  0.079  0.000  0.000
   1 d8                3.89  0.0  -0.305 13.936  0.047 -0.000  0.000  -0.606  8.771  0.087  0.000  0.000
   1 d8                4.32  0.0  -0.339 14.214  0.052 -0.000  0.000  -0.673  9.323  0.094  0.000  0.000
   2 ls1               4.32 -1.5  -0.339 14.214  0.052 -0.000  0.000  -0.673  9.323  0.094  0.000  0.000
   3 qls1              4.35 -1.0  -0.682 14.242  0.052 -0.000 -0.000  -0.453  9.354  0.095  0.000  0.000
   3 qls1              4.37 -1.0  -1.027 14.289  0.053 -0.000 -0.000  -0.232  9.373  0.095  0.000  0.000
   3 qls1              4.40 -1.0  -1.374 14.355  0.053 -0.000 -0.000  -0.011  9.379  0.096  0.000  0.000
   3 qls1              4.43 -1.0  -1.725 14.440  0.053 -0.000 -0.000   0.211  9.374  0.096  0.000  0.000
   3 qls1              4.46 -1.0  -2.081 14.545  0.053 -0.000 -0.000   0.431  9.356  0.097  0.000  0.000
   3 qls1              4.48 -1.0  -2.442 14.669  0.054 -0.000 -0.000   0.651  9.327  0.097  0.000  0.000
   3 qls1              4.51 -1.0  -2.810 14.814  0.054 -0.000 -0.000   0.869  9.285  0.098  0.000  0.000
   3 qls1              4.54 -1.0  -3.185 14.978  0.054 -0.000 -0.000   1.085  9.231  0.098  0.000  0.000
   3 qls1              4.57 -1.0  -3.568 15.164  0.055 -0.000 -0.000   1.298  9.165  0.099  0.000  0.000
   3 qls1              4.59 -1.0  -3.961 15.371  0.055 -0.000 -0.000   1.508  9.088  0.099  0.000  0.000
   4 d7                4.69  0.0  -4.060 16.105  0.056 -0.000 -0.000   1.475  8.815  0.101  0.000  0.000
   4 d7                4.78  0.0  -4.159 16.857  0.057 -0.000 -0.000   1.442  8.548  0.102  0.000  0.000
   4 d7                4.87  0.0  -4.259 17.627  0.058 -0.000 -0.000   1.409  8.288  0.104  0.000  0.000
   4 d7                4.96  0.0  -4.358 18.416  0.058 -0.000 -0.000   1.376  8.033  0.106  0.000  0.000
   4 d7                5.05  0.0  -4.457 19.223  0.059 -0.000 -0.000   1.343  7.784  0.108  0.000  0.000
   4 d7                5.14  0.0  -4.557 20.047  0.060 -0.000 -0.000   1.310  7.541  0.110  0.000  0.000
   4 d7                5.23  0.0  -4.656 20.890  0.061 -0.000 -0.000   1.277  7.304  0.112  0.000  0.000
   4 d7                5.33  0.0  -4.755 21.752  0.061 -0.000 -0.000   1.244  7.074  0.114  0.000  0.000
   4 d7                5.42  0.0  -4.855 22.631  0.062 -0.000 -0.000   1.211  6.849  0.116  0.000  0.000
   4 d7                5.51  0.0  -4.954 23.529  0.063 -0.000 -0.000   1.178  6.630  0.118  0.000  0.000
   5 ls2               5.51  1.5  -4.954 23.529  0.063 -0.000 -0.000   1.178  6.630  0.118  0.000  0.000
   6 qls2              5.55  1.0  -3.036 23.887  0.063 -0.000 -0.000   0.624  6.550  0.119  0.000  0.000
   6 qls2              5.60  1.0  -1.074 24.071  0.063 -0.000 -0.000   0.079  6.518  0.120  0.000  0.000
   6 qls2              5.64  1.0   0.905 24.079  0.064 -0.000  0.000  -0.464  6.536  0.121  0.000  0.000
   6 qls2              5.69  1.0   2.870 23.910  0.064 -0.000  0.000  -1.015  6.602  0.122  0.000  0.000
   6 qls2              5.73  1.0   4.792 23.566  0.064 -0.000  0.000  -1.580  6.718  0.123  0.000  0.000
   6 qls2              5.78  1.0   6.645 23.053  0.064 -0.000  0.000  -2.169  6.886  0.124  0.000  0.000
   6 qls2              5.82  1.0   8.399 22.378  0.065 -0.000  0.000  -2.790  7.108  0.125  0.000  0.000
   6 qls2              5.87  1.0  10.030 21.552  0.065 -0.000  0.000  -3.452  7.387  0.126  0.000  0.000
   6 qls2              5.91  1.0  11.513 20.585  0.065 -0.000  0.000  -4.165  7.728  0.127  0.000  0.000
   6 qls2              5.96  1.0  12.827 19.494  0.066 -0.000  0.000  -4.939  8.135  0.128  0.000  0.000
   7 d6                6.02  0.0  12.259 17.855  0.066 -0.000  0.000  -5.137  8.793  0.129  0.000  0.000
   7 d6                6.09  0.0  11.702 16.282  0.067 -0.000  0.000  -5.341  9.481  0.130  0.000  0.000
   7 d6                6.15  0.0  11.146 14.782  0.068 -0.000  0.000  -5.546 10.196  0.132  0.000  0.000
   7 d6                6.22  0.0  10.590 13.355  0.068 -0.000  0.000  -5.750 10.938  0.133  0.000  0.000
   7 d6                6.28  0.0  10.033 12.000  0.069 -0.000  0.000  -5.955 11.706  0.133  0.000  0.000
   7 d6                6.35  0.0   9.477 10.719  0.070 -0.000  0.000  -6.159 12.502  0.134  0.000  0.000
   7 d6                6.42  0.0   8.921  9.511  0.071 -0.000  0.000  -6.364 13.324  0.135  0.000  0.000
   7 d6                6.48  0.0   8.365  8.376  0.072 -0.000  0.000  -6.568 14.173  0.136  0.000  0.000
   7 d6                6.55  0.0   7.808  7.315  0.074 -0.000  0.000  -6.773 15.049  0.137  0.000  0.000
   7 d6                6.61  0.0   7.252  6.326  0.075 -0.000  0.000  -6.977 15.952  0.137  0.000  0.000
   8 ls3               6.61 -1.5   7.252  6.326  0.075 -0.000  0.000  -6.977 15.952  0.137  0.000  0.000
   9 qls3              6.64 -1.0   6.633  5.944  0.076 -0.000  0.000  -6.003 16.309  0.138  0.000  0.000
   9 qls3              6.67 -1.0   6.062  5.595  0.077 -0.000  0.000  -4.986 16.612  0.138  0.000  0.000
   9 qls3              6.70 -1.0   5.534  5.276  0.077 -0.000  0.000  -3.933 16.857  0.138  0.000  0.000
   9 qls3              6.72 -1.0   5.046  4.986  0.078 -0.000  0.000  -2.852 17.044  0.138  0.000  0.000
   9 qls3              6.75 -1.0   4.593  4.721  0.079 -0.000  0.000  -1.751 17.170  0.139  0.000  0.000
   9 qls3              6.78 -1.0   4.174  4.480  0.080 -0.000  0.000  -0.637 17.236  0.139  0.000  0.000
   9 qls3              6.81 -1.0   3.784  4.261  0.081 -0.000  0.000   0.481 17.240  0.139  0.000  0.000
   9 qls3              6.83 -1.0   3.422  4.063  0.082 -0.000  0.000   1.596 17.183  0.139  0.000  0.000
   9 qls3              6.86 -1.0   3.083  3.884  0.083 -0.000  0.000   2.700 17.065  0.140  0.000  0.000
   9 qls3              6.89 -1.0   2.767  3.723  0.084 -0.000  0.000   3.784 16.887  0.140  0.000  0.000
  10 d5                6.91  0.0   2.721  3.614  0.085 -0.000  0.000   3.764 16.736  0.140  0.000  0.000
  10 d5                6.93  0.0   2.675  3.506  0.086 -0.000  0.000   3.746 16.586  0.140  0.000  0.000
  10 d5                6.95  0.0   2.628  3.400  0.087 -0.000  0.000   3.727 16.437  0.140  0.000  0.000
  10 d5                6.97  0.0   2.582  3.295  0.088 -0.000  0.000   3.709 16.288  0.141  0.000  0.000
  10 d5                6.99  0.0   2.535  3.193  0.089 -0.000  0.000   3.691 16.140  0.141  0.000  0.000
  10 d5                7.01  0.0   2.489  3.093  0.090 -0.000  0.000   3.673 15.992  0.141  0.000  0.000
  10 d5                7.03  0.0   2.442  2.994  0.091 -0.000  0.000   3.655 15.846  0.141  0.000  0.000
  10 d5                7.05  0.0   2.396  2.897  0.092 -0.000  0.000   3.637 15.700  0.141  0.000  0.000
  10 d5                7.07  0.0   2.349  2.802  0.093 -0.000  0.000   3.619 15.555  0.142  0.000  0.000
  10 d5                7.09  0.0   2.303  2.709  0.094 -0.000  0.000   3.601 15.411  0.142  0.000  0.000
  11 b                 7.35  0.5   1.690  1.665  0.114  0.001  0.000   3.391 13.570  0.145  0.000  0.000
  11 b                 7.61  0.5   1.083  0.938  0.148  0.005  0.000   3.150 11.856  0.148  0.000  0.000
  11 b                 7.87  0.5   0.476  0.530  0.208  0.012  0.000   2.909 10.269  0.152  0.000  0.000
  11 b                 8.14  0.5  -0.131  0.439  0.300  0.022  0.000   2.667  8.808  0.156  0.000  0.000
  11 b                 8.40  0.5  -0.738  0.667  0.380  0.034  0.000   2.426  7.473  0.161  0.000  0.000
  11 b                 8.66  0.5  -1.345  1.212  0.427  0.049  0.000   2.185  6.265  0.167  0.000  0.000
  11 b                 8.92  0.5  -1.952  2.076  0.454  0.067  0.000   1.943  5.184  0.175  0.000  0.000
  11 b                 9.18  0.5  -2.559  3.257  0.470  0.088  0.000   1.702  4.229  0.184  0.000  0.000
  11 b                 9.45  0.5  -3.165  4.757  0.480  0.111  0.000   1.460  3.400  0.195  0.000  0.000
  11 b                 9.71  0.5  -3.786  6.575  0.488  0.137  0.000   1.225  2.698  0.208  0.000  0.000
  12 d1                9.73  0.0  -3.828  6.730  0.489  0.139  0.105   1.206  2.649  0.210  0.000  0.000
  12 d1                9.75  0.0  -3.876  6.887  0.489  0.141  0.105   1.187  2.600  0.211  0.000  0.000
  12 d1                9.77  0.0  -3.923  7.046  0.490  0.143  0.105   1.168  2.552  0.212  0.000  0.000
  12 d1                9.79  0.0  -3.970  7.207  0.490  0.146  0.105   1.149  2.505  0.213  0.000  0.000
  12 d1                9.81  0.0  -4.018  7.370  0.490  0.148  0.105   1.130  2.459  0.215  0.000  0.000
  12 d1                9.83  0.0  -4.065  7.534  0.491  0.150  0.105   1.111  2.413  0.216  0.000  0.000
  12 d1                9.85  0.0  -4.113  7.701  0.491  0.152  0.105   1.093  2.368  0.217  0.000  0.000
  12 d1                9.87  0.0  -4.160  7.869  0.492  0.154  0.105   1.074  2.324  0.219  0.000  0.000
  12 d1                9.89  0.0  -4.207  8.040  0.492  0.156  0.105   1.055  2.280  0.220  0.000  0.000
  12 d1                9.91  0.0  -4.255  8.212  0.493  0.158  0.105   1.036  2.238  0.222  0.000  0.000
  13 qd                9.94  1.0  -3.631  8.410  0.493  0.161  0.092   0.835  2.191  0.223  0.000  0.000
  13 qd                9.96  1.0  -2.977  8.575  0.493  0.163  0.079   0.641  2.154  0.225  0.000  0.000
  13 qd                9.99  1.0  -2.300  8.707  0.494  0.165  0.065   0.453  2.127  0.227  0.000  0.000
  13 qd               10.01  1.0  -1.603  8.805  0.494  0.166  0.052   0.268  2.109  0.229  0.000  0.000
  13 qd               10.04  1.0  -0.894  8.867  0.495  0.167  0.038   0.085  2.100  0.231  0.000  0.000
  13 qd               10.06  1.0  -0.178  8.894  0.495  0.168  0.025  -0.097  2.100  0.233  0.000  0.000
  13 qd               10.09  1.0   0.540  8.885  0.496  0.169  0.011  -0.280  2.110  0.235  0.000  0.000
  13 qd               10.11  1.0   1.254  8.840  0.496  0.169 -0.002  -0.465  2.128  0.237  0.000  0.000
  13 qd               10.14  1.0   1.957  8.760  0.497  0.169 -0.016  -0.654  2.156  0.238  0.000  0.000
  13 qd               10.16  1.0   2.644  8.644  0.497  0.168 -0.030  -0.849  2.194  0.240  0.000  0.000
  14 d2               10.18  0.0   2.625  8.542  0.497  0.167 -0.030  -0.864  2.227  0.242  0.000  0.000
  14 d2               10.20  0.0   2.606  8.439  0.498  0.167 -0.030  -0.879  2.262  0.243  0.000  0.000
  14 d2               10.22  0.0   2.588  8.337  0.498  0.166 -0.030  -0.894  2.296  0.244  0.000  0.000
  14 d2               10.24  0.0   2.570  8.236  0.499  0.166 -0.030  -0.910  2.332  0.246  0.000  0.000
  14 d2               10.26  0.0   2.552  8.135  0.499  0.165 -0.030  -0.925  2.368  0.247  0.000  0.000
  14 d2               10.28  0.0   2.534  8.035  0.499  0.164 -0.030  -0.940  2.404  0.248  0.000  0.000
  14 d2               10.30  0.0   2.516  7.936  0.500  0.164 -0.030  -0.956  2.442  0.250  0.000  0.000
  14 d2               10.32  0.0   2.498  7.838  0.500  0.163 -0.030  -0.971  2.479  0.251  0.000  0.000
  14 d2               10.34  0.0   2.480  7.740  0.501  0.163 -0.030  -0.987  2.518  0.252  0.000  0.000
  14 d2               10.36  0.0   2.461  7.643  0.501  0.162 -0.030  -1.002  2.557  0.253  0.000  0.000
  15 sm1              10.38  1.5   2.443  7.545  0.501  0.162 -0.030  -1.018  2.597  0.255  0.000  0.000
  15 sm1              10.40  1.5   2.424  7.448  0.502  0.161 -0.030  -1.033  2.638  0.256  0.000  0.000
  15 sm1              10.42  1.5   2.406  7.351  0.502  0.160 -0.030  -1.049  2.680  0.257  0.000  0.000
  15 sm1              10.44  1.5   2.388  7.255  0.503  0.160 -0.030  -1.065  2.722  0.258  0.000  0.000
  15 sm1              10.46  1.5   2.369  7.160  0.503  0.159 -0.030  -1.080  2.765  0.259  0.000  0.000
  15 sm1              10.48  1.5   2.351  7.066  0.504  0.159 -0.030  -1.096  2.809  0.261  0.000  0.000
  15 sm1              10.50  1.5   2.332  6.972  0.504  0.158 -0.030  -1.112  2.853  0.262  0.000  0.000
  15 sm1              10.52  1.5   2.314  6.879  0.504  0.157 -0.030  -1.127  2.898  0.263  0.000  0.000
  15 sm1              10.54  1.5   2.295  6.787  0.505  0.157 -0.030  -1.143  2.943  0.264  0.000  0.000
  15 sm1              10.56  1.5   2.277  6.696  0.505  0.156 -0.030  -1.159  2.989  0.265  0.000  0.000
  16 d3               10.70  0.0   2.148  6.078  0.509  0.152 -0.030  -1.268  3.328  0.272  0.000  0.000
  16 d3               10.84  0.0   2.019  5.496  0.513  0.148 -0.030  -1.378  3.698  0.278  0.000  0.000
  16 d3               10.98  0.0   1.890  4.950  0.517  0.144 -0.030  -1.487  4.098  0.284  0.000  0.000
  16 d3               11.12  0.0   1.761  4.440  0.522  0.140 -0.030  -1.597  4.528  0.289  0.000  0.000
  16 d3               11.26  0.0   1.632  3.966  0.527  0.135 -0.030  -1.706  4.990  0.294  0.000  0.000
  16 d3               11.40  0.0   1.503  3.528  0.533  0.131 -0.030  -1.816  5.482  0.298  0.000  0.000
  16 d3               11.54  0.0   1.374  3.127  0.540  0.127 -0.030  -1.925  6.004  0.302  0.000  0.000
  16 d3               11.68  0.0   1.245  2.761  0.547  0.123 -0.030  -2.035  6.557  0.306  0.000  0.000
  16 d3               11.82  0.0   1.116  2.431  0.556  0.119 -0.030  -2.144  7.141  0.309  0.000  0.000
  16 d3               11.95  0.0   0.987  2.137  0.566  0.115 -0.030  -2.253  7.755  0.312  0.000  0.000
  17 sm3              11.95  0.0   0.987  2.137  0.566  0.115 -0.030  -2.253  7.755  0.312  0.000  0.000
  18 qf               11.98 -1.0   0.905  2.084  0.568  0.114 -0.027  -2.066  7.877  0.312  0.000  0.000
  18 qf               12.01 -1.0   0.827  2.035  0.570  0.113 -0.024  -1.873  7.989  0.313  0.000  0.000
  18 qf               12.04 -1.0   0.750  1.990  0.572  0.113 -0.021  -1.674  8.089  0.314  0.000  0.000
  18 qf               12.07 -1.0   0.676  1.950  0.574  0.112 -0.018  -1.470  8.178  0.314  0.000  0.000
  18 qf               12.10 -1.0   0.604  1.914  0.577  0.112 -0.015  -1.261  8.255  0.315  0.000  0.000
  18 qf               12.12 -1.0   0.534  1.881  0.579  0.111 -0.012  -1.049  8.321  0.315  0.000  0.000
  18 qf               12.15 -1.0   0.466  1.853  0.582  0.111 -0.009  -0.833  8.374  0.316  0.000  0.000
  18 qf               12.18 -1.0   0.398  1.829  0.584  0.111 -0.006  -0.616  8.415  0.316  0.000  0.000
  18 qf               12.21 -1.0   0.332  1.808  0.586  0.111 -0.003  -0.396  8.444  0.317  0.000  0.000
  18 qf               12.24 -1.0   0.267  1.791  0.589  0.110  0.000  -0.175  8.460  0.317  0.000  0.000
  19 d4               12.26  0.0   0.255  1.780  0.591  0.110  0.000  -0.177  8.467  0.318  0.000  0.000
  19 d4               12.28  0.0   0.242  1.769  0.593  0.110  0.000  -0.180  8.475  0.318  0.000  0.000
  19 d4               12.30  0.0   0.229  1.759  0.595  0.110  0.000  -0.183  8.483  0.319  0.000  0.000
  19 d4               12.32  0.0   0.216  1.749  0.597  0.110  0.000  -0.185  8.491  0.319  0.000  0.000
  19 d4               12.35  0.0   0.203  1.740  0.599  0.110  0.000  -0.188  8.499  0.319  0.000  0.000
  19 d4               12.37  0.0   0.190  1.732  0.601  0.110  0.000  -0.191  8.507  0.320  0.000  0.000
  19 d4               12.39  0.0   0.177  1.724  0.603  0.110  0.000  -0.193  8.515  0.320  0.000  0.000
  19 d4               12.41  0.0   0.164  1.717  0.605  0.110  0.000  -0.196  8.524  0.321  0.000  0.000
  19 d4               12.43  0.0   0.152  1.710  0.607  0.110  0.000  -0.198  8.532  0.321  0.000  0.000
  19 d4               12.45  0.0   0.139  1.704  0.609  0.110  0.000  -0.201  8.541  0.321  0.000  0.000
  20 sm2h             12.47 -1.5   0.131  1.700  0.610  0.110  0.000  -0.203  8.546  0.322  0.000  0.000
  20 sm2h             12.48 -1.5   0.124  1.697  0.611  0.110  0.000  -0.204  8.551  0.322  0.000  0.000
  20 sm2h             12.49 -1.5   0.116  1.694  0.612  0.110  0.000  -0.206  8.556  0.322  0.000  0.000
  20 sm2h             12.50 -1.5   0.109  1.691  0.613  0.110  0.000  -0.207  8.561  0.322  0.000  0.000
  20 sm2h             12.52 -1.5   0.101  1.689  0.615  0.110  0.000  -0.209  8.566  0.323  0.000  0.000
  20 sm2h             12.53 -1.5   0.094  1.686  0.616  0.110  0.000  -0.210  8.572  0.323  0.000  0.000
  20 sm2h             12.54 -1.5   0.086  1.684  0.617  0.110  0.000  -0.212  8.577  0.323  0.000  0.000
  20 sm2h             12.55 -1.5   0.079  1.682  0.618  0.110  0.000  -0.213  8.582  0.323  0.000  0.000
  20 sm2h             12.57 -1.5   0.071  1.680  0.619  0.110  0.000  -0.215  8.588  0.323  0.000  0.000
  20 sm2h             12.58 -1.5   0.064  1.678  0.620  0.110  0.000  -0.216  8.593  0.324  0.000  0.000
  21 css              12.58  0.0   0.064  1.678  0.620  0.110  0.000  -0.216  8.593  0.324  0.000  0.000
  22 sm2h             12.59 -1.5   0.056  1.677  0.622  0.110  0.000  -0.218  8.598  0.324  0.000  0.000
  22 sm2h             12.60 -1.5   0.049  1.675  0.623  0.110  0.000  -0.219  8.604  0.324  0.000  0.000
  22 sm2h             12.62 -1.5   0.041  1.674  0.624  0.110  0.000  -0.221  8.609  0.324  0.000  0.000
  22 sm2h             12.63 -1.5   0.034  1.673  0.625  0.110  0.000  -0.222  8.615  0.325  0.000  0.000
  22 sm2h             12.64 -1.5   0.027  1.673  0.626  0.110  0.000  -0.224  8.620  0.325  0.000  0.000
  22 sm2h             12.65 -1.5   0.019  1.672  0.628  0.110  0.000  -0.225  8.626  0.325  0.000  0.000
  22 sm2h             12.67 -1.5   0.012  1.672  0.629  0.110  0.000  -0.227  8.632  0.325  0.000  0.000
  22 sm2h             12.68 -1.5   0.004  1.671  0.630  0.110  0.000  -0.228  8.637  0.326  0.000  0.000
  22 sm2h             12.69 -1.5  -0.003  1.671  0.631  0.110  0.000  -0.230  8.643  0.326  0.000  0.000
  22 sm2h             12.70 -1.5  -0.011  1.672  0.632  0.110  0.000  -0.231  8.649  0.326  0.000  0.000
  23 d4               12.72  0.0  -0.024  1.672  0.634  0.110  0.000  -0.234  8.659  0.326  0.000  0.000
  23 d4               12.75  0.0  -0.037  1.674  0.636  0.110  0.000  -0.237  8.669  0.327  0.000  0.000
  23 d4               12.77  0.0  -0.050  1.676  0.638  0.110  0.000  -0.239  8.679  0.327  0.000  0.000
  23 d4               12.79  0.0  -0.062  1.678  0.641  0.110  0.000  -0.242  8.690  0.328  0.000  0.000
  23 d4               12.81  0.0  -0.075  1.681  0.643  0.110  0.000  -0.245  8.700  0.328  0.000  0.000
  23 d4               12.83  0.0  -0.088  1.684  0.645  0.110  0.000  -0.247  8.711  0.328  0.000  0.000
  23 d4               12.85  0.0  -0.101  1.688  0.647  0.110  0.000  -0.250  8.721  0.329  0.000  0.000
  23 d4               12.88  0.0  -0.114  1.693  0.649  0.110  0.000  -0.252  8.732  0.329  0.000  0.000
  23 d4               12.90  0.0  -0.127  1.698  0.651  0.110  0.000  -0.255  8.743  0.330  0.000  0.000
  23 d4               12.92  0.0  -0.140  1.704  0.653  0.110  0.000  -0.258  8.754  0.330  0.000  0.000
  24 qf               12.95 -1.0  -0.202  1.714  0.655  0.111  0.003  -0.028  8.762  0.330  0.000  0.000
  24 qf               12.98 -1.0  -0.265  1.727  0.658  0.111  0.006   0.201  8.757  0.331  0.000  0.000
  24 qf               13.00 -1.0  -0.329  1.744  0.661  0.111  0.009   0.430  8.740  0.331  0.000  0.000
  24 qf               13.03 -1.0  -0.394  1.764  0.663  0.111  0.012   0.658  8.709  0.332  0.000  0.000
  24 qf               13.06 -1.0  -0.460  1.788  0.666  0.112  0.015   0.884  8.665  0.333  0.000  0.000
  24 qf               13.09 -1.0  -0.527  1.816  0.668  0.112  0.018   1.107  8.609  0.333  0.000  0.000
  24 qf               13.12 -1.0  -0.596  1.848  0.671  0.113  0.021   1.326  8.540  0.334  0.000  0.000
  24 qf               13.14 -1.0  -0.667  1.884  0.673  0.113  0.024   1.542  8.459  0.334  0.000  0.000
  24 qf               13.17 -1.0  -0.740  1.924  0.675  0.114  0.027   1.753  8.365  0.335  0.000  0.000
  24 qf               13.20 -1.0  -0.815  1.968  0.678  0.115  0.030   1.959  8.260  0.335  0.000  0.000
  25 sm3              13.20  0.0  -0.815  1.968  0.678  0.115  0.030   1.959  8.260  0.335  0.000  0.000
  26 d3               13.34  0.0  -0.933  2.212  0.688  0.119  0.030   1.877  7.725  0.338  0.000  0.000
  26 d3               13.48  0.0  -1.051  2.489  0.698  0.123  0.030   1.795  7.212  0.341  0.000  0.000
  26 d3               13.62  0.0  -1.169  2.799  0.706  0.127  0.030   1.713  6.722  0.344  0.000  0.000
  26 d3               13.76  0.0  -1.288  3.142  0.714  0.131  0.030   1.632  6.255  0.348  0.000  0.000
  26 d3               13.90  0.0  -1.406  3.518  0.720  0.135  0.030   1.550  5.810  0.351  0.000  0.000
  26 d3               14.04  0.0  -1.524  3.928  0.726  0.140  0.030   1.468  5.389  0.355  0.000  0.000
  26 d3               14.18  0.0  -1.642  4.370  0.732  0.144  0.030   1.386  4.990  0.359  0.000  0.000
  26 d3               14.32  0.0  -1.760  4.845  0.737  0.148  0.030   1.304  4.614  0.364  0.000  0.000
  26 d3               14.46  0.0  -1.878  5.353  0.741  0.152  0.030   1.223  4.261  0.369  0.000  0.000
  26 d3               14.60  0.0  -1.996  5.894  0.745  0.156  0.030   1.141  3.931  0.375  0.000  0.000
  27 sm1              14.62  1.5  -2.013  5.974  0.745  0.157  0.030   1.129  3.886  0.375  0.000  0.000
  27 sm1              14.64  1.5  -2.030  6.055  0.746  0.157  0.030   1.118  3.841  0.376  0.000  0.000
  27 sm1              14.66  1.5  -2.047  6.137  0.747  0.158  0.030   1.106  3.796  0.377  0.000  0.000
  27 sm1              14.68  1.5  -2.064  6.219  0.747  0.159  0.030   1.094  3.752  0.378  0.000  0.000
  27 sm1              14.70  1.5  -2.081  6.302  0.748  0.159  0.030   1.082  3.709  0.379  0.000  0.000
  27 sm1              14.72  1.5  -2.098  6.386  0.748  0.160  0.030   1.071  3.666  0.380  0.000  0.000
  27 sm1              14.74  1.5  -2.115  6.470  0.749  0.160  0.030   1.059  3.623  0.380  0.000  0.000
  27 sm1              14.76  1.5  -2.132  6.555  0.749  0.161  0.030   1.047  3.581  0.381  0.000  0.000
  27 sm1              14.78  1.5  -2.149  6.640  0.750  0.162  0.030   1.036  3.539  0.382  0.000  0.000
  27 sm1              14.80  1.5  -2.166  6.727  0.750  0.162  0.030   1.024  3.498  0.383  0.000  0.000
  28 d2               14.82  0.0  -2.182  6.812  0.750  0.163  0.030   1.012  3.458  0.384  0.000  0.000
  28 d2               14.84  0.0  -2.199  6.898  0.751  0.163  0.030   1.001  3.419  0.385  0.000  0.000
  28 d2               14.86  0.0  -2.215  6.985  0.751  0.164  0.030   0.989  3.380  0.386  0.000  0.000
  28 d2               14.88  0.0  -2.232  7.072  0.752  0.164  0.030   0.978  3.341  0.387  0.000  0.000
  28 d2               14.90  0.0  -2.249  7.160  0.752  0.165  0.030   0.966  3.303  0.388  0.000  0.000
  28 d2               14.92  0.0  -2.265  7.248  0.753  0.166  0.030   0.955  3.265  0.389  0.000  0.000
  28 d2               14.94  0.0  -2.282  7.338  0.753  0.166  0.030   0.943  3.228  0.390  0.000  0.000
  28 d2               14.96  0.0  -2.298  7.427  0.754  0.167  0.030   0.932  3.191  0.391  0.000  0.000
  28 d2               14.97  0.0  -2.315  7.518  0.754  0.167  0.030   0.920  3.155  0.392  0.000  0.000
  28 d2               14.99  0.0  -2.331  7.609  0.754  0.168  0.030   0.909  3.119  0.393  0.000  0.000
  29 qd               15.02  1.0  -1.727  7.711  0.755  0.169  0.016   0.645  3.080  0.394  0.000  0.000
  29 qd               15.04  1.0  -1.109  7.782  0.755  0.169  0.002   0.386  3.054  0.395  0.000  0.000
  29 qd               15.07  1.0  -0.481  7.821  0.756  0.169 -0.011   0.130  3.041  0.397  0.000  0.000
  29 qd               15.09  1.0   0.150  7.830  0.756  0.168 -0.025  -0.125  3.041  0.398  0.000  0.000
  29 qd               15.12  1.0   0.780  7.806  0.757  0.167 -0.039  -0.380  3.054  0.399  0.000  0.000
  29 qd               15.14  1.0   1.404  7.752  0.757  0.166 -0.052  -0.639  3.079  0.400  0.000  0.000
  29 qd               15.17  1.0   2.016  7.666  0.758  0.165 -0.065  -0.903  3.118  0.402  0.000  0.000
  29 qd               15.19  1.0   2.612  7.550  0.758  0.163 -0.079  -1.175  3.170  0.403  0.000  0.000
  29 qd               15.22  1.0   3.187  7.405  0.759  0.161 -0.092  -1.456  3.236  0.404  0.000  0.000
  29 qd               15.24  1.0   3.736  7.232  0.760  0.158 -0.105  -1.748  3.316  0.405  0.000  0.000
  30 d1               15.26  0.0   3.692  7.081  0.760  0.156 -0.105  -1.773  3.387  0.406  0.000  0.000
  30 d1               15.29  0.0   3.650  6.932  0.760  0.154 -0.105  -1.797  3.460  0.407  0.000  0.000
  30 d1               15.31  0.0   3.608  6.784  0.761  0.152 -0.105  -1.822  3.534  0.408  0.000  0.000
  30 d1               15.33  0.0   3.566  6.638  0.761  0.150 -0.105  -1.847  3.608  0.409  0.000  0.000
  30 d1               15.35  0.0   3.524  6.493  0.762  0.148 -0.105  -1.872  3.684  0.410  0.000  0.000
  30 d1               15.37  0.0   3.482  6.350  0.762  0.146 -0.105  -1.897  3.761  0.411  0.000  0.000
  30 d1               15.39  0.0   3.440  6.209  0.763  0.143 -0.105  -1.922  3.839  0.412  0.000  0.000
  30 d1               15.41  0.0   3.398  6.070  0.763  0.141 -0.105  -1.947  3.918  0.413  0.000  0.000
  30 d1               15.43  0.0   3.355  5.932  0.764  0.139 -0.105  -1.972  3.998  0.413  0.000  0.000
  30 d1               15.45  0.0   3.313  5.797  0.765  0.137 -0.105  -1.997  4.078  0.414  0.000  0.000
  31 b                15.71  0.5   2.763  4.208  0.773  0.111 -0.105  -2.306  5.204  0.423  0.000  0.000
  31 b                15.97  0.5   2.226  2.900  0.785  0.088 -0.105  -2.625  6.495  0.430  0.000  0.000
  31 b                16.23  0.5   1.688  1.875  0.803  0.067 -0.105  -2.943  7.954  0.436  0.000  0.000
  31 b                16.50  0.5   1.150  1.132  0.832  0.049 -0.105  -3.261  9.580  0.441  0.000  0.000
  31 b                16.76  0.5   0.612  0.670  0.880  0.034 -0.105  -3.579 11.372  0.445  0.000  0.000
  31 b                17.02  0.5   0.075  0.490  0.956  0.022 -0.105  -3.897 13.330  0.448  0.000  0.000
  31 b                17.28  0.5  -0.463  0.592  1.037  0.013 -0.105  -4.215 15.456  0.451  0.000  0.000
  31 b                17.54  0.5  -1.001  0.975  1.093  0.006 -0.105  -4.534 17.748  0.454  0.000  0.000
  31 b                17.81  0.5  -1.539  1.641  1.126  0.002 -0.105  -4.852 20.207  0.456  0.000  0.000
  31 b                18.07  0.5  -2.082  2.588  1.146  0.000 -0.105  -5.122 22.833  0.458  0.000  0.000
  32 d5               18.09  0.0  -2.132  2.684  1.148 -0.000 -0.000  -5.146 23.038  0.458  0.000  0.000
  32 d5               18.11  0.0  -2.174  2.770  1.149 -0.000 -0.000  -5.170 23.245  0.458  0.000  0.000
  32 d5               18.13  0.0  -2.215  2.858  1.150 -0.000 -0.000  -5.194 23.452  0.458  0.000  0.000
  32 d5               18.15  0.0  -2.256  2.947  1.152 -0.000 -0.000  -5.218 23.660  0.459  0.000  0.000
  32 d5               18.17  0.0  -2.298  3.038  1.153 -0.000 -0.000  -5.242 23.870  0.459  0.000  0.000
  32 d5               18.19  0.0  -2.339  3.131  1.154 -0.000 -0.000  -5.265 24.080  0.459  0.000  0.000
  32 d5               18.21  0.0  -2.380  3.226  1.155 -0.000 -0.000  -5.289 24.291  0.459  0.000  0.000
  32 d5               18.23  0.0  -2.422  3.322  1.156 -0.000 -0.000  -5.313 24.503  0.459  0.000  0.000
  32 d5               18.25  0.0  -2.463  3.419  1.157 -0.000 -0.000  -5.337 24.716  0.459  0.000  0.000
  32 d5               18.27  0.0  -2.504  3.519  1.157 -0.000 -0.000  -5.361 24.930  0.459  0.000  0.000
  33 qss3             18.30 -1.0  -2.812  3.665  1.159 -0.000 -0.000  -3.665 25.178  0.460  0.000  0.000
  33 qss3             18.32 -1.0  -3.142  3.828  1.160 -0.000 -0.000  -1.942 25.333  0.460  0.000  0.000
  33 qss3             18.35 -1.0  -3.495  4.011  1.161 -0.000 -0.000  -0.204 25.392  0.460  0.000  0.000
  33 qss3             18.38 -1.0  -3.874  4.213  1.162 -0.000 -0.000   1.535 25.355  0.460  0.000  0.000
  33 qss3             18.41 -1.0  -4.283  4.437  1.163 -0.000 -0.000   3.263 25.223  0.460  0.000  0.000
  33 qss3             18.43 -1.0  -4.724  4.685  1.164 -0.000 -0.000   4.966 24.997  0.460  0.000  0.000
  33 qss3             18.46 -1.0  -5.200  4.958  1.165 -0.000 -0.000   6.632 24.677  0.461  0.000  0.000
  33 qss3             18.49 -1.0  -5.716  5.258  1.166 -0.000 -0.000   8.247 24.268  0.461  0.000  0.000
  33 qss3             18.52 -1.0  -6.275  5.587  1.167 -0.000 -0.000   9.801 23.771  0.461  0.000  0.000
  33 qss3             18.54 -1.0  -6.882  5.949  1.167 -0.000 -0.000  11.281 23.191  0.461  0.000  0.000
  34 ss3              18.54 -1.5  -6.881  5.948  1.167 -0.000 -0.000  11.277 23.192  0.461  0.000  0.000
  35 d6               18.61  0.0  -7.414  6.887  1.169 -0.000 -0.000  10.914 21.735  0.462  0.000  0.000
  35 d6               18.67  0.0  -7.948  7.896  1.170 -0.000 -0.000  10.551 20.326  0.462  0.000  0.000
  35 d6               18.74  0.0  -8.481  8.974  1.172 -0.000 -0.000  10.188 18.964  0.463  0.000  0.000
  35 d6               18.81  0.0  -9.015 10.123  1.173 -0.000 -0.000   9.826 17.650  0.463  0.000  0.000
  35 d6               18.87  0.0  -9.548 11.342  1.174 -0.000 -0.000   9.463 16.384  0.464  0.000  0.000
  35 d6               18.94  0.0 -10.082 12.631  1.175 -0.000 -0.000   9.100 15.165  0.464  0.000  0.000
  35 d6               19.00  0.0 -10.616 13.990  1.175 -0.000 -0.000   8.737 13.994  0.465  0.000  0.000
  35 d6               19.07  0.0 -11.149 15.419  1.176 -0.000 -0.000   8.374 12.870  0.466  0.000  0.000
  35 d6               19.13  0.0 -11.683 16.918  1.177 -0.000 -0.000   8.011 11.794  0.467  0.000  0.000
  35 d6               19.20  0.0 -12.216 18.487  1.177 -0.000 -0.000   7.648 10.766  0.468  0.000  0.000
  36 qss2             19.24  1.0 -10.737 19.517  1.178 -0.000 -0.000   6.446 10.136  0.468  0.000  0.000
  36 qss2             19.29  1.0  -9.075 20.406  1.178 -0.000 -0.000   5.353  9.608  0.469  0.000  0.000
  36 qss2             19.33  1.0  -7.261 21.139  1.178 -0.000 -0.000   4.350  9.174  0.470  0.000  0.000
  36 qss2             19.38  1.0  -5.324 21.703  1.179 -0.000 -0.000   3.421  8.826  0.471  0.000  0.000
  36 qss2             19.42  1.0  -3.297 22.090  1.179 -0.000 -0.000   2.550  8.559  0.472  0.000  0.000
  36 qss2             19.47  1.0  -1.214 22.292  1.179 -0.000 -0.000   1.722  8.368  0.472  0.000  0.000
  36 qss2             19.51  1.0   0.889 22.307  1.180 -0.000 -0.000   0.924  8.249  0.473  0.000  0.000
  36 qss2             19.56  1.0   2.978 22.133  1.180 -0.000  0.000   0.141  8.202  0.474  0.000  0.000
  36 qss2             19.60  1.0   5.015 21.775  1.180 -0.000  0.000  -0.640  8.224  0.475  0.000  0.000
  36 qss2             19.65  1.0   6.969 21.237  1.181 -0.000  0.000  -1.431  8.317  0.476  0.000  0.000
  37 ss2              19.65 -1.5   6.947 21.247  1.181 -0.000  0.000  -1.422  8.313  0.476  0.000  0.000
  38 d7               19.74  0.0   6.735 19.995  1.181 -0.000  0.000  -1.455  8.576  0.478  0.000  0.000
  38 d7               19.83  0.0   6.523 18.782  1.182 -0.000  0.000  -1.488  8.846  0.479  0.000  0.000
  38 d7               19.92  0.0   6.311 17.607  1.183 -0.000  0.000  -1.521  9.121  0.481  0.000  0.000
  38 d7               20.01  0.0   6.098 16.472  1.184 -0.000  0.000  -1.555  9.403  0.482  0.000  0.000
  38 d7               20.11  0.0   5.886 15.375  1.185 -0.000  0.000  -1.588  9.690  0.484  0.000  0.000
  38 d7               20.20  0.0   5.674 14.317  1.186 -0.000  0.000  -1.621  9.984  0.485  0.000  0.000
  38 d7               20.29  0.0   5.462 13.298  1.187 -0.000  0.000  -1.654 10.284  0.487  0.000  0.000
  38 d7               20.38  0.0   5.250 12.318  1.188 -0.000  0.000  -1.688 10.589  0.488  0.000  0.000
  38 d7               20.47  0.0   5.038 11.376  1.189 -0.000  0.000  -1.721 10.901  0.490  0.000  0.000
  38 d7               20.56  0.0   4.825 10.474  1.190 -0.000  0.000  -1.754 11.219  0.491  0.000  0.000
  39 qss1             20.59 -1.0   4.410 10.220  1.191 -0.000  0.000  -1.375 11.305  0.491  0.000  0.000
  39 qss1             20.62 -1.0   4.011  9.989  1.191 -0.000  0.000  -0.990 11.370  0.492  0.000  0.000
  39 qss1             20.65 -1.0   3.627  9.779  1.192 -0.000  0.000  -0.601 11.414  0.492  0.000  0.000
  39 qss1             20.67 -1.0   3.257  9.589  1.192 -0.000  0.000  -0.211 11.436  0.492  0.000  0.000
  39 qss1             20.70 -1.0   2.900  9.420  1.193 -0.000  0.000   0.181 11.437  0.493  0.000  0.000
  39 qss1             20.73 -1.0   2.553  9.270  1.193 -0.000  0.000   0.572 11.417  0.493  0.000  0.000
  39 qss1             20.76 -1.0   2.216  9.139  1.194 -0.000  0.000   0.961 11.374  0.494  0.000  0.000
  39 qss1             20.78 -1.0   1.887  9.026  1.194 -0.000  0.000   1.346 11.311  0.494  0.000  0.000
  39 qss1             20.81 -1.0   1.566  8.931  1.195 -0.000  0.000   1.726 11.227  0.494  0.000  0.000
  39 qss1             20.84 -1.0   1.250  8.854  1.195 -0.000  0.000   2.099 11.121  0.495  0.000  0.000
  40 ss1              20.84  1.5   1.251  8.854  1.195 -0.000  0.000   2.099 11.121  0.495  0.000  0.000
  41 d8               21.27  0.0   1.125  7.828  1.203 -0.000  0.000   1.889  9.399  0.501  0.000  0.000
  41 d8               21.70  0.0   1.000  6.910  1.213 -0.000  0.000   1.679  7.858  0.509  0.000  0.000
  41 d8               22.13  0.0   0.875  6.100  1.223 -0.000  0.000   1.469  6.499  0.519  0.000  0.000
  41 d8               22.57  0.0   0.750  5.398  1.235 -0.000  0.000   1.259  5.321  0.531  0.000  0.000
  41 d8               23.00  0.0   0.625  4.803  1.249 -0.000  0.000   1.049  4.324  0.545  0.000  0.000
  41 d8               23.43  0.0   0.500  4.317  1.264 -0.000  0.000   0.840  3.508  0.563  0.000  0.000
  41 d8               23.86  0.0   0.375  3.939  1.281 -0.000  0.000   0.630  2.873  0.585  0.000  0.000
  41 d8               24.29  0.0   0.250  3.669  1.299 -0.000  0.000   0.420  2.420  0.611  0.000  0.000
  41 d8               24.72  0.0   0.125  3.507  1.318 -0.000  0.000   0.210  2.148  0.641  0.000  0.000
  41 d8               25.16  0.0  -0.000  3.453  1.338 -0.000  0.000   0.000  2.058  0.674  0.000  0.000
  42 d8               25.59  0.0  -0.125  3.507  1.357 -0.000  0.000  -0.210  2.148  0.707  0.000  0.000
  42 d8               26.02  0.0  -0.250  3.669  1.377 -0.000  0.000  -0.420  2.420  0.737  0.000  0.000
  42 d8               26.45  0.0  -0.375  3.939  1.395 -0.000  0.000  -0.630  2.873  0.763  0.000  0.000
  42 d8               26.88  0.0  -0.500  4.317  1.411 -0.000  0.000  -0.840  3.508  0.785  0.000  0.000
  42 d8               27.32  0.0  -0.625  4.803  1.427 -0.000  0.000  -1.049  4.324  0.803  0.000  0.000
  42 d8               27.75  0.0  -0.750  5.398  1.440 -0.000  0.000  -1.259  5.321  0.817  0.000  0.000
  42 d8               28.18  0.0  -0.875  6.100  1.452 -0.000  0.000  -1.469  6.499  0.829  0.000  0.000
  42 d8               28.61  0.0  -1.000  6.910  1.463 -0.000  0.000  -1.679  7.858  0.839  0.000  0.000
  42 d8               29.04  0.0  -1.125  7.828  1.472 -0.000  0.000  -1.889  9.399  0.847  0.000  0.000
  42 d8               29.48  0.0  -1.251  8.854  1.480 -0.000  0.000  -2.099 11.121  0.853  0.000  0.000
  43 ss1              29.48  1.5  -1.251  8.854  1.480 -0.000  0.000  -2.099 11.121  0.853  0.000  0.000
  44 qss1             29.50 -1.0  -1.566  8.931  1.481 -0.000 -0.000  -1.725 11.227  0.854  0.000  0.000
  44 qss1             29.53 -1.0  -1.887  9.026  1.481 -0.000 -0.000  -1.345 11.311  0.854  0.000  0.000
  44 qss1             29.56 -1.0  -2.216  9.139  1.482 -0.000 -0.000  -0.960 11.374  0.854  0.000  0.000
  44 qss1             29.59 -1.0  -2.553  9.270  1.482 -0.000 -0.000  -0.572 11.417  0.855  0.000  0.000
  44 qss1             29.61 -1.0  -2.900  9.420  1.483 -0.000 -0.000  -0.181 11.437  0.855  0.000  0.000
  44 qss1             29.64 -1.0  -3.257  9.589  1.483 -0.000 -0.000   0.211 11.436  0.856  0.000  0.000
  44 qss1             29.67 -1.0  -3.627  9.779  1.484 -0.000 -0.000   0.602 11.414  0.856  0.000  0.000
  44 qss1             29.70 -1.0  -4.011  9.989  1.484 -0.000 -0.000   0.990 11.370  0.856  0.000  0.000
  44 qss1             29.72 -1.0  -4.410 10.220  1.485 -0.000 -0.000   1.375 11.305  0.857  0.000  0.000
  44 qss1             29.75 -1.0  -4.826 10.474  1.485 -0.000 -0.000   1.754 11.219  0.857  0.000  0.000
  45 d7               29.84  0.0  -5.038 11.376  1.486 -0.000 -0.000   1.721 10.901  0.858  0.000  0.000
  45 d7               29.93  0.0  -5.250 12.318  1.487 -0.000 -0.000   1.688 10.589  0.860  0.000  0.000
  45 d7               30.02  0.0  -5.462 13.298  1.489 -0.000 -0.000   1.654 10.284  0.861  0.000  0.000
  45 d7               30.12  0.0  -5.674 14.317  1.490 -0.000 -0.000   1.621  9.984  0.863  0.000  0.000
  45 d7               30.21  0.0  -5.886 15.375  1.491 -0.000 -0.000   1.588  9.690  0.864  0.000  0.000
  45 d7               30.30  0.0  -6.098 16.472  1.492 -0.000 -0.000   1.555  9.403  0.866  0.000  0.000
  45 d7               30.39  0.0  -6.311 17.607  1.492 -0.000 -0.000   1.521  9.121  0.867  0.000  0.000
  45 d7               30.48  0.0  -6.523 18.782  1.493 -0.000 -0.000   1.488  8.846  0.869  0.000  0.000
  45 d7               30.57  0.0  -6.735 19.995  1.494 -0.000 -0.000   1.455  8.576  0.870  0.000  0.000
  45 d7               30.67  0.0  -6.947 21.247  1.495 -0.000 -0.000   1.422  8.313  0.872  0.000  0.000
  46 ss2              30.67 -1.5  -6.947 21.247  1.495 -0.000 -0.000   1.422  8.313  0.872  0.000  0.000
  47 qss2             30.71  1.0  -4.993 21.783  1.495 -0.000 -0.000   0.631  8.221  0.873  0.000  0.000
  47 qss2             30.75  1.0  -2.954 22.139  1.495 -0.000 -0.000  -0.150  8.200  0.874  0.000  0.000
  47 qss2             30.80  1.0  -0.865 22.310  1.496 -0.000  0.000  -0.933  8.248  0.875  0.000  0.000
  47 qss2             30.84  1.0   1.239 22.294  1.496 -0.000  0.000  -1.732  8.368  0.876  0.000  0.000
  47 qss2             30.89  1.0   3.321 22.089  1.496 -0.000  0.000  -2.560  8.560  0.876  0.000  0.000
  47 qss2             30.93  1.0   5.347 21.700  1.497 -0.000  0.000  -3.431  8.828  0.877  0.000  0.000
  47 qss2             30.98  1.0   7.284 21.134  1.497 -0.000  0.000  -4.360  9.176  0.878  0.000  0.000
  47 qss2             31.02  1.0   9.097 20.399  1.497 -0.000  0.000  -5.364  9.611  0.879  0.000  0.000
  47 qss2             31.07  1.0  10.756 19.508  1.498 -0.000  0.000  -6.458 10.140  0.880  0.000  0.000
  47 qss2             31.11  1.0  12.234 18.477  1.498 -0.000  0.000  -7.662 10.772  0.880  0.000  0.000
  48 d6               31.18  0.0  11.683 16.918  1.499 -0.000  0.000  -8.011 11.794  0.881  0.000  0.000
  48 d6               31.24  0.0  11.149 15.419  1.499 -0.000  0.000  -8.374 12.870  0.882  0.000  0.000
  48 d6               31.31  0.0  10.616 13.990  1.500 -0.000  0.000  -8.737 13.994  0.883  0.000  0.000
  48 d6               31.38  0.0  10.082 12.631  1.501 -0.000  0.000  -9.100 15.165  0.884  0.000  0.000
  48 d6               31.44  0.0   9.548 11.342  1.502 -0.000  0.000  -9.463 16.384  0.884  0.000  0.000
  48 d6               31.51  0.0   9.015 10.123  1.503 -0.000  0.000  -9.826 17.650  0.885  0.000  0.000
  48 d6               31.57  0.0   8.481  8.974  1.504 -0.000  0.000 -10.188 18.964  0.885  0.000  0.000
  48 d6               31.64  0.0   7.948  7.896  1.505 -0.000  0.000 -10.551 20.326  0.886  0.000  0.000
  48 d6               31.70  0.0   7.414  6.887  1.506 -0.000  0.000 -10.914 21.735  0.886  0.000  0.000
  48 d6               31.77  0.0   6.881  5.948  1.508 -0.000  0.000 -11.277 23.192  0.887  0.000  0.000
  49 ss3              31.77 -1.5   6.881  5.948  1.508 -0.000  0.000 -11.277 23.192  0.887  0.000  0.000
  50 qss3             31.80 -1.0   6.274  5.587  1.509 -0.000  0.000  -9.797 23.772  0.887  0.000  0.000
  50 qss3             31.82 -1.0   5.715  5.257  1.510 -0.000  0.000  -8.244 24.269  0.887  0.000  0.000
  50 qss3             31.85 -1.0   5.199  4.957  1.510 -0.000  0.000  -6.628 24.678  0.887  0.000  0.000
  50 qss3             31.88 -1.0   4.723  4.685  1.511 -0.000  0.000  -4.962 24.997  0.888  0.000  0.000
  50 qss3             31.91 -1.0   4.282  4.437  1.512 -0.000  0.000  -3.259 25.223  0.888  0.000  0.000
  50 qss3             31.93 -1.0   3.873  4.213  1.513 -0.000  0.000  -1.531 25.355  0.888  0.000  0.000
  50 qss3             31.96 -1.0   3.494  4.011  1.514 -0.000  0.000   0.208 25.391  0.888  0.000  0.000
  50 qss3             31.99 -1.0   3.141  3.828  1.516 -0.000  0.000   1.946 25.332  0.888  0.000  0.000
  50 qss3             32.02 -1.0   2.812  3.665  1.517 -0.000  0.000   3.669 25.177  0.888  0.000  0.000
  50 qss3             32.04 -1.0   2.504  3.519  1.518 -0.000  0.000   5.365 24.929  0.889  0.000  0.000
  51 d5               32.06  0.0   2.463  3.419  1.519 -0.000  0.000   5.337 24.716  0.889  0.000  0.000
  51 d5               32.08  0.0   2.422  3.322  1.520 -0.000  0.000   5.313 24.503  0.889  0.000  0.000
  51 d5               32.10  0.0   2.380  3.226  1.521 -0.000  0.000   5.289 24.291  0.889  0.000  0.000
  51 d5               32.12  0.0   2.339  3.131  1.522 -0.000  0.000   5.265 24.080  0.889  0.000  0.000
  51 d5               32.14  0.0   2.298  3.038  1.523 -0.000  0.000   5.242 23.870  0.889  0.000  0.000
  51 d5               32.16  0.0   2.256  2.947  1.524 -0.000  0.000   5.218 23.660  0.889  0.000  0.000
  51 d5               32.18  0.0   2.215  2.858  1.525 -0.000  0.000   5.194 23.452  0.890  0.000  0.000
  51 d5               32.20  0.0   2.174  2.770  1.526 -0.000  0.000   5.170 23.245  0.890  0.000  0.000
  51 d5               32.22  0.0   2.132  2.684  1.527 -0.000  0.000   5.146 23.038  0.890  0.000  0.000
  51 d5               32.24  0.0   2.091  2.600  1.528 -0.000  0.000   5.122 22.833  0.890  0.000  0.000
  52 b                32.51  0.5   1.546  1.648  1.549  0.001  0.000   4.852 20.207  0.892  0.000  0.000
  52 b                32.77  0.5   1.007  0.979  1.582  0.005  0.000   4.534 17.748  0.894  0.000  0.000
  52 b                33.03  0.5   0.468  0.592  1.638  0.012  0.000   4.215 15.456  0.897  0.000  0.000
  52 b                33.29  0.5  -0.071  0.488  1.719  0.022  0.000   3.897 13.330  0.900  0.000  0.000
  52 b                33.55  0.5  -0.610  0.667  1.794  0.034  0.000   3.579 11.372  0.903  0.000  0.000
  52 b                33.82  0.5  -1.149  1.128  1.843  0.049  0.000   3.261  9.580  0.907  0.000  0.000
  52 b                34.08  0.5  -1.688  1.871  1.872  0.067  0.000   2.943  7.954  0.912  0.000  0.000
  52 b                34.34  0.5  -2.228  2.897  1.890  0.088  0.000   2.625  6.495  0.918  0.000  0.000
  52 b                34.60  0.5  -2.767  4.206  1.902  0.111  0.000   2.306  5.204  0.925  0.000  0.000
  52 b                34.86  0.5  -3.318  5.797  1.911  0.137  0.000   1.997  4.078  0.934  0.000  0.000
  53 d1               34.89  0.0  -3.355  5.932  1.911  0.139  0.105   1.972  3.998  0.935  0.000  0.000
  53 d1               34.91  0.0  -3.398  6.070  1.912  0.141  0.105   1.947  3.918  0.935  0.000  0.000
  53 d1               34.93  0.0  -3.440  6.209  1.912  0.143  0.105   1.922  3.839  0.936  0.000  0.000
  53 d1               34.95  0.0  -3.482  6.350  1.913  0.146  0.105   1.897  3.761  0.937  0.000  0.000
  53 d1               34.97  0.0  -3.524  6.493  1.913  0.148  0.105   1.872  3.684  0.938  0.000  0.000
  53 d1               34.99  0.0  -3.566  6.638  1.914  0.150  0.105   1.847  3.608  0.939  0.000  0.000
  53 d1               35.01  0.0  -3.608  6.784  1.914  0.152  0.105   1.822  3.534  0.940  0.000  0.000
  53 d1               35.03  0.0  -3.650  6.932  1.915  0.154  0.105   1.797  3.460  0.941  0.000  0.000
  53 d1               35.05  0.0  -3.692  7.081  1.915  0.156  0.105   1.773  3.387  0.942  0.000  0.000
  53 d1               35.07  0.0  -3.734  7.233  1.916  0.158  0.105   1.748  3.315  0.943  0.000  0.000
  54 qd               35.09  1.0  -3.185  7.406  1.916  0.161  0.092   1.455  3.235  0.944  0.000  0.000
  54 qd               35.12  1.0  -2.610  7.551  1.917  0.163  0.079   1.174  3.170  0.945  0.000  0.000
  54 qd               35.14  1.0  -2.014  7.666  1.917  0.165  0.065   0.903  3.118  0.946  0.000  0.000
  54 qd               35.17  1.0  -1.402  7.752  1.918  0.166  0.052   0.639  3.079  0.948  0.000  0.000
  54 qd               35.19  1.0  -0.778  7.806  1.918  0.167  0.038   0.380  3.054  0.949  0.000  0.000
  54 qd               35.22  1.0  -0.148  7.830  1.919  0.168  0.025   0.124  3.041  0.950  0.000  0.000
  54 qd               35.24  1.0   0.483  7.821  1.919  0.169  0.011  -0.131  3.041  0.951  0.000  0.000
  54 qd               35.27  1.0   1.110  7.781  1.920  0.169 -0.002  -0.386  3.054  0.953  0.000  0.000
  54 qd               35.29  1.0   1.729  7.710  1.920  0.169 -0.016  -0.645  3.080  0.954  0.000  0.000
  54 qd               35.32  1.0   2.333  7.609  1.921  0.168 -0.030  -0.910  3.119  0.955  0.000  0.000
  55 d2               35.34  0.0   2.315  7.518  1.921  0.167 -0.030  -0.920  3.155  0.956  0.000  0.000
  55 d2               35.36  0.0   2.298  7.427  1.922  0.167 -0.030  -0.932  3.191  0.957  0.000  0.000
  55 d2               35.38  0.0   2.282  7.338  1.922  0.166 -0.030  -0.943  3.228  0.958  0.000  0.000
  55 d2               35.40  0.0   2.265  7.248  1.923  0.166 -0.030  -0.955  3.265  0.959  0.000  0.000
  55 d2               35.42  0.0   2.249  7.160  1.923  0.165 -0.030  -0.966  3.303  0.960  0.000  0.000
  55 d2               35.44  0.0   2.232  7.072  1.924  0.164 -0.030  -0.978  3.341  0.961  0.000  0.000
  55 d2               35.46  0.0   2.215  6.985  1.924  0.164 -0.030  -0.989  3.380  0.962  0.000  0.000
  55 d2               35.48  0.0   2.199  6.898  1.924  0.163 -0.030  -1.001  3.419  0.963  0.000  0.000
  55 d2               35.50  0.0   2.182  6.812  1.925  0.163 -0.030  -1.012  3.458  0.964  0.000  0.000
  55 d2               35.51  0.0   2.166  6.727  1.925  0.162 -0.030  -1.024  3.498  0.965  0.000  0.000
  56 sm1              35.53  1.5   2.149  6.640  1.926  0.162 -0.030  -1.036  3.539  0.966  0.000  0.000
  56 sm1              35.55  1.5   2.132  6.555  1.926  0.161 -0.030  -1.047  3.581  0.967  0.000  0.000
  56 sm1              35.57  1.5   2.115  6.470  1.927  0.160 -0.030  -1.059  3.623  0.968  0.000  0.000
  56 sm1              35.59  1.5   2.098  6.386  1.927  0.160 -0.030  -1.071  3.666  0.968  0.000  0.000
  56 sm1              35.61  1.5   2.081  6.302  1.928  0.159 -0.030  -1.082  3.709  0.969  0.000  0.000
  56 sm1              35.63  1.5   2.064  6.219  1.928  0.159 -0.030  -1.094  3.752  0.970  0.000  0.000
  56 sm1              35.65  1.5   2.047  6.137  1.929  0.158 -0.030  -1.106  3.796  0.971  0.000  0.000
  56 sm1              35.67  1.5   2.030  6.055  1.929  0.157 -0.030  -1.118  3.841  0.972  0.000  0.000
  56 sm1              35.69  1.5   2.013  5.974  1.930  0.157 -0.030  -1.129  3.886  0.973  0.000  0.000
  56 sm1              35.71  1.5   1.996  5.894  1.930  0.156 -0.030  -1.141  3.931  0.973  0.000  0.000
  57 d3               35.85  0.0   1.878  5.353  1.934  0.152 -0.030  -1.223  4.261  0.979  0.000  0.000
  57 d3               35.99  0.0   1.760  4.845  1.939  0.148 -0.030  -1.304  4.614  0.984  0.000  0.000
  57 d3               36.13  0.0   1.642  4.370  1.944  0.144 -0.030  -1.386  4.990  0.989  0.000  0.000
  57 d3               36.27  0.0   1.524  3.928  1.949  0.140 -0.030  -1.468  5.389  0.993  0.000  0.000
  57 d3               36.41  0.0   1.406  3.518  1.955  0.135 -0.030  -1.550  5.810  0.997  0.000  0.000
  57 d3               36.55  0.0   1.288  3.142  1.962  0.131 -0.030  -1.632  6.255  1.000  0.000  0.000
  57 d3               36.69  0.0   1.169  2.799  1.969  0.127 -0.030  -1.713  6.722  1.004  0.000  0.000
  57 d3               36.83  0.0   1.051  2.489  1.978  0.123 -0.030  -1.795  7.212  1.007  0.000  0.000
  57 d3               36.97  0.0   0.933  2.212  1.987  0.119 -0.030  -1.877  7.725  1.010  0.000  0.000
  57 d3               37.11  0.0   0.815  1.968  1.998  0.115 -0.030  -1.959  8.260  1.013  0.000  0.000
  58 sm3              37.11  0.0   0.815  1.968  1.998  0.115 -0.030  -1.959  8.260  1.013  0.000  0.000
  59 qf               37.14 -1.0   0.740  1.924  2.000  0.114 -0.027  -1.753  8.366  1.013  0.000  0.000
  59 qf               37.17 -1.0   0.667  1.884  2.002  0.113 -0.024  -1.542  8.459  1.014  0.000  0.000
  59 qf               37.20 -1.0   0.596  1.848  2.005  0.113 -0.021  -1.326  8.540  1.014  0.000  0.000
  59 qf               37.22 -1.0   0.527  1.816  2.007  0.112 -0.018  -1.106  8.609  1.015  0.000  0.000
  59 qf               37.25 -1.0   0.460  1.788  2.010  0.112 -0.015  -0.883  8.665  1.015  0.000  0.000
  59 qf               37.28 -1.0   0.394  1.764  2.012  0.111 -0.012  -0.658  8.709  1.016  0.000  0.000
  59 qf               37.31 -1.0   0.329  1.744  2.015  0.111 -0.009  -0.430  8.740  1.017  0.000  0.000
  59 qf               37.34 -1.0   0.265  1.727  2.017  0.111 -0.006  -0.201  8.757  1.017  0.000  0.000
  59 qf               37.37 -1.0   0.202  1.714  2.020  0.111 -0.003   0.028  8.762  1.018  0.000  0.000
  59 qf               37.39 -1.0   0.140  1.704  2.023  0.110  0.000   0.258  8.754  1.018  0.000  0.000
  60 d4               37.42  0.0   0.127  1.698  2.025  0.110 -0.000   0.255  8.743  1.018  0.000  0.000
  60 d4               37.44  0.0   0.114  1.693  2.027  0.110 -0.000   0.252  8.732  1.019  0.000  0.000
  60 d4               37.46  0.0   0.101  1.688  2.029  0.110 -0.000   0.250  8.721  1.019  0.000  0.000
  60 d4               37.48  0.0   0.088  1.684  2.031  0.110 -0.000   0.247  8.711  1.020  0.000  0.000
  60 d4               37.50  0.0   0.075  1.681  2.033  0.110 -0.000   0.245  8.700  1.020  0.000  0.000
  60 d4               37.52  0.0   0.062  1.678  2.035  0.110 -0.000   0.242  8.690  1.020  0.000  0.000
  60 d4               37.55  0.0   0.050  1.676  2.037  0.110 -0.000   0.239  8.679  1.021  0.000  0.000
  60 d4               37.57  0.0   0.037  1.674  2.039  0.110 -0.000   0.237  8.669  1.021  0.000  0.000
  60 d4               37.59  0.0   0.024  1.672  2.041  0.110 -0.000   0.234  8.659  1.022  0.000  0.000
  60 d4               37.61  0.0   0.011  1.672  2.043  0.110 -0.000   0.231  8.649  1.022  0.000  0.000
  61 sm2h             37.62 -1.5   0.003  1.671  2.044  0.110 -0.000   0.230  8.643  1.022  0.000  0.000
  61 sm2h             37.63 -1.5  -0.004  1.671  2.045  0.110 -0.000   0.228  8.637  1.022  0.000  0.000
  61 sm2h             37.65 -1.5  -0.012  1.672  2.047  0.110 -0.000   0.227  8.632  1.023  0.000  0.000
  61 sm2h             37.66 -1.5  -0.019  1.672  2.048  0.110 -0.000   0.225  8.626  1.023  0.000  0.000
  61 sm2h             37.67 -1.5  -0.027  1.673  2.049  0.110 -0.000   0.224  8.620  1.023  0.000  0.000
  61 sm2h             37.68 -1.5  -0.034  1.673  2.050  0.110 -0.000   0.222  8.615  1.023  0.000  0.000
  61 sm2h             37.70 -1.5  -0.041  1.674  2.051  0.110 -0.000   0.221  8.609  1.024  0.000  0.000
  61 sm2h             37.71 -1.5  -0.049  1.675  2.053  0.110 -0.000   0.219  8.604  1.024  0.000  0.000
  61 sm2h             37.72 -1.5  -0.056  1.677  2.054  0.110 -0.000   0.218  8.598  1.024  0.000  0.000
  61 sm2h             37.73 -1.5  -0.064  1.678  2.055  0.110 -0.000   0.216  8.593  1.024  0.000  0.000
  62 css              37.73  0.0  -0.064  1.678  2.055  0.110 -0.000   0.216  8.593  1.024  0.000  0.000
  63 sm2h             37.75 -1.5  -0.071  1.680  2.056  0.110 -0.000   0.215  8.588  1.025  0.000  0.000
  63 sm2h             37.76 -1.5  -0.079  1.682  2.057  0.110 -0.000   0.213  8.582  1.025  0.000  0.000
  63 sm2h             37.77 -1.5  -0.086  1.684  2.058  0.110 -0.000   0.212  8.577  1.025  0.000  0.000
  63 sm2h             37.78 -1.5  -0.094  1.686  2.060  0.110 -0.000   0.210  8.572  1.025  0.000  0.000
  63 sm2h             37.80 -1.5  -0.101  1.689  2.061  0.110 -0.000   0.209  8.566  1.025  0.000  0.000
  63 sm2h             37.81 -1.5  -0.109  1.691  2.062  0.110 -0.000   0.207  8.561  1.026  0.000  0.000
  63 sm2h             37.82 -1.5  -0.116  1.694  2.063  0.110 -0.000   0.206  8.556  1.026  0.000  0.000
  63 sm2h             37.83 -1.5  -0.124  1.697  2.064  0.110 -0.000   0.204  8.551  1.026  0.000  0.000
  63 sm2h             37.85 -1.5  -0.131  1.700  2.066  0.110 -0.000   0.203  8.546  1.026  0.000  0.000
  63 sm2h             37.86 -1.5  -0.139  1.704  2.067  0.110 -0.000   0.201  8.541  1.027  0.000  0.000
  64 d4               37.88  0.0  -0.152  1.710  2.069  0.110 -0.000   0.198  8.532  1.027  0.000  0.000
  64 d4               37.90  0.0  -0.164  1.717  2.071  0.110 -0.000   0.196  8.524  1.027  0.000  0.000
  64 d4               37.92  0.0  -0.177  1.724  2.073  0.110 -0.000   0.193  8.515  1.028  0.000  0.000
  64 d4               37.95  0.0  -0.190  1.732  2.075  0.110 -0.000   0.191  8.507  1.028  0.000  0.000
  64 d4               37.97  0.0  -0.203  1.740  2.077  0.110 -0.000   0.188  8.499  1.029  0.000  0.000
  64 d4               37.99  0.0  -0.216  1.749  2.079  0.110 -0.000   0.185  8.491  1.029  0.000  0.000
  64 d4               38.01  0.0  -0.229  1.759  2.081  0.110 -0.000   0.183  8.483  1.029  0.000  0.000
  64 d4               38.03  0.0  -0.242  1.769  2.083  0.110 -0.000   0.180  8.475  1.030  0.000  0.000
  64 d4               38.05  0.0  -0.255  1.780  2.084  0.110 -0.000   0.177  8.467  1.030  0.000  0.000
  64 d4               38.08  0.0  -0.268  1.791  2.086  0.110 -0.000   0.175  8.460  1.031  0.000  0.000
  65 qf               38.10 -1.0  -0.332  1.808  2.089  0.111  0.003   0.396  8.444  1.031  0.000  0.000
  65 qf               38.13 -1.0  -0.398  1.829  2.091  0.111  0.006   0.616  8.415  1.032  0.000  0.000
  65 qf               38.16 -1.0  -0.466  1.853  2.094  0.111  0.009   0.834  8.374  1.032  0.000  0.000
  65 qf               38.19 -1.0  -0.534  1.881  2.096  0.111  0.012   1.049  8.321  1.033  0.000  0.000
  65 qf               38.22 -1.0  -0.604  1.914  2.099  0.112  0.015   1.261  8.255  1.033  0.000  0.000
  65 qf               38.24 -1.0  -0.676  1.950  2.101  0.112  0.018   1.470  8.178  1.034  0.000  0.000
  65 qf               38.27 -1.0  -0.750  1.990  2.103  0.113  0.021   1.674  8.089  1.034  0.000  0.000
  65 qf               38.30 -1.0  -0.827  2.035  2.105  0.113  0.024   1.873  7.989  1.035  0.000  0.000
  65 qf               38.33 -1.0  -0.905  2.084  2.108  0.114  0.027   2.066  7.877  1.036  0.000  0.000
  65 qf               38.36 -1.0  -0.987  2.137  2.110  0.115  0.030   2.254  7.755  1.036  0.000  0.000
  66 sm3              38.36  0.0  -0.987  2.137  2.110  0.115  0.030   2.253  7.755  1.036  0.000  0.000
  67 d3               38.50  0.0  -1.116  2.431  2.120  0.119  0.030   2.144  7.141  1.039  0.000  0.000
  67 d3               38.64  0.0  -1.245  2.761  2.128  0.123  0.030   2.035  6.557  1.042  0.000  0.000
  67 d3               38.78  0.0  -1.374  3.127  2.136  0.127  0.030   1.925  6.004  1.046  0.000  0.000
  67 d3               38.92  0.0  -1.503  3.528  2.142  0.131  0.030   1.816  5.482  1.050  0.000  0.000
  67 d3               39.06  0.0  -1.632  3.966  2.148  0.135  0.030   1.706  4.990  1.054  0.000  0.000
  67 d3               39.20  0.0  -1.761  4.440  2.154  0.140  0.030   1.597  4.528  1.059  0.000  0.000
  67 d3               39.34  0.0  -1.890  4.950  2.158  0.144  0.030   1.487  4.098  1.064  0.000  0.000
  67 d3               39.48  0.0  -2.019  5.496  2.163  0.148  0.030   1.378  3.698  1.070  0.000  0.000
  67 d3               39.62  0.0  -2.148  6.078  2.166  0.152  0.030   1.268  3.328  1.076  0.000  0.000
  67 d3               39.75  0.0  -2.277  6.696  2.170  0.156  0.030   1.159  2.989  1.083  0.000  0.000
  68 sm1              39.77  1.5  -2.295  6.787  2.170  0.157  0.030   1.143  2.943  1.084  0.000  0.000
  68 sm1              39.79  1.5  -2.314  6.879  2.171  0.157  0.030   1.127  2.898  1.085  0.000  0.000
  68 sm1              39.81  1.5  -2.332  6.972  2.171  0.158  0.030   1.112  2.853  1.086  0.000  0.000
  68 sm1              39.83  1.5  -2.351  7.066  2.172  0.159  0.030   1.096  2.809  1.087  0.000  0.000
  68 sm1              39.85  1.5  -2.369  7.160  2.172  0.159  0.030   1.080  2.765  1.089  0.000  0.000
  68 sm1              39.87  1.5  -2.388  7.255  2.173  0.160  0.030   1.065  2.722  1.090  0.000  0.000
  68 sm1              39.89  1.5  -2.406  7.351  2.173  0.160  0.030   1.049  2.680  1.091  0.000  0.000
  68 sm1              39.91  1.5  -2.424  7.448  2.174  0.161  0.030   1.033  2.638  1.092  0.000  0.000
  68 sm1              39.93  1.5  -2.443  7.545  2.174  0.162  0.030   1.018  2.597  1.093  0.000  0.000
  68 sm1              39.95  1.5  -2.461  7.643  2.174  0.162  0.030   1.002  2.557  1.095  0.000  0.000
  69 d2               39.97  0.0  -2.480  7.740  2.175  0.163  0.030   0.987  2.518  1.096  0.000  0.000
  69 d2               39.99  0.0  -2.498  7.838  2.175  0.163  0.030   0.971  2.479  1.097  0.000  0.000
  69 d2               40.01  0.0  -2.516  7.936  2.176  0.164  0.030   0.956  2.442  1.098  0.000  0.000
  69 d2               40.03  0.0  -2.534  8.035  2.176  0.164  0.030   0.940  2.404  1.100  0.000  0.000
  69 d2               40.05  0.0  -2.552  8.135  2.176  0.165  0.030   0.925  2.368  1.101  0.000  0.000
  69 d2               40.07  0.0  -2.570  8.236  2.177  0.166  0.030   0.910  2.332  1.102  0.000  0.000
  69 d2               40.09  0.0  -2.588  8.337  2.177  0.166  0.030   0.894  2.296  1.104  0.000  0.000
  69 d2               40.11  0.0  -2.606  8.439  2.177  0.167  0.030   0.879  2.262  1.105  0.000  0.000
  69 d2               40.13  0.0  -2.625  8.542  2.178  0.167  0.030   0.864  2.227  1.106  0.000  0.000
  69 d2               40.15  0.0  -2.643  8.645  2.178  0.168  0.030   0.848  2.194  1.108  0.000  0.000
  70 qd               40.18  1.0  -1.955  8.760  2.179  0.169  0.016   0.654  2.156  1.110  0.000  0.000
  70 qd               40.20  1.0  -1.252  8.840  2.179  0.169  0.002   0.465  2.128  1.111  0.000  0.000
  70 qd               40.23  1.0  -0.538  8.885  2.180  0.169 -0.011   0.280  2.110  1.113  0.000  0.000
  70 qd               40.25  1.0   0.180  8.894  2.180  0.168 -0.025   0.097  2.100  1.115  0.000  0.000
  70 qd               40.28  1.0   0.896  8.867  2.180  0.167 -0.039  -0.085  2.100  1.117  0.000  0.000
  70 qd               40.30  1.0   1.605  8.804  2.181  0.166 -0.052  -0.268  2.109  1.119  0.000  0.000
  70 qd               40.33  1.0   2.302  8.707  2.181  0.165 -0.065  -0.453  2.127  1.121  0.000  0.000
  70 qd               40.35  1.0   2.979  8.575  2.182  0.163 -0.079  -0.642  2.154  1.123  0.000  0.000
  70 qd               40.38  1.0   3.633  8.409  2.182  0.161 -0.092  -0.836  2.191  1.125  0.000  0.000
  70 qd               40.40  1.0   4.256  8.212  2.183  0.158 -0.105  -1.036  2.238  1.126  0.000  0.000
  71 d1               40.42  0.0   4.207  8.040  2.183  0.156 -0.105  -1.055  2.280  1.128  0.000  0.000
  71 d1               40.44  0.0   4.160  7.869  2.184  0.154 -0.105  -1.074  2.324  1.129  0.000  0.000
  71 d1               40.46  0.0   4.113  7.701  2.184  0.152 -0.105  -1.093  2.368  1.131  0.000  0.000
  71 d1               40.48  0.0   4.065  7.534  2.184  0.150 -0.105  -1.111  2.413  1.132  0.000  0.000
  71 d1               40.50  0.0   4.018  7.370  2.185  0.148 -0.105  -1.130  2.459  1.133  0.000  0.000
  71 d1               40.52  0.0   3.970  7.207  2.185  0.146 -0.105  -1.149  2.505  1.135  0.000  0.000
  71 d1               40.54  0.0   3.923  7.046  2.186  0.143 -0.105  -1.168  2.552  1.136  0.000  0.000
  71 d1               40.56  0.0   3.876  6.887  2.186  0.141 -0.105  -1.187  2.600  1.137  0.000  0.000
  71 d1               40.58  0.0   3.828  6.730  2.187  0.139 -0.105  -1.206  2.649  1.138  0.000  0.000
  71 d1               40.60  0.0   3.781  6.575  2.187  0.137 -0.105  -1.225  2.698  1.140  0.000  0.000
  72 b                40.87  0.5   3.162  4.760  2.195  0.111 -0.105  -1.460  3.400  1.153  0.000  0.000
  72 b                41.13  0.5   2.556  3.261  2.205  0.088 -0.105  -1.702  4.229  1.164  0.000  0.000
  72 b                41.39  0.5   1.951  2.081  2.221  0.067 -0.105  -1.943  5.184  1.173  0.000  0.000
  72 b                41.65  0.5   1.346  1.217  2.248  0.049 -0.105  -2.185  6.265  1.181  0.000  0.000
  72 b                41.91  0.5   0.740  0.670  2.294  0.034 -0.105  -2.426  7.473  1.187  0.000  0.000
  72 b                42.18  0.5   0.135  0.441  2.375  0.022 -0.105  -2.667  8.808  1.192  0.000  0.000
  72 b                42.44  0.5  -0.470  0.529  2.466  0.013 -0.105  -2.909 10.269  1.196  0.000  0.000
  72 b                42.70  0.5  -1.075  0.933  2.527  0.006 -0.105  -3.150 11.856  1.200  0.000  0.000
  72 b                42.96  0.5  -1.681  1.656  2.560  0.002 -0.105  -3.391 13.570  1.203  0.000  0.000
  72 b                43.22  0.5  -2.292  2.695  2.580  0.000 -0.105  -3.601 15.411  1.206  0.000  0.000
  73 d5               43.24  0.0  -2.349  2.802  2.582 -0.000 -0.000  -3.619 15.555  1.206  0.000  0.000
  73 d5               43.26  0.0  -2.396  2.897  2.583 -0.000 -0.000  -3.637 15.700  1.207  0.000  0.000
  73 d5               43.28  0.0  -2.442  2.994  2.584 -0.000 -0.000  -3.655 15.846  1.207  0.000  0.000
  73 d5               43.30  0.0  -2.489  3.093  2.585 -0.000 -0.000  -3.673 15.992  1.207  0.000  0.000
  73 d5               43.32  0.0  -2.535  3.193  2.586 -0.000 -0.000  -3.691 16.140  1.207  0.000  0.000
  73 d5               43.34  0.0  -2.582  3.295  2.587 -0.000 -0.000  -3.709 16.288  1.207  0.000  0.000
  73 d5               43.36  0.0  -2.628  3.400  2.588 -0.000 -0.000  -3.727 16.437  1.208  0.000  0.000
  73 d5               43.38  0.0  -2.675  3.506  2.589 -0.000 -0.000  -3.746 16.586  1.208  0.000  0.000
  73 d5               43.40  0.0  -2.721  3.614  2.590 -0.000 -0.000  -3.764 16.736  1.208  0.000  0.000
  73 d5               43.42  0.0  -2.768  3.723  2.591 -0.000 -0.000  -3.782 16.887  1.208  0.000  0.000
  74 qls3             43.45 -1.0  -3.084  3.884  2.592 -0.000 -0.000  -2.698 17.065  1.208  0.000  0.000
  74 qls3             43.48 -1.0  -3.422  4.063  2.593 -0.000 -0.000  -1.594 17.184  1.209  0.000  0.000
  74 qls3             43.51 -1.0  -3.785  4.261  2.594 -0.000 -0.000  -0.479 17.241  1.209  0.000  0.000
  74 qls3             43.53 -1.0  -4.174  4.480  2.595 -0.000 -0.000   0.639 17.236  1.209  0.000  0.000
  74 qls3             43.56 -1.0  -4.594  4.721  2.596 -0.000 -0.000   1.753 17.170  1.209  0.000  0.000
  74 qls3             43.59 -1.0  -5.046  4.986  2.597 -0.000 -0.000   2.854 17.044  1.210  0.000  0.000
  74 qls3             43.62 -1.0  -5.535  5.277  2.598 -0.000 -0.000   3.935 16.857  1.210  0.000  0.000
  74 qls3             43.64 -1.0  -6.063  5.595  2.599 -0.000 -0.000   4.988 16.611  1.210  0.000  0.000
  74 qls3             43.67 -1.0  -6.634  5.944  2.599 -0.000 -0.000   6.005 16.309  1.210  0.000  0.000
  74 qls3             43.70 -1.0  -7.253  6.326  2.600 -0.000 -0.000   6.980 15.951  1.211  0.000  0.000
  75 ls3              43.70 -1.5  -7.252  6.326  2.600 -0.000 -0.000   6.977 15.952  1.211  0.000  0.000
  76 d6               43.77  0.0  -7.808  7.315  2.602 -0.000 -0.000   6.773 15.049  1.211  0.000  0.000
  76 d6               43.83  0.0  -8.365  8.376  2.603 -0.000 -0.000   6.568 14.173  1.212  0.000  0.000
  76 d6               43.90  0.0  -8.921  9.511  2.604 -0.000 -0.000   6.364 13.324  1.213  0.000  0.000
  76 d6               43.96  0.0  -9.477 10.719  2.605 -0.000 -0.000   6.159 12.502  1.214  0.000  0.000
  76 d6               44.03  0.0 -10.033 12.000  2.606 -0.000 -0.000   5.955 11.706  1.215  0.000  0.000
  76 d6               44.09  0.0 -10.590 13.355  2.607 -0.000 -0.000   5.750 10.938  1.215  0.000  0.000
  76 d6               44.16  0.0 -11.146 14.782  2.608 -0.000 -0.000   5.546 10.196  1.216  0.000  0.000
  76 d6               44.23  0.0 -11.702 16.282  2.608 -0.000 -0.000   5.341  9.481  1.218  0.000  0.000
  76 d6               44.29  0.0 -12.259 17.855  2.609 -0.000 -0.000   5.137  8.793  1.219  0.000  0.000
  76 d6               44.36  0.0 -12.815 19.501  2.610 -0.000 -0.000   4.932  8.132  1.220  0.000  0.000
  77 qls2             44.40  1.0 -11.500 20.592  2.610 -0.000 -0.000   4.159  7.725  1.221  0.000  0.000
  77 qls2             44.45  1.0 -10.015 21.557  2.610 -0.000 -0.000   3.446  7.385  1.222  0.000  0.000
  77 qls2             44.49  1.0  -8.383 22.382  2.611 -0.000 -0.000   2.785  7.106  1.223  0.000  0.000
  77 qls2             44.54  1.0  -6.628 23.056  2.611 -0.000 -0.000   2.164  6.885  1.224  0.000  0.000
  77 qls2             44.58  1.0  -4.775 23.567  2.611 -0.000 -0.000   1.575  6.718  1.225  0.000  0.000
  77 qls2             44.63  1.0  -2.852 23.909  2.612 -0.000 -0.000   1.010  6.602  1.226  0.000  0.000
  77 qls2             44.67  1.0  -0.887 24.077  2.612 -0.000 -0.000   0.460  6.536  1.227  0.000  0.000
  77 qls2             44.71  1.0   1.091 24.068  2.612 -0.000  0.000  -0.084  6.519  1.228  0.000  0.000
  77 qls2             44.76  1.0   3.053 23.882  2.612 -0.000  0.000  -0.629  6.551  1.229  0.000  0.000
  77 qls2             44.80  1.0   4.970 23.522  2.613 -0.000  0.000  -1.183  6.632  1.230  0.000  0.000
  78 ls2              44.80  1.5   4.954 23.529  2.613 -0.000  0.000  -1.178  6.630  1.230  0.000  0.000
  79 d7               44.90  0.0   4.855 22.631  2.613 -0.000  0.000  -1.211  6.849  1.232  0.000  0.000
  79 d7               44.99  0.0   4.755 21.752  2.614 -0.000  0.000  -1.244  7.074  1.234  0.000  0.000
  79 d7               45.08  0.0   4.656 20.890  2.615 -0.000  0.000  -1.277  7.304  1.236  0.000  0.000
  79 d7               45.17  0.0   4.557 20.047  2.615 -0.000  0.000  -1.310  7.541  1.238  0.000  0.000
  79 d7               45.26  0.0   4.457 19.223  2.616 -0.000  0.000  -1.343  7.784  1.240  0.000  0.000
  79 d7               45.35  0.0   4.358 18.416  2.617 -0.000  0.000  -1.376  8.033  1.242  0.000  0.000
  79 d7               45.44  0.0   4.259 17.627  2.618 -0.000  0.000  -1.409  8.288  1.244  0.000  0.000
  79 d7               45.54  0.0   4.159 16.857  2.619 -0.000  0.000  -1.442  8.548  1.246  0.000  0.000
  79 d7               45.63  0.0   4.060 16.105  2.619 -0.000  0.000  -1.475  8.815  1.247  0.000  0.000
  79 d7               45.72  0.0   3.961 15.371  2.620 -0.000  0.000  -1.508  9.088  1.249  0.000  0.000
  80 qls1             45.75 -1.0   3.568 15.164  2.621 -0.000  0.000  -1.298  9.165  1.249  0.000  0.000
  80 qls1             45.77 -1.0   3.184 14.978  2.621 -0.000  0.000  -1.085  9.231  1.250  0.000  0.000
  80 qls1             45.80 -1.0   2.809 14.814  2.621 -0.000  0.000  -0.869  9.285  1.250  0.000  0.000
  80 qls1             45.83 -1.0   2.442 14.669  2.622 -0.000  0.000  -0.651  9.327  1.251  0.000  0.000
  80 qls1             45.86 -1.0   2.081 14.545  2.622 -0.000  0.000  -0.431  9.356  1.251  0.000  0.000
  80 qls1             45.88 -1.0   1.725 14.440  2.622 -0.000  0.000  -0.210  9.374  1.252  0.000  0.000
  80 qls1             45.91 -1.0   1.374 14.355  2.622 -0.000  0.000   0.011  9.379  1.252  0.000  0.000
  80 qls1             45.94 -1.0   1.026 14.289  2.623 -0.000  0.000   0.233  9.373  1.253  0.000  0.000
  80 qls1             45.97 -1.0   0.682 14.242  2.623 -0.000  0.000   0.453  9.354  1.253  0.000  0.000
  80 qls1             45.99 -1.0   0.339 14.214  2.623 -0.000  0.000   0.673  9.323  1.254  0.000  0.000
  81 ls1              45.99 -1.5   0.339 14.214  2.623 -0.000  0.000   0.673  9.323  1.254  0.000  0.000
  82 d8               46.43  0.0   0.305 13.936  2.628 -0.000  0.000   0.606  8.771  1.261  0.000  0.000
  82 d8               46.86  0.0   0.271 13.687  2.633 -0.000  0.000   0.538  8.277  1.269  0.000  0.000
  82 d8               47.29  0.0   0.237 13.468  2.638 -0.000  0.000   0.471  7.841  1.278  0.000  0.000
  82 d8               47.72  0.0   0.203 13.278  2.643 -0.000  0.000   0.404  7.463  1.287  0.000  0.000
  82 d8               48.15  0.0   0.169 13.117  2.649 -0.000  0.000   0.337  7.143  1.296  0.000  0.000
  82 d8               48.59  0.0   0.135 12.985  2.654 -0.000  0.000   0.269  6.881  1.306  0.000  0.000
  82 d8               49.02  0.0   0.102 12.883  2.659 -0.000  0.000   0.202  6.678  1.316  0.000  0.000
  82 d8               49.45  0.0   0.068 12.810  2.665 -0.000  0.000   0.135  6.533  1.327  0.000  0.000
  82 d8               49.88  0.0   0.034 12.766  2.670 -0.000  0.000   0.067  6.445  1.337  0.000  0.000
  82 d8               50.31  0.0   0.000 12.751  2.675 -0.000  0.000  -0.000  6.416  1.348  0.000  0.000
  83 cav              50.31  0.0   0.000 12.751  2.675 -0.000  0.000  -0.000  6.416  1.348  0.000  0.000
