# Tracking with TRACY# (Floquet space)
#
#  1   512 1.0E+00 1.0E+00 0.0E+00 0.0E+00 2.67533 1.34800
#    N     x^          px^          y^          py^          delta          cdt
#                                                                   [%]           [mm]
#
   0  2.8004056167422521e-04  9.4113689892635044e-19  1.9739113844525692e-03  1.3422591814628590e-18  0.0000000000000000e+00  0.0000000000000000e+00
   1 -1.5223076632087638e-04  5.8163658937026902e-04 -1.6416385816627409e-03 -1.3213519313254986e-03  0.0000000000000000e+00  1.0394599156018677e-03
   2 -6.5230965649639986e-05 -4.9755209959591144e-04 -3.0336009578133574e-04  1.7571742795802561e-03  0.0000000000000000e+00  3.6752659276618740e-03
   3  4.8185396762297027e-04 -2.3241482347709141e-04  1.6362488119820841e-03 -1.1044368313127579e-03  0.0000000000000000e+00  4.3402169327377638e-03
   4 -2.9552582451103826e-04  5.8908809559745777e-04 -2.0249821256900116e-03 -3.5005178270442893e-04  0.0000000000000000e+00  8.7176370944270602e-03
   5 -3.6543457890824489e-04 -3.3290918357890316e-04  1.1945952617900774e-03  1.3528284663998917e-03  0.0000000000000000e+00  1.0674071955598618e-02
   6  6.8634140460883464e-04 -3.4602820223806122e-04  4.8350514025416718e-04 -1.7923345813939465e-03  0.0000000000000000e+00  1.8378136537770914e-02
   7 -4.7255727314234854e-05  5.3442648569506290e-04 -1.6338705582074967e-03  8.1719169767380023e-04  0.0000000000000000e+00  1.7865380617411414e-02
   8 -7.3087650133380963e-04 -2.1049791769520460e-04  1.9321942236958456e-03  3.4923146740933382e-04  0.0000000000000000e+00  2.4976315987631413e-02
   9  5.1224873772706800e-04 -3.0107573718698500e-04 -1.0225385246048649e-03 -1.4956208088812916e-03  0.0000000000000000e+00  3.5913368335991042e-02
  10  3.5648375731527819e-04  5.2584690079408901e-04 -5.2509080971111931e-04  1.6715341331607000e-03  0.0000000000000000e+00  3.4879644255671131e-02
  11 -6.8773517165784471e-04 -7.4681737472850161e-05  1.8367058173209402e-03 -7.8421980763518741e-04  0.0000000000000000e+00  4.3601012062413229e-02
  12  1.2335289989085261e-04 -4.6635580118773167e-04 -1.8239823530553372e-03 -4.4659029677398594e-04  0.0000000000000000e+00  5.1172616247245804e-02
  13  4.8253475061014111e-04  6.0376581826967308e-04  1.0304581331903198e-03  1.6587934941383043e-03  0.0000000000000000e+00  4.7660334201016036e-02
  14 -3.5675602853769289e-04  9.7830189567656687e-05  8.5878746198904626e-04 -1.5898205022676839e-03  0.0000000000000000e+00  5.5238693026035304e-02
  15 -1.0683566681526256e-05 -6.1424614319457083e-04 -1.9886002927278603e-03  6.9709040450934066e-04  0.0000000000000000e+00  5.6960803171737594e-02
  16  2.9489472701612588e-04  4.3268115047204902e-04  1.8771113581981663e-03  8.2902982041683506e-04  0.0000000000000000e+00  5.8398512394020975e-02
  17 -2.5280137860932746e-04  2.9639630264797595e-04 -7.4311769809511780e-04 -1.6897547576044177e-03  0.0000000000000000e+00  5.9895705285582253e-02
  18  1.4819799959154791e-04 -7.2353318385823024e-04 -1.3275799805280478e-03  1.5512087786329661e-03  0.0000000000000000e+00  6.4452033286974533e-02
  19  3.2030880800428029e-04  2.1287945140128914e-04  1.9040521825453500e-03 -2.8966037882198947e-04  0.0000000000000000e+00  6.0998667316384605e-02
  20 -4.6604995148245008e-04  4.5314415591334018e-04 -1.8261530128189409e-03 -1.0320310441394773e-03  0.0000000000000000e+00  6.6298448572827157e-02
  21  4.8850526724824857e-05 -6.4569519015844959e-04  1.8125925572966823e-04  1.7076726310189178e-03  0.0000000000000000e+00  6.9560004971367856e-02
  22  6.6543157389829940e-04 -4.7468150234563044e-05  1.2915880032546884e-03 -1.3747104356580571e-03  0.0000000000000000e+00  6.9838528414482445e-02
  23 -5.1194460313308077e-04  5.6325133876592272e-04 -1.9685852263993764e-03  3.2878298096088584e-05  0.0000000000000000e+00  7.7377594622572460e-02
  24 -3.7131631437466438e-04 -5.2207034935135039e-04  1.4740472284561019e-03  1.0311930313973989e-03  0.0000000000000000e+00  8.0033864589931183e-02
  25  8.2318893821137673e-04 -8.7185477468338155e-05 -8.6755173544160534e-05 -1.8290289738705820e-03  0.0000000000000000e+00  8.6118654414887266e-02
  26 -1.5758226142382339e-04  5.9469239252018581e-04 -1.3396570482679655e-03  1.1475814132206926e-03  0.0000000000000000e+00  8.8799361245774311e-02
  27 -6.7837350918092466e-04 -4.3472473472552867e-04  1.9927805831057620e-03 -9.3725739559108820e-05  0.0000000000000000e+00  9.3241178355280840e-02
  28  5.8040484290297872e-04 -1.5978224674134908e-04 -1.3803401043278082e-03 -1.2234586857878017e-03  0.0000000000000000e+00  1.0381020439520604e-01
  29  2.4131221902470783e-04  6.9663301897268182e-04  3.2300466961114767e-05  1.7467217172500093e-03  0.0000000000000000e+00  1.0108954156839409e-01
  30 -5.5923677308540305e-04 -2.7317368153734314e-04  1.6832923273758301e-03 -1.1286827103800126e-03  0.0000000000000000e+00  1.0723955617723306e-01
  31  2.2626552176828647e-04 -4.1312622063255291e-04 -1.9278252733060158e-03 -9.1604734088476610e-05  0.0000000000000000e+00  1.1258638970037474e-01
  32  2.9275246632630013e-04  7.2283692285903087e-04  1.4527054224659039e-03  1.4666558628183349e-03  0.0000000000000000e+00  1.0900982312887726e-01
  33 -3.2349177101413814e-04 -7.3416078937662630e-05  4.6026593857895020e-04 -1.7167050610995165e-03  0.0000000000000000e+00  1.1439241476947322e-01
  34  2.1651625536238438e-04 -6.1666013410344145e-04 -1.8545222077981016e-03  9.9661501480628810e-04  0.0000000000000000e+00  1.1689757674229845e-01
  35  1.5320200565873624e-04  5.4116357227519489e-04  1.9805927959003012e-03  5.3853901956971584e-04  0.0000000000000000e+00  1.1671930790200581e-01
  36 -4.1244543874233814e-04  1.4083840970733946e-04 -1.1049203524216146e-03 -1.5304375666209912e-03  0.0000000000000000e+00  1.1904993118187943e-01
  37  3.4104542068247697e-04 -7.3852970929557933e-04 -8.9629986601360461e-04  1.7036831818044978e-03  0.0000000000000000e+00  1.2613952814675145e-01
  38  3.4860047972004436e-04  3.2196357695826142e-04  1.7560381372324126e-03 -6.1284081331477883e-04  0.0000000000000000e+00  1.2080277587979184e-01
  39 -6.7197998891150071e-04  3.2902975191767417e-04 -1.9308836385701065e-03 -6.9763858038679352e-04  0.0000000000000000e+00  1.2961422025712324e-01
  40  1.1090215844806670e-04 -6.3211378675793615e-04  6.6955166370284789e-04  1.5767835350647310e-03  0.0000000000000000e+00  1.3530982721774981e-01
  41  7.1834161686905405e-04  1.0869424925099948e-04  8.9244309595456507e-04 -1.6078297116766086e-03  0.0000000000000000e+00  1.3579641019385849e-01
  42 -6.0186940553940685e-04  4.5672328614037276e-04 -1.8563833298974486e-03  4.3815254305404718e-04  0.0000000000000000e+00  1.4505316571757670e-01
  43 -3.2649407215496081e-04 -5.8454232658995860e-04  1.7114026398779953e-03  6.7481445594203015e-04  0.0000000000000000e+00  1.4884390367986533e-01
  44  7.9468342462728290e-04  1.3389489620464239e-04 -6.1937059547148641e-04 -1.7529796842310381e-03  0.0000000000000000e+00  1.5270259692593013e-01
  45 -1.8575481012524317e-04  5.5090148262439858e-04 -9.8906521298361850e-04  1.4226555237995973e-03  0.0000000000000000e+00  1.5741568404763359e-01
  46 -5.1808370747056804e-04 -5.3726415096585383e-04  2.0147713710991946e-03 -4.8280160697082016e-04  0.0000000000000000e+00  1.5964498785629502e-01
  47  4.9952413228298914e-04 -3.8458566475089415e-05 -1.6591681985034705e-03 -9.2222261401230324e-04  0.0000000000000000e+00  1.6733995526276205e-01
  48  1.2600487848856166e-04  6.9129543504278411e-04  5.5071222222575339e-04  1.7485465469012139e-03  0.0000000000000000e+00  1.6427633340603781e-01
  49 -3.3300184371097921e-04 -4.1012071531129119e-04  1.4664620027573562e-03 -1.4001763486020382e-03  0.0000000000000000e+00  1.6859174543295827e-01
  50  2.5776045896169683e-04 -2.8383804371293352e-04 -1.9741440274284373e-03  2.1899919460533423e-04  0.0000000000000000e+00  1.7085404180813524e-01
  51  4.7701544767655576e-05  6.7735970773741500e-04  1.7502117057042641e-03  1.2235873653983985e-03  0.0000000000000000e+00  1.7051412056972079e-01
  52 -2.3315052281592150e-04 -2.3912780333158488e-04  2.0200107279131413e-05 -1.7520980992839965e-03  0.0000000000000000e+00  1.7307966355104806e-01
  53  4.0688623422964080e-04 -5.0408150422180068e-04 -1.6070377972218449e-03  1.2631403567404428e-03  0.0000000000000000e+00  1.7683492579613713e-01
  54 -3.6597036677337629e-05  5.6221238747686947e-04  1.9972138015263768e-03  2.0321727998920188e-04  0.0000000000000000e+00  1.7712242563078823e-01
  55 -4.9929908854925141e-04 -4.9947942333949311e-05 -1.3990540557514706e-03 -1.2877278815707643e-03  0.0000000000000000e+00  1.8045724739498040e-01
  56  5.0168236099496627e-04 -5.6095202259917707e-04 -3.5178319035912814e-04  1.7915632552559910e-03  0.0000000000000000e+00  1.8908545327247259e-01
  57  2.6439237362143144e-04  3.9860466025618587e-04  1.5534510332694726e-03 -9.6147446984346137e-04  0.0000000000000000e+00  1.8565483170714081e-01
  58 -7.7446182045336882e-04  1.0138375982037929e-04 -1.9831783020639836e-03 -2.8385553331895070e-04  0.0000000000000000e+00  1.9602106171431397e-01
  59  2.2255633815167948e-04 -4.8549663842042186e-04  1.1305470774963288e-03  1.3722070968380194e-03  0.0000000000000000e+00  2.0528458189653245e-01
  60  6.0895077433551089e-04  3.3023507279546563e-04  3.9214749739949992e-04 -1.7549350399500710e-03  0.0000000000000000e+00  2.0471768458722073e-01
  61 -6.0367940574205408e-04  2.2497327180854743e-04 -1.7117401398474119e-03  8.5345798200268702e-04  0.0000000000000000e+00  2.1412970422179672e-01
  62 -1.7197524954247524e-04 -5.6095357757487974e-04  1.8884883848161187e-03  2.9542449265027401e-04  0.0000000000000000e+00  2.1896449332794732e-01
  63  6.1424211278552764e-04  3.6923487258491608e-04 -1.1213368599183758e-03 -1.5838770839442351e-03  0.0000000000000000e+00  2.1986764464653741e-01
  64 -2.1151620008883000e-04  3.7086197598401171e-04 -6.0152443648619602e-04  1.6359520423035775e-03  0.0000000000000000e+00  2.2554738467451851e-01
  65 -2.3232293558840569e-04 -5.9699795835000855e-04  1.9691288260903438e-03 -8.2936505559680319e-04  0.0000000000000000e+00  2.2683158634066006e-01
  66  3.4356761088882637e-04  1.5672735884647121e-04 -1.8817911459563267e-03 -6.3265616870543536e-04  0.0000000000000000e+00  2.3059126192293425e-01
  67 -8.6874877292893003e-05  5.2729731305771672e-04  1.0009483867921933e-03  1.6560997733856234e-03  0.0000000000000000e+00  2.2983804197536317e-01
  68 -4.0628385793501323e-05 -5.8826896876176024e-04  1.1518542078735505e-03 -1.6134586855745061e-03  0.0000000000000000e+00  2.3357538236118625e-01
  69  3.3541740543228488e-04 -6.0786923125403426e-05 -1.9028685066870654e-03  5.0161616769195665e-04  0.0000000000000000e+00  2.3218026084376817e-01
  70 -2.8154038921026855e-04  5.7638745140921517e-04  1.9284679901662031e-03  9.2604611722259147e-04  0.0000000000000000e+00  2.3621080155976135e-01
  71 -1.4187830284221706e-04 -4.5257305288586957e-04 -4.2901745933691086e-04 -1.6737446267956852e-03  0.0000000000000000e+00  2.3768840332901689e-01
  72  6.2732698279547932e-04 -2.9143703630628526e-04 -1.2184106555424038e-03  1.5075737423423463e-03  0.0000000000000000e+00  2.4191507804621382e-01
  73 -2.6795728216288982e-04  5.7835735967413341e-04  1.9289278549582288e-03 -1.7644720756731142e-04  0.0000000000000000e+00  2.4465958867653737e-01
  74 -5.4074962001883422e-04 -3.0910747461760323e-04 -1.6239877337614597e-03 -9.4123041329335336e-04  0.0000000000000000e+00  2.4841717394944188e-01
  75  6.8017850805957361e-04 -2.7875831545888931e-04  2.4843909862222707e-04  1.7925362808794238e-03  0.0000000000000000e+00  2.5723304041643613e-01
  76  1.1320561009301471e-04  5.2594374681254037e-04  1.2311402148688754e-03 -1.2783089591540857e-03  0.0000000000000000e+00  2.5710248189995744e-01
  77 -7.7003093473416453e-04 -1.9183938813520279e-04 -1.9955526604954216e-03  1.8773869912869586e-04  0.0000000000000000e+00  2.6531136012727025e-01
  78  3.6839678087857534e-04 -3.4132786436624079e-04  1.4769198965861919e-03  1.0731051723669761e-03  0.0000000000000000e+00  2.7636260931588535e-01
  79  4.3895123148850960e-04  6.0146170684778827e-04 -2.0411174718672941e-04 -1.7857017950860755e-03  0.0000000000000000e+00  2.7288510445720998e-01
  80 -5.4529076035317715e-04 -3.5722984261397843e-05 -1.5153018321054220e-03  1.2132926358940268e-03  0.0000000000000000e+00  2.8128888149160164e-01
  81  3.7947195419185731e-05 -5.3308475189303673e-04  1.9731879419842223e-03 -8.3095296310347030e-05  0.0000000000000000e+00  2.8549327721419981e-01
  82  3.9699488555105687e-04  5.7834970796056639e-04 -1.5369080408688480e-03 -1.3566043757678764e-03  0.0000000000000000e+00  2.8434315481716804e-01
  83 -2.7332014662896989e-04  1.5719763421800887e-04 -1.7001808313951009e-04  1.7407577333943896e-03  0.0000000000000000e+00  2.8911613620711385e-01
  84  8.2719648416938746e-05 -6.7537774694345772e-04  1.8118245815977761e-03 -1.1339765186981041e-03  0.0000000000000000e+00  2.9153273968174331e-01
  85  2.4229758448673653e-04  3.6361680435972670e-04 -1.9738648333440692e-03 -3.4996705771447753e-04  0.0000000000000000e+00  2.9135705659802708e-01
  86 -3.5267863732249213e-04  3.4711831533988370e-04  1.3367443170172054e-03  1.4643109151250223e-03  0.0000000000000000e+00  2.9351539005088517e-01
  87  1.8134254434847184e-04 -7.2696744782398473e-04  7.1317805169578239e-04 -1.7327505821560639e-03  0.0000000000000000e+00  2.9860358751692845e-01
  88  4.6294382037800105e-04  1.2200754743583848e-04 -1.7076675698922599e-03  7.9744823430265299e-04  0.0000000000000000e+00  2.9445403361221384e-01
  89 -5.6056234542788412e-04  4.9926458932304308e-04  1.9954303281383185e-03  5.8718948018349941e-04  0.0000000000000000e+00  3.0253006284326972e-01
  90 -1.0310409088525178e-04 -5.9557506763044832e-04 -8.4909011588356288e-04 -1.4898359077957601e-03  0.0000000000000000e+00  3.0528867368477941e-01
  91  7.8999803602646304e-04 -7.9210332780217373e-05 -7.5165055896039184e-04  1.7023096204902986e-03  0.0000000000000000e+00  3.0873028403586605e-01
  92 -4.1395260152596140e-04  5.7501539551420647e-04  1.7746522810957053e-03 -5.6212083939445503e-04  0.0000000000000000e+00  3.1418350910476955e-01
  93 -5.3471766402114632e-04 -5.0718272061878395e-04 -1.7986925859198458e-03 -5.4470062219300573e-04  0.0000000000000000e+00  3.1738933096863975e-01
  94  7.6806704966774929e-04 -5.3941611555007167e-05  7.6639151107685515e-04  1.6764038323722108e-03  0.0000000000000000e+00  3.2537455671710797e-01
  95  2.1903812770174206e-05  6.2990818809895361e-04  8.0626988596931254e-04 -1.5103563926037148e-03  0.0000000000000000e+00  3.2691393262738072e-01
  96 -6.5891911469601191e-04 -3.9461457454886145e-04 -1.9697525205862512e-03  6.0056915860588495e-04  0.0000000000000000e+00  3.3160768903568949e-01
  97  4.1582626092457784e-04 -2.5590117788762770e-04  1.7043480418639863e-03  7.3732454259609406e-04  0.0000000000000000e+00  3.4079720229209548e-01
  98  2.9679273391895614e-04  7.4753068477993560e-04 -7.5318393383860241e-04 -1.7307127794548819e-03  0.0000000000000000e+00  3.3559379632897518e-01
  99 -4.2472483753224047e-04 -2.1168060328083025e-04 -1.2500358769202307e-03  1.4721107568424518e-03  0.0000000000000000e+00  3.4222995976718251e-01
 100  1.8436612078927235e-04 -4.9030425319283085e-04  1.9811997723208760e-03 -4.1744444242125918e-04  0.0000000000000000e+00  3.4483726587430968e-01
 101  1.9822004074279744e-04  6.5762893769201664e-04 -1.8100718490985808e-03 -1.0988081884482752e-03  0.0000000000000000e+00  3.4418144978864501e-01
 102 -3.1529048737303833e-04 -9.9381879827055494e-07  2.7370672250239241e-04  1.7357285718898347e-03  0.0000000000000000e+00  3.4701205865745216e-01
 103  3.1343148403578333e-04 -6.8776024982517068e-04  1.5421288579507946e-03 -1.3898329218263847e-03  0.0000000000000000e+00  3.5199754948337358e-01
 104  1.7154131083452974e-04  4.6698728596573517e-04 -1.9537094759908844e-03 -3.5528009994622381e-05  0.0000000000000000e+00  3.4929532734008117e-01
 105 -5.4668141487557685e-04  2.0230829116286389e-04  1.5837358136223429e-03  1.2090863061947447e-03  0.0000000000000000e+00  3.5395544971762366e-01
 106  3.0905009916405604e-04 -6.9303687954037484e-04  1.9168603819824943e-04 -1.7653759705049379e-03  0.0000000000000000e+00  3.6097629212020638e-01
 107  5.0873918799785385e-04  2.2644113019835275e-04 -1.4618485693893995e-03  1.1129503905938087e-03  0.0000000000000000e+00  3.5731561847780619e-01
 108 -7.1480884881470683e-04  3.7083806984255417e-04  2.0001045054046157e-03  1.9961248151825753e-04  0.0000000000000000e+00  3.6824072165687166e-01
 109 -5.9813240538639887e-05 -5.9145995155449244e-04 -1.2382886946570317e-03 -1.2432702739552802e-03  0.0000000000000000e+00  3.7373324304554589e-01
 110  7.9132714889427352e-04  1.3203108405956038e-04 -2.3780961367105566e-04  1.8110603730142852e-03  0.0000000000000000e+00  3.7543587189238486e-01
 111 -4.5002990880327884e-04  4.7107160611997229e-04  1.5701302497579137e-03 -9.3700164399556187e-04  0.0000000000000000e+00  3.8267290158646455e-01
 112 -4.3986482478011919e-04 -5.8000511179440650e-04 -1.9377963587640459e-03 -1.4919161598739313e-04  0.0000000000000000e+00  3.8550529312822451e-01
 113  6.8664321130547173e-04  1.2218113507925774e-04  1.2008169099585358e-03  1.4698233675565634e-03  0.0000000000000000e+00  3.9152004015463776e-01
 114 -2.5294267712904212e-05  5.9592644600967427e-04  3.5064845257660917e-04 -1.6749860465020911e-03  0.0000000000000000e+00  3.9346301912457238e-01
 115 -4.3714313647117239e-04 -5.0060690920888820e-04 -1.8933594359018043e-03  9.4271969776942239e-04  0.0000000000000000e+00  3.9591533776498927e-01
 116  3.4855596241975306e-04 -1.2838258928973481e-04  1.8812782950316581e-03  4.2242669525174002e-04  0.0000000000000000e+00  4.0139449200844107e-01
 117  1.0671653135753718e-04  6.9977557619771489e-04 -1.2036664247849140e-03 -1.6055123799619000e-03  0.0000000000000000e+00  3.9812761652589174e-01
 118 -2.2243711433190573e-04 -3.7018072951479450e-04 -9.1445591121850874e-04  1.6566612740871191e-03  0.0000000000000000e+00  4.0250779299169037e-01
 119  2.9861833908757324e-04 -3.4911354515769261e-04  1.9031351057768558e-03 -7.0787456771519391e-04  0.0000000000000000e+00  4.0342137770182096e-01
 120 -5.9890225025355856e-05  6.2436707150802576e-04 -1.9714391283927966e-03 -8.0278327620691254e-04  0.0000000000000000e+00  4.0539604136981616e-01
 121 -3.0519720182465296e-04 -1.8276740339531156e-04  6.9315057359965824e-04  1.6349645287064350e-03  0.0000000000000000e+00  4.0688193863615918e-01
 122  5.1181192113092494e-04 -5.4211993140537750e-04  1.1419577581381836e-03 -1.6042785832282203e-03  0.0000000000000000e+00  4.1382686109924383e-01
 123  2.5789154587465174e-05  5.0752580088449977e-04 -1.8715949027481224e-03  3.2645034172248673e-04  0.0000000000000000e+00  4.1166211453407242e-01
 124 -6.5347542393957999e-04 -1.5066265199597503e-05  1.7659185960214030e-03  8.7084965106762758e-04  0.0000000000000000e+00  4.1806383490966448e-01
 125  4.4506639645758262e-04 -4.8393898217138459e-04 -3.8782215352157025e-04 -1.7238623892772591e-03  0.0000000000000000e+00  4.2719301682960487e-01
 126  4.1396622432793989e-04  3.5874950586196544e-04 -1.1301684289566356e-03  1.4081083308068259e-03  0.0000000000000000e+00  4.2583694606795147e-01
 127 -7.6412007656848210e-04  1.1980341044662041e-04  1.9657487524126580e-03 -2.5421427952926676e-04  0.0000000000000000e+00  4.3676472220544249e-01
 128  6.5652412124214923e-05 -4.9667903226165860e-04 -1.5637883990473373e-03 -9.2905203902507146e-04  0.0000000000000000e+00  4.4525504606044497e-01
 129  6.3875203438480362e-04  4.0202183951334650e-04  3.4335321840755362e-04  1.8062199846108069e-03  0.0000000000000000e+00  4.4371762757669542e-01
 130 -4.3474883628598918e-04  2.4801083395199888e-04  1.3239595045909966e-03 -1.2824479708831900e-03  0.0000000000000000e+00  4.5210280055018076e-01
 131 -2.2095808858153181e-04 -5.8542853038190943e-04 -2.0136546505931867e-03  2.3608792895723533e-04  0.0000000000000000e+00  4.5462282078414007e-01
 132  4.8369839433850972e-04  3.2490842823274549e-04  1.5804569911560781e-03  1.2145972236159782e-03  0.0000000000000000e+00  4.5762705991837110e-01
 133 -1.2415477953098641e-04  4.1771669152594469e-04 -1.1816513690307300e-04 -1.7551879989720133e-03  0.0000000000000000e+00  4.5981402932552812e-01
 134 -1.1076013914128575e-04 -6.1607453323130935e-04 -1.7300565261776091e-03  1.2434113301215456e-03  0.0000000000000000e+00  4.6205542169871733e-01
 135  2.7864640137400441e-04  9.4655949565048696e-05  1.9727801474946826e-03  1.3593931943334535e-04  0.0000000000000000e+00  4.6311791411396275e-01
 136 -1.9173223992251850e-04  5.3628839374514142e-04 -1.5374560076968893e-03 -1.3930770206049409e-03  0.0000000000000000e+00  4.6416401660859319e-01
 137 -6.1793463970910009e-06 -5.7018388938254508e-04 -4.8336701875773913e-04  1.7510545136914665e-03  0.0000000000000000e+00  4.6730632722222093e-01
 138  4.7303222946701767e-04 -1.3850645720445072e-04  1.6850826851798335e-03 -9.8727983448870034e-04  0.0000000000000000e+00  4.6648282161022103e-01
 139 -3.6237262737696209e-04  5.8216693219882937e-04 -2.0259963531847119e-03 -4.6068156918270786e-04  0.0000000000000000e+00  4.7196170625120903e-01
 140 -2.9188171577433598e-04 -4.1232552643501424e-04  1.0573360974251596e-03  1.4195369629596969e-03  0.0000000000000000e+00  4.7363234791687520e-01
 141  7.2203320918500966e-04 -2.8777889252645762e-04  6.1882406143540616e-04 -1.7644361934962350e-03  0.0000000000000000e+00  4.8039225299874089e-01
 142 -1.5601999346581932e-04  5.6234113105470772e-04 -1.6991508210443460e-03  7.0373822523818257e-04  0.0000000000000000e+00  4.8122447891367648e-01
 143 -6.8531468665543977e-04 -2.9505113945811265e-04  1.8872318186157703e-03  4.4559086092722469e-04  0.0000000000000000e+00  4.8697330949698492e-01
 144  6.0050774990792711e-04 -2.4328845830777178e-04 -9.0699141588460725e-04 -1.5758015951880136e-03  0.0000000000000000e+00  4.9749772807604670e-01
 145  2.6375586024040984e-04  5.6087469494444026e-04 -6.5818859674717813e-04  1.6105859038333958e-03  0.0000000000000000e+00  4.9697914942247184e-01
 146 -7.0884010175637326e-04 -1.6158422121678663e-04  1.8952472419303758e-03 -6.9497798645108742e-04  0.0000000000000000e+00  5.0501182121077082e-01
 147  2.1812479998062757e-04 -4.1802321935202272e-04 -1.7721776938022609e-03 -5.6704006124091489e-04  0.0000000000000000e+00  5.1362546335242498e-01
 148  4.4724259520946796e-04  6.5403256523949554e-04  9.0791846335034308e-04  1.7012449495144482e-03  0.0000000000000000e+00  5.0914477769669653e-01
 149 -4.0140649509531645e-04  1.5577553632824681e-05  1.0159854872439653e-03 -1.5383556972594194e-03  0.0000000000000000e+00  5.1700665393571887e-01
 150  3.7977730417146646e-05 -5.9422244649287321e-04 -1.9960266316748710e-03  5.8668513556324681e-04  0.0000000000000000e+00  5.1907645772183653e-01
 151  2.8921372859222098e-04  5.0884177665785294e-04  1.8441775787360064e-03  9.4442990532522288e-04  0.0000000000000000e+00  5.1983640754415594e-01
 152 -2.7734029524178252e-04  2.2139857566546206e-04 -5.6387771098559295e-04 -1.7156095689231561e-03  0.0000000000000000e+00  5.2194995650855902e-01
 153  1.8437699182958432e-04 -7.3269333282006998e-04 -1.4377789346318645e-03  1.4884265147751619e-03  0.0000000000000000e+00  5.2655214036845066e-01
 154  2.8779113427849362e-04  2.9125281273827786e-04  1.9252056374070240e-03 -1.5716726926020733e-04  0.0000000000000000e+00  5.2320704533506923e-01
 155 -4.8570078891818841e-04  3.9864420173986963e-04 -1.7453231336352934e-03 -1.1173933535440939e-03  0.0000000000000000e+00  5.2817802539225511e-01
 156  1.2062208719716217e-04 -6.8398816409645990e-04  1.1813798327295223e-05  1.7333815293004674e-03  0.0000000000000000e+00  5.3237347562539539e-01
 157  6.3145142560032570e-04  2.7354722386320608e-05  1.3755530503388646e-03 -1.2710466458452710e-03  0.0000000000000000e+00  5.3106215853212413e-01
 158 -5.7375958814968224e-04  5.3453944297351453e-04 -1.9907896625065212e-03 -8.1377808264195269e-05  0.0000000000000000e+00  5.3983006793613031e-01
 159 -2.8801531380150884e-04 -5.6151751951509065e-04  1.3716392264656041e-03  1.1242475000221568e-03  0.0000000000000000e+00  5.4267861301317755e-01
 160  8.3865796471095753e-04 -4.3827994396864119e-05  6.5868286033687648e-05 -1.8328275299887844e-03  0.0000000000000000e+00  5.4760182496785403e-01
 161 -2.5093949059142425e-04  5.8602356236274651e-04 -1.4366314347100254e-03  1.0491625645341835e-03  0.0000000000000000e+00  5.5140012426475504e-01
 162 -6.3116340402629128e-04 -4.8820736244970067e-04  1.9746397101583118e-03  1.5575589732147653e-05  0.0000000000000000e+00  5.5500321963363175e-01
 163  6.4071195854949550e-04 -9.2006956113453397e-05 -1.2927525765371584e-03 -1.3290591097060995e-03  0.0000000000000000e+00  5.6482395026022869e-01
 164  1.6937854069410988e-04  6.8847142269113954e-04 -1.2915293936443839e-04  1.7194006807509559e-03  0.0000000000000000e+00  5.6331140694117954e-01
 165 -5.6093558761059141e-04 -3.3932560728847013e-04  1.7708879230892438e-03 -1.0444715257390805e-03  0.0000000000000000e+00  5.6849273869267014e-01
 166  2.7736852518921699e-04 -3.5143428441042118e-04 -1.8997375506755864e-03 -2.2056143771315793e-04  0.0000000000000000e+00  5.7444606450004887e-01
 167  2.6621764036588561e-04  7.4357650368343233e-04  1.3508680672247944e-03  1.5342946057460799e-03  0.0000000000000000e+00  5.7025684439257596e-01
 168 -3.2397035690977298e-04 -1.4677224016540323e-04  6.4172494770108654e-04 -1.6905364857965608e-03  0.0000000000000000e+00  5.7581459714297656e-01
 169  2.3149234721115853e-04 -5.6475619521234241e-04 -1.8896880847495111e-03  8.8824627004171542e-04  0.0000000000000000e+00  5.7798624762898376e-01
 170  1.1992967094729694e-04  5.8275154969273410e-04  1.9743082694675192e-03  6.5493337765805339e-04  0.0000000000000000e+00  5.7824597185923088e-01
 171 -3.9145273020746001e-04  6.7151321925835756e-05 -9.5036680262679881e-04 -1.5829401018202893e-03  0.0000000000000000e+00  5.8034143750337341e-01
 172  3.7910335066544557e-04 -7.1513318388121978e-04 -1.0285377154943928e-03  1.6663753110448347e-03  0.0000000000000000e+00  5.8760944719919372e-01
 173  2.7454315769466356e-04  3.8200222618620826e-04  1.8049056077869619e-03 -4.8845660065699925e-04  0.0000000000000000e+00  5.8259448273875092e-01
 174 -6.7284304024762013e-04  2.5653569536113245e-04 -1.8796118460389288e-03 -7.9088083672382151e-04  0.0000000000000000e+00  5.9076893434093980e-01
 175  1.9925418523182527e-04 -6.2351547210630766e-04  5.2965756838965923e-04  1.6370958008939454e-03  0.0000000000000000e+00  5.9745164922569360e-01
 176  6.5442975783133045e-04  1.6629742280814585e-04  1.0106688295711272e-03 -1.5294122956100002e-03  0.0000000000000000e+00  5.9697498363165191e-01
 177 -6.6098747597428075e-04  3.9480538975900250e-04 -1.9055763596456815e-03  3.3347779550191515e-04  0.0000000000000000e+00  6.0726857710219739e-01
 178 -2.3105197321442324e-04 -5.8177155895553488e-04  1.6432289832964773e-03  7.8682263386069934e-04  0.0000000000000000e+00  6.1199003138126240e-01
 179  7.8353792804718408e-04  1.8710399445091117e-04 -4.8138031652591995e-04 -1.7899302306437321e-03  0.0000000000000000e+00  6.1433887386375641e-01
 180 -2.6668311318553357e-04  4.9528190718383866e-04 -1.1237967413217957e-03  1.3516436841891505e-03  0.0000000000000000e+00  6.2024432037815136e-01
 181 -4.6516696682417761e-04 -5.6477598446636650e-04  2.0221983309990435e-03 -3.7465468213445096e-04  0.0000000000000000e+00  6.2223070709243555e-01
 182  5.2738424324847669e-04  4.8623641890628512e-05 -1.6067867189182778e-03 -1.0434896337425325e-03  0.0000000000000000e+00  6.2919523167705360e-01
 183  6.6063156553908815e-05  6.4235565438497248e-04  3.7999941190950261e-04  1.7557716062721758e-03  0.0000000000000000e+00  6.2752046232858893e-01
 184 -3.0639347965158155e-04 -4.6817239472929237e-04  1.5831587415489697e-03 -1.3306596401021741e-03  0.0000000000000000e+00  6.3103708564874861e-01
 185  2.7136235937610541e-04 -1.9802714521833552e-04 -1.9718074575877042e-03  8.5347876011824544e-05  0.0000000000000000e+00  6.3341689275788238e-01
 186  9.6083305515740363e-06  6.6661986962777845e-04  1.6749521343406638e-03  1.3065551888276090e-03  0.0000000000000000e+00  6.3295203848723958e-01
 187 -1.8775171855468938e-04 -3.2204370230009063e-04  2.1041940217522294e-04 -1.7555811294087508e-03  0.0000000000000000e+00  6.3569065710610206e-01
 188  4.1270498401471212e-04 -4.2076925443171689e-04 -1.6665773781883433e-03  1.1606874428583480e-03  0.0000000000000000e+00  6.3827566618157194e-01
 189 -1.1022650761664625e-04  5.8257220394125121e-04  2.0145376657496428e-03  3.2033083287674242e-04  0.0000000000000000e+00  6.3996754296434999e-01
 190 -4.4461829393419581e-04 -1.3762635438226348e-04 -1.2724211264841911e-03 -1.3577926064249179e-03  0.0000000000000000e+00  6.4252975746356278e-01
 191  5.5785601612987426e-04 -5.1204690032786385e-04 -4.9427142792175208e-04  1.7852088824295335e-03  0.0000000000000000e+00  6.5107162859689360e-01
 192  1.5499000326331446e-04  4.5066945350422615e-04  1.6241550430224315e-03 -8.4816945354098641e-04  0.0000000000000000e+00  6.4812243598520702e-01
 193 -7.6363326340477629e-04  7.7872988588202784e-06 -1.9579104202795588e-03 -3.7754838453040861e-04  0.0000000000000000e+00  6.5745554789226335e-01
 194  3.2985067134092824e-04 -4.3797654671079742e-04  1.0241672187945678e-03  1.4605057635343622e-03  0.0000000000000000e+00  6.6747228392619584e-01
 195  5.2717255802820005e-04  3.8227548260585535e-04  5.3023570091228199e-04 -1.7059846452754861e-03  0.0000000000000000e+00  6.6669116692219499e-01
 196 -6.5779179866144852e-04  1.3577427240756779e-04 -1.7890540934649714e-03  7.6559109392124148e-04  0.0000000000000000e+00  6.7641457345869960e-01
 197 -6.9748243598113059e-05 -5.3375495778048372e-04  1.8422815943270408e-03  4.1414453705151646e-04  0.0000000000000000e+00  6.8250148384834175e-01
 198  5.9134630101276026e-04  4.4230570132413460e-04 -1.0151447120611101e-03 -1.6473156997667286e-03  0.0000000000000000e+00  6.8166265019598560e-01
 199 -2.7842880179428754e-04  2.8513870418842452e-04 -7.6842988414384272e-04  1.5918186685460814e-03  0.0000000000000000e+00  6.8851677017149582e-01
 200 -1.7838845558027075e-04 -6.0690973483529210e-04  1.9957501818034925e-03 -7.2811001511752281e-04  0.0000000000000000e+00  6.8984419752369908e-01
 201  3.4802225460300065e-04  2.5195780845064841e-04 -1.8563663090287322e-03 -7.5997614119826141e-04  0.0000000000000000e+00  6.9311500085511146e-01
 202 -1.3241588940860754e-04  4.5776414745285862e-04  8.3747497210857013e-04  1.6907602691911036e-03  0.0000000000000000e+00  6.9315638815435043e-01
 203  4.7864346887644575e-06 -6.3813377326464170e-04  1.2885097854349560e-03 -1.5628608962710475e-03  0.0000000000000000e+00  6.9689517538113721e-01
 204  3.2322661572328982e-04  3.3848669887564289e-05 -1.9206045378707657e-03  3.6824607553432090e-04  0.0000000000000000e+00  6.9505300209736909e-01
 205 -3.2501789265692389e-04  5.4527136111535523e-04  1.8729332101391593e-03  1.0179764926211610e-03  0.0000000000000000e+00  6.9916134337212754e-01
 206 -7.1033168452435116e-05 -5.2767882147499020e-04 -2.5314639395087576e-04 -1.7048698338884378e-03  0.0000000000000000e+00  7.0107247984988064e-01
 207  6.2950650175326714e-04 -2.1056417588061915e-04 -1.3067816471813210e-03  1.4193914118807588e-03  0.0000000000000000e+00  7.0365257103575451e-01
 208 -3.5543620759778092e-04  5.8501298226498711e-04  1.9627095810123615e-03 -5.7952935512489737e-05  0.0000000000000000e+00  7.0818854815289833e-01
 209 -4.7102466600071558e-04 -3.8599059283718370e-04 -1.5269279262667920e-03 -1.0286812417389837e-03  0.0000000000000000e+00  7.1113862901140390e-01
 210  7.3882438026630771e-04 -2.2897658566024151e-04  1.0060551588992049e-04  1.8175378293263770e-03  0.0000000000000000e+00  7.1913874449885185e-01
 211  4.6192239400274563e-06  5.5729475341963729e-04  1.3265720000511726e-03 -1.1799479361247654e-03  0.0000000000000000e+00  7.1967601026379513e-01
 212 -7.5103223314911471e-04 -2.7655858940344900e-04 -1.9951750889711348e-03  8.8651893314145382e-05  0.0000000000000000e+00  7.2665868419312030e-01
 213  4.6434197566088331e-04 -2.8045538658301428e-04  1.3942620710751554e-03  1.1821123580000516e-03  0.0000000000000000e+00  7.3798050856122555e-01
 214  3.7058219450869083e-04  6.3236797681166671e-04 -5.2825589910783636e-05 -1.7685416940822728e-03  0.0000000000000000e+00  7.3485669443319079e-01
 215 -5.8107341242699608e-04 -1.1820137212808394e-04 -1.6203878744174359e-03  1.1347910265985209e-03  0.0000000000000000e+00  7.4275985883138618e-01
 216  1.1150847067582568e-04 -4.9552857098890803e-04  1.9439710548999978e-03  3.9515119833178560e-05  0.0000000000000000e+00  7.4786674462169345e-01
 217  3.8263284967125457e-04  6.4131651453683128e-04 -1.4552422028840165e-03 -1.4403286408472616e-03  0.0000000000000000e+00  7.4536339308807675e-01
 218 -3.0711727730906388e-04  7.7418460806076764e-05 -3.5761874979056045e-04  1.7217555955242032e-03  0.0000000000000000e+00  7.5094495784987458e-01
 219  1.1427208522135639e-04 -6.6115873814026052e-04  1.8609885361848897e-03 -1.0380788721380829e-03  0.0000000000000000e+00  7.5323146231211535e-01
 220  2.2522915688977013e-04  4.3611513330346554e-04 -1.9701946486648044e-03 -4.7723184503109642e-04  0.0000000000000000e+00  7.5322077819688904e-01
 221 -3.6477286292760971e-04  2.8070495412522767e-04  1.1953774028575050e-03  1.5228338209508834e-03  0.0000000000000000e+00  7.5530343584666371e-01
 222  2.3106489058464797e-04 -7.4847843101693158e-04  8.6583604830350294e-04 -1.7080045348929621e-03  0.0000000000000000e+00  7.6105437573457191e-01
 223  4.1839680629876020e-04  2.0079124978371291e-04 -1.7530825665138417e-03  6.7064797249828797e-04  0.0000000000000000e+00  7.5619326550336219e-01
 224 -5.9231214227557978e-04  4.5179050305067732e-04  1.9636883867016589e-03  6.8769324927788107e-04  0.0000000000000000e+00  7.6432432922834170e-01
 225 -1.9653702973739027e-05 -6.2884508067267920e-04 -7.0473399652949014e-04 -1.5525153581139209e-03  0.0000000000000000e+00  7.6784042678556108e-01
 226  7.6957126624152192e-04 -2.2590013423689781e-05 -8.7725384700777461e-04  1.6388503049698715e-03  0.0000000000000000e+00  7.6997520557995303e-01
 227 -4.9308296500878582e-04  5.5304258352315602e-04  1.8321479693120442e-03 -4.4945417943020036e-04  0.0000000000000000e+00  7.7700315522762142e-01
 228 -4.6017212603013507e-04 -5.4554465208118377e-04 -1.7335847007105823e-03 -6.5244405132006285e-04  0.0000000000000000e+00  7.8001444069984871e-01
 229  8.0259854550487962e-04 -2.2068418302032359e-06  6.3298356369929454e-04  1.7336621488038848e-03  0.0000000000000000e+00  7.8658958744030982e-01
 230 -6.6664722839134588e-05  6.1637234907572570e-04  9.3940537338834805e-04 -1.4387016829879430e-03  0.0000000000000000e+00  7.8923792037360641e-01
 231 -6.3416366852515340e-04 -4.5210789442041191e-04 -1.9963090505036520e-03  4.9949869699837798e-04  0.0000000000000000e+00  7.9301013173239254e-01
 232  4.7527107948580231e-04 -1.8449855141353130e-04  1.6495937208228619e-03  8.6114653164065774e-04  0.0000000000000000e+00  8.0227275430245082e-01
 233  2.4638428939261468e-04  7.4220947703375415e-04 -6.0016945710116454e-04 -1.7479219721361369e-03  0.0000000000000000e+00  7.9764777104729245e-01
 234 -4.2808192800499492e-04 -2.7961102195211599e-04 -1.3849925812175930e-03  1.4082978495540408e-03  0.0000000000000000e+00  8.0360544041937376e-01
 235  2.1347676862974645e-04 -4.3059292634859509e-04  1.9774179003739958e-03 -2.9203465881280481e-04  0.0000000000000000e+00  8.0651776041039014e-01
 236  1.7592578624989731e-04  6.8671212732896510e-04 -1.7550578059058518e-03 -1.1944805096632454e-03  0.0000000000000000e+00  8.0538836842215522e-01
 237 -2.9942235911682155e-04 -7.6737465713285218e-05  8.3685392053967113e-05  1.7473776685518326e-03  0.0000000000000000e+00  8.0851203244465442e-01
 238  3.2878951910324120e-04 -6.3900956639354183e-04  1.6195183298338826e-03 -1.3039427295141251e-03  0.0000000000000000e+00  8.1290048907775414e-01
 239  1.1381732484583212e-04  5.1256963213663583e-04 -1.9765445099875966e-03 -1.6021757100891917e-04  0.0000000000000000e+00  8.1125827740615120e-01
 240 -5.2335538448605062e-04  1.2720738720913938e-04  1.4726393554947534e-03  1.2853980045449719e-03  0.0000000000000000e+00  8.1519504900952733e-01
 241  3.7189214398094774e-04 -6.7745178798174477e-04  3.4727027678313672e-04 -1.7743922820699551e-03  0.0000000000000000e+00  8.2291309509853217e-01
 242  4.2669865416349468e-04  2.9078134479459494e-04 -1.5378036269292938e-03  9.9905388638146016e-04  0.0000000000000000e+00  8.1866194850646978e-01
 243 -7.3932895118987917e-04  2.9767373202548063e-04  1.9957190743976100e-03  3.0179339255966432e-04  0.0000000000000000e+00  8.2953782089132633e-01
 244  4.1362958635350762e-05 -5.7673080015954660e-04 -1.1326272494810838e-03 -1.3354368267517697e-03  0.0000000000000000e+00  8.3617882860290260e-01
 245  7.4373654213116987e-04  1.7939942297114968e-04 -3.8537688430168433e-04  1.7795298823012496e-03  0.0000000000000000e+00  8.3705773696673114e-01
 246 -5.2354476745573831e-04  4.0901483534693466e-04  1.6590112432136490e-03 -8.4243097849904895e-04  0.0000000000000000e+00  8.4537596868867348e-01
 247 -3.5761960088213506e-04 -5.8465611496438677e-04 -1.8995012141016466e-03 -2.6682221262724806e-04  0.0000000000000000e+00  8.4875823547116203e-01
 248  6.9453418918533907e-04  1.9588126355640515e-04  1.1025273321574379e-03  1.5546214642954026e-03  0.0000000000000000e+00  8.5304239255202396e-01
 249 -1.0056872634610677e-04  5.3539556930351224e-04  5.1844015506726936e-04 -1.6358440684797301e-03  0.0000000000000000e+00  8.5662443894263740e-01
 250 -3.9942282959353989e-04 -5.3959359569595165e-04 -1.9464760257519790e-03  8.4920085620263412e-04  0.0000000000000000e+00  8.5846310842230633e-01
 251  3.7189696508994414e-04 -3.8782535996786413e-05  1.8564002187092567e-03  5.5464999394432783e-04  0.0000000000000000e+00  8.6392765807964822e-01
 252  6.0671813897106201e-05  6.6170872652789091e-04 -1.0657301436392107e-03 -1.6513771736994098e-03  0.0000000000000000e+00  8.6114953209625988e-01
 253 -1.8726721543203112e-04 -4.4100366680600405e-04 -1.0759792138527009e-03  1.6162578268315876e-03  0.0000000000000000e+00  8.6526187194253901e-01
 254  3.0044587376751265e-04 -2.5986792031008411e-04  1.9234523241514138e-03 -5.8152175443625619e-04  0.0000000000000000e+00  8.6565557136210736e-01
 255 -1.0874955304517313e-04  6.2412560400113861e-04 -1.9426139679196738e-03 -9.0377193832878711e-04  0.0000000000000000e+00  8.6800698773006801e-01
 256 -2.4793471089186935e-04 -2.6930090908388812e-04  5.1993607437138582e-04  1.6734829067673602e-03  0.0000000000000000e+00  8.6939834137634708e-01
 257  5.3470162303004558e-04 -4.7073922446266099e-04  1.2426240448872581e-03 -1.5373582101152177e-03  0.0000000000000000e+00  8.7536714865237863e-01
 258 -7.1896205933132015e-05  5.4086922857011653e-04 -1.9144469176726594e-03  2.0642161428177858e-04  0.0000000000000000e+00  8.7482765354813019e-01
 259 -6.0719591124498500e-04 -1.0581866608396891e-04  1.6831597729340768e-03  9.5558961107618701e-04  0.0000000000000000e+00  8.8002982095232796e-01
 260  5.2772935140228054e-04 -4.3703721594094827e-04 -2.4632315551198323e-04 -1.7663055564853499e-03  0.0000000000000000e+00  8.8925773414108611e-01
 261  3.0782847709725125e-04  4.1415376479008212e-04 -1.2305036348594538e-03  1.3142237420988210e-03  0.0000000000000000e+00  8.8781494802176508e-01
 262 -7.8307051801173168e-04  2.5517325262363399e-05  1.9870092364619595e-03 -1.5958252516494359e-04  0.0000000000000000e+00  8.9829018467501431e-01
 263  1.7971879485520571e-04 -4.5057295793742035e-04 -1.4882472514237898e-03 -1.0390904634585167e-03  0.0000000000000000e+00  9.0801662880071021e-01
 264  5.8095491802057087e-04  4.5496205891867078e-04  1.9926629522283508e-04  1.8065093232111974e-03  0.0000000000000000e+00  9.0582641045737278e-01
 265 -4.9840563378454117e-04  1.5985119798459291e-04  1.4444887343400227e-03 -1.2084992982465356e-03  0.0000000000000000e+00  9.1460537127901365e-01
 266 -1.4014968985625790e-04 -5.7186515965211928e-04 -1.9933779809099468e-03  1.1915112571515688e-04  0.0000000000000000e+00  9.1792114221545995e-01
 267  4.7928200279542306e-04  4.1363907936198480e-04  1.5160104121791764e-03  1.3163981589540841e-03  0.0000000000000000e+00  9.1935923379255569e-01
 268 -1.8133600090806300e-04  3.3368356478696761e-04  6.9648806433566797e-05 -1.7451904998316897e-03  0.0000000000000000e+00  9.2299424494513338e-01
 269 -6.8546507017739049e-05 -6.3869501557642838e-04 -1.8030020451355821e-03  1.1591884156330519e-03  0.0000000000000000e+00  9.2496506258728683e-01
 270  2.7467464107882287e-04  1.8755933610335685e-04  1.9692153161025693e-03  2.7083451440839312e-04  0.0000000000000000e+00  9.2605298295101646e-01
 271 -2.2800319067400746e-04  4.8168899960567360e-04 -1.4178282983144707e-03 -1.4586775775532461e-03  0.0000000000000000e+00  9.2715287475860764e-01
 272  5.1344430750621792e-05 -6.3286395950175117e-04 -6.5594236460126375e-04  1.7366581210486035e-03  0.0000000000000000e+00  9.3087841271399674e-01
 273  4.5674212922806071e-04 -4.5282266562384671e-05  1.7285526316811785e-03 -8.6455908355316253e-04  0.0000000000000000e+00  9.2871034627324445e-01
 274 -4.2051242402627107e-04  5.6431295034046656e-04 -2.0154491881791896e-03 -5.6774060045377346e-04  0.0000000000000000e+00  9.3497670867938332e-01
 275 -2.1525013336276956e-04 -4.8421511077831721e-04  9.1307552361157755e-04  1.4823834171940103e-03  0.0000000000000000e+00  9.3666199083237489e-01
 276  7.4432094047121710e-04 -2.2762452492047108e-04  7.4858011649124665e-04 -1.7223880875920814e-03  0.0000000000000000e+00  9.4225197553222251e-01
 277 -2.5828371887170792e-04  5.7930209191326971e-04 -1.7599394073335086e-03  5.8886731145699515e-04  0.0000000000000000e+00  9.4466558880665363e-01
 278 -6.2956390045233669e-04 -3.7132714753629895e-04  1.8318575982133798e-03  5.4388801565978257e-04  0.0000000000000000e+00  9.4921694846493643e-01
 279  6.7697000179122466e-04 -1.8719889613630689e-04 -7.8317099443483496e-04 -1.6475320631729219e-03  0.0000000000000000e+00  9.5897105773225388e-01
 280  1.6860049080626434e-04  5.8739858506978043e-04 -7.8740217074303590e-04  1.5421681037249178e-03  0.0000000000000000e+00  9.5912176312394259e-01
 281 -7.1640342303212182e-04 -2.4394731657191422e-04  1.9414004505555497e-03 -6.0237682181262919e-04  0.0000000000000000e+00  9.6624756290500957e-01
 282  3.0790134608997495e-04 -3.6319355883731322e-04 -1.7164860925782592e-03 -6.8790172019058749e-04  0.0000000000000000e+00  9.7569231011939317e-01
 283  4.0605394443875547e-04  6.9171650505057980e-04  7.7450654342096469e-04  1.7321269632779265e-03  0.0000000000000000e+00  9.7068700710453537e-01
 284 -4.3812339338996796e-04 -6.3454100187557556e-05  1.1641854949329673e-03 -1.4808615494418371e-03  0.0000000000000000e+00  9.7849624253115541e-01
 285  8.5385615241810795e-05 -5.6465215178614161e-04 -1.9955601781341398e-03  4.7157417131445285e-04  0.0000000000000000e+00  9.8099702478361417e-01
 286  2.8115564406526819e-04  5.7597845065549978e-04  1.8030666040956583e-03  1.0536194571140376e-03  0.0000000000000000e+00  9.8097679197545262e-01
 287 -2.9525707132631302e-04  1.4623863095342607e-04 -3.7858290224949352e-04 -1.7342152251561857e-03  0.0000000000000000e+00  9.8370649116502729e-01
 288  2.1486240745055565e-04 -7.2734298691642973e-04 -1.5347921289876696e-03  1.4171610403509362e-03  0.0000000000000000e+00  9.8820107643167043e-01
 289  2.5164644261752820e-04  3.6268128695930951e-04  1.9448502706714515e-03 -2.5706061970763120e-05  0.0000000000000000e+00  9.8522906184058978e-01
 290 -4.9572667718559703e-04  3.3844344779211145e-04 -1.6515101292852081e-03 -1.1989143263333767e-03  0.0000000000000000e+00  9.8976527722826779e-01
 291  1.8887749482250055e-04 -7.1033015150403806e-04 -1.5606582105871954e-04  1.7514617845037551e-03  0.0000000000000000e+00  9.9493654548581567e-01
 292  5.8554888075342524e-04  1.0130428450009284e-04  1.4534861517371798e-03 -1.1606827337128298e-03  0.0000000000000000e+00  9.9220889880448537e-01
 293 -6.2521800136378753e-04  4.9434618486663578e-04 -2.0033455048127668e-03 -1.9289452667897440e-04  0.0000000000000000e+00  1.0018533984469593e+00
 294 -2.0063768560500195e-04 -5.8918399545600730e-04  1.2636818250308672e-03  1.2153707367547689e-03  0.0000000000000000e+00  1.0052269325887264e+00
 295  8.3744570188583898e-04 -6.6329473922236758e-07  2.1801402154239077e-04 -1.8222422912250746e-03  0.0000000000000000e+00  1.0090246153450153e+00
 296 -3.3922430154399887e-04  5.6529859013311902e-04 -1.5287980116225482e-03  9.4878991107820085e-04  0.0000000000000000e+00  1.0140499019897837e+00
 297 -5.7397819191725536e-04 -5.3042180430288850e-04  1.9467215927419135e-03  1.2776058015262194e-04  0.0000000000000000e+00  1.0171147818557926e+00
 298  6.8870418119926647e-04 -2.4182192878773063e-05 -1.1985388655824938e-03 -1.4280383140432386e-03  0.0000000000000000e+00  1.0258313663312832e+00
 299  9.4113235227164459e-05  6.6875016674482755e-04 -2.9105625617395297e-04  1.6843502564565663e-03  0.0000000000000000e+00  1.0257098792981645e+00
 300 -5.5190275377260429e-04 -4.0003774187458418e-04  1.8460825336535597e-03 -9.5660076495970988e-04  0.0000000000000000e+00  1.0299062775787444e+00
 301  3.2423366468233944e-04 -2.8241612915806891e-04 -1.8699095398767088e-03 -3.5068955673951278e-04  0.0000000000000000e+00  1.0363408996773429e+00
 302  2.3353143233693769e-04  7.4960034634574137e-04  1.2363828439154276e-03  1.5927495692288555e-03  0.0000000000000000e+00  1.0318593840253405e+00
 303 -3.1686299787045787e-04 -2.1920494595562549e-04  8.1661154493015847e-04 -1.6574451309256800e-03  0.0000000000000000e+00  1.0373666410403979e+00
 304  2.4384668226675181e-04 -5.0292447631417796e-04 -1.9168605332155158e-03  7.7403236651921170e-04  0.0000000000000000e+00  1.0392198769133956e+00
 305  8.4493385858420660e-05  6.1466602896494344e-04  1.9608868221641074e-03  7.6639189932984166e-04  0.0000000000000000e+00  1.0398446557145775e+00
 306 -3.6213082206394616e-04 -9.4800603899396300e-06 -7.8704113049891369e-04 -1.6292684735373358e-03  0.0000000000000000e+00  1.0417574146373740e+00
 307  4.1110985643066309e-04 -6.7756602587709213e-04 -1.1492310119800341e-03  1.6183683516538968e-03  0.0000000000000000e+00  1.0488966871653214e+00
 308  1.9475027273603446e-04  4.3542043222277027e-04  1.8509107627254933e-03 -3.6466055253711182e-04  0.0000000000000000e+00  1.0446374748931757e+00
 309 -6.6111843282015584e-04  1.7828777998223107e-04 -1.8159726204431347e-03 -8.8054027112848020e-04  0.0000000000000000e+00  1.0519692323572620e+00
 310  2.8574867089718763e-04 -6.0477500880494668e-04  3.8700213028721505e-04  1.6902707326260360e-03  0.0000000000000000e+00  1.0595335544958355e+00
 311  5.7748252958334889e-04  2.2598865444453786e-04  1.1209491912773980e-03 -1.4426522272410029e-03  0.0000000000000000e+00  1.0582276821681325e+00
 312 -7.1087081618076843e-04  3.2245381300593124e-04 -1.9451429176420892e-03  2.3112832573942620e-04  0.0000000000000000e+00  1.0692333853577005e+00
 313 -1.2841763579686497e-04 -5.6705317549126809e-04  1.5706231895441559e-03  8.9753013957546317e-04  0.0000000000000000e+00  1.0751480891094582e+00
 314  7.5694911374385812e-04  2.3941277307084361e-04 -3.3892584627007085e-04 -1.8126524031901480e-03  0.0000000000000000e+00  1.0761649517161536e+00
 315 -3.4497456400818343e-04  4.2955781601177612e-04 -1.2523865297972964e-03  1.2773960986940736e-03  0.0000000000000000e+00  1.0831406021360148e+00
 316 -4.0208949371767591e-04 -5.8112384573998554e-04  2.0184843894631749e-03 -2.6303544218446467e-04  0.0000000000000000e+00  1.0852050465233873e+00
 317  5.4595311669434880e-04  1.3775842426797452e-04 -1.5494733474896395e-03 -1.1595606827755347e-03  0.0000000000000000e+00  1.0910907120378877e+00
 318  2.8483761628033233e-06  5.8144087720689189e-04  2.0290998331195216e-04  1.7547909693342806e-03  0.0000000000000000e+00  1.0910102235129941e+00
 319 -2.7366935222534583e-04 -5.1937831672897521e-04  1.6855856417699088e-03 -1.2558749052076093e-03  0.0000000000000000e+00  1.0937856364899785e+00
 320  2.8260579902434193e-04 -1.0759432358198828e-04 -1.9673128678149949e-03 -4.9875160762103526e-05  0.0000000000000000e+00  1.0962761912288048e+00
 321 -3.0833064228444213e-05  6.4291825787402240e-04  1.5850440394786557e-03  1.3826126086323158e-03  0.0000000000000000e+00  1.0957640917697893e+00
 322 -1.3845421766439339e-04 -4.0397700920899535e-04  3.9780210886572654e-04 -1.7510946086588893e-03  0.0000000000000000e+00  1.0987103940777185e+00
 323  4.1449537511845281e-04 -3.3090795338810964e-04 -1.7168383320121025e-03  1.0502359214584051e-03  0.0000000000000000e+00  1.1000420566580451e+00
 324 -1.8103378389421195e-04  5.9372059007352786e-04  2.0235408775847968e-03  4.3399556186626148e-04  0.0000000000000000e+00  1.1030002715284855e+00
 325 -3.8293828363120163e-04 -2.2575664779100443e-04 -1.1362796378605702e-03 -1.4232504113789323e-03  0.0000000000000000e+00  1.1049470357805815e+00
 326  6.0641441927167499e-04 -4.5619533844361564e-04 -6.3038549502051570e-04  1.7659371011434864e-03  0.0000000000000000e+00  1.1130737505322823e+00
 327  4.3313291314760451e-05  4.9600346196191952e-04  1.6893848517853338e-03 -7.3371247202095181e-04  0.0000000000000000e+00  1.1110357023943978e+00
 328 -7.3789014106984379e-04 -8.6216642714766759e-05 -1.9200469626220172e-03 -4.6971535703227771e-04  0.0000000000000000e+00  1.1190962205624735e+00
 329  4.3230788225524336e-04 -3.8568519674644729e-04  9.1128314948817253e-04  1.5421208562171006e-03  0.0000000000000000e+00  1.1294821022144157e+00
 330  4.3694492298392517e-04  4.3301319404587664e-04  6.6198814435989716e-04 -1.6470086561152487e-03  0.0000000000000000e+00  1.1286935262294113e+00
 331 -7.0090226112445397e-04  4.3846962485579084e-05 -1.8550322106605896e-03  6.7732765372046679e-04  0.0000000000000000e+00  1.1383924702073220e+00
 332  3.5834386018623502e-05 -4.9776871573553008e-04  1.7909237641038323e-03  5.3230186733635909e-04  0.0000000000000000e+00  1.1457874092125071e+00
 333  5.5988699503351131e-04  5.0897954281554393e-04 -8.9961251045616393e-04 -1.6975556869735856e-03  0.0000000000000000e+00  1.1434466867730464e+00
 334 -3.4116534284429347e-04  1.9784996879581432e-04 -9.2802632807539572e-04  1.5416500128470393e-03  0.0000000000000000e+00  1.1511432837127453e+00
 335 -1.2089339383900097e-04 -6.0642289811080807e-04  2.0097665702250300e-03 -6.2246766026719501e-04  0.0000000000000000e+00  1.1527263257977480e+00
 336  3.4927509482831818e-04  3.4437158676801764e-04 -1.8254275576088631e-03 -8.8235373573926975e-04  0.0000000000000000e+00  1.1552860985966367e+00
 337 -1.7572583706995965e-04  3.8253882739475419e-04  6.6363673551949058e-04  1.7175071389380983e-03  0.0000000000000000e+00  1.1562210785630744e+00
 338  4.8006944039443434e-05 -6.7514155350538506e-04  1.4101497454264377e-03 -1.5043687098804071e-03  0.0000000000000000e+00  1.1599480335203625e+00
 339  3.0698903490304028e-04  1.2545704495114338e-04 -1.9358218462433743e-03  2.3381357513357648e-04  0.0000000000000000e+00  1.1578753261421548e+00
 340 -3.6192740048710713e-04  5.0446641865676016e-04  1.8023467929393900e-03  1.1051575676132264e-03  0.0000000000000000e+00  1.1619057408980105e+00
 341 -4.7194273841828425e-07 -5.9391771009616407e-04 -7.6228404780927380e-05 -1.7290233600858319e-03  0.0000000000000000e+00  1.1644671511229641e+00
 342  6.2015148090198153e-04 -1.2812872993956244e-04 -1.3871853045402229e-03  1.3208233069291404e-03  0.0000000000000000e+00  1.1653148365208315e+00
 343 -4.3309825287241195e-04  5.8020895302357794e-04  1.9887885876905581e-03  5.9162876170932655e-05  0.0000000000000000e+00  1.1714596472070655e+00
 344 -3.9601748203763721e-04 -4.5389254986304438e-04 -1.4217091731754446e-03 -1.1152727632602350e-03  0.0000000000000000e+00  1.1739317615880291e+00
 345  7.8320768135217418e-04 -1.8105727465173960e-04 -4.9455945889705503e-05  1.8289634032076121e-03  0.0000000000000000e+00  1.1809608457003826e+00
 346 -1.0084459803636587e-04  5.7804808635458164e-04  1.4173598105336955e-03 -1.0781393204336920e-03  0.0000000000000000e+00  1.1823962299614248e+00
 347 -7.1887959132094237e-04 -3.5341453415868677e-04 -1.9826435956647728e-03 -1.3632845248747018e-05  0.0000000000000000e+00  1.1881317309542123e+00
 348  5.5029114959085550e-04 -2.1756311563343936e-04  1.3051472316418444e-03  1.2872869846684346e-03  0.0000000000000000e+00  1.1992890379556047e+00
 349  2.9740701917218627e-04  6.5294223356112877e-04  1.0044423328035432e-04 -1.7411720946445232e-03  0.0000000000000000e+00  1.1968569295557865e+00
 350 -6.0561493908881851e-04 -1.9668018337843824e-04 -1.7137894053761283e-03  1.0524955922912647e-03  0.0000000000000000e+00  1.2040334248196793e+00
 351  1.8251281426199053e-04 -4.4985956717381111e-04  1.9108576546005591e-03  1.6413480609320282e-04  0.0000000000000000e+00  1.2100134071073938e+00
 352  3.6320679365356581e-04  6.9130670361697570e-04 -1.3614810179822018e-03 -1.5139322738357886e-03  0.0000000000000000e+00  1.2063534970410597e+00
 353 -3.3371020542097198e-04  1.5915781162933087e-07 -5.4053907722573626e-04  1.6953776201474690e-03  0.0000000000000000e+00  1.2124936327627258e+00
 354  1.4237028794760216e-04 -6.3532982051450932e-04  1.8990837489141438e-03 -9.3622239871897961e-04  0.0000000000000000e+00  1.2146700005537969e+00
 355  2.0650708489581955e-04  5.0038530516490539e-04 -1.9621374555685513e-03 -6.0005479915983459e-04  0.0000000000000000e+00  1.2147920549521927e+00
 356 -3.6889241476534664e-04  2.1182850084453024e-04  1.0436072973104050e-03  1.5754913175833945e-03  0.0000000000000000e+00  1.2168364246780583e+00
 357  2.7460301348963291e-04 -7.5531762141282260e-04  1.0075679099289848e-03 -1.6739545970950378e-03  0.0000000000000000e+00  1.2230682306372636e+00
 358  3.6668268318462531e-04  2.7392301323474145e-04 -1.7959859947747783e-03  5.4296435858176102e-04  0.0000000000000000e+00  1.2179104778349894e+00
 359 -6.1305716913210185e-04  3.9597286568171281e-04  1.9193306654063163e-03  7.8435547965028686e-04  0.0000000000000000e+00  1.2258097992413000e+00
 360  6.3702886051632030e-05 -6.5064112315076116e-04 -5.5678971245665674e-04 -1.6099707002336185e-03  0.0000000000000000e+00  1.2302377920550431e+00
 361  7.3391745850275567e-04  3.6248449052369375e-05 -9.9557589354220860e-04  1.5638793698881991e-03  0.0000000000000000e+00  1.2310753785850785e+00
 362 -5.6381906344392504e-04  5.1867054037871068e-04  1.8828699078046469e-03 -3.3758692594773403e-04  0.0000000000000000e+00  1.2395543426335747e+00
 363 -3.7846602419841475e-04 -5.7155371804789028e-04 -1.6620645939733184e-03 -7.6059400532765007e-04  0.0000000000000000e+00  1.2427714513312986e+00
 364  8.2119556563927721e-04  4.6930730468362995e-05  4.9309500154924287e-04  1.7783113172583462e-03  0.0000000000000000e+00  1.2478932729517564e+00
 365 -1.5393212734135170e-04  5.9121300841419430e-04  1.0684693098298832e-03 -1.3626133731451846e-03  0.0000000000000000e+00  1.2516808522085590e+00
 366 -5.9816771750016446e-04 -5.0041227268521945e-04 -2.0108452626493591e-03  3.9441512841746130e-04  0.0000000000000000e+00  1.2547021991408622e+00
 367  5.2607752782918033e-04 -1.0854437333782697e-04  1.5913214844490613e-03  9.8321251206445596e-04  0.0000000000000000e+00  1.2636954439591077e+00
 368  1.9009560759907350e-04  7.2292371003478833e-04 -4.3860617640337863e-04 -1.7558110076976994e-03  0.0000000000000000e+00  1.2600540073736166e+00
 369 -4.2249883918497297e-04 -3.4429326963336893e-04 -1.5089467566873579e-03  1.3393557274853358e-03  0.0000000000000000e+00  1.2651749826222991e+00
 370  2.4055256641089101e-04 -3.6255423893794296e-04  1.9703553944578418e-03 -1.6292353684962900e-04  0.0000000000000000e+00  1.2684029452412713e+00
 371  1.4909352036030995e-04  7.0310729004189254e-04 -1.6883265139950776e-03 -1.2832590864646348e-03  0.0000000000000000e+00  1.2668537910276769e+00
 372 -2.7620812161374344e-04 -1.5403668973071956e-04 -1.0785561969143727e-04  1.7514678889887919e-03  0.0000000000000000e+00  1.2702168920140493e+00
 373  3.3959150241021926e-04 -5.7767121137204170e-04  1.6854475922504538e-03 -1.2093102838369046e-03  0.0000000000000000e+00  1.2738453149174271e+00
 374  5.3829837302942884e-05  5.4953853756049115e-04 -1.9951470039984540e-03 -2.8186286483649812e-04  0.0000000000000000e+00  1.2733595038663232e+00
 375 -4.8972593719760380e-04  4.8198077513804635e-05  1.3504841372946749e-03  1.3572130831243075e-03  0.0000000000000000e+00  1.2765802332170950e+00
 376  4.2933842956724899e-04 -6.4983146101054053e-04  4.9723613668441462e-04 -1.7728405519210877e-03  0.0000000000000000e+00  1.2847562413618532e+00
 377  3.3549561679892227e-04  3.5158188468892017e-04 -1.6085899888474216e-03  8.8308536921633863e-04  0.0000000000000000e+00  1.2803318628503231e+00
 378 -7.5071055415782664e-04  2.1666369607499975e-04  1.9789741959869230e-03  4.0018020744941120e-04  0.0000000000000000e+00  1.2907658863715288e+00
 379  1.4450041553301123e-04 -5.5131697884301971e-04 -1.0225613334822051e-03 -1.4231492164121665e-03  0.0000000000000000e+00  1.2985234184888275e+00
 380  6.8151229913051702e-04  2.2982656969742330e-04 -5.2765441369550148e-04  1.7354160470150080e-03  0.0000000000000000e+00  1.2987379513489135e+00
 381 -5.9092749324546562e-04  3.3679691270823358e-04  1.7396681160307573e-03 -7.4823214684885777e-04  0.0000000000000000e+00  1.3079902632332177e+00
 382 -2.6565139944823322e-04 -5.7745257456679854e-04 -1.8547456315766470e-03 -3.8491263862688732e-04  0.0000000000000000e+00  1.3122668912358260e+00
 383  6.8903872532863277e-04  2.6775552059576940e-04  9.9632660375281300e-04  1.6275200928601086e-03  0.0000000000000000e+00  1.3147329804665016e+00
 384 -1.7567463561816179e-04  4.6527404151848240e-04  6.8293947220517690e-04 -1.5907124244754645e-03  0.0000000000000000e+00  1.3198320667641614e+00
 385 -3.5336281656384673e-04 -5.6886550851004331e-04 -1.9853606455403567e-03  7.5132185249283197e-04  0.0000000000000000e+00  1.3213037256365650e+00
 386  3.8984387090325583e-04  5.4628099079945318e-05  1.8286917068162721e-03  6.8522961511976099e-04  0.0000000000000000e+00  1.3265175733305621e+00
 387  1.1103700299688736e-05  6.1022048710021723e-04 -9.1414569488560630e-04 -1.6888088348804130e-03  0.0000000000000000e+00  1.3245114799864288e+00
 388 -1.4846439622229044e-04 -5.0654276312027109e-04 -1.2255968086503552e-03  1.5685118216329213e-03  0.0000000000000000e+00  1.3283105746948496e+00
 389  3.0013216247954815e-04 -1.6676969031530599e-04  1.9391360933812133e-03 -4.5087558631369941e-04  0.0000000000000000e+00  1.3282766751479056e+00
 390 -1.5629218843186878e-04  6.1303274664969336e-04 -1.9003666918411316e-03 -9.9987415916395891e-04  0.0000000000000000e+00  1.3308469566103482e+00
 391 -1.8635336999621137e-04 -3.5566777913762187e-04  3.4077542853631345e-04  1.7050118208901158e-03  0.0000000000000000e+00  1.3323140969602894e+00
 392  5.5058447108151181e-04 -3.9159301237461894e-04  1.3328072432652715e-03 -1.4581487391673031e-03  0.0000000000000000e+00  1.3369992493366378e+00
 393 -1.6677970226462567e-04  5.6564906103532327e-04 -1.9516788714396510e-03  8.6650568322313058e-05  0.0000000000000000e+00  1.3382310193329245e+00
 394 -5.5072068396543018e-04 -1.9556646049417035e-04  1.5890364060490434e-03  1.0387889577386609e-03  0.0000000000000000e+00  1.3423101253119785e+00
 395  6.0262108788425946e-04 -3.8706812570799584e-04 -1.0128773200338715e-04 -1.7975164914293667e-03  0.0000000000000000e+00  1.3513319985128966e+00
 396  1.9654537095415523e-04  4.6500958312188471e-04 -1.3241405942498138e-03  1.2150073902146387e-03  0.0000000000000000e+00  1.3500785891525848e+00
 397 -7.8646420066657251e-04 -6.9532507675642679e-05  1.9953543146458892e-03 -6.4443045689955623e-05  0.0000000000000000e+00  1.3596950187198888e+00
 398  2.9159717817603626e-04 -3.9787308693704782e-04 -1.4065964992863575e-03 -1.1466884119030109e-03  0.0000000000000000e+00  1.3703671134705822e+00
 399  5.1458650408773079e-04  5.0362071106365314e-04  5.2623000422694534e-05  1.7938548739666080e-03  0.0000000000000000e+00  1.3679102283116222e+00
 400 -5.5460662053471760e-04  7.0572964413564553e-05  1.5550769623823419e-03 -1.1311838109360826e-03  0.0000000000000000e+00  1.3767838511904051e+00
 401 -5.5101307347867818e-05 -5.4912892977879244e-04 -1.9655607894496115e-03 -1.5513477218558093e-07  0.0000000000000000e+00  1.3810622437767526e+00
 402  4.6919271676947310e-04  4.9609192631152287e-04  1.4414734734206852e-03  1.4085227673383629e-03  0.0000000000000000e+00  1.3808530686637650e+00
 403 -2.3523765461969876e-04  2.4826258148086489e-04  2.5711724126118715e-04 -1.7272916028634332e-03  0.0000000000000000e+00  1.3857676402204206e+00
 404 -2.6624172393750958e-05 -6.4932263886275526e-04 -1.8611987569745224e-03  1.0688518961046748e-03  0.0000000000000000e+00  1.3875866616318611e+00
 405  2.6860702921324811e-04  2.7699513885022406e-04  1.9627294690254091e-03  4.0347098420586114e-04  0.0000000000000000e+00  1.3886673371783032e+00
 406 -2.5989705329906062e-04  4.1998513335144035e-04 -1.2838202329225150e-03 -1.5180844050084346e-03  0.0000000000000000e+00  1.3898777165952325e+00
 407  1.0577134245531029e-04 -6.8341840695096314e-04 -8.1901780553546018e-04  1.7137619738077389e-03  0.0000000000000000e+00  1.3942052193438559e+00
 408  4.3297002297623384e-04  4.5428731832062818e-05  1.7679136342131840e-03 -7.3784000126266979e-04  0.0000000000000000e+00  1.3909359498502158e+00
 409 -4.6933744087170916e-04  5.3571572281581044e-04 -1.9923504256262915e-03 -6.7098497948760486e-04  0.0000000000000000e+00  1.3976676595519781e+00
 410 -1.3664380819785246e-04 -5.4691470129011237e-04  7.6288323467153482e-04  1.5409525213773353e-03  0.0000000000000000e+00  1.3996643724853315e+00
 411  7.5215952886745750e-04 -1.6562731837258419e-04  8.7196648272901145e-04 -1.6664964830001797e-03  0.0000000000000000e+00  1.4039087288306002e+00
 412 -3.5242157422740446e-04  5.8453955622841621e-04 -1.8159836879484900e-03  4.7302152026344898e-04  0.0000000000000000e+00  1.4080316085910449e+00
 413 -5.6545822134040013e-04 -4.3768187600979941e-04  1.7671323027231632e-03  6.4408140001733416e-04  0.0000000000000000e+00  1.4116651514370051e+00
 414  7.4010543344685275e-04 -1.3402293341679625e-04 -6.5128986602784481e-04 -1.7094392861262161e-03  0.0000000000000000e+00  1.4203795720789649e+00
 415  7.2657279763221099e-05  6.0412278536574597e-04 -9.1284324432980681e-04  1.4673721588516079e-03  0.0000000000000000e+00  1.4213236885029836e+00
 416 -7.1064116436892052e-04 -3.2020786598346634e-04  1.9750907483801951e-03 -5.0592590007065099e-04  0.0000000000000000e+00  1.4274150266328050e+00
 417  3.9095355022302126e-04 -3.0259746597020626e-04 -1.6570002060051368e-03 -8.0885280098278464e-04  0.0000000000000000e+00  1.4374130071412410e+00
 418  3.5894476109656070e-04  7.1612145741512055e-04  6.3098343868734795e-04  1.7519457064412494e-03  0.0000000000000000e+00  1.4323532302198962e+00
 419 -4.6605049524395113e-04 -1.3907861608061011e-04  1.3027951973132534e-03 -1.4176993988875520e-03  0.0000000000000000e+00  1.4398042719235902e+00
 420  1.3104244080835132e-04 -5.2581003161653592e-04 -1.9888498495873748e-03  3.5197047728668035e-04  0.0000000000000000e+00  1.4427927863688828e+00
 421  2.6998995507544982e-04  6.3260173248088562e-04  1.7525530423509498e-03  1.1560812342845072e-03  0.0000000000000000e+00  1.4419439580756570e+00
 422 -3.0598995613940040e-04  7.1326782994941197e-05 -1.8918541946457210e-04 -1.7454658341599777e-03  0.0000000000000000e+00  1.4452533128146097e+00
 423  2.3964851674918269e-04 -7.0780058944072547e-04 -1.6191256711094906e-03  1.3375311098061530e-03  0.0000000000000000e+00  1.4494832877910822e+00
 424  2.1240509747871307e-04  4.2648458831550268e-04  1.9626624711031691e-03  1.0388559711323230e-04  0.0000000000000000e+00  1.4471008545954376e+00
 425 -4.9588989722853464e-04  2.7356427006494508e-04 -1.5454301899515640e-03 -1.2764304983434260e-03  0.0000000000000000e+00  1.4511369389992366e+00
 426  2.5265612934060564e-04 -7.2426827258305164e-04 -3.2053262875720011e-04  1.7611553642435409e-03  0.0000000000000000e+00  1.4572396116281257e+00
 427  5.2866071270710137e-04  1.7334788610215846e-04  1.5260766804008684e-03 -1.0454655932773432e-03  0.0000000000000000e+00  1.4533634830262210e+00
 428 -6.6603418253607591e-04  4.4337743898022306e-04 -2.0052639923968424e-03 -3.0104120279576688e-04  0.0000000000000000e+00  1.4635053933329010e+00
 429 -1.0972951656757751e-04 -6.0500324144910193e-04  1.1508587576327695e-03  1.3037255236457649e-03  0.0000000000000000e+00  1.4676742030354777e+00
 430  8.1957998749682039e-04  4.3675760915132550e-05  3.6759196276386848e-04 -1.7974826445594312e-03  0.0000000000000000e+00  1.4704117803657630e+00
 431 -4.2201814609157956e-04  5.3246997937033812e-04 -1.6154655855499384e-03  8.4729804318169348e-04  0.0000000000000000e+00  1.4767254061367159e+00
 432 -5.0718431685266145e-04 -5.6075236256885707e-04  1.9101451781264015e-03  2.4210114113212911e-04  0.0000000000000000e+00  1.4796115695835315e+00
 433  7.2340640153474936e-04  4.2879947862741618e-05 -1.0972371444540920e-03 -1.5185826444160094e-03  0.0000000000000000e+00  1.4869272005427603e+00
 434  1.6473360559940912e-05  6.3755193596948300e-04 -4.5195591303935704e-04  1.6424260550312185e-03  0.0000000000000000e+00  1.4882971239481897e+00
 435 -5.3233155297416172e-04 -4.5432775845700079e-04  1.9084386892891910e-03 -8.6506216897158628e-04  0.0000000000000000e+00  1.4915749422701055e+00
 436  3.6618436368815883e-04 -2.0659901798788068e-04 -1.8384214893220005e-03 -4.8131295339548557e-04  0.0000000000000000e+00  1.4983181793795304e+00
 437  1.9463015451439496e-04  7.4071673692798358e-04  1.1091218861686153e-03  1.6420920756598837e-03  0.0000000000000000e+00  1.4939031751989007e+00
 438 -3.0244986977935888e-04 -2.9053692557958800e-04  9.8352324975840822e-04 -1.6176010186623286e-03  0.0000000000000000e+00  1.4991508107824989e+00
 439  2.5419103051384342e-04 -4.3217488186325870e-04 -1.9372709401238913e-03  6.5429361372690753e-04  0.0000000000000000e+00  1.5007197042867828e+00
 440  4.6876147439586767e-05  6.3645986090102378e-04  1.9387000549684560e-03  8.7277847897667771e-04  0.0000000000000000e+00  1.5016160342907838e+00
 441 -3.2503177987371962e-04 -8.9180760824004773e-05 -6.1563612265417710e-04 -1.6690520769831324e-03  0.0000000000000000e+00  1.5034094325781162e+00
 442  4.3732878602688156e-04 -6.2640340765395919e-04 -1.2580302331586342e-03  1.5592793653349036e-03  0.0000000000000000e+00  1.5100984194244371e+00
 443  1.1054220621858533e-04  4.8170747516343621e-04  1.8936915780862792e-03 -2.4170238726459300e-04  0.0000000000000000e+00  1.5069757522316591e+00
 444 -6.3672796817442097e-04  9.5354043613560648e-05 -1.7400476014204035e-03 -9.6689261346818620e-04  0.0000000000000000e+00  1.5133202589923600e+00
 445  3.6914822813508414e-04 -5.7665386452229977e-04  2.4205040811623940e-04  1.7351578306863632e-03  0.0000000000000000e+00  1.5215826047351979e+00
 446  4.8874939557930458e-04  2.8651188536799640e-04  1.2234676898375235e-03 -1.3489268172670271e-03  0.0000000000000000e+00  1.5196375743033832e+00
 447 -7.4980146740455573e-04  2.4106583420867021e-04 -1.9739516461918507e-03  1.3120286111741492e-04  0.0000000000000000e+00  1.5309559874219170e+00
 448 -1.9926741744939160e-05 -5.4102470023778375e-04  1.4936011481556212e-03  1.0064233937185675e-03  0.0000000000000000e+00  1.5382048240550095e+00
 449  7.1579226620815343e-04  2.9138018429905415e-04 -1.9339592213817066e-04 -1.8210616703122709e-03  0.0000000000000000e+00  1.5381394692233072e+00
 450 -4.1971483076424024e-04  3.5494336861940625e-04 -1.3739366781782753e-03  1.2003937014882938e-03  0.0000000000000000e+00  1.5460212519181762e+00
 451 -3.2920505064313807e-04 -5.8614358362650326e-04  2.0046262715443675e-03 -1.4835171626335469e-04  0.0000000000000000e+00  1.5484910131824734e+00
 452  5.5503387773482885e-04  2.2730920167496555e-04 -1.4859144795383887e-03 -1.2687086447067228e-03  0.0000000000000000e+00  1.5529824485083850e+00
 453 -6.2158444222809535e-05  5.1030532058030098e-04  2.1490334999449468e-05  1.7458922435401696e-03  0.0000000000000000e+00  1.5545867572587775e+00
 454 -2.3573334222651380e-04 -5.6187195520045208e-04  1.7728640218899684e-03 -1.1757587159860255e-03  0.0000000000000000e+00  1.5567478361468112e+00
 455  2.9098583595455515e-04 -1.4012216028576184e-05 -1.9607423263135158e-03 -1.8562959416146757e-04  0.0000000000000000e+00  1.5593163330793061e+00
 456 -7.2639754457008701e-05  6.0646067337212278e-04  1.4797178284464839e-03  1.4516491022940506e-03  0.0000000000000000e+00  1.5588651149050241e+00
 457 -8.6695545391801066e-05 -4.8232922545952749e-04  5.7963613138377063e-04 -1.7385430113663557e-03  0.0000000000000000e+00  1.5620641199233436e+00
 458  4.1190868597191463e-04 -2.3693095566392080e-04 -1.7593637650726976e-03  9.3284789570088206e-04  0.0000000000000000e+00  1.5621386799081436e+00
 459 -2.4734220684442619e-04  5.9508226906274683e-04  2.0225658305062589e-03  5.4394213245100291e-04  0.0000000000000000e+00  1.5661467421357651e+00
 460 -3.1581532756246923e-04 -3.1245518974141247e-04 -9.9145615086142377e-04 -1.4839686427980643e-03  0.0000000000000000e+00  1.5676871073793324e+00
 461  6.4608784599118352e-04 -3.9479029667572561e-04 -7.5946246077189994e-04  1.7332208367647258e-03  0.0000000000000000e+00  1.5750688551393102e+00
 462 -6.7412416521756685e-05  5.3324048680604690e-04  1.7495269299401795e-03 -6.1818671956261051e-04  0.0000000000000000e+00  1.5743254587165838e+00
 463 -6.9855728275061756e-04 -1.7800149643063749e-04 -1.8701742102084384e-03 -5.6148895262834325e-04  0.0000000000000000e+00  1.5810108670251311e+00
 464  5.2749857624856660e-04 -3.3098145807484612e-04  7.9113922844734660e-04  1.6160635035969578e-03  0.0000000000000000e+00  1.5913577453114149e+00
 465  3.4031989248945984e-04  4.8024973328597743e-04  7.8752410745637730e-04 -1.5792238993492076e-03  0.0000000000000000e+00  1.5907518218444845e+00
 466 -7.3113790275159123e-04 -4.8515891422171625e-05 -1.9090658348622966e-03  5.8784136739680859e-04  0.0000000000000000e+00  1.6000704899304981e+00
 467  1.4169610449989915e-04 -4.5396229258050212e-04  1.7347212654136468e-03  6.5002067181027935e-04  0.0000000000000000e+00  1.6087034035640835e+00
 468  5.2096041855796520e-04  5.6763720061748580e-04 -7.7462210658684892e-04 -1.7347923403299324e-03  0.0000000000000000e+00  1.6052137583452930e+00
 469 -3.9835369251010156e-04  1.1097350334213014e-04 -1.0792527092230934e-03  1.4856783251163176e-03  0.0000000000000000e+00  1.6133990978980615e+00
 470 -6.1070341165807054e-05 -5.9604178734077901e-04  2.0129609520055875e-03 -5.1251843260376022e-04  0.0000000000000000e+00  1.6154142192636309e+00
 471  3.4771684580178449e-04  4.3187199563471227e-04 -1.7876648049273325e-03 -9.9885508359836401e-04  0.0000000000000000e+00  1.6170620711446060e+00
 472 -2.1541101852543738e-04  3.0429912167416587e-04  4.8175708424974116e-04  1.7364604005835856e-03  0.0000000000000000e+00  1.6189332267718095e+00
 473  8.7929191652121410e-05 -6.9842918537819227e-04  1.5169015518935606e-03 -1.4380281076474819e-03  0.0000000000000000e+00  1.6226119709759825e+00
 474  2.8706043295068480e-04  2.1263927100819346e-04 -1.9491016768185961e-03  9.9343824131770857e-05  0.0000000000000000e+00  1.6205234996352387e+00
 475 -3.9158481172631306e-04  4.5531895549187097e-04  1.7170650963350628e-03  1.1877587520844643e-03  0.0000000000000000e+00  1.6243608508206062e+00
 476  6.8377944008166680e-05 -6.4960318872012775e-04  9.9638993974135811e-05 -1.7458820401262027e-03  0.0000000000000000e+00  1.6277386258805009e+00
 477  5.9921779278377535e-04 -4.5503408441319423e-05 -1.4606305661321211e-03  1.2136252834380452e-03  0.0000000000000000e+00  1.6268849108652359e+00
 478 -5.0042117661938678e-04  5.6364386855448036e-04  2.0060790505992626e-03  1.7409578020285884e-04  0.0000000000000000e+00  1.6343567099932215e+00
 479 -3.1674391792696098e-04 -5.1162736853054979e-04 -1.3093454693694662e-03 -1.2003639333912981e-03  0.0000000000000000e+00  1.6367043387318791e+00
 480  8.1214835484537515e-04 -1.3438932462682686e-04 -1.9977321069583305e-04  1.8262037219462161e-03  0.0000000000000000e+00  1.6426628083832635e+00
 481 -2.0150372207336758e-04  5.8727917463900433e-04  1.5038048156613413e-03 -9.7370718306788960e-04  0.0000000000000000e+00  1.6452099669452251e+00
 482 -6.7521473234585306e-04 -4.2082146682406913e-04 -1.9588783700063006e-03 -1.1907022548409515e-04  0.0000000000000000e+00  1.6498214406996734e+00
 483  6.2490949547119119e-04 -1.5409573036828840e-04  1.2091821399351171e-03  1.3872535189310927e-03  0.0000000000000000e+00  1.6603973707821036e+00
 484  2.2026472874275781e-04  6.6286872735689493e-04  2.5421086978737905e-04 -1.7047441376252341e-03  0.0000000000000000e+00  1.6589187972039290e+00
 485 -6.1845199991951460e-04 -2.7054237912663685e-04 -1.7951901525933751e-03  9.6658477329356843e-04  0.0000000000000000e+00  1.6652062745981024e+00
 486  2.4978307954708138e-04 -3.9644369812602927e-04  1.8748254803224870e-03  2.9032741447484090e-04  0.0000000000000000e+00  1.6719723667433490e+00
 487  3.3812985804081299e-04  7.2729595453831686e-04 -1.2553957721891276e-03 -1.5773529981138843e-03  0.0000000000000000e+00  1.6674464035119305e+00
 488 -3.5259258952899592e-04 -7.4719427129399586e-05 -7.1727117823621985e-04  1.6619607020771812e-03  0.0000000000000000e+00  1.6738714370804071e+00
 489  1.6733649313720810e-04 -5.9859466024236917e-04  1.9275892036661399e-03 -8.2867319415007767e-04  0.0000000000000000e+00  1.6759633642710579e+00
 490  1.8586717837135720e-04  5.5572963963229887e-04 -1.9485508170332714e-03 -7.1797292903430716e-04  0.0000000000000000e+00  1.6761617580474901e+00
 491 -3.6489068266263685e-04  1.4089027622466268e-04  8.8250414341272353e-04  1.6220280644113011e-03  0.0000000000000000e+00  1.6782085900006016e+00
 492  3.1177440615124134e-04 -7.4729869318488316e-04  1.1376522260157780e-03 -1.6302873783061288e-03  0.0000000000000000e+00  1.6846862642130294e+00
 493  3.0861319705609226e-04  3.4077645904600259e-04 -1.8367177582766527e-03  4.1523886769852193e-04  0.0000000000000000e+00  1.6796563975510135e+00
 494 -6.2252383858814992e-04  3.3293380311836629e-04  1.8623620851880218e-03  8.7730241132449708e-04  0.0000000000000000e+00  1.6870842936839321e+00
 495  1.4604439778866397e-04 -6.6115956099875009e-04 -4.0606414905566579e-04 -1.6613931275915143e-03  0.0000000000000000e+00  1.6924966332591822e+00
 496  6.8386508234381663e-04  9.7256800281716904e-05 -1.1063492719151872e-03  1.4789286126998585e-03  0.0000000000000000e+00  1.6920966003311451e+00
 497 -6.2602910984049884e-04  4.7219808346425174e-04  1.9256953664748670e-03 -2.2731992475883122e-04  0.0000000000000000e+00  1.7018068520685321e+00
 498 -2.8975012938033037e-04 -5.8520731542039165e-04 -1.5850430088783089e-03 -8.6832129164411329e-04  0.0000000000000000e+00  1.7056087029517528e+00
 499  8.2344342098263556e-04  9.4300789381271627e-05  3.4805046961920938e-04  1.8093503834823723e-03  0.0000000000000000e+00  1.7093231322166365e+00
 500 -2.3914759384137787e-04  5.5441476754108769e-04  1.1928113296303152e-03 -1.2828698314727909e-03  0.0000000000000000e+00  1.7142558106252315e+00
 501 -5.5127329117606201e-04 -5.3853868429699393e-04 -2.0138865066986682e-03  2.8554592613334200e-04  0.0000000000000000e+00  1.7167756794376245e+00
 502  5.6738789540926532e-04 -2.9009347466309126e-05  1.5289191002755827e-03  1.1020479947700466e-03  0.0000000000000000e+00  1.7251330774312825e+00
 503  1.2854163325119592e-04  6.9026126420616840e-04 -2.7022376398467922e-04 -1.7549249837129823e-03  0.0000000000000000e+00  1.7228128155784799e+00
 504 -4.0816644309968532e-04 -4.0496800598868331e-04 -1.6208907951887584e-03  1.2656515975941782e-03  0.0000000000000000e+00  1.7270201019087581e+00
 505  2.6545819771465578e-04 -2.8691757708708833e-04  1.9608921017335709e-03 -3.0991296990842193e-05  0.0000000000000000e+00  1.7305505529029042e+00
 506  1.1747965523692938e-04  7.0619384536415837e-04 -1.6089121401550712e-03 -1.3647540885052566e-03  0.0000000000000000e+00  1.7286870960178446e+00
 507 -2.4626315061463755e-04 -2.3273364055038882e-04 -2.9859710575605913e-04  1.7478991641530813e-03  0.0000000000000000e+00  1.7322230256107201e+00
 508  3.4668067645827187e-04 -5.0533051219213193e-04  1.7407453027377202e-03 -1.1065217327083778e-03  0.0000000000000000e+00  1.7349752807277408e+00
 509 -7.4616428925459475e-06  5.7764508682767841e-04 -2.0080712352257236e-03 -3.9989157325748986e-04  0.0000000000000000e+00  1.7356475151073265e+00
 510 -4.4669937926202511e-04 -3.4321016594595278e-05  1.2179026625371812e-03  1.4240719373628142e-03  0.0000000000000000e+00  1.7382043415948432e+00
 511  4.8101317244867060e-04 -6.1056420225288324e-04  6.3985179076068576e-04 -1.7599130537906331e-03  0.0000000000000000e+00  1.7465462684204220e+00
 512  2.3682414741523693e-04  4.0764425172135305e-04 -1.6744174586483971e-03  7.6610962357658539e-04  0.0000000000000000e+00  1.7424074812304304e+00
