-3.00  2.21248  1.06992
-2.85  2.21131  1.07012
-2.70  2.21041  1.07032
-2.55  2.20973  1.07053
-2.40  2.20923  1.07073
-2.25  2.20889  1.07094
-2.10  2.20869  1.07115
-1.95  2.20859  1.07136
-1.80  2.20858  1.07157
-1.65  2.20864  1.07177
-1.50  2.20875  1.07198
-1.35  2.20890  1.07218
-1.20  2.20909  1.07238
-1.05  2.20930  1.07259
-0.90  2.20952  1.07279
-0.75  2.20974  1.07299
-0.60  2.20997  1.07319
-0.45  2.21020  1.07339
-0.30  2.21043  1.07359
-0.15  2.21064  1.07379
 0.00  2.21085  1.07399
 0.15  2.21104  1.07419
 0.30  2.21122  1.07439
 0.45  2.21139  1.07459
 0.60  2.21154  1.07479
 0.75  2.21167  1.07498
 0.90  2.21178  1.07517
 1.05  2.21188  1.07536
 1.20  2.21196  1.07555
 1.35  2.21201  1.07573
 1.50  2.21205  1.07590
 1.65  2.21207  1.07608
 1.80  2.21206  1.07624
 1.95  2.21204  1.07640
 2.10  2.21199  1.07655
 2.25  2.21191  1.07670
 2.40  2.21181  1.07683
 2.55  2.21169  1.07696
 2.70  2.21154  1.07708
 2.85  2.21137  1.07718
 3.00  2.21117  1.07728
