#     name              s    code  bx*ex  sqrt(bx*by)  dbx/dd*ex  bx*dex/dd  by*ex  dby/dd*ex by*dex/dd  ksix  ksiy  dbx/dd  bx/dd dex/dd
#                      [m]          [m]      [m]          [m]       [m]       [m]      [m]       [m]
#
   0 begin             0.00  0.0  -0.005     7.840       0.029    106.803   -0.001   -0.004     17.872   0.00   0.00  -112.899  16.525   5.573
   1 dh0g1a            4.65  0.0  -0.005    14.209       0.028    109.659   -0.003   -0.001     53.764   0.00   0.00  -107.933   4.212   5.404
   2 gs                4.65  0.0  -0.005    14.209       0.028    109.659   -0.003   -0.001     53.764   0.00   0.00  -107.933   4.212   5.404
   3 sh1               4.85  1.5  -0.005    14.662       0.028    110.047   -0.003   -0.000     56.889   0.00   0.00  -107.516   1.515   5.397
   4 dh1ag2a           4.94  0.0  -0.005    14.863       0.028    110.223   -0.003   -0.000     58.296   0.00   0.00  -107.326   0.278   5.393
   5 bpm               4.94  0.0  -0.005    14.863       0.028    110.223   -0.003   -0.000     58.296   0.00   0.00  -107.326   0.278   5.393
   6 dbpm              5.03  0.0  -0.005    15.065       0.028    110.403   -0.003    0.000     59.727   0.00   0.00  -107.132  -0.993   5.390
   7 qh1sp01           5.28 -1.0  -0.006    15.655       0.029    118.257   -0.003    0.001     62.624   0.29  -0.16  -112.120  -4.182   5.497
   8 dh2ag2a           5.43  0.0  -0.006    16.030       0.032    128.353   -0.003    0.002     63.643   0.29  -0.16  -118.962  -5.812   5.638
   9 sq1hsp01          5.53  0.0  -0.006    16.269       0.034    135.059   -0.003    0.002     64.288   0.29  -0.16  -123.407  -6.843   5.728
  10 chv               5.53  0.0  -0.006    16.269       0.034    135.059   -0.003    0.002     64.288   0.29  -0.16  -123.407  -6.843   5.728
  11 sq1hsp01          5.63  0.0  -0.007    16.507       0.036    141.999   -0.003    0.002     64.934   0.29  -0.16  -127.930  -7.870   5.817
  12 dh2bg2a           5.79  0.0  -0.007    16.882       0.039    153.414   -0.003    0.003     65.952   0.29  -0.16  -135.214  -9.481   5.958
  13 sh2               5.99  0.0  -0.008    17.360       0.043    168.787   -0.003    0.003     67.250   0.29  -0.16  -144.744  -11.515   6.137
  14 dh2cg2a           6.14  0.0  -0.009    17.719       0.046    180.979   -0.003    0.004     68.230   0.29  -0.16  -152.098  -13.032   6.272
  15 qh2sp01           6.54  1.0  -0.007    18.584       0.035    145.400   -0.004    0.007     80.032  -1.02   0.57  -125.550  -24.902   5.805
  16 dh3ag2a           6.73  0.0  -0.005    18.598       0.024    105.425   -0.004    0.009     88.738  -1.02   0.57  -95.439  -36.345   5.201
  17 sh3               6.93 -1.5  -0.003    18.164       0.015     72.086   -0.005    0.011     95.372  -1.02   0.57  -67.956  -50.277   4.565
  18 dh3bg2a           7.13  0.0  -0.002    17.297       0.009     47.205   -0.005    0.013     98.640  -1.02   0.57  -45.320  -65.723   3.945
  19 qh3sp01           7.38 -1.0  -0.001    15.710       0.004     30.094   -0.005    0.012     92.910  -0.69  -0.45  -26.953  -76.156   3.366
  20 dh4ag2a           7.46  0.0  -0.001    15.133       0.004     27.010   -0.004    0.012     88.711  -0.69  -0.45  -22.869  -75.760   3.235
  21 bpm               7.46  0.0  -0.001    15.133       0.004     27.010   -0.004    0.012     88.711  -0.69  -0.45  -22.869  -75.760   3.235
  22 dbpm              7.55  0.0  -0.001    14.562       0.003     24.149   -0.004    0.011     84.562  -0.69  -0.45  -19.004  -75.365   3.103
  23 sh4               7.75 -1.5  -0.001    13.276       0.002     18.401   -0.004    0.010     75.265  -0.69  -0.45  -10.994  -74.460   2.803
  24 dh4bg2a           8.00  0.0  -0.001    11.721       0.000     12.665   -0.003    0.009     64.067  -0.69  -0.45  -2.640  -73.338   2.430
  25 dfch              8.15  0.0  -0.000    10.808      -0.000      9.880   -0.003    0.008     57.494  -0.69  -0.45   1.546  -72.662   2.205
  26 chv               8.15  0.0  -0.000    10.808      -0.000      9.880   -0.003    0.008     57.494  -0.69  -0.45   1.546  -72.662   2.205
  27 dfch              8.30  0.0  -0.000     9.916      -0.001      7.552   -0.003    0.007     51.058  -0.69  -0.45   5.087  -71.988   1.980
  28 ge                8.30  0.0  -0.000     9.916      -0.001      7.552   -0.003    0.007     51.058  -0.69  -0.45   5.087  -71.988   1.980
  29 dh4cg3a           8.33  0.0  -0.000     9.732      -0.001      7.117   -0.002    0.007     49.723  -0.69  -0.45   5.749  -71.847   1.933
  30 gs                8.33  0.0  -0.000     9.732      -0.001      7.117   -0.002    0.007     49.723  -0.69  -0.45   5.749  -71.847   1.933
  31 b1sp01           10.95  0.5   0.366     7.486      -5.278     -5.985    2.881   -8.143    -47.107  -0.69  -0.45  -38.488  -59.376  -2.243
  32 dm1ag3a          11.32  0.0   0.717     9.130     -10.569    -11.704    3.579  -10.100    -58.422  -0.69  -0.45  -60.247  -57.572  -2.864
  33 dfch             11.47  0.0   0.914     9.816     -13.438    -14.910    3.853  -10.865    -62.874  -0.69  -0.45  -70.297  -56.836  -3.119
  34 chv              11.47  0.0   0.914     9.816     -13.438    -14.910    3.853  -10.865    -62.874  -0.69  -0.45  -70.297  -56.836  -3.119
  35 sm3              11.47  1.5   0.914     9.816     -13.438    -14.910    3.853  -10.865    -62.874  -0.69  -0.45  -70.297  -56.836  -3.119
  36 dfch             11.62  0.0   1.146    10.503     -16.760    -18.690    4.121  -11.592    -67.222  -0.69  -0.45  -81.010  -56.029  -3.375
  37 dm1bg3a          11.93  0.0   1.750    11.920     -25.186    -28.529    4.654  -13.017    -75.867  -0.69  -0.45  -105.202  -54.372  -3.903
  38 ge               11.93  0.0   1.750    11.920     -25.186    -28.529    4.654  -13.017    -75.867  -0.69  -0.45  -105.202  -54.372  -3.903
  39 gs               11.93  0.0   1.750    11.920     -25.186    -28.529    4.654  -13.017    -75.867  -0.69  -0.45  -105.202  -54.372  -3.903
  40 qm1sp01          12.18 -1.0   2.556    13.023     -36.374    -41.782    4.917  -13.416    -80.378  -0.53  -0.75  -133.612  -49.282  -4.450
  41 dm2ag4a          12.38  0.0   3.548    13.775     -50.172    -58.227    4.942  -12.953    -81.096  -0.53  -0.75  -165.036  -42.608  -4.988
  42 sm1a             12.58 -1.5   4.772    14.380     -65.999    -78.020    4.886  -13.405    -79.882  -0.53  -0.75  -196.551  -39.923  -5.490
  43 dm2bg4a          13.16  0.0   9.878    15.299    -124.624   -157.658    4.347  -17.591    -69.378  -0.53  -0.75  -290.954  -41.069  -6.836
  44 bpm              13.16  0.0   9.878    15.299    -124.624   -157.658    4.347  -17.591    -69.378  -0.53  -0.75  -290.954  -41.069  -6.836
  45 dbpm             13.25  0.0  10.870    15.329    -135.590   -172.999    4.228  -18.118    -67.291  -0.53  -0.75  -306.605  -40.971  -7.038
  46 qm2sp01          13.50  1.0  12.409    15.325    -149.104   -195.001    4.044  -20.677    -63.547  -1.28  -0.51  -322.571  -44.733  -7.264
  47 dm2cg4a          13.70  0.0  12.407    15.315    -143.773   -192.178    4.039  -23.655    -62.561  -1.28  -0.51  -311.037  -51.175  -7.160
  48 sm2              13.95  1.5  12.407    15.315    -147.124   -193.697    4.039  -24.086    -63.055  -1.28  -0.51  -318.286  -52.107  -7.216
  49 dm2cg4b          14.15  0.0  12.409    15.324    -157.817   -198.951    4.044  -21.798    -64.832  -1.28  -0.51  -341.417  -47.157  -7.411
  50 qm2sp01          14.40  1.0  10.870    15.329    -149.266   -179.201    4.228  -20.161    -69.699  -1.96  -0.25  -337.524  -45.588  -7.291
  51 dm2bg4b          14.92  0.0   5.856    14.736     -95.014   -102.387    4.796  -18.510    -83.846  -1.96  -0.25  -264.201  -51.469  -6.288
  52 sm1b             15.12 -1.5   4.444    14.242     -75.825    -79.022    4.907  -19.477    -87.260  -1.96  -0.25  -231.276  -59.408  -5.830
  53 dm2ag4b          15.38  0.0   2.964    13.370     -52.770    -53.260    4.939  -22.567    -88.746  -1.96  -0.25  -184.411  -78.864  -5.142
  54 bpm              15.38  0.0   2.964    13.370     -52.770    -53.260    4.939  -22.567    -88.746  -1.96  -0.25  -184.411  -78.864  -5.142
  55 dbpm             15.46  0.0   2.557    13.023     -46.252    -46.131    4.917  -23.360    -88.728  -1.96  -0.25  -169.886  -85.805  -4.912
  56 qm1sp01          15.71 -1.0   1.750    11.920     -33.419    -32.135    4.654  -24.111    -85.436  -1.84  -0.57  -139.579  -100.701  -4.396
  57 dm1eg4b          15.93  0.0   1.304    10.918     -26.293    -24.466    4.279  -23.524    -80.270  -1.84  -0.57  -121.501  -108.709  -4.059
  58 dfch             16.08  0.0   1.050    10.231     -21.996    -20.028    4.016  -22.924    -76.626  -1.84  -0.57  -109.616  -114.240  -3.829
  59 sm3              16.08  1.5   1.050    10.231     -21.996    -20.028    4.016  -22.924    -76.626  -1.84  -0.57  -109.616  -114.240  -3.829
  60 chv              16.08  0.0   1.050    10.231     -21.996    -20.028    4.016  -22.924    -76.626  -1.84  -0.57  -109.616  -114.240  -3.829
  61 dfch             16.23  0.0   0.832     9.544     -18.147    -16.191    3.745  -22.145    -72.896  -1.84  -0.57  -98.125  -119.743  -3.600
  62 ge               16.23  0.0   0.832     9.544     -18.147    -16.191    3.745  -22.145    -72.896  -1.84  -0.57  -98.125  -119.743  -3.600
  63 gs               16.23  0.0   0.832     9.544     -18.147    -16.191    3.745  -22.145    -72.896  -1.84  -0.57  -98.125  -119.743  -3.600
  64 dm1dg5b          16.29  0.0   0.760     9.291     -16.834    -14.916    3.644  -21.815    -71.493  -1.84  -0.57  -93.976  -121.788  -3.515
  65 dpwg5b           16.49  0.0   0.538     8.382     -12.560    -10.907    3.269  -20.437    -66.317  -1.84  -0.57  -79.417  -129.224  -3.209
  66 dm1cg5b          16.69  0.0   0.366     7.488      -8.988     -7.749    2.881  -18.759    -60.960  -1.84  -0.57  -65.522  -136.747  -2.903
  67 b1sp01           19.31  0.5  -0.000     9.728      -0.001      3.013   -0.001    0.006     21.061  -1.84  -0.57  55.238  -241.004   0.819
  68 ge               19.31  0.0  -0.000     9.728      -0.001      3.013   -0.001    0.006     21.061  -1.84  -0.57  55.238  -241.004   0.819
  69 dl4bg6b          19.53  0.0  -0.000    11.022      -0.002      5.141   -0.001    0.010     28.908  -1.84  -0.57  60.187  -250.041   1.106
  70 gs               19.53  0.0  -0.000    11.022      -0.002      5.141   -0.001    0.010     28.908  -1.84  -0.57  60.187  -250.041   1.106
  71 dfch             19.68  0.0  -0.000    11.940      -0.003      7.034   -0.001    0.012     34.456  -1.84  -0.57  63.139  -256.315   1.304
  72 chv              19.68  0.0  -0.000    11.940      -0.003      7.034   -0.001    0.012     34.456  -1.84  -0.57  63.139  -256.315   1.304
  73 dfch             19.83  0.0  -0.000    12.877      -0.004      9.318   -0.001    0.014     40.125  -1.84  -0.57  65.719  -262.631   1.502
  74 dl4ag6b          19.91  0.0  -0.000    13.398      -0.004     10.750   -0.002    0.016     43.283  -1.84  -0.57  66.974  -266.109   1.610
  75 ql3sp01          20.16 -1.0  -0.001    14.949      -0.006     18.185   -0.002    0.019     50.278  -1.56  -1.33  76.176  -248.924   2.023
  76 dbpm             20.25  0.0  -0.001    15.417      -0.007     22.396   -0.002    0.020     51.301  -1.56  -1.33  81.512  -233.852   2.199
  77 bpm              20.25  0.0  -0.001    15.417      -0.007     22.396   -0.002    0.020     51.301  -1.56  -1.33  81.512  -233.852   2.199
  78 dl3bg6b          20.33  0.0  -0.001    15.827      -0.008     27.210   -0.002    0.020     51.904  -1.56  -1.33  86.884  -219.245   2.375
  79 sl3              20.53 -1.5  -0.002    16.542      -0.011     40.690   -0.002    0.020     51.842  -1.56  -1.33  99.291  -187.603   2.777
  80 dl3ag6b          21.15  0.0  -0.004    16.809      -0.022    108.057   -0.002    0.017     42.044  -1.56  -1.33  138.491  -105.700   4.010
  81 ql2sp01          21.55  1.0  -0.004    15.842      -0.021    113.275   -0.002    0.016     38.109  -3.30  -0.75  128.638  -95.388   4.147
  82 dl2cg6b          21.80  0.0  -0.003    15.114      -0.016     84.675   -0.002    0.017     39.198  -3.30  -0.75  102.814  -110.140   3.812
  83 sl2              22.00  1.5  -0.003    14.409      -0.012     65.614   -0.002    0.017     39.731  -3.30  -0.75  84.202  -122.593   3.543
  84 dl2bg6b          22.14  0.0  -0.002    13.860      -0.010     54.323   -0.002    0.018     39.901  -3.30  -0.75  72.462  -131.489   3.359
  85 dsch             22.24  0.0  -0.002    13.429      -0.008     46.980   -0.002    0.018     39.916  -3.30  -0.75  64.463  -138.131   3.225
  86 chv              22.24  0.0  -0.002    13.429      -0.008     46.980   -0.002    0.018     39.916  -3.30  -0.75  64.463  -138.131   3.225
  87 dsch             22.34  0.0  -0.002    12.969      -0.007     40.331   -0.002    0.018     39.834  -3.30  -0.75  56.918  -144.916   3.091
  88 dl2ag6b          22.47  0.0  -0.001    12.291      -0.006     32.258   -0.002    0.018     39.554  -3.30  -0.75  47.284  -154.482   2.906
  89 ql1sp01          22.72 -1.0  -0.001    10.992      -0.004     24.529   -0.001    0.017     36.624  -2.98  -1.22  35.119  -153.310   2.727
  90 dl1ag6b          22.81  0.0  -0.001    10.550      -0.004     23.539   -0.001    0.016     34.922  -2.98  -1.22  32.240  -146.424   2.718
  91 bpm              22.81  0.0  -0.001    10.550      -0.004     23.539   -0.001    0.016     34.922  -2.98  -1.22  32.240  -146.424   2.718
  92 dbpm             22.90  0.0  -0.001    10.119      -0.003     22.577   -0.001    0.016     33.269  -2.98  -1.22  29.436  -139.686   2.708
  93 sl1              23.10 -1.5  -0.001     9.174      -0.003     20.482   -0.001    0.014     29.671  -2.98  -1.22  23.305  -124.835   2.687
  94 ge               23.10  0.0  -0.001     9.174      -0.003     20.482   -0.001    0.014     29.671  -2.98  -1.22  23.305  -124.835   2.687
  95 gs               23.10  0.0  -0.001     9.174      -0.003     20.482   -0.001    0.014     29.671  -2.98  -1.22  23.305  -124.835   2.687
  96 dl0g1a           26.40  0.0  -0.000     1.444       0.002      4.453   -0.000   -0.001      2.560  -2.98  -1.22  -21.508   9.319   2.338
  97 dl0g1a           29.70  0.0  -0.001     9.174      -0.004     15.156   -0.001    0.007     21.956  -2.98  -1.22  39.926  -65.642   1.988
  98 ge               29.70  0.0  -0.001     9.174      -0.004     15.156   -0.001    0.007     21.956  -2.98  -1.22  39.926  -65.642   1.988
  99 gs               29.70  0.0  -0.001     9.174      -0.004     15.156   -0.001    0.007     21.956  -2.98  -1.22  39.926  -65.642   1.988
 100 sl1              29.90 -1.5  -0.001    10.119      -0.005     16.400   -0.001    0.009     24.166  -2.98  -1.22  47.064  -76.906   1.967
 101 dl1ag2a          29.99  0.0  -0.001    10.550      -0.006     16.960   -0.001    0.009     25.162  -2.98  -1.22  50.309  -82.075   1.958
 102 bpm              29.99  0.0  -0.001    10.550      -0.006     16.960   -0.001    0.009     25.162  -2.98  -1.22  50.309  -82.075   1.958
 103 dbpm             30.07  0.0  -0.001    10.992      -0.006     17.530   -0.001    0.010     26.174  -2.98  -1.22  53.629  -87.391   1.949
 104 ql1sp01          30.32 -1.0  -0.001    12.291      -0.008     22.541   -0.002    0.011     27.639  -2.59  -1.70  69.274  -91.434   2.031
 105 dl2ag2a          30.46  0.0  -0.002    12.969      -0.010     27.876   -0.002    0.011     27.533  -2.59  -1.70  82.299  -87.280   2.136
 106 dsch             30.56  0.0  -0.002    13.429      -0.012     32.239   -0.002    0.011     27.391  -2.59  -1.70  92.458  -84.309   2.213
 107 chv              30.56  0.0  -0.002    13.429      -0.012     32.239   -0.002    0.011     27.391  -2.59  -1.70  92.458  -84.309   2.213
 108 dsch             30.66  0.0  -0.002    13.860      -0.014     37.029   -0.002    0.011     27.199  -2.59  -1.70  103.193  -81.380   2.290
 109 dl2bg2a          30.80  0.0  -0.003    14.409      -0.017     44.351   -0.002    0.011     26.856  -2.59  -1.70  118.897  -77.423   2.395
 110 sl2              31.00  1.5  -0.003    15.114      -0.022     56.614   -0.002    0.011     26.208  -2.59  -1.70  143.691  -71.811   2.549
 111 dl2cg2a          31.25  0.0  -0.004    15.842      -0.029     74.850   -0.002    0.011     25.181  -2.59  -1.70  177.937  -65.038   2.740
 112 ql2sp01          31.65  1.0  -0.004    16.809      -0.029     70.183   -0.002    0.012     27.307  -4.31  -1.03  185.788  -78.702   2.604
 113 dl3ag2a          32.26  0.0  -0.002    16.542      -0.013     25.317   -0.002    0.016     32.257  -4.31  -1.03  123.330  -153.764   1.728
 114 sl3              32.46 -1.5  -0.001    15.827      -0.010     16.521   -0.002    0.017     31.515  -4.31  -1.03  104.996  -183.439   1.442
 115 dl3bg2a          32.55  0.0  -0.001    15.417      -0.008     13.413   -0.002    0.017     30.723  -4.31  -1.03  97.287  -197.226   1.317
 116 bpm              32.55  0.0  -0.001    15.417      -0.008     13.413   -0.002    0.017     30.723  -4.31  -1.03  97.287  -197.226   1.317
 117 dbpm             32.64  0.0  -0.001    14.949      -0.007     10.713   -0.002    0.016     29.621  -4.31  -1.03  89.770  -211.503   1.192
 118 ql3sp01          32.89 -1.0  -0.000    13.398      -0.005      5.918   -0.002    0.014     23.828  -4.10  -1.86  76.167  -230.166   0.886
 119 dl4ag2a          33.17  0.0  -0.000    11.635      -0.003      3.060   -0.001    0.010     15.672  -4.10  -1.86  68.211  -223.991   0.595
 120 dfch             33.32  0.0  -0.000    10.724      -0.002      1.944   -0.001    0.008     11.462  -4.10  -1.86  63.659  -220.719   0.440
 121 chv              33.32  0.0  -0.000    10.724      -0.002      1.944   -0.001    0.008     11.462  -4.10  -1.86  63.659  -220.719   0.440
 122 dfch             33.47  0.0  -0.000     9.835      -0.002      1.071   -0.001    0.006      7.344  -4.10  -1.86  58.888  -217.458   0.285
 123 ge               33.47  0.0  -0.000     9.835      -0.002      1.071   -0.001    0.006      7.344  -4.10  -1.86  58.888  -217.458   0.285
 124 dl4bg3a          33.49  0.0  -0.000     9.728      -0.002      0.980   -0.001    0.006      6.848  -4.10  -1.86  58.291  -217.061   0.266
 125 gs               33.49  0.0  -0.000     9.728      -0.002      0.980   -0.001    0.006      6.848  -4.10  -1.86  58.291  -217.061   0.266
 126 b1sp01           36.11  0.5   0.366     7.488      -8.307     -7.288    2.881  -21.902    -57.333  -4.10  -1.86  -60.553  -159.662  -2.730
 127 dm1ag3a          36.47  0.0   0.717     9.131     -14.464    -13.025    3.579  -26.622    -64.995  -4.10  -1.86  -82.434  -151.727  -3.186
 128 sq2hsp01         36.62  0.0   0.914     9.817     -17.552    -16.132    3.854  -28.390    -68.005  -4.10  -1.86  -91.803  -148.494  -3.374
 129 chv              36.62  0.0   0.914     9.817     -17.552    -16.132    3.854  -28.390    -68.005  -4.10  -1.86  -91.803  -148.494  -3.374
 130 sm3              36.62  1.5   0.914     9.817     -17.552    -16.132    3.854  -28.390    -68.005  -4.10  -1.86  -91.803  -148.494  -3.374
 131 sq2hsp01         36.77  0.0   1.146    10.504     -20.983    -19.731    4.121  -30.045    -70.944  -4.10  -1.86  -101.410  -145.203  -3.562
 132 dm1bg3a          37.08  0.0   1.750    11.920     -29.202    -28.879    4.654  -33.150    -76.781  -4.10  -1.86  -121.966  -138.453  -3.950
 133 ge               37.08  0.0   1.750    11.920     -29.202    -28.879    4.654  -33.150    -76.781  -4.10  -1.86  -121.966  -138.453  -3.950
 134 gs               37.08  0.0   1.750    11.920     -29.202    -28.879    4.654  -33.150    -76.781  -4.10  -1.86  -121.966  -138.453  -3.950
 135 qm1sp01          37.33 -1.0   2.557    13.023     -39.989    -41.175    4.917  -34.048    -79.195  -3.95  -2.16  -146.882  -125.062  -4.385
 136 dm2a2g4b         37.53  0.0   3.549    13.775     -53.220    -56.415    4.942  -33.108    -78.559  -3.95  -2.16  -175.053  -108.901  -4.833
 137 sm1a             37.73 -1.5   4.772    14.380     -67.939    -74.525    4.886  -32.678    -76.293  -3.95  -2.16  -202.321  -97.315  -5.244
 138 dm2b2g4b         38.31  0.0   9.879    15.299    -119.373   -145.897    4.347  -32.502    -64.198  -3.95  -2.16  -278.690  -75.879  -6.326
 139 bpm              38.31  0.0   9.879    15.299    -119.373   -145.897    4.347  -32.502    -64.198  -3.95  -2.16  -278.690  -75.879  -6.326
 140 dbpm             38.40  0.0  10.870    15.329    -128.649   -159.490    4.228  -32.203    -62.032  -3.95  -2.16  -290.904  -72.819  -6.489
 141 qm2sp01          38.65  1.0  12.409    15.324    -137.716   -177.887    4.044  -32.873    -57.968  -4.69  -1.92  -297.930  -71.116  -6.626
 142 dm2cg4a          38.85  0.0  12.407    15.315    -129.698   -173.753    4.039  -34.757    -56.562  -4.69  -1.92  -280.585  -75.192  -6.473
 143 sm2              39.10  1.5  12.407    15.315    -129.693   -173.630    4.039  -33.806    -56.523  -4.69  -1.92  -280.576  -73.135  -6.469
 144 dm2cg4b          39.30  0.0  12.409    15.325    -137.703   -177.567    4.044  -30.400    -57.866  -4.69  -1.92  -297.905  -65.766  -6.615
 145 qm2sp01          39.55  1.0  10.870    15.329    -128.628   -158.987    4.228  -27.697    -61.841  -5.37  -1.65  -290.862  -62.630  -6.468
 146 dm2b2g4a         40.07  0.0   5.856    14.736     -79.512    -89.331    4.796  -24.257    -73.163  -5.37  -1.65  -221.104  -67.453  -5.486
 147 sm1b             40.27 -1.5   4.443    14.242     -62.352    -68.263    4.907  -24.466    -75.390  -5.37  -1.65  -190.190  -74.629  -5.037
 148 dm2a2g4a         40.53  0.0   2.963    13.370     -41.920    -45.145    4.939  -26.548    -75.239  -5.37  -1.65  -146.503  -92.781  -4.359
 149 bpm              40.53  0.0   2.963    13.370     -41.920    -45.145    4.939  -26.548    -75.239  -5.37  -1.65  -146.503  -92.781  -4.359
 150 dbpm             40.62  0.0   2.556    13.023     -36.254    -38.807    4.917  -27.009    -74.655  -5.37  -1.65  -133.174  -99.212  -4.133
 151 qm1sp01          40.87 -1.0   1.750    11.920     -25.091    -26.355    4.654  -26.765    -70.085  -5.25  -1.98  -104.806  -111.798  -3.606
 152 dm1eg4b          41.09  0.0   1.304    10.917     -18.912    -19.533    4.279  -25.342    -64.105  -5.25  -1.98  -87.405  -117.123  -3.241
 153 dfch             41.24  0.0   1.049    10.230     -15.313    -15.649    4.016  -24.236    -59.891  -5.25  -1.98  -76.319  -120.793  -2.993
 154 sm3              41.24  1.5   1.049    10.230     -15.313    -15.649    4.016  -24.236    -59.891  -5.25  -1.98  -76.319  -120.793  -2.993
 155 chv              41.24  0.0   1.049    10.230     -15.313    -15.649    4.016  -24.236    -59.891  -5.25  -1.98  -76.319  -120.793  -2.993
 156 dfch             41.39  0.0   0.832     9.543     -12.186    -12.340    3.745  -23.005    -55.578  -5.25  -1.98  -65.901  -124.410  -2.744
 157 ge               41.39  0.0   0.832     9.543     -12.186    -12.340    3.745  -23.005    -55.578  -5.25  -1.98  -65.901  -124.410  -2.744
 158 gs               41.39  0.0   0.832     9.543     -12.186    -12.340    3.745  -23.005    -55.578  -5.25  -1.98  -65.901  -124.410  -2.744
 159 dm1dg5b          41.45  0.0   0.760     9.290     -11.143    -11.253    3.643  -22.522    -53.957  -5.25  -1.98  -62.217  -125.753  -2.652
 160 dpwg5b           41.65  0.0   0.537     8.381      -7.851     -7.888    3.268  -20.655    -47.980  -5.25  -1.98  -49.650  -130.628  -2.321
 161 dm1cg5b          41.85  0.0   0.366     7.486      -5.243     -5.310    2.881  -18.590    -41.798  -5.25  -1.98  -38.232  -135.548  -1.990
 162 b1sp01           44.47  0.5  -0.000     9.732      -0.001      7.044   -0.002    0.019     49.211  -5.25  -1.98   5.345  -202.054   1.913
 163 ge               44.47  0.0  -0.000     9.732      -0.001      7.044   -0.002    0.019     49.211  -5.25  -1.98   5.345  -202.054   1.913
 164 dh4cg6b          44.67  0.0  -0.001    10.936      -0.000     10.052   -0.003    0.023     57.305  -5.25  -1.98   0.515  -207.298   2.195
 165 gs               44.67  0.0  -0.001    10.936      -0.000     10.052   -0.003    0.023     57.305  -5.25  -1.98   0.515  -207.298   2.195
 166 dfch             44.82  0.0  -0.001    11.852       0.000     12.784   -0.003    0.026     63.440  -5.25  -1.98  -3.816  -211.199   2.403
 167 chv              44.82  0.0  -0.001    11.852       0.000     12.784   -0.003    0.026     63.440  -5.25  -1.98  -3.816  -211.199   2.403
 168 dfch             44.97  0.0  -0.001    12.788       0.001     15.993   -0.004    0.028     69.705  -5.25  -1.98  -8.793  -215.120   2.611
 169 dh4bg6b          45.05  0.0  -0.001    13.276       0.002     17.841   -0.004    0.030     72.978  -5.25  -1.98  -11.605  -217.144   2.718
 170 sh4              45.25 -1.5  -0.001    14.562       0.003     23.311   -0.004    0.034     81.628  -5.25  -1.98  -19.691  -222.415   2.996
 171 dh4ag6b          45.33  0.0  -0.001    15.133       0.004     26.028   -0.004    0.035     85.488  -5.25  -1.98  -23.590  -224.731   3.117
 172 bpm              45.33  0.0  -0.001    15.133       0.004     26.028   -0.004    0.035     85.488  -5.25  -1.98  -23.590  -224.731   3.117
 173 dbpm             45.42  0.0  -0.001    15.710       0.005     28.955   -0.005    0.037     89.395  -5.25  -1.98  -27.710  -227.054   3.239
 174 qh3sp01          45.67 -1.0  -0.002    17.297       0.009     45.249   -0.005    0.039     94.553  -4.81  -2.90  -46.278  -204.927   3.782
 175 dh3bg6b          45.87  0.0  -0.003    18.164       0.015     68.953   -0.005    0.037     91.227  -4.81  -2.90  -69.177  -168.486   4.367
 176 sh3              46.07 -1.5  -0.005    18.598       0.024    100.675   -0.004    0.034     84.741  -4.81  -2.90  -96.962  -134.766   4.966
 177 dh3ag6b          46.26  0.0  -0.007    18.584       0.036    138.678   -0.004    0.030     76.332  -4.81  -2.90  -127.390  -106.161   5.536
 178 qh2sp01          46.66  1.0  -0.009    17.719       0.046    172.256   -0.003    0.024     64.941  -6.32  -2.33  -154.136  -80.703   5.969
 179 dh2cg6b          46.81  0.0  -0.008    17.360       0.043    160.528   -0.003    0.024     63.959  -6.32  -2.33  -146.656  -81.027   5.837
 180 sh2              47.01  0.0  -0.007    16.882       0.039    145.750   -0.003    0.023     62.657  -6.32  -2.33  -136.964  -81.424   5.661
 181 dh2bg6b          47.19  0.0  -0.007    16.447       0.036    133.096   -0.003    0.023     61.472  -6.32  -2.33  -128.400  -81.753   5.500
 182 dsch             47.29  0.0  -0.006    16.209       0.034    126.490   -0.003    0.022     60.823  -6.32  -2.33  -123.820  -81.919   5.411
 183 chv              47.29  0.0  -0.006    16.209       0.034    126.490   -0.003    0.022     60.823  -6.32  -2.33  -123.820  -81.919   5.411
 184 dsch             47.39  0.0  -0.006    15.971       0.032    120.111   -0.003    0.022     60.174  -6.32  -2.33  -119.321  -82.075   5.323
 185 dh2ag6b          47.52  0.0  -0.006    15.655       0.030    112.000   -0.003    0.022     59.311  -6.32  -2.33  -113.484  -82.267   5.206
 186 qh1sp01          47.77 -1.0  -0.005    15.065       0.028    104.386   -0.003    0.020     56.471  -6.04  -2.48  -108.378  -78.611   5.096
 187 dh1ag6b          47.86  0.0  -0.005    14.863       0.028    104.153   -0.003    0.020     55.086  -6.04  -2.48  -108.549  -75.988   5.096
 188 bpm              47.86  0.0  -0.005    14.863       0.028    104.153   -0.003    0.020     55.086  -6.04  -2.48  -108.549  -75.988   5.096
 189 dbpm             47.95  0.0  -0.005    14.662       0.028    103.925   -0.003    0.019     53.724  -6.04  -2.48  -108.718  -73.399   5.096
 190 sh1              48.15  1.5  -0.005    14.209       0.028    103.418   -0.003    0.017     50.704  -6.04  -2.48  -109.085  -67.614   5.096
 191 ge               48.15  0.0  -0.005    14.209       0.028    103.418   -0.003    0.017     50.704  -6.04  -2.48  -109.085  -67.614   5.096
 192 dh0g1a           52.80  0.0  -0.005     7.840       0.029     97.629   -0.001   -0.004     16.337  -6.04  -2.48  -112.899  16.525   5.094
 193 cav              52.80  0.0  -0.005     7.840       0.029     97.629   -0.001   -0.004     16.337  -6.04  -2.48  -112.899  16.525   5.094
