#   A_x        A_y        J_x        J_y      nu_x    nu_y
#
-2.000e+01  1.000e+00  1.044e+01  1.559e-01 0.20911 0.07827
-1.920e+01  1.000e+00  9.618e+00  1.559e-01 0.20905 0.07762
-1.840e+01  1.000e+00  8.833e+00  1.559e-01 0.20902 0.07706
-1.760e+01  1.000e+00  8.082e+00  1.559e-01 0.20903 0.07657
-1.680e+01  1.000e+00  7.364e+00  1.559e-01 0.20907 0.07615
-1.600e+01  1.000e+00  6.679e+00  1.559e-01 0.20912 0.07578
-1.520e+01  1.000e+00  6.028e+00  1.559e-01 0.20919 0.07546
-1.440e+01  1.000e+00  5.410e+00  1.559e-01 0.20928 0.07519
-1.360e+01  1.000e+00  4.826e+00  1.559e-01 0.20938 0.07496
-1.280e+01  1.000e+00  4.275e+00  1.559e-01 0.20949 0.07476
-1.200e+01  1.000e+00  3.757e+00  1.559e-01 0.20960 0.07459
-1.120e+01  1.000e+00  3.273e+00  1.559e-01 0.20972 0.07446
-1.040e+01  1.000e+00  2.822e+00  1.559e-01 0.20984 0.07434
-9.600e+00  1.000e+00  2.404e+00  1.559e-01 0.20996 0.07424
-8.800e+00  1.000e+00  2.020e+00  1.559e-01 0.21007 0.07417
-8.000e+00  1.000e+00  1.670e+00  1.559e-01 0.21019 0.07410
-7.200e+00  1.000e+00  1.352e+00  1.559e-01 0.21030 0.07406
-6.400e+00  1.000e+00  1.069e+00  1.559e-01 0.21040 0.07402
-5.600e+00  1.000e+00  8.182e-01  1.559e-01 0.21050 0.07399
-4.800e+00  1.000e+00  6.011e-01  1.559e-01 0.21059 0.07397
-4.000e+00  1.000e+00  4.174e-01  1.559e-01 0.21067 0.07395
-3.200e+00  1.000e+00  2.672e-01  1.559e-01 0.21073 0.07394
-2.400e+00  1.000e+00  1.503e-01  1.559e-01 0.21078 0.07393
-1.600e+00  1.000e+00  6.679e-02  1.559e-01 0.21082 0.07393
-8.000e-01  1.000e+00  1.670e-02  1.559e-01 0.21085 0.07393
 1.000e+00  1.000e+00  2.609e-02  1.559e-01 0.21084 0.07393
 8.000e-01  1.000e+00  1.670e-02  1.559e-01 0.21085 0.07393
 1.600e+00  1.000e+00  6.679e-02  1.559e-01 0.21082 0.07393
 2.400e+00  1.000e+00  1.503e-01  1.559e-01 0.21078 0.07394
 3.200e+00  1.000e+00  2.672e-01  1.559e-01 0.21072 0.07395
 4.000e+00  1.000e+00  4.174e-01  1.559e-01 0.21064 0.07396
 4.800e+00  1.000e+00  6.011e-01  1.559e-01 0.21055 0.07398
 5.600e+00  1.000e+00  8.182e-01  1.559e-01 0.21044 0.07402
 6.400e+00  1.000e+00  1.069e+00  1.559e-01 0.21032 0.07406
 7.200e+00  1.000e+00  1.352e+00  1.559e-01 0.21018 0.07412
 8.000e+00  1.000e+00  1.670e+00  1.559e-01 0.21003 0.07420
 8.800e+00  1.000e+00  2.020e+00  1.559e-01 0.20987 0.07431
 9.600e+00  1.000e+00  2.404e+00  1.559e-01 0.20971 0.07446
 1.040e+01  1.000e+00  2.822e+00  1.559e-01 0.20955 0.07465
 1.120e+01  1.000e+00  3.273e+00  1.559e-01 0.20939 0.07490
 1.200e+01  1.000e+00  3.757e+00  1.559e-01 0.20925 0.07521
 1.280e+01  1.000e+00  4.275e+00  1.559e-01 0.20913 0.07561
 1.360e+01  1.000e+00  4.826e+00  1.559e-01 0.20903 0.07610
 1.440e+01  1.000e+00  5.410e+00  1.559e-01 0.20898 0.07671
 1.520e+01  1.000e+00  6.028e+00  1.559e-01 0.20898 0.07747
 1.600e+01  1.000e+00  6.679e+00  1.559e-01 0.20907 0.07841
 1.680e+01  1.000e+00  7.364e+00  1.559e-01 0.20927 0.07966
 1.760e+01  1.000e+00  8.082e+00  1.559e-01 0.20981 0.08088
 1.840e+01  1.000e+00  8.833e+00  1.559e-01 0.20990 0.08240
 1.920e+01  1.000e+00  9.618e+00  1.559e-01 0.21057 0.08447
 2.000e+01  1.000e+00  1.044e+01  1.559e-01 0.21151 0.08706
