#   A_x        A_y      nu_x    nu_y
#
 1.000e+00 -7.500e+00  2.609e-02  8.770e+00 0.21274 0.07009
 1.000e+00 -7.200e+00  2.609e-02  8.082e+00 0.21246 0.07039
 1.000e+00 -6.900e+00  2.609e-02  7.423e+00 0.21218 0.07069
 1.000e+00 -6.600e+00  2.609e-02  6.791e+00 0.21199 0.07097
 1.000e+00 -6.300e+00  2.609e-02  6.188e+00 0.21180 0.07124
 1.000e+00 -6.000e+00  2.609e-02  5.613e+00 0.21165 0.07151
 1.000e+00 -5.700e+00  2.609e-02  5.065e+00 0.21151 0.07176
 1.000e+00 -5.400e+00  2.609e-02  4.546e+00 0.21140 0.07199
 1.000e+00 -5.100e+00  2.609e-02  4.055e+00 0.21130 0.07221
 1.000e+00 -4.800e+00  2.609e-02  3.592e+00 0.21122 0.07242
 1.000e+00 -4.500e+00  2.609e-02  3.157e+00 0.21115 0.07262
 1.000e+00 -4.200e+00  2.609e-02  2.750e+00 0.21109 0.07280
 1.000e+00 -3.900e+00  2.609e-02  2.371e+00 0.21104 0.07297
 1.000e+00 -3.600e+00  2.609e-02  2.021e+00 0.21100 0.07312
 1.000e+00 -3.300e+00  2.609e-02  1.698e+00 0.21097 0.07326
 1.000e+00 -3.000e+00  2.609e-02  1.403e+00 0.21094 0.07339
 1.000e+00 -2.700e+00  2.609e-02  1.137e+00 0.21091 0.07351
 1.000e+00 -2.400e+00  2.609e-02  8.980e-01 0.21089 0.07361
 1.000e+00 -2.100e+00  2.609e-02  6.876e-01 0.21088 0.07370
 1.000e+00 -1.800e+00  2.609e-02  5.051e-01 0.21086 0.07378
 1.000e+00 -1.500e+00  2.609e-02  3.508e-01 0.21085 0.07384
 1.000e+00 -1.200e+00  2.609e-02  2.245e-01 0.21085 0.07390
 1.000e+00 -9.000e-01  2.609e-02  1.263e-01 0.21084 0.07394
 1.000e+00 -6.000e-01  2.609e-02  5.613e-02 0.21084 0.07397
 1.000e+00 -3.000e-01  2.609e-02  1.403e-02 0.21083 0.07399
 1.000e+00  1.000e+00  2.609e-02  1.559e-01 0.21084 0.07393
 1.000e+00  3.000e-01  2.609e-02  1.403e-02 0.21083 0.07399
 1.000e+00  6.000e-01  2.609e-02  5.613e-02 0.21084 0.07397
 1.000e+00  9.000e-01  2.609e-02  1.263e-01 0.21084 0.07394
 1.000e+00  1.200e+00  2.609e-02  2.245e-01 0.21085 0.07390
 1.000e+00  1.500e+00  2.609e-02  3.508e-01 0.21085 0.07384
 1.000e+00  1.800e+00  2.609e-02  5.051e-01 0.21086 0.07378
 1.000e+00  2.100e+00  2.609e-02  6.876e-01 0.21088 0.07370
 1.000e+00  2.400e+00  2.609e-02  8.980e-01 0.21089 0.07361
 1.000e+00  2.700e+00  2.609e-02  1.137e+00 0.21091 0.07351
 1.000e+00  3.000e+00  2.609e-02  1.403e+00 0.21094 0.07339
 1.000e+00  3.300e+00  2.609e-02  1.698e+00 0.21097 0.07326
 1.000e+00  3.600e+00  2.609e-02  2.021e+00 0.21100 0.07312
 1.000e+00  3.900e+00  2.609e-02  2.371e+00 0.21104 0.07297
 1.000e+00  4.200e+00  2.609e-02  2.750e+00 0.21109 0.07280
 1.000e+00  4.500e+00  2.609e-02  3.157e+00 0.21115 0.07262
 1.000e+00  4.800e+00  2.609e-02  3.592e+00 0.21122 0.07242
 1.000e+00  5.100e+00  2.609e-02  4.055e+00 0.21130 0.07221
 1.000e+00  5.400e+00  2.609e-02  4.546e+00 0.21140 0.07199
 1.000e+00  5.700e+00  2.609e-02  5.065e+00 0.21151 0.07176
 1.000e+00  6.000e+00  2.609e-02  5.613e+00 0.21165 0.07151
 1.000e+00  6.300e+00  2.609e-02  6.188e+00 0.21180 0.07124
 1.000e+00  6.600e+00  2.609e-02  6.791e+00 0.21199 0.07097
 1.000e+00  6.900e+00  2.609e-02  7.423e+00 0.21218 0.07069
 1.000e+00  7.200e+00  2.609e-02  8.082e+00 0.21246 0.07039
 1.000e+00  7.500e+00  2.609e-02  8.770e+00 0.21274 0.07009
