  0.00000e+00  0.00000e+00  0.00000e+00  0.00000e+00
  0.00000e+00  7.01588e-07  8.74769e-06 -1.70252e-04
  0.00000e+00  1.40318e-06  2.15564e-05 -3.41243e-04
  0.00000e+00  2.10477e-06  3.85684e-05 -5.12966e-04
  0.00000e+00  2.80635e-06  5.99257e-05 -6.85411e-04
  0.00000e+00  3.50794e-06  8.57707e-05 -8.58569e-04
  0.00000e+00  4.20953e-06  1.16245e-04 -1.03243e-03
  0.00000e+00  4.91112e-06  1.51492e-04 -1.20699e-03
  0.00000e+00  5.61271e-06  1.91653e-04 -1.38224e-03
  0.00000e+00  6.31430e-06  2.36870e-04 -1.55817e-03
  0.00000e+00  7.01588e-06  2.87286e-04 -1.73476e-03
  0.00000e+00  7.71747e-06  3.43042e-04 -1.91202e-03
  0.00000e+00  8.41906e-06  4.04282e-04 -2.08993e-03
  0.00000e+00  9.12065e-06  4.71146e-04 -2.26849e-03
  0.00000e+00  9.82224e-06  5.43778e-04 -2.44768e-03
  0.00000e+00  1.05238e-05  6.22319e-04 -2.62750e-03
  0.00000e+00  1.12254e-05  7.06912e-04 -2.80794e-03
  0.00000e+00  1.19270e-05  7.97699e-04 -2.98898e-03
  0.00000e+00  1.26286e-05  8.94822e-04 -3.17063e-03
  0.00000e+00  1.33302e-05  9.98423e-04 -3.35286e-03
  0.00000e+00  1.40318e-05  1.10864e-03 -3.53569e-03
  0.00000e+00  1.47334e-05  1.22563e-03 -3.71908e-03
  0.00000e+00  1.54349e-05  1.34952e-03 -3.90304e-03
  0.00000e+00  1.61365e-05  1.48045e-03 -4.08756e-03
  0.00000e+00  1.68381e-05  1.61858e-03 -4.27263e-03
  0.00000e+00  1.75397e-05  1.76403e-03 -4.45824e-03

  8.34874e-07  0.00000e+00 -1.78132e-04  1.71292e-05
  8.34874e-07  7.01588e-07 -1.53957e-04 -1.48250e-04
  8.34874e-07  1.40318e-06 -1.25510e-04 -3.14199e-04
  8.34874e-07  2.10477e-06 -9.26502e-05 -4.80710e-04
  8.34874e-07  2.80635e-06 -5.52352e-05 -6.47775e-04
  8.34874e-07  3.50794e-06 -1.31226e-05 -8.15384e-04
  8.34874e-07  4.20953e-06  3.38297e-05 -9.83529e-04
  8.34874e-07  4.91112e-06  8.57638e-05 -1.15220e-03
  8.34874e-07  5.61271e-06  1.42822e-04 -1.32139e-03
  8.34874e-07  6.31430e-06  2.05146e-04 -1.49109e-03
  8.34874e-07  7.01588e-06  2.72879e-04 -1.66129e-03
  8.34874e-07  7.71747e-06  3.46163e-04 -1.83199e-03
  8.34874e-07  8.41906e-06  4.25139e-04 -2.00316e-03
  8.34874e-07  9.12065e-06  5.09950e-04 -2.17482e-03
  8.34874e-07  9.82224e-06  6.00739e-04 -2.34694e-03
  8.34874e-07  1.05238e-05  6.97647e-04 -2.51951e-03
  8.34874e-07  1.12254e-05  8.00816e-04 -2.69254e-03
  8.34874e-07  1.19270e-05  9.10389e-04 -2.86600e-03
  8.34874e-07  1.26286e-05  1.02651e-03 -3.03990e-03
  8.34874e-07  1.33302e-05  1.14932e-03 -3.21422e-03
  8.34874e-07  1.40318e-05  1.27895e-03 -3.38895e-03
  8.34874e-07  1.47334e-05  1.41556e-03 -3.56409e-03
  8.34874e-07  1.54349e-05  1.55929e-03 -3.73963e-03
  8.34874e-07  1.61365e-05  1.71027e-03 -3.91555e-03
  8.34874e-07  1.68381e-05  1.86865e-03 -4.09185e-03
  8.34874e-07  1.75397e-05  2.03457e-03 -4.26853e-03

  1.66975e-06  0.00000e+00 -3.43963e-04  5.27175e-05
  1.66975e-06  7.01588e-07 -3.03981e-04 -1.07539e-04
  1.66975e-06  1.40318e-06 -2.59519e-04 -2.68196e-04
  1.66975e-06  2.10477e-06 -2.10433e-04 -4.29247e-04
  1.66975e-06  2.80635e-06 -1.56582e-04 -5.90681e-04
  1.66975e-06  3.50794e-06 -9.78239e-05 -7.52491e-04
  1.66975e-06  4.20953e-06 -3.40162e-05 -9.14667e-04
  1.66975e-06  4.91112e-06  3.49834e-05 -1.07720e-03
  1.66975e-06  5.61271e-06  1.09317e-04 -1.24009e-03
  1.66975e-06  6.31430e-06  1.89127e-04 -1.40331e-03
  1.66975e-06  7.01588e-06  2.74555e-04 -1.56687e-03
  1.66975e-06  7.71747e-06  3.65743e-04 -1.73074e-03
  1.66975e-06  8.41906e-06  4.62834e-04 -1.89494e-03
  1.66975e-06  9.12065e-06  5.65970e-04 -2.05944e-03
  1.66975e-06  9.82224e-06  6.75294e-04 -2.22423e-03
  1.66975e-06  1.05238e-05  7.90946e-04 -2.38932e-03
  1.66975e-06  1.12254e-05  9.13070e-04 -2.55468e-03
  1.66975e-06  1.19270e-05  1.04181e-03 -2.72032e-03
  1.66975e-06  1.26286e-05  1.17730e-03 -2.88622e-03
  1.66975e-06  1.33302e-05  1.31969e-03 -3.05237e-03
  1.66975e-06  1.40318e-05  1.46912e-03 -3.21876e-03
  1.66975e-06  1.47334e-05  1.62574e-03 -3.38540e-03
  1.66975e-06  1.54349e-05  1.78968e-03 -3.55226e-03
  1.66975e-06  1.61365e-05  1.96108e-03 -3.71934e-03
  1.66975e-06  1.68381e-05  2.14010e-03 -3.88662e-03
  1.66975e-06  1.75397e-05  2.32686e-03 -4.05411e-03

  2.50462e-06  0.00000e+00 -4.97262e-04  1.07215e-04
  2.50462e-06  7.01588e-07 -4.41096e-04 -4.76693e-05
  2.50462e-06  1.40318e-06 -3.80239e-04 -2.02785e-04
  2.50462e-06  2.10477e-06 -3.14550e-04 -3.58125e-04
  2.50462e-06  2.80635e-06 -2.43886e-04 -5.13679e-04
  2.50462e-06  3.50794e-06 -1.68104e-04 -6.69440e-04
  2.50462e-06  4.20953e-06 -8.70625e-05 -8.25398e-04
  2.50462e-06  4.91112e-06 -6.19602e-07 -9.81545e-04
  2.50462e-06  5.61271e-06  9.13672e-05 -1.13787e-03
  2.50462e-06  6.31430e-06  1.89040e-04 -1.29437e-03
  2.50462e-06  7.01588e-06  2.92541e-04 -1.45103e-03
  2.50462e-06  7.71747e-06  4.02013e-04 -1.60785e-03
  2.50462e-06  8.41906e-06  5.17597e-04 -1.76481e-03
  2.50462e-06  9.12065e-06  6.39436e-04 -1.92190e-03
  2.50462e-06  9.82224e-06  7.67671e-04 -2.07913e-03
  2.50462e-06  1.05238e-05  9.02447e-04 -2.23647e-03
  2.50462e-06  1.12254e-05  1.04390e-03 -2.39392e-03
  2.50462e-06  1.19270e-05  1.19218e-03 -2.55148e-03
  2.50462e-06  1.26286e-05  1.34743e-03 -2.70913e-03
  2.50462e-06  1.33302e-05  1.50978e-03 -2.86686e-03
  2.50462e-06  1.40318e-05  1.67939e-03 -3.02467e-03
  2.50462e-06  1.47334e-05  1.85638e-03 -3.18255e-03
  2.50462e-06  1.54349e-05  2.04091e-03 -3.34048e-03
  2.50462e-06  1.61365e-05  2.23312e-03 -3.49847e-03
  2.50462e-06  1.68381e-05  2.43315e-03 -3.65649e-03
  2.50462e-06  1.75397e-05  2.64113e-03 -3.81455e-03

  3.33949e-06  0.00000e+00 -6.37799e-04  1.81070e-04
  3.33949e-06  7.01588e-07 -5.65072e-04  3.18085e-05
  3.33949e-06  1.40318e-06 -4.87443e-04 -1.17516e-04
  3.33949e-06  2.10477e-06 -4.04772e-04 -2.66895e-04
  3.33949e-06  2.80635e-06 -3.16916e-04 -4.16320e-04
  3.33949e-06  3.50794e-06 -2.23733e-04 -5.65782e-04
  3.33949e-06  4.20953e-06 -1.25080e-04 -7.15271e-04
  3.33949e-06  4.91112e-06 -2.08156e-05 -8.64781e-04
  3.33949e-06  5.61271e-06  8.92025e-05 -1.01430e-03
  3.33949e-06  6.31430e-06  2.05117e-04 -1.16382e-03
  3.33949e-06  7.01588e-06  3.27069e-04 -1.31334e-03
  3.33949e-06  7.71747e-06  4.55201e-04 -1.46284e-03
  3.33949e-06  8.41906e-06  5.89656e-04 -1.61232e-03
  3.33949e-06  9.12065e-06  7.30576e-04 -1.76176e-03
  3.33949e-06  9.82224e-06  8.78102e-04 -1.91116e-03
  3.33949e-06  1.05238e-05  1.03238e-03 -2.06052e-03
  3.33949e-06  1.12254e-05  1.19354e-03 -2.20981e-03
  3.33949e-06  1.19270e-05  1.36175e-03 -2.35904e-03
  3.33949e-06  1.26286e-05  1.53712e-03 -2.50819e-03
  3.33949e-06  1.33302e-05  1.71981e-03 -2.65725e-03
  3.33949e-06  1.40318e-05  1.90997e-03 -2.80622e-03
  3.33949e-06  1.47334e-05  2.10772e-03 -2.95509e-03
  3.33949e-06  1.54349e-05  2.31323e-03 -3.10385e-03
  3.33949e-06  1.61365e-05  2.52661e-03 -3.25249e-03
  3.33949e-06  1.68381e-05  2.74803e-03 -3.40100e-03
  3.33949e-06  1.75397e-05  2.97761e-03 -3.54938e-03

  4.17437e-06  0.00000e+00 -7.65347e-04  2.74734e-04
  4.17437e-06  7.01588e-07 -6.75679e-04  1.31344e-04
  4.17437e-06  1.40318e-06 -5.80901e-04 -1.19392e-05
  4.17437e-06  2.10477e-06 -4.80870e-04 -1.55108e-04
  4.17437e-06  2.80635e-06 -3.75444e-04 -2.98153e-04
  4.17437e-06  3.50794e-06 -2.64481e-04 -4.41066e-04
  4.17437e-06  4.20953e-06 -1.47839e-04 -5.83838e-04
  4.17437e-06  4.91112e-06 -2.53749e-05 -7.26460e-04
  4.17437e-06  5.61271e-06  1.03052e-04 -8.68924e-04
  4.17437e-06  6.31430e-06  2.37586e-04 -1.01122e-03
  4.17437e-06  7.01588e-06  3.78367e-04 -1.15334e-03
  4.17437e-06  7.71747e-06  5.25538e-04 -1.29528e-03
  4.17437e-06  8.41906e-06  6.79242e-04 -1.43702e-03
  4.17437e-06  9.12065e-06  8.39621e-04 -1.57856e-03
  4.17437e-06  9.82224e-06  1.00682e-03 -1.71990e-03
  4.17437e-06  1.05238e-05  1.18097e-03 -1.86101e-03
  4.17437e-06  1.12254e-05  1.36223e-03 -2.00189e-03
  4.17437e-06  1.19270e-05  1.55072e-03 -2.14254e-03
  4.17437e-06  1.26286e-05  1.74661e-03 -2.28294e-03
  4.17437e-06  1.33302e-05  1.95002e-03 -2.42309e-03
  4.17437e-06  1.40318e-05  2.16110e-03 -2.56297e-03
  4.17437e-06  1.47334e-05  2.38000e-03 -2.70259e-03
  4.17437e-06  1.54349e-05  2.60684e-03 -2.84192e-03
  4.17437e-06  1.61365e-05  2.84179e-03 -2.98097e-03
  4.17437e-06  1.68381e-05  3.08497e-03 -3.11972e-03
  4.17437e-06  1.75397e-05  3.33654e-03 -3.25816e-03

  5.00924e-06  0.00000e+00 -8.79673e-04  3.88656e-04
  5.00924e-06  7.01588e-07 -7.72688e-04  2.51388e-04
  5.00924e-06  1.40318e-06 -6.60382e-04  1.14396e-04
  5.00924e-06  2.10477e-06 -5.42613e-04 -2.23130e-05
  5.00924e-06  2.80635e-06 -4.19239e-04 -1.58729e-04
  5.00924e-06  3.50794e-06 -2.90119e-04 -2.94843e-04
  5.00924e-06  4.20953e-06 -1.55109e-04 -4.30647e-04
  5.00924e-06  4.91112e-06 -1.40681e-05 -5.66133e-04
  5.00924e-06  5.61271e-06  1.33147e-04 -7.01291e-04
  5.00924e-06  6.31430e-06  2.86677e-04 -8.36112e-04
  5.00924e-06  7.01588e-06  4.46665e-04 -9.70589e-04
  5.00924e-06  7.71747e-06  6.13254e-04 -1.10471e-03
  5.00924e-06  8.41906e-06  7.86584e-04 -1.23847e-03
  5.00924e-06  9.12065e-06  9.66799e-04 -1.37186e-03
  5.00924e-06  9.82224e-06  1.15404e-03 -1.50487e-03
  5.00924e-06  1.05238e-05  1.34845e-03 -1.63749e-03
  5.00924e-06  1.12254e-05  1.55017e-03 -1.76972e-03
  5.00924e-06  1.19270e-05  1.75935e-03 -1.90154e-03
  5.00924e-06  1.26286e-05  1.97612e-03 -2.03294e-03
  5.00924e-06  1.33302e-05  2.20063e-03 -2.16392e-03
  5.00924e-06  1.40318e-05  2.43302e-03 -2.29447e-03
  5.00924e-06  1.47334e-05  2.67343e-03 -2.42458e-03
  5.00924e-06  1.54349e-05  2.92200e-03 -2.55424e-03
  5.00924e-06  1.61365e-05  3.17888e-03 -2.68344e-03
  5.00924e-06  1.68381e-05  3.44421e-03 -2.81217e-03
  5.00924e-06  1.75397e-05  3.71813e-03 -2.94043e-03

  5.84412e-06  0.00000e+00 -9.80550e-04  5.23287e-04
  5.84412e-06  7.01588e-07 -8.55869e-04  3.92390e-04
  5.84412e-06  1.40318e-06 -7.25657e-04  2.61938e-04
  5.84412e-06  2.10477e-06 -5.89772e-04  1.31939e-04
  5.84412e-06  2.80635e-06 -4.48073e-04  2.40246e-06
  5.84412e-06  3.50794e-06 -3.00417e-04 -1.26664e-04
  5.84412e-06  4.20953e-06 -1.46662e-04 -2.55250e-04
  5.84412e-06  4.91112e-06  1.33344e-05 -3.83349e-04
  5.84412e-06  5.61271e-06  1.79714e-04 -5.10951e-04
  5.84412e-06  6.31430e-06  3.52620e-04 -6.38048e-04
  5.84412e-06  7.01588e-06  5.32193e-04 -7.64630e-04
  5.84412e-06  7.71747e-06  7.18577e-04 -8.90689e-04
  5.84412e-06  8.41906e-06  9.11912e-04 -1.01622e-03
  5.84412e-06  9.12065e-06  1.11234e-03 -1.14121e-03
  5.84412e-06  9.82224e-06  1.32001e-03 -1.26564e-03
  5.84412e-06  1.05238e-05  1.53505e-03 -1.38953e-03
  5.84412e-06  1.12254e-05  1.75762e-03 -1.51284e-03
  5.84412e-06  1.19270e-05  1.98785e-03 -1.63558e-03
  5.84412e-06  1.26286e-05  2.22588e-03 -1.75774e-03
  5.84412e-06  1.33302e-05  2.47187e-03 -1.87930e-03
  5.84412e-06  1.40318e-05  2.72594e-03 -2.00026e-03
  5.84412e-06  1.47334e-05  2.98824e-03 -2.12062e-03
  5.84412e-06  1.54349e-05  3.25892e-03 -2.24035e-03
  5.84412e-06  1.61365e-05  3.53811e-03 -2.35946e-03
  5.84412e-06  1.68381e-05  3.82597e-03 -2.47793e-03
  5.84412e-06  1.75397e-05  4.12262e-03 -2.59576e-03

  6.67899e-06  0.00000e+00 -1.06775e-03  6.79075e-04
  6.67899e-06  7.01588e-07 -9.24993e-04  5.54799e-04
  6.67899e-06  1.40318e-06 -7.76497e-04  4.31138e-04
  6.67899e-06  2.10477e-06 -6.22118e-04  3.08099e-04
  6.67899e-06  2.80635e-06 -4.61716e-04  1.85691e-04
  6.67899e-06  3.50794e-06 -2.95146e-04  6.39226e-05
  6.67899e-06  4.20953e-06 -1.22267e-04 -5.71970e-05
  6.67899e-06  4.91112e-06  5.70623e-05 -1.77659e-04
  6.67899e-06  5.61271e-06  2.42985e-04 -2.97456e-04
  6.67899e-06  6.31430e-06  4.35644e-04 -4.16577e-04
  6.67899e-06  7.01588e-06  6.35180e-04 -5.35016e-04
  6.67899e-06  7.71747e-06  8.41737e-04 -6.52762e-04
  6.67899e-06  8.41906e-06  1.05546e-03 -7.69807e-04
  6.67899e-06  9.12065e-06  1.27648e-03 -8.86143e-04
  6.67899e-06  9.82224e-06  1.50495e-03 -1.00176e-03
  6.67899e-06  1.05238e-05  1.74100e-03 -1.11665e-03
  6.67899e-06  1.12254e-05  1.98479e-03 -1.23081e-03
  6.67899e-06  1.19270e-05  2.23646e-03 -1.34422e-03
  6.67899e-06  1.26286e-05  2.49613e-03 -1.45688e-03
  6.67899e-06  1.33302e-05  2.76397e-03 -1.56878e-03
  6.67899e-06  1.40318e-05  3.04010e-03 -1.67990e-03
  6.67899e-06  1.47334e-05  3.32468e-03 -1.79025e-03
  6.67899e-06  1.54349e-05  3.61784e-03 -1.89981e-03
  6.67899e-06  1.61365e-05  3.91972e-03 -2.00857e-03
  6.67899e-06  1.68381e-05  4.23048e-03 -2.11653e-03
  6.67899e-06  1.75397e-05  4.55024e-03 -2.22368e-03

  7.51386e-06  0.00000e+00 -1.14104e-03  8.56470e-04
  7.51386e-06  7.01588e-07 -9.79829e-04  7.39066e-04
  7.51386e-06  1.40318e-06 -8.12672e-04  6.22444e-04
  7.51386e-06  2.10477e-06 -6.39422e-04  5.06615e-04
  7.51386e-06  2.80635e-06 -4.59937e-04  3.91585e-04
  7.51386e-06  3.50794e-06 -2.74076e-04  2.77365e-04
  7.51386e-06  4.20953e-06 -8.16960e-05  1.63963e-04
  7.51386e-06  4.91112e-06  1.17345e-04  5.13867e-05
  7.51386e-06  5.61271e-06  3.23189e-04 -6.03542e-05
  7.51386e-06  6.31430e-06  5.35979e-04 -1.71251e-04
  7.51386e-06  7.01588e-06  7.55857e-04 -2.81296e-04
  7.51386e-06  7.71747e-06  9.82964e-04 -3.90479e-04
  7.51386e-06  8.41906e-06  1.21744e-03 -4.98792e-04
  7.51386e-06  9.12065e-06  1.45944e-03 -6.06227e-04
  7.51386e-06  9.82224e-06  1.70909e-03 -7.12774e-04
  7.51386e-06  1.05238e-05  1.96653e-03 -8.18426e-04
  7.51386e-06  1.12254e-05  2.23192e-03 -9.23172e-04
  7.51386e-06  1.19270e-05  2.50540e-03 -1.02701e-03
  7.51386e-06  1.26286e-05  2.78709e-03 -1.12992e-03
  7.51386e-06  1.33302e-05  3.07716e-03 -1.23190e-03
  7.51386e-06  1.40318e-05  3.37573e-03 -1.33294e-03
  7.51386e-06  1.47334e-05  3.68296e-03 -1.43303e-03
  7.51386e-06  1.54349e-05  3.99898e-03 -1.53217e-03
  7.51386e-06  1.61365e-05  4.32393e-03 -1.63034e-03
  7.51386e-06  1.68381e-05  4.65797e-03 -1.72753e-03
  7.51386e-06  1.75397e-05  5.00122e-03 -1.82375e-03

  8.34874e-06  0.00000e+00 -1.20019e-03  1.05592e-03
  8.34874e-06  7.01588e-07 -1.02015e-03  9.45640e-04
  8.34874e-06  1.40318e-06 -8.33952e-04  8.36308e-04
  8.34874e-06  2.10477e-06 -6.41452e-04  7.27938e-04
  8.34874e-06  2.80635e-06 -4.42508e-04  6.20537e-04
  8.34874e-06  3.50794e-06 -2.36978e-04  5.14114e-04
  8.34874e-06  4.20953e-06 -2.47181e-05  4.08678e-04
  8.34874e-06  4.91112e-06  1.94412e-04  3.04238e-04
  8.34874e-06  5.61271e-06  4.20556e-04  2.00803e-04
  8.34874e-06  6.31430e-06  6.53855e-04  9.83801e-05
  8.34874e-06  7.01588e-06  8.94451e-04 -3.02081e-06
  8.34874e-06  7.71747e-06  1.14249e-03 -1.03391e-04
  8.34874e-06  8.41906e-06  1.39811e-03 -2.02723e-04
  8.34874e-06  9.12065e-06  1.66145e-03 -3.01006e-04
  8.34874e-06  9.82224e-06  1.93266e-03 -3.98233e-04
  8.34874e-06  1.05238e-05  2.21187e-03 -4.94395e-04
  8.34874e-06  1.12254e-05  2.49924e-03 -5.89483e-04
  8.34874e-06  1.19270e-05  2.79490e-03 -6.83488e-04
  8.34874e-06  1.26286e-05  3.09900e-03 -7.76402e-04
  8.34874e-06  1.33302e-05  3.41167e-03 -8.68216e-04
  8.34874e-06  1.40318e-05  3.73306e-03 -9.58921e-04
  8.34874e-06  1.47334e-05  4.06331e-03 -1.04851e-03
  8.34874e-06  1.54349e-05  4.40257e-03 -1.13697e-03
  8.34874e-06  1.61365e-05  4.75097e-03 -1.22430e-03
  8.34874e-06  1.68381e-05  5.10867e-03 -1.31048e-03
  8.34874e-06  1.75397e-05  5.47579e-03 -1.39551e-03

  9.18361e-06  0.00000e+00 -1.24497e-03  1.27788e-03
  9.18361e-06  7.01588e-07 -1.04572e-03  1.17497e-03
  9.18361e-06  1.40318e-06 -8.40108e-04  1.07318e-03
  9.18361e-06  2.10477e-06 -6.27981e-04  9.72517e-04
  9.18361e-06  2.80635e-06 -4.09199e-04  8.72994e-04
  9.18361e-06  3.50794e-06 -1.83621e-04  7.74619e-04
  9.18361e-06  4.20953e-06  4.88958e-05  6.77400e-04
  9.18361e-06  4.91112e-06  2.88494e-04  5.81346e-04
  9.18361e-06  5.61271e-06  5.35314e-04  4.86465e-04
  9.18361e-06  6.31430e-06  7.89500e-04  3.92767e-04
  9.18361e-06  7.01588e-06  1.05119e-03  3.00259e-04
  9.18361e-06  7.71747e-06  1.32054e-03  2.08951e-04
  9.18361e-06  8.41906e-06  1.59767e-03  1.18852e-04
  9.18361e-06  9.12065e-06  1.88274e-03  2.99690e-05
  9.18361e-06  9.82224e-06  2.17589e-03 -5.76878e-05
  9.18361e-06  1.05238e-05  2.47725e-03 -1.44110e-04
  9.18361e-06  1.12254e-05  2.78697e-03 -2.29289e-04
  9.18361e-06  1.19270e-05  3.10520e-03 -3.13217e-04
  9.18361e-06  1.26286e-05  3.43207e-03 -3.95884e-04
  9.18361e-06  1.33302e-05  3.76773e-03 -4.77282e-04
  9.18361e-06  1.40318e-05  4.11232e-03 -5.57401e-04
  9.18361e-06  1.47334e-05  4.46598e-03 -6.36235e-04
  9.18361e-06  1.54349e-05  4.82885e-03 -7.13773e-04
  9.18361e-06  1.61365e-05  5.20108e-03 -7.90007e-04
  9.18361e-06  1.68381e-05  5.58281e-03 -8.64928e-04
  9.18361e-06  1.75397e-05  5.97417e-03 -9.38528e-04

  1.00185e-05  0.00000e+00 -1.27515e-03  1.52280e-03
  1.00185e-05  7.01588e-07 -1.05632e-03  1.42751e-03
  1.00185e-05  1.40318e-06 -8.30911e-04  1.33351e-03
  1.00185e-05  2.10477e-06 -5.98778e-04  1.24080e-03
  1.00185e-05  2.80635e-06 -3.59781e-04  1.14941e-03
  1.00185e-05  3.50794e-06 -1.13777e-04  1.05933e-03
  1.00185e-05  4.20953e-06  1.39375e-04  9.70577e-04
  1.00185e-05  4.91112e-06  3.99818e-04  8.83158e-04
  1.00185e-05  5.61271e-06  6.67694e-04  7.97082e-04
  1.00185e-05  6.31430e-06  9.43145e-04  7.12358e-04
  1.00185e-05  7.01588e-06  1.22631e-03  6.28994e-04
  1.00185e-05  7.71747e-06  1.51734e-03  5.46998e-04
  1.00185e-05  8.41906e-06  1.81637e-03  4.66380e-04
  1.00185e-05  9.12065e-06  2.12354e-03  3.87148e-04
  1.00185e-05  9.82224e-06  2.43900e-03  3.09311e-04
  1.00185e-05  1.05238e-05  2.76289e-03  2.32878e-04
  1.00185e-05  1.12254e-05  3.09535e-03  1.57857e-04
  1.00185e-05  1.19270e-05  3.43652e-03  8.42573e-05
  1.00185e-05  1.26286e-05  3.78655e-03  1.20870e-05
  1.00185e-05  1.33302e-05  4.14557e-03 -5.86448e-05
  1.00185e-05  1.40318e-05  4.51373e-03 -1.27929e-04
  1.00185e-05  1.47334e-05  4.89118e-03 -1.95758e-04
  1.00185e-05  1.54349e-05  5.27804e-03 -2.62123e-04
  1.00185e-05  1.61365e-05  5.67448e-03 -3.27014e-04
  1.00185e-05  1.68381e-05  6.08062e-03 -3.90423e-04
  1.00185e-05  1.75397e-05  6.49661e-03 -4.52342e-04

  1.08534e-05  0.00000e+00 -1.29051e-03  1.79112e-03
  1.08534e-05  7.01588e-07 -1.05172e-03  1.70370e-03
  1.08534e-05  1.40318e-06 -8.06130e-04  1.61774e-03
  1.08534e-05  2.10477e-06 -5.53614e-04  1.53324e-03
  1.08534e-05  2.80635e-06 -2.94023e-04  1.45023e-03
  1.08534e-05  3.50794e-06 -2.72155e-05  1.36870e-03
  1.08534e-05  4.20953e-06  2.46950e-04  1.28866e-03
  1.08534e-05  4.91112e-06  5.28616e-04  1.21013e-03
  1.08534e-05  5.61271e-06  8.17926e-04  1.13310e-03
  1.08534e-05  6.31430e-06  1.11502e-03  1.05760e-03
  1.08534e-05  7.01588e-06  1.42004e-03  9.83633e-04
  1.08534e-05  7.71747e-06  1.73313e-03  9.11199e-04
  1.08534e-05  8.41906e-06  2.05443e-03  8.40313e-04
  1.08534e-05  9.12065e-06  2.38409e-03  7.70981e-04
  1.08534e-05  9.82224e-06  2.72224e-03  7.03214e-04
  1.08534e-05  1.05238e-05  3.06903e-03  6.37020e-04
  1.08534e-05  1.12254e-05  3.42460e-03  5.72407e-04
  1.08534e-05  1.19270e-05  3.78910e-03  5.09384e-04
  1.08534e-05  1.26286e-05  4.16265e-03  4.47961e-04
  1.08534e-05  1.33302e-05  4.54542e-03  3.88145e-04
  1.08534e-05  1.40318e-05  4.93753e-03  3.29945e-04
  1.08534e-05  1.47334e-05  5.33914e-03  2.73370e-04
  1.08534e-05  1.54349e-05  5.75038e-03  2.18429e-04
  1.08534e-05  1.61365e-05  6.17139e-03  1.65130e-04
  1.08534e-05  1.68381e-05  6.60232e-03  1.13483e-04
  1.08534e-05  1.75397e-05  7.04332e-03  6.34947e-05

  1.16882e-05  0.00000e+00 -1.29081e-03  2.08330e-03
  1.16882e-05  7.01588e-07 -1.03167e-03  2.00400e-03
  1.16882e-05  1.40318e-06 -7.65537e-04  1.92633e-03
  1.16882e-05  2.10477e-06 -4.92258e-04  1.85029e-03
  1.16882e-05  2.80635e-06 -2.11696e-04  1.77590e-03
  1.16882e-05  3.50794e-06  7.62926e-05  1.70317e-03
  1.16882e-05  4.20953e-06  3.71850e-04  1.63210e-03
  1.16882e-05  4.91112e-06  6.75117e-04  1.56270e-03
  1.16882e-05  5.61271e-06  9.86237e-04  1.49498e-03
  1.16882e-05  6.31430e-06  1.30535e-03  1.42895e-03
  1.16882e-05  7.01588e-06  1.63261e-03  1.36463e-03
  1.16882e-05  7.71747e-06  1.96814e-03  1.30200e-03
  1.16882e-05  8.41906e-06  2.31209e-03  1.24110e-03
  1.16882e-05  9.12065e-06  2.66461e-03  1.18192e-03
  1.16882e-05  9.82224e-06  3.02583e-03  1.12447e-03
  1.16882e-05  1.05238e-05  3.39590e-03  1.06876e-03
  1.16882e-05  1.12254e-05  3.77496e-03  1.01481e-03
  1.16882e-05  1.19270e-05  4.16315e-03  9.62614e-04
  1.16882e-05  1.26286e-05  4.56062e-03  9.12187e-04
  1.16882e-05  1.33302e-05  4.96751e-03  8.63536e-04
  1.16882e-05  1.40318e-05  5.38395e-03  8.16671e-04
  1.16882e-05  1.47334e-05  5.81010e-03  7.71600e-04
  1.16882e-05  1.54349e-05  6.24609e-03  7.28332e-04
  1.16882e-05  1.61365e-05  6.69206e-03  6.86876e-04
  1.16882e-05  1.68381e-05  7.14816e-03  6.47240e-04
  1.16882e-05  1.75397e-05  7.61453e-03  6.09432e-04

  1.25231e-05  0.00000e+00 -1.27582e-03  2.39979e-03
  1.25231e-05  7.01588e-07 -9.95968e-04  2.32886e-03
  1.25231e-05  1.40318e-06 -7.08901e-04  2.25972e-03
  1.25231e-05  2.10477e-06 -4.14483e-04  2.19240e-03
  1.25231e-05  2.80635e-06 -1.12571e-04  2.12688e-03
  1.25231e-05  3.50794e-06  1.96977e-04  2.06320e-03
  1.25231e-05  4.20953e-06  5.14303e-04  2.00134e-03
  1.25231e-05  4.91112e-06  8.39550e-04  1.94133e-03
  1.25231e-05  5.61271e-06  1.17286e-03  1.88316e-03
  1.25231e-05  6.31430e-06  1.51437e-03  1.82686e-03
  1.25231e-05  7.01588e-06  1.86424e-03  1.77242e-03
  1.25231e-05  7.71747e-06  2.22259e-03  1.71986e-03
  1.25231e-05  8.41906e-06  2.58957e-03  1.66919e-03
  1.25231e-05  9.12065e-06  2.96532e-03  1.62041e-03
  1.25231e-05  9.82224e-06  3.34999e-03  1.57353e-03
  1.25231e-05  1.05238e-05  3.74372e-03  1.52856e-03
  1.25231e-05  1.12254e-05  4.14665e-03  1.48552e-03
  1.25231e-05  1.19270e-05  4.55892e-03  1.44440e-03
  1.25231e-05  1.26286e-05  4.98068e-03  1.40522e-03
  1.25231e-05  1.33302e-05  5.41206e-03  1.36798e-03
  1.25231e-05  1.40318e-05  5.85322e-03  1.33270e-03
  1.25231e-05  1.47334e-05  6.30428e-03  1.29938e-03
  1.25231e-05  1.54349e-05  6.76540e-03  1.26804e-03
  1.25231e-05  1.61365e-05  7.23671e-03  1.23867e-03
  1.25231e-05  1.68381e-05  7.71836e-03  1.21130e-03
  1.25231e-05  1.75397e-05  8.21049e-03  1.18592e-03

  1.33580e-05  0.00000e+00 -1.24532e-03  2.74103e-03
  1.33580e-05  7.01588e-07 -9.44368e-04  2.67872e-03
  1.33580e-05  1.40318e-06 -6.35993e-04  2.61837e-03
  1.33580e-05  2.10477e-06 -3.20058e-04  2.56000e-03
  1.33580e-05  2.80635e-06  3.58191e-06  2.50362e-03
  1.33580e-05  3.50794e-06  3.35067e-04  2.44923e-03
  1.33580e-05  4.20953e-06  6.74541e-04  2.39684e-03
  1.33580e-05  4.91112e-06  1.02215e-03  2.34646e-03
  1.33580e-05  5.61271e-06  1.37802e-03  2.29810e-03
  1.33580e-05  6.31430e-06  1.74231e-03  2.25177e-03
  1.33580e-05  7.01588e-06  2.11516e-03  2.20747e-03
  1.33580e-05  7.71747e-06  2.49671e-03  2.16523e-03
  1.33580e-05  8.41906e-06  2.88710e-03  2.12503e-03
  1.33580e-05  9.12065e-06  3.28647e-03  2.08690e-03
  1.33580e-05  9.82224e-06  3.69497e-03  2.05084e-03
  1.33580e-05  1.05238e-05  4.11273e-03  2.01686e-03
  1.33580e-05  1.12254e-05  4.53991e-03  1.98497e-03
  1.33580e-05  1.19270e-05  4.97664e-03  1.95518e-03
  1.33580e-05  1.26286e-05  5.42306e-03  1.92750e-03
  1.33580e-05  1.33302e-05  5.87932e-03  1.90193e-03
  1.33580e-05  1.40318e-05  6.34556e-03  1.87848e-03
  1.33580e-05  1.47334e-05  6.82191e-03  1.85717e-03
  1.33580e-05  1.54349e-05  7.30854e-03  1.83799e-03
  1.33580e-05  1.61365e-05  7.80556e-03  1.82097e-03
  1.33580e-05  1.68381e-05  8.31314e-03  1.80611e-03
  1.33580e-05  1.75397e-05  8.83140e-03  1.79341e-03

  1.41929e-05  0.00000e+00 -1.19907e-03  3.10748e-03
  1.41929e-05  7.01588e-07 -8.76644e-04  3.05404e-03
  1.41929e-05  1.40318e-06 -5.46584e-04  3.00273e-03
  1.41929e-05  2.10477e-06 -2.08753e-04  2.95357e-03
  1.41929e-05  2.80635e-06  1.36992e-04  2.90656e-03
  1.41929e-05  3.50794e-06  4.90793e-04  2.86171e-03
  1.41929e-05  4.20953e-06  8.52792e-04  2.81904e-03
  1.41929e-05  4.91112e-06  1.22313e-03  2.77855e-03
  1.41929e-05  5.61271e-06  1.60195e-03  2.74024e-03
  1.41929e-05  6.31430e-06  1.98940e-03  2.70413e-03
  1.41929e-05  7.01588e-06  2.38561e-03  2.67023e-03
  1.41929e-05  7.71747e-06  2.79074e-03  2.63854e-03
  1.41929e-05  8.41906e-06  3.20491e-03  2.60908e-03
  1.41929e-05  9.12065e-06  3.62828e-03  2.58185e-03
  1.41929e-05  9.82224e-06  4.06098e-03  2.55686e-03
  1.41929e-05  1.05238e-05  4.50316e-03  2.53412e-03
  1.41929e-05  1.12254e-05  4.95496e-03  2.51363e-03
  1.41929e-05  1.19270e-05  5.41652e-03  2.49542e-03
  1.41929e-05  1.26286e-05  5.88799e-03  2.47948e-03
  1.41929e-05  1.33302e-05  6.36950e-03  2.46582e-03
  1.41929e-05  1.40318e-05  6.86120e-03  2.45446e-03
  1.41929e-05  1.47334e-05  7.36323e-03  2.44540e-03
  1.41929e-05  1.54349e-05  7.87574e-03  2.43865e-03
  1.41929e-05  1.61365e-05  8.39886e-03  2.43422e-03
  1.41929e-05  1.68381e-05  8.93274e-03  2.43212e-03
  1.41929e-05  1.75397e-05  9.47752e-03  2.43235e-03

  1.50277e-05  0.00000e+00 -1.13685e-03  3.49959e-03
  1.50277e-05  7.01588e-07 -7.92567e-04  3.45526e-03
  1.50277e-05  1.40318e-06 -4.40444e-04  3.41324e-03
  1.50277e-05  2.10477e-06 -8.03388e-05  3.37354e-03
  1.50277e-05  2.80635e-06  2.87890e-04  3.33616e-03
  1.50277e-05  3.50794e-06  6.64384e-04  3.30111e-03
  1.50277e-05  4.20953e-06  1.04929e-03  3.26840e-03
  1.50277e-05  4.91112e-06  1.44274e-03  3.23804e-03
  1.50277e-05  5.61271e-06  1.84488e-03  3.21003e-03
  1.50277e-05  6.31430e-06  2.25586e-03  3.18440e-03
  1.50277e-05  7.01588e-06  2.67582e-03  3.16114e-03
  1.50277e-05  7.71747e-06  3.10489e-03  3.14026e-03
  1.50277e-05  8.41906e-06  3.54323e-03  3.12178e-03
  1.50277e-05  9.12065e-06  3.99097e-03  3.10570e-03
  1.50277e-05  9.82224e-06  4.44826e-03  3.09203e-03
  1.50277e-05  1.05238e-05  4.91523e-03  3.08077e-03
  1.50277e-05  1.12254e-05  5.39203e-03  3.07195e-03
  1.50277e-05  1.19270e-05  5.87880e-03  3.06556e-03
  1.50277e-05  1.26286e-05  6.37569e-03  3.06161e-03
  1.50277e-05  1.33302e-05  6.88284e-03  3.06012e-03
  1.50277e-05  1.40318e-05  7.40038e-03  3.06109e-03
  1.50277e-05  1.47334e-05  7.92847e-03  3.06454e-03
  1.50277e-05  1.54349e-05  8.46723e-03  3.07046e-03
  1.50277e-05  1.61365e-05  9.01683e-03  3.07887e-03
  1.50277e-05  1.68381e-05  9.57739e-03  3.08978e-03
  1.50277e-05  1.75397e-05  1.01491e-02  3.10319e-03

  1.58626e-05  0.00000e+00 -1.05842e-03  3.91780e-03
  1.58626e-05  7.01588e-07 -6.91908e-04  3.88284e-03
  1.58626e-05  1.40318e-06 -3.17343e-04  3.85036e-03
  1.58626e-05  2.10477e-06  6.54139e-05  3.82036e-03
  1.58626e-05  2.80635e-06  4.56504e-04  3.79286e-03
  1.58626e-05  3.50794e-06  8.56070e-04  3.76785e-03
  1.58626e-05  4.20953e-06  1.26425e-03  3.74536e-03
  1.58626e-05  4.91112e-06  1.68120e-03  3.72538e-03
  1.58626e-05  5.61271e-06  2.10704e-03  3.70793e-03
  1.58626e-05  6.31430e-06  2.54193e-03  3.69302e-03
  1.58626e-05  7.01588e-06  2.98601e-03  3.68065e-03
  1.58626e-05  7.71747e-06  3.43942e-03  3.67084e-03
  1.58626e-05  8.41906e-06  3.90229e-03  3.66358e-03
  1.58626e-05  9.12065e-06  4.37478e-03  3.65890e-03
  1.58626e-05  9.82224e-06  4.85703e-03  3.65680e-03
  1.58626e-05  1.05238e-05  5.34917e-03  3.65728e-03
  1.58626e-05  1.12254e-05  5.85135e-03  3.66036e-03
  1.58626e-05  1.19270e-05  6.36372e-03  3.66605e-03
  1.58626e-05  1.26286e-05  6.88641e-03  3.67435e-03
  1.58626e-05  1.33302e-05  7.41956e-03  3.68527e-03
  1.58626e-05  1.40318e-05  7.96333e-03  3.69883e-03
  1.58626e-05  1.47334e-05  8.51784e-03  3.71502e-03
  1.58626e-05  1.54349e-05  9.08325e-03  3.73387e-03
  1.58626e-05  1.61365e-05  9.65969e-03  3.75537e-03
  1.58626e-05  1.68381e-05  1.02473e-02  3.77954e-03
  1.58626e-05  1.75397e-05  1.08462e-02  3.80638e-03

  1.66975e-05  0.00000e+00 -9.63563e-04  4.36256e-03
  1.66975e-05  7.01588e-07 -5.74437e-04  4.33723e-03
  1.66975e-05  1.40318e-06 -1.77052e-04  4.31453e-03
  1.66975e-05  2.10477e-06  2.28735e-04  4.29449e-03
  1.66975e-05  2.80635e-06  6.43064e-04  4.27711e-03
  1.66975e-05  3.50794e-06  1.06608e-03  4.26240e-03
  1.66975e-05  4.20953e-06  1.49792e-03  4.25037e-03
  1.66975e-05  4.91112e-06  1.93874e-03  4.24103e-03
  1.66975e-05  5.61271e-06  2.38866e-03  4.23438e-03
  1.66975e-05  6.31430e-06  2.84784e-03  4.23044e-03
  1.66975e-05  7.01588e-06  3.31642e-03  4.22922e-03
  1.66975e-05  7.71747e-06  3.79453e-03  4.23071e-03
  1.66975e-05  8.41906e-06  4.28233e-03  4.23494e-03
  1.66975e-05  9.12065e-06  4.77994e-03  4.24190e-03
  1.66975e-05  9.82224e-06  5.28753e-03  4.25162e-03
  1.66975e-05  1.05238e-05  5.80522e-03  4.26409e-03
  1.66975e-05  1.12254e-05  6.33316e-03  4.27933e-03
  1.66975e-05  1.19270e-05  6.87149e-03  4.29734e-03
  1.66975e-05  1.26286e-05  7.42036e-03  4.31814e-03
  1.66975e-05  1.33302e-05  7.97990e-03  4.34172e-03
  1.66975e-05  1.40318e-05  8.55027e-03  4.36811e-03
  1.66975e-05  1.47334e-05  9.13159e-03  4.39731e-03
  1.66975e-05  1.54349e-05  9.72401e-03  4.42932e-03
  1.66975e-05  1.61365e-05  1.03277e-02  4.46417e-03
  1.66975e-05  1.68381e-05  1.09427e-02  4.50185e-03
  1.66975e-05  1.75397e-05  1.15693e-02  4.54237e-03

  1.75323e-05  0.00000e+00 -8.52037e-04  4.83433e-03
  1.75323e-05  7.01588e-07 -4.39923e-04  4.81886e-03
  1.75323e-05  1.40318e-06 -1.93405e-05  4.80621e-03
  1.75323e-05  2.10477e-06  4.09853e-04  4.79637e-03
  1.75323e-05  2.80635e-06  8.47801e-04  4.78937e-03
  1.75323e-05  3.50794e-06  1.29464e-03  4.78521e-03
  1.75323e-05  4.20953e-06  1.75052e-03  4.78389e-03
  1.75323e-05  4.91112e-06  2.21558e-03  4.78543e-03
  1.75323e-05  5.61271e-06  2.68997e-03  4.78984e-03
  1.75323e-05  6.31430e-06  3.17381e-03  4.79712e-03
  1.75323e-05  7.01588e-06  3.66727e-03  4.80728e-03
  1.75323e-05  7.71747e-06  4.17047e-03  4.82034e-03
  1.75323e-05  8.41906e-06  4.68356e-03  4.83629e-03
  1.75323e-05  9.12065e-06  5.20668e-03  4.85516e-03
  1.75323e-05  9.82224e-06  5.73998e-03  4.87694e-03
  1.75323e-05  1.05238e-05  6.28360e-03  4.90165e-03
  1.75323e-05  1.12254e-05  6.83768e-03  4.92930e-03
  1.75323e-05  1.19270e-05  7.40236e-03  4.95988e-03
  1.75323e-05  1.26286e-05  7.97778e-03  4.99342e-03
  1.75323e-05  1.33302e-05  8.56409e-03  5.02992e-03
  1.75323e-05  1.40318e-05  9.16143e-03  5.06940e-03
  1.75323e-05  1.47334e-05  9.76994e-03  5.11185e-03
  1.75323e-05  1.54349e-05  1.03898e-02  5.15728e-03
  1.75323e-05  1.61365e-05  1.10210e-02  5.20572e-03
  1.75323e-05  1.68381e-05  1.16639e-02  5.25716e-03
  1.75323e-05  1.75397e-05  1.23185e-02  5.31161e-03

  1.83672e-05  0.00000e+00 -7.23618e-04  5.33356e-03
  1.83672e-05  7.01588e-07 -2.88138e-04  5.32821e-03
  1.83672e-05  1.40318e-06  1.56020e-04  5.32584e-03
  1.83672e-05  2.10477e-06  6.08999e-04  5.32646e-03
  1.83672e-05  2.80635e-06  1.07094e-03  5.33008e-03
  1.83672e-05  3.50794e-06  1.54199e-03  5.33672e-03
  1.83672e-05  4.20953e-06  2.02229e-03  5.34636e-03
  1.83672e-05  4.91112e-06  2.51197e-03  5.35904e-03
  1.83672e-05  5.61271e-06  3.01119e-03  5.37475e-03
  1.83672e-05  6.31430e-06  3.52008e-03  5.39350e-03
  1.83672e-05  7.01588e-06  4.03879e-03  5.41530e-03
  1.83672e-05  7.71747e-06  4.56745e-03  5.44017e-03
  1.83672e-05  8.41906e-06  5.10622e-03  5.46810e-03
  1.83672e-05  9.12065e-06  5.65523e-03  5.49912e-03
  1.83672e-05  9.82224e-06  6.21463e-03  5.53322e-03
  1.83672e-05  1.05238e-05  6.78455e-03  5.57041e-03
  1.83672e-05  1.12254e-05  7.36514e-03  5.61071e-03
  1.83672e-05  1.19270e-05  7.95654e-03  5.65413e-03
  1.83672e-05  1.26286e-05  8.55890e-03  5.70066e-03
  1.83672e-05  1.33302e-05  9.17235e-03  5.75033e-03
  1.83672e-05  1.40318e-05  9.79704e-03  5.80313e-03
  1.83672e-05  1.47334e-05  1.04331e-02  5.85908e-03
  1.83672e-05  1.54349e-05  1.10807e-02  5.91819e-03
  1.83672e-05  1.61365e-05  1.17400e-02  5.98047e-03
  1.83672e-05  1.68381e-05  1.24110e-02  6.04591e-03
  1.83672e-05  1.75397e-05  1.30940e-02  6.11454e-03

  1.92021e-05  0.00000e+00 -5.78076e-04  5.86069e-03
  1.92021e-05  7.01588e-07 -1.18853e-04  5.86571e-03
  1.92021e-05  1.40318e-06  3.49259e-04  5.87388e-03
  1.92021e-05  2.10477e-06  8.26402e-04  5.88520e-03
  1.92021e-05  2.80635e-06  1.31272e-03  5.89970e-03
  1.92021e-05  3.50794e-06  1.80835e-03  5.91738e-03
  1.92021e-05  4.20953e-06  2.31344e-03  5.93824e-03
  1.92021e-05  4.91112e-06  2.82813e-03  5.96230e-03
  1.92021e-05  5.61271e-06  3.35256e-03  5.98956e-03
  1.92021e-05  6.31430e-06  3.88687e-03  6.02003e-03
  1.92021e-05  7.01588e-06  4.43121e-03  6.05373e-03
  1.92021e-05  7.71747e-06  4.98572e-03  6.09065e-03
  1.92021e-05  8.41906e-06  5.55054e-03  6.13082e-03
  1.92021e-05  9.12065e-06  6.12581e-03  6.17423e-03
  1.92021e-05  9.82224e-06  6.71168e-03  6.22090e-03
  1.92021e-05  1.05238e-05  7.30829e-03  6.27083e-03
  1.92021e-05  1.12254e-05  7.91577e-03  6.32403e-03
  1.92021e-05  1.19270e-05  8.53427e-03  6.38052e-03
  1.92021e-05  1.26286e-05  9.16394e-03  6.44030e-03
  1.92021e-05  1.33302e-05  9.80492e-03  6.50338e-03
  1.92021e-05  1.40318e-05  1.04573e-02  6.56977e-03
  1.92021e-05  1.47334e-05  1.11214e-02  6.63947e-03
  1.92021e-05  1.54349e-05  1.17971e-02  6.71250e-03
  1.92021e-05  1.61365e-05  1.24847e-02  6.78887e-03
  1.92021e-05  1.68381e-05  1.31844e-02  6.86857e-03
  1.92021e-05  1.75397e-05  1.38962e-02  6.95163e-03

  2.00370e-05  0.00000e+00 -4.15182e-04  6.41618e-03
  2.00370e-05  7.01588e-07  6.81635e-05  6.43181e-03
  2.00370e-05  1.40318e-06  5.60607e-04  6.45076e-03
  2.00370e-05  2.10477e-06  1.06229e-03  6.47305e-03
  2.00370e-05  2.80635e-06  1.57336e-03  6.49867e-03
  2.00370e-05  3.50794e-06  2.09395e-03  6.52764e-03
  2.00370e-05  4.20953e-06  2.62421e-03  6.55997e-03
  2.00370e-05  4.91112e-06  3.16428e-03  6.59566e-03
  2.00370e-05  5.61271e-06  3.71430e-03  6.63472e-03
  2.00370e-05  6.31430e-06  4.27442e-03  6.67717e-03
  2.00370e-05  7.01588e-06  4.84477e-03  6.72300e-03
  2.00370e-05  7.71747e-06  5.42550e-03  6.77224e-03
  2.00370e-05  8.41906e-06  6.01675e-03  6.82488e-03
  2.00370e-05  9.12065e-06  6.61866e-03  6.88094e-03
  2.00370e-05  9.82224e-06  7.23138e-03  6.94043e-03
  2.00370e-05  1.05238e-05  7.85505e-03  7.00334e-03
  2.00370e-05  1.12254e-05  8.48980e-03  7.06971e-03
  2.00370e-05  1.19270e-05  9.13578e-03  7.13952e-03
  2.00370e-05  1.26286e-05  9.79314e-03  7.21279e-03
  2.00370e-05  1.33302e-05  1.04620e-02  7.28953e-03
  2.00370e-05  1.40318e-05  1.11426e-02  7.36975e-03
  2.00370e-05  1.47334e-05  1.18349e-02  7.45346e-03
  2.00370e-05  1.54349e-05  1.25392e-02  7.54066e-03
  2.00370e-05  1.61365e-05  1.32555e-02  7.63136e-03
  2.00370e-05  1.68381e-05  1.39841e-02  7.72558e-03
  2.00370e-05  1.75397e-05  1.47251e-02  7.82332e-03

  2.08718e-05  0.00000e+00 -2.34705e-04  7.00047e-03
  2.08718e-05  7.01588e-07  2.73140e-04  7.02697e-03
  2.08718e-05  1.40318e-06  7.90293e-04  7.05696e-03
  2.08718e-05  2.10477e-06  1.31690e-03  7.09045e-03
  2.08718e-05  2.80635e-06  1.85309e-03  7.12745e-03
  2.08718e-05  3.50794e-06  2.39903e-03  7.16796e-03
  2.08718e-05  4.20953e-06  2.95484e-03  7.21200e-03
  2.08718e-05  4.91112e-06  3.52066e-03  7.25957e-03
  2.08718e-05  5.61271e-06  4.09666e-03  7.31069e-03
  2.08718e-05  6.31430e-06  4.68295e-03  7.36535e-03
  2.08718e-05  7.01588e-06  5.27969e-03  7.42358e-03
  2.08718e-05  7.71747e-06  5.88702e-03  7.48537e-03
  2.08718e-05  8.41906e-06  6.50508e-03  7.55075e-03
  2.08718e-05  9.12065e-06  7.13401e-03  7.61970e-03
  2.08718e-05  9.82224e-06  7.77395e-03  7.69226e-03
  2.08718e-05  1.05238e-05  8.42506e-03  7.76841e-03
  2.08718e-05  1.12254e-05  9.08746e-03  7.84818e-03
  2.08718e-05  1.19270e-05  9.76130e-03  7.93157e-03
  2.08718e-05  1.26286e-05  1.04467e-02  8.01858e-03
  2.08718e-05  1.33302e-05  1.11439e-02  8.10924e-03
  2.08718e-05  1.40318e-05  1.18529e-02  8.20354e-03
  2.08718e-05  1.47334e-05  1.25739e-02  8.30150e-03
  2.08718e-05  1.54349e-05  1.33071e-02  8.40312e-03
  2.08718e-05  1.61365e-05  1.40526e-02  8.50841e-03
  2.08718e-05  1.68381e-05  1.48105e-02  8.61739e-03
  2.08718e-05  1.75397e-05  1.55810e-02  8.73005e-03

