 -3.00000e-02  0.00000e+00  6.15251e-04 -3.77955e-03
 -3.00000e-02  8.34874e-07  1.10931e-03 -3.70828e-03
 -3.00000e-02  1.66975e-06  1.61766e-03 -3.61549e-03
 -3.00000e-02  2.50462e-06  2.14053e-03 -3.50075e-03
 -3.00000e-02  3.33949e-06  2.67815e-03 -3.36359e-03
 -3.00000e-02  4.17437e-06  3.23075e-03 -3.20357e-03
 -3.00000e-02  5.00924e-06  3.79856e-03 -3.02024e-03
 -3.00000e-02  5.84412e-06  4.38181e-03 -2.81315e-03
 -3.00000e-02  6.67899e-06  4.98073e-03 -2.58185e-03
 -3.00000e-02  7.51386e-06  5.59555e-03 -2.32588e-03
 -3.00000e-02  8.34874e-06  6.22649e-03 -2.04480e-03
 -3.00000e-02  9.18361e-06  6.87380e-03 -1.73817e-03
 -3.00000e-02  1.00185e-05  7.53769e-03 -1.40552e-03
 -3.00000e-02  1.08534e-05  8.21840e-03 -1.04641e-03
 -3.00000e-02  1.16882e-05  8.91616e-03 -6.60396e-04
 -3.00000e-02  1.25231e-05  9.63119e-03 -2.47018e-04
 -3.00000e-02  1.33580e-05  1.03637e-02  1.94169e-04
 -3.00000e-02  1.41929e-05  1.11140e-02  6.63616e-04
 -3.00000e-02  1.50277e-05  1.18822e-02  1.16177e-03
 -3.00000e-02  1.58626e-05  1.26687e-02  1.68909e-03
 -3.00000e-02  1.66975e-05  1.34735e-02  2.24601e-03
 -3.00000e-02  1.75323e-05  1.42970e-02  2.83299e-03
 -3.00000e-02  1.83672e-05  1.51394e-02  3.45049e-03
 -3.00000e-02  1.92021e-05  1.60009e-02  4.09893e-03
 -3.00000e-02  2.00370e-05  1.68818e-02  4.77879e-03
 -3.00000e-02  2.08718e-05  1.77822e-02  5.49051e-03

 -2.88000e-02  0.00000e+00 -1.48100e-04 -3.64012e-03
 -2.88000e-02  8.34874e-07  2.98340e-04 -3.57080e-03
 -2.88000e-02  1.66975e-06  7.59173e-04 -3.48000e-03
 -2.88000e-02  2.50462e-06  1.23463e-03 -3.36725e-03
 -2.88000e-02  3.33949e-06  1.72494e-03 -3.23212e-03
 -2.88000e-02  4.17437e-06  2.23033e-03 -3.07415e-03
 -2.88000e-02  5.00924e-06  2.75103e-03 -2.89288e-03
 -2.88000e-02  5.84412e-06  3.28728e-03 -2.68788e-03
 -2.88000e-02  6.67899e-06  3.83929e-03 -2.45869e-03
 -2.88000e-02  7.51386e-06  4.40731e-03 -2.20486e-03
 -2.88000e-02  8.34874e-06  4.99155e-03 -1.92595e-03
 -2.88000e-02  9.18361e-06  5.59225e-03 -1.62149e-03
 -2.88000e-02  1.00185e-05  6.20965e-03 -1.29105e-03
 -2.88000e-02  1.08534e-05  6.84396e-03 -9.34166e-04
 -2.88000e-02  1.16882e-05  7.49542e-03 -5.50397e-04
 -2.88000e-02  1.25231e-05  8.16426e-03 -1.39291e-04
 -2.88000e-02  1.33580e-05  8.85071e-03  2.99603e-04
 -2.88000e-02  1.41929e-05  9.55499e-03  7.66734e-04
 -2.88000e-02  1.50277e-05  1.02773e-02  1.26255e-03
 -2.88000e-02  1.58626e-05  1.10180e-02  1.78751e-03
 -2.88000e-02  1.66975e-05  1.17772e-02  2.34205e-03
 -2.88000e-02  1.75323e-05  1.25551e-02  2.92662e-03
 -2.88000e-02  1.83672e-05  1.33520e-02  3.54169e-03
 -2.88000e-02  1.92021e-05  1.41681e-02  4.18768e-03
 -2.88000e-02  2.00370e-05  1.50037e-02  4.86507e-03
 -2.88000e-02  2.08718e-05  1.58589e-02  5.57429e-03

 -2.76000e-02  0.00000e+00 -7.69853e-04 -3.49949e-03
 -2.76000e-02  8.34874e-07 -3.68659e-04 -3.43197e-03
 -2.76000e-02  1.66975e-06  4.70148e-05 -3.34299e-03
 -2.76000e-02  2.50462e-06  4.77398e-04 -3.23209e-03
 -2.76000e-02  3.33949e-06  9.22721e-04 -3.09884e-03
 -2.76000e-02  4.17437e-06  1.38321e-03 -2.94278e-03
 -2.76000e-02  5.00924e-06  1.85910e-03 -2.76346e-03
 -2.76000e-02  5.84412e-06  2.35062e-03 -2.56044e-03
 -2.76000e-02  6.67899e-06  2.85799e-03 -2.33325e-03
 -2.76000e-02  7.51386e-06  3.38145e-03 -2.08146e-03
 -2.76000e-02  8.34874e-06  3.92123e-03 -1.80461e-03
 -2.76000e-02  9.18361e-06  4.47756e-03 -1.50226e-03
 -2.76000e-02  1.00185e-05  5.05066e-03 -1.17394e-03
 -2.76000e-02  1.08534e-05  5.64076e-03 -8.19219e-04
 -2.76000e-02  1.16882e-05  6.24810e-03 -4.37641e-04
 -2.76000e-02  1.25231e-05  6.87290e-03 -2.87559e-05
 -2.76000e-02  1.33580e-05  7.51540e-03  4.07885e-04
 -2.76000e-02  1.41929e-05  8.17582e-03  8.72733e-04
 -2.76000e-02  1.50277e-05  8.85440e-03  1.36624e-03
 -2.76000e-02  1.58626e-05  9.55136e-03  1.88885e-03
 -2.76000e-02  1.66975e-05  1.02669e-02  2.44101e-03
 -2.76000e-02  1.75323e-05  1.10013e-02  3.02318e-03
 -2.76000e-02  1.83672e-05  1.17548e-02  3.63581e-03
 -2.76000e-02  1.92021e-05  1.25276e-02  4.27934e-03
 -2.76000e-02  2.00370e-05  1.33199e-02  4.95422e-03
 -2.76000e-02  2.08718e-05  1.41320e-02  5.66091e-03

 -2.64000e-02  0.00000e+00 -1.26656e-03 -3.35777e-03
 -2.64000e-02  8.34874e-07 -9.08341e-04 -3.29190e-03
 -2.64000e-02  1.66975e-06 -5.35573e-04 -3.20462e-03
 -2.64000e-02  2.50462e-06 -1.48024e-04 -3.09546e-03
 -2.64000e-02  3.33949e-06  2.54536e-04 -2.96399e-03
 -2.64000e-02  4.17437e-06  6.72336e-04 -2.80975e-03
 -2.64000e-02  5.00924e-06  1.10561e-03 -2.63228e-03
 -2.64000e-02  5.84412e-06  1.55457e-03 -2.43115e-03
 -2.64000e-02  6.67899e-06  2.01947e-03 -2.20590e-03
 -2.64000e-02  7.51386e-06  2.50053e-03 -1.95608e-03
 -2.64000e-02  8.34874e-06  2.99797e-03 -1.68124e-03
 -2.64000e-02  9.18361e-06  3.51203e-03 -1.38093e-03
 -2.64000e-02  1.00185e-05  4.04294e-03 -1.05471e-03
 -2.64000e-02  1.08534e-05  4.59093e-03 -7.02117e-04
 -2.64000e-02  1.16882e-05  5.15622e-03 -3.22706e-04
 -2.64000e-02  1.25231e-05  5.73905e-03  8.39716e-05
 -2.64000e-02  1.33580e-05  6.33964e-03  5.18367e-04
 -2.64000e-02  1.41929e-05  6.95823e-03  9.80929e-04
 -2.64000e-02  1.50277e-05  7.59504e-03  1.47211e-03
 -2.64000e-02  1.58626e-05  8.25031e-03  1.99235e-03
 -2.64000e-02  1.66975e-05  8.92426e-03  2.54212e-03
 -2.64000e-02  1.75323e-05  9.61712e-03  3.12185e-03
 -2.64000e-02  1.83672e-05  1.03291e-02  3.73199e-03
 -2.64000e-02  1.92021e-05  1.10605e-02  4.37300e-03
 -2.64000e-02  2.00370e-05  1.18115e-02  5.04533e-03
 -2.64000e-02  2.08718e-05  1.25823e-02  5.74942e-03

 -2.52000e-02  0.00000e+00 -1.65331e-03 -3.21501e-03
 -2.52000e-02  8.34874e-07 -1.33590e-03 -3.15070e-03
 -2.52000e-02  1.66975e-06 -1.00388e-03 -3.06503e-03
 -2.52000e-02  2.50462e-06 -6.57028e-04 -2.95753e-03
 -2.52000e-02  3.33949e-06 -2.95105e-04 -2.82776e-03
 -2.52000e-02  4.17437e-06  8.21138e-05 -2.67527e-03
 -2.52000e-02  5.00924e-06  4.74859e-04 -2.49960e-03
 -2.52000e-02  5.84412e-06  8.83359e-04 -2.30032e-03
 -2.52000e-02  6.67899e-06  1.30785e-03 -2.07696e-03
 -2.52000e-02  7.51386e-06  1.74855e-03 -1.82908e-03
 -2.52000e-02  8.34874e-06  2.20569e-03 -1.55623e-03
 -2.52000e-02  9.18361e-06  2.67951e-03 -1.25796e-03
 -2.52000e-02  1.00185e-05  3.17023e-03 -9.33815e-04
 -2.52000e-02  1.08534e-05  3.67809e-03 -5.83352e-04
 -2.52000e-02  1.16882e-05  4.20330e-03 -2.06119e-04
 -2.52000e-02  1.25231e-05  4.74611e-03  1.98333e-04
 -2.52000e-02  1.33580e-05  5.30675e-03  6.30456e-04
 -2.52000e-02  1.41929e-05  5.88543e-03  1.09070e-03
 -2.52000e-02  1.50277e-05  6.48239e-03  1.57951e-03
 -2.52000e-02  1.58626e-05  7.09787e-03  2.09734e-03
 -2.52000e-02  1.66975e-05  7.73208e-03  2.64464e-03
 -2.52000e-02  1.75323e-05  8.38526e-03  3.22186e-03
 -2.52000e-02  1.83672e-05  9.05765e-03  3.82945e-03
 -2.52000e-02  1.92021e-05  9.74946e-03  4.46786e-03
 -2.52000e-02  2.00370e-05  1.04609e-02  5.13753e-03
 -2.52000e-02  2.08718e-05  1.11923e-02  5.83892e-03

 -2.40000e-02  0.00000e+00 -1.94385e-03 -3.07125e-03
 -2.40000e-02  8.34874e-07 -1.66517e-03 -3.00844e-03
 -2.40000e-02  1.66975e-06 -1.37184e-03 -2.92432e-03
 -2.40000e-02  2.50462e-06 -1.06363e-03 -2.81843e-03
 -2.40000e-02  3.33949e-06 -7.40316e-04 -2.69032e-03
 -2.40000e-02  4.17437e-06 -4.01663e-04 -2.53954e-03
 -2.40000e-02  5.00924e-06 -4.74432e-05 -2.36565e-03
 -2.40000e-02  5.84412e-06  3.22574e-04 -2.16819e-03
 -2.40000e-02  6.67899e-06  7.08617e-04 -1.94672e-03
 -2.40000e-02  7.51386e-06  1.11092e-03 -1.70078e-03
 -2.40000e-02  8.34874e-06  1.52970e-03 -1.42992e-03
 -2.40000e-02  9.18361e-06  1.96520e-03 -1.13370e-03
 -2.40000e-02  1.00185e-05  2.41765e-03 -8.11668e-04
 -2.40000e-02  1.08534e-05  2.88727e-03 -4.63369e-04
 -2.40000e-02  1.16882e-05  3.37429e-03 -8.83543e-05
 -2.40000e-02  1.25231e-05  3.87895e-03  3.13824e-04
 -2.40000e-02  1.33580e-05  4.40146e-03  7.43617e-04
 -2.40000e-02  1.41929e-05  4.94208e-03  1.20147e-03
 -2.40000e-02  1.50277e-05  5.50101e-03  1.68784e-03
 -2.40000e-02  1.58626e-05  6.07850e-03  2.20318e-03
 -2.40000e-02  1.66975e-05  6.67476e-03  2.74793e-03
 -2.40000e-02  1.75323e-05  7.29004e-03  3.32254e-03
 -2.40000e-02  1.83672e-05  7.92456e-03  3.92746e-03
 -2.40000e-02  1.92021e-05  8.57855e-03  4.56315e-03
 -2.40000e-02  2.00370e-05  9.25224e-03  5.23005e-03
 -2.40000e-02  2.08718e-05  9.94585e-03  5.92861e-03

 -2.28000e-02  0.00000e+00 -2.15062e-03 -2.92653e-03
 -2.28000e-02  8.34874e-07 -1.90869e-03 -2.86518e-03
 -2.28000e-02  1.66975e-06 -1.65208e-03 -2.78257e-03
 -2.28000e-02  2.50462e-06 -1.38057e-03 -2.67826e-03
 -2.28000e-02  3.33949e-06 -1.09392e-03 -2.55180e-03
 -2.28000e-02  4.17437e-06 -7.91914e-04 -2.40274e-03
 -2.28000e-02  5.00924e-06 -4.74311e-04 -2.23062e-03
 -2.28000e-02  5.84412e-06 -1.40884e-04 -2.03500e-03
 -2.28000e-02  6.67899e-06  2.08595e-04 -1.81543e-03
 -2.28000e-02  7.51386e-06  5.74356e-04 -1.57146e-03
 -2.28000e-02  8.34874e-06  9.56629e-04 -1.30264e-03
 -2.28000e-02  9.18361e-06  1.35564e-03 -1.00852e-03
 -2.28000e-02  1.00185e-05  1.77163e-03 -6.88641e-04
 -2.28000e-02  1.08534e-05  2.20481e-03 -3.42565e-04
 -2.28000e-02  1.16882e-05  2.65543e-03  3.01612e-05
 -2.28000e-02  1.25231e-05  3.12370e-03  4.29988e-04
 -2.28000e-02  1.33580e-05  3.60987e-03  8.57364e-04
 -2.28000e-02  1.41929e-05  4.11415e-03  1.31274e-03
 -2.28000e-02  1.50277e-05  4.63678e-03  1.79657e-03
 -2.28000e-02  1.58626e-05  5.17799e-03  2.30929e-03
 -2.28000e-02  1.66975e-05  5.73801e-03  2.85137e-03
 -2.28000e-02  1.75323e-05  6.31706e-03  3.42324e-03
 -2.28000e-02  1.83672e-05  6.91538e-03  4.02537e-03
 -2.28000e-02  1.92021e-05  7.53319e-03  4.65819e-03
 -2.28000e-02  2.00370e-05  8.17074e-03  5.32216e-03
 -2.28000e-02  2.08718e-05  8.82823e-03  6.01773e-03

 -2.16000e-02  0.00000e+00 -2.28491e-03 -2.78085e-03
 -2.16000e-02  8.34874e-07 -2.07783e-03 -2.72094e-03
 -2.16000e-02  1.66975e-06 -1.85606e-03 -2.63985e-03
 -2.16000e-02  2.50462e-06 -1.61938e-03 -2.53713e-03
 -2.16000e-02  3.33949e-06 -1.36755e-03 -2.41233e-03
 -2.16000e-02  4.17437e-06 -1.10035e-03 -2.26500e-03
 -2.16000e-02  5.00924e-06 -8.17547e-04 -2.09469e-03
 -2.16000e-02  5.84412e-06 -5.18907e-04 -1.90095e-03
 -2.16000e-02  6.67899e-06 -2.04204e-04 -1.68333e-03
 -2.16000e-02  7.51386e-06  1.26793e-04 -1.44138e-03
 -2.16000e-02  8.34874e-06  4.74312e-04 -1.17465e-03
 -2.16000e-02  9.18361e-06  8.38584e-04 -8.82698e-04
 -2.16000e-02  1.00185e-05  1.21984e-03 -5.65063e-04
 -2.16000e-02  1.08534e-05  1.61830e-03 -2.21300e-04
 -2.16000e-02  1.16882e-05  2.03421e-03  1.49042e-04
 -2.16000e-02  1.25231e-05  2.46778e-03  5.46411e-04
 -2.16000e-02  1.33580e-05  2.91926e-03  9.71259e-04
 -2.16000e-02  1.41929e-05  3.38887e-03  1.42403e-03
 -2.16000e-02  1.50277e-05  3.87683e-03  1.90519e-03
 -2.16000e-02  1.58626e-05  4.38339e-03  2.41517e-03
 -2.16000e-02  1.66975e-05  4.90876e-03  2.95442e-03
 -2.16000e-02  1.75323e-05  5.45318e-03  3.52341e-03
 -2.16000e-02  1.83672e-05  6.01688e-03  4.12257e-03
 -2.16000e-02  1.92021e-05  6.60009e-03  4.75235e-03
 -2.16000e-02  2.00370e-05  7.20303e-03  5.41322e-03
 -2.16000e-02  2.08718e-05  7.82594e-03  6.10561e-03

 -2.04000e-02  0.00000e+00 -2.35687e-03 -2.63420e-03
 -2.04000e-02  8.34874e-07 -2.18283e-03 -2.57575e-03
 -2.04000e-02  1.66975e-06 -1.99411e-03 -2.49620e-03
 -2.04000e-02  2.50462e-06 -1.79049e-03 -2.39510e-03
 -2.04000e-02  3.33949e-06 -1.57171e-03 -2.27200e-03
 -2.04000e-02  4.17437e-06 -1.33757e-03 -2.12645e-03
 -2.04000e-02  5.00924e-06 -1.08783e-03 -1.95800e-03
 -2.04000e-02  5.84412e-06 -8.22259e-04 -1.76620e-03
 -2.04000e-02  6.67899e-06 -5.40628e-04 -1.55061e-03
 -2.04000e-02  7.51386e-06 -2.42707e-04 -1.31076e-03
 -2.04000e-02  8.34874e-06  7.17320e-05 -1.04622e-03
 -2.04000e-02  9.18361e-06  4.02919e-04 -7.56524e-04
 -2.04000e-02  1.00185e-05  7.51084e-04 -4.41234e-04
 -2.04000e-02  1.08534e-05  1.11646e-03 -9.98956e-05
 -2.04000e-02  1.16882e-05  1.49927e-03  2.67940e-04
 -2.04000e-02  1.25231e-05  1.89974e-03  6.62723e-04
 -2.04000e-02  1.33580e-05  2.31811e-03  1.08490e-03
 -2.04000e-02  1.41929e-05  2.75461e-03  1.53493e-03
 -2.04000e-02  1.50277e-05  3.20947e-03  2.01325e-03
 -2.04000e-02  1.58626e-05  3.68290e-03  2.52033e-03
 -2.04000e-02  1.66975e-05  4.17515e-03  3.05659e-03
 -2.04000e-02  1.75323e-05  4.68645e-03  3.62251e-03
 -2.04000e-02  1.83672e-05  5.21702e-03  4.21852e-03
 -2.04000e-02  1.92021e-05  5.76709e-03  4.84507e-03
 -2.04000e-02  2.00370e-05  6.33690e-03  5.50262e-03
 -2.04000e-02  2.08718e-05  6.92667e-03  6.19162e-03

 -1.92000e-02  0.00000e+00 -2.37565e-03 -2.48659e-03
 -1.92000e-02  8.34874e-07 -2.23293e-03 -2.42963e-03
 -1.92000e-02  1.66975e-06 -2.07555e-03 -2.35166e-03
 -1.92000e-02  2.50462e-06 -1.90327e-03 -2.25223e-03
 -1.92000e-02  3.33949e-06 -1.71587e-03 -2.13089e-03
 -1.92000e-02  4.17437e-06 -1.51313e-03 -1.98719e-03
 -1.92000e-02  5.00924e-06 -1.29480e-03 -1.82068e-03
 -1.92000e-02  5.84412e-06 -1.06066e-03 -1.63091e-03
 -1.92000e-02  6.67899e-06 -8.10477e-04 -1.41743e-03
 -1.92000e-02  7.51386e-06 -5.44026e-04 -1.17979e-03
 -1.92000e-02  8.34874e-06 -2.61076e-04 -9.17544e-04
 -1.92000e-02  9.18361e-06  3.86026e-05 -6.30235e-04
 -1.92000e-02  1.00185e-05  3.55240e-04 -3.17417e-04
 -1.92000e-02  1.08534e-05  6.89066e-04  2.13599e-05
 -1.92000e-02  1.16882e-05  1.04031e-03  3.86545e-04
 -1.92000e-02  1.25231e-05  1.40920e-03  7.78589e-04
 -1.92000e-02  1.33580e-05  1.79597e-03  1.19794e-03
 -1.92000e-02  1.41929e-05  2.20084e-03  1.64505e-03
 -1.92000e-02  1.50277e-05  2.62405e-03  2.12037e-03
 -1.92000e-02  1.58626e-05  3.06583e-03  2.62435e-03
 -1.92000e-02  1.66975e-05  3.52640e-03  3.15743e-03
 -1.92000e-02  1.75323e-05  4.00600e-03  3.72007e-03
 -1.92000e-02  1.83672e-05  4.50485e-03  4.31272e-03
 -1.92000e-02  1.92021e-05  5.02318e-03  4.93582e-03
 -1.92000e-02  2.00370e-05  5.56123e-03  5.58983e-03
 -1.92000e-02  2.08718e-05  6.11922e-03  6.27520e-03

 -1.80000e-02  0.00000e+00 -2.34944e-03 -2.33799e-03
 -1.80000e-02  8.34874e-07 -2.23639e-03 -2.28258e-03
 -1.80000e-02  1.66975e-06 -2.10871e-03 -2.20626e-03
 -1.80000e-02  2.50462e-06 -1.96617e-03 -2.10858e-03
 -1.80000e-02  3.33949e-06 -1.80854e-03 -1.98908e-03
 -1.80000e-02  4.17437e-06 -1.63560e-03 -1.84732e-03
 -1.80000e-02  5.00924e-06 -1.44711e-03 -1.68285e-03
 -1.80000e-02  5.84412e-06 -1.24285e-03 -1.49522e-03
 -1.80000e-02  6.67899e-06 -1.02258e-03 -1.28397e-03
 -1.80000e-02  7.51386e-06 -7.86068e-04 -1.04866e-03
 -1.80000e-02  8.34874e-06 -5.33096e-04 -7.88833e-04
 -1.80000e-02  9.18361e-06 -2.63429e-04 -5.04048e-04
 -1.80000e-02  1.00185e-05  2.31630e-05 -1.93851e-04
 -1.80000e-02  1.08534e-05  3.26909e-04  1.42208e-04
 -1.80000e-02  1.16882e-05  6.48038e-04  5.04578e-04
 -1.80000e-02  1.25231e-05  9.86780e-04  8.93709e-04
 -1.80000e-02  1.33580e-05  1.34336e-03  1.31005e-03
 -1.80000e-02  1.41929e-05  1.71802e-03  1.75405e-03
 -1.80000e-02  1.50277e-05  2.11098e-03  2.22617e-03
 -1.80000e-02  1.58626e-05  2.52247e-03  2.72684e-03
 -1.80000e-02  1.66975e-05  2.95272e-03  3.25653e-03
 -1.80000e-02  1.75323e-05  3.40196e-03  3.81567e-03
 -1.80000e-02  1.83672e-05  3.87042e-03  4.40473e-03
 -1.80000e-02  1.92021e-05  4.35834e-03  5.02414e-03
 -1.80000e-02  2.00370e-05  4.86593e-03  5.67436e-03
 -1.80000e-02  2.08718e-05  5.39343e-03  6.35585e-03

 -1.68000e-02  0.00000e+00 -2.28555e-03 -2.18839e-03
 -1.68000e-02  8.34874e-07 -2.20060e-03 -2.13461e-03
 -1.68000e-02  1.66975e-06 -2.10107e-03 -2.06003e-03
 -1.68000e-02  2.50462e-06 -1.98673e-03 -1.96418e-03
 -1.68000e-02  3.33949e-06 -1.85735e-03 -1.84663e-03
 -1.68000e-02  4.17437e-06 -1.71270e-03 -1.70692e-03
 -1.68000e-02  5.00924e-06 -1.55255e-03 -1.54460e-03
 -1.68000e-02  5.84412e-06 -1.37668e-03 -1.35923e-03
 -1.68000e-02  6.67899e-06 -1.18485e-03 -1.15035e-03
 -1.68000e-02  7.51386e-06 -9.76835e-04 -9.17506e-04
 -1.68000e-02  8.34874e-06 -7.52404e-04 -6.60260e-04
 -1.68000e-02  9.18361e-06 -5.11327e-04 -3.78158e-04
 -1.68000e-02  1.00185e-05 -2.53375e-04 -7.07494e-05
 -1.68000e-02  1.08534e-05  2.16808e-05  2.62415e-04
 -1.68000e-02  1.16882e-05  3.14071e-04  6.21786e-04
 -1.68000e-02  1.25231e-05  6.24025e-04  1.00781e-03
 -1.68000e-02  1.33580e-05  9.51772e-04  1.42094e-03
 -1.68000e-02  1.41929e-05  1.29754e-03  1.86163e-03
 -1.68000e-02  1.50277e-05  1.66156e-03  2.33032e-03
 -1.68000e-02  1.58626e-05  2.04407e-03  2.82747e-03
 -1.68000e-02  1.66975e-05  2.44528e-03  3.35352e-03
 -1.68000e-02  1.75323e-05  2.86544e-03  3.90893e-03
 -1.68000e-02  1.83672e-05  3.30477e-03  4.49414e-03
 -1.68000e-02  1.92021e-05  3.76350e-03  5.10961e-03
 -1.68000e-02  2.00370e-05  4.24186e-03  5.75577e-03
 -1.68000e-02  2.08718e-05  4.74007e-03  6.43310e-03

 -1.56000e-02  0.00000e+00 -2.19051e-03 -2.03779e-03
 -1.56000e-02  8.34874e-07 -2.13216e-03 -1.98573e-03
 -1.56000e-02  1.66975e-06 -2.05929e-03 -1.91298e-03
 -1.56000e-02  2.50462e-06 -1.97167e-03 -1.81908e-03
 -1.56000e-02  3.33949e-06 -1.86908e-03 -1.70359e-03
 -1.56000e-02  4.17437e-06 -1.75129e-03 -1.56606e-03
 -1.56000e-02  5.00924e-06 -1.61806e-03 -1.40603e-03
 -1.56000e-02  5.84412e-06 -1.46918e-03 -1.22306e-03
 -1.56000e-02  6.67899e-06 -1.30440e-03 -1.01669e-03
 -1.56000e-02  7.51386e-06 -1.12349e-03 -7.86483e-04
 -1.56000e-02  8.34874e-06 -9.26240e-04 -5.31982e-04
 -1.56000e-02  9.18361e-06 -7.12406e-04 -2.52739e-04
 -1.56000e-02  1.00185e-05 -4.81761e-04  5.16969e-05
 -1.56000e-02  1.08534e-05 -2.34076e-04  3.81775e-04
 -1.56000e-02  1.16882e-05  3.08784e-05  7.37945e-04
 -1.56000e-02  1.25231e-05  3.13332e-04  1.12066e-03
 -1.56000e-02  1.33580e-05  6.13514e-04  1.53036e-03
 -1.56000e-02  1.41929e-05  9.31655e-04  1.96751e-03
 -1.56000e-02  1.50277e-05  1.26798e-03  2.43254e-03
 -1.56000e-02  1.58626e-05  1.62273e-03  2.92592e-03
 -1.56000e-02  1.66975e-05  1.99612e-03  3.44809e-03
 -1.56000e-02  1.75323e-05  2.38839e-03  3.99950e-03
 -1.56000e-02  1.83672e-05  2.79977e-03  4.58060e-03
 -1.56000e-02  1.92021e-05  3.23048e-03  5.19184e-03
 -1.56000e-02  2.00370e-05  3.68076e-03  5.83367e-03
 -1.56000e-02  2.08718e-05  4.15083e-03  6.50654e-03

 -1.44000e-02  0.00000e+00 -2.07009e-03 -1.88616e-03
 -1.44000e-02  8.34874e-07 -2.03691e-03 -1.83593e-03
 -1.44000e-02  1.66975e-06 -1.98928e-03 -1.76513e-03
 -1.44000e-02  2.50462e-06 -1.92699e-03 -1.67331e-03
 -1.44000e-02  3.33949e-06 -1.84981e-03 -1.56001e-03
 -1.44000e-02  4.17437e-06 -1.75750e-03 -1.42480e-03
 -1.44000e-02  5.00924e-06 -1.64984e-03 -1.26721e-03
 -1.44000e-02  5.84412e-06 -1.52660e-03 -1.08680e-03
 -1.44000e-02  6.67899e-06 -1.38754e-03 -8.83117e-04
 -1.44000e-02  7.51386e-06 -1.23245e-03 -6.55714e-04
 -1.44000e-02  8.34874e-06 -1.06108e-03 -4.04142e-04
 -1.44000e-02  9.18361e-06 -8.73206e-04 -1.27948e-04
 -1.44000e-02  1.00185e-05 -6.68604e-04  1.73316e-04
 -1.44000e-02  1.08534e-05 -4.47042e-04  5.00100e-04
 -1.44000e-02  1.16882e-05 -2.08290e-04  8.52853e-04
 -1.44000e-02  1.25231e-05  4.78822e-05  1.23203e-03
 -1.44000e-02  1.33580e-05  3.21703e-04  1.63807e-03
 -1.44000e-02  1.41929e-05  6.13403e-04  2.07143e-03
 -1.44000e-02  1.50277e-05  9.23211e-04  2.53256e-03
 -1.44000e-02  1.58626e-05  1.25136e-03  3.02191e-03
 -1.44000e-02  1.66975e-05  1.59807e-03  3.53993e-03
 -1.44000e-02  1.75323e-05  1.96358e-03  4.08707e-03
 -1.44000e-02  1.83672e-05  2.34812e-03  4.66378e-03
 -1.44000e-02  1.92021e-05  2.75191e-03  5.27050e-03
 -1.44000e-02  2.00370e-05  3.17519e-03  5.90769e-03
 -1.44000e-02  2.08718e-05  3.61819e-03  6.57580e-03

 -1.32000e-02  0.00000e+00 -1.92940e-03 -1.73352e-03
 -1.32000e-02  8.34874e-07 -1.92002e-03 -1.68524e-03
 -1.32000e-02  1.66975e-06 -1.89629e-03 -1.61652e-03
 -1.32000e-02  2.50462e-06 -1.85800e-03 -1.52691e-03
 -1.32000e-02  3.33949e-06 -1.80490e-03 -1.41595e-03
 -1.32000e-02  4.17437e-06 -1.73678e-03 -1.28321e-03
 -1.32000e-02  5.00924e-06 -1.65339e-03 -1.12822e-03
 -1.32000e-02  5.84412e-06 -1.55452e-03 -9.50544e-04
 -1.32000e-02  6.67899e-06 -1.43993e-03 -7.49726e-04
 -1.32000e-02  7.51386e-06 -1.30940e-03 -5.25317e-04
 -1.32000e-02  8.34874e-06 -1.16268e-03 -2.76867e-04
 -1.32000e-02  9.18361e-06 -9.99562e-04 -3.92779e-06
 -1.32000e-02  1.00185e-05 -8.19806e-04  2.93952e-04
 -1.32000e-02  1.08534e-05 -6.23183e-04  6.17221e-04
 -1.32000e-02  1.16882e-05 -4.09466e-04  9.66329e-04
 -1.32000e-02  1.25231e-05 -1.78423e-04  1.34173e-03
 -1.32000e-02  1.33580e-05  7.01739e-05  1.74386e-03
 -1.32000e-02  1.41929e-05  3.36555e-04  2.17319e-03
 -1.32000e-02  1.50277e-05  6.20950e-04  2.63015e-03
 -1.32000e-02  1.58626e-05  9.23588e-04  3.11521e-03
 -1.32000e-02  1.66975e-05  1.24470e-03  3.62880e-03
 -1.32000e-02  1.75323e-05  1.58451e-03  4.17138e-03
 -1.32000e-02  1.83672e-05  1.94326e-03  4.74339e-03
 -1.32000e-02  1.92021e-05  2.32116e-03  5.34530e-03
 -1.32000e-02  2.00370e-05  2.71846e-03  5.97754e-03
 -1.32000e-02  2.08718e-05  3.13538e-03  6.64057e-03

 -1.20000e-02  0.00000e+00 -1.77293e-03 -1.57987e-03
 -1.20000e-02  8.34874e-07 -1.78605e-03 -1.53368e-03
 -1.20000e-02  1.66975e-06 -1.78494e-03 -1.46718e-03
 -1.20000e-02  2.50462e-06 -1.76936e-03 -1.37992e-03
 -1.20000e-02  3.33949e-06 -1.73910e-03 -1.27147e-03
 -1.20000e-02  4.17437e-06 -1.69392e-03 -1.14136e-03
 -1.20000e-02  5.00924e-06 -1.63359e-03 -9.89144e-04
 -1.20000e-02  5.84412e-06 -1.55788e-03 -8.14381e-04
 -1.20000e-02  6.67899e-06 -1.46656e-03 -6.16615e-04
 -1.20000e-02  7.51386e-06 -1.35940e-03 -3.95397e-04
 -1.20000e-02  8.34874e-06 -1.23618e-03 -1.50278e-04
 -1.20000e-02  9.18361e-06 -1.09666e-03  1.19192e-04
 -1.20000e-02  1.00185e-05 -9.40616e-04  4.13464e-04
 -1.20000e-02  1.08534e-05 -7.67814e-04  7.32986e-04
 -1.20000e-02  1.16882e-05 -5.78026e-04  1.07821e-03
 -1.20000e-02  1.25231e-05 -3.71024e-04  1.44958e-03
 -1.20000e-02  1.33580e-05 -1.46576e-04  1.84756e-03
 -1.20000e-02  1.41929e-05  9.55454e-05  2.27258e-03
 -1.20000e-02  1.50277e-05  3.55571e-04  2.72511e-03
 -1.20000e-02  1.58626e-05  6.33730e-04  3.20558e-03
 -1.20000e-02  1.66975e-05  9.30252e-04  3.71445e-03
 -1.20000e-02  1.75323e-05  1.24537e-03  4.25218e-03
 -1.20000e-02  1.83672e-05  1.57930e-03  4.81920e-03
 -1.20000e-02  1.92021e-05  1.93229e-03  5.41597e-03
 -1.20000e-02  2.00370e-05  2.30456e-03  6.04294e-03
 -1.20000e-02  2.08718e-05  2.69634e-03  6.70056e-03

 -1.08000e-02  0.00000e+00 -1.60463e-03 -1.42524e-03
 -1.08000e-02  8.34874e-07 -1.63901e-03 -1.38126e-03
 -1.08000e-02  1.66975e-06 -1.65928e-03 -1.31713e-03
 -1.08000e-02  2.50462e-06 -1.66522e-03 -1.23240e-03
 -1.08000e-02  3.33949e-06 -1.65659e-03 -1.12660e-03
 -1.08000e-02  4.17437e-06 -1.63317e-03 -9.99304e-04
 -1.08000e-02  5.00924e-06 -1.59473e-03 -8.50050e-04
 -1.08000e-02  5.84412e-06 -1.54103e-03 -6.78391e-04
 -1.08000e-02  6.67899e-06 -1.47185e-03 -4.83877e-04
 -1.08000e-02  7.51386e-06 -1.38695e-03 -2.66059e-04
 -1.08000e-02  8.34874e-06 -1.28611e-03 -2.44856e-05
 -1.08000e-02  9.18361e-06 -1.16910e-03  2.41292e-04
 -1.08000e-02  1.00185e-05 -1.03569e-03  5.31723e-04
 -1.08000e-02  1.08534e-05 -8.85652e-04  8.47259e-04
 -1.08000e-02  1.16882e-05 -7.18750e-04  1.18835e-03
 -1.08000e-02  1.25231e-05 -5.34758e-04  1.55544e-03
 -1.08000e-02  1.33580e-05 -3.33445e-04  1.94899e-03
 -1.08000e-02  1.41929e-05 -1.14584e-04  2.36943e-03
 -1.08000e-02  1.50277e-05  1.22057e-04  2.81724e-03
 -1.08000e-02  1.58626e-05  3.76706e-04  3.29284e-03
 -1.08000e-02  1.66975e-05  6.49593e-04  3.79670e-03
 -1.08000e-02  1.75323e-05  9.40948e-04  4.32926e-03
 -1.08000e-02  1.83672e-05  1.25100e-03  4.89097e-03
 -1.08000e-02  1.92021e-05  1.57998e-03  5.48228e-03
 -1.08000e-02  2.00370e-05  1.92811e-03  6.10365e-03
 -1.08000e-02  2.08718e-05  2.29564e-03  6.75551e-03

 -9.60000e-03  0.00000e+00 -1.42794e-03 -1.26965e-03
 -9.60000e-03  8.34874e-07 -1.48239e-03 -1.22805e-03
 -9.60000e-03  1.66975e-06 -1.52288e-03 -1.16644e-03
 -9.60000e-03  2.50462e-06 -1.54918e-03 -1.08438e-03
 -9.60000e-03  3.33949e-06 -1.56105e-03 -9.81428e-04
 -9.60000e-03  4.17437e-06 -1.55826e-03 -8.57121e-04
 -9.60000e-03  5.00924e-06 -1.54060e-03 -7.11014e-04
 -9.60000e-03  5.84412e-06 -1.50781e-03 -5.42658e-04
 -9.60000e-03  6.67899e-06 -1.45969e-03 -3.51602e-04
 -9.60000e-03  7.51386e-06 -1.39599e-03 -1.37397e-04
 -9.60000e-03  8.34874e-06 -1.31649e-03  1.00408e-04
 -9.60000e-03  9.18361e-06 -1.22096e-03  3.62261e-04
 -9.60000e-03  1.00185e-05 -1.10916e-03  6.48613e-04
 -9.60000e-03  1.08534e-05 -9.80879e-04  9.59914e-04
 -9.60000e-03  1.16882e-05 -8.35874e-04  1.29661e-03
 -9.60000e-03  1.25231e-05 -6.73918e-04  1.65916e-03
 -9.60000e-03  1.33580e-05 -4.94782e-04  2.04800e-03
 -9.60000e-03  1.41929e-05 -2.98238e-04  2.46360e-03
 -9.60000e-03  1.50277e-05 -8.40540e-05  2.90639e-03
 -9.60000e-03  1.58626e-05  1.47998e-04  3.37683e-03
 -9.60000e-03  1.66975e-05  3.98149e-04  3.87536e-03
 -9.60000e-03  1.75323e-05  6.66626e-04  4.40244e-03
 -9.60000e-03  1.83672e-05  9.53661e-04  4.95852e-03
 -9.60000e-03  1.92021e-05  1.25948e-03  5.54404e-03
 -9.60000e-03  2.00370e-05  1.58432e-03  6.15947e-03
 -9.60000e-03  2.08718e-05  1.92841e-03  6.80523e-03

 -8.40000e-03  0.00000e+00 -1.24586e-03 -1.11316e-03
 -8.40000e-03  8.34874e-07 -1.31926e-03 -1.07408e-03
 -8.40000e-03  1.66975e-06 -1.37885e-03 -1.01516e-03
 -8.40000e-03  2.50462e-06 -1.42440e-03 -9.35951e-04
 -8.40000e-03  3.33949e-06 -1.45568e-03 -8.36009e-04
 -8.40000e-03  4.17437e-06 -1.47246e-03 -7.14881e-04
 -8.40000e-03  5.00924e-06 -1.47451e-03 -5.72116e-04
 -8.40000e-03  5.84412e-06 -1.46161e-03 -4.07265e-04
 -8.40000e-03  6.67899e-06 -1.43351e-03 -2.19878e-04
 -8.40000e-03  7.51386e-06 -1.39000e-03 -9.50554e-06
 -8.40000e-03  8.34874e-06 -1.33084e-03  2.24302e-04
 -8.40000e-03  9.18361e-06 -1.25581e-03  4.81996e-04
 -8.40000e-03  1.00185e-05 -1.16466e-03  7.64024e-04
 -8.40000e-03  1.08534e-05 -1.05719e-03  1.07084e-03
 -8.40000e-03  1.16882e-05 -9.33142e-04  1.40289e-03
 -8.40000e-03  1.25231e-05 -7.92303e-04  1.76062e-03
 -8.40000e-03  1.33580e-05 -6.34440e-04  2.14448e-03
 -8.40000e-03  1.41929e-05 -4.59322e-04  2.55494e-03
 -8.40000e-03  1.50277e-05 -2.66721e-04  2.99242e-03
 -8.40000e-03  1.58626e-05 -5.64057e-05  3.45739e-03
 -8.40000e-03  1.66975e-05  1.71852e-04  3.95029e-03
 -8.40000e-03  1.75323e-05  4.18283e-04  4.47157e-03
 -8.40000e-03  1.83672e-05  6.83115e-04  5.02169e-03
 -8.40000e-03  1.92021e-05  9.66579e-04  5.60109e-03
 -8.40000e-03  2.00370e-05  1.26890e-03  6.21023e-03
 -8.40000e-03  2.08718e-05  1.59032e-03  6.84954e-03

 -7.20000e-03  0.00000e+00 -1.06099e-03 -9.55822e-04
 -7.20000e-03  8.34874e-07 -1.15226e-03 -9.19420e-04
 -7.20000e-03  1.66975e-06 -1.22988e-03 -8.63353e-04
 -7.20000e-03  2.50462e-06 -1.29364e-03 -7.87171e-04
 -7.20000e-03  3.33949e-06 -1.34329e-03 -6.90424e-04
 -7.20000e-03  4.17437e-06 -1.37862e-03 -5.72663e-04
 -7.20000e-03  5.00924e-06 -1.39938e-03 -4.33437e-04
 -7.20000e-03  5.84412e-06 -1.40536e-03 -2.72297e-04
 -7.20000e-03  6.67899e-06 -1.39632e-03 -8.87937e-05
 -7.20000e-03  7.51386e-06 -1.37204e-03  1.17524e-04
 -7.20000e-03  8.34874e-06 -1.33227e-03  3.47105e-04
 -7.20000e-03  9.18361e-06 -1.27680e-03  6.00399e-04
 -7.20000e-03  1.00185e-05 -1.20540e-03  8.77856e-04
 -7.20000e-03  1.08534e-05 -1.11783e-03  1.17993e-03
 -7.20000e-03  1.16882e-05 -1.01386e-03  1.50706e-03
 -7.20000e-03  1.25231e-05 -8.93268e-04  1.85970e-03
 -7.20000e-03  1.33580e-05 -7.55821e-04  2.23831e-03
 -7.20000e-03  1.41929e-05 -6.01291e-04  2.64333e-03
 -7.20000e-03  1.50277e-05 -4.29447e-04  3.07521e-03
 -7.20000e-03  1.58626e-05 -2.40060e-04  3.53441e-03
 -7.20000e-03  1.66975e-05 -3.28996e-05  4.02136e-03
 -7.20000e-03  1.75323e-05  1.92263e-04  4.53653e-03
 -7.20000e-03  1.83672e-05  4.35657e-04  5.08036e-03
 -7.20000e-03  1.92021e-05  6.97512e-04  5.65329e-03
 -7.20000e-03  2.00370e-05  9.78059e-04  6.25579e-03
 -7.20000e-03  2.08718e-05  1.27753e-03  6.88830e-03

 -6.00000e-03  0.00000e+00 -8.75592e-04 -7.97727e-04
 -6.00000e-03  8.34874e-07 -9.83687e-04 -7.64162e-04
 -6.00000e-03  1.66975e-06 -1.07833e-03 -7.11111e-04
 -6.00000e-03  2.50462e-06 -1.15928e-03 -6.38126e-04
 -6.00000e-03  3.33949e-06 -1.22632e-03 -5.44757e-04
 -6.00000e-03  4.17437e-06 -1.27922e-03 -4.30553e-04
 -6.00000e-03  5.00924e-06 -1.31774e-03 -2.95066e-04
 -6.00000e-03  5.84412e-06 -1.34166e-03 -1.37844e-04
 -6.00000e-03  6.67899e-06 -1.35075e-03  4.15614e-05
 -6.00000e-03  7.51386e-06 -1.34477e-03  2.43600e-04
 -6.00000e-03  8.34874e-06 -1.32351e-03  4.68722e-04
 -6.00000e-03  9.18361e-06 -1.28672e-03  7.17377e-04
 -6.00000e-03  1.00185e-05 -1.23418e-03  9.90015e-04
 -6.00000e-03  1.08534e-05 -1.16566e-03  1.28709e-03
 -6.00000e-03  1.16882e-05 -1.08093e-03  1.60904e-03
 -6.00000e-03  1.25231e-05 -9.79765e-04  1.95632e-03
 -6.00000e-03  1.33580e-05 -8.61928e-04  2.32939e-03
 -6.00000e-03  1.41929e-05 -7.27192e-04  2.72869e-03
 -6.00000e-03  1.50277e-05 -5.75327e-04  3.15467e-03
 -6.00000e-03  1.58626e-05 -4.06105e-04  3.60778e-03
 -6.00000e-03  1.66975e-05 -2.19295e-04  4.08848e-03
 -6.00000e-03  1.75323e-05 -1.46687e-05  4.59720e-03
 -6.00000e-03  1.83672e-05  2.08005e-04  5.13441e-03
 -6.00000e-03  1.92021e-05  4.48954e-04  5.70054e-03
 -6.00000e-03  2.00370e-05  7.08409e-04  6.29606e-03
 -6.00000e-03  2.08718e-05  9.86599e-04  6.92140e-03

 -4.80000e-03  0.00000e+00 -6.91606e-04 -6.38972e-04
 -4.80000e-03  8.34874e-07 -8.15538e-04 -6.08399e-04
 -4.80000e-03  1.66975e-06 -9.26216e-04 -5.58530e-04
 -4.80000e-03  2.50462e-06 -1.02341e-03 -4.88915e-04
 -4.80000e-03  3.33949e-06 -1.10689e-03 -3.99104e-04
 -4.80000e-03  4.17437e-06 -1.17643e-03 -2.88647e-04
 -4.80000e-03  5.00924e-06 -1.23179e-03 -1.57095e-04
 -4.80000e-03  5.84412e-06 -1.27275e-03 -3.99758e-06
 -4.80000e-03  6.67899e-06 -1.29908e-03  1.71095e-04
 -4.80000e-03  7.51386e-06 -1.31054e-03  3.68633e-04
 -4.80000e-03  8.34874e-06 -1.30692e-03  5.89065e-04
 -4.80000e-03  9.18361e-06 -1.28798e-03  8.32842e-04
 -4.80000e-03  1.00185e-05 -1.25348e-03  1.10041e-03
 -4.80000e-03  1.08534e-05 -1.20320e-03  1.39223e-03
 -4.80000e-03  1.16882e-05 -1.13692e-03  1.70874e-03
 -4.80000e-03  1.25231e-05 -1.05439e-03  2.05039e-03
 -4.80000e-03  1.33580e-05 -9.55401e-04  2.41764e-03
 -4.80000e-03  1.41929e-05 -8.39710e-04  2.81092e-03
 -4.80000e-03  1.50277e-05 -7.07091e-04  3.23071e-03
 -4.80000e-03  1.58626e-05 -5.57314e-04  3.67743e-03
 -4.80000e-03  1.66975e-05 -3.90151e-04  4.15155e-03
 -4.80000e-03  1.75323e-05 -2.05371e-04  4.65351e-03
 -4.80000e-03  1.83672e-05 -2.74441e-06  5.18376e-03
 -4.80000e-03  1.92021e-05  2.17958e-04  5.74276e-03
 -4.80000e-03  2.00370e-05  4.56965e-04  6.33094e-03
 -4.80000e-03  2.08718e-05  7.14507e-04  6.94877e-03

 -3.60000e-03  0.00000e+00 -5.10706e-04 -4.79675e-04
 -3.60000e-03  8.34874e-07 -6.49526e-04 -4.52248e-04
 -3.60000e-03  1.66975e-06 -7.75306e-04 -4.05722e-04
 -3.60000e-03  2.50462e-06 -8.87818e-04 -3.39646e-04
 -3.60000e-03  3.33949e-06 -9.86832e-04 -2.53572e-04
 -3.60000e-03  4.17437e-06 -1.07212e-03 -1.47048e-04
 -3.60000e-03  5.00924e-06 -1.14345e-03 -1.96264e-05
 -3.60000e-03  5.84412e-06 -1.20059e-03  1.29144e-04
 -3.60000e-03  6.67899e-06 -1.24331e-03  2.99713e-04
 -3.60000e-03  7.51386e-06 -1.27139e-03  4.92530e-04
 -3.60000e-03  8.34874e-06 -1.28459e-03  7.08044e-04
 -3.60000e-03  9.18361e-06 -1.28269e-03  9.46706e-04
 -3.60000e-03  1.00185e-05 -1.26545e-03  1.20897e-03
 -3.60000e-03  1.08534e-05 -1.23265e-03  1.49527e-03
 -3.60000e-03  1.16882e-05 -1.18405e-03  1.80608e-03
 -3.60000e-03  1.25231e-05 -1.11944e-03  2.14183e-03
 -3.60000e-03  1.33580e-05 -1.03856e-03  2.50297e-03
 -3.60000e-03  1.41929e-05 -9.41207e-04  2.88997e-03
 -3.60000e-03  1.50277e-05 -8.27139e-04  3.30326e-03
 -3.60000e-03  1.58626e-05 -6.96130e-04  3.74329e-03
 -3.60000e-03  1.66975e-05 -5.47948e-04  4.21052e-03
 -3.60000e-03  1.75323e-05 -3.82366e-04  4.70540e-03
 -3.60000e-03  1.83672e-05 -1.99153e-04  5.22837e-03
 -3.60000e-03  1.92021e-05  1.91980e-06  5.77989e-03
 -3.60000e-03  2.00370e-05  2.21083e-04  6.36040e-03
 -3.60000e-03  2.08718e-05  4.58565e-04  6.97036e-03

 -2.40000e-03  0.00000e+00 -3.34337e-04 -3.19973e-04
 -2.40000e-03  8.34874e-07 -4.87131e-04 -2.95841e-04
 -2.40000e-03  1.66975e-06 -6.27116e-04 -2.52814e-04
 -2.40000e-03  2.50462e-06 -7.54062e-04 -1.90442e-04
 -2.40000e-03  3.33949e-06 -8.67742e-04 -1.08278e-04
 -2.40000e-03  4.17437e-06 -9.67924e-04 -5.86894e-06
 -2.40000e-03  5.00924e-06 -1.05438e-03  1.17233e-04
 -2.40000e-03  5.84412e-06 -1.12688e-03  2.61478e-04
 -2.40000e-03  6.67899e-06 -1.18519e-03  4.27317e-04
 -2.40000e-03  7.51386e-06 -1.22909e-03  6.15198e-04
 -2.40000e-03  8.34874e-06 -1.25834e-03  8.25572e-04
 -2.40000e-03  9.18361e-06 -1.27272e-03  1.05889e-03
 -2.40000e-03  1.00185e-05 -1.27199e-03  1.31560e-03
 -2.40000e-03  1.08534e-05 -1.25593e-03  1.59615e-03
 -2.40000e-03  1.16882e-05 -1.22431e-03  1.90099e-03
 -2.40000e-03  1.25231e-05 -1.17689e-03  2.23057e-03
 -2.40000e-03  1.33580e-05 -1.11345e-03  2.58535e-03
 -2.40000e-03  1.41929e-05 -1.03376e-03  2.96577e-03
 -2.40000e-03  1.50277e-05 -9.37584e-04  3.37227e-03
 -2.40000e-03  1.58626e-05 -8.24699e-04  3.80532e-03
 -2.40000e-03  1.66975e-05 -6.94874e-04  4.26536e-03
 -2.40000e-03  1.75323e-05 -5.47878e-04  4.75284e-03
 -2.40000e-03  1.83672e-05 -3.83482e-04  5.26821e-03
 -2.40000e-03  1.92021e-05 -2.01456e-04  5.81192e-03
 -2.40000e-03  2.00370e-05 -1.57179e-06  6.38442e-03
 -2.40000e-03  2.08718e-05  2.16401e-04  6.98616e-03

 -1.20000e-03  0.00000e+00 -1.63743e-04 -1.60023e-04
 -1.20000e-03  8.34874e-07 -3.29631e-04 -1.39326e-04
 -1.20000e-03  1.66975e-06 -4.82955e-04 -9.99477e-05
 -1.20000e-03  2.50462e-06 -6.23488e-04 -4.14391e-05
 -1.20000e-03  3.33949e-06 -7.50998e-04  3.66499e-05
 -1.20000e-03  4.17437e-06 -8.65257e-04  1.34769e-04
 -1.20000e-03  5.00924e-06 -9.66035e-04  2.53368e-04
 -1.20000e-03  5.84412e-06 -1.05310e-03  3.92897e-04
 -1.20000e-03  6.67899e-06 -1.12623e-03  5.53806e-04
 -1.20000e-03  7.51386e-06 -1.18519e-03  7.36543e-04
 -1.20000e-03  8.34874e-06 -1.22974e-03  9.41560e-04
 -1.20000e-03  9.18361e-06 -1.25967e-03  1.16931e-03
 -1.20000e-03  1.00185e-05 -1.27474e-03  1.42023e-03
 -1.20000e-03  1.08534e-05 -1.27472e-03  1.69478e-03
 -1.20000e-03  1.16882e-05 -1.25939e-03  1.99342e-03
 -1.20000e-03  1.25231e-05 -1.22851e-03  2.31658e-03
 -1.20000e-03  1.33580e-05 -1.18185e-03  2.66471e-03
 -1.20000e-03  1.41929e-05 -1.11918e-03  3.03828e-03
 -1.20000e-03  1.50277e-05 -1.04028e-03  3.43772e-03
 -1.20000e-03  1.58626e-05 -9.44911e-04  3.86349e-03
 -1.20000e-03  1.66975e-05 -8.32849e-04  4.31604e-03
 -1.20000e-03  1.75323e-05 -7.03862e-04  4.79581e-03
 -1.20000e-03  1.83672e-05 -5.57720e-04  5.30327e-03
 -1.20000e-03  1.92021e-05 -3.94195e-04  5.83884e-03
 -1.20000e-03  2.00370e-05 -2.13056e-04  6.40300e-03
 -1.20000e-03  2.08718e-05 -1.40744e-05  6.99618e-03

  0.00000e+00  0.00000e+00  0.00000e+00  0.00000e+00
  0.00000e+00  8.34874e-07 -1.78132e-04  1.71292e-05
  0.00000e+00  1.66975e-06 -3.43963e-04  5.27175e-05
  0.00000e+00  2.50462e-06 -4.97262e-04  1.07215e-04
  0.00000e+00  3.33949e-06 -6.37799e-04  1.81070e-04
  0.00000e+00  4.17437e-06 -7.65347e-04  2.74734e-04
  0.00000e+00  5.00924e-06 -8.79673e-04  3.88656e-04
  0.00000e+00  5.84412e-06 -9.80550e-04  5.23287e-04
  0.00000e+00  6.67899e-06 -1.06775e-03  6.79075e-04
  0.00000e+00  7.51386e-06 -1.14104e-03  8.56470e-04
  0.00000e+00  8.34874e-06 -1.20019e-03  1.05592e-03
  0.00000e+00  9.18361e-06 -1.24497e-03  1.27788e-03
  0.00000e+00  1.00185e-05 -1.27515e-03  1.52280e-03
  0.00000e+00  1.08534e-05 -1.29051e-03  1.79112e-03
  0.00000e+00  1.16882e-05 -1.29081e-03  2.08330e-03
  0.00000e+00  1.25231e-05 -1.27582e-03  2.39979e-03
  0.00000e+00  1.33580e-05 -1.24532e-03  2.74103e-03
  0.00000e+00  1.41929e-05 -1.19907e-03  3.10748e-03
  0.00000e+00  1.50277e-05 -1.13685e-03  3.49959e-03
  0.00000e+00  1.58626e-05 -1.05842e-03  3.91780e-03
  0.00000e+00  1.66975e-05 -9.63563e-04  4.36256e-03
  0.00000e+00  1.75323e-05 -8.52037e-04  4.83433e-03
  0.00000e+00  1.83672e-05 -7.23618e-04  5.33356e-03
  0.00000e+00  1.92021e-05 -5.78076e-04  5.86069e-03
  0.00000e+00  2.00370e-05 -4.15182e-04  6.41618e-03
  0.00000e+00  2.08718e-05 -2.34705e-04  7.00047e-03

  1.20000e-03  0.00000e+00  1.55959e-04  1.59901e-04
  1.20000e-03  8.34874e-07 -3.35971e-05  1.73341e-04
  1.20000e-03  1.66975e-06 -2.11127e-04  2.05009e-04
  1.20000e-03  2.50462e-06 -3.76401e-04  2.55356e-04
  1.20000e-03  3.33949e-06 -5.29190e-04  3.24832e-04
  1.20000e-03  4.17437e-06 -6.69264e-04  4.13886e-04
  1.20000e-03  5.00924e-06 -7.96393e-04  5.22968e-04
  1.20000e-03  5.84412e-06 -9.10349e-04  6.52528e-04
  1.20000e-03  6.67899e-06 -1.01090e-03  8.03016e-04
  1.20000e-03  7.51386e-06 -1.09782e-03  9.74881e-04
  1.20000e-03  8.34874e-06 -1.17088e-03  1.16857e-03
  1.20000e-03  9.18361e-06 -1.22984e-03  1.38454e-03
  1.20000e-03  1.00185e-05 -1.27449e-03  1.62324e-03
  1.20000e-03  1.08534e-05 -1.30458e-03  1.88511e-03
  1.20000e-03  1.16882e-05 -1.31989e-03  2.17061e-03
  1.20000e-03  1.25231e-05 -1.32019e-03  2.48019e-03
  1.20000e-03  1.33580e-05 -1.30525e-03  2.81429e-03
  1.20000e-03  1.41929e-05 -1.27484e-03  3.17337e-03
  1.20000e-03  1.50277e-05 -1.22873e-03  3.55787e-03
  1.20000e-03  1.58626e-05 -1.16669e-03  3.96825e-03
  1.20000e-03  1.66975e-05 -1.08850e-03  4.40496e-03
  1.20000e-03  1.75323e-05 -9.93915e-04  4.86844e-03
  1.20000e-03  1.83672e-05 -8.82714e-04  5.35914e-03
  1.20000e-03  1.92021e-05 -7.54666e-04  5.87752e-03
  1.20000e-03  2.00370e-05 -6.09541e-04  6.42402e-03
  1.20000e-03  2.08718e-05 -4.47110e-04  6.99910e-03

  2.40000e-03  0.00000e+00  3.03316e-04  3.19466e-04
  2.40000e-03  8.34874e-07  1.03135e-04  3.29107e-04
  2.40000e-03  1.66975e-06 -8.53119e-05  3.56739e-04
  2.40000e-03  2.50462e-06 -2.61794e-04  4.02811e-04
  2.40000e-03  3.33949e-06 -4.26082e-04  4.67773e-04
  2.40000e-03  4.17437e-06 -5.77946e-04  5.52076e-04
  2.40000e-03  5.00924e-06 -7.17157e-04  6.56167e-04
  2.40000e-03  5.84412e-06 -8.43485e-04  7.80499e-04
  2.40000e-03  6.67899e-06 -9.56700e-04  9.25519e-04
  2.40000e-03  7.51386e-06 -1.05657e-03  1.09168e-03
  2.40000e-03  8.34874e-06 -1.14288e-03  1.27943e-03
  2.40000e-03  9.18361e-06 -1.21538e-03  1.48922e-03
  2.40000e-03  1.00185e-05 -1.27385e-03  1.72149e-03
  2.40000e-03  1.08534e-05 -1.31806e-03  1.97671e-03
  2.40000e-03  1.16882e-05 -1.34778e-03  2.25531e-03
  2.40000e-03  1.25231e-05 -1.36278e-03  2.55775e-03
  2.40000e-03  1.33580e-05 -1.36283e-03  2.88448e-03
  2.40000e-03  1.41929e-05 -1.34770e-03  3.23594e-03
  2.40000e-03  1.50277e-05 -1.31717e-03  3.61259e-03
  2.40000e-03  1.58626e-05 -1.27100e-03  4.01488e-03
  2.40000e-03  1.66975e-05 -1.20896e-03  4.44326e-03
  2.40000e-03  1.75323e-05 -1.13082e-03  4.89817e-03
  2.40000e-03  1.83672e-05 -1.03636e-03  5.38007e-03
  2.40000e-03  1.92021e-05 -9.25336e-04  5.88941e-03
  2.40000e-03  2.00370e-05 -7.97532e-04  6.42663e-03
  2.40000e-03  2.08718e-05 -6.52712e-04  6.99219e-03

  3.60000e-03  0.00000e+00  4.41353e-04  4.78465e-04
  3.60000e-03  8.34874e-07  2.31322e-04  4.84214e-04
  3.60000e-03  1.66975e-06  3.27200e-05  5.07706e-04
  3.60000e-03  2.50462e-06 -1.54224e-04  5.49393e-04
  3.60000e-03  3.33949e-06 -3.29279e-04  6.09722e-04
  3.60000e-03  4.17437e-06 -4.92217e-04  6.89145e-04
  3.60000e-03  5.00924e-06 -6.42808e-04  7.88112e-04
  3.60000e-03  5.84412e-06 -7.80822e-04  9.07070e-04
  3.60000e-03  6.67899e-06 -9.06030e-04  1.04647e-03
  3.60000e-03  7.51386e-06 -1.01820e-03  1.20677e-03
  3.60000e-03  8.34874e-06 -1.11711e-03  1.38840e-03
  3.60000e-03  9.18361e-06 -1.20252e-03  1.59183e-03
  3.60000e-03  1.00185e-05 -1.27421e-03  1.81750e-03
  3.60000e-03  1.08534e-05 -1.33194e-03  2.06586e-03
  3.60000e-03  1.16882e-05 -1.37549e-03  2.33736e-03
  3.60000e-03  1.25231e-05 -1.40463e-03  2.63246e-03
  3.60000e-03  1.33580e-05 -1.41912e-03  2.95159e-03
  3.60000e-03  1.41929e-05 -1.41874e-03  3.29522e-03
  3.60000e-03  1.50277e-05 -1.40326e-03  3.66379e-03
  3.60000e-03  1.58626e-05 -1.37245e-03  4.05774e-03
  3.60000e-03  1.66975e-05 -1.32607e-03  4.47754e-03
  3.60000e-03  1.75323e-05 -1.26391e-03  4.92363e-03
  3.60000e-03  1.83672e-05 -1.18573e-03  5.39645e-03
  3.60000e-03  1.92021e-05 -1.09129e-03  5.89647e-03
  3.60000e-03  2.00370e-05 -9.80377e-04  6.42413e-03
  3.60000e-03  2.08718e-05 -8.52754e-04  6.97987e-03

  4.80000e-03  0.00000e+00  5.69428e-04  6.36648e-04
  4.80000e-03  8.34874e-07  3.50306e-04  6.38427e-04
  4.80000e-03  1.66975e-06  1.42293e-04  6.57696e-04
  4.80000e-03  2.50462e-06 -5.43841e-05  6.94903e-04
  4.80000e-03  3.33949e-06 -2.39494e-04  7.50498e-04
  4.80000e-03  4.17437e-06 -4.12808e-04  8.24932e-04
  4.80000e-03  5.00924e-06 -5.74096e-04  9.18653e-04
  4.80000e-03  5.84412e-06 -7.23128e-04  1.03211e-03
  4.80000e-03  6.67899e-06 -8.59675e-04  1.16576e-03
  4.80000e-03  7.51386e-06 -9.83508e-04  1.32004e-03
  4.80000e-03  8.34874e-06 -1.09440e-03  1.49542e-03
  4.80000e-03  9.18361e-06 -1.19211e-03  1.69232e-03
  4.80000e-03  1.00185e-05 -1.27642e-03  1.91122e-03
  4.80000e-03  1.08534e-05 -1.34710e-03  2.15255e-03
  4.80000e-03  1.16882e-05 -1.40392e-03  2.41677e-03
  4.80000e-03  1.25231e-05 -1.44664e-03  2.70433e-03
  4.80000e-03  1.33580e-05 -1.47505e-03  3.01567e-03
  4.80000e-03  1.41929e-05 -1.48890e-03  3.35124e-03
  4.80000e-03  1.50277e-05 -1.48797e-03  3.71151e-03
  4.80000e-03  1.58626e-05 -1.47203e-03  4.09690e-03
  4.80000e-03  1.66975e-05 -1.44085e-03  4.50789e-03
  4.80000e-03  1.75323e-05 -1.39420e-03  4.94490e-03
  4.80000e-03  1.83672e-05 -1.33185e-03  5.40841e-03
  4.80000e-03  1.92021e-05 -1.25358e-03  5.89884e-03
  4.80000e-03  2.00370e-05 -1.15914e-03  6.41667e-03
  4.80000e-03  2.08718e-05 -1.04832e-03  6.96232e-03

  6.00000e-03  0.00000e+00  6.86965e-04  7.93751e-04
  6.00000e-03  8.34874e-07  4.59497e-04  7.91503e-04
  6.00000e-03  1.66975e-06  2.42800e-04  8.06481e-04
  6.00000e-03  2.50462e-06  3.71046e-05  8.39133e-04
  6.00000e-03  3.33949e-06 -1.57361e-04  8.89911e-04
  6.00000e-03  4.17437e-06 -3.40366e-04  9.59264e-04
  6.00000e-03  5.00924e-06 -5.11683e-04  1.04764e-03
  6.00000e-03  5.84412e-06 -6.71080e-04  1.15549e-03
  6.00000e-03  6.67899e-06 -8.18328e-04  1.28327e-03
  6.00000e-03  7.51386e-06 -9.53198e-04  1.43142e-03
  6.00000e-03  8.34874e-06 -1.07546e-03  1.60039e-03
  6.00000e-03  9.18361e-06 -1.18489e-03  1.79064e-03
  6.00000e-03  1.00185e-05 -1.28124e-03  2.00261e-03
  6.00000e-03  1.08534e-05 -1.36431e-03  2.23676e-03
  6.00000e-03  1.16882e-05 -1.43384e-03  2.49353e-03
  6.00000e-03  1.25231e-05 -1.48962e-03  2.77337e-03
  6.00000e-03  1.33580e-05 -1.53142e-03  3.07673e-03
  6.00000e-03  1.41929e-05 -1.55899e-03  3.40407e-03
  6.00000e-03  1.50277e-05 -1.57213e-03  3.75583e-03
  6.00000e-03  1.58626e-05 -1.57059e-03  4.13246e-03
  6.00000e-03  1.66975e-05 -1.55415e-03  4.53441e-03
  6.00000e-03  1.75323e-05 -1.52258e-03  4.96213e-03
  6.00000e-03  1.83672e-05 -1.47564e-03  5.41608e-03
  6.00000e-03  1.92021e-05 -1.41311e-03  5.89670e-03
  6.00000e-03  2.00370e-05 -1.33476e-03  6.40443e-03
  6.00000e-03  2.08718e-05 -1.24035e-03  6.93974e-03

  7.20000e-03  0.00000e+00  7.93440e-04  9.49496e-04
  7.20000e-03  8.34874e-07  5.58359e-04  9.43183e-04
  7.20000e-03  1.66975e-06  3.33697e-04  9.53824e-04
  7.20000e-03  2.50462e-06  1.19685e-04  9.81868e-04
  7.20000e-03  3.33949e-06 -8.34487e-05  1.02777e-03
  7.20000e-03  4.17437e-06 -2.75474e-04  1.09197e-03
  7.20000e-03  5.00924e-06 -4.56161e-04  1.17492e-03
  7.20000e-03  5.84412e-06 -6.25280e-04  1.27708e-03
  7.20000e-03  6.67899e-06 -7.82602e-04  1.39889e-03
  7.20000e-03  7.51386e-06 -9.27898e-04  1.54080e-03
  7.20000e-03  8.34874e-06 -1.06094e-03  1.70327e-03
  7.20000e-03  9.18361e-06 -1.18149e-03  1.88673e-03
  7.20000e-03  1.00185e-05 -1.28933e-03  2.09165e-03
  7.20000e-03  1.08534e-05 -1.38422e-03  2.31847e-03
  7.20000e-03  1.16882e-05 -1.46594e-03  2.56764e-03
  7.20000e-03  1.25231e-05 -1.53425e-03  2.83962e-03
  7.20000e-03  1.33580e-05 -1.58893e-03  3.13484e-03
  7.20000e-03  1.41929e-05 -1.62975e-03  3.45377e-03
  7.20000e-03  1.50277e-05 -1.65647e-03  3.79684e-03
  7.20000e-03  1.58626e-05 -1.66887e-03  4.16452e-03
  7.20000e-03  1.66975e-05 -1.66672e-03  4.55725e-03
  7.20000e-03  1.75323e-05 -1.64979e-03  4.97547e-03
  7.20000e-03  1.83672e-05 -1.61785e-03  5.41965e-03
  7.20000e-03  1.92021e-05 -1.57066e-03  5.89023e-03
  7.20000e-03  2.00370e-05 -1.50801e-03  6.38765e-03
  7.20000e-03  2.08718e-05 -1.42966e-03  6.91238e-03

  8.40000e-03  0.00000e+00  8.88374e-04  1.10359e-03
  8.40000e-03  8.34874e-07  6.46404e-04  1.09320e-03
  8.40000e-03  1.66975e-06  4.14487e-04  1.09948e-03
  8.40000e-03  2.50462e-06  1.92852e-04  1.12288e-03
  8.40000e-03  3.33949e-06 -1.82695e-05  1.16386e-03
  8.40000e-03  4.17437e-06 -2.18650e-04  1.22286e-03
  8.40000e-03  5.00924e-06 -4.08058e-04  1.30034e-03
  8.40000e-03  5.84412e-06 -5.86266e-04  1.39674e-03
  8.40000e-03  6.67899e-06 -7.53042e-04  1.51251e-03
  8.40000e-03  7.51386e-06 -9.08159e-04  1.64810e-03
  8.40000e-03  8.34874e-06 -1.05139e-03  1.80397e-03
  8.40000e-03  9.18361e-06 -1.18249e-03  1.98056e-03
  8.40000e-03  1.00185e-05 -1.30125e-03  2.17832e-03
  8.40000e-03  1.08534e-05 -1.40743e-03  2.39770e-03
  8.40000e-03  1.16882e-05 -1.50081e-03  2.63915e-03
  8.40000e-03  1.25231e-05 -1.58114e-03  2.90313e-03
  8.40000e-03  1.33580e-05 -1.64821e-03  3.19007e-03
  8.40000e-03  1.41929e-05 -1.70178e-03  3.50044e-03
  8.40000e-03  1.50277e-05 -1.74162e-03  3.83468e-03
  8.40000e-03  1.58626e-05 -1.76751e-03  4.19324e-03
  8.40000e-03  1.66975e-05 -1.77921e-03  4.57656e-03
  8.40000e-03  1.75323e-05 -1.77650e-03  4.98511e-03
  8.40000e-03  1.83672e-05 -1.75914e-03  5.41933e-03
  8.40000e-03  1.92021e-05 -1.72691e-03  5.87967e-03
  8.40000e-03  2.00370e-05 -1.67958e-03  6.36658e-03
  8.40000e-03  2.08718e-05 -1.61691e-03  6.88051e-03

  9.60000e-03  0.00000e+00  9.71325e-04  1.25573e-03
  9.60000e-03  8.34874e-07  7.23186e-04  1.24127e-03
  9.60000e-03  1.66975e-06  4.84719e-04  1.24319e-03
  9.60000e-03  2.50462e-06  2.56152e-04  1.26195e-03
  9.60000e-03  3.33949e-06  3.77165e-05  1.29800e-03
  9.60000e-03  4.17437e-06 -1.70359e-04  1.35178e-03
  9.60000e-03  5.00924e-06 -3.67845e-04  1.42374e-03
  9.60000e-03  5.84412e-06 -5.54511e-04  1.51434e-03
  9.60000e-03  6.67899e-06 -7.30128e-04  1.62402e-03
  9.60000e-03  7.51386e-06 -8.94467e-04  1.75324e-03
  9.60000e-03  8.34874e-06 -1.04730e-03  1.90244e-03
  9.60000e-03  9.18361e-06 -1.18839e-03  2.07208e-03
  9.60000e-03  1.00185e-05 -1.31752e-03  2.26260e-03
  9.60000e-03  1.08534e-05 -1.43445e-03  2.47445e-03
  9.60000e-03  1.16882e-05 -1.53895e-03  2.70809e-03
  9.60000e-03  1.25231e-05 -1.63080e-03  2.96396e-03
  9.60000e-03  1.33580e-05 -1.70976e-03  3.24251e-03
  9.60000e-03  1.41929e-05 -1.77560e-03  3.54420e-03
  9.60000e-03  1.50277e-05 -1.82810e-03  3.86947e-03
  9.60000e-03  1.58626e-05 -1.86703e-03  4.21877e-03
  9.60000e-03  1.66975e-05 -1.89216e-03  4.59255e-03
  9.60000e-03  1.75323e-05 -1.90325e-03  4.99127e-03
  9.60000e-03  1.83672e-05 -1.90007e-03  5.41536e-03
  9.60000e-03  1.92021e-05 -1.88241e-03  5.86529e-03
  9.60000e-03  2.00370e-05 -1.85002e-03  6.34150e-03
  9.60000e-03  2.08718e-05 -1.80268e-03  6.84444e-03

  1.08000e-02  0.00000e+00  1.04189e-03  1.40561e-03
  1.08000e-02  8.34874e-07  7.88300e-04  1.38711e-03
  1.08000e-02  1.66975e-06  5.43985e-04  1.38471e-03
  1.08000e-02  2.50462e-06  3.09175e-04  1.39884e-03
  1.08000e-02  3.33949e-06  8.40985e-05  1.42996e-03
  1.08000e-02  4.17437e-06 -1.31015e-04  1.47852e-03
  1.08000e-02  5.00924e-06 -3.35935e-04  1.54497e-03
  1.08000e-02  5.84412e-06 -5.30432e-04  1.62976e-03
  1.08000e-02  6.67899e-06 -7.14277e-04  1.73333e-03
  1.08000e-02  7.51386e-06 -8.87241e-04  1.85615e-03
  1.08000e-02  8.34874e-06 -1.04909e-03  1.99865e-03
  1.08000e-02  9.18361e-06 -1.19960e-03  2.16129e-03
  1.08000e-02  1.00185e-05 -1.33855e-03  2.34451e-03
  1.08000e-02  1.08534e-05 -1.46569e-03  2.54877e-03
  1.08000e-02  1.16882e-05 -1.58080e-03  2.77452e-03
  1.08000e-02  1.25231e-05 -1.68365e-03  3.02221e-03
  1.08000e-02  1.33580e-05 -1.77401e-03  3.29228e-03
  1.08000e-02  1.41929e-05 -1.85166e-03  3.58519e-03
  1.08000e-02  1.50277e-05 -1.91635e-03  3.90139e-03
  1.08000e-02  1.58626e-05 -1.96787e-03  4.24132e-03
  1.08000e-02  1.66975e-05 -2.00599e-03  4.60543e-03
  1.08000e-02  1.75323e-05 -2.03046e-03  4.99419e-03
  1.08000e-02  1.83672e-05 -2.04107e-03  5.40802e-03
  1.08000e-02  1.92021e-05 -2.03759e-03  5.84740e-03
  1.08000e-02  2.00370e-05 -2.01978e-03  6.31275e-03
  1.08000e-02  2.08718e-05 -1.98741e-03  6.80455e-03

  1.20000e-02  0.00000e+00  1.09970e-03  1.55290e-03
  1.20000e-02  8.34874e-07  8.41380e-04  1.53044e-03
  1.20000e-02  1.66975e-06  5.91923e-04  1.52376e-03
  1.20000e-02  2.50462e-06  3.51559e-04  1.53332e-03
  1.20000e-02  3.33949e-06  1.20516e-04  1.55956e-03
  1.20000e-02  4.17437e-06 -1.00975e-04  1.60293e-03
  1.20000e-02  5.00924e-06 -3.12685e-04  1.66389e-03
  1.20000e-02  5.84412e-06 -5.14384e-04  1.74288e-03
  1.20000e-02  6.67899e-06 -7.05843e-04  1.84035e-03
  1.20000e-02  7.51386e-06 -8.86832e-04  1.95676e-03
  1.20000e-02  8.34874e-06 -1.05712e-03  2.09255e-03
  1.20000e-02  9.18361e-06 -1.21648e-03  2.24817e-03
  1.20000e-02  1.00185e-05 -1.36468e-03  2.42408e-03
  1.20000e-02  1.08534e-05 -1.50150e-03  2.62072e-03
  1.20000e-02  1.16882e-05 -1.62669e-03  2.83854e-03
  1.20000e-02  1.25231e-05 -1.74004e-03  3.07799e-03
  1.20000e-02  1.33580e-05 -1.84132e-03  3.33952e-03
  1.20000e-02  1.41929e-05 -1.93028e-03  3.62359e-03
  1.20000e-02  1.50277e-05 -2.00671e-03  3.93063e-03
  1.20000e-02  1.58626e-05 -2.07037e-03  4.26111e-03
  1.20000e-02  1.66975e-05 -2.12104e-03  4.61547e-03
  1.20000e-02  1.75323e-05 -2.15849e-03  4.99416e-03
  1.20000e-02  1.83672e-05 -2.18248e-03  5.39763e-03
  1.20000e-02  1.92021e-05 -2.19278e-03  5.82632e-03
  1.20000e-02  2.00370e-05 -2.18918e-03  6.28070e-03
  1.20000e-02  2.08718e-05 -2.17143e-03  6.76121e-03

  1.32000e-02  0.00000e+00  1.14443e-03  1.69729e-03
  1.32000e-02  8.34874e-07  8.82106e-04  1.67095e-03
  1.32000e-02  1.66975e-06  6.28216e-04  1.66009e-03
  1.32000e-02  2.50462e-06  3.82992e-04  1.66515e-03
  1.32000e-02  3.33949e-06  1.46663e-04  1.68658e-03
  1.32000e-02  4.17437e-06 -8.05419e-05  1.72483e-03
  1.32000e-02  5.00924e-06 -2.98392e-04  1.78035e-03
  1.32000e-02  5.84412e-06 -5.06659e-04  1.85359e-03
  1.32000e-02  6.67899e-06 -7.05113e-04  1.94500e-03
  1.32000e-02  7.51386e-06 -8.93523e-04  2.05503e-03
  1.32000e-02  8.34874e-06 -1.07166e-03  2.18414e-03
  1.32000e-02  9.18361e-06 -1.23930e-03  2.33276e-03
  1.32000e-02  1.00185e-05 -1.39620e-03  2.50135e-03
  1.32000e-02  1.08534e-05 -1.54215e-03  2.69036e-03
  1.32000e-02  1.16882e-05 -1.67690e-03  2.90023e-03
  1.32000e-02  1.25231e-05 -1.80023e-03  3.13143e-03
  1.32000e-02  1.33580e-05 -1.91191e-03  3.38440e-03
  1.32000e-02  1.41929e-05 -2.01172e-03  3.65958e-03
  1.32000e-02  1.50277e-05 -2.09941e-03  3.95743e-03
  1.32000e-02  1.58626e-05 -2.17477e-03  4.27840e-03
  1.32000e-02  1.66975e-05 -2.23755e-03  4.62294e-03
  1.32000e-02  1.75323e-05 -2.28754e-03  4.99150e-03
  1.32000e-02  1.83672e-05 -2.32450e-03  5.38452e-03
  1.32000e-02  1.92021e-05 -2.34821e-03  5.80246e-03
  1.32000e-02  2.00370e-05 -2.35843e-03  6.24577e-03
  1.32000e-02  2.08718e-05 -2.35493e-03  6.71489e-03

  1.44000e-02  0.00000e+00  1.17581e-03  1.83844e-03
  1.44000e-02  8.34874e-07  9.10208e-04  1.80836e-03
  1.44000e-02  1.66975e-06  6.52604e-04  1.79344e-03
  1.44000e-02  2.50462e-06  4.03222e-04  1.79411e-03
  1.44000e-02  3.33949e-06  1.62294e-04  1.81083e-03
  1.44000e-02  4.17437e-06 -6.99520e-05  1.84406e-03
  1.44000e-02  5.00924e-06 -2.93286e-04  1.89423e-03
  1.44000e-02  5.84412e-06 -5.07478e-04  1.96180e-03
  1.44000e-02  6.67899e-06 -7.12299e-04  2.04722e-03
  1.44000e-02  7.51386e-06 -9.07519e-04  2.15094e-03
  1.44000e-02  8.34874e-06 -1.09291e-03  2.27340e-03
  1.44000e-02  9.18361e-06 -1.26824e-03  2.41507e-03
  1.44000e-02  1.00185e-05 -1.43328e-03  2.57638e-03
  1.44000e-02  1.08534e-05 -1.58780e-03  2.75779e-03
  1.44000e-02  1.16882e-05 -1.73157e-03  2.95975e-03
  1.44000e-02  1.25231e-05 -1.86437e-03  3.18271e-03
  1.44000e-02  1.33580e-05 -1.98595e-03  3.42711e-03
  1.44000e-02  1.41929e-05 -2.09610e-03  3.69341e-03
  1.44000e-02  1.50277e-05 -2.19459e-03  3.98205e-03
  1.44000e-02  1.58626e-05 -2.28117e-03  4.29350e-03
  1.44000e-02  1.66975e-05 -2.35563e-03  4.62819e-03
  1.44000e-02  1.75323e-05 -2.41774e-03  4.98657e-03
  1.44000e-02  1.83672e-05 -2.46725e-03  5.36910e-03
  1.44000e-02  1.92021e-05 -2.50396e-03  5.77623e-03
  1.44000e-02  2.00370e-05 -2.52762e-03  6.20840e-03
  1.44000e-02  2.08718e-05 -2.53800e-03  6.66607e-03

  1.56000e-02  0.00000e+00  1.19361e-03  1.97603e-03
  1.56000e-02  8.34874e-07  9.25480e-04  1.94238e-03
  1.56000e-02  1.66975e-06  6.64889e-04  1.92354e-03
  1.56000e-02  2.50462e-06  4.12065e-04  1.91998e-03
  1.56000e-02  3.33949e-06  1.67236e-04  1.93214e-03
  1.56000e-02  4.17437e-06 -6.93674e-05  1.96046e-03
  1.56000e-02  5.00924e-06 -2.97516e-04  2.00541e-03
  1.56000e-02  5.84412e-06 -5.16980e-04  2.06742e-03
  1.56000e-02  6.67899e-06 -7.27530e-04  2.14696e-03
  1.56000e-02  7.51386e-06 -9.28936e-04  2.24446e-03
  1.56000e-02  8.34874e-06 -1.12097e-03  2.36038e-03
  1.56000e-02  9.18361e-06 -1.30340e-03  2.49517e-03
  1.56000e-02  1.00185e-05 -1.47600e-03  2.64928e-03
  1.56000e-02  1.08534e-05 -1.63853e-03  2.82315e-03
  1.56000e-02  1.16882e-05 -1.79078e-03  3.01725e-03
  1.56000e-02  1.25231e-05 -1.93250e-03  3.23201e-03
  1.56000e-02  1.33580e-05 -2.06348e-03  3.46789e-03
  1.56000e-02  1.41929e-05 -2.18347e-03  3.72533e-03
  1.56000e-02  1.50277e-05 -2.29225e-03  4.00480e-03
  1.56000e-02  1.58626e-05 -2.38960e-03  4.30673e-03
  1.56000e-02  1.66975e-05 -2.47527e-03  4.63157e-03
  1.56000e-02  1.75323e-05 -2.54905e-03  4.97979e-03
  1.56000e-02  1.83672e-05 -2.61070e-03  5.35181e-03
  1.56000e-02  1.92021e-05 -2.65999e-03  5.74811e-03
  1.56000e-02  2.00370e-05 -2.69669e-03  6.16912e-03
  1.56000e-02  2.08718e-05 -2.72058e-03  6.61530e-03

  1.68000e-02  0.00000e+00  1.19768e-03  2.10975e-03
  1.68000e-02  8.34874e-07  9.27788e-04  2.07272e-03
  1.68000e-02  1.66975e-06  6.64955e-04  2.05017e-03
  1.68000e-02  2.50462e-06  4.09416e-04  2.04255e-03
  1.68000e-02  3.33949e-06  1.61400e-04  2.05031e-03
  1.68000e-02  4.17437e-06 -7.88624e-05  2.07391e-03
  1.68000e-02  5.00924e-06 -3.11142e-04  2.11379e-03
  1.68000e-02  5.84412e-06 -5.35210e-04  2.17040e-03
  1.68000e-02  6.67899e-06 -7.50836e-04  2.24419e-03
  1.68000e-02  7.51386e-06 -9.57791e-04  2.33561e-03
  1.68000e-02  8.34874e-06 -1.15585e-03  2.44511e-03
  1.68000e-02  9.18361e-06 -1.34477e-03  2.57314e-03
  1.68000e-02  1.00185e-05 -1.52433e-03  2.72015e-03
  1.68000e-02  1.08534e-05 -1.69431e-03  2.88660e-03
  1.68000e-02  1.16882e-05 -1.85446e-03  3.07292e-03
  1.68000e-02  1.25231e-05 -2.00457e-03  3.27957e-03
  1.68000e-02  1.33580e-05 -2.14439e-03  3.50700e-03
  1.68000e-02  1.41929e-05 -2.27371e-03  3.75566e-03
  1.68000e-02  1.50277e-05 -2.39230e-03  4.02600e-03
  1.68000e-02  1.58626e-05 -2.49991e-03  4.31847e-03
  1.68000e-02  1.66975e-05 -2.59633e-03  4.63351e-03
  1.68000e-02  1.75323e-05 -2.68132e-03  4.97159e-03
  1.68000e-02  1.83672e-05 -2.75466e-03  5.33314e-03
  1.68000e-02  1.92021e-05 -2.81611e-03  5.71862e-03
  1.68000e-02  2.00370e-05 -2.86545e-03  6.12848e-03
  1.68000e-02  2.08718e-05 -2.90244e-03  6.56317e-03

  1.80000e-02  0.00000e+00  1.18798e-03  2.23927e-03
  1.80000e-02  8.34874e-07  9.17092e-04  2.19910e-03
  1.80000e-02  1.66975e-06  6.52778e-04  2.17307e-03
  1.80000e-02  2.50462e-06  3.95270e-04  2.16162e-03
  1.80000e-02  3.33949e-06  1.44799e-04  2.16521e-03
  1.80000e-02  4.17437e-06 -9.84069e-05  2.18428e-03
  1.80000e-02  5.00924e-06 -3.34118e-04  2.21929e-03
  1.80000e-02  5.84412e-06 -5.62103e-04  2.27068e-03
  1.80000e-02  6.67899e-06 -7.82135e-04  2.33891e-03
  1.80000e-02  7.51386e-06 -9.93983e-04  2.42442e-03
  1.80000e-02  8.34874e-06 -1.19742e-03  2.52767e-03
  1.80000e-02  9.18361e-06 -1.39221e-03  2.64910e-03
  1.80000e-02  1.00185e-05 -1.57813e-03  2.78916e-03
  1.80000e-02  1.08534e-05 -1.75494e-03  2.94831e-03
  1.80000e-02  1.16882e-05 -1.92243e-03  3.12699e-03
  1.80000e-02  1.25231e-05 -2.08035e-03  3.32566e-03
  1.80000e-02  1.33580e-05 -2.22848e-03  3.54475e-03
  1.80000e-02  1.41929e-05 -2.36660e-03  3.78473e-03
  1.80000e-02  1.50277e-05 -2.49446e-03  4.04605e-03
  1.80000e-02  1.58626e-05 -2.61184e-03  4.32914e-03
  1.80000e-02  1.66975e-05 -2.71851e-03  4.63447e-03
  1.80000e-02  1.75323e-05 -2.81425e-03  4.96248e-03
  1.80000e-02  1.83672e-05 -2.89881e-03  5.31362e-03
  1.80000e-02  1.92021e-05 -2.97198e-03  5.68834e-03
  1.80000e-02  2.00370e-05 -3.03352e-03  6.08710e-03
  1.80000e-02  2.08718e-05 -3.08320e-03  6.51033e-03

  1.92000e-02  0.00000e+00  1.16455e-03  2.36431e-03
  1.92000e-02  8.34874e-07  8.93462e-04  2.32128e-03
  1.92000e-02  1.66975e-06  6.28449e-04  2.29203e-03
  1.92000e-02  2.50462e-06  3.69741e-04  2.27702e-03
  1.92000e-02  3.33949e-06  1.17565e-04  2.27668e-03
  1.92000e-02  4.17437e-06 -1.27847e-04  2.29148e-03
  1.92000e-02  5.00924e-06 -3.66266e-04  2.32186e-03
  1.92000e-02  5.84412e-06 -5.97464e-04  2.36826e-03
  1.92000e-02  6.67899e-06 -8.21209e-04  2.43115e-03
  1.92000e-02  7.51386e-06 -1.03727e-03  2.51097e-03
  1.92000e-02  8.34874e-06 -1.24543e-03  2.60816e-03
  1.92000e-02  9.18361e-06 -1.44544e-03  2.72319e-03
  1.92000e-02  1.00185e-05 -1.63708e-03  2.85649e-03
  1.92000e-02  1.08534e-05 -1.82012e-03  3.00852e-03
  1.92000e-02  1.16882e-05 -1.99434e-03  3.17974e-03
  1.92000e-02  1.25231e-05 -2.15949e-03  3.37058e-03
  1.92000e-02  1.33580e-05 -2.31536e-03  3.58150e-03
  1.92000e-02  1.41929e-05 -2.46171e-03  3.81295e-03
  1.92000e-02  1.50277e-05 -2.59831e-03  4.06537e-03
  1.92000e-02  1.58626e-05 -2.72493e-03  4.33922e-03
  1.92000e-02  1.66975e-05 -2.84135e-03  4.63495e-03
  1.92000e-02  1.75323e-05 -2.94733e-03  4.95301e-03
  1.92000e-02  1.83672e-05 -3.04264e-03  5.29385e-03
  1.92000e-02  1.92021e-05 -3.12706e-03  5.65791e-03
  1.92000e-02  2.00370e-05 -3.20036e-03  6.04565e-03
  1.92000e-02  2.08718e-05 -3.26230e-03  6.45752e-03

  2.04000e-02  0.00000e+00  1.12756e-03  2.48457e-03
  2.04000e-02  8.34874e-07  8.57102e-04  2.43901e-03
  2.04000e-02  1.66975e-06  5.92197e-04  2.40686e-03
  2.04000e-02  2.50462e-06  3.33078e-04  2.38858e-03
  2.04000e-02  3.33949e-06  7.99753e-05  2.38462e-03
  2.04000e-02  4.17437e-06 -1.66882e-04  2.39543e-03
  2.04000e-02  5.00924e-06 -4.07264e-04  2.42146e-03
  2.04000e-02  5.84412e-06 -6.40942e-04  2.46315e-03
  2.04000e-02  6.67899e-06 -8.67685e-04  2.52096e-03
  2.04000e-02  7.51386e-06 -1.08726e-03  2.59534e-03
  2.04000e-02  8.34874e-06 -1.29945e-03  2.68673e-03
  2.04000e-02  9.18361e-06 -1.50401e-03  2.79559e-03
  2.04000e-02  1.00185e-05 -1.70073e-03  2.92236e-03
  2.04000e-02  1.08534e-05 -1.88935e-03  3.06751e-03
  2.04000e-02  1.16882e-05 -2.06967e-03  3.23147e-03
  2.04000e-02  1.25231e-05 -2.24145e-03  3.41469e-03
  2.04000e-02  1.33580e-05 -2.40445e-03  3.61763e-03
  2.04000e-02  1.41929e-05 -2.55846e-03  3.84073e-03
  2.04000e-02  1.50277e-05 -2.70323e-03  4.08445e-03
  2.04000e-02  1.58626e-05 -2.83855e-03  4.34924e-03
  2.04000e-02  1.66975e-05 -2.96417e-03  4.63554e-03
  2.04000e-02  1.75323e-05 -3.07988e-03  4.94380e-03
  2.04000e-02  1.83672e-05 -3.18544e-03  5.27448e-03
  2.04000e-02  1.92021e-05 -3.28062e-03  5.62802e-03
  2.04000e-02  2.00370e-05 -3.36519e-03  6.00487e-03
  2.04000e-02  2.08718e-05 -3.43893e-03  6.40549e-03

  2.16000e-02  0.00000e+00  1.07736e-03  2.59979e-03
  2.16000e-02  8.34874e-07  8.08374e-04  2.55205e-03
  2.16000e-02  1.66975e-06  5.44411e-04  2.51737e-03
  2.16000e-02  2.50462e-06  2.85701e-04  2.49618e-03
  2.16000e-02  3.33949e-06  3.24741e-05  2.48894e-03
  2.16000e-02  4.17437e-06 -2.15040e-04  2.49609e-03
  2.16000e-02  5.00924e-06 -4.56611e-04  2.51809e-03
  2.16000e-02  5.84412e-06 -6.92011e-04  2.55539e-03
  2.16000e-02  6.67899e-06 -9.21009e-04  2.60843e-03
  2.16000e-02  7.51386e-06 -1.14338e-03  2.67767e-03
  2.16000e-02  8.34874e-06 -1.35888e-03  2.76355e-03
  2.16000e-02  9.18361e-06 -1.56730e-03  2.86653e-03
  2.16000e-02  1.00185e-05 -1.76839e-03  2.98705e-03
  2.16000e-02  1.08534e-05 -1.96194e-03  3.12557e-03
  2.16000e-02  1.16882e-05 -2.14771e-03  3.28253e-03
  2.16000e-02  1.25231e-05 -2.32547e-03  3.45839e-03
  2.16000e-02  1.33580e-05 -2.49499e-03  3.65359e-03
  2.16000e-02  1.41929e-05 -2.65604e-03  3.86859e-03
  2.16000e-02  1.50277e-05 -2.80840e-03  4.10383e-03
  2.16000e-02  1.58626e-05 -2.95183e-03  4.35976e-03
  2.16000e-02  1.66975e-05 -3.08610e-03  4.63684e-03
  2.16000e-02  1.75323e-05 -3.21099e-03  4.93551e-03
  2.16000e-02  1.83672e-05 -3.32626e-03  5.25622e-03
  2.16000e-02  1.92021e-05 -3.43169e-03  5.59943e-03
  2.16000e-02  2.00370e-05 -3.52704e-03  5.96558e-03
  2.16000e-02  2.08718e-05 -3.61209e-03  6.35512e-03

  2.28000e-02  0.00000e+00  1.01446e-03  2.70972e-03
  2.28000e-02  8.34874e-07  7.47829e-04  2.66023e-03
  2.28000e-02  1.66975e-06  4.85672e-04  2.62341e-03
  2.28000e-02  2.50462e-06  2.28220e-04  2.59970e-03
  2.28000e-02  3.33949e-06 -2.42958e-05  2.58957e-03
  2.28000e-02  4.17437e-06 -2.71647e-04  2.59345e-03
  2.28000e-02  5.00924e-06 -5.13604e-04  2.61180e-03
  2.28000e-02  5.84412e-06 -7.49936e-04  2.64506e-03
  2.28000e-02  6.67899e-06 -9.80415e-04  2.69369e-03
  2.28000e-02  7.51386e-06 -1.20481e-03  2.75814e-03
  2.28000e-02  8.34874e-06 -1.42289e-03  2.83885e-03
  2.28000e-02  9.18361e-06 -1.63443e-03  2.93628e-03
  2.28000e-02  1.00185e-05 -1.83920e-03  3.05087e-03
  2.28000e-02  1.08534e-05 -2.03697e-03  3.18308e-03
  2.28000e-02  1.16882e-05 -2.22750e-03  3.33335e-03
  2.28000e-02  1.25231e-05 -2.41058e-03  3.50214e-03
  2.28000e-02  1.33580e-05 -2.58596e-03  3.68990e-03
  2.28000e-02  1.41929e-05 -2.75343e-03  3.89706e-03
  2.28000e-02  1.50277e-05 -2.91275e-03  4.12410e-03
  2.28000e-02  1.58626e-05 -3.06368e-03  4.37144e-03
  2.28000e-02  1.66975e-05 -3.20601e-03  4.63955e-03
  2.28000e-02  1.75323e-05 -3.33950e-03  4.92888e-03
  2.28000e-02  1.83672e-05 -3.46392e-03  5.23986e-03
  2.28000e-02  1.92021e-05 -3.57905e-03  5.57296e-03
  2.28000e-02  2.00370e-05 -3.68464e-03  5.92863e-03
  2.28000e-02  2.08718e-05 -3.78049e-03  6.30730e-03

  2.40000e-02  0.00000e+00  9.39605e-04  2.81414e-03
  2.40000e-02  8.34874e-07  6.76238e-04  2.76336e-03
  2.40000e-02  1.66975e-06  4.16785e-04  2.72486e-03
  2.40000e-02  2.50462e-06  1.61475e-04  2.69909e-03
  2.40000e-02  3.33949e-06 -8.94621e-05  2.68650e-03
  2.40000e-02  4.17437e-06 -3.35798e-04  2.68753e-03
  2.40000e-02  5.00924e-06 -5.77301e-04  2.70265e-03
  2.40000e-02  5.84412e-06 -8.13744e-04  2.73229e-03
  2.40000e-02  6.67899e-06 -1.04490e-03  2.77692e-03
  2.40000e-02  7.51386e-06 -1.27053e-03  2.83697e-03
  2.40000e-02  8.34874e-06 -1.49041e-03  2.91290e-03
  2.40000e-02  9.18361e-06 -1.70431e-03  3.00515e-03
  2.40000e-02  1.00185e-05 -1.91200e-03  3.11419e-03
  2.40000e-02  1.08534e-05 -2.11326e-03  3.24045e-03
  2.40000e-02  1.16882e-05 -2.30785e-03  3.38439e-03
  2.40000e-02  1.25231e-05 -2.49553e-03  3.54645e-03
  2.40000e-02  1.33580e-05 -2.67609e-03  3.72710e-03
  2.40000e-02  1.41929e-05 -2.84930e-03  3.92677e-03
  2.40000e-02  1.50277e-05 -3.01492e-03  4.14591e-03
  2.40000e-02  1.58626e-05 -3.17272e-03  4.38498e-03
  2.40000e-02  1.66975e-05 -3.32247e-03  4.64443e-03
  2.40000e-02  1.75323e-05 -3.46396e-03  4.92471e-03
  2.40000e-02  1.83672e-05 -3.59693e-03  5.22626e-03
  2.40000e-02  1.92021e-05 -3.72117e-03  5.54953e-03
  2.40000e-02  2.00370e-05 -3.83645e-03  5.89498e-03
  2.40000e-02  2.08718e-05 -3.94253e-03  6.26306e-03

  2.52000e-02  0.00000e+00  8.53775e-04  2.91289e-03
  2.52000e-02  8.34874e-07  5.94626e-04  2.86132e-03
  2.52000e-02  1.66975e-06  3.38814e-04  2.82165e-03
  2.52000e-02  2.50462e-06  8.65656e-05  2.79430e-03
  2.52000e-02  3.33949e-06 -1.61888e-04  2.77974e-03
  2.52000e-02  4.17437e-06 -4.06318e-04  2.77841e-03
  2.52000e-02  5.00924e-06 -6.46493e-04  2.79077e-03
  2.52000e-02  5.84412e-06 -8.82186e-04  2.81726e-03
  2.52000e-02  6.67899e-06 -1.11317e-03  2.85833e-03
  2.52000e-02  7.51386e-06 -1.33920e-03  2.91443e-03
  2.52000e-02  8.34874e-06 -1.56007e-03  2.98601e-03
  2.52000e-02  9.18361e-06 -1.77553e-03  3.07353e-03
  2.52000e-02  1.00185e-05 -1.98537e-03  3.17742e-03
  2.52000e-02  1.08534e-05 -2.18934e-03  3.29815e-03
  2.52000e-02  1.16882e-05 -2.38722e-03  3.43616e-03
  2.52000e-02  1.25231e-05 -2.57879e-03  3.59190e-03
  2.52000e-02  1.33580e-05 -2.76380e-03  3.76582e-03
  2.52000e-02  1.41929e-05 -2.94203e-03  3.95837e-03
  2.52000e-02  1.50277e-05 -3.11326e-03  4.17001e-03
  2.52000e-02  1.58626e-05 -3.27725e-03  4.40117e-03
  2.52000e-02  1.66975e-05 -3.43377e-03  4.65231e-03
  2.52000e-02  1.75323e-05 -3.58259e-03  4.92388e-03
  2.52000e-02  1.83672e-05 -3.72349e-03  5.21633e-03
  2.52000e-02  1.92021e-05 -3.85623e-03  5.53011e-03
  2.52000e-02  2.00370e-05 -3.98058e-03  5.86567e-03
  2.52000e-02  2.08718e-05 -4.09632e-03  6.22346e-03

  2.64000e-02  0.00000e+00  7.58251e-04  3.00579e-03
  2.64000e-02  8.34874e-07  5.04312e-04  2.95402e-03
  2.64000e-02  1.66975e-06  2.53115e-04  2.91372e-03
  2.64000e-02  2.50462e-06  4.89003e-06  2.88536e-03
  2.64000e-02  3.33949e-06 -2.40134e-04  2.86937e-03
  2.64000e-02  4.17437e-06 -4.81727e-04  2.86621e-03
  2.64000e-02  5.00924e-06 -7.19659e-04  2.87633e-03
  2.64000e-02  5.84412e-06 -9.53702e-04  2.90017e-03
  2.64000e-02  6.67899e-06 -1.18362e-03  2.93820e-03
  2.64000e-02  7.51386e-06 -1.40920e-03  2.99085e-03
  2.64000e-02  8.34874e-06 -1.63019e-03  3.05858e-03
  2.64000e-02  9.18361e-06 -1.84638e-03  3.14184e-03
  2.64000e-02  1.00185e-05 -2.05753e-03  3.24107e-03
  2.64000e-02  1.08534e-05 -2.26341e-03  3.35673e-03
  2.64000e-02  1.16882e-05 -2.46379e-03  3.48927e-03
  2.64000e-02  1.25231e-05 -2.65845e-03  3.63913e-03
  2.64000e-02  1.33580e-05 -2.84715e-03  3.80677e-03
  2.64000e-02  1.41929e-05 -3.02967e-03  3.99264e-03
  2.64000e-02  1.50277e-05 -3.20577e-03  4.19718e-03
  2.64000e-02  1.58626e-05 -3.37522e-03  4.42084e-03
  2.64000e-02  1.66975e-05 -3.53780e-03  4.66409e-03
  2.64000e-02  1.75323e-05 -3.69328e-03  4.92735e-03
  2.64000e-02  1.83672e-05 -3.84142e-03  5.21110e-03
  2.64000e-02  1.92021e-05 -3.98200e-03  5.51577e-03
  2.64000e-02  2.00370e-05 -4.11479e-03  5.84181e-03
  2.64000e-02  2.08718e-05 -4.23956e-03  6.18967e-03

  2.76000e-02  0.00000e+00  6.54644e-04  3.09277e-03
  2.76000e-02  8.34874e-07  4.06949e-04  3.04140e-03
  2.76000e-02  1.66975e-06  1.61387e-04  3.00110e-03
  2.76000e-02  2.50462e-06 -8.18113e-05  2.97231e-03
  2.76000e-02  3.33949e-06 -3.22416e-04  2.95549e-03
  2.76000e-02  4.17437e-06 -5.60199e-04  2.95108e-03
  2.76000e-02  5.00924e-06 -7.94929e-04  2.95954e-03
  2.76000e-02  5.84412e-06 -1.02638e-03  2.98132e-03
  2.76000e-02  6.67899e-06 -1.25431e-03  3.01686e-03
  2.76000e-02  7.51386e-06 -1.47851e-03  3.06662e-03
  2.76000e-02  8.34874e-06 -1.69874e-03  3.13104e-03
  2.76000e-02  9.18361e-06 -1.91476e-03  3.21057e-03
  2.76000e-02  1.00185e-05 -2.12636e-03  3.30567e-03
  2.76000e-02  1.08534e-05 -2.33329e-03  3.41678e-03
  2.76000e-02  1.16882e-05 -2.53534e-03  3.54436e-03
  2.76000e-02  1.25231e-05 -2.73227e-03  3.68885e-03
  2.76000e-02  1.33580e-05 -2.92385e-03  3.85071e-03
  2.76000e-02  1.41929e-05 -3.10986e-03  4.03037e-03
  2.76000e-02  1.50277e-05 -3.29005e-03  4.22830e-03
  2.76000e-02  1.58626e-05 -3.46421e-03  4.44495e-03
  2.76000e-02  1.66975e-05 -3.63211e-03  4.68075e-03
  2.76000e-02  1.75323e-05 -3.79350e-03  4.93617e-03
  2.76000e-02  1.83672e-05 -3.94818e-03  5.21165e-03
  2.76000e-02  1.92021e-05 -4.09589e-03  5.50765e-03
  2.76000e-02  2.00370e-05 -4.23643e-03  5.82460e-03
  2.76000e-02  2.08718e-05 -4.36955e-03  6.16297e-03

  2.88000e-02  0.00000e+00  5.44938e-04  3.17375e-03
  2.88000e-02  8.34874e-07  3.04567e-04  3.12347e-03
  2.88000e-02  1.66975e-06  6.57064e-05  3.08382e-03
  2.88000e-02  2.50462e-06 -1.71414e-04  3.05528e-03
  2.88000e-02  3.33949e-06 -4.06564e-04  3.03828e-03
  2.88000e-02  4.17437e-06 -6.39515e-04  3.03327e-03
  2.88000e-02  5.00924e-06 -8.70037e-04  3.04071e-03
  2.88000e-02  5.84412e-06 -1.09790e-03  3.06104e-03
  2.88000e-02  6.67899e-06 -1.32288e-03  3.09472e-03
  2.88000e-02  7.51386e-06 -1.54473e-03  3.14219e-03
  2.88000e-02  8.34874e-06 -1.76324e-03  3.20390e-03
  2.88000e-02  9.18361e-06 -1.97818e-03  3.28031e-03
  2.88000e-02  1.00185e-05 -2.18931e-03  3.37186e-03
  2.88000e-02  1.08534e-05 -2.39640e-03  3.47900e-03
  2.88000e-02  1.16882e-05 -2.59922e-03  3.60218e-03
  2.88000e-02  1.25231e-05 -2.79756e-03  3.74186e-03
  2.88000e-02  1.33580e-05 -2.99116e-03  3.89848e-03
  2.88000e-02  1.41929e-05 -3.17981e-03  4.07250e-03
  2.88000e-02  1.50277e-05 -3.36328e-03  4.26435e-03
  2.88000e-02  1.58626e-05 -3.54134e-03  4.47450e-03
  2.88000e-02  1.66975e-05 -3.71375e-03  4.70339e-03
  2.88000e-02  1.75323e-05 -3.88029e-03  4.95147e-03
  2.88000e-02  1.83672e-05 -4.04073e-03  5.21919e-03
  2.88000e-02  1.92021e-05 -4.19483e-03  5.50700e-03
  2.88000e-02  2.00370e-05 -4.34238e-03  5.81535e-03
  2.88000e-02  2.08718e-05 -4.48313e-03  6.14470e-03

  3.00000e-02  0.00000e+00  4.31539e-04  3.24874e-03
  3.00000e-02  8.34874e-07  1.99624e-04  3.20027e-03
  3.00000e-02  1.66975e-06 -3.14187e-05  3.16202e-03
  3.00000e-02  2.50462e-06 -2.61360e-04  3.13443e-03
  3.00000e-02  3.33949e-06 -4.89969e-04  3.11796e-03
  3.00000e-02  4.17437e-06 -7.17018e-04  3.11306e-03
  3.00000e-02  5.00924e-06 -9.42276e-04  3.12016e-03
  3.00000e-02  5.84412e-06 -1.16551e-03  3.13974e-03
  3.00000e-02  6.67899e-06 -1.38650e-03  3.17223e-03
  3.00000e-02  7.51386e-06 -1.60501e-03  3.21808e-03
  3.00000e-02  8.34874e-06 -1.82081e-03  3.27775e-03
  3.00000e-02  9.18361e-06 -2.03367e-03  3.35168e-03
  3.00000e-02  1.00185e-05 -2.24337e-03  3.44032e-03
  3.00000e-02  1.08534e-05 -2.44967e-03  3.54413e-03
  3.00000e-02  1.16882e-05 -2.65233e-03  3.66355e-03
  3.00000e-02  1.25231e-05 -2.85115e-03  3.79904e-03
  3.00000e-02  1.33580e-05 -3.04588e-03  3.95104e-03
  3.00000e-02  1.41929e-05 -3.23629e-03  4.12000e-03
  3.00000e-02  1.50277e-05 -3.42215e-03  4.30637e-03
  3.00000e-02  1.58626e-05 -3.60324e-03  4.51061e-03
  3.00000e-02  1.66975e-05 -3.77933e-03  4.73316e-03
  3.00000e-02  1.75323e-05 -3.95018e-03  4.97447e-03
  3.00000e-02  1.83672e-05 -4.11557e-03  5.23499e-03
  3.00000e-02  1.92021e-05 -4.27527e-03  5.51517e-03
  3.00000e-02  2.00370e-05 -4.42904e-03  5.81547e-03
  3.00000e-02  2.08718e-05 -4.57666e-03  6.13632e-03

