# Tracking with TRACY# (Floquet space)
#
#  1   512 1.0E+00 1.0E+00 0.0E+00 0.0E+00 2.21085 1.07399
#    N     x^          px^          y^          py^          delta          cdt
#                                                                   [%]           [mm]
#
   0  2.2842854751322248e-04  5.0988399571967837e-19  4.1880436192778458e-03  2.1778519425320298e-17  0.0000000000000000e+00  0.0000000000000000e+00
   1  3.8015420715658120e-05  3.8786018092531820e-04  3.7161286681286721e-03 -1.9315765533319241e-03  0.0000000000000000e+00  3.9061821788705002e-03
   2 -1.5670697268276167e-04  5.1077972523398750e-04  2.5007001068894771e-03 -3.4652746178331370e-03  0.0000000000000000e+00 -1.3329835192568550e-02
   3 -3.6810008031947585e-04  5.4403870311264937e-05  8.8775980341756903e-04 -4.3476654415442531e-03  0.0000000000000000e+00 -4.4848427114778225e-02
   4 -7.5718229945895201e-04 -4.7792621505769788e-04 -7.4654863923047908e-04 -4.4852847824457705e-03  0.0000000000000000e+00 -7.3258964915411770e-02
   5 -8.9371094294598901e-04 -4.0360332385841740e-04 -2.1469804730970348e-03 -3.7044036835771938e-03  0.0000000000000000e+00 -8.3294591213691052e-02
   6 -3.2155051581738830e-04  1.3469435942899442e-04 -3.3655577534666184e-03 -2.1027045108018287e-03  0.0000000000000000e+00 -7.3257290080214824e-02
   7  4.4501708785113226e-04  4.1355828992832333e-04 -4.1406270262667293e-03 -1.9830266195278287e-04  0.0000000000000000e+00 -5.5993263443678165e-02
   8  5.0876259761700889e-04  2.1067765152719617e-04 -3.8496215267295182e-03  1.6294738279054276e-03  0.0000000000000000e+00 -5.2291689595438715e-02
   9 -1.6906702596928986e-04  3.7811055092222404e-05 -2.5850034158976178e-03  3.2344325669399388e-03  0.0000000000000000e+00 -6.7719461385271268e-02
  10 -8.3642220295602023e-04  5.0859652897774936e-05 -1.0793919549034090e-03  4.3608248312404039e-03  0.0000000000000000e+00 -9.7010888989500110e-02
  11 -9.3392061893577251e-04 -1.7766926158149618e-06  3.8491052246448940e-04  4.6065950441010334e-03  0.0000000000000000e+00 -1.2610039314541197e-01
  12 -5.4490208311984976e-04 -1.7406747943619409e-04  1.9145217491118081e-03  3.8725567707410097e-03  0.0000000000000000e+00 -1.3981000775691768e-01
  13 -5.7434111167650659e-05 -2.5345646239835999e-04  3.3438786521463276e-03  2.4115002955803900e-03  0.0000000000000000e+00 -1.3239076677355868e-01
  14  1.8758105706093107e-04 -5.9683212099681125e-05  4.1372165573400682e-03  5.2504228568152215e-04  0.0000000000000000e+00 -1.1434604929078188e-01
  15  1.1006022230193775e-04  3.4120069751289965e-04  3.9350950407534748e-03 -1.4476827634276844e-03  0.0000000000000000e+00 -1.0548131779707198e-01
  16 -5.9937390072083533e-05  5.4012639772919413e-04  2.8837025870265738e-03 -3.1068227074989474e-03  0.0000000000000000e+00 -1.1735353635975662e-01
  17 -2.7674364954874528e-04  1.6878143864630681e-04  1.3262039658169151e-03 -4.1712249896011791e-03  0.0000000000000000e+00 -1.4664963120872515e-01
  18 -6.9634735641931089e-04 -4.0223252923173974e-04 -3.3307730007758066e-04 -4.5363677695352987e-03  0.0000000000000000e+00 -1.7770983228000609e-01
  19 -9.6203346015767829e-04 -4.5433871217360572e-04 -1.7751302112852295e-03 -4.0137640947102001e-03  0.0000000000000000e+00 -1.9337881364791271e-01
  20 -5.0890847859837607e-04  3.0107868729101867e-05 -3.0475376816326344e-03 -2.5846557158246465e-03  0.0000000000000000e+00 -1.8824291301661311e-01
  21  3.2602616056773271e-04  3.7867206699610315e-04 -4.0214803769734421e-03 -7.1958552759540900e-04  0.0000000000000000e+00 -1.7083333507627449e-01
  22  5.7915616739464984e-04  2.2836415563294379e-04 -4.0454299189195140e-03  1.1456846130561110e-03  0.0000000000000000e+00 -1.6229319882271295e-01
  23 -4.9213686711654022e-06  5.0791840264910537e-05 -2.9710973019847751e-03  2.8398622769548894e-03  0.0000000000000000e+00 -1.7248827105043507e-01
  24 -7.2204143304891236e-04  9.1644584127120621e-05 -1.4898980116945593e-03  4.1391716319673453e-03  0.0000000000000000e+00 -1.9897561399182481e-01
  25 -9.2289802000180253e-04  5.7174002036749294e-05 -1.6978692832947276e-05  4.6364836131185276e-03  0.0000000000000000e+00 -2.2982095477453693e-01
  26 -6.3248321556362867e-04 -1.6121017258674490e-04  1.5159800847422138e-03  4.1472998850731035e-03  0.0000000000000000e+00 -2.4882482147868712e-01
  27 -1.9723859264602126e-04 -3.0188801493828151e-04  3.0112456362456456e-03  2.8572763752880131e-03  0.0000000000000000e+00 -2.4671125489066234e-01
  28  1.0974702831828673e-04 -1.2566946354653877e-04  4.0105998909034102e-03  1.0468642157986760e-03  0.0000000000000000e+00 -2.2944922289909667e-01
  29  1.5240656521643339e-04  2.8748652271958300e-04  4.0861215642071869e-03 -9.4519637575465941e-04  0.0000000000000000e+00 -2.1640530889373305e-01
  30  3.5265185757559503e-05  5.5017419051245895e-04  3.2356293340903594e-03 -2.7100847954632037e-03  0.0000000000000000e+00 -2.2262980443818375e-01
  31 -1.7815267552110002e-04  2.7073213589891087e-04  1.7609303134079471e-03 -3.9413979199444948e-03  0.0000000000000000e+00 -2.4860947468779748e-01
  32 -6.1539053543106358e-04 -3.0796069849956036e-04  8.9358267811699392e-05 -4.5204834283816952e-03  0.0000000000000000e+00 -2.8106852964630780e-01
  33 -9.9283194137316216e-04 -4.7676770236776932e-04 -1.3957401384716841e-03 -4.2592058884337080e-03  0.0000000000000000e+00 -3.0187941528285034e-01
  34 -6.8406333538707819e-04 -7.1561612509863767e-05 -2.7043387402076622e-03 -3.0353111751054472e-03  0.0000000000000000e+00 -3.0225021074044067e-01
  35  1.7022069321586937e-04  3.2638737099845725e-04 -3.8300444308127439e-03 -1.2395104693101683e-03  0.0000000000000000e+00 -2.8634272894461227e-01
  36  6.0756148907786117e-04  2.4080795097068176e-04 -4.1628444912188856e-03  6.4599461173891993e-04  0.0000000000000000e+00 -2.7376253054290511e-01
  37  1.5256349127162598e-04  5.6267696150000101e-05 -3.3261859219322074e-03  2.4125871387074521e-03  0.0000000000000000e+00 -2.7857334223243874e-01
  38 -5.9105764645010273e-04  1.1958282664333128e-04 -1.9001530195064005e-03  3.8618065000526822e-03  0.0000000000000000e+00 -3.0125219731233011e-01
  39 -8.8799297558381468e-04  1.2256294372172124e-04 -4.2241855736246470e-04  4.5966549407185477e-03  0.0000000000000000e+00 -3.3260588035523764e-01
  40 -6.9071355202463024e-04 -1.2518086515011715e-04  1.1122550835782914e-03  4.3596270630030251e-03  0.0000000000000000e+00 -3.5620773383684012e-01
  41 -3.2600221760542059e-04 -3.3997452545157434e-04  2.6512748201299274e-03  3.2653468139911342e-03  0.0000000000000000e+00 -3.5990188637459186e-01
  42  2.4713192683080692e-06 -1.9774886320472859e-04  3.8160333974549040e-03  1.5591130821747815e-03  0.0000000000000000e+00 -3.4493353852633535e-01
  43  1.5857555323925477e-04  2.2702914489532009e-04  4.1620120645308265e-03 -4.2917520980444157e-04  0.0000000000000000e+00 -3.2877097223500146e-01
  44  1.2192217941742329e-04  5.4399936522857707e-04  3.5459708795650994e-03 -2.2799904358875773e-03  0.0000000000000000e+00 -3.2932880645420709e-01
  45 -7.3860295617864146e-05  3.5581730844442687e-04  2.1863800267282211e-03 -3.6621625549244719e-03  0.0000000000000000e+00 -3.5107043900362817e-01
  46 -5.1874751575479191e-04 -2.0288593855464907e-04  5.1946509644419333e-04 -4.4403932759185102e-03  0.0000000000000000e+00 -3.8362453687677178e-01
  47 -9.8749337043205622e-04 -4.7024394565480703e-04 -1.0089496292618630e-03 -4.4360959054262532e-03  0.0000000000000000e+00 -4.0883466036895116e-01
  48 -8.3604498916769185e-04 -1.6209962615362501e-04 -2.3452314407213359e-03 -3.4451650204288765e-03  0.0000000000000000e+00 -4.1497943026062994e-01
  49 -1.1769480404005964e-05  2.5860320933102077e-04 -3.5776956396964821e-03 -1.7513980120367327e-03  0.0000000000000000e+00 -4.0208664895009882e-01
  50  5.8931333463362143e-04  2.4514454760976459e-04 -4.1961275289007045e-03  1.3485725320674946e-04  0.0000000000000000e+00 -3.8660685741655726e-01
  51  2.9414398690183501e-04  5.7362609577504397e-05 -3.6373695028385955e-03  1.9578341056597200e-03  0.0000000000000000e+00 -3.8610317969281777e-01
  52 -4.4681538348654741e-04  1.3284865046309671e-04 -2.3052580377219563e-03  3.5345436835704925e-03  0.0000000000000000e+00 -4.0418166530236055e-01
  53 -8.3175027686020211e-04  1.8732870599713622e-04 -8.3106945100843734e-04  4.4894200396530352e-03  0.0000000000000000e+00 -4.3476648749622054e-01
  54 -7.2079735300076069e-04 -6.7380023422274410e-05  7.0418183494207643e-04  4.5058943918752379e-03  0.0000000000000000e+00 -4.6205432149257736e-01
  55 -4.3468571085767505e-04 -3.6129471968860712e-04  2.2724774289749521e-03  3.6277576858492616e-03  0.0000000000000000e+00 -4.7169496323091104e-01
  56 -1.2368316523627852e-04 -2.7365302516457561e-04  3.5640783082874290e-03  2.0547588300252164e-03  0.0000000000000000e+00 -4.6037766381010614e-01
  57  1.2523824657530017e-04  1.5895645365944286e-04  4.1593769704179519e-03  9.5176344113928458e-05  0.0000000000000000e+00 -4.4240620622284454e-01
  58  1.9168999053742098e-04  5.2479380357680608e-04  3.8035268891003626e-03 -1.8214533390090474e-03  0.0000000000000000e+00 -4.3755625209925658e-01
  59  3.3819070063639680e-05  4.2203914069136890e-04  2.5955285964614442e-03 -3.3377198652510026e-03  0.0000000000000000e+00 -4.5434425486491176e-01
  60 -4.0984330102253341e-04 -9.5196994603014004e-05  9.5494420673062144e-04 -4.2995911438905307e-03  0.0000000000000000e+00 -4.8570788449069530e-01
  61 -9.4969697736856627e-04 -4.3687557578432981e-04 -6.1418325037181207e-04 -4.5421036125294217e-03  0.0000000000000000e+00 -5.1435630140084954e-01
  62 -9.5667841896946771e-04 -2.3424292226889931e-04 -1.9765807975859698e-03 -3.8048650758597804e-03  0.0000000000000000e+00 -5.2622996437514535e-01
  63 -2.0704760153597148e-04  1.7987705575673750e-04 -3.2775483578854209e-03 -2.2476288845942865e-03  0.0000000000000000e+00 -5.1759304729534206e-01
  64  5.2362272098447921e-04  2.3801396139368360e-04 -4.1444075620016806e-03 -3.8294488028384698e-04  0.0000000000000000e+00 -5.0065141684712211e-01
  65  4.1004317331835562e-04  5.6423845839418246e-05 -3.8913734039768551e-03  1.4804917968485206e-03  0.0000000000000000e+00 -4.9513583295487829e-01
  66 -2.9402704153267263e-04  1.3180582527168574e-04 -2.6981665661967584e-03  3.1634099263860636e-03  0.0000000000000000e+00 -5.0806866833663644e-01
  67 -7.5618572150450299e-04  2.4473630119485406e-04 -1.2417526806358082e-03  4.3181836895874615e-03  0.0000000000000000e+00 -5.3664120054901099e-01
  68 -7.2542545418426423e-04  8.2820228113331172e-06  2.9198822796148597e-04  4.5842866820786296e-03  0.0000000000000000e+00 -5.6653395206933899e-01
  69 -5.1730218524246533e-04 -3.6055224500935350e-04  1.8807410669496743e-03  3.9371667160255060e-03  0.0000000000000000e+00 -5.8191992893211308e-01
  70 -2.5645593132076443e-04 -3.4890202459434322e-04  3.2664666346716182e-03  2.5261051152204550e-03  0.0000000000000000e+00 -5.7535102788926917e-01
  71  5.3114223238460845e-05  8.2027015172488434e-05  4.0792838789090406e-03  6.2233546868959637e-04  0.0000000000000000e+00 -5.5705471515645621e-01
  72  2.3581662205631349e-04  4.9483484830755862e-04  3.9975238431791977e-03 -1.3393175050813114e-03  0.0000000000000000e+00 -5.4734955822326614e-01
  73  1.4098380469698292e-04  4.6970856098739130e-04  2.9797175132149339e-03 -2.9725018901912937e-03  0.0000000000000000e+00 -5.5869642061144209e-01
  74 -2.9115592547868021e-04  7.6672124136155779e-06  1.3924273909022330e-03 -4.1020299076453817e-03  0.0000000000000000e+00 -5.8766903011610594e-01
  75 -8.8420102366966132e-04 -3.8123006763654538e-04 -2.1088321170886336e-04 -4.5770981106746881e-03  0.0000000000000000e+00 -6.1862297640973185e-01
  76 -1.0410689160295203e-03 -2.8278224834528046e-04 -1.6019593813620097e-03 -4.1059475280211827e-03  0.0000000000000000e+00 -6.3589667872266520e-01
  77 -4.0213995336313939e-04  9.6907364141772317e-05 -2.9427714381526577e-03 -2.7197284957781753e-03  0.0000000000000000e+00 -6.3240599547713294e-01
  78  4.1404730457092297e-04  2.1689335840268268e-04 -4.0119126036491518e-03 -9.0207339582783219e-04  0.0000000000000000e+00 -6.1562216151291360e-01
  79  4.9115311500192056e-04  5.4260705521834631e-05 -4.0760941527585703e-03  9.8526555507849872e-04  0.0000000000000000e+00 -6.0566292320692849e-01
  80 -1.3910569248669512e-04  1.1866083109611180e-04 -3.0695519574111861e-03  2.7544528542498528e-03  0.0000000000000000e+00 -6.1316295278448663e-01
  81 -6.6308418865350166e-04  2.8917602344592059e-04 -1.6521861985524500e-03  4.0872621255321016e-03  0.0000000000000000e+00 -6.3858089810543417e-01
  82 -7.0794069949775139e-04  9.5862183632657743e-05 -1.2409203200086928e-04  4.5947482476141723e-03  0.0000000000000000e+00 -6.6987944785791054e-01
  83 -5.7115088227113785e-04 -3.3440251251938980e-04  1.4795575149064565e-03  4.1874692778103816e-03  0.0000000000000000e+00 -6.9050465742831790e-01
  84 -3.8343940820382617e-04 -4.1728966690634373e-04  2.9345521803443757e-03  2.9649480075870501e-03  0.0000000000000000e+00 -6.8945603497568897e-01
  85 -5.2758658604127634e-05 -4.3185576662350195e-06  3.9272214236203392e-03  1.1462802916307011e-03  0.0000000000000000e+00 -6.7237742206279105e-01
  86  2.4643305385024393e-04  4.5487490645470478e-04  4.1190359689793300e-03 -8.3839272546290349e-04  0.0000000000000000e+00 -6.5867548345459348e-01
  87  2.4174587755545395e-04  5.0086184312944681e-04  3.3287078706040938e-03 -2.5711221927655395e-03  0.0000000000000000e+00 -6.6433594033609300e-01
  88 -1.6467262819675529e-04  9.9995626648224001e-05  1.8273500378254933e-03 -3.8519948654369899e-03  0.0000000000000000e+00 -6.8985893265842635e-01
  89 -7.9575505398372123e-04 -3.0976536034208900e-04  2.0097089210197828e-04 -4.5427883295653549e-03  0.0000000000000000e+00 -7.2187430920154705e-01
  90 -1.0876398886791568e-03 -3.0522926633052254e-04 -1.2227129858153633e-03 -4.3415634715351327e-03  0.0000000000000000e+00 -7.4396236453827069e-01
  91 -5.8461523072922265e-04  1.7540662857713913e-05 -2.5850665569801330e-03 -3.1586006489640727e-03  0.0000000000000000e+00 -7.4613555573838086e-01
  92  2.6829860901162269e-04  1.8127261300183146e-04 -3.8073351020867043e-03 -1.4164599763404422e-03  0.0000000000000000e+00 -7.3114654079483676e-01
  93  5.3036503457483375e-04  4.9893279576852078e-05 -4.1822057296493648e-03  4.7685694910259692e-04  0.0000000000000000e+00 -7.1761417775407066e-01
  94  9.8708852692269113e-06  9.6739480246668669e-05 -3.4080461411771235e-03  2.3135352379354880e-03  0.0000000000000000e+00 -7.1964690928856712e-01
  95 -5.5455709321414963e-04  3.1682231453486367e-04 -2.0586757369023601e-03  3.8016818374882171e-03  0.0000000000000000e+00 -7.4093381573832695e-01
  96 -6.7157557366236684e-04  1.8812588043597869e-04 -5.4338537317643318e-04  4.5386947641099119e-03  0.0000000000000000e+00 -7.7237618814053266e-01
  97 -5.9648981515175487e-04 -2.8200040605605529e-04  1.0706517633038940e-03  4.3742677459398605e-03  0.0000000000000000e+00 -7.9747098471925715e-01
  98 -4.9360170401926561e-04 -4.7184471689849062e-04  2.5780294719325121e-03  3.3628744941363851e-03  0.0000000000000000e+00 -8.0236349521585792e-01
  99 -1.8349382103271454e-04 -9.8979535888015971e-05  3.7122901366482657e-03  1.6603183592757635e-03  0.0000000000000000e+00 -7.8796947673809281e-01
 100  2.1797161658686196e-04  4.0417621788160703e-04  4.1623660178059102e-03 -3.2355659551537797e-04  0.0000000000000000e+00 -7.7142557811197177e-01
 101  3.2840723485701005e-04  5.1828397485937153e-04  3.6310920403772296e-03 -2.1382519267205313e-03  0.0000000000000000e+00 -7.7141074550346689e-01
 102 -3.2636247949494314e-05  1.7839071663270541e-04  2.2537121054704082e-03 -3.5540221680547823e-03  0.0000000000000000e+00 -7.9261034114946605e-01
 103 -6.8841010352109434e-04 -2.2997417100905360e-04  6.2057255500525866e-04 -4.4422339708204877e-03  0.0000000000000000e+00 -8.2440180167799337e-01
 104 -1.0976579707498077e-03 -3.0198490547536655e-04 -8.3872765302135687e-04 -4.5069915873426850e-03  0.0000000000000000e+00 -8.5048959245693001e-01
 105 -7.4430077305557652e-04 -5.0469135607661941e-05 -2.2135931488586973e-03 -3.5549310841458655e-03  0.0000000000000000e+00 -8.5848940787015027e-01
 106  9.7358467685730528e-05  1.3328468007688584e-04 -3.5424959686491371e-03 -1.9192343887105270e-03  0.0000000000000000e+00 -8.4677898945081886e-01
 107  5.2376006222617838e-04  4.0949703073983287e-05 -4.2045105133243924e-03 -3.9874861184975509e-05  0.0000000000000000e+00 -8.3085381235085143e-01
 108  1.4363345078950528e-04  6.9529646221106850e-05 -3.7009901689298223e-03  1.8461923208519934e-03  0.0000000000000000e+00 -8.2762877761226561e-01
 109 -4.3368057191477669e-04  3.2604108591948453e-04 -2.4558042682007175e-03  3.4669593375538229e-03  0.0000000000000000e+00 -8.4402786603748281e-01
 110 -6.1893511808039847e-04  2.7744119104394554e-04 -9.6451219206415261e-04  4.4186478387622562e-03  0.0000000000000000e+00 -8.7434772202758271e-01
 111 -5.9579279749705173e-04 -2.0523579972808959e-04  6.5477551409246632e-04  4.4950808875296958e-03  0.0000000000000000e+00 -9.0292635391062592e-01
 112 -5.7854139798995047e-04 -5.0596325293498015e-04  2.2041596902899600e-03  3.7117433017109596e-03  0.0000000000000000e+00 -9.1383292232898194e-01
 113 -3.2745928172095543e-04 -1.9860188666416257e-04  3.4458108919622715e-03  2.1569785009108089e-03  0.0000000000000000e+00 -9.0339311232537800e-01
 114  1.4842529187406324e-04  3.4116972101320389e-04  4.1260678011344485e-03  2.0008372879168489e-04  0.0000000000000000e+00 -8.8540733667322735e-01
 115  3.9218564738312272e-04  5.2436166110940939e-04  3.8751669508266706e-03 -1.6785157328632694e-03  0.0000000000000000e+00 -8.8000688525639481e-01
 116  1.0160173503959045e-04  2.4187871366680952e-04  2.6638010129878846e-03 -3.2128438330344877e-03  0.0000000000000000e+00 -8.9622066821742585e-01
 117 -5.6533348610030389e-04 -1.4932315569461124e-04  1.0461379404232047e-03 -4.2794318158910320e-03  0.0000000000000000e+00 -9.2653487071117391e-01
 118 -1.0743282613455845e-03 -2.7610140722183688e-04 -4.4920469086060460e-04 -4.5998586585180423e-03  0.0000000000000000e+00 -9.5561338617057945e-01
 119 -8.7397346494720606e-04 -1.0068188968200726e-04 -1.8345531973255904e-03 -3.8997741142170750e-03  0.0000000000000000e+00 -9.6928334428222440e-01
 120 -8.5941872163448012e-05  7.7629548540411551e-05 -3.2306786870839781e-03 -2.4027678559627496e-03  0.0000000000000000e+00 -9.6204720795500454e-01
 121  4.7141984059211907e-04  2.4626326328669562e-05 -4.1427660840923823e-03 -5.5974702351945427e-04  0.0000000000000000e+00 -9.4516840961658710e-01
 122  2.5261059353842079e-04  3.9734039587030292e-05 -3.9356888587688630e-03  1.3576509207569706e-03  0.0000000000000000e+00 -9.3714171363599741e-01
 123 -3.0502704923383248e-04  3.1744584967076655e-04 -2.8362064947736014e-03  3.0889138509880743e-03  0.0000000000000000e+00 -9.4815203478971155e-01
 124 -5.5187426837409752e-04  3.5669710404447492e-04 -1.3852049723526506e-03  4.2379660641951476e-03  0.0000000000000000e+00 -9.7613955812238484e-01
 125 -5.7282007510976480e-04 -1.0862912880368757e-04  2.3246096425330376e-04  4.5493116168140732e-03  0.0000000000000000e+00 -1.0070547950184698e+00
 126 -6.3328010485935011e-04 -5.1443530798858173e-04  1.8176123898828720e-03  4.0043431218385068e-03  0.0000000000000000e+00 -1.0237199792925518e+00
 127 -4.7177481309713032e-04 -2.9759364909551499e-04  3.1396809502011024e-03  2.6280378199434965e-03  0.0000000000000000e+00 -1.0182210392346152e+00
 128  4.0131918872501355e-05  2.6450163936290989e-04  4.0133526628555469e-03  7.2699380047423323e-04  0.0000000000000000e+00 -1.0003376087191789e+00
 129  4.2436449375296694e-04  5.2013378465804697e-04  4.0502330303603820e-03 -1.1964668607328545e-03  0.0000000000000000e+00 -9.9014924565283324e-01
 130  2.3291728051112523e-04  2.9154364976410831e-04  3.0480372490146539e-03 -2.8333174541876394e-03  0.0000000000000000e+00 -1.0009383596306984e+00
 131 -4.2906913973633022e-04 -7.4183963070491443e-05  1.4747531663516554e-03 -4.0590411687340617e-03  0.0000000000000000e+00 -1.0286234227983972e+00
 132 -1.0217143149890381e-03 -2.3276033161566818e-04 -5.3314796719170670e-05 -4.6200482052459616e-03  0.0000000000000000e+00 -1.0595350178076564e+00
 133 -9.6956045516267411e-04 -1.2892122286023913e-04 -1.4514073894160652e-03 -4.1852242740917202e-03  0.0000000000000000e+00 -1.0784377560408742e+00
 134 -2.6858288642165018e-04  2.0869876321188933e-05 -2.8849505348833931e-03 -2.8588150403046049e-03  0.0000000000000000e+00 -1.0765071241877977e+00
 135  3.7767544900754827e-04 -1.0895395200420981e-06 -4.0017343223249574e-03 -1.0770850635591662e-03  0.0000000000000000e+00 -1.0602574193496115e+00
 136  3.2812966493450842e-04  8.6050225239970190e-06 -4.1009425781636825e-03  8.5297012576919366e-04  0.0000000000000000e+00 -1.0481482068340087e+00
 137 -1.7491244743761899e-04  2.9352776502620674e-04 -3.1905378815932210e-03  2.6734717677654512e-03  0.0000000000000000e+00 -1.0535405990679281e+00
 138 -4.7180308826718113e-04  4.2012839215484644e-04 -1.8021172931807336e-03  4.0006642628513580e-03  0.0000000000000000e+00 -1.0781032604278646e+00
 139 -5.3169070526187508e-04  1.1516866526245684e-06 -1.9540643315025771e-04  4.5379706385629322e-03  0.0000000000000000e+00 -1.1101071981064052e+00
 140 -6.5642304750720807e-04 -4.9420789865740661e-04  1.4208468643742004e-03  4.2350424337499011e-03  0.0000000000000000e+00 -1.1319760174186300e+00
 141 -6.0391865461141905e-04 -3.8879048460944087e-04  2.8048070789999028e-03  3.0647174670567720e-03  0.0000000000000000e+00 -1.1320785546896088e+00
 142 -1.0017794576191565e-04  1.7412807837659892e-04  3.8317069104484621e-03  1.2510169965239844e-03  0.0000000000000000e+00 -1.1158486237325225e+00
 143  4.1767960563959144e-04  5.0491144722720387e-04  4.1480762121758954e-03 -6.9662946181884232e-04  0.0000000000000000e+00 -1.1017993215534612e+00
 144  3.5422691276467311e-04  3.2973293857182617e-04  3.3951300725086758e-03 -2.4202864748797286e-03  0.0000000000000000e+00 -1.1069542705770363e+00
 145 -2.8210395349303373e-04 -9.0013897557903666e-06  1.9021275447208713e-03 -3.7861630391290667e-03  0.0000000000000000e+00 -1.1310179137770582e+00
 146 -9.4380429380492962e-04 -1.7854083466885758e-04  3.4934277857333058e-04 -4.5693334696133934e-03  0.0000000000000000e+00 -1.1625140125919411e+00
 147 -1.0299056494337407e-03 -1.3378046365340694e-04 -1.0654877080727727e-03 -4.4049914152914302e-03  0.0000000000000000e+00 -1.1859669412549816e+00
 148 -4.3888872861466921e-04 -2.9665831590687273e-05 -2.5167225125579734e-03 -3.2787538873031595e-03  0.0000000000000000e+00 -1.1897893845255163e+00
 149  2.5070758262131602e-04 -3.6345664169995353e-05 -3.7903738583629451e-03 -1.5855987642892778e-03  0.0000000000000000e+00 -1.1757385792179265e+00
 150  3.6371912303581811e-04 -2.4223818559653909e-05 -4.1885299817482624e-03  3.3720025830008619e-04  0.0000000000000000e+00 -1.1605441455740571e+00
 151 -5.1253891271897504e-05  2.5787857456260085e-04 -3.5077850629163490e-03  2.2264435484542875e-03  0.0000000000000000e+00 -1.1603615251506985e+00
 152 -3.8032651172999584e-04  4.6394200749887691e-04 -2.2105959878304191e-03  3.7112540513016606e-03  0.0000000000000000e+00 -1.1805799571786477e+00
 153 -4.7611033047197538e-04  1.1612667958342532e-04 -6.2725527657556818e-04  4.4632290094224637e-03  0.0000000000000000e+00 -1.2123873639916605e+00
 154 -6.4964966055379599e-04 -4.4484238391827660e-04  1.0148343361738427e-03  4.4002050456166042e-03  0.0000000000000000e+00 -1.2386419928778811e+00
 155 -7.1318790536887959e-04 -4.6457582015146145e-04  2.4499353737504463e-03  3.4580679776236574e-03  0.0000000000000000e+00 -1.2446714743081682e+00
 156 -2.6213093495128090e-04  7.2134756964137989e-05  3.5917810985017246e-03  1.7652169703144826e-03  0.0000000000000000e+00 -1.2315118341495950e+00
 157  3.6769812887887075e-04  4.7664523565608486e-04  4.1642939780073213e-03 -1.8361131572903905e-04  0.0000000000000000e+00 -1.2148449754103987e+00
 158  4.5688995582940855e-04  3.5897442092531974e-04  3.6926964162544542e-03 -1.9784336965951929e-03  0.0000000000000000e+00 -1.2143981324292350e+00
 159 -1.2759606323188506e-04  4.4121327249953671e-05  2.3222651645808095e-03 -3.4661443289671049e-03  0.0000000000000000e+00 -1.2340479931272479e+00
 160 -8.4398751546897483e-04 -1.2053287922804369e-04  7.5846232450843217e-04 -4.4509216749628357e-03  0.0000000000000000e+00 -1.2648561363386743e+00
 161 -1.0561744660628112e-03 -1.1665190339606167e-04 -6.7674646097138540e-04 -4.5547842417394645e-03  0.0000000000000000e+00 -1.2919661136952039e+00
 162 -5.8763294028384963e-04 -6.7089775226753445e-05 -2.1348061217305609e-03 -3.6539791934609217e-03  0.0000000000000000e+00 -1.3016260314219239e+00
 163  1.0154903938931798e-04 -7.8860469521110997e-05 -3.5204162927374070e-03 -2.0783542937813974e-03  0.0000000000000000e+00 -1.2911738632305874e+00
 164  3.5623892290697940e-04 -6.0333338990107686e-05 -4.1943792264042103e-03 -1.8447626087586655e-04  0.0000000000000000e+00 -1.2741564380155617e+00
 165  5.6978634216698672e-05  2.1418415618386390e-04 -3.7760530504343448e-03  1.7533744183023696e-03  0.0000000000000000e+00 -1.2687092688987094e+00
 166 -2.8001661571535599e-04  4.8665726454371174e-04 -2.6044625206847983e-03  3.3746272678345716e-03  0.0000000000000000e+00 -1.2838829602480286e+00
 167 -4.0890464671392745e-04  2.2804821816572738e-04 -1.0606858038152893e-03  4.3280116016034750e-03  0.0000000000000000e+00 -1.3142336915377386e+00
 168 -6.1673593055316023e-04 -3.6868075155813444e-04  5.9989377573915000e-04  4.4983032612140334e-03  0.0000000000000000e+00 -1.3438401472863262e+00
 169 -7.9184365131412836e-04 -5.1810982364200529e-04  2.0811043950102926e-03  3.7995750282484027e-03  0.0000000000000000e+00 -1.3557973881236782e+00
 170 -4.3307311010442072e-04 -3.6946693947858359e-05  3.3058340791714590e-03  2.2618030843875717e-03  0.0000000000000000e+00 -1.3468782397979422e+00
 171  2.7391785905191938e-04  4.3291152371857325e-04  4.0991519178274127e-03  3.3770061457089913e-04  0.0000000000000000e+00 -1.3290850099630176e+00
 172  5.3162633178751434e-04  3.8087230587902044e-04  3.9283804504308848e-03 -1.5122368897601971e-03  0.0000000000000000e+00 -1.3233400495045642e+00
 173  2.9915832038560436e-05  8.5359528907950823e-05  2.7271598797530988e-03 -3.1044295249855998e-03  0.0000000000000000e+00 -1.3380033139136960e+00
 174 -7.2502905180042829e-04 -6.5380386895660922e-05  1.1728244190445994e-03 -4.2690990795212387e-03  0.0000000000000000e+00 -1.3668991293201171e+00
 175 -1.0510235393744580e-03 -8.1368801784721865e-05 -2.8447382503459564e-04 -4.6324848839705939e-03  0.0000000000000000e+00 -1.3966008367015486e+00
 176 -7.0860142756467832e-04 -8.6030862007988116e-05 -1.7451252518853903e-03 -3.9764615473126324e-03  0.0000000000000000e+00 -1.4118588633538940e+00
 177 -5.7336036088711197e-05 -1.2403493441714430e-04 -3.2047043572612515e-03 -2.5478542463088080e-03  0.0000000000000000e+00 -1.4061135311344621e+00
 178  3.0658415238892553e-04 -1.0164168064146455e-04 -4.1191977402875776e-03 -7.0660272776135733e-04  0.0000000000000000e+00 -1.3887367736911740e+00
 179  1.4068588928825191e-04  1.6528012562686451e-04 -3.9838014243639133e-03  1.2595483094784382e-03  0.0000000000000000e+00 -1.3786035548270852e+00
 180 -1.7504481605857568e-04  4.8907364630152361e-04 -2.9758758582988511e-03  2.9959740044000842e-03  0.0000000000000000e+00 -1.3882824123761970e+00
 181 -3.3196328963988614e-04  3.2944924749918900e-04 -1.4923875538104228e-03  4.1357567029892137e-03  0.0000000000000000e+00 -1.4160006451917604e+00
 182 -5.6242933657991350e-04 -2.7069729961414423e-04  1.7644344179985538e-04  4.5297419862187780e-03  0.0000000000000000e+00 -1.4477668795046141e+00
 183 -8.3578884757099761e-04 -5.4435115615092888e-04  1.7017382877888990e-03  4.0819040756097996e-03  0.0000000000000000e+00 -1.4653471385301648e+00
 184 -5.9971112634591025e-04 -1.4643979976700989e-04  2.9860518069310428e-03  2.7321844582664880e-03  0.0000000000000000e+00 -1.4615269725252249e+00
 185  1.4030999938780377e-04  3.7215118552818812e-04  3.9577067545931753e-03  8.6189836021388177e-04  0.0000000000000000e+00 -1.4442206619408495e+00
 186  5.6977693860325483e-04  3.9533939764311617e-04  4.0913181718504410e-03 -1.0260300135383569e-03  0.0000000000000000e+00 -1.4337944828041715e+00
 187  1.8407108810122744e-04  1.1664852441401074e-04  3.1066789989311074e-03 -2.7064087995372038e-03  0.0000000000000000e+00 -1.4431200644718198e+00
 188 -5.8943584678206832e-04 -1.8396765183592657e-05  1.5900321976168846e-03 -4.0289556622424760e-03  0.0000000000000000e+00 -1.4689975046780943e+00
 189 -1.0177100301060726e-03 -3.3583702971727446e-05  1.1210491503284600e-04 -4.6380554832879091e-03  0.0000000000000000e+00 -1.5000992630651877e+00
 190 -7.9863060679258302e-04 -8.3406384784237900e-05 -1.3510151212332681e-03 -4.2393222164345910e-03  0.0000000000000000e+00 -1.5204359297358165e+00
 191 -2.1362358980343867e-04 -1.6566451014869932e-04 -2.8555899307315760e-03 -2.9861862899978595e-03  0.0000000000000000e+00 -1.5201461381032881e+00
 192  2.1978920692462901e-04 -1.4931293335201492e-04 -3.9683373349416280e-03 -1.2232936430639568e-03  0.0000000000000000e+00 -1.5039605845106492e+00
 193  1.9184147967685018e-04  1.1255685452397899e-04 -4.1212752545663174e-03  7.5010160549016114e-04  0.0000000000000000e+00 -1.4899928447061108e+00
 194 -7.1442768045439786e-05  4.7379561959761779e-04 -3.3153634197689479e-03  2.5806485599428387e-03  0.0000000000000000e+00 -1.4939940705281682e+00
 195 -2.4661639738833964e-04  4.1450970739510904e-04 -1.9180017172589639e-03  3.8902759915655327e-03  0.0000000000000000e+00 -1.5180418994480676e+00
 196 -4.9144122987328936e-04 -1.5796762228143286e-04 -2.5447173258655260e-04  4.4964130669144248e-03  0.0000000000000000e+00 -1.5506844291560258e+00
 197 -8.4459392677244485e-04 -5.4070866606496239e-04  1.3132129404340768e-03  4.2995401911612927e-03  0.0000000000000000e+00 -1.5733012195118137e+00
 198 -7.4967995302355217e-04 -2.4840583791710050e-04  2.6430529458078898e-03  3.1671775177436619e-03  0.0000000000000000e+00 -1.5751064661490000e+00
 199 -2.4899811341262685e-05  2.9473712535706158e-04  3.7490989282507742e-03  1.3828275747281478e-03  0.0000000000000000e+00 -1.5598646501712563e+00
 200  5.6467819648561043e-04  4.0048513303735193e-04  4.1736434754012595e-03 -5.2411982460544401e-04  0.0000000000000000e+00 -1.5457184389518395e+00
 201  3.2672425608312234e-04  1.4079649539501976e-04  3.4488253001181491e-03 -2.2772364676294484e-03  0.0000000000000000e+00 -1.5495731833383022e+00
 202 -4.4003767283935438e-04  1.7074425749095913e-05  2.0061482037911677e-03 -3.7360954357082195e-03  0.0000000000000000e+00 -1.5715042831234962e+00
 203 -9.5936277992107733e-04  2.0009092287309184e-05  5.1339520703914585e-04 -4.5731946553931452e-03  0.0000000000000000e+00 -1.6027424789772782e+00
 204 -8.5721384350930061e-04 -5.8793037126393706e-05 -9.5386741381387309e-04 -4.4372513494344004e-03  0.0000000000000000e+00 -1.6273999892385667e+00
 205 -3.5653510228325364e-04 -1.9699609429186079e-04 -2.4836353212205104e-03 -3.3852420566299769e-03  0.0000000000000000e+00 -1.6329375061648748e+00
 206  1.0450135021311370e-04 -2.0280071096783167e-04 -3.7508785629967100e-03 -1.7280986843309643e-03  0.0000000000000000e+00 -1.6194380905768593e+00
 207  2.0477354984827756e-04  5.5890327404660778e-05 -4.1818242236378580e-03  2.3017184382081006e-04  0.0000000000000000e+00 -1.6027556089253221e+00
 208  2.3094934413340699e-05  4.4435593052746895e-04 -3.6121611296315620e-03  2.1339837929031909e-03  0.0000000000000000e+00 -1.6011707040162959e+00
 209 -1.5436552056266763e-04  4.7962388058715271e-04 -2.3319103164992638e-03  3.5956604830300306e-03  0.0000000000000000e+00 -1.6206932633718336e+00
 210 -4.0773459095089942e-04 -3.8760572206360861e-05 -6.9091896292380937e-04  4.4011388698101291e-03  0.0000000000000000e+00 -1.6529063482180411e+00
 211 -8.2082691795767849e-04 -5.0732974810943502e-04  9.1566302774124891e-04  4.4491299190789835e-03  0.0000000000000000e+00 -1.6797220190846800e+00
 212 -8.7280786942795993e-04 -3.3488542058687012e-04  2.2848947469666868e-03  3.5574122863239904e-03  0.0000000000000000e+00 -1.6873554894371219e+00
 213 -2.1021256158298147e-04  2.0356718888158790e-04  3.4852106911537335e-03  1.8934315537198782e-03  0.0000000000000000e+00 -1.6755700616676166e+00
 214  5.1290863954266141e-04  3.9325996135932247e-04  4.1717289288006852e-03 -1.0959357015887620e-05  0.0000000000000000e+00 -1.6589969146473846e+00
 215  4.4851424418467211e-04  1.6040610408794826e-04  3.7405216029880004e-03 -1.8217255113746015e-03  0.0000000000000000e+00 -1.6574729678792515e+00
 216 -2.8063530536674946e-04  3.9929821644084405e-05  2.4152954023366111e-03 -3.3963708152824229e-03  0.0000000000000000e+00 -1.6747491106088035e+00
 217 -8.7862669575869033e-04  7.2523067228815664e-05  9.1913520914584297e-04 -4.4409532681613482e-03  0.0000000000000000e+00 -1.7048508072268125e+00
 218 -8.8582949914889082e-04 -1.4399237591623497e-05 -5.5387533613210219e-04 -4.5667580061848831e-03  0.0000000000000000e+00 -1.7328735242687312e+00
 219 -4.7784339523604158e-04 -2.1184578660839152e-04 -2.0968423310994124e-03 -3.7370970768268730e-03  0.0000000000000000e+00 -1.7442506811581560e+00
 220 -2.8075688778518034e-05 -2.5934613621436919e-04 -3.4782097312064941e-03 -2.2139519295519129e-03  0.0000000000000000e+00 -1.7347404639328001e+00
 221  1.7726410196569316e-04 -5.8816207723494563e-06 -4.1629001061682181e-03 -2.9494547271112314e-04  0.0000000000000000e+00 -1.7166953785383463e+00
 222  9.9847861523427679e-05  4.0415571794877124e-04 -3.8550126941920698e-03  1.6611689699590204e-03  0.0000000000000000e+00 -1.7098952637087275e+00
 223 -5.7752791414461267e-05  5.2361133563961213e-04 -2.7270283240835463e-03  3.2562595077613786e-03  0.0000000000000000e+00 -1.7242553649140064e+00
 224 -3.1421437292019629e-04  7.8594162350909951e-05 -1.1300013629441342e-03  4.2472624166659968e-03  0.0000000000000000e+00 -1.7547774894633910e+00
 225 -7.6892561851423945e-04 -4.4710139590198268e-04  5.0881644824395794e-04  4.5295179745572373e-03  0.0000000000000000e+00 -1.7847452948120530e+00
 226 -9.6201635439659020e-04 -3.9915863674601344e-04  1.9167544822351326e-03  3.8939819660087785e-03  0.0000000000000000e+00 -1.7981062429158121e+00
 227 -4.0237376128393940e-04  1.0405938172648186e-04  3.1790280770020757e-03  2.3857134455399017e-03  0.0000000000000000e+00 -1.7908755683996520e+00
 228  4.1518014607511426e-04  3.7064928687902658e-04  4.0868877520918410e-03  5.0861589056627071e-04  0.0000000000000000e+00 -1.7734218292952573e+00
 229  5.3987893970145482e-04  1.7687158686082217e-04  3.9689069645348473e-03 -1.3444025705456736e-03  0.0000000000000000e+00 -1.7668668136036461e+00
 230 -1.1655791294726056e-04  5.1163229012892862e-05  2.8093528941107236e-03 -3.0156901744890718e-03  0.0000000000000000e+00 -1.7790173900211403e+00
 231 -7.7774716057286476e-04  1.1773312733144666e-04  1.3281346384635443e-03 -4.2454691666250557e-03  0.0000000000000000e+00 -1.8067691466566611e+00
 232 -8.8714109352911060e-04  4.5295040978575811e-05 -1.5072711525995471e-04 -4.6262764192381090e-03  0.0000000000000000e+00 -1.8370463893193090e+00
 233 -5.7237788204989547e-04 -2.0557393071640205e-04 -1.7005095919893083e-03 -4.0345659655525333e-03  0.0000000000000000e+00 -1.8539516444164099e+00
 234 -1.6559878703046745e-04 -3.1409862510600598e-04 -3.1624424399335680e-03 -2.6732431080028910e-03  0.0000000000000000e+00 -1.8494398329697244e+00
 235  1.1120097169736227e-04 -7.4064491399876859e-05 -4.0665259309669655e-03 -8.1962954140511334e-04  0.0000000000000000e+00 -1.8315357690649048e+00
 236  1.5009705053637703e-04  3.5555240028014380e-04 -4.0334057845394849e-03  1.1672539607400522e-03  0.0000000000000000e+00 -1.8201779592141532e+00
 237  3.8955071313788820e-05  5.4751656047776257e-04 -3.0947023654143762e-03  2.8766849221533402e-03  0.0000000000000000e+00 -1.8289798466922629e+00
 238 -2.1285177892244812e-04  1.8681746270120185e-04 -1.5678107803360998e-03  4.0384635180373369e-03  0.0000000000000000e+00 -1.8566539326634934e+00
 239 -6.9398680301827086e-04 -3.6536997996911502e-04  9.2689506305586642e-05  4.5415142913346170e-03  0.0000000000000000e+00 -1.8885741674491929e+00
 240 -1.0137934720157163e-03 -4.3671233262203686e-04  1.5412191896008716e-03  4.1692291938133673e-03  0.0000000000000000e+00 -1.9072803133513778e+00
 241 -5.8806456479889668e-04  3.5589739643395159e-06  2.8429911857449299e-03  2.8508463673389915e-03  0.0000000000000000e+00 -1.9053571841816437e+00
 242  2.7664964878019115e-04  3.3098914876172365e-04  3.9252922198479969e-03  1.0291403650538522e-03  0.0000000000000000e+00 -1.8886811361852058e+00
 243  5.9234117497880339e-04  1.8976779929450913e-04  4.1229205940068875e-03 -8.4966328598034505e-04  0.0000000000000000e+00 -1.8777442632836141e+00
 244  4.5072469303801358e-05  5.3320328445150713e-05  3.1779131315008450e-03 -2.5998373036728983e-03  0.0000000000000000e+00 -1.8845353464088488e+00
 245 -6.5898264367091487e-04  1.5084137722019969e-04  1.7379575193196661e-03 -3.9917441613788575e-03  0.0000000000000000e+00 -1.9088528064640968e+00
 246 -8.6419264932998340e-04  1.1415042655357474e-04  2.5582930401288719e-04 -4.6160517944646142e-03  0.0000000000000000e+00 -1.9401667429033869e+00
 247 -6.3801055622170276e-04 -1.7579181548700413e-04 -1.2976198936652758e-03 -4.2717496763983263e-03  0.0000000000000000e+00 -1.9620068908945023e+00
 248 -2.9612761374374802e-04 -3.6080653813384383e-04 -2.8149227013719866e-03 -3.0979868717219312e-03  0.0000000000000000e+00 -1.9631529187857160e+00
 249  1.2593028656131187e-05 -1.4904620742008033e-04 -3.8990228540268833e-03 -1.3377561133371193e-03  0.0000000000000000e+00 -1.9469251249407289e+00
 250  1.6642523843464764e-04  2.9939574742453116e-04 -4.1389794720960230e-03  6.5724234662246645e-04  0.0000000000000000e+00 -1.9319563217226758e+00
 251  1.2953559231637323e-04  5.5395748109674566e-04 -3.4248215017567093e-03  2.4617363952429729e-03  0.0000000000000000e+00 -1.9350611650733145e+00
 252 -1.0521103060767001e-04  2.8053858509677728e-04 -1.9992869781717401e-03  3.7786841615484314e-03  0.0000000000000000e+00 -1.9588852304526969e+00
 253 -6.0078375441691102e-04 -2.6931690808791901e-04 -3.3195749702472793e-04  4.4874277137832257e-03  0.0000000000000000e+00 -1.9914725824420756e+00
 254 -1.0280910078812413e-03 -4.4575558786050072e-04  1.1589612696875141e-03  4.3774082260110755e-03  0.0000000000000000e+00 -2.0148829779129604e+00
 255 -7.5538727535213773e-04 -8.9722883448621664e-05  2.4876082243552012e-03  3.2794400314634705e-03  0.0000000000000000e+00 -2.0186699513020279e+00
 256  1.0649815691227364e-04  2.7495287238587829e-04  3.6970663029373251e-03  1.5443260882865596e-03  0.0000000000000000e+00 -2.0043700767834767e+00
 257  5.9982793441410906e-04  1.9689190237578096e-04  4.1948404317028263e-03 -3.4194669971159382e-04  0.0000000000000000e+00 -1.9900364222360951e+00
 258  1.9552455743945474e-04  4.9633500118460185e-05  3.5086771793582253e-03 -2.1542926742267113e-03  0.0000000000000000e+00 -1.9914612341284548e+00
 259 -5.2517287604192083e-04  1.6903146781492703e-04  2.1445418091104256e-03 -3.6853729529658400e-03  0.0000000000000000e+00 -2.0114508071730954e+00
 260 -8.1976112626721534e-04  1.8514048711846490e-04  6.6558240621273051e-04 -4.5378184957991750e-03  0.0000000000000000e+00 -2.0425303714677945e+00
 261 -6.7519738399508919e-04 -1.2273283157253456e-04 -8.8952809307310402e-04 -4.4443935870671792e-03  0.0000000000000000e+00 -2.0684747450601315e+00
 262 -4.0951581136053719e-04 -3.9283788137803376e-04 -2.4450753730386053e-03 -3.4801035604906838e-03  0.0000000000000000e+00 -2.0755736914175911e+00
 263 -1.0907176025974412e-04 -2.2939994433367951e-04 -3.6700014059454747e-03 -1.8425419470531740e-03  0.0000000000000000e+00 -2.0624550643492108e+00
 264  1.4406669571789441e-04  2.3515432813758677e-04 -4.1667818927539147e-03  1.3622974928277330e-04  0.0000000000000000e+00 -2.0450922920030550e+00
 265  2.0611575359719462e-04  5.4610857755689934e-04 -3.7062795944376361e-03  2.0162631375831045e-03  0.0000000000000000e+00 -2.0426317238863825e+00
 266  6.7278287215189353e-06  3.5676317953121342e-04 -2.4179782022373088e-03  3.4720906300999073e-03  0.0000000000000000e+00 -2.0617973122169229e+00
 267 -4.9319629247658191e-04 -1.6699409455017174e-04 -7.6340287389353571e-04  4.3705404675676417e-03  0.0000000000000000e+00 -2.0937529152437646e+00
 268 -1.0076005112959210e-03 -4.2731113893280774e-04  7.6956305705258641e-04  4.5150417877832518e-03  0.0000000000000000e+00 -2.1209960685228406e+00
 269 -8.9492440575857177e-04 -1.6800179492718241e-04  2.1206208856280610e-03  3.6619977985410650e-03  0.0000000000000000e+00 -2.1305678048881225e+00
 270 -8.3189229993258589e-05  2.0592720463373163e-04  3.4148154004746386e-03  2.0469696322741051e-03  0.0000000000000000e+00 -2.1200253093073087e+00
 271  5.5978008831064673e-04  1.9501083166780536e-04  4.1814790667600629e-03  1.7407172376621789e-04  0.0000000000000000e+00 -2.1036025868950974e+00
 272  3.2511984107559157e-04  4.3016481586169275e-05  3.7883969934405124e-03 -1.6841718324122604e-03  0.0000000000000000e+00 -2.0998813351929315e+00
 273 -3.8031615337688764e-04  1.7170523016166183e-04  2.5418342522006386e-03 -3.3322873011022401e-03  0.0000000000000000e+00 -2.1148853487040200e+00
 274 -7.5605086657937019e-04  2.5119240038911739e-04  1.0775802145415697e-03 -4.3944725191887865e-03  0.0000000000000000e+00 -2.1444663774525523e+00
 275 -6.8624580662280472e-04 -4.9275895950025987e-05 -4.7672193243554625e-04 -4.5500536617302150e-03  0.0000000000000000e+00 -2.1734934522782021e+00
 276 -4.9843245196665262e-04 -4.0425276417942234e-04 -2.0597911970562511e-03 -3.8118931671262536e-03  0.0000000000000000e+00 -2.1864895267476450e+00
 277 -2.4199432599278169e-04 -3.1145769873842699e-04 -3.3908933348787925e-03 -2.3264883035229631e-03  0.0000000000000000e+00 -2.1776926382123070e+00
 278  8.2017433938447510e-05  1.6158079261800536e-04 -4.1161413289341571e-03 -3.9042968428448902e-04  0.0000000000000000e+00 -2.1593648776155208e+00
 279  2.5996692439429503e-04  5.2658944110356746e-04 -3.9279102116595264e-03  1.5450695949210250e-03  0.0000000000000000e+00 -2.1517582548335037e+00
 280  1.1968923180742579e-04  4.1490691405195418e-04 -2.8158134841957511e-03  3.1230714925794788e-03  0.0000000000000000e+00 -2.1656759933500775e+00
 281 -3.7410915852111363e-04 -6.6170968930377025e-05 -1.1988767897085535e-03  4.1947401050389582e-03  0.0000000000000000e+00 -2.1957577191835345e+00
 282 -9.5662342609403709e-04 -3.8499358847781355e-04  3.7230203653208950e-04  4.5809614087777700e-03  0.0000000000000000e+00 -2.2257709366096563e+00
 283 -1.0003576056820589e-03 -2.2513874895583729e-04  1.7468487638118884e-03  3.9895795190219886e-03  0.0000000000000000e+00 -2.2409048957772355e+00
 284 -2.7901343493401105e-04  1.2972573635022564e-04  3.0919443145281320e-03  2.5289865575507486e-03  0.0000000000000000e+00 -2.2351753696635277e+00
 285  4.7384249165135866e-04  1.8109255663389424e-04  4.0847663764122027e-03  6.9326293032754855e-04  0.0000000000000000e+00 -2.2182109992387904e+00
 286  4.2429902477857643e-04  3.5172972835716879e-05  4.0042921457959756e-03 -1.1943311852524259e-03  0.0000000000000000e+00 -2.2098115474998354e+00
 287 -2.3000420487329922e-04  1.6033258714076996e-04  2.9215630372436711e-03 -2.9385555347626337e-03  0.0000000000000000e+00 -2.2194315632283175e+00
 288 -6.7481094744257814e-04  3.0601999338336969e-04  1.4898908149853732e-03 -4.1898609909216339e-03  0.0000000000000000e+00 -2.2463219861167887e+00
 289 -6.7447359339941888e-04  3.9371950053317910e-05 -5.9500835179548169e-05 -4.5880914630364996e-03  0.0000000000000000e+00 -2.2772702795445796e+00
 290 -5.5886908858521710e-04 -3.9073170552785224e-04 -1.6634228005391989e-03 -4.0866700813717675e-03  0.0000000000000000e+00 -2.2957858492899366e+00
 291 -3.7355925164849260e-04 -3.8952487947165233e-04 -3.0733554456116702e-03 -2.7814776875404582e-03  0.0000000000000000e+00 -2.2922217404831775e+00
 292 -1.6392483986389159e-05  7.7714539351487796e-05 -3.9909273832567684e-03 -9.1694343842921376e-04  0.0000000000000000e+00 -2.2744667939133008e+00
 293  2.8269193922018080e-04  4.9663738222833586e-04 -4.0798275473924728e-03  1.0529100061438962e-03  0.0000000000000000e+00 -2.2624393784900492e+00
 294  2.2850400393783574e-04  4.5637731087882431e-04 -3.1830433130452872e-03  2.7362094004158952e-03  0.0000000000000000e+00 -2.2707542331982835e+00
 295 -2.4573030253300640e-04  2.6749365672996780e-05 -1.6344585808169925e-03  3.9643309319967292e-03  0.0000000000000000e+00 -2.2978395284279731e+00
 296 -8.7990076810237313e-04 -3.2452768317237963e-04 -3.3236548226867418e-05  4.5760619820644586e-03  0.0000000000000000e+00 -2.3294225083375428e+00
 297 -1.0686648354894361e-03 -2.5750783414169010e-04  1.3685890430394981e-03  4.2545438892392234e-03  0.0000000000000000e+00 -2.3496287337008841e+00
 298 -4.6796040160411537e-04  5.3753645954058199e-05  2.7410300757870223e-03  2.9815838912108372e-03  0.0000000000000000e+00 -2.3493946367941767e+00
 299  3.4795301641488114e-04  1.5360024219387159e-04  3.9114915326193874e-03  1.2098514430682928e-03  0.0000000000000000e+00 -2.3335304228440497e+00
 300  4.8492447052990412e-04  2.6094702108504221e-05  4.1456663480728857e-03 -6.8954620203444503e-04  0.0000000000000000e+00 -2.3212027944345044e+00
 301 -8.1550032310139566e-05  1.3789385001946913e-04  3.2733001517700690e-03 -2.5101764958923960e-03  0.0000000000000000e+00 -2.3253021871033059e+00
 302 -5.7780012351259680e-04  3.4486173307510953e-04  1.8993305097320138e-03 -3.9286055978770152e-03  0.0000000000000000e+00 -2.3484476923382345e+00
 303 -6.4338289625375693e-04  1.3631043666501955e-04  3.6151636190353995e-04 -4.5594498714193977e-03  0.0000000000000000e+00 -2.3800710829961700e+00
 304 -5.9005103682875908e-04 -3.5025268229167472e-04 -1.2582735838271475e-03 -4.2993358278643210e-03  0.0000000000000000e+00 -2.4034441091102434e+00
 305 -4.9191003717638710e-04 -4.5668037655840815e-04 -2.7278335166034686e-03 -3.1990218347551030e-03  0.0000000000000000e+00 -2.4056825716245815e+00
 306 -1.4366457990231134e-04 -1.6072050088319541e-05 -3.7990389549788731e-03 -1.4369026928082596e-03  0.0000000000000000e+00 -2.3900149099674368e+00
 307  2.6763081836872151e-04  4.5587814804568097e-04 -4.1548781109119557e-03  5.4455541100520823e-04  0.0000000000000000e+00 -2.3746019433057608e+00
 308  3.2604910611884946e-04  4.8372764199165790e-04 -3.5084990643972354e-03  2.3161709274522428e-03  0.0000000000000000e+00 -2.3772052318634822e+00
 309 -1.1023188796243350e-04  1.0749363546951628e-04 -2.0648695064634367e-03  3.6839166156444722e-03  0.0000000000000000e+00 -2.4003410712045832e+00
 310 -7.8173641097295564e-04 -2.5300050526367538e-04 -4.4677804184817000e-04  4.5028512656718304e-03  0.0000000000000000e+00 -2.4322216165652728e+00
 311 -1.0998497980951806e-03 -2.6436708316100765e-04  9.8631832411567736e-04  4.4511574539472069e-03  0.0000000000000000e+00 -2.4567712108911768e+00
 312 -6.3882512719369382e-04 -1.4163239485905505e-05  2.3725148620251462e-03  3.3955844231947445e-03  0.0000000000000000e+00 -2.4623444286633163e+00
 313  1.9174261252351130e-04  1.1340430497624080e-04  3.6722272144952498e-03  1.7173074770204825e-03  0.0000000000000000e+00 -2.4491443029616495e+00
 314  5.0156350933747509e-04  1.4151632108846889e-05  4.2053912323664318e-03 -1.7467437117313602e-04  0.0000000000000000e+00 -2.4339424478148985e+00
 315  5.6294684289153078e-05  1.0799955418757148e-04  3.5849750171276077e-03 -2.0528850749015832e-03  0.0000000000000000e+00 -2.4326380375333287e+00
 316 -4.6743358293866371e-04  3.6501579873496977e-04  2.3011674286280105e-03 -3.6158990641166097e-03  0.0000000000000000e+00 -2.4511807956506608e+00
 317 -5.9600106509932315e-04  2.3381160312158225e-04  7.8507658014575609e-04 -4.4662788597146482e-03  0.0000000000000000e+00 -2.4822068156127921e+00
 318 -5.9382175121326544e-04 -2.8347206243162855e-04 -8.4535694016820372e-04 -4.4467025092181419e-03  0.0000000000000000e+00 -2.5095349790274009e+00
 319 -5.8735266965212322e-04 -5.0589654599396080e-04 -2.3625553719132694e-03 -3.5706787356268792e-03  0.0000000000000000e+00 -2.5177977920396510e+00
 320 -2.8901795203068896e-04 -1.1730023673339747e-04 -3.5512035741159516e-03 -1.9431402580147820e-03  0.0000000000000000e+00 -2.5055776801074354e+00
 321  2.1122462731016958e-04  4.0278165484185241e-04 -4.1498534059736811e-03  2.4929030253628204e-05  0.0000000000000000e+00 -2.4880926092846098e+00
 322  4.0377318032970946e-04  4.9953758825459162e-04 -3.7802936546219306e-03  1.8675815758319848e-03  0.0000000000000000e+00 -2.4851405592994089e+00
 323  2.9428456589578117e-05  1.7422066386226499e-04 -2.4831860143264706e-03  3.3583130672001056e-03  0.0000000000000000e+00 -2.5035766924133740e+00
 324 -6.6560639664025841e-04 -1.7788431621712771e-04 -8.6715764685034110e-04  4.3649909366554503e-03  0.0000000000000000e+00 -2.5344830657822572e+00
 325 -1.0962199078037489e-03 -2.4776264345895534e-04  5.9947174756604528e-04  4.5759483700533420e-03  0.0000000000000000e+00 -2.5624399520870753e+00
 326 -7.8312934645938064e-04 -6.7024877450201596e-05  1.9939859640747846e-03  3.7619326970939402e-03  0.0000000000000000e+00 -2.5737927129102269e+00
 327  1.7326686725525759e-05  6.4031542433707445e-05  3.3797569404282156e-03  2.2083535473233626e-03  0.0000000000000000e+00 -2.5645883769131039e+00
 328  4.7248647851694427e-04 -3.2062100126435382e-06  4.1809810009148943e-03  3.4519344539031847e-04  0.0000000000000000e+00 -2.5478466771662158e+00
 329  1.7404543576456487e-04  7.3900478819730956e-05  3.8439137259843842e-03 -1.5720855413918074e-03  0.0000000000000000e+00 -2.5415041839702619e+00
 330 -3.4741325001553006e-04  3.6606829184516559e-04  2.6888687329863171e-03 -3.2573224021480891e-03  0.0000000000000000e+00 -2.5548272835935530e+00
 331 -5.3455771599831691e-04  3.2427538398514436e-04  1.2091088314171870e-03 -4.3116071337667566e-03  0.0000000000000000e+00 -2.5840171445759892e+00
 332 -5.7372502986418846e-04 -1.9378771111417203e-04 -4.2519932499209369e-04 -4.5275472155205995e-03  0.0000000000000000e+00 -2.6142098129197282e+00
 333 -6.5338284348619917e-04 -5.3115809616136793e-04 -1.9831281357999839e-03 -3.8886669734051844e-03  0.0000000000000000e+00 -2.6283840358307056e+00
 334 -4.3978481482678095e-04 -2.2114412484507332e-04 -3.2593851669150261e-03 -2.4276908890915961e-03  0.0000000000000000e+00 -2.6207163813865546e+00
 335  1.1403085582056653e-04  3.3562910389755310e-04 -4.0661730917325514e-03 -5.0070032282733244e-04  0.0000000000000000e+00 -2.6026681263691809e+00
 336  4.5270623364769037e-04  5.0533699162067208e-04 -3.9869858416975842e-03  1.3949748466380524e-03  0.0000000000000000e+00 -2.5946114651317007e+00
 337  1.6874971349800934e-04  2.2733534637993629e-04 -2.8806027355790325e-03  2.9924743776223602e-03  0.0000000000000000e+00 -2.6078168019999675e+00
 338 -5.3425905274490321e-04 -1.0597083532849147e-04 -1.2921671990721749e-03  4.1669680415664699e-03  0.0000000000000000e+00 -2.6365501309723030e+00
 339 -1.0613861709367772e-03 -2.1209212704930412e-04  2.0715161739811319e-04  4.6277668761645768e-03  0.0000000000000000e+00 -2.6668114763171702e+00
 340 -8.9550748315653456e-04 -9.9725446208770086e-05  1.6101319319240524e-03  4.0723369556389605e-03  0.0000000000000000e+00 -2.6836163099765904e+00
 341 -1.6227633150516784e-04  1.1221849015570965e-05  3.0473704759609024e-03  2.6750733185962779e-03  0.0000000000000000e+00 -2.6794033032954285e+00
 342  4.0016621062180535e-04 -2.8335258970501526e-05  4.0749969483758865e-03  8.6457273395782656e-04  0.0000000000000000e+00 -2.6626499970117901e+00
 343  2.6255454111183423e-04  3.7664455284036597e-05  4.0382691032726306e-03 -1.0729409574937834e-03  0.0000000000000000e+00 -2.6518922901683948e+00
 344 -2.2313673350718701e-04  3.4972141885817519e-04  3.0539818228863583e-03 -2.8586748815142083e-03  0.0000000000000000e+00 -2.6596453176460613e+00
 345 -4.6059185858596605e-04  4.0113371206996969e-04  1.6305654217779113e-03 -4.0991315522464159e-03  0.0000000000000000e+00 -2.6858540274269336e+00
 346 -5.3402084600672644e-04 -8.7038692780485121e-05  1.4892683940405138e-06 -4.5424081776870399e-03  0.0000000000000000e+00 -2.7176920811415752e+00
 347 -6.8714777336344288e-04 -5.2835323085358057e-04 -1.5927290186896665e-03 -4.1465609575030019e-03  0.0000000000000000e+00 -2.7373540184720500e+00
 348 -5.8302131122066391e-04 -3.2084630954279316e-04 -2.9351338733279845e-03 -2.8819065743832975e-03  0.0000000000000000e+00 -2.7350303659884596e+00
 349 -1.8907016682490567e-05  2.5365545612170213e-04 -3.9098142191105441e-03 -1.0265079322463420e-03  0.0000000000000000e+00 -2.7179946655676672e+00
 350  4.6478142556077493e-04  5.0096354446640598e-04 -4.1190369802803451e-03  9.0281770591752288e-04  0.0000000000000000e+00 -2.7056094885759507e+00
 351  3.0129590182617502e-04  2.6884778676691405e-04 -3.2464301074830045e-03  2.5913671714371343e-03  0.0000000000000000e+00 -2.7132771830674351e+00
 352 -3.9017569327948773e-04 -4.2439425971552144e-05 -1.7183292824507217e-03  3.9138454719044998e-03  0.0000000000000000e+00 -2.7387763177221860e+00
 353 -9.9926659925313145e-04 -1.6343588663674403e-04 -1.9132709988917918e-04  4.6075377018972002e-03  0.0000000000000000e+00 -2.7701242401560058e+00
 354 -9.7362230844575597e-04 -1.0974360620115928e-04  1.2232138572697794e-03  4.3198778042167875e-03  0.0000000000000000e+00 -2.7917928096135705e+00
 355 -3.3475787513119769e-04 -3.8025249447683303e-05  2.6872967329933124e-03  3.1090989672080405e-03  0.0000000000000000e+00 -2.7931862369780824e+00
 356  2.9115097812681544e-04 -6.2234235167941911e-05  3.8946011638726716e-03  1.3774379919976566e-03  0.0000000000000000e+00 -2.7780040877628256e+00
 357  3.1428894265306495e-04 -2.3078624129099088e-07  4.1585337472399616e-03 -5.6052806410190252e-04  0.0000000000000000e+00 -2.7637256261613699e+00
 358 -1.0173741696568605e-04  3.1918321638053497e-04  3.3862717124300214e-03 -2.4257623199799108e-03  0.0000000000000000e+00 -2.7658324352521078e+00
 359 -3.7546161623931132e-04  4.5958264857934712e-04  2.0452220074421703e-03 -3.8330554427845579e-03  0.0000000000000000e+00 -2.7880654743718321e+00
 360 -4.7881119712008132e-04  2.9184240236956356e-05  4.3338149983208755e-04 -4.4931544225385442e-03  0.0000000000000000e+00 -2.8202656970360436e+00
 361 -6.8921298991060219e-04 -4.9584834102079809e-04 -1.1927232361672651e-03 -4.3398248014435451e-03  0.0000000000000000e+00 -2.8447122949476245e+00
 362 -7.0704517930641477e-04 -4.0869716337013423e-04 -2.5882086068616992e-03 -3.2967503912580617e-03  0.0000000000000000e+00 -2.8481918375727706e+00
 363 -1.7849658034183971e-04  1.5801105081607135e-04 -3.6904492693364231e-03 -1.5459288610444872e-03  0.0000000000000000e+00 -2.8336640393297587e+00
 364  4.3424023108638464e-04  4.8463603019799231e-04 -4.1702439450755652e-03  3.9559801584940885e-04  0.0000000000000000e+00 -2.8180598061574855e+00
 365  4.1886392239952027e-04  3.0138075551360021e-04 -3.5685080489499072e-03  2.1598052958523664e-03  0.0000000000000000e+00 -2.8201132776005577e+00
 366 -2.3623797027962963e-04  9.7303554383908341e-06 -2.1405732293521846e-03  3.6110263976311184e-03  0.0000000000000000e+00 -2.8415043534489244e+00
 367 -9.1338564684386705e-04 -1.0872760423121356e-04 -5.9608214553989139e-04  4.5178226271484732e-03  0.0000000000000000e+00 -2.8726679871082617e+00
 368 -1.0176920732024907e-03 -9.7365318283730101e-05  8.3377931478203886e-04  4.4994468455965041e-03  0.0000000000000000e+00 -2.8983872831758686e+00
 369 -4.8982491928845594e-04 -7.6630034149291173e-05  2.3095265288814236e-03  3.5019134963951253e-03  0.0000000000000000e+00 -2.9056259156261617e+00
 370  1.5531209720130886e-04 -1.0372146638361422e-04  3.6503659453628592e-03  1.8771421306796210e-03  0.0000000000000000e+00 -2.8934941081720233e+00
 371  3.2456678674764103e-04 -4.0751494779829009e-05  4.1988452258187653e-03 -3.9986073673952613e-05  0.0000000000000000e+00 -2.8768596172416556e+00
 372  8.2879153474251646e-06  2.7822409278271623e-04  3.6742705065045387e-03 -1.9642002071127494e-03  0.0000000000000000e+00 -2.8735163040046490e+00
 373 -2.8110829778792292e-04  4.9705100999876623e-04  2.4474550581896470e-03 -3.5179648199444536e-03  0.0000000000000000e+00 -2.8909782471163408e+00
 374 -4.1142836794639084e-04  1.4652999004813118e-04  8.6833390625287786e-04 -4.3825122524193847e-03  0.0000000000000000e+00 -2.9222577956905287e+00
 375 -6.6272663775754728e-04 -4.3475979936004653e-04 -7.8348384018026799e-04 -4.4660476083403155e-03  0.0000000000000000e+00 -2.9505470574136807e+00
 376 -8.0270574376487241e-04 -4.7727903003227647e-04 -2.2257604486354897e-03 -3.6633082766909211e-03  0.0000000000000000e+00 -2.9599624145713497e+00
 377 -3.5275259823524272e-04  5.2278174374855209e-05 -3.4200192430532605e-03 -2.0515410011784935e-03  0.0000000000000000e+00 -2.9492278821075777e+00
 378  3.5886349449210960e-04  4.5374441987067291e-04 -4.1388269681511720e-03 -1.2200764170672016e-04  0.0000000000000000e+00 -2.9318056370908612e+00
 379  5.1220639224228615e-04  3.2704074288425803e-04 -3.8341358703955206e-03  1.7023617310035590e-03  0.0000000000000000e+00 -2.9284194227177180e+00
 380 -7.6447911262822249e-05  4.9894220249283472e-05 -2.5518886617649354e-03  3.2640651305588459e-03  0.0000000000000000e+00 -2.9450448967070604e+00
 381 -8.0664701105783918e-04 -5.4833881498052173e-05 -1.0064299822350874e-03  4.3624214744222446e-03  0.0000000000000000e+00 -2.9747698123615858e+00
 382 -1.0297488496791066e-03 -6.5482554117900199e-05  4.4140432821378672e-04  4.6080008744758347e-03  0.0000000000000000e+00 -3.0035392569727684e+00
 383 -6.2000430961592964e-04 -9.8572477287878386e-05  1.9212396121234146e-03  3.8453306961183701e-03  0.0000000000000000e+00 -3.0165178168741624e+00
 384  4.5931396345731505e-06 -1.4922187999458168e-04  3.3546902109500530e-03  2.3564446639503297e-03  0.0000000000000000e+00 -3.0086742012811856e+00
 385  2.9248162896086942e-04 -8.5632867770908200e-05  4.1578647819183311e-03  4.8334151143350598e-04  0.0000000000000000e+00 -2.9910765513428106e+00
 386  9.7846137781692940e-05  2.3015869279269981e-04  3.9063127573439674e-03 -1.4793446764644763e-03  0.0000000000000000e+00 -2.9827502072190848e+00
 387 -1.8081671139491494e-04  5.1332904546334531e-04  2.8300660740650406e-03 -3.1587648653968112e-03  0.0000000000000000e+00 -2.9948813171297508e+00
 388 -3.3420579298311446e-04  2.5698491445643709e-04  1.3033131443798895e-03 -4.2137504786612621e-03  0.0000000000000000e+00 -3.0240191845128419e+00
 389 -6.1228704793631062e-04 -3.4893794688478186e-04 -3.6520214807296233e-04 -4.5248852175411814e-03  0.0000000000000000e+00 -3.0550223788932196e+00
 390 -8.6426505885169231e-04 -5.2062098519750622e-04 -1.8521851232698142e-03 -3.9735064696674351e-03  0.0000000000000000e+00 -3.0701965126791406e+00
 391 -5.2838117600794929e-04 -5.7599507385163752e-05 -3.1110660142996951e-03 -2.5350627747738855e-03  0.0000000000000000e+00 -3.0642448578891637e+00
 392  2.4076257984842990e-04  4.0606471760867364e-04 -4.0278854138520327e-03 -6.4489798560800424e-04  0.0000000000000000e+00 -3.0465934824459771e+00
 393  5.7217173428594271e-04  3.4647409027819588e-04 -4.0314426969534521e-03  1.2234092921224206e-03  0.0000000000000000e+00 -3.0382326117276857e+00
 394  8.3511771866319755e-05  7.9417522660465569e-05 -2.9431002087170737e-03  2.8785140012246220e-03  0.0000000000000000e+00 -3.0496596615741223e+00
 395 -6.8155278553557266e-04 -7.6470286086191915e-06 -1.4206429963702436e-03  4.1460860197876899e-03  0.0000000000000000e+00 -3.0767796216123426e+00
 396 -1.0127755710757210e-03 -1.9079264959709251e-05  4.5348163773058503e-05  4.6445978805270439e-03  0.0000000000000000e+00 -3.1074534799087474e+00
 397 -7.2090874515227878e-04 -9.9799429695476464e-05  1.5268696452077457e-03  4.1320780246711670e-03  0.0000000000000000e+00 -3.1257654602987732e+00
 398 -1.4851749160754742e-04 -1.9320742331672063e-04  3.0201592760592789e-03  2.8076315054805213e-03  0.0000000000000000e+00 -3.1231153680110135e+00
 399  2.2129139513435160e-04 -1.3636145071626370e-04  4.0389946151953510e-03  1.0037534940465272e-03  0.0000000000000000e+00 -3.1060819677146729e+00
 400  1.5834981690915177e-04  1.7706444638079916e-04  4.0719020819391053e-03 -9.7636104711183876e-04  0.0000000000000000e+00 -3.0935143742463000e+00
 401 -7.9687899059537509e-05  5.1027627362769455e-04  3.1842299862944916e-03 -2.7606020451489566e-03  0.0000000000000000e+00 -3.1000133785148467e+00
 402 -2.4868196384233082e-04  3.5385981983207212e-04  1.7343041993309622e-03 -3.9905217190488876e-03  0.0000000000000000e+00 -3.1259064870511062e+00
 403 -5.4283398902725576e-04 -2.4460765180639308e-04  6.1476630410804443e-05 -4.5177179774641696e-03  0.0000000000000000e+00 -3.1583715592123771e+00
 404 -8.8972266339556051e-04 -5.3501739047290069e-04 -1.4695328559891562e-03 -4.2208444104552163e-03  0.0000000000000000e+00 -3.1788390495952670e+00
 405 -6.9242076603460892e-04 -1.6399329514037788e-04 -2.7751239298159781e-03 -2.9874931131512422e-03  0.0000000000000000e+00 -3.1783279034157434e+00
 406  8.6487257910973530e-05  3.4096145592260813e-04 -3.8450281011867750e-03 -1.1673030361981753e-03  0.0000000000000000e+00 -3.1620728714201256e+00
 407  5.9105276595979885e-04  3.5845587606077214e-04 -4.1509335538514923e-03  7.2723517074035102e-04  0.0000000000000000e+00 -3.1495350139195786e+00
 408  2.3611150813166625e-04  1.0094254139205248e-04 -3.3029455591561700e-03  2.4597442240821940e-03  0.0000000000000000e+00 -3.1555509252753566e+00
 409 -5.4070411240520508e-04  2.8657688342118937e-05 -1.8356144481465877e-03  3.8742422040600540e-03  0.0000000000000000e+00 -3.1790540795569031e+00
 410 -9.6990282613480295e-04  3.5482333058279812e-05 -3.5493881425641762e-04  4.6101607236321927e-03  0.0000000000000000e+00 -3.2103915220368884e+00
 411 -7.9101807153531337e-04 -7.8775450856105722e-05  1.1286288622173509e-03  4.3562835515666221e-03  0.0000000000000000e+00 -3.2333726444478281e+00
 412 -2.9249301160565665e-04 -2.2911177029332302e-04  2.6580993029700407e-03  3.2226945129230507e-03  0.0000000000000000e+00 -3.2364499696093412e+00
 413  1.1816876061568056e-04 -1.9312566485682939e-04  3.8497933266552647e-03  1.5150339120835895e-03  0.0000000000000000e+00 -3.2215108577066709e+00
 414  1.8300236103332583e-04  1.1947458501763373e-04  4.1630964731428355e-03 -4.6035835800243565e-04  0.0000000000000000e+00 -3.2057185302448139e+00
 415  1.5342097430563935e-05  4.9108824567172318e-04  3.4996790288365602e-03 -2.3287074459749832e-03  0.0000000000000000e+00 -3.2065541577004719e+00
 416 -1.5620536937875957e-04  4.3250396104461232e-04  2.1561291372672194e-03 -3.7167625063497210e-03  0.0000000000000000e+00 -3.2282653711746265e+00
 417 -4.5878826020105418e-04 -1.2961625513934884e-04  4.9508013430572459e-04 -4.4471058054008101e-03  0.0000000000000000e+00 -3.2608863791183094e+00
 418 -8.8044179389417060e-04 -5.1944515515929925e-04 -1.0782503780263125e-03 -4.4008895073051196e-03  0.0000000000000000e+00 -3.2859192776382651e+00
 419 -8.3363251713635051e-04 -2.5872748240775235e-04 -2.4214848551988603e-03 -3.3994210278596631e-03  0.0000000000000000e+00 -3.2911751897643260e+00
 420 -9.3649515384964968e-05  2.6019843403329547e-04 -3.6012519092852783e-03 -1.6825918208138370e-03  0.0000000000000000e+00 -3.2778167274992049e+00
 421  5.6390095388571878e-04  3.6022313258541895e-04 -4.1868896271789876e-03  2.1819850632359751e-04  0.0000000000000000e+00 -3.2622456149470085e+00
 422  3.7232570073767368e-04  1.1738153897597922e-04 -3.6186306402697329e-03  2.0127931832656246e-03  0.0000000000000000e+00 -3.2628559212371679e+00
 423 -3.8742025809824072e-04  5.2055694150630343e-05 -2.2464547841214281e-03  3.5526973762946964e-03  0.0000000000000000e+00 -3.2819364680346865e+00
 424 -9.0388239872832461e-04  9.1278769518300727e-05 -7.5946219388924106e-04  4.5070942169263984e-03  0.0000000000000000e+00 -3.3126596801531600e+00
 425 -8.3110767421603737e-04 -3.6638004984191666e-05  7.2723349221237251e-04  4.5137784195364685e-03  0.0000000000000000e+00 -3.3394296973423305e+00
 426 -4.1797529510034678e-04 -2.5043277351134827e-04  2.2775640361878506e-03  3.5936300318440855e-03  0.0000000000000000e+00 -3.3483994456211414e+00
 427 -6.6359336865518063e-06 -2.5407808304688987e-04  3.6007439497707213e-03  2.0103465227180846e-03  0.0000000000000000e+00 -3.3369474932760084e+00
 428  1.6802477792389700e-04  5.6631023403738386e-05  4.1756568120068166e-03  6.3456546628215955e-05  0.0000000000000000e+00 -3.3191989700800453e+00
 429  9.5953697285312031e-05  4.5926517015515509e-04  3.7652850489175906e-03 -1.8682389843131847e-03  0.0000000000000000e+00 -3.3146172078396652e+00
 430 -5.8791040405156306e-05  4.9066672336744923e-04  2.5622195051361986e-03 -3.3966506752671961e-03  0.0000000000000000e+00 -3.3314130836609759e+00
 431 -3.6357609502945100e-04 -1.2369251318405737e-05  9.3316826101473116e-04 -4.3162842122257215e-03  0.0000000000000000e+00 -3.3628993921780888e+00
 432 -8.4017957969449654e-04 -4.7565115437013463e-04 -6.7802735239958509e-04 -4.5114484328239463e-03  0.0000000000000000e+00 -3.3915421700112951e+00
 433 -9.4351993960816837e-04 -3.3438184021870675e-04 -2.0565917983400963e-03 -3.7615639724366940e-03  0.0000000000000000e+00 -3.4025796992801309e+00
 434 -2.8690036595330735e-04  1.6816414354241976e-04 -3.3093847042605182e-03 -2.1831816747432914e-03  0.0000000000000000e+00 -3.3933606362448119e+00
 435  4.8957749245283181e-04  3.4848129932145888e-04 -4.1383438269647225e-03 -2.9905372519380190e-04  0.0000000000000000e+00 -3.3762000855477239e+00
 436  4.8247037109103733e-04  1.3086068471591404e-04 -3.8769302515331452e-03  1.5423587401932660e-03  0.0000000000000000e+00 -3.3716458625565444e+00
 437 -2.2633666697293868e-04  6.2719662100868591e-05 -2.6461267403436045e-03  3.1874116585174543e-03  0.0000000000000000e+00 -3.3857345631208160e+00
 438 -8.1698433621027358e-04  1.4167390830966927e-04 -1.1674164871886402e-03  4.3389783524233798e-03  0.0000000000000000e+00 -3.4145942192860859e+00
 439 -8.4348988759076619e-04  2.3005209404292725e-05  3.2263345428059850e-04  4.6022583310362805e-03  0.0000000000000000e+00 -3.4440995228374200e+00
 440 -5.1852394226622187e-04 -2.5177934343167827e-04  1.8849236190591871e-03  3.9129350690813094e-03  0.0000000000000000e+00 -3.4587852026481229e+00
 441 -1.4107454903444292e-04 -3.1516170265530910e-04  3.3037150519119184e-03  2.4822465408980174e-03  0.0000000000000000e+00 -3.4519596854072656e+00
 442  1.1354920771089900e-04 -1.2773905930606929e-05  4.1097676147234252e-03  5.8961339075313721e-04  0.0000000000000000e+00 -3.4337120278714011e+00
 443  1.5332247999005238e-04  4.1758539114049970e-04  3.9701227369910502e-03 -1.3842275366294824e-03  0.0000000000000000e+00 -3.4242449686803478e+00
 444  4.0062439545018957e-05  5.2846279178913214e-04  2.9444515634483755e-03 -3.0346192903792442e-03  0.0000000000000000e+00 -3.4356225664089779e+00
 445 -2.5959095161485102e-04  9.9330736754455715e-05  1.3722909216532942e-03 -4.1288868433013810e-03  0.0000000000000000e+00 -3.4647632173214276e+00
 446 -7.7386191410635250e-04 -4.0797064277678293e-04 -2.6856245232370889e-04 -4.5524562420929809e-03  0.0000000000000000e+00 -3.4958813385445038e+00
 447 -1.0169621741727298e-03 -3.8542113156796680e-04 -1.6840959502810490e-03 -4.0655165189232879e-03  0.0000000000000000e+00 -3.5124264698370005e+00
 448 -4.7975536163709310e-04  7.1487995433223373e-05 -2.9824083436157675e-03 -2.6605894049725703e-03  0.0000000000000000e+00 -3.5082541307060993e+00
 449  3.7132295658226104e-04  3.2073591986625570e-04 -4.0093658090061459e-03 -8.1933838658755458e-04  0.0000000000000000e+00 -3.4911326451349090e+00
 450  5.5739488488872676e-04  1.4190848296845597e-04 -4.0656978457527977e-03  1.0529358698359755e-03  0.0000000000000000e+00 -3.4819301189976142e+00
 451 -6.3803204536189633e-05  6.2659825232661039e-05 -3.0252706912598962e-03  2.7843175717993255e-03  0.0000000000000000e+00 -3.4907023143753806e+00
 452 -7.1128628101807068e-04  1.8112821970148220e-04 -1.5769008129325837e-03  4.1103599838764387e-03  0.0000000000000000e+00 -3.5165471300183957e+00
 453 -8.3119689120760682e-04  9.4572991723784218e-05 -8.5360498408620618e-05  4.6212706014758451e-03  0.0000000000000000e+00 -3.5476073151815473e+00
 454 -5.9084379270200698e-04 -2.2970988303071076e-04  1.4840464067444133e-03  4.1741984493496682e-03  0.0000000000000000e+00 -3.5675297025680104e+00
 455 -2.7282376377011432e-04 -3.7055978043567243e-04  2.9704098368626966e-03  2.9228146483155138e-03  0.0000000000000000e+00 -3.5661418368241646e+00
 456  2.3934207503388463e-05 -8.9569704701310634e-05  3.9701006896074222e-03  1.1122005883047654e-03  0.0000000000000000e+00 -3.5489338533369770e+00
 457  1.7934098914411934e-04  3.6742566846062604e-04  4.1048504973931728e-03 -8.8162983085709676e-04  0.0000000000000000e+00 -3.5354073909988881e+00
 458  1.3491890675021147e-04  5.4789251338047942e-04  3.2931577246967593e-03 -2.6353290684931483e-03  0.0000000000000000e+00 -3.5411118839297209e+00
 459 -1.4857341431458258e-04  1.9928284995607751e-04  1.8078935953579629e-03 -3.8888391542151188e-03  0.0000000000000000e+00 -3.5668314355375923e+00
 460 -6.8646798312682784e-04 -3.2284231915700307e-04  1.4987820809823994e-04 -4.5256103991679984e-03  0.0000000000000000e+00 -3.5991735728626439e+00
 461 -1.0523630666929747e-03 -4.0891068495875070e-04 -1.3053983328248219e-03 -4.3045038858898141e-03  0.0000000000000000e+00 -3.6206868357062625e+00
 462 -6.5956379054119376e-04 -2.1864144870196093e-05 -2.6319211453982570e-03 -3.1056369486600990e-03  0.0000000000000000e+00 -3.6221097396186077e+00
 463  2.1665319825418426e-04  2.7647948113094709e-04 -3.8084958723036389e-03 -1.3367235394438812e-03  0.0000000000000000e+00 -3.6066762636028402e+00
 464  5.8981477788380330e-04  1.4918311209629592e-04 -4.1754748680003107e-03  5.4899403145932313e-04  0.0000000000000000e+00 -3.5936599986969999e+00
 465  9.2100353073121184e-05  5.4997053589251596e-05 -3.3723957730102117e-03  2.3491281671769010e-03  0.0000000000000000e+00 -3.5970280679160913e+00
 466 -5.8919748675719647e-04  2.0586194140853414e-04 -1.9845703172770724e-03  3.8265182041499987e-03  0.0000000000000000e+00 -3.6188712048529843e+00
 467 -7.9723484593077906e-04  1.7122399997012173e-04 -4.9660675898176494e-04  4.5719666734621352e-03  0.0000000000000000e+00 -3.6502309294950388e+00
 468 -6.3450552787751410e-04 -1.8327171339530137e-04  1.0768912249174765e-03  4.3725611180465045e-03  0.0000000000000000e+00 -3.6746511419223999e+00
 469 -3.9078792268274349e-04 -4.1360662283489397e-04  2.6110449229862186e-03  3.3238968739455095e-03  0.0000000000000000e+00 -3.6791531556427453e+00
 470 -9.2607499212029289e-05 -1.7309800612825670e-04  3.7651024269804109e-03  1.6246897675196892e-03  0.0000000000000000e+00 -3.6644737691505744e+00
 471  1.6800023661604630e-04  3.0865506280617879e-04  4.1630778736018300e-03 -3.6544376839179991e-04  0.0000000000000000e+00 -3.6480001476655617e+00
 472  2.1848828101855315e-04  5.5194075773253221e-04  3.5974387965128068e-03 -2.2035516705627626e-03  0.0000000000000000e+00 -3.6480387382978545e+00
 473 -3.2333798321659440e-05  2.8353039421826469e-04  2.2341078289923578e-03 -3.6003053724649155e-03  0.0000000000000000e+00 -3.6694411409403482e+00
 474 -5.8227688429674700e-04 -2.2798076708205447e-04  5.7615054195646928e-04 -4.4338544477388027e-03  0.0000000000000000e+00 -3.7017099067848891e+00
 475 -1.0512005839394137e-03 -4.0476072690866466e-04 -9.2043031780732079e-04 -4.4738990385880233e-03  0.0000000000000000e+00 -3.7274117340801722e+00
 476 -8.1578524119243069e-04 -1.0382053549163318e-04 -2.2670312550085552e-03 -3.5088281905957990e-03  0.0000000000000000e+00 -3.7346340348931770e+00
 477  3.6526498714145537e-05  2.1785222071211342e-04 -3.5474675994430094e-03 -1.8444046855553187e-03  0.0000000000000000e+00 -3.7223872046534607e+00
 478  5.7553209142932236e-04  1.4989803316652940e-04 -4.2008765550909351e-03  3.5155802399223296e-05  0.0000000000000000e+00 -3.7067224680722157e+00
 479  2.3201708327646919e-04  4.3003491038291742e-05 -3.6745866519690131e-03  1.8872048265036877e-03  0.0000000000000000e+00 -3.7048281671141017e+00
 480 -4.5405346569519985e-04  2.1425452475113961e-04 -2.3852677692865662e-03  3.4932013971447763e-03  0.0000000000000000e+00 -3.7219015003791691e+00
 481 -7.4409139693488600e-04  2.4568889928204747e-04 -9.1031818367600607e-04  4.4567500090893072e-03  0.0000000000000000e+00 -3.7522878339054686e+00
 482 -6.5129388652534624e-04 -1.1420459415669339e-04  6.6426904649417114e-04  4.5049547812784961e-03  0.0000000000000000e+00 -3.7802533798198854e+00
 483 -4.8632956131712616e-04 -4.3787431539037369e-04  2.2334937644491932e-03  3.6775079102604850e-03  0.0000000000000000e+00 -3.7907405639388738e+00
 484 -2.2499094003809795e-04 -2.6055000531189498e-04  3.5056752862634615e-03  2.1198223254344159e-03  0.0000000000000000e+00 -3.7799022121485066e+00
 485  1.1665806161863468e-04  2.4012442440269773e-04  4.1424307312521785e-03  1.5913574095612726e-04  0.0000000000000000e+00 -3.7618381240932419e+00
 486  2.8224190711444028e-04  5.4345025862618385e-04  3.8459136656382661e-03 -1.7440495046448120e-03  0.0000000000000000e+00 -3.7564973289510655e+00
 487  8.6358697133258864e-05  3.5056508794725755e-04  2.6434924771808000e-03 -3.2676676062227484e-03  0.0000000000000000e+00 -3.7728960157966767e+00
 488 -4.6458776824104405e-04 -1.3128685182380129e-04  1.0080993458976572e-03 -4.2809323900638695e-03  0.0000000000000000e+00 -3.8038203929333632e+00
 489 -1.0170627953472965e-03 -3.7559290090568399e-04 -5.2846503229570180e-04 -4.5714197507530892e-03  0.0000000000000000e+00 -3.8327245976817110e+00
 490 -9.4076622262007201e-04 -1.6748147372154499e-04 -1.8939038083664991e-03 -3.8609278198436111e-03  0.0000000000000000e+00 -3.8456369283343537e+00
 491 -1.5607268056503395e-04  1.4962225559273331e-04 -3.2395723783249786e-03 -2.3346981588791820e-03  0.0000000000000000e+00 -3.8377900083749177e+00
 492  5.1431499074305724e-04  1.4085336482431323e-04 -4.1414789144761689e-03 -4.8360487732297783e-04  0.0000000000000000e+00 -3.8209233448363666e+00
 493  3.4620730849203743e-04  2.9137931301089709e-05 -3.9187398740151138e-03  1.4035894232334884e-03  0.0000000000000000e+00 -3.8141458243173547e+00
 494 -3.1063066663820942e-04  2.0688929224091577e-04 -2.7717368980857914e-03  3.1164105669160718e-03  0.0000000000000000e+00 -3.8259348237773909e+00
 495 -6.7364435593510446e-04  3.1112939952159809e-04 -1.3248312239709788e-03  4.2790123325619706e-03  0.0000000000000000e+00 -3.8541197318946772e+00
 496 -6.4437418031066177e-04 -2.6800120853992247e-05  2.4657972937563516e-04  4.5701524014599834e-03  0.0000000000000000e+00 -3.8845150445002150e+00
 497 -5.5404484575732004e-04 -4.3818693127422405e-04  1.8430331170129109e-03  3.9764329073573744e-03  0.0000000000000000e+00 -3.9007475739973336e+00
 498 -3.6066136331707751e-04 -3.4689663110826289e-04  3.2035846317379300e-03  2.5896340106159451e-03  0.0000000000000000e+00 -3.8947902439443385e+00
 499  2.6884635484921123e-05  1.6058814452622893e-04  4.0450830134356949e-03  6.8653719458638084e-04  0.0000000000000000e+00 -3.8766488716478027e+00
 500  3.1747048163308257e-04  5.2412393519700212e-04  4.0279292815228497e-03 -1.2615319805037448e-03  0.0000000000000000e+00 -3.8665163578936079e+00
 501  2.0302773145665701e-04  4.0107508983185005e-04  3.0268768148987465e-03 -2.8955058155301647e-03  0.0000000000000000e+00 -3.8774517713161805e+00
 502 -3.3589199101931088e-04 -3.9711723944213394e-05  1.4424617263689588e-03 -4.0711249818454363e-03  0.0000000000000000e+00 -3.9058549169387158e+00
 503 -9.5447453645444399e-04 -3.2632997512785020e-04 -1.2880804274098716e-04 -4.5970189528559101e-03  0.0000000000000000e+00 -3.9368151691776090e+00
 504 -1.0300768719875104e-03 -2.0815396163021834e-04 -1.5159453188400146e-03 -4.1536788863092292e-03  0.0000000000000000e+00 -3.9550275998354834e+00
 505 -3.4782773026714010e-04  7.8544510893256247e-05 -2.8979750739335122e-03 -2.7991610407670396e-03  0.0000000000000000e+00 -3.9524323517322166e+00
 506  4.1024439515311854e-04  1.1973841938327683e-04 -4.0019433763341088e-03 -1.0017638051080791e-03  0.0000000000000000e+00 -3.9359731674094411e+00
 507  4.2576681773524329e-04  1.4347044093947543e-05 -4.0931281955954718e-03  9.0316134406319144e-04  0.0000000000000000e+00 -3.9249554369017630e+00
 508 -1.6541669737584735e-04  1.8618590650746936e-04 -3.1345485494714432e-03  2.7021995914112062e-03  0.0000000000000000e+00 -3.9312121495779939e+00
 509 -5.8747851284058738e-04  3.6193839104611505e-04 -1.7373699507500216e-03  4.0429567002408483e-03  0.0000000000000000e+00 -3.9560773875590036e+00
 510 -6.1742500214134743e-04  7.2587625323411583e-05 -1.7560033415413013e-04  4.5686092290146757e-03  0.0000000000000000e+00 -3.9876793791562490e+00
 511 -5.9195019523123075e-04 -4.1141474995863754e-04  1.4426497814556617e-03  4.2148698751922125e-03  0.0000000000000000e+00 -4.0091148560491829e+00
 512 -4.8717808591307185e-04 -4.2546723965643560e-04  2.8699053301145402e-03  3.0256421166737647e-03  0.0000000000000000e+00 -4.0087516070590326e+00
