-2.50  2.67551  1.38424
-2.38  2.67536  1.37994
-2.25  2.67525  1.37603
-2.12  2.67517  1.37247
-2.00  2.67512  1.36923
-1.88  2.67508  1.36629
-1.75  2.67506  1.36362
-1.62  2.67506  1.36122
-1.50  2.67507  1.35905
-1.38  2.67509  1.35712
-1.25  2.67511  1.35540
-1.12  2.67514  1.35389
-1.00  2.67517  1.35258
-0.88  2.67520  1.35144
-0.75  2.67523  1.35049
-0.62  2.67526  1.34970
-0.50  2.67528  1.34907
-0.38  2.67530  1.34859
-0.25  2.67532  1.34826
-0.12  2.67533  1.34806
 0.00  2.67533  1.34800
 0.12  2.67533  1.34806
 0.25  2.67532  1.34824
 0.38  2.67530  1.34854
 0.50  2.67527  1.34894
 0.62  2.67523  1.34945
 0.75  2.67518  1.35006
 0.88  2.67512  1.35076
 1.00  2.67505  1.35155
 1.12  2.67496  1.35243
 1.25  2.67487  1.35339
 1.38  2.67476  1.35442
 1.50  2.67463  1.35554
 1.62  2.67449  1.35672
 1.75  2.67433  1.35797
 1.88  2.67415  1.35928
 2.00  2.67395  1.36066
 2.12  2.67373  1.36209
 2.25  2.67349  1.36358
 2.38  2.67322  1.36512
 2.50  2.67293  1.36672
