#   A_x        A_y      nu_x    nu_y
#
 1.000e+00 -5.000e+00  3.921e-02  1.948e+00 0.67357 0.34787
 1.000e+00 -4.800e+00  3.921e-02  1.795e+00 0.67394 0.34786
 1.000e+00 -4.600e+00  3.921e-02  1.649e+00 0.67408 0.34786
 1.000e+00 -4.400e+00  3.921e-02  1.509e+00 0.67438 0.34789
 1.000e+00 -4.200e+00  3.921e-02  1.375e+00 0.67463 0.34792
 1.000e+00 -4.000e+00  3.921e-02  1.247e+00 0.67480 0.34793
 1.000e+00 -3.800e+00  3.921e-02  1.125e+00 0.67492 0.34794
 1.000e+00 -3.600e+00  3.921e-02  1.010e+00 0.67502 0.34795
 1.000e+00 -3.400e+00  3.921e-02  9.008e-01 0.67509 0.34796
 1.000e+00 -3.200e+00  3.921e-02  7.980e-01 0.67514 0.34797
 1.000e+00 -3.000e+00  3.921e-02  7.013e-01 0.67519 0.34797
 1.000e+00 -2.800e+00  3.921e-02  6.109e-01 0.67522 0.34798
 1.000e+00 -2.600e+00  3.921e-02  5.268e-01 0.67525 0.34798
 1.000e+00 -2.400e+00  3.921e-02  4.489e-01 0.67527 0.34799
 1.000e+00 -2.200e+00  3.921e-02  3.772e-01 0.67528 0.34799
 1.000e+00 -2.000e+00  3.921e-02  3.117e-01 0.67529 0.34799
 1.000e+00 -1.800e+00  3.921e-02  2.525e-01 0.67530 0.34799
 1.000e+00 -1.600e+00  3.921e-02  1.995e-01 0.67531 0.34799
 1.000e+00 -1.400e+00  3.921e-02  1.527e-01 0.67532 0.34800
 1.000e+00 -1.200e+00  3.921e-02  1.122e-01 0.67532 0.34800
 1.000e+00 -1.000e+00  3.921e-02  7.793e-02 0.67533 0.34800
 1.000e+00 -8.000e-01  3.921e-02  4.987e-02 0.67533 0.34800
 1.000e+00 -6.000e-01  3.921e-02  2.805e-02 0.67534 0.34800
 1.000e+00 -4.000e-01  3.921e-02  1.247e-02 0.67534 0.34800
 1.000e+00 -2.000e-01  3.921e-02  3.117e-03 0.67534 0.34800
 1.000e+00  1.000e+00  3.921e-02  7.793e-02 0.67533 0.34800
 1.000e+00  2.000e-01  3.921e-02  3.117e-03 0.67534 0.34800
 1.000e+00  4.000e-01  3.921e-02  1.247e-02 0.67534 0.34800
 1.000e+00  6.000e-01  3.921e-02  2.805e-02 0.67534 0.34800
 1.000e+00  8.000e-01  3.921e-02  4.987e-02 0.67533 0.34800
 1.000e+00  1.000e+00  3.921e-02  7.793e-02 0.67533 0.34800
 1.000e+00  1.200e+00  3.921e-02  1.122e-01 0.67532 0.34800
 1.000e+00  1.400e+00  3.921e-02  1.527e-01 0.67532 0.34800
 1.000e+00  1.600e+00  3.921e-02  1.995e-01 0.67531 0.34799
 1.000e+00  1.800e+00  3.921e-02  2.525e-01 0.67530 0.34799
 1.000e+00  2.000e+00  3.921e-02  3.117e-01 0.67529 0.34799
 1.000e+00  2.200e+00  3.921e-02  3.772e-01 0.67528 0.34799
 1.000e+00  2.400e+00  3.921e-02  4.489e-01 0.67527 0.34799
 1.000e+00  2.600e+00  3.921e-02  5.268e-01 0.67525 0.34798
 1.000e+00  2.800e+00  3.921e-02  6.109e-01 0.67522 0.34798
 1.000e+00  3.000e+00  3.921e-02  7.013e-01 0.67519 0.34797
 1.000e+00  3.200e+00  3.921e-02  7.980e-01 0.67514 0.34797
 1.000e+00  3.400e+00  3.921e-02  9.008e-01 0.67509 0.34796
 1.000e+00  3.600e+00  3.921e-02  1.010e+00 0.67502 0.34795
 1.000e+00  3.800e+00  3.921e-02  1.125e+00 0.67492 0.34794
 1.000e+00  4.000e+00  3.921e-02  1.247e+00 0.67480 0.34793
 1.000e+00  4.200e+00  3.921e-02  1.375e+00 0.67463 0.34792
 1.000e+00  4.400e+00  3.921e-02  1.509e+00 0.67438 0.34789
 1.000e+00  4.600e+00  3.921e-02  1.649e+00 0.67408 0.34786
 1.000e+00  4.800e+00  3.921e-02  1.795e+00 0.67394 0.34786
 1.000e+00  5.000e+00  3.921e-02  1.948e+00 0.67357 0.34787
