#   A_x        A_y        J_x        J_y      nu_x    nu_y
#
# -1.000e+01  1.000e+00 particle lost
# -9.600e+00  1.000e+00 particle lost
# -9.200e+00  1.000e+00 particle lost
# -8.800e+00  1.000e+00 particle lost
# -8.400e+00  1.000e+00 particle lost
-8.000e+00  1.000e+00  2.510e+00  7.793e-02 0.67445 0.35019
-7.600e+00  1.000e+00  2.265e+00  7.793e-02 0.67503 0.34998
-7.200e+00  1.000e+00  2.033e+00  7.793e-02 0.67460 0.35009
-6.800e+00  1.000e+00  1.813e+00  7.793e-02 0.67604 0.34879
-6.400e+00  1.000e+00  1.606e+00  7.793e-02 0.67643 0.34835
-6.000e+00  1.000e+00  1.412e+00  7.793e-02 0.67664 0.34804
-5.600e+00  1.000e+00  1.230e+00  7.793e-02 0.67672 0.34782
-5.200e+00  1.000e+00  1.060e+00  7.793e-02 0.67670 0.34769
-4.800e+00  1.000e+00  9.034e-01  7.793e-02 0.67660 0.34762
-4.400e+00  1.000e+00  7.591e-01  7.793e-02 0.67644 0.34761
-4.000e+00  1.000e+00  6.274e-01  7.793e-02 0.67624 0.34764
-3.600e+00  1.000e+00  5.082e-01  7.793e-02 0.67602 0.34770
-3.200e+00  1.000e+00  4.015e-01  7.793e-02 0.67581 0.34777
-2.800e+00  1.000e+00  3.074e-01  7.793e-02 0.67563 0.34784
-2.400e+00  1.000e+00  2.259e-01  7.793e-02 0.67549 0.34790
-2.000e+00  1.000e+00  1.568e-01  7.793e-02 0.67540 0.34795
-1.600e+00  1.000e+00  1.004e-01  7.793e-02 0.67535 0.34798
-1.200e+00  1.000e+00  5.646e-02  7.793e-02 0.67533 0.34799
-8.000e-01  1.000e+00  2.510e-02  7.793e-02 0.67533 0.34800
-4.000e-01  1.000e+00  6.274e-03  7.793e-02 0.67533 0.34800
 1.000e+00  1.000e+00  3.921e-02  7.793e-02 0.67533 0.34800
 4.000e-01  1.000e+00  6.274e-03  7.793e-02 0.67533 0.34800
 8.000e-01  1.000e+00  2.510e-02  7.793e-02 0.67533 0.34800
 1.200e+00  1.000e+00  5.646e-02  7.793e-02 0.67533 0.34799
 1.600e+00  1.000e+00  1.004e-01  7.793e-02 0.67534 0.34798
 2.000e+00  1.000e+00  1.568e-01  7.793e-02 0.67537 0.34797
 2.400e+00  1.000e+00  2.259e-01  7.793e-02 0.67543 0.34793
 2.800e+00  1.000e+00  3.074e-01  7.793e-02 0.67552 0.34789
 3.200e+00  1.000e+00  4.015e-01  7.793e-02 0.67565 0.34783
 3.600e+00  1.000e+00  5.082e-01  7.793e-02 0.67582 0.34777
 4.000e+00  1.000e+00  6.274e-01  7.793e-02 0.67602 0.34770
 4.400e+00  1.000e+00  7.591e-01  7.793e-02 0.67624 0.34763
 4.800e+00  1.000e+00  9.034e-01  7.793e-02 0.67647 0.34760
 5.200e+00  1.000e+00  1.060e+00  7.793e-02 0.67667 0.34763
 5.600e+00  1.000e+00  1.230e+00  7.793e-02 0.67676 0.34778
 6.000e+00  1.000e+00  1.412e+00  7.793e-02 0.67653 0.34825
 6.400e+00  1.000e+00  1.606e+00  7.793e-02 0.67502 0.35007
#  6.800e+00  1.000e+00 particle lost
#  7.200e+00  1.000e+00 particle lost
#  7.600e+00  1.000e+00 particle lost
#  8.000e+00  1.000e+00 particle lost
#  8.400e+00  1.000e+00 particle lost
#  8.800e+00  1.000e+00 particle lost
#  9.200e+00  1.000e+00 particle lost
#  9.600e+00  1.000e+00 particle lost
#  1.000e+01  1.000e+00 particle lost
