# Tracking with TRACY# (Floquet space)
#
#  1   512 1.0E+00 1.0E+00 0.0E+00 0.0E+00 2.67533 1.34800
#    N     x^          px^          y^          py^          delta          cdt
#                                                                   [%]           [mm]
#
   0  2.8004056167422521e-04  9.4113689892635044e-19  1.9739113844525692e-03  1.3422591814628590e-18  0.0000000000000000e+00  0.0000000000000000e+00
   1  8.2572480817197385e-05  2.3734273854608841e-04 -1.2691068933186997e-03 -1.5951620602760331e-03  0.0000000000000000e+00 -4.4639769988268907e-03
   2  8.2734857212652475e-05 -2.2953384380685571e-04 -7.8406084032841942e-04  1.8250791914305967e-03  0.0000000000000000e+00  9.7280403546976077e-04
   3  3.2054166959061546e-04 -3.3602493405468963e-05  1.9263857235900963e-03 -5.3982258581739993e-04  0.0000000000000000e+00 -1.7236939966398450e-03
   4  4.4243889165880867e-05  2.8522890334631306e-04 -1.6491916167629085e-03 -1.2577228102315264e-03  0.0000000000000000e+00 -6.7791257287882749e-03
   5  6.0090864138104642e-05 -2.6819744268625557e-04 -2.4376390941834779e-04  1.9390621787051738e-03  0.0000000000000000e+00 -3.5680409439963448e-03
   6  4.1729516849014250e-04 -5.6284444651869021e-05  1.7714638831601355e-03 -1.0245863565673549e-03  0.0000000000000000e+00 -3.7198273139893560e-03
   7 -2.0564949986482703e-05  3.4490234332442267e-04 -1.8888614952679199e-03 -8.2793362180132982e-04  0.0000000000000000e+00 -8.0275304876422700e-03
   8  3.1114769672726764e-05 -3.2596932819469257e-04  3.0389084421776299e-04  1.9301030382024022e-03  0.0000000000000000e+00 -8.7033145813669843e-03
   9  5.1680678709464616e-04 -6.8708464649218183e-05  1.4862304024752329e-03 -1.4154139625928918e-03  0.0000000000000000e+00 -6.2349403878375733e-03
  10 -7.1408824566785949e-05  3.9120947862762945e-04 -1.9780518706052218e-03 -3.2597794043296043e-04  0.0000000000000000e+00 -8.7421754902400409e-03
  11 -1.0180547464283817e-05 -3.5769908939673400e-04  8.2023853067007238e-04  1.7846269802001928e-03  0.0000000000000000e+00 -1.3694486698070052e-02
  12  5.7366985123821909e-04 -8.6630057422175239e-05  1.0629828515327413e-03 -1.6910739087889685e-03  0.0000000000000000e+00 -9.2457186781889199e-03
  13 -6.0108740380295546e-05  4.1723212120558259e-04 -1.9309553646570071e-03  2.1792511900905077e-04  0.0000000000000000e+00 -9.8263827650473673e-03
  14 -8.1858405485863732e-05 -3.3263644216761072e-04  1.2712947583553885e-03  1.4938428857796508e-03  0.0000000000000000e+00 -1.7856420000390772e-02
  15  5.7425298955229127e-04 -1.3011360142745776e-04  5.2646450278122988e-04 -1.8463926116263371e-03  0.0000000000000000e+00 -1.2567088584068601e-02
  16  3.2305545903323607e-05  4.2698531796342518e-04 -1.7683919102469228e-03  7.5696990927055731e-04  0.0000000000000000e+00 -1.1994407790004385e-02
  17 -1.8185313099844267e-04 -2.5328568611901318e-04  1.6258679818959786e-03  1.0729123184066000e-03  0.0000000000000000e+00 -2.0702431924438637e-02
  18  5.3302876405877356e-04 -2.0325033410254612e-04 -6.5669201277661460e-05 -1.8869685431933316e-03  0.0000000000000000e+00 -1.6172833661798832e-02
  19  1.7582965539683783e-04  4.1843084678121266e-04 -1.4981258869107084e-03  1.2341786151983201e-03  0.0000000000000000e+00 -1.5301356898991657e-02
  20 -2.7461611821621691e-04 -1.4362563975143516e-04  1.8555070804500561e-03  5.5797874498746396e-04  0.0000000000000000e+00 -2.1936513537942282e-02
  21  4.6145442518926165e-04 -2.8632025747602163e-04 -6.4052677076055248e-04 -1.8076866256383946e-03  0.0000000000000000e+00 -2.0068378133321518e-02
  22  3.1791660553560870e-04  3.8157519154761007e-04 -1.1147543337097507e-03  1.5969375478643542e-03  0.0000000000000000e+00 -1.9270662526103110e-02
  23 -3.1231354291330805e-04 -2.4653433333775905e-05  1.9366944950820809e-03 -6.0302711393979082e-06  0.0000000000000000e+00 -2.1914407294066515e-02
  24  3.5265767897124130e-04 -3.5303032120977650e-04 -1.1342952864505137e-03 -1.5880456668851087e-03  0.0000000000000000e+00 -2.4101262394056449e-02
  25  4.2528747083683756e-04  3.1246330354760824e-04 -6.2027076233471849e-04  1.8141912268092794e-03  0.0000000000000000e+00 -2.3408238034615884e-02
  26 -2.7306524809054004e-04  9.5577550639973081e-05  1.8590796379010573e-03 -5.6894486969757247e-04  0.0000000000000000e+00 -2.1841967569378409e-02
  27  2.0778962704442260e-04 -3.9083655856409622e-04 -1.5139866851139711e-03 -1.2239893550398877e-03  0.0000000000000000e+00 -2.7975808435218626e-02
  28  4.9800909001768861e-04  2.2555901063821022e-04 -4.7075461599364254e-05  1.8902507994316589e-03  0.0000000000000000e+00 -2.7396505226704969e-02
  29 -1.8076235225796336e-04  2.0851369752044135e-04  1.6306998905282403e-03 -1.0812242385318735e-03  0.0000000000000000e+00 -2.2951419184592817e-02
  30  6.1691315432904463e-05 -4.0341440486394412e-04 -1.7786025585669401e-03 -7.4616595608421367e-04  0.0000000000000000e+00 -3.1211565950422692e-02
  31  5.4269746807991399e-04  1.4966876298264030e-04  5.4251032147323178e-04  1.8460856311954396e-03  0.0000000000000000e+00 -3.1041694966782368e-02
  32 -8.3240345061886341e-05  2.9220245951157796e-04  1.2747725774905731e-03 -1.4992564841301524e-03  0.0000000000000000e+00 -2.5649029004705670e-02
  33 -3.2370043516160249e-05 -3.9930351735743488e-04 -1.9355384595828808e-03 -2.0680929090872047e-04  0.0000000000000000e+00 -3.3348744100678666e-02
  34  5.4687443273848115e-04  1.0564372766003285e-04  1.0766328253790378e-03  1.6875178787999704e-03  0.0000000000000000e+00 -3.4323132590107788e-02
  35 -1.4874041322735149e-05  3.2197952970408047e-04  8.2119713357333508e-04 -1.7880536064633177e-03  0.0000000000000000e+00 -2.9675647223389726e-02
  36 -4.4509701628398539e-05 -3.7948967414644076e-04 -1.9787442318838816e-03  3.3678360583514383e-04  0.0000000000000000e+00 -3.4437478898689956e-02
  37  4.9532940117094008e-04  8.9090479385874586e-05  1.4977340943396853e-03  1.4097881417000737e-03  0.0000000000000000e+00 -3.7225969407228332e-02
  38  2.3116641313253997e-05  2.9494478545183687e-04  3.0289740473760123e-04 -1.9327387360175419e-03  0.0000000000000000e+00 -3.4564718496173923e-02
  39  5.7457542482863566e-06 -3.3956680818700383e-04 -1.8877885407512587e-03  8.3728144600205760e-04  0.0000000000000000e+00 -3.5168123436899679e-02
  40  4.0129377286642694e-04  7.8924074415685791e-05  1.7804120563548671e-03  1.0183053112592160e-03  0.0000000000000000e+00 -3.9601799381824732e-02
  41  4.8759519647689630e-05  2.4161833429345327e-04 -2.4526856411064132e-04 -1.9412229076814743e-03  0.0000000000000000e+00 -3.9640459065433099e-02
  42  6.9547886687030335e-05 -2.8617243990410588e-04 -1.6475783776901023e-03  1.2643768391276886e-03  0.0000000000000000e+00 -3.6424056970409874e-02
  43  3.0993669184053459e-04  5.8334203434905322e-05  1.9315846377142953e-03  5.3373302887887249e-04  0.0000000000000000e+00 -4.1473593457441463e-02
  44  6.7725526609169201e-05  2.0726253454432736e-04 -7.8492529404514881e-04 -1.8257837558875317e-03  0.0000000000000000e+00 -4.4159865281937119e-02
  45  1.0598233497083228e-04 -2.4413022256999884e-04 -1.2668748416941511e-03  1.5983919567983170e-03  0.0000000000000000e+00 -3.8731780581549510e-02
  46  2.7475740238100703e-04  2.6044834685205288e-05  1.9740952005956290e-03 -5.9622385897569802e-06  0.0000000000000000e+00 -4.3135878882741487e-02
  47  6.3745780528090966e-05  2.1969935785219984e-04 -1.2691397079156606e-03 -1.5928719586082874e-03  0.0000000000000000e+00 -4.7650556735036244e-02
  48  1.0339708407694004e-04 -2.4165230773962994e-04 -7.8049442335179260e-04  1.8250822352045334e-03  0.0000000000000000e+00 -4.2207215126091699e-02
  49  3.2073751034864933e-04 -7.2759341166021809e-06  1.9211382757350882e-03 -5.4622526200990185e-04  0.0000000000000000e+00 -4.4888151666510660e-02
  50  2.2153877945128187e-05  2.7298300824264655e-04 -1.6489022892195425e-03 -1.2514695156961373e-03  0.0000000000000000e+00 -4.9966994949377411e-02
  51  7.7597409599580987e-05 -2.8538640173692654e-04 -2.3868689011310291e-04  1.9368283087118218e-03  0.0000000000000000e+00 -4.6741656699900970e-02
  52  4.2329547252595431e-04 -3.0835926370398514e-05  1.7614254123412940e-03 -1.0315957055238351e-03  0.0000000000000000e+00 -4.6985931604606845e-02
  53 -4.4810348212716426e-05  3.3891972275271176e-04 -1.8884682095474466e-03 -8.1785445015742915e-04  0.0000000000000000e+00 -5.1204506555000341e-02
  54  4.5331909667936569e-05 -3.4829751675802007e-04  3.0942185312705396e-04  1.9264755173395802e-03  0.0000000000000000e+00 -5.1900832012273322e-02
  55  5.2883288364705366e-04 -4.4985236232067752e-05  1.4724280353334892e-03 -1.4221920208652436e-03  0.0000000000000000e+00 -4.9628215797387687e-02
  56 -9.6751248186864177e-05  3.9207746411075141e-04 -1.9766124828670766e-03 -3.1318389265966149e-04  0.0000000000000000e+00 -5.1894323870343706e-02
  57  4.8257094457516194e-07 -3.8540826219004209e-04  8.2432821642743732e-04  1.7794249672080987e-03  0.0000000000000000e+00 -5.6959043733041358e-02
  58  5.9171694031430033e-04 -6.4435168618288171e-05  1.0461128382120561e-03 -1.6959959562005407e-03  0.0000000000000000e+00 -5.2744577937985045e-02
  59 -8.6251742644700169e-05  4.2516546084521396e-04 -1.9264418495098673e-03  2.3183959968527121e-04  0.0000000000000000e+00 -5.2956551799472909e-02
  60 -7.4846855967339998e-05 -3.6598779912961325e-04  1.2725437353015830e-03  1.4861743843318240e-03  0.0000000000000000e+00 -6.1232372913502524e-02
  61  5.9809792515282470e-04 -1.0786427107277478e-04  5.0689829841346363e-04 -1.8479794886847659e-03  0.0000000000000000e+00 -5.6116832952918694e-02
  62  4.4970333170822545e-06  4.4167706268710612e-04 -1.7587984482663670e-03  7.7059271390860179e-04  0.0000000000000000e+00 -5.5131520571849717e-02
  63 -1.7752443846074487e-04 -2.9234183003604781e-04  1.6246976310441443e-03  1.0622946650593222e-03  0.0000000000000000e+00 -6.4220716428104785e-02
  64  5.6178392964428316e-04 -1.7849126041516236e-04 -8.7396420764729809e-05 -1.8846531371783030e-03  0.0000000000000000e+00 -5.9705123715232920e-02
  65  1.4485488632458616e-04  4.3845280491581167e-04 -1.4829677360015624e-03  1.2465787689312903e-03  0.0000000000000000e+00 -5.8487207233283878e-02
  66 -2.7073163220549869e-04 -1.8776296064295527e-04  1.8542743723156739e-03  5.4508074477957957e-04  0.0000000000000000e+00 -6.5595182129330951e-02
  67  4.9301277901983012e-04 -2.5730912619689175e-04 -6.6317774840030260e-04 -1.8017688320736301e-03  0.0000000000000000e+00 -6.3530796775777179e-02
  68  2.8295789885402254e-04  4.0397326353904710e-04 -1.0957682252499847e-03  1.6073051306269637e-03  0.0000000000000000e+00 -6.2541383923801694e-02
  69 -3.0676146623924411e-04 -7.2150941381854771e-05  1.9381108917071736e-03 -1.9332954444024497e-05  0.0000000000000000e+00 -6.5660876405874813e-02
  70  3.8441574767576135e-04 -3.2051150242217227e-04 -1.1556348712799928e-03 -1.5795728664528912e-03  0.0000000000000000e+00 -6.7472229480710910e-02
  71  3.8731445878637080e-04  3.3376681093145338e-04 -6.0062565095149283e-04  1.8217451439299234e-03  0.0000000000000000e+00 -6.6790228615583438e-02
  72 -2.6590621439007112e-04  4.7145046954929836e-05  1.8639479097110503e-03 -5.8035882630117213e-04  0.0000000000000000e+00 -6.5583088517658886e-02
  73  2.3819010149659354e-04 -3.5779356458311997e-04 -1.5313185606569872e-03 -1.2143935308049480e-03  0.0000000000000000e+00 -7.1248460277307829e-02
  74  4.5943176642366563e-04  2.4390234544763428e-04 -2.9476806748837565e-05  1.8944835130381289e-03  0.0000000000000000e+00 -7.0889149490303491e-02
  75 -1.7405324453195710e-04  1.6128105048350699e-04  1.6373464672277253e-03 -1.0893029405669118e-03  0.0000000000000000e+00 -6.6601333054338463e-02
  76  9.0568363885417611e-05 -3.7293581873609847e-04 -1.7898890251003038e-03 -7.3622280883058869e-04  0.0000000000000000e+00 -7.4395206226536961e-02
  77  5.0589377562114033e-04  1.6559514545188504e-04  5.5716427718490737e-04  1.8466541151637174e-03  0.0000000000000000e+00 -7.4595685430264388e-02
  78 -7.8961993060815171e-05  2.4751472254210303e-04  1.2806510169848324e-03 -1.5039901514933376e-03  0.0000000000000000e+00 -6.9164708061728961e-02
  79 -4.4838211773805696e-06 -3.7320993247610756e-04 -1.9404277471384021e-03 -1.9650273041477129e-04  0.0000000000000000e+00 -7.6481733942454264e-02
  80  5.1339765033274075e-04  1.2107093929460716e-04  1.0888328602680162e-03  1.6845336842750502e-03  0.0000000000000000e+00 -7.7854560541926979e-02
  81 -1.3834148796488523e-05  2.8056026501051143e-04  8.2469453630078433e-04 -1.7906475077821393e-03  0.0000000000000000e+00 -7.3052122850301354e-02
  82 -1.6910977840235865e-05 -3.5860852297152845e-04 -1.9786677063847774e-03  3.4735445867973397e-04  0.0000000000000000e+00 -7.7564076891065703e-02
  83  4.6603962976945925e-04  1.0606218556977961e-04  1.5081602622569756e-03  1.4041424050831037e-03  0.0000000000000000e+00 -8.0657260013377072e-02
  84  2.0893169687704793e-05  2.5705255466599794e-04  3.0399672765096770e-04 -1.9346894391490497e-03  0.0000000000000000e+00 -7.7822453031582278e-02
  85  3.3585289425414358e-05 -3.2443172641076002e-04 -1.8848777871125148e-03  8.4728537659340666e-04  0.0000000000000000e+00 -7.8311101641859809e-02
  86  3.7662342613212864e-04  9.8788378836265977e-05  1.7889268635734911e-03  1.0112713568620113e-03  0.0000000000000000e+00 -8.2891505773701898e-02
  87  4.3088296773145688e-05  2.0715188159239133e-04 -2.4541532455471770e-04 -1.9430689491996989e-03  0.0000000000000000e+00 -8.2817488714934634e-02
  88  9.7564026895466936e-05 -2.7713809145862015e-04 -1.6432887610077415e-03  1.2724449260619847e-03  0.0000000000000000e+00 -7.9580458699975209e-02
  89  2.9011990338097639e-04  8.1432222518921626e-05  1.9369248456667602e-03  5.2626675738719556e-04  0.0000000000000000e+00 -8.4624710141411805e-02
  90  5.7894142873264989e-05  1.7617684388728042e-04 -7.8498429375216795e-04 -1.8265047644784695e-03  0.0000000000000000e+00 -8.7296726766739038e-02
  91  1.3336938358694364e-04 -2.4118494128219959e-04 -1.2613024813899990e-03  1.6032459651854141e-03  0.0000000000000000e+00 -8.1881662657878468e-02
  92  2.6007335849687546e-04  5.1904396637765705e-05  1.9745050190247940e-03 -1.3672692688952913e-05  0.0000000000000000e+00 -8.6199840903037644e-02
  93  4.9130450201598981e-05  1.9244024773754946e-04 -1.2684895774953044e-03 -1.5904958639702598e-03  0.0000000000000000e+00 -9.0774286713182953e-02
  94  1.2902350072839053e-04 -2.4450621827249417e-04 -7.7284226234810530e-04  1.8262004632345643e-03  0.0000000000000000e+00 -8.5329042303386393e-02
  95  3.1161061287450753e-04  2.0311837789007432e-05  1.9154621863972906e-03 -5.5455201698822521e-04  0.0000000000000000e+00 -8.7952252344728338e-02
  96  3.0713261213637599e-06  2.5053208362803286e-04 -1.6477851404296390e-03 -1.2443907262745693e-03  0.0000000000000000e+00 -9.3084409447165103e-02
  97  1.0057574634713318e-04 -2.9373996737657300e-04 -2.2856742602307255e-04  1.9346662754230399e-03  0.0000000000000000e+00 -8.9829308057527701e-02
  98  4.2012807477688426e-04 -3.0505831037648308e-06  1.7496873021461247e-03 -1.0406315204797101e-03  0.0000000000000000e+00 -9.0129296598954620e-02
  99 -6.6932316338259016e-05  3.2247729995840615e-04 -1.8871953221449315e-03 -8.0572206708206390e-04  0.0000000000000000e+00 -9.4302914537800001e-02
 100  6.5035578939809534e-05 -3.6200433452847065e-04  3.2093002867055148e-04  1.9216693805036028e-03  0.0000000000000000e+00 -9.4972311223774308e-02
 101  5.3179299362420733e-04 -1.8554425152256545e-05  1.4554427203892707e-03 -1.4310009446687809e-03  0.0000000000000000e+00 -9.2882362571249058e-02
 102 -1.2007837702828618e-04  3.8264261006033172e-04 -1.9745277409019871e-03 -2.9703926358492334e-04  0.0000000000000000e+00 -9.4954366936948323e-02
 103  1.6263446072351237e-05 -4.0457788674616075e-04  8.3480746757138213e-04  1.7718143781665118e-03  0.0000000000000000e+00 -1.0005354119300051e-01
 104  6.0083155632514840e-04 -3.9924746047129462e-05  1.0248335632386688e-03 -1.7027192937890422e-03  0.0000000000000000e+00 -9.6094105509823710e-02
 105 -1.0982678710698722e-04  4.2331917440838597e-04 -1.9216821850541706e-03  2.4991056090398569e-04  0.0000000000000000e+00 -9.5975467479711307e-02
 106 -6.3218949874539393e-05 -3.9108073968434050e-04  1.2797135167959936e-03  1.4751244462274499e-03  0.0000000000000000e+00 -1.0440125214681610e-01
 107  6.1347295774382739e-04 -8.4113411051678344e-05  4.8238220358795683e-04 -1.8508995176295506e-03  0.0000000000000000e+00 -9.9519875283681836e-02
 108 -2.0237375132752230e-05  4.4733968694281312e-04 -1.7491792837723411e-03  7.8830291455200222e-04  0.0000000000000000e+00 -9.8134422219990039e-02
 109 -1.6886887925337038e-04 -3.2388911760126385e-04  1.6281458103008788e-03  1.0478116539979901e-03  0.0000000000000000e+00 -1.0750847459995301e-01
 110  5.8300428966379710e-04 -1.5288024670454572e-04 -1.1373832620770934e-04 -1.8830375548621349e-03  0.0000000000000000e+00 -1.0310694960376583e-01
 111  1.1681432776370482e-04  4.5033638255488455e-04 -1.4675733110636169e-03  1.2622230496717416e-03  0.0000000000000000e+00 -1.0151592695535473e-01
 112 -2.6243641973075645e-04 -2.2564021916277600e-04  1.8558911116347656e-03  5.2836864225777103e-04  0.0000000000000000e+00 -1.0901879521787119e-01
 113  5.1826192878883025e-04 -2.2747037132668876e-04 -6.8948895494679962e-04 -1.7957928183133757e-03  0.0000000000000000e+00 -1.0688334916360995e-01
 114  2.5010602478385205e-04  4.1929409213451352e-04 -1.0760263449148704e-03  1.6197801315300229e-03  0.0000000000000000e+00 -1.0564009156791188e-01
 115 -2.9651832645555916e-04 -1.1502328134740498e-04  1.9407098153779183e-03 -3.5945255957812226e-05  0.0000000000000000e+00 -1.0919314513561006e-01
 116  4.1119246447390037e-04 -2.8645556788214855e-04 -1.1796132124276611e-03 -1.5703672682129799e-03  0.0000000000000000e+00 -1.1074745081826921e-01
 117  3.5018864037789571e-04  3.4919123027607902e-04 -5.7982282682393920e-04  1.8305000392428734e-03  0.0000000000000000e+00 -1.0999788106654763e-01
 118 -2.5386696640214787e-04  1.4693602352057508e-06  1.8689429591792503e-03 -5.9430285660017231e-04  0.0000000000000000e+00 -1.0914997679916674e-01
 119  2.6497255922084540e-04 -3.2201189938048033e-04 -1.5505343197700703e-03 -1.2037050211860059e-03  0.0000000000000000e+00 -1.1442570845063359e-01
 120  4.2021654055508106e-04  2.5748756054128091e-04 -1.0738116675592713e-05  1.8993869523365324e-03  0.0000000000000000e+00 -1.1421540692309684e-01
 121 -1.6246679054946029e-04  1.1486370995245917e-04  1.6437689303872905e-03 -1.0990504109469315e-03  0.0000000000000000e+00 -1.1011755580989022e-01
 122  1.1713114900865633e-04 -3.3843293006865908e-04 -1.8024064282765374e-03 -7.2509705360164294e-04  0.0000000000000000e+00 -1.1747149008807885e-01
 123  4.6687994396413848e-04  1.7759839435697674e-04  5.7261440042020691e-04  1.8474638997052742e-03  0.0000000000000000e+00 -1.1799854558416013e-01
 124 -6.9953092804972528e-05  2.0178758161017521e-04  1.2863018976624029e-03 -1.5095609210353683e-03  0.0000000000000000e+00 -1.1257495223044527e-01
 125  2.2239419163755909e-05 -3.4197139283787621e-04 -1.9456875716789351e-03 -1.8494888114256369e-04  0.0000000000000000e+00 -1.1949422200637362e-01
 126  4.7620750819723834e-04  1.3313658042768064e-04  1.1014423584846480e-03  1.6811783323085216e-03  0.0000000000000000e+00 -1.2125260581013426e-01
 127 -8.2617758871870771e-06  2.3645803583963865e-04  8.2788544470817371e-04 -1.7933729533468066e-03  0.0000000000000000e+00 -1.1633721756538046e-01
 128  1.0538384625537664e-05 -3.3168123891725773e-04 -1.9778299183298557e-03  3.5940402554539833e-04  0.0000000000000000e+00 -1.2056713577966378e-01
 129  4.3175917613790676e-04  1.2016344133870012e-04  1.5187752114625799e-03  1.3972967154760644e-03  0.0000000000000000e+00 -1.2396938979747653e-01
 130  2.3032684150797222e-05  2.1511213241168394e-04  3.0448365864324984e-04 -1.9363054558083409e-03  0.0000000000000000e+00 -1.2099158325806841e-01
 131  6.2253388446731027e-05 -3.0262455544370626e-04 -1.8799959611606647e-03  8.5912229589541909e-04  0.0000000000000000e+00 -1.2133994480016344e-01
 132  3.4603316285667008e-04  1.1642582243266697e-04  1.7976041039413496e-03  1.0021603014873364e-03  0.0000000000000000e+00 -1.2606898134938735e-01
 133  4.1594116683248162e-05  1.6754956214898100e-04 -2.4654473986174160e-04 -1.9443579540247414e-03  0.0000000000000000e+00 -1.2590211389674560e-01
 134  1.2740166312233140e-04 -2.6116515579172235e-04 -1.6359564865700918e-03  1.2825755517550479e-03  0.0000000000000000e+00 -1.2263756673989090e-01
 135  2.6387467856653747e-04  1.0319259815740591e-04  1.9424254671131067e-03  5.1602881011108886e-04  0.0000000000000000e+00 -1.2766098517282079e-01
 136  5.1840519567455498e-05  1.3909265255454247e-04 -7.8615364399454535e-04 -1.8264848689909931e-03  0.0000000000000000e+00 -1.3033544319629925e-01
 137  1.6350790258470928e-04 -2.3136636694218632e-04 -1.2517951263792027e-03  1.6099884191710387e-03  0.0000000000000000e+00 -1.2494172541262810e-01
 138  2.3882934857515070e-04  7.7495341552880220e-05  1.9747989906606931e-03 -2.4503421448796478e-05  0.0000000000000000e+00 -1.2913712511407224e-01
 139  3.7558754344379471e-05  1.5846988915017859e-04 -1.2686678757512291e-03 -1.5869435107982515e-03  0.0000000000000000e+00 -1.3379504701438752e-01
 140  1.5813791286744505e-04 -2.4068902970350697e-04 -7.6042901856021789e-04  1.8285091373663200e-03  0.0000000000000000e+00 -1.2835734000741902e-01
 141  2.9594540885886933e-04  4.8698034206504783e-05  1.9088855690264730e-03 -5.6600210834373483e-04  0.0000000000000000e+00 -1.3087414559336993e-01
 142 -1.3819673968732996e-05  2.2076760270403330e-04 -1.6469499281213482e-03 -1.2353242708448731e-03  0.0000000000000000e+00 -1.3609425921834842e-01
 143  1.2747018620157925e-04 -2.9548801620432521e-04 -2.1286409729210477e-04  1.9325921577249168e-03  0.0000000000000000e+00 -1.3280375221011345e-01
 144  4.1032327944311598e-04  2.6309910324204701e-05  1.7357874698864684e-03 -1.0525615232701863e-03  0.0000000000000000e+00 -1.3311638662813427e-01
 145 -8.7346439544054433e-05  2.9828730902548592e-04 -1.8857046876634930e-03 -7.9052369401269324e-04  0.0000000000000000e+00 -1.3728590023094678e-01
 146  8.8674962359675278e-05 -3.6886302984584193e-04  3.3868519228003155e-04  1.9156258246657125e-03  0.0000000000000000e+00 -1.3789672517447937e-01
 147  5.2779256231657548e-04  9.6403315816080900e-06  1.4348455644080571e-03 -1.4422848006871098e-03  0.0000000000000000e+00 -1.3596660852090256e-01
 148 -1.4143361524048505e-04  3.6529993394219867e-04 -1.9719700160735166e-03 -2.7678504800938937e-04  0.0000000000000000e+00 -1.3788630511978001e-01
 149  3.5600274915151670e-05 -4.1646719245554381e-04  8.5168803979630348e-04  1.7615640925629325e-03  0.0000000000000000e+00 -1.4295996731310714e-01
 150  6.0261090419064440e-04 -1.4125496282630818e-05  9.9870755789631675e-04 -1.7112836253872312e-03  0.0000000000000000e+00 -1.3926150602444928e-01
 151 -1.3057615487620884e-04  4.1370275143592006e-04 -1.9163850573664107e-03  2.7266082898582067e-04  0.0000000000000000e+00 -1.3885084125909034e-01
 152 -4.8553041183213280e-05 -4.0863518554051250e-04  1.2926894008269021e-03  1.4602275175724334e-03  0.0000000000000000e+00 -1.4734332067802133e-01
 153  6.2144413306117966e-04 -5.9934159200342924e-05  4.5243067225209051e-04 -1.8549025539957634e-03  0.0000000000000000e+00 -1.4273770861172358e-01
 154 -4.1391054286552681e-05  4.4554987070045650e-04 -1.7388871995520541e-03  8.1047217034709994e-04  0.0000000000000000e+00 -1.4097675406642735e-01
 155 -1.5742649605844636e-04 -3.4808523781786250e-04  1.6360976513722630e-03  1.0287583800112651e-03  0.0000000000000000e+00 -1.5053802038919367e-01
 156  5.9720307750494455e-04 -1.2759006596859120e-04 -1.4522002388325168e-04 -1.8816867975230587e-03  0.0000000000000000e+00 -1.4633233029032866e-01
 157  9.2483399251241539e-05  4.5516278534496560e-04 -1.4510702679034336e-03  1.2813756421346310e-03  0.0000000000000000e+00 -1.4436568760751867e-01
 158 -2.5116635425890144e-04 -2.5682179201055400e-04  1.8602197684527326e-03  5.0692152338540351e-04  0.0000000000000000e+00 -1.5216555666098319e-01
 159  5.3715581463680950e-04 -1.9821878054644958e-04 -7.1992740356603083e-04 -1.7891390692165144e-03  0.0000000000000000e+00 -1.5007349407310813e-01
 160  2.2048365636343970e-04  4.2811786044582391e-04 -1.0544796742646078e-03  1.6344661387610220e-03  0.0000000000000000e+00 -1.4854452305205224e-01
 161 -2.8290383202240679e-04 -1.5222693788719493e-04  1.9441146871219865e-03 -5.6955225194990110e-05  0.0000000000000000e+00 -1.5245254970088606e-01
 162  4.3246155615628702e-04 -2.5266705196655707e-04 -1.2064906432814756e-03 -1.5595401944755118e-03  0.0000000000000000e+00 -1.5387071017937926e-01
 163  3.1546898629679208e-04  3.5898169371199732e-04 -5.5658949701184967e-04  1.8403180543030578e-03  0.0000000000000000e+00 -1.5300298060139336e-01
 164 -2.3821367038358082e-04 -3.9845555701449682e-05  1.8731752688597998e-03 -6.1194989452597172e-04  0.0000000000000000e+00 -1.5247127165406010e-01
 165  2.8732402160666713e-04 -2.8573373580240694e-04 -1.5716312236974425e-03 -1.1907023933689202e-03  0.0000000000000000e+00 -1.5745207960545132e-01
 166  3.8238842422066267e-04  2.6653475141756654e-04  1.0645795932025958e-05  1.9045560742419819e-03  0.0000000000000000e+00 -1.5733758132381129e-01
 167 -1.4732418569112816e-04  7.1302277273502338e-05  1.6484511520589249e-03 -1.1116083659232022e-03  0.0000000000000000e+00 -1.5342480067316974e-01
 168  1.4054607789918625e-04 -3.0254437775673325e-04 -1.8159990558790757e-03 -7.1130907360723232e-04  0.0000000000000000e+00 -1.6039003341702215e-01
 169  4.2806117177987595e-04  1.8614833398560544e-04  5.9044440774343242e-04  1.8478752217858994e-03  0.0000000000000000e+00 -1.6120324888334286e-01
 170 -5.7694263370753734e-05  1.5733757839179194e-04  1.2897134907132303e-03 -1.5169410935448675e-03  0.0000000000000000e+00 -1.5580840373982022e-01
 171  4.7163668268079663e-05 -3.0856241510907940e-04 -1.9511897529611783e-03 -1.7065669095352911e-04  0.0000000000000000e+00 -1.6234272425072874e-01
 172  4.3793631184329542e-04  1.4264204939078696e-04  1.1158555892322487e-03  1.6766456791155590e-03  0.0000000000000000e+00 -1.6446507092198051e-01
 173  1.6894952627717511e-07  1.9213031326712510e-04  8.2856459078167158e-04 -1.7969018564397794e-03  0.0000000000000000e+00 -1.5946934201388280e-01
 174  3.7398546907769055e-05 -3.0194434791701086e-04 -1.9762234122403725e-03  3.7412575867659968e-04  0.0000000000000000e+00 -1.6340961383917679e-01
 175  3.9525417466811682e-04  1.3238431821576348e-04  1.5305455245617841e-03  1.3883815394379597e-03  0.0000000000000000e+00 -1.6711017381146245e-01
 176  2.7723667301056468e-05  1.7167972966697974e-04  3.0229260062337310e-04 -1.9378718249992036e-03  0.0000000000000000e+00 -1.6402380022596830e-01
 177  9.1266543558107057e-05 -2.7753296695638474e-04 -1.8732097935576667e-03  8.7349606036403969e-04  0.0000000000000000e+00 -1.6422276764681576e-01
 178  3.1242610430405241e-04  1.3274393210481038e-04  1.8068660030692357e-03  9.9012871189463293e-04  0.0000000000000000e+00 -1.6908610326882353e-01
 179  4.2434653464643556e-05  1.2552478286605767e-04 -2.5037487511008578e-04 -1.9449413039509147e-03  0.0000000000000000e+00 -1.6885932565424544e-01
 180  1.5825807658607330e-04 -2.4165121073732294e-04 -1.6256179261473511e-03  1.2949864726113345e-03  0.0000000000000000e+00 -1.6556770878000118e-01
 181  2.3426021852297006e-04  1.2418707184961320e-04  1.9480083013717669e-03  5.0223525539881903e-04  0.0000000000000000e+00 -1.7054298088245784e-01
 182  4.7831557329997599e-05  9.8952346168144047e-05 -7.8977935283874499e-04 -1.8251635325900511e-03  0.0000000000000000e+00 -1.7325169570387491e-01
 183  1.9516498770743979e-04 -2.1794807224965969e-04 -1.2383224075739644e-03  1.6185153386381042e-03  0.0000000000000000e+00 -1.6788929628554278e-01
 184  2.1419806699689430e-04  1.0292104534213236e-04  1.9746003843228569e-03 -3.9156957559803066e-05  0.0000000000000000e+00 -1.7192167013594728e-01
 185  2.7573520058326785e-05  1.2095449861999696e-04 -1.2707261899148499e-03 -1.5814075815003320e-03  0.0000000000000000e+00 -1.7669554241066471e-01
 186  1.8917699525806297e-04 -2.3325151440689205e-04 -7.4326916792408302e-04  1.8318225694678978e-03  0.0000000000000000e+00 -1.7127695748861843e-01
 187  2.7690176542645103e-04  7.7515391664302911e-05  1.9010010648596689e-03 -5.8112794978373156e-04  0.0000000000000000e+00 -1.7364205896936954e-01
 188 -2.9571117451565111e-05  1.8697398773061724e-04 -1.6472048739925307e-03 -1.2234894998101860e-03  0.0000000000000000e+00 -1.7898289404583193e-01
 189  1.5657907576956785e-04 -2.9339630557433729e-04 -1.9183410438002336e-04  1.9305162824981542e-03  0.0000000000000000e+00 -1.7565994187308939e-01
 190  3.9687265512804463e-04  5.6512282613889536e-05  1.7194897102468880e-03 -1.0676877508822176e-03  0.0000000000000000e+00 -1.7594619832691324e-01
 191 -1.0669609732165799e-04  2.6958532142850526e-04 -1.8845233435770953e-03 -7.7174958747316426e-04  0.0000000000000000e+00 -1.8014203681540389e-01
 192  1.1454335758449670e-04 -3.7133396069106853e-04  3.6206141800896517e-04  1.9083769922919685e-03  0.0000000000000000e+00 -1.8068036632749004e-01
 193  5.1955052548828735e-04  3.8685219941796288e-05  1.4106421740074212e-03 -1.4560357257808211e-03  0.0000000000000000e+00 -1.7888618603027726e-01
 194 -1.6119022475266967e-04  3.4308419897562884e-04 -1.9691118540455105e-03 -2.5229920921366266e-04  0.0000000000000000e+00 -1.8068228590904814e-01
 195  5.6833954765587381e-05 -4.2324434650695060e-04  8.7403222090030766e-04  1.7487700946283297e-03  0.0000000000000000e+00 -1.8569518511614549e-01
 196  5.9947002505535715e-04  1.2069328602739365e-05  9.6794811570460480e-04 -1.7214145770323868e-03  0.0000000000000000e+00 -1.8225437685321200e-01
 197 -1.4879740380340618e-04  3.9905972101204635e-04 -1.9103473538568700e-03  2.9987391326800395e-04  0.0000000000000000e+00 -1.8158100244090372e-01
 198 -3.2421209794391386e-05 -4.2052287555938264e-04  1.3104440438691924e-03  1.4415943816830871e-03  0.0000000000000000e+00 -1.9008251440649970e-01
 199  6.2409549277100669e-04 -3.6065733348839148e-05  4.1737057735266207e-04 -1.8595725947945945e-03  0.0000000000000000e+00 -1.8577587289589653e-01
 200 -5.9280236826271777e-05  4.3870503201320552e-04 -1.7274312805118054e-03  8.3672324506814865e-04  0.0000000000000000e+00 -1.8366476513846366e-01
 201 -1.4464852651506225e-04 -3.6644892585052560e-04  1.6476844701946460e-03  1.0052195244227562e-03  0.0000000000000000e+00 -1.9333474162963044e-01
 202  6.0605577646810356e-04 -1.0321554933358054e-04 -1.8151395764290295e-04 -1.8801528793340062e-03  0.0000000000000000e+00 -1.8938081291544920e-01
 203  7.1605081906575207e-05  4.5492817649400941e-04 -1.4328500791117200e-03  1.3036650506730028e-03  0.0000000000000000e+00 -1.8704996314569405e-01
 204 -2.3826269364899883e-04 -2.8238475923034033e-04  1.8666723976961160e-03  4.8076310558457243e-04  0.0000000000000000e+00 -1.9505602095635638e-01
 205  5.5089699885090069e-04 -1.7017707084141209e-04 -7.5421380199666298e-04 -1.7813743217871237e-03  0.0000000000000000e+00 -1.9309394601589769e-01
 206  1.9406160271988752e-04  4.3200540655645431e-04 -1.0305363904031747e-03  1.6510460852834097e-03  0.0000000000000000e+00 -1.9127194597729044e-01
 207 -2.6721469932033541e-04 -1.8431604433197574e-04  1.9479286463006623e-03 -8.2420147320147713e-05  0.0000000000000000e+00 -1.9544882218478252e-01
 208  4.4897636618812113e-04 -2.2003610178652239e-04 -1.2359834296714182e-03 -1.5466532901388572e-03  0.0000000000000000e+00 -1.9682993056441031e-01
 209  2.8351209873456071e-04  3.6432900043164852e-04 -5.3035981679688338e-04  1.8508842908059933e-03  0.0000000000000000e+00 -1.9582181979102770e-01
 210 -2.2028189862304616e-04 -7.6798773493680760e-05  1.8761975278359117e-03 -6.3344415788950121e-04  0.0000000000000000e+00 -1.9554363229577973e-01
 211  3.0565326742140048e-04 -2.5027715123930903e-04 -1.5942546980550474e-03 -1.1748760828394764e-03  0.0000000000000000e+00 -2.0031482774228301e-01
 212  3.4677233445851461e-04  2.7205017776979598e-04  3.5284932811285750e-05  1.9096056212887520e-03  0.0000000000000000e+00 -2.0026677504051271e-01
 213 -1.3005707701340733e-04  3.1119791028832488e-05  1.6506944352386481e-03 -1.1271919893102930e-03  0.0000000000000000e+00 -1.9651002235994211e-01
 214  1.6102282202043138e-04 -2.6704076305042630e-04 -1.8302848353726282e-03 -6.9425627947573691e-04  0.0000000000000000e+00 -2.0314224160595784e-01
 215  3.9071674435663128e-04  1.9226888845592544e-04  6.1132170524490854e-04  1.8474214689553051e-03  0.0000000000000000e+00 -2.0421340936171389e-01
 216 -4.3733368174913255e-05  1.1512975384350298e-04  1.2899227877053625e-03 -1.5263809967316878e-03  0.0000000000000000e+00 -1.9884819662519174e-01
 217  7.0425257509145481e-05 -2.7515186681667032e-04 -1.9566717406514274e-03 -1.5302957750302359e-04  0.0000000000000000e+00 -2.0502491187321223e-01
 218  4.0024239607575578e-04  1.5072182349269871e-04  1.1327053381991021e-03  1.6704594153099854e-03  0.0000000000000000e+00 -2.0748867963736964e-01
 219  9.8146891413761204e-06  1.4889037973008090e-04  8.2567126328687336e-04 -1.8014682389268452e-03  0.0000000000000000e+00 -2.0243336689376512e-01
 220  6.3745040078590424e-05 -2.7188511346380847e-04 -1.9738260936280560e-03  3.9193232235017970e-04  0.0000000000000000e+00 -2.0609367299356549e-01
 221  3.5848798891533260e-04  1.4390337862429608e-04  1.5439298700030686e-03  1.3770185436083326e-03  0.0000000000000000e+00 -2.1007209627340542e-01
 222  3.3276313798053878e-05  1.2835087314317742e-04  2.9648795470519577e-04 -1.9395348229209596e-03  0.0000000000000000e+00 -2.0690970373650994e-01
 223  1.2051801864569130e-04 -2.5185240188722451e-04 -1.8647391045956191e-03  8.9050570321309017e-04  0.0000000000000000e+00 -2.0696283492644041e-01
 224  2.7801581481867862e-04  1.4878752777871970e-04  1.8168843388635528e-03  9.7496454405621440e-04  0.0000000000000000e+00 -2.1193453319736799e-01
 225  4.3936592420139001e-05  8.2938741642288609e-05 -2.5758435003610600e-04 -1.9447935688288811e-03  0.0000000000000000e+00 -2.1168684870571880e-01
 226  1.8969552010330624e-04 -2.2135361185520250e-04 -1.6126474706946975e-03  1.3094662794964063e-03  0.0000000000000000e+00 -2.0837316364317235e-01
 227  2.0367618187456117e-04  1.4514285395985854e-04  1.9535462907439463e-03  4.8483394450732429e-04  0.0000000000000000e+00 -2.1326625427171872e-01
 228  4.4309595745695097e-05  5.7887771335802985e-05 -7.9630598351900905e-04 -1.8223148084448107e-03  0.0000000000000000e+00 -2.1604938981054017e-01
 229  2.2751895818405365e-04 -2.0360784560112747e-04 -1.2213460995051776e-03  1.6284418685709851e-03  0.0000000000000000e+00 -2.1072652984693144e-01
 230  1.8867510771543964e-04  1.2848601823738272e-04  1.9736149597732759e-03 -5.7570560754666509e-05  0.0000000000000000e+00 -2.1455791087309922e-01
 231  1.7872187754986056e-05  8.2277311467248408e-05 -1.2749916671333900e-03 -1.5735657429383691e-03  0.0000000000000000e+00 -2.1948374651688132e-01
 232  2.2101299146982963e-04 -2.2470485722448375e-04 -7.2195261043813427e-04  1.8357912490339385e-03  0.0000000000000000e+00 -2.1409319936560336e-01
 233  2.5697134692812484e-04  1.0663652231234140e-04  1.8915716942113020e-03 -5.9977404601652660e-04  0.0000000000000000e+00 -2.1627107287058259e-01
 234 -4.5127224913234545e-05  1.5171792213224448e-04 -1.6488450811655449e-03 -1.2086693821215357e-03  0.0000000000000000e+00 -2.2176040744259970e-01
 235  1.8661000434125810e-04 -2.8979482060462381e-04 -1.6631410981753745e-04  1.9282852979059511e-03  0.0000000000000000e+00 -2.1841034822795438e-01
 236  3.8219329847485802e-04  8.7084225083039170e-05  1.7008117570187543e-03 -1.0857418039535932e-03  0.0000000000000000e+00 -2.1864227637330119e-01
 237 -1.2559912921250298e-04  2.3901032075259316e-04 -1.8838943301937941e-03 -7.4947350190463565e-04  0.0000000000000000e+00 -2.2288312349297679e-01
 238  1.4130676599524112e-04 -3.7161602840227832e-04  3.8989975149230591e-04  1.9000082232511926e-03  0.0000000000000000e+00 -2.2334621965735524e-01
 239  5.0939333038588241e-04  6.7944375516137268e-05  1.3831908800480521e-03 -1.4718565100137245e-03  0.0000000000000000e+00 -2.2167026079835220e-01
 240 -1.7982506117168425e-04  3.1859024167559306e-04 -1.9660585476056983e-03 -2.2403133065198962e-04  0.0000000000000000e+00 -2.2335730514559787e-01
 241  7.8681013918675336e-05 -4.2704746102531987e-04  9.0043485509174468e-04  1.7337386854487261e-03  0.0000000000000000e+00 -2.2829414924276248e-01
 242  5.9366364259047153e-04  3.8082147627748966e-05  9.3322920694685499e-04 -1.7326365035765354e-03  0.0000000000000000e+00 -2.2510539851716777e-01
 243 -1.6506069707024633e-04  3.8185361196637084e-04 -1.9034767653223535e-03  3.3079157603044116e-04  0.0000000000000000e+00 -2.2418615495671435e-01
 244 -1.5982969187941776e-05 -4.2883234398024628e-04  1.3315544749232528e-03  1.4197239218696688e-03  0.0000000000000000e+00 -2.3266422975280404e-01
 245  6.2358255333452937e-04 -1.2859546376961146e-05  3.7807740834371241e-04 -1.8644543867649686e-03  0.0000000000000000e+00 -2.2866712920875717e-01
 246 -7.4661007365279877e-05  4.2908117237909634e-04 -1.7145685328667508e-03  8.6619019847747098e-04  0.0000000000000000e+00 -2.2622514271509170e-01
 247 -1.3155392120325473e-04 -3.8094556730437697e-04  1.6617288442612129e-03  9.7782897724984748e-04  0.0000000000000000e+00 -2.3595088201870976e-01
 248  6.1151760114814624e-04 -7.9864521910367618e-05 -2.2171303374441642e-04 -1.8780820205763506e-03  0.0000000000000000e+00 -2.3228136573293398e-01
 249  5.3349104261552862e-05  4.5168132529500664e-04 -1.4126716341418676e-03  1.3283243502725613e-03  0.0000000000000000e+00 -2.2960210462445324e-01
 250 -2.2467047131369177e-04 -3.0406029488900350e-04  1.8744944446139394e-03  4.5059620496559153e-04  0.0000000000000000e+00 -2.3774474029163956e-01
 251  5.6116002586649710e-04 -1.4336451713001789e-04 -7.9154471868539845e-04 -1.7723123148528739e-03  0.0000000000000000e+00 -2.3596863265216775e-01
 252  1.7013032637802809e-04  4.3274497824965640e-04 -1.0041117220436202e-03  1.6689565129588842e-03  0.0000000000000000e+00 -2.3386105227169512e-01
 253 -2.5043478239740062e-04 -2.1268575216360047e-04  1.9518267572053306e-03 -1.1163064655829391e-04  0.0000000000000000e+00 -2.3823257793436289e-01
 254  4.6212513052565064e-04 -1.8872841815714681e-04 -1.2674212738270981e-03 -1.5317175902621459e-03  0.0000000000000000e+00 -2.3964536603042844e-01
 255  2.5388659749119914e-04  3.6676113490427092e-04 -5.0124466774600061e-04  1.8618184776598586e-03  0.0000000000000000e+00 -2.3849557422614717e-01
 256 -2.0117420846708133e-04 -1.1038012707320318e-04  1.8779566047632907e-03 -6.5813744167448880e-04  0.0000000000000000e+00 -2.3840826584219854e-01
 257  3.2108537550962207e-04 -2.1613762570593434e-04 -1.6178219980686871e-03 -1.1563814781953567e-03  0.0000000000000000e+00 -2.4303376317893408e-01
 258  3.1329690524485837e-04  2.7536357830447938e-04  6.2969017792590128e-05  1.9142495828038180e-03  0.0000000000000000e+00 -2.4304333540388806e-01
 259 -1.1189079032273482e-04 -6.2333607820777396e-06  1.6505216113495769e-03 -1.1452754311185654e-03  0.0000000000000000e+00 -2.3940420319954012e-01
 260  1.7944315541276834e-04 -2.3280524920771603e-04 -1.8447687163127215e-03 -6.7415745106861973e-04  0.0000000000000000e+00 -2.4575163463310545e-01
 261  3.5516570378553046e-04  1.9718471039332887e-04  6.3506063290069150e-04  1.8458745177128625e-03  0.0000000000000000e+00 -2.4706562026589271e-01
 262 -2.9370983853002301e-05  7.5053440169546782e-05  1.2869369965958662e-03 -1.5375272329637749e-03  0.0000000000000000e+00 -2.4171829252417343e-01
 263  9.2680042378774454e-05 -2.4297592704100663e-04 -1.9618239646547169e-03 -1.3232473522454025e-04  0.0000000000000000e+00 -2.4756983181403122e-01
 264  3.6383508632507514e-04  1.5855694680255830e-04  1.1518866553123629e-03  1.6625139200775246e-03  0.0000000000000000e+00 -2.5035470519326269e-01
 265  1.9358357527502968e-05  1.0702684554609721e-04  8.1924225608959991e-04 -1.8069149554344060e-03  0.0000000000000000e+00 -2.4525037965937183e-01
 266  9.0011851485497266e-05 -2.4302838074246981e-04 -1.9706304970625089e-03  4.1248822175579106e-04  0.0000000000000000e+00 -2.4865149443518964e-01
 267  3.2252251850401902e-04  1.5584500617976991e-04  1.5588733945192973e-03  1.3633185123210711e-03  0.0000000000000000e+00 -2.5288152281915915e-01
 268  3.8394604667303910e-05  8.5745990193995456e-05  2.8723262880231610e-04 -1.9412952525584201e-03  0.0000000000000000e+00 -2.4967095678785262e-01
 269  1.5020188100270255e-04 -2.2730578850136942e-04 -1.8549163313245107e-03  9.0969289285405981e-04  0.0000000000000000e+00 -2.4959111973694342e-01
 270  2.4412996689784661e-04  1.6554190510122870e-04  1.8275755738915685e-03  9.5703550018912912e-04  0.0000000000000000e+00 -2.5463783173420140e-01
 271  4.4850941961527543e-05  4.0674250628537845e-05 -2.6784549457746580e-04 -1.9439872228312984e-03  0.0000000000000000e+00 -2.5440890886801276e-01
 272  2.2164536916684108e-04 -2.0206322634109321e-04 -1.5976628873819376e-03  1.3254502005136462e-03  0.0000000000000000e+00 -2.5108096303663058e-01
 273  1.7359244624356809e-04  1.6680600796371311e-04  1.9588819388115341e-03  4.6441249125251765e-04  0.0000000000000000e+00 -2.5585507982439654e-01
 274  4.0133780569209383e-05  1.6995862377171954e-05 -8.0531237886155235e-04 -1.8180326309746397e-03  0.0000000000000000e+00 -2.5875556189559973e-01
 275  2.6024500778686917e-04 -1.9007391931959925e-04 -1.2016925721953216e-03  1.6391974882538540e-03  0.0000000000000000e+00 -2.5347692972588753e-01
 276  1.6375259234952593e-04  1.5463046276868695e-04  1.9716676388719071e-03 -7.9029402789527960e-05  0.0000000000000000e+00 -2.5707453421274296e-01
 277  7.5225894556358797e-06  4.3724259990711093e-05 -1.2810907732660182e-03 -1.5635789389589958e-03  0.0000000000000000e+00 -2.6218858078230561e-01
 278  2.5310939156052923e-04 -2.1664556337349546e-04 -6.9748670104558322e-04  1.8399870323864583e-03  0.0000000000000000e+00 -2.5682872007703322e-01
 279  2.3760676102050604e-04  1.3618037908116122e-04  1.8805550381119508e-03 -6.2119446330194384e-04  0.0000000000000000e+00 -2.5879572752382984e-01
 280 -6.1149198776475064e-05  1.1645450753268302e-04 -1.6516520275098893e-03 -1.1911976632793988e-03  0.0000000000000000e+00 -2.6445662834331524e-01
 281  2.1687891727276129e-04 -2.8617306308679769e-04 -1.3751208335746737e-04  1.9257254920186126e-03  0.0000000000000000e+00 -2.6108054850448470e-01
 282  3.6771621701365024e-04  1.1787721417093746e-04  1.6800014454734086e-03 -1.1060010091289998e-03  0.0000000000000000e+00 -2.6124374704174458e-01
 283 -1.4450644723978817e-04  2.0814902584400324e-04 -1.8837581444131719e-03 -7.2429626308727628e-04  0.0000000000000000e+00 -2.6553982316445179e-01
 284  1.6821360059179736e-04 -3.7119400514461708e-04  4.2078708733597086e-04  1.8906423490254618e-03  0.0000000000000000e+00 -2.6592673039692627e-01
 285  4.9879714846492204e-04  9.7140235506690099e-05  1.3531091351843127e-03 -1.4890756323433780e-03  0.0000000000000000e+00 -2.6436119234442002e-01
 286 -1.9777008241122270e-04  2.9347806096267535e-04 -1.9628319433997606e-03 -1.9287883219663539e-04  0.0000000000000000e+00 -2.6594368169398164e-01
 287  1.0042283569082120e-04 -4.2946466396780717e-04  9.2936582042159571e-04  1.7169034934662525e-03  0.0000000000000000e+00 -2.7079884310420937e-01
 288  5.8677152470086385e-04  6.3693816103173973e-05  8.9551714750170255e-04 -1.7443785836273957e-03  0.0000000000000000e+00 -2.6785959533682879e-01
 289 -1.7999380688805012e-04  3.6375315460988774e-04 -1.8957964784935965e-03  3.6430379978564929e-04  0.0000000000000000e+00 -2.6670115811229195e-01
 290  1.5981796586216843e-07 -4.3527624293419735e-04  1.3545639910009012e-03  1.3953476424093223e-03  0.0000000000000000e+00 -2.7514012645412744e-01
 291  6.2156266515714864e-04  9.6736976552689659e-06  3.3574633766948194e-04 -1.8691354459516934e-03  0.0000000000000000e+00 -2.7145713830628776e-01
 292 -8.8413112712360572e-05  4.1830861247764108e-04 -1.7003287492748044e-03  8.9773976564282902e-04  0.0000000000000000e+00 -2.6869594748839448e-01
 293 -1.1863324036171534e-04 -3.9333565813584652e-04  1.6770613916864258e-03  9.4754823838353393e-04  0.0000000000000000e+00 -2.7844636837597081e-01
 294  6.1522446544327164e-04 -5.7320953069863115e-05 -2.6458228791208195e-04 -1.8752604211758315e-03  0.0000000000000000e+00 -2.7507751307194134e-01
 295  3.6716554575012498e-05  4.4699471440575806e-04 -1.3906758645853409e-03  1.3543936017638173e-03  0.0000000000000000e+00 -2.7206419071081434e-01
 296 -2.1087271368607291e-04 -3.2354814846906728e-04  1.8829683527462973e-03  4.1752790959288571e-04  0.0000000000000000e+00 -2.8029747090402696e-01
 297  5.6949461635329396e-04 -1.1746095806940239e-04 -8.3081906247209976e-04 -1.7620032743683441e-03  0.0000000000000000e+00 -2.7873801494886863e-01
 298  1.4775409562912115e-04  4.3183518491646093e-04 -9.7558241266702350e-04  1.6875311042500358e-03  0.0000000000000000e+00 -2.7635831118713627e-01
 299 -2.3316728010848586e-04 -2.3888375216454100e-04  1.9555972856550963e-03 -1.4342268010986988e-04  0.0000000000000000e+00 -2.8087031000208473e-01
 300  4.7336043785260393e-04 -1.5849853962383561e-04 -1.2999181346329120e-03 -1.5151000597145999e-03  0.0000000000000000e+00 -2.8235537394141202e-01
 301  2.2583682459840698e-04  3.6767428505820893e-04 -4.6989000870214322e-04  1.8727475736666891e-03  0.0000000000000000e+00 -2.8107412574025975e-01
 302 -1.8166565493398190e-04 -1.4191365647964451e-04  1.8786712822595963e-03 -6.8491122495428530e-04  0.0000000000000000e+00 -2.8112633962236105e-01
 303  3.3494257312107959e-04 -1.8328889490627651e-04 -1.6416438479933827e-03 -1.1358607617720281e-03  0.0000000000000000e+00 -2.8564756739840608e-01
 304  2.8143574700913241e-04  2.7774202018182549e-04  9.2888838892329255e-05  1.9183205063381498e-03  0.0000000000000000e+00 -2.8571882688174577e-01
 305 -9.3726337599343341e-05 -4.1788974720677266e-05  1.6484378754203729e-03 -1.1648880174639305e-03  0.0000000000000000e+00 -2.8216035102970310e-01
 306  1.9692454894615580e-04 -2.0008633468800174e-04 -1.8589377461036220e-03 -6.5182359049783698e-04  0.0000000000000000e+00 -2.8826039599044728e-01
 307  3.2115596969158240e-04  2.0202903398879566e-04  6.6086223163518251e-04  1.8432285724554918e-03  0.0000000000000000e+00 -2.8981096644335635e-01
 308 -1.5544226892533484e-05  3.6421045650039429e-05  1.2814364767708389e-03 -1.5496549114193076e-03  0.0000000000000000e+00 -2.8446473814172296e-01
 309  1.1477270410859670e-04 -2.1254072331580701e-04 -1.9663614146855982e-03 -1.0942046838399173e-04  0.0000000000000000e+00 -2.9002440217997638e-01
 310  3.2878621683564034e-04  1.6716312439408299e-04  1.1727527690004709e-03  1.6530178940335771e-03  0.0000000000000000e+00 -2.9311170448493140e-01
 311  2.7899486245363230e-05  6.6201158741643716e-05  8.1009856117272524e-04 -1.8128318976429626e-03  0.0000000000000000e+00 -2.8796212499830726e-01
 312  1.1676034700490127e-04 -2.1609714963940184e-04 -1.9666719505564323e-03  4.3491083392475867e-04  0.0000000000000000e+00 -2.9113229368632054e-01
 313  2.8774704021302701e-04  1.6912139837386652e-04  1.5749301734711472e-03  1.3477738624840410e-03  0.0000000000000000e+00 -2.9558376262260044e-01
 314  4.2236313756205865e-05  4.3817940786062169e-05  2.7548259112850830e-04 -1.9430485646163393e-03  0.0000000000000000e+00 -2.9234759313128239e-01
 315  1.8064832127722205e-04 -2.0476774992795544e-04 -1.8441522731556781e-03  9.3020117156964767e-04  0.0000000000000000e+00 -2.9215496867949192e-01
 316  2.1137600436178439e-04  1.8380504692040519e-04  1.8386571543926346e-03  9.3713057757477132e-04  0.0000000000000000e+00 -2.9723904560642067e-01
 317  4.4395191845635587e-05 -1.1217641251446571e-06 -2.8010765888799015e-04 -1.9426561680844967e-03  0.0000000000000000e+00 -2.9706591043449226e-01
 318  2.5427696220826625e-04 -1.8469952443645065e-04 -1.5814292617472771e-03  1.3421440769200259e-03  0.0000000000000000e+00 -2.9373397591023376e-01
 319  1.4467850266851808e-04  1.8983009992122526e-04  1.9638425284393434e-03  4.4200021059989533e-04  0.0000000000000000e+00 -2.9835219950872649e-01
 320  3.4618438339945944e-05 -2.3464567843329423e-05 -8.1576081140042494e-04 -1.8126453587365518e-03  0.0000000000000000e+00 -3.0141197639490669e-01
 321  2.9340365744419259e-04 -1.7819794408226647e-04 -1.1804122830907839e-03  1.6501223704060760e-03  0.0000000000000000e+00 -2.9617889972779460e-01
 322  1.4002897472277994e-04  1.8183206008489072e-04  1.9686972193857437e-03 -1.0238209110659355e-04  0.0000000000000000e+00 -2.9951577208533764e-01
 323 -3.9976391581946884e-06  5.6377791348057201e-06 -1.2881490248095703e-03 -1.5519782178596464e-03  0.0000000000000000e+00 -3.0485308073634215e-01
 324  2.8543336478700033e-04 -2.0980419552824419e-04 -6.7113217173501462e-04  1.8439726029245444e-03  0.0000000000000000e+00 -2.9951902200210589e-01
 325  2.1930825842772533e-04  1.6643234590887689e-04  1.8680812592837407e-03 -6.4425752581129410e-04  0.0000000000000000e+00 -3.0126223367328675e-01
 326 -7.7975819694241978e-05  8.1627507168479275e-05 -1.6550312836086836e-03 -1.1718317160962317e-03  0.0000000000000000e+00 -3.0711550723212572e-01
 327  2.4725573596423020e-04 -2.8318856041444697e-04 -1.0683261825265009e-04  1.9226817386240049e-03  0.0000000000000000e+00 -3.0370574331981082e-01
 328  3.5392903526312148e-04  1.4900987500386089e-04  1.6574893669931998e-03 -1.1274608834904636e-03  0.0000000000000000e+00 -3.0379805446850927e-01
 329 -1.6365788231369901e-04  1.7757055159953948e-04 -1.8838293505268279e-03 -6.9721094376621121e-04  0.0000000000000000e+00 -3.0815685376868385e-01
 330  1.9506993085794341e-04 -3.7078258277593255e-04  4.5323975129007722e-04  1.8804432534487746e-03  0.0000000000000000e+00 -3.0846019182346157e-01
 331  4.8836265270672363e-04  1.2631198858839113e-04  1.3211922697009052e-03 -1.5068791377525054e-03  0.0000000000000000e+00 -3.0700742398273212e-01
 332 -2.1534409598821799e-04  2.6843930155094365e-04 -1.9594016002282420e-03 -1.6004362231427299e-04  0.0000000000000000e+00 -3.0848658155951464e-01
 333  1.2188954358692489e-04 -4.3139397163754161e-04  9.5936093187661421e-04  1.6987848559959053e-03  0.0000000000000000e+00 -3.1325349244343587e-01
 334  5.7958985642988137e-04  8.8992453594260342e-05  8.5595175744861271e-04 -1.7560636221176701e-03  0.0000000000000000e+00 -3.1056684240883470e-01
 335 -1.9416056159924123e-04  3.4553931481768528e-04 -1.8874510162405489e-03  3.9910056951504867e-04  0.0000000000000000e+00 -3.0917101405675795e-01
 336  1.5930995654522718e-05 -4.4096329784402456e-04  1.3781672535709195e-03  1.3693364099330691e-03  0.0000000000000000e+00 -3.1756146459765189e-01
 337  6.1900513413448081e-04  3.1772627337499263e-05  2.9173953632879508e-04 -1.8732926767838572e-03  0.0000000000000000e+00 -3.1419630607625060e-01
 338 -1.0134999960349219e-04  4.0723066498979881e-04 -1.6850050120787059e-03  9.3012171695430041e-04  0.0000000000000000e+00 -3.1112186540197290e-01
 339 -1.0590491535181794e-04 -4.0486973004211468e-04  1.6926771946990850e-03  9.1552070948990873e-04  0.0000000000000000e+00 -3.2087975691981663e-01
 340  6.1824006352367508e-04 -3.5195670085532259e-05 -3.0872997606649840e-04 -1.8716231599428096e-03  0.0000000000000000e+00 -3.1781857856274626e-01
 341  2.0789284642484191e-05  4.4177975545831515e-04 -1.3673525962419777e-03  1.3808511632101923e-03  0.0000000000000000e+00 -3.1448166235573144e-01
 342 -1.9695806359500964e-04 -3.4214987285555203e-04  1.8915094525534413e-03  3.8287440537228729e-04  0.0000000000000000e+00 -3.2277929442030012e-01
 343  5.7702700623639132e-04 -9.2016156333145995e-05 -8.7080229037735991e-04 -1.7506962845744583e-03  0.0000000000000000e+00 -3.2144978893585452e-01
 344  1.2606120408311907e-04  4.3026268299565433e-04 -9.4570502866755653e-04  1.7060916950658741e-03  0.0000000000000000e+00 -3.1881126412219435e-01
 345 -2.1568822953179671e-04 -2.6419719425844611e-04  1.9591424730741945e-03 -1.7641559602074808e-04  0.0000000000000000e+00 -3.2342996707319782e-01
 346  4.8386683077035047e-04 -1.2894144815354223e-04 -1.3325038601674931e-03 -1.4974173363452054e-03  0.0000000000000000e+00 -3.2500669089693757e-01
 347  1.9860017652588896e-04  3.6809354224752450e-04 -4.3732211647816861e-04  1.8833434325708374e-03  0.0000000000000000e+00 -3.2360748337732631e-01
 348 -1.6222599992508606e-04 -1.7261693172584324e-04  1.8787182741674708e-03 -7.1243825537287348e-04  0.0000000000000000e+00 -3.2376340741721132e-01
 349  3.4839984999630831e-04 -1.5145125961580310e-04 -1.6650166144317972e-03 -1.1142605166342791e-03  0.0000000000000000e+00 -3.2820388584507465e-01
 350  2.5054339145440322e-04  2.8016732489947679e-04  1.2385857414229370e-04  1.9217608764442900e-03  0.0000000000000000e+00 -3.2834558967480837e-01
 351 -7.6137688438305203e-05 -7.6618815734302376e-05  1.6452112643562788e-03 -1.1848690174745356e-03  0.0000000000000000e+00 -3.2483843676657242e-01
 352  2.1450060678243938e-04 -1.6876183325657487e-04 -1.8723246961836375e-03 -6.2841974762100781e-04  0.0000000000000000e+00 -3.3071933879949938e-01
 353  2.8820118409321759e-04  2.0766641901375388e-04  6.8756177530715447e-04  1.8396556005102634e-03  0.0000000000000000e+00 -3.3250333116497172e-01
 354 -2.8218561104388726e-06 -1.6155739957183534e-06  1.2744805365360551e-03 -1.5618800092752853e-03  0.0000000000000000e+00 -3.2714204488316040e-01
 355  1.3747729089197205e-04 -1.8387499249537307e-04 -1.9700657350159834e-03 -8.5561928158099182e-05  0.0000000000000000e+00 -3.3244320784422143e-01
 356  2.9484077706438565e-04  1.7726607079281956e-04  1.1943327166186329e-03  1.6424101387009541e-03  0.0000000000000000e+00 -3.3581365558911680e-01
 357  3.4941025974061860e-05  2.5820714121698675e-05  7.9951126620508611e-04 -1.8186938903069440e-03  0.0000000000000000e+00 -3.3061917618586317e-01
 358  1.4448762254886728e-04 -1.9125259925684929e-04 -1.9620407763850192e-03  4.5799990216793834e-04  0.0000000000000000e+00 -3.3359232178043657e-01
 359  2.5414791993482881e-04  1.8434577529168720e-04  1.5914143535931593e-03  1.3311288441991624e-03  0.0000000000000000e+00 -3.3823200994197822e-01
 360  4.4378930360241044e-05  2.1829136463382330e-06  2.6264499152429559e-04 -1.9446361775526005e-03  0.0000000000000000e+00 -3.3498804999963755e-01
 361  2.1217276299926921e-04 -1.8449020238130536e-04 -1.8329034217930338e-03  9.5095753275606788e-04  0.0000000000000000e+00 -3.3470905870251955e-01
 362  1.7988006404053540e-04  2.0411441610966219e-04  1.8497265422769231e-03  9.1628802409546176e-04  0.0000000000000000e+00 -3.3979087800777363e-01
 363  4.2209548080105303e-05 -4.2732606741920232e-05 -2.9292101237775303e-04 -1.9409693994398112e-03  0.0000000000000000e+00 -3.3970611228483849e-01
 364  2.8785155846779631e-04 -1.6952264652544087e-04 -1.5647756137199609e-03  1.3586553821175989e-03  0.0000000000000000e+00 -3.3638341078550682e-01
 365  1.1703368587453371e-04  2.1469630660395160e-04  1.9682628575740948e-03  4.1886425443071561e-04  0.0000000000000000e+00 -3.4081030662776057e-01
 366  2.7491892760315904e-05 -6.3776520826818313e-05 -8.2628390365274240e-04 -1.8066278159273989e-03  0.0000000000000000e+00 -3.4406814826847149e-01
 367  3.2728186233680560e-04 -1.6815580324002169e-04 -1.1586548538238661e-03  1.6605552829695156e-03  0.0000000000000000e+00 -3.3888003358575641e-01
 368  1.1744487054261350e-04  2.1051183926022190e-04  1.9647447110957925e-03 -1.2625738354607514e-04  0.0000000000000000e+00 -3.4193419348267218e-01
 369 -1.6832454094416319e-05 -3.2296045300479538e-05 -1.2950252627904643e-03 -1.5395343752167587e-03  0.0000000000000000e+00 -3.4752855644640718e-01
 370  3.1829288266002219e-04 -2.0423109728830074e-04 -6.4425825037526174e-04  1.8473562421136823e-03  0.0000000000000000e+00 -3.4220855012211809e-01
 371  2.0185715687833568e-04  1.9774216267108157e-04  1.8544217235365559e-03 -6.6764856629880230e-04  0.0000000000000000e+00 -3.4372248445377401e-01
 372 -9.5640295669375226e-05  4.6930977814804074e-05 -1.6581830105657776e-03 -1.1516039038566121e-03  0.0000000000000000e+00 -3.4979028783542693e-01
 373  2.7802017796783564e-04 -2.8082172460118407e-04 -7.5736425834018066e-05  1.9190487745211406e-03  0.0000000000000000e+00 -3.4632838852463577e-01
 374  3.4057928587816997e-04  1.8076978350834805e-04  1.6338420090186009e-03 -1.1490007235593514e-03  0.0000000000000000e+00 -3.4635605959022625e-01
 375 -1.8307880858952949e-04  1.4704030692368935e-04 -1.8837021703784133e-03 -6.6945763404291901e-04  0.0000000000000000e+00 -3.5078907803748133e-01
 376  2.2212494849054961e-04 -3.7042722307566460e-04  4.8582581150931900e-04  1.8696267258481827e-03  0.0000000000000000e+00 -3.5098931207502970e-01
 377  4.7795903474908975e-04  1.5572647503867281e-04  1.2883512988637509e-03 -1.5244281503874028e-03  0.0000000000000000e+00 -3.4965942478254752e-01
 378 -2.3272011211498571e-04  2.4334916763514068e-04 -1.9557362168573151e-03 -1.2690184335827345e-04  0.0000000000000000e+00 -3.5104093044970508e-01
 379  1.4336365243847489e-04 -4.3307287015385848e-04  9.8912302438212735e-04  1.6799738332170936e-03  0.0000000000000000e+00 -3.5570334189052899e-01
 380  5.7219993822980170e-04  1.1428598697998214e-04  8.1576855388062889e-04 -1.7671763030403351e-03  0.0000000000000000e+00 -3.5327823940143771e-01
 381 -2.0798887088528019e-04  3.2719590144947134e-04 -1.8787195106876168e-03  4.3378366354888427e-04  0.0000000000000000e+00 -3.5164848363300316e-01
 382  3.1683060814861178e-05 -4.4635433099897035e-04  1.4012899342806643e-03  1.3426507148837777e-03  0.0000000000000000e+00 -3.5997743141629734e-01
 383  6.1618701352705732e-04  5.3825266974549944e-05  2.4749400290246593e-04 -1.8767185192667358e-03  0.0000000000000000e+00 -3.5693619971053570e-01
 384 -1.1410762052273137e-04  3.9594078204644318e-04 -1.6691390788994463e-03  9.6206228550348443e-04  0.0000000000000000e+00 -3.5355238057719102e-01
 385 -9.3019619522148749e-05 -4.1617848640940685e-04  1.7077923714913516e-03  8.8298648744922681e-04  0.0000000000000000e+00 -3.6330544091210792e-01
 386  6.2099058454914929e-04 -1.3047580204691845e-05 -3.5270993846089926e-04 -1.8672483173442578e-03  0.0000000000000000e+00 -3.6055578052886972e-01
 387  4.8714301499127073e-06  4.3627396063419994e-04 -1.3434984682714638e-03  1.4066885106747856e-03  0.0000000000000000e+00 -3.5690167048092863e-01
 388 -1.8272250156328007e-04 -3.6060138414257154e-04  1.8996906283827715e-03  3.4803808910984760e-04  0.0000000000000000e+00 -3.6525010912870437e-01
 389  5.8433985151085121e-04 -6.6593785041220931e-05 -9.1022919434326059e-04 -1.7387977313309824e-03  0.0000000000000000e+00 -3.6415437008965168e-01
 390  1.0440819458259223e-04  4.2843944067454310e-04 -9.1553670824218972e-04  1.7239971084781747e-03  0.0000000000000000e+00 -3.6126635986646582e-01
 391 -1.9802674330264328e-04 -2.8943337889639762e-04  1.9624542662561124e-03 -2.0917101508684127e-04  0.0000000000000000e+00 -3.6597459220321749e-01
 392  4.9438858023801715e-04 -9.9658530132200102e-05 -1.3642115939059940e-03 -1.4794438004019411e-03  0.0000000000000000e+00 -3.6764928552463844e-01
 393  1.7159463393803589e-04  3.6856822768481967e-04 -4.0481949107603384e-04  1.8933378350310223e-03  0.0000000000000000e+00 -3.6614253887536635e-01
 394 -1.4306895011209021e-04 -2.0333813381911116e-04  1.8785403951575583e-03 -7.3936436694952161e-04  0.0000000000000000e+00 -3.6638176133152717e-01
 395  3.6227586071514234e-04 -1.2027443587446346e-04 -1.6872848829156441e-03 -1.0926837424002978e-03  0.0000000000000000e+00 -3.7075370554877696e-01
 396  2.2006954271703758e-04  2.8321282862806132e-04  1.5448919672108257e-04  1.9246069433823914e-03  0.0000000000000000e+00 -3.7097217449333469e-01
 397 -5.9397858923331813e-05 -1.1154559442046521e-04  1.6417063629518055e-03 -1.2040502764538749e-03  0.0000000000000000e+00 -3.6749739287433553e-01
 398  2.3290634612294133e-04 -1.3852955838733859e-04 -1.8845472122088361e-03 -6.0527226680878493e-04  0.0000000000000000e+00 -3.7318190881388824e-01
 399  2.5581183825586554e-04  2.1457896635864034e-04  7.1382131061381278e-04  1.8354605455101968e-03  0.0000000000000000e+00 -3.7519363683748935e-01
 400  8.5753668380843893e-06 -3.9772331465437324e-05  1.2672766468891875e-03 -1.5733153368629100e-03  0.0000000000000000e+00 -3.6980551247197702e-01
 401  1.6130980125901500e-04 -1.5672149634592415e-04 -1.9728041609218244e-03 -6.2149988428119752e-05  0.0000000000000000e+00 -3.7488221477933775e-01
 402  2.6164224601236394e-04  1.8921210268626362e-04  1.2155049415940027e-03  1.6312802021824203e-03  0.0000000000000000e+00 -3.7851352865121907e-01
 403  4.0360607149172070e-05 -1.4681292157479633e-05  7.8892694676389711e-04 -1.8239644683720442e-03  0.0000000000000000e+00 -3.7327393867670861e-01
 404  1.7347857875903586e-04 -1.6828137002580700e-04 -1.9568771046780411e-03  4.8043499698136347e-04  0.0000000000000000e+00 -3.7608857720058153e-01
 405  2.2151366884280799e-04  2.0176299590469104e-04  1.6075265993149507e-03  1.3142614270394318e-03  0.0000000000000000e+00 -3.8088085741393030e-01
 406  4.4781271489956171e-05 -3.9615752649850219e-05  2.5028620406837489e-04 -1.9458859760015910e-03  0.0000000000000000e+00 -3.7764300061745976e-01
 407  2.4495004447752216e-04 -1.6628313447222511e-04 -1.8216329612059674e-03  9.7083371338244951e-04  0.0000000000000000e+00 -3.7730954901348318e-01
 408  1.4947850075977190e-04  2.2668165133820202e-04  1.8603328590344947e-03  8.9564245534022027e-04  0.0000000000000000e+00 -3.8234947978413419e-01
 409  3.8315731341777199e-05 -8.4614056796027679e-05 -3.0471993289287147e-04 -1.9391106856792774e-03  0.0000000000000000e+00 -3.8238020937417416e-01
 410  3.2259083369563752e-04 -1.5630956500982084e-04 -1.5485161957664900e-03  1.3741108301776783e-03  0.0000000000000000e+00 -3.7908374480695062e-01
 411  9.0383651345961303e-05  2.4163670843719952e-04  1.9720100318722116e-03  3.9633148595119073e-04  0.0000000000000000e+00 -3.8328629560244959e-01
 412  1.8858334178964840e-05 -1.0450258001242940e-04 -8.3543831085949503e-04 -1.8005265997416179e-03  0.0000000000000000e+00 -3.8677652038871907e-01
 413  3.6224161135848452e-04 -1.5962196925103017e-04 -1.1375555820185802e-03  1.6699097894804632e-03  0.0000000000000000e+00 -3.8163305324331298e-01
 414  9.5496251488977357e-05  2.4094056681989607e-04  1.9599458932112448e-03 -1.4925083127040936e-04  0.0000000000000000e+00 -3.8438563920855762e-01
 415 -3.0778031734511458e-05 -7.0782313494543951e-05 -1.3005193080149803e-03 -1.5271415321159076e-03  0.0000000000000000e+00 -3.9027030712364574e-01
 416  3.5217511425262422e-04 -1.9946553306192415e-04 -6.1821270510717722e-04  1.8498355721273299e-03  0.0000000000000000e+00 -3.8494787206021974e-01
 417  1.8453616162932839e-04  2.3041937792638880e-04  1.8399613946442049e-03 -6.9004213703635175e-04  0.0000000000000000e+00 -3.8622986013691468e-01
 418 -1.1388634108482439e-04  1.1561857527752229e-05 -1.6602542575079977e-03 -1.1316860038375050e-03  0.0000000000000000e+00 -3.9253981355773337e-01
 419  3.0971292184242658e-04 -2.7852491131965276e-04 -4.5618838594155484e-05  1.9147945752322560e-03  0.0000000000000000e+00 -3.8899667373960090e-01
 420  3.2687442394040026e-04  2.1350858497138386e-04  1.6097203002540035e-03 -1.1695218294579860e-03  0.0000000000000000e+00 -3.8896876995897856e-01
 421 -2.0257327754313436e-04  1.1573850404104630e-04 -1.8829472442852956e-03 -6.4239217661206664e-04  0.0000000000000000e+00 -3.9349854195133682e-01
 422  2.4994728591925484e-04 -3.6961163093128421e-04  5.1726117102598513e-04  1.8584687020546580e-03  0.0000000000000000e+00 -3.9356073437191558e-01
 423  4.6687615757437777e-04  1.8577951596439440e-04  1.2555614998324314e-03 -1.5409535985131827e-03  0.0000000000000000e+00 -3.9236725189689114e-01
 424 -2.4988882739818407e-04  2.1743525718313951e-04 -1.9518541869995929e-03 -9.4892381285430175e-05  0.0000000000000000e+00 -3.9366934438994261e-01
 425  1.6547411121570839e-04 -4.3412939136633507e-04  1.0175878936932758e-03  1.6611214389361157e-03  0.0000000000000000e+00 -3.9819477134456538e-01
 426  5.6405865717823358e-04  1.4000738557573084e-04  7.7624075013676117e-04 -1.7773141498602305e-03  0.0000000000000000e+00 -3.9604431068342622e-01
 427 -2.2170379693487317e-04  3.0802606691933870e-04 -1.8700326555158759e-03  4.6695179988076705e-04  0.0000000000000000e+00 -3.9419295044664343e-01
 428  4.8096145129953047e-05 -4.5125579682686340e-04  1.4231273032281231e-03  1.3163075876494858e-03  0.0000000000000000e+00 -4.0243532473354060e-01
 429  6.1272455994564978e-04  7.6271884453591016e-05  2.0445983265351451e-04 -1.8793366703515602e-03  0.0000000000000000e+00 -3.9972810961085881e-01
 430 -1.2705588240089229e-04  3.8385053212391739e-04 -1.6535118423838461e-03  9.9232498339770956e-04  0.0000000000000000e+00 -3.9604143982594425e-01
 431 -7.9358971134430042e-05 -4.2721389420108733e-04  1.7218595335555223e-03  8.5122516832810725e-04  0.0000000000000000e+00 -4.0577327307047895e-01
 432  6.2324364485284267e-04  9.5146199243687094e-06 -3.9508657076756624e-04 -1.8623457548463576e-03  0.0000000000000000e+00 -4.0334069695041919e-01
 433 -1.1409523439481553e-05  4.3006099680269845e-04 -1.3201815504904600e-03  1.4309520432449422e-03  0.0000000000000000e+00 -3.9937313699065408e-01
 434 -1.6775643314611985e-04 -3.7896487342455254e-04  1.9072338677087206e-03  3.1442121269456157e-04  0.0000000000000000e+00 -4.0776318892760066e-01
 435  5.9139759244749147e-04 -4.0878219887718064e-05 -9.4786979604720748e-04 -1.7268284492506500e-03  0.0000000000000000e+00 -4.0690284076778288e-01
 436  8.2491751279744463e-05  4.2617196120513364e-04 -8.8636890388791841e-04  1.7406653097528950e-03  0.0000000000000000e+00 -4.0376879762287365e-01
 437 -1.8002649166091303e-04 -3.1476280066998941e-04  1.9655739933381552e-03 -2.4030902407459756e-04  0.0000000000000000e+00 -4.0855964478424550e-01
 438  5.0509998520427673e-04 -7.0373036981621851e-05 -1.3941367063634602e-03 -1.4620270343538987e-03  0.0000000000000000e+00 -4.1033365692408102e-01
 439  1.4454901469215922e-04  3.6909260608275566e-04 -3.7381091415479242e-04  1.9025231637460366e-03  0.0000000000000000e+00 -4.0872219482505895e-01
 440 -1.2418386610951951e-04 -2.3435459118939826e-04  1.8785604713051473e-03 -7.6444503869353057e-04  0.0000000000000000e+00 -4.0903672002805413e-01
 441  3.7686096693260611e-04 -8.9462822147044256e-05 -1.7078862755778596e-03 -1.0722615672443380e-03  0.0000000000000000e+00 -4.1334800912298353e-01
 442  1.8971404936955985e-04  2.8693202466792764e-04  1.8332138439340186e-04  1.9269700423554330e-03  0.0000000000000000e+00 -4.1364144469075764e-01
 443 -4.3488403289853743e-05 -1.4691175317267522e-04  1.6387425706044494e-03 -1.2213955601678697e-03  0.0000000000000000e+00 -4.1019081645593225e-01
 444  2.5239119774779723e-04 -1.0903702066915257e-04 -1.8953351597040247e-03 -5.8370527942411081e-04  0.0000000000000000e+00 -4.1570022389744382e-01
 445  2.2366531024798708e-04  2.2274630796338151e-04  7.3827453382592782e-04  1.8310402633157491e-03  0.0000000000000000e+00 -4.1792684524188628e-01
 446  1.8774900573362926e-05 -7.8391775941048368e-05  1.2609843967706562e-03 -1.5831893295283469e-03  0.0000000000000000e+00 -4.1250672581516529e-01
 447  1.8635455947058508e-04 -1.3066327236789944e-04 -1.9745369526384870e-03 -4.0561811484752495e-05  0.0000000000000000e+00 -4.1739431983503350e-01
 448  2.2889671229011122e-04  2.0285473477378216e-04  1.2351267733661793e-03  1.6202954406793915e-03  0.0000000000000000e+00 -4.2125942484296586e-01
 449  4.4410928571272090e-05 -5.5609633979138273e-05  7.7972908305070721e-04 -1.8281728181973925e-03  0.0000000000000000e+00 -4.1597615898613000e-01
 450  2.0365675982210010e-04 -1.4671286245522162e-04 -1.9513521879741111e-03  5.0094667466109289e-04  0.0000000000000000e+00 -4.1867413215152588e-01
 451  1.8958192842037134e-04  2.2114377276205821e-04  1.6224483060743478e-03  1.2980730119156610e-03  0.0000000000000000e+00 -4.2358194334989480e-01
 452  4.3782374586388792e-05 -8.1879162833239846e-05  2.3987060498991693e-04 -1.9466379520452790e-03  0.0000000000000000e+00 -4.2036094991933726e-01
 453  2.7887737937597662e-04 -1.4962410078577890e-04 -1.8107569017577461e-03  9.8879077538188069e-04  0.0000000000000000e+00 -4.2000948830059320e-01
 454  1.1985700417258414e-04  2.5128649249405956e-04  1.8700305166107752e-03  8.7627953088274997e-04  0.0000000000000000e+00 -4.2496984123039205e-01
 455  3.3115466640313647e-05 -1.2716590646597310e-04 -3.1408362648050804e-04 -1.9372519138917711e-03  0.0000000000000000e+00 -4.2513694675201052e-01
 456  3.5853153751335293e-04 -1.4446338613979270e-04 -1.5333564785253656e-03  1.3877654599214182e-03  0.0000000000000000e+00 -4.2188841780002223e-01
 457  6.4231837586194632e-05  2.7052002486808270e-04  1.9750017467195236e-03  3.7561733066869888e-04  0.0000000000000000e+00 -4.2583660329407536e-01
 458  9.1951463454973127e-06 -1.4624869490169665e-04 -8.4194168057705329e-04 -1.7948824530199400e-03  0.0000000000000000e+00 -4.2958802787165790e-01
 459  3.9855735933581394e-04 -1.5188599402132352e-04 -1.1181068969113753e-03  1.6777459202673285e-03  0.0000000000000000e+00 -4.2449202738039415e-01
 460  7.3409866812126472e-05  2.7311514689477189e-04  1.9545234669511068e-03 -1.7010335186543567e-04  0.0000000000000000e+00 -4.2692481463352677e-01
 461 -4.5284639102139837e-05 -1.1067661550858257e-04 -1.3035658548719831e-03 -1.5156984085060695e-03  0.0000000000000000e+00 -4.3313320922107368e-01
 462  3.8757829099566406e-04 -1.9465774886078427e-04 -5.9417876960838408e-04  1.8512376953041748e-03  0.0000000000000000e+00 -4.2779078240549911e-01
 463  1.6631699427376855e-04  2.6460608664030579e-04  1.8251711899663682e-03 -7.1026405867469602e-04  0.0000000000000000e+00 -4.2883533321713974e-01
 464 -1.3215966943423314e-04 -2.5549930112233556e-05 -1.6604786258295457e-03 -1.1132508592462109e-03  0.0000000000000000e+00 -4.3542435303357363e-01
 465  3.4298286751820157e-04 -2.7533441812107440e-04 -1.7679201120884322e-05  1.9099785992102590e-03  0.0000000000000000e+00 -4.3176273344651750e-01
 466  3.1165316833555698e-04  2.4751905421965749e-04  1.5858348604510450e-03 -1.1880742086059219e-03  0.0000000000000000e+00 -4.3168407709298129e-01
 467 -2.2169293022415400e-04  8.2459843019892789e-05 -1.8811963114628444e-03 -6.1735134614357813e-04  0.0000000000000000e+00 -4.3635090677924815e-01
 468  2.7929688552891268e-04 -3.6733646506038805e-04  5.4650935298024208e-04  1.8473045893084967e-03  0.0000000000000000e+00 -4.3622426134705528e-01
 469  4.5395279311466431e-04  2.1688248873815810e-04  1.2238041510611677e-03 -1.5558394078627278e-03  0.0000000000000000e+00 -4.3517794273870741e-01
 470 -2.6659772396583014e-04  1.8943238929877311e-04 -1.9478634558606355e-03 -6.5402767123509336e-05  0.0000000000000000e+00 -4.3643959383860326e-01
 471  1.8908605277698424e-04 -4.3361176876408975e-04  1.0439888860600093e-03  1.6429168810742885e-03  0.0000000000000000e+00 -4.4077521272680903e-01
 472  5.5407138748241611e-04  1.6660930718039041e-04  7.3861454762237807e-04 -1.7862294121767464e-03  0.0000000000000000e+00 -4.3891304596733521e-01
 473 -2.3524118956417885e-04  2.8675830477410756e-04 -1.8619813500342513e-03  4.9728500577093449e-04  0.0000000000000000e+00 -4.3686909684666914e-01
 474  6.6078028680266996e-05 -4.5479857541882882e-04  1.4431783856456487e-03  1.2913393922730993e-03  0.0000000000000000e+00 -4.4498066101644806e-01
 475  6.0759267004234269e-04  9.9504064260028655e-05  1.6403648296791712e-04 -1.8812126569107664e-03  0.0000000000000000e+00 -4.4262159159140679e-01
 476 -1.4020063767288961e-04  3.6974667708130580e-04 -1.6391282337416806e-03  1.0197663150610054e-03  0.0000000000000000e+00 -4.3864715784021757e-01
 477 -6.4123531680800307e-05 -4.3718013409227332e-04  1.7345763350883831e-03  8.2149539918677716e-04  0.0000000000000000e+00 -4.4832825373700769e-01
 478  6.2407540988689545e-04  3.2735502967053014e-05 -4.3449568835540324e-04 -1.8572408246950024e-03  0.0000000000000000e+00 -4.4622387763050325e-01
 479 -2.8002056796829569e-05  4.2207570438303156e-04 -1.2987029286187974e-03  1.4527752517226246e-03  0.0000000000000000e+00 -4.4194698534893234e-01
 480 -1.5151142551851076e-04 -3.9651134083612592e-04  1.9139924333831041e-03  2.8334070621369303e-04  0.0000000000000000e+00 -4.5036405409605557e-01
 481  5.9745492310287027e-04 -1.4769593699800136e-05 -9.8258682587601875e-04 -1.7153722015985622e-03  0.0000000000000000e+00 -4.4974517777875594e-01
 482  6.0454849891500520e-05  4.2260931027417826e-04 -8.5966126473196005e-04  1.7555836986115987e-03  0.0000000000000000e+00 -4.4636265886867793e-01
 483 -1.6138223936855531e-04 -3.3954970537572845e-04  1.9685409493910072e-03 -2.6861982678079329e-04  0.0000000000000000e+00 -4.5123092616648464e-01
 484  5.1545292413490902e-04 -4.1029333988507630e-05 -1.4214878057856621e-03 -1.4459927294340799e-03  0.0000000000000000e+00 -4.5310841481525616e-01
 485  1.1762720542226381e-04  3.6899841310259688e-04 -3.4577892680787766e-04  1.9107440019792584e-03  0.0000000000000000e+00 -4.5138487752306977e-01
 486 -1.0534281984930347e-04 -2.6515449649080255e-04  1.8790837485144342e-03 -7.8667651755659734e-04  0.0000000000000000e+00 -4.5177366305896305e-01
 487  3.9171812161696925e-04 -5.8880898465772923e-05 -1.7263923822731749e-03 -1.0540150465286305e-03  0.0000000000000000e+00 -4.5603452661492289e-01
 488  1.5957605264460255e-04  2.9071075038897807e-04  2.0894732276307854e-04  1.9290130839221098e-03  0.0000000000000000e+00 -4.5638903953826659e-01
 489 -2.8083795934747844e-05 -1.8232823375172869e-04  1.6369412412568876e-03 -1.2361352835728186e-03  0.0000000000000000e+00 -4.5296328738248970e-01
 490  2.7250092002413105e-04 -7.9986277806177967e-05 -1.9045574793170789e-03 -5.6486912279121260e-04  0.0000000000000000e+00 -4.5832091731121610e-01
 491  1.9176704951700665e-04  2.3147892772117909e-04  7.5965645800859063e-04  1.8268393502275273e-03  0.0000000000000000e+00 -4.6073913662533589e-01
 492  2.8282111238430737e-05 -1.1718025510119486e-04  1.2565078063356027e-03 -1.5909608085320007e-03  0.0000000000000000e+00 -4.5528930682343288e-01
 493  2.1205424625498574e-04 -1.0521750252763958e-04 -1.9753238185220468e-03 -2.1965527445967071e-05  0.0000000000000000e+00 -4.6002435222118859e-01
 494  1.9652331200451016e-04  2.1738362972791611e-04  1.2521470288320079e-03  1.6101241067556183e-03  0.0000000000000000e+00 -4.6409054887519879e-01
 495  4.7756460428461235e-05 -9.6747674743036699e-05  7.7298511998747244e-04 -1.8309863927815299e-03  0.0000000000000000e+00 -4.5876817112828272e-01
 496  2.3439142299709078e-04 -1.2589647195985896e-04 -1.9456424626106434e-03  5.1849277983436197e-04  0.0000000000000000e+00 -4.6139248924479420e-01
 497  1.5817014434330650e-04  2.4161227999364371e-04  1.6354193107543278e-03  1.2833702126191378e-03  0.0000000000000000e+00 -4.6637895885149167e-01
 498  4.2141004853332541e-05 -1.2449810203806640e-04  2.3247897386988745e-04 -1.9467626584331564e-03  0.0000000000000000e+00 -4.6318292099907726e-01
 499  3.1338628518219228e-04 -1.3372450159990272e-04 -1.8005716550857189e-03  1.0040299542699120e-03  0.0000000000000000e+00 -4.6285275800920478e-01
 500  9.0676114207761721e-05  2.7709999484055824e-04  1.8784176211793359e-03  8.5907469403930729e-04  0.0000000000000000e+00 -4.6770006467362812e-01
 501  2.7427218399589365e-05 -1.7047131273362207e-04 -3.2002500151543593e-04 -1.9355114382379490e-03  0.0000000000000000e+00 -4.6801709877146852e-01
 502  3.9532396252890960e-04 -1.3308392417475423e-04 -1.5197669554941661e-03  1.3991187152865253e-03  0.0000000000000000e+00 -4.6484354405733075e-01
 503  3.8007179904050909e-05  3.0066843958119927e-04  1.9772114538748500e-03  3.5762956301598121e-04  0.0000000000000000e+00 -4.6851107787372692e-01
 504 -6.1957624515049094e-07 -1.8938822067366142e-04 -8.4494291072516813e-04 -1.7901265391865686e-03  0.0000000000000000e+00 -4.7254529970548859e-01
 505  4.3619492216613408e-04 -1.4394260867670302e-04 -1.1009865940914661e-03  1.6838477522845708e-03  0.0000000000000000e+00 -4.6750618918695436e-01
 506  5.0329321541111823e-05  3.0657143520576542e-04  1.9487684344763252e-03 -1.8790964315561754e-04  0.0000000000000000e+00 -4.6959918442720888e-01
 507 -5.9436691530315736e-05 -1.5269744369279440e-04 -1.3034601887747215e-03 -1.5059540309732826e-03  0.0000000000000000e+00 -4.7616429539271821e-01
 508  4.2478595089743160e-04 -1.8868194682042250e-04 -5.7298602144261975e-04  1.8515627117301481e-03  0.0000000000000000e+00 -4.7078882462554339e-01
 509  1.4607164272395214e-04  3.0009074048320620e-04  1.8105691780679830e-03 -7.2748052073097599e-04  0.0000000000000000e+00 -4.7158166537175217e-01
 510 -1.4958152796178394e-04 -6.5459151925354754e-05 -1.6583377533816036e-03 -1.0972929426300091e-03  0.0000000000000000e+00 -4.7849791248580831e-01
 511  3.7837904425633496e-04 -2.6999065813191632e-04  7.2484475022209084e-06  1.9047672133245615e-03  0.0000000000000000e+00 -4.7467836341840230e-01
 512  2.9358900111792349e-04  2.8285709149196073e-04  1.5628840159213654e-03 -1.2040009903069410e-03  0.0000000000000000e+00 -4.7454134305368256e-01
