# k    name    s    s_xx    s_pxpx    s_xpx    s_yy    s_pypy    s_ypy    theta_xy
   0 begin           0.000000e+00 4.058771e-08 1.105085e-10 -4.136920e-24 5.403106e-38 4.846513e-39 6.980664e-39 9.059226e-18
   1 dh0g1a          4.650000e+00 4.297718e-08 1.105085e-10 5.138647e-10 2.237450e-37 4.846513e-39 2.951695e-38 1.923819e-17
   2 gs              4.650000e+00 4.297718e-08 1.105085e-10 5.138647e-10 2.237450e-37 4.846513e-39 2.951695e-38 1.923819e-17
   3 sh1             4.850000e+00 4.318714e-08 1.105085e-10 5.359664e-10 2.357456e-37 4.846513e-39 3.048625e-38 1.959537e-17
   4 dh1ag2a         4.937500e+00 4.328178e-08 1.105085e-10 5.456359e-10 2.411178e-37 4.846513e-39 3.091032e-38 1.974911e-17
   5 bpm             4.937500e+00 4.328178e-08 1.105085e-10 5.456359e-10 2.411178e-37 4.846513e-39 3.091032e-38 1.974911e-17
   6 dbpm            5.025000e+00 4.337812e-08 1.105085e-10 5.553054e-10 2.465642e-37 4.846513e-39 3.133439e-38 1.990130e-17
   7 qh1sp01         5.275000e+00 4.555978e-08 1.609026e-09 8.295877e-09 2.516512e-37 1.352401e-39 -1.127833e-38 1.948319e-17
   8 dh2ag2a         5.432500e+00 4.821290e-08 1.609026e-09 8.549298e-09 2.481321e-37 1.352401e-39 -1.106533e-38 1.872382e-17
   9 sq1hsp01        5.532500e+00 4.993885e-08 1.609026e-09 8.710201e-09 2.459326e-37 1.352401e-39 -1.093009e-38 1.826400e-17
  10 chv             5.532500e+00 4.993885e-08 1.609026e-09 8.710201e-09 2.459326e-37 1.352401e-39 -1.093009e-38 1.826400e-17
  11 sq1hsp01        5.632500e+00 5.169698e-08 1.609026e-09 8.871103e-09 2.437601e-37 1.352401e-39 -1.079485e-38 1.782048e-17
  12 dh2bg2a         5.790000e+00 5.453129e-08 1.609026e-09 9.124525e-09 2.403932e-37 1.352401e-39 -1.058185e-38 1.715305e-17
  13 sh2             5.990000e+00 5.824546e-08 1.609026e-09 9.446330e-09 2.362146e-37 1.352401e-39 -1.031137e-38 1.635639e-17
  14 dh2cg2a         6.140000e+00 6.111556e-08 1.609026e-09 9.687684e-09 2.331516e-37 1.352401e-39 -1.010850e-38 1.579328e-17
  15 qh2sp01         6.540000e+00 5.305063e-08 1.491010e-08 -2.804470e-08 2.909300e-37 9.664332e-38 1.670428e-37 1.870807e-17
  16 dh3ag2a         6.730000e+00 4.293190e-08 1.491010e-08 -2.521178e-08 3.578951e-37 9.664332e-38 1.854051e-37 2.293013e-17
  17 sh3             6.930000e+00 3.344359e-08 1.491010e-08 -2.222976e-08 4.359228e-37 9.664332e-38 2.047337e-37 2.847869e-17
  18 dh3bg2a         7.125000e+00 2.534095e-08 1.491010e-08 -1.932229e-08 5.194438e-37 9.664332e-38 2.235792e-37 3.543593e-17
  19 qh3sp01         7.375000e+00 1.893557e-08 3.036626e-09 -7.281137e-09 5.707161e-37 1.601321e-39 -2.647200e-38 4.241737e-17
  20 dh4ag2a         7.462500e+00 1.768462e-08 3.036626e-09 -7.015433e-09 5.660957e-37 1.601321e-39 -2.633188e-38 4.347917e-17
  21 bpm             7.462500e+00 1.768462e-08 3.036626e-09 -7.015433e-09 5.660957e-37 1.601321e-39 -2.633188e-38 4.347917e-17
  22 dbpm            7.550000e+00 1.648017e-08 3.036626e-09 -6.749728e-09 5.614999e-37 1.601321e-39 -2.619177e-38 4.459428e-17
  23 sh4             7.750000e+00 1.390175e-08 3.036626e-09 -6.142403e-09 5.510872e-37 1.601321e-39 -2.587151e-38 4.735575e-17
  24 dh4bg2a         7.998500e+00 1.103649e-08 3.036626e-09 -5.387801e-09 5.383280e-37 1.601321e-39 -2.547358e-38 5.122038e-17
  25 dfch            8.148500e+00 9.488474e-09 3.036626e-09 -4.932307e-09 5.307219e-37 1.601321e-39 -2.523338e-38 5.377891e-17
  26 chv             8.148500e+00 9.488474e-09 3.036626e-09 -4.932307e-09 5.307219e-37 1.601321e-39 -2.523338e-38 5.377891e-17
  27 dfch            8.298500e+00 8.077105e-09 3.036626e-09 -4.476813e-09 5.231880e-37 1.601321e-39 -2.499318e-38 5.647168e-17
  28 ge              8.298500e+00 8.077105e-09 3.036626e-09 -4.476813e-09 5.231880e-37 1.601321e-39 -2.499318e-38 5.647168e-17
  29 dh4cg3a         8.330000e+00 7.798079e-09 3.036626e-09 -4.381160e-09 5.216150e-37 1.601321e-39 -2.494274e-38 5.704805e-17
  30 gs              8.330000e+00 7.798079e-09 3.036626e-09 -4.381160e-09 5.216150e-37 1.601321e-39 -2.494274e-38 5.704805e-17
  31 b1sp01          1.095000e+01 1.061135e-08 5.937744e-09 7.353653e-09 3.969148e-37 1.800171e-39 -2.239155e-38 -5.035912e-14
  32 dm1ag3a         1.131500e+01 1.677057e-08 5.937744e-09 9.520929e-09 3.808088e-37 1.800171e-39 -2.173449e-38 -3.967199e-14
  33 dfch            1.146500e+01 1.976045e-08 5.937744e-09 1.041159e-08 3.743289e-37 1.800171e-39 -2.146447e-38 -3.627592e-14
  34 chv             1.146500e+01 1.976045e-08 5.937744e-09 1.041159e-08 3.743289e-37 1.800171e-39 -2.146447e-38 -3.627592e-14
  35 sm3             1.146500e+01 1.976045e-08 5.937744e-09 1.041159e-08 3.743289e-37 1.800171e-39 -2.146447e-38 -3.627592e-14
  36 dfch            1.161500e+01 2.301753e-08 5.937744e-09 1.130225e-08 3.679301e-37 1.800171e-39 -2.119444e-38 -3.332208e-14
  37 dm1bg3a         1.192500e+01 3.059554e-08 5.937744e-09 1.314295e-08 3.549625e-37 1.800171e-39 -2.063639e-38 -2.831806e-14
  38 ge              1.192500e+01 3.059554e-08 5.937744e-09 1.314295e-08 3.549625e-37 1.800171e-39 -2.063639e-38 -2.831806e-14
  39 gs              1.192500e+01 3.059554e-08 5.937744e-09 1.314295e-08 3.549625e-37 1.800171e-39 -2.063639e-38 -2.831806e-14
  40 qm1sp01         1.217500e+01 3.942965e-08 1.342847e-08 2.281553e-08 3.266341e-37 2.582078e-38 -9.066870e-38 -2.384018e-14
  41 dm2ag4a         1.237500e+01 4.909300e-08 1.342847e-08 2.550122e-08 2.913994e-37 2.582078e-38 -8.550454e-38 -2.009752e-14
  42 sm1a            1.257500e+01 5.983063e-08 1.342847e-08 2.818692e-08 2.582304e-37 2.582078e-38 -8.034038e-38 -1.704977e-14
  43 dm2bg4a         1.315750e+01 9.722475e-08 1.342847e-08 3.600900e-08 1.733950e-37 2.582078e-38 -6.529978e-38 -1.072148e-14
  44 bpm             1.315750e+01 9.722475e-08 1.342847e-08 3.600900e-08 1.733950e-37 2.582078e-38 -6.529978e-38 -1.072148e-14
  45 dbpm            1.324500e+01 1.036291e-07 1.342847e-08 3.718399e-08 1.621652e-37 2.582078e-38 -6.304046e-38 -9.997949e-15
  46 qm2sp01         1.349500e+01 1.131988e-07 7.890408e-11 -2.423884e-11 1.449963e-37 1.870343e-39 -7.619729e-39 -8.912300e-15
  47 dm2cg4a         1.369500e+01 1.131923e-07 7.890408e-11 -8.458025e-12 1.420232e-37 1.870343e-39 -7.245660e-39 -8.705337e-15
  48 sm2             1.394500e+01 1.131930e-07 7.890408e-11 1.126799e-11 1.385173e-37 1.870343e-39 -6.778075e-39 -8.445936e-15
  49 dm2cg4b         1.414500e+01 1.132006e-07 7.890408e-11 2.704881e-11 1.358809e-37 1.870343e-39 -6.404006e-39 -8.237900e-15
  50 qm2sp01         1.439500e+01 1.036321e-07 1.342683e-08 -3.718226e-08 1.448051e-37 1.431954e-38 4.313248e-38 -8.712146e-15
  51 dm2bg4b         1.491500e+01 6.859320e-08 1.342683e-08 -3.020030e-08 1.935349e-37 1.431954e-38 5.057864e-38 -1.192679e-14
  52 sm1b            1.511500e+01 5.705015e-08 1.342683e-08 -2.751494e-08 2.143391e-37 1.431954e-38 5.344255e-38 -1.358863e-14
  53 dm2ag4b         1.537750e+01 4.353001e-08 1.342683e-08 -2.399039e-08 2.433832e-37 1.431954e-38 5.720143e-38 -1.631799e-14
  54 bpm             1.537750e+01 4.353001e-08 1.342683e-08 -2.399039e-08 2.433832e-37 1.431954e-38 5.720143e-38 -1.631799e-14
  55 dbpm            1.546500e+01 3.943449e-08 1.342683e-08 -2.281554e-08 2.535031e-37 1.431954e-38 5.845439e-38 -1.740868e-14
  56 qm1sp01         1.571500e+01 3.060053e-08 5.936239e-09 -1.314233e-08 2.693889e-37 8.494533e-40 3.962412e-39 -2.007895e-14
  57 dm1eg4b         1.593460e+01 2.511469e-08 5.936239e-09 -1.183873e-08 2.711701e-37 8.494533e-40 4.148952e-39 -2.193556e-14
  58 dfch            1.608460e+01 2.169663e-08 5.936239e-09 -1.094829e-08 2.724339e-37 8.494533e-40 4.276370e-39 -2.341637e-14
  59 sm3             1.608460e+01 2.169663e-08 5.936239e-09 -1.094829e-08 2.724339e-37 8.494533e-40 4.276370e-39 -2.341637e-14
  60 chv             1.608460e+01 2.169663e-08 5.936239e-09 -1.094829e-08 2.724339e-37 8.494533e-40 4.276370e-39 -2.341637e-14
  61 dfch            1.623460e+01 1.854571e-08 5.936239e-09 -1.005786e-08 2.737360e-37 8.494533e-40 4.403788e-39 -2.510809e-14
  62 ge              1.623460e+01 1.854571e-08 5.936239e-09 -1.005786e-08 2.737360e-37 8.494533e-40 4.403788e-39 -2.510809e-14
  63 gs              1.623460e+01 1.854571e-08 5.936239e-09 -1.005786e-08 2.737360e-37 8.494533e-40 4.403788e-39 -2.510809e-14
  64 dm1dg5b         1.629000e+01 1.744952e-08 5.936239e-09 -9.728990e-09 2.742265e-37 8.494533e-40 4.450848e-39 -2.579413e-14
  65 dpwg5b          1.649000e+01 1.379537e-08 5.936239e-09 -8.541743e-09 2.760408e-37 8.494533e-40 4.620739e-39 -2.859284e-14
  66 dm1cg5b         1.669000e+01 1.061612e-08 5.936239e-09 -7.354495e-09 2.779231e-37 8.494533e-40 4.790629e-39 -3.198749e-14
  67 b1sp01          1.931000e+01 7.793263e-09 3.035895e-09 4.378840e-09 3.056770e-37 8.051962e-40 5.744338e-39 9.490701e-18
  68 ge              1.931000e+01 7.793263e-09 3.035895e-09 4.378840e-09 3.056770e-37 8.051962e-40 5.744338e-39 9.490701e-18
  69 dl4bg6b         1.952780e+01 9.844699e-09 3.035895e-09 5.040058e-09 3.082175e-37 8.051962e-40 5.919710e-39 1.032292e-17
  70 gs              1.952780e+01 9.844699e-09 3.035895e-09 5.040058e-09 3.082175e-37 8.051962e-40 5.919710e-39 1.032292e-17
  71 dfch            1.967780e+01 1.142502e-08 3.035895e-09 5.495442e-09 3.100115e-37 8.051962e-40 6.040489e-39 1.053358e-17
  72 chv             1.967780e+01 1.142502e-08 3.035895e-09 5.495442e-09 3.100115e-37 8.051962e-40 6.040489e-39 1.053358e-17
  73 dfch            1.982780e+01 1.314196e-08 3.035895e-09 5.950827e-09 3.118418e-37 8.051962e-40 6.161269e-39 1.056134e-17
  74 dl4ag6b         1.991000e+01 1.414079e-08 3.035895e-09 6.200377e-09 3.128601e-37 8.051962e-40 6.227456e-39 1.052225e-17
  75 ql3sp01         2.016000e+01 1.903955e-08 1.055543e-08 1.401732e-08 2.867601e-37 4.086838e-38 -1.072674e-37 9.316678e-18
  76 dbpm            2.024750e+01 2.157340e-08 1.055543e-08 1.494092e-08 2.683012e-37 4.086838e-38 -1.036914e-37 8.604918e-18
  77 bpm             2.024750e+01 2.157340e-08 1.055543e-08 1.494092e-08 2.683012e-37 4.086838e-38 -1.036914e-37 8.604918e-18
  78 dl3bg6b         2.033500e+01 2.426887e-08 1.055543e-08 1.586452e-08 2.504681e-37 4.086838e-38 -1.001154e-37 7.938149e-18
  79 sl3             2.053500e+01 3.103690e-08 1.055543e-08 1.797561e-08 2.120567e-37 4.086838e-38 -9.194172e-38 6.573627e-18
  80 dl3ag6b         2.114860e+01 5.707074e-08 1.055543e-08 2.445242e-08 1.146130e-37 4.086838e-38 -6.686489e-38 3.478468e-18
  81 ql2sp01         2.154860e+01 5.784558e-08 9.006288e-09 -2.272639e-08 9.697076e-38 5.596268e-39 1.815328e-38 2.937179e-18
  82 dl2cg6b         2.179860e+01 4.704528e-08 9.006288e-09 -2.047481e-08 1.063972e-37 5.596268e-39 1.955235e-38 3.231291e-18
  83 sl2             2.199860e+01 3.921560e-08 9.006288e-09 -1.867356e-08 1.144420e-37 5.596268e-39 2.067161e-38 3.524709e-18
  84 dl2bg6b         2.213610e+01 3.425065e-08 9.006288e-09 -1.743519e-08 1.202325e-37 5.596268e-39 2.144109e-38 3.766535e-18
  85 dsch            2.223610e+01 3.085367e-08 9.006288e-09 -1.653456e-08 1.245766e-37 5.596268e-39 2.200072e-38 3.968368e-18
  86 chv             2.223610e+01 3.085367e-08 9.006288e-09 -1.653456e-08 1.245766e-37 5.596268e-39 2.200072e-38 3.968368e-18
  87 dsch            2.233610e+01 2.763682e-08 9.006288e-09 -1.563393e-08 1.290327e-37 5.596268e-39 2.256035e-38 4.196781e-18
  88 dl2ag6b         2.247360e+01 2.350777e-08 9.006288e-09 -1.439557e-08 1.353426e-37 5.596268e-39 2.332983e-38 4.564436e-18
  89 ql1sp01         2.272360e+01 1.905061e-08 1.111880e-09 -4.086160e-09 1.320652e-37 1.140125e-38 -3.595241e-38 4.838432e-18
  90 dl1ag6b         2.281110e+01 1.834404e-08 1.111880e-09 -3.988871e-09 1.258608e-37 1.140125e-38 -3.495480e-38 4.744002e-18
  91 bpm             2.281110e+01 1.834404e-08 1.111880e-09 -3.988871e-09 1.258608e-37 1.140125e-38 -3.495480e-38 4.744002e-18
  92 dbpm            2.289860e+01 1.765450e-08 1.111880e-09 -3.891581e-09 1.198310e-37 1.140125e-38 -3.395719e-38 4.638704e-18
  93 sl1             2.309860e+01 1.614234e-08 1.111880e-09 -3.669205e-09 1.067042e-37 1.140125e-38 -3.167694e-38 4.351649e-18
  94 ge              2.309860e+01 1.614234e-08 1.111880e-09 -3.669205e-09 1.067042e-37 1.140125e-38 -3.167694e-38 4.351649e-18
  95 gs              2.309860e+01 1.614234e-08 1.111880e-09 -3.669205e-09 1.067042e-37 1.140125e-38 -3.167694e-38 4.351649e-18
  96 dl0g1a          2.639860e+01 4.033968e-09 1.111880e-09 -3.264504e-24 2.179600e-38 1.140125e-38 5.947196e-39 -2.635270e-17
  97 dl0g1a          2.969860e+01 1.614234e-08 1.111880e-09 3.669205e-09 1.852071e-37 1.140125e-38 4.357133e-38 -1.569528e-17
  98 ge              2.969860e+01 1.614234e-08 1.111880e-09 3.669205e-09 1.852071e-37 1.140125e-38 4.357133e-38 -1.569528e-17
  99 gs              2.969860e+01 1.614234e-08 1.111880e-09 3.669205e-09 1.852071e-37 1.140125e-38 4.357133e-38 -1.569528e-17
 100 sl1             2.989860e+01 1.765450e-08 1.111880e-09 3.891581e-09 2.030917e-37 1.140125e-38 4.585158e-38 -1.480205e-17
 101 dl1ag2a         2.998610e+01 1.834404e-08 1.111880e-09 3.988871e-09 2.112030e-37 1.140125e-38 4.684919e-38 -1.443374e-17
 102 bpm             2.998610e+01 1.834404e-08 1.111880e-09 3.988871e-09 2.112030e-37 1.140125e-38 4.684919e-38 -1.443374e-17
 103 dbpm            3.007360e+01 1.905061e-08 1.111880e-09 4.086160e-09 2.194889e-37 1.140125e-38 4.784680e-38 -1.407843e-17
 104 ql1sp01         3.032360e+01 2.350777e-08 9.006288e-09 1.439557e-08 2.189586e-37 1.234066e-38 -4.988949e-38 -1.181835e-17
 105 dl2ag2a         3.046110e+01 2.763682e-08 9.006288e-09 1.563393e-08 2.054723e-37 1.234066e-38 -4.819265e-38 -1.020749e-17
 106 dsch            3.056110e+01 3.085367e-08 9.006288e-09 1.653456e-08 1.959571e-37 1.234066e-38 -4.695858e-38 -9.220133e-18
 107 chv             3.056110e+01 3.085367e-08 9.006288e-09 1.653456e-08 1.959571e-37 1.234066e-38 -4.695858e-38 -9.220133e-18
 108 dsch            3.066110e+01 3.425065e-08 9.006288e-09 1.743519e-08 1.866888e-37 1.234066e-38 -4.572451e-38 -8.356749e-18
 109 dl2bg2a         3.079860e+01 3.921560e-08 9.006288e-09 1.867356e-08 1.743479e-37 1.234066e-38 -4.402767e-38 -7.334108e-18
 110 sl2             3.099860e+01 4.704528e-08 9.006288e-09 2.047481e-08 1.572305e-37 1.234066e-38 -4.155954e-38 -6.111688e-18
 111 dl2cg2a         3.124860e+01 5.784558e-08 9.006288e-09 2.272639e-08 1.372220e-37 1.234066e-38 -3.847438e-38 -4.908131e-18
 112 ql2sp01         3.164860e+01 5.707074e-08 1.055543e-08 -2.445242e-08 1.504196e-37 3.872667e-38 7.491406e-38 -4.788478e-18
 113 dl3ag2a         3.226220e+01 3.103690e-08 1.055543e-08 -1.797561e-08 2.569349e-37 3.872667e-38 9.867675e-38 -7.396487e-18
 114 sl3             3.246220e+01 2.426887e-08 1.055543e-08 -1.586452e-08 2.979547e-37 3.872667e-38 1.064221e-37 -8.472990e-18
 115 dl3bg2a         3.254970e+01 2.157340e-08 1.055543e-08 -1.494092e-08 3.168751e-37 3.872667e-38 1.098107e-37 -8.976868e-18
 116 bpm             3.254970e+01 2.157340e-08 1.055543e-08 -1.494092e-08 3.168751e-37 3.872667e-38 1.098107e-37 -8.976868e-18
 117 dbpm            3.263720e+01 1.903955e-08 1.055543e-08 -1.401732e-08 3.363884e-37 3.872667e-38 1.131992e-37 -9.495067e-18
 118 ql3sp01         3.288720e+01 1.414079e-08 3.035895e-09 -6.200377e-09 3.605278e-37 1.673028e-39 -1.974944e-38 -9.953528e-18
 119 dl4ag2a         3.316890e+01 1.088841e-08 3.035895e-09 -5.345165e-09 3.495337e-37 1.673028e-39 -1.927815e-38 -8.848560e-18
 120 dfch            3.331890e+01 9.353172e-09 3.035895e-09 -4.889781e-09 3.437879e-37 1.673028e-39 -1.902719e-38 -7.873022e-18
 121 chv             3.331890e+01 9.353172e-09 3.035895e-09 -4.889781e-09 3.437879e-37 1.673028e-39 -1.902719e-38 -7.873022e-18
 122 dfch            3.346890e+01 7.954545e-09 3.035895e-09 -4.434397e-09 3.381174e-37 1.673028e-39 -1.877624e-38 -6.484166e-18
 123 ge              3.346890e+01 7.954545e-09 3.035895e-09 -4.434397e-09 3.381174e-37 1.673028e-39 -1.877624e-38 -6.484166e-18
 124 dl4bg3a         3.348720e+01 7.793263e-09 3.035895e-09 -4.378840e-09 3.374307e-37 1.673028e-39 -1.874562e-38 -6.278738e-18
 125 gs              3.348720e+01 7.793263e-09 3.035895e-09 -4.378840e-09 3.374307e-37 1.673028e-39 -1.874562e-38 -6.278738e-18
 126 b1sp01          3.610720e+01 1.061612e-08 5.936239e-09 7.354495e-09 2.475335e-37 1.816380e-39 -1.537798e-38 2.539984e-14
 127 dm1ag3a         3.647220e+01 1.677576e-08 5.936239e-09 9.521222e-09 2.365496e-37 1.816380e-39 -1.471501e-38 1.947444e-14
 128 sq2hsp01        3.662220e+01 1.976569e-08 5.936239e-09 1.041166e-08 2.321759e-37 1.816380e-39 -1.444255e-38 1.759832e-14
 129 chv             3.662220e+01 1.976569e-08 5.936239e-09 1.041166e-08 2.321759e-37 1.816380e-39 -1.444255e-38 1.759832e-14
 130 sm3             3.662220e+01 1.976569e-08 5.936239e-09 1.041166e-08 2.321759e-37 1.816380e-39 -1.444255e-38 1.759832e-14
 131 sq2hsp01        3.677220e+01 2.302276e-08 5.936239e-09 1.130209e-08 2.278840e-37 1.816380e-39 -1.417009e-38 1.596885e-14
 132 dm1bg3a         3.708220e+01 3.060053e-08 5.936239e-09 1.314233e-08 2.192731e-37 1.816380e-39 -1.360701e-38 1.321308e-14
 133 ge              3.708220e+01 3.060053e-08 5.936239e-09 1.314233e-08 2.192731e-37 1.816380e-39 -1.360701e-38 1.321308e-14
 134 gs              3.708220e+01 3.060053e-08 5.936239e-09 1.314233e-08 2.192731e-37 1.816380e-39 -1.360701e-38 1.321308e-14
 135 qm1sp01         3.733220e+01 3.943449e-08 1.342683e-08 2.281554e-08 2.014023e-37 1.696963e-38 -5.660910e-38 1.086520e-14
 136 dm2a2g4b        3.753220e+01 4.909778e-08 1.342683e-08 2.550091e-08 1.794375e-37 1.696963e-38 -5.321517e-38 8.963282e-15
 137 sm1a            3.773220e+01 5.983521e-08 1.342683e-08 2.818628e-08 1.588302e-37 1.696963e-38 -4.982124e-38 7.414804e-15
 138 dm2b2g4b        3.831470e+01 9.722804e-08 1.342683e-08 3.600741e-08 1.065463e-37 1.696963e-38 -3.993644e-38 4.200439e-15
 139 bpm             3.831470e+01 9.722804e-08 1.342683e-08 3.600741e-08 1.065463e-37 1.696963e-38 -3.993644e-38 4.200439e-15
 140 dbpm            3.840220e+01 1.036321e-07 1.342683e-08 3.718226e-08 9.968737e-38 1.696963e-38 -3.845159e-38 3.833007e-15
 141 qm2sp01         3.865220e+01 1.132006e-07 7.890408e-11 -2.704881e-11 8.936318e-38 2.567521e-39 -4.038477e-39 3.174842e-15
 142 dm2cg4a         3.885220e+01 1.131930e-07 7.890408e-11 -1.126799e-11 8.785049e-38 2.567521e-39 -3.524973e-39 2.896314e-15
 143 sm2             3.910220e+01 1.131923e-07 7.890408e-11 8.458025e-12 8.624847e-38 2.567521e-39 -2.883092e-39 2.547904e-15
 144 dm2cg4b         3.930220e+01 1.131988e-07 7.890408e-11 2.423884e-11 8.519794e-38 2.567521e-39 -2.369588e-39 2.269032e-15
 145 qm2sp01         3.955220e+01 1.036291e-07 1.342847e-08 -3.718399e-08 9.175477e-38 1.171420e-38 2.935475e-38 2.106005e-15
 146 dm2b2g4a        4.007220e+01 6.858884e-08 1.342847e-08 -3.020119e-08 1.254512e-37 1.171420e-38 3.544614e-38 2.152206e-15
 147 sm1b            4.027220e+01 5.704551e-08 1.342847e-08 -2.751549e-08 1.400983e-37 1.171420e-38 3.778898e-38 2.175560e-15
 148 dm2a2g4a        4.053470e+01 4.352518e-08 1.342847e-08 -2.399052e-08 1.607446e-37 1.171420e-38 4.086396e-38 2.213126e-15
 149 bpm             4.053470e+01 4.352518e-08 1.342847e-08 -2.399052e-08 1.607446e-37 1.171420e-38 4.086396e-38 2.213126e-15
 150 dbpm            4.062220e+01 3.942965e-08 1.342847e-08 -2.281553e-08 1.679855e-37 1.171420e-38 4.188895e-38 2.227860e-15
 151 qm1sp01         4.087220e+01 3.059554e-08 5.937744e-09 -1.314295e-08 1.801708e-37 1.381955e-39 5.987936e-39 2.148759e-15
 152 dm1eg4b         4.109180e+01 2.510950e-08 5.937744e-09 -1.183902e-08 1.828673e-37 1.381955e-39 6.291413e-39 1.943889e-15
 153 dfch            4.124180e+01 2.169139e-08 5.937744e-09 -1.094836e-08 1.847858e-37 1.381955e-39 6.498706e-39 1.776851e-15
 154 sm3             4.124180e+01 2.169139e-08 5.937744e-09 -1.094836e-08 1.847858e-37 1.381955e-39 6.498706e-39 1.776851e-15
 155 chv             4.124180e+01 2.169139e-08 5.937744e-09 -1.094836e-08 1.847858e-37 1.381955e-39 6.498706e-39 1.776851e-15
 156 dfch            4.139180e+01 1.854048e-08 5.937744e-09 -1.005770e-08 1.867665e-37 1.381955e-39 6.706000e-39 1.581853e-15
 157 ge              4.139180e+01 1.854048e-08 5.937744e-09 -1.005770e-08 1.867665e-37 1.381955e-39 6.706000e-39 1.581853e-15
 158 gs              4.139180e+01 1.854048e-08 5.937744e-09 -1.005770e-08 1.867665e-37 1.381955e-39 6.706000e-39 1.581853e-15
 159 dm1dg5b         4.144720e+01 1.744431e-08 5.937744e-09 -9.728750e-09 1.875138e-37 1.381955e-39 6.782560e-39 1.501447e-15
 160 dpwg5b          4.164720e+01 1.379032e-08 5.937744e-09 -8.541201e-09 1.902821e-37 1.381955e-39 7.058951e-39 1.164889e-15
 161 dm1cg5b         4.184720e+01 1.061135e-08 5.937744e-09 -7.353653e-09 1.931610e-37 1.381955e-39 7.335342e-39 7.359909e-16
 162 b1sp01          4.446720e+01 7.798079e-09 3.036626e-09 4.381160e-09 2.387591e-37 1.309243e-39 9.973025e-39 7.107035e-18
 163 ge              4.446720e+01 7.798079e-09 3.036626e-09 4.381160e-09 2.387591e-37 1.309243e-39 9.973025e-39 7.107035e-18
 164 dh4cg6b         4.467006e+01 9.700567e-09 3.036626e-09 4.997170e-09 2.428593e-37 1.309243e-39 1.023862e-38 7.058535e-18
 165 gs              4.467006e+01 9.700567e-09 3.036626e-09 4.997170e-09 2.428593e-37 1.309243e-39 1.023862e-38 7.058535e-18
 166 dfch            4.482006e+01 1.126804e-08 3.036626e-09 5.452664e-09 2.459603e-37 1.309243e-39 1.043500e-38 7.004420e-18
 167 chv             4.482006e+01 1.126804e-08 3.036626e-09 5.452664e-09 2.459603e-37 1.309243e-39 1.043500e-38 7.004420e-18
 168 dfch            4.497006e+01 1.297217e-08 3.036626e-09 5.908157e-09 2.491203e-37 1.309243e-39 1.063139e-38 6.942889e-18
 169 dh4bg6b         4.504720e+01 1.390175e-08 3.036626e-09 6.142403e-09 2.507683e-37 1.309243e-39 1.073239e-38 6.909822e-18
 170 sh4             4.524720e+01 1.648017e-08 3.036626e-09 6.749728e-09 2.551136e-37 1.309243e-39 1.099424e-38 6.822881e-18
 171 dh4ag6b         4.533470e+01 1.768462e-08 3.036626e-09 7.015433e-09 2.570476e-37 1.309243e-39 1.110879e-38 6.785128e-18
 172 bpm             4.533470e+01 1.768462e-08 3.036626e-09 7.015433e-09 2.570476e-37 1.309243e-39 1.110879e-38 6.785128e-18
 173 dbpm            4.542220e+01 1.893557e-08 3.036626e-09 7.281137e-09 2.590017e-37 1.309243e-39 1.122335e-38 6.747897e-18
 174 qh3sp01         4.567220e+01 2.534095e-08 1.491010e-08 1.932229e-08 2.354031e-37 4.505323e-38 -1.019438e-37 5.951596e-18
 175 dh3bg6b         4.586720e+01 3.344359e-08 1.491010e-08 2.222976e-08 1.973582e-37 4.505323e-38 -9.315842e-38 5.014374e-18
 176 sh3             4.606720e+01 4.293190e-08 1.491010e-08 2.521178e-08 1.618970e-37 4.505323e-38 -8.414778e-38 4.268030e-18
 177 dh3ag6b         4.625720e+01 5.305063e-08 1.491010e-08 2.804470e-08 1.315472e-37 4.505323e-38 -7.558766e-38 3.700758e-18
 178 qh2sp01         4.665720e+01 6.111556e-08 1.609026e-09 -9.687684e-09 1.056042e-37 2.266713e-39 5.122684e-39 3.623337e-18
 179 dh2cg6b         4.680720e+01 5.824546e-08 1.609026e-09 -9.446330e-09 1.071920e-37 2.266713e-39 5.462691e-39 3.956314e-18
 180 sh2             4.700720e+01 5.453129e-08 1.609026e-09 -9.124525e-09 1.094678e-37 2.266713e-39 5.916034e-39 4.427521e-18
 181 dh2bg6b         4.718970e+01 5.125443e-08 1.609026e-09 -8.830878e-09 1.117026e-37 2.266713e-39 6.329709e-39 4.887137e-18
 182 dsch            4.728970e+01 4.950434e-08 1.609026e-09 -8.669975e-09 1.129912e-37 2.266713e-39 6.556380e-39 5.151978e-18
 183 chv             4.728970e+01 4.950434e-08 1.609026e-09 -8.669975e-09 1.129912e-37 2.266713e-39 6.556380e-39 5.151978e-18
 184 dsch            4.738970e+01 4.778644e-08 1.609026e-09 -8.509073e-09 1.143252e-37 2.266713e-39 6.783052e-39 5.426637e-18
 185 dh2ag6b         4.752220e+01 4.555978e-08 1.609026e-09 -8.295877e-09 1.161625e-37 2.266713e-39 7.083391e-39 5.806580e-18
 186 qh1sp01         4.777220e+01 4.337812e-08 1.105085e-10 -5.553054e-10 1.148275e-37 3.183658e-39 -1.234662e-38 6.303382e-18
 187 dh1ag6b         4.785970e+01 4.328178e-08 1.105085e-10 -5.456359e-10 1.126912e-37 3.183658e-39 -1.206805e-38 6.387473e-18
 188 bpm             4.785970e+01 4.328178e-08 1.105085e-10 -5.456359e-10 1.126912e-37 3.183658e-39 -1.206805e-38 6.387473e-18
 189 dbpm            4.794720e+01 4.318714e-08 1.105085e-10 -5.359664e-10 1.106037e-37 3.183658e-39 -1.178948e-38 6.471652e-18
 190 sh1             4.814720e+01 4.297718e-08 1.105085e-10 -5.138647e-10 1.060152e-37 3.183658e-39 -1.115274e-38 6.664345e-18
 191 ge              4.814720e+01 4.297718e-08 1.105085e-10 -5.138647e-10 1.060152e-37 3.183658e-39 -1.115274e-38 6.664345e-18
 192 dh0g1a          5.279720e+01 4.058771e-08 1.105085e-10 6.819717e-24 7.113337e-38 3.183658e-39 3.651265e-39 1.097084e-17
 193 cav             5.279720e+01 4.058771e-08 1.105085e-10 6.819717e-24 7.113337e-38 3.183658e-39 3.651265e-39 1.097084e-17
