-3.00  2.19796  1.06689
-2.85  2.19899  1.06780
-2.70  2.20006  1.06863
-2.55  2.20114  1.06939
-2.40  2.20221  1.07006
-2.25  2.20324  1.07067
-2.10  2.20423  1.07120
-1.95  2.20516  1.07168
-1.80  2.20603  1.07210
-1.65  2.20682  1.07246
-1.50  2.20755  1.07277
-1.35  2.20820  1.07304
-1.20  2.20878  1.07327
-1.05  2.20928  1.07346
-0.90  2.20971  1.07362
-0.75  2.21007  1.07374
-0.60  2.21036  1.07384
-0.45  2.21057  1.07391
-0.30  2.21073  1.07396
-0.15  2.21082  1.07398
 0.00  2.21085  1.07399
 0.15  2.21082  1.07399
 0.30  2.21074  1.07396
 0.45  2.21060  1.07393
 0.60  2.21041  1.07388
 0.75  2.21018  1.07382
 0.90  2.20990  1.07376
 1.05  2.20958  1.07369
 1.20  2.20923  1.07361
 1.35  2.20883  1.07352
 1.50  2.20840  1.07343
 1.65  2.20793  1.07334
 1.80  2.20744  1.07325
 1.95  2.20691  1.07315
 2.10  2.20636  1.07305
 2.25  2.20578  1.07295
 2.40  2.20518  1.07285
 2.55  2.20455  1.07275
 2.70  2.20390  1.07265
 2.85  2.20323  1.07255
 3.00  2.20255  1.07245
