#     name              s    code  bx*ex  sqrt(bx*by)  dbx/dd*ex  bx*dex/dd  by*ex  dby/dd*ex by*dex/dd  ksix  ksiy  dbx/dd  bx/dd dex/dd
#                      [m]          [m]      [m]          [m]       [m]       [m]      [m]       [m]
#
   0 begin             0.00  0.0  -0.005     7.840       0.029     98.662   -0.001   -0.003     16.510   0.00   0.00  -112.179  11.578   5.148
   1 dh0g1a            4.65  0.0  -0.005    14.209       0.028    102.935   -0.003    0.007     50.467   0.00   0.00  -107.695  -26.815   5.072
   2 gs                4.65  0.0  -0.005    14.209       0.028    102.935   -0.003    0.007     50.467   0.00   0.00  -107.695  -26.815   5.072
   3 sh1               4.85  1.5  -0.005    14.662       0.028    103.371   -0.003    0.008     53.438   0.00   0.00  -107.303  -30.166   5.069
   4 dh1ag2a           4.94  0.0  -0.005    14.863       0.028    103.569   -0.003    0.008     54.777   0.00   0.00  -107.125  -31.677   5.068
   5 bpm               4.94  0.0  -0.005    14.863       0.028    103.569   -0.003    0.008     54.777   0.00   0.00  -107.125  -31.677   5.068
   6 dbpm              5.03  0.0  -0.005    15.065       0.027    103.770   -0.003    0.009     56.138   0.00   0.00  -106.943  -33.214   5.066
   7 qh1sp01           5.28 -1.0  -0.006    15.655       0.029    111.249   -0.003    0.009     58.913   0.29  -0.16  -111.958  -35.738   5.171
   8 dh2ag2a           5.43  0.0  -0.006    16.030       0.032    120.810   -0.003    0.010     59.902   0.29  -0.16  -118.812  -36.069   5.307
   9 sq1hsp01          5.53  0.0  -0.006    16.269       0.034    127.162   -0.003    0.010     60.529   0.29  -0.16  -123.266  -36.275   5.393
  10 chv               5.53  0.0  -0.006    16.269       0.034    127.162   -0.003    0.010     60.529   0.29  -0.16  -123.266  -36.275   5.393
  11 sq1hsp01          5.63  0.0  -0.007    16.507       0.036    133.737   -0.003    0.010     61.156   0.29  -0.16  -127.799  -36.477   5.479
  12 dh2bg2a           5.79  0.0  -0.007    16.882       0.039    144.555   -0.003    0.011     62.144   0.29  -0.16  -135.099  -36.787   5.614
  13 sh2               5.99  0.0  -0.008    17.360       0.043    159.130   -0.003    0.011     63.402   0.29  -0.16  -144.651  -37.166   5.786
  14 dh2cg2a           6.14  0.0  -0.009    17.719       0.046    170.692   -0.003    0.011     64.352   0.29  -0.16  -152.022  -37.440   5.915
  15 qh2sp01           6.54  1.0  -0.007    18.584       0.035    137.283   -0.004    0.015     75.564  -1.02   0.57  -125.534  -52.404   5.481
  16 dh3ag2a           6.73  0.0  -0.005    18.598       0.024     99.603   -0.004    0.017     83.838  -1.02   0.57  -95.450  -68.799   4.913
  17 sh3               6.93 -1.5  -0.003    18.164       0.015     68.164   -0.005    0.019     90.183  -1.02   0.57  -67.989  -88.340   4.317
  18 dh3bg2a           7.13  0.0  -0.002    17.297       0.009     44.686   -0.005    0.021     93.377  -1.02   0.57  -45.368  -109.647   3.735
  19 qh3sp01           7.38 -1.0  -0.001    15.710       0.004     28.544   -0.005    0.020     88.124  -0.69  -0.45  -27.018  -122.666   3.192
  20 dh4ag2a           7.46  0.0  -0.001    15.133       0.004     25.639   -0.004    0.019     84.210  -0.69  -0.45  -22.940  -121.295   3.070
  21 bpm               7.46  0.0  -0.001    15.133       0.004     25.639   -0.004    0.019     84.210  -0.69  -0.45  -22.940  -121.295   3.070
  22 dbpm              7.55  0.0  -0.001    14.562       0.003     22.944   -0.004    0.018     80.343  -0.69  -0.45  -19.082  -119.930   2.948
  23 sh4               7.75 -1.5  -0.001    13.276       0.002     17.523   -0.004    0.016     71.676  -0.69  -0.45  -11.084  -116.824   2.670
  24 dh4bg2a           8.00  0.0  -0.001    11.721       0.000     12.106   -0.003    0.014     61.237  -0.69  -0.45  -2.740  -112.999   2.323
  25 dfch              8.15  0.0  -0.000    10.808      -0.000      9.471   -0.003    0.012     55.110  -0.69  -0.45   1.442  -110.709   2.114
  26 chv               8.15  0.0  -0.000    10.808      -0.000      9.471   -0.003    0.012     55.110  -0.69  -0.45   1.442  -110.709   2.114
  27 dfch              8.30  0.0  -0.000     9.916      -0.000      7.264   -0.003    0.011     49.110  -0.69  -0.45   4.981  -108.433   1.905
  28 ge                8.30  0.0  -0.000     9.916      -0.000      7.264   -0.003    0.011     49.110  -0.69  -0.45   4.981  -108.433   1.905
  29 dh4cg3a           8.33  0.0  -0.000     9.732      -0.001      6.851   -0.002    0.010     47.866  -0.69  -0.45   5.643  -107.957   1.861
  30 gs                8.33  0.0  -0.000     9.732      -0.001      6.851   -0.002    0.010     47.866  -0.69  -0.45   5.643  -107.957   1.861
  31 b1sp01           10.95  0.5   0.366     7.486      -5.254     -5.693    2.881   -9.519    -44.813  -0.69  -0.45  -38.309  -69.408  -2.134
  32 dm1ag3a          11.32  0.0   0.717     9.130     -10.523    -11.154    3.579  -11.279    -55.677  -0.69  -0.45  -59.983  -64.297  -2.729
  33 dfch             11.47  0.0   0.914     9.816     -13.380    -14.217    3.853  -11.895    -59.952  -0.69  -0.45  -69.994  -62.227  -2.974
  34 chv              11.47  0.0   0.914     9.816     -13.380    -14.217    3.853  -11.895    -59.952  -0.69  -0.45  -69.994  -62.227  -2.974
  35 sm3              11.47  0.0   0.914     9.816     -13.380    -14.217    3.853  -11.895    -59.952  -0.69  -0.45  -69.994  -62.227  -2.974
  36 dfch             11.62  0.0   1.146    10.503     -16.685    -17.828    4.121  -12.450    -64.120  -0.69  -0.45  -80.647  -60.174  -3.219
  37 dm1bg3a          11.93  0.0   1.750    11.920     -25.066    -27.228    4.654  -13.404    -72.407  -0.69  -0.45  -104.702  -55.989  -3.725
  38 ge               11.93  0.0   1.750    11.920     -25.066    -27.228    4.654  -13.404    -72.407  -0.69  -0.45  -104.702  -55.989  -3.725
  39 gs               11.93  0.0   1.750    11.920     -25.066    -27.228    4.654  -13.404    -72.407  -0.69  -0.45  -104.702  -55.989  -3.725
  40 qm1sp01          12.18 -1.0   2.556    13.023     -36.195    -39.896    4.917  -13.309    -76.751  -0.53  -0.75  -132.955  -48.889  -4.249
  41 dm2ag4a          12.38  0.0   3.548    13.775     -49.921    -55.622    4.942  -12.388    -77.468  -0.53  -0.75  -164.210  -40.749  -4.765
  42 sm1a             12.58 -1.5   4.772    14.380     -65.493    -74.448    4.886  -12.531    -76.225  -0.53  -0.75  -195.044  -37.317  -5.239
  43 dm2bg4a          13.16  0.0   9.878    15.299    -122.021   -149.552    4.347  -16.371    -65.811  -0.53  -0.75  -284.876  -38.221  -6.485
  44 bpm              13.16  0.0   9.878    15.299    -122.021   -149.552    4.347  -16.371    -65.811  -0.53  -0.75  -284.876  -38.221  -6.485
  45 dbpm             13.25  0.0  10.870    15.329    -132.531   -163.990    4.228  -16.854    -63.787  -0.53  -0.75  -299.687  -38.111  -6.672
  46 qm2sp01          13.50  1.0  12.409    15.325    -145.032   -184.450    4.044  -19.236    -60.109  -1.28  -0.51  -313.761  -41.615  -6.871
  47 dm2cg4a          13.70  0.0  12.407    15.315    -139.252   -181.422    4.039  -22.028    -59.059  -1.28  -0.51  -301.257  -47.654  -6.759
  48 sm2              13.95  1.5  12.407    15.315    -141.557   -182.439    4.039  -22.387    -59.390  -1.28  -0.51  -306.242  -48.432  -6.797
  49 dm2cg4b          14.15  0.0  12.409    15.324    -151.025   -187.095    4.044  -20.171    -60.969  -1.28  -0.51  -326.723  -43.637  -6.969
  50 qm2sp01          14.40  1.0  10.870    15.329    -141.937   -168.144    4.228  -18.557    -65.398  -1.96  -0.25  -320.951  -41.961  -6.841
  51 dm2bg4b          14.92  0.0   5.856    14.736     -89.060    -95.448    4.796  -16.887    -78.164  -1.96  -0.25  -247.647  -46.956  -5.862
  52 sm1b             15.12 -1.5   4.444    14.242     -70.905    -73.561    4.907  -17.500    -81.230  -1.96  -0.25  -216.271  -53.379  -5.428
  53 dm2ag4b          15.38  0.0   2.964    13.370     -49.411    -49.582    4.939  -19.749    -82.618  -1.96  -0.25  -172.676  -69.017  -4.787
  54 bpm              15.38  0.0   2.964    13.370     -49.411    -49.582    4.939  -19.749    -82.618  -1.96  -0.25  -172.676  -69.017  -4.787
  55 dbpm             15.46  0.0   2.557    13.023     -43.330    -42.947    4.917  -20.305    -82.602  -1.96  -0.25  -159.155  -74.583  -4.573
  56 qm1sp01          15.71 -1.0   1.750    11.920     -31.365    -29.926    4.654  -20.590    -79.563  -1.84  -0.57  -131.000  -85.998  -4.093
  57 dm1eg4b          15.93  0.0   1.304    10.918     -24.725    -22.796    4.279  -19.799    -74.791  -1.84  -0.57  -114.257  -91.494  -3.782
  58 dfch             16.08  0.0   1.050    10.231     -20.715    -18.669    4.016  -19.121    -71.426  -1.84  -0.57  -103.230  -95.288  -3.569
  59 sm3              16.08  0.0   1.050    10.231     -20.715    -18.669    4.016  -19.121    -71.426  -1.84  -0.57  -103.230  -95.288  -3.569
  60 chv              16.08  0.0   1.050    10.231     -20.715    -18.669    4.016  -19.121    -71.426  -1.84  -0.57  -103.230  -95.288  -3.569
  61 dfch             16.23  0.0   0.832     9.544     -17.113    -15.098    3.745  -18.330    -67.973  -1.84  -0.57  -92.534  -99.114  -3.356
  62 ge               16.23  0.0   0.832     9.544     -17.113    -15.098    3.745  -18.330    -67.973  -1.84  -0.57  -92.534  -99.114  -3.356
  63 gs               16.23  0.0   0.832     9.544     -17.113    -15.098    3.745  -18.330    -67.973  -1.84  -0.57  -92.534  -99.114  -3.356
  64 dm1dg5b          16.29  0.0   0.760     9.291     -15.883    -13.911    3.644  -18.009    -66.675  -1.84  -0.57  -88.668  -100.535  -3.278
  65 dpwg5b           16.49  0.0   0.538     8.382     -11.875    -10.178    3.269  -16.717    -61.885  -1.84  -0.57  -75.088  -105.704  -2.994
  66 dm1cg5b          16.69  0.0   0.366     7.488      -8.518     -7.236    2.881  -15.217    -56.926  -1.84  -0.57  -62.098  -110.929  -2.711
  67 b1sp01           19.31  0.5  -0.000     9.728      -0.001      2.718   -0.001    0.005     19.000  -1.84  -0.57  53.446  -182.850   0.739
  68 ge               19.31  0.0  -0.000     9.728      -0.001      2.718   -0.001    0.005     19.000  -1.84  -0.57  53.446  -182.850   0.739
  69 dl4bg6b          19.53  0.0  -0.000    11.022      -0.002      4.664   -0.001    0.007     26.221  -1.84  -0.57  58.516  -189.044   1.003
  70 gs               19.53  0.0  -0.000    11.022      -0.002      4.664   -0.001    0.007     26.221  -1.84  -0.57  58.516  -189.044   1.003
  71 dfch             19.68  0.0  -0.000    11.940      -0.003      6.395   -0.001    0.009     31.327  -1.84  -0.57  61.601  -193.342   1.185
  72 chv              19.68  0.0  -0.000    11.940      -0.003      6.395   -0.001    0.009     31.327  -1.84  -0.57  61.601  -193.342   1.185
  73 dfch             19.83  0.0  -0.000    12.877      -0.004      8.486   -0.001    0.011     36.544  -1.84  -0.57  64.354  -197.668   1.368
  74 dl4ag6b          19.91  0.0  -0.000    13.398      -0.004      9.798   -0.002    0.012     39.450  -1.84  -0.57  65.722  -200.050   1.467
  75 ql3sp01          20.16 -1.0  -0.001    14.949      -0.006     16.603   -0.002    0.014     45.906  -1.56  -1.33  75.242  -185.852   1.847
  76 dbpm             20.25  0.0  -0.001    15.417      -0.007     20.458   -0.002    0.015     46.860  -1.56  -1.33  80.691  -173.936   2.008
  77 bpm              20.25  0.0  -0.001    15.417      -0.007     20.458   -0.002    0.015     46.860  -1.56  -1.33  80.691  -173.936   2.008
  78 dl3bg6b          20.33  0.0  -0.001    15.827      -0.008     24.864   -0.002    0.015     47.429  -1.56  -1.33  86.198  -162.410   2.170
  79 sl3              20.53 -1.5  -0.002    16.542      -0.011     37.207   -0.002    0.015     47.405  -1.56  -1.33  98.994  -137.529   2.539
  80 dl3ag6b          21.15  0.0  -0.004    16.809      -0.022     98.929   -0.002    0.012     38.492  -1.56  -1.33  140.085  -73.924   3.671
  81 ql2sp01          21.55  1.0  -0.004    15.842      -0.022    103.759   -0.002    0.011     34.907  -3.30  -0.75  131.233  -64.607   3.799
  82 dl2cg6b          21.80  0.0  -0.003    15.114      -0.016     77.588   -0.002    0.011     35.918  -3.30  -0.75  105.501  -73.850   3.493
  83 sl2              22.00  1.5  -0.003    14.409      -0.012     60.142   -0.002    0.012     36.418  -3.30  -0.75  86.908  -81.631   3.248
  84 dl2bg6b          22.14  0.0  -0.002    13.860      -0.010     49.806   -0.002    0.012     36.584  -3.30  -0.75  75.153  -87.182   3.080
  85 dsch             22.24  0.0  -0.002    13.429      -0.009     43.083   -0.002    0.012     36.605  -3.30  -0.75  67.128  -91.320   2.957
  86 chv              22.24  0.0  -0.002    13.429      -0.009     43.083   -0.002    0.012     36.605  -3.30  -0.75  67.128  -91.320   2.957
  87 dsch             22.34  0.0  -0.002    12.969      -0.007     36.993   -0.002    0.012     36.537  -3.30  -0.75  59.545  -95.545   2.835
  88 dl2ag6b          22.47  0.0  -0.001    12.291      -0.006     29.598   -0.002    0.012     36.292  -3.30  -0.75  49.840  -101.494   2.667
  89 ql1sp01          22.72 -1.0  -0.001    10.992      -0.004     22.523   -0.001    0.011     33.628  -2.98  -1.22  37.766  -99.605   2.504
  90 dl1ag6b          22.81  0.0  -0.001    10.550      -0.004     21.619   -0.001    0.011     32.074  -2.98  -1.22  35.002  -94.561   2.496
  91 bpm              22.81  0.0  -0.001    10.550      -0.004     21.619   -0.001    0.011     32.074  -2.98  -1.22  35.002  -94.561   2.496
  92 dbpm             22.90  0.0  -0.001    10.119      -0.004     20.741   -0.001    0.010     30.564  -2.98  -1.22  32.306  -89.638   2.488
  93 sl1              23.10  1.5  -0.001     9.174      -0.003     18.828   -0.001    0.009     27.275  -2.98  -1.22  26.399  -78.844   2.470
  94 ge               23.10  0.0  -0.001     9.174      -0.003     18.828   -0.001    0.009     27.275  -2.98  -1.22  26.399  -78.844   2.470
  95 gs               23.10  0.0  -0.001     9.174      -0.003     18.828   -0.001    0.009     27.275  -2.98  -1.22  26.399  -78.844   2.470
  96 dl0g1a           26.40  0.0  -0.000     1.444       0.002      4.141   -0.000   -0.001      2.380  -2.98  -1.22  -19.886   7.349   2.174
  97 dl0g1a           29.70  0.0  -0.001     9.174      -0.003     14.313   -0.001    0.009     20.735  -2.98  -1.22  30.338  -79.781   1.878
  98 ge               29.70  0.0  -0.001     9.174      -0.003     14.313   -0.001    0.009     20.735  -2.98  -1.22  30.338  -79.781   1.878
  99 gs               29.70  0.0  -0.001     9.174      -0.003     14.313   -0.001    0.009     20.735  -2.98  -1.22  30.338  -79.781   1.878
 100 sl1              29.90  1.5  -0.001    10.119      -0.004     15.505   -0.001    0.010     22.847  -2.98  -1.22  36.483  -90.632   1.860
 101 dl1ag2a          29.99  0.0  -0.001    10.550      -0.004     16.042   -0.001    0.011     23.800  -2.98  -1.22  39.283  -95.580   1.852
 102 bpm              29.99  0.0  -0.001    10.550      -0.004     16.042   -0.001    0.011     23.800  -2.98  -1.22  39.283  -95.580   1.852
 103 dbpm             30.07  0.0  -0.001    10.992      -0.005     16.589   -0.001    0.011     24.769  -2.98  -1.22  42.152  -100.649   1.844
 104 ql1sp01          30.32 -1.0  -0.001    12.291      -0.006     21.361   -0.002    0.012     26.192  -2.59  -1.70  55.050  -102.492   1.924
 105 dl2ag2a          30.46  0.0  -0.002    12.969      -0.008     26.435   -0.002    0.012     26.109  -2.59  -1.70  65.559  -96.458   2.026
 106 dsch             30.56  0.0  -0.002    13.429      -0.010     30.586   -0.002    0.012     25.987  -2.59  -1.70  73.761  -92.173   2.099
 107 chv              30.56  0.0  -0.002    13.429      -0.010     30.586   -0.002    0.012     25.987  -2.59  -1.70  73.761  -92.173   2.099
 108 dsch             30.66  0.0  -0.002    13.860      -0.011     35.146   -0.002    0.012     25.815  -2.59  -1.70  82.435  -87.975   2.173
 109 dl2bg2a          30.80  0.0  -0.003    14.409      -0.013     42.117   -0.002    0.012     25.503  -2.59  -1.70  95.129  -82.347   2.275
 110 sl2              31.00  1.5  -0.003    15.114      -0.017     53.801   -0.002    0.011     24.906  -2.59  -1.70  115.187  -74.457   2.422
 111 dl2cg2a          31.25  0.0  -0.004    15.842      -0.023     71.185   -0.002    0.011     23.948  -2.59  -1.70  142.914  -65.088   2.606
 112 ql2sp01          31.65  1.0  -0.004    16.809      -0.024     66.822   -0.002    0.012     26.000  -4.31  -1.03  151.292  -74.351   2.480
 113 dl3ag2a          32.26  0.0  -0.002    16.542      -0.011     24.175   -0.002    0.015     30.801  -4.31  -1.03  104.690  -138.065   1.650
 114 sl3              32.46 -1.5  -0.001    15.827      -0.008     15.803   -0.002    0.015     30.145  -4.31  -1.03  90.489  -162.977   1.379
 115 dl3bg2a          32.55  0.0  -0.001    15.417      -0.007     12.842   -0.002    0.015     29.416  -4.31  -1.03  84.429  -174.516   1.261
 116 bpm              32.55  0.0  -0.001    15.417      -0.007     12.842   -0.002    0.015     29.416  -4.31  -1.03  84.429  -174.516   1.261
 117 dbpm             32.64  0.0  -0.001    14.949      -0.006     10.270   -0.002    0.014     28.394  -4.31  -1.03  78.462  -186.445   1.142
 118 ql3sp01          32.89 -1.0  -0.000    13.398      -0.004      5.702   -0.002    0.012     22.957  -4.10  -1.86  67.900  -200.619   0.854
 119 dl4ag2a          33.17  0.0  -0.000    11.635      -0.003      2.981   -0.001    0.008     15.269  -4.10  -1.86  62.043  -192.400   0.580
 120 dfch             33.32  0.0  -0.000    10.724      -0.002      1.917   -0.001    0.007     11.302  -4.10  -1.86  58.498  -188.063   0.434
 121 chv              33.32  0.0  -0.000    10.724      -0.002      1.917   -0.001    0.007     11.302  -4.10  -1.86  58.498  -188.063   0.434
 122 dfch             33.47  0.0  -0.000     9.835      -0.001      1.082   -0.001    0.005      7.419  -4.10  -1.86  54.658  -183.753   0.288
 123 ge               33.47  0.0  -0.000     9.835      -0.001      1.082   -0.001    0.005      7.419  -4.10  -1.86  54.658  -183.753   0.288
 124 dl4bg3a          33.49  0.0  -0.000     9.728      -0.001      0.995   -0.001    0.005      6.951  -4.10  -1.86  54.169  -183.229   0.270
 125 gs               33.49  0.0  -0.000     9.728      -0.001      0.995   -0.001    0.005      6.951  -4.10  -1.86  54.169  -183.229   0.270
 126 b1sp01           36.11  0.5   0.366     7.488      -8.357     -6.792    2.881  -15.167    -53.437  -4.10  -1.86  -60.921  -110.566  -2.544
 127 dm1ag3a          36.47  0.0   0.717     9.131     -14.761    -12.163    3.579  -17.718    -60.694  -4.10  -1.86  -84.129  -100.982  -2.976
 128 sq2hsp01         36.62  0.0   0.914     9.817     -18.005    -15.074    3.854  -18.564    -63.546  -4.10  -1.86  -94.175  -97.100  -3.153
 129 chv              36.62  0.0   0.914     9.817     -18.005    -15.074    3.854  -18.564    -63.546  -4.10  -1.86  -94.175  -97.100  -3.153
 130 sm3              36.62  0.0   0.914     9.817     -18.005    -15.074    3.854  -18.564    -63.546  -4.10  -1.86  -94.175  -97.100  -3.153
 131 sq2hsp01         36.77  0.0   1.146    10.504     -21.626    -18.446    4.121  -19.295    -66.323  -4.10  -1.86  -104.516  -93.251  -3.330
 132 dm1bg3a          37.08  0.0   1.750    11.920     -30.365    -27.021    4.654  -20.447    -71.839  -4.10  -1.86  -126.825  -85.399  -3.696
 133 ge               37.08  0.0   1.750    11.920     -30.365    -27.021    4.654  -20.447    -71.839  -4.10  -1.86  -126.825  -85.399  -3.696
 134 gs               37.08  0.0   1.750    11.920     -30.365    -27.021    4.654  -20.447    -71.839  -4.10  -1.86  -126.825  -85.399  -3.696
 135 qm1sp01          37.33 -1.0   2.557    13.023     -41.846    -38.554    4.917  -20.136    -74.154  -3.95  -2.16  -153.703  -73.961  -4.106
 136 dm2a2g4b         37.53  0.0   3.549    13.775     -55.931    -52.857    4.942  -18.700    -73.605  -3.95  -2.16  -183.969  -61.508  -4.528
 137 sm1a             37.73 -1.5   4.772    14.380     -71.559    -69.748    4.886  -18.161    -71.402  -3.95  -2.16  -213.102  -54.083  -4.908
 138 dm2b2g4b         38.31  0.0   9.879    15.299    -125.902   -135.616    4.347  -19.356    -59.674  -3.95  -2.16  -293.932  -45.189  -5.880
 139 bpm              38.31  0.0   9.879    15.299    -125.902   -135.616    4.347  -19.356    -59.674  -3.95  -2.16  -293.932  -45.189  -5.880
 140 dbpm             38.40  0.0  10.870    15.329    -135.710   -148.127    4.228  -19.389    -57.613  -3.95  -2.16  -306.870  -43.843  -6.026
 141 qm2sp01          38.65  1.0  12.409    15.324    -145.407   -164.769    4.044  -20.557    -53.694  -4.69  -1.92  -314.569  -44.472  -6.138
 142 dm2cg4a          38.85  0.0  12.407    15.315    -137.099   -160.523    4.039  -22.434    -52.255  -4.69  -1.92  -296.597  -48.534  -5.980
 143 sm2              39.10  1.5  12.407    15.315    -136.245   -160.014    4.039  -21.651    -52.091  -4.69  -1.92  -294.750  -46.840  -5.961
 144 dm2cg4b          39.30  0.0  12.409    15.325    -143.185   -163.447    4.044  -18.521    -53.265  -4.69  -1.92  -309.766  -40.068  -6.089
 145 qm2sp01          39.55  1.0  10.870    15.329    -132.223   -146.051    4.228  -15.679    -56.809  -5.37  -1.65  -298.990  -35.455  -5.942
 146 dm2b2g4a         40.07  0.0   5.856    14.736     -79.682    -81.533    4.796  -11.476    -66.777  -5.37  -1.65  -221.575  -31.912  -5.007
 147 sm1b             40.27 -1.5   4.443    14.242     -62.167    -62.210    4.907  -11.298    -68.706  -5.37  -1.65  -189.626  -34.461  -4.590
 148 dm2a2g4a         40.53  0.0   2.963    13.370     -41.812    -41.139    4.939  -12.738    -68.563  -5.37  -1.65  -146.127  -44.519  -3.972
 149 bpm              40.53  0.0   2.963    13.370     -41.812    -41.139    4.939  -12.738    -68.563  -5.37  -1.65  -146.127  -44.519  -3.972
 150 dbpm             40.62  0.0   2.556    13.023     -36.167    -35.363    4.917  -13.094    -68.029  -5.37  -1.65  -132.853  -48.100  -3.766
 151 qm1sp01          40.87 -1.0   1.750    11.920     -25.044    -24.022    4.654  -13.187    -63.881  -5.25  -1.98  -104.610  -55.081  -3.286
 152 dm1eg4b          41.09  0.0   1.304    10.917     -18.888    -17.815    4.279  -12.544    -58.467  -5.25  -1.98  -87.292  -57.972  -2.956
 153 dfch             41.24  0.0   1.049    10.230     -15.300    -14.280    4.016  -12.032    -54.653  -5.25  -1.98  -76.255  -59.969  -2.731
 154 sm3              41.24  0.0   1.049    10.230     -15.300    -14.280    4.016  -12.032    -54.653  -5.25  -1.98  -76.255  -59.969  -2.731
 155 chv              41.24  0.0   1.049    10.230     -15.300    -14.280    4.016  -12.032    -54.653  -5.25  -1.98  -76.255  -59.969  -2.731
 156 dfch             41.39  0.0   0.832     9.543     -12.178    -11.266    3.745  -11.461    -50.741  -5.25  -1.98  -65.862  -61.983  -2.505
 157 ge               41.39  0.0   0.832     9.543     -12.178    -11.266    3.745  -11.461    -50.741  -5.25  -1.98  -65.862  -61.983  -2.505
 158 gs               41.39  0.0   0.832     9.543     -12.178    -11.266    3.745  -11.461    -50.741  -5.25  -1.98  -65.862  -61.983  -2.505
 159 dm1dg5b          41.45  0.0   0.760     9.290     -11.137    -10.276    3.643  -11.235    -49.271  -5.25  -1.98  -62.186  -62.731  -2.422
 160 dpwg5b           41.65  0.0   0.537     8.381      -7.850     -7.209    3.268  -10.349    -43.849  -5.25  -1.98  -49.646  -65.451  -2.121
 161 dm1cg5b          41.85  0.0   0.366     7.486      -5.246     -4.858    2.881   -9.354    -38.243  -5.25  -1.98  -38.249  -68.203  -1.821
 162 b1sp01           44.47  0.5  -0.000     9.732      -0.001      6.999   -0.002    0.010     48.897  -5.25  -1.98   5.547  -105.897   1.901
 163 ge               44.47  0.0  -0.000     9.732      -0.001      6.999   -0.002    0.010     48.897  -5.25  -1.98   5.547  -105.897   1.901
 164 dh4cg6b          44.67  0.0  -0.001    10.936      -0.000      9.932   -0.003    0.012     56.619  -5.25  -1.98   0.774  -108.905   2.168
 165 gs               44.67  0.0  -0.001    10.936      -0.000      9.932   -0.003    0.012     56.619  -5.25  -1.98   0.774  -108.905   2.168
 166 dfch             44.82  0.0  -0.001    11.852       0.000     12.589   -0.003    0.013     62.471  -5.25  -1.98  -3.513  -111.146   2.366
 167 chv              44.82  0.0  -0.001    11.852       0.000     12.589   -0.003    0.013     62.471  -5.25  -1.98  -3.513  -111.146   2.366
 168 dfch             44.97  0.0  -0.001    12.788       0.001     15.704   -0.004    0.015     68.447  -5.25  -1.98  -8.443  -113.401   2.564
 169 dh4bg6b          45.05  0.0  -0.001    13.276       0.002     17.497   -0.004    0.016     71.569  -5.25  -1.98  -11.229  -114.567   2.666
 170 sh4              45.25 -1.5  -0.001    14.562       0.003     22.795   -0.004    0.018     79.821  -5.25  -1.98  -19.244  -117.603   2.929
 171 dh4ag6b          45.33  0.0  -0.001    15.133       0.004     25.424   -0.004    0.019     83.502  -5.25  -1.98  -23.111  -118.938   3.045
 172 bpm              45.33  0.0  -0.001    15.133       0.004     25.424   -0.004    0.019     83.502  -5.25  -1.98  -23.111  -118.938   3.045
 173 dbpm             45.42  0.0  -0.001    15.710       0.004     28.254   -0.005    0.020     87.228  -5.25  -1.98  -27.197  -120.278   3.160
 174 qh3sp01          45.67 -1.0  -0.002    17.297       0.009     44.044   -0.005    0.020     92.034  -4.81  -2.90  -45.595  -107.444   3.681
 175 dh3bg6b          45.87  0.0  -0.003    18.164       0.015     67.022   -0.005    0.019     88.671  -4.81  -2.90  -68.278  -86.470   4.244
 176 sh3              46.07 -1.5  -0.005    18.598       0.024     97.748   -0.004    0.017     82.277  -4.81  -2.90  -95.811  -67.242   4.822
 177 dh3ag6b          46.26  0.0  -0.007    18.584       0.035    134.535   -0.004    0.014     74.051  -4.81  -2.90  -125.970  -51.119   5.371
 178 qh2sp01          46.66  1.0  -0.009    17.719       0.046    166.878   -0.003    0.011     62.914  -6.32  -2.33  -152.504  -36.370   5.783
 179 dh2cg6b          46.81  0.0  -0.008    17.360       0.043    155.437   -0.003    0.011     61.931  -6.32  -2.33  -145.104  -36.066   5.652
 180 sh2              47.01  0.0  -0.007    16.882       0.039    141.025   -0.003    0.010     60.626  -6.32  -2.33  -135.513  -35.648   5.477
 181 dh2bg6b          47.19  0.0  -0.007    16.447       0.035    128.691   -0.003    0.010     59.438  -6.32  -2.33  -127.040  -35.254   5.318
 182 dsch             47.29  0.0  -0.006    16.209       0.033    122.254   -0.003    0.010     58.786  -6.32  -2.33  -122.509  -35.032   5.230
 183 chv              47.29  0.0  -0.006    16.209       0.033    122.254   -0.003    0.010     58.786  -6.32  -2.33  -122.509  -35.032   5.230
 184 dsch             47.39  0.0  -0.006    15.971       0.032    116.040   -0.003    0.009     58.134  -6.32  -2.33  -118.057  -34.807   5.143
 185 dh2ag6b          47.52  0.0  -0.006    15.655       0.029    108.142   -0.003    0.009     57.268  -6.32  -2.33  -112.281  -34.502   5.027
 186 qh1sp01          47.77 -1.0  -0.005    15.065       0.028    100.676   -0.003    0.008     54.464  -6.04  -2.48  -107.238  -31.986   4.915
 187 dh1ag6b          47.86  0.0  -0.005    14.863       0.028    100.411   -0.003    0.008     53.106  -6.04  -2.48  -107.414  -30.470   4.913
 188 bpm              47.86  0.0  -0.005    14.863       0.028    100.411   -0.003    0.008     53.106  -6.04  -2.48  -107.414  -30.470   4.913
 189 dbpm             47.95  0.0  -0.005    14.662       0.028    100.150   -0.003    0.007     51.773  -6.04  -2.48  -107.588  -28.980   4.911
 190 sh1              48.15  1.5  -0.005    14.209       0.028     99.569   -0.003    0.007     48.817  -6.04  -2.48  -107.968  -25.679   4.907
 191 ge               48.15  0.0  -0.005    14.209       0.028     99.569   -0.003    0.007     48.817  -6.04  -2.48  -107.968  -25.679   4.907
 192 dh0g1a           52.80  0.0  -0.005     7.840       0.029     91.971   -0.001   -0.003     15.390  -6.04  -2.48  -112.179  11.578   4.799
 193 cav              52.80  0.0  -0.005     7.840       0.029     91.971   -0.001   -0.003     15.390  -6.04  -2.48  -112.179  11.578   4.799
