#   A_x        A_y      nu_x    nu_y
#
 1.000e+00 -1.000e+01  2.609e-02  1.559e+01 0.21725 0.06866
 1.000e+00 -9.600e+00  2.609e-02  1.437e+01 0.21679 0.06952
 1.000e+00 -9.200e+00  2.609e-02  1.320e+01 0.21636 0.07023
 1.000e+00 -8.800e+00  2.609e-02  1.207e+01 0.21595 0.07083
 1.000e+00 -8.400e+00  2.609e-02  1.100e+01 0.21556 0.07133
 1.000e+00 -8.000e+00  2.609e-02  9.978e+00 0.21516 0.07175
 1.000e+00 -7.600e+00  2.609e-02  9.005e+00 0.21480 0.07210
 1.000e+00 -7.200e+00  2.609e-02  8.082e+00 0.21445 0.07240
 1.000e+00 -6.800e+00  2.609e-02  7.209e+00 0.21410 0.07266
 1.000e+00 -6.400e+00  2.609e-02  6.386e+00 0.21376 0.07288
 1.000e+00 -6.000e+00  2.609e-02  5.613e+00 0.21344 0.07306
 1.000e+00 -5.600e+00  2.609e-02  4.889e+00 0.21313 0.07322
 1.000e+00 -5.200e+00  2.609e-02  4.216e+00 0.21283 0.07336
 1.000e+00 -4.800e+00  2.609e-02  3.592e+00 0.21255 0.07348
 1.000e+00 -4.400e+00  2.609e-02  3.018e+00 0.21229 0.07358
 1.000e+00 -4.000e+00  2.609e-02  2.495e+00 0.21204 0.07367
 1.000e+00 -3.600e+00  2.609e-02  2.021e+00 0.21182 0.07374
 1.000e+00 -3.200e+00  2.609e-02  1.597e+00 0.21161 0.07380
 1.000e+00 -2.800e+00  2.609e-02  1.222e+00 0.21143 0.07385
 1.000e+00 -2.400e+00  2.609e-02  8.980e-01 0.21127 0.07390
 1.000e+00 -2.000e+00  2.609e-02  6.236e-01 0.21114 0.07393
 1.000e+00 -1.600e+00  2.609e-02  3.991e-01 0.21102 0.07396
 1.000e+00 -1.200e+00  2.609e-02  2.245e-01 0.21094 0.07398
 1.000e+00 -8.000e-01  2.609e-02  9.978e-02 0.21087 0.07399
 1.000e+00 -4.000e-01  2.609e-02  2.495e-02 0.21083 0.07400
 1.000e+00  1.000e+00  2.609e-02  1.559e-01 0.21090 0.07399
 1.000e+00  4.000e-01  2.609e-02  2.495e-02 0.21083 0.07400
 1.000e+00  8.000e-01  2.609e-02  9.978e-02 0.21087 0.07399
 1.000e+00  1.200e+00  2.609e-02  2.245e-01 0.21094 0.07398
 1.000e+00  1.600e+00  2.609e-02  3.991e-01 0.21102 0.07396
 1.000e+00  2.000e+00  2.609e-02  6.236e-01 0.21114 0.07393
 1.000e+00  2.400e+00  2.609e-02  8.980e-01 0.21127 0.07390
 1.000e+00  2.800e+00  2.609e-02  1.222e+00 0.21143 0.07385
 1.000e+00  3.200e+00  2.609e-02  1.597e+00 0.21161 0.07380
 1.000e+00  3.600e+00  2.609e-02  2.021e+00 0.21182 0.07374
 1.000e+00  4.000e+00  2.609e-02  2.495e+00 0.21204 0.07367
 1.000e+00  4.400e+00  2.609e-02  3.018e+00 0.21229 0.07358
 1.000e+00  4.800e+00  2.609e-02  3.592e+00 0.21255 0.07348
 1.000e+00  5.200e+00  2.609e-02  4.216e+00 0.21283 0.07336
 1.000e+00  5.600e+00  2.609e-02  4.889e+00 0.21313 0.07322
 1.000e+00  6.000e+00  2.609e-02  5.613e+00 0.21344 0.07306
 1.000e+00  6.400e+00  2.609e-02  6.386e+00 0.21376 0.07288
 1.000e+00  6.800e+00  2.609e-02  7.209e+00 0.21410 0.07266
 1.000e+00  7.200e+00  2.609e-02  8.082e+00 0.21445 0.07240
 1.000e+00  7.600e+00  2.609e-02  9.005e+00 0.21480 0.07210
 1.000e+00  8.000e+00  2.609e-02  9.978e+00 0.21516 0.07175
 1.000e+00  8.400e+00  2.609e-02  1.100e+01 0.21556 0.07133
 1.000e+00  8.800e+00  2.609e-02  1.207e+01 0.21595 0.07083
 1.000e+00  9.200e+00  2.609e-02  1.320e+01 0.21636 0.07023
 1.000e+00  9.600e+00  2.609e-02  1.437e+01 0.21679 0.06952
 1.000e+00  1.000e+01  2.609e-02  1.559e+01 0.21725 0.06866
