#   A_x        A_y        J_x        J_y      nu_x    nu_y
#
-2.000e+01  1.000e+00  1.044e+01  1.559e-01 0.20309 0.08036
-1.920e+01  1.000e+00  9.618e+00  1.559e-01 0.20356 0.07981
-1.840e+01  1.000e+00  8.833e+00  1.559e-01 0.20403 0.07927
-1.760e+01  1.000e+00  8.082e+00  1.559e-01 0.20450 0.07875
-1.680e+01  1.000e+00  7.364e+00  1.559e-01 0.20497 0.07828
-1.600e+01  1.000e+00  6.679e+00  1.559e-01 0.20544 0.07782
-1.520e+01  1.000e+00  6.028e+00  1.559e-01 0.20590 0.07740
-1.440e+01  1.000e+00  5.410e+00  1.559e-01 0.20636 0.07701
-1.360e+01  1.000e+00  4.826e+00  1.559e-01 0.20680 0.07665
-1.280e+01  1.000e+00  4.275e+00  1.559e-01 0.20722 0.07632
-1.200e+01  1.000e+00  3.757e+00  1.559e-01 0.20763 0.07601
-1.120e+01  1.000e+00  3.273e+00  1.559e-01 0.20803 0.07573
-1.040e+01  1.000e+00  2.822e+00  1.559e-01 0.20840 0.07547
-9.600e+00  1.000e+00  2.404e+00  1.559e-01 0.20875 0.07524
-8.800e+00  1.000e+00  2.020e+00  1.559e-01 0.20908 0.07503
-8.000e+00  1.000e+00  1.670e+00  1.559e-01 0.20939 0.07484
-7.200e+00  1.000e+00  1.352e+00  1.559e-01 0.20967 0.07467
-6.400e+00  1.000e+00  1.069e+00  1.559e-01 0.20993 0.07452
-5.600e+00  1.000e+00  8.182e-01  1.559e-01 0.21016 0.07439
-4.800e+00  1.000e+00  6.011e-01  1.559e-01 0.21036 0.07428
-4.000e+00  1.000e+00  4.174e-01  1.559e-01 0.21053 0.07419
-3.200e+00  1.000e+00  2.672e-01  1.559e-01 0.21067 0.07411
-2.400e+00  1.000e+00  1.503e-01  1.559e-01 0.21078 0.07405
-1.600e+00  1.000e+00  6.679e-02  1.559e-01 0.21086 0.07401
-8.000e-01  1.000e+00  1.670e-02  1.559e-01 0.21091 0.07398
 1.000e+00  1.000e+00  2.609e-02  1.559e-01 0.21090 0.07399
 8.000e-01  1.000e+00  1.670e-02  1.559e-01 0.21091 0.07398
 1.600e+00  1.000e+00  6.679e-02  1.559e-01 0.21086 0.07401
 2.400e+00  1.000e+00  1.503e-01  1.559e-01 0.21078 0.07405
 3.200e+00  1.000e+00  2.672e-01  1.559e-01 0.21066 0.07411
 4.000e+00  1.000e+00  4.174e-01  1.559e-01 0.21051 0.07419
 4.800e+00  1.000e+00  6.011e-01  1.559e-01 0.21033 0.07429
 5.600e+00  1.000e+00  8.182e-01  1.559e-01 0.21012 0.07441
 6.400e+00  1.000e+00  1.069e+00  1.559e-01 0.20987 0.07455
 7.200e+00  1.000e+00  1.352e+00  1.559e-01 0.20960 0.07471
 8.000e+00  1.000e+00  1.670e+00  1.559e-01 0.20929 0.07490
 8.800e+00  1.000e+00  2.020e+00  1.559e-01 0.20895 0.07511
 9.600e+00  1.000e+00  2.404e+00  1.559e-01 0.20858 0.07535
 1.040e+01  1.000e+00  2.822e+00  1.559e-01 0.20819 0.07561
 1.120e+01  1.000e+00  3.273e+00  1.559e-01 0.20777 0.07591
 1.200e+01  1.000e+00  3.757e+00  1.559e-01 0.20732 0.07624
 1.280e+01  1.000e+00  4.275e+00  1.559e-01 0.20685 0.07660
 1.360e+01  1.000e+00  4.826e+00  1.559e-01 0.20636 0.07700
 1.440e+01  1.000e+00  5.410e+00  1.559e-01 0.20585 0.07744
 1.520e+01  1.000e+00  6.028e+00  1.559e-01 0.20531 0.07793
 1.600e+01  1.000e+00  6.679e+00  1.559e-01 0.20476 0.07847
 1.680e+01  1.000e+00  7.364e+00  1.559e-01 0.20419 0.07907
 1.760e+01  1.000e+00  8.082e+00  1.559e-01 0.20359 0.07973
 1.840e+01  1.000e+00  8.833e+00  1.559e-01 0.20296 0.08049
 1.920e+01  1.000e+00  9.618e+00  1.559e-01 0.20225 0.08140
#  2.000e+01  1.000e+00 particle lost
