-3.00  2.21568  1.07239
-2.85  2.21444  1.07271
-2.70  2.21344  1.07299
-2.55  2.21264  1.07322
-2.40  2.21203  1.07342
-2.25  2.21156  1.07357
-2.10  2.21121  1.07370
-1.95  2.21096  1.07380
-1.80  2.21079  1.07388
-1.65  2.21069  1.07393
-1.50  2.21063  1.07397
-1.35  2.21061  1.07400
-1.20  2.21062  1.07401
-1.05  2.21064  1.07402
-0.90  2.21068  1.07402
-0.75  2.21072  1.07402
-0.60  2.21076  1.07401
-0.45  2.21079  1.07400
-0.30  2.21082  1.07400
-0.15  2.21084  1.07399
 0.00  2.21085  1.07399
 0.15  2.21084  1.07399
 0.30  2.21082  1.07400
 0.45  2.21078  1.07401
 0.60  2.21073  1.07402
 0.75  2.21065  1.07404
 0.90  2.21056  1.07406
 1.05  2.21046  1.07408
 1.20  2.21033  1.07411
 1.35  2.21018  1.07414
 1.50  2.21002  1.07417
 1.65  2.20983  1.07421
 1.80  2.20963  1.07424
 1.95  2.20940  1.07428
 2.10  2.20916  1.07431
 2.25  2.20889  1.07435
 2.40  2.20860  1.07438
 2.55  2.20828  1.07441
 2.70  2.20795  1.07443
 2.85  2.20759  1.07446
 3.00  2.20720  1.07447
