  0.00000e+00  0.00000e+00  0.00000e+00  0.00000e+00
  0.00000e+00  7.01588e-07  1.01912e-04 -1.59488e-04
  0.00000e+00  1.40318e-06  2.08833e-04 -3.18554e-04
  0.00000e+00  2.10477e-06  3.21134e-04 -4.77291e-04
  0.00000e+00  2.80635e-06  4.39188e-04 -6.35788e-04
  0.00000e+00  3.50794e-06  5.63365e-04 -7.94138e-04
  0.00000e+00  4.20953e-06  6.94039e-04 -9.52433e-04
  0.00000e+00  4.91112e-06  8.31580e-04 -1.11076e-03
  0.00000e+00  5.61271e-06  9.76361e-04 -1.26922e-03
  0.00000e+00  6.31430e-06  1.12875e-03 -1.42790e-03
  0.00000e+00  7.01588e-06  1.28913e-03 -1.58688e-03
  0.00000e+00  7.71747e-06  1.45786e-03 -1.74627e-03
  0.00000e+00  8.41906e-06  1.63532e-03 -1.90615e-03
  0.00000e+00  9.12065e-06  1.82187e-03 -2.06662e-03
  0.00000e+00  9.82224e-06  2.01790e-03 -2.22776e-03
  0.00000e+00  1.05238e-05  2.22377e-03 -2.38967e-03
  0.00000e+00  1.12254e-05  2.43985e-03 -2.55244e-03
  0.00000e+00  1.19270e-05  2.66652e-03 -2.71616e-03
  0.00000e+00  1.26286e-05  2.90415e-03 -2.88092e-03
  0.00000e+00  1.33302e-05  3.15311e-03 -3.04681e-03
  0.00000e+00  1.40318e-05  3.41376e-03 -3.21393e-03
  0.00000e+00  1.47334e-05  3.68650e-03 -3.38237e-03
  0.00000e+00  1.54349e-05  3.97167e-03 -3.55221e-03
  0.00000e+00  1.61365e-05  4.26967e-03 -3.72355e-03
  0.00000e+00  1.68381e-05  4.58085e-03 -3.89649e-03
  0.00000e+00  1.75397e-05  4.90559e-03 -4.07110e-03

  8.34874e-07  0.00000e+00 -4.77815e-05  1.27035e-04
  8.34874e-07  7.01588e-07  6.86892e-05 -2.66342e-05
  8.34874e-07  1.40318e-06  1.90303e-04 -1.79439e-04
  8.34874e-07  2.10477e-06  3.17432e-04 -3.31472e-04
  8.34874e-07  2.80635e-06  4.50447e-04 -4.82823e-04
  8.34874e-07  3.50794e-06  5.89721e-04 -6.33584e-04
  8.34874e-07  4.20953e-06  7.35626e-04 -7.83848e-04
  8.34874e-07  4.91112e-06  8.88532e-04 -9.33704e-04
  8.34874e-07  5.61271e-06  1.04881e-03 -1.08325e-03
  8.34874e-07  6.31430e-06  1.21684e-03 -1.23256e-03
  8.34874e-07  7.01588e-06  1.39298e-03 -1.38175e-03
  8.34874e-07  7.71747e-06  1.57762e-03 -1.53089e-03
  8.34874e-07  8.41906e-06  1.77111e-03 -1.68009e-03
  8.34874e-07  9.12065e-06  1.97384e-03 -1.82942e-03
  8.34874e-07  9.82224e-06  2.18617e-03 -1.97900e-03
  8.34874e-07  1.05238e-05  2.40848e-03 -2.12889e-03
  8.34874e-07  1.12254e-05  2.64114e-03 -2.27920e-03
  8.34874e-07  1.19270e-05  2.88452e-03 -2.43002e-03
  8.34874e-07  1.26286e-05  3.13899e-03 -2.58144e-03
  8.34874e-07  1.33302e-05  3.40493e-03 -2.73356e-03
  8.34874e-07  1.40318e-05  3.68270e-03 -2.88645e-03
  8.34874e-07  1.47334e-05  3.97268e-03 -3.04022e-03
  8.34874e-07  1.54349e-05  4.27523e-03 -3.19495e-03
  8.34874e-07  1.61365e-05  4.59074e-03 -3.35074e-03
  8.34874e-07  1.68381e-05  4.91958e-03 -3.50768e-03
  8.34874e-07  1.75397e-05  5.26211e-03 -3.66586e-03

  1.66975e-06  0.00000e+00 -8.02786e-05  2.71481e-04
  1.66975e-06  7.01588e-07  5.10307e-05  1.23791e-04
  1.66975e-06  1.40318e-06  1.87618e-04 -2.25931e-05
  1.66975e-06  2.10477e-06  3.29854e-04 -1.67762e-04
  1.66975e-06  2.80635e-06  4.78111e-04 -3.11806e-04
  1.66975e-06  3.50794e-06  6.32761e-04 -4.54819e-04
  1.66975e-06  4.20953e-06  7.94176e-04 -5.96891e-04
  1.66975e-06  4.91112e-06  9.62728e-04 -7.38114e-04
  1.66975e-06  5.61271e-06  1.13879e-03 -8.78579e-04
  1.66975e-06  6.31430e-06  1.32273e-03 -1.01838e-03
  1.66975e-06  7.01588e-06  1.51492e-03 -1.15760e-03
  1.66975e-06  7.71747e-06  1.71574e-03 -1.29634e-03
  1.66975e-06  8.41906e-06  1.92555e-03 -1.43469e-03
  1.66975e-06  9.12065e-06  2.14473e-03 -1.57274e-03
  1.66975e-06  9.82224e-06  2.37365e-03 -1.71058e-03
  1.66975e-06  1.05238e-05  2.61268e-03 -1.84830e-03
  1.66975e-06  1.12254e-05  2.86219e-03 -1.98600e-03
  1.66975e-06  1.19270e-05  3.12256e-03 -2.12376e-03
  1.66975e-06  1.26286e-05  3.39416e-03 -2.26168e-03
  1.66975e-06  1.33302e-05  3.67735e-03 -2.39985e-03
  1.66975e-06  1.40318e-05  3.97251e-03 -2.53836e-03
  1.66975e-06  1.47334e-05  4.28002e-03 -2.67730e-03
  1.66975e-06  1.54349e-05  4.60024e-03 -2.81676e-03
  1.66975e-06  1.61365e-05  4.93355e-03 -2.95684e-03
  1.66975e-06  1.68381e-05  5.28031e-03 -3.09762e-03
  1.66975e-06  1.75397e-05  5.64090e-03 -3.23920e-03

  2.50462e-06  0.00000e+00 -9.72693e-05  4.33671e-04
  2.50462e-06  7.01588e-07  4.91585e-05  2.92119e-04
  2.50462e-06  1.40318e-06  2.00998e-04  1.52317e-04
  2.50462e-06  2.10477e-06  3.58622e-04  1.41724e-05
  2.50462e-06  2.80635e-06  5.22401e-04 -1.22406e-04
  2.50462e-06  3.50794e-06  6.92708e-04 -2.57510e-04
  2.50462e-06  4.20953e-06  8.69913e-04 -3.91231e-04
  2.50462e-06  4.91112e-06  1.05439e-03 -5.23660e-04
  2.50462e-06  5.61271e-06  1.24651e-03 -6.54889e-04
  2.50462e-06  6.31430e-06  1.44664e-03 -7.85010e-04
  2.50462e-06  7.01588e-06  1.65517e-03 -9.14113e-04
  2.50462e-06  7.71747e-06  1.87245e-03 -1.04229e-03
  2.50462e-06  8.41906e-06  2.09885e-03 -1.16963e-03
  2.50462e-06  9.12065e-06  2.33477e-03 -1.29623e-03
  2.50462e-06  9.82224e-06  2.58055e-03 -1.42218e-03
  2.50462e-06  1.05238e-05  2.83658e-03 -1.54757e-03
  2.50462e-06  1.12254e-05  3.10323e-03 -1.67249e-03
  2.50462e-06  1.19270e-05  3.38087e-03 -1.79704e-03
  2.50462e-06  1.26286e-05  3.66987e-03 -1.92130e-03
  2.50462e-06  1.33302e-05  3.97060e-03 -2.04536e-03
  2.50462e-06  1.40318e-05  4.28344e-03 -2.16932e-03
  2.50462e-06  1.47334e-05  4.60875e-03 -2.29327e-03
  2.50462e-06  1.54349e-05  4.94691e-03 -2.41731e-03
  2.50462e-06  1.61365e-05  5.29830e-03 -2.54151e-03
  2.50462e-06  1.68381e-05  5.66327e-03 -2.66598e-03
  2.50462e-06  1.75397e-05  6.04221e-03 -2.79080e-03

  3.33949e-06  0.00000e+00 -9.85321e-05  6.13938e-04
  3.33949e-06  7.01588e-07  6.32943e-05  4.78686e-04
  3.33949e-06  1.40318e-06  2.30667e-04  3.45625e-04
  3.33949e-06  2.10477e-06  4.03958e-04  2.14664e-04
  3.33949e-06  2.80635e-06  5.83539e-04  8.57112e-05
  3.33949e-06  3.50794e-06  7.69782e-04 -4.13241e-05
  3.33949e-06  4.20953e-06  9.63058e-04 -1.66534e-04
  3.33949e-06  4.91112e-06  1.16374e-03 -2.90009e-04
  3.33949e-06  5.61271e-06  1.37220e-03 -4.11842e-04
  3.33949e-06  6.31430e-06  1.58881e-03 -5.32124e-04
  3.33949e-06  7.01588e-06  1.81394e-03 -6.50946e-04
  3.33949e-06  7.71747e-06  2.04796e-03 -7.68400e-04
  3.33949e-06  8.41906e-06  2.29125e-03 -8.84578e-04
  3.33949e-06  9.12065e-06  2.54417e-03 -9.99570e-04
  3.33949e-06  9.82224e-06  2.80710e-03 -1.11347e-03
  3.33949e-06  1.05238e-05  3.08041e-03 -1.22636e-03
  3.33949e-06  1.12254e-05  3.36448e-03 -1.33835e-03
  3.33949e-06  1.19270e-05  3.65967e-03 -1.44951e-03
  3.33949e-06  1.26286e-05  3.96635e-03 -1.55995e-03
  3.33949e-06  1.33302e-05  4.28490e-03 -1.66975e-03
  3.33949e-06  1.40318e-05  4.61569e-03 -1.77901e-03
  3.33949e-06  1.47334e-05  4.95909e-03 -1.88781e-03
  3.33949e-06  1.54349e-05  5.31547e-03 -1.99625e-03
  3.33949e-06  1.61365e-05  5.68521e-03 -2.10443e-03
  3.33949e-06  1.68381e-05  6.06868e-03 -2.21242e-03
  3.33949e-06  1.75397e-05  6.46624e-03 -2.32032e-03

  4.17437e-06  0.00000e+00 -8.38450e-05  8.12616e-04
  4.17437e-06  7.01588e-07  9.36598e-05  6.83822e-04
  4.17437e-06  1.40318e-06  2.76845e-04  5.57662e-04
  4.17437e-06  2.10477e-06  4.66084e-04  4.34045e-04
  4.17437e-06  2.80635e-06  6.61746e-04  3.12879e-04
  4.17437e-06  3.50794e-06  8.64206e-04  1.94072e-04
  4.17437e-06  4.20953e-06  1.07383e-03  7.75338e-05
  4.17437e-06  4.91112e-06  1.29100e-03 -3.68282e-05
  4.17437e-06  5.61271e-06  1.51608e-03 -1.49105e-04
  4.17437e-06  6.31430e-06  1.74944e-03 -2.59388e-04
  4.17437e-06  7.01588e-06  1.99146e-03 -3.67770e-04
  4.17437e-06  7.71747e-06  2.24250e-03 -4.74340e-04
  4.17437e-06  8.41906e-06  2.50295e-03 -5.79191e-04
  4.17437e-06  9.12065e-06  2.77316e-03 -6.82415e-04
  4.17437e-06  9.82224e-06  3.05352e-03 -7.84102e-04
  4.17437e-06  1.05238e-05  3.34439e-03 -8.84345e-04
  4.17437e-06  1.12254e-05  3.64615e-03 -9.83234e-04
  4.17437e-06  1.19270e-05  3.95917e-03 -1.08086e-03
  4.17437e-06  1.26286e-05  4.28382e-03 -1.17732e-03
  4.17437e-06  1.33302e-05  4.62047e-03 -1.27270e-03
  4.17437e-06  1.40318e-05  4.96949e-03 -1.36709e-03
  4.17437e-06  1.47334e-05  5.33126e-03 -1.46058e-03
  4.17437e-06  1.54349e-05  5.70614e-03 -1.55327e-03
  4.17437e-06  1.61365e-05  6.09452e-03 -1.64525e-03
  4.17437e-06  1.68381e-05  6.49675e-03 -1.73661e-03
  4.17437e-06  1.75397e-05  6.91322e-03 -1.82743e-03

  5.00924e-06  0.00000e+00 -5.29864e-05  1.03004e-03
  5.00924e-06  7.01588e-07  1.40477e-04  9.07862e-04
  5.00924e-06  1.40318e-06  3.39755e-04  7.88764e-04
  5.00924e-06  2.10477e-06  5.45221e-04  6.72650e-04
  5.00924e-06  2.80635e-06  7.57245e-04  5.59430e-04
  5.00924e-06  3.50794e-06  9.76201e-04  4.49012e-04
  5.00924e-06  4.20953e-06  1.20246e-03  3.41305e-04
  5.00924e-06  4.91112e-06  1.43639e-03  2.36216e-04
  5.00924e-06  5.61271e-06  1.67837e-03  1.33656e-04
  5.00924e-06  6.31430e-06  1.92877e-03  3.35308e-05
  5.00924e-06  7.01588e-06  2.18795e-03 -6.42494e-05
  5.00924e-06  7.71747e-06  2.45630e-03 -1.59776e-04
  5.00924e-06  8.41906e-06  2.73418e-03 -2.53142e-04
  5.00924e-06  9.12065e-06  3.02197e-03 -3.44437e-04
  5.00924e-06  9.82224e-06  3.32003e-03 -4.33754e-04
  5.00924e-06  1.05238e-05  3.62875e-03 -5.21183e-04
  5.00924e-06  1.12254e-05  3.94848e-03 -6.06817e-04
  5.00924e-06  1.19270e-05  4.27961e-03 -6.90746e-04
  5.00924e-06  1.26286e-05  4.62250e-03 -7.73062e-04
  5.00924e-06  1.33302e-05  4.97752e-03 -8.53858e-04
  5.00924e-06  1.40318e-05  5.34506e-03 -9.33223e-04
  5.00924e-06  1.47334e-05  5.72547e-03 -1.01125e-03
  5.00924e-06  1.54349e-05  6.11914e-03 -1.08803e-03
  5.00924e-06  1.61365e-05  6.52643e-03 -1.16365e-03
  5.00924e-06  1.68381e-05  6.94772e-03 -1.23822e-03
  5.00924e-06  1.75397e-05  7.38337e-03 -1.31180e-03

  5.84412e-06  0.00000e+00 -5.73457e-06  1.26654e-03
  5.84412e-06  7.01588e-07  2.03967e-04  1.15114e-03
  5.84412e-06  1.40318e-06  4.19618e-04  1.03926e-03
  5.84412e-06  2.10477e-06  6.41591e-04  9.30812e-04
  5.84412e-06  2.80635e-06  8.70258e-04  8.25698e-04
  5.84412e-06  3.50794e-06  1.10599e-03  7.23829e-04
  5.84412e-06  4.20953e-06  1.34916e-03  6.25113e-04
  5.84412e-06  4.91112e-06  1.60013e-03  5.29458e-04
  5.84412e-06  5.61271e-06  1.85929e-03  4.36773e-04
  5.84412e-06  6.31430e-06  2.12700e-03  3.46967e-04
  5.84412e-06  7.01588e-06  2.40364e-03  2.59947e-04
  5.84412e-06  7.71747e-06  2.68957e-03  1.75624e-04
  5.84412e-06  8.41906e-06  2.98517e-03  9.39041e-05
  5.84412e-06  9.12065e-06  3.29081e-03  1.46972e-05
  5.84412e-06  9.82224e-06  3.60686e-03 -6.20885e-05
  5.84412e-06  1.05238e-05  3.93369e-03 -1.36545e-04
  5.84412e-06  1.12254e-05  4.27168e-03 -2.08762e-04
  5.84412e-06  1.19270e-05  4.62119e-03 -2.78834e-04
  5.84412e-06  1.26286e-05  4.98261e-03 -3.46849e-04
  5.84412e-06  1.33302e-05  5.35629e-03 -4.12902e-04
  5.84412e-06  1.40318e-05  5.74262e-03 -4.77081e-04
  5.84412e-06  1.47334e-05  6.14196e-03 -5.39480e-04
  5.84412e-06  1.54349e-05  6.55469e-03 -6.00190e-04
  5.84412e-06  1.61365e-05  6.98118e-03 -6.59302e-04
  5.84412e-06  1.68381e-05  7.42180e-03 -7.16907e-04
  5.84412e-06  1.75397e-05  7.87691e-03 -7.73097e-04

  6.67899e-06  0.00000e+00  5.81323e-05  1.52244e-03
  6.67899e-06  7.01588e-07  2.84352e-04  1.41399e-03
  6.67899e-06  1.40318e-06  5.16657e-04  1.30949e-03
  6.67899e-06  2.10477e-06  7.55417e-04  1.20886e-03
  6.67899e-06  2.80635e-06  1.00100e-03  1.11202e-03
  6.67899e-06  3.50794e-06  1.25379e-03  1.01886e-03
  6.67899e-06  4.20953e-06  1.51415e-03  9.29290e-04
  6.67899e-06  4.91112e-06  1.78245e-03  8.43229e-04
  6.67899e-06  5.61271e-06  2.05907e-03  7.60580e-04
  6.67899e-06  6.31430e-06  2.34438e-03  6.81252e-04
  6.67899e-06  7.01588e-06  2.63874e-03  6.05154e-04
  6.67899e-06  7.71747e-06  2.94253e-03  5.32194e-04
  6.67899e-06  8.41906e-06  3.25613e-03  4.62280e-04
  6.67899e-06  9.12065e-06  3.57990e-03  3.95321e-04
  6.67899e-06  9.82224e-06  3.91421e-03  3.31226e-04
  6.67899e-06  1.05238e-05  4.25945e-03  2.69903e-04
  6.67899e-06  1.12254e-05  4.61597e-03  2.11261e-04
  6.67899e-06  1.19270e-05  4.98416e-03  1.55208e-04
  6.67899e-06  1.26286e-05  5.36438e-03  1.01653e-04
  6.67899e-06  1.33302e-05  5.75700e-03  5.05040e-05
  6.67899e-06  1.40318e-05  6.16240e-03  1.66971e-06
  6.67899e-06  1.47334e-05  6.58095e-03 -4.49413e-05
  6.67899e-06  1.54349e-05  7.01302e-03 -8.94204e-05
  6.67899e-06  1.61365e-05  7.45898e-03 -1.31859e-04
  6.67899e-06  1.68381e-05  7.91921e-03 -1.72349e-04
  6.67899e-06  1.75397e-05  8.39407e-03 -2.10982e-04

  7.51386e-06  0.00000e+00  1.38836e-04  1.79809e-03
  7.51386e-06  7.01588e-07  3.81854e-04  1.69674e-03
  7.51386e-06  1.40318e-06  6.31091e-04  1.59978e-03
  7.51386e-06  2.10477e-06  8.86919e-04  1.50714e-03
  7.51386e-06  2.80635e-06  1.14971e-03  1.41872e-03
  7.51386e-06  3.50794e-06  1.41983e-03  1.33442e-03
  7.51386e-06  4.20953e-06  1.69766e-03  1.25417e-03
  7.51386e-06  4.91112e-06  1.98357e-03  1.17786e-03
  7.51386e-06  5.61271e-06  2.27793e-03  1.10541e-03
  7.51386e-06  6.31430e-06  2.58110e-03  1.03672e-03
  7.51386e-06  7.01588e-06  2.89347e-03  9.71703e-04
  7.51386e-06  7.71747e-06  3.21541e-03  9.10266e-04
  7.51386e-06  8.41906e-06  3.54728e-03  8.52318e-04
  7.51386e-06  9.12065e-06  3.88947e-03  7.97768e-04
  7.51386e-06  9.82224e-06  4.24233e-03  7.46524e-04
  7.51386e-06  1.05238e-05  4.60624e-03  6.98494e-04
  7.51386e-06  1.12254e-05  4.98158e-03  6.53588e-04
  7.51386e-06  1.19270e-05  5.36872e-03  6.11713e-04
  7.51386e-06  1.26286e-05  5.76802e-03  5.72778e-04
  7.51386e-06  1.33302e-05  6.17986e-03  5.36692e-04
  7.51386e-06  1.40318e-05  6.60461e-03  5.03363e-04
  7.51386e-06  1.47334e-05  7.04265e-03  4.72700e-04
  7.51386e-06  1.54349e-05  7.49434e-03  4.44612e-04
  7.51386e-06  1.61365e-05  7.96006e-03  4.19006e-04
  7.51386e-06  1.68381e-05  8.44018e-03  3.95791e-04
  7.51386e-06  1.75397e-05  8.93506e-03  3.74876e-04

  8.34874e-06  0.00000e+00  2.36598e-04  2.09382e-03
  8.34874e-06  7.01588e-07  4.96695e-04  1.99972e-03
  8.34874e-06  1.40318e-06  7.63145e-04  1.91047e-03
  8.34874e-06  2.10477e-06  1.03632e-03  1.82597e-03
  8.34874e-06  2.80635e-06  1.31659e-03  1.74613e-03
  8.34874e-06  3.50794e-06  1.60433e-03  1.67087e-03
  8.34874e-06  4.20953e-06  1.89991e-03  1.60009e-03
  8.34874e-06  4.91112e-06  2.20370e-03  1.53369e-03
  8.34874e-06  5.61271e-06  2.51608e-03  1.47160e-03
  8.34874e-06  6.31430e-06  2.83741e-03  1.41370e-03
  8.34874e-06  7.01588e-06  3.16807e-03  1.35993e-03
  8.34874e-06  7.71747e-06  3.50843e-03  1.31017e-03
  8.34874e-06  8.41906e-06  3.85886e-03  1.26435e-03
  8.34874e-06  9.12065e-06  4.21973e-03  1.22237e-03
  8.34874e-06  9.82224e-06  4.59142e-03  1.18414e-03
  8.34874e-06  1.05238e-05  4.97430e-03  1.14956e-03
  8.34874e-06  1.12254e-05  5.36873e-03  1.11855e-03
  8.34874e-06  1.19270e-05  5.77509e-03  1.09101e-03
  8.34874e-06  1.26286e-05  6.19376e-03  1.06686e-03
  8.34874e-06  1.33302e-05  6.62510e-03  1.04600e-03
  8.34874e-06  1.40318e-05  7.06949e-03  1.02833e-03
  8.34874e-06  1.47334e-05  7.52729e-03  1.01378e-03
  8.34874e-06  1.54349e-05  7.99888e-03  1.00224e-03
  8.34874e-06  1.61365e-05  8.48464e-03  9.93626e-04
  8.34874e-06  1.68381e-05  8.98492e-03  9.87847e-04
  8.34874e-06  1.75397e-05  9.50012e-03  9.84810e-04

  9.18361e-06  0.00000e+00  3.51641e-04  2.40996e-03
  9.18361e-06  7.01588e-07  6.29096e-04  2.32328e-03
  9.18361e-06  1.40318e-06  9.13038e-04  2.24188e-03
  9.18361e-06  2.10477e-06  1.20384e-03  2.16569e-03
  9.18361e-06  2.80635e-06  1.50187e-03  2.09460e-03
  9.18361e-06  3.50794e-06  1.80751e-03  2.02853e-03
  9.18361e-06  4.20953e-06  2.12112e-03  1.96737e-03
  9.18361e-06  4.91112e-06  2.44308e-03  1.91105e-03
  9.18361e-06  5.61271e-06  2.77375e-03  1.85947e-03
  9.18361e-06  6.31430e-06  3.11352e-03  1.81254e-03
  9.18361e-06  7.01588e-06  3.46275e-03  1.77016e-03
  9.18361e-06  7.71747e-06  3.82181e-03  1.73225e-03
  9.18361e-06  8.41906e-06  4.19107e-03  1.69872e-03
  9.18361e-06  9.12065e-06  4.57092e-03  1.66946e-03
  9.18361e-06  9.82224e-06  4.96171e-03  1.64440e-03
  9.18361e-06  1.05238e-05  5.36383e-03  1.62344e-03
  9.18361e-06  1.12254e-05  5.77764e-03  1.60648e-03
  9.18361e-06  1.19270e-05  6.20351e-03  1.59344e-03
  9.18361e-06  1.26286e-05  6.64182e-03  1.58423e-03
  9.18361e-06  1.33302e-05  7.09294e-03  1.57875e-03
  9.18361e-06  1.40318e-05  7.55724e-03  1.57691e-03
  9.18361e-06  1.47334e-05  8.03509e-03  1.57862e-03
  9.18361e-06  1.54349e-05  8.52686e-03  1.58380e-03
  9.18361e-06  1.61365e-05  9.03293e-03  1.59234e-03
  9.18361e-06  1.68381e-05  9.55367e-03  1.60415e-03
  9.18361e-06  1.75397e-05  1.00894e-02  1.61915e-03

  1.00185e-05  0.00000e+00  4.84185e-04  2.74684e-03
  1.00185e-05  7.01588e-07  7.79279e-04  2.66774e-03
  1.00185e-05  1.40318e-06  1.08099e-03  2.59436e-03
  1.00185e-05  2.10477e-06  1.38970e-03  2.52663e-03
  1.00185e-05  2.80635e-06  1.70578e-03  2.46445e-03
  1.00185e-05  3.50794e-06  2.02959e-03  2.40772e-03
  1.00185e-05  4.20953e-06  2.36151e-03  2.35636e-03
  1.00185e-05  4.91112e-06  2.70191e-03  2.31027e-03
  1.00185e-05  5.61271e-06  3.05117e-03  2.26937e-03
  1.00185e-05  6.31430e-06  3.40965e-03  2.23355e-03
  1.00185e-05  7.01588e-06  3.77772e-03  2.20274e-03
  1.00185e-05  7.71747e-06  4.15577e-03  2.17683e-03
  1.00185e-05  8.41906e-06  4.54415e-03  2.15574e-03
  1.00185e-05  9.12065e-06  4.94325e-03  2.13938e-03
  1.00185e-05  9.82224e-06  5.35343e-03  2.12764e-03
  1.00185e-05  1.05238e-05  5.77506e-03  2.12045e-03
  1.00185e-05  1.12254e-05  6.20853e-03  2.11771e-03
  1.00185e-05  1.19270e-05  6.65419e-03  2.11933e-03
  1.00185e-05  1.26286e-05  7.11242e-03  2.12522e-03
  1.00185e-05  1.33302e-05  7.58360e-03  2.13528e-03
  1.00185e-05  1.40318e-05  8.06809e-03  2.14943e-03
  1.00185e-05  1.47334e-05  8.56627e-03  2.16757e-03
  1.00185e-05  1.54349e-05  9.07850e-03  2.18961e-03
  1.00185e-05  1.61365e-05  9.60517e-03  2.21547e-03
  1.00185e-05  1.68381e-05  1.01466e-02  2.24504e-03
  1.00185e-05  1.75397e-05  1.07033e-02  2.27824e-03

  1.08534e-05  0.00000e+00  6.34454e-04  3.10479e-03
  1.08534e-05  7.01588e-07  9.47465e-04  3.03343e-03
  1.08534e-05  1.40318e-06  1.26723e-03  2.96824e-03
  1.08534e-05  2.10477e-06  1.59413e-03  2.90913e-03
  1.08534e-05  2.80635e-06  1.92853e-03  2.85601e-03
  1.08534e-05  3.50794e-06  2.27079e-03  2.80880e-03
  1.08534e-05  4.20953e-06  2.62130e-03  2.76739e-03
  1.08534e-05  4.91112e-06  2.98043e-03  2.73169e-03
  1.08534e-05  5.61271e-06  3.34855e-03  2.70162e-03
  1.08534e-05  6.31430e-06  3.72602e-03  2.67709e-03
  1.08534e-05  7.01588e-06  4.11322e-03  2.65799e-03
  1.08534e-05  7.71747e-06  4.51053e-03  2.64425e-03
  1.08534e-05  8.41906e-06  4.91831e-03  2.63576e-03
  1.08534e-05  9.12065e-06  5.33694e-03  2.63245e-03
  1.08534e-05  9.82224e-06  5.76679e-03  2.63420e-03
  1.08534e-05  1.05238e-05  6.20822e-03  2.64095e-03
  1.08534e-05  1.12254e-05  6.66162e-03  2.65258e-03
  1.08534e-05  1.19270e-05  7.12735e-03  2.66902e-03
  1.08534e-05  1.26286e-05  7.60579e-03  2.69017e-03
  1.08534e-05  1.33302e-05  8.09730e-03  2.71593e-03
  1.08534e-05  1.40318e-05  8.60227e-03  2.74623e-03
  1.08534e-05  1.47334e-05  9.12105e-03  2.78096e-03
  1.08534e-05  1.54349e-05  9.65403e-03  2.82003e-03
  1.08534e-05  1.61365e-05  1.02016e-02  2.86335e-03
  1.08534e-05  1.68381e-05  1.07640e-02  2.91084e-03
  1.08534e-05  1.75397e-05  1.13418e-02  2.96240e-03

  1.16882e-05  0.00000e+00  8.02668e-04  3.48416e-03
  1.16882e-05  7.01588e-07  1.13388e-03  3.42069e-03
  1.16882e-05  1.40318e-06  1.47198e-03  3.36384e-03
  1.16882e-05  2.10477e-06  1.81734e-03  3.31352e-03
  1.16882e-05  2.80635e-06  2.17034e-03  3.26963e-03
  1.16882e-05  3.50794e-06  2.53134e-03  3.23208e-03
  1.16882e-05  4.20953e-06  2.90072e-03  3.20078e-03
  1.16882e-05  4.91112e-06  3.27886e-03  3.17564e-03
  1.16882e-05  5.61271e-06  3.66611e-03  3.15656e-03
  1.16882e-05  6.31430e-06  4.06286e-03  3.14347e-03
  1.16882e-05  7.01588e-06  4.46947e-03  3.13625e-03
  1.16882e-05  7.71747e-06  4.88632e-03  3.13483e-03
  1.16882e-05  8.41906e-06  5.31378e-03  3.13911e-03
  1.16882e-05  9.12065e-06  5.75222e-03  3.14900e-03
  1.16882e-05  9.82224e-06  6.20201e-03  3.16441e-03
  1.16882e-05  1.05238e-05  6.66352e-03  3.18525e-03
  1.16882e-05  1.12254e-05  7.13714e-03  3.21142e-03
  1.16882e-05  1.19270e-05  7.62322e-03  3.24284e-03
  1.16882e-05  1.26286e-05  8.12214e-03  3.27940e-03
  1.16882e-05  1.33302e-05  8.63427e-03  3.32103e-03
  1.16882e-05  1.40318e-05  9.15999e-03  3.36763e-03
  1.16882e-05  1.47334e-05  9.69966e-03  3.41911e-03
  1.16882e-05  1.54349e-05  1.02537e-02  3.47537e-03
  1.16882e-05  1.61365e-05  1.08224e-02  3.53633e-03
  1.16882e-05  1.68381e-05  1.14061e-02  3.60189e-03
  1.16882e-05  1.75397e-05  1.20053e-02  3.67197e-03

  1.25231e-05  0.00000e+00  9.89049e-04  3.88526e-03
  1.25231e-05  7.01588e-07  1.33874e-03  3.82986e-03
  1.25231e-05  1.40318e-06  1.69545e-03  3.78151e-03
  1.25231e-05  2.10477e-06  2.05956e-03  3.74013e-03
  1.25231e-05  2.80635e-06  2.43144e-03  3.70562e-03
  1.25231e-05  3.50794e-06  2.81146e-03  3.67790e-03
  1.25231e-05  4.20953e-06  3.19999e-03  3.65687e-03
  1.25231e-05  4.91112e-06  3.59741e-03  3.64245e-03
  1.25231e-05  5.61271e-06  4.00408e-03  3.63453e-03
  1.25231e-05  6.31430e-06  4.42038e-03  3.63303e-03
  1.25231e-05  7.01588e-06  4.84668e-03  3.63786e-03
  1.25231e-05  7.71747e-06  5.28335e-03  3.64892e-03
  1.25231e-05  8.41906e-06  5.73077e-03  3.66613e-03
  1.25231e-05  9.12065e-06  6.18930e-03  3.68938e-03
  1.25231e-05  9.82224e-06  6.65932e-03  3.71860e-03
  1.25231e-05  1.05238e-05  7.14119e-03  3.75369e-03
  1.25231e-05  1.12254e-05  7.63530e-03  3.79456e-03
  1.25231e-05  1.19270e-05  8.14201e-03  3.84111e-03
  1.25231e-05  1.26286e-05  8.66170e-03  3.89326e-03
  1.25231e-05  1.33302e-05  9.19473e-03  3.95091e-03
  1.25231e-05  1.40318e-05  9.74148e-03  4.01398e-03
  1.25231e-05  1.47334e-05  1.03023e-02  4.08236e-03
  1.25231e-05  1.54349e-05  1.08776e-02  4.15598e-03
  1.25231e-05  1.61365e-05  1.14677e-02  4.23473e-03
  1.25231e-05  1.68381e-05  1.20731e-02  4.31852e-03
  1.25231e-05  1.75397e-05  1.26940e-02  4.40727e-03

  1.33580e-05  0.00000e+00  1.19382e-03  4.30844e-03
  1.33580e-05  7.01588e-07  1.56227e-03  4.26126e-03
  1.33580e-05  1.40318e-06  1.93787e-03  4.22157e-03
  1.33580e-05  2.10477e-06  2.32101e-03  4.18929e-03
  1.33580e-05  2.80635e-06  2.71205e-03  4.16433e-03
  1.33580e-05  3.50794e-06  3.11136e-03  4.14660e-03
  1.33580e-05  4.20953e-06  3.51933e-03  4.13600e-03
  1.33580e-05  4.91112e-06  3.93631e-03  4.13245e-03
  1.33580e-05  5.61271e-06  4.36268e-03  4.13585e-03
  1.33580e-05  6.31430e-06  4.79881e-03  4.14611e-03
  1.33580e-05  7.01588e-06  5.24508e-03  4.16313e-03
  1.33580e-05  7.71747e-06  5.70186e-03  4.18684e-03
  1.33580e-05  8.41906e-06  6.16951e-03  4.21713e-03
  1.33580e-05  9.12065e-06  6.64841e-03  4.25392e-03
  1.33580e-05  9.82224e-06  7.13894e-03  4.29711e-03
  1.33580e-05  1.05238e-05  7.64145e-03  4.34661e-03
  1.33580e-05  1.12254e-05  8.15634e-03  4.40233e-03
  1.33580e-05  1.19270e-05  8.68396e-03  4.46419e-03
  1.33580e-05  1.26286e-05  9.22468e-03  4.53207e-03
  1.33580e-05  1.33302e-05  9.77889e-03  4.60591e-03
  1.33580e-05  1.40318e-05  1.03470e-02  4.68560e-03
  1.33580e-05  1.47334e-05  1.09292e-02  4.77105e-03
  1.33580e-05  1.54349e-05  1.15261e-02  4.86217e-03
  1.33580e-05  1.61365e-05  1.21380e-02  4.95888e-03
  1.33580e-05  1.68381e-05  1.27652e-02  5.06107e-03
  1.33580e-05  1.75397e-05  1.34081e-02  5.16866e-03

  1.41929e-05  0.00000e+00  1.41720e-03  4.75403e-03
  1.41929e-05  7.01588e-07  1.80468e-03  4.71522e-03
  1.41929e-05  1.40318e-06  2.19946e-03  4.68436e-03
  1.41929e-05  2.10477e-06  2.60191e-03  4.66134e-03
  1.41929e-05  2.80635e-06  3.01239e-03  4.64609e-03
  1.41929e-05  3.50794e-06  3.43128e-03  4.63851e-03
  1.41929e-05  4.20953e-06  3.85895e-03  4.63850e-03
  1.41929e-05  4.91112e-06  4.29578e-03  4.64598e-03
  1.41929e-05  5.61271e-06  4.74213e-03  4.66085e-03
  1.41929e-05  6.31430e-06  5.19838e-03  4.68303e-03
  1.41929e-05  7.01588e-06  5.66490e-03  4.71242e-03
  1.41929e-05  7.71747e-06  6.14205e-03  4.74893e-03
  1.41929e-05  8.41906e-06  6.63022e-03  4.79247e-03
  1.41929e-05  9.12065e-06  7.12978e-03  4.84294e-03
  1.41929e-05  9.82224e-06  7.64109e-03  4.90026e-03
  1.41929e-05  1.05238e-05  8.16452e-03  4.96434e-03
  1.41929e-05  1.12254e-05  8.70046e-03  5.03508e-03
  1.41929e-05  1.19270e-05  9.24927e-03  5.11239e-03
  1.41929e-05  1.26286e-05  9.81132e-03  5.19617e-03
  1.41929e-05  1.33302e-05  1.03870e-02  5.28635e-03
  1.41929e-05  1.40318e-05  1.09766e-02  5.38283e-03
  1.41929e-05  1.47334e-05  1.15807e-02  5.48551e-03
  1.41929e-05  1.54349e-05  1.21994e-02  5.59430e-03
  1.41929e-05  1.61365e-05  1.28332e-02  5.70912e-03
  1.41929e-05  1.68381e-05  1.34826e-02  5.82986e-03
  1.41929e-05  1.75397e-05  1.41477e-02  5.95645e-03

  1.50277e-05  0.00000e+00  1.65941e-03  5.22236e-03
  1.50277e-05  7.01588e-07  2.06622e-03  5.19209e-03
  1.50277e-05  1.40318e-06  2.48045e-03  5.17021e-03
  1.50277e-05  2.10477e-06  2.90248e-03  5.15662e-03
  1.50277e-05  2.80635e-06  3.33268e-03  5.15123e-03
  1.50277e-05  3.50794e-06  3.77143e-03  5.15395e-03
  1.50277e-05  4.20953e-06  4.21909e-03  5.16470e-03
  1.50277e-05  4.91112e-06  4.67604e-03  5.18337e-03
  1.50277e-05  5.61271e-06  5.14265e-03  5.20988e-03
  1.50277e-05  6.31430e-06  5.61930e-03  5.24414e-03
  1.50277e-05  7.01588e-06  6.10634e-03  5.28605e-03
  1.50277e-05  7.71747e-06  6.60416e-03  5.33552e-03
  1.50277e-05  8.41906e-06  7.11313e-03  5.39246e-03
  1.50277e-05  9.12065e-06  7.63361e-03  5.45679e-03
  1.50277e-05  9.82224e-06  8.16599e-03  5.52840e-03
  1.50277e-05  1.05238e-05  8.71062e-03  5.60721e-03
  1.50277e-05  1.12254e-05  9.26790e-03  5.69312e-03
  1.50277e-05  1.19270e-05  9.83817e-03  5.78605e-03
  1.50277e-05  1.26286e-05  1.04218e-02  5.88590e-03
  1.50277e-05  1.33302e-05  1.10192e-02  5.99258e-03
  1.50277e-05  1.40318e-05  1.16308e-02  6.10600e-03
  1.50277e-05  1.47334e-05  1.22568e-02  6.22606e-03
  1.50277e-05  1.54349e-05  1.28977e-02  6.35269e-03
  1.50277e-05  1.61365e-05  1.35538e-02  6.48578e-03
  1.50277e-05  1.68381e-05  1.42255e-02  6.62524e-03
  1.50277e-05  1.75397e-05  1.49132e-02  6.77098e-03

  1.58626e-05  0.00000e+00  1.92068e-03  5.71377e-03
  1.58626e-05  7.01588e-07  2.34708e-03  5.69220e-03
  1.58626e-05  1.40318e-06  2.78105e-03  5.67945e-03
  1.58626e-05  2.10477e-06  3.22294e-03  5.67545e-03
  1.58626e-05  2.80635e-06  3.67315e-03  5.68008e-03
  1.58626e-05  3.50794e-06  4.13203e-03  5.69328e-03
  1.58626e-05  4.20953e-06  4.59997e-03  5.71493e-03
  1.58626e-05  4.91112e-06  5.07732e-03  5.74496e-03
  1.58626e-05  5.61271e-06  5.56447e-03  5.78326e-03
  1.58626e-05  6.31430e-06  6.06179e-03  5.82976e-03
  1.58626e-05  7.01588e-06  6.56964e-03  5.88435e-03
  1.58626e-05  7.71747e-06  7.08840e-03  5.94694e-03
  1.58626e-05  8.41906e-06  7.61844e-03  6.01745e-03
  1.58626e-05  9.12065e-06  8.16014e-03  6.09578e-03
  1.58626e-05  9.82224e-06  8.71386e-03  6.18185e-03
  1.58626e-05  1.05238e-05  9.27998e-03  6.27555e-03
  1.58626e-05  1.12254e-05  9.85887e-03  6.37680e-03
  1.58626e-05  1.19270e-05  1.04509e-02  6.48550e-03
  1.58626e-05  1.26286e-05  1.10564e-02  6.60157e-03
  1.58626e-05  1.33302e-05  1.16759e-02  6.72491e-03
  1.58626e-05  1.40318e-05  1.23095e-02  6.85544e-03
  1.58626e-05  1.47334e-05  1.29578e-02  6.99306e-03
  1.58626e-05  1.54349e-05  1.36211e-02  7.13767e-03
  1.58626e-05  1.61365e-05  1.42998e-02  7.28919e-03
  1.58626e-05  1.68381e-05  1.49942e-02  7.44753e-03
  1.58626e-05  1.75397e-05  1.57048e-02  7.61259e-03

  1.66975e-05  0.00000e+00  2.20123e-03  6.22858e-03
  1.66975e-05  7.01588e-07  2.64751e-03  6.21587e-03
  1.66975e-05  1.40318e-06  3.10148e-03  6.21243e-03
  1.66975e-05  2.10477e-06  3.56353e-03  6.21816e-03
  1.66975e-05  2.80635e-06  4.03401e-03  6.23299e-03
  1.66975e-05  3.50794e-06  4.51331e-03  6.25681e-03
  1.66975e-05  4.20953e-06  5.00179e-03  6.28953e-03
  1.66975e-05  4.91112e-06  5.49984e-03  6.33107e-03
  1.66975e-05  5.61271e-06  6.00780e-03  6.38133e-03
  1.66975e-05  6.31430e-06  6.52607e-03  6.44023e-03
  1.66975e-05  7.01588e-06  7.05501e-03  6.50766e-03
  1.66975e-05  7.71747e-06  7.59500e-03  6.58354e-03
  1.66975e-05  8.41906e-06  8.14640e-03  6.66777e-03
  1.66975e-05  9.12065e-06  8.70959e-03  6.76027e-03
  1.66975e-05  9.82224e-06  9.28493e-03  6.86094e-03
  1.66975e-05  1.05238e-05  9.87281e-03  6.96970e-03
  1.66975e-05  1.12254e-05  1.04736e-02  7.08644e-03
  1.66975e-05  1.19270e-05  1.10876e-02  7.21108e-03
  1.66975e-05  1.26286e-05  1.17153e-02  7.34353e-03
  1.66975e-05  1.33302e-05  1.23571e-02  7.48370e-03
  1.66975e-05  1.40318e-05  1.30132e-02  7.63149e-03
  1.66975e-05  1.47334e-05  1.36841e-02  7.78681e-03
  1.66975e-05  1.54349e-05  1.43701e-02  7.94958e-03
  1.66975e-05  1.61365e-05  1.50716e-02  8.11969e-03
  1.66975e-05  1.68381e-05  1.57890e-02  8.29707e-03
  1.66975e-05  1.75397e-05  1.65226e-02  8.48161e-03

  1.75323e-05  0.00000e+00  2.50127e-03  6.76714e-03
  1.75323e-05  7.01588e-07  2.96771e-03  6.76344e-03
  1.75323e-05  1.40318e-06  3.44197e-03  6.76946e-03
  1.75323e-05  2.10477e-06  3.92445e-03  6.78510e-03
  1.75323e-05  2.80635e-06  4.41549e-03  6.81027e-03
  1.75323e-05  3.50794e-06  4.91549e-03  6.84488e-03
  1.75323e-05  4.20953e-06  5.42480e-03  6.88884e-03
  1.75323e-05  4.91112e-06  5.94381e-03  6.94205e-03
  1.75323e-05  5.61271e-06  6.47287e-03  7.00443e-03
  1.75323e-05  6.31430e-06  7.01238e-03  7.07588e-03
  1.75323e-05  7.01588e-06  7.56268e-03  7.15631e-03
  1.75323e-05  7.71747e-06  8.12417e-03  7.24563e-03
  1.75323e-05  8.41906e-06  8.69721e-03  7.34375e-03
  1.75323e-05  9.12065e-06  9.28217e-03  7.45058e-03
  1.75323e-05  9.82224e-06  9.87942e-03  7.56602e-03
  1.75323e-05  1.05238e-05  1.04893e-02  7.68999e-03
  1.75323e-05  1.12254e-05  1.11123e-02  7.82239e-03
  1.75323e-05  1.19270e-05  1.17487e-02  7.96313e-03
  1.75323e-05  1.26286e-05  1.23988e-02  8.11212e-03
  1.75323e-05  1.33302e-05  1.30631e-02  8.26927e-03
  1.75323e-05  1.40318e-05  1.37419e-02  8.43448e-03
  1.75323e-05  1.47334e-05  1.44356e-02  8.60767e-03
  1.75323e-05  1.54349e-05  1.51446e-02  8.78875e-03
  1.75323e-05  1.61365e-05  1.58693e-02  8.97762e-03
  1.75323e-05  1.68381e-05  1.66099e-02  9.17418e-03
  1.75323e-05  1.75397e-05  1.73669e-02  9.37836e-03

  1.83672e-05  0.00000e+00  2.82103e-03  7.32977e-03
  1.83672e-05  7.01588e-07  3.30790e-03  7.33525e-03
  1.83672e-05  1.40318e-06  3.80275e-03  7.35089e-03
  1.83672e-05  2.10477e-06  4.30592e-03  7.37659e-03
  1.83672e-05  2.80635e-06  4.81781e-03  7.41227e-03
  1.83672e-05  3.50794e-06  5.33878e-03  7.45783e-03
  1.83672e-05  4.20953e-06  5.86921e-03  7.51317e-03
  1.83672e-05  4.91112e-06  6.40946e-03  7.57822e-03
  1.83672e-05  5.61271e-06  6.95990e-03  7.65287e-03
  1.83672e-05  6.31430e-06  7.52092e-03  7.73704e-03
  1.83672e-05  7.01588e-06  8.09288e-03  7.83063e-03
  1.83672e-05  7.71747e-06  8.67615e-03  7.93356e-03
  1.83672e-05  8.41906e-06  9.27110e-03  8.04572e-03
  1.83672e-05  9.12065e-06  9.87811e-03  8.16704e-03
  1.83672e-05  9.82224e-06  1.04975e-02  8.29741e-03
  1.83672e-05  1.05238e-05  1.11298e-02  8.43675e-03
  1.83672e-05  1.12254e-05  1.17752e-02  8.58497e-03
  1.83672e-05  1.19270e-05  1.24341e-02  8.74196e-03
  1.83672e-05  1.26286e-05  1.31070e-02  8.90766e-03
  1.83672e-05  1.33302e-05  1.37942e-02  9.08195e-03
  1.83672e-05  1.40318e-05  1.44960e-02  9.26475e-03
  1.83672e-05  1.47334e-05  1.52128e-02  9.45597e-03
  1.83672e-05  1.54349e-05  1.59451e-02  9.65551e-03
  1.83672e-05  1.61365e-05  1.66931e-02  9.86329e-03
  1.83672e-05  1.68381e-05  1.74573e-02  1.00792e-02
  1.83672e-05  1.75397e-05  1.82380e-02  1.03032e-02

  1.92021e-05  0.00000e+00  3.16073e-03  7.91680e-03
  1.92021e-05  7.01588e-07  3.66833e-03  7.93162e-03
  1.92021e-05  1.40318e-06  4.18402e-03  7.95704e-03
  1.92021e-05  2.10477e-06  4.70818e-03  7.99297e-03
  1.92021e-05  2.80635e-06  5.24119e-03  8.03931e-03
  1.92021e-05  3.50794e-06  5.78342e-03  8.09598e-03
  1.92021e-05  4.20953e-06  6.33524e-03  8.16288e-03
  1.92021e-05  4.91112e-06  6.89701e-03  8.23991e-03
  1.92021e-05  5.61271e-06  7.46911e-03  8.32700e-03
  1.92021e-05  6.31430e-06  8.05192e-03  8.42405e-03
  1.92021e-05  7.01588e-06  8.64581e-03  8.53096e-03
  1.92021e-05  7.71747e-06  9.25114e-03  8.64765e-03
  1.92021e-05  8.41906e-06  9.86829e-03  8.77402e-03
  1.92021e-05  9.12065e-06  1.04976e-02  8.90998e-03
  1.92021e-05  9.82224e-06  1.11395e-02  9.05545e-03
  1.92021e-05  1.05238e-05  1.17944e-02  9.21032e-03
  1.92021e-05  1.12254e-05  1.24625e-02  9.37451e-03
  1.92021e-05  1.19270e-05  1.31443e-02  9.54793e-03
  1.92021e-05  1.26286e-05  1.38402e-02  9.73048e-03
  1.92021e-05  1.33302e-05  1.45505e-02  9.92207e-03
  1.92021e-05  1.40318e-05  1.52756e-02  1.01226e-02
  1.92021e-05  1.47334e-05  1.60158e-02  1.03320e-02
  1.92021e-05  1.54349e-05  1.67716e-02  1.05502e-02
  1.92021e-05  1.61365e-05  1.75433e-02  1.07771e-02
  1.92021e-05  1.68381e-05  1.83313e-02  1.10125e-02
  1.92021e-05  1.75397e-05  1.91360e-02  1.12564e-02

  2.00370e-05  0.00000e+00  3.52060e-03  8.52858e-03
  2.00370e-05  7.01588e-07  4.04919e-03  8.55290e-03
  2.00370e-05  1.40318e-06  4.58602e-03  8.58826e-03
  2.00370e-05  2.10477e-06  5.13145e-03  8.63457e-03
  2.00370e-05  2.80635e-06  5.68586e-03  8.69174e-03
  2.00370e-05  3.50794e-06  6.24962e-03  8.75967e-03
  2.00370e-05  4.20953e-06  6.82311e-03  8.83828e-03
  2.00370e-05  4.91112e-06  7.40668e-03  8.92747e-03
  2.00370e-05  5.61271e-06  8.00073e-03  9.02716e-03
  2.00370e-05  6.31430e-06  8.60561e-03  9.13724e-03
  2.00370e-05  7.01588e-06  9.22170e-03  9.25763e-03
  2.00370e-05  7.71747e-06  9.84938e-03  9.38824e-03
  2.00370e-05  8.41906e-06  1.04890e-02  9.52898e-03
  2.00370e-05  9.12065e-06  1.11410e-02  9.67975e-03
  2.00370e-05  9.82224e-06  1.18056e-02  9.84047e-03
  2.00370e-05  1.05238e-05  1.24833e-02  1.00110e-02
  2.00370e-05  1.12254e-05  1.31745e-02  1.01914e-02
  2.00370e-05  1.19270e-05  1.38795e-02  1.03814e-02
  2.00370e-05  1.26286e-05  1.45986e-02  1.05809e-02
  2.00370e-05  1.33302e-05  1.53323e-02  1.07900e-02
  2.00370e-05  1.40318e-05  1.60810e-02  1.10084e-02
  2.00370e-05  1.47334e-05  1.68449e-02  1.12362e-02
  2.00370e-05  1.54349e-05  1.76245e-02  1.14732e-02
  2.00370e-05  1.61365e-05  1.84202e-02  1.17192e-02
  2.00370e-05  1.68381e-05  1.92322e-02  1.19743e-02
  2.00370e-05  1.75397e-05  2.00611e-02  1.22384e-02

  2.08718e-05  0.00000e+00  3.90085e-03  9.16543e-03
  2.08718e-05  7.01588e-07  4.45072e-03  9.19941e-03
  2.08718e-05  1.40318e-06  5.00896e-03  9.24487e-03
  2.08718e-05  2.10477e-06  5.57594e-03  9.30172e-03
  2.08718e-05  2.80635e-06  6.15203e-03  9.36988e-03
  2.08718e-05  3.50794e-06  6.73761e-03  9.44924e-03
  2.08718e-05  4.20953e-06  7.33304e-03  9.53972e-03
  2.08718e-05  4.91112e-06  7.93870e-03  9.64122e-03
  2.08718e-05  5.61271e-06  8.55497e-03  9.75366e-03
  2.08718e-05  6.31430e-06  9.18220e-03  9.87694e-03
  2.08718e-05  7.01588e-06  9.82078e-03  1.00110e-02
  2.08718e-05  7.71747e-06  1.04711e-02  1.01557e-02
  2.08718e-05  8.41906e-06  1.11335e-02  1.03109e-02
  2.08718e-05  9.12065e-06  1.18083e-02  1.04767e-02
  2.08718e-05  9.82224e-06  1.24960e-02  1.06528e-02
  2.08718e-05  1.05238e-05  1.31969e-02  1.08392e-02
  2.08718e-05  1.12254e-05  1.39113e-02  1.10358e-02
  2.08718e-05  1.19270e-05  1.46397e-02  1.12426e-02
  2.08718e-05  1.26286e-05  1.53824e-02  1.14593e-02
  2.08718e-05  1.33302e-05  1.61398e-02  1.16860e-02
  2.08718e-05  1.40318e-05  1.69123e-02  1.19225e-02
  2.08718e-05  1.47334e-05  1.77002e-02  1.21688e-02
  2.08718e-05  1.54349e-05  1.85039e-02  1.24247e-02
  2.08718e-05  1.61365e-05  1.93238e-02  1.26902e-02
  2.08718e-05  1.68381e-05  2.01603e-02  1.29651e-02
  2.08718e-05  1.75397e-05  2.10136e-02  1.32494e-02

