# Tracking with TRACY# (Floquet space)
#
#  1   512 1.0E+00 1.0E+00 0.0E+00 0.0E+00 2.21085 1.07399
#    N     x^          px^          y^          py^          delta          cdt
#                                                                   [%]           [mm]
#
   0  2.2842854751322248e-04  5.0988399571967837e-19  4.1880436192778458e-03  2.1778519425320298e-17  0.0000000000000000e+00  0.0000000000000000e+00
   1  6.5602445398099099e-05  4.0904343934822750e-04  3.7141010928780989e-03 -1.9273083618760196e-03  0.0000000000000000e+00  5.5801525991063866e-03
   2 -9.0563770614367247e-05  4.3986705415916195e-04  2.4295964995079411e-03 -3.4453630815782805e-03  0.0000000000000000e+00 -3.3702536924915304e-03
   3 -4.1743104958518205e-04 -1.6699742129652615e-04  6.7999910801935879e-04 -4.3132922417803655e-03  0.0000000000000000e+00 -1.2663802162152344e-02
   4 -1.0224182902111381e-03 -6.0817428497198824e-04 -9.5896755073311549e-04 -4.3838854055587035e-03  0.0000000000000000e+00 -7.3887161220794464e-03
   5 -1.1129461113503214e-03 -1.7936040946773597e-04 -2.2214750495208649e-03 -3.4461939478974738e-03  0.0000000000000000e+00  1.0002872579345099e-02
   6 -1.7942612628557756e-04  5.3264706710047472e-04 -3.3854221581148974e-03 -1.7621400615652095e-03  0.0000000000000000e+00  3.2356413507427038e-02
   7  7.8448692962031837e-04  4.7684691495726691e-04 -4.1186530456973269e-03  4.9889532194057347e-05  0.0000000000000000e+00  5.0707997821975943e-02
   8  5.8015382107305408e-04 -1.3358782897969238e-04 -3.6333023734816802e-03  1.7677494527373453e-03  0.0000000000000000e+00  5.1778270186115812e-02
   9 -4.7674465300778053e-04 -2.2580095005559890e-04 -2.2453484672307132e-03  3.3513206788857433e-03  0.0000000000000000e+00  4.2659303923172839e-02
  10 -1.1762980027247222e-03  7.6130613958686751e-05 -8.1819913282717702e-04  4.4318828046395215e-03  0.0000000000000000e+00  3.4697190999669975e-02
  11 -1.0060019598748646e-03  1.3456355161561222e-04  6.0162379198176405e-04  4.5040475808271023e-03  0.0000000000000000e+00  4.0647080265294809e-02
  12 -4.2350580981979761e-04 -8.9663171358896770e-05  2.1900336985598936e-03  3.5794232079497256e-03  0.0000000000000000e+00  5.8222762882172888e-02
  13  6.1222384935248056e-05 -2.0011185318255176e-04  3.5888070817346241e-03  1.9951514916094763e-03  0.0000000000000000e+00  8.2623771163629206e-02
  14  2.1368241539644305e-04  3.4745128956154410e-05  4.1848087794410394e-03  5.9838188566602076e-05  0.0000000000000000e+00  1.0412543240250234e-01
  15  1.1035006823624525e-04  4.2828579494209835e-04  3.7544781694480570e-03 -1.8674261101830297e-03  0.0000000000000000e+00  1.1021965222174467e-01
  16 -4.7715203794593546e-05  4.1967382583945099e-04  2.4815509665342215e-03 -3.3939212404737449e-03  0.0000000000000000e+00  1.0135322674754996e-01
  17 -4.2264630275787475e-04 -1.8324134107312981e-04  7.3384023811522787e-04 -4.2947665500031786e-03  0.0000000000000000e+00  9.1612329712070617e-02
  18 -1.0537919832379009e-03 -5.9273034313049491e-04 -8.9304911542494861e-04 -4.4084327522987323e-03  0.0000000000000000e+00  9.6364619195420373e-02
  19 -1.1333220499370905e-03 -1.6014800729413818e-04 -2.1531388060366881e-03 -3.5066708428251321e-03  0.0000000000000000e+00  1.1328590411002362e-01
  20 -1.8231129421523079e-04  5.2478250889647813e-04 -3.3394404311142003e-03 -1.8453589090772129e-03  0.0000000000000000e+00  1.3553390858228012e-01
  21  7.8354867653881435e-04  4.4623675376678307e-04 -4.1161130568816654e-03 -3.7694753076170341e-05  0.0000000000000000e+00  1.5430117281097802e-01
  22  5.7360123520859313e-04 -1.4723239531692315e-04 -3.6760486321741870e-03  1.6939807361620307e-03  0.0000000000000000e+00  1.5626483235633193e-01
  23 -4.7133481063576003e-04 -1.9940456549420106e-04 -2.3168645953592429e-03  3.3016651808649516e-03  0.0000000000000000e+00  1.4763885654238970e-01
  24 -1.1409872303910309e-03  1.0961689533884797e-04 -8.8977648080474736e-04  4.4103969205582733e-03  0.0000000000000000e+00  1.3937343809836569e-01
  25 -9.7413043186129306e-04  1.2512446697863868e-04  5.5248247278135852e-04  4.5184988157448381e-03  0.0000000000000000e+00  1.4483351325025093e-01
  26 -4.4802668093100242e-04 -1.3154996672864376e-04  2.1512842017013729e-03  3.6294472515703610e-03  0.0000000000000000e+00  1.6211714968623717e-01
  27  2.4810265405843013e-06 -2.0825116675081033e-04  3.5498427341639025e-03  2.0582991788983770e-03  0.0000000000000000e+00  1.8656900120162578e-01
  28  1.9809071408034273e-04  7.1296407829348271e-05  4.1785666384808436e-03  1.2069810863836954e-04  0.0000000000000000e+00  2.0846367661877530e-01
  29  1.5656989265252672e-04  4.4749990214071599e-04  3.7936165260422793e-03 -1.8055019113324927e-03  0.0000000000000000e+00  2.1507796189223005e-01
  30 -4.2644475408403112e-06  3.9709294254951032e-04  2.5337859450662759e-03 -3.3399701971696658e-03  0.0000000000000000e+00  2.0630342747696026e-01
  31 -4.2919574899286426e-04 -1.9985298885254353e-04  7.8902109918321740e-04 -4.2743216001337146e-03  0.0000000000000000e+00  1.9613556744718685e-01
  32 -1.0855108236680617e-03 -5.7481764234674441e-04 -8.2485729872242410e-04 -4.4322384672556394e-03  0.0000000000000000e+00  2.0034788850949972e-01
  33 -1.1519049343902811e-03 -1.3956187752632237e-04 -2.0827108390932261e-03 -3.5678381967227516e-03  0.0000000000000000e+00  2.1678824651652251e-01
  34 -1.8467577195690940e-04  5.1493711492882376e-04 -3.2917323204285313e-03 -1.9305989549081286e-03  0.0000000000000000e+00  2.3892390350411960e-01
  35  7.8027365512346660e-04  4.1328121855223207e-04 -4.1120325175651980e-03 -1.2771590903768546e-04  0.0000000000000000e+00  2.5810068703154582e-01
  36  5.6503011061707366e-04 -1.6020958560176640e-04 -3.7185314842273437e-03  1.6180034059841521e-03  0.0000000000000000e+00  2.6100342443278507e-01
  37 -4.6486939032920025e-04 -1.7118848846427046e-04 -2.3898297328846306e-03  3.2498277199108803e-03  0.0000000000000000e+00  2.5290744801750992e-01
  38 -1.1025450010351268e-03  1.4364983277261490e-04 -9.6298112460463641e-04  4.3861935581364260e-03  0.0000000000000000e+00  2.4436034751185109e-01
  39 -9.4011618237272820e-04  1.1456679414211254e-04  5.0265196594940131e-04  4.5303480623039034e-03  0.0000000000000000e+00  2.4929184977689989e-01
  40 -4.7318040615664821e-04 -1.7440551481378384e-04  2.1117032233642324e-03  3.6782856869728257e-03  0.0000000000000000e+00  2.6625316933230730e-01
  41 -5.8502135736711554e-05 -2.1585946897263299e-04  3.5082896350767988e-03  2.1215606320892622e-03  0.0000000000000000e+00  2.9072475903658612e-01
  42  1.8150577832259004e-04  1.0922660088370286e-04  4.1690521978681319e-03  1.8251105974418749e-04  0.0000000000000000e+00  3.1297604439573828e-01
  43  2.0377817577877760e-04  4.6664946737239786e-04  3.8311345371625531e-03 -1.7416131551514671e-03  0.0000000000000000e+00  3.2011572437134578e-01
  44  3.9630170248099593e-05  3.7240244340779868e-04  2.5861171435521933e-03 -3.2835227243730243e-03  0.0000000000000000e+00  3.1144303998077733e-01
  45 -4.3675237596870224e-04 -2.1673271218772324e-04  8.4535995939697653e-04 -4.2517265676962875e-03  0.0000000000000000e+00  3.0087317568365274e-01
  46 -1.1172051354950106e-03 -5.5465098747012917e-04 -7.5472176926273617e-04 -4.4548907061221967e-03  0.0000000000000000e+00  3.0452826327424148e-01
  47 -1.1685847377992250e-03 -1.1776714899179699e-04 -2.0105097152981481e-03 -3.6291761351176519e-03  0.0000000000000000e+00  3.2047917897320105e-01
  48 -1.8661709219513543e-04  5.0322230856767760e-04 -3.2424348989872906e-03 -2.0172804519311351e-03  0.0000000000000000e+00  3.4249455735281298e-01
  49  7.7461239355072092e-04  3.7829466067475242e-04 -4.1062495436286796e-03 -2.1968596220524526e-04  0.0000000000000000e+00  3.6207088388135561e-01
  50  5.5454753549437851e-04 -1.7243757450066178e-04 -3.7603229145667127e-03  1.5401156325764217e-03  0.0000000000000000e+00  3.6595100150876031e-01
  51 -4.5733222627097165e-04 -1.4146186820469624e-04 -2.4637303478411074e-03  3.1959188061139242e-03  0.0000000000000000e+00  3.5841980163089066e-01
  52 -1.0612743703383733e-03  1.7797084749522773e-04 -1.0374706393999141e-03  4.3592179683033866e-03  0.0000000000000000e+00  3.4961606564307018e-01
  53 -9.0418529845338067e-04  1.0311655111258330e-04  4.5217575873467380e-04  4.5393458546142849e-03  0.0000000000000000e+00  3.5397979262815443e-01
  54 -4.9862687421249120e-04 -2.1780932879496851e-04  2.0712892921495316e-03  3.7255712801857648e-03  0.0000000000000000e+00  3.7058614637718157e-01
  55 -1.2123844744541242e-04 -2.2305524993982589e-04  3.4642296245905972e-03  2.1846795740417635e-03  0.0000000000000000e+00  3.9504250185529077e-01
  56  1.6384360057128985e-04  1.4803766629881119e-04  4.1560843265800104e-03  2.4514037468479624e-04  0.0000000000000000e+00  4.1760992958251913e-01
  57  2.5142472276043769e-04  4.8564832938292207e-04  3.8666398710814676e-03 -1.6759307559301726e-03  0.0000000000000000e+00  4.2527905726638865e-01
  58  8.3728273157703144e-05  3.4593633010074760e-04  2.6383061038533109e-03 -3.2247025866600975e-03  0.0000000000000000e+00  4.1672024846822758e-01
  59 -4.4498383336316220e-04 -2.3374347325792576e-04  9.0261378827062350e-04 -4.2268261455574736e-03  0.0000000000000000e+00  4.0577830389465880e-01
  60 -1.1484641944129012e-03 -5.3249027725422234e-04 -6.8306763002505078e-04 -4.4759789644179546e-03  0.0000000000000000e+00  4.0886003990394165e-01
  61 -1.1832443973906221e-03 -9.4976498006795070e-05 -1.9369714886092945e-03 -3.6900965731423894e-03  0.0000000000000000e+00  4.2431563790704813e-01
  62 -1.8822496269580368e-04  4.8977721266291988e-04 -3.1917891908322684e-03 -2.1047061125773949e-03  0.0000000000000000e+00  4.4620207772629200e-01
  63  7.6655145101568777e-04  3.4166022963100858e-04 -4.0986541328883472e-03 -3.1297702047638598e-04  0.0000000000000000e+00  4.6616403356372782e-01
  64  5.4228913477049137e-04 -1.8380943522116594e-04 -3.8009726603125179e-03  1.4607521214882900e-03  0.0000000000000000e+00  4.7105048141102324e-01
  65 -4.4872488944554468e-04 -1.1056958969763169e-04 -2.5379651545730172e-03  3.1401648403150484e-03  0.0000000000000000e+00  4.6411511409615941e-01
  66 -1.0175614454895315e-03  2.1226028658798246e-04 -1.1127962991270121e-03  4.3295207139434737e-03  0.0000000000000000e+00  4.5508297489438188e-01
  67 -8.6666830081094182e-04  9.0996480909418876e-05  4.0116189010150398e-04  4.5453246847988937e-03  0.0000000000000000e+00  4.5884139283491071e-01
  68 -5.2403952288075314e-04 -2.6127774640875932e-04  2.0300818549448861e-03  3.7709493785587000e-03  0.0000000000000000e+00  4.7505901497252323e-01
  69 -1.8514093518292525e-04 -2.2991438182076458e-04  3.4178392724747149e-03  2.2473623121539010e-03  0.0000000000000000e+00  4.9946236877210715e-01
  70  1.4509978898038991e-04  1.8718204978657835e-04  4.1395930701387945e-03  3.0839514729115317e-04  0.0000000000000000e+00  5.2230205414684927e-01
  71  2.9892174666379742e-04  5.0435747262433733e-04  3.8997658516152387e-03 -1.6087094012967437e-03  0.0000000000000000e+00  5.3050288235869725e-01
  72  1.2771436983298308e-04  3.1807433685452074e-04  2.6900810709214527e-03 -3.1637445515749268e-03  0.0000000000000000e+00  5.2207197794845706e-01
  73 -4.5356853765648222e-04 -2.5070936050422868e-04  9.6049661732693819e-04 -4.1995605422201635e-03  0.0000000000000000e+00  5.1079284450659468e-01
  74 -1.1788550074320469e-03 -5.0863251982235754e-04 -6.1039184700720109e-04 -4.4951279159959135e-03  0.0000000000000000e+00  5.1328752211058326e-01
  75 -1.1957745384144115e-03 -7.1449642298491222e-05 -1.8626278572268032e-03 -3.7499845761865000e-03  0.0000000000000000e+00  5.2824499709408823e-01
  76 -1.8958550772978463e-04  4.7476318120636844e-04 -3.1401302027206078e-03 -2.1921044528491803e-03  0.0000000000000000e+00  5.4999356413872191e-01
  77  7.5611954079831247e-04  3.0381985659419058e-04 -4.0892024120865317e-03 -4.0685701510143063e-04  0.0000000000000000e+00  5.7032355438275095e-01
  78  5.2842383132949470e-04 -1.9419663836400979e-04 -3.8400429747107853e-03  1.3804607256780485e-03  0.0000000000000000e+00  5.7623442192254315e-01
  79 -4.3906285381683239e-04 -7.8878160817752303e-05 -2.6118834125656298e-03  3.0828982946421004e-03  0.0000000000000000e+00  5.6992079411021712e-01
  80 -9.7186178678871824e-04  2.4615070002911751e-04 -1.1884289537164535e-03  4.2972637168457017e-03  0.0000000000000000e+00  5.6069105748614079e-01
  81 -8.2799445895863550e-04  7.8413746721587080e-05  3.4977533389793803e-04  4.5482240104236940e-03  0.0000000000000000e+00  5.6381043383213691e-01
  82 -5.4913212738144917e-04 -3.0428697753956250e-04  1.9881554806847799e-03  3.8141131999134561e-03  0.0000000000000000e+00  5.7960599473646712e-01
  83 -2.4955395664176332e-04 -2.3646267760758951e-04  3.3693819719969316e-03  2.3093045806885817e-03  0.0000000000000000e+00  6.0391712459079938e-01
  84  1.2535862784879067e-04  2.2609153718984373e-04  4.1196366124987118e-03  3.7204820069943227e-04  0.0000000000000000e+00  6.2698287975604616e-01
  85  3.4567885176255961e-04  5.2258681973392463e-04  3.9302069114204637e-03 -1.5402701913500914e-03  0.0000000000000000e+00  6.3571544966285187e-01
  86  1.7121239736828486e-04  2.8922526740155706e-04  2.7411611820812852e-03 -3.1009838336674349e-03  0.0000000000000000e+00  6.2742834359421484e-01
  87 -4.6221279241372008e-04 -2.6741760535199449e-04  1.0187021382372468e-03 -4.1699774069905247e-03  0.0000000000000000e+00  6.1585145510255579e-01
  88 -1.2079441723724979e-03 -4.8339818519620636e-04 -5.3723145480294974e-04 -4.5120298041117024e-03  0.0000000000000000e+00  6.1774894377408274e-01
  89 -1.2060872709246156e-03 -4.7488074867555227e-05 -1.7880738531905838e-03 -3.8082449638101234e-03  0.0000000000000000e+00  6.3220885620218137e-01
  90 -1.9078691659578517e-04  4.5835433288103541e-04 -3.0878663890333614e-03 -2.2786836115505746e-03  0.0000000000000000e+00  6.5381081423908771e-01
  91  7.4338799531555380e-04  2.6525735761188604e-04 -4.0779236147520468e-03 -5.0053827781646235e-04  0.0000000000000000e+00  6.7448818789366227e-01
  92  5.1315522371652626e-04 -2.0345431982466151e-04 -3.8771435804058592e-03  1.2998661345508052e-03  0.0000000000000000e+00  6.8142985290259661e-01
  93 -4.2836903658203260e-04 -4.6758642297326255e-05 -2.6848305987676102e-03  3.0245358528361746e-03  0.0000000000000000e+00  6.7575753834961427e-01
  94 -9.2467804518030097e-04  2.7924536068997741e-04 -1.2637942257628352e-03  4.2627137388204046e-03  0.0000000000000000e+00  6.6636264340585372e-01
  95 -7.8867458684469757e-04  6.5548740323344420e-05  2.9822529386310822e-04  4.5481035623796068e-03  0.0000000000000000e+00  6.6881495268751323e-01
  96 -5.7368204357094281e-04 -3.4630136136512617e-04  1.9456115754030528e-03  3.8548341458931080e-03  0.0000000000000000e+00  6.8415725232754365e-01
  97 -3.1379155411395297e-04 -2.4267348533827667e-04  3.3191906056128043e-03  2.3702190000556827e-03  0.0000000000000000e+00  7.0833694708704720e-01
  98  1.0479273856260967e-04  2.6420999224370344e-04  4.0964041485433179e-03  4.3585697423981446e-04  0.0000000000000000e+00  7.3158175314280172e-01
  99  3.9113964165272508e-04  5.4010247750817036e-04  3.9577479801452863e-03 -1.4709766360155253e-03  0.0000000000000000e+00  7.4084362439696783e-01
 100  2.1380706538014235e-04  2.5980581903487681e-04  2.7912813930220824e-03 -3.0368347713279177e-03  0.0000000000000000e+00  7.3271787971938773e-01
 101 -4.7066610393264793e-04 -2.8362451771066758e-04  1.0769282101951985e-03 -4.1382325762508165e-03  0.0000000000000000e+00  7.2088638384935022e-01
 102 -1.2353200828494446e-03 -4.5711346813907198e-04 -4.6412690241804316e-04 -4.5264702774085643e-03  0.0000000000000000e+00  7.2218106174751051e-01
 103 -1.2141269640245928e-03 -2.3425040809211066e-05 -1.7139284026365402e-03 -3.8643478877947424e-03  0.0000000000000000e+00  7.3614747667918379e-01
 104 -1.9192553241244293e-04  4.4072524031818613e-04 -3.0354505244556533e-03 -2.3636890464807962e-03  0.0000000000000000e+00  7.5759473120364007e-01
 105  7.2846495864259614e-04  2.2647629501632629e-04 -4.0649181407455097e-03 -5.9323352046293043e-04  0.0000000000000000e+00  7.7859670890128385e-01
 106  4.9671882339320415e-04 -2.1142767170063430e-04 -3.9119617967306765e-03  1.2196243347118115e-03  0.0000000000000000e+00  7.8656376507229264e-01
 107 -4.1666543296504173e-04 -1.4568653567100147e-05 -2.7561958500827602e-03  2.9655464053256913e-03  0.0000000000000000e+00  7.8154522667141801e-01
 108 -8.7653125838583026e-04  3.1113981666954350e-04 -1.3383134387591484e-03  4.2262232512542582e-03  0.0000000000000000e+00  7.7201808104586700e-01
 109 -7.4927399141763034e-04  5.2546757285509211e-05  2.4674779573990584e-04  4.5451424519668991e-03  0.0000000000000000e+00  7.7378244914317140e-01
 110 -5.9754626830033834e-04 -3.8680316919524176e-04  1.9025676568088954e-03  3.8929830208789939e-03  0.0000000000000000e+00  7.8864404853943548e-01
 111 -3.7717967853237319e-04 -2.4847122503189508e-04  3.2676422926098958e-03  2.4298603127841933e-03  0.0000000000000000e+00  8.1265453237656526e-01
 112  8.3652484598090027e-05  3.0102514946693304e-04  4.0702033513820369e-03  4.9958568717822587e-04  0.0000000000000000e+00  8.3603219755169522e-01
 113  4.3481474864091012e-04  5.5663899057608495e-04  3.9822834238369314e-03 -1.4012060398518893e-03  0.0000000000000000e+00  8.4581834742787432e-01
 114  2.5506977105590979e-04  2.3021790607244570e-04  2.8402153940960077e-03 -2.9717604153084620e-03  0.0000000000000000e+00  8.3787297011083151e-01
 115 -4.7873194881200556e-04 -2.9906495866758453e-04  1.1349007236269664e-03 -4.1045783465377640e-03  0.0000000000000000e+00  8.2583258389808623e-01
 116 -1.2606124207270163e-03 -4.3009097037762141e-04 -3.9158484816435635e-04 -4.5383433814483740e-03  0.0000000000000000e+00  8.2652392058635282e-01
 117 -1.2198763801237358e-03  3.8828651173924805e-07 -1.6407925125602285e-03 -3.9178668851243929e-03  0.0000000000000000e+00  8.4000437544402728e-01
 118 -1.9311122415281273e-04  4.2203758806558304e-04 -2.9833456523865472e-03 -2.4464573704496419e-03  0.0000000000000000e+00  8.6128984830586919e-01
 119  7.1148393147495896e-04  1.8797533264036602e-04 -4.0503466811535448e-03 -6.8421207255329390e-04  0.0000000000000000e+00  8.8259263933833454e-01
 120  4.7937509333545372e-04 -2.1795856749591013e-04 -3.9442834616218274e-03  1.1403734892410403e-03  0.0000000000000000e+00  8.9156861564223988e-01
 121 -4.0396402521902650e-04  1.7364306178586216e-05 -2.8254548930874545e-03  2.9064128311302199e-03  0.0000000000000000e+00  8.8720894216375634e-01
 122 -8.2792954165728698e-04  3.4144356115068167e-04 -1.4114453759081925e-03  4.1882011036592365e-03  0.0000000000000000e+00  8.7758167502151840e-01
 123 -7.1037933833626083e-04  3.9513708449061526e-05  1.9558486155218832e-04  4.5396243116392135e-03  0.0000000000000000e+00  8.7864519210394909e-01
 124 -6.2066813405095502e-04 -4.2531980624184706e-04  1.8591445377676285e-03  3.9285397323084066e-03  0.0000000000000000e+00  8.9300377020149568e-01
 125 -4.3909657507654122e-04 -2.5374046550196105e-04  3.2151281592636438e-03  2.4880460039009181e-03  0.0000000000000000e+00  9.1680992453303689e-01
 126  6.2246337633089049e-05  3.3609468099144373e-04  4.0414340716488613e-03  5.6302702238406077e-04  0.0000000000000000e+00  9.4027672626795167e-01
 127  4.7630663943281157e-04  5.7191498287397229e-04  4.0038230540458590e-03 -1.3313190902429967e-03  0.0000000000000000e+00  9.5057963827857272e-01
 128  2.9458578620471731e-04  2.0082785111868063e-04  2.8877941430708398e-03 -2.9062364260150826e-03  0.0000000000000000e+00  9.4283485830818747e-01
 129 -4.8627212633718333e-04 -3.1346415784599518e-04  1.1923945326953527e-03 -4.0693403588805055e-03  0.0000000000000000e+00  9.3063254645984994e-01
 130 -1.2835062788619453e-03 -4.0261163380445736e-04 -3.2004473861889366e-04 -4.5476534226406443e-03  0.0000000000000000e+00  9.3072526211000073e-01
 131 -1.2233574396783118e-03  2.3598658275769940e-05 -1.5692102392669094e-03 -3.9685042816442126e-03  0.0000000000000000e+00  9.4373055707742559e-01
 132 -1.9447101863801644e-04  4.0242782486857044e-04 -2.9319906706668751e-03 -2.5264592680719973e-03  0.0000000000000000e+00  9.6484846125895984e-01
 133  6.9258843668976188e-04  1.5022431978454015e-04 -4.0344121047348773e-03 -7.7284913015705195e-04  0.0000000000000000e+00  9.8642843214701270e-01
 134  4.6139902353561392e-04 -2.2289150884490899e-04 -3.9740019983188135e-03  1.0626875947352718e-03  0.0000000000000000e+00  9.9638720448556006e-01
 135 -3.9025833276094780e-04  4.8756277766686753e-05 -2.8922029537319311e-03  2.8475926876434673e-03  0.0000000000000000e+00  9.9268439278059595e-01
 136 -7.7933837391058378e-04  3.6979889189497260e-04 -1.4827237009822937e-03  4.1490773340451502e-03  0.0000000000000000e+00  9.8298717753449605e-01
 137 -6.7256438689455823e-04  2.6516151236449201e-05  1.4496234638085217e-04  4.5319113809456609e-03  0.0000000000000000e+00  9.8334501225547644e-01
 138 -6.4307444886907298e-04 -4.6144479042271283e-04  1.8154521949463546e-03  3.9615912548403073e-03  0.0000000000000000e+00  9.9718427252900343e-01
 139 -4.9900609320683578e-04 -2.5833889200377314e-04  3.1620218954276401e-03  2.5446707487156378e-03  0.0000000000000000e+00  1.0207545325318330e+00
 140  4.0915265206914993e-05  3.6906304088411140e-04  4.0105524868534522e-03  6.2602165641135186e-04  0.0000000000000000e+00  1.0442706516809073e+00
 141  5.1532324485853410e-04  5.8564975457504886e-04  4.0224852073162927e-03 -1.2616307643869024e-03  0.0000000000000000e+00  1.0550805999033768e+00
 142  3.3197908061513977e-04  1.7195030049252594e-04  2.9339184325074892e-03 -2.8407137120769468e-03  0.0000000000000000e+00  1.0475577016814590e+00
 143 -4.9320423649780031e-04 -3.2655013901853312e-04  1.2492497990692479e-03 -4.0328863968737824e-03  0.0000000000000000e+00  1.0352403410893252e+00
 144 -1.3037492894743424e-03 -3.7491035837002821e-04 -2.4985262462084062e-04 -4.5545040174700003e-03  0.0000000000000000e+00  1.0347441299089846e+00
 145 -1.2246269109242557e-03  4.5866454054774341e-05 -1.4996368638698033e-03 -4.0161013954562947e-03  0.0000000000000000e+00  1.0472879432315410e+00
 146 -1.9615039147867415e-04  3.8199752834244111e-04 -2.8817699424963671e-03 -2.6033267380162852e-03  0.0000000000000000e+00  1.0682339390540878e+00
 147  6.7191524840687930e-04  1.1364408337690586e-04 -4.0173370590365657e-03 -8.5866232478188590e-04  0.0000000000000000e+00  1.0900686988346702e+00
 148  4.4306762724224361e-04 -2.2607817531018138e-04 -4.0011152742046203e-03  9.8703851868419800e-04  0.0000000000000000e+00  1.1009764059786491e+00
 149 -3.7551681273340494e-04  7.9375751708515589e-05 -2.9561741557460859e-03  2.7894828985009328e-03  0.0000000000000000e+00  1.0979221397453454e+00
 150 -7.3115616266909136e-04  3.9589470940707902e-04 -1.5517857607068425e-03  4.1092672792080471e-03  0.0000000000000000e+00  1.0881822170922193e+00
 151 -6.3635946042905130e-04  1.3585041342638885e-05  9.5068925519380338e-05  4.5224122436027551e-03  0.0000000000000000e+00  1.0878370757194824e+00
 152 -6.6486475559119653e-04 -4.9485024953576685e-04  1.7715755109329698e-03  3.9923196804021342e-03  0.0000000000000000e+00  1.1011471014189249e+00
 153 -5.5648032031855883e-04 -2.6211176631985082e-04  3.1086508652218370e-03  2.5997141077567089e-03  0.0000000000000000e+00  1.1244539612524309e+00
 154  2.0005220060601037e-05  3.9966766141426790e-04  3.9780313609033358e-03  6.8847421691424927e-04  0.0000000000000000e+00  1.1479845631369661e+00
 155  5.5167973586977138e-04  5.9757824655971229e-04  4.0384791969185398e-03 -1.1923854061052822e-03  0.0000000000000000e+00  1.1592900780925979e+00
 156  3.6693167173160331e-04  1.4383854477846857e-04  2.9785648872754449e-03 -2.7755842940352174e-03  0.0000000000000000e+00  1.1520113195433552e+00
 157 -4.9949327722788371e-04 -3.3806493536451648e-04  1.3053828681527750e-03 -3.9955917643252018e-03  0.0000000000000000e+00  1.1396245061290569e+00
 158 -1.3211514798018335e-03 -3.4716679175024576e-04 -1.8124419211317964e-04 -4.5590769972797792e-03  0.0000000000000000e+00  1.1385533761219524e+00
 159 -1.2237681664778043e-03  6.6879191310616879e-05 -1.4324171193291838e-03 -4.0606339150274194e-03  0.0000000000000000e+00  1.1506517169371515e+00
 160 -1.9831216237085010e-04  3.6080750434183684e-04 -2.8329902046553301e-03 -2.6768630547107791e-03  0.0000000000000000e+00  1.1714229431291452e+00
 161  6.4957865398545536e-04  7.8592005424019573e-05 -3.9993406931089744e-03 -9.4133258424655046e-04  0.0000000000000000e+00  1.1934922371040273e+00
 162  4.2464704216815059e-04 -2.2738019579203608e-04 -4.0257120442150811e-03  9.1377010017464424e-04  0.0000000000000000e+00  1.2053094667441653e+00
 163 -3.5967888533549599e-04  1.0904768359709338e-04 -3.0172465161685683e-03  2.7323923653216706e-03  0.0000000000000000e+00  1.2028902793433141e+00
 164 -6.8369748954494076e-04  4.1947412179812749e-04 -1.6183902301412886e-03  4.0691396871905599e-03  0.0000000000000000e+00  1.1931312669876164e+00
 165 -6.0222828040126439e-04  7.2200000348336617e-07  4.6038584725329776e-05  4.5115483878453233e-03  0.0000000000000000e+00  1.1920923319220831e+00
 166 -6.8619555473262487e-04 -5.2529041685974364e-04  1.7275613030297199e-03  4.0209834905560156e-03  0.0000000000000000e+00  1.2048693791100891e+00
 167 -6.1121016197174499e-04 -2.6490544014851048e-04  3.0552727882204472e-03  2.6532417648307328e-03  0.0000000000000000e+00  1.2278895016282623e+00
 168 -1.5825139285824083e-07  4.2773522443277737e-04  3.9443220682988979e-03  7.5036463590803760e-04  0.0000000000000000e+00  1.2514053863577854e+00
 169  5.8528990536700480e-04  6.0746231436699329e-04  4.0520809188011875e-03 -1.1237380834474438e-03  0.0000000000000000e+00  1.2631938662937940e+00
 170  3.9919559117930920e-04  1.1668151847601500e-04  3.0217856965554599e-03 -2.7111539893810029e-03  0.0000000000000000e+00  1.2561825157775204e+00
 171 -5.0513938273499673e-04 -3.4777316615024103e-04  1.3607915219428584e-03 -3.9578060674734811e-03  0.0000000000000000e+00  1.2437696348829008e+00
 172 -1.3355788348263225e-03 -3.1950163802112603e-04 -1.1433738098820924e-04 -4.5616052763471819e-03  0.0000000000000000e+00  1.2421409668920838e+00
 173 -1.2208806064106172e-03  8.6361396868414890e-05 -1.3677744035044126e-03 -4.1021952163983379e-03  0.0000000000000000e+00  1.2538114894236589e+00
 174 -2.0113340555267311e-04  3.3887582469837723e-04 -2.7858664175199927e-03 -2.7470368435008386e-03  0.0000000000000000e+00  1.2744064733683700e+00
 175  6.2565767818307941e-04  4.5354227947845020e-05 -3.9806175345633681e-03 -1.0207091553831897e-03  0.0000000000000000e+00  1.2966928171154155e+00
 176  4.0638080195103848e-04 -2.2667013189924817e-04 -4.0479511726755988e-03  8.4308558809735297e-04  0.0000000000000000e+00  1.3093768279618683e+00
 177 -3.4265381776663224e-04  1.3765302732445379e-04 -3.0754340355793270e-03  2.6765246021761670e-03  0.0000000000000000e+00  1.3075755016275781e+00
 178 -6.3718484359026020e-04  4.4033591924050710e-04 -1.6824230918554561e-03  4.0289921165624484e-03  0.0000000000000000e+00  1.2978170240457700e+00
 179 -5.7055391554025636e-04 -1.2093306929508591e-05 -2.0616604310925094e-06  4.4997239791337001e-03  0.0000000000000000e+00  1.2960985579601922e+00
 180 -7.0726259065624479e-04 -5.5259718560436407e-04  1.6834079840789063e-03  4.0478955498309526e-03  0.0000000000000000e+00  1.3083443567999953e+00
 181 -6.6300461184812698e-04 -2.6657806480691511e-04  3.0020597932916434e-03  2.7054012183232979e-03  0.0000000000000000e+00  1.3310583355505106e+00
 182 -1.9290248538670313e-05  4.5317032693804264e-04  3.9098228099181745e-03  8.1175433431234661e-04  0.0000000000000000e+00  1.3545361499065856e+00
 183  6.1615004760216471e-04  6.1509723408387468e-04  4.0636057811350148e-03 -1.0557433388729488e-03  0.0000000000000000e+00  1.3667945635574499e+00
 184  4.2859702600346074e-04  9.0606558534431927e-05  3.0637030385168174e-03 -2.6476240368101620e-03  0.0000000000000000e+00  1.3600750676310591e+00
 185 -5.1016408521140750e-04 -3.5546724364507237e-04  1.4155549933078399e-03 -3.9198252963848984e-03  0.0000000000000000e+00  1.3476766983545834e+00
 186 -1.3469424009965620e-03 -2.9197786142731670e-04 -4.9133645122158343e-05 -4.5623440480829919e-03  0.0000000000000000e+00  1.3455101540034275e+00
 187 -1.2160683739796503e-03  1.0408024306263991e-04 -1.3058102042187061e-03 -4.1409716795059118e-03  0.0000000000000000e+00  1.3567713665045702e+00
 188 -2.0480102726448210e-04  3.1617933130412528e-04 -2.7405165780197411e-03 -2.8139637393125357e-03  0.0000000000000000e+00  1.3771898265726066e+00
 189  6.0018736186483580e-04  1.4144132196728784e-05 -3.9613206111150682e-03 -1.0968009890859076e-03  0.0000000000000000e+00  1.3996788537376350e+00
 190  3.8848038720370884e-04 -2.2383097904361132e-04 -4.0680372460918978e-03  7.7504751071311238e-04  0.0000000000000000e+00  1.4131856364425837e+00
 191 -3.2432224172367552e-04  1.6512474912846841e-04 -3.1308689647253731e-03  2.6219706095506421e-03  0.0000000000000000e+00  1.4119826855919528e+00
 192 -5.9174821692894932e-04  4.5833093234956367e-04 -1.7438931827588636e-03  3.9890350997396984e-03  0.0000000000000000e+00  1.4022403092971645e+00
 193 -5.4163371273024713e-04 -2.4895915259427219e-05 -4.9237985827960012e-05  4.4873016792619565e-03  0.0000000000000000e+00  1.3998601204304890e+00
 194 -7.2828378136348805e-04 -5.7666982496405055e-04  1.6390588591538176e-03  4.0734008541198248e-03  0.0000000000000000e+00  1.4115808098590683e+00
 195 -7.1178095322052179e-04 -2.6700654992401206e-04  2.9490903503275553e-03  2.7564131314504452e-03  0.0000000000000000e+00  1.4339726650242037e+00
 196 -3.7160029813106915e-05  4.7593959361483208e-04  3.8748555756651865e-03  8.7278714456173799e-04  0.0000000000000000e+00  1.4573947244528760e+00
 197  6.4431873315064540e-04  6.2031343535596953e-04  4.0733825562276069e-03 -9.8835144683194812e-04  0.0000000000000000e+00  1.4701103420825177e+00
 198  4.5503349279462637e-04  6.5686294478678998e-05  3.1044994767489395e-03 -2.5850821850515152e-03  0.0000000000000000e+00  1.4637086188027393e+00
 199 -5.1459721891223642e-04 -3.6096923644383309e-04  1.4698294445568956e-03 -3.8818715399563243e-03  0.0000000000000000e+00  1.4513622898858693e+00
 200 -1.3551850906820635e-03 -2.6460558096551203e-04  1.4473896634203105e-05 -4.5615439395714731e-03  0.0000000000000000e+00  1.4486786986812425e+00
 201 -1.2094296933840335e-03  1.1984717661772223e-04 -1.2465118046824819e-03 -4.1772141907280630e-03  0.0000000000000000e+00  1.4595491057450760e+00
 202 -2.0950664948293980e-04  2.9265775930884447e-04 -2.6969642894515110e-03 -2.8778799475795993e-03  0.0000000000000000e+00  1.4797916641696229e+00
 203  5.7315436318820367e-04 -1.4894134908621187e-05 -3.9415497790595954e-03 -1.1697580089753724e-03  0.0000000000000000e+00  1.5024721956467895e+00
 204  3.7111855445244298e-04 -2.1875470269320146e-04 -4.0861957583438581e-03  7.0958760127615519e-04  0.0000000000000000e+00  1.5167582321004187e+00
 205 -3.0453982232790894e-04  1.9144152760909103e-04 -3.1837778988381355e-03  2.5687107514694978e-03  0.0000000000000000e+00  1.5161333378494133e+00
 206 -5.4743098261415108e-04  4.7335483231629102e-04 -1.8029196350528038e-03  3.9493849083239493e-03  0.0000000000000000e+00  1.5064187640158357e+00
 207 -5.1568166289219885e-04 -3.7729287478012381e-05 -9.5569976743368565e-05  4.4745856183949252e-03  0.0000000000000000e+00  1.5033967041187095e+00
 208 -7.4948443183449158e-04 -5.9746134677648337e-04  1.5943995719845576e-03  4.0978561182598823e-03  0.0000000000000000e+00  1.5146015469484329e+00
 209 -7.5754881173929647e-04 -2.6608972690507124e-04  2.8963485269771151e-03  2.8065595547264142e-03  0.0000000000000000e+00  1.5366580508447134e+00
 210 -5.3597661917413427e-05  4.9605421085066419e-04  3.8396525277195012e-03  9.3368526993556225e-04  0.0000000000000000e+00  1.5600118544187680e+00
 211  6.6989558130080458e-04  6.2297431290597965e-04  4.0817306189685964e-03 -9.2141151582060955e-04  0.0000000000000000e+00  1.5731729442503397e+00
 212  4.7846574814854379e-04  4.1947867489660452e-05  3.1444056189161513e-03 -2.5235024739482747e-03  0.0000000000000000e+00  1.5671167796363652e+00
 213 -5.1846594040791470e-04 -3.6413002249878674e-04  1.5238397269765481e-03 -3.8440810329847747e-03  0.0000000000000000e+00  1.5548570508263859e+00
 214 -1.3602682115046707e-03 -2.3734929936935486e-04  7.6687428381354443e-05 -4.5594284854112137e-03  0.0000000000000000e+00  1.5516773871292506e+00
 215 -1.2010477152778890e-03  1.3351637471272870e-04 -1.1897658318841327e-03 -4.2112092852804577e-03  0.0000000000000000e+00  1.5621746035880777e+00
 216 -2.1544124151700065e-04  2.6821957541891866e-04 -2.6551472176351149e-03 -2.9391117977667558e-03  0.0000000000000000e+00  1.5822424305063461e+00
 217  5.4449655660635833e-04 -4.1678749041127771e-05 -3.9213452433987141e-03 -1.2398460723864789e-03  0.0000000000000000e+00  1.6051062944742118e+00
 218  3.5442536765529191e-04 -2.1134043193916620e-04 -4.1026501269591864e-03  6.4652378752224553e-04  0.0000000000000000e+00  1.6201299348744893e+00
 219 -2.8314256297698161e-04  2.1662031341144921e-04 -3.2344550560518977e-03  2.5166235984560204e-03  0.0000000000000000e+00  1.6200632307331604e+00
 220 -5.0420009086837761e-04  4.8533906882909807e-04 -1.8597139007567223e-03  3.9100636369844687e-03  0.0000000000000000e+00  1.6103846805992963e+00
 221 -4.9283591168126136e-04 -5.0640435125010035e-05 -1.4120556011969169e-04  4.4618111993698873e-03  0.0000000000000000e+00  1.6067413046995491e+00
 222 -7.7108537784379122e-04 -6.1496385216629256e-04  1.5492597363975650e-03  4.1216122252005303e-03  0.0000000000000000e+00  1.6174413236301937e+00
 223 -8.0039093023951996e-04 -2.6374833780552759e-04  2.8437293726319623e-03  2.8561700345185715e-03  0.0000000000000000e+00  1.6391512489385756e+00
 224 -6.8494731168210340e-05  5.1355324716229707e-04  3.8043510409271480e-03  9.9474082532679088e-04  0.0000000000000000e+00  1.6624287821095991e+00
 225  6.9300135491049233e-04  6.2297145461780287e-04  4.0889417789308612e-03 -8.5468032927933201e-04  0.0000000000000000e+00  1.6760252171562759e+00
 226  4.9890645369082918e-04  1.9382904623986260e-05  3.1836861186804615e-03 -2.4627521542228419e-03  0.0000000000000000e+00  1.6703447289635180e+00
 227 -5.2178659933905505e-04 -3.6482671649626873e-04  1.5778681927779820e-03 -3.8064999463838420e-03  0.0000000000000000e+00  1.6582035428338104e+00
 228 -1.3621593275485832e-03 -2.1013628686880622e-04  1.3778836649282474e-04 -4.5561769610045306e-03  0.0000000000000000e+00  1.6545480731850304e+00
 229 -1.1909833286834893e-03  1.4498117056709853e-04 -1.1353752575513146e-03 -4.2432522523904717e-03  0.0000000000000000e+00  1.6646879424632339e+00
 230 -2.2278966879259719e-04  2.4274880580695240e-04 -2.6149294227827465e-03 -2.9980444822283216e-03  0.0000000000000000e+00  1.6845823507138062e+00
 231  5.1410602475140000e-04 -6.6181604346872902e-05 -3.9006856155445538e-03 -1.3074189565605665e-03  0.0000000000000000e+00  1.7076239925526815e+00
 232  3.3848645403815656e-04 -2.0149295467832042e-04 -4.1176017747022115e-03  5.8558135079931630e-04  0.0000000000000000e+00  1.7233464205454201e+00
 233 -2.5995336514148307e-04  2.4070870744359477e-04 -3.2832352843466459e-03  2.4654995231185393e-03  0.0000000000000000e+00  1.7238195652891317e+00
 234 -4.6195871607420113e-04  4.9424148695291395e-04 -1.9145588284038926e-03  3.8710048128197429e-03  0.0000000000000000e+00  1.7141822922506795e+00
 235 -4.7316899763394799e-04 -6.3676489726982537e-05 -1.8635171367389786e-04  4.4491405194064084e-03  0.0000000000000000e+00  1.7099377632248698e+00
 236 -7.9329391275631122e-04 -6.2919470674859207e-04  1.5034184426826497e-03  4.1449996612537704e-03  0.0000000000000000e+00  1.7201444133420747e+00
 237 -8.4044301648986781e-04 -2.5992281735897298e-04  2.7910490186356493e-03  2.9056063124815626e-03  0.0000000000000000e+00  1.7414977843618291e+00
 238 -8.1800604259304102e-05  5.2848931693986133e-04  3.7689958302020415e-03  1.0563035792977436e-03  0.0000000000000000e+00  1.7646946989643584e+00
 239  7.1376079082913083e-04  6.2021874920302922e-04  4.0952668644943660e-03 -7.8783571769586625e-04  0.0000000000000000e+00  1.7787184311987210e+00
 240  5.1640749523240877e-04 -2.0428861230010449e-06  3.2226247837245587e-03 -2.4026039488922912e-03  0.0000000000000000e+00  1.7734465549314249e+00
 241 -5.2455957497434143e-04 -3.6295945323499955e-04  1.6322411801204088e-03 -3.7690865875931378e-03  0.0000000000000000e+00  1.7614537900968090e+00
 242 -1.3608225570616898e-03 -1.8286529392408379e-04  1.9811967262554171e-04 -4.5519125824313583e-03  0.0000000000000000e+00  1.7573414396929747e+00
 243 -1.1792700915294837e-03  1.5416962562884195e-04 -1.0830778624889672e-03 -4.2736234121262557e-03  0.0000000000000000e+00  1.7671371814119243e+00
 244 -2.3172508140638525e-04  2.1611242238221020e-04 -2.5761157838826193e-03 -3.0550920505668382e-03  0.0000000000000000e+00  1.7868591882074309e+00
 245  4.8183483490471903e-04 -8.8419459055378611e-05 -3.8794895905149987e-03 -1.3728898382754445e-03  0.0000000000000000e+00  1.8100751095331409e+00
 246  3.2334282410883977e-04 -1.8912213049636063e-04 -4.1312136716882145e-03  5.2641590033573199e-04  0.0000000000000000e+00  1.8264609020395388e+00
 247 -2.3478967544526906e-04  2.6377781717999986e-04 -3.3304683794401235e-03  2.4150571065383259e-03  0.0000000000000000e+00  1.8274579076347230e+00
 248 -4.2055988340249957e-04  5.0003786119868555e-04 -1.9677867044953206e-03  3.8320627439015036e-03  0.0000000000000000e+00  1.8178647784965982e+00
 249 -4.5669869695085972e-04 -7.6882525091386428e-05 -2.3126206793815820e-04  4.4366618462310650e-03  0.0000000000000000e+00  1.8130380593263848e+00
 250 -8.1629685495702596e-04 -6.4018481576447498e-04  1.4566131641479791e-03  4.1683164631627087e-03  0.0000000000000000e+00  1.8227620204225758e+00
 251 -8.7787430567304802e-04 -2.5456990717813335e-04  2.7380582099050020e-03  2.9552459925552784e-03  0.0000000000000000e+00  1.8437494302950619e+00
 252 -9.3515834371293738e-05  5.4091739454504694e-04  3.7335463786362781e-03  1.1187654445196280e-03  0.0000000000000000e+00  1.8668641757959181e+00
 253  7.3228878515935983e-04  6.1464670604622360e-04  4.1009065388711453e-03 -7.2049341651467052e-04  0.0000000000000000e+00  1.8813095470420995e+00
 254  5.3104748148557221e-04 -2.2381155377201598e-05  3.2615092293028524e-03 -2.3427520360514262e-03  0.0000000000000000e+00  1.8764824933456277e+00
 255 -5.2676679387640203e-04 -3.5844851811600695e-04  1.6873135907019665e-03 -3.7317184646325770e-03  0.0000000000000000e+00  1.8646666473836098e+00
 256 -1.3562119689050399e-03 -1.5541516143755460e-04  2.5806746416644639e-04 -4.5466954797576649e-03  0.0000000000000000e+00  1.8601146075695336e+00
 257 -1.1659112843976083e-03  1.6104026880464146e-04 -1.0325647257391113e-03 -4.3025679362089708e-03  0.0000000000000000e+00  1.8695760113407964e+00
 258 -2.4240290792077371e-04  1.8816816067827096e-04 -2.5384671432426694e-03 -3.1106697195660304e-03  0.0000000000000000e+00  1.8891258782258029e+00
 259  4.4750316903847693e-04 -1.0844587905226006e-04 -3.8576203681926070e-03 -1.4367038124554533e-03  0.0000000000000000e+00  1.9125139393441912e+00
 260  3.0899161883152888e-04 -1.7414378375312748e-04 -4.1435972206130458e-03  4.6863651190736917e-04  0.0000000000000000e+00  1.9295312492743448e+00
 261 -2.0747225957502729e-04  2.8591594396714564e-04 -3.3764954584875905e-03  2.3649609138750097e-03  0.0000000000000000e+00  1.9310390559242518e+00
 262 -3.7982011843456419e-04  5.0271525466077873e-04 -2.0197575236526977e-03  3.7930241628163571e-03  0.0000000000000000e+00  1.9214911571842050e+00
 263 -4.4339785996905977e-04 -9.0300301453086085e-05 -2.7622237581955832e-04  4.4243916663881267e-03  0.0000000000000000e+00  1.9160995043016309e+00
 264 -8.4025490653711428e-04 -6.4796975379825860e-04  1.4085515820957946e-03  4.1918179236875869e-03  0.0000000000000000e+00  1.9253496454172128e+00
 265 -9.1286979911743300e-04 -2.4765903573771775e-04  2.6844583083222829e-03  3.0054652788883253e-03  0.0000000000000000e+00  1.9459616849020516e+00
 266 -1.0368410865843165e-04  5.5088702812447769e-04  3.6978880886081047e-03  1.1825421043443003e-03  0.0000000000000000e+00  1.9689946460544370e+00
 267  7.4868000275256439e-04  6.0619806326890700e-04  4.1060055368683096e-03 -6.5222667406964559e-04  0.0000000000000000e+00  1.9838585156891630e+00
 268  5.4292049243370418e-04 -4.1693632314704159e-05  3.3006152672565817e-03 -2.2828305547690081e-03  0.0000000000000000e+00  1.9795161444450000e+00
 269 -5.2837146331811925e-04 -3.5123261974249960e-04  1.7434517829295706e-03 -3.6942028478338085e-03  0.0000000000000000e+00  1.9679050787047248e+00
 270 -1.3482684275879135e-03 -1.2765324107257955e-04  3.1804236107439926e-04 -4.5405196713023859e-03  0.0000000000000000e+00  1.9629286578044061e+00
 271 -1.1508790918660558e-03  1.6557876403168343e-04 -9.8349784391267830e-04 -4.3302791278191895e-03  0.0000000000000000e+00  1.9720613352148830e+00
 272 -2.5495418146445007e-04  1.5877288704557364e-04 -2.5017152409702046e-03 -3.1651688486301318e-03  0.0000000000000000e+00  1.9914380931880076e+00
 273  4.1090962558782253e-04 -1.2634459892423583e-04 -3.8348921808715633e-03 -1.4993122337261108e-03  0.0000000000000000e+00  2.0149967073477661e+00
 274  2.9538732505160920e-04 -1.5648256974315250e-04 -4.1548022005696008e-03  4.1182804003786629e-04  0.0000000000000000e+00  2.0326171075048984e+00
 275 -1.7783528010123219e-04  3.0722318514892730e-04 -3.4216275713468995e-03  2.3148397409810781e-03  0.0000000000000000e+00  2.0346259139359830e+00
 276 -3.3953265905329395e-04  5.0226782381666227e-04 -2.0708381866429747e-03  3.7536212160708760e-03  0.0000000000000000e+00  2.0251231530212852e+00
 277 -4.3320217639422257e-04 -1.0396755520073416e-04 -3.2153460439076357e-04  4.4122781772250822e-03  0.0000000000000000e+00  2.0191819055226876e+00
 278 -8.6529746978556484e-04 -6.5258411944308259e-04  1.3589259303755587e-03  4.2157073005016713e-03  0.0000000000000000e+00  2.0279644495728890e+00
 279 -9.4561461635120185e-04 -2.3916921570858756e-04  2.6299191916691728e-03  3.0566207258309191e-03  0.0000000000000000e+00  2.0481912780289502e+00
 280 -1.1238378197655699e-04  5.5843786363539525e-04  3.6618460137593867e-03  1.2480519994448689e-03  0.0000000000000000e+00  2.0711439568027452e+00
 281  7.6300169416986788e-04  5.9482547694341510e-04  4.1106495386525133e-03 -5.8258820814561293e-04  0.0000000000000000e+00  2.0864256346523784e+00
 282  5.5212673383512451e-04 -6.0046075628444758e-05  3.3401910968322360e-03 -2.2224339326018887e-03  0.0000000000000000e+00  2.0826116879654064e+00
 283 -5.2931953876734898e-04 -3.4126886075494365e-04  1.8010148659133340e-03 -3.6562898632357963e-03  0.0000000000000000e+00  2.0712333722206315e+00
 284 -1.3369200564607774e-03 -9.9443786483333283e-05  3.7846064348615044e-04 -4.5333134085752159e-03  0.0000000000000000e+00  2.0658460794944391e+00
 285 -1.1341160230080951e-03  1.6779597147492035e-04 -9.3552643146349644e-04 -4.3568849850930342e-03  0.0000000000000000e+00  2.0746507863091534e+00
 286 -2.6947801301841460e-04  1.2779177887413279e-04 -2.4655768847856811e-03 -3.2189345811866137e-03  0.0000000000000000e+00  2.0938517500958946e+00
 287  3.7184373657523750e-04 -1.4222451830723837e-04 -3.8110786094357990e-03 -1.5611491697140034e-03  0.0000000000000000e+00  2.1175789943650924e+00
 288  2.8244327702295845e-04 -1.3607721168273980e-04 -4.1648096084640355e-03  3.5557210909983172e-04  0.0000000000000000e+00  2.1357770242150464e+00
 289 -1.4573788063758600e-04  3.2780682001710330e-04 -3.4661264892671814e-03  2.2643048949017152e-03  0.0000000000000000e+00  2.1382803907534895e+00
 290 -2.9948016601076598e-04  4.9869546472274115e-04 -2.1213829427886729e-03  3.7135453564939259e-03  0.0000000000000000e+00  2.1288220741244199e+00
 291 -4.2601531619350938e-04 -1.1791746047990443e-04 -3.6750020773071077e-04  4.4002055837116362e-03  0.0000000000000000e+00  2.1223447234231507e+00
 292 -8.9151725672309882e-04 -6.5405923543635685e-04  1.3074295495365863e-03  4.2401269879593596e-03  0.0000000000000000e+00  2.1306626235531585e+00
 293 -9.7628057654846213e-04 -2.2908702168531031e-04  2.5740987969412434e-03  3.1090299328529096e-03  0.0000000000000000e+00  2.1504937009337448e+00
 294 -1.1971966421464456e-04  5.6359822871486205e-04  3.6252005183153319e-03  1.3156928174552997e-03  0.0000000000000000e+00  2.1733679676118451e+00
 295  7.7528943629906477e-04  5.8049182405077763e-04  4.1148641417888820e-03 -5.1113435956884822e-04  0.0000000000000000e+00  2.1890689471013212e+00
 296  5.5876544336252163e-04 -7.7503228975412314e-05  3.3804413950888372e-03 -2.1611387675023555e-03  0.0000000000000000e+00  2.1858310805000123e+00
 297 -5.2954252047615093e-04 -3.2853471204886080e-04  1.8603344519035881e-03 -3.6176876107134842e-03  0.0000000000000000e+00  2.1747142798264103e+00
 298 -1.3220863961613293e-03 -7.0656611282269400e-05  4.3972508272291665e-04 -4.5249425958022527e-03  0.0000000000000000e+00  2.1689281245903285e+00
 299 -1.1155388421385537e-03  1.6772756837367029e-04 -8.8830176344753314e-04 -4.3824380746872423e-03  0.0000000000000000e+00  2.1774001712786690e+00
 300 -2.8603323925340001e-04  9.5108609236705950e-05 -2.4297670637454197e-03 -3.2722461428755260e-03  0.0000000000000000e+00  2.1964204468896606e+00
 301  3.3010086803651609e-04 -1.5621619892389868e-04 -3.7859226780991668e-03 -1.6226100468885150e-03  0.0000000000000000e+00  2.2203131156343310e+00
 302  2.7003358761226303e-04 -1.1288835837078534e-04 -4.1735275619440215e-03  2.9946657542818581e-04  0.0000000000000000e+00  2.2390655740788583e+00
 303 -1.1107736300519264e-04  3.4777718811838080e-04 -3.5101876709641051e-03  2.2129683809106334e-03  0.0000000000000000e+00  2.2420603211807890e+00
 304 -2.5944713026408776e-04  4.9200551339927503e-04 -2.1717152268154942e-03  3.6724621184044794e-03  0.0000000000000000e+00  2.2326456998183053e+00
 305 -4.2171133735926473e-04 -1.3217791294978568e-04 -4.1440303989196948e-04  4.3879990879913903e-03  0.0000000000000000e+00  2.2256442189121550e+00
 306 -9.1896429713185144e-04 -6.5242415685778791e-04  1.2537753554237893e-03  4.2651499888159850e-03  0.0000000000000000e+00  2.2334967499711542e+00
 307 -1.0050150024636234e-03 -2.1740604864176381e-04  2.5166642359263245e-03  3.1629512953381001e-03  0.0000000000000000e+00  2.2529207392588977e+00
 308 -1.2581540446917515e-04  5.6638647274036096e-04  3.5877046195203150e-03  1.3858157116422335e-03  0.0000000000000000e+00  2.2757181698157023e+00
 309  7.8554559202729103e-04  5.6317341601972977e-04  4.1186157542356678e-03 -4.3745136596017796e-04  0.0000000000000000e+00  2.2918416631930105e+00
 310  5.6293019563134164e-04 -9.4124479070140161e-05  3.4215116015809018e-03 -2.0985272676529907e-03  0.0000000000000000e+00  2.2892312126405976e+00
 311 -5.2896127951029609e-04 -3.1303203449115877e-04  1.9216930531172005e-03 -3.5780791907191120e-03  0.0000000000000000e+00  2.2784060604809837e+00
 312 -1.3036862608491356e-03 -4.1176325236195275e-05  5.0220527314430864e-04 -4.5152173844439057e-03  0.0000000000000000e+00  2.2722320424448244e+00
 313 -1.0950454273000807e-03  1.6543510154607541e-04 -8.4149059960164608e-04 -4.4069091300699076e-03  0.0000000000000000e+00  2.2803608232997274e+00
 314 -3.0462960211820225e-04  6.0637322486978449e-05 -2.3940108582239639e-03 -3.3253000514948321e-03  0.0000000000000000e+00  2.2991928174540552e+00
 315  2.8549963135645555e-04 -1.6846942518099886e-04 -3.7591489357198331e-03 -1.6840326171400611e-03  0.0000000000000000e+00  2.3232454514368674e+00
 316  2.5799598271296646e-04 -8.6909071733496087e-05 -4.1807908483305223e-03  2.4314333421295126e-04  0.0000000000000000e+00  2.3425304823930779e+00
 317 -7.3803767429209575e-05  3.6724365849292480e-04 -3.5539257113615195e-03  2.1604609980476453e-03  0.0000000000000000e+00  2.3460164103565790e+00
 318 -2.1923228852137834e-04  4.8221752678668205e-04 -2.2221110799227916e-03  3.6300270329952147e-03  0.0000000000000000e+00  2.3366451880430836e+00
 319 -4.2013464705204694e-04 -1.4677031754391757e-04 -4.6249240156206274e-04  4.3754309543329256e-03  0.0000000000000000e+00  2.3291305952487846e+00
 320 -9.4763929302702637e-04 -6.4770982029362979e-04  1.1977158042929623e-03  4.2907720182883587e-03  0.0000000000000000e+00  2.3365131618521815e+00
 321 -1.0319317796160729e-03 -2.0412811447245846e-04  2.4573143815905286e-03  3.2185633059585010e-03  0.0000000000000000e+00  2.3555180031218983e+00
 322 -1.3080658619631951e-04  5.6681473900924812e-04  3.5491030034430497e-03  1.4586977873236070e-03  0.0000000000000000e+00  2.3782393169410412e+00
 323  7.9374042948076185e-04  5.4286617745585083e-04  4.1218146157127418e-03 -3.6118350787009667e-04  0.0000000000000000e+00  2.3947896034011737e+00
 324  5.6470664516282702e-04 -1.0995992279812307e-04  3.4634730445979554e-03 -2.0342122866291949e-03  0.0000000000000000e+00  2.3928610275049196e+00
 325 -5.2749069818807304e-04 -2.9479290757210752e-04  1.9853016268407981e-03 -3.5371417478426213e-03  0.0000000000000000e+00  2.3823594279967741e+00
 326 -1.2816491596768665e-03 -1.0912350502346546e-05  5.6621744796941508e-04 -4.5039023777642241e-03  0.0000000000000000e+00  2.3758081877230071e+00
 327 -1.0725250302777525e-03  1.6100805315494534e-04 -7.9478729288691636e-04 -4.4301852377111022e-03  0.0000000000000000e+00  2.3835768757426949e+00
 328 -3.2521924340964012e-04  2.4334837209216956e-05 -2.3580540415313028e-03 -3.3781969361673342e-03  0.0000000000000000e+00  2.4022098253914344e+00
 329  2.3790167658623024e-04 -1.7915113885513882e-04 -3.7304777954289430e-03 -1.7456806121079747e-03  0.0000000000000000e+00  2.4264137622995552e+00
 330  2.4613629602378111e-04 -5.8177578886025658e-05 -4.1863650980329212e-03  1.8628425734669337e-04  0.0000000000000000e+00  2.4462097886153731e+00
 331 -3.3935222578094308e-05  3.8631023220195412e-04 -3.5973630442112554e-03  2.1064502896447818e-03  0.0000000000000000e+00  2.4501892468884283e+00
 332 -1.7866131840668889e-04  4.6937092617837167e-04 -2.2727845500974089e-03  3.5859030293315555e-03  0.0000000000000000e+00  2.4408620481928169e+00
 333 -4.2109817666487003e-04 -1.6170760281158976e-04 -5.1196688579961853e-04  4.3622284345809529e-03  0.0000000000000000e+00  2.4328451736870091e+00
 334 -9.7748666392368237e-04 -6.3995599905419939e-04  1.1390636395934260e-03  4.3169051355601692e-03  0.0000000000000000e+00  2.4397493384276783e+00
 335 -1.0571048526426816e-03 -1.8926633638066695e-04  2.3958035488397525e-03  3.2759444837504900e-03  0.0000000000000000e+00  2.4583224872147844e+00
 336 -1.3483452979420416e-04  5.6489479243876611e-04  3.5091526959002781e-03  1.5345139709047055e-03  0.0000000000000000e+00  2.4809670993803650e+00
 337  7.9981597178586938e-04  5.1959455121209632e-04  4.1243204720856691e-03 -2.8206241908537499e-04  0.0000000000000000e+00  2.4979487100604709e+00
 338  5.6417268825530035e-04 -1.2504662749719474e-04  3.5063100250487329e-03 -1.9678637376179158e-03  0.0000000000000000e+00  2.4967586558768402e+00
 339 -5.2504494005404785e-04 -2.7388670407878972e-04  2.0512772881863791e-03 -3.4945676198393310e-03  0.0000000000000000e+00  2.4866144573380349e+00
 340 -1.2559298838651044e-03  2.0190321586483200e-05  6.3200411355121100e-04 -4.4907310305291812e-03  0.0000000000000000e+00  2.4796970451662306e+00
 341 -1.0478722909315577e-03  1.5456622045827213e-04 -7.4792466302177807e-04 -4.4520738314965773e-03  0.0000000000000000e+00  2.4870825182976404e+00
 342 -3.4768976774275726e-04 -1.3785387050581499e-05 -2.3216722447155593e-03 -3.4309331574624855e-03  0.0000000000000000e+00  2.5055020734714444e+00
 343  1.8723323605795609e-04 -1.8844287450707047e-04 -3.6996422591543433e-03 -1.8077307929600180e-03  0.0000000000000000e+00  2.5298445824528777e+00
 344  2.3423554998943774e-04 -2.6791392766492518e-05 -4.1899567827901199e-03  1.2863484908811083e-04  0.0000000000000000e+00  2.5501291586082151e+00
 345  8.4271526732960915e-06  4.0507033524171064e-04 -3.6404231780030583e-03  2.0506580689288864e-03  0.0000000000000000e+00  2.5546064961842365e+00
 346 -1.3759988760648841e-04  4.5353493705588976e-04 -2.3238757698193615e-03  3.5397795268256767e-03  0.0000000000000000e+00  2.5453252898915428e+00
 347 -4.2438079555812987e-04 -1.7699124988319342e-04 -5.6295996255695171e-04  4.3480845763671453e-03  0.0000000000000000e+00  2.5368177023791483e+00
 348 -1.0083880516076017e-03 -6.2922047140571925e-04  1.0777122388550124e-03  4.3433743488356493e-03  0.0000000000000000e+00  2.5432314411201338e+00
 349 -1.0805645308501603e-03 -1.7285004731025519e-04  2.3319653711012930e-03  3.3350557320322933e-03  0.0000000000000000e+00  2.5613602540086866e+00
 350 -1.3804079317413678e-04  5.6064539580001204e-04  3.4676450780149475e-03  1.6133101918201561e-03  0.0000000000000000e+00  2.5839259576851408e+00
 351  8.0369268507553434e-04  4.9342250961849409e-04  4.1259515806357635e-03 -1.9993610576217726e-04  0.0000000000000000e+00  2.6013427397631319e+00
 352  5.6140097062816279e-04 -1.3940500520047479e-04  3.5499104745528344e-03 -1.8992356103573946e-03  0.0000000000000000e+00  2.6009487012699783e+00
 353 -5.2154312074661612e-04 -2.5042750186802788e-04  2.1196228832875328e-03 -3.4500873619754033e-03  0.0000000000000000e+00  2.5911975850595517e+00
 354 -1.2265254159830805e-03  5.2140041786347120e-05  6.9971436742013657e-04 -4.4754246747225066e-03  0.0000000000000000e+00  2.5839262920284320e+00
 355 -1.0210049757481186e-03  1.4626146841472233e-04 -7.0068362817855346e-04 -4.4723138033506372e-03  0.0000000000000000e+00  2.5908993707961208e+00
 356 -3.7186053996682522e-04 -5.3640010998132047e-05 -2.2846785061613529e-03 -3.4833988016216024e-03  0.0000000000000000e+00  2.6090872829164375e+00
 357  1.3350705374136281e-04 -1.9653675416203876e-04 -3.6664067652194699e-03 -1.8702644308211198e-03  0.0000000000000000e+00  2.6335508627006359e+00
 358  2.2206051137684546e-04  7.0787541228781446e-06 -4.1912301237178864e-03  7.0014970814837046e-05  0.0000000000000000e+00  2.6542995366488178e+00
 359  5.3086660395185612e-05  4.2360047628266044e-04 -3.6829301331406258e-03  1.9928768775501616e-03  0.0000000000000000e+00  2.6592804683053370e+00
 360 -9.5966780315931278e-05  4.3481979500220803e-04 -2.3754427144163084e-03  3.4913930321660981e-03  0.0000000000000000e+00  2.6500489391521662e+00
 361 -4.2972531406350821e-04 -1.9260723996003597e-04 -6.1552854166099845e-04  4.3326729129312264e-03  0.0000000000000000e+00  2.6410639736047461e+00
 362 -1.0401574523840108e-03 -6.1558944188665502e-04  1.0136538066713525e-03  4.3699190499804277e-03  0.0000000000000000e+00  2.6469721663384500e+00
 363 -1.1022971206710594e-03 -1.5493129324204666e-04  2.2657352622686140e-03  3.3957276557674198e-03  0.0000000000000000e+00  2.6646444056185024e+00
 364 -1.4056245221941347e-04  5.5410050339843976e-04  3.4244283638543895e-03  1.6949807441017711e-03  0.0000000000000000e+00  2.6871271999766688e+00
 365  8.0527898388443864e-04  4.6446557843547444e-04  4.1264976140653184e-03 -1.1479526888091073e-04  0.0000000000000000e+00  2.7049813246575241e+00
 366  5.5646357311879687e-04 -1.5303540193272580e-04  3.5940621935892313e-03 -1.8281919884077648e-03  0.0000000000000000e+00  2.7054398991556026e+00
 367 -5.1691503040641725e-04 -2.2458059217748123e-04  2.1902108333668492e-03 -3.4034937853039634e-03  0.0000000000000000e+00  2.6961189387781790e+00
 368 -1.1934927067965802e-03  8.4887954350711944e-05  7.6938641684034105e-04 -4.4577160501783498e-03  0.0000000000000000e+00  2.6885081152073518e+00
 369 -9.9188471629480164e-04  1.3627777302714606e-04 -6.5290144945129465e-04 -4.4905946729040941e-03  0.0000000000000000e+00  2.6950341943614151e+00
 370 -3.9748407981362341e-04 -9.5064280054132686e-05 -2.2469289896357150e-03 -3.5353836939045246e-03  0.0000000000000000e+00  2.7129681811913318e+00
 371  7.6842470605361938e-05 -2.0362922051373079e-04 -3.6305872751267146e-03 -1.9332644317925883e-03  0.0000000000000000e+00  2.7375301128114904e+00
 372  2.0937826773960585e-04  4.3177397347632753e-05 -4.1898313880178208e-03  1.0325803033993728e-05  0.0000000000000000e+00  2.7587154080890226e+00
 373  9.9743163222561657e-05  4.4195269964409061e-04 -3.7246158161324096e-03  1.9329843021804289e-03  0.0000000000000000e+00  2.7642063337055736e+00
 374 -5.3746345506210566e-05  4.1338765422376737e-04 -2.4274578300473430e-03  3.4405484152834828e-03  0.0000000000000000e+00  2.7550301918380886e+00
 375 -4.3683863106335700e-04 -2.0852101714043250e-04 -6.6964596227165967e-04  4.3156666449554624e-03  0.0000000000000000e+00  2.7455839987313944e+00
 376 -1.0725394263543856e-03 -5.9918781781713372e-04  9.4699312118650542e-04  4.3962012205200759e-03  0.0000000000000000e+00  2.7509691608332902e+00
 377 -1.1222484060227241e-03 -1.3559235027215202e-04  2.1971690951639164e-03  3.4576558710509844e-03  0.0000000000000000e+00  2.7681735788805231e+00
 378 -1.4252839598994014e-04  5.4531725106733242e-04  3.3794288863240839e-03  1.7792535091083271e-03  0.0000000000000000e+00  2.7905676543832345e+00
 379  8.0448319275503593e-04  4.3290226780858670e-04  4.1257365799366756e-03 -2.6793572747186998e-05  0.0000000000000000e+00  2.8088586570500431e+00
 380  5.4943853863351818e-04 -1.6591519723205530e-04  3.6384567566569797e-03 -1.7547295110195331e-03  0.0000000000000000e+00  2.8102234576492249e+00
 381 -5.1110638061964257e-04 -1.9656661527004757e-04  2.2627742163025002e-03 -3.3546652713084693e-03  0.0000000000000000e+00  2.8013703265928598e+00
 382 -1.1569651792458732e-03  1.1831933389891801e-04  8.4093446082404851e-04 -4.4373762517362445e-03  0.0000000000000000e+00  2.7934370968647397e+00
 383 -9.6053905567685207e-04  1.2482852061926792e-04 -6.0447825928238168e-04 -4.5065838115073316e-03  0.0000000000000000e+00  2.7994772356953743e+00
 384 -4.2425420611196890e-04 -1.3780436236213159e-04 -2.2083266522450315e-03 -3.5865926470820281e-03  0.0000000000000000e+00  2.8171311065557978e+00
 385  1.7480647689029520e-05 -2.0991207058859791e-04 -3.5920709447908547e-03 -1.9966192162478059e-03  0.0000000000000000e+00  2.8417633505000408e+00
 386  1.9597465835320761e-04  8.1157972378677410e-05 -4.1854198824851120e-03 -5.0447828452907268e-05  0.0000000000000000e+00  2.8633539942541004e+00
 387  1.4799259053644039e-04  4.6014617515891936e-04 -3.7651366112548615e-03  1.8709536743201326e-03  0.0000000000000000e+00  2.8693613089594132e+00
 388 -1.0998977646491315e-05  3.8946116165728024e-04 -2.4798106579874387e-03  3.3871392305564207e-03  0.0000000000000000e+00  2.8602485237887496e+00
 389 -4.4539553488960544e-04 -2.2467184465426362e-04 -7.2520083466160650e-04  4.2967621024457186e-03  0.0000000000000000e+00  2.8503610394790231e+00
 390 -1.1052118705805643e-03 -5.8018754488258037e-04  8.7795424831979324e-04  4.4218219093026378e-03  0.0000000000000000e+00  2.8552042860627123e+00
 391 -1.1403312681242835e-03 -1.1495334281818844e-04  2.1264551624860717e-03  3.5204073057053683e-03  0.0000000000000000e+00  2.8719312410282494e+00
 392 -1.4405702241438508e-04  5.3438244776183490e-04  3.3326687549670741e-03  1.8656870528990126e-03  0.0000000000000000e+00  2.8942291252926475e+00
 393  8.0122706152181364e-04  3.9898287728835989e-04  4.1234550711653235e-03  6.3742120132678220e-05  0.0000000000000000e+00  2.9129530844365030e+00
 394  5.4041764858461219e-04 -1.7799686614821341e-04  3.6827027333562862e-03 -1.6789929084142145e-03  0.0000000000000000e+00  2.9152724323882682e+00
 395 -5.0408286513557320e-04 -1.6666184521562920e-04  2.3369081634385214e-03 -3.3035856934540827e-03  0.0000000000000000e+00  2.9069242782132236e+00
 396 -1.1171652513733779e-03  1.5224849042084839e-04  9.1414253580390271e-04 -4.4142427469038951e-03  0.0000000000000000e+00  2.8986890502907880e+00
 397 -9.2708205029731967e-04  1.1215034678356679e-04 -5.5538132698521210e-04 -4.5199602041671554e-03  0.0000000000000000e+00  2.9042015410192854e+00
 398 -4.5182181022220306e-04 -1.8151582634906842e-04 -2.1688226763644592e-03 -3.6366701226553991e-03  0.0000000000000000e+00  2.9215456628531196e+00
 399 -4.4208490036548972e-05 -2.1556101936150008e-04 -3.5508329873757479e-03 -2.0601339856062672e-03  0.0000000000000000e+00  2.9462151701711723e+00
 400  1.8167534321102377e-04  1.2058432583400490e-04 -4.1777033159987884e-03 -1.1224046870883234e-04  0.0000000000000000e+00  2.9681756919421849e+00
 401  1.9733608422893152e-04  4.7815879527487103e-04 -3.8040993704608062e-03  1.8068594473652588e-03  0.0000000000000000e+00  2.9747051227967374e+00
 402  3.2132111342895526e-05  3.6332744924386052e-04 -2.5323171752265456e-03  3.3311646449048810e-03  0.0000000000000000e+00  2.9656660671905706e+00
 403 -4.5504723280722931e-04 -2.4096727550755966e-04 -7.8200279052437400e-04  4.2757050579673439e-03  0.0000000000000000e+00  2.9553617905355005e+00
 404 -1.1377945094828148e-03 -5.5881202470617873e-04  8.0687783015164069e-04  4.4463463752811216e-03  0.0000000000000000e+00  2.9596440039540597e+00
 405 -1.1564372312154810e-03 -9.3178703226215982e-05  2.0539164159123790e-03  3.5834396243116886e-03  0.0000000000000000e+00  2.9758860540284933e+00
 406 -1.4525578085713422e-04  5.2141614910673501e-04  3.2842769487364987e-03  1.9536830602221553e-03  0.0000000000000000e+00  2.9980789081586168e+00
 407  7.9545929198023197e-04  3.6303348277923599e-04  4.1194701290574358e-03  1.5631541197799436e-04  0.0000000000000000e+00  3.0172278749886128e+00
 408  5.2951454257994367e-04 -1.8920751026346716e-04  3.7263487786902811e-03 -1.6012799333050022e-03  0.0000000000000000e+00  3.0205424629554520e+00
 409 -4.9583221625947840e-04 -1.3519346390185059e-04  2.4120840249481365e-03 -3.2503576088155515e-03  0.0000000000000000e+00  3.0127345173652404e+00
 410 -1.0744099888767031e-03  1.8641894189126324e-04  9.8866789733705073e-04 -4.3882448832571154e-03  0.0000000000000000e+00  3.0042211903633116e+00
 411 -8.9172985980212095e-04  9.8493414346888892e-05 -5.0564629681982729e-04 -4.5304514157533454e-03  0.0000000000000000e+00  3.0091635515574100e+00
 412 -4.7981779258930235e-04 -2.2577019426485873e-04 -2.1284155215338081e-03 -3.6852329079189766e-03  0.0000000000000000e+00  3.0261657094520986e+00
 413 -1.0773067224186368e-04 -2.2072288724631067e-04 -3.5069478928418259e-03 -2.1235491715418000e-03  0.0000000000000000e+00  3.0508351740141575e+00
 414  1.6636710173904411e-04  1.6094211218141950e-04 -4.1664734479128366e-03 -1.7491470989740312e-04  0.0000000000000000e+00  3.0731259756034768e+00
 415  2.4719992709467092e-04  4.9592017250917010e-04 -3.8410953066552798e-03  1.7408756257646461e-03  0.0000000000000000e+00  3.0801819765972480e+00
 416  7.5419745136582364e-05  3.3533557262449928e-04 -2.5847358100585106e-03  3.2727400051490783e-03  0.0000000000000000e+00  3.0712294698129301e+00
 417 -4.6543480255380616e-04 -2.5727877946211974e-04 -8.3979544839068163e-04  4.2523170721695891e-03  0.0000000000000000e+00  3.0605379299878539e+00
 418 -1.1698634882681578e-03 -5.3533486851770474e-04  7.3420740728293455e-04  4.4693365650383598e-03  0.0000000000000000e+00  3.0642410680709440e+00
 419 -1.1704509932438422e-03 -7.0481012220784285e-05  1.9800006685711437e-03  3.6461340861766796e-03  0.0000000000000000e+00  3.0799934937182138e+00
 420 -1.4622289152398517e-04  5.0657106290971285e-04  3.2344910183163917e-03  2.0425158620636899e-03  0.0000000000000000e+00  3.1020715330891302e+00
 421  7.8716700133264349e-04  3.2545320969683841e-04  4.1136500047645515e-03  2.5028059846426282e-04  0.0000000000000000e+00  3.1216333087279735e+00
 422  5.1687197692401935e-04 -1.9945025846453994e-04  3.7689154430865213e-03 -1.5220325889016000e-03  0.0000000000000000e+00  3.1259740776374469e+00
 423 -4.8636350493642055e-04 -1.0252934826997016e-04  2.4876772341423290e-03 -3.1952053668918949e-03  0.0000000000000000e+00  3.1187381290420508e+00
 424 -1.0291074634738086e-03  2.2051009270488838e-04  1.0640557898478767e-03 -4.3594225627700016e-03  0.0000000000000000e+00  3.1099739279179706e+00
 425 -8.5480761910430435e-04  8.4108856048488025e-05 -4.5537449703021113e-04 -4.5378688246346015e-03  0.0000000000000000e+00  3.1143051810567099e+00
 426 -5.0788101032632103e-04 -2.7007051588805831e-04 -2.0871474730521995e-03 -3.7319076250760122e-03  0.0000000000000000e+00  3.1309318325324118e+00
 427 -1.7248486100100970e-04 -2.2550333473024295e-04 -3.4605922969400890e-03 -2.1865648093687866e-03  0.0000000000000000e+00  3.1555608509253341e+00
 428  1.5001598805933778e-04  2.0166052214582556e-04 -4.1516366379440988e-03 -2.3827528967372905e-04  0.0000000000000000e+00  3.1781387958699412e+00
 429  2.9696554837152934e-04  5.1330774047883012e-04 -3.8757383815864691e-03  1.6732661144261837e-03  0.0000000000000000e+00  3.1857240290991933e+00
 430  1.1855887453570218e-04  3.0588631935875570e-04 -2.6367890929524557e-03  3.2120981314973283e-03  0.0000000000000000e+00  3.1768732733834586e+00
 431 -4.7620653393926651e-04 -2.7343973008904922e-04 -8.9827587607796996e-04  4.2265179067815430e-03  0.0000000000000000e+00  3.1658290952126817e+00
 432 -1.2009713258323649e-03 -5.1007200142184894e-04  6.6046474294946468e-04  4.4903875895108553e-03  0.0000000000000000e+00  3.1689375407851985e+00
 433 -1.1822662282429581e-03 -4.7120844132162339e-05  1.9052579771521364e-03  3.7078395740357405e-03  0.0000000000000000e+00  3.1841987525963975e+00
 434 -1.4705124081800555e-04  4.9002709041825207e-04  3.1836475216373843e-03  2.1313780321504691e-03  0.0000000000000000e+00  3.2061517511782891e+00
 435  7.7638288724810305e-04  2.8670374824148827e-04  4.1059305289813221e-03  3.4487978780607794e-04  0.0000000000000000e+00  3.2261100700602601e+00
 436  5.0266685553256431e-04 -2.0860765880111653e-04  3.8099325695015859e-03 -1.4418132054495950e-03  0.0000000000000000e+00  3.2314965582057100e+00
 437 -4.7570324265623908e-04 -6.9062857563034457e-05  2.5630075014970101e-03 -3.1384657158919117e-03  0.0000000000000000e+00  3.2248594601535805e+00
 438 -9.8174262157636923e-04  2.5415068454962908e-04  1.1397659730499176e-03 -4.3279339868362837e-03  0.0000000000000000e+00  3.2158743742581426e+00
 439 -8.1674476387442747e-04  6.9234928097772851e-05 -4.0472548506627202e-04 -4.5421354533219946e-03  0.0000000000000000e+00  3.2195573786423810e+00
 440 -5.3568754342021158e-04 -3.1387532652604771e-04 -2.0450985626597798e-03 -3.7763684274549495e-03  0.0000000000000000e+00  3.2357752257178736e+00
 441 -2.3779362327531827e-04 -2.2995752887589510e-04 -3.4120376530338424e-03 -2.2488685745676814e-03  0.0000000000000000e+00  3.2603217636565383e+00
 442  1.3267868192711255e-04  2.4214263541853022e-04 -4.1332336970782944e-03 -3.0208776477142049e-04  0.0000000000000000e+00  3.2831412607106385e+00
 443  3.4600670229191895e-04  5.3014753305881770e-04 -3.9077032051602952e-03  1.6043667635177480e-03  0.0000000000000000e+00  3.2912561896723291e+00
 444  1.6118063162105629e-04  2.7541474411676173e-04 -2.6881889080062884e-03  3.1495792816104195e-03  0.0000000000000000e+00  3.2825246061728510e+00
 445 -4.8703687319940166e-04 -2.8924681253067707e-04 -9.5711877599808325e-04  4.1983396558573213e-03  0.0000000000000000e+00  3.2711671247447613e+00
 446 -1.2306702375496387e-03 -4.8336735467119753e-04  5.8621600938483392e-04  4.5091631879621910e-03  0.0000000000000000e+00  3.2736689453570733e+00
 447 -1.1918003998010055e-03 -2.3401711745279360e-05  1.8303065657173669e-03  3.7679228396702391e-03  0.0000000000000000e+00  3.2884407469980679e+00
 448 -1.4783396634963615e-04  4.7198119897457792e-04  3.1321610596509960e-03  2.2194377350706275e-03  0.0000000000000000e+00  3.3102585742450028e+00
 449  7.6318628179939361e-04  2.4729139023866919e-04  4.0963239933950847e-03  4.3929412949908226e-04  0.0000000000000000e+00  3.3305936950500441e+00
 450  4.8711177037146153e-04 -2.1654678756616655e-04  3.8489774603481012e-03 -1.3612664600999478e-03  0.0000000000000000e+00  3.3370330841796605e+00
 451 -4.6388838811164479e-04 -3.5194125797137358e-05  2.6373873852262196e-03 -3.0805653797596065e-03  0.0000000000000000e+00  3.3310154936339105e+00
 452 -9.3285330403258219e-04  2.8693797665534120e-04  1.2152093343982210e-03 -4.2940498101967381e-03  0.0000000000000000e+00  3.3218413583757456e+00
 453 -7.7805790059357462e-04  5.4083944965046198e-05 -3.5390438347794102e-04 -4.5433013775488616e-03  0.0000000000000000e+00  3.3248449304908085e+00
 454 -5.6297678473017079e-04 -3.5662853918691750e-04 -2.0023777667549552e-03 -3.8183696767290312e-03  0.0000000000000000e+00  3.3406226549341560e+00
 455 -3.0294336770658986e-04 -2.3408592509560261e-04 -3.3616323876191705e-03 -2.3101645667454019e-03  0.0000000000000000e+00  3.3650446617026737e+00
 456  1.1450409428477312e-04  2.8180053210706747e-04 -4.1114447030006713e-03 -3.6610038130752002e-04  0.0000000000000000e+00  3.3880591350347120e+00
 457  3.9372901374376963e-04  5.4622052555473161e-04 -3.9367568590479704e-03  1.5345600689255397e-03  0.0000000000000000e+00  3.3967017563365713e+00
 458  2.0287368566168523e-04  2.4436741487902756e-04 -2.7386626099945659e-03  3.0856093723141665e-03  0.0000000000000000e+00  3.3881087399101451e+00
 459 -4.9764384909765848e-04 -3.0446539254275722e-04 -1.0160028366129887e-03  4.1679290160106285e-03  0.0000000000000000e+00  3.3764811806179131e+00
 460 -1.2585358495693650e-03 -4.5557377311623479e-04  5.1203247429712799e-04  4.5254245112666940e-03  0.0000000000000000e+00  3.3783691538043157e+00
 461 -1.1990062613384880e-03  3.3995832527931477e-07  1.7557908736411567e-03  3.8258180910558806e-03  0.0000000000000000e+00  3.3926568414219540e+00
 462 -1.4867076920063415e-04  4.5263383536289651e-04  3.0804939243707446e-03  2.3059006752383072e-03  0.0000000000000000e+00  3.4143299780129173e+00
 463  7.4769730757354733e-04  2.0774336218213284e-04  4.0849185392886900e-03  5.3270333600027094e-04  0.0000000000000000e+00  3.4350196192566824e+00
 464  4.7045223197269328e-04 -2.2312541330413293e-04  3.8857082532199111e-03 -1.2810712489058438e-03  0.0000000000000000e+00  3.4425066175905812e+00
 465 -4.5095701873042844e-04 -1.3101401488408756e-06  2.7101731897218330e-03 -3.0219875335135505e-03  0.0000000000000000e+00  3.4371221397792246e+00
 466 -8.8299904973238963e-04  3.1846033268230359e-04  1.2897908273126820e-03 -4.2581334755802886e-03  0.0000000000000000e+00  3.4277914632683064e+00
 467 -7.3932284782671079e-04  3.8832057661746109e-05 -3.0314430028883865e-04 -4.5415437980110664e-03  0.0000000000000000e+00  3.4300920138007434e+00
 468 -5.8957021644523747e-04 -3.9779133295140829e-04 -1.9591115389716589e-03 -3.8577690752192779e-03  0.0000000000000000e+00  3.4454019637384765e+00
 469 -3.6722930789248555e-04 -2.3783640763998904e-04 -3.3097750782327580e-03 -2.3701998252798600e-03  0.0000000000000000e+00  3.4696589461048788e+00
 470  9.5724002405521251e-05  3.2008989311373045e-04 -4.0865770683247574e-03 -4.3006740803062162e-04  0.0000000000000000e+00  3.4928225166855822e+00
 471  4.3960617691626077e-04  5.6127426878808690e-04 -3.9627798147237048e-03  1.4642446923479723e-03  0.0000000000000000e+00  3.5019882566478575e+00
 472  2.4321069365239943e-04  2.1317764780381929e-04 -2.7879770917950677e-03  3.0206681372250050e-03  0.0000000000000000e+00  3.4935548839043395e+00
 473 -5.0780184114412202e-04 -3.1883857052348300e-04 -1.0746364195109461e-03  4.1355360568828608e-03  0.0000000000000000e+00  3.4817031940612249e+00
 474 -1.2841879611626798e-03 -4.2703187666679739e-04  4.3845043117194754e-04  4.5390473645532513e-03  0.0000000000000000e+00  3.4829754679887026e+00
 475 -1.2038782494755134e-03  2.3748873255306459e-05  1.6823369225776839e-03  3.8810686833455018e-03  0.0000000000000000e+00  3.4967877570215982e+00
 476 -1.4967372953268992e-04  4.3217389618286056e-04  3.0291202726052428e-03  2.3900681376371647e-03  0.0000000000000000e+00  3.5183077406192429e+00
 477  7.3006473522082584e-04  1.6858145598514502e-04  4.0718678164683546e-03  6.2434571645453372e-04  0.0000000000000000e+00  3.5393282432742299e+00
 478  4.5295950858820081e-04 -2.2819831059321701e-04  3.9198875467908040e-03 -1.2018885243624509e-03  0.0000000000000000e+00  3.5478458259062529e+00
 479 -4.3693798636338445e-04  3.2233835719790132e-05  2.7808112985047949e-03 -2.9632313918026738e-03  0.0000000000000000e+00  3.5431006868591863e+00
 480 -8.3272685059796250e-04  3.4832007579066807e-04  1.3629534934627059e-03 -4.2206102603888143e-03  0.0000000000000000e+00  3.5336453684243967e+00
 481 -7.0113984181813390e-04  2.3613350905455337e-05 -2.5268508061708598e-04 -4.5371518853152479e-03  0.0000000000000000e+00  3.5352278585570187e+00
 482 -6.1538024665531489e-04 -4.3687148373565101e-04 -1.9154300659947846e-03 -3.8945385454532333e-03  0.0000000000000000e+00  3.5500474605562422e+00
 483 -4.2999892200183053e-04 -2.4111260106769120e-04 -3.2568818645008976e-03 -2.4287860385119151e-03  0.0000000000000000e+00  3.5741018347617377e+00
 484  7.6633756543982541e-05  3.5653874844129559e-04 -4.0590384383313539e-03 -4.9377206073242111e-04  0.0000000000000000e+00  3.5973710023332717e+00
 485  4.8320759354818454e-04  5.7503827627821444e-04 -3.9857731417393041e-03  1.3938028760408984e-03  0.0000000000000000e+00  3.6070528006377760e+00
 486  2.8177642246884172e-04  1.8224249320636512e-04 -2.8359582857572997e-03  2.9552508535237517e-03  0.0000000000000000e+00  3.5988015375201519e+00
 487 -5.1734745560542029e-04 -3.3209877294650836e-04 -1.1327800414632672e-03  4.1014904873341099e-03  0.0000000000000000e+00  3.5867730135146925e+00
 488 -1.3073054559836074e-03 -3.9805004883316223e-04  3.6593518475008395e-04  4.5500252290520968e-03  0.0000000000000000e+00  3.5874333176750670e+00
 489 -1.2064529796521983e-03  4.6467110641882179e-05  1.6105106678965411e-03  3.9333551439427626e-03  0.0000000000000000e+00  3.6007820953528991e+00
 490 -1.5097149090832524e-04  4.1076457723480297e-04  2.9784897671016356e-03  2.4713833000923006e-03  0.0000000000000000e+00  3.6221418583442331e+00
 491  7.1044944820023370e-04  1.3029651430113463e-04  4.0573725892523492e-03  7.1357077300265295e-04  0.0000000000000000e+00  3.6434694270559818e+00
 492  4.3491984125489179e-04 -2.3162280899378671e-04  3.9513931877405047e-03 -1.1243120420700234e-03  0.0000000000000000e+00  3.6529903292561028e+00
 493 -4.2184112886302366e-04  6.5129245797803368e-05  2.8488738377455518e-03 -2.9047704830734910e-03  0.0000000000000000e+00  3.6488836156356910e+00
 494 -7.8253859010415114e-04  3.7615342093906139e-04  1.4342179861149486e-03 -4.1819297661190207e-03  0.0000000000000000e+00  3.6393337172338960e+00
 495 -6.6409728497432798e-04  8.5187602406680755e-06 -2.0275051418651874e-04 -4.5304995082590905e-03  0.0000000000000000e+00  3.6401918489191383e+00
 496 -6.4040865570437130e-04 -4.7344610163898849e-04 -1.8714521049491503e-03 -3.9287625550980566e-03  0.0000000000000000e+00  3.6545045570778076e+00
 497 -4.9068809295997205e-04 -2.4378673864766106e-04 -3.2033522937227879e-03 -2.4858147991156077e-03  0.0000000000000000e+00  3.6783226401793150e+00
 498  5.7566183725107269e-05  3.9076637641076288e-04 -4.0292989229909542e-03 -5.5704721957940074e-04  0.0000000000000000e+00  3.7016577633029644e+00
 499  5.2421404198813037e-04  5.8724069540549463e-04 -4.0058519002749140e-03  1.3235691919843996e-03  0.0000000000000000e+00  3.7118463536209010e+00
 500  3.1819367601029612e-04  1.5190472870581185e-04 -2.8825044289770545e-03  2.8898284808321216e-03  0.0000000000000000e+00  3.7038008141608665e+00
 501 -5.2617782587697636e-04 -3.4398011970152996e-04 -1.1902638231656329e-03  4.0661689173623200e-03  0.0000000000000000e+00  3.6916426980483865e+00
 502 -1.3276336123846772e-03 -3.6888833278019722e-04  2.9485293070905899e-04  4.5584582722823317e-03  0.0000000000000000e+00  3.6917000849120156e+00
 503 -1.2068042111407610e-03  6.8150253068477540e-05  1.5407841928549834e-03  3.9825066195333970e-03  0.0000000000000000e+00  3.7045999937515126e+00
 504 -1.5271109888569142e-04  3.8853212042320729e-04  2.9289954637525583e-03  2.5494605392661187e-03  0.0000000000000000e+00  3.7257940690090150e+00
 505  6.8900621147810698e-04  9.3327031092760930e-05  4.0416574124364207e-03  7.9987811209939255e-04  0.0000000000000000e+00  3.7474059432276738e+00
 506  4.1662149886913848e-04 -2.3326288132663703e-04  3.9802156867402676e-03 -1.0488281393414155e-03  0.0000000000000000e+00  3.7578947031036223e+00
 507 -4.0564945754658781e-04  9.7124173866050830e-05  2.9140797710454401e-03 -2.8470151726891473e-03  0.0000000000000000e+00  3.7544191227802974e+00
 508 -7.3286432329423010e-04  4.0164501763508529e-04  1.5032129520185585e-03 -4.1425275267420215e-03  0.0000000000000000e+00  3.7448018344847216e+00
 509 -6.2873937342353982e-04 -6.4007078025939604e-06 -1.5352660513336775e-04 -4.5220109801413682e-03  0.0000000000000000e+00  3.7449375148706801e+00
 510 -6.6473629231603994e-04 -5.0717522248948594e-04 -1.8272697112475030e-03 -3.9606258204449999e-03  0.0000000000000000e+00  3.7587331873699239e+00
 511 -5.4884586435379531e-04 -2.4571456050820096e-04 -3.1495378452047903e-03 -2.5412657935979317e-03  0.0000000000000000e+00  3.7822857547415962e+00
 512  3.8863025096180156e-05  4.2249063419833195e-04 -3.9978488400565469e-03 -6.1979240000122971e-04  0.0000000000000000e+00  3.8056521737862914e+00
