#     name              s    code  bx*ex  sqrt(bx*by)  dbx/dd*ex  bx*dex/dd  by*ex  dby/dd*ex by*dex/dd  ksix  ksiy  dbx/dd  bx/dd dex/dd
#                      [m]          [m]      [m]          [m]       [m]       [m]      [m]       [m]
#
   0 begin             0.00  0.0  -0.005     7.840       0.029     96.144   -0.001   -0.003     16.089   0.00   0.00  -112.129  11.684   5.017
   1 dh0g1a            4.65  0.0  -0.005    14.209       0.027     98.194   -0.003   -0.014     48.143   0.00   0.00  -106.676  55.047   4.839
   2 gs                4.65  0.0  -0.005    14.209       0.027     98.194   -0.003   -0.014     48.143   0.00   0.00  -106.676  55.047   4.839
   3 sh1               4.85  1.5  -0.005    14.662       0.027     98.518   -0.003   -0.014     50.929   0.00   0.00  -106.243  55.204   4.831
   4 dh1ag2a           4.94  0.0  -0.005    14.863       0.027     98.665   -0.003   -0.014     52.183   0.00   0.00  -106.046  55.227   4.828
   5 bpm               4.94  0.0  -0.005    14.863       0.027     98.665   -0.003   -0.014     52.183   0.00   0.00  -106.046  55.227   4.828
   6 dbpm              5.03  0.0  -0.005    15.065       0.027     98.816   -0.003   -0.014     53.458   0.00   0.00  -105.847  55.223   4.825
   7 qh1sp01           5.28 -1.0  -0.006    15.655       0.029    105.815   -0.003   -0.014     56.036   0.29  -0.16  -110.761  53.214   4.919
   8 dh2ag2a           5.43  0.0  -0.006    16.030       0.032    114.829   -0.003   -0.014     56.937   0.29  -0.16  -117.517  50.751   5.044
   9 sq1hsp01          5.53  0.0  -0.006    16.269       0.033    120.815   -0.003   -0.013     57.508   0.29  -0.16  -121.907  49.183   5.124
  10 chv               5.53  0.0  -0.006    16.269       0.033    120.815   -0.003   -0.013     57.508   0.29  -0.16  -121.907  49.183   5.124
  11 sq1hsp01          5.63  0.0  -0.007    16.507       0.035    127.010   -0.003   -0.013     58.080   0.29  -0.16  -126.374  47.612   5.203
  12 dh2bg2a           5.79  0.0  -0.007    16.882       0.038    137.199   -0.003   -0.013     58.981   0.29  -0.16  -133.568  45.130   5.328
  13 sh2               5.99  0.0  -0.008    17.360       0.042    150.919   -0.003   -0.012     60.131   0.29  -0.16  -142.980  41.967   5.488
  14 dh2cg2a           6.14  0.0  -0.009    17.719       0.045    161.799   -0.003   -0.012     60.999   0.29  -0.16  -150.243  39.586   5.607
  15 qh2sp01           6.54  1.0  -0.007    18.584       0.035    129.943   -0.004   -0.011     71.524  -1.02   0.57  -123.931  40.049   5.187
  16 dh3ag2a           6.73  0.0  -0.005    18.598       0.024     94.197   -0.004   -0.011     79.288  -1.02   0.57  -94.125  43.162   4.647
  17 sh3               6.93 -1.5  -0.003    18.164       0.015     64.390   -0.005   -0.010     85.190  -1.02   0.57  -66.928  46.112   4.078
  18 dh3bg2a           7.13  0.0  -0.002    17.297       0.008     42.150   -0.005   -0.009     88.076  -1.02   0.57  -44.536  48.665   3.523
  19 qh3sp01           7.38 -1.0  -0.001    15.710       0.004     26.853   -0.005   -0.008     82.905  -0.69  -0.45  -26.362  48.921   3.003
  20 dh4ag2a           7.46  0.0  -0.001    15.133       0.004     24.094   -0.004   -0.008     79.136  -0.69  -0.45  -22.315  48.092   2.885
  21 bpm               7.46  0.0  -0.001    15.133       0.004     24.094   -0.004   -0.008     79.136  -0.69  -0.45  -22.315  48.092   2.885
  22 dbpm              7.55  0.0  -0.001    14.562       0.003     21.535   -0.004   -0.007     75.412  -0.69  -0.45  -18.487  47.265   2.767
  23 sh4               7.75 -1.5  -0.001    13.276       0.001     16.396   -0.004   -0.006     67.067  -0.69  -0.45  -10.556  45.386   2.498
  24 dh4bg2a           8.00  0.0  -0.001    11.721       0.000     11.271   -0.003   -0.005     57.016  -0.69  -0.45  -2.292  43.071   2.163
  25 dfch              8.15  0.0  -0.000    10.808      -0.000      8.784   -0.003   -0.005     51.117  -0.69  -0.45   1.844  41.683   1.961
  26 chv               8.15  0.0  -0.000    10.808      -0.000      8.784   -0.003   -0.005     51.117  -0.69  -0.45   1.844  41.683   1.961
  27 dfch              8.30  0.0  -0.000     9.916      -0.001      6.707   -0.003   -0.004     45.340  -0.69  -0.45   5.338  40.301   1.759
  28 ge                8.30  0.0  -0.000     9.916      -0.001      6.707   -0.003   -0.004     45.340  -0.69  -0.45   5.338  40.301   1.759
  29 dh4cg3a           8.33  0.0  -0.000     9.732      -0.001      6.319   -0.002   -0.004     44.143  -0.69  -0.45   5.990  40.011   1.716
  30 gs                8.33  0.0  -0.000     9.732      -0.001      6.319   -0.002   -0.004     44.143  -0.69  -0.45   5.990  40.011   1.716
  31 b1sp01           10.95  0.5   0.366     7.486      -5.284     -5.353    2.881    2.318    -42.135  -0.69  -0.45  -38.526  16.905  -2.006
  32 dm1ag3a          11.32  0.0   0.717     9.130     -10.569    -10.477    3.579    2.433    -52.302  -0.69  -0.45  -60.246  13.869  -2.564
  33 dfch             11.47  0.0   0.914     9.816     -13.433    -13.351    3.853    2.415    -56.302  -0.69  -0.45  -70.273  12.636  -2.793
  34 chv              11.47  0.0   0.914     9.816     -13.433    -13.351    3.853    2.415    -56.302  -0.69  -0.45  -70.273  12.636  -2.793
  35 sm3              11.47  0.0   0.914     9.816     -13.433    -13.351    3.853    2.415    -56.302  -0.69  -0.45  -70.273  12.636  -2.793
  36 dfch             11.62  0.0   1.146    10.503     -16.746    -16.738    4.121    2.361    -60.202  -0.69  -0.45  -80.942  11.410  -3.022
  37 dm1bg3a          11.93  0.0   1.750    11.920     -25.144    -25.554    4.654    2.131    -67.957  -0.69  -0.45  -105.024   8.901  -3.496
  38 ge               11.93  0.0   1.750    11.920     -25.144    -25.554    4.654    2.131    -67.957  -0.69  -0.45  -105.024   8.901  -3.496
  39 gs               11.93  0.0   1.750    11.920     -25.144    -25.554    4.654    2.131    -67.957  -0.69  -0.45  -105.024   8.901  -3.496
  40 qm1sp01          12.18 -1.0   2.556    13.023     -36.292    -37.443    4.917    2.039    -72.031  -0.53  -0.75  -133.313   7.490  -3.988
  41 dm2ag4a          12.38  0.0   3.548    13.775     -50.043    -52.208    4.942    2.082    -72.714  -0.53  -0.75  -164.610   6.850  -4.473
  42 sm1a             12.58 -1.5   4.772    14.380     -66.154    -70.105    4.886    1.294    -71.779  -0.53  -0.75  -197.014   3.853  -4.933
  43 dm2bg4a          13.16  0.0   9.878    15.299    -128.110   -142.915    4.347   -3.892    -62.890  -0.53  -0.75  -299.093  -9.088  -6.197
  44 bpm              13.16  0.0   9.878    15.299    -128.110   -142.915    4.347   -3.892    -62.890  -0.53  -0.75  -299.093  -9.088  -6.197
  45 dbpm             13.25  0.0  10.870    15.329    -139.823   -156.982    4.228   -4.696    -61.061  -0.53  -0.75  -316.177  -10.620  -6.387
  46 qm2sp01          13.50  1.0  12.409    15.325    -155.118   -177.330    4.044   -7.572    -57.789  -1.28  -0.51  -335.581  -16.381  -6.606
  47 dm2cg4a          13.70  0.0  12.407    15.315    -150.702   -174.987    4.039  -10.375    -56.964  -1.28  -0.51  -326.027  -22.445  -6.519
  48 sm2              13.95  1.5  12.407    15.315    -155.056   -177.031    4.039  -10.653    -57.629  -1.28  -0.51  -335.446  -23.046  -6.595
  49 dm2cg4b          14.15  0.0  12.409    15.324    -166.439   -182.647    4.044   -8.294    -59.519  -1.28  -0.51  -360.069  -17.944  -6.804
  50 qm2sp01          14.40  1.0  10.870    15.329    -157.592   -165.330    4.228   -6.012    -64.304  -1.96  -0.25  -356.351  -13.595  -6.726
  51 dm2bg4b          14.92  0.0   5.856    14.736    -100.620    -95.515    4.796   -2.514    -78.218  -1.96  -0.25  -279.791  -6.992  -5.866
  52 sm1b             15.12 -1.5   4.444    14.242     -80.221    -73.897    4.907   -3.449    -81.601  -1.96  -0.25  -244.686  -10.521  -5.452
  53 dm2ag4b          15.38  0.0   2.964    13.370     -55.577    -49.801    4.939   -7.200    -82.983  -1.96  -0.25  -194.223  -25.161  -4.808
  54 bpm              15.38  0.0   2.964    13.370     -55.577    -49.801    4.939   -7.200    -82.983  -1.96  -0.25  -194.223  -25.161  -4.808
  55 dbpm             15.46  0.0   2.557    13.023     -48.629    -43.134    4.917   -8.294    -82.963  -1.96  -0.25  -178.618  -30.466  -4.593
  56 qm1sp01          15.71 -1.0   1.750    11.920     -34.938    -30.050    4.654  -10.451    -79.894  -1.84  -0.57  -145.923  -43.650  -4.110
  57 dm1eg4b          15.93  0.0   1.304    10.918     -27.332    -22.886    4.279  -11.437    -75.085  -1.84  -0.57  -126.304  -52.850  -3.797
  58 dfch             16.08  0.0   1.050    10.231     -22.770    -18.739    4.016  -11.884    -71.694  -1.84  -0.57  -113.471  -59.221  -3.583
  59 sm3              16.08  0.0   1.050    10.231     -22.770    -18.739    4.016  -11.884    -71.694  -1.84  -0.57  -113.471  -59.221  -3.583
  60 chv              16.08  0.0   1.050    10.231     -22.770    -18.739    4.016  -11.884    -71.694  -1.84  -0.57  -113.471  -59.221  -3.583
  61 dfch             16.23  0.0   0.832     9.544     -18.697    -15.151    3.745  -12.143    -68.215  -1.84  -0.57  -101.098  -65.661  -3.368
  62 ge               16.23  0.0   0.832     9.544     -18.697    -15.151    3.745  -12.143    -68.215  -1.84  -0.57  -101.098  -65.661  -3.368
  63 gs               16.23  0.0   0.832     9.544     -18.697    -15.151    3.745  -12.143    -68.215  -1.84  -0.57  -101.098  -65.661  -3.368
  64 dm1dg5b          16.29  0.0   0.760     9.291     -17.312    -13.959    3.644  -12.191    -66.907  -1.84  -0.57  -96.644  -68.057  -3.289
  65 dpwg5b           16.49  0.0   0.538     8.382     -12.825    -10.210    3.269  -12.144    -62.079  -1.84  -0.57  -81.090  -76.787  -3.004
  66 dm1cg5b          16.69  0.0   0.366     7.488      -9.102     -7.256    2.881  -11.748    -57.083  -1.84  -0.57  -66.354  -85.641  -2.718
  67 b1sp01           19.31  0.5  -0.000     9.728      -0.001      2.691   -0.001    0.005     18.809  -1.84  -0.57  51.014  -211.254   0.731
  68 ge               19.31  0.0  -0.000     9.728      -0.001      2.691   -0.001    0.005     18.809  -1.84  -0.57  51.014  -211.254   0.731
  69 dl4bg6b          19.53  0.0  -0.000    11.022      -0.002      4.629   -0.001    0.008     26.027  -1.84  -0.57  54.476  -222.374   0.996
  70 gs               19.53  0.0  -0.000    11.022      -0.002      4.629   -0.001    0.008     26.027  -1.84  -0.57  54.476  -222.374   0.996
  71 dfch             19.68  0.0  -0.000    11.940      -0.003      6.355   -0.001    0.011     31.131  -1.84  -0.57  56.296  -230.106   1.178
  72 chv              19.68  0.0  -0.000    11.940      -0.003      6.355   -0.001    0.011     31.131  -1.84  -0.57  56.296  -230.106   1.178
  73 dfch             19.83  0.0  -0.000    12.877      -0.003      8.440   -0.001    0.013     36.345  -1.84  -0.57  57.656  -237.899   1.360
  74 dl4ag6b          19.91  0.0  -0.000    13.398      -0.003      9.748   -0.002    0.014     39.250  -1.84  -0.57  58.205  -242.195   1.460
  75 ql3sp01          20.16 -1.0  -0.001    14.949      -0.005     16.533   -0.002    0.018     45.712  -1.56  -1.33  64.084  -229.599   1.839
  76 dbpm             20.25  0.0  -0.001    15.417      -0.006     20.376   -0.002    0.018     46.672  -1.56  -1.33  67.730  -216.711   2.000
  77 bpm              20.25  0.0  -0.001    15.417      -0.006     20.376   -0.002    0.018     46.672  -1.56  -1.33  67.730  -216.711   2.000
  78 dl3bg6b          20.33  0.0  -0.001    15.827      -0.006     24.769   -0.002    0.019     47.247  -1.56  -1.33  71.304  -204.187   2.161
  79 sl3              20.53 -1.5  -0.002    16.542      -0.008     37.077   -0.002    0.019     47.239  -1.56  -1.33  79.199  -176.927   2.530
  80 dl3ag6b          21.15  0.0  -0.004    16.809      -0.016     98.641   -0.002    0.017     38.380  -1.56  -1.33  101.039  -105.172   3.661
  81 ql2sp01          21.55  1.0  -0.004    15.842      -0.015    103.483   -0.002    0.016     34.814  -3.30  -0.75  90.494  -99.622   3.789
  82 dl2cg6b          21.80  0.0  -0.003    15.114      -0.011     77.395   -0.002    0.018     35.829  -3.30  -0.75  71.697  -118.011   3.484
  83 sl2              22.00  1.5  -0.003    14.409      -0.008     60.002   -0.002    0.019     36.333  -3.30  -0.75  58.196  -133.633   3.240
  84 dl2bg6b          22.14  0.0  -0.002    13.860      -0.007     49.696   -0.002    0.019     36.503  -3.30  -0.75  49.707  -144.843   3.073
  85 dsch             22.24  0.0  -0.002    13.429      -0.006     42.992   -0.002    0.020     36.528  -3.30  -0.75  43.937  -153.236   2.951
  86 chv              22.24  0.0  -0.002    13.429      -0.006     42.992   -0.002    0.020     36.528  -3.30  -0.75  43.937  -153.236   2.951
  87 dsch             22.34  0.0  -0.002    12.969      -0.005     36.920   -0.002    0.020     36.464  -3.30  -0.75  38.509  -161.831   2.829
  88 dl2ag6b          22.47  0.0  -0.001    12.291      -0.004     29.544   -0.002    0.020     36.226  -3.30  -0.75  31.601  -173.979   2.662
  89 ql1sp01          22.72 -1.0  -0.001    10.992      -0.002     22.489   -0.001    0.020     33.578  -2.98  -1.22  22.389  -175.352   2.500
  90 dl1ag6b          22.81  0.0  -0.001    10.550      -0.002     21.590   -0.001    0.019     32.030  -2.98  -1.22  19.983  -168.491   2.493
  91 bpm              22.81  0.0  -0.001    10.550      -0.002     21.590   -0.001    0.019     32.030  -2.98  -1.22  19.983  -168.491   2.493
  92 dbpm             22.90  0.0  -0.001    10.119      -0.002     20.715   -0.001    0.018     30.526  -2.98  -1.22  17.644  -161.752   2.485
  93 sl1              23.10 -1.5  -0.001     9.174      -0.001     18.810   -0.001    0.016     27.249  -2.98  -1.22  12.555  -146.807   2.468
  94 ge               23.10  0.0  -0.001     9.174      -0.001     18.810   -0.001    0.016     27.249  -2.98  -1.22  12.555  -146.807   2.468
  95 gs               23.10  0.0  -0.001     9.174      -0.001     18.810   -0.001    0.016     27.249  -2.98  -1.22  12.555  -146.807   2.468
  96 dl0g1a           26.40  0.0  -0.000     1.444       0.002      4.160   -0.000   -0.001      2.391  -2.98  -1.22  -19.972   7.399   2.184
  97 dl0g1a           29.70  0.0  -0.001     9.174      -0.005     14.484   -0.001    0.001     20.982  -2.98  -1.22  44.527  -12.622   1.900
  98 ge               29.70  0.0  -0.001     9.174      -0.005     14.484   -0.001    0.001     20.982  -2.98  -1.22  44.527  -12.622   1.900
  99 gs               29.70  0.0  -0.001     9.174      -0.005     14.484   -0.001    0.001     20.982  -2.98  -1.22  44.527  -12.622   1.900
 100 sl1              29.90 -1.5  -0.001    10.119      -0.006     15.697   -0.001    0.002     23.131  -2.98  -1.22  51.553  -19.434   1.883
 101 dl1ag2a          29.99  0.0  -0.001    10.550      -0.006     16.245   -0.001    0.003     24.101  -2.98  -1.22  54.739  -22.614   1.876
 102 bpm              29.99  0.0  -0.001    10.550      -0.006     16.245   -0.001    0.003     24.101  -2.98  -1.22  54.739  -22.614   1.876
 103 dbpm             30.07  0.0  -0.001    10.992      -0.006     16.803   -0.001    0.003     25.089  -2.98  -1.22  57.993  -25.918   1.868
 104 ql1sp01          30.32 -1.0  -0.001    12.291      -0.009     21.650   -0.002    0.004     26.546  -2.59  -1.70  73.899  -31.054   1.950
 105 dl2ag2a          30.46  0.0  -0.002    12.969      -0.011     26.801   -0.002    0.004     26.471  -2.59  -1.70  87.332  -31.172   2.054
 106 dsch             30.56  0.0  -0.002    13.429      -0.013     31.016   -0.002    0.004     26.352  -2.59  -1.70  97.787  -31.225   2.129
 107 chv              30.56  0.0  -0.002    13.429      -0.013     31.016   -0.002    0.004     26.352  -2.59  -1.70  97.787  -31.225   2.129
 108 dsch             30.66  0.0  -0.002    13.860      -0.015     35.647   -0.002    0.004     26.184  -2.59  -1.70  108.821  -31.249   2.204
 109 dl2bg2a          30.80  0.0  -0.003    14.409      -0.018     42.728   -0.002    0.004     25.874  -2.59  -1.70  124.935  -31.235   2.308
 110 sl2              31.00  1.5  -0.003    15.114      -0.023     54.599   -0.002    0.005     25.276  -2.59  -1.70  150.327  -31.121   2.458
 111 dl2cg2a          31.25  0.0  -0.004    15.842      -0.030     72.267   -0.002    0.005     24.312  -2.59  -1.70  185.322  -30.820   2.646
 112 ql2sp01          31.65  1.0  -0.004    16.809      -0.030     67.873   -0.002    0.007     26.409  -4.31  -1.03  192.018  -43.968   2.519
 113 dl3ag2a          32.26  0.0  -0.002    16.542      -0.013     24.588   -0.002    0.011     31.328  -4.31  -1.03  125.439  -100.217   1.678
 114 sl3              32.46 -1.5  -0.001    15.827      -0.010     16.086   -0.002    0.011     30.683  -4.31  -1.03  106.144  -123.018   1.404
 115 dl3bg2a          32.55  0.0  -0.001    15.417      -0.008     13.077   -0.002    0.011     29.955  -4.31  -1.03  98.075  -133.683   1.284
 116 bpm              32.55  0.0  -0.001    15.417      -0.008     13.077   -0.002    0.011     29.955  -4.31  -1.03  98.075  -133.683   1.284
 117 dbpm             32.64  0.0  -0.001    14.949      -0.007     10.463   -0.002    0.011     28.930  -4.31  -1.03  90.231  -144.769   1.164
 118 ql3sp01          32.89 -1.0  -0.000    13.398      -0.005      5.823   -0.002    0.010     23.445  -4.10  -1.86  75.888  -160.717   0.872
 119 dl4ag2a          33.17  0.0  -0.000    11.635      -0.003      3.060   -0.001    0.007     15.672  -4.10  -1.86  67.297  -158.974   0.595
 120 dfch             33.32  0.0  -0.000    10.724      -0.002      1.978   -0.001    0.006     11.660  -4.10  -1.86  62.484  -158.036   0.448
 121 chv              33.32  0.0  -0.000    10.724      -0.002      1.978   -0.001    0.006     11.660  -4.10  -1.86  62.484  -158.036   0.448
 122 dfch             33.47  0.0  -0.000     9.835      -0.002      1.128   -0.001    0.004      7.735  -4.10  -1.86  57.506  -157.093   0.300
 123 ge               33.47  0.0  -0.000     9.835      -0.002      1.128   -0.001    0.004      7.735  -4.10  -1.86  57.506  -157.093   0.300
 124 dl4bg3a          33.49  0.0  -0.000     9.728      -0.001      1.039   -0.001    0.004      7.262  -4.10  -1.86  56.888  -156.977   0.282
 125 gs               33.49  0.0  -0.000     9.728      -0.001      1.039   -0.001    0.004      7.262  -4.10  -1.86  56.888  -156.977   0.282
 126 b1sp01           36.11  0.5   0.366     7.488      -7.791     -7.002    2.881  -18.874    -55.089  -4.10  -1.86  -56.797  -137.586  -2.623
 127 dm1ag3a          36.47  0.0   0.717     9.131     -13.450    -12.537    3.579  -23.601    -62.557  -4.10  -1.86  -76.656  -134.512  -3.067
 128 sq2hsp01         36.62  0.0   0.914     9.817     -16.270    -15.536    3.854  -25.474    -65.491  -4.10  -1.86  -85.101  -133.240  -3.249
 129 chv              36.62  0.0   0.914     9.817     -16.270    -15.536    3.854  -25.474    -65.491  -4.10  -1.86  -85.101  -133.240  -3.249
 130 sm3              36.62  0.0   0.914     9.817     -16.270    -15.536    3.854  -25.474    -65.491  -4.10  -1.86  -85.101  -133.240  -3.249
 131 sq2hsp01         36.77  0.0   1.146    10.504     -19.390    -19.009    4.121  -27.306    -68.349  -4.10  -1.86  -93.711  -131.965  -3.432
 132 dm1bg3a          37.08  0.0   1.750    11.920     -26.823    -27.843    4.654  -30.961    -74.026  -4.10  -1.86  -112.029  -129.313  -3.809
 133 ge               37.08  0.0   1.750    11.920     -26.823    -27.843    4.654  -30.961    -74.026  -4.10  -1.86  -112.029  -129.313  -3.809
 134 gs               37.08  0.0   1.750    11.920     -26.823    -27.843    4.654  -30.961    -74.026  -4.10  -1.86  -112.029  -129.313  -3.809
 135 qm1sp01          37.33 -1.0   2.557    13.023     -36.579    -39.721    4.917  -32.540    -76.398  -3.95  -2.16  -134.359  -119.522  -4.230
 136 dm2a2g4b         37.53  0.0   3.549    13.775     -48.553    -54.447    4.942  -32.307    -75.818  -3.95  -2.16  -159.703  -106.265  -4.664
 137 sm1a             37.73 -1.5   4.772    14.380     -62.089    -72.108    4.886  -32.280    -73.819  -3.95  -2.16  -184.901  -96.130  -5.074
 138 dm2b2g4b         38.31  0.0   9.879    15.299    -110.883   -142.753    4.347  -32.205    -62.814  -3.95  -2.16  -258.868  -75.185  -6.190
 139 bpm              38.31  0.0   9.879    15.299    -110.883   -142.753    4.347  -32.205    -62.814  -3.95  -2.16  -258.868  -75.185  -6.190
 140 dbpm             38.40  0.0  10.870    15.329    -119.764   -156.263    4.228  -31.925    -60.777  -3.95  -2.16  -270.812  -72.189  -6.357
 141 qm2sp01          38.65  1.0  12.409    15.324    -128.938   -174.899    4.044  -32.638    -56.994  -4.69  -1.92  -278.941  -70.609  -6.515
 142 dm2cg4a          38.85  0.0  12.407    15.315    -121.984   -171.304    4.039  -34.550    -55.765  -4.69  -1.92  -263.897  -74.744  -6.382
 143 sm2              39.10  1.5  12.407    15.315    -123.170   -171.785    4.039  -33.679    -55.922  -4.69  -1.92  -266.463  -72.860  -6.400
 144 dm2cg4b          39.30  0.0  12.409    15.325    -132.021   -176.150    4.044  -30.373    -57.404  -4.69  -1.92  -285.613  -65.709  -6.562
 145 qm2sp01          39.55  1.0  10.870    15.329    -124.603   -158.227    4.228  -27.797    -61.545  -5.37  -1.65  -281.759  -62.857  -6.437
 146 dm2b2g4a         40.07  0.0   5.856    14.736     -78.736    -89.627    4.796  -24.611    -73.405  -5.37  -1.65  -218.946  -68.437  -5.504
 147 sm1b             40.27 -1.5   4.443    14.242     -62.017    -68.617    4.907  -25.196    -75.782  -5.37  -1.65  -189.169  -76.855  -5.063
 148 dm2a2g4a         40.53  0.0   2.963    13.370     -41.699    -45.387    4.939  -28.066    -75.641  -5.37  -1.65  -145.733  -98.086  -4.382
 149 bpm              40.53  0.0   2.963    13.370     -41.699    -45.387    4.939  -28.066    -75.641  -5.37  -1.65  -145.733  -98.086  -4.382
 150 dbpm             40.62  0.0   2.556    13.023     -36.065    -39.017    4.917  -28.757    -75.059  -5.37  -1.65  -132.480  -105.632  -4.155
 151 qm1sp01          40.87 -1.0   1.750    11.920     -24.965    -26.502    4.654  -29.015    -70.478  -5.25  -1.98  -104.278  -121.197  -3.626
 152 dm1eg4b          41.09  0.0   1.304    10.917     -18.821    -19.646    4.279  -27.875    -64.476  -5.25  -1.98  -86.982  -128.826  -3.260
 153 dfch             41.24  0.0   1.049    10.230     -15.241    -15.742    4.016  -26.904    -60.248  -5.25  -1.98  -75.962  -134.091  -3.010
 154 sm3              41.24  0.0   1.049    10.230     -15.241    -15.742    4.016  -26.904    -60.248  -5.25  -1.98  -75.962  -134.091  -3.010
 155 chv              41.24  0.0   1.049    10.230     -15.241    -15.742    4.016  -26.904    -60.248  -5.25  -1.98  -75.962  -134.091  -3.010
 156 dfch             41.39  0.0   0.832     9.543     -12.127    -12.414    3.745  -25.776    -55.912  -5.25  -1.98  -65.586  -139.398  -2.761
 157 ge               41.39  0.0   0.832     9.543     -12.127    -12.414    3.745  -25.776    -55.912  -5.25  -1.98  -65.586  -139.398  -2.761
 158 gs               41.39  0.0   0.832     9.543     -12.127    -12.414    3.745  -25.776    -55.912  -5.25  -1.98  -65.586  -139.398  -2.761
 159 dm1dg5b          41.45  0.0   0.760     9.290     -11.089    -11.321    3.643  -25.319    -54.282  -5.25  -1.98  -61.917  -141.368  -2.668
 160 dpwg5b           41.65  0.0   0.537     8.381      -7.811     -7.936    3.268  -23.486    -48.273  -5.25  -1.98  -49.402  -148.532  -2.335
 161 dm1cg5b          41.85  0.0   0.366     7.486      -5.216     -5.343    2.881  -21.363    -42.058  -5.25  -1.98  -38.033  -155.772  -2.002
 162 b1sp01           44.47  0.5  -0.000     9.732      -0.001      7.667   -0.002    0.025     53.561  -5.25  -1.98   5.214  -255.159   2.082
 163 ge               44.47  0.0  -0.000     9.732      -0.001      7.667   -0.002    0.025     53.561  -5.25  -1.98   5.214  -255.159   2.082
 164 dh4cg6b          44.67  0.0  -0.001    10.936      -0.000     10.891   -0.003    0.029     62.088  -5.25  -1.98   0.383  -263.111   2.378
 165 gs               44.67  0.0  -0.001    10.936      -0.000     10.891   -0.003    0.029     62.088  -5.25  -1.98   0.383  -263.111   2.378
 166 dfch             44.82  0.0  -0.001    11.852       0.000     13.814   -0.003    0.033     68.551  -5.25  -1.98  -3.947  -269.033   2.596
 167 chv              44.82  0.0  -0.001    11.852       0.000     13.814   -0.003    0.033     68.551  -5.25  -1.98  -3.947  -269.033   2.596
 168 dfch             44.97  0.0  -0.001    12.788       0.001     17.242   -0.004    0.036     75.151  -5.25  -1.98  -8.922  -274.990   2.815
 169 dh4bg6b          45.05  0.0  -0.001    13.276       0.002     19.216   -0.004    0.038     78.599  -5.25  -1.98  -11.731  -278.068   2.927
 170 sh4              45.25 -1.5  -0.001    14.562       0.003     25.048   -0.004    0.043     87.711  -5.25  -1.98  -19.809  -286.087   3.219
 171 dh4ag6b          45.33  0.0  -0.001    15.133       0.004     27.943   -0.004    0.046     91.777  -5.25  -1.98  -23.703  -289.614   3.346
 172 bpm              45.33  0.0  -0.001    15.133       0.004     27.943   -0.004    0.046     91.777  -5.25  -1.98  -23.703  -289.614   3.346
 173 dbpm             45.42  0.0  -0.001    15.710       0.005     31.060   -0.005    0.048     95.892  -5.25  -1.98  -27.817  -293.153   3.474
 174 qh3sp01          45.67 -1.0  -0.002    17.297       0.009     48.442   -0.005    0.051    101.224  -4.81  -2.90  -46.379  -266.899   4.048
 175 dh3bg6b          45.87  0.0  -0.003    18.164       0.015     73.735   -0.005    0.049     97.553  -4.81  -2.90  -69.277  -221.858   4.669
 176 sh3              46.07 -1.5  -0.005    18.598       0.024    107.562   -0.004    0.045     90.538  -4.81  -2.90  -97.055  -179.950   5.306
 177 dh3ag6b          46.26  0.0  -0.007    18.584       0.036    148.067   -0.004    0.040     81.500  -4.81  -2.90  -127.471  -144.159   5.911
 178 qh2sp01          46.66  1.0  -0.009    17.719       0.046    183.715   -0.003    0.034     69.261  -6.32  -2.33  -154.163  -113.821   6.366
 179 dh2cg6b          46.81  0.0  -0.008    17.360       0.043    171.137   -0.003    0.034     68.186  -6.32  -2.33  -146.658  -115.611   6.223
 180 sh2              47.01  0.0  -0.007    16.882       0.039    155.292   -0.003    0.034     66.759  -6.32  -2.33  -136.934  -117.959   6.031
 181 dh2bg6b          47.19  0.0  -0.007    16.447       0.036    141.730   -0.003    0.033     65.460  -6.32  -2.33  -128.343  -120.063   5.856
 182 dsch             47.29  0.0  -0.006    16.209       0.034    134.653   -0.003    0.033     64.748  -6.32  -2.33  -123.750  -121.200   5.761
 183 chv              47.29  0.0  -0.006    16.209       0.034    134.653   -0.003    0.033     64.748  -6.32  -2.33  -123.750  -121.200   5.761
 184 dsch             47.39  0.0  -0.006    15.971       0.032    127.819   -0.003    0.033     64.035  -6.32  -2.33  -119.238  -122.325   5.665
 185 dh2ag6b          47.52  0.0  -0.006    15.655       0.030    119.133   -0.003    0.033     63.089  -6.32  -2.33  -113.383  -123.800   5.538
 186 qh1sp01          47.77 -1.0  -0.005    15.065       0.028    110.933   -0.003    0.031     60.013  -6.04  -2.48  -108.242  -120.731   5.416
 187 dh1ag6b          47.86  0.0  -0.005    14.863       0.028    110.650   -0.003    0.030     58.522  -6.04  -2.48  -108.400  -117.663   5.414
 188 bpm              47.86  0.0  -0.005    14.863       0.028    110.650   -0.003    0.030     58.522  -6.04  -2.48  -108.400  -117.663   5.414
 189 dbpm             47.95  0.0  -0.005    14.662       0.028    110.372   -0.003    0.029     57.057  -6.04  -2.48  -108.555  -114.622   5.413
 190 sh1              48.15  1.5  -0.005    14.209       0.028    109.752   -0.003    0.028     53.810  -6.04  -2.48  -108.893  -107.775   5.408
 191 ge               48.15  0.0  -0.005    14.209       0.028    109.752   -0.003    0.028     53.810  -6.04  -2.48  -108.893  -107.775   5.408
 192 dh0g1a           52.80  0.0  -0.005     7.840       0.029    101.828   -0.001   -0.003     17.040  -6.04  -2.48  -112.129  11.684   5.313
 193 cav              52.80  0.0  -0.005     7.840       0.029    101.828   -0.001   -0.003     17.040  -6.04  -2.48  -112.129  11.684   5.313
