#   A_x        A_y      nu_x    nu_y
#
 1.000e+00 -7.500e+00  2.609e-02  8.770e+00 0.21326 0.06431
 1.000e+00 -7.200e+00  2.609e-02  8.082e+00 0.21323 0.06513
 1.000e+00 -6.900e+00  2.609e-02  7.423e+00 0.21317 0.06590
 1.000e+00 -6.600e+00  2.609e-02  6.791e+00 0.21309 0.06663
 1.000e+00 -6.300e+00  2.609e-02  6.188e+00 0.21299 0.06731
 1.000e+00 -6.000e+00  2.609e-02  5.613e+00 0.21287 0.06794
 1.000e+00 -5.700e+00  2.609e-02  5.065e+00 0.21275 0.06854
 1.000e+00 -5.400e+00  2.609e-02  4.546e+00 0.21262 0.06911
 1.000e+00 -5.100e+00  2.609e-02  4.055e+00 0.21248 0.06964
 1.000e+00 -4.800e+00  2.609e-02  3.592e+00 0.21235 0.07014
 1.000e+00 -4.500e+00  2.609e-02  3.157e+00 0.21221 0.07060
 1.000e+00 -4.200e+00  2.609e-02  2.750e+00 0.21206 0.07104
 1.000e+00 -3.900e+00  2.609e-02  2.371e+00 0.21192 0.07144
 1.000e+00 -3.600e+00  2.609e-02  2.021e+00 0.21178 0.07182
 1.000e+00 -3.300e+00  2.609e-02  1.698e+00 0.21165 0.07217
 1.000e+00 -3.000e+00  2.609e-02  1.403e+00 0.21152 0.07248
 1.000e+00 -2.700e+00  2.609e-02  1.137e+00 0.21140 0.07277
 1.000e+00 -2.400e+00  2.609e-02  8.980e-01 0.21129 0.07303
 1.000e+00 -2.100e+00  2.609e-02  6.876e-01 0.21119 0.07326
 1.000e+00 -1.800e+00  2.609e-02  5.051e-01 0.21110 0.07346
 1.000e+00 -1.500e+00  2.609e-02  3.508e-01 0.21102 0.07362
 1.000e+00 -1.200e+00  2.609e-02  2.245e-01 0.21095 0.07376
 1.000e+00 -9.000e-01  2.609e-02  1.263e-01 0.21090 0.07387
 1.000e+00 -6.000e-01  2.609e-02  5.613e-02 0.21086 0.07395
 1.000e+00 -3.000e-01  2.609e-02  1.403e-02 0.21084 0.07399
 1.000e+00  1.000e+00  2.609e-02  1.559e-01 0.21091 0.07384
 1.000e+00  3.000e-01  2.609e-02  1.403e-02 0.21084 0.07399
 1.000e+00  6.000e-01  2.609e-02  5.613e-02 0.21086 0.07395
 1.000e+00  9.000e-01  2.609e-02  1.263e-01 0.21090 0.07387
 1.000e+00  1.200e+00  2.609e-02  2.245e-01 0.21095 0.07376
 1.000e+00  1.500e+00  2.609e-02  3.508e-01 0.21102 0.07362
 1.000e+00  1.800e+00  2.609e-02  5.051e-01 0.21110 0.07346
 1.000e+00  2.100e+00  2.609e-02  6.876e-01 0.21119 0.07326
 1.000e+00  2.400e+00  2.609e-02  8.980e-01 0.21129 0.07303
 1.000e+00  2.700e+00  2.609e-02  1.137e+00 0.21140 0.07277
 1.000e+00  3.000e+00  2.609e-02  1.403e+00 0.21152 0.07248
 1.000e+00  3.300e+00  2.609e-02  1.698e+00 0.21165 0.07217
 1.000e+00  3.600e+00  2.609e-02  2.021e+00 0.21178 0.07182
 1.000e+00  3.900e+00  2.609e-02  2.371e+00 0.21192 0.07144
 1.000e+00  4.200e+00  2.609e-02  2.750e+00 0.21206 0.07104
 1.000e+00  4.500e+00  2.609e-02  3.157e+00 0.21221 0.07060
 1.000e+00  4.800e+00  2.609e-02  3.592e+00 0.21235 0.07014
 1.000e+00  5.100e+00  2.609e-02  4.055e+00 0.21248 0.06964
 1.000e+00  5.400e+00  2.609e-02  4.546e+00 0.21262 0.06911
 1.000e+00  5.700e+00  2.609e-02  5.065e+00 0.21275 0.06854
 1.000e+00  6.000e+00  2.609e-02  5.613e+00 0.21287 0.06794
 1.000e+00  6.300e+00  2.609e-02  6.188e+00 0.21299 0.06731
 1.000e+00  6.600e+00  2.609e-02  6.791e+00 0.21309 0.06663
 1.000e+00  6.900e+00  2.609e-02  7.423e+00 0.21317 0.06590
 1.000e+00  7.200e+00  2.609e-02  8.082e+00 0.21323 0.06513
 1.000e+00  7.500e+00  2.609e-02  8.770e+00 0.21326 0.06431
