  0.00000e+00  0.00000e+00  0.00000e+00  0.00000e+00
  0.00000e+00  7.01588e-07  8.29088e-05 -7.46929e-05
  0.00000e+00  1.40318e-06  1.71536e-04 -1.48980e-04
  0.00000e+00  2.10477e-06  2.65998e-04 -2.22802e-04
  0.00000e+00  2.80635e-06  3.66415e-04 -2.96097e-04
  0.00000e+00  3.50794e-06  4.72902e-04 -3.68804e-04
  0.00000e+00  4.20953e-06  5.85578e-04 -4.40863e-04
  0.00000e+00  4.91112e-06  7.04561e-04 -5.12213e-04
  0.00000e+00  5.61271e-06  8.29969e-04 -5.82793e-04
  0.00000e+00  6.31430e-06  9.61918e-04 -6.52543e-04
  0.00000e+00  7.01588e-06  1.10053e-03 -7.21402e-04
  0.00000e+00  7.71747e-06  1.24591e-03 -7.89308e-04
  0.00000e+00  8.41906e-06  1.39819e-03 -8.56203e-04
  0.00000e+00  9.12065e-06  1.55749e-03 -9.22024e-04
  0.00000e+00  9.82224e-06  1.72391e-03 -9.86711e-04
  0.00000e+00  1.05238e-05  1.89758e-03 -1.05020e-03
  0.00000e+00  1.12254e-05  2.07862e-03 -1.11244e-03
  0.00000e+00  1.19270e-05  2.26714e-03 -1.17336e-03
  0.00000e+00  1.26286e-05  2.46327e-03 -1.23291e-03
  0.00000e+00  1.33302e-05  2.66711e-03 -1.29101e-03
  0.00000e+00  1.40318e-05  2.87879e-03 -1.34762e-03
  0.00000e+00  1.47334e-05  3.09842e-03 -1.40267e-03
  0.00000e+00  1.54349e-05  3.32612e-03 -1.45610e-03
  0.00000e+00  1.61365e-05  3.56202e-03 -1.50785e-03
  0.00000e+00  1.68381e-05  3.80622e-03 -1.55785e-03
  0.00000e+00  1.75397e-05  4.05885e-03 -1.60606e-03

  8.34874e-07  0.00000e+00 -7.61106e-05  1.03576e-04
  8.34874e-07  7.01588e-07  2.08277e-05  3.57390e-05
  8.34874e-07  1.40318e-06  1.23689e-04 -3.15524e-05
  8.34874e-07  2.10477e-06  2.32590e-04 -9.82376e-05
  8.34874e-07  2.80635e-06  3.47649e-04 -1.64256e-04
  8.34874e-07  3.50794e-06  4.68985e-04 -2.29547e-04
  8.34874e-07  4.20953e-06  5.96713e-04 -2.94049e-04
  8.34874e-07  4.91112e-06  7.30953e-04 -3.57703e-04
  8.34874e-07  5.61271e-06  8.71822e-04 -4.20447e-04
  8.34874e-07  6.31430e-06  1.01944e-03 -4.82220e-04
  8.34874e-07  7.01588e-06  1.17392e-03 -5.42962e-04
  8.34874e-07  7.71747e-06  1.33538e-03 -6.02613e-04
  8.34874e-07  8.41906e-06  1.50394e-03 -6.61110e-04
  8.34874e-07  9.12065e-06  1.67972e-03 -7.18395e-04
  8.34874e-07  9.82224e-06  1.86283e-03 -7.74405e-04
  8.34874e-07  1.05238e-05  2.05339e-03 -8.29081e-04
  8.34874e-07  1.12254e-05  2.25153e-03 -8.82361e-04
  8.34874e-07  1.19270e-05  2.45735e-03 -9.34185e-04
  8.34874e-07  1.26286e-05  2.67098e-03 -9.84492e-04
  8.34874e-07  1.33302e-05  2.89254e-03 -1.03322e-03
  8.34874e-07  1.40318e-05  3.12213e-03 -1.08031e-03
  8.34874e-07  1.47334e-05  3.35989e-03 -1.12570e-03
  8.34874e-07  1.54349e-05  3.60591e-03 -1.16934e-03
  8.34874e-07  1.61365e-05  3.86034e-03 -1.21115e-03
  8.34874e-07  1.68381e-05  4.12327e-03 -1.25108e-03
  8.34874e-07  1.75397e-05  4.39484e-03 -1.28907e-03

  1.66975e-06  0.00000e+00 -1.29518e-04  2.23813e-04
  1.66975e-06  7.01588e-07 -1.84020e-05  1.63075e-04
  1.66975e-06  1.40318e-06  9.88408e-05  1.03024e-04
  1.66975e-06  2.10477e-06  2.22329e-04  4.37180e-05
  1.66975e-06  2.80635e-06  3.52179e-04 -1.47807e-05
  1.66975e-06  3.50794e-06  4.88510e-04 -7.24118e-05
  1.66975e-06  4.20953e-06  6.31438e-04 -1.29115e-04
  1.66975e-06  4.91112e-06  7.81083e-04 -1.84828e-04
  1.66975e-06  5.61271e-06  9.37561e-04 -2.39492e-04
  1.66975e-06  6.31430e-06  1.10099e-03 -2.93046e-04
  1.66975e-06  7.01588e-06  1.27149e-03 -3.45428e-04
  1.66975e-06  7.71747e-06  1.44917e-03 -3.96578e-04
  1.66975e-06  8.41906e-06  1.63416e-03 -4.46436e-04
  1.66975e-06  9.12065e-06  1.82657e-03 -4.94940e-04
  1.66975e-06  9.82224e-06  2.02652e-03 -5.42030e-04
  1.66975e-06  1.05238e-05  2.23413e-03 -5.87646e-04
  1.66975e-06  1.12254e-05  2.44951e-03 -6.31725e-04
  1.66975e-06  1.19270e-05  2.67278e-03 -6.74209e-04
  1.66975e-06  1.26286e-05  2.90407e-03 -7.15036e-04
  1.66975e-06  1.33302e-05  3.14348e-03 -7.54145e-04
  1.66975e-06  1.40318e-05  3.39114e-03 -7.91475e-04
  1.66975e-06  1.47334e-05  3.64716e-03 -8.26967e-04
  1.66975e-06  1.54349e-05  3.91166e-03 -8.60558e-04
  1.66975e-06  1.61365e-05  4.18476e-03 -8.92189e-04
  1.66975e-06  1.68381e-05  4.46658e-03 -9.21799e-04
  1.66975e-06  1.75397e-05  4.75723e-03 -9.49327e-04

  2.50462e-06  0.00000e+00 -1.60218e-04  3.60886e-04
  2.50462e-06  7.01588e-07 -3.47776e-05  3.07492e-04
  2.50462e-06  1.40318e-06  9.69949e-05  2.54923e-04
  2.50462e-06  2.10477e-06  2.35217e-04  2.03241e-04
  2.50462e-06  2.80635e-06  3.80006e-04  1.52505e-04
  2.50462e-06  3.50794e-06  5.31480e-04  1.02777e-04
  2.50462e-06  4.20953e-06  6.89757e-04  5.41177e-05
  2.50462e-06  4.91112e-06  8.54954e-04  6.58725e-06
  2.50462e-06  5.61271e-06  1.02719e-03 -3.97534e-05
  2.50462e-06  6.31430e-06  1.20658e-03 -8.48434e-05
  2.50462e-06  7.01588e-06  1.39324e-03 -1.28622e-04
  2.50462e-06  7.71747e-06  1.58730e-03 -1.71029e-04
  2.50462e-06  8.41906e-06  1.78886e-03 -2.12003e-04
  2.50462e-06  9.12065e-06  1.99805e-03 -2.51484e-04
  2.50462e-06  9.82224e-06  2.21498e-03 -2.89411e-04
  2.50462e-06  1.05238e-05  2.43978e-03 -3.25722e-04
  2.50462e-06  1.12254e-05  2.67256e-03 -3.60358e-04
  2.50462e-06  1.19270e-05  2.91343e-03 -3.93258e-04
  2.50462e-06  1.26286e-05  3.16251e-03 -4.24361e-04
  2.50462e-06  1.33302e-05  3.41993e-03 -4.53606e-04
  2.50462e-06  1.40318e-05  3.68580e-03 -4.80933e-04
  2.50462e-06  1.47334e-05  3.96024e-03 -5.06281e-04
  2.50462e-06  1.54349e-05  4.24337e-03 -5.29588e-04
  2.50462e-06  1.61365e-05  4.53529e-03 -5.50795e-04
  2.50462e-06  1.68381e-05  4.83614e-03 -5.69841e-04
  2.50462e-06  1.75397e-05  5.14603e-03 -5.86665e-04

  3.33949e-06  0.00000e+00 -1.68210e-04  5.14973e-04
  3.33949e-06  7.01588e-07 -2.82966e-05  4.69165e-04
  3.33949e-06  1.40318e-06  1.18153e-04  4.24323e-04
  3.33949e-06  2.10477e-06  2.71257e-04  3.80507e-04
  3.33949e-06  2.80635e-06  4.31133e-04  3.37777e-04
  3.33949e-06  3.50794e-06  5.97898e-04  2.96196e-04
  3.33949e-06  4.20953e-06  7.71671e-04  2.55823e-04
  3.33949e-06  4.91112e-06  9.52568e-04  2.16719e-04
  3.33949e-06  5.61271e-06  1.14071e-03  1.78946e-04
  3.33949e-06  6.31430e-06  1.33621e-03  1.42562e-04
  3.33949e-06  7.01588e-06  1.53918e-03  1.07630e-04
  3.33949e-06  7.71747e-06  1.74976e-03  7.42103e-05
  3.33949e-06  8.41906e-06  1.96804e-03  4.23630e-05
  3.33949e-06  9.12065e-06  2.19416e-03  1.21492e-05
  3.33949e-06  9.82224e-06  2.42823e-03 -1.63703e-05
  3.33949e-06  1.05238e-05  2.67036e-03 -4.31350e-05
  3.33949e-06  1.12254e-05  2.92068e-03 -6.80841e-05
  3.33949e-06  1.19270e-05  3.17930e-03 -9.11568e-05
  3.33949e-06  1.26286e-05  3.44633e-03 -1.12293e-04
  3.33949e-06  1.33302e-05  3.72191e-03 -1.31430e-04
  3.33949e-06  1.40318e-05  4.00614e-03 -1.48510e-04
  3.33949e-06  1.47334e-05  4.29914e-03 -1.63470e-04
  3.33949e-06  1.54349e-05  4.60103e-03 -1.76250e-04
  3.33949e-06  1.61365e-05  4.91193e-03 -1.86790e-04
  3.33949e-06  1.68381e-05  5.23196e-03 -1.95028e-04
  3.33949e-06  1.75397e-05  5.56122e-03 -2.00904e-04

  4.17437e-06  0.00000e+00 -1.53491e-04  6.86248e-04
  4.17437e-06  7.01588e-07  1.04361e-06  6.48270e-04
  4.17437e-06  1.40318e-06  1.62319e-04  6.11397e-04
  4.17437e-06  2.10477e-06  3.30453e-04  5.75691e-04
  4.17437e-06  2.80635e-06  5.05563e-04  5.41212e-04
  4.17437e-06  3.50794e-06  6.87767e-04  5.08021e-04
  4.17437e-06  4.20953e-06  8.77183e-04  4.76178e-04
  4.17437e-06  4.91112e-06  1.07393e-03  4.45744e-04
  4.17437e-06  5.61271e-06  1.27812e-03  4.16780e-04
  4.17437e-06  6.31430e-06  1.48988e-03  3.89347e-04
  4.17437e-06  7.01588e-06  1.70932e-03  3.63506e-04
  4.17437e-06  7.71747e-06  1.93656e-03  3.39316e-04
  4.17437e-06  8.41906e-06  2.17171e-03  3.16839e-04
  4.17437e-06  9.12065e-06  2.41491e-03  2.96136e-04
  4.17437e-06  9.82224e-06  2.66625e-03  2.77266e-04
  4.17437e-06  1.05238e-05  2.92587e-03  2.60292e-04
  4.17437e-06  1.12254e-05  3.19388e-03  2.45274e-04
  4.17437e-06  1.19270e-05  3.47039e-03  2.32271e-04
  4.17437e-06  1.26286e-05  3.75552e-03  2.21346e-04
  4.17437e-06  1.33302e-05  4.04940e-03  2.12559e-04
  4.17437e-06  1.40318e-05  4.35214e-03  2.05970e-04
  4.17437e-06  1.47334e-05  4.66385e-03  2.01641e-04
  4.17437e-06  1.54349e-05  4.98466e-03  1.99631e-04
  4.17437e-06  1.61365e-05  5.31468e-03  2.00003e-04
  4.17437e-06  1.68381e-05  5.65403e-03  2.02815e-04
  4.17437e-06  1.75397e-05  6.00283e-03  2.08130e-04

  5.00924e-06  0.00000e+00 -1.16057e-04  8.74888e-04
  5.00924e-06  7.01588e-07  5.32457e-05  8.44983e-04
  5.00924e-06  1.40318e-06  2.29494e-04  8.16324e-04
  5.00924e-06  2.10477e-06  4.12806e-04  7.88971e-04
  5.00924e-06  2.80635e-06  6.03298e-04  7.62985e-04
  5.00924e-06  3.50794e-06  8.01089e-04  7.38427e-04
  5.00924e-06  4.20953e-06  1.00630e-03  7.15358e-04
  5.00924e-06  4.91112e-06  1.21904e-03  6.93838e-04
  5.00924e-06  5.61271e-06  1.43943e-03  6.73927e-04
  5.00924e-06  6.31430e-06  1.66759e-03  6.55688e-04
  5.00924e-06  7.01588e-06  1.90364e-03  6.39180e-04
  5.00924e-06  7.71747e-06  2.14769e-03  6.24464e-04
  5.00924e-06  8.41906e-06  2.39987e-03  6.11600e-04
  5.00924e-06  9.12065e-06  2.66029e-03  6.00651e-04
  5.00924e-06  9.82224e-06  2.92906e-03  5.91676e-04
  5.00924e-06  1.05238e-05  3.20631e-03  5.84735e-04
  5.00924e-06  1.12254e-05  3.49215e-03  5.79891e-04
  5.00924e-06  1.19270e-05  3.78671e-03  5.77202e-04
  5.00924e-06  1.26286e-05  4.09009e-03  5.76731e-04
  5.00924e-06  1.33302e-05  4.40241e-03  5.78538e-04
  5.00924e-06  1.40318e-05  4.72381e-03  5.82684e-04
  5.00924e-06  1.47334e-05  5.05438e-03  5.89228e-04
  5.00924e-06  1.54349e-05  5.39425e-03  5.98233e-04
  5.00924e-06  1.61365e-05  5.74354e-03  6.09759e-04
  5.00924e-06  1.68381e-05  6.10237e-03  6.23865e-04
  5.00924e-06  1.75397e-05  6.47084e-03  6.40615e-04

  5.84412e-06  0.00000e+00 -5.59070e-05  1.08107e-03
  5.84412e-06  7.01588e-07  1.28312e-04  1.05948e-03
  5.84412e-06  1.40318e-06  3.19681e-04  1.03928e-03
  5.84412e-06  2.10477e-06  5.18318e-04  1.02052e-03
  5.84412e-06  2.80635e-06  7.24341e-04  1.00327e-03
  5.84412e-06  3.50794e-06  9.37866e-04  9.87591e-04
  5.84412e-06  4.20953e-06  1.15901e-03  9.73538e-04
  5.84412e-06  4.91112e-06  1.38790e-03  9.61175e-04
  5.84412e-06  5.61271e-06  1.62464e-03  9.50562e-04
  5.84412e-06  6.31430e-06  1.86935e-03  9.41759e-04
  5.84412e-06  7.01588e-06  2.12216e-03  9.34828e-04
  5.84412e-06  7.71747e-06  2.38318e-03  9.29829e-04
  5.84412e-06  8.41906e-06  2.65252e-03  9.26823e-04
  5.84412e-06  9.12065e-06  2.93030e-03  9.25871e-04
  5.84412e-06  9.82224e-06  3.21665e-03  9.27033e-04
  5.84412e-06  1.05238e-05  3.51168e-03  9.30370e-04
  5.84412e-06  1.12254e-05  3.81551e-03  9.35943e-04
  5.84412e-06  1.19270e-05  4.12825e-03  9.43812e-04
  5.84412e-06  1.26286e-05  4.45003e-03  9.54038e-04
  5.84412e-06  1.33302e-05  4.78095e-03  9.66683e-04
  5.84412e-06  1.40318e-05  5.12115e-03  9.81805e-04
  5.84412e-06  1.47334e-05  5.47073e-03  9.99468e-04
  5.84412e-06  1.54349e-05  5.82981e-03  1.01973e-03
  5.84412e-06  1.61365e-05  6.19852e-03  1.04265e-03
  5.84412e-06  1.68381e-05  6.57697e-03  1.06830e-03
  5.84412e-06  1.75397e-05  6.96527e-03  1.09672e-03

  6.67899e-06  0.00000e+00  2.69624e-05  1.30496e-03
  6.67899e-06  7.01588e-07  2.26246e-04  1.29194e-03
  6.67899e-06  1.40318e-06  4.32884e-04  1.28043e-03
  6.67899e-06  2.10477e-06  6.46994e-04  1.27052e-03
  6.67899e-06  2.80635e-06  8.68694e-04  1.26225e-03
  6.67899e-06  3.50794e-06  1.09810e-03  1.25569e-03
  6.67899e-06  4.20953e-06  1.33534e-03  1.25090e-03
  6.67899e-06  4.91112e-06  1.58051e-03  1.24793e-03
  6.67899e-06  5.61271e-06  1.83375e-03  1.24686e-03
  6.67899e-06  6.31430e-06  2.09516e-03  1.24774e-03
  6.67899e-06  7.01588e-06  2.36488e-03  1.25063e-03
  6.67899e-06  7.71747e-06  2.64300e-03  1.25559e-03
  6.67899e-06  8.41906e-06  2.92966e-03  1.26268e-03
  6.67899e-06  9.12065e-06  3.22496e-03  1.27197e-03
  6.67899e-06  9.82224e-06  3.52904e-03  1.28351e-03
  6.67899e-06  1.05238e-05  3.84199e-03  1.29737e-03
  6.67899e-06  1.12254e-05  4.16395e-03  1.31361e-03
  6.67899e-06  1.19270e-05  4.49503e-03  1.33228e-03
  6.67899e-06  1.26286e-05  4.83535e-03  1.35344e-03
  6.67899e-06  1.33302e-05  5.18502e-03  1.37717e-03
  6.67899e-06  1.40318e-05  5.54417e-03  1.40351e-03
  6.67899e-06  1.47334e-05  5.91290e-03  1.43254e-03
  6.67899e-06  1.54349e-05  6.29135e-03  1.46430e-03
  6.67899e-06  1.61365e-05  6.67962e-03  1.49886e-03
  6.67899e-06  1.68381e-05  7.07783e-03  1.53629e-03
  6.67899e-06  1.75397e-05  7.48611e-03  1.57664e-03

  7.51386e-06  0.00000e+00  1.32554e-04  1.54675e-03
  7.51386e-06  7.01588e-07  3.47049e-04  1.54253e-03
  7.51386e-06  1.40318e-06  5.69104e-04  1.53997e-03
  7.51386e-06  2.10477e-06  7.98835e-04  1.53914e-03
  7.51386e-06  2.80635e-06  1.03636e-03  1.54009e-03
  7.51386e-06  3.50794e-06  1.28180e-03  1.54289e-03
  7.51386e-06  4.20953e-06  1.53527e-03  1.54761e-03
  7.51386e-06  4.91112e-06  1.79688e-03  1.55429e-03
  7.51386e-06  5.61271e-06  2.06676e-03  1.56300e-03
  7.51386e-06  6.31430e-06  2.34503e-03  1.57380e-03
  7.51386e-06  7.01588e-06  2.63179e-03  1.58675e-03
  7.51386e-06  7.71747e-06  2.92717e-03  1.60192e-03
  7.51386e-06  8.41906e-06  3.23129e-03  1.61936e-03
  7.51386e-06  9.12065e-06  3.54427e-03  1.63913e-03
  7.51386e-06  9.82224e-06  3.86621e-03  1.66130e-03
  7.51386e-06  1.05238e-05  4.19724e-03  1.68592e-03
  7.51386e-06  1.12254e-05  4.53748e-03  1.71306e-03
  7.51386e-06  1.19270e-05  4.88705e-03  1.74277e-03
  7.51386e-06  1.26286e-05  5.24605e-03  1.77512e-03
  7.51386e-06  1.33302e-05  5.61462e-03  1.81017e-03
  7.51386e-06  1.40318e-05  5.99286e-03  1.84798e-03
  7.51386e-06  1.47334e-05  6.38090e-03  1.88861e-03
  7.51386e-06  1.54349e-05  6.77886e-03  1.93211e-03
  7.51386e-06  1.61365e-05  7.18684e-03  1.97856e-03
  7.51386e-06  1.68381e-05  7.60497e-03  2.02801e-03
  7.51386e-06  1.75397e-05  8.03337e-03  2.08053e-03

  8.34874e-06  0.00000e+00  2.60869e-04  1.80661e-03
  8.34874e-06  7.01588e-07  4.90725e-04  1.81143e-03
  8.34874e-06  1.40318e-06  7.28343e-04  1.81806e-03
  8.34874e-06  2.10477e-06  9.73844e-04  1.82655e-03
  8.34874e-06  2.80635e-06  1.22734e-03  1.83698e-03
  8.34874e-06  3.50794e-06  1.48896e-03  1.84939e-03
  8.34874e-06  4.20953e-06  1.75881e-03  1.86385e-03
  8.34874e-06  4.91112e-06  2.03701e-03  1.88041e-03
  8.34874e-06  5.61271e-06  2.32368e-03  1.89915e-03
  8.34874e-06  6.31430e-06  2.61894e-03  1.92012e-03
  8.34874e-06  7.01588e-06  2.92291e-03  1.94338e-03
  8.34874e-06  7.71747e-06  3.23570e-03  1.96899e-03
  8.34874e-06  8.41906e-06  3.55743e-03  1.99702e-03
  8.34874e-06  9.12065e-06  3.88821e-03  2.02752e-03
  8.34874e-06  9.82224e-06  4.22818e-03  2.06055e-03
  8.34874e-06  1.05238e-05  4.57743e-03  2.09618e-03
  8.34874e-06  1.12254e-05  4.93610e-03  2.13447e-03
  8.34874e-06  1.19270e-05  5.30430e-03  2.17547e-03
  8.34874e-06  1.26286e-05  5.68214e-03  2.21925e-03
  8.34874e-06  1.33302e-05  6.06975e-03  2.26587e-03
  8.34874e-06  1.40318e-05  6.46724e-03  2.31538e-03
  8.34874e-06  1.47334e-05  6.87473e-03  2.36786e-03
  8.34874e-06  1.54349e-05  7.29234e-03  2.42335e-03
  8.34874e-06  1.61365e-05  7.72018e-03  2.48193e-03
  8.34874e-06  1.68381e-05  8.15838e-03  2.54365e-03
  8.34874e-06  1.75397e-05  8.60704e-03  2.60857e-03

  9.18361e-06  0.00000e+00  4.11912e-04  2.08471e-03
  9.18361e-06  7.01588e-07  6.57275e-04  2.09882e-03
  9.18361e-06  1.40318e-06  9.10606e-04  2.11488e-03
  9.18361e-06  2.10477e-06  1.17202e-03  2.13295e-03
  9.18361e-06  2.80635e-06  1.44164e-03  2.15308e-03
  9.18361e-06  3.50794e-06  1.71959e-03  2.17534e-03
  9.18361e-06  4.20953e-06  2.00597e-03  2.19979e-03
  9.18361e-06  4.91112e-06  2.30090e-03  2.22649e-03
  9.18361e-06  5.61271e-06  2.60452e-03  2.25550e-03
  9.18361e-06  6.31430e-06  2.91692e-03  2.28688e-03
  9.18361e-06  7.01588e-06  3.23823e-03  2.32069e-03
  9.18361e-06  7.71747e-06  3.56857e-03  2.35699e-03
  9.18361e-06  8.41906e-06  3.90806e-03  2.39585e-03
  9.18361e-06  9.12065e-06  4.25681e-03  2.43732e-03
  9.18361e-06  9.82224e-06  4.61494e-03  2.48146e-03
  9.18361e-06  1.05238e-05  4.98257e-03  2.52834e-03
  9.18361e-06  1.12254e-05  5.35981e-03  2.57802e-03
  9.18361e-06  1.19270e-05  5.74679e-03  2.63055e-03
  9.18361e-06  1.26286e-05  6.14362e-03  2.68600e-03
  9.18361e-06  1.33302e-05  6.55042e-03  2.74443e-03
  9.18361e-06  1.40318e-05  6.96730e-03  2.80590e-03
  9.18361e-06  1.47334e-05  7.39439e-03  2.87047e-03
  9.18361e-06  1.54349e-05  7.83180e-03  2.93819e-03
  9.18361e-06  1.61365e-05  8.27965e-03  3.00914e-03
  9.18361e-06  1.68381e-05  8.73806e-03  3.08337e-03
  9.18361e-06  1.75397e-05  9.20714e-03  3.16094e-03

  1.00185e-05  0.00000e+00  5.85685e-04  2.38123e-03
  1.00185e-05  7.01588e-07  8.46703e-04  2.40488e-03
  1.00185e-05  1.40318e-06  1.11589e-03  2.43061e-03
  1.00185e-05  2.10477e-06  1.39337e-03  2.45849e-03
  1.00185e-05  2.80635e-06  1.67926e-03  2.48858e-03
  1.00185e-05  3.50794e-06  1.97368e-03  2.52093e-03
  1.00185e-05  4.20953e-06  2.27674e-03  2.55561e-03
  1.00185e-05  4.91112e-06  2.58856e-03  2.59269e-03
  1.00185e-05  5.61271e-06  2.90926e-03  2.63221e-03
  1.00185e-05  6.31430e-06  3.23895e-03  2.67424e-03
  1.00185e-05  7.01588e-06  3.57776e-03  2.71885e-03
  1.00185e-05  7.71747e-06  3.92581e-03  2.76609e-03
  1.00185e-05  8.41906e-06  4.28320e-03  2.81602e-03
  1.00185e-05  9.12065e-06  4.65006e-03  2.86870e-03
  1.00185e-05  9.82224e-06  5.02650e-03  2.92420e-03
  1.00185e-05  1.05238e-05  5.41265e-03  2.98258e-03
  1.00185e-05  1.12254e-05  5.80862e-03  3.04389e-03
  1.00185e-05  1.19270e-05  6.21452e-03  3.10819e-03
  1.00185e-05  1.26286e-05  6.63048e-03  3.17556e-03
  1.00185e-05  1.33302e-05  7.05662e-03  3.24604e-03
  1.00185e-05  1.40318e-05  7.49305e-03  3.31970e-03
  1.00185e-05  1.47334e-05  7.93988e-03  3.39660e-03
  1.00185e-05  1.54349e-05  8.39724e-03  3.47681e-03
  1.00185e-05  1.61365e-05  8.86525e-03  3.56037e-03
  1.00185e-05  1.68381e-05  9.34402e-03  3.64735e-03
  1.00185e-05  1.75397e-05  9.83367e-03  3.73782e-03

  1.08534e-05  0.00000e+00  7.82189e-04  2.69635e-03
  1.08534e-05  7.01588e-07  1.05901e-03  2.72977e-03
  1.08534e-05  1.40318e-06  1.34421e-03  2.76542e-03
  1.08534e-05  2.10477e-06  1.63790e-03  2.80336e-03
  1.08534e-05  2.80635e-06  1.94021e-03  2.84364e-03
  1.08534e-05  3.50794e-06  2.25125e-03  2.88633e-03
  1.08534e-05  4.20953e-06  2.57113e-03  2.93149e-03
  1.08534e-05  4.91112e-06  2.89998e-03  2.97918e-03
  1.08534e-05  5.61271e-06  3.23792e-03  3.02946e-03
  1.08534e-05  6.31430e-06  3.58505e-03  3.08239e-03
  1.08534e-05  7.01588e-06  3.94151e-03  3.13804e-03
  1.08534e-05  7.71747e-06  4.30740e-03  3.19645e-03
  1.08534e-05  8.41906e-06  4.68284e-03  3.25770e-03
  1.08534e-05  9.12065e-06  5.06796e-03  3.32184e-03
  1.08534e-05  9.82224e-06  5.46287e-03  3.38894e-03
  1.08534e-05  1.05238e-05  5.86768e-03  3.45905e-03
  1.08534e-05  1.12254e-05  6.28252e-03  3.53224e-03
  1.08534e-05  1.19270e-05  6.70750e-03  3.60857e-03
  1.08534e-05  1.26286e-05  7.14274e-03  3.68809e-03
  1.08534e-05  1.33302e-05  7.58836e-03  3.77087e-03
  1.08534e-05  1.40318e-05  8.04448e-03  3.85697e-03
  1.08534e-05  1.47334e-05  8.51121e-03  3.94645e-03
  1.08534e-05  1.54349e-05  8.98867e-03  4.03937e-03
  1.08534e-05  1.61365e-05  9.47698e-03  4.13579e-03
  1.08534e-05  1.68381e-05  9.97626e-03  4.23577e-03
  1.08534e-05  1.75397e-05  1.04866e-02  4.33938e-03

  1.16882e-05  0.00000e+00  1.00143e-03  3.03024e-03
  1.16882e-05  7.01588e-07  1.29420e-03  3.07368e-03
  1.16882e-05  1.40318e-06  1.59556e-03  3.11949e-03
  1.16882e-05  2.10477e-06  1.90561e-03  3.16773e-03
  1.16882e-05  2.80635e-06  2.22448e-03  3.21845e-03
  1.16882e-05  3.50794e-06  2.55229e-03  3.27172e-03
  1.16882e-05  4.20953e-06  2.88915e-03  3.32760e-03
  1.16882e-05  4.91112e-06  3.23517e-03  3.38616e-03
  1.16882e-05  5.61271e-06  3.59049e-03  3.44744e-03
  1.16882e-05  6.31430e-06  3.95521e-03  3.51151e-03
  1.16882e-05  7.01588e-06  4.32946e-03  3.57843e-03
  1.16882e-05  7.71747e-06  4.71335e-03  3.64827e-03
  1.16882e-05  8.41906e-06  5.10699e-03  3.72108e-03
  1.16882e-05  9.12065e-06  5.51052e-03  3.79692e-03
  1.16882e-05  9.82224e-06  5.92403e-03  3.87586e-03
  1.16882e-05  1.05238e-05  6.34766e-03  3.95796e-03
  1.16882e-05  1.12254e-05  6.78152e-03  4.04327e-03
  1.16882e-05  1.19270e-05  7.22573e-03  4.13185e-03
  1.16882e-05  1.26286e-05  7.68040e-03  4.22378e-03
  1.16882e-05  1.33302e-05  8.14565e-03  4.31910e-03
  1.16882e-05  1.40318e-05  8.62161e-03  4.41788e-03
  1.16882e-05  1.47334e-05  9.10838e-03  4.52018e-03
  1.16882e-05  1.54349e-05  9.60609e-03  4.62606e-03
  1.16882e-05  1.61365e-05  1.01148e-02  4.73558e-03
  1.16882e-05  1.68381e-05  1.06348e-02  4.84881e-03
  1.16882e-05  1.75397e-05  1.11660e-02  4.96580e-03

  1.25231e-05  0.00000e+00  1.24341e-03  3.38307e-03
  1.25231e-05  7.01588e-07  1.55228e-03  3.43678e-03
  1.25231e-05  1.40318e-06  1.86993e-03  3.49299e-03
  1.25231e-05  2.10477e-06  2.19650e-03  3.55177e-03
  1.25231e-05  2.80635e-06  2.53208e-03  3.61318e-03
  1.25231e-05  3.50794e-06  2.87680e-03  3.67728e-03
  1.25231e-05  4.20953e-06  3.23078e-03  3.74412e-03
  1.25231e-05  4.91112e-06  3.59414e-03  3.81378e-03
  1.25231e-05  5.61271e-06  3.96699e-03  3.88631e-03
  1.25231e-05  6.31430e-06  4.34944e-03  3.96176e-03
  1.25231e-05  7.01588e-06  4.74163e-03  4.04021e-03
  1.25231e-05  7.71747e-06  5.14366e-03  4.12171e-03
  1.25231e-05  8.41906e-06  5.55566e-03  4.20633e-03
  1.25231e-05  9.12065e-06  5.97773e-03  4.29411e-03
  1.25231e-05  9.82224e-06  6.41001e-03  4.38514e-03
  1.25231e-05  1.05238e-05  6.85260e-03  4.47946e-03
  1.25231e-05  1.12254e-05  7.30563e-03  4.57713e-03
  1.25231e-05  1.19270e-05  7.76920e-03  4.67822e-03
  1.25231e-05  1.26286e-05  8.24345e-03  4.78279e-03
  1.25231e-05  1.33302e-05  8.72849e-03  4.89090e-03
  1.25231e-05  1.40318e-05  9.22442e-03  5.00260e-03
  1.25231e-05  1.47334e-05  9.73139e-03  5.11797e-03
  1.25231e-05  1.54349e-05  1.02495e-02  5.23706e-03
  1.25231e-05  1.61365e-05  1.07788e-02  5.35992e-03
  1.25231e-05  1.68381e-05  1.13196e-02  5.48663e-03
  1.25231e-05  1.75397e-05  1.18718e-02  5.61725e-03

  1.33580e-05  0.00000e+00  1.50812e-03  3.75503e-03
  1.33580e-05  7.01588e-07  1.83324e-03  3.81925e-03
  1.33580e-05  1.40318e-06  2.16735e-03  3.88611e-03
  1.33580e-05  2.10477e-06  2.51057e-03  3.95568e-03
  1.33580e-05  2.80635e-06  2.86301e-03  4.02801e-03
  1.33580e-05  3.50794e-06  3.22480e-03  4.10318e-03
  1.33580e-05  4.20953e-06  3.59605e-03  4.18123e-03
  1.33580e-05  4.91112e-06  3.97688e-03  4.26223e-03
  1.33580e-05  5.61271e-06  4.36740e-03  4.34625e-03
  1.33580e-05  6.31430e-06  4.76775e-03  4.43333e-03
  1.33580e-05  7.01588e-06  5.17802e-03  4.52355e-03
  1.33580e-05  7.71747e-06  5.59834e-03  4.61695e-03
  1.33580e-05  8.41906e-06  6.02884e-03  4.71362e-03
  1.33580e-05  9.12065e-06  6.46961e-03  4.81359e-03
  1.33580e-05  9.82224e-06  6.92079e-03  4.91694e-03
  1.33580e-05  1.05238e-05  7.38250e-03  5.02373e-03
  1.33580e-05  1.12254e-05  7.85484e-03  5.13401e-03
  1.33580e-05  1.19270e-05  8.33793e-03  5.24785e-03
  1.33580e-05  1.26286e-05  8.83190e-03  5.36531e-03
  1.33580e-05  1.33302e-05  9.33687e-03  5.48645e-03
  1.33580e-05  1.40318e-05  9.85294e-03  5.61132e-03
  1.33580e-05  1.47334e-05  1.03802e-02  5.73999e-03
  1.33580e-05  1.54349e-05  1.09189e-02  5.87253e-03
  1.33580e-05  1.61365e-05  1.14690e-02  6.00899e-03
  1.33580e-05  1.68381e-05  1.20307e-02  6.14942e-03
  1.33580e-05  1.75397e-05  1.26041e-02  6.29390e-03

  1.41929e-05  0.00000e+00  1.79558e-03  4.14629e-03
  1.41929e-05  7.01588e-07  2.13709e-03  4.22126e-03
  1.41929e-05  1.40318e-06  2.48780e-03  4.29901e-03
  1.41929e-05  2.10477e-06  2.84782e-03  4.37961e-03
  1.41929e-05  2.80635e-06  3.21728e-03  4.46311e-03
  1.41929e-05  3.50794e-06  3.59628e-03  4.54959e-03
  1.41929e-05  4.20953e-06  3.98494e-03  4.63909e-03
  1.41929e-05  4.91112e-06  4.38339e-03  4.73169e-03
  1.41929e-05  5.61271e-06  4.79175e-03  4.82743e-03
  1.41929e-05  6.31430e-06  5.21012e-03  4.92639e-03
  1.41929e-05  7.01588e-06  5.63863e-03  5.02861e-03
  1.41929e-05  7.71747e-06  6.07739e-03  5.13417e-03
  1.41929e-05  8.41906e-06  6.52653e-03  5.24313e-03
  1.41929e-05  9.12065e-06  6.98616e-03  5.35554e-03
  1.41929e-05  9.82224e-06  7.45639e-03  5.47146e-03
  1.41929e-05  1.05238e-05  7.93735e-03  5.59096e-03
  1.41929e-05  1.12254e-05  8.42915e-03  5.71409e-03
  1.41929e-05  1.19270e-05  8.93192e-03  5.84092e-03
  1.41929e-05  1.26286e-05  9.44576e-03  5.97151e-03
  1.41929e-05  1.33302e-05  9.97080e-03  6.10592e-03
  1.41929e-05  1.40318e-05  1.05072e-02  6.24420e-03
  1.41929e-05  1.47334e-05  1.10549e-02  6.38643e-03
  1.41929e-05  1.54349e-05  1.16143e-02  6.53266e-03
  1.41929e-05  1.61365e-05  1.21853e-02  6.68294e-03
  1.41929e-05  1.68381e-05  1.27681e-02  6.83735e-03
  1.41929e-05  1.75397e-05  1.33627e-02  6.99595e-03

  1.50277e-05  0.00000e+00  2.10579e-03  4.55702e-03
  1.50277e-05  7.01588e-07  2.46384e-03  4.64298e-03
  1.50277e-05  1.40318e-06  2.83130e-03  4.73187e-03
  1.50277e-05  2.10477e-06  3.20827e-03  4.82374e-03
  1.50277e-05  2.80635e-06  3.59488e-03  4.91866e-03
  1.50277e-05  3.50794e-06  3.99124e-03  5.01669e-03
  1.50277e-05  4.20953e-06  4.39747e-03  5.11789e-03
  1.50277e-05  4.91112e-06  4.81369e-03  5.22232e-03
  1.50277e-05  5.61271e-06  5.24002e-03  5.33004e-03
  1.50277e-05  6.31430e-06  5.67657e-03  5.44111e-03
  1.50277e-05  7.01588e-06  6.12346e-03  5.55559e-03
  1.50277e-05  7.71747e-06  6.58081e-03  5.67355e-03
  1.50277e-05  8.41906e-06  7.04874e-03  5.79504e-03
  1.50277e-05  9.12065e-06  7.52736e-03  5.92012e-03
  1.50277e-05  9.82224e-06  8.01680e-03  6.04886e-03
  1.50277e-05  1.05238e-05  8.51717e-03  6.18131e-03
  1.50277e-05  1.12254e-05  9.02858e-03  6.31754e-03
  1.50277e-05  1.19270e-05  9.55116e-03  6.45760e-03
  1.50277e-05  1.26286e-05  1.00850e-02  6.60157e-03
  1.50277e-05  1.33302e-05  1.06303e-02  6.74949e-03
  1.50277e-05  1.40318e-05  1.11871e-02  6.90143e-03
  1.50277e-05  1.47334e-05  1.17555e-02  7.05745e-03
  1.50277e-05  1.54349e-05  1.23357e-02  7.21761e-03
  1.50277e-05  1.61365e-05  1.29277e-02  7.38198e-03
  1.50277e-05  1.68381e-05  1.35317e-02  7.55060e-03
  1.50277e-05  1.75397e-05  1.41479e-02  7.72355e-03

  1.58626e-05  0.00000e+00  2.43874e-03  4.98741e-03
  1.58626e-05  7.01588e-07  2.81348e-03  5.08461e-03
  1.58626e-05  1.40318e-06  3.19783e-03  5.18487e-03
  1.58626e-05  2.10477e-06  3.59191e-03  5.28826e-03
  1.58626e-05  2.80635e-06  3.99582e-03  5.39484e-03
  1.58626e-05  3.50794e-06  4.40969e-03  5.50467e-03
  1.58626e-05  4.20953e-06  4.83363e-03  5.61780e-03
  1.58626e-05  4.91112e-06  5.26777e-03  5.73431e-03
  1.58626e-05  5.61271e-06  5.71222e-03  5.85425e-03
  1.58626e-05  6.31430e-06  6.16710e-03  5.97768e-03
  1.58626e-05  7.01588e-06  6.63252e-03  6.10466e-03
  1.58626e-05  7.71747e-06  7.10861e-03  6.23525e-03
  1.58626e-05  8.41906e-06  7.59548e-03  6.36952e-03
  1.58626e-05  9.12065e-06  8.09324e-03  6.50752e-03
  1.58626e-05  9.82224e-06  8.60203e-03  6.64931e-03
  1.58626e-05  1.05238e-05  9.12195e-03  6.79496e-03
  1.58626e-05  1.12254e-05  9.65312e-03  6.94453e-03
  1.58626e-05  1.19270e-05  1.01957e-02  7.09807e-03
  1.58626e-05  1.26286e-05  1.07497e-02  7.25566e-03
  1.58626e-05  1.33302e-05  1.13153e-02  7.41734e-03
  1.58626e-05  1.40318e-05  1.18927e-02  7.58318e-03
  1.58626e-05  1.47334e-05  1.24819e-02  7.75324e-03
  1.58626e-05  1.54349e-05  1.30830e-02  7.92758e-03
  1.58626e-05  1.61365e-05  1.36963e-02  8.10626e-03
  1.58626e-05  1.68381e-05  1.43217e-02  8.28934e-03
  1.58626e-05  1.75397e-05  1.49594e-02  8.47689e-03

  1.66975e-05  0.00000e+00  2.79444e-03  5.43762e-03
  1.66975e-05  7.01588e-07  3.18603e-03  5.54630e-03
  1.66975e-05  1.40318e-06  3.58742e-03  5.65818e-03
  1.66975e-05  2.10477e-06  3.99874e-03  5.77334e-03
  1.66975e-05  2.80635e-06  4.42010e-03  5.89182e-03
  1.66975e-05  3.50794e-06  4.85162e-03  6.01369e-03
  1.66975e-05  4.20953e-06  5.29343e-03  6.13900e-03
  1.66975e-05  4.91112e-06  5.74563e-03  6.26783e-03
  1.66975e-05  5.61271e-06  6.20835e-03  6.40023e-03
  1.66975e-05  6.31430e-06  6.68170e-03  6.53626e-03
  1.66975e-05  7.01588e-06  7.16581e-03  6.67598e-03
  1.66975e-05  7.71747e-06  7.66078e-03  6.81946e-03
  1.66975e-05  8.41906e-06  8.16673e-03  6.96674e-03
  1.66975e-05  9.12065e-06  8.68379e-03  7.11791e-03
  1.66975e-05  9.82224e-06  9.21208e-03  7.27300e-03
  1.66975e-05  1.05238e-05  9.75170e-03  7.43210e-03
  1.66975e-05  1.12254e-05  1.03028e-02  7.59524e-03
  1.66975e-05  1.19270e-05  1.08654e-02  7.76251e-03
  1.66975e-05  1.26286e-05  1.14398e-02  7.93395e-03
  1.66975e-05  1.33302e-05  1.20259e-02  8.10964e-03
  1.66975e-05  1.40318e-05  1.26240e-02  8.28962e-03
  1.66975e-05  1.47334e-05  1.32341e-02  8.47396e-03
  1.66975e-05  1.54349e-05  1.38564e-02  8.66272e-03
  1.66975e-05  1.61365e-05  1.44910e-02  8.85597e-03
  1.66975e-05  1.68381e-05  1.51380e-02  9.05375e-03
  1.66975e-05  1.75397e-05  1.57975e-02  9.25614e-03

  1.75323e-05  0.00000e+00  3.17290e-03  5.90783e-03
  1.75323e-05  7.01588e-07  3.58147e-03  6.02824e-03
  1.75323e-05  1.40318e-06  4.00005e-03  6.15199e-03
  1.75323e-05  2.10477e-06  4.42876e-03  6.27914e-03
  1.75323e-05  2.80635e-06  4.86773e-03  6.40977e-03
  1.75323e-05  3.50794e-06  5.31705e-03  6.54392e-03
  1.75323e-05  4.20953e-06  5.77687e-03  6.68167e-03
  1.75323e-05  4.91112e-06  6.24728e-03  6.82306e-03
  1.75323e-05  5.61271e-06  6.72842e-03  6.96816e-03
  1.75323e-05  6.31430e-06  7.22039e-03  7.11704e-03
  1.75323e-05  7.01588e-06  7.72332e-03  7.26974e-03
  1.75323e-05  7.71747e-06  8.23733e-03  7.42634e-03
  1.75323e-05  8.41906e-06  8.76252e-03  7.58689e-03
  1.75323e-05  9.12065e-06  9.29902e-03  7.75146e-03
  1.75323e-05  9.82224e-06  9.84695e-03  7.92010e-03
  1.75323e-05  1.05238e-05  1.04064e-02  8.09288e-03
  1.75323e-05  1.12254e-05  1.09776e-02  8.26986e-03
  1.75323e-05  1.19270e-05  1.15605e-02  8.45109e-03
  1.75323e-05  1.26286e-05  1.21553e-02  8.63664e-03
  1.75323e-05  1.33302e-05  1.27621e-02  8.82657e-03
  1.75323e-05  1.40318e-05  1.33810e-02  9.02093e-03
  1.75323e-05  1.47334e-05  1.40123e-02  9.21980e-03
  1.75323e-05  1.54349e-05  1.46558e-02  9.42323e-03
  1.75323e-05  1.61365e-05  1.53119e-02  9.63128e-03
  1.75323e-05  1.68381e-05  1.59805e-02  9.84401e-03
  1.75323e-05  1.75397e-05  1.66619e-02  1.00615e-02

  1.83672e-05  0.00000e+00  3.57411e-03  6.39823e-03
  1.83672e-05  7.01588e-07  3.99981e-03  6.53060e-03
  1.83672e-05  1.40318e-06  4.43573e-03  6.66646e-03
  1.83672e-05  2.10477e-06  4.88199e-03  6.80586e-03
  1.83672e-05  2.80635e-06  5.33870e-03  6.94888e-03
  1.83672e-05  3.50794e-06  5.80598e-03  7.09556e-03
  1.83672e-05  4.20953e-06  6.28395e-03  7.24597e-03
  1.83672e-05  4.91112e-06  6.77273e-03  7.40017e-03
  1.83672e-05  5.61271e-06  7.27243e-03  7.55822e-03
  1.83672e-05  6.31430e-06  7.78317e-03  7.72018e-03
  1.83672e-05  7.01588e-06  8.30508e-03  7.88612e-03
  1.83672e-05  7.71747e-06  8.83826e-03  8.05608e-03
  1.83672e-05  8.41906e-06  9.38283e-03  8.23015e-03
  1.83672e-05  9.12065e-06  9.93892e-03  8.40836e-03
  1.83672e-05  9.82224e-06  1.05066e-02  8.59079e-03
  1.83672e-05  1.05238e-05  1.10861e-02  8.77750e-03
  1.83672e-05  1.12254e-05  1.16774e-02  8.96854e-03
  1.83672e-05  1.19270e-05  1.22808e-02  9.16398e-03
  1.83672e-05  1.26286e-05  1.28962e-02  9.36388e-03
  1.83672e-05  1.33302e-05  1.35238e-02  9.56830e-03
  1.83672e-05  1.40318e-05  1.41638e-02  9.77729e-03
  1.83672e-05  1.47334e-05  1.48162e-02  9.99093e-03
  1.83672e-05  1.54349e-05  1.54812e-02  1.02093e-02
  1.83672e-05  1.61365e-05  1.61589e-02  1.04324e-02
  1.83672e-05  1.68381e-05  1.68494e-02  1.06603e-02
  1.83672e-05  1.75397e-05  1.75528e-02  1.08931e-02

  1.92021e-05  0.00000e+00  3.99808e-03  6.90898e-03
  1.92021e-05  7.01588e-07  4.44107e-03  7.05356e-03
  1.92021e-05  1.40318e-06  4.89447e-03  7.20177e-03
  1.92021e-05  2.10477e-06  5.35842e-03  7.35366e-03
  1.92021e-05  2.80635e-06  5.83302e-03  7.50931e-03
  1.92021e-05  3.50794e-06  6.31840e-03  7.66876e-03
  1.92021e-05  4.20953e-06  6.81468e-03  7.83208e-03
  1.92021e-05  4.91112e-06  7.32196e-03  7.99934e-03
  1.92021e-05  5.61271e-06  7.84038e-03  8.17058e-03
  1.92021e-05  6.31430e-06  8.37004e-03  8.34587e-03
  1.92021e-05  7.01588e-06  8.91106e-03  8.52528e-03
  1.92021e-05  7.71747e-06  9.46357e-03  8.70886e-03
  1.92021e-05  8.41906e-06  1.00277e-02  8.89667e-03
  1.92021e-05  9.12065e-06  1.06035e-02  9.08878e-03
  1.92021e-05  9.82224e-06  1.11912e-02  9.28524e-03
  1.92021e-05  1.05238e-05  1.17908e-02  9.48612e-03
  1.92021e-05  1.12254e-05  1.24025e-02  9.69148e-03
  1.92021e-05  1.19270e-05  1.30263e-02  9.90137e-03
  1.92021e-05  1.26286e-05  1.36625e-02  1.01159e-02
  1.92021e-05  1.33302e-05  1.43111e-02  1.03350e-02
  1.92021e-05  1.40318e-05  1.49723e-02  1.05589e-02
  1.92021e-05  1.47334e-05  1.56461e-02  1.07875e-02
  1.92021e-05  1.54349e-05  1.63326e-02  1.10210e-02
  1.92021e-05  1.61365e-05  1.70321e-02  1.12594e-02
  1.92021e-05  1.68381e-05  1.77446e-02  1.15028e-02
  1.92021e-05  1.75397e-05  1.84702e-02  1.17511e-02

  2.00370e-05  0.00000e+00  4.44481e-03  7.44025e-03
  2.00370e-05  7.01588e-07  4.90523e-03  7.59729e-03
  2.00370e-05  1.40318e-06  5.37626e-03  7.75810e-03
  2.00370e-05  2.10477e-06  5.85805e-03  7.92273e-03
  2.00370e-05  2.80635e-06  6.35070e-03  8.09125e-03
  2.00370e-05  3.50794e-06  6.85432e-03  8.26371e-03
  2.00370e-05  4.20953e-06  7.36905e-03  8.44019e-03
  2.00370e-05  4.91112e-06  7.89499e-03  8.62074e-03
  2.00370e-05  5.61271e-06  8.43227e-03  8.80542e-03
  2.00370e-05  6.31430e-06  8.98099e-03  8.99429e-03
  2.00370e-05  7.01588e-06  9.54129e-03  9.18741e-03
  2.00370e-05  7.71747e-06  1.01133e-02  9.38484e-03
  2.00370e-05  8.41906e-06  1.06971e-02  9.58665e-03
  2.00370e-05  9.12065e-06  1.12928e-02  9.79289e-03
  2.00370e-05  9.82224e-06  1.19005e-02  1.00036e-02
  2.00370e-05  1.05238e-05  1.25204e-02  1.02189e-02
  2.00370e-05  1.12254e-05  1.31526e-02  1.04388e-02
  2.00370e-05  1.19270e-05  1.37972e-02  1.06634e-02
  2.00370e-05  1.26286e-05  1.44543e-02  1.08928e-02
  2.00370e-05  1.33302e-05  1.51240e-02  1.11269e-02
  2.00370e-05  1.40318e-05  1.58064e-02  1.13659e-02
  2.00370e-05  1.47334e-05  1.65018e-02  1.16098e-02
  2.00370e-05  1.54349e-05  1.72101e-02  1.18586e-02
  2.00370e-05  1.61365e-05  1.79315e-02  1.21126e-02
  2.00370e-05  1.68381e-05  1.86661e-02  1.23716e-02
  2.00370e-05  1.75397e-05  1.94140e-02  1.26358e-02

  2.08718e-05  0.00000e+00  4.91431e-03  7.99224e-03
  2.08718e-05  7.01588e-07  5.39230e-03  8.16198e-03
  2.08718e-05  1.40318e-06  5.88112e-03  8.33562e-03
  2.08718e-05  2.10477e-06  6.38089e-03  8.51323e-03
  2.08718e-05  2.80635e-06  6.89173e-03  8.69486e-03
  2.08718e-05  3.50794e-06  7.41375e-03  8.88059e-03
  2.08718e-05  4.20953e-06  7.94707e-03  9.07047e-03
  2.08718e-05  4.91112e-06  8.49182e-03  9.26455e-03
  2.08718e-05  5.61271e-06  9.04810e-03  9.46291e-03
  2.08718e-05  6.31430e-06  9.61605e-03  9.66560e-03
  2.08718e-05  7.01588e-06  1.01958e-02  9.87268e-03
  2.08718e-05  7.71747e-06  1.07874e-02  1.00842e-02
  2.08718e-05  8.41906e-06  1.13910e-02  1.03003e-02
  2.08718e-05  9.12065e-06  1.20067e-02  1.05209e-02
  2.08718e-05  9.82224e-06  1.26347e-02  1.07461e-02
  2.08718e-05  1.05238e-05  1.32751e-02  1.09761e-02
  2.08718e-05  1.12254e-05  1.39279e-02  1.12108e-02
  2.08718e-05  1.19270e-05  1.45933e-02  1.14503e-02
  2.08718e-05  1.26286e-05  1.52714e-02  1.16947e-02
  2.08718e-05  1.33302e-05  1.59624e-02  1.19441e-02
  2.08718e-05  1.40318e-05  1.66663e-02  1.21984e-02
  2.08718e-05  1.47334e-05  1.73833e-02  1.24578e-02
  2.08718e-05  1.54349e-05  1.81135e-02  1.27223e-02
  2.08718e-05  1.61365e-05  1.88570e-02  1.29920e-02
  2.08718e-05  1.68381e-05  1.96139e-02  1.32670e-02
  2.08718e-05  1.75397e-05  2.03843e-02  1.35472e-02

