 -3.00000e-02  0.00000e+00  4.52667e-03  6.87792e-04
 -3.00000e-02  8.34874e-07  5.17974e-03  9.16251e-04
 -3.00000e-02  1.66975e-06  5.85708e-03  1.16258e-03
 -3.00000e-02  2.50462e-06  6.55867e-03  1.42697e-03
 -3.00000e-02  3.33949e-06  7.28452e-03  1.70957e-03
 -3.00000e-02  4.17437e-06  8.03465e-03  2.01058e-03
 -3.00000e-02  5.00924e-06  8.80903e-03  2.33017e-03
 -3.00000e-02  5.84412e-06  9.60769e-03  2.66851e-03
 -3.00000e-02  6.67899e-06  1.04306e-02  3.02578e-03
 -3.00000e-02  7.51386e-06  1.12778e-02  3.40216e-03
 -3.00000e-02  8.34874e-06  1.21493e-02  3.79782e-03
 -3.00000e-02  9.18361e-06  1.30451e-02  4.21293e-03
 -3.00000e-02  1.00185e-05  1.39651e-02  4.64768e-03
 -3.00000e-02  1.08534e-05  1.49095e-02  5.10224e-03
 -3.00000e-02  1.16882e-05  1.58781e-02  5.57678e-03
 -3.00000e-02  1.25231e-05  1.68710e-02  6.07148e-03
 -3.00000e-02  1.33580e-05  1.78882e-02  6.58652e-03
 -3.00000e-02  1.41929e-05  1.89297e-02  7.12207e-03
 -3.00000e-02  1.50277e-05  1.99955e-02  7.67831e-03
 -3.00000e-02  1.58626e-05  2.10856e-02  8.25541e-03
 -3.00000e-02  1.66975e-05  2.22000e-02  8.85355e-03
 -3.00000e-02  1.75323e-05  2.33388e-02  9.47291e-03
 -3.00000e-02  1.83672e-05  2.45018e-02  1.01137e-02
 -3.00000e-02  1.92021e-05  2.56891e-02  1.07760e-02
 -3.00000e-02  2.00370e-05  2.69008e-02  1.14600e-02
 -3.00000e-02  2.08718e-05  2.81367e-02  1.21660e-02

 -2.88000e-02  0.00000e+00  3.63709e-03  6.46593e-04
 -2.88000e-02  8.34874e-07  4.24553e-03  8.69765e-04
 -2.88000e-02  1.66975e-06  4.87829e-03  1.11083e-03
 -2.88000e-02  2.50462e-06  5.53537e-03  1.36997e-03
 -2.88000e-02  3.33949e-06  6.21676e-03  1.64736e-03
 -2.88000e-02  4.17437e-06  6.92248e-03  1.94318e-03
 -2.88000e-02  5.00924e-06  7.65252e-03  2.25759e-03
 -2.88000e-02  5.84412e-06  8.40689e-03  2.59078e-03
 -2.88000e-02  6.67899e-06  9.18559e-03  2.94292e-03
 -2.88000e-02  7.51386e-06  9.98863e-03  3.31419e-03
 -2.88000e-02  8.34874e-06  1.08160e-02  3.70477e-03
 -2.88000e-02  9.18361e-06  1.16677e-02  4.11482e-03
 -2.88000e-02  1.00185e-05  1.25437e-02  4.54453e-03
 -2.88000e-02  1.08534e-05  1.34441e-02  4.99407e-03
 -2.88000e-02  1.16882e-05  1.43689e-02  5.46362e-03
 -2.88000e-02  1.25231e-05  1.53180e-02  5.95335e-03
 -2.88000e-02  1.33580e-05  1.62914e-02  6.46345e-03
 -2.88000e-02  1.41929e-05  1.72892e-02  6.99407e-03
 -2.88000e-02  1.50277e-05  1.83113e-02  7.54541e-03
 -2.88000e-02  1.58626e-05  1.93578e-02  8.11763e-03
 -2.88000e-02  1.66975e-05  2.04287e-02  8.71092e-03
 -2.88000e-02  1.75323e-05  2.15239e-02  9.32545e-03
 -2.88000e-02  1.83672e-05  2.26435e-02  9.96139e-03
 -2.88000e-02  1.92021e-05  2.37875e-02  1.06189e-02
 -2.88000e-02  2.00370e-05  2.49558e-02  1.12982e-02
 -2.88000e-02  2.08718e-05  2.61485e-02  1.19995e-02

 -2.76000e-02  0.00000e+00  2.88319e-03  6.05437e-04
 -2.76000e-02  8.34874e-07  3.44903e-03  8.23557e-04
 -2.76000e-02  1.66975e-06  4.03924e-03  1.05959e-03
 -2.76000e-02  2.50462e-06  4.65382e-03  1.31371e-03
 -2.76000e-02  3.33949e-06  5.29276e-03  1.58610e-03
 -2.76000e-02  4.17437e-06  5.95607e-03  1.87693e-03
 -2.76000e-02  5.00924e-06  6.64375e-03  2.18638e-03
 -2.76000e-02  5.84412e-06  7.35581e-03  2.51462e-03
 -2.76000e-02  6.67899e-06  8.09224e-03  2.86183e-03
 -2.76000e-02  7.51386e-06  8.85306e-03  3.22818e-03
 -2.76000e-02  8.34874e-06  9.63825e-03  3.61386e-03
 -2.76000e-02  9.18361e-06  1.04478e-02  4.01903e-03
 -2.76000e-02  1.00185e-05  1.12818e-02  4.44387e-03
 -2.76000e-02  1.08534e-05  1.21402e-02  4.88856e-03
 -2.76000e-02  1.16882e-05  1.30229e-02  5.35328e-03
 -2.76000e-02  1.25231e-05  1.39301e-02  5.83819e-03
 -2.76000e-02  1.33580e-05  1.48616e-02  6.34348e-03
 -2.76000e-02  1.41929e-05  1.58176e-02  6.86933e-03
 -2.76000e-02  1.50277e-05  1.67979e-02  7.41590e-03
 -2.76000e-02  1.58626e-05  1.78027e-02  7.98337e-03
 -2.76000e-02  1.66975e-05  1.88319e-02  8.57193e-03
 -2.76000e-02  1.75323e-05  1.98854e-02  9.18174e-03
 -2.76000e-02  1.83672e-05  2.09634e-02  9.81298e-03
 -2.76000e-02  1.92021e-05  2.20658e-02  1.04658e-02
 -2.76000e-02  2.00370e-05  2.31927e-02  1.11405e-02
 -2.76000e-02  2.08718e-05  2.43439e-02  1.18370e-02

 -2.64000e-02  0.00000e+00  2.24915e-03  5.64394e-04
 -2.64000e-02  8.34874e-07  2.77432e-03  7.77660e-04
 -2.64000e-02  1.66975e-06  3.32388e-03  1.00885e-03
 -2.64000e-02  2.50462e-06  3.89785e-03  1.25814e-03
 -2.64000e-02  3.33949e-06  4.49622e-03  1.52571e-03
 -2.64000e-02  4.17437e-06  5.11900e-03  1.81173e-03
 -2.64000e-02  5.00924e-06  5.76618e-03  2.11637e-03
 -2.64000e-02  5.84412e-06  6.43778e-03  2.43982e-03
 -2.64000e-02  6.67899e-06  7.13380e-03  2.78225e-03
 -2.64000e-02  7.51386e-06  7.85423e-03  3.14384e-03
 -2.64000e-02  8.34874e-06  8.59908e-03  3.52476e-03
 -2.64000e-02  9.18361e-06  9.36836e-03  3.92518e-03
 -2.64000e-02  1.00185e-05  1.01621e-02  4.34529e-03
 -2.64000e-02  1.08534e-05  1.09802e-02  4.78526e-03
 -2.64000e-02  1.16882e-05  1.18227e-02  5.24526e-03
 -2.64000e-02  1.25231e-05  1.26897e-02  5.72547e-03
 -2.64000e-02  1.33580e-05  1.35812e-02  6.22607e-03
 -2.64000e-02  1.41929e-05  1.44970e-02  6.74723e-03
 -2.64000e-02  1.50277e-05  1.54373e-02  7.28913e-03
 -2.64000e-02  1.58626e-05  1.64021e-02  7.85195e-03
 -2.64000e-02  1.66975e-05  1.73913e-02  8.43585e-03
 -2.64000e-02  1.75323e-05  1.84049e-02  9.04102e-03
 -2.64000e-02  1.83672e-05  1.94430e-02  9.66764e-03
 -2.64000e-02  1.92021e-05  2.05056e-02  1.03159e-02
 -2.64000e-02  2.00370e-05  2.15926e-02  1.09859e-02
 -2.64000e-02  2.08718e-05  2.27040e-02  1.16779e-02

 -2.52000e-02  0.00000e+00  1.72054e-03  5.23566e-04
 -2.52000e-02  8.34874e-07  2.20682e-03  7.32137e-04
 -2.52000e-02  1.66975e-06  2.71753e-03  9.58637e-04
 -2.52000e-02  2.50462e-06  3.25267e-03  1.20324e-03
 -2.52000e-02  3.33949e-06  3.81224e-03  1.46613e-03
 -2.52000e-02  4.17437e-06  4.39624e-03  1.74747e-03
 -2.52000e-02  5.00924e-06  5.00468e-03  2.04745e-03
 -2.52000e-02  5.84412e-06  5.63757e-03  2.36623e-03
 -2.52000e-02  6.67899e-06  6.29489e-03  2.70400e-03
 -2.52000e-02  7.51386e-06  6.97666e-03  3.06093e-03
 -2.52000e-02  8.34874e-06  7.68287e-03  3.43720e-03
 -2.52000e-02  9.18361e-06  8.41354e-03  3.83297e-03
 -2.52000e-02  1.00185e-05  9.16866e-03  4.24844e-03
 -2.52000e-02  1.08534e-05  9.94823e-03  4.68377e-03
 -2.52000e-02  1.16882e-05  1.07523e-02  5.13914e-03
 -2.52000e-02  1.25231e-05  1.15808e-02  5.61473e-03
 -2.52000e-02  1.33580e-05  1.24337e-02  6.11071e-03
 -2.52000e-02  1.41929e-05  1.33111e-02  6.62725e-03
 -2.52000e-02  1.50277e-05  1.42130e-02  7.16454e-03
 -2.52000e-02  1.58626e-05  1.51394e-02  7.72275e-03
 -2.52000e-02  1.66975e-05  1.60902e-02  8.30205e-03
 -2.52000e-02  1.75323e-05  1.70655e-02  8.90262e-03
 -2.52000e-02  1.83672e-05  1.80653e-02  9.52465e-03
 -2.52000e-02  1.92021e-05  1.90896e-02  1.01683e-02
 -2.52000e-02  2.00370e-05  2.01383e-02  1.08337e-02
 -2.52000e-02  2.08718e-05  2.12116e-02  1.15212e-02

 -2.40000e-02  0.00000e+00  1.28421e-03  4.83082e-04
 -2.40000e-02  8.34874e-07  1.73330e-03  6.87082e-04
 -2.40000e-02  1.66975e-06  2.20683e-03  9.09009e-04
 -2.40000e-02  2.50462e-06  2.70480e-03  1.14904e-03
 -2.40000e-02  3.33949e-06  3.22722e-03  1.40735e-03
 -2.40000e-02  4.17437e-06  3.77410e-03  1.68412e-03
 -2.40000e-02  5.00924e-06  4.34543e-03  1.97952e-03
 -2.40000e-02  5.84412e-06  4.94122e-03  2.29373e-03
 -2.40000e-02  6.67899e-06  5.56147e-03  2.62692e-03
 -2.40000e-02  7.51386e-06  6.20618e-03  2.97927e-03
 -2.40000e-02  8.34874e-06  6.87535e-03  3.35095e-03
 -2.40000e-02  9.18361e-06  7.56899e-03  3.74215e-03
 -2.40000e-02  1.00185e-05  8.28711e-03  4.15303e-03
 -2.40000e-02  1.08534e-05  9.02969e-03  4.58378e-03
 -2.40000e-02  1.16882e-05  9.79675e-03  5.03456e-03
 -2.40000e-02  1.25231e-05  1.05883e-02  5.50556e-03
 -2.40000e-02  1.33580e-05  1.14043e-02  5.99696e-03
 -2.40000e-02  1.41929e-05  1.22448e-02  6.50891e-03
 -2.40000e-02  1.50277e-05  1.31098e-02  7.04161e-03
 -2.40000e-02  1.58626e-05  1.39993e-02  7.59523e-03
 -2.40000e-02  1.66975e-05  1.49132e-02  8.16994e-03
 -2.40000e-02  1.75323e-05  1.58517e-02  8.76592e-03
 -2.40000e-02  1.83672e-05  1.68147e-02  9.38335e-03
 -2.40000e-02  1.92021e-05  1.78021e-02  1.00224e-02
 -2.40000e-02  2.00370e-05  1.88141e-02  1.06832e-02
 -2.40000e-02  2.08718e-05  1.98505e-02  1.13661e-02

 -2.28000e-02  0.00000e+00  9.28217e-04  4.43090e-04
 -2.28000e-02  8.34874e-07  1.34168e-03  6.42609e-04
 -2.28000e-02  1.66975e-06  1.77960e-03  8.60050e-04
 -2.28000e-02  2.50462e-06  2.24197e-03  1.09559e-03
 -2.28000e-02  3.33949e-06  2.72879e-03  1.34940e-03
 -2.28000e-02  4.17437e-06  3.24008e-03  1.62166e-03
 -2.28000e-02  5.00924e-06  3.77583e-03  1.91254e-03
 -2.28000e-02  5.84412e-06  4.33604e-03  2.22223e-03
 -2.28000e-02  6.67899e-06  4.92072e-03  2.55089e-03
 -2.28000e-02  7.51386e-06  5.52987e-03  2.89870e-03
 -2.28000e-02  8.34874e-06  6.16350e-03  3.26584e-03
 -2.28000e-02  9.18361e-06  6.82159e-03  3.65249e-03
 -2.28000e-02  1.00185e-05  7.50417e-03  4.05881e-03
 -2.28000e-02  1.08534e-05  8.21122e-03  4.48500e-03
 -2.28000e-02  1.16882e-05  8.94276e-03  4.93121e-03
 -2.28000e-02  1.25231e-05  9.69879e-03  5.39763e-03
 -2.28000e-02  1.33580e-05  1.04793e-02  5.88444e-03
 -2.28000e-02  1.41929e-05  1.12843e-02  6.39180e-03
 -2.28000e-02  1.50277e-05  1.21138e-02  6.91990e-03
 -2.28000e-02  1.58626e-05  1.29678e-02  7.46892e-03
 -2.28000e-02  1.66975e-05  1.38463e-02  8.03901e-03
 -2.28000e-02  1.75323e-05  1.47493e-02  8.63038e-03
 -2.28000e-02  1.83672e-05  1.56768e-02  9.24318e-03
 -2.28000e-02  1.92021e-05  1.66288e-02  9.87759e-03
 -2.28000e-02  2.00370e-05  1.76053e-02  1.05338e-02
 -2.28000e-02  2.08718e-05  1.86063e-02  1.12120e-02

 -2.16000e-02  0.00000e+00  6.41738e-04  4.03756e-04
 -2.16000e-02  8.34874e-07  1.02106e-03  5.98855e-04
 -2.16000e-02  1.66975e-06  1.42482e-03  8.11862e-04
 -2.16000e-02  2.50462e-06  1.85304e-03  1.04295e-03
 -2.16000e-02  3.33949e-06  2.30572e-03  1.29230e-03
 -2.16000e-02  4.17437e-06  2.78285e-03  1.56009e-03
 -2.16000e-02  5.00924e-06  3.28444e-03  1.84649e-03
 -2.16000e-02  5.84412e-06  3.81049e-03  2.15168e-03
 -2.16000e-02  6.67899e-06  4.36101e-03  2.47583e-03
 -2.16000e-02  7.51386e-06  4.93599e-03  2.81912e-03
 -2.16000e-02  8.34874e-06  5.53545e-03  3.18172e-03
 -2.16000e-02  9.18361e-06  6.15938e-03  3.56382e-03
 -2.16000e-02  1.00185e-05  6.80778e-03  3.96558e-03
 -2.16000e-02  1.08534e-05  7.48066e-03  4.38719e-03
 -2.16000e-02  1.16882e-05  8.17802e-03  4.82881e-03
 -2.16000e-02  1.25231e-05  8.89987e-03  5.29063e-03
 -2.16000e-02  1.33580e-05  9.64620e-03  5.77283e-03
 -2.16000e-02  1.41929e-05  1.04170e-02  6.27556e-03
 -2.16000e-02  1.50277e-05  1.12123e-02  6.79902e-03
 -2.16000e-02  1.58626e-05  1.20321e-02  7.34338e-03
 -2.16000e-02  1.66975e-05  1.28764e-02  7.90882e-03
 -2.16000e-02  1.75323e-05  1.37452e-02  8.49550e-03
 -2.16000e-02  1.83672e-05  1.46385e-02  9.10361e-03
 -2.16000e-02  1.92021e-05  1.55563e-02  9.73332e-03
 -2.16000e-02  2.00370e-05  1.64986e-02  1.03848e-02
 -2.16000e-02  2.08718e-05  1.74655e-02  1.10583e-02

 -2.04000e-02  0.00000e+00  4.15010e-04  3.65257e-04
 -2.04000e-02  8.34874e-07  7.61557e-04  5.55966e-04
 -2.04000e-02  1.66975e-06  1.13254e-03  7.64565e-04
 -2.04000e-02  2.50462e-06  1.52796e-03  9.91229e-04
 -2.04000e-02  3.33949e-06  1.94783e-03  1.23613e-03
 -2.04000e-02  4.17437e-06  2.39214e-03  1.49946e-03
 -2.04000e-02  5.00924e-06  2.86090e-03  1.78137e-03
 -2.04000e-02  5.84412e-06  3.35410e-03  2.08206e-03
 -2.04000e-02  6.67899e-06  3.87176e-03  2.40169e-03
 -2.04000e-02  7.51386e-06  4.41388e-03  2.74043e-03
 -2.04000e-02  8.34874e-06  4.98045e-03  3.09848e-03
 -2.04000e-02  9.18361e-06  5.57148e-03  3.47600e-03
 -2.04000e-02  1.00185e-05  6.18698e-03  3.87317e-03
 -2.04000e-02  1.08534e-05  6.82694e-03  4.29016e-03
 -2.04000e-02  1.16882e-05  7.49137e-03  4.72715e-03
 -2.04000e-02  1.25231e-05  8.18027e-03  5.18432e-03
 -2.04000e-02  1.33580e-05  8.89364e-03  5.66184e-03
 -2.04000e-02  1.41929e-05  9.63149e-03  6.15988e-03
 -2.04000e-02  1.50277e-05  1.03938e-02  6.67863e-03
 -2.04000e-02  1.58626e-05  1.11806e-02  7.21826e-03
 -2.04000e-02  1.66975e-05  1.19919e-02  7.77895e-03
 -2.04000e-02  1.75323e-05  1.28277e-02  8.36086e-03
 -2.04000e-02  1.83672e-05  1.36880e-02  8.96419e-03
 -2.04000e-02  1.92021e-05  1.45727e-02  9.58910e-03
 -2.04000e-02  2.00370e-05  1.54820e-02  1.02358e-02
 -2.04000e-02  2.08718e-05  1.64157e-02  1.09044e-02

 -1.92000e-02  0.00000e+00  2.39248e-04  3.27780e-04
 -1.92000e-02  8.34874e-07  5.54303e-04  5.14104e-04
 -1.92000e-02  1.66975e-06  8.93772e-04  7.18293e-04
 -1.92000e-02  2.50462e-06  1.25766e-03  9.40523e-04
 -1.92000e-02  3.33949e-06  1.64597e-03  1.18097e-03
 -1.92000e-02  4.17437e-06  2.05869e-03  1.43981e-03
 -1.92000e-02  5.00924e-06  2.49585e-03  1.71721e-03
 -1.92000e-02  5.84412e-06  2.95743e-03  2.01337e-03
 -1.92000e-02  6.67899e-06  3.44344e-03  2.32844e-03
 -1.92000e-02  7.51386e-06  3.95388e-03  2.66260e-03
 -1.92000e-02  8.34874e-06  4.48876e-03  3.01604e-03
 -1.92000e-02  9.18361e-06  5.04808e-03  3.38893e-03
 -1.92000e-02  1.00185e-05  5.63184e-03  3.78144e-03
 -1.92000e-02  1.08534e-05  6.24004e-03  4.19375e-03
 -1.92000e-02  1.16882e-05  6.87269e-03  4.62603e-03
 -1.92000e-02  1.25231e-05  7.52978e-03  5.07847e-03
 -1.92000e-02  1.33580e-05  8.21133e-03  5.55123e-03
 -1.92000e-02  1.41929e-05  8.91733e-03  6.04449e-03
 -1.92000e-02  1.50277e-05  9.64778e-03  6.55844e-03
 -1.92000e-02  1.58626e-05  1.04027e-02  7.09324e-03
 -1.92000e-02  1.66975e-05  1.11821e-02  7.64907e-03
 -1.92000e-02  1.75323e-05  1.19859e-02  8.22610e-03
 -1.92000e-02  1.83672e-05  1.28142e-02  8.82452e-03
 -1.92000e-02  1.92021e-05  1.36670e-02  9.44450e-03
 -1.92000e-02  2.00370e-05  1.45442e-02  1.00862e-02
 -1.92000e-02  2.08718e-05  1.54460e-02  1.07498e-02

 -1.80000e-02  0.00000e+00  1.06574e-04  2.91513e-04
 -1.80000e-02  8.34874e-07  3.91325e-04  4.73433e-04
 -1.80000e-02  1.66975e-06  7.00459e-04  6.73187e-04
 -1.80000e-02  2.50462e-06  1.03398e-03  8.90951e-04
 -1.80000e-02  3.33949e-06  1.39188e-03  1.12690e-03
 -1.80000e-02  4.17437e-06  1.77418e-03  1.38121e-03
 -1.80000e-02  5.00924e-06  2.18087e-03  1.65406e-03
 -1.80000e-02  5.84412e-06  2.61195e-03  1.94562e-03
 -1.80000e-02  6.67899e-06  3.06743e-03  2.25607e-03
 -1.80000e-02  7.51386e-06  3.54731e-03  2.58559e-03
 -1.80000e-02  8.34874e-06  4.05160e-03  2.93435e-03
 -1.80000e-02  9.18361e-06  4.58029e-03  3.30252e-03
 -1.80000e-02  1.00185e-05  5.13339e-03  3.69029e-03
 -1.80000e-02  1.08534e-05  5.71090e-03  4.09782e-03
 -1.80000e-02  1.16882e-05  6.31282e-03  4.52530e-03
 -1.80000e-02  1.25231e-05  6.93916e-03  4.97291e-03
 -1.80000e-02  1.33580e-05  7.58992e-03  5.44080e-03
 -1.80000e-02  1.41929e-05  8.26510e-03  5.92917e-03
 -1.80000e-02  1.50277e-05  8.96470e-03  6.43819e-03
 -1.80000e-02  1.58626e-05  9.68873e-03  6.96803e-03
 -1.80000e-02  1.66975e-05  1.04372e-02  7.51887e-03
 -1.80000e-02  1.75323e-05  1.12101e-02  8.09089e-03
 -1.80000e-02  1.83672e-05  1.20074e-02  8.68426e-03
 -1.80000e-02  1.92021e-05  1.28292e-02  9.29916e-03
 -1.80000e-02  2.00370e-05  1.36754e-02  9.93576e-03
 -1.80000e-02  2.08718e-05  1.45460e-02  1.05942e-02

 -1.68000e-02  0.00000e+00  9.95370e-06  2.56649e-04
 -1.68000e-02  8.34874e-07  2.65502e-04  4.34123e-04
 -1.68000e-02  1.66975e-06  5.45391e-04  6.29394e-04
 -1.68000e-02  2.50462e-06  8.49622e-04  8.42638e-04
 -1.68000e-02  3.33949e-06  1.17820e-03  1.07403e-03
 -1.68000e-02  4.17437e-06  1.53112e-03  1.32375e-03
 -1.68000e-02  5.00924e-06  1.90840e-03  1.59197e-03
 -1.68000e-02  5.84412e-06  2.31002e-03  1.87886e-03
 -1.68000e-02  6.67899e-06  2.73601e-03  2.18461e-03
 -1.68000e-02  7.51386e-06  3.18635e-03  2.50939e-03
 -1.68000e-02  8.34874e-06  3.66105e-03  2.85337e-03
 -1.68000e-02  9.18361e-06  4.16012e-03  3.21673e-03
 -1.68000e-02  1.00185e-05  4.68355e-03  3.59965e-03
 -1.68000e-02  1.08534e-05  5.23135e-03  4.00230e-03
 -1.68000e-02  1.16882e-05  5.80352e-03  4.42485e-03
 -1.68000e-02  1.25231e-05  6.40007e-03  4.86750e-03
 -1.68000e-02  1.33580e-05  7.02099e-03  5.33040e-03
 -1.68000e-02  1.41929e-05  7.66629e-03  5.81373e-03
 -1.68000e-02  1.50277e-05  8.33597e-03  6.31768e-03
 -1.68000e-02  1.58626e-05  9.03004e-03  6.84242e-03
 -1.68000e-02  1.66975e-05  9.74849e-03  7.38812e-03
 -1.68000e-02  1.75323e-05  1.04913e-02  7.95495e-03
 -1.68000e-02  1.83672e-05  1.12586e-02  8.54311e-03
 -1.68000e-02  1.92021e-05  1.20502e-02  9.15275e-03
 -1.68000e-02  2.00370e-05  1.28662e-02  9.78406e-03
 -1.68000e-02  2.08718e-05  1.37067e-02  1.04372e-02

 -1.56000e-02  0.00000e+00 -5.68735e-05  2.23376e-04
 -1.56000e-02  8.34874e-07  1.70491e-04  3.96341e-04
 -1.56000e-02  1.66975e-06  4.22144e-04  5.87061e-04
 -1.56000e-02  2.50462e-06  6.98087e-04  7.95711e-04
 -1.56000e-02  3.33949e-06  9.98324e-04  1.02247e-03
 -1.56000e-02  4.17437e-06  1.32286e-03  1.26751e-03
 -1.56000e-02  5.00924e-06  1.67169e-03  1.53100e-03
 -1.56000e-02  5.84412e-06  2.04482e-03  1.81314e-03
 -1.56000e-02  6.67899e-06  2.44225e-03  2.11408e-03
 -1.56000e-02  7.51386e-06  2.86399e-03  2.43401e-03
 -1.56000e-02  8.34874e-06  3.31004e-03  2.77309e-03
 -1.56000e-02  9.18361e-06  3.78040e-03  3.13152e-03
 -1.56000e-02  1.00185e-05  4.27507e-03  3.50946e-03
 -1.56000e-02  1.08534e-05  4.79406e-03  3.90709e-03
 -1.56000e-02  1.16882e-05  5.33737e-03  4.32459e-03
 -1.56000e-02  1.25231e-05  5.90500e-03  4.76212e-03
 -1.56000e-02  1.33580e-05  6.49696e-03  5.21988e-03
 -1.56000e-02  1.41929e-05  7.11324e-03  5.69803e-03
 -1.56000e-02  1.50277e-05  7.75385e-03  6.19674e-03
 -1.56000e-02  1.58626e-05  8.41880e-03  6.71620e-03
 -1.56000e-02  1.66975e-05  9.10808e-03  7.25658e-03
 -1.56000e-02  1.75323e-05  9.82169e-03  7.81806e-03
 -1.56000e-02  1.83672e-05  1.05596e-02  8.40081e-03
 -1.56000e-02  1.92021e-05  1.13219e-02  9.00501e-03
 -1.56000e-02  2.00370e-05  1.21086e-02  9.63083e-03
 -1.56000e-02  2.08718e-05  1.29196e-02  1.02785e-02

 -1.44000e-02  0.00000e+00 -9.94520e-05  1.91875e-04
 -1.44000e-02  8.34874e-07  1.00670e-04  3.60252e-04
 -1.44000e-02  1.66975e-06  3.25018e-04  5.46335e-04
 -1.44000e-02  2.50462e-06  5.73594e-04  7.50300e-04
 -1.44000e-02  3.33949e-06  8.46400e-04  9.72324e-04
 -1.44000e-02  4.17437e-06  1.14344e-03  1.21258e-03
 -1.44000e-02  5.00924e-06  1.46472e-03  1.47125e-03
 -1.44000e-02  5.84412e-06  1.81023e-03  1.74850e-03
 -1.44000e-02  6.67899e-06  2.17999e-03  2.04451e-03
 -1.44000e-02  7.51386e-06  2.57399e-03  2.35946e-03
 -1.44000e-02  8.34874e-06  2.99223e-03  2.69353e-03
 -1.44000e-02  9.18361e-06  3.43473e-03  3.04688e-03
 -1.44000e-02  1.00185e-05  3.90148e-03  3.41970e-03
 -1.44000e-02  1.08534e-05  4.39248e-03  3.81216e-03
 -1.44000e-02  1.16882e-05  4.90774e-03  4.22444e-03
 -1.44000e-02  1.25231e-05  5.44726e-03  4.65671e-03
 -1.44000e-02  1.33580e-05  6.01104e-03  5.10914e-03
 -1.44000e-02  1.41929e-05  6.59908e-03  5.58193e-03
 -1.44000e-02  1.50277e-05  7.21139e-03  6.07523e-03
 -1.44000e-02  1.58626e-05  7.84798e-03  6.58923e-03
 -1.44000e-02  1.66975e-05  8.50883e-03  7.12410e-03
 -1.44000e-02  1.75323e-05  9.19396e-03  7.68002e-03
 -1.44000e-02  1.83672e-05  9.90337e-03  8.25716e-03
 -1.44000e-02  1.92021e-05  1.06371e-02  8.85570e-03
 -1.44000e-02  2.00370e-05  1.13950e-02  9.47582e-03
 -1.44000e-02  2.08718e-05  1.21773e-02  1.01177e-02

 -1.32000e-02  0.00000e+00 -1.22672e-04  1.62322e-04
 -1.32000e-02  8.34874e-07  5.10739e-05  3.26015e-04
 -1.32000e-02  1.66975e-06  2.48973e-04  5.07360e-04
 -1.32000e-02  2.50462e-06  4.71028e-04  7.06533e-04
 -1.32000e-02  3.33949e-06  7.17243e-04  9.23709e-04
 -1.32000e-02  4.17437e-06  9.87618e-04  1.15906e-03
 -1.32000e-02  5.00924e-06  1.28216e-03  1.41277e-03
 -1.32000e-02  5.84412e-06  1.60086e-03  1.68502e-03
 -1.32000e-02  6.67899e-06  1.94374e-03  1.97597e-03
 -1.32000e-02  7.51386e-06  2.31079e-03  2.28580e-03
 -1.32000e-02  8.34874e-06  2.70201e-03  2.61469e-03
 -1.32000e-02  9.18361e-06  3.11741e-03  2.96281e-03
 -1.32000e-02  1.00185e-05  3.55698e-03  3.33035e-03
 -1.32000e-02  1.08534e-05  4.02074e-03  3.71747e-03
 -1.32000e-02  1.16882e-05  4.50869e-03  4.12436e-03
 -1.32000e-02  1.25231e-05  5.02082e-03  4.55118e-03
 -1.32000e-02  1.33580e-05  5.55714e-03  4.99812e-03
 -1.32000e-02  1.41929e-05  6.11766e-03  5.46534e-03
 -1.32000e-02  1.50277e-05  6.70237e-03  5.95304e-03
 -1.32000e-02  1.58626e-05  7.31128e-03  6.46137e-03
 -1.32000e-02  1.66975e-05  7.94438e-03  6.99052e-03
 -1.32000e-02  1.75323e-05  8.60170e-03  7.54067e-03
 -1.32000e-02  1.83672e-05  9.28321e-03  8.11199e-03
 -1.32000e-02  1.92021e-05  9.98894e-03  8.70465e-03
 -1.32000e-02  2.00370e-05  1.07189e-02  9.31883e-03
 -1.32000e-02  2.08718e-05  1.14730e-02  9.95471e-03

 -1.20000e-02  0.00000e+00 -1.30824e-04  1.34878e-04
 -1.20000e-02  8.34874e-07  1.73419e-05  2.93779e-04
 -1.20000e-02  1.66975e-06  1.89580e-04  4.70271e-04
 -1.20000e-02  2.50462e-06  3.85891e-04  6.64530e-04
 -1.20000e-02  3.33949e-06  6.06280e-04  8.76732e-04
 -1.20000e-02  4.17437e-06  8.50747e-04  1.10705e-03
 -1.20000e-02  5.00924e-06  1.11930e-03  1.35567e-03
 -1.20000e-02  5.84412e-06  1.41193e-03  1.62276e-03
 -1.20000e-02  6.67899e-06  1.72865e-03  1.90849e-03
 -1.20000e-02  7.51386e-06  2.06946e-03  2.21305e-03
 -1.20000e-02  8.34874e-06  2.43437e-03  2.53660e-03
 -1.20000e-02  9.18361e-06  2.82337e-03  2.87933e-03
 -1.20000e-02  1.00185e-05  3.23646e-03  3.24141e-03
 -1.20000e-02  1.08534e-05  3.67366e-03  3.62301e-03
 -1.20000e-02  1.16882e-05  4.13496e-03  4.02432e-03
 -1.20000e-02  1.25231e-05  4.62036e-03  4.44550e-03
 -1.20000e-02  1.33580e-05  5.12987e-03  4.88674e-03
 -1.20000e-02  1.41929e-05  5.66349e-03  5.34821e-03
 -1.20000e-02  1.50277e-05  6.22123e-03  5.83009e-03
 -1.20000e-02  1.58626e-05  6.80308e-03  6.33254e-03
 -1.20000e-02  1.66975e-05  7.40905e-03  6.85575e-03
 -1.20000e-02  1.75323e-05  8.03914e-03  7.39990e-03
 -1.20000e-02  1.83672e-05  8.69336e-03  7.96515e-03
 -1.20000e-02  1.92021e-05  9.37170e-03  8.55169e-03
 -1.20000e-02  2.00370e-05  1.00742e-02  9.15969e-03
 -1.20000e-02  2.08718e-05  1.08008e-02  9.78933e-03

 -1.08000e-02  0.00000e+00 -1.27657e-04  1.09693e-04
 -1.08000e-02  8.34874e-07 -4.33877e-06  2.63680e-04
 -1.08000e-02  1.66975e-06  1.42959e-04  4.35193e-04
 -1.08000e-02  2.50462e-06  3.14238e-04  6.24407e-04
 -1.08000e-02  3.33949e-06  5.09502e-04  8.31497e-04
 -1.08000e-02  4.17437e-06  7.28754e-04  1.05664e-03
 -1.08000e-02  5.00924e-06  9.71995e-04  1.30001e-03
 -1.08000e-02  5.84412e-06  1.23923e-03  1.56179e-03
 -1.08000e-02  6.67899e-06  1.53046e-03  1.84214e-03
 -1.08000e-02  7.51386e-06  1.84568e-03  2.14126e-03
 -1.08000e-02  8.34874e-06  2.18491e-03  2.45930e-03
 -1.08000e-02  9.18361e-06  2.54814e-03  2.79645e-03
 -1.08000e-02  1.00185e-05  2.93538e-03  3.15289e-03
 -1.08000e-02  1.08534e-05  3.34662e-03  3.52879e-03
 -1.08000e-02  1.16882e-05  3.78188e-03  3.92432e-03
 -1.08000e-02  1.25231e-05  4.24114e-03  4.33966e-03
 -1.08000e-02  1.33580e-05  4.72443e-03  4.77499e-03
 -1.08000e-02  1.41929e-05  5.23173e-03  5.23049e-03
 -1.08000e-02  1.50277e-05  5.76305e-03  5.70632e-03
 -1.08000e-02  1.58626e-05  6.31840e-03  6.20267e-03
 -1.08000e-02  1.66975e-05  6.89777e-03  6.71971e-03
 -1.08000e-02  1.75323e-05  7.50118e-03  7.25761e-03
 -1.08000e-02  1.83672e-05  8.12861e-03  7.81656e-03
 -1.08000e-02  1.92021e-05  8.78008e-03  8.39673e-03
 -1.08000e-02  2.00370e-05  9.45558e-03  8.99829e-03
 -1.08000e-02  2.08718e-05  1.01551e-02  9.62143e-03

 -9.60000e-03  0.00000e+00 -1.16423e-04  8.68986e-05
 -9.60000e-03  8.34874e-07 -1.72837e-05  2.35844e-04
 -9.60000e-03  1.66975e-06  1.05733e-04  4.02242e-04
 -9.60000e-03  2.50462e-06  2.52631e-04  5.86269e-04
 -9.60000e-03  3.33949e-06  4.23411e-04  7.88101e-04
 -9.60000e-03  4.17437e-06  6.18076e-04  1.00791e-03
 -9.60000e-03  5.00924e-06  8.36630e-04  1.24588e-03
 -9.60000e-03  5.84412e-06  1.07907e-03  1.50218e-03
 -9.60000e-03  6.67899e-06  1.34541e-03  1.77699e-03
 -9.60000e-03  7.51386e-06  1.63564e-03  2.07048e-03
 -9.60000e-03  8.34874e-06  1.94978e-03  2.38283e-03
 -9.60000e-03  9.18361e-06  2.28781e-03  2.71422e-03
 -9.60000e-03  1.00185e-05  2.64974e-03  3.06482e-03
 -9.60000e-03  1.08534e-05  3.03559e-03  3.43481e-03
 -9.60000e-03  1.16882e-05  3.44534e-03  3.82436e-03
 -9.60000e-03  1.25231e-05  3.87900e-03  4.23365e-03
 -9.60000e-03  1.33580e-05  4.33657e-03  4.66285e-03
 -9.60000e-03  1.41929e-05  4.81807e-03  5.11215e-03
 -9.60000e-03  1.50277e-05  5.32348e-03  5.58171e-03
 -9.60000e-03  1.58626e-05  5.85281e-03  6.07172e-03
 -9.60000e-03  1.66975e-05  6.40607e-03  6.58234e-03
 -9.60000e-03  1.75323e-05  6.98326e-03  7.11376e-03
 -9.60000e-03  1.83672e-05  7.58437e-03  7.66615e-03
 -9.60000e-03  1.92021e-05  8.20942e-03  8.23968e-03
 -9.60000e-03  2.00370e-05  8.85840e-03  8.83454e-03
 -9.60000e-03  2.08718e-05  9.53132e-03  9.45090e-03

 -8.40000e-03  0.00000e+00 -9.99343e-05  6.66111e-05
 -8.40000e-03  8.34874e-07 -2.43598e-05  2.10378e-04
 -8.40000e-03  1.66975e-06  7.49804e-05  3.71520e-04
 -8.40000e-03  2.50462e-06  1.98089e-04  5.50212e-04
 -8.40000e-03  3.33949e-06  3.44968e-04  7.46630e-04
 -8.40000e-03  4.17437e-06  5.15621e-04  9.60950e-04
 -8.40000e-03  5.00924e-06  7.10050e-04  1.19335e-03
 -8.40000e-03  5.84412e-06  9.28257e-04  1.44400e-03
 -8.40000e-03  6.67899e-06  1.17025e-03  1.71308e-03
 -8.40000e-03  7.51386e-06  1.43602e-03  2.00077e-03
 -8.40000e-03  8.34874e-06  1.72558e-03  2.30724e-03
 -8.40000e-03  9.18361e-06  2.03893e-03  2.63267e-03
 -8.40000e-03  1.00185e-05  2.37606e-03  2.97723e-03
 -8.40000e-03  1.08534e-05  2.73700e-03  3.34110e-03
 -8.40000e-03  1.16882e-05  3.12173e-03  3.72445e-03
 -8.40000e-03  1.25231e-05  3.53026e-03  4.12747e-03
 -8.40000e-03  1.33580e-05  3.96259e-03  4.55032e-03
 -8.40000e-03  1.41929e-05  4.41873e-03  4.99319e-03
 -8.40000e-03  1.50277e-05  4.89867e-03  5.45625e-03
 -8.40000e-03  1.58626e-05  5.40243e-03  5.93966e-03
 -8.40000e-03  1.66975e-05  5.93000e-03  6.44362e-03
 -8.40000e-03  1.75323e-05  6.48138e-03  6.96830e-03
 -8.40000e-03  1.83672e-05  7.05658e-03  7.51387e-03
 -8.40000e-03  1.92021e-05  7.65560e-03  8.08051e-03
 -8.40000e-03  2.00370e-05  8.27844e-03  8.66839e-03
 -8.40000e-03  2.08718e-05  8.92511e-03  9.27769e-03

 -7.20000e-03  0.00000e+00 -8.06008e-05  4.89256e-05
 -7.20000e-03  8.34874e-07 -2.80311e-05  1.87373e-04
 -7.20000e-03  1.66975e-06  4.81824e-05  3.43111e-04
 -7.20000e-03  2.50462e-06  1.48042e-04  5.16315e-04
 -7.20000e-03  3.33949e-06  2.71551e-04  7.07161e-04
 -7.20000e-03  4.17437e-06  4.18712e-04  9.15825e-04
 -7.20000e-03  5.00924e-06  5.89526e-04  1.14248e-03
 -7.20000e-03  5.84412e-06  7.83998e-04  1.38731e-03
 -7.20000e-03  6.67899e-06  1.00213e-03  1.65049e-03
 -7.20000e-03  7.51386e-06  1.24392e-03  1.93218e-03
 -7.20000e-03  8.34874e-06  1.50938e-03  2.23257e-03
 -7.20000e-03  9.18361e-06  1.79850e-03  2.55184e-03
 -7.20000e-03  1.00185e-05  2.11130e-03  2.89016e-03
 -7.20000e-03  1.08534e-05  2.44776e-03  3.24770e-03
 -7.20000e-03  1.16882e-05  2.80791e-03  3.62464e-03
 -7.20000e-03  1.25231e-05  3.19173e-03  4.02116e-03
 -7.20000e-03  1.33580e-05  3.59923e-03  4.43743e-03
 -7.20000e-03  1.41929e-05  4.03041e-03  4.87363e-03
 -7.20000e-03  1.50277e-05  4.48528e-03  5.32994e-03
 -7.20000e-03  1.58626e-05  4.96383e-03  5.80652e-03
 -7.20000e-03  1.66975e-05  5.46608e-03  6.30356e-03
 -7.20000e-03  1.75323e-05  5.99202e-03  6.82124e-03
 -7.20000e-03  1.83672e-05  6.54165e-03  7.35972e-03
 -7.20000e-03  1.92021e-05  7.11499e-03  7.91919e-03
 -7.20000e-03  2.00370e-05  7.71202e-03  8.49981e-03
 -7.20000e-03  2.08718e-05  8.33276e-03  9.10177e-03

 -6.00000e-03  0.00000e+00 -6.04787e-05  3.39163e-05
 -6.00000e-03  8.34874e-07 -3.04020e-05  1.66900e-04
 -6.00000e-03  1.66975e-06  2.31866e-05  3.17085e-04
 -6.00000e-03  2.50462e-06  1.00290e-04  4.84646e-04
 -6.00000e-03  3.33949e-06  2.00910e-04  6.69759e-04
 -6.00000e-03  4.17437e-06  3.25050e-04  8.72599e-04
 -6.00000e-03  5.00924e-06  4.72713e-04  1.09334e-03
 -6.00000e-03  5.84412e-06  6.43901e-04  1.33217e-03
 -6.00000e-03  6.67899e-06  8.38616e-04  1.58925e-03
 -6.00000e-03  7.51386e-06  1.05686e-03  1.86476e-03
 -6.00000e-03  8.34874e-06  1.29864e-03  2.15888e-03
 -6.00000e-03  9.18361e-06  1.56395e-03  2.47178e-03
 -6.00000e-03  1.00185e-05  1.85280e-03  2.80364e-03
 -6.00000e-03  1.08534e-05  2.16520e-03  3.15464e-03
 -6.00000e-03  1.16882e-05  2.50113e-03  3.52495e-03
 -6.00000e-03  1.25231e-05  2.86061e-03  3.91474e-03
 -6.00000e-03  1.33580e-05  3.24364e-03  4.32420e-03
 -6.00000e-03  1.41929e-05  3.65022e-03  4.75350e-03
 -6.00000e-03  1.50277e-05  4.08036e-03  5.20281e-03
 -6.00000e-03  1.58626e-05  4.53405e-03  5.67231e-03
 -6.00000e-03  1.66975e-05  5.01130e-03  6.16218e-03
 -6.00000e-03  1.75323e-05  5.51211e-03  6.67259e-03
 -6.00000e-03  1.83672e-05  6.03648e-03  7.20371e-03
 -6.00000e-03  1.92021e-05  6.58442e-03  7.75574e-03
 -6.00000e-03  2.00370e-05  7.15593e-03  8.32883e-03
 -6.00000e-03  2.08718e-05  7.75102e-03  8.92316e-03

 -4.80000e-03  0.00000e+00 -4.13093e-05  2.16353e-05
 -4.80000e-03  8.34874e-07 -3.32581e-05  1.49012e-04
 -4.80000e-03  1.66975e-06 -1.83661e-06  2.93493e-04
 -4.80000e-03  2.50462e-06  5.29577e-05  4.55255e-04
 -4.80000e-03  3.33949e-06  1.31127e-04  6.34473e-04
 -4.80000e-03  4.17437e-06  2.32675e-04  8.31322e-04
 -4.80000e-03  5.00924e-06  3.57603e-04  1.04598e-03
 -4.80000e-03  5.84412e-06  5.05915e-04  1.27862e-03
 -4.80000e-03  6.67899e-06  6.77612e-04  1.52942e-03
 -4.80000e-03  7.51386e-06  8.72698e-04  1.79856e-03
 -4.80000e-03  8.34874e-06  1.09117e-03  2.08621e-03
 -4.80000e-03  9.18361e-06  1.33305e-03  2.39254e-03
 -4.80000e-03  1.00185e-05  1.59831e-03  2.71774e-03
 -4.80000e-03  1.08534e-05  1.88698e-03  3.06198e-03
 -4.80000e-03  1.16882e-05  2.19904e-03  3.42543e-03
 -4.80000e-03  1.25231e-05  2.53452e-03  3.80827e-03
 -4.80000e-03  1.33580e-05  2.89339e-03  4.21068e-03
 -4.80000e-03  1.41929e-05  3.27568e-03  4.63284e-03
 -4.80000e-03  1.50277e-05  3.68138e-03  5.07491e-03
 -4.80000e-03  1.58626e-05  4.11049e-03  5.53707e-03
 -4.80000e-03  1.66975e-05  4.56302e-03  6.01951e-03
 -4.80000e-03  1.75323e-05  5.03897e-03  6.52239e-03
 -4.80000e-03  1.83672e-05  5.53834e-03  7.04590e-03
 -4.80000e-03  1.92021e-05  6.06114e-03  7.59020e-03
 -4.80000e-03  2.00370e-05  6.60737e-03  8.15548e-03
 -4.80000e-03  2.08718e-05  7.17702e-03  8.74190e-03

 -3.60000e-03  0.00000e+00 -2.45566e-05  1.21111e-05
 -3.60000e-03  8.34874e-07 -3.81032e-05  1.33739e-04
 -3.60000e-03  1.66975e-06 -2.84313e-05  2.72368e-04
 -3.60000e-03  2.50462e-06  4.46169e-06  4.28176e-04
 -3.60000e-03  3.33949e-06  6.05784e-05  6.01339e-04
 -3.60000e-03  4.17437e-06  1.39921e-04  7.92031e-04
 -3.60000e-03  5.00924e-06  2.42493e-04  1.00043e-03
 -3.60000e-03  5.84412e-06  3.68297e-04  1.22671e-03
 -3.60000e-03  6.67899e-06  5.17334e-04  1.47105e-03
 -3.60000e-03  7.51386e-06  6.89608e-04  1.73362e-03
 -3.60000e-03  8.34874e-06  8.85122e-04  2.01460e-03
 -3.60000e-03  9.18361e-06  1.10388e-03  2.31417e-03
 -3.60000e-03  1.00185e-05  1.34588e-03  2.63249e-03
 -3.60000e-03  1.08534e-05  1.61112e-03  2.96976e-03
 -3.60000e-03  1.16882e-05  1.89962e-03  3.32614e-03
 -3.60000e-03  1.25231e-05  2.21137e-03  3.70180e-03
 -3.60000e-03  1.33580e-05  2.54637e-03  4.09694e-03
 -3.60000e-03  1.41929e-05  2.90464e-03  4.51171e-03
 -3.60000e-03  1.50277e-05  3.28616e-03  4.94630e-03
 -3.60000e-03  1.58626e-05  3.69094e-03  5.40088e-03
 -3.60000e-03  1.66975e-05  4.11899e-03  5.87563e-03
 -3.60000e-03  1.75323e-05  4.57031e-03  6.37072e-03
 -3.60000e-03  1.83672e-05  5.04490e-03  6.88634e-03
 -3.60000e-03  1.92021e-05  5.54276e-03  7.42265e-03
 -3.60000e-03  2.00370e-05  6.06390e-03  7.97983e-03
 -3.60000e-03  2.08718e-05  6.60831e-03  8.55806e-03

 -2.40000e-03  0.00000e+00 -1.14426e-05  5.34826e-06
 -2.40000e-03  8.34874e-07 -4.61952e-05  1.21088e-04
 -2.40000e-03  1.66975e-06 -5.78909e-05  2.53722e-04
 -2.40000e-03  2.50462e-06 -4.65272e-05  4.03427e-04
 -2.40000e-03  3.33949e-06 -1.21015e-05  5.70377e-04
 -2.40000e-03  4.17437e-06  4.53888e-05  7.54751e-04
 -2.40000e-03  5.00924e-06  1.25946e-04  9.56722e-04
 -2.40000e-03  5.84412e-06  2.29574e-04  1.17647e-03
 -2.40000e-03  6.67899e-06  3.56274e-04  1.41416e-03
 -2.40000e-03  7.51386e-06  5.06048e-04  1.66998e-03
 -2.40000e-03  8.34874e-06  6.78901e-04  1.94411e-03
 -2.40000e-03  9.18361e-06  8.74834e-04  2.23671e-03
 -2.40000e-03  1.00185e-05  1.09385e-03  2.54796e-03
 -2.40000e-03  1.08534e-05  1.33595e-03  2.87804e-03
 -2.40000e-03  1.16882e-05  1.60114e-03  3.22713e-03
 -2.40000e-03  1.25231e-05  1.88942e-03  3.59540e-03
 -2.40000e-03  1.33580e-05  2.20079e-03  3.98302e-03
 -2.40000e-03  1.41929e-05  2.53526e-03  4.39018e-03
 -2.40000e-03  1.50277e-05  2.89283e-03  4.81705e-03
 -2.40000e-03  1.58626e-05  3.27350e-03  5.26380e-03
 -2.40000e-03  1.66975e-05  3.67727e-03  5.73062e-03
 -2.40000e-03  1.75323e-05  4.10415e-03  6.21766e-03
 -2.40000e-03  1.83672e-05  4.55413e-03  6.72513e-03
 -2.40000e-03  1.92021e-05  5.02723e-03  7.25318e-03
 -2.40000e-03  2.00370e-05  5.52345e-03  7.80199e-03
 -2.40000e-03  2.08718e-05  6.04278e-03  8.37174e-03

 -1.20000e-03  0.00000e+00 -2.97963e-06  1.32635e-06
 -1.20000e-03  8.34874e-07 -5.85778e-05  1.11046e-04
 -1.20000e-03  1.66975e-06 -9.12908e-05  2.37546e-04
 -1.20000e-03  2.50462e-06 -1.01116e-04  3.81003e-04
 -1.20000e-03  3.33949e-06 -8.80507e-05  5.41593e-04
 -1.20000e-03  4.17437e-06 -5.20924e-05  7.19491e-04
 -1.20000e-03  5.00924e-06  6.76142e-06  9.14873e-04
 -1.20000e-03  5.84412e-06  8.85135e-05  1.12792e-03
 -1.20000e-03  6.67899e-06  1.93166e-04  1.35879e-03
 -1.20000e-03  7.51386e-06  3.20723e-04  1.60768e-03
 -1.20000e-03  8.34874e-06  4.71185e-04  1.87476e-03
 -1.20000e-03  9.18361e-06  6.44556e-04  2.16020e-03
 -1.20000e-03  1.00185e-05  8.40838e-04  2.46419e-03
 -1.20000e-03  1.08534e-05  1.06003e-03  2.78688e-03
 -1.20000e-03  1.16882e-05  1.30215e-03  3.12847e-03
 -1.20000e-03  1.25231e-05  1.56718e-03  3.48913e-03
 -1.20000e-03  1.33580e-05  1.85513e-03  3.86903e-03
 -1.20000e-03  1.41929e-05  2.16601e-03  4.26834e-03
 -1.20000e-03  1.50277e-05  2.49981e-03  4.68726e-03
 -1.20000e-03  1.58626e-05  2.85655e-03  5.12594e-03
 -1.20000e-03  1.66975e-05  3.23621e-03  5.58457e-03
 -1.20000e-03  1.75323e-05  3.63881e-03  6.06333e-03
 -1.20000e-03  1.83672e-05  4.06435e-03  6.56238e-03
 -1.20000e-03  1.92021e-05  4.51283e-03  7.08190e-03
 -1.20000e-03  2.00370e-05  4.98425e-03  7.62208e-03
 -1.20000e-03  2.08718e-05  5.47861e-03  8.18308e-03

  0.00000e+00  0.00000e+00  0.00000e+00  0.00000e+00
  0.00000e+00  8.34874e-07 -7.61106e-05  1.03576e-04
  0.00000e+00  1.66975e-06 -1.29518e-04  2.23813e-04
  0.00000e+00  2.50462e-06 -1.60218e-04  3.60886e-04
  0.00000e+00  3.33949e-06 -1.68210e-04  5.14973e-04
  0.00000e+00  4.17437e-06 -1.53491e-04  6.86248e-04
  0.00000e+00  5.00924e-06 -1.16057e-04  8.74888e-04
  0.00000e+00  5.84412e-06 -5.59070e-05  1.08107e-03
  0.00000e+00  6.67899e-06  2.69624e-05  1.30496e-03
  0.00000e+00  7.51386e-06  1.32554e-04  1.54675e-03
  0.00000e+00  8.34874e-06  2.60869e-04  1.80661e-03
  0.00000e+00  9.18361e-06  4.11912e-04  2.08471e-03
  0.00000e+00  1.00185e-05  5.85685e-04  2.38123e-03
  0.00000e+00  1.08534e-05  7.82189e-04  2.69635e-03
  0.00000e+00  1.16882e-05  1.00143e-03  3.03024e-03
  0.00000e+00  1.25231e-05  1.24341e-03  3.38307e-03
  0.00000e+00  1.33580e-05  1.50812e-03  3.75503e-03
  0.00000e+00  1.41929e-05  1.79558e-03  4.14629e-03
  0.00000e+00  1.50277e-05  2.10579e-03  4.55702e-03
  0.00000e+00  1.58626e-05  2.43874e-03  4.98741e-03
  0.00000e+00  1.66975e-05  2.79444e-03  5.43762e-03
  0.00000e+00  1.75323e-05  3.17290e-03  5.90783e-03
  0.00000e+00  1.83672e-05  3.57411e-03  6.39823e-03
  0.00000e+00  1.92021e-05  3.99808e-03  6.90898e-03
  0.00000e+00  2.00370e-05  4.44481e-03  7.44025e-03
  0.00000e+00  2.08718e-05  4.91431e-03  7.99224e-03

  1.20000e-03  0.00000e+00 -3.18301e-06  1.29865e-06
  1.20000e-03  8.34874e-07 -9.94959e-05  9.86173e-05
  1.20000e-03  1.66975e-06 -1.73297e-04  2.12471e-04
  1.20000e-03  2.50462e-06 -2.24583e-04  3.43036e-04
  1.20000e-03  3.33949e-06 -2.53351e-04  4.90489e-04
  1.20000e-03  4.17437e-06 -2.59600e-04  6.55004e-04
  1.20000e-03  5.00924e-06 -2.43327e-04  8.36758e-04
  1.20000e-03  5.84412e-06 -2.04528e-04  1.03593e-03
  1.20000e-03  6.67899e-06 -1.43201e-04  1.25269e-03
  1.20000e-03  7.51386e-06 -5.93445e-05  1.48721e-03
  1.20000e-03  8.34874e-06  4.70452e-05  1.73968e-03
  1.20000e-03  9.18361e-06  1.75970e-04  2.01027e-03
  1.20000e-03  1.00185e-05  3.27434e-04  2.29915e-03
  1.20000e-03  1.08534e-05  5.01438e-04  2.60650e-03
  1.20000e-03  1.16882e-05  6.97985e-04  2.93250e-03
  1.20000e-03  1.25231e-05  9.17079e-04  3.27732e-03
  1.20000e-03  1.33580e-05  1.15872e-03  3.64114e-03
  1.20000e-03  1.41929e-05  1.42291e-03  4.02413e-03
  1.20000e-03  1.50277e-05  1.70966e-03  4.42647e-03
  1.20000e-03  1.58626e-05  2.01896e-03  4.84833e-03
  1.20000e-03  1.66975e-05  2.35083e-03  5.28990e-03
  1.20000e-03  1.75323e-05  2.70525e-03  5.75134e-03
  1.20000e-03  1.83672e-05  3.08224e-03  6.23284e-03
  1.20000e-03  1.92021e-05  3.48179e-03  6.73457e-03
  1.20000e-03  2.00370e-05  3.90392e-03  7.25670e-03
  1.20000e-03  2.08718e-05  4.34861e-03  7.79941e-03

  2.40000e-03  0.00000e+00 -1.30792e-05  5.12671e-06
  2.40000e-03  8.34874e-07 -1.29303e-04  9.60875e-05
  2.40000e-03  1.66975e-06 -2.23216e-04  2.03452e-04
  2.40000e-03  2.50462e-06 -2.94816e-04  3.27396e-04
  2.40000e-03  3.33949e-06 -3.44099e-04  4.68096e-04
  2.40000e-03  4.17437e-06 -3.71065e-04  6.25727e-04
  2.40000e-03  5.00924e-06 -3.75709e-04  8.00466e-04
  2.40000e-03  5.84412e-06 -3.58030e-04  9.92487e-04
  2.40000e-03  6.67899e-06 -3.18025e-04  1.20197e-03
  2.40000e-03  7.51386e-06 -2.55691e-04  1.42908e-03
  2.40000e-03  8.34874e-06 -1.71025e-04  1.67401e-03
  2.40000e-03  9.18361e-06 -6.40254e-05  1.93692e-03
  2.40000e-03  1.00185e-05  6.53109e-05  2.21800e-03
  2.40000e-03  1.08534e-05  2.16986e-04  2.51741e-03
  2.40000e-03  1.16882e-05  3.91004e-04  2.83534e-03
  2.40000e-03  1.25231e-05  5.87366e-04  3.17196e-03
  2.40000e-03  1.33580e-05  8.06075e-04  3.52745e-03
  2.40000e-03  1.41929e-05  1.04713e-03  3.90197e-03
  2.40000e-03  1.50277e-05  1.31054e-03  4.29572e-03
  2.40000e-03  1.58626e-05  1.59631e-03  4.70886e-03
  2.40000e-03  1.66975e-05  1.90443e-03  5.14157e-03
  2.40000e-03  1.75323e-05  2.23492e-03  5.59402e-03
  2.40000e-03  1.83672e-05  2.58776e-03  6.06640e-03
  2.40000e-03  1.92021e-05  2.96297e-03  6.55887e-03
  2.40000e-03  2.00370e-05  3.36055e-03  7.07161e-03
  2.40000e-03  2.08718e-05  3.78050e-03  7.60481e-03

  3.60000e-03  0.00000e+00 -3.01317e-05  1.13640e-05
  3.60000e-03  8.34874e-07 -1.65989e-04  9.58812e-05
  3.60000e-03  1.66975e-06 -2.79747e-04  1.96665e-04
  3.60000e-03  2.50462e-06 -3.71404e-04  3.13890e-04
  3.60000e-03  3.33949e-06 -4.40956e-04  4.47734e-04
  3.60000e-03  4.17437e-06 -4.88401e-04  5.98371e-04
  3.60000e-03  5.00924e-06 -5.13736e-04  7.65978e-04
  3.60000e-03  5.84412e-06 -5.16959e-04  9.50731e-04
  3.60000e-03  6.67899e-06 -4.98068e-04  1.15280e-03
  3.60000e-03  7.51386e-06 -4.57059e-04  1.37238e-03
  3.60000e-03  8.34874e-06 -3.93929e-04  1.60962e-03
  3.60000e-03  9.18361e-06 -3.08678e-04  1.86472e-03
  3.60000e-03  1.00185e-05 -2.01301e-04  2.13783e-03
  3.60000e-03  1.08534e-05 -7.17963e-05  2.42916e-03
  3.60000e-03  1.16882e-05  7.98387e-05  2.73885e-03
  3.60000e-03  1.25231e-05  2.53607e-04  3.06710e-03
  3.60000e-03  1.33580e-05  4.49511e-04  3.41408e-03
  3.60000e-03  1.41929e-05  6.67553e-04  3.77996e-03
  3.60000e-03  1.50277e-05  9.07735e-04  4.16493e-03
  3.60000e-03  1.58626e-05  1.17006e-03  4.56915e-03
  3.60000e-03  1.66975e-05  1.45453e-03  4.99280e-03
  3.60000e-03  1.75323e-05  1.76115e-03  5.43606e-03
  3.60000e-03  1.83672e-05  2.08993e-03  5.89910e-03
  3.60000e-03  1.92021e-05  2.44085e-03  6.38211e-03
  3.60000e-03  2.00370e-05  2.81394e-03  6.88524e-03
  3.60000e-03  2.08718e-05  3.20918e-03  7.40870e-03

  4.80000e-03  0.00000e+00 -5.46953e-05  1.98661e-05
  4.80000e-03  8.34874e-07 -2.09920e-04  9.78709e-05
  4.80000e-03  1.66975e-06 -3.43266e-04  1.91998e-04
  4.80000e-03  2.50462e-06 -4.54732e-04  3.02425e-04
  4.80000e-03  3.33949e-06 -5.44315e-04  4.29325e-04
  4.80000e-03  4.17437e-06 -6.12013e-04  5.72876e-04
  4.80000e-03  5.00924e-06 -6.57822e-04  7.33254e-04
  4.80000e-03  5.84412e-06 -6.81740e-04  9.10633e-04
  4.80000e-03  6.67899e-06 -6.83765e-04  1.10519e-03
  4.80000e-03  7.51386e-06 -6.63894e-04  1.31710e-03
  4.80000e-03  8.34874e-06 -6.22125e-04  1.54654e-03
  4.80000e-03  9.18361e-06 -5.58454e-04  1.79369e-03
  4.80000e-03  1.00185e-05 -4.72879e-04  2.05872e-03
  4.80000e-03  1.08534e-05 -3.65398e-04  2.34181e-03
  4.80000e-03  1.16882e-05 -2.36008e-04  2.64312e-03
  4.80000e-03  1.25231e-05 -8.47061e-05  2.96285e-03
  4.80000e-03  1.33580e-05  8.85100e-05  3.30117e-03
  4.80000e-03  1.41929e-05  2.83643e-04  3.65824e-03
  4.80000e-03  1.50277e-05  5.00695e-04  4.03425e-03
  4.80000e-03  1.58626e-05  7.39670e-04  4.42938e-03
  4.80000e-03  1.66975e-05  1.00057e-03  4.84379e-03
  4.80000e-03  1.75323e-05  1.28339e-03  5.27767e-03
  4.80000e-03  1.83672e-05  1.58815e-03  5.73119e-03
  4.80000e-03  1.92021e-05  1.91484e-03  6.20452e-03
  4.80000e-03  2.00370e-05  2.26346e-03  6.69785e-03
  4.80000e-03  2.08718e-05  2.63402e-03  7.21135e-03

  6.00000e-03  0.00000e+00 -8.70528e-05  3.04657e-05
  6.00000e-03  8.34874e-07 -2.61383e-04  1.01909e-04
  6.00000e-03  1.66975e-06 -4.14067e-04  1.89325e-04
  6.00000e-03  2.50462e-06 -5.45102e-04  2.92890e-04
  6.00000e-03  3.33949e-06 -6.54485e-04  4.12781e-04
  6.00000e-03  4.17437e-06 -7.42214e-04  5.49172e-04
  6.00000e-03  5.00924e-06 -8.08286e-04  7.02240e-04
  6.00000e-03  5.84412e-06 -8.52698e-04  8.72162e-04
  6.00000e-03  6.67899e-06 -8.75449e-04  1.05911e-03
  6.00000e-03  7.51386e-06 -8.76534e-04  1.26327e-03
  6.00000e-03  8.34874e-06 -8.55953e-04  1.48480e-03
  6.00000e-03  9.18361e-06 -8.13701e-04  1.72389e-03
  6.00000e-03  1.00185e-05 -7.49778e-04  1.98071e-03
  6.00000e-03  1.08534e-05 -6.64179e-04  2.25545e-03
  6.00000e-03  1.16882e-05 -5.56902e-04  2.54826e-03
  6.00000e-03  1.25231e-05 -4.27945e-04  2.85934e-03
  6.00000e-03  1.33580e-05 -2.77305e-04  3.18885e-03
  6.00000e-03  1.41929e-05 -1.04979e-04  3.53697e-03
  6.00000e-03  1.50277e-05  8.90342e-05  3.90388e-03
  6.00000e-03  1.58626e-05  3.04738e-04  4.28975e-03
  6.00000e-03  1.66975e-05  5.42136e-04  4.69477e-03
  6.00000e-03  1.75323e-05  8.01230e-04  5.11909e-03
  6.00000e-03  1.83672e-05  1.08202e-03  5.56291e-03
  6.00000e-03  1.92021e-05  1.38451e-03  6.02640e-03
  6.00000e-03  2.00370e-05  1.70871e-03  6.50973e-03
  6.00000e-03  2.08718e-05  2.05461e-03  7.01307e-03

  7.20000e-03  0.00000e+00 -1.27428e-04  4.29732e-05
  7.20000e-03  8.34874e-07 -3.20605e-04  1.07826e-04
  7.20000e-03  1.66975e-06 -4.92377e-04  1.88497e-04
  7.20000e-03  2.50462e-06 -6.42741e-04  2.85161e-04
  7.20000e-03  3.33949e-06 -7.71695e-04  3.97996e-04
  7.20000e-03  4.17437e-06 -8.79236e-04  5.27176e-04
  7.20000e-03  5.00924e-06 -9.65361e-04  6.72877e-04
  7.20000e-03  5.84412e-06 -1.03007e-03  8.35276e-04
  7.20000e-03  6.67899e-06 -1.07335e-03  1.01455e-03
  7.20000e-03  7.51386e-06 -1.09522e-03  1.21087e-03
  7.20000e-03  8.34874e-06 -1.09565e-03  1.42442e-03
  7.20000e-03  9.18361e-06 -1.07466e-03  1.65536e-03
  7.20000e-03  1.00185e-05 -1.03224e-03  1.90389e-03
  7.20000e-03  1.08534e-05 -9.68384e-04  2.17017e-03
  7.20000e-03  1.16882e-05 -8.83090e-04  2.45437e-03
  7.20000e-03  1.25231e-05 -7.76358e-04  2.75668e-03
  7.20000e-03  1.33580e-05 -6.48185e-04  3.07727e-03
  7.20000e-03  1.41929e-05 -4.98567e-04  3.41632e-03
  7.20000e-03  1.50277e-05 -3.27502e-04  3.77400e-03
  7.20000e-03  1.58626e-05 -1.34988e-04  4.15049e-03
  7.20000e-03  1.66975e-05  7.89784e-05  4.54596e-03
  7.20000e-03  1.75323e-05  3.14399e-04  4.96059e-03
  7.20000e-03  1.83672e-05  5.71277e-04  5.39455e-03
  7.20000e-03  1.92021e-05  8.49615e-04  5.84803e-03
  7.20000e-03  2.00370e-05  1.14942e-03  6.32120e-03
  7.20000e-03  2.08718e-05  1.47068e-03  6.81423e-03

  8.40000e-03  0.00000e+00 -1.75996e-04  5.71782e-05
  8.40000e-03  8.34874e-07 -3.87758e-04  1.15436e-04
  8.40000e-03  1.66975e-06 -5.78366e-04  1.89351e-04
  8.40000e-03  2.50462e-06 -7.47818e-04  2.79098e-04
  8.40000e-03  3.33949e-06 -8.96111e-04  3.84854e-04
  8.40000e-03  4.17437e-06 -1.02324e-03  5.06794e-04
  8.40000e-03  5.00924e-06 -1.12921e-03  6.45095e-04
  8.40000e-03  5.84412e-06 -1.21401e-03  7.99931e-04
  8.40000e-03  6.67899e-06 -1.27764e-03  9.71480e-04
  8.40000e-03  7.51386e-06 -1.32010e-03  1.15992e-03
  8.40000e-03  8.34874e-06 -1.34138e-03  1.36542e-03
  8.40000e-03  9.18361e-06 -1.34149e-03  1.58816e-03
  8.40000e-03  1.00185e-05 -1.32041e-03  1.82831e-03
  8.40000e-03  1.08534e-05 -1.27816e-03  2.08606e-03
  8.40000e-03  1.16882e-05 -1.21471e-03  2.36157e-03
  8.40000e-03  1.25231e-05 -1.13008e-03  2.65503e-03
  8.40000e-03  1.33580e-05 -1.02426e-03  2.96661e-03
  8.40000e-03  1.41929e-05 -8.97251e-04  3.29648e-03
  8.40000e-03  1.50277e-05 -7.49043e-04  3.64482e-03
  8.40000e-03  1.58626e-05 -5.79636e-04  4.01181e-03
  8.40000e-03  1.66975e-05 -3.89029e-04  4.39763e-03
  8.40000e-03  1.75323e-05 -1.77218e-04  4.80244e-03
  8.40000e-03  1.83672e-05  5.57990e-05  5.22642e-03
  8.40000e-03  1.92021e-05  3.10024e-04  5.66976e-03
  8.40000e-03  2.00370e-05  5.85461e-04  6.13262e-03
  8.40000e-03  2.08718e-05  8.82112e-04  6.61518e-03

  9.60000e-03  0.00000e+00 -2.32892e-04  7.28509e-05
  9.60000e-03  8.34874e-07 -4.62971e-04  1.24535e-04
  9.60000e-03  1.66975e-06 -6.72157e-04  1.91709e-04
  9.60000e-03  2.50462e-06 -8.60448e-04  2.74549e-04
  9.60000e-03  3.33949e-06 -1.02784e-03  3.73230e-04
  9.60000e-03  4.17437e-06 -1.17433e-03  4.87927e-04
  9.60000e-03  5.00924e-06 -1.29992e-03  6.18818e-04
  9.60000e-03  5.84412e-06 -1.40461e-03  7.66078e-04
  9.60000e-03  6.67899e-06 -1.48838e-03  9.29883e-04
  9.60000e-03  7.51386e-06 -1.55125e-03  1.11041e-03
  9.60000e-03  8.34874e-06 -1.59320e-03  1.30783e-03
  9.60000e-03  9.18361e-06 -1.61423e-03  1.52232e-03
  9.60000e-03  1.00185e-05 -1.61435e-03  1.75407e-03
  9.60000e-03  1.08534e-05 -1.59354e-03  2.00323e-03
  9.60000e-03  1.16882e-05 -1.55181e-03  2.27000e-03
  9.60000e-03  1.25231e-05 -1.48916e-03  2.55454e-03
  9.60000e-03  1.33580e-05 -1.40557e-03  2.85704e-03
  9.60000e-03  1.41929e-05 -1.30105e-03  3.17766e-03
  9.60000e-03  1.50277e-05 -1.17560e-03  3.51659e-03
  9.60000e-03  1.58626e-05 -1.02921e-03  3.87400e-03
  9.60000e-03  1.66975e-05 -8.61884e-04  4.25006e-03
  9.60000e-03  1.75323e-05 -6.73614e-04  4.64495e-03
  9.60000e-03  1.83672e-05 -4.64399e-04  5.05885e-03
  9.60000e-03  1.92021e-05 -2.34236e-04  5.49193e-03
  9.60000e-03  2.00370e-05  1.68761e-05  5.94438e-03
  9.60000e-03  2.08718e-05  2.88941e-04  6.41635e-03

  1.08000e-02  0.00000e+00 -2.98218e-04  8.97443e-05
  1.08000e-02  8.34874e-07 -5.46334e-04  1.34904e-04
  1.08000e-02  1.66975e-06 -7.73828e-04  1.95381e-04
  1.08000e-02  2.50462e-06 -9.80699e-04  2.71350e-04
  1.08000e-02  3.33949e-06 -1.16694e-03  3.62986e-04
  1.08000e-02  4.17437e-06 -1.33256e-03  4.70467e-04
  1.08000e-02  5.00924e-06 -1.47754e-03  5.93968e-04
  1.08000e-02  5.84412e-06 -1.60189e-03  7.33665e-04
  1.08000e-02  6.67899e-06 -1.70560e-03  8.89733e-04
  1.08000e-02  7.51386e-06 -1.78867e-03  1.06235e-03
  1.08000e-02  8.34874e-06 -1.85109e-03  1.25169e-03
  1.08000e-02  9.18361e-06 -1.89288e-03  1.45793e-03
  1.08000e-02  1.00185e-05 -1.91401e-03  1.68124e-03
  1.08000e-02  1.08534e-05 -1.91450e-03  1.92181e-03
  1.08000e-02  1.16882e-05 -1.89433e-03  2.17980e-03
  1.08000e-02  1.25231e-05 -1.85351e-03  2.45539e-03
  1.08000e-02  1.33580e-05 -1.79203e-03  2.74877e-03
  1.08000e-02  1.41929e-05 -1.70988e-03  3.06009e-03
  1.08000e-02  1.50277e-05 -1.60708e-03  3.38955e-03
  1.08000e-02  1.58626e-05 -1.48361e-03  3.73732e-03
  1.08000e-02  1.66975e-05 -1.33947e-03  4.10357e-03
  1.08000e-02  1.75323e-05 -1.17466e-03  4.48847e-03
  1.08000e-02  1.83672e-05 -9.89174e-04  4.89221e-03
  1.08000e-02  1.92021e-05 -7.83014e-04  5.31496e-03
  1.08000e-02  2.00370e-05 -5.56174e-04  5.75690e-03
  1.08000e-02  2.08718e-05 -3.08654e-04  6.21819e-03

  1.20000e-02  0.00000e+00 -3.72041e-04  1.07596e-04
  1.20000e-02  8.34874e-07 -6.37900e-04  1.46310e-04
  1.20000e-02  1.66975e-06 -8.83417e-04  2.00163e-04
  1.20000e-02  2.50462e-06 -1.10859e-03  2.69328e-04
  1.20000e-02  3.33949e-06 -1.31342e-03  3.53982e-04
  1.20000e-02  4.17437e-06 -1.49790e-03  4.54302e-04
  1.20000e-02  5.00924e-06 -1.66203e-03  5.70462e-04
  1.20000e-02  5.84412e-06 -1.80581e-03  7.02639e-04
  1.20000e-02  6.67899e-06 -1.92923e-03  8.51008e-04
  1.20000e-02  7.51386e-06 -2.03229e-03  1.01575e-03
  1.20000e-02  8.34874e-06 -2.11499e-03  1.19703e-03
  1.20000e-02  9.18361e-06 -2.17732e-03  1.39503e-03
  1.20000e-02  1.00185e-05 -2.21929e-03  1.60993e-03
  1.20000e-02  1.08534e-05 -2.24089e-03  1.84190e-03
  1.20000e-02  1.16882e-05 -2.24212e-03  2.09112e-03
  1.20000e-02  1.25231e-05 -2.22298e-03  2.35776e-03
  1.20000e-02  1.33580e-05 -2.18345e-03  2.64200e-03
  1.20000e-02  1.41929e-05 -2.12355e-03  2.94402e-03
  1.20000e-02  1.50277e-05 -2.04327e-03  3.26399e-03
  1.20000e-02  1.58626e-05 -1.94260e-03  3.60209e-03
  1.20000e-02  1.66975e-05 -1.82154e-03  3.95849e-03
  1.20000e-02  1.75323e-05 -1.68010e-03  4.33337e-03
  1.20000e-02  1.83672e-05 -1.51826e-03  4.72690e-03
  1.20000e-02  1.92021e-05 -1.33602e-03  5.13927e-03
  1.20000e-02  2.00370e-05 -1.13339e-03  5.57064e-03
  1.20000e-02  2.08718e-05 -9.10360e-04  6.02119e-03

  1.32000e-02  0.00000e+00 -4.54399e-04  1.26129e-04
  1.32000e-02  8.34874e-07 -7.37685e-04  1.58510e-04
  1.32000e-02  1.66975e-06 -1.00092e-03  2.05844e-04
  1.32000e-02  2.50462e-06 -1.24411e-03  2.68305e-04
  1.32000e-02  3.33949e-06 -1.46724e-03  3.46071e-04
  1.32000e-02  4.17437e-06 -1.67031e-03  4.39317e-04
  1.32000e-02  5.00924e-06 -1.85332e-03  5.48218e-04
  1.32000e-02  5.84412e-06 -2.01627e-03  6.72951e-04
  1.32000e-02  6.67899e-06 -2.15916e-03  8.13692e-04
  1.32000e-02  7.51386e-06 -2.28197e-03  9.70616e-04
  1.32000e-02  8.34874e-06 -2.38472e-03  1.14390e-03
  1.32000e-02  9.18361e-06 -2.46739e-03  1.33372e-03
  1.32000e-02  1.00185e-05 -2.52999e-03  1.54025e-03
  1.32000e-02  1.08534e-05 -2.57251e-03  1.76367e-03
  1.32000e-02  1.16882e-05 -2.59495e-03  2.00415e-03
  1.32000e-02  1.25231e-05 -2.59731e-03  2.26186e-03
  1.32000e-02  1.33580e-05 -2.57958e-03  2.53700e-03
  1.32000e-02  1.41929e-05 -2.54176e-03  2.82972e-03
  1.32000e-02  1.50277e-05 -2.48385e-03  3.14021e-03
  1.32000e-02  1.58626e-05 -2.40585e-03  3.46864e-03
  1.32000e-02  1.66975e-05 -2.30775e-03  3.81520e-03
  1.32000e-02  1.75323e-05 -2.18955e-03  4.18004e-03
  1.32000e-02  1.83672e-05 -2.05126e-03  4.56336e-03
  1.32000e-02  1.92021e-05 -1.89285e-03  4.96532e-03
  1.32000e-02  2.00370e-05 -1.71434e-03  5.38610e-03
  1.32000e-02  2.08718e-05 -1.51572e-03  5.82588e-03

  1.44000e-02  0.00000e+00 -5.45293e-04  1.45058e-04
  1.44000e-02  8.34874e-07 -8.45668e-04  1.71251e-04
  1.44000e-02  1.66975e-06 -1.12629e-03  2.12206e-04
  1.44000e-02  2.50462e-06 -1.38717e-03  2.68098e-04
  1.44000e-02  3.33949e-06 -1.62829e-03  3.39103e-04
  1.44000e-02  4.17437e-06 -1.84966e-03  4.25397e-04
  1.44000e-02  5.00924e-06 -2.05126e-03  5.27156e-04
  1.44000e-02  5.84412e-06 -2.23311e-03  6.44556e-04
  1.44000e-02  6.67899e-06 -2.39519e-03  7.77773e-04
  1.44000e-02  7.51386e-06 -2.53751e-03  9.26982e-04
  1.44000e-02  8.34874e-06 -2.66005e-03  1.09236e-03
  1.44000e-02  9.18361e-06 -2.76282e-03  1.27408e-03
  1.44000e-02  1.00185e-05 -2.84582e-03  1.47232e-03
  1.44000e-02  1.08534e-05 -2.90905e-03  1.68726e-03
  1.44000e-02  1.16882e-05 -2.95249e-03  1.91907e-03
  1.44000e-02  1.25231e-05 -2.97615e-03  2.16793e-03
  1.44000e-02  1.33580e-05 -2.98002e-03  2.43401e-03
  1.44000e-02  1.41929e-05 -2.96411e-03  2.71749e-03
  1.44000e-02  1.50277e-05 -2.92841e-03  3.01855e-03
  1.44000e-02  1.58626e-05 -2.87291e-03  3.33736e-03
  1.44000e-02  1.66975e-05 -2.79762e-03  3.67409e-03
  1.44000e-02  1.75323e-05 -2.70253e-03  4.02893e-03
  1.44000e-02  1.83672e-05 -2.58764e-03  4.40205e-03
  1.44000e-02  1.92021e-05 -2.45295e-03  4.79362e-03
  1.44000e-02  2.00370e-05 -2.29845e-03  5.20382e-03
  1.44000e-02  2.08718e-05 -2.12415e-03  5.63283e-03

  1.56000e-02  0.00000e+00 -6.44683e-04  1.64087e-04
  1.56000e-02  8.34874e-07 -9.61781e-04  1.84275e-04
  1.56000e-02  1.66975e-06 -1.25944e-03  2.19028e-04
  1.56000e-02  2.50462e-06 -1.53766e-03  2.68522e-04
  1.56000e-02  3.33949e-06 -1.79644e-03  3.32931e-04
  1.56000e-02  4.17437e-06 -2.03577e-03  4.12433e-04
  1.56000e-02  5.00924e-06 -2.25566e-03  5.07202e-04
  1.56000e-02  5.84412e-06 -2.45609e-03  6.17416e-04
  1.56000e-02  6.67899e-06 -2.63707e-03  7.43249e-04
  1.56000e-02  7.51386e-06 -2.79860e-03  8.84878e-04
  1.56000e-02  8.34874e-06 -2.94066e-03  1.04248e-03
  1.56000e-02  9.18361e-06 -3.06327e-03  1.21623e-03
  1.56000e-02  1.00185e-05 -3.16641e-03  1.40630e-03
  1.56000e-02  1.08534e-05 -3.25009e-03  1.61287e-03
  1.56000e-02  1.16882e-05 -3.31429e-03  1.83611e-03
  1.56000e-02  1.25231e-05 -3.35903e-03  2.07621e-03
  1.56000e-02  1.33580e-05 -3.38429e-03  2.33333e-03
  1.56000e-02  1.41929e-05 -3.39008e-03  2.60766e-03
  1.56000e-02  1.50277e-05 -3.37639e-03  2.89936e-03
  1.56000e-02  1.58626e-05 -3.34321e-03  3.20862e-03
  1.56000e-02  1.66975e-05 -3.29055e-03  3.53561e-03
  1.56000e-02  1.75323e-05 -3.21840e-03  3.88051e-03
  1.56000e-02  1.83672e-05 -3.12677e-03  4.24349e-03
  1.56000e-02  1.92021e-05 -3.01564e-03  4.62472e-03
  1.56000e-02  2.00370e-05 -2.88502e-03  5.02439e-03
  1.56000e-02  2.08718e-05 -2.73490e-03  5.44267e-03

  1.68000e-02  0.00000e+00 -7.52482e-04  1.82917e-04
  1.68000e-02  8.34874e-07 -1.08590e-03  1.97322e-04
  1.68000e-02  1.66975e-06 -1.40021e-03  2.26088e-04
  1.68000e-02  2.50462e-06 -1.69540e-03  2.69392e-04
  1.68000e-02  3.33949e-06 -1.97146e-03  3.27410e-04
  1.68000e-02  4.17437e-06 -2.22840e-03  4.00317e-04
  1.68000e-02  5.00924e-06 -2.46621e-03  4.88289e-04
  1.68000e-02  5.84412e-06 -2.68490e-03  5.91502e-04
  1.68000e-02  6.67899e-06 -2.88445e-03  7.10132e-04
  1.68000e-02  7.51386e-06 -3.06486e-03  8.44354e-04
  1.68000e-02  8.34874e-06 -3.22614e-03  9.94346e-04
  1.68000e-02  9.18361e-06 -3.36828e-03  1.16028e-03
  1.68000e-02  1.00185e-05 -3.49128e-03  1.34234e-03
  1.68000e-02  1.08534e-05 -3.59513e-03  1.54069e-03
  1.68000e-02  1.16882e-05 -3.67983e-03  1.75552e-03
  1.68000e-02  1.25231e-05 -3.74539e-03  1.98699e-03
  1.68000e-02  1.33580e-05 -3.79179e-03  2.23529e-03
  1.68000e-02  1.41929e-05 -3.81903e-03  2.50058e-03
  1.68000e-02  1.50277e-05 -3.82712e-03  2.78306e-03
  1.68000e-02  1.58626e-05 -3.81604e-03  3.08288e-03
  1.68000e-02  1.66975e-05 -3.78580e-03  3.40024e-03
  1.68000e-02  1.75323e-05 -3.73640e-03  3.73529e-03
  1.68000e-02  1.83672e-05 -3.66783e-03  4.08823e-03
  1.68000e-02  1.92021e-05 -3.58008e-03  4.45922e-03
  1.68000e-02  2.00370e-05 -3.47317e-03  4.84844e-03
  1.68000e-02  2.08718e-05 -3.34707e-03  5.25607e-03

  1.80000e-02  0.00000e+00 -8.68542e-04  2.01246e-04
  1.80000e-02  8.34874e-07 -1.21785e-03  2.10130e-04
  1.80000e-02  1.66975e-06 -1.54838e-03  2.33166e-04
  1.80000e-02  2.50462e-06 -1.86011e-03  2.70532e-04
  1.80000e-02  3.33949e-06 -2.15306e-03  3.22402e-04
  1.80000e-02  4.17437e-06 -2.42721e-03  3.88953e-04
  1.80000e-02  5.00924e-06 -2.68257e-03  4.70360e-04
  1.80000e-02  5.84412e-06 -2.91913e-03  5.66799e-04
  1.80000e-02  6.67899e-06 -3.13688e-03  6.78447e-04
  1.80000e-02  7.51386e-06 -3.33583e-03  8.05478e-04
  1.80000e-02  8.34874e-06 -3.51598e-03  9.48070e-04
  1.80000e-02  9.18361e-06 -3.67732e-03  1.10640e-03
  1.80000e-02  1.00185e-05 -3.81984e-03  1.28064e-03
  1.80000e-02  1.08534e-05 -3.94355e-03  1.47096e-03
  1.80000e-02  1.16882e-05 -4.04844e-03  1.67755e-03
  1.80000e-02  1.25231e-05 -4.13452e-03  1.90058e-03
  1.80000e-02  1.33580e-05 -4.20177e-03  2.14023e-03
  1.80000e-02  1.41929e-05 -4.25020e-03  2.39667e-03
  1.80000e-02  1.50277e-05 -4.27980e-03  2.67007e-03
  1.80000e-02  1.58626e-05 -4.29057e-03  2.96062e-03
  1.80000e-02  1.66975e-05 -4.28250e-03  3.26848e-03
  1.80000e-02  1.75323e-05 -4.25560e-03  3.59384e-03
  1.80000e-02  1.83672e-05 -4.20987e-03  3.93687e-03
  1.80000e-02  1.92021e-05 -4.14529e-03  4.29775e-03
  1.80000e-02  2.00370e-05 -4.06187e-03  4.67665e-03
  1.80000e-02  2.08718e-05 -3.95961e-03  5.07374e-03

  1.92000e-02  0.00000e+00 -9.92642e-04  2.18773e-04
  1.92000e-02  8.34874e-07 -1.35737e-03  2.22442e-04
  1.92000e-02  1.66975e-06 -1.70364e-03  2.40048e-04
  1.92000e-02  2.50462e-06 -2.03147e-03  2.71769e-04
  1.92000e-02  3.33949e-06 -2.34086e-03  3.17780e-04
  1.92000e-02  4.17437e-06 -2.63178e-03  3.78256e-04
  1.92000e-02  5.00924e-06 -2.90426e-03  4.53375e-04
  1.92000e-02  5.84412e-06 -3.15827e-03  5.43311e-04
  1.92000e-02  6.67899e-06 -3.39383e-03  6.48240e-04
  1.92000e-02  7.51386e-06 -3.61092e-03  7.68339e-04
  1.92000e-02  8.34874e-06 -3.80954e-03  9.03783e-04
  1.92000e-02  9.18361e-06 -3.98970e-03  1.05475e-03
  1.92000e-02  1.00185e-05 -4.15139e-03  1.22141e-03
  1.92000e-02  1.08534e-05 -4.29460e-03  1.40395e-03
  1.92000e-02  1.16882e-05 -4.41933e-03  1.60253e-03
  1.92000e-02  1.25231e-05 -4.52559e-03  1.81734e-03
  1.92000e-02  1.33580e-05 -4.61337e-03  2.04855e-03
  1.92000e-02  1.41929e-05 -4.68266e-03  2.29633e-03
  1.92000e-02  1.50277e-05 -4.73347e-03  2.56087e-03
  1.92000e-02  1.58626e-05 -4.76578e-03  2.84234e-03
  1.92000e-02  1.66975e-05 -4.77961e-03  3.14091e-03
  1.92000e-02  1.75323e-05 -4.77494e-03  3.45676e-03
  1.92000e-02  1.83672e-05 -4.75177e-03  3.79007e-03
  1.92000e-02  1.92021e-05 -4.71011e-03  4.14101e-03
  1.92000e-02  2.00370e-05 -4.64994e-03  4.50975e-03
  1.92000e-02  2.08718e-05 -4.57127e-03  4.89648e-03

  2.04000e-02  0.00000e+00 -1.12447e-03  2.35204e-04
  2.04000e-02  8.34874e-07 -1.50409e-03  2.34008e-04
  2.04000e-02  1.66975e-06 -1.86561e-03  2.46530e-04
  2.04000e-02  2.50462e-06 -2.20903e-03  2.72945e-04
  2.04000e-02  3.33949e-06 -2.53436e-03  3.13430e-04
  2.04000e-02  4.17437e-06 -2.84158e-03  3.68159e-04
  2.04000e-02  5.00924e-06 -3.13070e-03  4.37310e-04
  2.04000e-02  5.84412e-06 -3.40171e-03  5.21058e-04
  2.04000e-02  6.67899e-06 -3.65461e-03  6.19579e-04
  2.04000e-02  7.51386e-06 -3.88940e-03  7.33048e-04
  2.04000e-02  8.34874e-06 -4.10607e-03  8.61642e-04
  2.04000e-02  9.18361e-06 -4.30463e-03  1.00554e-03
  2.04000e-02  1.00185e-05 -4.48506e-03  1.16491e-03
  2.04000e-02  1.08534e-05 -4.64737e-03  1.33993e-03
  2.04000e-02  1.16882e-05 -4.79156e-03  1.53078e-03
  2.04000e-02  1.25231e-05 -4.91762e-03  1.73764e-03
  2.04000e-02  1.33580e-05 -5.02555e-03  1.96068e-03
  2.04000e-02  1.41929e-05 -5.11535e-03  2.20007e-03
  2.04000e-02  1.50277e-05 -5.18701e-03  2.45599e-03
  2.04000e-02  1.58626e-05 -5.24053e-03  2.72862e-03
  2.04000e-02  1.66975e-05 -5.27591e-03  3.01814e-03
  2.04000e-02  1.75323e-05 -5.29315e-03  3.32471e-03
  2.04000e-02  1.83672e-05 -5.29224e-03  3.64852e-03
  2.04000e-02  1.92021e-05 -5.27318e-03  3.98974e-03
  2.04000e-02  2.00370e-05 -5.23597e-03  4.34855e-03
  2.04000e-02  2.08718e-05 -5.18061e-03  4.72512e-03

  2.16000e-02  0.00000e+00 -1.26361e-03  2.50252e-04
  2.16000e-02  8.34874e-07 -1.65755e-03  2.44590e-04
  2.16000e-02  1.66975e-06 -2.03375e-03  2.52420e-04
  2.16000e-02  2.50462e-06 -2.39222e-03  2.73916e-04
  2.16000e-02  3.33949e-06 -2.73294e-03  3.09255e-04
  2.16000e-02  4.17437e-06 -3.05593e-03  3.58613e-04
  2.16000e-02  5.00924e-06 -3.36117e-03  4.22165e-04
  2.16000e-02  5.84412e-06 -3.64867e-03  5.00088e-04
  2.16000e-02  6.67899e-06 -3.91841e-03  5.92557e-04
  2.16000e-02  7.51386e-06 -4.17041e-03  6.99748e-04
  2.16000e-02  8.34874e-06 -4.40465e-03  8.21838e-04
  2.16000e-02  9.18361e-06 -4.62113e-03  9.59001e-04
  2.16000e-02  1.00185e-05 -4.81986e-03  1.11141e-03
  2.16000e-02  1.08534e-05 -5.00082e-03  1.27925e-03
  2.16000e-02  1.16882e-05 -5.16402e-03  1.46269e-03
  2.16000e-02  1.25231e-05 -5.30945e-03  1.66191e-03
  2.16000e-02  1.33580e-05 -5.43711e-03  1.87708e-03
  2.16000e-02  1.41929e-05 -5.54700e-03  2.10839e-03
  2.16000e-02  1.50277e-05 -5.63911e-03  2.35599e-03
  2.16000e-02  1.58626e-05 -5.71345e-03  2.62008e-03
  2.16000e-02  1.66975e-05 -5.77000e-03  2.90082e-03
  2.16000e-02  1.75323e-05 -5.80877e-03  3.19840e-03
  2.16000e-02  1.83672e-05 -5.82976e-03  3.51299e-03
  2.16000e-02  1.92021e-05 -5.83296e-03  3.84476e-03
  2.16000e-02  2.00370e-05 -5.81837e-03  4.19389e-03
  2.16000e-02  2.08718e-05 -5.78598e-03  4.56056e-03

  2.28000e-02  0.00000e+00 -1.40952e-03  2.63644e-04
  2.28000e-02  8.34874e-07 -1.81715e-03  2.53965e-04
  2.28000e-02  1.66975e-06 -2.20742e-03  2.57544e-04
  2.28000e-02  2.50462e-06 -2.58032e-03  2.74558e-04
  2.28000e-02  3.33949e-06 -2.93586e-03  3.05182e-04
  2.28000e-02  4.17437e-06 -3.27402e-03  3.49593e-04
  2.28000e-02  5.00924e-06 -3.59481e-03  4.07965e-04
  2.28000e-02  5.84412e-06 -3.89823e-03  4.80476e-04
  2.28000e-02  6.67899e-06 -4.18427e-03  5.67300e-04
  2.28000e-02  7.51386e-06 -4.45292e-03  6.68614e-04
  2.28000e-02  8.34874e-06 -4.70420e-03  7.84594e-04
  2.28000e-02  9.18361e-06 -4.93808e-03  9.15415e-04
  2.28000e-02  1.00185e-05 -5.15458e-03  1.06125e-03
  2.28000e-02  1.08534e-05 -5.35369e-03  1.22229e-03
  2.28000e-02  1.16882e-05 -5.53540e-03  1.39869e-03
  2.28000e-02  1.25231e-05 -5.69972e-03  1.59063e-03
  2.28000e-02  1.33580e-05 -5.84663e-03  1.79830e-03
  2.28000e-02  1.41929e-05 -5.97615e-03  2.02186e-03
  2.28000e-02  1.50277e-05 -6.08826e-03  2.26150e-03
  2.28000e-02  1.58626e-05 -6.18296e-03  2.51739e-03
  2.28000e-02  1.66975e-05 -6.26026e-03  2.78969e-03
  2.28000e-02  1.75323e-05 -6.32014e-03  3.07861e-03
  2.28000e-02  1.83672e-05 -6.36261e-03  3.38429e-03
  2.28000e-02  1.92021e-05 -6.38766e-03  3.70693e-03
  2.28000e-02  2.00370e-05 -6.39529e-03  4.04670e-03
  2.28000e-02  2.08718e-05 -6.38549e-03  4.40377e-03

  2.40000e-02  0.00000e+00 -1.56148e-03  2.75124e-04
  2.40000e-02  8.34874e-07 -1.98213e-03  2.61928e-04
  2.40000e-02  1.66975e-06 -2.38579e-03  2.61751e-04
  2.40000e-02  2.50462e-06 -2.77247e-03  2.74771e-04
  2.40000e-02  3.33949e-06 -3.14216e-03  3.01163e-04
  2.40000e-02  4.17437e-06 -3.49486e-03  3.41103e-04
  2.40000e-02  5.00924e-06 -3.83057e-03  3.94766e-04
  2.40000e-02  5.84412e-06 -4.14928e-03  4.62329e-04
  2.40000e-02  6.67899e-06 -4.45100e-03  5.43967e-04
  2.40000e-02  7.51386e-06 -4.73572e-03  6.39856e-04
  2.40000e-02  8.34874e-06 -5.00343e-03  7.50173e-04
  2.40000e-02  9.18361e-06 -5.25414e-03  8.75093e-04
  2.40000e-02  1.00185e-05 -5.48784e-03  1.01479e-03
  2.40000e-02  1.08534e-05 -5.70452e-03  1.16945e-03
  2.40000e-02  1.16882e-05 -5.90420e-03  1.33923e-03
  2.40000e-02  1.25231e-05 -6.08686e-03  1.52432e-03
  2.40000e-02  1.33580e-05 -6.25250e-03  1.72489e-03
  2.40000e-02  1.41929e-05 -6.40112e-03  1.94113e-03
  2.40000e-02  1.50277e-05 -6.53271e-03  2.17319e-03
  2.40000e-02  1.58626e-05 -6.64728e-03  2.42127e-03
  2.40000e-02  1.66975e-05 -6.74482e-03  2.68553e-03
  2.40000e-02  1.75323e-05 -6.82533e-03  2.96616e-03
  2.40000e-02  1.83672e-05 -6.88881e-03  3.26332e-03
  2.40000e-02  1.92021e-05 -6.93524e-03  3.57719e-03
  2.40000e-02  2.00370e-05 -6.96464e-03  3.90796e-03
  2.40000e-02  2.08718e-05 -6.97700e-03  4.25579e-03

  2.52000e-02  0.00000e+00 -1.71861e-03  2.84458e-04
  2.52000e-02  8.34874e-07 -2.15153e-03  2.68299e-04
  2.52000e-02  1.66975e-06 -2.56785e-03  2.64916e-04
  2.52000e-02  2.50462e-06 -2.96758e-03  2.74484e-04
  2.52000e-02  3.33949e-06 -3.35072e-03  2.97180e-04
  2.52000e-02  4.17437e-06 -3.71725e-03  3.33179e-04
  2.52000e-02  5.00924e-06 -4.06718e-03  3.82658e-04
  2.52000e-02  5.84412e-06 -4.40051e-03  4.45792e-04
  2.52000e-02  6.67899e-06 -4.71723e-03  5.22757e-04
  2.52000e-02  7.51386e-06 -5.01734e-03  6.13728e-04
  2.52000e-02  8.34874e-06 -5.30084e-03  7.18883e-04
  2.52000e-02  9.18361e-06 -5.56772e-03  8.38396e-04
  2.52000e-02  1.00185e-05 -5.81799e-03  9.72444e-04
  2.52000e-02  1.08534e-05 -6.05163e-03  1.12120e-03
  2.52000e-02  1.16882e-05 -6.26866e-03  1.28485e-03
  2.52000e-02  1.25231e-05 -6.46905e-03  1.46356e-03
  2.52000e-02  1.33580e-05 -6.65282e-03  1.65750e-03
  2.52000e-02  1.41929e-05 -6.81996e-03  1.86686e-03
  2.52000e-02  1.50277e-05 -6.97047e-03  2.09181e-03
  2.52000e-02  1.58626e-05 -7.10434e-03  2.33252e-03
  2.52000e-02  1.66975e-05 -7.22157e-03  2.58918e-03
  2.52000e-02  1.75323e-05 -7.32216e-03  2.86196e-03
  2.52000e-02  1.83672e-05 -7.40610e-03  3.15102e-03
  2.52000e-02  1.92021e-05 -7.47340e-03  3.45656e-03
  2.52000e-02  2.00370e-05 -7.52406e-03  3.77874e-03
  2.52000e-02  2.08718e-05 -7.55806e-03  4.11775e-03

  2.64000e-02  0.00000e+00 -1.87982e-03  2.91440e-04
  2.64000e-02  8.34874e-07 -2.32420e-03  2.72929e-04
  2.64000e-02  1.66975e-06 -2.75238e-03  2.66943e-04
  2.64000e-02  2.50462e-06 -3.16437e-03  2.73659e-04
  2.64000e-02  3.33949e-06 -3.56017e-03  2.93252e-04
  2.64000e-02  4.17437e-06 -3.93976e-03  3.25897e-04
  2.64000e-02  5.00924e-06 -4.30316e-03  3.71772e-04
  2.64000e-02  5.84412e-06 -4.65035e-03  4.31052e-04
  2.64000e-02  6.67899e-06 -4.98133e-03  5.03913e-04
  2.64000e-02  7.51386e-06 -5.29611e-03  5.90530e-04
  2.64000e-02  8.34874e-06 -5.59467e-03  6.91080e-04
  2.64000e-02  9.18361e-06 -5.87702e-03  8.05738e-04
  2.64000e-02  1.00185e-05 -6.14315e-03  9.34680e-04
  2.64000e-02  1.08534e-05 -6.39306e-03  1.07808e-03
  2.64000e-02  1.16882e-05 -6.62675e-03  1.23612e-03
  2.64000e-02  1.25231e-05 -6.84421e-03  1.40897e-03
  2.64000e-02  1.33580e-05 -7.04545e-03  1.59681e-03
  2.64000e-02  1.41929e-05 -7.23045e-03  1.79981e-03
  2.64000e-02  1.50277e-05 -7.39923e-03  2.01816e-03
  2.64000e-02  1.58626e-05 -7.55176e-03  2.25201e-03
  2.64000e-02  1.66975e-05 -7.68807e-03  2.50156e-03
  2.64000e-02  1.75323e-05 -7.80813e-03  2.76698e-03
  2.64000e-02  1.83672e-05 -7.91194e-03  3.04844e-03
  2.64000e-02  1.92021e-05 -7.99951e-03  3.34612e-03
  2.64000e-02  2.00370e-05 -8.07084e-03  3.66019e-03
  2.64000e-02  2.08718e-05 -8.12591e-03  3.99084e-03

  2.76000e-02  0.00000e+00 -2.04377e-03  2.95895e-04
  2.76000e-02  8.34874e-07 -2.49872e-03  2.75701e-04
  2.76000e-02  1.66975e-06 -2.93789e-03  2.67775e-04
  2.76000e-02  2.50462e-06 -3.36128e-03  2.72295e-04
  2.76000e-02  3.33949e-06 -3.76889e-03  2.89436e-04
  2.76000e-02  4.17437e-06 -4.16070e-03  3.19374e-04
  2.76000e-02  5.00924e-06 -4.53673e-03  3.62284e-04
  2.76000e-02  5.84412e-06 -4.89696e-03  4.18344e-04
  2.76000e-02  6.67899e-06 -5.24139e-03  4.87727e-04
  2.76000e-02  7.51386e-06 -5.57003e-03  5.70612e-04
  2.76000e-02  8.34874e-06 -5.88286e-03  6.67172e-04
  2.76000e-02  9.18361e-06 -6.17989e-03  7.77585e-04
  2.76000e-02  1.00185e-05 -6.46112e-03  9.02026e-04
  2.76000e-02  1.08534e-05 -6.72653e-03  1.04067e-03
  2.76000e-02  1.16882e-05 -6.97614e-03  1.19370e-03
  2.76000e-02  1.25231e-05 -7.20993e-03  1.36128e-03
  2.76000e-02  1.33580e-05 -7.42790e-03  1.54359e-03
  2.76000e-02  1.41929e-05 -7.63005e-03  1.74081e-03
  2.76000e-02  1.50277e-05 -7.81638e-03  1.95311e-03
  2.76000e-02  1.58626e-05 -7.98689e-03  2.18067e-03
  2.76000e-02  1.66975e-05 -8.14156e-03  2.42367e-03
  2.76000e-02  1.75323e-05 -8.28041e-03  2.68228e-03
  2.76000e-02  1.83672e-05 -8.40343e-03  2.95668e-03
  2.76000e-02  1.92021e-05 -8.51061e-03  3.24704e-03
  2.76000e-02  2.00370e-05 -8.60195e-03  3.55353e-03
  2.76000e-02  2.08718e-05 -8.67745e-03  3.87635e-03

  2.88000e-02  0.00000e+00 -2.20882e-03  2.97685e-04
  2.88000e-02  8.34874e-07 -2.67340e-03  2.76537e-04
  2.88000e-02  1.66975e-06 -3.12261e-03  2.67396e-04
  2.88000e-02  2.50462e-06 -3.55647e-03  2.70438e-04
  2.88000e-02  3.33949e-06 -3.97495e-03  2.85839e-04
  2.88000e-02  4.17437e-06 -4.37807e-03  3.13774e-04
  2.88000e-02  5.00924e-06 -4.76582e-03  3.54420e-04
  2.88000e-02  5.84412e-06 -5.13820e-03  4.07953e-04
  2.88000e-02  6.67899e-06 -5.49520e-03  4.74548e-04
  2.88000e-02  7.51386e-06 -5.83682e-03  5.54382e-04
  2.88000e-02  8.34874e-06 -6.16306e-03  6.47630e-04
  2.88000e-02  9.18361e-06 -6.47392e-03  7.54467e-04
  2.88000e-02  1.00185e-05 -6.76939e-03  8.75071e-04
  2.88000e-02  1.08534e-05 -7.04947e-03  1.00962e-03
  2.88000e-02  1.16882e-05 -7.31416e-03  1.15828e-03
  2.88000e-02  1.25231e-05 -7.56346e-03  1.32124e-03
  2.88000e-02  1.33580e-05 -7.79736e-03  1.49866e-03
  2.88000e-02  1.41929e-05 -8.01586e-03  1.69073e-03
  2.88000e-02  1.50277e-05 -8.21896e-03  1.89763e-03
  2.88000e-02  1.58626e-05 -8.40665e-03  2.11952e-03
  2.88000e-02  1.66975e-05 -8.57894e-03  2.35658e-03
  2.88000e-02  1.75323e-05 -8.73582e-03  2.60899e-03
  2.88000e-02  1.83672e-05 -8.87729e-03  2.87693e-03
  2.88000e-02  1.92021e-05 -9.00334e-03  3.16057e-03
  2.88000e-02  2.00370e-05 -9.11397e-03  3.46008e-03
  2.88000e-02  2.08718e-05 -9.20919e-03  3.77565e-03

  3.00000e-02  0.00000e+00 -2.37305e-03  2.96713e-04
  3.00000e-02  8.34874e-07 -2.84622e-03  2.75404e-04
  3.00000e-02  1.66975e-06 -3.30445e-03  2.65834e-04
  3.00000e-02  2.50462e-06 -3.74775e-03  2.68179e-04
  3.00000e-02  3.33949e-06 -4.17611e-03  2.82615e-04
  3.00000e-02  4.17437e-06 -4.58954e-03  3.09317e-04
  3.00000e-02  5.00924e-06 -4.98803e-03  3.48462e-04
  3.00000e-02  5.84412e-06 -5.37157e-03  4.00225e-04
  3.00000e-02  6.67899e-06 -5.74017e-03  4.64783e-04
  3.00000e-02  7.51386e-06 -6.09382e-03  5.42310e-04
  3.00000e-02  8.34874e-06 -6.43253e-03  6.32984e-04
  3.00000e-02  9.18361e-06 -6.75627e-03  7.36980e-04
  3.00000e-02  1.00185e-05 -7.06507e-03  8.54473e-04
  3.00000e-02  1.08534e-05 -7.35890e-03  9.85641e-04
  3.00000e-02  1.16882e-05 -7.63777e-03  1.13066e-03
  3.00000e-02  1.25231e-05 -7.90168e-03  1.28970e-03
  3.00000e-02  1.33580e-05 -8.15062e-03  1.46294e-03
  3.00000e-02  1.41929e-05 -8.38460e-03  1.65057e-03
  3.00000e-02  1.50277e-05 -8.60360e-03  1.85274e-03
  3.00000e-02  1.58626e-05 -8.80763e-03  2.06964e-03
  3.00000e-02  1.66975e-05 -8.99668e-03  2.30145e-03
  3.00000e-02  1.75323e-05 -9.17075e-03  2.54834e-03
  3.00000e-02  1.83672e-05 -9.32985e-03  2.81049e-03
  3.00000e-02  1.92021e-05 -9.47395e-03  3.08807e-03
  3.00000e-02  2.00370e-05 -9.60307e-03  3.38125e-03
  3.00000e-02  2.08718e-05 -9.71720e-03  3.69022e-03

