# Tracking with TRACY# (Floquet space)
#
#  1   512 1.0E+00 1.0E+00 0.0E+00 0.0E+00 2.21085 1.07399
#    N     x^          px^          y^          py^          delta          cdt
#                                                                   [%]           [mm]
#
   0  2.2842854751322248e-04  5.0988399571967837e-19  4.1880436192778458e-03  2.1778519425320298e-17  0.0000000000000000e+00  0.0000000000000000e+00
   1 -2.1470945736532830e-04  3.6781118543027260e-04  3.7599653404122683e-03 -1.9457064642439382e-03  0.0000000000000000e+00 -2.3306582811452995e-03
   2 -3.0151414241081709e-04  1.1694406939134132e-03  2.8488440671205605e-03 -3.3747972536089976e-03  0.0000000000000000e+00 -3.0150275685280090e-02
   3  4.7819665214099047e-04  1.2867957668939506e-03  1.6775331858485730e-03 -3.8544717894551713e-03  0.0000000000000000e+00 -5.9591574982324792e-02
   4  9.7638366903656220e-04  2.6070301568062063e-06  7.8091595166361719e-05 -3.7739366133263006e-03  0.0000000000000000e+00 -8.5876616748264592e-02
   5  3.7623084891181120e-04 -1.4133456658352750e-03 -1.5870668277627863e-03 -3.5379194413288641e-03  0.0000000000000000e+00 -9.2636869330461807e-02
   6 -8.1724148711839262e-04 -1.2976917012452521e-03 -2.7262411600066784e-03 -2.8947815648484453e-03  0.0000000000000000e+00 -6.6627784665322293e-02
   7 -1.0926372742777733e-03  2.6079711316347819e-05 -3.4172069279359697e-03 -1.4424995864204782e-03  0.0000000000000000e+00 -3.5212979380572190e-02
   8 -7.4443316572367216e-05  1.1221586956378883e-03 -3.8873167178369744e-03  3.8782998679859142e-04  0.0000000000000000e+00 -1.5764080952756176e-02
   9  7.2549929401323249e-04  1.1302254601255870e-03 -3.8541875166349460e-03  1.9694252676946706e-03  0.0000000000000000e+00 -2.1856889143449174e-02
  10  5.6380922013505002e-04  5.5094588560617537e-04 -3.0026028811760389e-03  3.2568038495507847e-03  0.0000000000000000e+00 -5.6587209347197173e-02
  11 -1.3681657411107082e-05  2.4491839380658088e-04 -1.5615899172202331e-03  4.1658205061082705e-03  0.0000000000000000e+00 -9.8518310991411548e-02
  12 -1.2625583191657770e-04  9.7809821196208539e-05  1.1766125016106271e-04  4.3607208753985568e-03  0.0000000000000000e+00 -1.2468706329129989e-01
  13  1.8666304629819336e-04 -4.3596338231481228e-04  1.8964482708697576e-03  3.7758360602444959e-03  0.0000000000000000e+00 -1.2133900946492444e-01
  14  1.2988995973619986e-04 -1.0751728351265422e-03  3.3027047355790166e-03  2.6231760975062397e-03  0.0000000000000000e+00 -9.0307954848690489e-02
  15 -5.4203657503627042e-04 -7.7187945480010193e-04  3.8033464937035281e-03  9.7157577472144023e-04  0.0000000000000000e+00 -5.1495183747321170e-02
  16 -8.8611052371193565e-04  5.5688041876078770e-04  3.6490927887846132e-03 -9.5811096530101357e-04  0.0000000000000000e+00 -3.8703297617986930e-02
  17  2.0922389054790873e-05  1.7154096407057059e-03  3.3019974175337113e-03 -2.4123460576305415e-03  0.0000000000000000e+00 -4.9038093096794397e-02
  18  1.0668065102519026e-03  1.3720384734123450e-03  2.6045861076245138e-03 -3.1265885122961205e-03  0.0000000000000000e+00 -7.4106276284174280e-02
  19  9.9467374439923036e-04 -1.7037764933934796e-04  1.2556487893056734e-03 -3.6097265889113417e-03  0.0000000000000000e+00 -1.1494179151339069e-01
  20 -1.0030560135095824e-04 -1.0727853472704933e-03 -4.1836533921412117e-04 -4.0007772320877627e-03  0.0000000000000000e+00 -1.3967902942517810e-01
  21 -9.1179707754420586e-04 -6.8688175409999076e-04 -1.9147061226246170e-03 -3.7623142965027396e-03  0.0000000000000000e+00 -1.3404689349481672e-01
  22 -4.5136320471915377e-04 -1.2678105844984527e-05 -3.2377055995981593e-03 -2.5029163434471782e-03  0.0000000000000000e+00 -1.0333901823359785e-01
  23  2.2786960938515251e-04  1.1922789948104255e-04 -4.1083212155765426e-03 -6.5293809643663314e-04  0.0000000000000000e+00 -6.9438830540588373e-02
  24  6.3605280548961936e-05  2.0318584105450053e-04 -4.0192631084252162e-03  1.3193633913736636e-03  0.0000000000000000e+00 -6.1143571293205537e-02
  25 -3.3794910064064272e-04  8.3711281747983056e-04 -3.2010681511635908e-03  3.0039619268390459e-03  0.0000000000000000e+00 -8.3387404013620131e-02
  26  1.0091629055135086e-04  1.3339192245075621e-03 -2.1052194164217458e-03  3.8403838927708982e-03  0.0000000000000000e+00 -1.1532467786054310e-01
  27  8.3781925268089960e-04  5.9504697657028472e-04 -6.3392042954540993e-04  3.8814992064443274e-03  0.0000000000000000e+00 -1.4253385148885103e-01
  28  7.1813681063971093e-04 -9.7537402150699604e-04  1.0992981762551108e-03  3.6500131549123062e-03  0.0000000000000000e+00 -1.5820988513375397e-01
  29 -3.4371902724848101e-04 -1.5547437584404696e-03  2.4617492750608982e-03  3.1620959261369048e-03  0.0000000000000000e+00 -1.4125047742765950e-01
  30 -1.1663836096127613e-03 -5.4945751329892078e-04  3.2317528664733515e-03  1.9800168812094724e-03  0.0000000000000000e+00 -1.0729793308740680e-01
  31 -5.6885642653390614e-04  8.3006690602055303e-04  3.7340188212351107e-03  1.8487148009049587e-04  0.0000000000000000e+00 -8.3615268685395011e-02
  32  5.2322244468514043e-04  1.3284497445963796e-03  3.9128498464798406e-03 -1.4910663977189926e-03  0.0000000000000000e+00 -7.9338978759242604e-02
  33  7.8364900436712025e-04  8.0762149143309692e-04  3.3744740524412052e-03 -2.8273437997549415e-03  0.0000000000000000e+00 -1.0565214498375096e-01
  34  2.4716923292371660e-04  2.4677838935262866e-04  2.0915669474564753e-03 -3.8797516997709190e-03  0.0000000000000000e+00 -1.4826546353149386e-01
  35 -1.9957769144811699e-04  7.6718290418212502e-05  4.6576153759987556e-04 -4.3896253255696956e-03  0.0000000000000000e+00 -1.8255894644761586e-01
  36 -1.8017181219634270e-05 -1.9358604780507377e-04 -1.2948238688409214e-03 -4.0794678767861262e-03  0.0000000000000000e+00 -1.8992760346715706e-01
  37  2.0732082566439635e-04 -8.1589750225596631e-04 -2.9175277403913477e-03 -3.0826617750411597e-03  0.0000000000000000e+00 -1.6677035147030064e-01
  38 -1.9560110108211756e-04 -9.8752409738132136e-04 -3.7769773233534724e-03 -1.5680585409733653e-03  0.0000000000000000e+00 -1.2689149472930167e-01
  39 -8.4164081445442670e-04 -1.1853900982128260e-05 -3.7656043753635090e-03  3.4336287241344270e-04  0.0000000000000000e+00 -1.0254489594433101e-01
  40 -4.6159689647931460e-04  1.3719081671896844e-03 -3.4176501050659910e-03  2.0647452598452827e-03  0.0000000000000000e+00 -1.0852882099392341e-01
  41  7.3096744670503387e-04  1.7294475522278252e-03 -2.8605245928077002e-03  2.9823291478856587e-03  0.0000000000000000e+00 -1.2745842011452593e-01
  42  1.1952255726193654e-03  4.4350371461201478e-04 -1.7329594426404703e-03  3.4420675584146752e-03  0.0000000000000000e+00 -1.6410258084855647e-01
  43  4.1035910760876999e-04 -9.5431124235248487e-04 -1.0141416282107065e-04  3.8522049394258376e-03  0.0000000000000000e+00 -1.9743180840850347e-01
  44 -7.5276717697603268e-04 -1.0072989060438866e-03  1.4612129976032616e-03  3.9095825761066320e-03  0.0000000000000000e+00 -2.0108100836408041e-01
  45 -8.0772883239965904e-04 -2.2075581212432788e-04  2.8004387822998336e-03  3.0024742732796855e-03  0.0000000000000000e+00 -1.7775012259532885e-01
  46  2.3035302409152602e-05  2.2215164980030685e-04  3.8799079797227059e-03  1.2878516460225571e-03  0.0000000000000000e+00 -1.4172739413638100e-01
  47  2.7511687163514541e-04  2.0427389858771708e-04  4.1747741182596668e-03 -6.7006017679307529e-04  0.0000000000000000e+00 -1.2333571345188236e-01
  48 -1.7239050291527908e-04  5.4826718223406146e-04  3.5506298903348692e-03 -2.5044344650928443e-03  0.0000000000000000e+00 -1.3696054900060500e-01
  49 -1.7212798783820902e-04  1.1724622654528322e-03  2.5068147220809471e-03 -3.7025152746794016e-03  0.0000000000000000e+00 -1.6967920352754035e-01
  50  5.4575846793960116e-04  9.9740185715786506e-04  1.1641675689394151e-03 -3.9809731663043553e-03  0.0000000000000000e+00 -1.9911732302907889e-01
  51  8.5888263055409239e-04 -3.7991454562280439e-04 -5.4830497968383471e-04 -3.7773538467128251e-03  0.0000000000000000e+00 -2.1999833021898862e-01
  52  1.4340673989834583e-04 -1.5277389760785006e-03 -2.1213032339103405e-03 -3.3673901797965176e-03  0.0000000000000000e+00 -2.1449863487564338e-01
  53 -9.5303243517029458e-04 -1.0790353025980142e-03 -3.0567644237098615e-03 -2.4399579468014397e-03  0.0000000000000000e+00 -1.8133912298131480e-01
  54 -9.7552153278531969e-04  3.5012403603740114e-04 -3.5774685432243491e-03 -7.7828561176492353e-04  0.0000000000000000e+00 -1.5298659128876099e-01
  55  1.3197920133378477e-04  1.3401261945457431e-03 -3.8723922913267909e-03  9.9685515908117645e-04  0.0000000000000000e+00 -1.4117305988928616e-01
  56  8.4012276618246437e-04  1.1316491978094249e-03 -3.6310203634604102e-03  2.3999903954381578e-03  0.0000000000000000e+00 -1.5664183231680162e-01
  57  5.6427100215400438e-04  3.8479233029586077e-04 -2.5875489319298968e-03  3.5220662424019248e-03  0.0000000000000000e+00 -1.9665478291391178e-01
  58 -9.0921930898544764e-05  1.7223783355168351e-05 -1.0309944193184954e-03  4.2771800629994305e-03  0.0000000000000000e+00 -2.3664804282090207e-01
  59 -2.1847166899600513e-04 -1.0120270778045753e-04  6.8921131537999481e-04  4.2948265791496959e-03  0.0000000000000000e+00 -2.5489686357623803e-01
  60  1.1441469605498617e-04 -5.2442686711119029e-04  2.4143902005845570e-03  3.5043348674066079e-03  0.0000000000000000e+00 -2.4113044244527837e-01
  61  6.0697028550435770e-05 -9.7024178957497403e-04  3.6236726582407537e-03  2.1290275481146408e-03  0.0000000000000000e+00 -2.0412197251684966e-01
  62 -5.8554417624496428e-04 -4.7808233829032317e-04  3.8754188371949933e-03  3.0257014918368813e-04  0.0000000000000000e+00 -1.7050985605649413e-01
  63 -7.6450358831382326e-04  8.6581545422831764e-04  3.5515732122405465e-03 -1.5985957688573315e-03  0.0000000000000000e+00 -1.6819774260919471e-01
  64  2.5208410385009386e-04  1.7929595417479870e-03  3.0569421691002512e-03 -2.8097277811186894e-03  0.0000000000000000e+00 -1.8410911450834114e-01
  65  1.1622221723960634e-03  1.0717068484387580e-03  2.1421315405945273e-03 -3.3209074246390788e-03  0.0000000000000000e+00 -2.1360024109912501e-01
  66  8.5885520381232103e-04 -5.7106330665632643e-04  6.3103219025004435e-04 -3.6909692670580607e-03  0.0000000000000000e+00 -2.5185114145332477e-01
  67 -3.5421049889712661e-04 -1.2200237542287812e-03 -1.0040493269949451e-03 -3.9210022786733464e-03  0.0000000000000000e+00 -2.6560319719609876e-01
  68 -1.0056389024832566e-03 -5.6528887999126632e-04 -2.3690338559692234e-03 -3.3948067318488920e-03  0.0000000000000000e+00 -2.4996715534416064e-01
  69 -3.4033500965156675e-04  1.9648147751953528e-04 -3.5443192126692366e-03 -1.8946708469041288e-03  0.0000000000000000e+00 -2.1595796572235645e-01
  70  3.1824911984141711e-04  3.1643138923146444e-04 -4.1836766243031186e-03  2.0806816135051762e-05  0.0000000000000000e+00 -1.8897507116849627e-01
  71  9.2435982285838395e-05  3.8832648647317721e-04 -3.8638260063298298e-03  1.9220996427278649e-03  0.0000000000000000e+00 -1.9245779512432121e-01
  72 -2.4731631934074826e-04  9.1103616757561760e-04 -2.9010935303702824e-03  3.4123515982225922e-03  0.0000000000000000e+00 -2.2225900903683493e-01
  73  2.0320911541618389e-04  1.1506330492594740e-03 -1.6554060705430481e-03  4.0224159663026409e-03  0.0000000000000000e+00 -2.5525791418787130e-01
  74  7.9063580387903445e-04  2.1564041095800332e-04 -3.3897036413036924e-05  3.9210065229226100e-03  0.0000000000000000e+00 -2.7935111322650813e-01
  75  5.1865807393427902e-04 -1.2132074736453642e-03  1.6840514787441630e-03  3.5474349569468828e-03  0.0000000000000000e+00 -2.8448507771629827e-01
  76 -5.3909135420065286e-04 -1.4411071075325300e-03  2.8576186087527445e-03  2.8122847559245625e-03  0.0000000000000000e+00 -2.5721967483857483e-01
  77 -1.1486376848417717e-03 -2.3332835559654110e-04  3.4392668586972651e-03  1.3640941229400955e-03  0.0000000000000000e+00 -2.2356899297595625e-01
  78 -3.6573524739658727e-04  1.1113264209497622e-03  3.7764325010096757e-03 -4.6671391870495651e-04  0.0000000000000000e+00 -2.0643292778364591e-01
  79  6.8762050948850326e-04  1.4076846933031447e-03  3.7627600583885947e-03 -1.9775619669568189e-03  0.0000000000000000e+00 -2.1109109189685696e-01
  80  8.2679581287988847e-04  6.7343079439240346e-04  3.0158562995080919e-03 -3.1370201839958801e-03  0.0000000000000000e+00 -2.4464922179944193e-01
  81  1.8235780835294425e-04  1.6252546222842323e-05  1.5845471524536818e-03 -4.0409593013131170e-03  0.0000000000000000e+00 -2.8771746955300537e-01
  82 -3.0549907588276528e-04 -1.3501264140555104e-04 -9.9581266080831949e-05 -4.3858979398107628e-03  0.0000000000000000e+00 -3.1567257743180549e-01
  83 -9.4769564573332299e-05 -3.1362345098161215e-04 -1.8409319999473485e-03 -3.8731036268486868e-03  0.0000000000000000e+00 -3.1282183079336728e-01
  84  1.5346641886108974e-04 -7.8024454312773293e-04 -3.3196421901902098e-03 -2.6557336654306784e-03  0.0000000000000000e+00 -2.8140858754898501e-01
  85 -2.5249097727073516e-04 -7.5473097426805827e-04 -3.9280192759375459e-03 -9.4341532295386956e-04  0.0000000000000000e+00 -2.4284248631330316e-01
  86 -8.0154582959149963e-04  3.1283879522993422e-04 -3.7114694738435519e-03  1.0252377282608464e-03  0.0000000000000000e+00 -2.2899688477273575e-01
  87 -2.4659385233811581e-04  1.5638383762677074e-03 -3.2256621412921375e-03  2.5560016274624379e-03  0.0000000000000000e+00 -2.4236564139719771e-01
  88  8.9909411537506445e-04  1.5547050698322550e-03 -2.4767590346872438e-03  3.2306999314383696e-03  0.0000000000000000e+00 -2.6568858353689373e-01
  89  1.1425286187806527e-03  2.3731402071458545e-05 -1.1437345527873278e-03  3.5569524712903899e-03  0.0000000000000000e+00 -3.0326196666780236e-01
  90  1.6918559933421109e-04 -1.2178313715431757e-03  5.2114447850561943e-04  3.8412980319204918e-03  0.0000000000000000e+00 -3.2741218067038452e-01
  91 -9.3973382557189264e-04 -9.5536359669464506e-04  1.9554045069577280e-03  3.6490492171012915e-03  0.0000000000000000e+00 -3.1977662516572702e-01
  92 -7.4647191119778873e-04 -8.8789600626038729e-06  3.1572349599693445e-03  2.4538123196300400e-03  0.0000000000000000e+00 -2.9058508122430965e-01
  93  1.5344472710622243e-04  4.2998812907013291e-04  4.0404225957706326e-03  6.1883466261747214e-04  0.0000000000000000e+00 -2.5808612729396119e-01
  94  3.2344965832274231e-04  3.8556668253538829e-04  4.0895426612989555e-03 -1.3015252036515609e-03  0.0000000000000000e+00 -2.5081358652761260e-01
  95 -1.1958638624414389e-04  6.6321123101806994e-04  3.2904643410076920e-03 -2.9825459472724389e-03  0.0000000000000000e+00 -2.7419679228962779e-01
  96 -6.7513901369259141e-05  1.0868801226099456e-03  2.1122901374976181e-03 -3.9531116535228656e-03  0.0000000000000000e+00 -3.0984543238818180e-01
  97  5.5907876275510860e-04  6.7055399838972620e-04  6.1074809300106902e-04 -4.0587181962245464e-03  0.0000000000000000e+00 -3.3755649186166459e-01
  98  7.1120109870339340e-04 -6.9996971971363260e-04 -1.1580210057253969e-03 -3.7265715057441459e-03  0.0000000000000000e+00 -3.5051207713407201e-01
  99 -6.9004853063764883e-05 -1.5424840413350120e-03 -2.5885662638724665e-03 -3.1122947106227913e-03  0.0000000000000000e+00 -3.3314802249108721e-01
 100 -1.0332130280934846e-03 -8.0869782217201345e-04 -3.3163673730578973e-03 -1.9036214567015491e-03  0.0000000000000000e+00 -2.9643585064480876e-01
 101 -8.2344097674326780e-04  6.7060537603706586e-04 -3.6691409775542545e-03 -1.0739628945070335e-04  0.0000000000000000e+00 -2.7366082454422974e-01
 102  3.3498572619983566e-04  1.5097595790740195e-03 -3.7903261396074936e-03  1.5443518552724876e-03  0.0000000000000000e+00 -2.6990159683107717e-01
 103  9.3777995848269829e-04  1.0533449119566720e-03 -3.3411068245536146e-03  2.7568029549129469e-03  0.0000000000000000e+00 -2.9369534901175459e-01
 104  5.3022848001981068e-04  1.5449362909392673e-04 -2.1154762555652329e-03  3.7271859742828025e-03  0.0000000000000000e+00 -3.3675366388472050e-01
 105 -2.0700613360898429e-04 -2.1371831785884225e-04 -4.7356200902055304e-04  4.3339855693743544e-03  0.0000000000000000e+00 -3.7233625115867303e-01
 106 -3.1540592766571138e-04 -2.4349443337760536e-04  1.2478637947790708e-03  4.1569404530821556e-03  0.0000000000000000e+00 -3.8108683478950567e-01
 107  6.9647824001191829e-05 -5.3709515338949449e-04  2.8801502396552186e-03  3.1439685930636191e-03  0.0000000000000000e+00 -3.5761590551548988e-01
 108  1.6417529854308746e-05 -8.0894776641124108e-04  3.8651762074042454e-03  1.5595031701334801e-03  0.0000000000000000e+00 -3.1822946853588141e-01
 109 -6.0321290239828533e-04 -1.7203629767387901e-04  3.8761881696777337e-03 -3.8520260320746479e-04  0.0000000000000000e+00 -2.9310593559201448e-01
 110 -6.1085917147637829e-04  1.1316092248567732e-03  3.4005789243721340e-03 -2.1791724741667298e-03  0.0000000000000000e+00 -3.0062013396918413e-01
 111  4.6625707880821151e-04  1.7669781157649341e-03  2.7475974296865655e-03 -3.1305450977793148e-03  0.0000000000000000e+00 -3.2097821150464906e-01
 112  1.2006395282848188e-03  6.9570641274849178e-04  1.6134373523783636e-03 -3.4692132839240632e-03  0.0000000000000000e+00 -3.5349337618451315e-01
 113  6.6994136324324707e-04 -9.3785654693941416e-04 -7.3848807645150887e-06 -3.7297854576715576e-03  0.0000000000000000e+00 -3.8586735425036667e-01
 114 -6.0398782118388885e-04 -1.2703986106070296e-03 -1.5454006152939468e-03 -3.7631520892895897e-03  0.0000000000000000e+00 -3.8769555149295282e-01
 115 -1.0358436496414060e-03 -3.7315762665122044e-04 -2.7659591612835981e-03 -2.9321256617238726e-03  0.0000000000000000e+00 -3.6410268863275297e-01
 116 -1.9478442372549009e-04  4.2625907612472909e-04 -3.7774960255783185e-03 -1.2435309757007666e-03  0.0000000000000000e+00 -3.3020458841625006e-01
 117  4.0834190091116565e-04  4.9957956536541518e-04 -4.1811769049239361e-03  6.7155819445814061e-04  0.0000000000000000e+00 -3.1252571380519006e-01
 118  1.2867129932310248e-04  5.2134682057026474e-04 -3.6514373540261964e-03  2.4543317102621942e-03  0.0000000000000000e+00 -3.2709031584251680e-01
 119 -1.6587581462793621e-04  9.0056519364041694e-04 -2.5511923853481309e-03  3.7374565878877325e-03  0.0000000000000000e+00 -3.6227913823517138e-01
 120  2.5689514200954842e-04  9.0516694842077920e-04 -1.1571899263575691e-03  4.1473148354103954e-03  0.0000000000000000e+00 -3.9470854891192420e-01
 121  7.0219585331083960e-04 -1.3418247398982457e-04  5.7218671084159861e-04  3.9115626892119171e-03  0.0000000000000000e+00 -4.1328886856829011e-01
 122  3.2259890224960587e-04 -1.3550871651042695e-03  2.2155721754218934e-03  3.3701287594664988e-03  0.0000000000000000e+00 -4.0690061194956406e-01
 123 -6.8877300433948293e-04 -1.2549376559006621e-03  3.1801875469916986e-03  2.3717476697858184e-03  0.0000000000000000e+00 -3.7217268347590998e-01
 124 -1.0843710941147303e-03  9.6917961506255874e-05  3.5776665512882466e-03  7.0939040618065504e-04  0.0000000000000000e+00 -3.4220455975324454e-01
 125 -1.5299939988640878e-04  1.3619097720192516e-03  3.7524889886570126e-03 -1.0742042035410757e-03  0.0000000000000000e+00 -3.3252415586263051e-01
 126  8.4034237199896830e-04  1.4118353276490843e-03  3.5456370954568060e-03 -2.3897310424869753e-03  0.0000000000000000e+00 -3.4555134669126614e-01
 127  8.4008747846084548e-04  4.6140988098119032e-04  2.5932320677625955e-03 -3.3831400457382849e-03  0.0000000000000000e+00 -3.8454892385766420e-01
 128  7.3939213712089934e-05 -2.3877598290663582e-04  1.0379134618254393e-03 -4.1501873420003617e-03  0.0000000000000000e+00 -4.2548671167091895e-01
 129 -4.3035975504567177e-04 -3.0367816957939939e-04 -6.6467200920031254e-04 -4.3175245517904593e-03  0.0000000000000000e+00 -4.4509454311941415e-01
 130 -1.4797333833275081e-04 -3.5894836343148921e-04 -2.3489843626995554e-03 -3.5798753321265196e-03  0.0000000000000000e+00 -4.3183571445193114e-01
 131  1.2914056719751435e-04 -6.8121796854787213e-04 -3.6496407859682141e-03 -2.1446082361855075e-03  0.0000000000000000e+00 -3.9494511267130283e-01
 132 -2.8977657221254655e-04 -4.9329518878328115e-04 -4.0005245250014088e-03 -2.7696034874482103e-04  0.0000000000000000e+00 -3.6161682418576629e-01
 133 -7.2776937502666875e-04  6.1441046756207989e-04 -3.5994388070348196e-03  1.6721491657851108e-03  0.0000000000000000e+00 -3.5901645583717423e-01
 134 -2.6945039346393579e-05  1.6718299288152490e-03 -2.9773864368763630e-03  2.9662774904028991e-03  0.0000000000000000e+00 -3.7817850198378461e-01
 135  1.0206403962829760e-03  1.2799944459605920e-03 -2.0229262686256209e-03  3.4223141434637128e-03  0.0000000000000000e+00 -4.0504749012337199e-01
 136  1.0297734890943608e-03 -4.0226298822335798e-04 -5.1844602822395940e-04  3.6334038249007691e-03  0.0000000000000000e+00 -4.4063142314226156e-01
 137 -9.4486778528908295e-05 -1.3926461018234886e-03  1.1122808952218311e-03  3.7683515336748943e-03  0.0000000000000000e+00 -4.5350108163390590e-01
 138 -1.0759076361338922e-03 -8.1656004109052673e-04  2.3931048972979331e-03  3.2918486119029519e-03  0.0000000000000000e+00 -4.3588409307579812e-01
 139 -6.3088950672916561e-04  2.3834437469570581e-04  3.4477725365169637e-03  1.8407320125964006e-03  0.0000000000000000e+00 -4.0393056565385183e-01
 140  2.8967509605168503e-04  6.3154267104494467e-04  4.1225317775788091e-03 -4.5066962917488826e-05  0.0000000000000000e+00 -3.7795251329727209e-01
 141  3.7297002627069312e-04  5.2678310615855229e-04  3.9393034927371114e-03 -1.8749494045629963e-03  0.0000000000000000e+00 -3.8209548611222677e-01
 142 -6.6715552343415919e-05  7.0217594232284527e-04  2.9801410255119675e-03 -3.3779324014306237e-03  0.0000000000000000e+00 -4.1327106001671354e-01
 143  1.7853794885351265e-08  9.2579664448321679e-04  1.6666660088830512e-03 -4.1369893403748765e-03  0.0000000000000000e+00 -4.4998682674607193e-01
 144  5.2493822203969584e-04  3.3954657676712780e-04  3.2053541802669027e-05 -4.0883137315522291e-03  0.0000000000000000e+00 -4.7392585703226253e-01
 145  5.5172421037700495e-04 -9.4062426711158441e-04 -1.7345580455139589e-03 -3.6108708668963247e-03  0.0000000000000000e+00 -4.7705088926237782e-01
 146 -2.4928854652238894e-04 -1.4695561004747938e-03 -2.9847267592141564e-03 -2.7668619897485368e-03  0.0000000000000000e+00 -4.4942630122967075e-01
 147 -1.0642902728382677e-03 -5.0387759899619185e-04 -3.5052870700219632e-03 -1.3013113280452978e-03  0.0000000000000000e+00 -4.1299156526672220e-01
 148 -6.4599179889783379e-04  9.7710242615657280e-04 -3.6940703401753812e-03  5.4631084421480846e-04  0.0000000000000000e+00 -3.9746130580797895e-01
 149  5.3275013296742257e-04  1.6164107370569190e-03 -3.6422679467895376e-03  2.0216136906299220e-03  0.0000000000000000e+00 -4.0155065984881089e-01
 150  1.0114534487361958e-03  8.8957727734585300e-04 -2.9825948333931460e-03  3.0455789167499405e-03  0.0000000000000000e+00 -4.3239480192277580e-01
 151  4.5328609832139531e-04 -1.2243487149334042e-04 -1.5908858761808254e-03  3.8796692229573107e-03  0.0000000000000000e+00 -4.7601118149400690e-01
 152 -3.5560643146898382e-04 -4.1981725221684854e-04  9.6666662479298157e-05  4.3330608196806512e-03  0.0000000000000000e+00 -5.0479501637969881e-01
 153 -3.9912664012456411e-04 -3.1548310164550259e-04  1.7809866143392772e-03  3.9364523564976552e-03  0.0000000000000000e+00 -5.0313167693654848e-01
 154  5.8331531802360010e-05 -4.8063323122522690e-04  3.2852732932389327e-03  2.6939417259582983e-03  0.0000000000000000e+00 -4.7175748793826228e-01
 155 -8.0831767497306119e-06 -6.0552957010356228e-04  4.0256545846567085e-03  9.3040146734128598e-04  0.0000000000000000e+00 -4.3396489011180239e-01
 156 -5.9406144603446078e-04  1.2983931292215203e-04  3.8116151142632013e-03 -1.0659948062686608e-03  0.0000000000000000e+00 -4.1955143630730996e-01
 157 -4.3347194570024766e-04  1.3358519808945007e-03  3.1978356877843035e-03 -2.6857584710576581e-03  0.0000000000000000e+00 -4.3544403850170138e-01
 158  6.4876126759776684e-04  1.6326504229962795e-03  2.3706650931296287e-03 -3.3828222055113945e-03  0.0000000000000000e+00 -4.5930688603192710e-01
 159  1.1774006074961086e-03  2.7350428618168104e-04  1.0300740394391912e-03 -3.5778391394581839e-03  0.0000000000000000e+00 -4.9283722961547843e-01
 160  4.3935018670466418e-04 -1.2387100666467873e-03 -6.3622449323871735e-04 -3.7195340100982465e-03  0.0000000000000000e+00 -5.1630473665115972e-01
 161 -8.2703847025150613e-04 -1.2225745414061852e-03 -2.0321650208196731e-03 -3.5162475832220038e-03  0.0000000000000000e+00 -5.0644506525217114e-01
 162 -9.9999406990610904e-04 -1.2785144058875573e-04 -3.1021404874537108e-03 -2.3851733492640027e-03  0.0000000000000000e+00 -4.7766353374249176e-01
 163 -2.8394642958725682e-05  6.6011752141464778e-04 -3.9359900727042292e-03 -5.7564060572727160e-04  0.0000000000000000e+00 -4.4710214281069544e-01
 164  4.9563895048215735e-04  6.5282472255072442e-04 -4.1066797507416713e-03  1.2785396850881585e-03  0.0000000000000000e+00 -4.4004578826362734e-01
 165  1.6700932590012581e-04  5.8873943105878428e-04 -3.3847033504514324e-03  2.9097632402069781e-03  0.0000000000000000e+00 -4.6428996273650619e-01
 166 -1.0778967506940856e-04  8.0996933600708696e-04 -2.1497361065116543e-03  3.9885709941358972e-03  0.0000000000000000e+00 -5.0276288985272666e-01
 167  2.6240469498303845e-04  6.2612990725868648e-04 -6.1946024228661249e-04  4.2206704055831627e-03  0.0000000000000000e+00 -5.3278500244331961e-01
 168  5.8859443563883296e-04 -4.3018442687880548e-04  1.1682440014782072e-03  3.8450038763193778e-03  0.0000000000000000e+00 -5.4359918065084578e-01
 169  1.4454277491585007e-04 -1.4044353394073181e-03  2.6861663742502456e-03  3.1081925138106434e-03  0.0000000000000000e+00 -5.2587289000670390e-01
 170 -7.9416011584360611e-04 -1.0129528559583312e-03  3.4299790095341492e-03  1.8469810769537224e-03  0.0000000000000000e+00 -4.8722777191131567e-01
 171 -9.8290770514466433e-04  4.3021314243570823e-04  3.6480917936442337e-03  3.8383949703083924e-05  0.0000000000000000e+00 -4.6369277460432534e-01
 172  6.6027572434314641e-05  1.5687846948697617e-03  3.6643725332323406e-03 -1.6234169042046679e-03  0.0000000000000000e+00 -4.6160494625576232e-01
 173  9.7693863159948615e-04  1.3294815176438050e-03  3.2592277036851223e-03 -2.7301517262970925e-03  0.0000000000000000e+00 -4.8218769988868743e-01
 174  8.1410473244987382e-04  1.8089490343861425e-04  2.1072600144091914e-03 -3.5744041014438726e-03  0.0000000000000000e+00 -5.2455191219939179e-01
 175 -7.8387278078728725e-05 -4.9077918648046681e-04  4.6358318899597365e-04 -4.2085827041921011e-03  0.0000000000000000e+00 -5.6068697177273852e-01
 176 -5.5778893768708470e-04 -4.0902782705625227e-04 -1.2158285683898276e-03 -4.1743609206628283e-03  0.0000000000000000e+00 -5.7042190948892890e-01
 177 -1.6576388476343784e-04 -3.3045711321079733e-04 -2.8098667108329453e-03 -3.1943455792739781e-03  0.0000000000000000e+00 -5.4757204756595534e-01
 178  1.3066138410341174e-04 -5.3150824470156672e-04 -3.9030602473574911e-03 -1.5599283714345265e-03  0.0000000000000000e+00 -5.0873850637982454e-01
 179 -3.0904132309431950e-04 -2.1923232299825513e-04 -3.9990264516203246e-03  4.0816596569334223e-04  0.0000000000000000e+00 -4.8394776229750863e-01
 180 -6.2249849392674941e-04  8.7531826973344937e-04 -3.4340520120871324e-03  2.2634305428250803e-03  0.0000000000000000e+00 -4.9213591114021937e-01
 181  1.8163996836286617e-04  1.6815661253714316e-03 -2.6684537826797416e-03  3.2984003534208156e-03  0.0000000000000000e+00 -5.1560710533974419e-01
 182  1.0863720440566860e-03  9.2517485057886653e-04 -1.5033389812431736e-03  3.5666847916226265e-03  0.0000000000000000e+00 -5.4484866738259996e-01
 183  8.6337366756660862e-04 -7.9874742487154944e-04  1.2221943830677468e-04  3.6687666576635000e-03  0.0000000000000000e+00 -5.7521063164917707e-01
 184 -3.5976756165511173e-04 -1.4670450431700016e-03  1.6563093077972639e-03  3.6205633538241543e-03  0.0000000000000000e+00 -5.7574956984731729e-01
 185 -1.1491200656141445e-03 -6.0494724134007867e-04  2.7718183709555706e-03  2.8387307123140205e-03  0.0000000000000000e+00 -5.5043295178163532e-01
 186 -4.7331562279383796e-04  5.0350175376322420e-04  3.6694049676295184e-03  1.1860422396333589e-03  0.0000000000000000e+00 -5.1891200499770729e-01
 187  4.2482298205160837e-04  8.1186336754030029e-04  4.1294642420778033e-03 -6.8132942667177272e-04  0.0000000000000000e+00 -5.0162177472297798e-01
 188  4.2169202202723365e-04  6.1303124919688653e-04  3.7280485393787941e-03 -2.3800621840363518e-03  0.0000000000000000e+00 -5.1657416119343169e-01
 189 -2.6046216264726279e-05  6.6230697527106127e-04  2.6174430292950812e-03 -3.6961017506708326e-03  0.0000000000000000e+00 -5.5343886538200115e-01
 190  2.4605925686131344e-05  7.1001201079953682e-04  1.1733334905091907e-03 -4.2629379657685195e-03  0.0000000000000000e+00 -5.8932331955912431e-01
 191  4.5532105081579906e-04  3.2639563185865650e-05 -5.5799892166654460e-04 -4.0653520714543541e-03  0.0000000000000000e+00 -6.0729263037239412e-01
 192  3.9650973710384933e-04 -1.0956017006968613e-03 -2.2669509776901387e-03 -3.4187380928812523e-03  0.0000000000000000e+00 -5.9956594271337982e-01
 193 -3.9374107134301957e-04 -1.3225661432249385e-03 -3.3085026695577925e-03 -2.3295503446032853e-03  0.0000000000000000e+00 -5.6430319597383516e-01
 194 -1.0539278478393715e-03 -1.7703611523804298e-04 -3.6244073955404963e-03 -6.5053455097120424e-04  0.0000000000000000e+00 -5.3181936716093892e-01
 195 -4.4740538640528863e-04  1.2593968658650039e-03 -3.6551967725575543e-03  1.1637454239785017e-03  0.0000000000000000e+00 -5.2428830791630565e-01
 196  7.2269031691367467e-04  1.6440759757995250e-03 -3.4266466342893222e-03  2.4266553364710921e-03  0.0000000000000000e+00 -5.3566788478555472e-01
 197  1.0512468116927304e-03  6.4041617340181926e-04 -2.5526833338177153e-03  3.2753524738918498e-03  0.0000000000000000e+00 -5.7208836184192058e-01
 198  3.2721104198530341e-04 -4.2139654435184381e-04 -1.0214498515642169e-03  3.9847538496740331e-03  0.0000000000000000e+00 -6.1349793110504780e-01
 199 -5.2454977014502698e-04 -5.7486784284019635e-04  6.6558263394880747e-04  4.2663147578286464e-03  0.0000000000000000e+00 -6.3338373448872676e-01
 200 -4.5198068635604767e-04 -3.1142104501881017e-04  2.2790854825360499e-03  3.6231968629414613e-03  0.0000000000000000e+00 -6.2124661166994533e-01
 201  8.0744914396439681e-05 -3.6615607013188161e-04  3.6231203838245616e-03  2.1587855232343368e-03  0.0000000000000000e+00 -5.8475018324485317e-01
 202 -1.8158667669652162e-05 -3.7482562969522762e-04  4.1058499968757963e-03  2.6110493497621306e-04  0.0000000000000000e+00 -5.5241875839686116e-01
 203 -5.5682812150629308e-04  4.1096506636216772e-04  3.6873022098049763e-03 -1.7159606246256664e-03  0.0000000000000000e+00 -5.4969749633547793e-01
 204 -2.4464411969611746e-04  1.4610969514562710e-03  2.9413238436252964e-03 -3.1124081460805757e-03  0.0000000000000000e+00 -5.7216784531033760e-01
 205  7.8694844463312187e-04  1.3962165809618910e-03  1.9247377514398950e-03 -3.5765589076935779e-03  0.0000000000000000e+00 -5.9864165712758177e-01
 206  1.0932260424173310e-03 -1.6116737083720945e-04  4.0775637780620755e-04 -3.6487462788844616e-03  0.0000000000000000e+00 -6.3054883788053939e-01
 207  1.8279315418380363e-04 -1.4503069932651216e-03 -1.2351490032984898e-03 -3.6495909949952436e-03  0.0000000000000000e+00 -6.4277653497356513e-01
 208 -1.0042355676623553e-03 -1.0840598334409921e-03 -2.4599844697782698e-03 -3.1725756600251196e-03  0.0000000000000000e+00 -6.2262549843787429e-01
 209 -9.0347775964931532e-04  1.5256240535814570e-04 -3.3751462434729413e-03 -1.7706451080259061e-03  0.0000000000000000e+00 -5.9178559196697578e-01
 210  1.4708445645065520e-04  8.8308857251715030e-04 -4.0205056267330567e-03  8.4886787954822416e-05  0.0000000000000000e+00 -5.6726309103429629e-01
 211  5.7869766371742507e-04  7.6123254960902293e-04 -3.9646473544408568e-03  1.8277821707744011e-03  0.0000000000000000e+00 -5.7116339273304051e-01
 212  1.9918064267900826e-04  5.8219873482364228e-04 -3.0627831110994698e-03  3.2893084291581837e-03  0.0000000000000000e+00 -6.0329755007321895e-01
 213 -8.3460399607025384e-05  6.5167409250410061e-04 -1.6965239159926404e-03  4.1755088427935603e-03  0.0000000000000000e+00 -6.4298326209120216e-01
 214  2.2610979586011183e-04  3.4213908500486305e-04 -5.3105570553283717e-05  4.2428043919427059e-03  0.0000000000000000e+00 -6.6854219695755834e-01
 215  4.6609993009452607e-04 -6.5691329394432804e-04  1.7409491899856788e-03  3.7106599436999895e-03  0.0000000000000000e+00 -6.6982116881314646e-01
 216 -7.0633677134811783e-06 -1.3690929251249980e-03  3.0909948073275955e-03  2.7547717339924034e-03  0.0000000000000000e+00 -6.4209260432542692e-01
 217 -8.6024906424355784e-04 -7.2870841966839455e-04  3.6075205014341077e-03  1.2490120424862097e-03  0.0000000000000000e+00 -6.0345943772885313e-01
 218 -8.4877020092064112e-04  7.5680433375360789e-04  3.6531333379375037e-03 -6.2711636583033645e-04  0.0000000000000000e+00 -5.8822160718224858e-01
 219  2.8857907020411229e-04  1.7148220041016838e-03  3.5121790119908565e-03 -2.1056607601713765e-03  0.0000000000000000e+00 -5.9329470873925638e-01
 220  1.0884138215486213e-03  1.1526986379276304e-03  2.8990041817374087e-03 -3.0056492126078905e-03  0.0000000000000000e+00 -6.2049413740819892e-01
 221  7.3962715891406189e-04 -1.4940244136300507e-04  1.5614048681232163e-03 -3.7182921779943742e-03  0.0000000000000000e+00 -6.6375425251978515e-01
 222 -2.6842195356120447e-04 -7.1009589487713387e-04 -1.2372622187398102e-04 -4.2115178438582946e-03  0.0000000000000000e+00 -6.9248662298356400e-01
 223 -6.6780706233735855e-04 -4.3823311937890271e-04 -1.7414197415245459e-03 -3.9437012428192577e-03  0.0000000000000000e+00 -6.9154436046610679e-01
 224 -1.4209299921711987e-04 -2.3578708507435614e-04 -3.2153692295331456e-03 -2.7159153021966880e-03  0.0000000000000000e+00 -6.6097134410534109e-01
 225  1.5101661520616693e-04 -3.4467373068170366e-04 -4.0765939533503187e-03 -9.1796951115246837e-04  0.0000000000000000e+00 -6.2410753303537081e-01
 226 -3.0959320561542718e-04  5.1435921954075493e-05 -3.9290362204543018e-03  1.0873390964656459e-03  0.0000000000000000e+00 -6.1015805036671666e-01
 227 -4.9155598310765070e-04  1.0775521816884046e-03 -3.2172664876106523e-03  2.7840809566120465e-03  0.0000000000000000e+00 -6.2777580196800686e-01
 228  3.6333144062080660e-04  1.5861727418927281e-03 -2.2944523149656783e-03  3.5598129771883084e-03  0.0000000000000000e+00 -6.5429937912793679e-01
 229  1.0910330042922245e-03  5.1834531911766960e-04 -9.2755236980048906e-04  3.6704401524939819e-03  0.0000000000000000e+00 -6.8418904687289739e-01
 230  6.5425242066708875e-04 -1.1333223664371560e-03  7.5648809501225147e-04  3.6561343356573601e-03  0.0000000000000000e+00 -7.0621005935091619e-01
 231 -6.0494008527984470e-04 -1.4394061033031656e-03  2.1435655855143246e-03  3.3854364951810354e-03  0.0000000000000000e+00 -6.9456918450266325e-01
 232 -1.1549141118306558e-03 -3.3806040043346406e-04  3.0901301809286639e-03  2.2977048334552287e-03  0.0000000000000000e+00 -6.6453787189996905e-01
 233 -2.8775674121511908e-04  7.7068638309662379e-04  3.8208514904920212e-03  5.1428234845321845e-04  0.0000000000000000e+00 -6.3639213995681077e-01
 234  5.5493041521484235e-04  9.5616156191187225e-04  4.0646406569467388e-03 -1.2721994448803794e-03  0.0000000000000000e+00 -6.2903052478212029e-01
 235  4.6494753641327242e-04  6.3230105603181259e-04  3.4565950199503853e-03 -2.8131760773037404e-03  0.0000000000000000e+00 -6.5356531128626894e-01
 236 -9.3618312281423651e-06  5.4848712022942424e-04  2.2003101017823868e-03 -3.9453229012689529e-03  0.0000000000000000e+00 -6.9396707317570716e-01
 237  6.4978045140918183e-06  4.6480507618001644e-04  6.3931046175915210e-04 -4.3353003411808876e-03  0.0000000000000000e+00 -7.2697490359723604e-01
 238  3.6504517777330756e-04 -2.2782574663223113e-04 -1.1454534469768146e-03 -3.9813358666396454e-03  0.0000000000000000e+00 -7.3690332486409260e-01
 239  2.5768484854120713e-04 -1.1651349004292003e-03 -2.7463330822021063e-03 -3.1400489808962517e-03  0.0000000000000000e+00 -7.1836599327696959e-01
 240 -5.0403594839641133e-04 -1.1141211088269282e-03 -3.5584529509850014e-03 -1.8044259426809224e-03  0.0000000000000000e+00 -6.7891401004313356e-01
 241 -1.0066373513275427e-03  1.6122403350312496e-04 -3.6753938805782738e-03  2.8012747931183464e-05  0.0000000000000000e+00 -6.5351777509062869e-01
 242 -2.2998094360431528e-04  1.5030897018302152e-03 -3.5549741386572760e-03  1.7285013946346419e-03  0.0000000000000000e+00 -6.5388004703535030e-01
 243  8.9787717524346367e-04  1.5773145137855894e-03 -3.1395009691357872e-03  2.7617417301006391e-03  0.0000000000000000e+00 -6.7186150549218160e-01
 244  1.0457870424130712e-03  3.1559138741947426e-04 -2.0514491964204727e-03  3.4552137226570431e-03  0.0000000000000000e+00 -7.1203298898444856e-01
 245  1.5090376328853912e-04 -7.1131668857103182e-04 -4.2110935671738780e-04  4.0429433092273766e-03  0.0000000000000000e+00 -7.4828454675210965e-01
 246 -6.9531623312887793e-04 -6.5754104237956913e-04  1.2182396680220449e-03  4.1217057740307716e-03  0.0000000000000000e+00 -7.5775673812140687e-01
 247 -4.5983462954473357e-04 -2.3351150144083582e-04  2.7329542739627719e-03  3.2117337359699192e-03  0.0000000000000000e+00 -7.3610701287356739e-01
 248  1.3161366898258741e-04 -2.0752364125733728e-04  3.8871070420634481e-03  1.5513450393140240e-03  0.0000000000000000e+00 -6.9801850905748819e-01
 249 -1.7216013594729457e-05 -1.3291692036358218e-04  4.1085362784760273e-03 -4.2397579213290061e-04  0.0000000000000000e+00 -6.7441440796848207e-01
 250 -4.9204759632194659e-04  6.5312582815164183e-04  3.5079139149715643e-03 -2.3127326563280488e-03  0.0000000000000000e+00 -6.8313258754419637e-01
 251 -6.0278823081465012e-05  1.4929028218552721e-03  2.6271639057315597e-03 -3.4590716332040129e-03  0.0000000000000000e+00 -7.1036904529652378e-01
 252  8.7085154162058721e-04  1.0758130123237667e-03  1.4137799494091442e-03 -3.7205226934158126e-03  0.0000000000000000e+00 -7.3834039387508277e-01
 253  9.5449688421352314e-04 -5.7217134398834021e-04 -2.3264822800350834e-04 -3.6788611183518095e-03  0.0000000000000000e+00 -7.6556903020233735e-01
 254 -7.9937598330840552e-05 -1.5590756589880009e-03 -1.7868216221420094e-03 -3.5069194736591799e-03  0.0000000000000000e+00 -7.6529058708343345e-01
 255 -1.1218585877656533e-03 -8.6897119515757170e-04 -2.8264446431783626e-03 -2.7311571469704741e-03  0.0000000000000000e+00 -7.3730058437510071e-01
 256 -7.5737834067711755e-04  4.5029932703771823e-04 -3.5821561424452370e-03 -1.1114390747788147e-03  0.0000000000000000e+00 -7.0753083865907396e-01
 257  3.2269073577750770e-04  1.0799874560602203e-03 -4.0323229679018295e-03  7.1549273840875989e-04  0.0000000000000000e+00 -6.9099165221200010e-01
 258  6.5481007714646177e-04  8.1073197391094058e-04 -3.7571234524386068e-03  2.3100654684512327e-03  0.0000000000000000e+00 -7.0536724254479355e-01
 259  2.1505799319357935e-04  4.9984698351762484e-04 -2.6837926852807509e-03  3.5971815049951148e-03  0.0000000000000000e+00 -7.4337333831690544e-01
 260 -9.8311623878284755e-05  4.4517868959284925e-04 -1.1955278502584939e-03  4.3047068450398343e-03  0.0000000000000000e+00 -7.8212329530850966e-01
 261  1.5915415205345848e-04  7.9739823140261942e-05  5.2800984612725590e-04  4.2084849880639347e-03  0.0000000000000000e+00 -8.0109037666822747e-01
 262  3.4937878700945941e-04 -8.0579033159850443e-04  2.2773320449712624e-03  3.4972789885620663e-03  0.0000000000000000e+00 -7.9186774133702942e-01
 263 -1.2943808911590571e-04 -1.2583052411310762e-03  3.4248073280009864e-03  2.3083668721926901e-03  0.0000000000000000e+00 -7.5658387772005975e-01
 264 -8.9130744898061130e-04 -4.1420194242740912e-04  3.7132322873277817e-03  5.9494308860805244e-04  0.0000000000000000e+00 -7.2190301514582722e-01
 265 -6.8313084460755479e-04  1.0641339050174220e-03  3.5962818952783729e-03 -1.2641933665596457e-03  0.0000000000000000e+00 -7.1576312826476673e-01
 266  5.0836332359673335e-04  1.7793135687398443e-03  3.2935199536068445e-03 -2.5161400083822103e-03  0.0000000000000000e+00 -7.2726134379088558e-01
 267  1.1618774332721757e-03  8.8159317962455217e-04  2.4618352957013079e-03 -3.2248499253376222e-03  0.0000000000000000e+00 -7.5994072856021433e-01
 268  6.1031550881929556e-04 -5.0034872049475269e-04  9.6622473413692617e-04 -3.8188804960995627e-03  0.0000000000000000e+00 -8.0116850287605801e-01
 269 -4.8190749618843529e-04 -8.6808377170599887e-04 -7.0584051936706802e-04 -4.1488857827527608e-03  0.0000000000000000e+00 -8.2027675871198213e-01
 270 -7.3961502070374460e-04 -3.8711780118657555e-04 -2.2303474699198553e-03 -3.6148030866560766e-03  0.0000000000000000e+00 -8.0881414512623573e-01
 271 -7.7990388693042911e-05 -8.8039720786186178e-05 -3.5563200067538605e-03 -2.1527319941582459e-03  0.0000000000000000e+00 -7.7336340035907947e-01
 272  1.8249499219263575e-04 -1.3580242002968949e-04 -4.1682868968484048e-03 -2.4215566526143234e-04  0.0000000000000000e+00 -7.4226540134009178e-01
 273 -2.8975063784854842e-04  3.0093767135580594e-04 -3.7963403345777028e-03  1.7339532326763813e-03  0.0000000000000000e+00 -7.4021383108953898e-01
 274 -3.4593519506828831e-04  1.2033817920977950e-03 -2.9485790305419719e-03  3.2241477999974916e-03  0.0000000000000000e+00 -7.6536887449364044e-01
 275  5.0351579974457932e-04  1.3900776962425950e-03 -1.8547364422890247e-03  3.7589762800101238e-03  0.0000000000000000e+00 -7.9380905086357556e-01
 276  1.0348737277802961e-03  9.4446930280228688e-05 -3.1246506950089148e-04  3.7352697636981345e-03  0.0000000000000000e+00 -8.2200244197991068e-01
 277  4.1836688613130406e-04 -1.3799842366438416e-03  1.3617945511613062e-03  3.5847826068083522e-03  0.0000000000000000e+00 -8.3319329476705628e-01
 278 -8.0995607140661914e-04 -1.3171811247836486e-03  2.5678173901222336e-03  3.0545225210327188e-03  0.0000000000000000e+00 -8.1078581145974327e-01
 279 -1.0966836398570989e-03 -3.5277610062553901e-05  3.3453295695419398e-03  1.6857695352343982e-03  0.0000000000000000e+00 -7.7937127527916805e-01
 280 -8.7821886972693451e-05  1.0244499594414497e-03  3.9014793643183387e-03 -1.4832072930851458e-04  0.0000000000000000e+00 -7.5699582705683544e-01
 281  6.7720326585692472e-04  1.0496548614513733e-03  3.9306180370772331e-03 -1.8032887230254896e-03  0.0000000000000000e+00 -7.5990436350011847e-01
 282  4.9563988306670708e-04  5.7700753138711675e-04  3.1244343063343552e-03 -3.1743491882325575e-03  0.0000000000000000e+00 -7.9237453215540476e-01
 283 -2.6003394897190324e-05  3.7343348333430671e-04  1.7305004896562154e-03 -4.1328861936539658e-03  0.0000000000000000e+00 -8.3407839533626582e-01
 284 -4.8650683277439501e-05  2.1767289397261748e-04  7.6874973791756307e-05 -4.3531776190899795e-03  0.0000000000000000e+00 -8.6204201382164680e-01
 285  2.6989688876740385e-04 -4.2491590010119903e-04 -1.7148325474665700e-03 -3.8258039553123241e-03  0.0000000000000000e+00 -8.6233345191078559e-01
 286  1.4299999823087455e-04 -1.1532745945742524e-03 -3.1634049606162422e-03 -2.7691620163047856e-03  0.0000000000000000e+00 -8.3421378766176979e-01
 287 -5.8355087338329218e-04 -8.5681748797739662e-04 -3.7328461137479986e-03 -1.2033999075436788e-03  0.0000000000000000e+00 -7.9456646973795264e-01
 288 -9.2316747650369459e-04  4.9816615363512348e-04 -3.6613394157931508e-03  7.0870176267854429e-04  0.0000000000000000e+00 -7.7845522295688008e-01
 289  8.7463048972761678e-07  1.6878845114689036e-03 -3.3941641591805172e-03  2.2265268623586055e-03  0.0000000000000000e+00 -7.8593979383592050e-01
 290  1.0461237137031423e-03  1.4067899929319780e-03 -2.7769176559229044e-03  3.0321059942242635e-03  0.0000000000000000e+00 -8.0978149587217363e-01
 291  9.8549641977891561e-04 -6.2131787224714092e-05 -1.4862955333233086e-03  3.5917992508058072e-03  0.0000000000000000e+00 -8.5132885615965981e-01
 292 -6.8291017838447354e-05 -9.5815400547492402e-04  1.8899399587786499e-04  4.0487975148068645e-03  0.0000000000000000e+00 -8.7957978966462169e-01
 293 -8.4471383854477201e-04 -6.5539492110968831e-04  1.7393770645143275e-03  3.8865593224385068e-03  0.0000000000000000e+00 -8.7803324508887337e-01
 294 -4.1607501461401016e-04 -9.1915775742600571e-05  3.1321343883630088e-03  2.7060737073317776e-03  0.0000000000000000e+00 -8.4890472718382914e-01
 295  2.0160766176469959e-04 -2.0396368940770867e-05  4.0713774331682853e-03  8.9437326048901942e-04  0.0000000000000000e+00 -8.1308352037910780e-01
 296 -5.8171992558777806e-06  1.0215788333097186e-04  4.0389391012249079e-03 -1.0957846005799224e-03  0.0000000000000000e+00 -8.0041543151989147e-01
 297 -4.0459676267881991e-04  8.3691574528391708e-04  3.2769928624782497e-03 -2.8372395481213049e-03  0.0000000000000000e+00 -8.1928654250480859e-01
 298  1.0180505836711113e-04  1.4247447640166686e-03  2.2529135960520997e-03 -3.7302593835679657e-03  0.0000000000000000e+00 -8.4964268236870932e-01
 299  8.9513617633952549e-04  7.0125117361103740e-04  8.4972609639027638e-04 -3.8203992401214808e-03  0.0000000000000000e+00 -8.7753594037577787e-01
 300  7.7394910857156039e-04 -9.2485775486231974e-04 -8.6619430017710586e-04 -3.6606191947783692e-03  0.0000000000000000e+00 -8.9707057402183144e-01
 301 -3.2678859952963053e-04 -1.5628343151977723e-03 -2.2777351220849766e-03 -3.2794442112138878e-03  0.0000000000000000e+00 -8.8433598058205265e-01
 302 -1.1741298074426304e-03 -5.9653919013591817e-04 -3.1289600233223719e-03 -2.2009417834488714e-03  0.0000000000000000e+00 -8.5175187742798386e-01
 303 -5.7636764904511447e-04  7.4844926663160155e-04 -3.7207194825824366e-03 -4.3581672198281604e-04  0.0000000000000000e+00 -8.2581616237499089e-01
 304  4.9237380838855569e-04  1.2352143422016998e-03 -3.9732640632071875e-03  1.2959128980558304e-03  0.0000000000000000e+00 -8.1832322682312320e-01
 305  7.1923576812372590e-04  7.8966811321510644e-04 -3.4848658087944890e-03  2.7205252224280752e-03  0.0000000000000000e+00 -8.4207503191628519e-01
 306  2.0428637908044141e-04  3.4771462218531650e-04 -2.2481874108302943e-03  3.8390953307975090e-03  0.0000000000000000e+00 -8.8375685506915858e-01
 307 -1.5236559256965579e-04  2.1583441431634128e-04 -6.5669983270038245e-04  4.3784501074335125e-03  0.0000000000000000e+00 -9.1930767295561400e-01
 308  7.6354289035452088e-05 -1.3782337966566850e-04  1.1070696552634106e-03  4.1088988001441616e-03  0.0000000000000000e+00 -9.2976402666878111e-01
 309  2.5039184402540901e-04 -8.7418617303786778e-04  2.7640390842118244e-03  3.1962979894605654e-03  0.0000000000000000e+00 -9.1014480555770971e-01
 310 -2.2378850781593139e-04 -1.0830830978792606e-03  3.6821496891357160e-03  1.7754892101979720e-03  0.0000000000000000e+00 -8.7071021249109626e-01
 311 -8.8880295095602980e-04 -8.2890823863056878e-05  3.7490029876749579e-03 -9.0768232221394860e-05  0.0000000000000000e+00 -8.4343741642578873e-01
 312 -4.8842312682917898e-04  1.3347097222110031e-03  3.4812674851140714e-03 -1.8497130468522155e-03  0.0000000000000000e+00 -8.4611882524232374e-01
 313  7.1398343304348839e-04  1.7436144935608112e-03  3.0051290701961237e-03 -2.8542526639118129e-03  0.0000000000000000e+00 -8.6324369543045687e-01
 314  1.1842836956531299e-03  5.2944322446228187e-04  1.9510637514755156e-03 -3.3962105735028019e-03  0.0000000000000000e+00 -8.9985359149188449e-01
 315  4.2644258503736200e-04 -8.3502757154820613e-04  3.4205891382864455e-04 -3.8757341644469474e-03  0.0000000000000000e+00 -9.3585213901186659e-01
 316 -6.9707049636645742e-04 -9.4276305801708961e-04 -1.2626871421790070e-03 -4.0080859804882026e-03  0.0000000000000000e+00 -9.4389985519894370e-01
 317 -7.5700082265428039e-04 -2.6120962256834246e-04 -2.6714137319067775e-03 -3.1854400074010527e-03  0.0000000000000000e+00 -9.2317986795290585e-01
 318  1.8606296155578110e-05  9.5781311966398051e-05 -3.8237625554866529e-03 -1.5246790355779359e-03  0.0000000000000000e+00 -8.8637946237273091e-01
 319  2.1944667254797970e-04  7.7458205250411396e-05 -4.1796556681249200e-03  4.3754876185682210e-04  0.0000000000000000e+00 -8.6414609933231323e-01
 320 -2.4984820870045503e-04  5.0942176909835610e-04 -3.6068789305642866e-03  2.3222691679523084e-03  0.0000000000000000e+00 -8.7375176775446006e-01
 321 -2.0183498921608155e-04  1.2396663004047102e-03 -2.6266044962707977e-03  3.5801016503319342e-03  0.0000000000000000e+00 -9.0438306120585166e-01
 322  5.9146071628910239e-04  1.1122583461358089e-03 -1.3556373483351529e-03  3.9034612480021865e-03  0.0000000000000000e+00 -9.3348623916171780e-01
 323  9.2580009584768575e-04 -3.0840142443660265e-04  3.1829151257504979e-04  3.7575163041360434e-03  0.0000000000000000e+00 -9.5722612639716809e-01
 324  1.7619061039945267e-04 -1.5239216116445075e-03  1.9174308451410348e-03  3.4422560822796530e-03  0.0000000000000000e+00 -9.5620299671387621e-01
 325 -9.6074653040126073e-04 -1.1160704545189711e-03  2.9247668613305053e-03  2.6276813291129424e-03  0.0000000000000000e+00 -9.2560390111887103e-01
 326 -9.8508135603760138e-04  2.8416121831832387e-04  3.5338959264644221e-03  1.0286339298650909e-03  0.0000000000000000e+00 -8.9605388378545103e-01
 327  1.1539364193393207e-04  1.2493604138138117e-03  3.9117129387777070e-03 -7.7589248562587245e-04  0.0000000000000000e+00 -8.8106665878381940e-01
 328  7.8862751439555585e-04  1.0785756435547651e-03  3.7291653901194970e-03 -2.2642447208375232e-03  0.0000000000000000e+00 -8.9381820215099339e-01
 329  5.0506768447725471e-04  4.4620435201654424e-04  2.7320133771756017e-03 -3.4663755439527707e-03  0.0000000000000000e+00 -9.3227709649883250e-01
 330 -8.1380590542157828e-05  1.5755970104464623e-04  1.2156610597348094e-03 -4.2635155781169057e-03  0.0000000000000000e+00 -9.7292904399739710e-01
 331 -1.3011141605836184e-04 -4.0998776044012666e-06 -4.9700389215192730e-04 -4.3111718148574167e-03  0.0000000000000000e+00 -9.9373924372924227e-01
 332  1.8500854235177920e-04 -5.4788843159436112e-04 -2.2497745061334784e-03 -3.5891125385697090e-03  0.0000000000000000e+00 -9.8362185226951326e-01
 333  5.5642857495019381e-05 -1.0677374335547008e-03 -3.5089223358951154e-03 -2.3077316581877469e-03  0.0000000000000000e+00 -9.4833350799180882e-01
 334 -6.3485720076129708e-04 -5.6507832362186336e-04 -3.8315714066455811e-03 -5.4707489275242010e-04  0.0000000000000000e+00 -9.1256479899120779e-01
 335 -8.0336621714667262e-04  8.1728935533432231e-04 -3.5869249548560957e-03  1.3626894380132976e-03  0.0000000000000000e+00 -9.0669344062643131e-01
 336  2.3419477182986276e-04  1.7909410287430447e-03 -3.1715410782193060e-03  2.6486986830127931e-03  0.0000000000000000e+00 -9.2019321845661484e-01
 337  1.1527834625489229e-03  1.1353899513675764e-03 -2.3385814166258716e-03  3.2453154939401404e-03  0.0000000000000000e+00 -9.4899607605541980e-01
 338  8.6620858950944423e-04 -4.5821094199210559e-04 -8.7404213913583361e-04  3.6880104310664207e-03  0.0000000000000000e+00 -9.8896183146050243e-01
 339 -3.1371607449466707e-04 -1.1318261092162732e-03  7.8408843788689510e-04  3.9920112655145923e-03  0.0000000000000000e+00 -1.0069209185373749e+00
 340 -9.4996793568851324e-04 -5.6765205596097216e-04  2.2155888767113269e-03  3.5527649353028455e-03  0.0000000000000000e+00 -9.9488170958262268e-01
 341 -3.2370195893912691e-04  9.6905500552221072e-05  3.4661559106407475e-03  2.1218123203291463e-03  0.0000000000000000e+00 -9.6120467636124163e-01
 342  2.8067096968318174e-04  1.7822927676371402e-04  4.1732626382017367e-03  2.1791260529541826e-04  0.0000000000000000e+00 -9.3125775396169952e-01
 343  1.6843696043564119e-05  3.1083530559881988e-04  3.9041325081613132e-03 -1.7250746546438127e-03  0.0000000000000000e+00 -9.3042042875320319e-01
 344 -3.0515925090567666e-04  9.4538701227402750e-04  2.9963897527363792e-03 -3.2776437829421571e-03  0.0000000000000000e+00 -9.5750724620069749e-01
 345  2.2564852405075172e-04  1.2631065876532483e-03  1.8202461162943151e-03 -3.9335858054945988e-03  0.0000000000000000e+00 -9.8948059475326877e-01
 346  8.6175642571030846e-04  3.0969677009982433e-04  2.5160101275559314e-04 -3.8775182555764701e-03  0.0000000000000000e+00 -1.0151987709125692e+00
 347  5.6978303243459942e-04 -1.1929728918678784e-03 -1.4683984011033999e-03 -3.5833419366697707e-03  0.0000000000000000e+00 -1.0246264156492626e+00
 348 -5.3841793032415389e-04 -1.4708190662806977e-03 -2.6994657549295614e-03 -2.9599131764100660e-03  0.0000000000000000e+00 -1.0008371492700390e+00
 349 -1.1645756916640743e-03 -2.8777518581613520e-04 -3.3646975384129148e-03 -1.6005834910498566e-03  0.0000000000000000e+00 -9.6726096707763809e-01
 350 -3.7507102956433778e-04  1.0319934898153588e-03 -3.7900879816650636e-03  2.2684466082517008e-04  0.0000000000000000e+00 -9.4725564205235602e-01
 351  6.5276636774775818e-04  1.3339131184412392e-03 -3.8455542742272817e-03  1.8108019140687969e-03  0.0000000000000000e+00 -9.4902869464418238e-01
 352  7.6553473890244705e-04  6.9107636954010771e-04 -3.1485768372578860e-03  3.0591992599770927e-03  0.0000000000000000e+00 -9.8064118104209885e-01
 353  1.5802339468586448e-04  1.4009237227666766e-04 -1.7607737752156898e-03  4.0213021770256650e-03  0.0000000000000000e+00 -1.0236377288224476e+00
 354 -2.4035736735830528e-04 -7.9876414483810530e-06 -9.5116178428213382e-05  4.3953193748028580e-03  0.0000000000000000e+00 -1.0537049231442683e+00
 355 -5.6400801372415194e-06 -2.9263412028608990e-04  1.6665979165913368e-03  3.9343603464604294e-03  0.0000000000000000e+00 -1.0542763281532446e+00
 356  1.7721623162167207e-04 -8.6536601730820121e-04  3.1889382700906396e-03  2.8047554121632401e-03  0.0000000000000000e+00 -1.0255689762883260e+00
 357 -2.9317308899170629e-04 -8.5724526902458166e-04  3.8597785999467879e-03  1.1711897106224660e-03  0.0000000000000000e+00 -9.8597834733883105e-01
 358 -8.5204298962505856e-04  2.4896353630187319e-04  3.7191685955326958e-03 -7.7864874376065360e-04  0.0000000000000000e+00 -9.6857088605014352e-01
 359 -2.7231761845299200e-04  1.5474196299977208e-03  3.3105094337561765e-03 -2.3649885298619847e-03  0.0000000000000000e+00 -9.7896869966752198e-01
 360  8.9086691399501046e-04  1.5988920797015036e-03  2.6449216427358885e-03 -3.1243200752954542e-03  0.0000000000000000e+00 -1.0009659445350954e+00
 361  1.1472171606715324e-03  1.2340850991734620e-04  1.3787040855046111e-03 -3.5260621239774493e-03  0.0000000000000000e+00 -1.0393435417668571e+00
 362  1.9718444654711449e-04 -1.1166698886302575e-03 -2.8428352320126310e-04 -3.8835080814181759e-03  0.0000000000000000e+00 -1.0670851187412032e+00
 363 -8.8892767301028061e-04 -9.2446722100886854e-04 -1.7769066809634380e-03 -3.7780013156857870e-03  0.0000000000000000e+00 -1.0637439898893601e+00
 364 -7.1371730131367583e-04 -7.4578543562928354e-05 -3.0545699139057471e-03 -2.6651516058644252e-03  0.0000000000000000e+00 -1.0360457158190675e+00
 365  1.3563218736009560e-04  2.9748327222860681e-04 -4.0120379688421103e-03 -8.6057457444246204e-04  0.0000000000000000e+00 -1.0015871523585629e+00
 366  2.5957732643040494e-04  2.7598881615018591e-04 -4.1165548759065666e-03  1.0903053104974103e-03  0.0000000000000000e+00 -9.9017043873432675e-01
 367 -1.9477347371947725e-04  6.5799133933051000e-04 -3.3656966609350862e-03  2.8337665984755700e-03  0.0000000000000000e+00 -1.0101460382457046e+00
 368 -7.7269042478521116e-05  1.1834599716877812e-03 -2.2509296673280817e-03  3.8561084649704571e-03  0.0000000000000000e+00 -1.0442809095842827e+00
 369  6.2337467063413243e-04  7.8384841573745322e-04 -8.1019364184936995e-04  3.9988470941915077e-03  0.0000000000000000e+00 -1.0724659805827708e+00
 370  7.7903999143219332e-04 -6.5652781661631955e-04  9.3965722568213291e-04  3.7294310247534580e-03  0.0000000000000000e+00 -1.0890334744944443e+00
 371 -5.1368204189296751e-05 -1.5644201825760016e-03  2.4089168902628709e-03  3.2177005687643399e-03  0.0000000000000000e+00 -1.0757590927148368e+00
 372 -1.0529708632545445e-03 -8.5658449361827925e-04  3.2120010505711821e-03  2.1143341519668187e-03  0.0000000000000000e+00 -1.0403745973798344e+00
 373 -8.3445669274568657e-04  6.0392087335349866e-04  3.6538284450548823e-03  3.5586978444945454e-04  0.0000000000000000e+00 -1.0154358866407573e+00
 374  3.1515473369439793e-04  1.4305375729733046e-03  3.8533978162965379e-03 -1.3475402084292057e-03  0.0000000000000000e+00 -1.0085973648596944e+00
 375  8.8508247781012104e-04  1.0319159340097489e-03  3.4612983906698123e-03 -2.6510851190570343e-03  0.0000000000000000e+00 -1.0302229959771279e+00
 376  4.8400616124263989e-04  2.4710189611757105e-04  2.2818872678905078e-03 -3.6948957686811011e-03  0.0000000000000000e+00 -1.0724908958682566e+00
 377 -1.7600652086760440e-04 -7.2951773612169089e-05  6.6836927365820030e-04 -4.3391305305328660e-03  0.0000000000000000e+00 -1.1096557950342718e+00
 378 -2.2292038081482649e-04 -1.7698606389248529e-04 -1.0642948468713681e-03 -4.2009925215982262e-03  0.0000000000000000e+00 -1.1215321184506606e+00
 379  1.2284169129729911e-04 -5.9366919620797197e-04 -2.7358950880134185e-03 -3.2649272436678523e-03  0.0000000000000000e+00 -1.1012971257961197e+00
 380 -5.5297040553347556e-06 -9.2008904139106269e-04 -3.7761810210242114e-03 -1.7652327661977002e-03  0.0000000000000000e+00 -1.0622133310837043e+00
 381 -6.5880853559792906e-04 -2.5526011218874684e-04 -3.8577209994236695e-03  1.3803413749378991e-04  0.0000000000000000e+00 -1.0338992314817776e+00
 382 -6.4989756994763052e-04  1.0996848166341202e-03 -3.4572302580962245e-03  1.9637708157463673e-03  0.0000000000000000e+00 -1.0379700712740736e+00
 383  4.5513949847208492e-04  1.7938593054544433e-03 -2.8845897023255336e-03  2.9936147231775473e-03  0.0000000000000000e+00 -1.0563765599367496e+00
 384  1.2055108160763149e-03  7.8022381598990534e-04 -1.8301332879137222e-03  3.4099454008984851e-03  0.0000000000000000e+00 -1.0888648439750179e+00
 385  6.9108427076763586e-04 -8.3338789829074701e-04 -2.3855303141809078e-04  3.7427557366759763e-03  0.0000000000000000e+00 -1.1239686652957641e+00
 386 -5.6251391128405380e-04 -1.2131876419412941e-03  1.3422790180763924e-03  3.8604308096746249e-03  0.0000000000000000e+00 -1.1303001378599535e+00
 387 -9.9515642822111880e-04 -4.0428139175365061e-04  2.6373759154786785e-03  3.1210055175410196e-03  0.0000000000000000e+00 -1.1094125740183036e+00
 388 -1.9342956418334629e-04  3.1394132194740410e-04  3.7274929033006879e-03  1.4835954195468639e-03  0.0000000000000000e+00 -1.0746012291631739e+00
 389  3.6153064323111262e-04  3.7074626340059461e-04  4.1950401440148926e-03 -4.4718068128873868e-04  0.0000000000000000e+00 -1.0533346510063077e+00
 390  4.9965395004587762e-05  4.7404694185165753e-04  3.7110392307565395e-03 -2.2892865652908009e-03  0.0000000000000000e+00 -1.0639851995363723e+00
 391 -2.0883917415804868e-04  9.6904481083561562e-04  2.6660668457698551e-03 -3.6322826789848099e-03  0.0000000000000000e+00 -1.0971225450265634e+00
 392  3.0130238229036406e-04  1.0281306390549087e-03  1.3354382118498927e-03 -4.0775730412993772e-03  0.0000000000000000e+00 -1.1291890630412995e+00
 393  7.8077409437057193e-04 -6.2349049572393291e-05 -3.5907276286006108e-04 -3.8885458611476707e-03  0.0000000000000000e+00 -1.1503073448410552e+00
 394  3.6214601156945073e-04 -1.3641078222169144e-03 -2.0206471263259211e-03 -3.4353396633213140e-03  0.0000000000000000e+00 -1.1482475752862809e+00
 395 -7.0368585068004464e-04 -1.2998937411858378e-03 -3.0485493999748226e-03 -2.5480303438760506e-03  0.0000000000000000e+00 -1.1159568269624875e+00
 396 -1.1035598047867779e-03  3.9080748232001421e-05 -3.5317181031131848e-03 -9.5420977296115550e-04  0.0000000000000000e+00 -1.0848596546293821e+00
 397 -1.6397028816168726e-04  1.2880077297056339e-03 -3.7916512498361496e-03  8.5157869321053745e-04  0.0000000000000000e+00 -1.0720490027784928e+00
 398  8.0184666068021230e-04  1.3627552902457890e-03 -3.6507599159747522e-03  2.2521647500025783e-03  0.0000000000000000e+00 -1.0826673681190242e+00
 399  7.8588135634730474e-04  5.1432273249312963e-04 -2.7491442652817859e-03  3.3308807528928653e-03  0.0000000000000000e+00 -1.1203567239623466e+00
 400  7.0313357144031704e-05 -1.0169590919372453e-04 -1.2304052914442821e-03  4.1492560936859579e-03  0.0000000000000000e+00 -1.1621596191640944e+00
 401 -3.5205685972109619e-04 -1.9892154202549145e-04  4.7235283263807382e-04  4.3503934556352953e-03  0.0000000000000000e+00 -1.1846289239936207e+00
 402 -7.0689077143628061e-05 -3.7430604182741456e-04  2.1916818405107990e-03  3.6763060701371216e-03  0.0000000000000000e+00 -1.1747639697518018e+00
 403  1.3305887345779196e-04 -7.8796023999741136e-04  3.5431195782067142e-03  2.3261575213998111e-03  0.0000000000000000e+00 -1.1394084897518393e+00
 404 -3.4074427265511222e-04 -5.9685567565046557e-04  3.9582833573796892e-03  5.1651557707970037e-04  0.0000000000000000e+00 -1.1037121139643684e+00
 405 -7.8050056836869613e-04  5.6351868714617042e-04  3.6295505045250000e-03 -1.4397669465288211e-03  0.0000000000000000e+00 -1.0973252325435292e+00
 406 -4.7778787080954498e-05  1.6814515160688524e-03  3.0835257872938427e-03 -2.8003957217172053e-03  0.0000000000000000e+00 -1.1139460053742831e+00
 407  1.0250509237048316e-03  1.3500414907938380e-03  2.2133074437086261e-03 -3.3346498483427587e-03  0.0000000000000000e+00 -1.1400186195475810e+00
 408  1.0492321841345455e-03 -3.0093442426452677e-04  7.6317550011492641e-04 -3.6171852743766058e-03  0.0000000000000000e+00 -1.1773724138960726e+00
 409 -6.0735515089520075e-05 -1.3171791621461619e-03 -8.8715517340687256e-04 -3.8325826114306632e-03  0.0000000000000000e+00 -1.1944780269014774e+00
 410 -1.0354772923046591e-03 -8.1649554824922844e-04 -2.2376697113434250e-03 -3.4519671818789787e-03  0.0000000000000000e+00 -1.1806148222533406e+00
 411 -6.1420978710401023e-04  1.5441696547167097e-04 -3.3725634478131180e-03 -2.0725526168126267e-03  0.0000000000000000e+00 -1.1489056995120430e+00
 412  2.6146368511263419e-04  5.0001228259134104e-04 -4.1203130282154105e-03 -1.9061508449066036e-04  0.0000000000000000e+00 -1.1200903135848808e+00
 413  3.0257019870458479e-04  4.4142564168860282e-04 -3.9865861701648591e-03  1.6916378737642449e-03  0.0000000000000000e+00 -1.1201910399750856e+00
 414 -1.3415914430785528e-04  7.3294121863162114e-04 -3.0750308964153442e-03  3.2612679596414431e-03  0.0000000000000000e+00 -1.1486484526462069e+00
 415  1.2978149969135067e-05  1.0440344034106336e-03 -1.8228902654032172e-03  4.0615868970663603e-03  0.0000000000000000e+00 -1.1844542178314714e+00
 416  6.0341377559476768e-04  4.3993465013833938e-04 -2.3439169523380385e-04  4.0471811303022590e-03  0.0000000000000000e+00 -1.2097649972577997e+00
 417  6.1331423874023798e-04 -9.2764916291450416e-04  1.5314088403649087e-03  3.6407830130791193e-03  0.0000000000000000e+00 -1.2169580579714725e+00
 418 -2.4878925707404507e-04 -1.5117353566101032e-03  2.8295358522011241e-03  2.9041386221267387e-03  0.0000000000000000e+00 -1.1926889118523174e+00
 419 -1.0912427961137095e-03 -5.5824149974548394e-04  3.4288479867950875e-03  1.5301909605743094e-03  0.0000000000000000e+00 -1.1562961381719203e+00
 420 -6.5715766700954613e-04  9.1184880056285607e-04  3.7058657947366862e-03 -3.0572594535017690e-04  0.0000000000000000e+00 -1.1379351740996761e+00
 421  5.0876561859128941e-04  1.5536285238833462e-03  3.7284652995370118e-03 -1.8508304334901074e-03  0.0000000000000000e+00 -1.1392724704024499e+00
 422  9.6055799445388861e-04  9.0268053483030320e-04  3.1265256970660679e-03 -2.9668517815329446e-03  0.0000000000000000e+00 -1.1684962538437726e+00
 423  4.2376768134345027e-04 -5.2851381906348379e-06  1.7784896029020474e-03 -3.8672366351277659e-03  0.0000000000000000e+00 -1.2121728277977537e+00
 424 -3.0524287723393599e-04 -2.8985003953083534e-04  1.0307695332243639e-04 -4.3582319800728395e-03  0.0000000000000000e+00 -1.2434474442521513e+00
 425 -3.0972543920281030e-04 -2.8432278658038627e-04 -1.6100403295005391e-03 -4.0127596349531147e-03  0.0000000000000000e+00 -1.2451950178496327e+00
 426  9.1306847444035027e-05 -5.6659672593226530e-04 -3.1628856394444555e-03 -2.8511499700518955e-03  0.0000000000000000e+00 -1.2162568413401935e+00
 427 -4.4685670631941977e-05 -7.2441318771564655e-04 -3.9624188501585812e-03 -1.1566322947833322e-03  0.0000000000000000e+00 -1.1772930056551976e+00
 428 -6.5474787685140692e-04  5.5820028197939701e-05 -3.8168692516823157e-03  8.2461718078047656e-04  0.0000000000000000e+00 -1.1590340919662483e+00
 429 -4.7001252786178766e-04  1.3262288883350451e-03 -3.2752703890770031e-03  2.4940708612113840e-03  0.0000000000000000e+00 -1.1718157184693940e+00
 430  6.4853559294629558e-04  1.6882319489777643e-03 -2.5304048764458213e-03  3.2671996038526148e-03  0.0000000000000000e+00 -1.1941851338977691e+00
 431  1.1975018853718818e-03  3.6893142545807618e-04 -1.2625576939220566e-03  3.5331814664563608e-03  0.0000000000000000e+00 -1.2285056988247900e+00
 432  4.6992355559997935e-04 -1.1524376598450463e-03  3.9505184398678139e-04  3.7508452813448494e-03  0.0000000000000000e+00 -1.2555951896268596e+00
 433 -7.9093192180451134e-04 -1.1964443308483661e-03  1.8495122607682685e-03  3.6427742972216970e-03  0.0000000000000000e+00 -1.2501218279375153e+00
 434 -9.7464285506853373e-04 -1.8161887060898080e-04  2.9993772643704926e-03  2.6006596142790885e-03  0.0000000000000000e+00 -1.2228977234859288e+00
 435 -3.8932617960421576e-05  5.4144286995443016e-04  3.9131808261840192e-03  8.1890412293387756e-04  0.0000000000000000e+00 -1.1903533047356860e+00
 436  4.4082980095317575e-04  5.4027205130484260e-04  4.1425757999063095e-03 -1.0758401859515671e-03  0.0000000000000000e+00 -1.1794894248268579e+00
 437  8.9256844424619517e-05  5.7602429160795129e-04  3.4640188495575265e-03 -2.7770006560172600e-03  0.0000000000000000e+00 -1.2004000016240557e+00
 438 -1.3122164210694809e-04  9.0848116642734894e-04  2.2848582191998534e-03 -3.9083084735757863e-03  0.0000000000000000e+00 -1.2374664556058819e+00
 439  3.2657326025509913e-04  7.4828341693465757e-04  8.0776778087676292e-04 -4.1690212941234229e-03  0.0000000000000000e+00 -1.2679106690381556e+00
 440  6.6771905333312513e-04 -3.8622018905896477e-04 -9.6341615380623601e-04 -3.8463436558029019e-03  0.0000000000000000e+00 -1.2820301134431971e+00
 441  1.6834724679399117e-04 -1.4388586317231921e-03 -2.5123859833106853e-03 -3.2060800790839690e-03  0.0000000000000000e+00 -1.2682981183801414e+00
 442 -8.2106076794994092e-04 -1.0684428819787109e-03 -3.3247872007802315e-03 -2.0496736854937504e-03  0.0000000000000000e+00 -1.2308721016235022e+00
 443 -1.0024697795784905e-03  3.7086645422558810e-04 -3.6301148956995213e-03 -2.8614975862241876e-04  0.0000000000000000e+00 -1.2051913665322624e+00
 444  5.1861077191831015e-05  1.5039276717861145e-03 -3.7277890450593512e-03  1.4210854971317582e-03  0.0000000000000000e+00 -1.2000211146085826e+00
 445  9.3637952525665695e-04  1.3101830574796386e-03 -3.3882406266226416e-03  2.6197678961447069e-03  0.0000000000000000e+00 -1.2186974241583932e+00
 446  7.7133021957430370e-04  2.6614586767310965e-04 -2.2875761387018694e-03  3.5435131737928957e-03  0.0000000000000000e+00 -1.2604444580416456e+00
 447 -6.0622701599253788e-05 -3.5147942062041168e-04 -6.6855997152425991e-04  4.2256382366338352e-03  0.0000000000000000e+00 -1.2984453562072698e+00
 448 -4.7268881948671500e-04 -3.3438882051619332e-04  1.0305276506391116e-03  4.2351438152700470e-03  0.0000000000000000e+00 -1.3115974557552799e+00
 449 -1.0564220758887635e-04 -3.8081758844128342e-04  2.6714705873184886e-03  3.3284906725699675e-03  0.0000000000000000e+00 -1.2917312988494773e+00
 450  1.1606096710491401e-04 -6.5404037242424037e-04  3.8212278295685995e-03  1.7696226130473965e-03  0.0000000000000000e+00 -1.2530464392944465e+00
 451 -3.6844619246982521e-04 -3.1834148540191564e-04  3.9816012374728283e-03 -1.6507799549622979e-04  0.0000000000000000e+00 -1.2248146472764596e+00
 452 -6.7578907776559788e-04  8.4295591545902071e-04  3.4854269636542742e-03 -2.0506725538679852e-03  0.0000000000000000e+00 -1.2293273600895502e+00
 453  1.6971555506220602e-04  1.7202741464120096e-03  2.7968845374475638e-03 -3.1560503562823939e-03  0.0000000000000000e+00 -1.2506959437972420e+00
 454  1.1058590261746994e-03  1.0140760178825644e-03  1.7138951055227481e-03 -3.4949249024206893e-03  0.0000000000000000e+00 -1.2797834432046451e+00
 455  8.9503853570595314e-04 -7.0669404973589976e-04  1.2553893581107161e-04 -3.6683711995185381e-03  0.0000000000000000e+00 -1.3129150316630551e+00
 456 -3.2656279911808499e-04 -1.4206888168720188e-03 -1.4477222739949930e-03 -3.7107390063832301e-03  0.0000000000000000e+00 -1.3179870068531392e+00
 457 -1.1218709430518752e-03 -6.3098606607868153e-04 -2.6403741981454835e-03 -3.0292286306229147e-03  0.0000000000000000e+00 -1.2955291169440861e+00
 458 -4.6975684233700244e-04  4.0752981576279489e-04 -3.6214300729893109e-03 -1.4304498548900202e-03  0.0000000000000000e+00 -1.2630430316838173e+00
 459  3.8805717086085978e-04  6.8779742676496590e-04 -4.1514238975181974e-03  4.5963411984189899e-04  0.0000000000000000e+00 -1.2423973266157640e+00
 460  3.4729973314534876e-04  5.5753616937962000e-04 -3.7954520136898578e-03  2.2269066462052354e-03  0.0000000000000000e+00 -1.2536711887830794e+00
 461 -8.0491361166116449e-05  7.2824252031858741e-04 -2.7337479857980494e-03  3.6076005968414919e-03  0.0000000000000000e+00 -1.2885084744307429e+00
 462  6.0486228702452108e-05  8.4036096426304578e-04 -1.3456392609509820e-03  4.2063875121323095e-03  0.0000000000000000e+00 -1.3241732495151970e+00
 463  5.4215256046349317e-04  1.1187259119750029e-04  3.5645350816128498e-04  4.0457831515868115e-03  0.0000000000000000e+00 -1.3444112649159909e+00
 464  4.4634659316338730e-04 -1.1120448917370034e-03  2.0802553496316813e-03  3.4801625873833457e-03  0.0000000000000000e+00 -1.3408721858098742e+00
 465 -4.0904548394192085e-04 -1.3803718297811223e-03  3.1775449796599669e-03  2.4989600692380716e-03  0.0000000000000000e+00 -1.3079533206002008e+00
 466 -1.0840578062737121e-03 -2.3574157633803278e-04  3.5757410963043216e-03  8.9326359447639610e-04  0.0000000000000000e+00 -1.2742705744025431e+00
 467 -4.6003861881880020e-04  1.1979361585105984e-03  3.6926016496289476e-03 -9.3515392613572809e-04  0.0000000000000000e+00 -1.2635655465711066e+00
 468  6.9461716738210169e-04  1.6037948107614250e-03  3.5368011952805057e-03 -2.2814401414025082e-03  0.0000000000000000e+00 -1.2726311247804047e+00
 469  1.0065353571315633e-03  6.8895372325049494e-04  2.7227726716319307e-03 -3.2194266200148759e-03  0.0000000000000000e+00 -1.3079804077078565e+00
 470  3.1733704515689629e-04 -2.8912202524199453e-04  1.2284371045371803e-03 -3.9897565631372214e-03  0.0000000000000000e+00 -1.3504235364423354e+00
 471 -4.5912531173055029e-04 -4.6614236815810948e-04 -4.6599186676328020e-04 -4.3148843928219388e-03  0.0000000000000000e+00 -1.3736095009055316e+00
 472 -3.7294665089334034e-04 -3.1735327457196595e-04 -2.1234335637588756e-03 -3.7363132645196577e-03  0.0000000000000000e+00 -1.3648230172203162e+00
 473  9.2863020903355647e-05 -4.7629864643774529e-04 -3.5237017142314259e-03 -2.3503182777061091e-03  0.0000000000000000e+00 -1.3296350267505805e+00
 474 -6.6909931870959283e-05 -4.9566447260366783e-04 -4.0680450624388555e-03 -5.0022627628757896e-04  0.0000000000000000e+00 -1.2947638482975150e+00
 475 -6.2148659805786439e-04  3.5159294357399668e-04 -3.7149513409978460e-03  1.4877390026091426e-03  0.0000000000000000e+00 -1.2879402678296890e+00
 476 -2.7517027924504791e-04  1.4787825993674637e-03 -3.0402500182842912e-03  2.9452174951350176e-03  0.0000000000000000e+00 -1.3077281608736366e+00
 477  8.0110823704254307e-04  1.4770900422062384e-03 -2.1070162272609949e-03  3.4791597863731392e-03  0.0000000000000000e+00 -1.3332110214865418e+00
 478  1.1278098484866104e-03 -6.5545423164610744e-05 -6.5068011081032603e-04  3.6185296477968605e-03  0.0000000000000000e+00 -1.3668662215357568e+00
 479  2.1737268565896989e-04 -1.3889973957171670e-03  1.0048316809063440e-03  3.7029593614045920e-03  0.0000000000000000e+00 -1.3833672415075104e+00
 480 -9.7833408570615569e-04 -1.0864258662711412e-03  2.2993891620080964e-03  3.3304042640410988e-03  0.0000000000000000e+00 -1.3670849860464100e+00
 481 -8.9187023352949588e-04  8.2248522822383683e-05  3.2985698707750752e-03  2.0071809259704595e-03  0.0000000000000000e+00 -1.3365437289025148e+00
 482  1.2737528974305720e-04  7.6390634657118534e-04  4.0235340506324831e-03  1.5322775143522503e-04  0.0000000000000000e+00 -1.3092472836615283e+00
 483  5.1732045435523035e-04  6.7121848103025557e-04  4.0216555577245851e-03 -1.6509986202352326e-03  0.0000000000000000e+00 -1.3094423589803184e+00
 484  1.2701947666313767e-04  6.0614591543580257e-04  3.1636264986560888e-03 -3.1865492435103953e-03  0.0000000000000000e+00 -1.3388913249101964e+00
 485 -8.4678104636988572e-05  7.7350832059963908e-04  1.8520028081109685e-03 -4.1161723140733571e-03  0.0000000000000000e+00 -1.3778481641826190e+00
 486  3.0603968639966224e-04  4.5348804707854727e-04  2.4801780940661146e-04 -4.2103801349278039e-03  0.0000000000000000e+00 -1.4047028844837701e+00
 487  5.3948700365497666e-04 -6.4329818170977184e-04 -1.5468226511943979e-03 -3.7409810236052957e-03  0.0000000000000000e+00 -1.4098131471338036e+00
 488 -3.6003259070521009e-07 -1.4249606895291578e-03 -2.9385105816859916e-03 -2.8876024832160084e-03  0.0000000000000000e+00 -1.3853994048362355e+00
 489 -8.9505431925693680e-04 -7.9193450246934163e-04 -3.5289674291330056e-03 -1.4750403609484742e-03  0.0000000000000000e+00 -1.3466673211738085e+00
 490 -8.6869367513467128e-04  6.9778383045719834e-04 -3.6619138173179244e-03  3.8135411504812666e-04  0.0000000000000000e+00 -1.3285327312658410e+00
 491  2.7009612797894900e-04  1.6646694237452044e-03 -3.5995983530348434e-03  1.9252449464214453e-03  0.0000000000000000e+00 -1.3307984484276594e+00
 492  1.0494878870778907e-03  1.1672815650764353e-03 -3.0544936316427894e-03  2.9191629350343805e-03  0.0000000000000000e+00 -1.3565746776371725e+00
 493  7.1260272060237953e-04 -3.8393181988614089e-05 -1.7660793882171308e-03  3.7052998147526876e-03  0.0000000000000000e+00 -1.4000389438026044e+00
 494 -2.3095911313937109e-04 -5.8058684799427778e-04 -8.8553343268275516e-05  4.2481712463613612e-03  0.0000000000000000e+00 -1.4316398783826492e+00
 495 -5.8378504781527666e-04 -3.9884116069171079e-04  1.5672155876098851e-03  4.0378461634310919e-03  0.0000000000000000e+00 -1.4343743081109581e+00
 496 -1.0243666550623936e-04 -3.1741553817011837e-04  3.0977572819130580e-03  2.8881873032922793e-03  0.0000000000000000e+00 -1.4059903072766262e+00
 497  1.2046801649716408e-04 -4.7688978711481460e-04  4.0200847312612965e-03  1.1490226622469797e-03  0.0000000000000000e+00 -1.3678149129964907e+00
 498 -3.7615924615691277e-04 -3.7565114547499026e-05  3.9352293859498651e-03 -8.4957305418986240e-04  0.0000000000000000e+00 -1.3497269206313993e+00
 499 -5.4277796173937242e-04  1.0695417728966751e-03  3.2896708675453660e-03 -2.5948269321779327e-03  0.0000000000000000e+00 -1.3640179830569441e+00
 500  3.6450769856380226e-04  1.6543466907409841e-03  2.4458951963117655e-03 -3.4386009179217481e-03  0.0000000000000000e+00 -1.3888775761982339e+00
 501  1.1266876503149019e-03  6.1665981905410154e-04  1.1544073792190952e-03 -3.6131003650277708e-03  0.0000000000000000e+00 -1.4194187939542122e+00
 502  6.9398668268198793e-04 -1.0601570158045566e-03 -5.1267985746929819e-04 -3.6742856693304008e-03  0.0000000000000000e+00 -1.4451123509211781e+00
 503 -5.7844969779227880e-04 -1.4224509671107582e-03 -1.9546642665636813e-03 -3.5052364264000252e-03  0.0000000000000000e+00 -1.4379036683369688e+00
 504 -1.1413915205098742e-03 -3.8445940765409963e-04 -2.9833889039087274e-03 -2.5155789807243156e-03  0.0000000000000000e+00 -1.4095787217914839e+00
 505 -2.9410413855659393e-04  6.6837748883790229e-04 -3.7996004740207087e-03 -7.6289312214015753e-04  0.0000000000000000e+00 -1.3794302783973769e+00
 506  5.1099500095929556e-04  8.4599749399525239e-04 -4.1094242316728558e-03  1.0706323121198692e-03  0.0000000000000000e+00 -1.3685462124967660e+00
 507  3.9005433425275354e-04  6.1095632328214092e-04 -3.5453382086495775e-03  2.6901353037139301e-03  0.0000000000000000e+00 -1.3899197907327454e+00
 508 -4.6459763553125475e-05  6.4592776502439249e-04 -2.3393055549536679e-03  3.8809045804987750e-03  0.0000000000000000e+00 -1.4290005607498015e+00
 509  6.3480700449532220e-05  5.9699036879415791e-04 -8.2486603110776681e-04  4.2969864163265540e-03  0.0000000000000000e+00 -1.4625881291991898e+00
 510  4.5388319640014190e-04 -1.7565061253401389e-04  9.4837857135615861e-04  3.9875234308460487e-03  0.0000000000000000e+00 -1.4755689335199651e+00
 511  2.9213238301764778e-04 -1.2087660033732381e-03  2.5774025842726371e-03  3.2366540140083343e-03  0.0000000000000000e+00 -1.4609664408239103e+00
 512 -5.3224542308399241e-04 -1.1842292031326830e-03  3.4523873345306579e-03  2.0043234858720220e-03  0.0000000000000000e+00 -1.4226134084973316e+00
