 -3.00000e-02  0.00000e+00  5.86518e-03 -2.05215e-03
 -3.00000e-02  8.34874e-07  6.57477e-03 -1.84428e-03
 -3.00000e-02  1.66975e-06  7.29298e-03 -1.61859e-03
 -3.00000e-02  2.50462e-06  8.01979e-03 -1.37466e-03
 -3.00000e-02  3.33949e-06  8.75521e-03 -1.11206e-03
 -3.00000e-02  4.17437e-06  9.49924e-03 -8.30369e-04
 -3.00000e-02  5.00924e-06  1.02519e-02 -5.29154e-04
 -3.00000e-02  5.84412e-06  1.10131e-02 -2.07991e-04
 -3.00000e-02  6.67899e-06  1.17829e-02  1.33545e-04
 -3.00000e-02  7.51386e-06  1.25613e-02  4.95881e-04
 -3.00000e-02  8.34874e-06  1.33483e-02  8.79443e-04
 -3.00000e-02  9.18361e-06  1.41439e-02  1.28466e-03
 -3.00000e-02  1.00185e-05  1.49481e-02  1.71195e-03
 -3.00000e-02  1.08534e-05  1.57608e-02  2.16174e-03
 -3.00000e-02  1.16882e-05  1.65822e-02  2.63447e-03
 -3.00000e-02  1.25231e-05  1.74121e-02  3.13055e-03
 -3.00000e-02  1.33580e-05  1.82506e-02  3.65041e-03
 -3.00000e-02  1.41929e-05  1.90977e-02  4.19448e-03
 -3.00000e-02  1.50277e-05  1.99533e-02  4.76319e-03
 -3.00000e-02  1.58626e-05  2.08175e-02  5.35695e-03
 -3.00000e-02  1.66975e-05  2.16903e-02  5.97620e-03
 -3.00000e-02  1.75323e-05  2.25716e-02  6.62137e-03
 -3.00000e-02  1.83672e-05  2.34615e-02  7.29287e-03
 -3.00000e-02  1.92021e-05  2.43599e-02  7.99114e-03
 -3.00000e-02  2.00370e-05  2.52669e-02  8.71660e-03
 -3.00000e-02  2.08718e-05  2.61825e-02  9.46967e-03

 -2.88000e-02  0.00000e+00  4.76200e-03 -1.82677e-03
 -2.88000e-02  8.34874e-07  5.40553e-03 -1.63311e-03
 -2.88000e-02  1.66975e-06  6.05759e-03 -1.42178e-03
 -2.88000e-02  2.50462e-06  6.71819e-03 -1.19235e-03
 -2.88000e-02  3.33949e-06  7.38732e-03 -9.44404e-04
 -2.88000e-02  4.17437e-06  8.06498e-03 -6.77508e-04
 -2.88000e-02  5.00924e-06  8.75116e-03 -3.91238e-04
 -2.88000e-02  5.84412e-06  9.44587e-03 -8.51678e-05
 -2.88000e-02  6.67899e-06  1.01491e-02  2.41129e-04
 -2.88000e-02  7.51386e-06  1.08608e-02  5.88077e-04
 -2.88000e-02  8.34874e-06  1.15811e-02  9.56105e-04
 -2.88000e-02  9.18361e-06  1.23099e-02  1.34564e-03
 -2.88000e-02  1.00185e-05  1.30472e-02  1.75710e-03
 -2.88000e-02  1.08534e-05  1.37930e-02  2.19092e-03
 -2.88000e-02  1.16882e-05  1.45473e-02  2.64752e-03
 -2.88000e-02  1.25231e-05  1.53101e-02  3.12733e-03
 -2.88000e-02  1.33580e-05  1.60814e-02  3.63077e-03
 -2.88000e-02  1.41929e-05  1.68612e-02  4.15828e-03
 -2.88000e-02  1.50277e-05  1.76495e-02  4.71027e-03
 -2.88000e-02  1.58626e-05  1.84463e-02  5.28718e-03
 -2.88000e-02  1.66975e-05  1.92516e-02  5.88943e-03
 -2.88000e-02  1.75323e-05  2.00653e-02  6.51744e-03
 -2.88000e-02  1.83672e-05  2.08876e-02  7.17164e-03
 -2.88000e-02  1.92021e-05  2.17183e-02  7.85246e-03
 -2.88000e-02  2.00370e-05  2.25576e-02  8.56032e-03
 -2.88000e-02  2.08718e-05  2.34052e-02  9.29565e-03

 -2.76000e-02  0.00000e+00  3.82091e-03 -1.61914e-03
 -2.76000e-02  8.34874e-07  4.40202e-03 -1.43864e-03
 -2.76000e-02  1.66975e-06  4.99160e-03 -1.24061e-03
 -2.76000e-02  2.50462e-06  5.58963e-03 -1.02464e-03
 -2.76000e-02  3.33949e-06  6.19611e-03 -7.90297e-04
 -2.76000e-02  4.17437e-06  6.81105e-03 -5.37155e-04
 -2.76000e-02  5.00924e-06  7.43443e-03 -2.64788e-04
 -2.76000e-02  5.84412e-06  8.06627e-03  2.72304e-05
 -2.76000e-02  6.67899e-06  8.70654e-03  3.39326e-04
 -2.76000e-02  7.51386e-06  9.35526e-03  6.71924e-04
 -2.76000e-02  8.34874e-06  1.00124e-02  1.02545e-03
 -2.76000e-02  9.18361e-06  1.06780e-02  1.40033e-03
 -2.76000e-02  1.00185e-05  1.13520e-02  1.79700e-03
 -2.76000e-02  1.08534e-05  1.20345e-02  2.21587e-03
 -2.76000e-02  1.16882e-05  1.27254e-02  2.65737e-03
 -2.76000e-02  1.25231e-05  1.34247e-02  3.12194e-03
 -2.76000e-02  1.33580e-05  1.41324e-02  3.60999e-03
 -2.76000e-02  1.41929e-05  1.48486e-02  4.12195e-03
 -2.76000e-02  1.50277e-05  1.55731e-02  4.65825e-03
 -2.76000e-02  1.58626e-05  1.63061e-02  5.21931e-03
 -2.76000e-02  1.66975e-05  1.70475e-02  5.80557e-03
 -2.76000e-02  1.75323e-05  1.77973e-02  6.41744e-03
 -2.76000e-02  1.83672e-05  1.85555e-02  7.05535e-03
 -2.76000e-02  1.92021e-05  1.93222e-02  7.71973e-03
 -2.76000e-02  2.00370e-05  2.00972e-02  8.41100e-03
 -2.76000e-02  2.08718e-05  2.08806e-02  9.12960e-03

 -2.64000e-02  0.00000e+00  3.02363e-03 -1.42853e-03
 -2.64000e-02  8.34874e-07  3.54583e-03 -1.26021e-03
 -2.64000e-02  1.66975e-06  4.07641e-03 -1.07453e-03
 -2.64000e-02  2.50462e-06  4.61537e-03 -8.71044e-04
 -2.64000e-02  3.33949e-06  5.16270e-03 -6.49341e-04
 -2.64000e-02  4.17437e-06  5.71840e-03 -4.08989e-04
 -2.64000e-02  5.00924e-06  6.28247e-03 -1.49564e-04
 -2.64000e-02  5.84412e-06  6.85491e-03  1.29361e-04
 -2.64000e-02  6.67899e-06  7.43570e-03  4.28211e-04
 -2.64000e-02  7.51386e-06  8.02486e-03  7.47414e-04
 -2.64000e-02  8.34874e-06  8.62238e-03  1.08739e-03
 -2.64000e-02  9.18361e-06  9.22825e-03  1.44858e-03
 -2.64000e-02  1.00185e-05  9.84248e-03  1.83139e-03
 -2.64000e-02  1.08534e-05  1.04651e-02  2.23626e-03
 -2.64000e-02  1.16882e-05  1.10960e-02  2.66362e-03
 -2.64000e-02  1.25231e-05  1.17352e-02  3.11388e-03
 -2.64000e-02  1.33580e-05  1.23829e-02  3.58748e-03
 -2.64000e-02  1.41929e-05  1.30388e-02  4.08483e-03
 -2.64000e-02  1.50277e-05  1.37031e-02  4.60637e-03
 -2.64000e-02  1.58626e-05  1.43757e-02  5.15253e-03
 -2.64000e-02  1.66975e-05  1.50567e-02  5.72372e-03
 -2.64000e-02  1.75323e-05  1.57460e-02  6.32038e-03
 -2.64000e-02  1.83672e-05  1.64436e-02  6.94293e-03
 -2.64000e-02  1.92021e-05  1.71495e-02  7.59180e-03
 -2.64000e-02  2.00370e-05  1.78638e-02  8.26741e-03
 -2.64000e-02  2.08718e-05  1.85863e-02  8.97019e-03

 -2.52000e-02  0.00000e+00  2.35346e-03 -1.25419e-03
 -2.52000e-02  8.34874e-07  2.82010e-03 -1.09716e-03
 -2.52000e-02  1.66975e-06  3.29502e-03 -9.22923e-04
 -2.52000e-02  2.50462e-06  3.77824e-03 -7.31040e-04
 -2.52000e-02  3.33949e-06  4.26975e-03 -5.21090e-04
 -2.52000e-02  4.17437e-06  4.76955e-03 -2.92645e-04
 -2.52000e-02  5.00924e-06  5.27763e-03 -4.52794e-05
 -2.52000e-02  5.84412e-06  5.79399e-03  2.21433e-04
 -2.52000e-02  6.67899e-06  6.31864e-03  5.07917e-04
 -2.52000e-02  7.51386e-06  6.85156e-03  8.14600e-04
 -2.52000e-02  8.34874e-06  7.39275e-03  1.14191e-03
 -2.52000e-02  9.18361e-06  7.94222e-03  1.49027e-03
 -2.52000e-02  1.00185e-05  8.49995e-03  1.86010e-03
 -2.52000e-02  1.08534e-05  9.06595e-03  2.25184e-03
 -2.52000e-02  1.16882e-05  9.64022e-03  2.66591e-03
 -2.52000e-02  1.25231e-05  1.02227e-02  3.10273e-03
 -2.52000e-02  1.33580e-05  1.08135e-02  3.56274e-03
 -2.52000e-02  1.41929e-05  1.14126e-02  4.04635e-03
 -2.52000e-02  1.50277e-05  1.20199e-02  4.55399e-03
 -2.52000e-02  1.58626e-05  1.26354e-02  5.08610e-03
 -2.52000e-02  1.66975e-05  1.32592e-02  5.64309e-03
 -2.52000e-02  1.75323e-05  1.38913e-02  6.22539e-03
 -2.52000e-02  1.83672e-05  1.45315e-02  6.83343e-03
 -2.52000e-02  1.92021e-05  1.51801e-02  7.46763e-03
 -2.52000e-02  2.00370e-05  1.58368e-02  8.12842e-03
 -2.52000e-02  2.08718e-05  1.65018e-02  8.81623e-03

 -2.40000e-02  0.00000e+00  1.79515e-03 -1.09532e-03
 -2.40000e-02  8.34874e-07  2.20940e-03 -9.48776e-04
 -2.40000e-02  1.66975e-06  2.63187e-03 -7.85168e-04
 -2.40000e-02  2.50462e-06  3.06254e-03 -6.04072e-04
 -2.40000e-02  3.33949e-06  3.50141e-03 -4.05064e-04
 -2.40000e-02  4.17437e-06  3.94848e-03 -1.87716e-04
 -2.40000e-02  5.00924e-06  4.40375e-03  4.83969e-05
 -2.40000e-02  5.84412e-06  4.86722e-03  3.03701e-04
 -2.40000e-02  6.67899e-06  5.33887e-03  5.78623e-04
 -2.40000e-02  7.51386e-06  5.81872e-03  8.73588e-04
 -2.40000e-02  8.34874e-06  6.30676e-03  1.18902e-03
 -2.40000e-02  9.18361e-06  6.80298e-03  1.52535e-03
 -2.40000e-02  1.00185e-05  7.30738e-03  1.88301e-03
 -2.40000e-02  1.08534e-05  7.81996e-03  2.26241e-03
 -2.40000e-02  1.16882e-05  8.34072e-03  2.66398e-03
 -2.40000e-02  1.25231e-05  8.86966e-03  3.08815e-03
 -2.40000e-02  1.33580e-05  9.40677e-03  3.53535e-03
 -2.40000e-02  1.41929e-05  9.95204e-03  4.00601e-03
 -2.40000e-02  1.50277e-05  1.05055e-02  4.50054e-03
 -2.40000e-02  1.58626e-05  1.10671e-02  5.01937e-03
 -2.40000e-02  1.66975e-05  1.16369e-02  5.56294e-03
 -2.40000e-02  1.75323e-05  1.22148e-02  6.13166e-03
 -2.40000e-02  1.83672e-05  1.28009e-02  6.72596e-03
 -2.40000e-02  1.92021e-05  1.33951e-02  7.34627e-03
 -2.40000e-02  2.00370e-05  1.39975e-02  7.99302e-03
 -2.40000e-02  2.08718e-05  1.46080e-02  8.66663e-03

 -2.28000e-02  0.00000e+00  1.33479e-03 -9.51145e-04
 -2.28000e-02  8.34874e-07  1.69971e-03 -8.14329e-04
 -2.28000e-02  1.66975e-06  2.07275e-03 -6.60609e-04
 -2.28000e-02  2.50462e-06  2.45391e-03 -4.89559e-04
 -2.28000e-02  3.33949e-06  2.84318e-03 -3.00753e-04
 -2.28000e-02  4.17437e-06  3.24056e-03 -9.37652e-05
 -2.28000e-02  5.00924e-06  3.64605e-03  1.31831e-04
 -2.28000e-02  5.84412e-06  4.05965e-03  3.76461e-04
 -2.28000e-02  6.67899e-06  4.48134e-03  6.40552e-04
 -2.28000e-02  7.51386e-06  4.91114e-03  9.24528e-04
 -2.28000e-02  8.34874e-06  5.34904e-03  1.22882e-03
 -2.28000e-02  9.18361e-06  5.79503e-03  1.55385e-03
 -2.28000e-02  1.00185e-05  6.24911e-03  1.90004e-03
 -2.28000e-02  1.08534e-05  6.71128e-03  2.26782e-03
 -2.28000e-02  1.16882e-05  7.18154e-03  2.65762e-03
 -2.28000e-02  1.25231e-05  7.65989e-03  3.06986e-03
 -2.28000e-02  1.33580e-05  8.14632e-03  3.50497e-03
 -2.28000e-02  1.41929e-05  8.64082e-03  3.96338e-03
 -2.28000e-02  1.50277e-05  9.14341e-03  4.44551e-03
 -2.28000e-02  1.58626e-05  9.65407e-03  4.95178e-03
 -2.28000e-02  1.66975e-05  1.01728e-02  5.48263e-03
 -2.28000e-02  1.75323e-05  1.06996e-02  6.03848e-03
 -2.28000e-02  1.83672e-05  1.12345e-02  6.61975e-03
 -2.28000e-02  1.92021e-05  1.17774e-02  7.22687e-03
 -2.28000e-02  2.00370e-05  1.23284e-02  7.86027e-03
 -2.28000e-02  2.08718e-05  1.28874e-02  8.52038e-03

 -2.16000e-02  0.00000e+00  9.59753e-04 -8.20845e-04
 -2.16000e-02  8.34874e-07  1.27825e-03 -6.93083e-04
 -2.16000e-02  1.66975e-06  1.60477e-03 -5.48576e-04
 -2.16000e-02  2.50462e-06  1.93931e-03 -3.86899e-04
 -2.16000e-02  3.33949e-06  2.28188e-03 -2.07625e-04
 -2.16000e-02  4.17437e-06  2.63246e-03 -1.03277e-05
 -2.16000e-02  5.00924e-06  2.99106e-03  2.05418e-04
 -2.16000e-02  5.84412e-06  3.35767e-03  4.40039e-04
 -2.16000e-02  6.67899e-06  3.73229e-03  6.93962e-04
 -2.16000e-02  7.51386e-06  4.11491e-03  9.67611e-04
 -2.16000e-02  8.34874e-06  4.50554e-03  1.26141e-03
 -2.16000e-02  9.18361e-06  4.90418e-03  1.57580e-03
 -2.16000e-02  1.00185e-05  5.31081e-03  1.91118e-03
 -2.16000e-02  1.08534e-05  5.72544e-03  2.26800e-03
 -2.16000e-02  1.16882e-05  6.14807e-03  2.64668e-03
 -2.16000e-02  1.25231e-05  6.57868e-03  3.04764e-03
 -2.16000e-02  1.33580e-05  7.01729e-03  3.47131e-03
 -2.16000e-02  1.41929e-05  7.46388e-03  3.91811e-03
 -2.16000e-02  1.50277e-05  7.91846e-03  4.38848e-03
 -2.16000e-02  1.58626e-05  8.38102e-03  4.88283e-03
 -2.16000e-02  1.66975e-05  8.85155e-03  5.40160e-03
 -2.16000e-02  1.75323e-05  9.33007e-03  5.94521e-03
 -2.16000e-02  1.83672e-05  9.81656e-03  6.51409e-03
 -2.16000e-02  1.92021e-05  1.03110e-02  7.10866e-03
 -2.16000e-02  2.00370e-05  1.08134e-02  7.72934e-03
 -2.16000e-02  2.08718e-05  1.13238e-02  8.37657e-03

 -2.04000e-02  0.00000e+00  6.58603e-04 -7.03612e-04
 -2.04000e-02  8.34874e-07  9.33437e-04 -5.84293e-04
 -2.04000e-02  1.66975e-06  1.21620e-03 -4.48390e-04
 -2.04000e-02  2.50462e-06  1.50689e-03 -2.95477e-04
 -2.04000e-02  3.33949e-06  1.80551e-03 -1.25129e-04
 -2.04000e-02  4.17437e-06  2.11204e-03  6.30810e-05
 -2.04000e-02  5.00924e-06  2.42650e-03  2.69579e-04
 -2.04000e-02  5.84412e-06  2.74887e-03  4.94790e-04
 -2.04000e-02  6.67899e-06  3.07916e-03  7.39142e-04
 -2.04000e-02  7.51386e-06  3.41735e-03  1.00306e-03
 -2.04000e-02  8.34874e-06  3.76346e-03  1.28697e-03
 -2.04000e-02  9.18361e-06  4.11747e-03  1.59130e-03
 -2.04000e-02  1.00185e-05  4.47939e-03  1.91647e-03
 -2.04000e-02  1.08534e-05  4.84921e-03  2.26291e-03
 -2.04000e-02  1.16882e-05  5.22692e-03  2.63105e-03
 -2.04000e-02  1.25231e-05  5.61253e-03  3.02131e-03
 -2.04000e-02  1.33580e-05  6.00604e-03  3.43412e-03
 -2.04000e-02  1.41929e-05  6.40743e-03  3.86991e-03
 -2.04000e-02  1.50277e-05  6.81672e-03  4.32909e-03
 -2.04000e-02  1.58626e-05  7.23389e-03  4.81210e-03
 -2.04000e-02  1.66975e-05  7.65894e-03  5.31937e-03
 -2.04000e-02  1.75323e-05  8.09187e-03  5.85131e-03
 -2.04000e-02  1.83672e-05  8.53268e-03  6.40836e-03
 -2.04000e-02  1.92021e-05  8.98137e-03  6.99094e-03
 -2.04000e-02  2.00370e-05  9.43793e-03  7.59948e-03
 -2.04000e-02  2.08718e-05  9.90236e-03  8.23440e-03

 -1.92000e-02  0.00000e+00  4.20999e-04 -5.98638e-04
 -1.92000e-02  8.34874e-07  6.54806e-04 -4.87211e-04
 -1.92000e-02  1.66975e-06  8.96442e-04 -3.59364e-04
 -1.92000e-02  2.50462e-06  1.14591e-03 -2.14670e-04
 -1.92000e-02  3.33949e-06  1.40320e-03 -5.27042e-05
 -1.92000e-02  4.17437e-06  1.66831e-03  1.26960e-04
 -1.92000e-02  5.00924e-06  1.94124e-03  3.24750e-04
 -1.92000e-02  5.84412e-06  2.22199e-03  5.41090e-04
 -1.92000e-02  6.67899e-06  2.51056e-03  7.76406e-04
 -1.92000e-02  7.51386e-06  2.80693e-03  1.03113e-03
 -1.92000e-02  8.34874e-06  3.11112e-03  1.30567e-03
 -1.92000e-02  9.18361e-06  3.42311e-03  1.60048e-03
 -1.92000e-02  1.00185e-05  3.74291e-03  1.91596e-03
 -1.92000e-02  1.08534e-05  4.07051e-03  2.25256e-03
 -1.92000e-02  1.16882e-05  4.40591e-03  2.61068e-03
 -1.92000e-02  1.25231e-05  4.74911e-03  2.99076e-03
 -1.92000e-02  1.33580e-05  5.10010e-03  3.39323e-03
 -1.92000e-02  1.41929e-05  5.45888e-03  3.81852e-03
 -1.92000e-02  1.50277e-05  5.82545e-03  4.26703e-03
 -1.92000e-02  1.58626e-05  6.19981e-03  4.73922e-03
 -1.92000e-02  1.66975e-05  6.58195e-03  5.23549e-03
 -1.92000e-02  1.75323e-05  6.97188e-03  5.75628e-03
 -1.92000e-02  1.83672e-05  7.36958e-03  6.30201e-03
 -1.92000e-02  1.92021e-05  7.77506e-03  6.87311e-03
 -1.92000e-02  2.00370e-05  8.18831e-03  7.47000e-03
 -1.92000e-02  2.08718e-05  8.60933e-03  8.09311e-03

 -1.80000e-02  0.00000e+00  2.37630e-04 -5.05120e-04
 -1.80000e-02  8.34874e-07  4.32913e-04 -4.01094e-04
 -1.80000e-02  1.66975e-06  6.35924e-04 -2.80814e-04
 -1.80000e-02  2.50462e-06  8.46661e-04 -1.43852e-04
 -1.80000e-02  3.33949e-06  1.06512e-03  1.02171e-05
 -1.80000e-02  4.17437e-06  1.29130e-03  1.81820e-04
 -1.80000e-02  5.00924e-06  1.52520e-03  3.71382e-04
 -1.80000e-02  5.84412e-06  1.76681e-03  5.79330e-04
 -1.80000e-02  6.67899e-06  2.01614e-03  8.06089e-04
 -1.80000e-02  7.51386e-06  2.27318e-03  1.05209e-03
 -1.80000e-02  8.34874e-06  2.53792e-03  1.31775e-03
 -1.80000e-02  9.18361e-06  2.81037e-03  1.60350e-03
 -1.80000e-02  1.00185e-05  3.09052e-03  1.90976e-03
 -1.80000e-02  1.08534e-05  3.37837e-03  2.23697e-03
 -1.80000e-02  1.16882e-05  3.67392e-03  2.58555e-03
 -1.80000e-02  1.25231e-05  3.97716e-03  2.95592e-03
 -1.80000e-02  1.33580e-05  4.28810e-03  3.34851e-03
 -1.80000e-02  1.41929e-05  4.60672e-03  3.76375e-03
 -1.80000e-02  1.50277e-05  4.93303e-03  4.20206e-03
 -1.80000e-02  1.58626e-05  5.26703e-03  4.66387e-03
 -1.80000e-02  1.66975e-05  5.60871e-03  5.14960e-03
 -1.80000e-02  1.75323e-05  5.95806e-03  5.65969e-03
 -1.80000e-02  1.83672e-05  6.31510e-03  6.19455e-03
 -1.80000e-02  1.92021e-05  6.67981e-03  6.75461e-03
 -1.80000e-02  2.00370e-05  7.05219e-03  7.34030e-03
 -1.80000e-02  2.08718e-05  7.43223e-03  7.95205e-03

 -1.68000e-02  0.00000e+00  1.00131e-04 -4.22268e-04
 -1.68000e-02  8.34874e-07  2.59271e-04 -3.25208e-04
 -1.68000e-02  1.66975e-06  4.26034e-04 -2.12060e-04
 -1.68000e-02  2.50462e-06  6.00418e-04 -8.23978e-05
 -1.68000e-02  3.33949e-06  7.82419e-04  6.42045e-05
 -1.68000e-02  4.17437e-06  9.72035e-04  2.28173e-04
 -1.68000e-02  5.00924e-06  1.16926e-03  4.09934e-04
 -1.68000e-02  5.84412e-06  1.37410e-03  6.09914e-04
 -1.68000e-02  6.67899e-06  1.58655e-03  8.28538e-04
 -1.68000e-02  7.51386e-06  1.80660e-03  1.06623e-03
 -1.68000e-02  8.34874e-06  2.03426e-03  1.32342e-03
 -1.68000e-02  9.18361e-06  2.26951e-03  1.60054e-03
 -1.68000e-02  1.00185e-05  2.51236e-03  1.89800e-03
 -1.68000e-02  1.08534e-05  2.76281e-03  2.21624e-03
 -1.68000e-02  1.16882e-05  3.02084e-03  2.55568e-03
 -1.68000e-02  1.25231e-05  3.28647e-03  2.91674e-03
 -1.68000e-02  1.33580e-05  3.55969e-03  3.29986e-03
 -1.68000e-02  1.41929e-05  3.84048e-03  3.70546e-03
 -1.68000e-02  1.50277e-05  4.12886e-03  4.13396e-03
 -1.68000e-02  1.58626e-05  4.42482e-03  4.58580e-03
 -1.68000e-02  1.66975e-05  4.72836e-03  5.06139e-03
 -1.68000e-02  1.75323e-05  5.03947e-03  5.56117e-03
 -1.68000e-02  1.83672e-05  5.35815e-03  6.08555e-03
 -1.68000e-02  1.92021e-05  5.68440e-03  6.63498e-03
 -1.68000e-02  2.00370e-05  6.01822e-03  7.20986e-03
 -1.68000e-02  2.08718e-05  6.35960e-03  7.81063e-03

 -1.56000e-02  0.00000e+00  1.01503e-06 -3.49307e-04
 -1.56000e-02  8.34874e-07  1.26273e-04 -2.58829e-04
 -1.56000e-02  1.66975e-06  2.59046e-04 -1.52432e-04
 -1.56000e-02  2.50462e-06  3.99330e-04 -2.96892e-05
 -1.56000e-02  3.33949e-06  5.47124e-04  1.09824e-04
 -1.56000e-02  4.17437e-06  7.02425e-04  2.66535e-04
 -1.56000e-02  5.00924e-06  8.65231e-04  4.40869e-04
 -1.56000e-02  5.84412e-06  1.03554e-03  6.33253e-04
 -1.56000e-02  6.67899e-06  1.21334e-03  8.44111e-04
 -1.56000e-02  7.51386e-06  1.39865e-03  1.07387e-03
 -1.56000e-02  8.34874e-06  1.59144e-03  1.32296e-03
 -1.56000e-02  9.18361e-06  1.79173e-03  1.59180e-03
 -1.56000e-02  1.00185e-05  1.99951e-03  1.88082e-03
 -1.56000e-02  1.08534e-05  2.21477e-03  2.19045e-03
 -1.56000e-02  1.16882e-05  2.43752e-03  2.52111e-03
 -1.56000e-02  1.25231e-05  2.66775e-03  2.87323e-03
 -1.56000e-02  1.33580e-05  2.90546e-03  3.24723e-03
 -1.56000e-02  1.41929e-05  3.15064e-03  3.64354e-03
 -1.56000e-02  1.50277e-05  3.40330e-03  4.06259e-03
 -1.56000e-02  1.58626e-05  3.66343e-03  4.50480e-03
 -1.56000e-02  1.66975e-05  3.93102e-03  4.97059e-03
 -1.56000e-02  1.75323e-05  4.20608e-03  5.46041e-03
 -1.56000e-02  1.83672e-05  4.48861e-03  5.97466e-03
 -1.56000e-02  1.92021e-05  4.77859e-03  6.51378e-03
 -1.56000e-02  2.00370e-05  5.07604e-03  7.07819e-03
 -1.56000e-02  2.08718e-05  5.38094e-03  7.66832e-03

 -1.44000e-02  0.00000e+00 -6.63988e-05 -2.85485e-04
 -1.44000e-02  8.34874e-07  2.71223e-05 -2.01253e-04
 -1.44000e-02  1.66975e-06  1.28047e-04 -1.01273e-04
 -1.44000e-02  2.50462e-06  2.36372e-04  1.48816e-05
 -1.44000e-02  3.33949e-06  3.52095e-04  1.47636e-04
 -1.44000e-02  4.17437e-06  4.75214e-04  2.97416e-04
 -1.44000e-02  5.00924e-06  6.05725e-04  4.64649e-04
 -1.44000e-02  5.84412e-06  7.43628e-04  6.49760e-04
 -1.44000e-02  6.67899e-06  8.88918e-04  8.53175e-04
 -1.44000e-02  7.51386e-06  1.04159e-03  1.07532e-03
 -1.44000e-02  8.34874e-06  1.20165e-03  1.31662e-03
 -1.44000e-02  9.18361e-06  1.36909e-03  1.57751e-03
 -1.44000e-02  1.00185e-05  1.54390e-03  1.85840e-03
 -1.44000e-02  1.08534e-05  1.72609e-03  2.15973e-03
 -1.44000e-02  1.16882e-05  1.91566e-03  2.48192e-03
 -1.44000e-02  1.25231e-05  2.11259e-03  2.82539e-03
 -1.44000e-02  1.33580e-05  2.31689e-03  3.19058e-03
 -1.44000e-02  1.41929e-05  2.52855e-03  3.57791e-03
 -1.44000e-02  1.50277e-05  2.74758e-03  3.98780e-03
 -1.44000e-02  1.58626e-05  2.97397e-03  4.42069e-03
 -1.44000e-02  1.66975e-05  3.20771e-03  4.87699e-03
 -1.44000e-02  1.75323e-05  3.44881e-03  5.35713e-03
 -1.44000e-02  1.83672e-05  3.69726e-03  5.86154e-03
 -1.44000e-02  1.92021e-05  3.95305e-03  6.39065e-03
 -1.44000e-02  2.00370e-05  4.21620e-03  6.94489e-03
 -1.44000e-02  2.08718e-05  4.48669e-03  7.52466e-03

 -1.32000e-02  0.00000e+00 -1.08052e-04 -2.30072e-04
 -1.32000e-02  8.34874e-07 -4.42330e-05 -1.51795e-04
 -1.32000e-02  1.66975e-06  2.68745e-05 -5.79439e-05
 -1.32000e-02  2.50462e-06  1.05268e-04  5.19082e-05
 -1.32000e-02  3.33949e-06  1.90946e-04  1.78187e-04
 -1.32000e-02  4.17437e-06  2.83904e-04  3.21319e-04
 -1.32000e-02  5.00924e-06  3.84141e-04  4.81731e-04
 -1.32000e-02  5.84412e-06  4.91655e-04  6.59847e-04
 -1.32000e-02  6.67899e-06  6.06441e-04  8.56095e-04
 -1.32000e-02  7.51386e-06  7.28498e-04  1.07090e-03
 -1.32000e-02  8.34874e-06  8.57824e-04  1.30469e-03
 -1.32000e-02  9.18361e-06  9.94415e-04  1.55789e-03
 -1.32000e-02  1.00185e-05  1.13827e-03  1.83092e-03
 -1.32000e-02  1.08534e-05  1.28938e-03  2.12421e-03
 -1.32000e-02  1.16882e-05  1.44776e-03  2.43820e-03
 -1.32000e-02  1.25231e-05  1.61338e-03  2.77329e-03
 -1.32000e-02  1.33580e-05  1.78627e-03  3.12993e-03
 -1.32000e-02  1.41929e-05  1.96640e-03  3.50853e-03
 -1.32000e-02  1.50277e-05  2.15377e-03  3.90953e-03
 -1.32000e-02  1.58626e-05  2.34840e-03  4.33334e-03
 -1.32000e-02  1.66975e-05  2.55026e-03  4.78040e-03
 -1.32000e-02  1.75323e-05  2.75937e-03  5.25112e-03
 -1.32000e-02  1.83672e-05  2.97571e-03  5.74595e-03
 -1.32000e-02  1.92021e-05  3.19929e-03  6.26529e-03
 -1.32000e-02  2.00370e-05  3.43010e-03  6.80959e-03
 -1.32000e-02  2.08718e-05  3.66814e-03  7.37925e-03

 -1.20000e-02  0.00000e+00 -1.29209e-04 -1.82365e-04
 -1.20000e-02  8.34874e-07 -9.31642e-05 -1.09796e-04
 -1.20000e-02  1.66975e-06 -4.99486e-05 -2.18278e-05
 -1.20000e-02  2.50462e-06  4.35727e-07  8.19663e-05
 -1.20000e-02  3.33949e-06  5.79863e-05  2.02012e-04
 -1.20000e-02  4.17437e-06  1.22700e-04  3.38736e-04
 -1.20000e-02  5.00924e-06  1.94576e-04  4.92564e-04
 -1.20000e-02  5.84412e-06  2.73609e-04  6.63922e-04
 -1.20000e-02  6.67899e-06  3.59798e-04  8.53237e-04
 -1.20000e-02  7.51386e-06  4.53141e-04  1.06093e-03
 -1.20000e-02  8.34874e-06  5.53635e-04  1.28744e-03
 -1.20000e-02  9.18361e-06  6.61276e-04  1.53318e-03
 -1.20000e-02  1.00185e-05  7.76063e-04  1.79858e-03
 -1.20000e-02  1.08534e-05  8.97993e-04  2.08406e-03
 -1.20000e-02  1.16882e-05  1.02706e-03  2.39006e-03
 -1.20000e-02  1.25231e-05  1.16327e-03  2.71700e-03
 -1.20000e-02  1.33580e-05  1.30662e-03  3.06530e-03
 -1.20000e-02  1.41929e-05  1.45709e-03  3.43540e-03
 -1.20000e-02  1.50277e-05  1.61470e-03  3.82771e-03
 -1.20000e-02  1.58626e-05  1.77943e-03  4.24266e-03
 -1.20000e-02  1.66975e-05  1.95129e-03  4.68068e-03
 -1.20000e-02  1.75323e-05  2.13027e-03  5.14220e-03
 -1.20000e-02  1.83672e-05  2.31637e-03  5.62764e-03
 -1.20000e-02  1.92021e-05  2.50959e-03  6.13742e-03
 -1.20000e-02  2.00370e-05  2.70992e-03  6.67198e-03
 -1.20000e-02  2.08718e-05  2.91737e-03  7.23174e-03

 -1.08000e-02  0.00000e+00 -1.34518e-04 -1.41694e-04
 -1.08000e-02  8.34874e-07 -1.24422e-04 -7.46239e-05
 -1.08000e-02  1.66975e-06 -1.07276e-04  7.66901e-06
 -1.08000e-02  2.50462e-06 -8.30810e-05  1.05611e-04
 -1.08000e-02  3.33949e-06 -5.18407e-05  2.19627e-04
 -1.08000e-02  4.17437e-06 -1.35574e-05  3.50144e-04
 -1.08000e-02  5.00924e-06  3.17663e-05  4.97589e-04
 -1.08000e-02  5.84412e-06  8.41279e-05  6.62386e-04
 -1.08000e-02  6.67899e-06  1.43525e-04  8.44963e-04
 -1.08000e-02  7.51386e-06  2.09954e-04  1.04574e-03
 -1.08000e-02  8.34874e-06  2.83414e-04  1.26516e-03
 -1.08000e-02  9.18361e-06  3.63901e-04  1.50363e-03
 -1.08000e-02  1.00185e-05  4.51413e-04  1.76158e-03
 -1.08000e-02  1.08534e-05  5.45947e-04  2.03944e-03
 -1.08000e-02  1.16882e-05  6.47502e-04  2.33764e-03
 -1.08000e-02  1.25231e-05  7.56073e-04  2.65660e-03
 -1.08000e-02  1.33580e-05  8.71659e-04  2.99675e-03
 -1.08000e-02  1.41929e-05  9.94257e-04  3.35851e-03
 -1.08000e-02  1.50277e-05  1.12386e-03  3.74232e-03
 -1.08000e-02  1.58626e-05  1.26048e-03  4.14858e-03
 -1.08000e-02  1.66975e-05  1.40410e-03  4.57774e-03
 -1.08000e-02  1.75323e-05  1.55472e-03  5.03022e-03
 -1.08000e-02  1.83672e-05  1.71234e-03  5.50644e-03
 -1.08000e-02  1.92021e-05  1.87695e-03  6.00684e-03
 -1.08000e-02  2.00370e-05  2.04857e-03  6.53182e-03
 -1.08000e-02  2.08718e-05  2.22717e-03  7.08184e-03

 -9.60000e-03  0.00000e+00 -1.28072e-04 -1.07422e-04
 -9.60000e-03  8.34874e-07 -1.42196e-04 -4.56766e-05
 -9.60000e-03  1.66975e-06 -1.49393e-04  3.11129e-05
 -9.60000e-03  2.50462e-06 -1.49665e-04  1.23372e-04
 -9.60000e-03  3.33949e-06 -1.43016e-04  2.31527e-04
 -9.60000e-03  4.17437e-06 -1.29448e-04  3.56004e-04
 -9.60000e-03  5.00924e-06 -1.08962e-04  4.97228e-04
 -9.60000e-03  5.84412e-06 -8.15628e-05  6.55627e-04
 -9.60000e-03  6.67899e-06 -4.72517e-05  8.31626e-04
 -9.60000e-03  7.51386e-06 -6.03169e-06  1.02565e-03
 -9.60000e-03  8.34874e-06  4.20948e-05  1.23813e-03
 -9.60000e-03  9.18361e-06  9.71251e-05  1.46948e-03
 -9.60000e-03  1.00185e-05  1.59057e-04  1.72014e-03
 -9.60000e-03  1.08534e-05  2.27887e-04  1.99053e-03
 -9.60000e-03  1.16882e-05  3.03613e-04  2.28108e-03
 -9.60000e-03  1.25231e-05  3.86233e-04  2.59221e-03
 -9.60000e-03  1.33580e-05  4.75744e-04  2.92435e-03
 -9.60000e-03  1.41929e-05  5.72143e-04  3.27792e-03
 -9.60000e-03  1.50277e-05  6.75428e-04  3.65335e-03
 -9.60000e-03  1.58626e-05  7.85597e-04  4.05107e-03
 -9.60000e-03  1.66975e-05  9.02646e-04  4.47151e-03
 -9.60000e-03  1.75323e-05  1.02657e-03  4.91508e-03
 -9.60000e-03  1.83672e-05  1.15738e-03  5.38222e-03
 -9.60000e-03  1.92021e-05  1.29505e-03  5.87335e-03
 -9.60000e-03  2.00370e-05  1.43960e-03  6.38889e-03
 -9.60000e-03  2.08718e-05  1.59101e-03  6.92928e-03

 -8.40000e-03  0.00000e+00 -1.13455e-04 -7.89492e-05
 -8.40000e-03  8.34874e-07 -1.50164e-04 -2.23857e-05
 -8.40000e-03  1.66975e-06 -1.80072e-04  4.90404e-05
 -8.40000e-03  2.50462e-06 -2.03183e-04  1.35755e-04
 -8.40000e-03  3.33949e-06 -2.19499e-04  2.38185e-04
 -8.40000e-03  4.17437e-06 -2.29022e-04  3.56755e-04
 -8.40000e-03  5.00924e-06 -2.31756e-04  4.91892e-04
 -8.40000e-03  5.84412e-06 -2.27701e-04  6.44022e-04
 -8.40000e-03  6.67899e-06 -2.16862e-04  8.13571e-04
 -8.40000e-03  7.51386e-06 -1.99241e-04  1.00097e-03
 -8.40000e-03  8.34874e-06 -1.74840e-04  1.20663e-03
 -8.40000e-03  9.18361e-06 -1.43662e-04  1.43099e-03
 -8.40000e-03  1.00185e-05 -1.05710e-04  1.67448e-03
 -8.40000e-03  1.08534e-05 -6.09854e-05  1.93752e-03
 -8.40000e-03  1.16882e-05 -9.49163e-06  2.22053e-03
 -8.40000e-03  1.25231e-05  4.87689e-05  2.52394e-03
 -8.40000e-03  1.33580e-05  1.13794e-04  2.84818e-03
 -8.40000e-03  1.41929e-05  1.85580e-04  3.19367e-03
 -8.40000e-03  1.50277e-05  2.64126e-04  3.56085e-03
 -8.40000e-03  1.58626e-05  3.49428e-04  3.95013e-03
 -8.40000e-03  1.66975e-05  4.41483e-04  4.36194e-03
 -8.40000e-03  1.75323e-05  5.40290e-04  4.79671e-03
 -8.40000e-03  1.83672e-05  6.45846e-04  5.25486e-03
 -8.40000e-03  1.92021e-05  7.58148e-04  5.73682e-03
 -8.40000e-03  2.00370e-05  8.77194e-04  6.24302e-03
 -8.40000e-03  2.08718e-05  1.00298e-03  6.77389e-03

 -7.20000e-03  0.00000e+00 -9.38014e-05 -5.57120e-05
 -7.20000e-03  8.34874e-07 -1.51549e-04 -4.21761e-06
 -7.20000e-03  1.66975e-06 -2.02625e-04  6.19563e-05
 -7.20000e-03  2.50462e-06 -2.47034e-04  1.43236e-04
 -7.20000e-03  3.33949e-06 -2.84778e-04  2.40047e-04
 -7.20000e-03  4.17437e-06 -3.15859e-04  3.52816e-04
 -7.20000e-03  5.00924e-06 -3.40279e-04  4.81969e-04
 -7.20000e-03  5.84412e-06 -3.58043e-04  6.27932e-04
 -7.20000e-03  6.67899e-06 -3.69151e-04  7.91131e-04
 -7.20000e-03  7.51386e-06 -3.73606e-04  9.71991e-04
 -7.20000e-03  8.34874e-06 -3.71412e-04  1.17094e-03
 -7.20000e-03  9.18361e-06 -3.62571e-04  1.38840e-03
 -7.20000e-03  1.00185e-05 -3.47085e-04  1.62481e-03
 -7.20000e-03  1.08534e-05 -3.24957e-04  1.88058e-03
 -7.20000e-03  1.16882e-05 -2.96189e-04  2.15614e-03
 -7.20000e-03  1.25231e-05 -2.60784e-04  2.45192e-03
 -7.20000e-03  1.33580e-05 -2.18745e-04  2.76835e-03
 -7.20000e-03  1.41929e-05 -1.70074e-04  3.10584e-03
 -7.20000e-03  1.50277e-05 -1.14774e-04  3.46484e-03
 -7.20000e-03  1.58626e-05 -5.28477e-05  3.84575e-03
 -7.20000e-03  1.66975e-05  1.57031e-05  4.24902e-03
 -7.20000e-03  1.75323e-05  9.08753e-05  4.67506e-03
 -7.20000e-03  1.83672e-05  1.72666e-04  5.12430e-03
 -7.20000e-03  1.92021e-05  2.61074e-04  5.59716e-03
 -7.20000e-03  2.00370e-05  3.56095e-04  6.09409e-03
 -7.20000e-03  2.08718e-05  4.57728e-04  6.61549e-03

 -6.00000e-03  0.00000e+00 -7.18402e-05 -3.71889e-05
 -6.00000e-03  8.34874e-07 -1.49164e-04  9.32411e-06
 -6.00000e-03  1.66975e-06 -2.19949e-04  7.03317e-05
 -6.00000e-03  2.50462e-06 -2.84200e-04  1.46260e-04
 -6.00000e-03  3.33949e-06 -3.41919e-04  2.37535e-04
 -6.00000e-03  4.17437e-06 -3.93107e-04  3.44582e-04
 -6.00000e-03  5.00924e-06 -4.37768e-04  4.67829e-04
 -6.00000e-03  5.84412e-06 -4.75905e-04  6.07700e-04
 -6.00000e-03  6.67899e-06 -5.07520e-04  7.64622e-04
 -6.00000e-03  7.51386e-06 -5.32615e-04  9.39022e-04
 -6.00000e-03  8.34874e-06 -5.51193e-04  1.13132e-03
 -6.00000e-03  9.18361e-06 -5.63257e-04  1.34196e-03
 -6.00000e-03  1.00185e-05 -5.68809e-04  1.57134e-03
 -6.00000e-03  1.08534e-05 -5.67851e-04  1.81991e-03
 -6.00000e-03  1.16882e-05 -5.60387e-04  2.08809e-03
 -6.00000e-03  1.25231e-05 -5.46420e-04  2.37630e-03
 -6.00000e-03  1.33580e-05 -5.25950e-04  2.68497e-03
 -6.00000e-03  1.41929e-05 -4.98982e-04  3.01452e-03
 -6.00000e-03  1.50277e-05 -4.65517e-04  3.36539e-03
 -6.00000e-03  1.58626e-05 -4.25559e-04  3.73799e-03
 -6.00000e-03  1.66975e-05 -3.79110e-04  4.13276e-03
 -6.00000e-03  1.75323e-05 -3.26172e-04  4.55012e-03
 -6.00000e-03  1.83672e-05 -2.66747e-04  4.99049e-03
 -6.00000e-03  1.92021e-05 -2.00840e-04  5.45431e-03
 -6.00000e-03  2.00370e-05 -1.28452e-04  5.94199e-03
 -6.00000e-03  2.08718e-05 -4.95850e-05  6.45397e-03

 -4.80000e-03  0.00000e+00 -4.99402e-05 -2.28998e-05
 -4.80000e-03  8.34874e-07 -1.45457e-04  1.86975e-05
 -4.80000e-03  1.66975e-06 -2.34573e-04  7.46024e-05
 -4.80000e-03  2.50462e-06 -3.17289e-04  1.45241e-04
 -4.80000e-03  3.33949e-06 -3.93609e-04  2.31039e-04
 -4.80000e-03  4.17437e-06 -4.63535e-04  3.32423e-04
 -4.80000e-03  5.00924e-06 -5.27070e-04  4.49819e-04
 -4.80000e-03  5.84412e-06 -5.84217e-04  5.83652e-04
 -4.80000e-03  6.67899e-06 -6.34977e-04  7.34350e-04
 -4.80000e-03  7.51386e-06 -6.79353e-04  9.02338e-04
 -4.80000e-03  8.34874e-06 -7.17349e-04  1.08804e-03
 -4.80000e-03  9.18361e-06 -7.48966e-04  1.29189e-03
 -4.80000e-03  1.00185e-05 -7.74208e-04  1.51430e-03
 -4.80000e-03  1.08534e-05 -7.93076e-04  1.75571e-03
 -4.80000e-03  1.16882e-05 -8.05574e-04  2.01654e-03
 -4.80000e-03  1.25231e-05 -8.11703e-04  2.29722e-03
 -4.80000e-03  1.33580e-05 -8.11468e-04  2.59816e-03
 -4.80000e-03  1.41929e-05 -8.04869e-04  2.91981e-03
 -4.80000e-03  1.50277e-05 -7.91910e-04  3.26258e-03
 -4.80000e-03  1.58626e-05 -7.72593e-04  3.62691e-03
 -4.80000e-03  1.66975e-05 -7.46921e-04  4.01320e-03
 -4.80000e-03  1.75323e-05 -7.14896e-04  4.42191e-03
 -4.80000e-03  1.83672e-05 -6.76521e-04  4.85344e-03
 -4.80000e-03  1.92021e-05 -6.31799e-04  5.30822e-03
 -4.80000e-03  2.00370e-05 -5.80732e-04  5.78669e-03
 -4.80000e-03  2.08718e-05 -5.23323e-04  6.28927e-03

 -3.60000e-03  0.00000e+00 -3.01524e-05 -1.24076e-05
 -3.60000e-03  8.34874e-07 -1.42556e-04  2.43209e-05
 -3.60000e-03  1.66975e-06 -2.48698e-04  7.51680e-05
 -3.60000e-03  2.50462e-06 -3.48579e-04  1.40560e-04
 -3.60000e-03  3.33949e-06 -4.42203e-04  2.20922e-04
 -3.60000e-03  4.17437e-06 -5.29572e-04  3.16681e-04
 -3.60000e-03  5.00924e-06 -6.10689e-04  4.28263e-04
 -3.60000e-03  5.84412e-06 -6.85557e-04  5.56094e-04
 -3.60000e-03  6.67899e-06 -7.54177e-04  7.00600e-04
 -3.60000e-03  7.51386e-06 -8.16553e-04  8.62207e-04
 -3.60000e-03  8.34874e-06 -8.72687e-04  1.04134e-03
 -3.60000e-03  9.18361e-06 -9.22581e-04  1.23843e-03
 -3.60000e-03  1.00185e-05 -9.66239e-04  1.45390e-03
 -3.60000e-03  1.08534e-05 -1.00366e-03  1.68817e-03
 -3.60000e-03  1.16882e-05 -1.03486e-03  1.94167e-03
 -3.60000e-03  1.25231e-05 -1.05982e-03  2.21483e-03
 -3.60000e-03  1.33580e-05 -1.07856e-03  2.50808e-03
 -3.60000e-03  1.41929e-05 -1.09107e-03  2.82183e-03
 -3.60000e-03  1.50277e-05 -1.09736e-03  3.15652e-03
 -3.60000e-03  1.58626e-05 -1.09743e-03  3.51257e-03
 -3.60000e-03  1.66975e-05 -1.09129e-03  3.89041e-03
 -3.60000e-03  1.75323e-05 -1.07893e-03  4.29047e-03
 -3.60000e-03  1.83672e-05 -1.06036e-03  4.71316e-03
 -3.60000e-03  1.92021e-05 -1.03559e-03  5.15892e-03
 -3.60000e-03  2.00370e-05 -1.00461e-03  5.62817e-03
 -3.60000e-03  2.08718e-05 -9.67422e-04  6.12134e-03

 -2.40000e-03  0.00000e+00 -1.42489e-05 -5.31884e-06
 -2.40000e-03  8.34874e-07 -1.42304e-04  2.65723e-05
 -2.40000e-03  1.66975e-06 -2.64238e-04  7.23909e-05
 -2.40000e-03  2.50462e-06 -3.80054e-04  1.32563e-04
 -2.40000e-03  3.33949e-06 -4.89755e-04  2.07515e-04
 -2.40000e-03  4.17437e-06 -5.93344e-04  2.97673e-04
 -2.40000e-03  5.00924e-06 -6.90823e-04  4.03463e-04
 -2.40000e-03  5.84412e-06 -7.82194e-04  5.25310e-04
 -2.40000e-03  6.67899e-06 -8.67460e-04  6.63642e-04
 -2.40000e-03  7.51386e-06 -9.46623e-04  8.18883e-04
 -2.40000e-03  8.34874e-06 -1.01969e-03  9.91461e-04
 -2.40000e-03  9.18361e-06 -1.08665e-03  1.18180e-03
 -2.40000e-03  1.00185e-05 -1.14753e-03  1.39033e-03
 -2.40000e-03  1.08534e-05 -1.20231e-03  1.61747e-03
 -2.40000e-03  1.16882e-05 -1.25100e-03  1.86366e-03
 -2.40000e-03  1.25231e-05 -1.29360e-03  2.12931e-03
 -2.40000e-03  1.33580e-05 -1.33012e-03  2.41485e-03
 -2.40000e-03  1.41929e-05 -1.36056e-03  2.72071e-03
 -2.40000e-03  1.50277e-05 -1.38492e-03  3.04732e-03
 -2.40000e-03  1.58626e-05 -1.40320e-03  3.39509e-03
 -2.40000e-03  1.66975e-05 -1.41541e-03  3.76447e-03
 -2.40000e-03  1.75323e-05 -1.42154e-03  4.15586e-03
 -2.40000e-03  1.83672e-05 -1.42161e-03  4.56971e-03
 -2.40000e-03  1.92021e-05 -1.41561e-03  5.00643e-03
 -2.40000e-03  2.00370e-05 -1.40355e-03  5.46645e-03
 -2.40000e-03  2.08718e-05 -1.38543e-03  5.95020e-03

 -1.20000e-03  0.00000e+00 -3.75865e-06 -1.28449e-06
 -1.20000e-03  8.34874e-07 -1.46295e-04  2.57883e-05
 -1.20000e-03  1.66975e-06 -2.82856e-04  6.65957e-05
 -1.20000e-03  2.50462e-06 -4.13444e-04  1.21564e-04
 -1.20000e-03  3.33949e-06 -5.38062e-04  1.91119e-04
 -1.20000e-03  4.17437e-06 -6.56713e-04  2.75686e-04
 -1.20000e-03  5.00924e-06 -7.69399e-04  3.75693e-04
 -1.20000e-03  5.84412e-06 -8.76122e-04  4.91564e-04
 -1.20000e-03  6.67899e-06 -9.76886e-04  6.23727e-04
 -1.20000e-03  7.51386e-06 -1.07169e-03  7.72607e-04
 -1.20000e-03  8.34874e-06 -1.16055e-03  9.38629e-04
 -1.20000e-03  9.18361e-06 -1.24345e-03  1.12222e-03
 -1.20000e-03  1.00185e-05 -1.32040e-03  1.32381e-03
 -1.20000e-03  1.08534e-05 -1.39140e-03  1.54382e-03
 -1.20000e-03  1.16882e-05 -1.45646e-03  1.78267e-03
 -1.20000e-03  1.25231e-05 -1.51558e-03  2.04080e-03
 -1.20000e-03  1.33580e-05 -1.56876e-03  2.31863e-03
 -1.20000e-03  1.41929e-05 -1.61600e-03  2.61659e-03
 -1.20000e-03  1.50277e-05 -1.65731e-03  2.93510e-03
 -1.20000e-03  1.58626e-05 -1.69269e-03  3.27458e-03
 -1.20000e-03  1.66975e-05 -1.72214e-03  3.63547e-03
 -1.20000e-03  1.75323e-05 -1.74566e-03  4.01819e-03
 -1.20000e-03  1.83672e-05 -1.76326e-03  4.42316e-03
 -1.20000e-03  1.92021e-05 -1.77493e-03  4.85082e-03
 -1.20000e-03  2.00370e-05 -1.78069e-03  5.30159e-03
 -1.20000e-03  2.08718e-05 -1.78054e-03  5.77589e-03

  0.00000e+00  0.00000e+00  0.00000e+00  0.00000e+00
  0.00000e+00  8.34874e-07 -1.55910e-04  2.22649e-05
  0.00000e+00  1.66975e-06 -3.05993e-04  5.80694e-05
  0.00000e+00  2.50462e-06 -4.50252e-04  1.07840e-04
  0.00000e+00  3.33949e-06 -5.88689e-04  1.72002e-04
  0.00000e+00  4.17437e-06 -7.21308e-04  2.50981e-04
  0.00000e+00  5.00924e-06 -8.48109e-04  3.45205e-04
  0.00000e+00  5.84412e-06 -9.69096e-04  4.55099e-04
  0.00000e+00  6.67899e-06 -1.08427e-03  5.81089e-04
  0.00000e+00  7.51386e-06 -1.19364e-03  7.23601e-04
  0.00000e+00  8.34874e-06 -1.29720e-03  8.83061e-04
  0.00000e+00  9.18361e-06 -1.39496e-03  1.05990e-03
  0.00000e+00  1.00185e-05 -1.48691e-03  1.25453e-03
  0.00000e+00  1.08534e-05 -1.57307e-03  1.46739e-03
  0.00000e+00  1.16882e-05 -1.65343e-03  1.69891e-03
  0.00000e+00  1.25231e-05 -1.72800e-03  1.94950e-03
  0.00000e+00  1.33580e-05 -1.79678e-03  2.21960e-03
  0.00000e+00  1.41929e-05 -1.85977e-03  2.50962e-03
  0.00000e+00  1.50277e-05 -1.91697e-03  2.82001e-03
  0.00000e+00  1.58626e-05 -1.96839e-03  3.15118e-03
  0.00000e+00  1.66975e-05 -2.01403e-03  3.50355e-03
  0.00000e+00  1.75323e-05 -2.05389e-03  3.87757e-03
  0.00000e+00  1.83672e-05 -2.08798e-03  4.27364e-03
  0.00000e+00  1.92021e-05 -2.11630e-03  4.69220e-03
  0.00000e+00  2.00370e-05 -2.13884e-03  5.13367e-03
  0.00000e+00  2.08718e-05 -2.15562e-03  5.59849e-03

  1.20000e-03  0.00000e+00 -4.11039e-06 -1.20508e-06
  1.20000e-03  8.34874e-07 -1.72345e-04  1.62566e-05
  1.20000e-03  1.66975e-06 -3.34904e-04  4.70609e-05
  1.20000e-03  2.50462e-06 -4.91790e-04  9.16341e-05
  1.20000e-03  3.33949e-06 -6.43006e-04  1.50402e-04
  1.20000e-03  4.17437e-06 -7.88554e-04  2.23791e-04
  1.20000e-03  5.00924e-06 -9.28437e-04  3.12227e-04
  1.20000e-03  5.84412e-06 -1.06266e-03  4.16136e-04
  1.20000e-03  6.67899e-06 -1.19122e-03  5.35944e-04
  1.20000e-03  7.51386e-06 -1.31412e-03  6.72077e-04
  1.20000e-03  8.34874e-06 -1.43137e-03  8.24962e-04
  1.20000e-03  9.18361e-06 -1.54296e-03  9.95024e-04
  1.20000e-03  1.00185e-05 -1.64891e-03  1.18269e-03
  1.20000e-03  1.08534e-05 -1.74921e-03  1.38838e-03
  1.20000e-03  1.16882e-05 -1.84386e-03  1.61253e-03
  1.20000e-03  1.25231e-05 -1.93287e-03  1.85557e-03
  1.20000e-03  1.33580e-05 -2.01624e-03  2.11791e-03
  1.20000e-03  1.41929e-05 -2.09398e-03  2.39998e-03
  1.20000e-03  1.50277e-05 -2.16608e-03  2.70221e-03
  1.20000e-03  1.58626e-05 -2.23255e-03  3.02503e-03
  1.20000e-03  1.66975e-05 -2.29339e-03  3.36886e-03
  1.20000e-03  1.75323e-05 -2.34861e-03  3.73413e-03
  1.20000e-03  1.83672e-05 -2.39820e-03  4.12127e-03
  1.20000e-03  1.92021e-05 -2.44216e-03  4.53069e-03
  1.20000e-03  2.00370e-05 -2.48051e-03  4.96283e-03
  1.20000e-03  2.08718e-05 -2.51325e-03  5.41812e-03

  2.40000e-03  0.00000e+00 -1.70728e-05 -4.68326e-06
  2.40000e-03  8.34874e-07 -1.96635e-04  7.97770e-06
  2.40000e-03  1.66975e-06 -3.70677e-04  3.37824e-05
  2.40000e-03  2.50462e-06 -5.39200e-04  7.31570e-05
  2.40000e-03  3.33949e-06 -7.02207e-04  1.26527e-04
  2.40000e-03  4.17437e-06 -8.59701e-04  1.94320e-04
  2.40000e-03  5.00924e-06 -1.01168e-03  2.76960e-04
  2.40000e-03  5.84412e-06 -1.15816e-03  3.74875e-04
  2.40000e-03  6.67899e-06 -1.29913e-03  4.88490e-04
  2.40000e-03  7.51386e-06 -1.43459e-03  6.18231e-04
  2.40000e-03  8.34874e-06 -1.56456e-03  7.64524e-04
  2.40000e-03  9.18361e-06 -1.68903e-03  9.27796e-04
  2.40000e-03  1.00185e-05 -1.80800e-03  1.10847e-03
  2.40000e-03  1.08534e-05 -1.92148e-03  1.30698e-03
  2.40000e-03  1.16882e-05 -2.02947e-03  1.52374e-03
  2.40000e-03  1.25231e-05 -2.13197e-03  1.75919e-03
  2.40000e-03  1.33580e-05 -2.22899e-03  2.01374e-03
  2.40000e-03  1.41929e-05 -2.32052e-03  2.28783e-03
  2.40000e-03  1.50277e-05 -2.40658e-03  2.58189e-03
  2.40000e-03  1.58626e-05 -2.48716e-03  2.89632e-03
  2.40000e-03  1.66975e-05 -2.56226e-03  3.23158e-03
  2.40000e-03  1.75323e-05 -2.63189e-03  3.58807e-03
  2.40000e-03  1.83672e-05 -2.69605e-03  3.96622e-03
  2.40000e-03  1.92021e-05 -2.75474e-03  4.36647e-03
  2.40000e-03  2.00370e-05 -2.80797e-03  4.78923e-03
  2.40000e-03  2.08718e-05 -2.85574e-03  5.23494e-03

  3.60000e-03  0.00000e+00 -3.97393e-05 -1.02610e-05
  3.60000e-03  8.34874e-07 -2.29682e-04 -2.39720e-06
  3.60000e-03  1.66975e-06 -4.14262e-04  1.84095e-05
  3.60000e-03  2.50462e-06 -5.93481e-04  5.25850e-05
  3.60000e-03  3.33949e-06 -7.67341e-04  1.00556e-04
  3.60000e-03  4.17437e-06 -9.35845e-04  1.62747e-04
  3.60000e-03  5.00924e-06 -1.09900e-03  2.39586e-04
  3.60000e-03  5.84412e-06 -1.25680e-03  3.31498e-04
  3.60000e-03  6.67899e-06 -1.40925e-03  4.38909e-04
  3.60000e-03  7.51386e-06 -1.55636e-03  5.62246e-04
  3.60000e-03  8.34874e-06 -1.69812e-03  7.01934e-04
  3.60000e-03  9.18361e-06 -1.83454e-03  8.58399e-04
  3.60000e-03  1.00185e-05 -1.96563e-03  1.03207e-03
  3.60000e-03  1.08534e-05 -2.09138e-03  1.22337e-03
  3.60000e-03  1.16882e-05 -2.21180e-03  1.43272e-03
  3.60000e-03  1.25231e-05 -2.32688e-03  1.66056e-03
  3.60000e-03  1.33580e-05 -2.43665e-03  1.90730e-03
  3.60000e-03  1.41929e-05 -2.54108e-03  2.17338e-03
  3.60000e-03  1.50277e-05 -2.64019e-03  2.45922e-03
  3.60000e-03  1.58626e-05 -2.73399e-03  2.76524e-03
  3.60000e-03  1.66975e-05 -2.82246e-03  3.09188e-03
  3.60000e-03  1.75323e-05 -2.90562e-03  3.43955e-03
  3.60000e-03  1.83672e-05 -2.98347e-03  3.80869e-03
  3.60000e-03  1.92021e-05 -3.05601e-03  4.19972e-03
  3.60000e-03  2.00370e-05 -3.12325e-03  4.61307e-03
  3.60000e-03  2.08718e-05 -3.18518e-03  5.04916e-03

  4.80000e-03  0.00000e+00 -7.28511e-05 -1.78067e-05
  4.80000e-03  8.34874e-07 -2.72272e-04 -1.47320e-05
  4.80000e-03  1.66975e-06 -4.66489e-04  1.08256e-06
  4.80000e-03  2.50462e-06 -6.55506e-04  3.00631e-05
  4.80000e-03  3.33949e-06 -8.39325e-04  7.26358e-05
  4.80000e-03  4.17437e-06 -1.01795e-03  1.29227e-04
  4.80000e-03  5.00924e-06 -1.19138e-03  2.00262e-04
  4.80000e-03  5.84412e-06 -1.35962e-03  2.86167e-04
  4.80000e-03  6.67899e-06 -1.52268e-03  3.87368e-04
  4.80000e-03  7.51386e-06 -1.68054e-03  5.04293e-04
  4.80000e-03  8.34874e-06 -1.83323e-03  6.37365e-04
  4.80000e-03  9.18361e-06 -1.98074e-03  7.87012e-04
  4.80000e-03  1.00185e-05 -2.12307e-03  9.53660e-04
  4.80000e-03  1.08534e-05 -2.26022e-03  1.13773e-03
  4.80000e-03  1.16882e-05 -2.39220e-03  1.33966e-03
  4.80000e-03  1.25231e-05 -2.51902e-03  1.55987e-03
  4.80000e-03  1.33580e-05 -2.64066e-03  1.79878e-03
  4.80000e-03  1.41929e-05 -2.75715e-03  2.05682e-03
  4.80000e-03  1.50277e-05 -2.86847e-03  2.33442e-03
  4.80000e-03  1.58626e-05 -2.97463e-03  2.63200e-03
  4.80000e-03  1.66975e-05 -3.07563e-03  2.95000e-03
  4.80000e-03  1.75323e-05 -3.17148e-03  3.28882e-03
  4.80000e-03  1.83672e-05 -3.26218e-03  3.64891e-03
  4.80000e-03  1.92021e-05 -3.34773e-03  4.03069e-03
  4.80000e-03  2.00370e-05 -3.42814e-03  4.43458e-03
  4.80000e-03  2.08718e-05 -3.50340e-03  4.86101e-03

  6.00000e-03  0.00000e+00 -1.17056e-04 -2.72287e-05
  6.00000e-03  8.34874e-07 -3.25091e-04 -2.89276e-05
  6.00000e-03  1.66975e-06 -5.28086e-04 -1.80914e-05
  6.00000e-03  2.50462e-06 -7.26044e-04  5.70577e-06
  6.00000e-03  3.33949e-06 -9.18968e-04  4.28902e-05
  6.00000e-03  4.17437e-06 -1.10686e-03  9.38878e-05
  6.00000e-03  5.00924e-06 -1.28972e-03  1.59125e-04
  6.00000e-03  5.84412e-06 -1.46756e-03  2.39027e-04
  6.00000e-03  6.67899e-06 -1.64038e-03  3.34021e-04
  6.00000e-03  7.51386e-06 -1.80817e-03  4.44532e-04
  6.00000e-03  8.34874e-06 -1.97094e-03  5.70987e-04
  6.00000e-03  9.18361e-06 -2.12870e-03  7.13812e-04
  6.00000e-03  1.00185e-05 -2.28144e-03  8.73432e-04
  6.00000e-03  1.08534e-05 -2.42918e-03  1.05027e-03
  6.00000e-03  1.16882e-05 -2.57190e-03  1.24476e-03
  6.00000e-03  1.25231e-05 -2.70962e-03  1.45733e-03
  6.00000e-03  1.33580e-05 -2.84233e-03  1.68839e-03
  6.00000e-03  1.41929e-05 -2.97005e-03  1.93838e-03
  6.00000e-03  1.50277e-05 -3.09277e-03  2.20773e-03
  6.00000e-03  1.58626e-05 -3.21049e-03  2.49685e-03
  6.00000e-03  1.66975e-05 -3.32322e-03  2.80617e-03
  6.00000e-03  1.75323e-05 -3.43095e-03  3.13613e-03
  6.00000e-03  1.83672e-05 -3.53370e-03  3.48714e-03
  6.00000e-03  1.92021e-05 -3.63147e-03  3.85964e-03
  6.00000e-03  2.00370e-05 -3.72425e-03  4.25404e-03
  6.00000e-03  2.08718e-05 -3.81205e-03  4.67078e-03

  7.20000e-03  0.00000e+00 -1.72923e-04 -3.84741e-05
  7.20000e-03  8.34874e-07 -3.88744e-04 -4.49199e-05
  7.20000e-03  1.66975e-06 -5.99692e-04 -3.90375e-05
  7.20000e-03  2.50462e-06 -8.05770e-04 -2.04010e-05
  7.20000e-03  3.33949e-06 -1.00698e-03  1.14159e-05
  7.20000e-03  4.17437e-06 -1.20333e-03  5.68390e-05
  7.20000e-03  5.00924e-06 -1.39481e-03  1.16295e-04
  7.20000e-03  5.84412e-06 -1.58143e-03  1.90209e-04
  7.20000e-03  6.67899e-06 -1.76320e-03  2.79007e-04
  7.20000e-03  7.51386e-06 -1.94011e-03  3.83117e-04
  7.20000e-03  8.34874e-06 -2.11217e-03  5.02963e-04
  7.20000e-03  9.18361e-06 -2.27938e-03  6.38972e-04
  7.20000e-03  1.00185e-05 -2.44175e-03  7.91570e-04
  7.20000e-03  1.08534e-05 -2.59927e-03  9.61182e-04
  7.20000e-03  1.16882e-05 -2.75195e-03  1.14824e-03
  7.20000e-03  1.25231e-05 -2.89979e-03  1.35316e-03
  7.20000e-03  1.33580e-05 -3.04279e-03  1.57637e-03
  7.20000e-03  1.41929e-05 -3.18096e-03  1.81830e-03
  7.20000e-03  1.50277e-05 -3.31430e-03  2.07938e-03
  7.20000e-03  1.58626e-05 -3.44281e-03  2.36003e-03
  7.20000e-03  1.66975e-05 -3.56649e-03  2.66068e-03
  7.20000e-03  1.75323e-05 -3.68535e-03  2.98175e-03
  7.20000e-03  1.83672e-05 -3.79939e-03  3.32367e-03
  7.20000e-03  1.92021e-05 -3.90860e-03  3.68687e-03
  7.20000e-03  2.00370e-05 -4.01301e-03  4.07177e-03
  7.20000e-03  2.08718e-05 -4.11260e-03  4.47879e-03

  8.40000e-03  0.00000e+00 -2.40952e-04 -5.15261e-05
  8.40000e-03  8.34874e-07 -4.63762e-04 -6.26778e-05
  8.40000e-03  1.66975e-06 -6.81870e-04 -6.17103e-05
  8.40000e-03  2.50462e-06 -8.95277e-04 -4.81974e-05
  8.40000e-03  3.33949e-06 -1.10399e-03 -2.17131e-05
  8.40000e-03  4.17437e-06 -1.30800e-03  1.81686e-05
  8.40000e-03  5.00924e-06 -1.50732e-03  7.18739e-05
  8.40000e-03  5.84412e-06 -1.70196e-03  1.39829e-04
  8.40000e-03  6.67899e-06 -1.89190e-03  2.22459e-04
  8.40000e-03  7.51386e-06 -2.07716e-03  3.20192e-04
  8.40000e-03  8.34874e-06 -2.25774e-03  4.33452e-04
  8.40000e-03  9.18361e-06 -2.43364e-03  5.62666e-04
  8.40000e-03  1.00185e-05 -2.60486e-03  7.08261e-04
  8.40000e-03  1.08534e-05 -2.77141e-03  8.70661e-04
  8.40000e-03  1.16882e-05 -2.93328e-03  1.05029e-03
  8.40000e-03  1.25231e-05 -3.09049e-03  1.24758e-03
  8.40000e-03  1.33580e-05 -3.24303e-03  1.46296e-03
  8.40000e-03  1.41929e-05 -3.39091e-03  1.69684e-03
  8.40000e-03  1.50277e-05 -3.53412e-03  1.94967e-03
  8.40000e-03  1.58626e-05 -3.67267e-03  2.22185e-03
  8.40000e-03  1.66975e-05 -3.80657e-03  2.51382e-03
  8.40000e-03  1.75323e-05 -3.93582e-03  2.82601e-03
  8.40000e-03  1.83672e-05 -4.06041e-03  3.15884e-03
  8.40000e-03  1.92021e-05 -4.18036e-03  3.51274e-03
  8.40000e-03  2.00370e-05 -4.29566e-03  3.88812e-03
  8.40000e-03  2.08718e-05 -4.40631e-03  4.28543e-03

  9.60000e-03  0.00000e+00 -3.21583e-04 -6.64017e-05
  9.60000e-03  8.34874e-07 -5.50613e-04 -8.22007e-05
  9.60000e-03  1.66975e-06 -7.75113e-04 -8.60914e-05
  9.60000e-03  2.50462e-06 -9.95085e-04 -7.76476e-05
  9.60000e-03  3.33949e-06 -1.21053e-03 -5.64433e-05
  9.60000e-03  4.17437e-06 -1.42146e-03 -2.20523e-05
  9.60000e-03  5.00924e-06 -1.62787e-03  2.59514e-05
  9.60000e-03  5.84412e-06 -1.82975e-03  8.79938e-05
  9.60000e-03  6.67899e-06 -2.02713e-03  1.64501e-04
  9.60000e-03  7.51386e-06 -2.21999e-03  2.55899e-04
  9.60000e-03  8.34874e-06 -2.40835e-03  3.62614e-04
  9.60000e-03  9.18361e-06 -2.59219e-03  4.85073e-04
  9.60000e-03  1.00185e-05 -2.77154e-03  6.23700e-04
  9.60000e-03  1.08534e-05 -2.94638e-03  7.78923e-04
  9.60000e-03  1.16882e-05 -3.11672e-03  9.51166e-04
  9.60000e-03  1.25231e-05 -3.28257e-03  1.14086e-03
  9.60000e-03  1.33580e-05 -3.44392e-03  1.34842e-03
  9.60000e-03  1.41929e-05 -3.60078e-03  1.57429e-03
  9.60000e-03  1.50277e-05 -3.75315e-03  1.81888e-03
  9.60000e-03  1.58626e-05 -3.90104e-03  2.08262e-03
  9.60000e-03  1.66975e-05 -4.04444e-03  2.36594e-03
  9.60000e-03  1.75323e-05 -4.18337e-03  2.66926e-03
  9.60000e-03  1.83672e-05 -4.31781e-03  2.99301e-03
  9.60000e-03  1.92021e-05 -4.44778e-03  3.33762e-03
  9.60000e-03  2.00370e-05 -4.57327e-03  3.70351e-03
  9.60000e-03  2.08718e-05 -4.69430e-03  4.09111e-03

  1.08000e-02  0.00000e+00 -4.15201e-04 -8.31487e-05
  1.08000e-02  8.34874e-07 -6.49703e-04 -1.03516e-04
  1.08000e-02  1.66975e-06 -8.79850e-04 -1.12187e-04
  1.08000e-02  2.50462e-06 -1.10565e-03 -1.08737e-04
  1.08000e-02  3.33949e-06 -1.32709e-03 -9.27386e-05
  1.08000e-02  4.17437e-06 -1.54419e-03 -6.37668e-05
  1.08000e-02  5.00924e-06 -1.75695e-03 -2.13952e-05
  1.08000e-02  5.84412e-06 -1.96537e-03  3.48023e-05
  1.08000e-02  6.67899e-06 -2.16945e-03  1.05252e-04
  1.08000e-02  7.51386e-06 -2.36919e-03  1.90379e-04
  1.08000e-02  8.34874e-06 -2.56460e-03  2.90611e-04
  1.08000e-02  9.18361e-06 -2.75568e-03  4.06373e-04
  1.08000e-02  1.00185e-05 -2.94243e-03  5.38091e-04
  1.08000e-02  1.08534e-05 -3.12485e-03  6.86192e-04
  1.08000e-02  1.16882e-05 -3.30295e-03  8.51101e-04
  1.08000e-02  1.25231e-05 -3.47674e-03  1.03324e-03
  1.08000e-02  1.33580e-05 -3.64620e-03  1.23305e-03
  1.08000e-02  1.41929e-05 -3.81135e-03  1.45094e-03
  1.08000e-02  1.50277e-05 -3.97218e-03  1.68734e-03
  1.08000e-02  1.58626e-05 -4.12871e-03  1.94268e-03
  1.08000e-02  1.66975e-05 -4.28093e-03  2.21739e-03
  1.08000e-02  1.75323e-05 -4.42884e-03  2.51189e-03
  1.08000e-02  1.83672e-05 -4.57245e-03  2.82661e-03
  1.08000e-02  1.92021e-05 -4.71176e-03  3.16196e-03
  1.08000e-02  2.00370e-05 -4.84678e-03  3.51839e-03
  1.08000e-02  2.08718e-05 -4.97750e-03  3.89631e-03

  1.20000e-02  0.00000e+00 -5.22138e-04 -1.01843e-04
  1.20000e-02  8.34874e-07 -7.61381e-04 -1.26674e-04
  1.20000e-02  1.66975e-06 -9.96448e-04 -1.40024e-04
  1.20000e-02  2.50462e-06 -1.22734e-03 -1.41467e-04
  1.20000e-02  3.33949e-06 -1.45407e-03 -1.30578e-04
  1.20000e-02  4.17437e-06 -1.67663e-03 -1.06929e-04
  1.20000e-02  5.00924e-06 -1.89502e-03 -7.00959e-05
  1.20000e-02  5.84412e-06 -2.10926e-03 -1.96514e-05
  1.20000e-02  6.67899e-06 -2.31933e-03  4.48302e-05
  1.20000e-02  7.51386e-06 -2.52525e-03  1.23775e-04
  1.20000e-02  8.34874e-06 -2.72701e-03  2.17609e-04
  1.20000e-02  9.18361e-06 -2.92462e-03  3.26759e-04
  1.20000e-02  1.00185e-05 -3.11808e-03  4.51649e-04
  1.20000e-02  1.08534e-05 -3.30739e-03  5.92708e-04
  1.20000e-02  1.16882e-05 -3.49256e-03  7.50360e-04
  1.20000e-02  1.25231e-05 -3.67359e-03  9.25032e-04
  1.20000e-02  1.33580e-05 -3.85049e-03  1.11715e-03
  1.20000e-02  1.41929e-05 -4.02324e-03  1.32714e-03
  1.20000e-02  1.50277e-05 -4.19186e-03  1.55543e-03
  1.20000e-02  1.58626e-05 -4.35635e-03  1.80244e-03
  1.20000e-02  1.66975e-05 -4.51671e-03  2.06860e-03
  1.20000e-02  1.75323e-05 -4.67295e-03  2.35434e-03
  1.20000e-02  1.83672e-05 -4.82506e-03  2.66007e-03
  1.20000e-02  1.92021e-05 -4.97305e-03  2.98624e-03
  1.20000e-02  2.00370e-05 -5.11693e-03  3.33326e-03
  1.20000e-02  2.08718e-05 -5.25669e-03  3.70157e-03

  1.32000e-02  0.00000e+00 -6.42669e-04 -1.22584e-04
  1.32000e-02  8.34874e-07 -8.85936e-04 -1.51747e-04
  1.32000e-02  1.66975e-06 -1.12521e-03 -1.69647e-04
  1.32000e-02  2.50462e-06 -1.36050e-03 -1.75856e-04
  1.32000e-02  3.33949e-06 -1.59179e-03 -1.69950e-04
  1.32000e-02  4.17437e-06 -1.81910e-03 -1.51502e-04
  1.32000e-02  5.00924e-06 -2.04243e-03 -1.20085e-04
  1.32000e-02  5.84412e-06 -2.26178e-03 -7.52741e-05
  1.32000e-02  6.67899e-06 -2.47716e-03 -1.66429e-05
  1.32000e-02  7.51386e-06 -2.68855e-03  5.62346e-05
  1.32000e-02  8.34874e-06 -2.89598e-03  1.43785e-04
  1.32000e-02  9.18361e-06 -3.09944e-03  2.46433e-04
  1.32000e-02  1.00185e-05 -3.29893e-03  3.64606e-04
  1.32000e-02  1.08534e-05 -3.49445e-03  4.98730e-04
  1.32000e-02  1.16882e-05 -3.68601e-03  6.49231e-04
  1.32000e-02  1.25231e-05 -3.87362e-03  8.16534e-04
  1.32000e-02  1.33580e-05 -4.05727e-03  1.00107e-03
  1.32000e-02  1.41929e-05 -4.23696e-03  1.20325e-03
  1.32000e-02  1.50277e-05 -4.41270e-03  1.42352e-03
  1.32000e-02  1.58626e-05 -4.58449e-03  1.66230e-03
  1.32000e-02  1.66975e-05 -4.75234e-03  1.92001e-03
  1.32000e-02  1.75323e-05 -4.91624e-03  2.19707e-03
  1.32000e-02  1.83672e-05 -5.07621e-03  2.49393e-03
  1.32000e-02  1.92021e-05 -5.23223e-03  2.81099e-03
  1.32000e-02  2.00370e-05 -5.38432e-03  3.14870e-03
  1.32000e-02  2.08718e-05 -5.53247e-03  3.50746e-03

  1.44000e-02  0.00000e+00 -7.77012e-04 -1.45491e-04
  1.44000e-02  8.34874e-07 -1.02360e-03 -1.78825e-04
  1.44000e-02  1.66975e-06 -1.26637e-03 -2.01114e-04
  1.44000e-02  2.50462e-06 -1.50534e-03 -2.11932e-04
  1.44000e-02  3.33949e-06 -1.74051e-03 -2.10852e-04
  1.44000e-02  4.17437e-06 -1.97188e-03 -1.97449e-04
  1.44000e-02  5.00924e-06 -2.19946e-03 -1.71297e-04
  1.44000e-02  5.84412e-06 -2.42323e-03 -1.31970e-04
  1.44000e-02  6.67899e-06 -2.64322e-03 -7.90405e-05
  1.44000e-02  7.51386e-06 -2.85942e-03 -1.20839e-05
  1.44000e-02  8.34874e-06 -3.07183e-03  6.93263e-05
  1.44000e-02  9.18361e-06 -3.28045e-03  1.65616e-04
  1.44000e-02  1.00185e-05 -3.48529e-03  2.77212e-04
  1.44000e-02  1.08534e-05 -3.68636e-03  4.04540e-04
  1.44000e-02  1.16882e-05 -3.88365e-03  5.48025e-04
  1.44000e-02  1.25231e-05 -4.07716e-03  7.08095e-04
  1.44000e-02  1.33580e-05 -4.26690e-03  8.85175e-04
  1.44000e-02  1.41929e-05 -4.45287e-03  1.07969e-03
  1.44000e-02  1.50277e-05 -4.63508e-03  1.29207e-03
  1.44000e-02  1.58626e-05 -4.81353e-03  1.52274e-03
  1.44000e-02  1.66975e-05 -4.98821e-03  1.77212e-03
  1.44000e-02  1.75323e-05 -5.15913e-03  2.04064e-03
  1.44000e-02  1.83672e-05 -5.32630e-03  2.32873e-03
  1.44000e-02  1.92021e-05 -5.48971e-03  2.63681e-03
  1.44000e-02  2.00370e-05 -5.64938e-03  2.96530e-03
  1.44000e-02  2.08718e-05 -5.80529e-03  3.31465e-03

  1.56000e-02  0.00000e+00 -9.25317e-04 -1.70702e-04
  1.56000e-02  8.34874e-07 -1.17451e-03 -2.08010e-04
  1.56000e-02  1.66975e-06 -1.42009e-03 -2.34493e-04
  1.56000e-02  2.50462e-06 -1.66205e-03 -2.49727e-04
  1.56000e-02  3.33949e-06 -1.90040e-03 -2.53283e-04
  1.56000e-02  4.17437e-06 -2.13514e-03 -2.44738e-04
  1.56000e-02  5.00924e-06 -2.36627e-03 -2.23664e-04
  1.56000e-02  5.84412e-06 -2.59379e-03 -1.89635e-04
  1.56000e-02  6.67899e-06 -2.81770e-03 -1.42225e-04
  1.56000e-02  7.51386e-06 -3.03802e-03 -8.10092e-05
  1.56000e-02  8.34874e-06 -3.25474e-03 -5.56011e-06
  1.56000e-02  9.18361e-06 -3.46786e-03  8.45479e-05
  1.56000e-02  1.00185e-05 -3.67738e-03  1.89741e-04
  1.56000e-02  1.08534e-05 -3.88332e-03  3.10445e-04
  1.56000e-02  1.16882e-05 -4.08567e-03  4.47086e-04
  1.56000e-02  1.25231e-05 -4.28443e-03  6.00090e-04
  1.56000e-02  1.33580e-05 -4.47961e-03  7.69884e-04
  1.56000e-02  1.41929e-05 -4.67121e-03  9.56893e-04
  1.56000e-02  1.50277e-05 -4.85923e-03  1.16154e-03
  1.56000e-02  1.58626e-05 -5.04368e-03  1.38426e-03
  1.56000e-02  1.66975e-05 -5.22455e-03  1.62547e-03
  1.56000e-02  1.75323e-05 -5.40185e-03  1.88560e-03
  1.56000e-02  1.83672e-05 -5.57559e-03  2.16508e-03
  1.56000e-02  1.92021e-05 -5.74576e-03  2.46433e-03
  1.56000e-02  2.00370e-05 -5.91237e-03  2.78378e-03
  1.56000e-02  2.08718e-05 -6.07541e-03  3.12385e-03

  1.68000e-02  0.00000e+00 -1.08766e-03 -1.98364e-04
  1.68000e-02  8.34874e-07 -1.33877e-03 -2.39412e-04
  1.68000e-02  1.66975e-06 -1.58644e-03 -2.69858e-04
  1.68000e-02  2.50462e-06 -1.83070e-03 -2.89277e-04
  1.68000e-02  3.33949e-06 -2.07153e-03 -2.97242e-04
  1.68000e-02  4.17437e-06 -2.30894e-03 -2.93327e-04
  1.68000e-02  5.00924e-06 -2.54294e-03 -2.77107e-04
  1.68000e-02  5.84412e-06 -2.77351e-03 -2.48155e-04
  1.68000e-02  6.67899e-06 -3.00068e-03 -2.06045e-04
  1.68000e-02  7.51386e-06 -3.22444e-03 -1.50351e-04
  1.68000e-02  8.34874e-06 -3.44479e-03 -8.06475e-05
  1.68000e-02  9.18361e-06 -3.66173e-03  3.49254e-06
  1.68000e-02  1.00185e-05 -3.87527e-03  1.02495e-04
  1.68000e-02  1.08534e-05 -4.08542e-03  2.16785e-04
  1.68000e-02  1.16882e-05 -4.29216e-03  3.46790e-04
  1.68000e-02  1.25231e-05 -4.49551e-03  4.92935e-04
  1.68000e-02  1.33580e-05 -4.69547e-03  6.55647e-04
  1.68000e-02  1.41929e-05 -4.89205e-03  8.35351e-04
  1.68000e-02  1.50277e-05 -5.08523e-03  1.03247e-03
  1.68000e-02  1.58626e-05 -5.27503e-03  1.24744e-03
  1.68000e-02  1.66975e-05 -5.46145e-03  1.48068e-03
  1.68000e-02  1.75323e-05 -5.64449e-03  1.73262e-03
  1.68000e-02  1.83672e-05 -5.82415e-03  2.00367e-03
  1.68000e-02  1.92021e-05 -6.00044e-03  2.29428e-03
  1.68000e-02  2.00370e-05 -6.17336e-03  2.60486e-03
  1.68000e-02  2.08718e-05 -6.34291e-03  2.93585e-03

  1.80000e-02  0.00000e+00 -1.26402e-03 -2.28631e-04
  1.80000e-02  8.34874e-07 -1.51633e-03 -2.73144e-04
  1.80000e-02  1.66975e-06 -1.76540e-03 -3.07281e-04
  1.80000e-02  2.50462e-06 -2.01125e-03 -3.30614e-04
  1.80000e-02  3.33949e-06 -2.25386e-03 -3.42719e-04
  1.80000e-02  4.17437e-06 -2.49326e-03 -3.43169e-04
  1.80000e-02  5.00924e-06 -2.72942e-03 -3.31538e-04
  1.80000e-02  5.84412e-06 -2.96237e-03 -3.07400e-04
  1.80000e-02  6.67899e-06 -3.19210e-03 -2.70328e-04
  1.80000e-02  7.51386e-06 -3.41861e-03 -2.19898e-04
  1.80000e-02  8.34874e-06 -3.64192e-03 -1.55682e-04
  1.80000e-02  9.18361e-06 -3.86201e-03 -7.72553e-05
  1.80000e-02  1.00185e-05 -4.07889e-03  1.58091e-05
  1.80000e-02  1.08534e-05 -4.29257e-03  1.23937e-04
  1.80000e-02  1.16882e-05 -4.50304e-03  2.47554e-04
  1.80000e-02  1.25231e-05 -4.71032e-03  3.87088e-04
  1.80000e-02  1.33580e-05 -4.91440e-03  5.42962e-04
  1.80000e-02  1.41929e-05 -5.11528e-03  7.15605e-04
  1.80000e-02  1.50277e-05 -5.31297e-03  9.05441e-04
  1.80000e-02  1.58626e-05 -5.50747e-03  1.11290e-03
  1.80000e-02  1.66975e-05 -5.69879e-03  1.33840e-03
  1.80000e-02  1.75323e-05 -5.88692e-03  1.58237e-03
  1.80000e-02  1.83672e-05 -6.07187e-03  1.84525e-03
  1.80000e-02  1.92021e-05 -6.25364e-03  2.12744e-03
  1.80000e-02  2.00370e-05 -6.43223e-03  2.42939e-03
  1.80000e-02  2.08718e-05 -6.60765e-03  2.75151e-03

  1.92000e-02  0.00000e+00 -1.45427e-03 -2.61661e-04
  1.92000e-02  8.34874e-07 -1.70706e-03 -3.09320e-04
  1.92000e-02  1.66975e-06 -1.95682e-03 -3.46829e-04
  1.92000e-02  2.50462e-06 -2.20355e-03 -3.73763e-04
  1.92000e-02  3.33949e-06 -2.44724e-03 -3.89694e-04
  1.92000e-02  4.17437e-06 -2.68791e-03 -3.94197e-04
  1.92000e-02  5.00924e-06 -2.92555e-03 -3.86846e-04
  1.92000e-02  5.84412e-06 -3.16017e-03 -3.67215e-04
  1.92000e-02  6.67899e-06 -3.39176e-03 -3.34878e-04
  1.92000e-02  7.51386e-06 -3.62034e-03 -2.89408e-04
  1.92000e-02  8.34874e-06 -3.84591e-03 -2.30379e-04
  1.92000e-02  9.18361e-06 -4.06846e-03 -1.57366e-04
  1.92000e-02  1.00185e-05 -4.28800e-03 -6.99427e-05
  1.92000e-02  1.08534e-05 -4.50453e-03  3.23176e-05
  1.92000e-02  1.16882e-05 -4.71806e-03  1.49841e-04
  1.92000e-02  1.25231e-05 -4.92859e-03  2.83053e-04
  1.92000e-02  1.33580e-05 -5.13612e-03  4.32380e-04
  1.92000e-02  1.41929e-05 -5.34064e-03  5.98247e-04
  1.92000e-02  1.50277e-05 -5.54218e-03  7.81082e-04
  1.92000e-02  1.58626e-05 -5.74072e-03  9.81311e-04
  1.92000e-02  1.66975e-05 -5.93627e-03  1.19936e-03
  1.92000e-02  1.75323e-05 -6.12884e-03  1.43565e-03
  1.92000e-02  1.83672e-05 -6.31842e-03  1.69061e-03
  1.92000e-02  1.92021e-05 -6.50502e-03  1.96468e-03
  1.92000e-02  2.00370e-05 -6.68864e-03  2.25826e-03
  1.92000e-02  2.08718e-05 -6.86928e-03  2.57180e-03

  2.04000e-02  0.00000e+00 -1.65816e-03 -2.97604e-04
  2.04000e-02  8.34874e-07 -1.91071e-03 -3.48044e-04
  2.04000e-02  1.66975e-06 -2.16043e-03 -3.88562e-04
  2.04000e-02  2.50462e-06 -2.40731e-03 -4.18732e-04
  2.04000e-02  3.33949e-06 -2.65136e-03 -4.38130e-04
  2.04000e-02  4.17437e-06 -2.89258e-03 -4.46328e-04
  2.04000e-02  5.00924e-06 -3.13098e-03 -4.42901e-04
  2.04000e-02  5.84412e-06 -3.36656e-03 -4.27422e-04
  2.04000e-02  6.67899e-06 -3.59932e-03 -3.99466e-04
  2.04000e-02  7.51386e-06 -3.82926e-03 -3.58606e-04
  2.04000e-02  8.34874e-06 -4.05638e-03 -3.04416e-04
  2.04000e-02  9.18361e-06 -4.28069e-03 -2.36471e-04
  2.04000e-02  1.00185e-05 -4.50220e-03 -1.54344e-04
  2.04000e-02  1.08534e-05 -4.72089e-03 -5.76085e-05
  2.04000e-02  1.16882e-05 -4.93678e-03  5.41608e-05
  2.04000e-02  1.25231e-05 -5.14987e-03  1.81390e-04
  2.04000e-02  1.33580e-05 -5.36016e-03  3.24506e-04
  2.04000e-02  1.41929e-05 -5.56766e-03  4.83934e-04
  2.04000e-02  1.50277e-05 -5.77236e-03  6.60100e-04
  2.04000e-02  1.58626e-05 -5.97427e-03  8.53430e-04
  2.04000e-02  1.66975e-05 -6.17338e-03  1.06435e-03
  2.04000e-02  1.75323e-05 -6.36972e-03  1.29329e-03
  2.04000e-02  1.83672e-05 -6.56327e-03  1.54067e-03
  2.04000e-02  1.92021e-05 -6.75403e-03  1.80692e-03
  2.04000e-02  2.00370e-05 -6.94202e-03  2.09246e-03
  2.04000e-02  2.08718e-05 -7.12724e-03  2.39773e-03

  2.16000e-02  0.00000e+00 -1.87529e-03 -3.36605e-04
  2.16000e-02  8.34874e-07 -2.12685e-03 -3.89407e-04
  2.16000e-02  1.66975e-06 -2.37578e-03 -4.32518e-04
  2.16000e-02  2.50462e-06 -2.62207e-03 -4.65513e-04
  2.16000e-02  3.33949e-06 -2.86574e-03 -4.87966e-04
  2.16000e-02  4.17437e-06 -3.10679e-03 -4.99450e-04
  2.16000e-02  5.00924e-06 -3.34521e-03 -4.99539e-04
  2.16000e-02  5.84412e-06 -3.58102e-03 -4.87808e-04
  2.16000e-02  6.67899e-06 -3.81421e-03 -4.63830e-04
  2.16000e-02  7.51386e-06 -4.04479e-03 -4.27179e-04
  2.16000e-02  8.34874e-06 -4.27275e-03 -3.77429e-04
  2.16000e-02  9.18361e-06 -4.49811e-03 -3.14153e-04
  2.16000e-02  1.00185e-05 -4.72086e-03 -2.36927e-04
  2.16000e-02  1.08534e-05 -4.94101e-03 -1.45324e-04
  2.16000e-02  1.16882e-05 -5.15855e-03 -3.89170e-05
  2.16000e-02  1.25231e-05 -5.37350e-03  8.27190e-05
  2.16000e-02  1.33580e-05 -5.58586e-03  2.20010e-04
  2.16000e-02  1.41929e-05 -5.79562e-03  3.73383e-04
  2.16000e-02  1.50277e-05 -6.00279e-03  5.43264e-04
  2.16000e-02  1.58626e-05 -6.20737e-03  7.30078e-04
  2.16000e-02  1.66975e-05 -6.40936e-03  9.34252e-04
  2.16000e-02  1.75323e-05 -6.60878e-03  1.15621e-03
  2.16000e-02  1.83672e-05 -6.80561e-03  1.39638e-03
  2.16000e-02  1.92021e-05 -6.99987e-03  1.65519e-03
  2.16000e-02  2.00370e-05 -7.19155e-03  1.93307e-03
  2.16000e-02  2.08718e-05 -7.38066e-03  2.23043e-03

  2.28000e-02  0.00000e+00 -2.10508e-03 -3.78788e-04
  2.28000e-02  8.34874e-07 -2.35488e-03 -4.33482e-04
  2.28000e-02  1.66975e-06 -2.60225e-03 -4.78718e-04
  2.28000e-02  2.50462e-06 -2.84720e-03 -5.14070e-04
  2.28000e-02  3.33949e-06 -3.08972e-03 -5.39112e-04
  2.28000e-02  4.17437e-06 -3.32983e-03 -5.53419e-04
  2.28000e-02  5.00924e-06 -3.56753e-03 -5.56564e-04
  2.28000e-02  5.84412e-06 -3.80282e-03 -5.48120e-04
  2.28000e-02  6.67899e-06 -4.03569e-03 -5.27663e-04
  2.28000e-02  7.51386e-06 -4.26616e-03 -4.94765e-04
  2.28000e-02  8.34874e-06 -4.49422e-03 -4.49001e-04
  2.28000e-02  9.18361e-06 -4.71988e-03 -3.89945e-04
  2.28000e-02  1.00185e-05 -4.94315e-03 -3.17171e-04
  2.28000e-02  1.08534e-05 -5.16401e-03 -2.30252e-04
  2.28000e-02  1.16882e-05 -5.38249e-03 -1.28762e-04
  2.28000e-02  1.25231e-05 -5.59857e-03 -1.22763e-05
  2.28000e-02  1.33580e-05 -5.81226e-03  1.19633e-04
  2.28000e-02  1.41929e-05 -6.02356e-03  2.67390e-04
  2.28000e-02  1.50277e-05 -6.23249e-03  4.31422e-04
  2.28000e-02  1.58626e-05 -6.43903e-03  6.12156e-04
  2.28000e-02  1.66975e-05 -6.64319e-03  8.10016e-04
  2.28000e-02  1.75323e-05 -6.84497e-03  1.02543e-03
  2.28000e-02  1.83672e-05 -7.04439e-03  1.25882e-03
  2.28000e-02  1.92021e-05 -7.24143e-03  1.51062e-03
  2.28000e-02  2.00370e-05 -7.43610e-03  1.78125e-03
  2.28000e-02  2.08718e-05 -7.62841e-03  2.07113e-03

  2.40000e-02  0.00000e+00 -2.34674e-03 -4.24259e-04
  2.40000e-02  8.34874e-07 -2.59398e-03 -4.80315e-04
  2.40000e-02  1.66975e-06 -2.83900e-03 -5.27149e-04
  2.40000e-02  2.50462e-06 -3.08181e-03 -5.64334e-04
  2.40000e-02  3.33949e-06 -3.32241e-03 -5.91443e-04
  2.40000e-02  4.17437e-06 -3.56080e-03 -6.08052e-04
  2.40000e-02  5.00924e-06 -3.79699e-03 -6.13733e-04
  2.40000e-02  5.84412e-06 -4.03098e-03 -6.08061e-04
  2.40000e-02  6.67899e-06 -4.26276e-03 -5.90610e-04
  2.40000e-02  7.51386e-06 -4.49235e-03 -5.60953e-04
  2.40000e-02  8.34874e-06 -4.71974e-03 -5.18665e-04
  2.40000e-02  9.18361e-06 -4.94494e-03 -4.63319e-04
  2.40000e-02  1.00185e-05 -5.16795e-03 -3.94490e-04
  2.40000e-02  1.08534e-05 -5.38878e-03 -3.11751e-04
  2.40000e-02  1.16882e-05 -5.60742e-03 -2.14676e-04
  2.40000e-02  1.25231e-05 -5.82388e-03 -1.02839e-04
  2.40000e-02  1.33580e-05 -6.03816e-03  2.41861e-05
  2.40000e-02  1.41929e-05 -6.25026e-03  1.66825e-04
  2.40000e-02  1.50277e-05 -6.46019e-03  3.25504e-04
  2.40000e-02  1.58626e-05 -6.66795e-03  5.00649e-04
  2.40000e-02  1.66975e-05 -6.87354e-03  6.92686e-04
  2.40000e-02  1.75323e-05 -7.07697e-03  9.02042e-04
  2.40000e-02  1.83672e-05 -7.27823e-03  1.12914e-03
  2.40000e-02  1.92021e-05 -7.47733e-03  1.37441e-03
  2.40000e-02  2.00370e-05 -7.67427e-03  1.63828e-03
  2.40000e-02  2.08718e-05 -7.86905e-03  1.92117e-03

  2.52000e-02  0.00000e+00 -2.59926e-03 -4.73091e-04
  2.52000e-02  8.34874e-07 -2.84311e-03 -5.29921e-04
  2.52000e-02  1.66975e-06 -3.08496e-03 -5.77765e-04
  2.52000e-02  2.50462e-06 -3.32481e-03 -6.16197e-04
  2.52000e-02  3.33949e-06 -3.56266e-03 -6.44791e-04
  2.52000e-02  4.17437e-06 -3.79852e-03 -6.63120e-04
  2.52000e-02  5.00924e-06 -4.03238e-03 -6.70759e-04
  2.52000e-02  5.84412e-06 -4.26426e-03 -6.67281e-04
  2.52000e-02  6.67899e-06 -4.49415e-03 -6.52260e-04
  2.52000e-02  7.51386e-06 -4.72205e-03 -6.25271e-04
  2.52000e-02  8.34874e-06 -4.94798e-03 -5.85887e-04
  2.52000e-02  9.18361e-06 -5.17192e-03 -5.33682e-04
  2.52000e-02  1.00185e-05 -5.39389e-03 -4.68230e-04
  2.52000e-02  1.08534e-05 -5.61388e-03 -3.89106e-04
  2.52000e-02  1.16882e-05 -5.83190e-03 -2.95882e-04
  2.52000e-02  1.25231e-05 -6.04796e-03 -1.88133e-04
  2.52000e-02  1.33580e-05 -6.26205e-03 -6.54323e-05
  2.52000e-02  1.41929e-05 -6.47417e-03  7.26454e-05
  2.52000e-02  1.50277e-05 -6.68433e-03  2.26526e-04
  2.52000e-02  1.58626e-05 -6.89254e-03  3.96637e-04
  2.52000e-02  1.66975e-05 -7.09879e-03  5.83403e-04
  2.52000e-02  1.75323e-05 -7.30308e-03  7.87251e-04
  2.52000e-02  1.83672e-05 -7.50543e-03  1.00861e-03
  2.52000e-02  1.92021e-05 -7.70582e-03  1.24790e-03
  2.52000e-02  2.00370e-05 -7.90427e-03  1.50554e-03
  2.52000e-02  2.08718e-05 -8.10078e-03  1.78198e-03

  2.64000e-02  0.00000e+00 -2.86133e-03 -5.25323e-04
  2.64000e-02  8.34874e-07 -3.10094e-03 -5.82273e-04
  2.64000e-02  1.66975e-06 -3.33875e-03 -6.30477e-04
  2.64000e-02  2.50462e-06 -3.57478e-03 -6.69507e-04
  2.64000e-02  3.33949e-06 -3.80903e-03 -6.98937e-04
  2.64000e-02  4.17437e-06 -4.04151e-03 -7.18341e-04
  2.64000e-02  5.00924e-06 -4.27220e-03 -7.27294e-04
  2.64000e-02  5.84412e-06 -4.50113e-03 -7.25369e-04
  2.64000e-02  6.67899e-06 -4.72828e-03 -7.12140e-04
  2.64000e-02  7.51386e-06 -4.95366e-03 -6.87181e-04
  2.64000e-02  8.34874e-06 -5.17728e-03 -6.50065e-04
  2.64000e-02  9.18361e-06 -5.39913e-03 -6.00368e-04
  2.64000e-02  1.00185e-05 -5.61923e-03 -5.37662e-04
  2.64000e-02  1.08534e-05 -5.83756e-03 -4.61523e-04
  2.64000e-02  1.16882e-05 -6.05414e-03 -3.71522e-04
  2.64000e-02  1.25231e-05 -6.26897e-03 -2.67236e-04
  2.64000e-02  1.33580e-05 -6.48205e-03 -1.48236e-04
  2.64000e-02  1.41929e-05 -6.69338e-03 -1.40984e-05
  2.64000e-02  1.50277e-05 -6.90297e-03  1.35604e-04
  2.64000e-02  1.58626e-05 -7.11081e-03  3.01298e-04
  2.64000e-02  1.66975e-05 -7.31691e-03  4.83408e-04
  2.64000e-02  1.75323e-05 -7.52128e-03  6.82361e-04
  2.64000e-02  1.83672e-05 -7.72391e-03  8.98583e-04
  2.64000e-02  1.92021e-05 -7.92481e-03  1.13250e-03
  2.64000e-02  2.00370e-05 -8.12398e-03  1.38454e-03
  2.64000e-02  2.08718e-05 -8.32142e-03  1.65512e-03

  2.76000e-02  0.00000e+00 -3.13136e-03 -5.80948e-04
  2.76000e-02  8.34874e-07 -3.36581e-03 -6.37299e-04
  2.76000e-02  1.66975e-06 -3.59869e-03 -6.85142e-04
  2.76000e-02  2.50462e-06 -3.83001e-03 -7.24054e-04
  2.76000e-02  3.33949e-06 -4.05977e-03 -7.53606e-04
  2.76000e-02  4.17437e-06 -4.28796e-03 -7.73373e-04
  2.76000e-02  5.00924e-06 -4.51460e-03 -7.82929e-04
  2.76000e-02  5.84412e-06 -4.73969e-03 -7.81848e-04
  2.76000e-02  6.67899e-06 -4.96322e-03 -7.69703e-04
  2.76000e-02  7.51386e-06 -5.18521e-03 -7.46070e-04
  2.76000e-02  8.34874e-06 -5.40564e-03 -7.10521e-04
  2.76000e-02  9.18361e-06 -5.62454e-03 -6.62630e-04
  2.76000e-02  1.00185e-05 -5.84189e-03 -6.01972e-04
  2.76000e-02  1.08534e-05 -6.05770e-03 -5.28120e-04
  2.76000e-02  1.16882e-05 -6.27198e-03 -4.40649e-04
  2.76000e-02  1.25231e-05 -6.48472e-03 -3.39132e-04
  2.76000e-02  1.33580e-05 -6.69593e-03 -2.23143e-04
  2.76000e-02  1.41929e-05 -6.90562e-03 -9.22556e-05
  2.76000e-02  1.50277e-05 -7.11377e-03  5.39553e-05
  2.76000e-02  1.58626e-05 -7.32041e-03  2.15916e-04
  2.76000e-02  1.66975e-05 -7.52552e-03  3.94053e-04
  2.76000e-02  1.75323e-05 -7.72911e-03  5.88793e-04
  2.76000e-02  1.83672e-05 -7.93119e-03  8.00561e-04
  2.76000e-02  1.92021e-05 -8.13176e-03  1.02978e-03
  2.76000e-02  2.00370e-05 -8.33081e-03  1.27689e-03
  2.76000e-02  2.08718e-05 -8.52836e-03  1.54229e-03

  2.88000e-02  0.00000e+00 -3.40738e-03 -6.39908e-04
  2.88000e-02  8.34874e-07 -3.63573e-03 -6.94868e-04
  2.88000e-02  1.66975e-06 -3.86274e-03 -7.41563e-04
  2.88000e-02  2.50462e-06 -4.08840e-03 -7.79568e-04
  2.88000e-02  3.33949e-06 -4.31273e-03 -8.08457e-04
  2.88000e-02  4.17437e-06 -4.53571e-03 -8.27803e-04
  2.88000e-02  5.00924e-06 -4.75736e-03 -8.37181e-04
  2.88000e-02  5.84412e-06 -4.97768e-03 -8.36165e-04
  2.88000e-02  6.67899e-06 -5.19667e-03 -8.24328e-04
  2.88000e-02  7.51386e-06 -5.41433e-03 -8.01244e-04
  2.88000e-02  8.34874e-06 -5.63067e-03 -7.66488e-04
  2.88000e-02  9.18361e-06 -5.84568e-03 -7.19633e-04
  2.88000e-02  1.00185e-05 -6.05938e-03 -6.60253e-04
  2.88000e-02  1.08534e-05 -6.27176e-03 -5.87922e-04
  2.88000e-02  1.16882e-05 -6.48282e-03 -5.02214e-04
  2.88000e-02  1.25231e-05 -6.69258e-03 -4.02703e-04
  2.88000e-02  1.33580e-05 -6.90102e-03 -2.88963e-04
  2.88000e-02  1.41929e-05 -7.10816e-03 -1.60567e-04
  2.88000e-02  1.50277e-05 -7.31399e-03 -1.70906e-05
  2.88000e-02  1.58626e-05 -7.51853e-03  1.41894e-04
  2.88000e-02  1.66975e-05 -7.72176e-03  3.16811e-04
  2.88000e-02  1.75323e-05 -7.92370e-03  5.08088e-04
  2.88000e-02  1.83672e-05 -8.12434e-03  7.16151e-04
  2.88000e-02  1.92021e-05 -8.32370e-03  9.41425e-04
  2.88000e-02  2.00370e-05 -8.52176e-03  1.18434e-03
  2.88000e-02  2.08718e-05 -8.71854e-03  1.44531e-03

  3.00000e-02  0.00000e+00 -3.68704e-03 -7.02086e-04
  3.00000e-02  8.34874e-07 -3.90830e-03 -7.54789e-04
  3.00000e-02  1.66975e-06 -4.12843e-03 -7.99472e-04
  3.00000e-02  2.50462e-06 -4.34745e-03 -8.35710e-04
  3.00000e-02  3.33949e-06 -4.56536e-03 -8.63076e-04
  3.00000e-02  4.17437e-06 -4.78215e-03 -8.81144e-04
  3.00000e-02  5.00924e-06 -4.99783e-03 -8.89489e-04
  3.00000e-02  5.84412e-06 -5.21241e-03 -8.87684e-04
  3.00000e-02  6.67899e-06 -5.42588e-03 -8.75303e-04
  3.00000e-02  7.51386e-06 -5.63824e-03 -8.51921e-04
  3.00000e-02  8.34874e-06 -5.84951e-03 -8.17110e-04
  3.00000e-02  9.18361e-06 -6.05969e-03 -7.70445e-04
  3.00000e-02  1.00185e-05 -6.26876e-03 -7.11499e-04
  3.00000e-02  1.08534e-05 -6.47675e-03 -6.39848e-04
  3.00000e-02  1.16882e-05 -6.68365e-03 -5.55064e-04
  3.00000e-02  1.25231e-05 -6.88946e-03 -4.56722e-04
  3.00000e-02  1.33580e-05 -7.09419e-03 -3.44395e-04
  3.00000e-02  1.41929e-05 -7.29783e-03 -2.17658e-04
  3.00000e-02  1.50277e-05 -7.50040e-03 -7.60840e-05
  3.00000e-02  1.58626e-05 -7.70189e-03  8.07526e-05
  3.00000e-02  1.66975e-05 -7.90231e-03  2.53278e-04
  3.00000e-02  1.75323e-05 -8.10165e-03  4.41918e-04
  3.00000e-02  1.83672e-05 -8.29993e-03  6.47100e-04
  3.00000e-02  1.92021e-05 -8.49714e-03  8.69248e-04
  3.00000e-02  2.00370e-05 -8.69329e-03  1.10879e-03
  3.00000e-02  2.08718e-05 -8.88838e-03  1.36615e-03

