  0.00000e+00  0.00000e+00  0.00000e+00  0.00000e+00
  0.00000e+00  7.01588e-07  1.54234e-05 -3.27887e-05
  0.00000e+00  1.40318e-06  3.54209e-05 -6.44303e-05
  0.00000e+00  2.10477e-06  6.00056e-05 -9.48992e-05
  0.00000e+00  2.80635e-06  8.91905e-05 -1.24170e-04
  0.00000e+00  3.50794e-06  1.22988e-04 -1.52217e-04
  0.00000e+00  4.20953e-06  1.61413e-04 -1.79015e-04
  0.00000e+00  4.91112e-06  2.04476e-04 -2.04538e-04
  0.00000e+00  5.61271e-06  2.52191e-04 -2.28761e-04
  0.00000e+00  6.31430e-06  3.04572e-04 -2.51657e-04
  0.00000e+00  7.01588e-06  3.61630e-04 -2.73203e-04
  0.00000e+00  7.71747e-06  4.23380e-04 -2.93371e-04
  0.00000e+00  8.41906e-06  4.89834e-04 -3.12137e-04
  0.00000e+00  9.12065e-06  5.61005e-04 -3.29474e-04
  0.00000e+00  9.82224e-06  6.36906e-04 -3.45358e-04
  0.00000e+00  1.05238e-05  7.17551e-04 -3.59763e-04
  0.00000e+00  1.12254e-05  8.02951e-04 -3.72663e-04
  0.00000e+00  1.19270e-05  8.93121e-04 -3.84033e-04
  0.00000e+00  1.26286e-05  9.88072e-04 -3.93846e-04
  0.00000e+00  1.33302e-05  1.08782e-03 -4.02079e-04
  0.00000e+00  1.40318e-05  1.19237e-03 -4.08704e-04
  0.00000e+00  1.47334e-05  1.30175e-03 -4.13697e-04
  0.00000e+00  1.54349e-05  1.41596e-03 -4.17032e-04
  0.00000e+00  1.61365e-05  1.53502e-03 -4.18683e-04
  0.00000e+00  1.68381e-05  1.65893e-03 -4.18625e-04
  0.00000e+00  1.75397e-05  1.78773e-03 -4.16833e-04

  8.34874e-07  0.00000e+00 -1.55910e-04  2.22649e-05
  8.34874e-07  7.01588e-07 -1.29218e-04 -5.00524e-06
  8.34874e-07  1.40318e-06 -9.78115e-05 -3.11128e-05
  8.34874e-07  2.10477e-06 -6.16784e-05 -5.60323e-05
  8.34874e-07  2.80635e-06 -2.08053e-05 -7.97382e-05
  8.34874e-07  3.50794e-06  2.48207e-05 -1.02205e-04
  8.34874e-07  4.20953e-06  7.52126e-05 -1.23407e-04
  8.34874e-07  4.91112e-06  1.30383e-04 -1.43318e-04
  8.34874e-07  5.61271e-06  1.90346e-04 -1.61914e-04
  8.34874e-07  6.31430e-06  2.55114e-04 -1.79169e-04
  8.34874e-07  7.01588e-06  3.24699e-04 -1.95056e-04
  8.34874e-07  7.71747e-06  3.99116e-04 -2.09551e-04
  8.34874e-07  8.41906e-06  4.78376e-04 -2.22628e-04
  8.34874e-07  9.12065e-06  5.62493e-04 -2.34262e-04
  8.34874e-07  9.82224e-06  6.51481e-04 -2.44426e-04
  8.34874e-07  1.05238e-05  7.45351e-04 -2.53096e-04
  8.34874e-07  1.12254e-05  8.44117e-04 -2.60245e-04
  8.34874e-07  1.19270e-05  9.47791e-04 -2.65849e-04
  8.34874e-07  1.26286e-05  1.05639e-03 -2.69881e-04
  8.34874e-07  1.33302e-05  1.16992e-03 -2.72316e-04
  8.34874e-07  1.40318e-05  1.28840e-03 -2.73129e-04
  8.34874e-07  1.47334e-05  1.41184e-03 -2.72294e-04
  8.34874e-07  1.54349e-05  1.54025e-03 -2.69786e-04
  8.34874e-07  1.61365e-05  1.67366e-03 -2.65578e-04
  8.34874e-07  1.68381e-05  1.81206e-03 -2.59646e-04
  8.34874e-07  1.75397e-05  1.95547e-03 -2.51964e-04

  1.66975e-06  0.00000e+00 -3.05993e-04  5.80694e-05
  1.66975e-06  7.01588e-07 -2.67674e-04  3.64841e-05
  1.66975e-06  1.40318e-06 -2.24501e-04  1.60769e-05
  1.66975e-06  2.10477e-06 -1.76461e-04 -3.12676e-06
  1.66975e-06  2.80635e-06 -1.23542e-04 -2.11013e-05
  1.66975e-06  3.50794e-06 -6.57299e-05 -3.78213e-05
  1.66975e-06  4.20953e-06 -3.01211e-06 -5.32610e-05
  1.66975e-06  4.91112e-06  6.46243e-05 -6.73949e-05
  1.66975e-06  5.61271e-06  1.37192e-04 -8.01976e-05
  1.66975e-06  6.31430e-06  2.14705e-04 -9.16434e-05
  1.66975e-06  7.01588e-06  2.97176e-04 -1.01707e-04
  1.66975e-06  7.71747e-06  3.84617e-04 -1.10362e-04
  1.66975e-06  8.41906e-06  4.77042e-04 -1.17584e-04
  1.66975e-06  9.12065e-06  5.74463e-04 -1.23347e-04
  1.66975e-06  9.82224e-06  6.76895e-04 -1.27626e-04
  1.66975e-06  1.05238e-05  7.84348e-04 -1.30394e-04
  1.66975e-06  1.12254e-05  8.96838e-04 -1.31626e-04
  1.66975e-06  1.19270e-05  1.01438e-03 -1.31298e-04
  1.66975e-06  1.26286e-05  1.13698e-03 -1.29382e-04
  1.66975e-06  1.33302e-05  1.26465e-03 -1.25854e-04
  1.66975e-06  1.40318e-05  1.39741e-03 -1.20688e-04
  1.66975e-06  1.47334e-05  1.53528e-03 -1.13859e-04
  1.66975e-06  1.54349e-05  1.67825e-03 -1.05341e-04
  1.66975e-06  1.61365e-05  1.82636e-03 -9.51081e-05
  1.66975e-06  1.68381e-05  1.97960e-03 -8.31352e-05
  1.66975e-06  1.75397e-05  2.13799e-03 -6.93967e-05

  2.50462e-06  0.00000e+00 -4.50252e-04  1.07840e-04
  2.50462e-06  7.01588e-07 -3.99948e-04  9.21056e-05
  2.50462e-06  1.40318e-06 -3.44650e-04  7.75650e-05
  2.50462e-06  2.10477e-06 -2.84346e-04  6.42435e-05
  2.50462e-06  2.80635e-06 -2.19022e-04  5.21665e-05
  2.50462e-06  3.50794e-06 -1.48666e-04  4.13597e-05
  2.50462e-06  4.20953e-06 -7.32642e-05  3.18485e-05
  2.50462e-06  4.91112e-06  7.19592e-06  2.36586e-05
  2.50462e-06  5.61271e-06  9.27275e-05  1.68154e-05
  2.50462e-06  6.31430e-06  1.83344e-04  1.13445e-05
  2.50462e-06  7.01588e-06  2.79057e-04  7.27150e-06
  2.50462e-06  7.71747e-06  3.79881e-04  4.62192e-06
  2.50462e-06  8.41906e-06  4.85828e-04  3.42130e-06
  2.50462e-06  9.12065e-06  5.96912e-04  3.69520e-06
  2.50462e-06  9.82224e-06  7.13146e-04  5.46916e-06
  2.50462e-06  1.05238e-05  8.34541e-04  8.76874e-06
  2.50462e-06  1.12254e-05  9.61113e-04  1.36195e-05
  2.50462e-06  1.19270e-05  1.09287e-03  2.00469e-05
  2.50462e-06  1.26286e-05  1.22983e-03  2.80767e-05
  2.50462e-06  1.33302e-05  1.37201e-03  3.77342e-05
  2.50462e-06  1.40318e-05  1.51941e-03  4.90451e-05
  2.50462e-06  1.47334e-05  1.67206e-03  6.20349e-05
  2.50462e-06  1.54349e-05  1.82995e-03  7.67291e-05
  2.50462e-06  1.61365e-05  1.99312e-03  9.31534e-05
  2.50462e-06  1.68381e-05  2.16156e-03  1.11333e-04
  2.50462e-06  1.75397e-05  2.33529e-03  1.31294e-04

  3.33949e-06  0.00000e+00 -5.88689e-04  1.72002e-04
  3.33949e-06  7.01588e-07 -5.26042e-04  1.62285e-04
  3.33949e-06  1.40318e-06 -4.58261e-04  1.53778e-04
  3.33949e-06  2.10477e-06 -3.85334e-04  1.46504e-04
  3.33949e-06  2.80635e-06 -3.07248e-04  1.40491e-04
  3.33949e-06  3.50794e-06 -2.23990e-04  1.35764e-04
  3.33949e-06  4.20953e-06 -1.35546e-04  1.32348e-04
  3.33949e-06  4.91112e-06 -4.19044e-05  1.30268e-04
  3.33949e-06  5.61271e-06  5.69487e-05  1.29551e-04
  3.33949e-06  6.31430e-06  1.61026e-04  1.30221e-04
  3.33949e-06  7.01588e-06  2.70341e-04  1.32305e-04
  3.33949e-06  7.71747e-06  3.84905e-04  1.35828e-04
  3.33949e-06  8.41906e-06  5.04733e-04  1.40815e-04
  3.33949e-06  9.12065e-06  6.29838e-04  1.47292e-04
  3.33949e-06  9.82224e-06  7.60231e-04  1.55284e-04
  3.33949e-06  1.05238e-05  8.95927e-04  1.64818e-04
  3.33949e-06  1.12254e-05  1.03694e-03  1.75918e-04
  3.33949e-06  1.19270e-05  1.18328e-03  1.88611e-04
  3.33949e-06  1.26286e-05  1.33496e-03  2.02921e-04
  3.33949e-06  1.33302e-05  1.49199e-03  2.18874e-04
  3.33949e-06  1.40318e-05  1.65439e-03  2.36497e-04
  3.33949e-06  1.47334e-05  1.82218e-03  2.55813e-04
  3.33949e-06  1.54349e-05  1.99535e-03  2.76850e-04
  3.33949e-06  1.61365e-05  2.17393e-03  2.99632e-04
  3.33949e-06  1.68381e-05  2.35793e-03  3.24185e-04
  3.33949e-06  1.75397e-05  2.54737e-03  3.50535e-04

  4.17437e-06  0.00000e+00 -7.21308e-04  2.50981e-04
  4.17437e-06  7.01588e-07 -6.45959e-04  2.47449e-04
  4.17437e-06  1.40318e-06 -5.65337e-04  2.45141e-04
  4.17437e-06  2.10477e-06 -4.79430e-04  2.44082e-04
  4.17437e-06  2.80635e-06 -3.88223e-04  2.44300e-04
  4.17437e-06  3.50794e-06 -2.91704e-04  2.45818e-04
  4.17437e-06  4.20953e-06 -1.89861e-04  2.48663e-04
  4.17437e-06  4.91112e-06 -8.26792e-05  2.52860e-04
  4.17437e-06  5.61271e-06  2.98535e-05  2.58435e-04
  4.17437e-06  6.31430e-06  1.47750e-04  2.65413e-04
  4.17437e-06  7.01588e-06  2.71024e-04  2.73820e-04
  4.17437e-06  7.71747e-06  3.99687e-04  2.83681e-04
  4.17437e-06  8.41906e-06  5.33754e-04  2.95022e-04
  4.17437e-06  9.12065e-06  6.73237e-04  3.07868e-04
  4.17437e-06  9.82224e-06  8.18148e-04  3.22246e-04
  4.17437e-06  1.05238e-05  9.68502e-04  3.38180e-04
  4.17437e-06  1.12254e-05  1.12431e-03  3.55696e-04
  4.17437e-06  1.19270e-05  1.28559e-03  3.74820e-04
  4.17437e-06  1.26286e-05  1.45235e-03  3.95577e-04
  4.17437e-06  1.33302e-05  1.62460e-03  4.17993e-04
  4.17437e-06  1.40318e-05  1.80236e-03  4.42093e-04
  4.17437e-06  1.47334e-05  1.98563e-03  4.67903e-04
  4.17437e-06  1.54349e-05  2.17445e-03  4.95448e-04
  4.17437e-06  1.61365e-05  2.36880e-03  5.24754e-04
  4.17437e-06  1.68381e-05  2.56872e-03  5.55847e-04
  4.17437e-06  1.75397e-05  2.77421e-03  5.88752e-04

  5.00924e-06  0.00000e+00 -8.48109e-04  3.45205e-04
  5.00924e-06  7.01588e-07 -7.59701e-04  3.48023e-04
  5.00924e-06  1.40318e-06 -6.65881e-04  3.52080e-04
  5.00924e-06  2.10477e-06 -5.66634e-04  3.57403e-04
  5.00924e-06  2.80635e-06 -4.61949e-04  3.64017e-04
  5.00924e-06  3.50794e-06 -3.51812e-04  3.71947e-04
  5.00924e-06  4.20953e-06 -2.36210e-04  3.81220e-04
  5.00924e-06  4.91112e-06 -1.15131e-04  3.91860e-04
  5.00924e-06  5.61271e-06  1.14393e-05  4.03893e-04
  5.00924e-06  6.31430e-06  1.43513e-04  4.17345e-04
  5.00924e-06  7.01588e-06  2.81104e-04  4.32241e-04
  5.00924e-06  7.71747e-06  4.24225e-04  4.48607e-04
  5.00924e-06  8.41906e-06  5.72888e-04  4.66469e-04
  5.00924e-06  9.12065e-06  7.27107e-04  4.85851e-04
  5.00924e-06  9.82224e-06  8.86895e-04  5.06780e-04
  5.00924e-06  1.05238e-05  1.05226e-03  5.29281e-04
  5.00924e-06  1.12254e-05  1.22323e-03  5.53379e-04
  5.00924e-06  1.19270e-05  1.39980e-03  5.79101e-04
  5.00924e-06  1.26286e-05  1.58199e-03  6.06471e-04
  5.00924e-06  1.33302e-05  1.76982e-03  6.35515e-04
  5.00924e-06  1.40318e-05  1.96330e-03  6.66259e-04
  5.00924e-06  1.47334e-05  2.16243e-03  6.98729e-04
  5.00924e-06  1.54349e-05  2.36723e-03  7.32949e-04
  5.00924e-06  1.61365e-05  2.57773e-03  7.68946e-04
  5.00924e-06  1.68381e-05  2.79392e-03  8.06745e-04
  5.00924e-06  1.75397e-05  3.01582e-03  8.46371e-04

  5.84412e-06  0.00000e+00 -9.69096e-04  4.55099e-04
  5.84412e-06  7.01588e-07 -8.67271e-04  4.64433e-04
  5.84412e-06  1.40318e-06 -7.59894e-04  4.75023e-04
  5.84412e-06  2.10477e-06 -6.46951e-04  4.86893e-04
  5.84412e-06  2.80635e-06 -5.28429e-04  5.00070e-04
  5.84412e-06  3.50794e-06 -4.04316e-04  5.14578e-04
  5.84412e-06  4.20953e-06 -2.74598e-04  5.30445e-04
  5.84412e-06  4.91112e-06 -1.39262e-04  5.47694e-04
  5.84412e-06  5.61271e-06  1.70349e-06  5.66352e-04
  5.84412e-06  6.31430e-06  1.48313e-04  5.86444e-04
  5.84412e-06  7.01588e-06  3.00579e-04  6.07996e-04
  5.84412e-06  7.71747e-06  4.58515e-04  6.31034e-04
  5.84412e-06  8.41906e-06  6.22133e-04  6.55582e-04
  5.84412e-06  9.12065e-06  7.91446e-04  6.81666e-04
  5.84412e-06  9.82224e-06  9.66469e-04  7.09313e-04
  5.84412e-06  1.05238e-05  1.14721e-03  7.38547e-04
  5.84412e-06  1.12254e-05  1.33369e-03  7.69394e-04
  5.84412e-06  1.19270e-05  1.52592e-03  8.01879e-04
  5.84412e-06  1.26286e-05  1.72390e-03  8.36029e-04
  5.84412e-06  1.33302e-05  1.92766e-03  8.71868e-04
  5.84412e-06  1.40318e-05  2.13721e-03  9.09423e-04
  5.84412e-06  1.47334e-05  2.35256e-03  9.48718e-04
  5.84412e-06  1.54349e-05  2.57371e-03  9.89780e-04
  5.84412e-06  1.61365e-05  2.80070e-03  1.03263e-03
  5.84412e-06  1.68381e-05  3.03352e-03  1.07730e-03
  5.84412e-06  1.75397e-05  3.27220e-03  1.12382e-03

  6.67899e-06  0.00000e+00 -1.08427e-03  5.81089e-04
  6.67899e-06  7.01588e-07 -9.68672e-04  5.97106e-04
  6.67899e-06  1.40318e-06 -8.47379e-04  6.14394e-04
  6.67899e-06  2.10477e-06 -7.20381e-04  6.32978e-04
  6.67899e-06  2.80635e-06 -5.87665e-04  6.52884e-04
  6.67899e-06  3.50794e-06 -4.49217e-04  6.74137e-04
  6.67899e-06  4.20953e-06 -3.05025e-04  6.96764e-04
  6.67899e-06  4.91112e-06 -1.55076e-04  7.20789e-04
  6.67899e-06  5.61271e-06  6.43548e-07  7.46238e-04
  6.67899e-06  6.31430e-06  1.62147e-04  7.73137e-04
  6.67899e-06  7.01588e-06  3.29446e-04  8.01511e-04
  6.67899e-06  7.71747e-06  5.02555e-04  8.31386e-04
  6.67899e-06  8.41906e-06  6.81485e-04  8.62787e-04
  6.67899e-06  9.12065e-06  8.66252e-04  8.95740e-04
  6.67899e-06  9.82224e-06  1.05687e-03  9.30270e-04
  6.67899e-06  1.05238e-05  1.25334e-03  9.66403e-04
  6.67899e-06  1.12254e-05  1.45569e-03  1.00417e-03
  6.67899e-06  1.19270e-05  1.66393e-03  1.04358e-03
  6.67899e-06  1.26286e-05  1.87807e-03  1.08468e-03
  6.67899e-06  1.33302e-05  2.09812e-03  1.12748e-03
  6.67899e-06  1.40318e-05  2.32410e-03  1.17201e-03
  6.67899e-06  1.47334e-05  2.55601e-03  1.21830e-03
  6.67899e-06  1.54349e-05  2.79388e-03  1.26637e-03
  6.67899e-06  1.61365e-05  3.03772e-03  1.31624e-03
  6.67899e-06  1.68381e-05  3.28753e-03  1.36795e-03
  6.67899e-06  1.75397e-05  3.54333e-03  1.42152e-03

  7.51386e-06  0.00000e+00 -1.19364e-03  7.23601e-04
  7.51386e-06  7.01588e-07 -1.06391e-03  7.46467e-04
  7.51386e-06  1.40318e-06 -9.28340e-04  7.70619e-04
  7.51386e-06  2.10477e-06 -7.86929e-04  7.96084e-04
  7.51386e-06  2.80635e-06 -6.39660e-04  8.22885e-04
  7.51386e-06  3.50794e-06 -4.86520e-04  8.51050e-04
  7.51386e-06  4.20953e-06 -3.27496e-04  8.80603e-04
  7.51386e-06  4.91112e-06 -1.62575e-04  9.11570e-04
  7.51386e-06  5.61271e-06  8.25688e-06  9.43977e-04
  7.51386e-06  6.31430e-06  1.85011e-04  9.77848e-04
  7.51386e-06  7.01588e-06  3.67702e-04  1.01321e-03
  7.51386e-06  7.71747e-06  5.56342e-04  1.05009e-03
  7.51386e-06  8.41906e-06  7.50944e-04  1.08851e-03
  7.51386e-06  9.12065e-06  9.51521e-04  1.12850e-03
  7.51386e-06  9.82224e-06  1.15809e-03  1.17008e-03
  7.51386e-06  1.05238e-05  1.37065e-03  1.21328e-03
  7.51386e-06  1.12254e-05  1.58923e-03  1.25812e-03
  7.51386e-06  1.19270e-05  1.81384e-03  1.30463e-03
  7.51386e-06  1.26286e-05  2.04449e-03  1.35284e-03
  7.51386e-06  1.33302e-05  2.28119e-03  1.40277e-03
  7.51386e-06  1.40318e-05  2.52395e-03  1.45444e-03
  7.51386e-06  1.47334e-05  2.77280e-03  1.50789e-03
  7.51386e-06  1.54349e-05  3.02774e-03  1.56313e-03
  7.51386e-06  1.61365e-05  3.28878e-03  1.62020e-03
  7.51386e-06  1.68381e-05  3.55594e-03  1.67911e-03
  7.51386e-06  1.75397e-05  3.82923e-03  1.73990e-03

  8.34874e-06  0.00000e+00 -1.29720e-03  8.83061e-04
  8.34874e-06  7.01588e-07 -1.15298e-03  9.12943e-04
  8.34874e-06  1.40318e-06 -1.00278e-03  9.44126e-04
  8.34874e-06  2.10477e-06 -8.46597e-04  9.76637e-04
  8.34874e-06  2.80635e-06 -6.84417e-04  1.01050e-03
  8.34874e-06  3.50794e-06 -5.16226e-04  1.04574e-03
  8.34874e-06  4.20953e-06 -3.42012e-04  1.08239e-03
  8.34874e-06  4.91112e-06 -1.61760e-04  1.12046e-03
  8.34874e-06  5.61271e-06  2.45409e-05  1.15999e-03
  8.34874e-06  6.31430e-06  2.16905e-04  1.20100e-03
  8.34874e-06  7.01588e-06  4.15345e-04  1.24352e-03
  8.34874e-06  7.71747e-06  6.19874e-04  1.28757e-03
  8.34874e-06  8.41906e-06  8.30505e-04  1.33318e-03
  8.34874e-06  9.12065e-06  1.04725e-03  1.38037e-03
  8.34874e-06  9.82224e-06  1.27012e-03  1.42916e-03
  8.34874e-06  1.05238e-05  1.49914e-03  1.47959e-03
  8.34874e-06  1.12254e-05  1.73431e-03  1.53168e-03
  8.34874e-06  1.19270e-05  1.97564e-03  1.58546e-03
  8.34874e-06  1.26286e-05  2.22316e-03  1.64095e-03
  8.34874e-06  1.33302e-05  2.47686e-03  1.69817e-03
  8.34874e-06  1.40318e-05  2.73678e-03  1.75715e-03
  8.34874e-06  1.47334e-05  3.00291e-03  1.81792e-03
  8.34874e-06  1.54349e-05  3.27528e-03  1.88051e-03
  8.34874e-06  1.61365e-05  3.55388e-03  1.94493e-03
  8.34874e-06  1.68381e-05  3.83875e-03  2.01122e-03
  8.34874e-06  1.75397e-05  4.12989e-03  2.07939e-03

  9.18361e-06  0.00000e+00 -1.39496e-03  1.05990e-03
  9.18361e-06  7.01588e-07 -1.23588e-03  1.09696e-03
  9.18361e-06  1.40318e-06 -1.07070e-03  1.13534e-03
  9.18361e-06  2.10477e-06 -8.99386e-04  1.17506e-03
  9.18361e-06  2.80635e-06 -7.21938e-04  1.21616e-03
  9.18361e-06  3.50794e-06 -5.38338e-04  1.25864e-03
  9.18361e-06  4.20953e-06 -3.48576e-04  1.30255e-03
  9.18361e-06  4.91112e-06 -1.52636e-04  1.34790e-03
  9.18361e-06  5.61271e-06  4.94930e-05  1.39472e-03
  9.18361e-06  6.31430e-06  2.57825e-04  1.44303e-03
  9.18361e-06  7.01588e-06  4.72372e-04  1.49287e-03
  9.18361e-06  7.71747e-06  6.93148e-04  1.54426e-03
  9.18361e-06  8.41906e-06  9.20166e-04  1.59721e-03
  9.18361e-06  9.12065e-06  1.15344e-03  1.65177e-03
  9.18361e-06  9.82224e-06  1.39298e-03  1.70795e-03
  9.18361e-06  1.05238e-05  1.63880e-03  1.76578e-03
  9.18361e-06  1.12254e-05  1.89091e-03  1.82528e-03
  9.18361e-06  1.19270e-05  2.14933e-03  1.88649e-03
  9.18361e-06  1.26286e-05  2.41408e-03  1.94942e-03
  9.18361e-06  1.33302e-05  2.68515e-03  2.01410e-03
  9.18361e-06  1.40318e-05  2.96257e-03  2.08056e-03
  9.18361e-06  1.47334e-05  3.24634e-03  2.14882e-03
  9.18361e-06  1.54349e-05  3.53649e-03  2.21892e-03
  9.18361e-06  1.61365e-05  3.83303e-03  2.29086e-03
  9.18361e-06  1.68381e-05  4.13596e-03  2.36468e-03
  9.18361e-06  1.75397e-05  4.44530e-03  2.44041e-03

  1.00185e-05  0.00000e+00 -1.48691e-03  1.25453e-03
  1.00185e-05  7.01588e-07 -1.31263e-03  1.29894e-03
  1.00185e-05  1.40318e-06 -1.13210e-03  1.34469e-03
  1.00185e-05  2.10477e-06 -9.45301e-04  1.39179e-03
  1.00185e-05  2.80635e-06 -7.52225e-04  1.44028e-03
  1.00185e-05  3.50794e-06 -5.52859e-04  1.49017e-03
  1.00185e-05  4.20953e-06 -3.47190e-04  1.54150e-03
  1.00185e-05  4.91112e-06 -1.35204e-04  1.59429e-03
  1.00185e-05  5.61271e-06  8.31107e-05  1.64857e-03
  1.00185e-05  6.31430e-06  3.07768e-04  1.70436e-03
  1.00185e-05  7.01588e-06  5.38781e-04  1.76168e-03
  1.00185e-05  7.71747e-06  7.76163e-04  1.82057e-03
  1.00185e-05  8.41906e-06  1.01993e-03  1.88105e-03
  1.00185e-05  9.12065e-06  1.27008e-03  1.94314e-03
  1.00185e-05  9.82224e-06  1.52665e-03  2.00687e-03
  1.00185e-05  1.05238e-05  1.78963e-03  2.07226e-03
  1.00185e-05  1.12254e-05  2.05905e-03  2.13935e-03
  1.00185e-05  1.19270e-05  2.33492e-03  2.20815e-03
  1.00185e-05  1.26286e-05  2.61724e-03  2.27869e-03
  1.00185e-05  1.33302e-05  2.90604e-03  2.35100e-03
  1.00185e-05  1.40318e-05  3.20132e-03  2.42510e-03
  1.00185e-05  1.47334e-05  3.50310e-03  2.50102e-03
  1.00185e-05  1.54349e-05  3.81139e-03  2.57878e-03
  1.00185e-05  1.61365e-05  4.12621e-03  2.65842e-03
  1.00185e-05  1.68381e-05  4.44756e-03  2.73994e-03
  1.00185e-05  1.75397e-05  4.77547e-03  2.82339e-03

  1.08534e-05  0.00000e+00 -1.57307e-03  1.46739e-03
  1.08534e-05  7.01588e-07 -1.38322e-03  1.51932e-03
  1.08534e-05  1.40318e-06 -1.18699e-03  1.57259e-03
  1.08534e-05  2.10477e-06 -9.84342e-04  1.62724e-03
  1.08534e-05  2.80635e-06 -7.75282e-04  1.68329e-03
  1.08534e-05  3.50794e-06 -5.59791e-04  1.74076e-03
  1.08534e-05  4.20953e-06 -3.37858e-04  1.79968e-03
  1.08534e-05  4.91112e-06 -1.09468e-04  1.86008e-03
  1.08534e-05  5.61271e-06  1.25391e-04  1.92198e-03
  1.08534e-05  6.31430e-06  3.66733e-04  1.98541e-03
  1.08534e-05  7.01588e-06  6.14569e-04  2.05039e-03
  1.08534e-05  7.71747e-06  8.68914e-04  2.11694e-03
  1.08534e-05  8.41906e-06  1.12978e-03  2.18510e-03
  1.08534e-05  9.12065e-06  1.39718e-03  2.25489e-03
  1.08534e-05  9.82224e-06  1.67113e-03  2.32634e-03
  1.08534e-05  1.05238e-05  1.95163e-03  2.39946e-03
  1.08534e-05  1.12254e-05  2.23872e-03  2.47430e-03
  1.08534e-05  1.19270e-05  2.53238e-03  2.55086e-03
  1.08534e-05  1.26286e-05  2.83265e-03  2.62918e-03
  1.08534e-05  1.33302e-05  3.13953e-03  2.70928e-03
  1.08534e-05  1.40318e-05  3.45303e-03  2.79119e-03
  1.08534e-05  1.47334e-05  3.77317e-03  2.87493e-03
  1.08534e-05  1.54349e-05  4.09996e-03  2.96054e-03
  1.08534e-05  1.61365e-05  4.43342e-03  3.04802e-03
  1.08534e-05  1.68381e-05  4.77356e-03  3.13742e-03
  1.08534e-05  1.75397e-05  5.12038e-03  3.22875e-03

  1.16882e-05  0.00000e+00 -1.65343e-03  1.69891e-03
  1.16882e-05  7.01588e-07 -1.44766e-03  1.75851e-03
  1.16882e-05  1.40318e-06 -1.23536e-03  1.81948e-03
  1.16882e-05  2.10477e-06 -1.01651e-03  1.88184e-03
  1.16882e-05  2.80635e-06 -7.91110e-04  1.94562e-03
  1.16882e-05  3.50794e-06 -5.59137e-04  2.01083e-03
  1.16882e-05  4.20953e-06 -3.20581e-04  2.07751e-03
  1.16882e-05  4.91112e-06 -7.54287e-05  2.14569e-03
  1.16882e-05  5.61271e-06  1.76332e-04  2.21537e-03
  1.16882e-05  6.31430e-06  4.34716e-04  2.28661e-03
  1.16882e-05  7.01588e-06  6.99734e-04  2.35940e-03
  1.16882e-05  7.71747e-06  9.71400e-04  2.43380e-03
  1.16882e-05  8.41906e-06  1.24973e-03  2.50981e-03
  1.16882e-05  9.12065e-06  1.53473e-03  2.58747e-03
  1.16882e-05  9.82224e-06  1.82642e-03  2.66679e-03
  1.16882e-05  1.05238e-05  2.12480e-03  2.74782e-03
  1.16882e-05  1.12254e-05  2.42990e-03  2.83056e-03
  1.16882e-05  1.19270e-05  2.74173e-03  2.91505e-03
  1.16882e-05  1.26286e-05  3.06030e-03  3.00131e-03
  1.16882e-05  1.33302e-05  3.38561e-03  3.08937e-03
  1.16882e-05  1.40318e-05  3.71770e-03  3.17926e-03
  1.16882e-05  1.47334e-05  4.05656e-03  3.27099e-03
  1.16882e-05  1.54349e-05  4.40221e-03  3.36460e-03
  1.16882e-05  1.61365e-05  4.75467e-03  3.46011e-03
  1.16882e-05  1.68381e-05  5.11394e-03  3.55754e-03
  1.16882e-05  1.75397e-05  5.48004e-03  3.65693e-03

  1.25231e-05  0.00000e+00 -1.72800e-03  1.94950e-03
  1.25231e-05  7.01588e-07 -1.50595e-03  2.01695e-03
  1.25231e-05  1.40318e-06 -1.27722e-03  2.08579e-03
  1.25231e-05  2.10477e-06 -1.04182e-03  2.15602e-03
  1.25231e-05  2.80635e-06 -7.99713e-04  2.22769e-03
  1.25231e-05  3.50794e-06 -5.50899e-04  2.30082e-03
  1.25231e-05  4.20953e-06 -2.95363e-04  2.37542e-03
  1.25231e-05  4.91112e-06 -3.30900e-05  2.45153e-03
  1.25231e-05  5.61271e-06  2.35931e-04  2.52918e-03
  1.25231e-05  6.31430e-06  5.11714e-04  2.60838e-03
  1.25231e-05  7.01588e-06  7.94272e-04  2.68916e-03
  1.25231e-05  7.71747e-06  1.08362e-03  2.77156e-03
  1.25231e-05  8.41906e-06  1.37976e-03  2.85559e-03
  1.25231e-05  9.12065e-06  1.68272e-03  2.94128e-03
  1.25231e-05  9.82224e-06  1.99251e-03  3.02865e-03
  1.25231e-05  1.05238e-05  2.30914e-03  3.11774e-03
  1.25231e-05  1.12254e-05  2.63262e-03  3.20856e-03
  1.25231e-05  1.19270e-05  2.96296e-03  3.30115e-03
  1.25231e-05  1.26286e-05  3.30018e-03  3.39552e-03
  1.25231e-05  1.33302e-05  3.64430e-03  3.49171e-03
  1.25231e-05  1.40318e-05  3.99532e-03  3.58973e-03
  1.25231e-05  1.47334e-05  4.35326e-03  3.68962e-03
  1.25231e-05  1.54349e-05  4.71813e-03  3.79140e-03
  1.25231e-05  1.61365e-05  5.08994e-03  3.89510e-03
  1.25231e-05  1.68381e-05  5.46871e-03  4.00074e-03
  1.25231e-05  1.75397e-05  5.85445e-03  4.10834e-03

  1.33580e-05  0.00000e+00 -1.79678e-03  2.21960e-03
  1.33580e-05  7.01588e-07 -1.55809e-03  2.29506e-03
  1.33580e-05  1.40318e-06 -1.31258e-03  2.37193e-03
  1.33580e-05  2.10477e-06 -1.06026e-03  2.45021e-03
  1.33580e-05  2.80635e-06 -8.01093e-04  2.52994e-03
  1.33580e-05  3.50794e-06 -5.35080e-04  2.61113e-03
  1.33580e-05  4.20953e-06 -2.62205e-04  2.69383e-03
  1.33580e-05  4.91112e-06  1.75459e-05  2.77805e-03
  1.33580e-05  5.61271e-06  3.04185e-04  2.86381e-03
  1.33580e-05  6.31430e-06  5.97726e-04  2.95115e-03
  1.33580e-05  7.01588e-06  8.98182e-04  3.04009e-03
  1.33580e-05  7.71747e-06  1.20556e-03  3.13066e-03
  1.33580e-05  8.41906e-06  1.51989e-03  3.22287e-03
  1.33580e-05  9.12065e-06  1.84117e-03  3.31676e-03
  1.33580e-05  9.82224e-06  2.16941e-03  3.41235e-03
  1.33580e-05  1.05238e-05  2.50463e-03  3.50966e-03
  1.33580e-05  1.12254e-05  2.84685e-03  3.60873e-03
  1.33580e-05  1.19270e-05  3.19607e-03  3.70958e-03
  1.33580e-05  1.26286e-05  3.55231e-03  3.81223e-03
  1.33580e-05  1.33302e-05  3.91558e-03  3.91671e-03
  1.33580e-05  1.40318e-05  4.28589e-03  4.02304e-03
  1.33580e-05  1.47334e-05  4.66327e-03  4.13125e-03
  1.33580e-05  1.54349e-05  5.04771e-03  4.24137e-03
  1.33580e-05  1.61365e-05  5.43924e-03  4.35342e-03
  1.33580e-05  1.68381e-05  5.83786e-03  4.46743e-03
  1.33580e-05  1.75397e-05  6.24359e-03  4.58342e-03

  1.41929e-05  0.00000e+00 -1.85977e-03  2.50962e-03
  1.41929e-05  7.01588e-07 -1.60408e-03  2.59327e-03
  1.41929e-05  1.40318e-06 -1.34144e-03  2.67833e-03
  1.41929e-05  2.10477e-06 -1.07183e-03  2.76482e-03
  1.41929e-05  2.80635e-06 -7.95253e-04  2.85278e-03
  1.41929e-05  3.50794e-06 -5.11683e-04  2.94222e-03
  1.41929e-05  4.20953e-06 -2.21111e-04  3.03317e-03
  1.41929e-05  4.91112e-06  7.64764e-05  3.12566e-03
  1.41929e-05  5.61271e-06  3.81092e-04  3.21971e-03
  1.41929e-05  6.31430e-06  6.92749e-04  3.31536e-03
  1.41929e-05  7.01588e-06  1.01146e-03  3.41261e-03
  1.41929e-05  7.71747e-06  1.33724e-03  3.51151e-03
  1.41929e-05  8.41906e-06  1.67010e-03  3.61207e-03
  1.41929e-05  9.12065e-06  2.01005e-03  3.71433e-03
  1.41929e-05  9.82224e-06  2.35711e-03  3.81830e-03
  1.41929e-05  1.05238e-05  2.71129e-03  3.92401e-03
  1.41929e-05  1.12254e-05  3.07260e-03  4.03149e-03
  1.41929e-05  1.19270e-05  3.44105e-03  4.14077e-03
  1.41929e-05  1.26286e-05  3.81666e-03  4.25186e-03
  1.41929e-05  1.33302e-05  4.19945e-03  4.36480e-03
  1.41929e-05  1.40318e-05  4.58942e-03  4.47960e-03
  1.41929e-05  1.47334e-05  4.98658e-03  4.59630e-03
  1.41929e-05  1.54349e-05  5.39096e-03  4.71493e-03
  1.41929e-05  1.61365e-05  5.80256e-03  4.83550e-03
  1.41929e-05  1.68381e-05  6.22140e-03  4.95804e-03
  1.41929e-05  1.75397e-05  6.64748e-03  5.08258e-03

  1.50277e-05  0.00000e+00 -1.91697e-03  2.82001e-03
  1.50277e-05  7.01588e-07 -1.64393e-03  2.91200e-03
  1.50277e-05  1.40318e-06 -1.36379e-03  3.00542e-03
  1.50277e-05  2.10477e-06 -1.07655e-03  3.10029e-03
  1.50277e-05  2.80635e-06 -7.82194e-04  3.19664e-03
  1.50277e-05  3.50794e-06 -4.80710e-04  3.29449e-03
  1.50277e-05  4.20953e-06 -1.72083e-04  3.39386e-03
  1.50277e-05  4.91112e-06  1.43699e-04  3.49479e-03
  1.50277e-05  5.61271e-06  4.66649e-04  3.59730e-03
  1.50277e-05  6.31430e-06  7.96780e-04  3.70141e-03
  1.50277e-05  7.01588e-06  1.13410e-03  3.80716e-03
  1.50277e-05  7.71747e-06  1.47864e-03  3.91456e-03
  1.50277e-05  8.41906e-06  1.83039e-03  4.02363e-03
  1.50277e-05  9.12065e-06  2.18937e-03  4.13442e-03
  1.50277e-05  9.82224e-06  2.55561e-03  4.24694e-03
  1.50277e-05  1.05238e-05  2.92910e-03  4.36121e-03
  1.50277e-05  1.12254e-05  3.30986e-03  4.47727e-03
  1.50277e-05  1.19270e-05  3.69791e-03  4.59514e-03
  1.50277e-05  1.26286e-05  4.09325e-03  4.71484e-03
  1.50277e-05  1.33302e-05  4.49591e-03  4.83640e-03
  1.50277e-05  1.40318e-05  4.90589e-03  4.95985e-03
  1.50277e-05  1.47334e-05  5.32321e-03  5.08521e-03
  1.50277e-05  1.54349e-05  5.74787e-03  5.21250e-03
  1.50277e-05  1.61365e-05  6.17990e-03  5.34176e-03
  1.50277e-05  1.68381e-05  6.61931e-03  5.47300e-03
  1.50277e-05  1.75397e-05  7.06611e-03  5.60626e-03

  1.58626e-05  0.00000e+00 -1.96839e-03  3.15118e-03
  1.58626e-05  7.01588e-07 -1.67763e-03  3.25168e-03
  1.58626e-05  1.40318e-06 -1.37964e-03  3.35363e-03
  1.58626e-05  2.10477e-06 -1.07441e-03  3.45704e-03
  1.58626e-05  2.80635e-06 -7.61921e-04  3.56195e-03
  1.58626e-05  3.50794e-06 -4.42163e-04  3.66837e-03
  1.58626e-05  4.20953e-06 -1.15123e-04  3.77634e-03
  1.58626e-05  4.91112e-06  2.19211e-04  3.88587e-03
  1.58626e-05  5.61271e-06  5.60853e-04  3.99700e-03
  1.58626e-05  6.31430e-06  9.09816e-04  4.10975e-03
  1.58626e-05  7.01588e-06  1.26611e-03  4.22415e-03
  1.58626e-05  7.71747e-06  1.62976e-03  4.34021e-03
  1.58626e-05  8.41906e-06  2.00076e-03  4.45797e-03
  1.58626e-05  9.12065e-06  2.37914e-03  4.57746e-03
  1.58626e-05  9.82224e-06  2.76490e-03  4.69869e-03
  1.58626e-05  1.05238e-05  3.15806e-03  4.82169e-03
  1.58626e-05  1.12254e-05  3.55863e-03  4.94649e-03
  1.58626e-05  1.19270e-05  3.96663e-03  5.07312e-03
  1.58626e-05  1.26286e-05  4.38207e-03  5.20160e-03
  1.58626e-05  1.33302e-05  4.80495e-03  5.33195e-03
  1.58626e-05  1.40318e-05  5.23530e-03  5.46420e-03
  1.58626e-05  1.47334e-05  5.67313e-03  5.59838e-03
  1.58626e-05  1.54349e-05  6.11845e-03  5.73452e-03
  1.58626e-05  1.61365e-05  6.57127e-03  5.87262e-03
  1.58626e-05  1.68381e-05  7.03160e-03  6.01274e-03
  1.58626e-05  1.75397e-05  7.49947e-03  6.15488e-03

  1.66975e-05  0.00000e+00 -2.01403e-03  3.50355e-03
  1.66975e-05  7.01588e-07 -1.70520e-03  3.61274e-03
  1.66975e-05  1.40318e-06 -1.38900e-03  3.72338e-03
  1.66975e-05  2.10477e-06 -1.06541e-03  3.83550e-03
  1.66975e-05  2.80635e-06 -7.34434e-04  3.94913e-03
  1.66975e-05  3.50794e-06 -3.96046e-04  4.06430e-03
  1.66975e-05  4.20953e-06 -5.02353e-05  4.18102e-03
  1.66975e-05  4.91112e-06  3.03010e-04  4.29933e-03
  1.66975e-05  5.61271e-06  6.63702e-04  4.41924e-03
  1.66975e-05  6.31430e-06  1.03186e-03  4.54079e-03
  1.66975e-05  7.01588e-06  1.40748e-03  4.66401e-03
  1.66975e-05  7.71747e-06  1.79060e-03  4.78890e-03
  1.66975e-05  8.41906e-06  2.18121e-03  4.91552e-03
  1.66975e-05  9.12065e-06  2.57933e-03  5.04386e-03
  1.66975e-05  9.82224e-06  2.98499e-03  5.17397e-03
  1.66975e-05  1.05238e-05  3.39818e-03  5.30587e-03
  1.66975e-05  1.12254e-05  3.81892e-03  5.43959e-03
  1.66975e-05  1.19270e-05  4.24722e-03  5.57514e-03
  1.66975e-05  1.26286e-05  4.68311e-03  5.71256e-03
  1.66975e-05  1.33302e-05  5.12658e-03  5.85187e-03
  1.66975e-05  1.40318e-05  5.57766e-03  5.99310e-03
  1.66975e-05  1.47334e-05  6.03635e-03  6.13626e-03
  1.66975e-05  1.54349e-05  6.50268e-03  6.28140e-03
  1.66975e-05  1.61365e-05  6.97664e-03  6.42853e-03
  1.66975e-05  1.68381e-05  7.45827e-03  6.57767e-03
  1.66975e-05  1.75397e-05  7.94756e-03  6.72886e-03

  1.75323e-05  0.00000e+00 -2.05389e-03  3.87757e-03
  1.75323e-05  7.01588e-07 -1.72663e-03  3.99560e-03
  1.75323e-05  1.40318e-06 -1.39186e-03  4.11510e-03
  1.75323e-05  2.10477e-06 -1.04957e-03  4.23610e-03
  1.75323e-05  2.80635e-06 -6.99738e-04  4.35862e-03
  1.75323e-05  3.50794e-06 -3.42360e-04  4.48269e-03
  1.75323e-05  4.20953e-06  2.25792e-05  4.60833e-03
  1.75323e-05  4.91112e-06  3.95093e-04  4.73558e-03
  1.75323e-05  5.61271e-06  7.75194e-04  4.86445e-03
  1.75323e-05  6.31430e-06  1.16290e-03  4.99497e-03
  1.75323e-05  7.01588e-06  1.55821e-03  5.12717e-03
  1.75323e-05  7.71747e-06  1.96115e-03  5.26106e-03
  1.75323e-05  8.41906e-06  2.37173e-03  5.39669e-03
  1.75323e-05  9.12065e-06  2.78996e-03  5.53407e-03
  1.75323e-05  9.82224e-06  3.21586e-03  5.67323e-03
  1.75323e-05  1.05238e-05  3.64944e-03  5.81419e-03
  1.75323e-05  1.12254e-05  4.09071e-03  5.95698e-03
  1.75323e-05  1.19270e-05  4.53968e-03  6.10162e-03
  1.75323e-05  1.26286e-05  4.99637e-03  6.24815e-03
  1.75323e-05  1.33302e-05  5.46079e-03  6.39658e-03
  1.75323e-05  1.40318e-05  5.93295e-03  6.54695e-03
  1.75323e-05  1.47334e-05  6.41287e-03  6.69927e-03
  1.75323e-05  1.54349e-05  6.90056e-03  6.85358e-03
  1.75323e-05  1.61365e-05  7.39603e-03  7.00989e-03
  1.75323e-05  1.68381e-05  7.89930e-03  7.16824e-03
  1.75323e-05  1.75397e-05  8.41038e-03  7.32864e-03

  1.83672e-05  0.00000e+00 -2.08798e-03  4.27364e-03
  1.83672e-05  7.01588e-07 -1.74193e-03  4.40068e-03
  1.83672e-05  1.40318e-06 -1.38823e-03  4.52921e-03
  1.83672e-05  2.10477e-06 -1.02687e-03  4.65925e-03
  1.83672e-05  2.80635e-06 -6.57834e-04  4.79083e-03
  1.83672e-05  3.50794e-06 -2.81109e-04  4.92397e-03
  1.83672e-05  4.20953e-06  1.03317e-04  5.05871e-03
  1.83672e-05  4.91112e-06  4.95458e-04  5.19506e-03
  1.83672e-05  5.61271e-06  8.95325e-04  5.33305e-03
  1.83672e-05  6.31430e-06  1.30293e-03  5.47270e-03
  1.83672e-05  7.01588e-06  1.71829e-03  5.61405e-03
  1.83672e-05  7.71747e-06  2.14142e-03  5.75711e-03
  1.83672e-05  8.41906e-06  2.57233e-03  5.90192e-03
  1.83672e-05  9.12065e-06  3.01102e-03  6.04850e-03
  1.83672e-05  9.82224e-06  3.45753e-03  6.19687e-03
  1.83672e-05  1.05238e-05  3.91185e-03  6.34706e-03
  1.83672e-05  1.12254e-05  4.37400e-03  6.49909e-03
  1.83672e-05  1.19270e-05  4.84400e-03  6.65300e-03
  1.83672e-05  1.26286e-05  5.32185e-03  6.80880e-03
  1.83672e-05  1.33302e-05  5.80758e-03  6.96652e-03
  1.83672e-05  1.40318e-05  6.30119e-03  7.12619e-03
  1.83672e-05  1.47334e-05  6.80269e-03  7.28783e-03
  1.83672e-05  1.54349e-05  7.31210e-03  7.45147e-03
  1.83672e-05  1.61365e-05  7.82944e-03  7.61714e-03
  1.83672e-05  1.68381e-05  8.35471e-03  7.78485e-03
  1.83672e-05  1.75397e-05  8.88792e-03  7.95464e-03

  1.92021e-05  0.00000e+00 -2.11630e-03  4.69220e-03
  1.92021e-05  7.01588e-07 -1.75110e-03  4.82842e-03
  1.92021e-05  1.40318e-06 -1.37811e-03  4.96614e-03
  1.92021e-05  2.10477e-06 -9.97327e-04  5.10539e-03
  1.92021e-05  2.80635e-06 -6.08725e-04  5.24619e-03
  1.92021e-05  3.50794e-06 -2.12295e-04  5.38858e-03
  1.92021e-05  4.20953e-06  1.91977e-04  5.53257e-03
  1.92021e-05  4.91112e-06  6.04102e-04  5.67819e-03
  1.92021e-05  5.61271e-06  1.02409e-03  5.82546e-03
  1.92021e-05  6.31430e-06  1.45197e-03  5.97442e-03
  1.92021e-05  7.01588e-06  1.88773e-03  6.12508e-03
  1.92021e-05  7.71747e-06  2.33140e-03  6.27748e-03
  1.92021e-05  8.41906e-06  2.78299e-03  6.43164e-03
  1.92021e-05  9.12065e-06  3.24251e-03  6.58757e-03
  1.92021e-05  9.82224e-06  3.70998e-03  6.74532e-03
  1.92021e-05  1.05238e-05  4.18540e-03  6.90491e-03
  1.92021e-05  1.12254e-05  4.66880e-03  7.06635e-03
  1.92021e-05  1.19270e-05  5.16018e-03  7.22968e-03
  1.92021e-05  1.26286e-05  5.65955e-03  7.39492e-03
  1.92021e-05  1.33302e-05  6.16694e-03  7.56210e-03
  1.92021e-05  1.40318e-05  6.68235e-03  7.73124e-03
  1.92021e-05  1.47334e-05  7.20580e-03  7.90237e-03
  1.92021e-05  1.54349e-05  7.73729e-03  8.07552e-03
  1.92021e-05  1.61365e-05  8.27685e-03  8.25070e-03
  1.92021e-05  1.68381e-05  8.82448e-03  8.42795e-03
  1.92021e-05  1.75397e-05  9.38020e-03  8.60729e-03

  2.00370e-05  0.00000e+00 -2.13884e-03  5.13367e-03
  2.00370e-05  7.01588e-07 -1.75414e-03  5.27924e-03
  2.00370e-05  1.40318e-06 -1.36151e-03  5.42632e-03
  2.00370e-05  2.10477e-06 -9.60939e-04  5.57494e-03
  2.00370e-05  2.80635e-06 -5.52413e-04  5.72514e-03
  2.00370e-05  3.50794e-06 -1.35920e-04  5.87693e-03
  2.00370e-05  4.20953e-06  2.88554e-04  6.03034e-03
  2.00370e-05  4.91112e-06  7.21022e-04  6.18539e-03
  2.00370e-05  5.61271e-06  1.16150e-03  6.34212e-03
  2.00370e-05  6.31430e-06  1.60999e-03  6.50055e-03
  2.00370e-05  7.01588e-06  2.06652e-03  6.66069e-03
  2.00370e-05  7.71747e-06  2.53109e-03  6.82259e-03
  2.00370e-05  8.41906e-06  3.00372e-03  6.98626e-03
  2.00370e-05  9.12065e-06  3.48443e-03  7.15173e-03
  2.00370e-05  9.82224e-06  3.97321e-03  7.31902e-03
  2.00370e-05  1.05238e-05  4.47010e-03  7.48817e-03
  2.00370e-05  1.12254e-05  4.97509e-03  7.65919e-03
  2.00370e-05  1.19270e-05  5.48821e-03  7.83211e-03
  2.00370e-05  1.26286e-05  6.00947e-03  8.00696e-03
  2.00370e-05  1.33302e-05  6.53888e-03  8.18376e-03
  2.00370e-05  1.40318e-05  7.07645e-03  8.36254e-03
  2.00370e-05  1.47334e-05  7.62219e-03  8.54332e-03
  2.00370e-05  1.54349e-05  8.17613e-03  8.72614e-03
  2.00370e-05  1.61365e-05  8.73826e-03  8.91100e-03
  2.00370e-05  1.68381e-05  9.30861e-03  9.09795e-03
  2.00370e-05  1.75397e-05  9.88719e-03  9.28701e-03

  2.08718e-05  0.00000e+00 -2.15562e-03  5.59849e-03
  2.08718e-05  7.01588e-07 -1.75105e-03  5.75356e-03
  2.08718e-05  1.40318e-06 -1.33842e-03  5.91017e-03
  2.08718e-05  2.10477e-06 -9.17709e-04  6.06833e-03
  2.08718e-05  2.80635e-06 -4.88902e-04  6.22808e-03
  2.08718e-05  3.50794e-06 -5.19874e-05  6.38945e-03
  2.08718e-05  4.20953e-06  3.93048e-04  6.55244e-03
  2.08718e-05  4.91112e-06  8.46217e-04  6.71710e-03
  2.08718e-05  5.61271e-06  1.30753e-03  6.88345e-03
  2.08718e-05  6.31430e-06  1.77701e-03  7.05151e-03
  2.08718e-05  7.01588e-06  2.25465e-03  7.22131e-03
  2.08718e-05  7.71747e-06  2.74049e-03  7.39287e-03
  2.08718e-05  8.41906e-06  3.23452e-03  7.56622e-03
  2.08718e-05  9.12065e-06  3.73676e-03  7.74138e-03
  2.08718e-05  9.82224e-06  4.24723e-03  7.91839e-03
  2.08718e-05  1.05238e-05  4.76593e-03  8.09726e-03
  2.08718e-05  1.12254e-05  5.29289e-03  8.27802e-03
  2.08718e-05  1.19270e-05  5.82811e-03  8.46070e-03
  2.08718e-05  1.26286e-05  6.37160e-03  8.64532e-03
  2.08718e-05  1.33302e-05  6.92339e-03  8.83192e-03
  2.08718e-05  1.40318e-05  7.48347e-03  9.02050e-03
  2.08718e-05  1.47334e-05  8.05187e-03  9.21110e-03
  2.08718e-05  1.54349e-05  8.62861e-03  9.40375e-03
  2.08718e-05  1.61365e-05  9.21368e-03  9.59847e-03
  2.08718e-05  1.68381e-05  9.80710e-03  9.79528e-03
  2.08718e-05  1.75397e-05  1.04089e-02  9.99422e-03

