-3.00 11.05839  5.35366
-2.85 11.05274  5.35400
-2.70 11.04841  5.35445
-2.55 11.04522  5.35500
-2.40 11.04298  5.35563
-2.25 11.04156  5.35633
-2.10 11.04081  5.35708
-1.95 11.04061  5.35788
-1.80 11.04084  5.35871
-1.65 11.04142  5.35957
-1.50 11.04226  5.36045
-1.35 11.04329  5.36136
-1.20 11.04445  5.36228
-1.05 11.04571  5.36322
-0.90 11.04700  5.36416
-0.75 11.04831  5.36512
-0.60 11.04961  5.36609
-0.45 11.05086  5.36707
-0.30 11.05206  5.36806
-0.15 11.05319  5.36905
 0.00 11.05423  5.37005
 0.15 11.05518  5.37105
 0.30 11.05603  5.37205
 0.45 11.05678  5.37306
 0.60 11.05741  5.37406
 0.75 11.05793  5.37507
 0.90 11.05834  5.37607
 1.05 11.05862  5.37707
 1.20 11.05879  5.37806
 1.35 11.05883  5.37905
 1.50 11.05875  5.38002
 1.65 11.05855  5.38099
 1.80 11.05822  5.38194
 1.95 11.05776  5.38288
 2.10 11.05718  5.38380
 2.25 11.05647  5.38470
 2.40 11.05564  5.38559
 2.55 11.05467  5.38644
 2.70 11.05358  5.38728
 2.85 11.05235  5.38809
 3.00 11.05099  5.38887
