   0 begin             0.00  0.0  -3.23 -0.0394 -67.49 -0.1570
   1 dh0g1a            4.65  0.0 -24.26 -0.0106 -11.15 -0.0244
   2 gs                4.65  0.0  31.90 -0.0168 -53.40 -0.0356
   3 sh1               4.85  1.5 218.79 -0.0293 -61.68 -0.0375
   4 dh1ag2a           4.94  0.0 338.66 -0.4134 -47.71 -0.0616
   5 bpm               4.94  0.0  47.55 -0.4361 -27.56 -0.0714
   6 dbpm              5.03  0.0 -21.71 -0.4454  23.53 -0.0917
   7 qh1sp01           5.28 -1.0  62.13 -0.4525 -25.75 -0.1058
   8 dh2ag2a           5.43  0.0 342.31 -0.4707 -44.79 -0.1120
   9 sq1hsp01          5.53  0.0  63.02 -0.8685 -41.03 -0.1411
  10 chv               5.53  0.0  29.02 -0.8789  -1.80 -0.1620
  11 sq1hsp01          5.63  0.0 223.50 -0.8947  -0.60 -0.1745
  12 dh2bg2a           5.79  0.0 210.60 -1.2311 -11.09 -0.5729
  13 sh2               5.99  0.0  23.83 -1.2440   5.62 -0.5842
  14 dh2cg2a           6.14  0.0 150.90 -1.2544 -50.50 -0.6014
  15 qh2sp01           6.54  1.0 419.51 -1.6453 -31.71 -0.6243
  16 dh3ag2a           6.73  0.0  41.48 -1.6667  16.98 -0.6321
  17 sh3               6.93 -1.5 -41.63 -1.6748 138.34 -0.6520
  18 dh3bg2a           7.13  0.0 -12.37 -1.6815  66.43 -0.6683
  19 qh3sp01           7.38 -1.0  69.74 -1.6969  37.39 -0.6753
  20 dh4ag2a           7.46  0.0   6.53 -2.0874   0.27 -0.7022
  21 bpm               7.46  0.0 -59.11 -2.0987  60.13 -0.7077
  22 dbpm              7.55  0.0 -70.00 -2.1026 145.27 -0.7197
  23 sh4               7.75 -1.5 -67.90 -2.1064 168.93 -0.7350
  24 dh4bg2a           8.00  0.0 -74.64 -2.1769 149.27 -1.0444
  25 dfch              8.15  0.0 -83.84 -2.1799 137.21 -1.0598
  26 chv               8.15  0.0 -71.85 -2.1862  24.41 -1.0711
  27 dfch              8.30  0.0 -42.36 -2.1943  -4.24 -1.0752
  28 ge                8.30  0.0 -20.85 -2.5791  27.55 -1.1007
  29 dh4cg3a           8.33  0.0 -74.30 -2.6005  76.30 -1.1102
  30 gs                8.33  0.0 -86.39 -2.6104 193.58 -1.1318
  31 b1sp01           10.95  0.5 -80.24 -2.2770  40.44 -1.1315
  32 dm1ag3a          11.32  0.0 -21.70 -2.2787   2.06 -1.1372
  33 dfch             11.47  0.0 -67.33 -2.6718   8.12 -1.1666
  34 chv              11.47  0.0 -74.14 -2.6821  80.04 -1.1875
  35 sm3              11.47  1.5 -37.18 -2.6987  82.83 -1.2014
  36 dfch             11.62  0.0 -33.48 -3.0314  62.43 -1.6010
  37 dm1bg3a          11.93  0.0 -67.08 -3.0378  89.44 -1.6126
  38 ge               11.93  0.0 -36.18 -3.0490 -10.88 -1.6321
  39 gs               11.93  0.0  52.94 -3.4422  -3.35 -1.6604
  40 qm1sp01          12.18 -1.0 -33.93 -3.4601  24.47 -1.6680
  41 dm2ag4a          12.38  0.0 -56.53 -3.4670  86.60 -1.6878
  42 sm1a             12.58 -1.5   4.80 -3.4735  -2.46 -1.7034
  43 dm2bg4a          13.16  0.0 340.53 -3.4877 -49.05 -1.7043
  44 bpm              13.16  0.0 196.05 -3.8798 -62.58 -1.7316
  45 dbpm             13.25  0.0  21.11 -3.8905 -43.69 -1.7358
  46 qm2sp01          13.50  1.0   4.12 -3.8946 -20.51 -1.7439
  47 dm2cg4a          13.70  0.0  32.08 -3.9017 -11.61 -1.7568
  48 sm2              13.95  1.5  31.42 -3.9776 -16.51 -2.0632
  49 dm2cg4b          14.15  0.0  -2.55 -3.9844 -19.54 -2.0758
  50 qm2sp01          14.40  1.0  55.37 -3.9891 -53.85 -2.0827
  51 dm2bg4b          14.92  0.0 147.52 -3.9989 -49.85 -2.0805
  52 sm1b             15.12 -1.5 182.84 -4.3815 -25.00 -2.1037
  53 dm2ag4b          15.38  0.0 -27.32 -4.4007  19.86 -2.1109
  54 bpm              15.38  0.0 -61.52 -4.4106  99.59 -2.1326
  55 dbpm             15.46  0.0 -30.91 -4.4182  21.96 -2.1494
  56 qm1sp01          15.71 -1.0  39.30 -4.4327  -1.82 -2.1558
  57 dm1eg4b          15.93  0.0 -59.03 -4.8259   7.09 -2.1846
  58 dfch             16.08  0.0 -71.87 -4.8320  80.49 -2.2043
  59 sm3              16.08  1.5 -31.66 -4.8485  83.29 -2.2182
  60 chv              16.08  0.0 -37.52 -5.1859  64.75 -2.6190
  61 dfch             16.23  0.0 -79.84 -5.1950  99.19 -2.6320
  62 ge               16.23  0.0 -60.93 -5.2062  -6.29 -2.6515
  63 gs               16.23  0.0  -6.36 -5.5995   1.63 -2.6798
  64 dm1dg5b          16.29  0.0 -70.28 -5.6202  41.42 -2.6891
  65 dpwg5b           16.49  0.0 -87.40 -5.6217 139.31 -2.7092
  66 dm1cg5b          16.69  0.0 -80.42 -5.6200  41.99 -2.7253
  67 b1sp01           19.31  0.5 -29.13 -5.2963  30.29 -2.7161
  68 ge               19.31  0.0 -52.37 -5.6884  -4.31 -2.7434
  69 dl4bg6b          19.53  0.0 -76.92 -5.6914  55.31 -2.7477
  70 gs               19.53  0.0 -81.83 -5.6970 139.41 -2.7601
  71 dfch             19.68  0.0 -73.25 -5.7006 169.35 -2.7757
  72 chv              19.68  0.0 -73.38 -5.7779 154.21 -3.0867
  73 dfch             19.83  0.0 -77.30 -5.7818 147.30 -3.1021
  74 dl4ag6b          19.91  0.0 -57.46 -5.7860  30.50 -3.1129
  75 ql3sp01          20.16 -1.0  37.81 -5.7948  -6.16 -3.1164
  76 dbpm             20.25  0.0 114.47 -6.1781  17.28 -3.1413
  77 bpm              20.25  0.0 -27.86 -6.2009  62.48 -3.1510
  78 dl3bg6b          20.33  0.0 -57.02 -6.2095 153.36 -3.1721
  79 sl3              20.53 -1.5   8.89 -6.2161  26.21 -3.1882
  80 dl3ag6b          21.15  0.0 419.22 -6.2305 -47.27 -3.1897
  81 ql2sp01          21.55  1.0  87.97 -6.6268 -50.74 -3.2135
  82 dl2cg6b          21.80  0.0  21.10 -6.6355  -8.53 -3.2303
  83 sl2              22.00  1.5 145.43 -6.6505   1.02 -3.2412
  84 dl2bg6b          22.14  0.0  96.12 -6.9866  -3.96 -3.6401
  85 dsch             22.24  0.0 -33.67 -6.9997  19.41 -3.6529
  86 chv              22.24  0.0  28.59 -7.0109 -43.82 -3.6724
  87 dsch             22.34  0.0 176.21 -7.4030 -36.63 -3.6994
  88 dl2ag6b          22.47  0.0 -20.88 -7.4240  -7.43 -3.7075
  89 ql1sp01          22.72 -1.0 -66.03 -7.4298  51.94 -3.7262
  90 dl1ag6b          22.81  0.0 -35.24 -7.4373 -15.12 -3.7428
  91 bpm              22.81  0.0  67.83 -7.4566 -36.52 -3.7513
  92 dbpm             22.90  0.0   8.51 -7.8471 -55.43 -3.7775
  93 sl1              23.10 -1.5 -61.95 -7.8544 -36.00 -3.7803
  94 ge               23.10  0.0 -70.04 -7.8601  -1.34 -3.7928
  95 gs               23.10  0.0 -61.99 -7.8684   9.76 -3.8093
  96 dl0g1a           26.40  0.0 -90.85 -7.7779 -89.46 -3.9220
  97 dl0g1a           29.70  0.0 -72.05 -7.6175  -0.45 -3.7398
  98 ge               29.70  0.0 -51.32 -7.6238 -47.79 -3.7511
  99 gs               29.70  0.0  17.12 -7.6377 -59.37 -3.7562
 100 sl1              29.90 -1.5  76.05 -8.0186 -39.81 -3.7789
 101 dl1ag2a          29.99  0.0 -38.44 -8.0397 -12.78 -3.7875
 102 bpm              29.99  0.0 -67.41 -8.0496  45.24 -3.8091
 103 dbpm             30.07  0.0 -32.95 -8.0570 -11.39 -3.8257
 104 ql1sp01          30.32 -1.0 114.35 -8.0723 -32.78 -3.8312
 105 dl2ag2a          30.46  0.0 -10.12 -8.4691 -31.70 -3.8602
 106 dsch             30.56  0.0 -20.61 -8.4782   9.33 -3.8798
 107 chv              30.56  0.0  92.86 -8.4948  11.03 -3.8937
 108 dsch             30.66  0.0  95.68 -8.8311  -4.13 -4.2931
 109 dl2bg2a          30.80  0.0 -15.96 -8.8440   8.24 -4.3054
 110 sl2              31.00  1.5  95.32 -8.8536 -53.20 -4.3219
 111 dl2cg2a          31.25  0.0 475.23 -9.2452 -54.51 -4.3461
 112 ql2sp01          31.65  1.0  90.83 -9.2658 -27.76 -4.3490
 113 dl3ag2a          32.26  0.0 -45.08 -9.2708 115.16 -4.3637
 114 sl3              32.46 -1.5 -14.97 -9.2773  47.19 -4.3797
 115 dl3bg2a          32.55  0.0  95.86 -9.2954  17.55 -4.3876
 116 bpm              32.55  0.0  31.62 -9.6875 -13.66 -4.4150
 117 dbpm             32.64  0.0 -55.42 -9.6973  46.93 -4.4199
 118 ql3sp01          32.89 -1.0 -73.94 -9.6978 145.10 -4.4309
 119 dl4ag2a          33.17  0.0 -74.53 -9.6985 167.10 -4.4458
 120 dfch             33.32  0.0    inf  1.3229    inf  0.7712
 121 chv              33.32  0.0    inf  1.3229    inf  0.7712
 122 dfch             33.47  0.0    inf  1.3287    inf  0.7721
 123 ge               33.47  0.0    inf  1.3287    inf  0.7721
 124 dl4bg3a          33.49  0.0    inf  1.3295    inf  0.7722
 125 gs               33.49  0.0    inf  1.3295    inf  0.7722
 126 b1sp01           36.11  0.5    inf  1.6725    inf  0.7900
 127 dm1ag3a          36.47  0.0    inf  1.6902    inf  0.7928
 128 sq2hsp01         36.62  0.0    inf  1.6956    inf  0.7940
 129 chv              36.62  0.0    inf  1.6956    inf  0.7940
 130 sm3              36.62  1.5    inf  1.6956    inf  0.7940
 131 sq2hsp01         36.77  0.0    inf  1.7003    inf  0.7952
 132 dm1bg3a          37.08  0.0    inf  1.7081    inf  0.7976
 133 ge               37.08  0.0    inf  1.7081    inf  0.7976
 134 gs               37.08  0.0    inf  1.7081    inf  0.7976
 135 qm1sp01          37.33 -1.0    inf  1.7129    inf  0.7997
 136 dm2a2g4b         37.53  0.0    inf  1.7160    inf  0.8016
 137 sm1a             37.73 -1.5    inf  1.7184    inf  0.8036
 138 dm2b2g4b         38.31  0.0    inf  1.7236    inf  0.8112
 139 bpm              38.31  0.0    inf  1.7236    inf  0.8112
 140 dbpm             38.40  0.0    inf  1.7242    inf  0.8126
 141 qm2sp01          38.65  1.0    inf  1.7257    inf  0.8169
 142 dm2cg4a          38.85  0.0    inf  1.7269    inf  0.8206
 143 sm2              39.10  1.5    inf  1.7284    inf  0.8251
 144 dm2cg4b          39.30  0.0    inf  1.7295    inf  0.8287
 145 qm2sp01          39.55  1.0    inf  1.7311    inf  0.8330
 146 dm2b2g4a         40.07  0.0    inf  1.7352    inf  0.8403
 147 sm1b             40.27 -1.5    inf  1.7373    inf  0.8425
 148 dm2a2g4a         40.53  0.0    inf  1.7409    inf  0.8451
 149 bpm              40.53  0.0    inf  1.7409    inf  0.8451
 150 dbpm             40.62  0.0    inf  1.7423    inf  0.8459
 151 qm1sp01          40.87 -1.0    inf  1.7471    inf  0.8480
 152 dm1eg4b          41.09  0.0    inf  1.7524    inf  0.8498
 153 dfch             41.24  0.0    inf  1.7566    inf  0.8510
 154 sm3              41.24  1.5    inf  1.7566    inf  0.8510
 155 chv              41.24  0.0    inf  1.7566    inf  0.8510
 156 dfch             41.39  0.0    inf  1.7615    inf  0.8521
 157 ge               41.39  0.0    inf  1.7615    inf  0.8521
 158 gs               41.39  0.0    inf  1.7615    inf  0.8521
 159 dm1dg5b          41.45  0.0    inf  1.7636    inf  0.8526
 160 dpwg5b           41.65  0.0    inf  1.7719    inf  0.8541
 161 dm1cg5b          41.85  0.0    inf  1.7825    inf  0.8556
 162 b1sp01           44.47  0.5    inf  2.1251    inf  0.8735
 163 ge               44.47  0.0    inf  2.1251    inf  0.8735
 164 dh4cg6b          44.67  0.0    inf  2.1330    inf  0.8747
 165 gs               44.67  0.0    inf  2.1330    inf  0.8747
 166 dfch             44.82  0.0    inf  2.1379    inf  0.8756
 167 chv              44.82  0.0    inf  2.1379    inf  0.8756
 168 dfch             44.97  0.0    inf  2.1421    inf  0.8765
 169 dh4bg6b          45.05  0.0    inf  2.1440    inf  0.8770
 170 sh4              45.25 -1.5    inf  2.1485    inf  0.8781
 171 dh4ag6b          45.33  0.0    inf  2.1502    inf  0.8786
 172 bpm              45.33  0.0    inf  2.1502    inf  0.8786
 173 dbpm             45.42  0.0    inf  2.1519    inf  0.8791
 174 qh3sp01          45.67 -1.0    inf  2.1558    inf  0.8806
 175 dh3bg6b          45.87  0.0    inf  2.1581    inf  0.8820
 176 sh3              46.07 -1.5    inf  2.1599    inf  0.8837
 177 dh3ag6b          46.26  0.0    inf  2.1612    inf  0.8856
 178 qh2sp01          46.66  1.0    inf  2.1635    inf  0.8911
 179 dh2cg6b          46.81  0.0    inf  2.1643    inf  0.8933
 180 sh2              47.01  0.0    inf  2.1655    inf  0.8963
 181 dh2bg6b          47.19  0.0    inf  2.1667    inf  0.8989
 182 dsch             47.29  0.0    inf  2.1673    inf  0.9004
 183 chv              47.29  0.0    inf  2.1673    inf  0.9004
 184 dsch             47.39  0.0    inf  2.1680    inf  0.9018
 185 dh2ag6b          47.52  0.0    inf  2.1690    inf  0.9037
 186 qh1sp01          47.77 -1.0    inf  2.1709    inf  0.9074
 187 dh1ag6b          47.86  0.0    inf  2.1715    inf  0.9087
 188 bpm              47.86  0.0    inf  2.1715    inf  0.9087
 189 dbpm             47.95  0.0    inf  2.1722    inf  0.9101
 190 sh1              48.15  1.5    inf  2.1738    inf  0.9133
 191 ge               48.15  0.0    inf  2.1738    inf  0.9133
 192 dh0g1a           52.80  0.0    inf  2.2113    inf  1.0787
 193 d_dw             49.30  0.0    inf  2.1828    inf  0.9364
 194 dw100            56.30  0.0    inf  2.2398    inf  1.2477
 195 d_dw             52.80  0.0    inf  2.2113    inf  1.1047
 196 dh0g1a           57.45  0.0    inf  2.2488    inf  1.2709
 197 gs               57.45  0.0    inf  2.2488    inf  1.2709
 198 sh1              57.65  1.5    inf  2.2504    inf  1.2741
 199 dh1ag2a          57.73  0.0    inf  2.2510    inf  1.2755
 200 bpm              57.73  0.0    inf  2.2510    inf  1.2755
 201 dbpm             57.82  0.0    inf  2.2517    inf  1.2768
 202 qh1sp01          58.07 -1.0    inf  2.2536    inf  1.2805
 203 dh2ag2a          58.23  0.0    inf  2.2547    inf  1.2828
 204 sq1hsp01         58.33  0.0    inf  2.2554    inf  1.2842
 205 chv              58.33  0.0    inf  2.2554    inf  1.2842
 206 sq1hsp01         58.43  0.0    inf  2.2561    inf  1.2857
 207 dh2bg2a          58.59  0.0    inf  2.2571    inf  1.2880
 208 sh2              58.79  0.0    inf  2.2583    inf  1.2910
 209 dh2cg2a          58.94  0.0    inf  2.2591    inf  1.2932
 210 qh2sp01          59.34  1.0    inf  2.2614    inf  1.2987
 211 dh3ag2a          59.53  0.0    inf  2.2627    inf  1.3006
 212 sh3              59.73 -1.5    inf  2.2645    inf  1.3023
 213 dh3bg2a          59.92  0.0    inf  2.2668    inf  1.3037
 214 qh3sp01          60.17 -1.0    inf  2.2707    inf  1.3052
 215 dh4ag2a          60.26  0.0    inf  2.2723    inf  1.3057
 216 bpm              60.26  0.0    inf  2.2723    inf  1.3057
 217 dbpm             60.35  0.0    inf  2.2741    inf  1.3062
 218 sh4              60.55 -1.5    inf  2.2785    inf  1.3073
 219 dh4bg2a          60.80  0.0    inf  2.2853    inf  1.3088
 220 dfch             60.95  0.0    inf  2.2903    inf  1.3097
 221 chv              60.95  0.0    inf  2.2903    inf  1.3097
 222 dfch             61.10  0.0    inf  2.2961    inf  1.3106
 223 ge               61.10  0.0    inf  2.2961    inf  1.3106
 224 dh4cg3a          61.13  0.0    inf  2.2975    inf  1.3108
 225 gs               61.13  0.0    inf  2.2975    inf  1.3108
 226 b1sp01           63.75  0.5    inf  2.6401    inf  1.3287
 227 dm1ag3a          64.11  0.0    inf  2.6577    inf  1.3315
 228 dfch             64.26  0.0    inf  2.6631    inf  1.3327
 229 chv              64.26  0.0    inf  2.6631    inf  1.3327
 230 sm3              64.26  1.5    inf  2.6631    inf  1.3327
 231 dfch             64.41  0.0    inf  2.6677    inf  1.3339
 232 dm1bg3a          64.72  0.0    inf  2.6755    inf  1.3364
 233 ge               64.72  0.0    inf  2.6755    inf  1.3364
 234 gs               64.72  0.0    inf  2.6755    inf  1.3364
 235 qm1sp01          64.97 -1.0    inf  2.6803    inf  1.3384
 236 dm2ag4a          65.17  0.0    inf  2.6833    inf  1.3403
 237 sm1a             65.37 -1.5    inf  2.6858    inf  1.3423
 238 dm2bg4a          65.95  0.0    inf  2.6909    inf  1.3499
 239 bpm              65.95  0.0    inf  2.6909    inf  1.3499
 240 dbpm             66.04  0.0    inf  2.6915    inf  1.3513
 241 qm2sp01          66.29  1.0    inf  2.6930    inf  1.3557
 242 dm2cg4a          66.49  0.0    inf  2.6942    inf  1.3593
 243 sm2              66.74  1.5    inf  2.6957    inf  1.3638
 244 dm2cg4b          66.94  0.0    inf  2.6969    inf  1.3674
 245 qm2sp01          67.19  1.0    inf  2.6984    inf  1.3718
 246 dm2bg4b          67.71  0.0    inf  2.7026    inf  1.3790
 247 sm1b             67.91 -1.5    inf  2.7047    inf  1.3813
 248 dm2ag4b          68.17  0.0    inf  2.7082    inf  1.3838
 249 bpm              68.17  0.0    inf  2.7082    inf  1.3838
 250 dbpm             68.26  0.0    inf  2.7097    inf  1.3846
 251 qm1sp01          68.51 -1.0    inf  2.7145    inf  1.3867
 252 dm1eg4b          68.73  0.0    inf  2.7198    inf  1.3885
 253 dfch             68.88  0.0    inf  2.7240    inf  1.3897
 254 sm3              68.88  1.5    inf  2.7240    inf  1.3897
 255 chv              68.88  0.0    inf  2.7240    inf  1.3897
 256 dfch             69.03  0.0    inf  2.7290    inf  1.3908
 257 ge               69.03  0.0    inf  2.7290    inf  1.3908
 258 gs               69.03  0.0    inf  2.7290    inf  1.3908
 259 dm1dg5b          69.09  0.0    inf  2.7310    inf  1.3913
 260 dpwg5b           69.29  0.0    inf  2.7394    inf  1.3928
 261 dm1cg5b          69.49  0.0    inf  2.7500    inf  1.3943
 262 b1sp01           72.11  0.5    inf  3.0931    inf  1.4121
 263 ge               72.11  0.0    inf  3.0931    inf  1.4121
 264 dl4bg6b          72.33  0.0    inf  3.1014    inf  1.4134
 265 gs               72.33  0.0    inf  3.1014    inf  1.4134
 266 dfch             72.48  0.0    inf  3.1062    inf  1.4143
 267 chv              72.48  0.0    inf  3.1062    inf  1.4143
 268 dfch             72.63  0.0    inf  3.1103    inf  1.4152
 269 dl4ag6b          72.71  0.0    inf  3.1123    inf  1.4157
 270 ql3sp01          72.96 -1.0    inf  3.1175    inf  1.4172
 271 dbpm             73.04  0.0    inf  3.1190    inf  1.4178
 272 bpm              73.04  0.0    inf  3.1190    inf  1.4178
 273 dl3bg6b          73.13  0.0    inf  3.1202    inf  1.4184
 274 sl3              73.33 -1.5    inf  3.1227    inf  1.4199
 275 dl3ag6b          73.95  0.0    inf  3.1276    inf  1.4269
 276 ql2sp01          74.35  1.0    inf  3.1298    inf  1.4337
 277 dl2cg6b          74.60  0.0    inf  3.1314    inf  1.4378
 278 sl2              74.80  1.5    inf  3.1329    inf  1.4408
 279 dl2bg6b          74.93  0.0    inf  3.1342    inf  1.4427
 280 dsch             75.03  0.0    inf  3.1352    inf  1.4440
 281 chv              75.03  0.0    inf  3.1352    inf  1.4440
 282 dsch             75.13  0.0    inf  3.1364    inf  1.4453
 283 dl2ag6b          75.27  0.0    inf  3.1382    inf  1.4469
 284 ql1sp01          75.52 -1.0    inf  3.1422    inf  1.4499
 285 dl1ag6b          75.61  0.0    inf  3.1437    inf  1.4509
 286 bpm              75.61  0.0    inf  3.1437    inf  1.4509
 287 dbpm             75.70  0.0    inf  3.1454    inf  1.4521
 288 sl1              75.90 -1.5    inf  3.1493    inf  1.4548
 289 ge               75.90  0.0    inf  3.1493    inf  1.4548
 290 gs               75.90  0.0    inf  3.1493    inf  1.4548
 291 dl0g1a           79.20  0.0    inf  3.3177    inf  1.6530
 292 dl0g1a           82.50  0.0    inf  3.4855    inf  1.8515
 293 ge               82.50  0.0    inf  3.4855    inf  1.8515
 294 gs               82.50  0.0    inf  3.4855    inf  1.8515
 295 sl1              82.70 -1.5    inf  3.4895    inf  1.8542
 296 dl1ag2a          82.78  0.0    inf  3.4911    inf  1.8554
 297 bpm              82.78  0.0    inf  3.4911    inf  1.8554
 298 dbpm             82.87  0.0    inf  3.4927    inf  1.8564
 299 ql1sp01          83.12 -1.0    inf  3.4967    inf  1.8594
 300 dl2ag2a          83.26  0.0    inf  3.4985    inf  1.8610
 301 dsch             83.36  0.0    inf  3.4996    inf  1.8623
 302 chv              83.36  0.0    inf  3.4996    inf  1.8623
 303 dsch             83.46  0.0    inf  3.5006    inf  1.8636
 304 dl2bg2a          83.60  0.0    inf  3.5019    inf  1.8655
 305 sl2              83.80  1.5    inf  3.5034    inf  1.8685
 306 dl2cg2a          84.05  0.0    inf  3.5050    inf  1.8726
 307 ql2sp01          84.45  1.0    inf  3.5072    inf  1.8794
 308 dl3ag2a          85.06  0.0    inf  3.5121    inf  1.8864
 309 sl3              85.26 -1.5    inf  3.5145    inf  1.8879
 310 dl3bg2a          85.35  0.0    inf  3.5158    inf  1.8885
 311 bpm              85.35  0.0    inf  3.5158    inf  1.8885
 312 dbpm             85.43  0.0    inf  3.5173    inf  1.8891
 313 ql3sp01          85.68 -1.0    inf  3.5225    inf  1.8906
 314 dl4ag2a          85.97  0.0    inf  3.5301    inf  1.8923
 315 dfch             86.12  0.0    inf  3.5350    inf  1.8932
 316 chv              86.12  0.0    inf  3.5350    inf  1.8932
 317 dfch             86.27  0.0    inf  3.5408    inf  1.8941
 318 ge               86.27  0.0    inf  3.5408    inf  1.8941
 319 dl4bg3a          86.28  0.0    inf  3.5416    inf  1.8942
 320 gs               86.28  0.0    inf  3.5416    inf  1.8942
 321 b1sp01           88.90  0.5    inf  3.8846    inf  1.9119
 322 dm1ag3a          89.27  0.0    inf  3.9024    inf  1.9147
 323 sq2hsp01         89.42  0.0    inf  3.9078    inf  1.9159
 324 chv              89.42  0.0    inf  3.9078    inf  1.9159
 325 sm3              89.42  1.5    inf  3.9078    inf  1.9159
 326 sq2hsp01         89.57  0.0    inf  3.9125    inf  1.9171
 327 dm1bg3a          89.88  0.0    inf  3.9202    inf  1.9195
 328 ge               89.88  0.0    inf  3.9202    inf  1.9195
 329 gs               89.88  0.0    inf  3.9202    inf  1.9195
 330 qm1sp01          90.13 -1.0    inf  3.9251    inf  1.9216
 331 dm2a2g4b         90.33  0.0    inf  3.9282    inf  1.9235
 332 sm1a             90.53 -1.5    inf  3.9306    inf  1.9255
 333 dm2b2g4b         91.11  0.0    inf  3.9358    inf  1.9331
 334 bpm              91.11  0.0    inf  3.9358    inf  1.9331
 335 dbpm             91.20  0.0    inf  3.9364    inf  1.9345
 336 qm2sp01          91.45  1.0    inf  3.9379    inf  1.9388
 337 dm2cg4a          91.65  0.0    inf  3.9391    inf  1.9425
 338 sm2              91.90  1.5    inf  3.9406    inf  1.9470
 339 dm2cg4b          92.10  0.0    inf  3.9418    inf  1.9506
 340 qm2sp01          92.35  1.0    inf  3.9433    inf  1.9550
 341 dm2b2g4a         92.87  0.0    inf  3.9474    inf  1.9623
 342 sm1b             93.07 -1.5    inf  3.9496    inf  1.9645
 343 dm2a2g4a         93.33  0.0    inf  3.9531    inf  1.9671
 344 bpm              93.33  0.0    inf  3.9531    inf  1.9671
 345 dbpm             93.42  0.0    inf  3.9545    inf  1.9679
 346 qm1sp01          93.67 -1.0    inf  3.9594    inf  1.9700
 347 dm1eg4b          93.89  0.0    inf  3.9646    inf  1.9718
 348 dfch             94.04  0.0    inf  3.9689    inf  1.9730
 349 sm3              94.04  1.5    inf  3.9689    inf  1.9730
 350 chv              94.04  0.0    inf  3.9689    inf  1.9730
 351 dfch             94.19  0.0    inf  3.9738    inf  1.9741
 352 ge               94.19  0.0    inf  3.9738    inf  1.9741
 353 gs               94.19  0.0    inf  3.9738    inf  1.9741
 354 dm1dg5b          94.24  0.0    inf  3.9758    inf  1.9746
 355 dpwg5b           94.44  0.0    inf  3.9842    inf  1.9761
 356 dm1cg5b          94.64  0.0    inf  3.9947    inf  1.9777
 357 b1sp01           97.26  0.5    inf  4.3370    inf  1.9956
 358 ge               97.26  0.0    inf  4.3370    inf  1.9956
 359 dh4cg6b          97.47  0.0    inf  4.3450    inf  1.9969
 360 gs               97.47  0.0    inf  4.3450    inf  1.9969
 361 dfch             97.62  0.0    inf  4.3498    inf  1.9978
 362 chv              97.62  0.0    inf  4.3498    inf  1.9978
 363 dfch             97.77  0.0    inf  4.3541    inf  1.9987
 364 dh4bg6b          97.84  0.0    inf  4.3560    inf  1.9991
 365 sh4              98.04 -1.5    inf  4.3605    inf  2.0003
 366 dh4ag6b          98.13  0.0    inf  4.3622    inf  2.0008
 367 bpm              98.13  0.0    inf  4.3622    inf  2.0008
 368 dbpm             98.22  0.0    inf  4.3639    inf  2.0013
 369 qh3sp01          98.47 -1.0    inf  4.3678    inf  2.0028
 370 dh3bg6b          98.66  0.0    inf  4.3701    inf  2.0042
 371 sh3              98.86 -1.5    inf  4.3719    inf  2.0059
 372 dh3ag6b          99.05  0.0    inf  4.3733    inf  2.0078
 373 qh2sp01          99.45  1.0    inf  4.3755    inf  2.0133
 374 dh2cg6b          99.60  0.0    inf  4.3764    inf  2.0155
 375 sh2              99.80  0.0    inf  4.3776    inf  2.0184
 376 dh2bg6b          99.99  0.0    inf  4.3787    inf  2.0210
 377 dsch            100.09  0.0    inf  4.3794    inf  2.0225
 378 chv             100.09  0.0    inf  4.3794    inf  2.0225
 379 dsch            100.19  0.0    inf  4.3801    inf  2.0239
 380 dh2ag6b         100.32  0.0    inf  4.3810    inf  2.0258
 381 qh1sp01         100.57 -1.0    inf  4.3829    inf  2.0294
 382 dh1ag6b         100.66  0.0    inf  4.3836    inf  2.0307
 383 bpm             100.66  0.0    inf  4.3836    inf  2.0307
 384 dbpm            100.74  0.0    inf  4.3842    inf  2.0321
 385 sh1             100.94  1.5    inf  4.3857    inf  2.0353
 386 ge              100.94  0.0    inf  4.3857    inf  2.0353
 387 dh0g1a          105.59  0.0    inf  4.4226    inf  2.1843
 388 dh0g1a          110.24  0.0    inf  4.4594    inf  2.3333
 389 gs              110.24  0.0    inf  4.4594    inf  2.3333
 390 sh1             110.44  1.5    inf  4.4610    inf  2.3364
 391 dh1ag2a         110.53  0.0    inf  4.4616    inf  2.3378
 392 bpm             110.53  0.0    inf  4.4616    inf  2.3378
 393 dbpm            110.62  0.0    inf  4.4623    inf  2.3391
 394 qh1sp01         110.87 -1.0    inf  4.4641    inf  2.3427
 395 dh2ag2a         111.03  0.0    inf  4.4653    inf  2.3449
 396 sq1hsp01        111.13  0.0    inf  4.4659    inf  2.3464
 397 chv             111.13  0.0    inf  4.4659    inf  2.3464
 398 sq1hsp01        111.23  0.0    inf  4.4666    inf  2.3478
 399 dh2bg2a         111.38  0.0    inf  4.4676    inf  2.3501
 400 sh2             111.58  0.0    inf  4.4688    inf  2.3530
 401 dh2cg2a         111.73  0.0    inf  4.4696    inf  2.3552
 402 qh2sp01         112.13  1.0    inf  4.4719    inf  2.3607
 403 dh3ag2a         112.32  0.0    inf  4.4733    inf  2.3627
 404 sh3             112.52 -1.5    inf  4.4751    inf  2.3643
 405 dh3bg2a         112.72  0.0    inf  4.4773    inf  2.3657
 406 qh3sp01         112.97 -1.0    inf  4.4813    inf  2.3672
 407 dh4ag2a         113.06  0.0    inf  4.4829    inf  2.3677
 408 bpm             113.06  0.0    inf  4.4829    inf  2.3677
 409 dbpm            113.14  0.0    inf  4.4846    inf  2.3682
 410 sh4             113.34 -1.5    inf  4.4891    inf  2.3694
 411 dh4bg2a         113.59  0.0    inf  4.4959    inf  2.3709
 412 dfch            113.74  0.0    inf  4.5009    inf  2.3718
 413 chv             113.74  0.0    inf  4.5009    inf  2.3718
 414 dfch            113.89  0.0    inf  4.5067    inf  2.3727
 415 ge              113.89  0.0    inf  4.5067    inf  2.3727
 416 dh4cg3a         113.92  0.0    inf  4.5081    inf  2.3729
 417 gs              113.92  0.0    inf  4.5081    inf  2.3729
 418 b1sp01          116.54  0.5    inf  4.8505    inf  2.3909
 419 dm1ag3a         116.91  0.0    inf  4.8681    inf  2.3937
 420 dfch            117.06  0.0    inf  4.8735    inf  2.3949
 421 chv             117.06  0.0    inf  4.8735    inf  2.3949
 422 sm3             117.06  1.5    inf  4.8735    inf  2.3949
 423 dfch            117.21  0.0    inf  4.8781    inf  2.3961
 424 dm1bg3a         117.52  0.0    inf  4.8859    inf  2.3986
 425 ge              117.52  0.0    inf  4.8859    inf  2.3986
 426 gs              117.52  0.0    inf  4.8859    inf  2.3986
 427 qm1sp01         117.77 -1.0    inf  4.8907    inf  2.4007
 428 dm2ag4a         117.97  0.0    inf  4.8938    inf  2.4025
 429 sm1a            118.17 -1.5    inf  4.8962    inf  2.4046
 430 dm2bg4a         118.75  0.0    inf  4.9014    inf  2.4122
 431 bpm             118.75  0.0    inf  4.9014    inf  2.4122
 432 dbpm            118.84  0.0    inf  4.9020    inf  2.4136
 433 qm2sp01         119.09  1.0    inf  4.9035    inf  2.4180
 434 dm2cg4a         119.29  0.0    inf  4.9047    inf  2.4216
 435 sm2             119.54  1.5    inf  4.9062    inf  2.4261
 436 dm2cg4b         119.74  0.0    inf  4.9073    inf  2.4297
 437 qm2sp01         119.99  1.0    inf  4.9089    inf  2.4341
 438 dm2bg4b         120.51  0.0    inf  4.9130    inf  2.4414
 439 sm1b            120.71 -1.5    inf  4.9152    inf  2.4436
 440 dm2ag4b         120.97  0.0    inf  4.9187    inf  2.4462
 441 bpm             120.97  0.0    inf  4.9187    inf  2.4462
 442 dbpm            121.06  0.0    inf  4.9201    inf  2.4469
 443 qm1sp01         121.31 -1.0    inf  4.9250    inf  2.4490
 444 dm1eg4b         121.53  0.0    inf  4.9303    inf  2.4508
 445 dfch            121.68  0.0    inf  4.9345    inf  2.4520
 446 sm3             121.68  1.5    inf  4.9345    inf  2.4520
 447 chv             121.68  0.0    inf  4.9345    inf  2.4520
 448 dfch            121.83  0.0    inf  4.9395    inf  2.4531
 449 ge              121.83  0.0    inf  4.9395    inf  2.4531
 450 gs              121.83  0.0    inf  4.9395    inf  2.4531
 451 dm1dg5b         121.88  0.0    inf  4.9415    inf  2.4536
 452 dpwg5b          122.08  0.0    inf  4.9499    inf  2.4551
 453 dm1cg5b         122.28  0.0    inf  4.9606    inf  2.4566
 454 b1sp01          124.90  0.5    inf  5.3036    inf  2.4743
 455 ge              124.90  0.0    inf  5.3036    inf  2.4743
 456 dl4bg6b         125.12  0.0    inf  5.3119    inf  2.4757
 457 gs              125.12  0.0    inf  5.3119    inf  2.4757
 458 dfch            125.27  0.0    inf  5.3166    inf  2.4766
 459 chv             125.27  0.0    inf  5.3166    inf  2.4766
 460 dfch            125.42  0.0    inf  5.3207    inf  2.4774
 461 dl4ag6b         125.50  0.0    inf  5.3227    inf  2.4779
 462 ql3sp01         125.75 -1.0    inf  5.3279    inf  2.4794
 463 dbpm            125.84  0.0    inf  5.3294    inf  2.4800
 464 bpm             125.84  0.0    inf  5.3294    inf  2.4800
 465 dl3bg6b         125.93  0.0    inf  5.3307    inf  2.4806
 466 sl3             126.13 -1.5    inf  5.3331    inf  2.4821
 467 dl3ag6b         126.74  0.0    inf  5.3380    inf  2.4891
 468 ql2sp01         127.14  1.0    inf  5.3402    inf  2.4959
 469 dl2cg6b         127.39  0.0    inf  5.3418    inf  2.5000
 470 sl2             127.59  1.5    inf  5.3433    inf  2.5029
 471 dl2bg6b         127.73  0.0    inf  5.3446    inf  2.5049
 472 dsch            127.83  0.0    inf  5.3456    inf  2.5062
 473 chv             127.83  0.0    inf  5.3456    inf  2.5062
 474 dsch            127.93  0.0    inf  5.3468    inf  2.5074
 475 dl2ag6b         128.07  0.0    inf  5.3486    inf  2.5091
 476 ql1sp01         128.32 -1.0    inf  5.3526    inf  2.5120
 477 dl1ag6b         128.41  0.0    inf  5.3541    inf  2.5131
 478 bpm             128.41  0.0    inf  5.3541    inf  2.5131
 479 dbpm            128.49  0.0    inf  5.3557    inf  2.5142
 480 sl1             128.69 -1.5    inf  5.3597    inf  2.5170
 481 ge              128.69  0.0    inf  5.3597    inf  2.5170
 482 gs              128.69  0.0    inf  5.3597    inf  2.5170
 483 dl0g1a          131.99  0.0    inf  5.5279    inf  2.7152
 484 dl0g1a          135.29  0.0    inf  5.6961    inf  2.9136
 485 ge              135.29  0.0    inf  5.6961    inf  2.9136
 486 gs              135.29  0.0    inf  5.6961    inf  2.9136
 487 sl1             135.49 -1.5    inf  5.7001    inf  2.9164
 488 dl1ag2a         135.58  0.0    inf  5.7017    inf  2.9175
 489 bpm             135.58  0.0    inf  5.7017    inf  2.9175
 490 dbpm            135.67  0.0    inf  5.7032    inf  2.9186
 491 ql1sp01         135.92 -1.0    inf  5.7072    inf  2.9215
 492 dl2ag2a         136.06  0.0    inf  5.7090    inf  2.9232
 493 dsch            136.16  0.0    inf  5.7102    inf  2.9245
 494 chv             136.16  0.0    inf  5.7102    inf  2.9245
 495 dsch            136.26  0.0    inf  5.7112    inf  2.9258
 496 dl2bg2a         136.39  0.0    inf  5.7125    inf  2.9277
 497 sl2             136.59  1.5    inf  5.7140    inf  2.9307
 498 dl2cg2a         136.84  0.0    inf  5.7156    inf  2.9348
 499 ql2sp01         137.24  1.0    inf  5.7178    inf  2.9416
 500 dl3ag2a         137.86  0.0    inf  5.7227    inf  2.9485
 501 sl3             138.06 -1.5    inf  5.7251    inf  2.9501
 502 dl3bg2a         138.14  0.0    inf  5.7264    inf  2.9507
 503 bpm             138.14  0.0    inf  5.7264    inf  2.9507
 504 dbpm            138.23  0.0    inf  5.7279    inf  2.9513
 505 ql3sp01         138.48 -1.0    inf  5.7330    inf  2.9528
 506 dl4ag2a         138.76  0.0    inf  5.7406    inf  2.9544
 507 dfch            138.91  0.0    inf  5.7456    inf  2.9553
 508 chv             138.91  0.0    inf  5.7456    inf  2.9553
 509 dfch            139.06  0.0    inf  5.7514    inf  2.9562
 510 ge              139.06  0.0    inf  5.7514    inf  2.9562
 511 dl4bg3a         139.08  0.0    inf  5.7522    inf  2.9563
 512 gs              139.08  0.0    inf  5.7522    inf  2.9563
 513 b1sp01          141.70  0.5    inf  6.0952    inf  2.9741
 514 dm1ag3a         142.07  0.0    inf  6.1129    inf  2.9769
 515 sq2hsp01        142.22  0.0    inf  6.1183    inf  2.9780
 516 chv             142.22  0.0    inf  6.1183    inf  2.9780
 517 sm3             142.22  1.5    inf  6.1183    inf  2.9780
 518 sq2hsp01        142.37  0.0    inf  6.1230    inf  2.9792
 519 dm1bg3a         142.68  0.0    inf  6.1308    inf  2.9817
 520 ge              142.68  0.0    inf  6.1308    inf  2.9817
 521 gs              142.68  0.0    inf  6.1308    inf  2.9817
 522 qm1sp01         142.93 -1.0    inf  6.1357    inf  2.9838
 523 dm2a2g4b        143.13  0.0    inf  6.1387    inf  2.9856
 524 sm1a            143.33 -1.5    inf  6.1412    inf  2.9877
 525 dm2b2g4b        143.91  0.0    inf  6.1463    inf  2.9952
 526 bpm             143.91  0.0    inf  6.1463    inf  2.9952
 527 dbpm            144.00  0.0    inf  6.1469    inf  2.9966
 528 qm2sp01         144.25  1.0    inf  6.1485    inf  3.0010
 529 dm2cg4a         144.45  0.0    inf  6.1496    inf  3.0046
 530 sm2             144.70  1.5    inf  6.1511    inf  3.0091
 531 dm2cg4b         144.90  0.0    inf  6.1523    inf  3.0127
 532 qm2sp01         145.15  1.0    inf  6.1538    inf  3.0171
 533 dm2b2g4a        145.67  0.0    inf  6.1580    inf  3.0244
 534 sm1b            145.87 -1.5    inf  6.1601    inf  3.0267
 535 dm2a2g4a        146.13  0.0    inf  6.1637    inf  3.0292
 536 bpm             146.13  0.0    inf  6.1637    inf  3.0292
 537 dbpm            146.22  0.0    inf  6.1651    inf  3.0300
 538 qm1sp01         146.47 -1.0    inf  6.1699    inf  3.0321
 539 dm1eg4b         146.69  0.0    inf  6.1752    inf  3.0339
 540 dfch            146.84  0.0    inf  6.1794    inf  3.0351
 541 sm3             146.84  1.5    inf  6.1794    inf  3.0351
 542 chv             146.84  0.0    inf  6.1794    inf  3.0351
 543 dfch            146.99  0.0    inf  6.1844    inf  3.0363
 544 ge              146.99  0.0    inf  6.1844    inf  3.0363
 545 gs              146.99  0.0    inf  6.1844    inf  3.0363
 546 dm1dg5b         147.04  0.0    inf  6.1864    inf  3.0367
 547 dpwg5b          147.24  0.0    inf  6.1947    inf  3.0383
 548 dm1cg5b         147.44  0.0    inf  6.2053    inf  3.0398
 549 b1sp01          150.06  0.5    inf  6.5476    inf  3.0578
 550 ge              150.06  0.0    inf  6.5476    inf  3.0578
 551 dh4cg6b         150.26  0.0    inf  6.5555    inf  3.0590
 552 gs              150.26  0.0    inf  6.5555    inf  3.0590
 553 dfch            150.41  0.0    inf  6.5604    inf  3.0599
 554 chv             150.41  0.0    inf  6.5604    inf  3.0599
 555 dfch            150.56  0.0    inf  6.5646    inf  3.0608
 556 dh4bg6b         150.64  0.0    inf  6.5666    inf  3.0613
 557 sh4             150.84 -1.5    inf  6.5711    inf  3.0625
 558 dh4ag6b         150.93  0.0    inf  6.5728    inf  3.0630
 559 bpm             150.93  0.0    inf  6.5728    inf  3.0630
 560 dbpm            151.02  0.0    inf  6.5744    inf  3.0635
 561 qh3sp01         151.27 -1.0    inf  6.5784    inf  3.0650
 562 dh3bg6b         151.46  0.0    inf  6.5807    inf  3.0663
 563 sh3             151.66 -1.5    inf  6.5825    inf  3.0680
 564 dh3ag6b         151.85  0.0    inf  6.5838    inf  3.0700
 565 qh2sp01         152.25  1.0    inf  6.5861    inf  3.0754
 566 dh2cg6b         152.40  0.0    inf  6.5869    inf  3.0776
 567 sh2             152.60  0.0    inf  6.5881    inf  3.0805
 568 dh2bg6b         152.78  0.0    inf  6.5893    inf  3.0832
 569 dsch            152.88  0.0    inf  6.5899    inf  3.0846
 570 chv             152.88  0.0    inf  6.5899    inf  3.0846
 571 dsch            152.98  0.0    inf  6.5906    inf  3.0861
 572 dh2ag6b         153.12  0.0    inf  6.5916    inf  3.0880
 573 qh1sp01         153.37 -1.0    inf  6.5934    inf  3.0916
 574 dh1ag6b         153.45  0.0    inf  6.5941    inf  3.0929
 575 bpm             153.45  0.0    inf  6.5941    inf  3.0929
 576 dbpm            153.54  0.0    inf  6.5948    inf  3.0942
 577 sh1             153.74  1.5    inf  6.5963    inf  3.0974
 578 ge              153.74  0.0    inf  6.5963    inf  3.0974
 579 dh0g1a          158.39  0.0    inf  6.6331    inf  3.2463
 580 dh0g1a          163.04  0.0    inf  6.6699    inf  3.3952
 581 gs              163.04  0.0    inf  6.6699    inf  3.3952
 582 sh1             163.24  1.5    inf  6.6715    inf  3.3984
 583 dh1ag2a         163.33  0.0    inf  6.6721    inf  3.3997
 584 bpm             163.33  0.0    inf  6.6721    inf  3.3997
 585 dbpm            163.42  0.0    inf  6.6728    inf  3.4010
 586 qh1sp01         163.67 -1.0    inf  6.6747    inf  3.4046
 587 dh2ag2a         163.82  0.0    inf  6.6758    inf  3.4069
 588 sq1hsp01        163.92  0.0    inf  6.6765    inf  3.4083
 589 chv             163.92  0.0    inf  6.6765    inf  3.4083
 590 sq1hsp01        164.02  0.0    inf  6.6771    inf  3.4098
 591 dh2bg2a         164.18  0.0    inf  6.6781    inf  3.4121
 592 sh2             164.38  0.0    inf  6.6793    inf  3.4150
 593 dh2cg2a         164.53  0.0    inf  6.6801    inf  3.4172
 594 qh2sp01         164.93  1.0    inf  6.6824    inf  3.4226
 595 dh3ag2a         165.12  0.0    inf  6.6838    inf  3.4246
 596 sh3             165.32 -1.5    inf  6.6856    inf  3.4263
 597 dh3bg2a         165.52  0.0    inf  6.6879    inf  3.4276
 598 qh3sp01         165.77 -1.0    inf  6.6918    inf  3.4291
 599 dh4ag2a         165.85  0.0    inf  6.6934    inf  3.4296
 600 bpm             165.85  0.0    inf  6.6934    inf  3.4296
 601 dbpm            165.94  0.0    inf  6.6952    inf  3.4302
 602 sh4             166.14 -1.5    inf  6.6997    inf  3.4313
 603 dh4bg2a         166.39  0.0    inf  6.7065    inf  3.4328
 604 dfch            166.54  0.0    inf  6.7115    inf  3.4337
 605 chv             166.54  0.0    inf  6.7115    inf  3.4337
 606 dfch            166.69  0.0    inf  6.7173    inf  3.4347
 607 ge              166.69  0.0    inf  6.7173    inf  3.4347
 608 dh4cg3a         166.72  0.0    inf  6.7186    inf  3.4349
 609 gs              166.72  0.0    inf  6.7186    inf  3.4349
 610 b1sp01          169.34  0.5    inf  7.0610    inf  3.4528
 611 dm1ag3a         169.71  0.0    inf  7.0786    inf  3.4556
 612 dfch            169.86  0.0    inf  7.0840    inf  3.4568
 613 chv             169.86  0.0    inf  7.0840    inf  3.4568
 614 sm3             169.86  1.5    inf  7.0840    inf  3.4568
 615 dfch            170.01  0.0    inf  7.0886    inf  3.4580
 616 dm1bg3a         170.32  0.0    inf  7.0964    inf  3.4605
 617 ge              170.32  0.0    inf  7.0964    inf  3.4605
 618 gs              170.32  0.0    inf  7.0964    inf  3.4605
 619 qm1sp01         170.57 -1.0    inf  7.1012    inf  3.4626
 620 dm2ag4a         170.77  0.0    inf  7.1043    inf  3.4645
 621 sm1a            170.97 -1.5    inf  7.1067    inf  3.4665
 622 dm2bg4a         171.55  0.0    inf  7.1119    inf  3.4741
 623 bpm             171.55  0.0    inf  7.1119    inf  3.4741
 624 dbpm            171.64  0.0    inf  7.1124    inf  3.4755
 625 qm2sp01         171.89  1.0    inf  7.1140    inf  3.4799
 626 dm2cg4a         172.09  0.0    inf  7.1152    inf  3.4835
 627 sm2             172.34  1.5    inf  7.1166    inf  3.4880
 628 dm2cg4b         172.54  0.0    inf  7.1178    inf  3.4917
 629 qm2sp01         172.79  1.0    inf  7.1194    inf  3.4960
 630 dm2bg4b         173.31  0.0    inf  7.1235    inf  3.5033
 631 sm1b            173.51 -1.5    inf  7.1257    inf  3.5055
 632 dm2ag4b         173.77  0.0    inf  7.1292    inf  3.5081
 633 bpm             173.77  0.0    inf  7.1292    inf  3.5081
 634 dbpm            173.86  0.0    inf  7.1306    inf  3.5089
 635 qm1sp01         174.11 -1.0    inf  7.1355    inf  3.5109
 636 dm1eg4b         174.33  0.0    inf  7.1408    inf  3.5127
 637 dfch            174.48  0.0    inf  7.1450    inf  3.5139
 638 sm3             174.48  1.5    inf  7.1450    inf  3.5139
 639 chv             174.48  0.0    inf  7.1450    inf  3.5139
 640 dfch            174.63  0.0    inf  7.1500    inf  3.5151
 641 ge              174.63  0.0    inf  7.1500    inf  3.5151
 642 gs              174.63  0.0    inf  7.1500    inf  3.5151
 643 dm1dg5b         174.68  0.0    inf  7.1520    inf  3.5155
 644 dpwg5b          174.88  0.0    inf  7.1604    inf  3.5170
 645 dm1cg5b         175.08  0.0    inf  7.1711    inf  3.5185
 646 b1sp01          177.70  0.5    inf  7.5141    inf  3.5363
 647 ge              177.70  0.0    inf  7.5141    inf  3.5363
 648 dl4bg6b         177.92  0.0    inf  7.5224    inf  3.5376
 649 gs              177.92  0.0    inf  7.5224    inf  3.5376
 650 dfch            178.07  0.0    inf  7.5271    inf  3.5385
 651 chv             178.07  0.0    inf  7.5271    inf  3.5385
 652 dfch            178.22  0.0    inf  7.5312    inf  3.5394
 653 dl4ag6b         178.30  0.0    inf  7.5333    inf  3.5399
 654 ql3sp01         178.55 -1.0    inf  7.5384    inf  3.5413
 655 dbpm            178.64  0.0    inf  7.5399    inf  3.5419
 656 bpm             178.64  0.0    inf  7.5399    inf  3.5419
 657 dl3bg6b         178.73  0.0    inf  7.5412    inf  3.5425
 658 sl3             178.93 -1.5    inf  7.5436    inf  3.5441
 659 dl3ag6b         179.54  0.0    inf  7.5485    inf  3.5510
 660 ql2sp01         179.94  1.0    inf  7.5507    inf  3.5578
 661 dl2cg6b         180.19  0.0    inf  7.5523    inf  3.5619
 662 sl2             180.39  1.5    inf  7.5538    inf  3.5649
 663 dl2bg6b         180.53  0.0    inf  7.5551    inf  3.5668
 664 dsch            180.63  0.0    inf  7.5561    inf  3.5681
 665 chv             180.63  0.0    inf  7.5561    inf  3.5681
 666 dsch            180.73  0.0    inf  7.5573    inf  3.5694
 667 dl2ag6b         180.87  0.0    inf  7.5591    inf  3.5711
 668 ql1sp01         181.12 -1.0    inf  7.5631    inf  3.5740
 669 dl1ag6b         181.20  0.0    inf  7.5646    inf  3.5750
 670 bpm             181.20  0.0    inf  7.5646    inf  3.5750
 671 dbpm            181.29  0.0    inf  7.5662    inf  3.5762
 672 sl1             181.49 -1.5    inf  7.5702    inf  3.5789
 673 ge              181.49  0.0    inf  7.5702    inf  3.5789
 674 gs              181.49  0.0    inf  7.5702    inf  3.5789
 675 dl0g1a          184.79  0.0    inf  7.7385    inf  3.7771
 676 dl0g1a          188.09  0.0    inf  7.9067    inf  3.9756
 677 ge              188.09  0.0    inf  7.9067    inf  3.9756
 678 gs              188.09  0.0    inf  7.9067    inf  3.9756
 679 sl1             188.29 -1.5    inf  7.9107    inf  3.9783
 680 dl1ag2a         188.38  0.0    inf  7.9123    inf  3.9794
 681 bpm             188.38  0.0    inf  7.9123    inf  3.9794
 682 dbpm            188.47  0.0    inf  7.9138    inf  3.9805
 683 ql1sp01         188.72 -1.0    inf  7.9178    inf  3.9834
 684 dl2ag2a         188.85  0.0    inf  7.9196    inf  3.9851
 685 dsch            188.95  0.0    inf  7.9208    inf  3.9864
 686 chv             188.95  0.0    inf  7.9208    inf  3.9864
 687 dsch            189.05  0.0    inf  7.9218    inf  3.9877
 688 dl2bg2a         189.19  0.0    inf  7.9231    inf  3.9896
 689 sl2             189.39  1.5    inf  7.9246    inf  3.9926
 690 dl2cg2a         189.64  0.0    inf  7.9262    inf  3.9967
 691 ql2sp01         190.04  1.0    inf  7.9284    inf  4.0035
 692 dl3ag2a         190.65  0.0    inf  7.9333    inf  4.0104
 693 sl3             190.85 -1.5    inf  7.9357    inf  4.0120
 694 dl3bg2a         190.94  0.0    inf  7.9370    inf  4.0126
 695 bpm             190.94  0.0    inf  7.9370    inf  4.0126
 696 dbpm            191.03  0.0    inf  7.9385    inf  4.0132
 697 ql3sp01         191.28 -1.0    inf  7.9436    inf  4.0147
 698 dl4ag2a         191.56  0.0    inf  7.9512    inf  4.0163
 699 dfch            191.71  0.0    inf  7.9562    inf  4.0172
 700 chv             191.71  0.0    inf  7.9562    inf  4.0172
 701 dfch            191.86  0.0    inf  7.9620    inf  4.0181
 702 ge              191.86  0.0    inf  7.9620    inf  4.0181
 703 dl4bg3a         191.88  0.0    inf  7.9628    inf  4.0183
 704 gs              191.88  0.0    inf  7.9628    inf  4.0183
 705 b1sp01          194.50  0.5    inf  8.3058    inf  4.0360
 706 dm1ag3a         194.86  0.0    inf  8.3235    inf  4.0388
 707 sq2hsp01        195.01  0.0    inf  8.3289    inf  4.0399
 708 chv             195.01  0.0    inf  8.3289    inf  4.0399
 709 sm3             195.01  1.5    inf  8.3289    inf  4.0399
 710 sq2hsp01        195.16  0.0    inf  8.3336    inf  4.0411
 711 dm1bg3a         195.47  0.0    inf  8.3414    inf  4.0436
 712 ge              195.47  0.0    inf  8.3414    inf  4.0436
 713 gs              195.47  0.0    inf  8.3414    inf  4.0436
 714 qm1sp01         195.72 -1.0    inf  8.3463    inf  4.0457
 715 dm2a2g4b        195.92  0.0    inf  8.3493    inf  4.0475
 716 sm1a            196.12 -1.5    inf  8.3518    inf  4.0496
 717 dm2b2g4b        196.71  0.0    inf  8.3569    inf  4.0571
 718 bpm             196.71  0.0    inf  8.3569    inf  4.0571
 719 dbpm            196.79  0.0    inf  8.3575    inf  4.0585
 720 qm2sp01         197.04  1.0    inf  8.3591    inf  4.0629
 721 dm2cg4a         197.24  0.0    inf  8.3603    inf  4.0665
 722 sm2             197.49  1.5    inf  8.3617    inf  4.0710
 723 dm2cg4b         197.69  0.0    inf  8.3629    inf  4.0746
 724 qm2sp01         197.94  1.0    inf  8.3645    inf  4.0790
 725 dm2b2g4a        198.46  0.0    inf  8.3686    inf  4.0863
 726 sm1b            198.66 -1.5    inf  8.3707    inf  4.0886
 727 dm2a2g4a        198.93  0.0    inf  8.3743    inf  4.0912
 728 bpm             198.93  0.0    inf  8.3743    inf  4.0912
 729 dbpm            199.01  0.0    inf  8.3757    inf  4.0919
 730 qm1sp01         199.26 -1.0    inf  8.3805    inf  4.0940
 731 dm1eg4b         199.48  0.0    inf  8.3858    inf  4.0958
 732 dfch            199.63  0.0    inf  8.3901    inf  4.0970
 733 sm3             199.63  1.5    inf  8.3901    inf  4.0970
 734 chv             199.63  0.0    inf  8.3901    inf  4.0970
 735 dfch            199.78  0.0    inf  8.3950    inf  4.0982
 736 ge              199.78  0.0    inf  8.3950    inf  4.0982
 737 gs              199.78  0.0    inf  8.3950    inf  4.0982
 738 dm1dg5b         199.84  0.0    inf  8.3970    inf  4.0986
 739 dpwg5b          200.04  0.0    inf  8.4054    inf  4.1002
 740 dm1cg5b         200.24  0.0    inf  8.4159    inf  4.1017
 741 b1sp01          202.86  0.5    inf  8.7581    inf  4.1197
 742 ge              202.86  0.0    inf  8.7581    inf  4.1197
 743 dh4cg6b         203.06  0.0    inf  8.7661    inf  4.1209
 744 gs              203.06  0.0    inf  8.7661    inf  4.1209
 745 dfch            203.21  0.0    inf  8.7710    inf  4.1218
 746 chv             203.21  0.0    inf  8.7710    inf  4.1218
 747 dfch            203.36  0.0    inf  8.7752    inf  4.1227
 748 dh4bg6b         203.44  0.0    inf  8.7771    inf  4.1232
 749 sh4             203.64 -1.5    inf  8.7816    inf  4.1244
 750 dh4ag6b         203.73  0.0    inf  8.7834    inf  4.1249
 751 bpm             203.73  0.0    inf  8.7834    inf  4.1249
 752 dbpm            203.81  0.0    inf  8.7850    inf  4.1254
 753 qh3sp01         204.06 -1.0    inf  8.7890    inf  4.1269
 754 dh3bg6b         204.26  0.0    inf  8.7912    inf  4.1282
 755 sh3             204.46 -1.5    inf  8.7930    inf  4.1299
 756 dh3ag6b         204.65  0.0    inf  8.7944    inf  4.1319
 757 qh2sp01         205.05  1.0    inf  8.7967    inf  4.1373
 758 dh2cg6b         205.20  0.0    inf  8.7975    inf  4.1395
 759 sh2             205.40  0.0    inf  8.7987    inf  4.1425
 760 dh2bg6b         205.58  0.0    inf  8.7999    inf  4.1451
 761 dsch            205.68  0.0    inf  8.8005    inf  4.1466
 762 chv             205.68  0.0    inf  8.8005    inf  4.1466
 763 dsch            205.78  0.0    inf  8.8012    inf  4.1480
 764 dh2ag6b         205.91  0.0    inf  8.8022    inf  4.1499
 765 qh1sp01         206.16 -1.0    inf  8.8040    inf  4.1535
 766 dh1ag6b         206.25  0.0    inf  8.8047    inf  4.1548
 767 bpm             206.25  0.0    inf  8.8047    inf  4.1548
 768 dbpm            206.34  0.0    inf  8.8054    inf  4.1562
 769 sh1             206.54  1.5    inf  8.8069    inf  4.1594
 770 ge              206.54  0.0    inf  8.8069    inf  4.1594
 771 dh0g1a          211.19  0.0    inf  8.8437    inf  4.3082
 772 dh0g1a          215.84  0.0    inf  8.8805    inf  4.4570
 773 gs              215.84  0.0    inf  8.8805    inf  4.4570
 774 sh1             216.04  1.5    inf  8.8821    inf  4.4602
 775 dh1ag2a         216.13  0.0    inf  8.8827    inf  4.4615
 776 bpm             216.13  0.0    inf  8.8827    inf  4.4615
 777 dbpm            216.21  0.0    inf  8.8834    inf  4.4628
 778 qh1sp01         216.46 -1.0    inf  8.8852    inf  4.4664
 779 dh2ag2a         216.62  0.0    inf  8.8864    inf  4.4687
 780 sq1hsp01        216.72  0.0    inf  8.8870    inf  4.4701
 781 chv             216.72  0.0    inf  8.8870    inf  4.4701
 782 sq1hsp01        216.82  0.0    inf  8.8877    inf  4.4716
 783 dh2bg2a         216.98  0.0    inf  8.8887    inf  4.4738
 784 sh2             217.18  0.0    inf  8.8899    inf  4.4768
 785 dh2cg2a         217.33  0.0    inf  8.8907    inf  4.4790
 786 qh2sp01         217.73  1.0    inf  8.8930    inf  4.4844
 787 dh3ag2a         217.92  0.0    inf  8.8944    inf  4.4864
 788 sh3             218.12 -1.5    inf  8.8962    inf  4.4881
 789 dh3bg2a         218.31  0.0    inf  8.8984    inf  4.4894
 790 qh3sp01         218.56 -1.0    inf  8.9024    inf  4.4909
 791 dh4ag2a         218.65  0.0    inf  8.9040    inf  4.4914
 792 bpm             218.65  0.0    inf  8.9040    inf  4.4914
 793 dbpm            218.74  0.0    inf  8.9057    inf  4.4919
 794 sh4             218.94 -1.5    inf  8.9102    inf  4.4931
 795 dh4bg2a         219.19  0.0    inf  8.9171    inf  4.4946
 796 dfch            219.34  0.0    inf  8.9220    inf  4.4955
 797 chv             219.34  0.0    inf  8.9220    inf  4.4955
 798 dfch            219.49  0.0    inf  8.9279    inf  4.4965
 799 ge              219.49  0.0    inf  8.9279    inf  4.4965
 800 dh4cg3a         219.52  0.0    inf  8.9292    inf  4.4967
 801 gs              219.52  0.0    inf  8.9292    inf  4.4967
 802 b1sp01          222.14  0.5    inf  9.2716    inf  4.5146
 803 dm1ag3a         222.50  0.0    inf  9.2891    inf  4.5174
 804 dfch            222.65  0.0    inf  9.2945    inf  4.5186
 805 chv             222.65  0.0    inf  9.2945    inf  4.5186
 806 sm3             222.65  1.5    inf  9.2945    inf  4.5186
 807 dfch            222.80  0.0    inf  9.2992    inf  4.5198
 808 dm1bg3a         223.11  0.0    inf  9.3069    inf  4.5223
 809 ge              223.11  0.0    inf  9.3069    inf  4.5223
 810 gs              223.11  0.0    inf  9.3069    inf  4.5223
 811 qm1sp01         223.36 -1.0    inf  9.3118    inf  4.5244
 812 dm2ag4a         223.56  0.0    inf  9.3148    inf  4.5263
 813 sm1a            223.76 -1.5    inf  9.3173    inf  4.5283
 814 dm2bg4a         224.35  0.0    inf  9.3224    inf  4.5359
 815 bpm             224.35  0.0    inf  9.3224    inf  4.5359
 816 dbpm            224.43  0.0    inf  9.3230    inf  4.5373
 817 qm2sp01         224.68  1.0    inf  9.3245    inf  4.5417
 818 dm2cg4a         224.88  0.0    inf  9.3257    inf  4.5453
 819 sm2             225.13  1.5    inf  9.3272    inf  4.5498
 820 dm2cg4b         225.33  0.0    inf  9.3284    inf  4.5535
 821 qm2sp01         225.58  1.0    inf  9.3299    inf  4.5578
 822 dm2bg4b         226.10  0.0    inf  9.3341    inf  4.5651
 823 sm1b            226.30 -1.5    inf  9.3362    inf  4.5673
 824 dm2ag4b         226.57  0.0    inf  9.3398    inf  4.5699
 825 bpm             226.57  0.0    inf  9.3398    inf  4.5699
 826 dbpm            226.65  0.0    inf  9.3412    inf  4.5707
 827 qm1sp01         226.90 -1.0    inf  9.3460    inf  4.5728
 828 dm1eg4b         227.12  0.0    inf  9.3513    inf  4.5745
 829 dfch            227.27  0.0    inf  9.3556    inf  4.5757
 830 sm3             227.27  1.5    inf  9.3556    inf  4.5757
 831 chv             227.27  0.0    inf  9.3556    inf  4.5757
 832 dfch            227.42  0.0    inf  9.3606    inf  4.5769
 833 ge              227.42  0.0    inf  9.3606    inf  4.5769
 834 gs              227.42  0.0    inf  9.3606    inf  4.5769
 835 dm1dg5b         227.48  0.0    inf  9.3626    inf  4.5773
 836 dpwg5b          227.68  0.0    inf  9.3710    inf  4.5788
 837 dm1cg5b         227.88  0.0    inf  9.3817    inf  4.5803
 838 b1sp01          230.50  0.5    inf  9.7246    inf  4.5981
 839 ge              230.50  0.0    inf  9.7246    inf  4.5981
 840 dl4bg6b         230.72  0.0    inf  9.7329    inf  4.5994
 841 gs              230.72  0.0    inf  9.7329    inf  4.5994
 842 dfch            230.87  0.0    inf  9.7377    inf  4.6003
 843 chv             230.87  0.0    inf  9.7377    inf  4.6003
 844 dfch            231.02  0.0    inf  9.7418    inf  4.6012
 845 dl4ag6b         231.10  0.0    inf  9.7438    inf  4.6017
 846 ql3sp01         231.35 -1.0    inf  9.7490    inf  4.6032
 847 dbpm            231.44  0.0    inf  9.7504    inf  4.6037
 848 bpm             231.44  0.0    inf  9.7504    inf  4.6037
 849 dl3bg6b         231.52  0.0    inf  9.7517    inf  4.6043
 850 sl3             231.72 -1.5    inf  9.7541    inf  4.6059
 851 dl3ag6b         232.34  0.0    inf  9.7590    inf  4.6128
 852 ql2sp01         232.74  1.0    inf  9.7612    inf  4.6196
 853 dl2cg6b         232.99  0.0    inf  9.7628    inf  4.6237
 854 sl2             233.19  1.5    inf  9.7644    inf  4.6267
 855 dl2bg6b         233.32  0.0    inf  9.7656    inf  4.6286
 856 dsch            233.42  0.0    inf  9.7667    inf  4.6299
 857 chv             233.42  0.0    inf  9.7667    inf  4.6299
 858 dsch            233.52  0.0    inf  9.7678    inf  4.6312
 859 dl2ag6b         233.66  0.0    inf  9.7696    inf  4.6329
 860 ql1sp01         233.91 -1.0    inf  9.7736    inf  4.6358
 861 dl1ag6b         234.00  0.0    inf  9.7752    inf  4.6369
 862 bpm             234.00  0.0    inf  9.7752    inf  4.6369
 863 dbpm            234.09  0.0    inf  9.7768    inf  4.6380
 864 sl1             234.29 -1.5    inf  9.7807    inf  4.6407
 865 ge              234.29  0.0    inf  9.7807    inf  4.6407
 866 gs              234.29  0.0    inf  9.7807    inf  4.6407
 867 dl0g1a          237.59  0.0    inf  9.9490    inf  4.8389
 868 dl0g1a          240.89  0.0    inf 10.1172    inf  5.0373
 869 ge              240.89  0.0    inf 10.1172    inf  5.0373
 870 gs              240.89  0.0    inf 10.1172    inf  5.0373
 871 sl1             241.09 -1.5    inf 10.1211    inf  5.0401
 872 dl1ag2a         241.17  0.0    inf 10.1228    inf  5.0412
 873 bpm             241.17  0.0    inf 10.1228    inf  5.0412
 874 dbpm            241.26  0.0    inf 10.1243    inf  5.0423
 875 ql1sp01         241.51 -1.0    inf 10.1283    inf  5.0452
 876 dl2ag2a         241.65  0.0    inf 10.1301    inf  5.0469
 877 dsch            241.75  0.0    inf 10.1312    inf  5.0482
 878 chv             241.75  0.0    inf 10.1312    inf  5.0482
 879 dsch            241.85  0.0    inf 10.1323    inf  5.0495
 880 dl2bg2a         241.99  0.0    inf 10.1335    inf  5.0514
 881 sl2             242.19  1.5    inf 10.1351    inf  5.0544
 882 dl2cg2a         242.44  0.0    inf 10.1367    inf  5.0585
 883 ql2sp01         242.84  1.0    inf 10.1389    inf  5.0653
 884 dl3ag2a         243.45  0.0    inf 10.1438    inf  5.0722
 885 sl3             243.65 -1.5    inf 10.1462    inf  5.0738
 886 dl3bg2a         243.74  0.0    inf 10.1475    inf  5.0744
 887 bpm             243.74  0.0    inf 10.1475    inf  5.0744
 888 dbpm            243.83  0.0    inf 10.1489    inf  5.0750
 889 ql3sp01         244.08 -1.0    inf 10.1541    inf  5.0765
 890 dl4ag2a         244.36  0.0    inf 10.1617    inf  5.0781
 891 dfch            244.51  0.0    inf 10.1667    inf  5.0790
 892 chv             244.51  0.0    inf 10.1667    inf  5.0790
 893 dfch            244.66  0.0    inf 10.1725    inf  5.0799
 894 ge              244.66  0.0    inf 10.1725    inf  5.0799
 895 dl4bg3a         244.68  0.0    inf 10.1733    inf  5.0801
 896 gs              244.68  0.0    inf 10.1733    inf  5.0801
 897 b1sp01          247.30  0.5    inf 10.5163    inf  5.0978
 898 dm1ag3a         247.66  0.0    inf 10.5340    inf  5.1006
 899 sq2hsp01        247.81  0.0    inf 10.5394    inf  5.1017
 900 chv             247.81  0.0    inf 10.5394    inf  5.1017
 901 sm3             247.81  1.5    inf 10.5394    inf  5.1017
 902 sq2hsp01        247.96  0.0    inf 10.5441    inf  5.1029
 903 dm1bg3a         248.27  0.0    inf 10.5519    inf  5.1054
 904 ge              248.27  0.0    inf 10.5519    inf  5.1054
 905 gs              248.27  0.0    inf 10.5519    inf  5.1054
 906 qm1sp01         248.52 -1.0    inf 10.5568    inf  5.1075
 907 dm2a2g4b        248.72  0.0    inf 10.5598    inf  5.1093
 908 sm1a            248.92 -1.5    inf 10.5623    inf  5.1114
 909 dm2b2g4b        249.50  0.0    inf 10.5674    inf  5.1189
 910 bpm             249.50  0.0    inf 10.5674    inf  5.1189
 911 dbpm            249.59  0.0    inf 10.5680    inf  5.1203
 912 qm2sp01         249.84  1.0    inf 10.5695    inf  5.1247
 913 dm2cg4a         250.04  0.0    inf 10.5707    inf  5.1283
 914 sm2             250.29  1.5    inf 10.5722    inf  5.1328
 915 dm2cg4b         250.49  0.0    inf 10.5734    inf  5.1365
 916 qm2sp01         250.74  1.0    inf 10.5749    inf  5.1408
 917 dm2b2g4a        251.26  0.0    inf 10.5791    inf  5.1481
 918 sm1b            251.46 -1.5    inf 10.5812    inf  5.1504
 919 dm2a2g4a        251.72  0.0    inf 10.5847    inf  5.1530
 920 bpm             251.72  0.0    inf 10.5847    inf  5.1530
 921 dbpm            251.81  0.0    inf 10.5862    inf  5.1538
 922 qm1sp01         252.06 -1.0    inf 10.5910    inf  5.1559
 923 dm1eg4b         252.28  0.0    inf 10.5963    inf  5.1576
 924 dfch            252.43  0.0    inf 10.6005    inf  5.1588
 925 sm3             252.43  1.5    inf 10.6005    inf  5.1588
 926 chv             252.43  0.0    inf 10.6005    inf  5.1588
 927 dfch            252.58  0.0    inf 10.6054    inf  5.1600
 928 ge              252.58  0.0    inf 10.6054    inf  5.1600
 929 gs              252.58  0.0    inf 10.6054    inf  5.1600
 930 dm1dg5b         252.64  0.0    inf 10.6074    inf  5.1604
 931 dpwg5b          252.84  0.0    inf 10.6158    inf  5.1620
 932 dm1cg5b         253.04  0.0    inf 10.6264    inf  5.1635
 933 b1sp01          255.66  0.5    inf 10.9687    inf  5.1815
 934 ge              255.66  0.0    inf 10.9687    inf  5.1815
 935 dh4cg6b         255.86  0.0    inf 10.9766    inf  5.1827
 936 gs              255.86  0.0    inf 10.9766    inf  5.1827
 937 dfch            256.01  0.0    inf 10.9815    inf  5.1836
 938 chv             256.01  0.0    inf 10.9815    inf  5.1836
 939 dfch            256.16  0.0    inf 10.9857    inf  5.1845
 940 dh4bg6b         256.24  0.0    inf 10.9877    inf  5.1850
 941 sh4             256.44 -1.5    inf 10.9922    inf  5.1862
 942 dh4ag6b         256.52  0.0    inf 10.9939    inf  5.1867
 943 bpm             256.52  0.0    inf 10.9939    inf  5.1867
 944 dbpm            256.61  0.0    inf 10.9955    inf  5.1872
 945 qh3sp01         256.86 -1.0    inf 10.9995    inf  5.1887
 946 dh3bg6b         257.06  0.0    inf 11.0018    inf  5.1901
 947 sh3             257.26 -1.5    inf 11.0036    inf  5.1917
 948 dh3ag6b         257.45  0.0    inf 11.0049    inf  5.1937
 949 qh2sp01         257.85  1.0    inf 11.0072    inf  5.1991
 950 dh2cg6b         258.00  0.0    inf 11.0081    inf  5.2013
 951 sh2             258.20  0.0    inf 11.0092    inf  5.2043
 952 dh2bg6b         258.38  0.0    inf 11.0104    inf  5.2069
 953 dsch            258.48  0.0    inf 11.0111    inf  5.2084
 954 chv             258.48  0.0    inf 11.0111    inf  5.2084
 955 dsch            258.58  0.0    inf 11.0117    inf  5.2098
 956 dh2ag6b         258.71  0.0    inf 11.0127    inf  5.2117
 957 qh1sp01         258.96 -1.0    inf 11.0145    inf  5.2153
 958 dh1ag6b         259.05  0.0    inf 11.0152    inf  5.2166
 959 bpm             259.05  0.0    inf 11.0152    inf  5.2166
 960 dbpm            259.14  0.0    inf 11.0159    inf  5.2180
 961 sh1             259.34  1.5    inf 11.0174    inf  5.2211
 962 ge              259.34  0.0    inf 11.0174    inf  5.2211
 963 dh0g1a          263.99  0.0    inf 11.0542    inf  5.3700
 964 cav             263.99  0.0    inf 11.0542    inf  5.3700
