#   A_x        A_y      nu_x    nu_y
#
 1.000e+00 -1.000e+01  2.534e-02  1.459e+01 0.07414 0.36989
 1.000e+00 -9.600e+00  2.534e-02  1.345e+01 0.07142 0.36911
 1.000e+00 -9.200e+00  2.534e-02  1.235e+01 0.06905 0.36854
 1.000e+00 -8.800e+00  2.534e-02  1.130e+01 0.06701 0.36813
 1.000e+00 -8.400e+00  2.534e-02  1.029e+01 0.06523 0.36785
 1.000e+00 -8.000e+00  2.534e-02  9.338e+00 0.06368 0.36769
 1.000e+00 -7.600e+00  2.534e-02  8.427e+00 0.06232 0.36762
 1.000e+00 -7.200e+00  2.534e-02  7.564e+00 0.06113 0.36762
 1.000e+00 -6.800e+00  2.534e-02  6.747e+00 0.06008 0.36768
 1.000e+00 -6.400e+00  2.534e-02  5.976e+00 0.05916 0.36779
 1.000e+00 -6.000e+00  2.534e-02  5.253e+00 0.05837 0.36793
 1.000e+00 -5.600e+00  2.534e-02  4.576e+00 0.05767 0.36811
 1.000e+00 -5.200e+00  2.534e-02  3.945e+00 0.05706 0.36829
 1.000e+00 -4.800e+00  2.534e-02  3.362e+00 0.05654 0.36849
 1.000e+00 -4.400e+00  2.534e-02  2.825e+00 0.05609 0.36870
 1.000e+00 -4.000e+00  2.534e-02  2.334e+00 0.05570 0.36890
 1.000e+00 -3.600e+00  2.534e-02  1.891e+00 0.05537 0.36909
 1.000e+00 -3.200e+00  2.534e-02  1.494e+00 0.05509 0.36928
 1.000e+00 -2.800e+00  2.534e-02  1.144e+00 0.05485 0.36945
 1.000e+00 -2.400e+00  2.534e-02  8.404e-01 0.05466 0.36961
 1.000e+00 -2.000e+00  2.534e-02  5.836e-01 0.05450 0.36974
 1.000e+00 -1.600e+00  2.534e-02  3.735e-01 0.05438 0.36985
 1.000e+00 -1.200e+00  2.534e-02  2.101e-01 0.05428 0.36994
 1.000e+00 -8.000e-01  2.534e-02  9.338e-02 0.05421 0.37001
 1.000e+00 -4.000e-01  2.534e-02  2.334e-02 0.05418 0.37005
 1.000e+00  1.000e+00  2.534e-02  1.459e-01 0.05424 0.36998
 1.000e+00  4.000e-01  2.534e-02  2.334e-02 0.05418 0.37005
 1.000e+00  8.000e-01  2.534e-02  9.338e-02 0.05421 0.37001
 1.000e+00  1.200e+00  2.534e-02  2.101e-01 0.05428 0.36994
 1.000e+00  1.600e+00  2.534e-02  3.735e-01 0.05438 0.36985
 1.000e+00  2.000e+00  2.534e-02  5.836e-01 0.05450 0.36974
 1.000e+00  2.400e+00  2.534e-02  8.404e-01 0.05466 0.36961
 1.000e+00  2.800e+00  2.534e-02  1.144e+00 0.05485 0.36945
 1.000e+00  3.200e+00  2.534e-02  1.494e+00 0.05509 0.36928
 1.000e+00  3.600e+00  2.534e-02  1.891e+00 0.05537 0.36909
 1.000e+00  4.000e+00  2.534e-02  2.334e+00 0.05570 0.36890
 1.000e+00  4.400e+00  2.534e-02  2.825e+00 0.05609 0.36870
 1.000e+00  4.800e+00  2.534e-02  3.362e+00 0.05654 0.36849
 1.000e+00  5.200e+00  2.534e-02  3.945e+00 0.05706 0.36829
 1.000e+00  5.600e+00  2.534e-02  4.576e+00 0.05767 0.36811
 1.000e+00  6.000e+00  2.534e-02  5.253e+00 0.05837 0.36793
 1.000e+00  6.400e+00  2.534e-02  5.976e+00 0.05916 0.36779
 1.000e+00  6.800e+00  2.534e-02  6.747e+00 0.06008 0.36768
 1.000e+00  7.200e+00  2.534e-02  7.564e+00 0.06113 0.36762
 1.000e+00  7.600e+00  2.534e-02  8.427e+00 0.06232 0.36762
 1.000e+00  8.000e+00  2.534e-02  9.338e+00 0.06368 0.36769
 1.000e+00  8.400e+00  2.534e-02  1.029e+01 0.06523 0.36785
 1.000e+00  8.800e+00  2.534e-02  1.130e+01 0.06701 0.36813
 1.000e+00  9.200e+00  2.534e-02  1.235e+01 0.06905 0.36854
 1.000e+00  9.600e+00  2.534e-02  1.345e+01 0.07142 0.36911
 1.000e+00  1.000e+01  2.534e-02  1.459e+01 0.07414 0.36989
