#   A_x        A_y        J_x        J_y      nu_x    nu_y
#
-2.000e+01  1.000e+00  1.013e+01  1.459e-01 0.03579 0.38406
-1.920e+01  1.000e+00  9.340e+00  1.459e-01 0.03705 0.38219
-1.840e+01  1.000e+00  8.578e+00  1.459e-01 0.03826 0.38057
-1.760e+01  1.000e+00  7.848e+00  1.459e-01 0.03941 0.37915
-1.680e+01  1.000e+00  7.151e+00  1.459e-01 0.04053 0.37792
-1.600e+01  1.000e+00  6.486e+00  1.459e-01 0.04162 0.37680
-1.520e+01  1.000e+00  5.854e+00  1.459e-01 0.04268 0.37583
-1.440e+01  1.000e+00  5.254e+00  1.459e-01 0.04370 0.37498
-1.360e+01  1.000e+00  4.686e+00  1.459e-01 0.04469 0.37423
-1.280e+01  1.000e+00  4.151e+00  1.459e-01 0.04565 0.37357
-1.200e+01  1.000e+00  3.649e+00  1.459e-01 0.04657 0.37299
-1.120e+01  1.000e+00  3.178e+00  1.459e-01 0.04746 0.37248
-1.040e+01  1.000e+00  2.740e+00  1.459e-01 0.04831 0.37204
-9.600e+00  1.000e+00  2.335e+00  1.459e-01 0.04912 0.37166
-8.800e+00  1.000e+00  1.962e+00  1.459e-01 0.04988 0.37134
-8.000e+00  1.000e+00  1.622e+00  1.459e-01 0.05059 0.37106
-7.200e+00  1.000e+00  1.313e+00  1.459e-01 0.05126 0.37082
-6.400e+00  1.000e+00  1.038e+00  1.459e-01 0.05187 0.37062
-5.600e+00  1.000e+00  7.946e-01  1.459e-01 0.05241 0.37045
-4.800e+00  1.000e+00  5.838e-01  1.459e-01 0.05290 0.37031
-4.000e+00  1.000e+00  4.054e-01  1.459e-01 0.05332 0.37020
-3.200e+00  1.000e+00  2.595e-01  1.459e-01 0.05367 0.37011
-2.400e+00  1.000e+00  1.459e-01  1.459e-01 0.05395 0.37004
-1.600e+00  1.000e+00  6.486e-02  1.459e-01 0.05415 0.37000
-8.000e-01  1.000e+00  1.622e-02  1.459e-01 0.05427 0.36997
 1.000e+00  1.000e+00  2.534e-02  1.459e-01 0.05424 0.36998
 8.000e-01  1.000e+00  1.622e-02  1.459e-01 0.05427 0.36997
 1.600e+00  1.000e+00  6.486e-02  1.459e-01 0.05414 0.37000
 2.400e+00  1.000e+00  1.459e-01  1.459e-01 0.05392 0.37005
 3.200e+00  1.000e+00  2.595e-01  1.459e-01 0.05360 0.37013
 4.000e+00  1.000e+00  4.054e-01  1.459e-01 0.05320 0.37023
 4.800e+00  1.000e+00  5.838e-01  1.459e-01 0.05270 0.37037
 5.600e+00  1.000e+00  7.946e-01  1.459e-01 0.05211 0.37054
 6.400e+00  1.000e+00  1.038e+00  1.459e-01 0.05143 0.37076
 7.200e+00  1.000e+00  1.313e+00  1.459e-01 0.05065 0.37104
 8.000e+00  1.000e+00  1.622e+00  1.459e-01 0.04978 0.37138
 8.800e+00  1.000e+00  1.962e+00  1.459e-01 0.04882 0.37180
 9.600e+00  1.000e+00  2.335e+00  1.459e-01 0.04777 0.37231
 1.040e+01  1.000e+00  2.740e+00  1.459e-01 0.04662 0.37294
 1.120e+01  1.000e+00  3.178e+00  1.459e-01 0.04539 0.37371
 1.200e+01  1.000e+00  3.649e+00  1.459e-01 0.04408 0.37464
 1.280e+01  1.000e+00  4.151e+00  1.459e-01 0.04268 0.37577
 1.360e+01  1.000e+00  4.686e+00  1.459e-01 0.04120 0.37714
 1.440e+01  1.000e+00  5.254e+00  1.459e-01 0.03962 0.37881
 1.520e+01  1.000e+00  5.854e+00  1.459e-01 0.03795 0.38083
 1.600e+01  1.000e+00  6.486e+00  1.459e-01 0.03619 0.38328
 1.680e+01  1.000e+00  7.151e+00  1.459e-01 0.03429 0.38629
 1.760e+01  1.000e+00  7.848e+00  1.459e-01 0.03219 0.39005
 1.840e+01  1.000e+00  8.578e+00  1.459e-01 0.02963 0.39520
 1.920e+01  1.000e+00  9.340e+00  1.459e-01 0.02439 0.40523
#  2.000e+01  1.000e+00 particle lost
