# dbeta_x/beta_x  dbeta_y/beta_y  dnu_x  dnu_y
#      [%]             [%]
#
   4.9  -2.55   2.45  1.091e-04  4.944e-04
   6.0  -0.02   0.89  1.221e-04  4.612e-04
   6.9   0.79   0.32  1.178e-04  4.573e-04
   7.8   0.76   0.35  1.074e-04  4.554e-04
  11.5  -0.17  -0.15  1.487e-04  4.529e-04
  12.6   0.06  -0.33  1.500e-04  4.552e-04
  13.9   0.16  -0.72  1.489e-04  4.667e-04
  15.1   0.24  -1.00  1.471e-04  4.819e-04
  16.1   0.42  -1.12  1.407e-04  4.909e-04
  20.5  -0.70  -1.15  1.350e-04  5.298e-04
  22.0  -1.01   0.52  1.434e-04  5.371e-04
  23.1  -1.20   1.11  1.640e-04  5.234e-04
  29.9  -0.95   1.25 -1.108e-04  6.587e-04
  31.0  -0.75   0.52 -9.746e-05  6.447e-04
  32.5  -0.56  -0.78 -9.039e-05  6.477e-04
  36.6   0.29  -0.98 -1.016e-04  6.744e-04
  37.7   0.12  -0.98 -1.063e-04  6.840e-04
  39.1   0.05  -0.94 -1.072e-04  7.049e-04
  40.3  -0.02  -0.85 -1.073e-04  7.206e-04
  41.2  -0.17  -0.79 -1.054e-04  7.276e-04
  45.2   0.55  -0.54 -8.107e-05  7.460e-04
  46.1   0.23  -0.01 -8.622e-05  7.479e-04
  47.0  -0.29   1.96 -8.631e-05  7.363e-04
  48.1  -0.86   4.25 -8.057e-05  6.828e-04
  57.6  -0.92   4.40 -5.987e-06 -4.310e-03
  58.8  -0.20   1.79 -7.338e-07 -4.362e-03
  59.7   0.27  -0.01 -1.229e-06 -4.371e-03
  60.5   0.53  -0.36 -7.813e-06 -4.370e-03
  64.3  -0.19  -0.67  1.587e-05 -4.357e-03
  65.4  -0.03  -0.77  1.835e-05 -4.350e-03
  66.7   0.05  -0.96  1.826e-05 -4.331e-03
  67.9   0.11  -1.06  1.754e-05 -4.313e-03
  68.9   0.25  -1.09  1.407e-05 -4.304e-03
  73.3  -0.57  -0.87  3.460e-06 -4.271e-03
  74.8  -0.82   0.59  1.030e-05 -4.267e-03
  75.9  -0.88   1.09  2.638e-05 -4.281e-03
  82.7  -1.31   1.24 -2.542e-04 -4.147e-03
  83.8  -0.98   0.35 -2.364e-04 -4.160e-03
  85.3  -0.74  -1.18 -2.272e-04 -4.151e-03
  89.4   0.55  -1.12 -2.316e-04 -4.117e-03
  90.5   0.31  -1.01 -2.414e-04 -4.106e-03
  91.9   0.20  -0.72 -2.440e-04 -4.087e-03
  93.1   0.09  -0.44 -2.452e-04 -4.077e-03
  94.0  -0.14  -0.30 -2.448e-04 -4.074e-03
  98.0   0.89   0.18 -1.967e-04 -4.072e-03
  98.9   0.95   0.07 -2.068e-04 -4.073e-03
  99.8  -0.47   1.24 -2.100e-04 -4.078e-03
 100.9  -2.54   2.17 -1.937e-04 -4.114e-03
 110.4  -2.52   2.39  1.844e-05 -3.139e-03
 111.6  -0.02   0.84  3.129e-05 -3.171e-03
 112.5   0.77   0.28  2.710e-05 -3.174e-03
 113.3   0.73   0.31  1.700e-05 -3.176e-03
 117.1  -0.14  -0.21  5.838e-05 -3.177e-03
 118.2   0.07  -0.40  5.918e-05 -3.174e-03
 119.5   0.17  -0.80  5.797e-05 -3.161e-03
 120.7   0.25  -1.09  5.608e-05 -3.145e-03
 121.7   0.42  -1.20  4.956e-05 -3.135e-03
 126.1  -0.67  -1.22  4.593e-05 -3.093e-03
 127.6  -0.98   0.50  5.405e-05 -3.085e-03
 128.7  -1.12   1.11  7.378e-05 -3.099e-03
 135.5  -1.23   1.24 -2.272e-04 -2.964e-03
 136.6  -0.94   0.34 -2.103e-04 -2.977e-03
 138.1  -0.70  -1.22 -2.015e-04 -2.968e-03
 142.2   0.57  -1.15 -2.019e-04 -2.932e-03
 143.3   0.34  -1.04 -2.123e-04 -2.921e-03
 144.7   0.23  -0.73 -2.151e-04 -2.902e-03
 145.9   0.13  -0.44 -2.167e-04 -2.891e-03
 146.8  -0.10  -0.30 -2.170e-04 -2.888e-03
 150.8   0.88   0.20 -1.667e-04 -2.887e-03
 151.7   0.95   0.09 -1.768e-04 -2.888e-03
 152.6  -0.49   1.29 -1.799e-04 -2.893e-03
 153.7  -2.60   2.24 -1.632e-04 -2.930e-03
 163.2  -2.52   2.41  5.148e-05 -1.933e-03
 164.4   0.04   0.84  6.417e-05 -1.965e-03
 165.3   0.85   0.27  5.952e-05 -1.969e-03
 166.1   0.81   0.30  4.832e-05 -1.970e-03
 169.9  -0.16  -0.21  9.432e-05 -1.971e-03
 171.0   0.08  -0.41  9.520e-05 -1.968e-03
 172.3   0.19  -0.81  9.386e-05 -1.955e-03
 173.5   0.28  -1.09  9.175e-05 -1.938e-03
 174.5   0.47  -1.21  8.450e-05 -1.929e-03
 178.9  -0.73  -1.22  8.046e-05 -1.887e-03
 180.4  -1.04   0.53  8.912e-05 -1.879e-03
 181.5  -1.16   1.14  1.097e-04 -1.893e-03
 188.3  -1.28   1.26 -2.031e-04 -1.755e-03
 189.4  -1.00   0.35 -1.854e-04 -1.769e-03
 190.9  -0.75  -1.22 -1.760e-04 -1.760e-03
 195.0   0.61  -1.14 -1.777e-04 -1.724e-03
 196.1   0.36  -1.03 -1.887e-04 -1.713e-03
 197.5   0.24  -0.72 -1.916e-04 -1.694e-03
 198.7   0.13  -0.42 -1.933e-04 -1.684e-03
 199.6  -0.12  -0.27 -1.934e-04 -1.681e-03
 203.6   0.95   0.22 -1.401e-04 -1.680e-03
 204.5   1.02   0.11 -1.509e-04 -1.681e-03
 205.4  -0.45   1.32 -1.543e-04 -1.687e-03
 206.5  -2.59   2.27 -1.378e-04 -1.725e-03
 216.0  -2.57   2.44  7.824e-05 -7.122e-04
 217.2   0.01   0.86  9.124e-05 -7.453e-04
 218.1   0.83   0.28  8.672e-05 -7.487e-04
 218.9   0.78   0.31  7.591e-05 -7.504e-04
 222.7  -0.10  -0.20  1.237e-04 -7.519e-04
 223.8   0.13  -0.39  1.234e-04 -7.491e-04
 225.1   0.23  -0.79  1.216e-04 -7.362e-04
 226.3   0.31  -1.07  1.192e-04 -7.197e-04
 227.3   0.48  -1.19  1.115e-04 -7.101e-04
 231.7  -0.66  -1.21  1.126e-04 -6.690e-04
 233.2  -0.97   0.55  1.206e-04 -6.614e-04
 234.3  -1.10   1.16  1.401e-04 -6.757e-04
 241.1  -1.28   1.29 -1.645e-04 -5.350e-04
 242.2  -0.98   0.38 -1.470e-04 -5.486e-04
 243.7  -0.72  -1.20 -1.379e-04 -5.401e-04
 247.8   0.53  -1.13 -1.425e-04 -5.047e-04
 248.9   0.30  -1.02 -1.519e-04 -4.942e-04
 250.3   0.19  -0.71 -1.543e-04 -4.754e-04
 251.5   0.08  -0.43 -1.555e-04 -4.653e-04
 252.4  -0.14  -0.28 -1.550e-04 -4.623e-04
 256.4   0.86   0.21 -1.090e-04 -4.614e-04
 257.3   0.92   0.10 -1.188e-04 -4.624e-04
 258.2  -0.50   1.26 -1.218e-04 -4.675e-04
 259.3  -2.58   2.17 -1.052e-04 -5.041e-04
