#b_2:
qh1sp01           5.28   1  0.01635
qh1sp01          47.77   2  0.00439
qh1sp01          58.07   3  0.00459
qh1sp01         100.57   4  0.01682
qh1sp01         110.87   5  0.01615
qh1sp01         153.37   6  0.01719
qh1sp01         163.67   7  0.01650
qh1sp01         206.16   8  0.01737
qh1sp01         216.46   9  0.01669
qh1sp01         258.96  10  0.01688
qh2sp01           6.54  11 -0.01330
qh2sp01          46.66  12 -0.00200
qh2sp01          59.34  13 -0.00205
qh2sp01          99.45  14 -0.01359
qh2sp01         112.13  15 -0.01316
qh2sp01         152.25  16 -0.01388
qh2sp01         164.93  17 -0.01345
qh2sp01         205.05  18 -0.01404
qh2sp01         217.73  19 -0.01361
qh2sp01         257.85  20 -0.01366
qh3sp01           7.38  21  0.00171
qh3sp01          45.67  22 -0.00373
qh3sp01          60.17  23 -0.00389
qh3sp01          98.47  24  0.00158
qh3sp01         112.97  25  0.00174
qh3sp01         151.27  26  0.00162
qh3sp01         165.77  27  0.00178
qh3sp01         204.06  28  0.00165
qh3sp01         218.56  29  0.00180
qh3sp01         256.86  30  0.00164
ql1sp01          22.72  31  0.00559
ql1sp01          30.32  32  0.00461
ql1sp01          75.52  33  0.00490
ql1sp01          83.12  34  0.00548
ql1sp01         128.32  35  0.00572
ql1sp01         135.92  36  0.00556
ql1sp01         181.12  37  0.00579
ql1sp01         188.72  38  0.00562
ql1sp01         233.91  39  0.00583
ql1sp01         241.51  40  0.00563
ql2sp01          21.55  41 -0.00105
ql2sp01          31.65  42 -0.00073
ql2sp01          74.35  43 -0.00076
ql2sp01          84.45  44 -0.00106
ql2sp01         127.14  45 -0.00096
ql2sp01         137.24  46 -0.00099
ql2sp01         179.94  47 -0.00098
ql2sp01         190.04  48 -0.00100
ql2sp01         232.74  49 -0.00099
ql2sp01         242.84  50 -0.00099
ql3sp01          20.16  51 -0.00241
ql3sp01          32.89  52 -0.00175
ql3sp01          72.96  53 -0.00189
ql3sp01          85.68  54 -0.00235
ql3sp01         125.75  55 -0.00250
ql3sp01         138.48  56 -0.00242
ql3sp01         178.55  57 -0.00252
ql3sp01         191.28  58 -0.00244
ql3sp01         231.35  59 -0.00254
ql3sp01         244.08  60 -0.00245
