# k    name    s    s_xx    s_pxpx    s_xpx    s_yy    s_pypy    s_ypy    theta_xy
   0 begin           0.000000e+00 4.058776e-08 1.105087e-10 -4.343715e-24 1.830772e-37 1.739365e-38 6.980664e-39 9.059215e-18
   1 dh0g1a          4.650000e+00 4.297723e-08 1.105087e-10 5.138654e-10 6.240916e-37 1.739365e-38 8.786115e-38 1.923816e-17
   2 gs              4.650000e+00 4.297723e-08 1.105087e-10 5.138654e-10 6.240916e-37 1.739365e-38 8.786115e-38 1.923816e-17
   3 sh1             4.850000e+00 4.318720e-08 1.105087e-10 5.359671e-10 6.599318e-37 1.739365e-38 9.133988e-38 1.959535e-17
   4 dh1ag2a         4.937500e+00 4.328184e-08 1.105087e-10 5.456366e-10 6.760495e-37 1.739365e-38 9.286183e-38 1.974908e-17
   5 bpm             4.937500e+00 4.328184e-08 1.105087e-10 5.456366e-10 6.760495e-37 1.739365e-38 9.286183e-38 1.974908e-17
   6 dbpm            5.025000e+00 4.337817e-08 1.105087e-10 5.553061e-10 6.924335e-37 1.739365e-38 9.438377e-38 1.990127e-17
   7 qh1sp01         5.275000e+00 4.555984e-08 1.609028e-09 8.295887e-09 7.100552e-37 5.289842e-39 -2.490839e-38 1.948317e-17
   8 dh2ag2a         5.432500e+00 4.821296e-08 1.609028e-09 8.549309e-09 7.023403e-37 5.289842e-39 -2.407524e-38 1.872380e-17
   9 sq1hsp01        5.532500e+00 4.993891e-08 1.609028e-09 8.710211e-09 6.975781e-37 5.289842e-39 -2.354626e-38 1.826398e-17
  10 chv             5.532500e+00 4.993891e-08 1.609028e-09 8.710211e-09 6.975781e-37 5.289842e-39 -2.354626e-38 1.826398e-17
  11 sq1hsp01        5.632500e+00 5.169704e-08 1.609028e-09 8.871114e-09 6.929218e-37 5.289842e-39 -2.301727e-38 1.782046e-17
  12 dh2bg2a         5.790000e+00 5.453136e-08 1.609028e-09 9.124536e-09 6.858026e-37 5.289842e-39 -2.218412e-38 1.715303e-17
  13 sh2             5.990000e+00 5.824553e-08 1.609028e-09 9.446342e-09 6.771405e-37 5.289842e-39 -2.112615e-38 1.635637e-17
  14 dh2cg2a         6.140000e+00 6.111564e-08 1.609028e-09 9.687696e-09 6.709217e-37 5.289842e-39 -2.033268e-38 1.579326e-17
  15 qh2sp01         6.540000e+00 5.305070e-08 1.491012e-08 -2.804473e-08 8.457334e-37 2.935979e-37 4.951463e-37 1.870805e-17
  16 dh3ag2a         6.730000e+00 4.293195e-08 1.491012e-08 -2.521181e-08 1.044488e-36 2.935979e-37 5.509299e-37 2.293010e-17
  17 sh3             6.930000e+00 3.344364e-08 1.491012e-08 -2.222978e-08 1.276604e-36 2.935979e-37 6.096495e-37 2.847865e-17
  18 dh3bg2a         7.125000e+00 2.534098e-08 1.491012e-08 -1.932231e-08 1.525531e-36 2.935979e-37 6.669011e-37 3.543589e-17
  19 qh3sp01         7.375000e+00 1.893560e-08 3.036630e-09 -7.281146e-09 1.681450e-36 4.574267e-39 -6.749631e-38 4.241731e-17
  20 dh4ag2a         7.462500e+00 1.768464e-08 3.036630e-09 -7.015441e-09 1.669674e-36 4.574267e-39 -6.709606e-38 4.347911e-17
  21 bpm             7.462500e+00 1.768464e-08 3.036630e-09 -7.015441e-09 1.669674e-36 4.574267e-39 -6.709606e-38 4.347911e-17
  22 dbpm            7.550000e+00 1.648019e-08 3.036630e-09 -6.749736e-09 1.657967e-36 4.574267e-39 -6.669581e-38 4.459422e-17
  23 sh4             7.750000e+00 1.390176e-08 3.036630e-09 -6.142410e-09 1.631471e-36 4.574267e-39 -6.578096e-38 4.735569e-17
  24 dh4bg2a         7.998500e+00 1.103650e-08 3.036630e-09 -5.387808e-09 1.599061e-36 4.574267e-39 -6.464426e-38 5.122031e-17
  25 dfch            8.148500e+00 9.488485e-09 3.036630e-09 -4.932313e-09 1.579770e-36 4.574267e-39 -6.395812e-38 5.377884e-17
  26 chv             8.148500e+00 9.488485e-09 3.036630e-09 -4.932313e-09 1.579770e-36 4.574267e-39 -6.395812e-38 5.377884e-17
  27 dfch            8.298500e+00 8.077115e-09 3.036630e-09 -4.476819e-09 1.560686e-36 4.574267e-39 -6.327198e-38 5.647161e-17
  28 ge              8.298500e+00 8.077115e-09 3.036630e-09 -4.476819e-09 1.560686e-36 4.574267e-39 -6.327198e-38 5.647161e-17
  29 dh4cg3a         8.330000e+00 7.798089e-09 3.036630e-09 -4.381165e-09 1.556704e-36 4.574267e-39 -6.312789e-38 5.704798e-17
  30 gs              8.330000e+00 7.798089e-09 3.036630e-09 -4.381165e-09 1.556704e-36 4.574267e-39 -6.312789e-38 5.704798e-17
  31 b1sp01          1.095000e+01 1.061136e-08 5.937748e-09 7.353657e-09 1.242089e-36 5.075960e-39 -5.629515e-38 -5.035909e-14
  32 dm1ag3a         1.131500e+01 1.677058e-08 5.937748e-09 9.520935e-09 1.201670e-36 5.075960e-39 -5.444243e-38 -3.967197e-14
  33 dfch            1.146500e+01 1.976046e-08 5.937748e-09 1.041160e-08 1.185452e-36 5.075960e-39 -5.368103e-38 -3.627590e-14
  34 chv             1.146500e+01 1.976046e-08 5.937748e-09 1.041160e-08 1.185452e-36 5.075960e-39 -5.368103e-38 -3.627590e-14
  35 sm3             1.146500e+01 1.976046e-08 5.937748e-09 1.041160e-08 1.185452e-36 5.075960e-39 -5.368103e-38 -3.627590e-14
  36 dfch            1.161500e+01 2.301754e-08 5.937748e-09 1.130226e-08 1.169461e-36 5.075960e-39 -5.291964e-38 -3.332206e-14
  37 dm1bg3a         1.192500e+01 3.059556e-08 5.937748e-09 1.314296e-08 1.137139e-36 5.075960e-39 -5.134609e-38 -2.831804e-14
  38 ge              1.192500e+01 3.059556e-08 5.937748e-09 1.314296e-08 1.137139e-36 5.075960e-39 -5.134609e-38 -2.831804e-14
  39 gs              1.192500e+01 3.059556e-08 5.937748e-09 1.314296e-08 1.137139e-36 5.075960e-39 -5.134609e-38 -2.831804e-14
  40 qm1sp01         1.217500e+01 3.942967e-08 1.342847e-08 2.281554e-08 1.053469e-36 7.602265e-38 -2.774019e-37 -2.384017e-14
  41 dm2ag4a         1.237500e+01 4.909303e-08 1.342847e-08 2.550124e-08 9.455489e-37 7.602265e-38 -2.621974e-37 -2.009751e-14
  42 sm1a            1.257500e+01 5.983066e-08 1.342847e-08 2.818693e-08 8.437108e-37 7.602265e-38 -2.469929e-37 -1.704976e-14
  43 dm2bg4a         1.315750e+01 9.722481e-08 1.342847e-08 3.600902e-08 5.817591e-37 7.602265e-38 -2.027097e-37 -1.072147e-14
  44 bpm             1.315750e+01 9.722481e-08 1.342847e-08 3.600902e-08 5.817591e-37 7.602265e-38 -2.027097e-37 -1.072147e-14
  45 dbpm            1.324500e+01 1.036292e-07 1.342847e-08 3.718401e-08 5.468670e-37 7.602265e-38 -1.960577e-37 -9.997943e-15
  46 qm2sp01         1.349500e+01 1.131989e-07 7.890417e-11 -2.423887e-11 4.970125e-37 6.476431e-39 -9.122258e-39 -8.912294e-15
  47 dm2cg4a         1.369500e+01 1.131923e-07 7.890417e-11 -8.458036e-12 4.936227e-37 6.476431e-39 -7.826971e-39 -8.705332e-15
  48 sm2             1.394500e+01 1.131930e-07 7.890417e-11 1.126801e-11 4.901140e-37 6.476431e-39 -6.207864e-39 -8.445931e-15
  49 dm2cg4b         1.414500e+01 1.132007e-07 7.890417e-11 2.704884e-11 4.878899e-37 6.476431e-39 -4.912578e-39 -8.237895e-15
  50 qm2sp01         1.439500e+01 1.036322e-07 1.342684e-08 -3.718228e-08 5.294931e-37 6.451231e-38 1.761340e-37 -8.712141e-15
  51 dm2bg4b         1.491500e+01 6.859324e-08 1.342684e-08 -3.020032e-08 7.301165e-37 6.451231e-38 2.096804e-37 -1.192679e-14
  52 sm1b            1.511500e+01 5.705019e-08 1.342684e-08 -2.751495e-08 8.165692e-37 6.451231e-38 2.225828e-37 -1.358862e-14
  53 dm2ag4b         1.537750e+01 4.353003e-08 1.342684e-08 -2.399041e-08 9.378704e-37 6.451231e-38 2.395173e-37 -1.631798e-14
  54 bpm             1.537750e+01 4.353003e-08 1.342684e-08 -2.399041e-08 9.378704e-37 6.451231e-38 2.395173e-37 -1.631798e-14
  55 dbpm            1.546500e+01 3.943451e-08 1.342684e-08 -2.281556e-08 9.802799e-37 6.451231e-38 2.451621e-37 -1.740867e-14
  56 qm1sp01         1.571500e+01 3.060055e-08 5.936243e-09 -1.314234e-08 1.051498e-36 4.124490e-39 3.465892e-38 -2.007893e-14
  57 dm1eg4b         1.593460e+01 2.511470e-08 5.936243e-09 -1.183874e-08 1.066919e-36 4.124490e-39 3.556465e-38 -2.193554e-14
  58 dfch            1.608460e+01 2.169665e-08 5.936243e-09 -1.094830e-08 1.077681e-36 4.124490e-39 3.618333e-38 -2.341636e-14
  59 sm3             1.608460e+01 2.169665e-08 5.936243e-09 -1.094830e-08 1.077681e-36 4.124490e-39 3.618333e-38 -2.341636e-14
  60 chv             1.608460e+01 2.169665e-08 5.936243e-09 -1.094830e-08 1.077681e-36 4.124490e-39 3.618333e-38 -2.341636e-14
  61 dfch            1.623460e+01 1.854572e-08 5.936243e-09 -1.005786e-08 1.088629e-36 4.124490e-39 3.680200e-38 -2.510807e-14
  62 ge              1.623460e+01 1.854572e-08 5.936243e-09 -1.005786e-08 1.088629e-36 4.124490e-39 3.680200e-38 -2.510807e-14
  63 gs              1.623460e+01 1.854572e-08 5.936243e-09 -1.005786e-08 1.088629e-36 4.124490e-39 3.680200e-38 -2.510807e-14
  64 dm1dg5b         1.629000e+01 1.744953e-08 5.936243e-09 -9.728996e-09 1.092719e-36 4.124490e-39 3.703050e-38 -2.579412e-14
  65 dpwg5b          1.649000e+01 1.379538e-08 5.936243e-09 -8.541748e-09 1.107696e-36 4.124490e-39 3.785540e-38 -2.859283e-14
  66 dm1cg5b         1.669000e+01 1.061613e-08 5.936243e-09 -7.354499e-09 1.123003e-36 4.124490e-39 3.868029e-38 -3.198747e-14
  67 b1sp01          1.931000e+01 7.793273e-09 3.035899e-09 4.378845e-09 1.340595e-36 3.777513e-39 4.391429e-38 9.490690e-18
  68 ge              1.931000e+01 7.793273e-09 3.035899e-09 4.378845e-09 1.340595e-36 3.777513e-39 4.391429e-38 9.490690e-18
  69 dl4bg6b         1.952780e+01 9.844711e-09 3.035899e-09 5.040064e-09 1.359904e-36 3.777513e-39 4.473703e-38 1.032291e-17
  70 gs              1.952780e+01 9.844711e-09 3.035899e-09 5.040064e-09 1.359904e-36 3.777513e-39 4.473703e-38 1.032291e-17
  71 dfch            1.967780e+01 1.142504e-08 3.035899e-09 5.495449e-09 1.373410e-36 3.777513e-39 4.530366e-38 1.053356e-17
  72 chv             1.967780e+01 1.142504e-08 3.035899e-09 5.495449e-09 1.373410e-36 3.777513e-39 4.530366e-38 1.053356e-17
  73 dfch            1.982780e+01 1.314198e-08 3.035899e-09 5.950834e-09 1.387086e-36 3.777513e-39 4.587028e-38 1.056132e-17
  74 dl4ag6b         1.991000e+01 1.414081e-08 3.035899e-09 6.200385e-09 1.394652e-36 3.777513e-39 4.618080e-38 1.052224e-17
  75 ql3sp01         2.016000e+01 1.903957e-08 1.055544e-08 1.401734e-08 1.286949e-36 1.691012e-37 -4.631295e-37 9.316666e-18
  76 dbpm            2.024750e+01 2.157342e-08 1.055544e-08 1.494094e-08 1.207196e-36 1.691012e-37 -4.483332e-37 8.604907e-18
  77 bpm             2.024750e+01 2.157342e-08 1.055544e-08 1.494094e-08 1.207196e-36 1.691012e-37 -4.483332e-37 8.604907e-18
  78 dl3bg6b         2.033500e+01 2.426890e-08 1.055544e-08 1.586454e-08 1.130032e-36 1.691012e-37 -4.335368e-37 7.938139e-18
  79 sl3             2.053500e+01 3.103694e-08 1.055544e-08 1.797563e-08 9.633816e-37 1.691012e-37 -3.997166e-37 6.573619e-18
  80 dl3ag6b         2.114860e+01 5.707081e-08 1.055544e-08 2.445245e-08 5.365168e-37 1.691012e-37 -2.959561e-37 3.478464e-18
  81 ql2sp01         2.154860e+01 5.784565e-08 9.006299e-09 -2.272641e-08 4.667197e-37 2.955578e-38 1.032406e-37 2.937175e-18
  82 dl2cg6b         2.179860e+01 4.704534e-08 9.006299e-09 -2.047484e-08 5.201873e-37 2.955578e-38 1.106295e-37 3.231288e-18
  83 sl2             2.199860e+01 3.921565e-08 9.006299e-09 -1.867358e-08 5.656213e-37 2.955578e-38 1.165407e-37 3.524705e-18
  84 dl2bg6b         2.213610e+01 3.425069e-08 9.006299e-09 -1.743521e-08 5.982288e-37 2.955578e-38 1.206046e-37 3.766531e-18
  85 dsch            2.223610e+01 3.085371e-08 9.006299e-09 -1.653458e-08 6.226452e-37 2.955578e-38 1.235602e-37 3.968363e-18
  86 chv             2.223610e+01 3.085371e-08 9.006299e-09 -1.653458e-08 6.226452e-37 2.955578e-38 1.235602e-37 3.968363e-18
  87 dsch            2.233610e+01 2.763686e-08 9.006299e-09 -1.563395e-08 6.476528e-37 2.955578e-38 1.265157e-37 4.196775e-18
  88 dl2ag6b         2.247360e+01 2.350780e-08 9.006299e-09 -1.439559e-08 6.830035e-37 2.955578e-38 1.305797e-37 4.564430e-18
  89 ql1sp01         2.272360e+01 1.905063e-08 1.111882e-09 -4.086165e-09 6.725024e-37 4.815505e-38 -1.710226e-37 4.838426e-18
  90 dl1ag6b         2.281110e+01 1.834406e-08 1.111882e-09 -3.988875e-09 6.429421e-37 4.815505e-38 -1.668090e-37 4.743996e-18
  91 bpm             2.281110e+01 1.834406e-08 1.111882e-09 -3.988875e-09 6.429421e-37 4.815505e-38 -1.668090e-37 4.743996e-18
  92 dbpm            2.289860e+01 1.765452e-08 1.111882e-09 -3.891586e-09 6.141192e-37 4.815505e-38 -1.625955e-37 4.638698e-18
  93 sl1             2.309860e+01 1.614236e-08 1.111882e-09 -3.669209e-09 5.510072e-37 4.815505e-38 -1.529645e-37 4.351644e-18
  94 ge              2.309860e+01 1.614236e-08 1.111882e-09 -3.669209e-09 5.510072e-37 4.815505e-38 -1.529645e-37 4.351644e-18
  95 gs              2.309860e+01 1.614236e-08 1.111882e-09 -3.669209e-09 5.510072e-37 4.815505e-38 -1.529645e-37 4.351644e-18
  96 dl0g1a          2.639860e+01 4.033973e-09 1.111882e-09 3.484100e-23 6.585022e-38 4.815505e-38 5.947196e-39 -2.635267e-17
  97 dl0g1a          2.969860e+01 1.614236e-08 1.111882e-09 3.669209e-09 6.295102e-37 4.815505e-38 1.648589e-37 -1.569526e-17
  98 ge              2.969860e+01 1.614236e-08 1.111882e-09 3.669209e-09 6.295102e-37 4.815505e-38 1.648589e-37 -1.569526e-17
  99 gs              2.969860e+01 1.614236e-08 1.111882e-09 3.669209e-09 6.295102e-37 4.815505e-38 1.648589e-37 -1.569526e-17
 100 sl1             2.989860e+01 1.765452e-08 1.111882e-09 3.891586e-09 6.973799e-37 4.815505e-38 1.744899e-37 -1.480203e-17
 101 dl1ag2a         2.998610e+01 1.834406e-08 1.111882e-09 3.988875e-09 7.282844e-37 4.815505e-38 1.787034e-37 -1.443372e-17
 102 bpm             2.998610e+01 1.834406e-08 1.111882e-09 3.988875e-09 7.282844e-37 4.815505e-38 1.787034e-37 -1.443372e-17
 103 dbpm            3.007360e+01 1.905063e-08 1.111882e-09 4.086165e-09 7.599261e-37 4.815505e-38 1.829170e-37 -1.407841e-17
 104 ql1sp01         3.032360e+01 2.350780e-08 9.006299e-09 1.439559e-08 7.666194e-37 3.630018e-38 -1.571393e-37 -1.181834e-17
 105 dl2ag2a         3.046110e+01 2.763686e-08 9.006299e-09 1.563395e-08 7.240924e-37 3.630018e-38 -1.521480e-37 -1.020748e-17
 106 dsch            3.056110e+01 3.085371e-08 9.006299e-09 1.653458e-08 6.940258e-37 3.630018e-38 -1.485180e-37 -9.220121e-18
 107 chv             3.056110e+01 3.085371e-08 9.006299e-09 1.653458e-08 6.940258e-37 3.630018e-38 -1.485180e-37 -9.220121e-18
 108 dsch            3.066110e+01 3.425069e-08 9.006299e-09 1.743521e-08 6.646851e-37 3.630018e-38 -1.448880e-37 -8.356738e-18
 109 dl2bg2a         3.079860e+01 3.921565e-08 9.006299e-09 1.867358e-08 6.255272e-37 3.630018e-38 -1.398967e-37 -7.334099e-18
 110 sl2             3.099860e+01 4.704534e-08 9.006299e-09 2.047484e-08 5.710206e-37 3.630018e-38 -1.326367e-37 -6.111680e-18
 111 dl2cg2a         3.124860e+01 5.784565e-08 9.006299e-09 2.272641e-08 5.069710e-37 3.630018e-38 -1.235617e-37 -4.908124e-18
 112 ql2sp01         3.164860e+01 5.707081e-08 1.055544e-08 -2.445245e-08 5.723235e-37 1.669595e-37 3.040053e-37 -4.788472e-18
 113 dl3ag2a         3.226220e+01 3.103694e-08 1.055544e-08 -1.797563e-08 1.008260e-36 1.669595e-37 4.064516e-37 -7.396477e-18
 114 sl3             3.246220e+01 2.426890e-08 1.055544e-08 -1.586454e-08 1.177519e-36 1.669595e-37 4.398435e-37 -8.472978e-18
 115 dl3bg2a         3.254970e+01 2.157342e-08 1.055544e-08 -1.494094e-08 1.255770e-36 1.669595e-37 4.544525e-37 -8.976856e-18
 116 bpm             3.254970e+01 2.157342e-08 1.055544e-08 -1.494094e-08 1.255770e-36 1.669595e-37 4.544525e-37 -8.976856e-18
 117 dbpm            3.263720e+01 1.903957e-08 1.055544e-08 -1.401734e-08 1.336577e-36 1.669595e-37 4.690614e-37 -9.495055e-18
 118 ql3sp01         3.288720e+01 1.414081e-08 3.035899e-09 -6.200385e-09 1.442320e-36 4.645344e-39 -5.970278e-38 -9.953515e-18
 119 dl4ag2a         3.316890e+01 1.088843e-08 3.035899e-09 -5.345172e-09 1.409052e-36 4.645344e-39 -5.839419e-38 -8.848548e-18
 120 dfch            3.331890e+01 9.353184e-09 3.035899e-09 -4.889787e-09 1.391638e-36 4.645344e-39 -5.769739e-38 -7.873011e-18
 121 chv             3.331890e+01 9.353184e-09 3.035899e-09 -4.889787e-09 1.391638e-36 4.645344e-39 -5.769739e-38 -7.873011e-18
 122 dfch            3.346890e+01 7.954555e-09 3.035899e-09 -4.434402e-09 1.374434e-36 4.645344e-39 -5.700058e-38 -6.484157e-18
 123 ge              3.346890e+01 7.954555e-09 3.035899e-09 -4.434402e-09 1.374434e-36 4.645344e-39 -5.700058e-38 -6.484157e-18
 124 dl4bg3a         3.348720e+01 7.793273e-09 3.035899e-09 -4.378845e-09 1.372349e-36 4.645344e-39 -5.691557e-38 -6.278730e-18
 125 gs              3.348720e+01 7.793273e-09 3.035899e-09 -4.378845e-09 1.372349e-36 4.645344e-39 -5.691557e-38 -6.278730e-18
 126 b1sp01          3.610720e+01 1.061613e-08 5.936243e-09 7.354499e-09 1.092614e-36 5.091417e-39 -4.926765e-38 2.539983e-14
 127 dm1ag3a         3.647220e+01 1.677577e-08 5.936243e-09 9.521228e-09 1.057327e-36 5.091417e-39 -4.740928e-38 1.947443e-14
 128 sq2hsp01        3.662220e+01 1.976571e-08 5.936243e-09 1.041166e-08 1.043219e-36 5.091417e-39 -4.664557e-38 1.759831e-14
 129 chv             3.662220e+01 1.976571e-08 5.936243e-09 1.041166e-08 1.043219e-36 5.091417e-39 -4.664557e-38 1.759831e-14
 130 sm3             3.662220e+01 1.976571e-08 5.936243e-09 1.041166e-08 1.043219e-36 5.091417e-39 -4.664557e-38 1.759831e-14
 131 sq2hsp01        3.677220e+01 2.302277e-08 5.936243e-09 1.130210e-08 1.029339e-36 5.091417e-39 -4.588186e-38 1.596884e-14
 132 dm1bg3a         3.708220e+01 3.060055e-08 5.936243e-09 1.314234e-08 1.001382e-36 5.091417e-39 -4.430352e-38 1.321307e-14
 133 ge              3.708220e+01 3.060055e-08 5.936243e-09 1.314234e-08 1.001382e-36 5.091417e-39 -4.430352e-38 1.321307e-14
 134 gs              3.708220e+01 3.060055e-08 5.936243e-09 1.314234e-08 1.001382e-36 5.091417e-39 -4.430352e-38 1.321307e-14
 135 qm1sp01         3.733220e+01 3.943451e-08 1.342684e-08 2.281556e-08 9.281791e-37 6.716239e-38 -2.433168e-37 1.086520e-14
 136 dm2a2g4b        3.753220e+01 4.909781e-08 1.342684e-08 2.550093e-08 8.335389e-37 6.716239e-38 -2.298844e-37 8.963276e-15
 137 sm1a            3.773220e+01 5.983525e-08 1.342684e-08 2.818629e-08 7.442717e-37 6.716239e-38 -2.164519e-37 7.414799e-15
 138 dm2b2g4b        3.831470e+01 9.722809e-08 1.342684e-08 3.600743e-08 5.148938e-37 6.716239e-38 -1.773298e-37 4.200436e-15
 139 bpm             3.831470e+01 9.722809e-08 1.342684e-08 3.600743e-08 5.148938e-37 6.716239e-38 -1.773298e-37 4.200436e-15
 140 dbpm            3.840220e+01 1.036322e-07 1.342684e-08 3.718228e-08 4.843753e-37 6.716239e-38 -1.714531e-37 3.833004e-15
 141 qm2sp01         3.865220e+01 1.132007e-07 7.890417e-11 -2.704884e-11 4.413722e-37 7.173609e-39 -5.529905e-39 3.174840e-15
 142 dm2cg4a         3.885220e+01 1.131930e-07 7.890417e-11 -1.126801e-11 4.394472e-37 7.173609e-39 -4.095183e-39 2.896313e-15
 143 sm2             3.910220e+01 1.131923e-07 7.890417e-11 8.458036e-12 4.378479e-37 7.173609e-39 -2.301781e-39 2.547902e-15
 144 dm2cg4b         3.930220e+01 1.131989e-07 7.890417e-11 2.423887e-11 4.372142e-37 7.173609e-39 -8.670593e-40 2.269030e-15
 145 qm2sp01         3.955220e+01 1.036292e-07 1.342847e-08 -3.718401e-08 4.764565e-37 6.191607e-38 1.623720e-37 2.106004e-15
 146 dm2b2g4a        4.007220e+01 6.858888e-08 1.342847e-08 -3.020120e-08 6.620655e-37 6.191607e-38 1.945683e-37 2.152204e-15
 147 sm1b            4.027220e+01 5.704554e-08 1.342847e-08 -2.751551e-08 7.423694e-37 6.191607e-38 2.069516e-37 2.175559e-15
 148 dm2a2g4a        4.053470e+01 4.352520e-08 1.342847e-08 -2.399054e-08 8.552854e-37 6.191607e-38 2.232045e-37 2.213124e-15
 149 bpm             4.053470e+01 4.352520e-08 1.342847e-08 -2.399054e-08 8.552854e-37 6.191607e-38 2.232045e-37 2.213124e-15
 150 dbpm            4.062220e+01 3.942967e-08 1.342847e-08 -2.281554e-08 8.948203e-37 6.191607e-38 2.286222e-37 2.227859e-15
 151 qm1sp01         4.087220e+01 3.059556e-08 5.937748e-09 -1.314296e-08 9.623473e-37 4.657745e-39 3.669764e-38 2.148757e-15
 152 dm1eg4b         4.109180e+01 2.510951e-08 5.937748e-09 -1.183903e-08 9.786895e-37 4.657745e-39 3.772048e-38 1.943888e-15
 153 dfch            4.124180e+01 2.169140e-08 5.937748e-09 -1.094837e-08 9.901105e-37 4.657745e-39 3.841914e-38 1.776850e-15
 154 sm3             4.124180e+01 2.169140e-08 5.937748e-09 -1.094837e-08 9.901105e-37 4.657745e-39 3.841914e-38 1.776850e-15
 155 chv             4.124180e+01 2.169140e-08 5.937748e-09 -1.094837e-08 9.901105e-37 4.657745e-39 3.841914e-38 1.776850e-15
 156 dfch            4.139180e+01 1.854049e-08 5.937748e-09 -1.005771e-08 1.001741e-36 4.657745e-39 3.911780e-38 1.581852e-15
 157 ge              4.139180e+01 1.854049e-08 5.937748e-09 -1.005771e-08 1.001741e-36 4.657745e-39 3.911780e-38 1.581852e-15
 158 gs              4.139180e+01 1.854049e-08 5.937748e-09 -1.005771e-08 1.001741e-36 4.657745e-39 3.911780e-38 1.581852e-15
 159 dm1dg5b         4.144720e+01 1.744432e-08 5.937748e-09 -9.728756e-09 1.006090e-36 4.657745e-39 3.937584e-38 1.501446e-15
 160 dpwg5b          4.164720e+01 1.379033e-08 5.937748e-09 -8.541206e-09 1.022026e-36 4.657745e-39 4.030739e-38 1.164888e-15
 161 dm1cg5b         4.184720e+01 1.061136e-08 5.937748e-09 -7.353657e-09 1.038335e-36 4.657745e-39 4.123894e-38 7.359904e-16
 162 b1sp01          4.446720e+01 7.798089e-09 3.036630e-09 4.381165e-09 1.273848e-36 4.282190e-39 4.815817e-38 7.107027e-18
 163 ge              4.446720e+01 7.798089e-09 3.036630e-09 4.381165e-09 1.273848e-36 4.282190e-39 4.815817e-38 7.107027e-18
 164 dh4cg6b         4.467006e+01 9.700579e-09 3.036630e-09 4.997176e-09 1.293563e-36 4.282190e-39 4.902686e-38 7.058526e-18
 165 gs              4.467006e+01 9.700579e-09 3.036630e-09 4.997176e-09 1.293563e-36 4.282190e-39 4.902686e-38 7.058526e-18
 166 dfch            4.482006e+01 1.126806e-08 3.036630e-09 5.452670e-09 1.308368e-36 4.282190e-39 4.966919e-38 7.004412e-18
 167 chv             4.482006e+01 1.126806e-08 3.036630e-09 5.452670e-09 1.308368e-36 4.282190e-39 4.966919e-38 7.004412e-18
 168 dfch            4.497006e+01 1.297218e-08 3.036630e-09 5.908165e-09 1.323365e-36 4.282190e-39 5.031151e-38 6.942881e-18
 169 dh4bg6b         4.504720e+01 1.390176e-08 3.036630e-09 6.142410e-09 1.331152e-36 4.282190e-39 5.064184e-38 6.909814e-18
 170 sh4             4.524720e+01 1.648019e-08 3.036630e-09 6.749736e-09 1.351580e-36 4.282190e-39 5.149828e-38 6.822873e-18
 171 dh4ag6b         4.533470e+01 1.768464e-08 3.036630e-09 7.015441e-09 1.360625e-36 4.282190e-39 5.187297e-38 6.785120e-18
 172 bpm             4.533470e+01 1.768464e-08 3.036630e-09 7.015441e-09 1.360625e-36 4.282190e-39 5.187297e-38 6.785120e-18
 173 dbpm            4.542220e+01 1.893560e-08 3.036630e-09 7.281146e-09 1.369736e-36 4.282190e-39 5.224766e-38 6.747889e-18
 174 qh3sp01         4.567220e+01 2.534098e-08 1.491012e-08 1.932231e-08 1.241490e-36 2.420078e-37 -5.452657e-37 5.951589e-18
 175 dh3bg6b         4.586720e+01 3.344364e-08 1.491012e-08 2.222978e-08 1.038039e-36 2.420078e-37 -4.980742e-37 5.014368e-18
 176 sh3             4.606720e+01 4.293195e-08 1.491012e-08 2.521181e-08 8.484897e-37 2.420078e-37 -4.496726e-37 4.268025e-18
 177 dh3ag6b         4.625720e+01 5.305070e-08 1.491012e-08 2.804473e-08 6.863506e-37 2.420078e-37 -4.036912e-37 3.700754e-18
 178 qh2sp01         4.665720e+01 6.111564e-08 1.609028e-09 -9.687696e-09 5.433743e-37 6.204154e-39 1.534686e-38 3.623332e-18
 179 dh2cg6b         4.680720e+01 5.824553e-08 1.609028e-09 -9.446342e-09 5.481179e-37 6.204154e-39 1.627748e-38 3.956309e-18
 180 sh2             4.700720e+01 5.453136e-08 1.609028e-09 -9.124536e-09 5.548771e-37 6.204154e-39 1.751831e-38 4.427516e-18
 181 dh2bg6b         4.718970e+01 5.125449e-08 1.609028e-09 -8.830889e-09 5.614779e-37 6.204154e-39 1.865057e-38 4.887131e-18
 182 dsch            4.728970e+01 4.950440e-08 1.609028e-09 -8.669986e-09 5.652701e-37 6.204154e-39 1.927099e-38 5.151972e-18
 183 chv             4.728970e+01 4.950440e-08 1.609028e-09 -8.669986e-09 5.652701e-37 6.204154e-39 1.927099e-38 5.151972e-18
 184 dsch            4.738970e+01 4.778650e-08 1.609028e-09 -8.509083e-09 5.691863e-37 6.204154e-39 1.989140e-38 5.426631e-18
 185 dh2ag6b         4.752220e+01 4.555984e-08 1.609028e-09 -8.295887e-09 5.745665e-37 6.204154e-39 2.071345e-38 5.806572e-18
 186 qh1sp01         4.777220e+01 4.337817e-08 1.105087e-10 -5.553061e-10 5.606968e-37 1.573080e-38 -7.539599e-38 6.303375e-18
 187 dh1ag6b         4.785970e+01 4.328184e-08 1.105087e-10 -5.456366e-10 5.476229e-37 1.573080e-38 -7.401955e-38 6.387465e-18
 188 bpm             4.785970e+01 4.328184e-08 1.105087e-10 -5.456366e-10 5.476229e-37 1.573080e-38 -7.401955e-38 6.387465e-18
 189 dbpm            4.794720e+01 4.318720e-08 1.105087e-10 -5.359671e-10 5.347899e-37 1.573080e-38 -7.264311e-38 6.471644e-18
 190 sh1             4.814720e+01 4.297723e-08 1.105087e-10 -5.138654e-10 5.063619e-37 1.573080e-38 -6.949695e-38 6.664337e-18
 191 ge              4.814720e+01 4.297723e-08 1.105087e-10 -5.138654e-10 5.063619e-37 1.573080e-38 -6.949695e-38 6.664337e-18
 192 dh0g1a          5.279720e+01 4.058776e-08 1.105087e-10 3.174173e-23 2.001795e-37 1.573080e-38 3.651264e-39 1.097083e-17
 193 cav             5.279720e+01 4.058776e-08 1.105087e-10 3.174173e-23 2.001795e-37 1.573080e-38 3.651264e-39 1.097083e-17
