#     name              s    code  bx*ex  sqrt(bx*by)  dbx/dd*ex  bx*dex/dd  by*ex  dby/dd*ex by*dex/dd  ksix  ksiy  dbx/dd  bx/dd dex/dd
#                      [m]          [m]      [m]          [m]       [m]       [m]      [m]       [m]
#
   0 begin             0.00  0.0  -0.005     7.840       0.029     98.158   -0.001   -0.003     16.426   0.00   0.00  -112.063  12.933   5.122
   1 dh0g1a            4.65  0.0  -0.005    14.209       0.028    103.342   -0.003    0.008     50.667   0.00   0.00  -107.560  -29.195   5.093
   2 gs                4.65  0.0  -0.005    14.209       0.028    103.342   -0.003    0.008     50.667   0.00   0.00  -107.560  -29.195   5.093
   3 sh1               4.85  1.5  -0.005    14.662       0.028    103.821   -0.003    0.008     53.671   0.00   0.00  -107.168  -32.834   5.091
   4 dh1ag2a           4.94  0.0  -0.005    14.863       0.027    104.037   -0.003    0.009     55.024   0.00   0.00  -106.989  -34.474   5.091
   5 bpm               4.94  0.0  -0.005    14.863       0.027    104.037   -0.003    0.009     55.024   0.00   0.00  -106.989  -34.474   5.091
   6 dbpm              5.03  0.0  -0.005    15.065       0.027    104.258   -0.003    0.009     56.402   0.00   0.00  -106.808  -36.143   5.090
   7 qh1sp01           5.28 -1.0  -0.006    15.655       0.029    111.826   -0.003    0.010     59.219   0.29  -0.16  -111.817  -38.919   5.198
   8 dh2ag2a           5.43  0.0  -0.006    16.030       0.032    121.472   -0.003    0.011     60.231   0.29  -0.16  -118.664  -39.324   5.336
   9 sq1hsp01          5.53  0.0  -0.006    16.269       0.034    127.881   -0.003    0.011     60.872   0.29  -0.16  -123.113  -39.575   5.423
  10 chv               5.53  0.0  -0.006    16.269       0.034    127.881   -0.003    0.011     60.872   0.29  -0.16  -123.113  -39.575   5.423
  11 sq1hsp01          5.63  0.0  -0.007    16.507       0.036    134.517   -0.003    0.011     61.513   0.29  -0.16  -127.641  -39.821   5.511
  12 dh2bg2a           5.79  0.0  -0.007    16.882       0.039    145.436   -0.003    0.011     62.522   0.29  -0.16  -134.932  -40.200   5.648
  13 sh2               5.99  0.0  -0.008    17.360       0.043    160.149   -0.003    0.012     63.809   0.29  -0.16  -144.473  -40.664   5.823
  14 dh2cg2a           6.14  0.0  -0.009    17.719       0.046    171.824   -0.003    0.012     64.778   0.29  -0.16  -151.836  -40.999   5.954
  15 qh2sp01           6.54  1.0  -0.007    18.584       0.035    138.275   -0.004    0.016     76.110  -1.02   0.57  -125.375  -57.170   5.520
  16 dh3ag2a           6.73  0.0  -0.005    18.598       0.024    100.359   -0.004    0.019     84.474  -1.02   0.57  -95.322  -74.806   4.951
  17 sh3               6.93 -1.5  -0.003    18.164       0.015     68.714   -0.005    0.021     90.911  -1.02   0.57  -67.890  -95.805   4.351
  18 dh3bg2a           7.13  0.0  -0.002    17.297       0.009     45.074   -0.005    0.023     94.188  -1.02   0.57  -45.293  -118.684   3.767
  19 qh3sp01           7.38 -1.0  -0.001    15.710       0.004     28.823   -0.005    0.022     88.985  -0.69  -0.45  -26.962  -132.765   3.224
  20 dh4ag2a           7.46  0.0  -0.001    15.133       0.004     25.902   -0.004    0.021     85.071  -0.69  -0.45  -22.888  -131.370   3.102
  21 bpm               7.46  0.0  -0.001    15.133       0.004     25.902   -0.004    0.021     85.071  -0.69  -0.45  -22.888  -131.370   3.102
  22 dbpm              7.55  0.0  -0.001    14.562       0.003     23.190   -0.004    0.020     81.204  -0.69  -0.45  -19.033  -129.980   2.980
  23 sh4               7.75 -1.5  -0.001    13.276       0.002     17.734   -0.004    0.017     72.537  -0.69  -0.45  -11.044  -126.817   2.702
  24 dh4bg2a           8.00  0.0  -0.001    11.721       0.000     12.276   -0.003    0.015     62.098  -0.69  -0.45  -2.710  -122.916   2.356
  25 dfch              8.15  0.0  -0.000    10.808      -0.000      9.618   -0.003    0.013     55.970  -0.69  -0.45   1.468  -120.581   2.147
  26 chv               8.15  0.0  -0.000    10.808      -0.000      9.618   -0.003    0.013     55.970  -0.69  -0.45   1.468  -120.581   2.147
  27 dfch              8.30  0.0  -0.000     9.916      -0.000      7.391   -0.003    0.012     49.969  -0.69  -0.45   5.002  -118.259   1.938
  28 ge                8.30  0.0  -0.000     9.916      -0.000      7.391   -0.003    0.012     49.969  -0.69  -0.45   5.002  -118.259   1.938
  29 dh4cg3a           8.33  0.0  -0.000     9.732      -0.001      6.974   -0.002    0.011     48.725  -0.69  -0.45   5.663  -117.773   1.894
  30 gs                8.33  0.0  -0.000     9.732      -0.001      6.974   -0.002    0.011     48.725  -0.69  -0.45   5.663  -117.773   1.894
  31 b1sp01           10.95  0.5   0.366     7.486      -5.254     -5.604    2.881  -10.722    -44.111  -0.69  -0.45  -38.307  -78.182  -2.100
  32 dm1ag3a          11.32  0.0   0.717     9.130     -10.521    -11.017    3.579  -12.788    -54.996  -0.69  -0.45  -59.973  -72.895  -2.696
  33 dfch             11.47  0.0   0.914     9.816     -13.377    -14.057    3.853  -13.525    -59.278  -0.69  -0.45  -69.980  -70.751  -2.941
  34 chv              11.47  0.0   0.914     9.816     -13.377    -14.057    3.853  -13.525    -59.278  -0.69  -0.45  -69.980  -70.751  -2.941
  35 sm3              11.47  1.5   0.914     9.816     -13.377    -14.057    3.853  -13.525    -59.278  -0.69  -0.45  -69.980  -70.751  -2.941
  36 dfch             11.62  0.0   1.146    10.503     -16.752    -17.678    4.121  -13.924    -63.580  -0.69  -0.45  -80.969  -67.301  -3.192
  37 dm1bg3a          11.93  0.0   1.750    11.920     -25.346    -27.125    4.654  -14.430    -72.134  -0.69  -0.45  -105.869  -60.275  -3.711
  38 ge               11.93  0.0   1.750    11.920     -25.346    -27.125    4.654  -14.430    -72.134  -0.69  -0.45  -105.869  -60.275  -3.711
  39 gs               11.93  0.0   1.750    11.920     -25.346    -27.125    4.654  -14.430    -72.134  -0.69  -0.45  -105.869  -60.275  -3.711
  40 qm1sp01          12.18 -1.0   2.556    13.023     -36.763    -39.861    4.917  -13.826    -76.682  -0.53  -0.75  -135.042  -50.788  -4.245
  41 dm2ag4a          12.38  0.0   3.548    13.775     -50.848    -55.672    4.942  -12.404    -77.537  -0.53  -0.75  -167.259  -40.801  -4.770
  42 sm1a             12.58 -1.5   4.772    14.380     -66.555    -74.456    4.886  -12.370    -76.233  -0.53  -0.75  -198.207  -36.838  -5.239
  43 dm2bg4a          13.16  0.0   9.878    15.299    -121.734   -148.473    4.347  -16.840    -65.336  -0.53  -0.75  -284.207  -39.316  -6.438
  44 bpm              13.16  0.0   9.878    15.299    -121.734   -148.473    4.347  -16.840    -65.336  -0.53  -0.75  -284.207  -39.316  -6.438
  45 dbpm             13.25  0.0  10.870    15.329    -131.903   -162.665    4.228  -17.420    -63.271  -0.53  -0.75  -298.267  -39.391  -6.618
  46 qm2sp01          13.50  1.0  12.409    15.325    -143.385   -182.528    4.044  -20.105    -59.483  -1.28  -0.51  -310.199  -43.495  -6.799
  47 dm2cg4a          13.70  0.0  12.407    15.315    -136.883   -179.182    4.039  -23.163    -58.330  -1.28  -0.51  -296.131  -50.111  -6.676
  48 sm2              13.95  1.5  12.407    15.315    -139.352   -180.336    4.039  -23.507    -58.705  -1.28  -0.51  -301.472  -50.855  -6.719
  49 dm2cg4b          14.15  0.0  12.409    15.324    -149.804   -185.527    4.044  -20.999    -60.458  -1.28  -0.51  -324.083  -45.429  -6.911
  50 qm2sp01          14.40  1.0  10.870    15.329    -141.979   -167.374    4.228  -19.049    -65.099  -1.96  -0.25  -321.047  -43.075  -6.809
  51 dm2bg4b          14.92  0.0   5.856    14.736     -90.705    -95.916    4.796  -16.738    -78.546  -1.96  -0.25  -252.219  -46.542  -5.890
  52 sm1b             15.12 -1.5   4.444    14.242     -72.365    -74.051    4.907  -17.549    -81.771  -1.96  -0.25  -220.725  -53.526  -5.464
  53 dm2ag4b          15.38  0.0   2.964    13.370     -50.218    -49.858    4.939  -20.545    -83.078  -1.96  -0.25  -175.494  -71.797  -4.814
  54 bpm              15.38  0.0   2.964    13.370     -50.218    -49.858    4.939  -20.545    -83.078  -1.96  -0.25  -175.494  -71.797  -4.814
  55 dbpm             15.46  0.0   2.557    13.023     -43.967    -43.167    4.917  -21.323    -83.026  -1.96  -0.25  -161.496  -78.322  -4.597
  56 qm1sp01          15.71 -1.0   1.750    11.920     -31.664    -30.035    4.654  -22.123    -79.853  -1.84  -0.57  -132.247  -92.398  -4.108
  57 dm1eg4b          15.93  0.0   1.304    10.918     -24.835    -22.843    4.279  -21.651    -74.947  -1.84  -0.57  -114.765  -100.051  -3.790
  58 dfch             16.08  0.0   1.050    10.231     -20.730    -18.685    4.016  -21.138    -71.487  -1.84  -0.57  -103.305  -105.338  -3.572
  59 sm3              16.08  1.5   1.050    10.231     -20.730    -18.685    4.016  -21.138    -71.487  -1.84  -0.57  -103.305  -105.338  -3.572
  60 chv              16.08  0.0   1.050    10.231     -20.730    -18.685    4.016  -21.138    -71.487  -1.84  -0.57  -103.305  -105.338  -3.572
  61 dfch             16.23  0.0   0.832     9.544     -17.120    -15.121    3.745  -20.209    -68.078  -1.84  -0.57  -92.571  -109.277  -3.362
  62 ge               16.23  0.0   0.832     9.544     -17.120    -15.121    3.745  -20.209    -68.078  -1.84  -0.57  -92.571  -109.277  -3.362
  63 gs               16.23  0.0   0.832     9.544     -17.120    -15.121    3.745  -20.209    -68.078  -1.84  -0.57  -92.571  -109.277  -3.362
  64 dm1dg5b          16.29  0.0   0.760     9.291     -15.887    -13.936    3.644  -19.837    -66.796  -1.84  -0.57  -88.692  -110.740  -3.284
  65 dpwg5b           16.49  0.0   0.538     8.382     -11.873    -10.208    3.269  -18.355    -62.066  -1.84  -0.57  -75.070  -116.058  -3.003
  66 dm1cg5b          16.69  0.0   0.366     7.488      -8.512     -7.267    2.881  -16.658    -57.170  -1.84  -0.57  -62.048  -121.432  -2.722
  67 b1sp01           19.31  0.5  -0.000     9.728      -0.001      2.342   -0.001    0.005     16.368  -1.84  -0.57  53.080  -195.092   0.636
  68 ge               19.31  0.0  -0.000     9.728      -0.001      2.342   -0.001    0.005     16.368  -1.84  -0.57  53.080  -195.092   0.636
  69 dl4bg6b          19.53  0.0  -0.000    11.022      -0.002      4.153   -0.001    0.008     23.349  -1.84  -0.57  58.046  -201.412   0.893
  70 gs               19.53  0.0  -0.000    11.022      -0.002      4.153   -0.001    0.008     23.349  -1.84  -0.57  58.046  -201.412   0.893
  71 dfch             19.68  0.0  -0.000    11.940      -0.003      5.774   -0.001    0.010     28.285  -1.84  -0.57  61.053  -205.796   1.070
  72 chv              19.68  0.0  -0.000    11.940      -0.003      5.774   -0.001    0.010     28.285  -1.84  -0.57  61.053  -205.796   1.070
  73 dfch             19.83  0.0  -0.000    12.877      -0.003      7.740   -0.001    0.012     33.329  -1.84  -0.57  63.722  -210.207   1.247
  74 dl4ag6b          19.91  0.0  -0.000    13.398      -0.004      8.975   -0.002    0.013     36.139  -1.84  -0.57  65.042  -212.635   1.344
  75 ql3sp01          20.16 -1.0  -0.001    14.949      -0.006     15.363   -0.002    0.015     42.478  -1.56  -1.33  74.330  -197.400   1.709
  76 dbpm             20.25  0.0  -0.001    15.417      -0.007     18.977   -0.002    0.015     43.470  -1.56  -1.33  79.660  -184.743   1.863
  77 bpm              20.25  0.0  -0.001    15.417      -0.007     18.977   -0.002    0.015     43.470  -1.56  -1.33  79.660  -184.743   1.863
  78 dl3bg6b          20.33  0.0  -0.001    15.827      -0.008     23.114   -0.002    0.016     44.091  -1.56  -1.33  85.040  -172.500   2.017
  79 sl3              20.53 -1.5  -0.002    16.542      -0.010     34.722   -0.002    0.016     44.238  -1.56  -1.33  97.520  -146.073   2.369
  80 dl3ag6b          21.15  0.0  -0.004    16.809      -0.022     92.964   -0.002    0.012     36.171  -1.56  -1.33  137.406  -78.514   3.450
  81 ql2sp01          21.55  1.0  -0.004    15.842      -0.021     97.781   -0.002    0.011     32.896  -3.30  -0.75  128.537  -68.421   3.580
  82 dl2cg6b          21.80  0.0  -0.003    15.114      -0.016     73.262   -0.002    0.012     33.915  -3.30  -0.75  103.320  -77.962   3.298
  83 sl2              22.00  1.5  -0.003    14.409      -0.012     56.893   -0.002    0.012     34.451  -3.30  -0.75  85.100  -85.986   3.073
  84 dl2bg6b          22.14  0.0  -0.002    13.860      -0.010     47.183   -0.002    0.012     34.657  -3.30  -0.75  73.580  -91.703   2.917
  85 dsch             22.24  0.0  -0.002    13.429      -0.009     40.860   -0.002    0.012     34.716  -3.30  -0.75  65.717  -95.963   2.805
  86 chv              22.24  0.0  -0.002    13.429      -0.009     40.860   -0.002    0.012     34.716  -3.30  -0.75  65.717  -95.963   2.805
  87 dsch             22.34  0.0  -0.002    12.969      -0.007     35.129   -0.002    0.012     34.696  -3.30  -0.75  58.286  -100.311   2.692
  88 dl2ag6b          22.47  0.0  -0.001    12.291      -0.006     28.159   -0.002    0.013     34.528  -3.30  -0.75  48.777  -106.429   2.537
  89 ql1sp01          22.72 -1.0  -0.001    10.992      -0.004     21.512   -0.001    0.012     32.120  -2.98  -1.22  36.920  -104.302   2.392
  90 dl1ag6b          22.81  0.0  -0.001    10.550      -0.004     20.679   -0.001    0.011     30.680  -2.98  -1.22  34.195  -98.992   2.387
  91 bpm              22.81  0.0  -0.001    10.550      -0.004     20.679   -0.001    0.011     30.680  -2.98  -1.22  34.195  -98.992   2.387
  92 dbpm             22.90  0.0  -0.001    10.119      -0.004     19.868   -0.001    0.010     29.278  -2.98  -1.22  31.536  -93.811   2.383
  93 sl1              23.10  1.5  -0.001     9.174      -0.003     18.096   -0.001    0.009     26.215  -2.98  -1.22  25.712  -82.451   2.374
  94 ge               23.10  0.0  -0.001     9.174      -0.003     18.096   -0.001    0.009     26.215  -2.98  -1.22  25.712  -82.451   2.374
  95 gs               23.10  0.0  -0.001     9.174      -0.003     18.096   -0.001    0.009     26.215  -2.98  -1.22  25.712  -82.451   2.374
  96 dl0g1a           26.40  0.0  -0.000     1.444       0.002      4.231   -0.000   -0.001      2.432  -2.98  -1.22  -19.723   7.885   2.221
  97 dl0g1a           29.70  0.0  -0.001     9.174      -0.003     15.765   -0.001    0.009     22.838  -2.98  -1.22  30.375  -84.848   2.068
  98 ge               29.70  0.0  -0.001     9.174      -0.003     15.765   -0.001    0.009     22.838  -2.98  -1.22  30.375  -84.848   2.068
  99 gs               29.70  0.0  -0.001     9.174      -0.003     15.765   -0.001    0.009     22.838  -2.98  -1.22  30.375  -84.848   2.068
 100 sl1              29.90  1.5  -0.001    10.119      -0.004     17.165   -0.001    0.011     25.294  -2.98  -1.22  36.482  -96.353   2.059
 101 dl1ag2a          29.99  0.0  -0.001    10.550      -0.004     17.800   -0.001    0.011     26.408  -2.98  -1.22  39.265  -101.597   2.055
 102 bpm              29.99  0.0  -0.001    10.550      -0.004     17.800   -0.001    0.011     26.408  -2.98  -1.22  39.265  -101.597   2.055
 103 dbpm             30.07  0.0  -0.001    10.992      -0.005     18.449   -0.001    0.012     27.547  -2.98  -1.22  42.114  -106.971   2.051
 104 ql1sp01          30.32 -1.0  -0.001    12.291      -0.006     23.907   -0.002    0.013     29.314  -2.59  -1.70  54.947  -108.982   2.154
 105 dl2ag2a          30.46  0.0  -0.002    12.969      -0.008     29.678   -0.002    0.013     29.312  -2.59  -1.70  65.408  -102.644   2.274
 106 dsch             30.56  0.0  -0.002    13.429      -0.010     34.409   -0.002    0.013     29.235  -2.59  -1.70  73.572  -98.143   2.362
 107 chv              30.56  0.0  -0.002    13.429      -0.010     34.409   -0.002    0.013     29.235  -2.59  -1.70  73.572  -98.143   2.362
 108 dsch             30.66  0.0  -0.002    13.860      -0.011     39.615   -0.002    0.013     29.098  -2.59  -1.70  82.203  -93.732   2.450
 109 dl2bg2a          30.80  0.0  -0.003    14.409      -0.013     47.588   -0.002    0.012     28.816  -2.59  -1.70  94.835  -87.814   2.570
 110 sl2              31.00  1.5  -0.003    15.114      -0.017     60.982   -0.002    0.012     28.230  -2.59  -1.70  114.790  -79.514   2.745
 111 dl2cg2a          31.25  0.0  -0.004    15.842      -0.023     80.965   -0.002    0.011     27.239  -2.59  -1.70  142.369  -69.650   2.964
 112 ql2sp01          31.65  1.0  -0.004    16.809      -0.024     76.389   -0.002    0.013     29.722  -4.31  -1.03  150.677  -79.607   2.835
 113 dl3ag2a          32.26  0.0  -0.002    16.542      -0.011     27.994   -0.002    0.016     35.667  -4.31  -1.03  104.265  -147.444   1.910
 114 sl3              32.46 -1.5  -0.001    15.827      -0.008     18.437   -0.002    0.016     35.168  -4.31  -1.03  90.122  -173.950   1.609
 115 dl3bg2a          32.55  0.0  -0.001    15.417      -0.007     15.046   -0.002    0.016     34.464  -4.31  -1.03  84.086  -186.226   1.477
 116 bpm              32.55  0.0  -0.001    15.417      -0.007     15.046   -0.002    0.016     34.464  -4.31  -1.03  84.086  -186.226   1.477
 117 dbpm             32.64  0.0  -0.001    14.949      -0.006     12.094   -0.002    0.015     33.437  -4.31  -1.03  78.144  -198.915   1.345
 118 ql3sp01          32.89 -1.0  -0.000    13.398      -0.004      6.861   -0.002    0.013     27.625  -4.10  -1.86  67.621  -214.090   1.028
 119 dl4ag2a          33.17  0.0  -0.000    11.635      -0.003      3.755   -0.001    0.009     19.231  -4.10  -1.86  61.783  -205.571   0.730
 120 dfch             33.32  0.0  -0.000    10.724      -0.002      2.527   -0.001    0.007     14.898  -4.10  -1.86  58.250  -201.074   0.572
 121 chv              33.32  0.0  -0.000    10.724      -0.002      2.527   -0.001    0.007     14.898  -4.10  -1.86  58.250  -201.074   0.572
 122 dfch             33.47  0.0  -0.000     9.835      -0.001      1.554   -0.001    0.005     10.659  -4.10  -1.86  54.424  -196.605   0.414
 123 ge               33.47  0.0  -0.000     9.835      -0.001      1.554   -0.001    0.005     10.659  -4.10  -1.86  54.424  -196.605   0.414
 124 dl4bg3a          33.49  0.0  -0.000     9.728      -0.001      1.452   -0.001    0.005     10.148  -4.10  -1.86  53.937  -196.062   0.395
 125 gs               33.49  0.0  -0.000     9.728      -0.001      1.452   -0.001    0.005     10.148  -4.10  -1.86  53.937  -196.062   0.395
 126 b1sp01           36.11  0.5   0.366     7.488      -8.320     -7.187    2.881  -16.531    -56.543  -4.10  -1.86  -60.654  -120.504  -2.692
 127 dm1ag3a          36.47  0.0   0.717     9.131     -14.695    -12.923    3.579  -19.389    -64.486  -4.10  -1.86  -83.754  -110.507  -3.161
 128 sq2hsp01         36.62  0.0   0.914     9.817     -17.924    -16.038    3.854  -20.353    -67.607  -4.10  -1.86  -93.753  -106.455  -3.354
 129 chv              36.62  0.0   0.914     9.817     -17.924    -16.038    3.854  -20.353    -67.607  -4.10  -1.86  -93.753  -106.455  -3.354
 130 sm3              36.62  1.5   0.914     9.817     -17.924    -16.038    3.854  -20.353    -67.607  -4.10  -1.86  -93.753  -106.455  -3.354
 131 sq2hsp01         36.77  0.0   1.146    10.504     -21.599    -19.684    4.121  -20.922    -70.774  -4.10  -1.86  -104.385  -101.113  -3.553
 132 dm1bg3a          37.08  0.0   1.750    11.920     -30.513    -28.986    4.654  -21.603    -77.063  -4.10  -1.86  -127.443  -90.228  -3.965
 133 ge               37.08  0.0   1.750    11.920     -30.513    -28.986    4.654  -21.603    -77.063  -4.10  -1.86  -127.443  -90.228  -3.965
 134 gs               37.08  0.0   1.750    11.920     -30.513    -28.986    4.654  -21.603    -77.063  -4.10  -1.86  -127.443  -90.228  -3.965
 135 qm1sp01          37.33 -1.0   2.557    13.023     -42.234    -41.492    4.917  -20.753    -79.804  -3.95  -2.16  -155.128  -76.227  -4.418
 136 dm2a2g4b         37.53  0.0   3.549    13.775     -56.618    -56.993    4.942  -18.783    -79.365  -3.95  -2.16  -186.228  -61.780  -4.882
 137 sm1a             37.73 -1.5   4.772    14.380     -72.310    -75.206    4.886  -18.030    -76.990  -3.95  -2.16  -215.340  -53.693  -5.292
 138 dm2b2g4b         38.31  0.0   9.879    15.299    -125.025   -145.630    4.347  -19.732    -64.080  -3.95  -2.16  -291.885  -46.066  -6.314
 139 bpm              38.31  0.0   9.879    15.299    -125.025   -145.630    4.347  -19.732    -64.080  -3.95  -2.16  -291.885  -46.066  -6.314
 140 dbpm             38.40  0.0  10.870    15.329    -134.439   -158.985    4.228  -19.843    -61.836  -3.95  -2.16  -303.997  -44.869  -6.468
 141 qm2sp01          38.65  1.0  12.409    15.324    -143.046   -176.684    4.044  -21.254    -57.576  -4.69  -1.92  -309.462  -45.980  -6.582
 142 dm2cg4a          38.85  0.0  12.407    15.315    -134.032   -172.063    4.039  -23.346    -56.012  -4.69  -1.92  -289.963  -50.505  -6.410
 143 sm2              39.10  1.5  12.407    15.315    -133.362   -171.622    4.039  -22.482    -55.869  -4.69  -1.92  -288.514  -48.637  -6.394
 144 dm2cg4b          39.30  0.0  12.409    15.325    -141.304   -175.536    4.044  -19.008    -57.204  -4.69  -1.92  -305.696  -41.122  -6.539
 145 qm2sp01          39.55  1.0  10.870    15.329    -131.705   -157.182    4.228  -15.751    -61.139  -5.37  -1.65  -297.819  -35.618  -6.395
 146 dm2b2g4a         40.07  0.0   5.856    14.736     -81.052    -88.322    4.796  -10.733    -72.336  -5.37  -1.65  -225.385  -29.845  -5.424
 147 sm1b             40.27 -1.5   4.443    14.242     -63.430    -67.461    4.907  -10.702    -74.505  -5.37  -1.65  -193.479  -32.644  -4.978
 148 dm2a2g4a         40.53  0.0   2.963    13.370     -42.500    -44.551    4.939  -12.845    -74.248  -5.37  -1.65  -148.530  -44.890  -4.302
 149 bpm              40.53  0.0   2.963    13.370     -42.500    -44.551    4.939  -12.845    -74.248  -5.37  -1.65  -148.530  -44.890  -4.302
 150 dbpm             40.62  0.0   2.556    13.023     -36.706    -38.274    4.917  -13.414    -73.630  -5.37  -1.65  -134.833  -49.272  -4.076
 151 qm1sp01          40.87 -1.0   1.750    11.920     -25.286    -25.941    4.654  -14.027    -68.986  -5.25  -1.98  -105.620  -58.592  -3.549
 152 dm1eg4b          41.09  0.0   1.304    10.917     -18.964    -19.186    4.279  -13.736    -62.964  -5.25  -1.98  -87.645  -63.481  -3.184
 153 dfch             41.24  0.0   1.049    10.230     -15.294    -15.343    4.016  -13.415    -58.721  -5.25  -1.98  -76.224  -66.861  -2.934
 154 sm3              41.24  1.5   1.049    10.230     -15.294    -15.343    4.016  -13.415    -58.721  -5.25  -1.98  -76.224  -66.861  -2.934
 155 chv              41.24  0.0   1.049    10.230     -15.294    -15.343    4.016  -13.415    -58.721  -5.25  -1.98  -76.224  -66.861  -2.934
 156 dfch             41.39  0.0   0.832     9.543     -12.174    -12.103    3.745  -12.736    -54.511  -5.25  -1.98  -65.835  -68.878  -2.691
 157 ge               41.39  0.0   0.832     9.543     -12.174    -12.103    3.745  -12.736    -54.511  -5.25  -1.98  -65.835  -68.878  -2.691
 158 gs               41.39  0.0   0.832     9.543     -12.174    -12.103    3.745  -12.736    -54.511  -5.25  -1.98  -65.835  -68.878  -2.691
 159 dm1dg5b          41.45  0.0   0.760     9.290     -11.133    -11.039    3.643  -12.470    -52.930  -5.25  -1.98  -62.161  -69.626  -2.602
 160 dpwg5b           41.65  0.0   0.537     8.381      -7.847     -7.742    3.268  -11.440    -47.095  -5.25  -1.98  -49.626  -72.348  -2.278
 161 dm1cg5b          41.85  0.0   0.366     7.486      -5.244     -5.217    2.881  -10.299    -41.062  -5.25  -1.98  -38.235  -75.098  -1.955
 162 b1sp01           44.47  0.5  -0.000     9.732      -0.001      7.507   -0.002    0.011     52.447  -5.25  -1.98   5.550  -112.502   2.039
 163 ge               44.47  0.0  -0.000     9.732      -0.001      7.507   -0.002    0.011     52.447  -5.25  -1.98   5.550  -112.502   2.039
 164 dh4cg6b          44.67  0.0  -0.001    10.936      -0.000     10.661   -0.003    0.013     60.773  -5.25  -1.98   0.779  -115.466   2.327
 165 gs               44.67  0.0  -0.001    10.936      -0.000     10.661   -0.003    0.013     60.773  -5.25  -1.98   0.779  -115.466   2.327
 166 dfch             44.82  0.0  -0.001    11.852       0.000     13.519   -0.003    0.014     67.084  -5.25  -1.98  -3.505  -117.674   2.541
 167 chv              44.82  0.0  -0.001    11.852       0.000     13.519   -0.003    0.014     67.084  -5.25  -1.98  -3.505  -117.674   2.541
 168 dfch             44.97  0.0  -0.001    12.788       0.001     16.870   -0.004    0.016     73.529  -5.25  -1.98  -8.431  -119.894   2.754
 169 dh4bg6b          45.05  0.0  -0.001    13.276       0.002     18.799   -0.004    0.017     76.895  -5.25  -1.98  -11.215  -121.041   2.864
 170 sh4              45.25 -1.5  -0.001    14.562       0.003     24.500   -0.004    0.019     85.793  -5.25  -1.98  -19.226  -124.028   3.148
 171 dh4ag6b          45.33  0.0  -0.001    15.133       0.004     27.330   -0.004    0.020     89.763  -5.25  -1.98  -23.091  -125.340   3.273
 172 bpm              45.33  0.0  -0.001    15.133       0.004     27.330   -0.004    0.020     89.763  -5.25  -1.98  -23.091  -125.340   3.273
 173 dbpm             45.42  0.0  -0.001    15.710       0.004     30.376   -0.005    0.021     93.782  -5.25  -1.98  -27.174  -126.657   3.397
 174 qh3sp01          45.67 -1.0  -0.002    17.297       0.009     47.368   -0.005    0.022     98.980  -4.81  -2.90  -45.562  -113.049   3.959
 175 dh3bg6b          45.87  0.0  -0.003    18.164       0.015     72.093   -0.005    0.020     95.381  -4.81  -2.90  -68.232  -91.020   4.565
 176 sh3              46.07 -1.5  -0.005    18.598       0.024    105.160   -0.004    0.018     88.515  -4.81  -2.90  -95.749  -70.821   5.188
 177 dh3ag6b          46.26  0.0  -0.007    18.584       0.035    144.752   -0.004    0.015     79.675  -4.81  -2.90  -125.891  -53.881   5.779
 178 qh2sp01          46.66  1.0  -0.009    17.719       0.046    179.584   -0.003    0.012     67.704  -6.32  -2.33  -152.408  -38.260   6.223
 179 dh2cg6b          46.81  0.0  -0.008    17.360       0.043    167.283   -0.003    0.011     66.651  -6.32  -2.33  -145.010  -37.850   6.083
 180 sh2              47.01  0.0  -0.007    16.882       0.039    151.787   -0.003    0.011     65.253  -6.32  -2.33  -135.423  -37.288   5.895
 181 dh2bg6b          47.19  0.0  -0.007    16.447       0.035    138.525   -0.003    0.010     63.980  -6.32  -2.33  -126.952  -36.759   5.724
 182 dsch             47.29  0.0  -0.006    16.209       0.033    131.604   -0.003    0.010     63.282  -6.32  -2.33  -122.423  -36.463   5.630
 183 chv              47.29  0.0  -0.006    16.209       0.033    131.604   -0.003    0.010     63.282  -6.32  -2.33  -122.423  -36.463   5.630
 184 dsch             47.39  0.0  -0.006    15.971       0.032    124.921   -0.003    0.010     62.584  -6.32  -2.33  -117.973  -36.163   5.536
 185 dh2ag6b          47.52  0.0  -0.006    15.655       0.029    116.428   -0.003    0.009     61.656  -6.32  -2.33  -112.199  -35.758   5.412
 186 qh1sp01          47.77 -1.0  -0.005    15.065       0.028    108.405   -0.003    0.008     58.646  -6.04  -2.48  -107.157  -33.001   5.293
 187 dh1ag6b          47.86  0.0  -0.005    14.863       0.028    108.126   -0.003    0.008     57.187  -6.04  -2.48  -107.333  -31.387   5.291
 188 bpm              47.86  0.0  -0.005    14.863       0.028    108.126   -0.003    0.008     57.187  -6.04  -2.48  -107.333  -31.387   5.291
 189 dbpm             47.95  0.0  -0.005    14.662       0.028    107.851   -0.003    0.008     55.754  -6.04  -2.48  -107.505  -29.801   5.289
 190 sh1              48.15  1.5  -0.005    14.209       0.028    107.238   -0.003    0.007     52.577  -6.04  -2.48  -107.883  -26.288   5.285
 191 ge               48.15  0.0  -0.005    14.209       0.028    107.238   -0.003    0.007     52.577  -6.04  -2.48  -107.883  -26.288   5.285
 192 dh0g1a           52.80  0.0  -0.005     7.840       0.029     99.345   -0.001   -0.003     16.624  -6.04  -2.48  -112.063  12.933   5.184
 193 cav              52.80  0.0  -0.005     7.840       0.029     99.345   -0.001   -0.003     16.624  -6.04  -2.48  -112.063  12.933   5.184
