-3.00  2.21406  1.07231
-2.85  2.21280  1.07238
-2.70  2.21181  1.07247
-2.55  2.21105  1.07258
-2.40  2.21050  1.07271
-2.25  2.21011  1.07284
-2.10  2.20986  1.07298
-1.95  2.20973  1.07311
-1.80  2.20969  1.07324
-1.65  2.20972  1.07336
-1.50  2.20980  1.07347
-1.35  2.20991  1.07358
-1.20  2.21005  1.07367
-1.05  2.21020  1.07375
-0.90  2.21034  1.07382
-0.75  2.21048  1.07387
-0.60  2.21060  1.07392
-0.45  2.21071  1.07395
-0.30  2.21078  1.07398
-0.15  2.21083  1.07399
 0.00  2.21085  1.07399
 0.15  2.21083  1.07399
 0.30  2.21078  1.07398
 0.45  2.21069  1.07396
 0.60  2.21056  1.07393
 0.75  2.21040  1.07390
 0.90  2.21020  1.07387
 1.05  2.20997  1.07382
 1.20  2.20970  1.07378
 1.35  2.20939  1.07373
 1.50  2.20905  1.07368
 1.65  2.20867  1.07363
 1.80  2.20826  1.07357
 1.95  2.20782  1.07352
 2.10  2.20734  1.07346
 2.25  2.20683  1.07340
 2.40  2.20630  1.07334
 2.55  2.20573  1.07328
 2.70  2.20513  1.07322
 2.85  2.20451  1.07316
 3.00  2.20386  1.07310
