#   A_x        A_y        J_x        J_y      nu_x    nu_y
#
-2.000e+01  1.000e+00  1.044e+01  1.559e-01 0.20881 0.08037
-1.920e+01  1.000e+00  9.618e+00  1.559e-01 0.20886 0.07983
-1.840e+01  1.000e+00  8.833e+00  1.559e-01 0.20893 0.07931
-1.760e+01  1.000e+00  8.082e+00  1.559e-01 0.20901 0.07882
-1.680e+01  1.000e+00  7.364e+00  1.559e-01 0.20910 0.07836
-1.600e+01  1.000e+00  6.679e+00  1.559e-01 0.20920 0.07793
-1.520e+01  1.000e+00  6.028e+00  1.559e-01 0.20931 0.07752
-1.440e+01  1.000e+00  5.410e+00  1.559e-01 0.20942 0.07715
-1.360e+01  1.000e+00  4.826e+00  1.559e-01 0.20954 0.07679
-1.280e+01  1.000e+00  4.275e+00  1.559e-01 0.20966 0.07646
-1.200e+01  1.000e+00  3.757e+00  1.559e-01 0.20978 0.07615
-1.120e+01  1.000e+00  3.273e+00  1.559e-01 0.20990 0.07587
-1.040e+01  1.000e+00  2.822e+00  1.559e-01 0.21002 0.07561
-9.600e+00  1.000e+00  2.404e+00  1.559e-01 0.21013 0.07537
-8.800e+00  1.000e+00  2.020e+00  1.559e-01 0.21025 0.07515
-8.000e+00  1.000e+00  1.670e+00  1.559e-01 0.21035 0.07495
-7.200e+00  1.000e+00  1.352e+00  1.559e-01 0.21046 0.07477
-6.400e+00  1.000e+00  1.069e+00  1.559e-01 0.21055 0.07461
-5.600e+00  1.000e+00  8.182e-01  1.559e-01 0.21064 0.07447
-4.800e+00  1.000e+00  6.011e-01  1.559e-01 0.21071 0.07435
-4.000e+00  1.000e+00  4.174e-01  1.559e-01 0.21078 0.07425
-3.200e+00  1.000e+00  2.672e-01  1.559e-01 0.21083 0.07416
-2.400e+00  1.000e+00  1.503e-01  1.559e-01 0.21088 0.07410
-1.600e+00  1.000e+00  6.679e-02  1.559e-01 0.21091 0.07405
-8.000e-01  1.000e+00  1.670e-02  1.559e-01 0.21093 0.07402
 1.000e+00  1.000e+00  2.609e-02  1.559e-01 0.21092 0.07403
 8.000e-01  1.000e+00  1.670e-02  1.559e-01 0.21093 0.07402
 1.600e+00  1.000e+00  6.679e-02  1.559e-01 0.21091 0.07405
 2.400e+00  1.000e+00  1.503e-01  1.559e-01 0.21087 0.07410
 3.200e+00  1.000e+00  2.672e-01  1.559e-01 0.21083 0.07417
 4.000e+00  1.000e+00  4.174e-01  1.559e-01 0.21077 0.07426
 4.800e+00  1.000e+00  6.011e-01  1.559e-01 0.21069 0.07437
 5.600e+00  1.000e+00  8.182e-01  1.559e-01 0.21061 0.07451
 6.400e+00  1.000e+00  1.069e+00  1.559e-01 0.21051 0.07466
 7.200e+00  1.000e+00  1.352e+00  1.559e-01 0.21040 0.07485
 8.000e+00  1.000e+00  1.670e+00  1.559e-01 0.21028 0.07506
 8.800e+00  1.000e+00  2.020e+00  1.559e-01 0.21016 0.07530
 9.600e+00  1.000e+00  2.404e+00  1.559e-01 0.21002 0.07558
 1.040e+01  1.000e+00  2.822e+00  1.559e-01 0.20988 0.07588
 1.120e+01  1.000e+00  3.273e+00  1.559e-01 0.20974 0.07623
 1.200e+01  1.000e+00  3.757e+00  1.559e-01 0.20959 0.07661
 1.280e+01  1.000e+00  4.275e+00  1.559e-01 0.20945 0.07703
 1.360e+01  1.000e+00  4.826e+00  1.559e-01 0.20930 0.07751
 1.440e+01  1.000e+00  5.410e+00  1.559e-01 0.20916 0.07803
 1.520e+01  1.000e+00  6.028e+00  1.559e-01 0.20903 0.07861
 1.600e+01  1.000e+00  6.679e+00  1.559e-01 0.20892 0.07927
 1.680e+01  1.000e+00  7.364e+00  1.559e-01 0.20882 0.08000
 1.760e+01  1.000e+00  8.082e+00  1.559e-01 0.20875 0.08082
 1.840e+01  1.000e+00  8.833e+00  1.559e-01 0.20902 0.08254
 1.920e+01  1.000e+00  9.618e+00  1.559e-01 0.20888 0.08270
 2.000e+01  1.000e+00  1.044e+01  1.559e-01 0.20860 0.08289
