#   A_x        A_y      nu_x    nu_y
#
 1.000e+00 -1.000e+01  2.609e-02  1.559e+01 0.22031 0.07514
 1.000e+00 -9.600e+00  2.609e-02  1.437e+01 0.21944 0.07510
 1.000e+00 -9.200e+00  2.609e-02  1.320e+01 0.21864 0.07506
 1.000e+00 -8.800e+00  2.609e-02  1.207e+01 0.21790 0.07501
 1.000e+00 -8.400e+00  2.609e-02  1.100e+01 0.21722 0.07497
 1.000e+00 -8.000e+00  2.609e-02  9.978e+00 0.21658 0.07491
 1.000e+00 -7.600e+00  2.609e-02  9.005e+00 0.21599 0.07485
 1.000e+00 -7.200e+00  2.609e-02  8.082e+00 0.21544 0.07479
 1.000e+00 -6.800e+00  2.609e-02  7.209e+00 0.21493 0.07473
 1.000e+00 -6.400e+00  2.609e-02  6.386e+00 0.21445 0.07467
 1.000e+00 -6.000e+00  2.609e-02  5.613e+00 0.21401 0.07460
 1.000e+00 -5.600e+00  2.609e-02  4.889e+00 0.21360 0.07454
 1.000e+00 -5.200e+00  2.609e-02  4.216e+00 0.21321 0.07448
 1.000e+00 -4.800e+00  2.609e-02  3.592e+00 0.21286 0.07441
 1.000e+00 -4.400e+00  2.609e-02  3.018e+00 0.21254 0.07436
 1.000e+00 -4.000e+00  2.609e-02  2.495e+00 0.21224 0.07430
 1.000e+00 -3.600e+00  2.609e-02  2.021e+00 0.21198 0.07425
 1.000e+00 -3.200e+00  2.609e-02  1.597e+00 0.21174 0.07420
 1.000e+00 -2.800e+00  2.609e-02  1.222e+00 0.21153 0.07416
 1.000e+00 -2.400e+00  2.609e-02  8.980e-01 0.21134 0.07412
 1.000e+00 -2.000e+00  2.609e-02  6.236e-01 0.21119 0.07408
 1.000e+00 -1.600e+00  2.609e-02  3.991e-01 0.21106 0.07406
 1.000e+00 -1.200e+00  2.609e-02  2.245e-01 0.21096 0.07404
 1.000e+00 -8.000e-01  2.609e-02  9.978e-02 0.21089 0.07402
 1.000e+00 -4.000e-01  2.609e-02  2.495e-02 0.21085 0.07401
 1.000e+00  1.000e+00  2.609e-02  1.559e-01 0.21092 0.07403
 1.000e+00  4.000e-01  2.609e-02  2.495e-02 0.21085 0.07401
 1.000e+00  8.000e-01  2.609e-02  9.978e-02 0.21089 0.07402
 1.000e+00  1.200e+00  2.609e-02  2.245e-01 0.21096 0.07404
 1.000e+00  1.600e+00  2.609e-02  3.991e-01 0.21106 0.07406
 1.000e+00  2.000e+00  2.609e-02  6.236e-01 0.21119 0.07408
 1.000e+00  2.400e+00  2.609e-02  8.980e-01 0.21134 0.07412
 1.000e+00  2.800e+00  2.609e-02  1.222e+00 0.21153 0.07416
 1.000e+00  3.200e+00  2.609e-02  1.597e+00 0.21174 0.07420
 1.000e+00  3.600e+00  2.609e-02  2.021e+00 0.21198 0.07425
 1.000e+00  4.000e+00  2.609e-02  2.495e+00 0.21224 0.07430
 1.000e+00  4.400e+00  2.609e-02  3.018e+00 0.21254 0.07436
 1.000e+00  4.800e+00  2.609e-02  3.592e+00 0.21286 0.07441
 1.000e+00  5.200e+00  2.609e-02  4.216e+00 0.21321 0.07448
 1.000e+00  5.600e+00  2.609e-02  4.889e+00 0.21360 0.07454
 1.000e+00  6.000e+00  2.609e-02  5.613e+00 0.21401 0.07460
 1.000e+00  6.400e+00  2.609e-02  6.386e+00 0.21445 0.07467
 1.000e+00  6.800e+00  2.609e-02  7.209e+00 0.21493 0.07473
 1.000e+00  7.200e+00  2.609e-02  8.082e+00 0.21544 0.07479
 1.000e+00  7.600e+00  2.609e-02  9.005e+00 0.21599 0.07485
 1.000e+00  8.000e+00  2.609e-02  9.978e+00 0.21658 0.07491
 1.000e+00  8.400e+00  2.609e-02  1.100e+01 0.21722 0.07497
 1.000e+00  8.800e+00  2.609e-02  1.207e+01 0.21790 0.07501
 1.000e+00  9.200e+00  2.609e-02  1.320e+01 0.21864 0.07506
 1.000e+00  9.600e+00  2.609e-02  1.437e+01 0.21944 0.07510
 1.000e+00  1.000e+01  2.609e-02  1.559e+01 0.22031 0.07514
