#        name           s   code  alphax  betax   nux   etax   etapx  alphay  betay   nuy   etay   etapy    I5
#                      [m]                 [m]           [m]                   [m]           [m]
#
   0 begin             0.00000  0.0   0.000 19.165  0.000 -0.000  0.000   0.000  3.207  0.000 -0.000 -0.000  0.00e+00
   1 dh0g1a            4.65000  0.0  -0.243 20.293  0.038 -0.000  0.000  -1.450  9.949  0.154 -0.000 -0.000  0.00e+00
   2 gs                4.65000  0.0  -0.243 20.293  0.038 -0.000  0.000  -1.450  9.949  0.154 -0.000 -0.000  0.00e+00
   3 sh1               4.85000  1.5  -0.253 20.392  0.039 -0.000  0.000  -1.512 10.542  0.157 -0.000 -0.000  0.00e+00
   4 dh1ag2a           4.93750  0.0  -0.258 20.437  0.040 -0.000  0.000  -1.540 10.809  0.158 -0.000 -0.000  0.00e+00
   5 bpm               4.93750  0.0  -0.258 20.437  0.040 -0.000  0.000  -1.540 10.809  0.158 -0.000 -0.000  0.00e+00
   6 dbpm              5.02500  0.0  -0.262 20.482  0.041 -0.000  0.000  -1.567 11.081  0.160 -0.000 -0.000  0.00e+00
   7 qh1sp01           5.27500 -1.0  -3.917 21.512  0.043 -0.000 -0.000   0.339 11.392  0.163 -0.000  0.000  0.00e+00
   8 dh2ag2a           5.43250  0.0  -4.037 22.765  0.044 -0.000 -0.000   0.323 11.288  0.165 -0.000  0.000  0.00e+00
   9 sq1hsp01          5.53250  0.0  -4.113 23.580  0.045 -0.000 -0.000   0.314 11.224  0.167 -0.000  0.000  0.00e+00
  10 chv               5.53250  0.0  -4.113 23.580  0.045 -0.000 -0.000   0.314 11.224  0.167 -0.000  0.000  0.00e+00
  11 sq1hsp01          5.63250  0.0  -4.189 24.410  0.045 -0.000 -0.000   0.304 11.162  0.168 -0.000  0.000  0.00e+00
  12 dh2bg2a           5.79000  0.0  -4.308 25.748  0.046 -0.000 -0.000   0.288 11.069  0.170 -0.000  0.000  0.00e+00
  13 sh2               5.99000  0.0  -4.460 27.502  0.047 -0.000 -0.000   0.269 10.958  0.173 -0.000  0.000  0.00e+00
  14 dh2cg2a           6.14000  0.0  -4.574 28.857  0.048 -0.000 -0.000   0.254 10.879  0.175 -0.000  0.000  0.00e+00
  15 qh2sp01           6.54000  1.0  13.242 25.049  0.051 -0.000  0.000  -8.154 13.788  0.181 -0.000 -0.000  0.00e+00
  16 dh3ag2a           6.73000  0.0  11.904 20.271  0.052 -0.000  0.000  -9.084 17.063  0.183 -0.000 -0.000  0.00e+00
  17 sh3               6.93000 -1.5  10.496 15.791  0.054 -0.000  0.000 -10.063 20.892  0.185 -0.000 -0.000  0.00e+00
  18 dh3bg2a           7.12500  0.0   9.124 11.965  0.056 -0.000  0.000 -11.017 25.003  0.186 -0.000 -0.000  0.00e+00
  19 qh3sp01           7.37500 -1.0   3.438  8.941  0.060 -0.000  0.000   1.020 27.604  0.187 -0.000  0.000  0.00e+00
  20 dh4ag2a           7.46250  0.0   3.313  8.350  0.061 -0.000  0.000   1.013 27.426  0.188 -0.000  0.000  0.00e+00
  21 bpm               7.46250  0.0   3.313  8.350  0.061 -0.000  0.000   1.013 27.426  0.188 -0.000  0.000  0.00e+00
  22 dbpm              7.55000  0.0   3.187  7.782  0.063 -0.000  0.000   1.007 27.249  0.188 -0.000  0.000  0.00e+00
  23 sh4               7.75000 -1.5   2.900  6.564  0.068 -0.000  0.000   0.992 26.849  0.190 -0.000  0.000  0.00e+00
  24 dh4bg2a           7.99850  0.0   2.544  5.211  0.074 -0.000  0.000   0.973 26.361  0.191 -0.000  0.000  0.00e+00
  25 dfch              8.14850  0.0   2.329  4.480  0.079 -0.000  0.000   0.962 26.071  0.192 -0.000  0.000  0.00e+00
  26 chv               8.14850  0.0   2.329  4.480  0.079 -0.000  0.000   0.962 26.071  0.192 -0.000  0.000  0.00e+00
  27 dfch              8.29850  0.0   2.114  3.814  0.085 -0.000  0.000   0.951 25.784  0.193 -0.000  0.000  0.00e+00
  28 ge                8.29850  0.0   2.114  3.814  0.085 -0.000  0.000   0.951 25.784  0.193 -0.000  0.000  0.00e+00
  29 dh4cg3a           8.33000  0.0   2.069  3.682  0.086 -0.000  0.000   0.949 25.724  0.193 -0.000  0.000  0.00e+00
  30 gs                8.33000  0.0   2.069  3.682  0.086 -0.000  0.000   0.949 25.724  0.193 -0.000  0.000  0.00e+00
  31 b1sp01           10.95000  0.5  -1.681  2.668  0.429  0.137  0.105   0.843 21.004  0.211 -0.000  0.000  0.00e+00
  32 dm1ag3a          11.31500  0.0  -2.204  4.087  0.447  0.175  0.105   0.813 20.400  0.214 -0.000  0.000  0.00e+00
  33 dfch             11.46500  0.0  -2.419  4.780  0.452  0.191  0.105   0.801 20.158  0.215 -0.000  0.000  0.00e+00
  34 chv              11.46500  0.0  -2.419  4.780  0.452  0.191  0.105   0.801 20.158  0.215 -0.000  0.000  0.00e+00
  35 sm3              11.46500  1.5  -2.419  4.780  0.452  0.191  0.105   0.801 20.158  0.215 -0.000  0.000  0.00e+00
  36 dfch             11.61500  0.0  -2.635  5.538  0.457  0.207  0.105   0.788 19.919  0.216 -0.000  0.000  0.00e+00
  37 dm1bg3a          11.92500  0.0  -3.079  7.310  0.465  0.239  0.105   0.763 19.438  0.219 -0.000  0.000  0.00e+00
  38 ge               11.92500  0.0  -3.079  7.310  0.465  0.239  0.105   0.763 19.438  0.219 -0.000  0.000  0.00e+00
  39 gs               11.92500  0.0  -3.079  7.310  0.465  0.239  0.105   0.763 19.438  0.219 -0.000  0.000  0.00e+00
  40 qm1sp01          12.17500 -1.0  -5.387  9.389  0.470  0.272  0.159   4.641 18.063  0.221 -0.000  0.000  0.00e+00
  41 dm2ag4a          12.37500  0.0  -6.027 11.672  0.473  0.304  0.159   4.391 16.257  0.223 -0.000  0.000  0.00e+00
  42 sm1a             12.57500 -1.5  -6.666 14.211  0.475  0.336  0.159   4.142 14.550  0.225 -0.000  0.000  0.00e+00
  43 dm2bg4a          13.15750  0.0  -8.529 23.062  0.480  0.428  0.159   3.415 10.149  0.232 -0.000  0.000  0.00e+00
  44 bpm              13.15750  0.0  -8.529 23.062  0.480  0.428  0.159   3.415 10.149  0.232 -0.000  0.000  0.00e+00
  45 dbpm             13.24500  0.0  -8.809 24.579  0.481  0.442  0.159   3.306  9.560  0.234 -0.000  0.000  0.00e+00
  46 qm2sp01          13.49500  1.0   0.012 26.845  0.482  0.462  0.000   0.037  8.748  0.238 -0.000  0.000  0.00e+00
  47 dm2cg4a          13.69500  0.0   0.004 26.841  0.484  0.462  0.000   0.014  8.738  0.242 -0.000  0.000  0.00e+00
  48 sm2              13.94500  1.5  -0.005 26.841  0.485  0.462  0.000  -0.014  8.738  0.246 -0.000  0.000  0.00e+00
  49 dm2cg4b          14.14500  0.0  -0.012 26.845  0.486  0.462  0.000  -0.037  8.748  0.250 -0.000  0.000  0.00e+00
  50 qm2sp01          14.39500  1.0   8.808 24.580  0.488  0.442 -0.159  -3.305  9.560  0.255 -0.000 -0.000  0.00e+00
  51 dm2bg4b          14.91500  0.0   7.146 16.284  0.492  0.360 -0.159  -3.954 13.335  0.262 -0.000 -0.000  0.00e+00
  52 sm1b             15.11500 -1.5   6.506 13.553  0.494  0.328 -0.159  -4.203 14.966  0.264 -0.000 -0.000  0.00e+00
  53 dm2ag4b          15.37750  0.0   5.667 10.358  0.498  0.286 -0.159  -4.531 17.259  0.267 -0.000 -0.000  0.00e+00
  54 bpm              15.37750  0.0   5.667 10.358  0.498  0.286 -0.159  -4.531 17.259  0.267 -0.000 -0.000  0.00e+00
  55 dbpm             15.46500  0.0   5.387  9.391  0.499  0.272 -0.159  -4.640 18.062  0.268 -0.000 -0.000  0.00e+00
  56 qm1sp01          15.71500 -1.0   3.079  7.311  0.504  0.239 -0.105  -0.763 19.437  0.270 -0.000  0.000  0.00e+00
  57 dm1eg4b          15.93460  0.0   2.764  6.028  0.509  0.216 -0.105  -0.781 19.776  0.271 -0.000  0.000  0.00e+00
  58 dfch             16.08460  0.0   2.549  5.231  0.513  0.201 -0.105  -0.793 20.012  0.273 -0.000  0.000  0.00e+00
  59 sm3              16.08460  1.5   2.549  5.231  0.513  0.201 -0.105  -0.793 20.012  0.273 -0.000  0.000  0.00e+00
  60 chv              16.08460  0.0   2.549  5.231  0.513  0.201 -0.105  -0.793 20.012  0.273 -0.000  0.000  0.00e+00
  61 dfch             16.23460  0.0   2.334  4.498  0.518  0.185 -0.105  -0.805 20.251  0.274 -0.000  0.000  0.00e+00
  62 ge               16.23460  0.0   2.334  4.498  0.518  0.185 -0.105  -0.805 20.251  0.274 -0.000  0.000  0.00e+00
  63 gs               16.23460  0.0   2.334  4.498  0.518  0.185 -0.105  -0.805 20.251  0.274 -0.000  0.000  0.00e+00
  64 dm1dg5b          16.29000  0.0   2.255  4.244  0.520  0.179 -0.105  -0.810 20.341  0.274 -0.000  0.000  0.00e+00
  65 dpwg5b           16.49000  0.0   1.968  3.399  0.529  0.158 -0.105  -0.826 20.668  0.276 -0.000  0.000  0.00e+00
  66 dm1cg5b          16.69000  0.0   1.681  2.669  0.539  0.137 -0.105  -0.842 21.002  0.277 -0.000  0.000  0.00e+00
  67 b1sp01           19.31000  0.5  -2.068  3.680  0.882 -0.000 -0.000  -0.949 25.719  0.295 -0.000  0.000  0.00e+00
  68 ge               19.31000  0.0  -2.068  3.680  0.882 -0.000 -0.000  -0.949 25.719  0.295 -0.000  0.000  0.00e+00
  69 dl4bg6b          19.52780  0.0  -2.380  4.648  0.891 -0.000 -0.000  -0.965 26.136  0.297 -0.000  0.000  0.00e+00
  70 gs               19.52780  0.0  -2.380  4.648  0.891 -0.000 -0.000  -0.965 26.136  0.297 -0.000  0.000  0.00e+00
  71 dfch             19.67780  0.0  -2.595  5.395  0.895 -0.000 -0.000  -0.976 26.427  0.298 -0.000  0.000  0.00e+00
  72 chv              19.67780  0.0  -2.595  5.395  0.895 -0.000 -0.000  -0.976 26.427  0.298 -0.000  0.000  0.00e+00
  73 dfch             19.82780  0.0  -2.810  6.205  0.899 -0.000 -0.000  -0.987 26.722  0.298 -0.000  0.000  0.00e+00
  74 dl4ag6b          19.91000  0.0  -2.928  6.677  0.901 -0.000 -0.000  -0.993 26.884  0.299 -0.000  0.000  0.00e+00
  75 ql3sp01          20.16000 -1.0  -6.619  8.990  0.907 -0.000 -0.000   8.844 24.856  0.300 -0.000  0.000  0.00e+00
  76 dbpm             20.24750  0.0  -7.055 10.186  0.908 -0.000 -0.000   8.565 23.333  0.301 -0.000  0.000  0.00e+00
  77 bpm              20.24750  0.0  -7.055 10.186  0.908 -0.000 -0.000   8.565 23.333  0.301 -0.000  0.000  0.00e+00
  78 dl3bg6b          20.33500  0.0  -7.491 11.459  0.909 -0.000 -0.000   8.286 21.859  0.302 -0.000  0.000  0.00e+00
  79 sl3              20.53500 -1.5  -8.488 14.655  0.912 -0.000 -0.000   7.649 18.672  0.303 -0.000  0.000  0.00e+00
  80 dl3ag6b          21.14860  0.0 -11.546 26.947  0.917 -0.000 -0.000   5.693 10.485  0.310 -0.000  0.000  0.00e+00
  81 ql2sp01          21.54860  1.0  10.731 27.313  0.919 -0.000  0.000  -2.115  9.189  0.317 -0.000  0.000  0.00e+00
  82 dl2cg6b          21.79860  0.0   9.668 22.214  0.921 -0.000  0.000  -2.263 10.283  0.321 -0.000  0.000  0.00e+00
  83 sl2              21.99860  1.5   8.817 18.517  0.922 -0.000  0.000  -2.383 11.213  0.324 -0.000  0.000  0.00e+00
  84 dl2bg6b          22.13610  0.0   8.232 16.172  0.923 -0.000  0.000  -2.464 11.879  0.326 -0.000  0.000  0.00e+00
  85 dsch             22.23610  0.0   7.807 14.568  0.924 -0.000  0.000  -2.524 12.378  0.327 -0.000  0.000  0.00e+00
  86 chv              22.23610  0.0   7.807 14.568  0.924 -0.000  0.000  -2.524 12.378  0.327 -0.000  0.000  0.00e+00
  87 dsch             22.33610  0.0   7.382 13.049  0.926 -0.000  0.000  -2.583 12.889  0.329 -0.000  0.000  0.00e+00
  88 dl2ag6b          22.47360  0.0   6.797 11.100  0.927 -0.000  0.000  -2.665 13.610  0.330 -0.000  0.000  0.00e+00
  89 ql1sp01          22.72360 -1.0   1.929  8.995  0.932 -0.000  0.000   3.357 13.431  0.333 -0.000  0.000  0.00e+00
  90 dl1ag6b          22.81110  0.0   1.883  8.662  0.933 -0.000  0.000   3.277 12.850  0.334 -0.000  0.000  0.00e+00
  91 bpm              22.81110  0.0   1.883  8.662  0.933 -0.000  0.000   3.277 12.850  0.334 -0.000  0.000  0.00e+00
  92 dbpm             22.89860  0.0   1.838  8.336  0.935 -0.000  0.000   3.197 12.284  0.335 -0.000  0.000  0.00e+00
  93 sl1              23.09860  1.5   1.733  7.622  0.939 -0.000  0.000   3.014 11.042  0.338 -0.000  0.000  0.00e+00
  94 ge               23.09860  0.0   1.733  7.622  0.939 -0.000  0.000   3.014 11.042  0.338 -0.000  0.000  0.00e+00
  95 gs               23.09860  0.0   1.733  7.622  0.939 -0.000  0.000   3.014 11.042  0.338 -0.000  0.000  0.00e+00
  96 dl0g1a           26.39860  0.0  -0.000  1.905  1.105 -0.000  0.000   0.000  1.095  0.537  0.000  0.000  0.00e+00
  97 dl0g1a           29.69860  0.0  -1.733  7.622  1.272 -0.000  0.000  -3.014 11.042  0.736  0.000  0.000  0.00e+00
  98 ge               29.69860  0.0  -1.733  7.622  1.272 -0.000  0.000  -3.014 11.042  0.736  0.000  0.000  0.00e+00
  99 gs               29.69860  0.0  -1.733  7.622  1.272 -0.000  0.000  -3.014 11.042  0.736  0.000  0.000  0.00e+00
 100 sl1              29.89860  1.5  -1.838  8.336  1.276 -0.000  0.000  -3.197 12.284  0.739  0.000  0.000  0.00e+00
 101 dl1ag2a          29.98610  0.0  -1.883  8.662  1.278 -0.000  0.000  -3.277 12.850  0.740  0.000  0.000  0.00e+00
 102 bpm              29.98610  0.0  -1.883  8.662  1.278 -0.000  0.000  -3.277 12.850  0.740  0.000  0.000  0.00e+00
 103 dbpm             30.07360  0.0  -1.929  8.995  1.279 -0.000  0.000  -3.357 13.431  0.741  0.000  0.000  0.00e+00
 104 ql1sp01          30.32360 -1.0  -6.797 11.100  1.283 -0.000 -0.000   2.665 13.610  0.744  0.000 -0.000  0.00e+00
 105 dl2ag2a          30.46110  0.0  -7.382 13.049  1.285 -0.000 -0.000   2.583 12.889  0.745  0.000 -0.000  0.00e+00
 106 dsch             30.56110  0.0  -7.807 14.568  1.286 -0.000 -0.000   2.524 12.378  0.747  0.000 -0.000  0.00e+00
 107 chv              30.56110  0.0  -7.807 14.568  1.286 -0.000 -0.000   2.524 12.378  0.747  0.000 -0.000  0.00e+00
 108 dsch             30.66110  0.0  -8.232 16.172  1.287 -0.000 -0.000   2.464 11.879  0.748  0.000 -0.000  0.00e+00
 109 dl2bg2a          30.79860  0.0  -8.817 18.517  1.289 -0.000 -0.000   2.383 11.213  0.750  0.000 -0.000  0.00e+00
 110 sl2              30.99860  1.5  -9.668 22.214  1.290 -0.000 -0.000   2.263 10.283  0.753  0.000 -0.000  0.00e+00
 111 dl2cg2a          31.24860  0.0 -10.731 27.313  1.292 -0.000 -0.000   2.115  9.189  0.757  0.000 -0.000  0.00e+00
 112 ql2sp01          31.64860  1.0  11.546 26.947  1.294 -0.000  0.000  -5.693 10.485  0.764  0.000  0.000  0.00e+00
 113 dl3ag2a          32.26220  0.0   8.488 14.655  1.299 -0.000  0.000  -7.649 18.672  0.771  0.000  0.000  0.00e+00
 114 sl3              32.46220 -1.5   7.491 11.459  1.301 -0.000  0.000  -8.286 21.859  0.772  0.000  0.000  0.00e+00
 115 dl3bg2a          32.54970  0.0   7.055 10.186  1.303 -0.000  0.000  -8.565 23.333  0.773  0.000  0.000  0.00e+00
 116 bpm              32.54970  0.0   7.055 10.186  1.303 -0.000  0.000  -8.565 23.333  0.773  0.000  0.000  0.00e+00
 117 dbpm             32.63720  0.0   6.619  8.990  1.304 -0.000  0.000  -8.844 24.856  0.774  0.000  0.000  0.00e+00
 118 ql3sp01          32.88720 -1.0   2.928  6.677  1.309 -0.000  0.000   0.993 26.884  0.775  0.000 -0.000  0.00e+00
 119 dl4ag2a          33.16890  0.0   2.524  5.141  1.317 -0.000  0.000   0.972 26.331  0.777  0.000 -0.000  0.00e+00
 120 dfch             33.31890  0.0   2.309  4.416  1.322 -0.000  0.000   0.961 26.041  0.778  0.000 -0.000  0.00e+00
 121 chv              33.31890  0.0   2.309  4.416  1.322 -0.000  0.000   0.961 26.041  0.778  0.000 -0.000  0.00e+00
 122 dfch             33.46890  0.0   2.094  3.756  1.328 -0.000  0.000   0.950 25.754  0.779  0.000 -0.000  0.00e+00
 123 ge               33.46890  0.0   2.094  3.756  1.328 -0.000  0.000   0.950 25.754  0.779  0.000 -0.000  0.00e+00
 124 dl4bg3a          33.48720  0.0   2.068  3.680  1.329 -0.000  0.000   0.949 25.719  0.779  0.000 -0.000  0.00e+00
 125 gs               33.48720  0.0   2.068  3.680  1.329 -0.000  0.000   0.949 25.719  0.779  0.000 -0.000  0.00e+00
 126 b1sp01           36.10720  0.5  -1.681  2.669  1.672  0.137  0.105   0.842 21.002  0.797  0.000 -0.000  0.00e+00
 127 dm1ag3a          36.47220  0.0  -2.204  4.088  1.689  0.175  0.105   0.813 20.398  0.800  0.000 -0.000  0.00e+00
 128 sq2hsp01         36.62220  0.0  -2.420  4.781  1.695  0.191  0.105   0.800 20.156  0.801  0.000 -0.000  0.00e+00
 129 chv              36.62220  0.0  -2.420  4.781  1.695  0.191  0.105   0.800 20.156  0.801  0.000 -0.000  0.00e+00
 130 sm3              36.62220  1.5  -2.420  4.781  1.695  0.191  0.105   0.800 20.156  0.801  0.000 -0.000  0.00e+00
 131 sq2hsp01         36.77220  0.0  -2.635  5.540  1.699  0.207  0.105   0.788 19.917  0.802  0.000 -0.000  0.00e+00
 132 dm1bg3a          37.08220  0.0  -3.079  7.311  1.707  0.239  0.105   0.763 19.437  0.804  0.000 -0.000  0.00e+00
 133 ge               37.08220  0.0  -3.079  7.311  1.707  0.239  0.105   0.763 19.437  0.804  0.000 -0.000  0.00e+00
 134 gs               37.08220  0.0  -3.079  7.311  1.707  0.239  0.105   0.763 19.437  0.804  0.000 -0.000  0.00e+00
 135 qm1sp01          37.33220 -1.0  -5.387  9.391  1.712  0.272  0.159   4.640 18.062  0.806  0.000 -0.000  0.00e+00
 136 dm2a2g4b         37.53220  0.0  -6.027 11.673  1.715  0.304  0.159   4.391 16.255  0.808  0.000 -0.000  0.00e+00
 137 sm1a             37.73220 -1.5  -6.666 14.212  1.717  0.336  0.159   4.141 14.549  0.810  0.000 -0.000  0.00e+00
 138 dm2b2g4b         38.31470  0.0  -8.528 23.063  1.723  0.428  0.159   3.414 10.148  0.818  0.000 -0.000  0.00e+00
 139 bpm              38.31470  0.0  -8.528 23.063  1.723  0.428  0.159   3.414 10.148  0.818  0.000 -0.000  0.00e+00
 140 dbpm             38.40220  0.0  -8.808 24.580  1.723  0.442  0.159   3.305  9.560  0.819  0.000 -0.000  0.00e+00
 141 qm2sp01          38.65220  1.0   0.012 26.845  1.725  0.462 -0.000   0.037  8.748  0.824  0.000 -0.000  0.00e+00
 142 dm2cg4a          38.85220  0.0   0.005 26.841  1.726  0.462 -0.000   0.014  8.738  0.828  0.000 -0.000  0.00e+00
 143 sm2              39.10220  1.5  -0.004 26.841  1.727  0.462 -0.000  -0.014  8.738  0.832  0.000 -0.000  0.00e+00
 144 dm2cg4b          39.30220  0.0  -0.012 26.845  1.728  0.462 -0.000  -0.037  8.748  0.836  0.000 -0.000  0.00e+00
 145 qm2sp01          39.55220  1.0   8.809 24.579  1.730  0.442 -0.159  -3.306  9.560  0.840  0.000 -0.000  0.00e+00
 146 dm2b2g4a         40.07220  0.0   7.146 16.283  1.734  0.360 -0.159  -3.954 13.336  0.847  0.000 -0.000  0.00e+00
 147 sm1b             40.27220 -1.5   6.506 13.552  1.736  0.328 -0.159  -4.204 14.967  0.850  0.000 -0.000  0.00e+00
 148 dm2a2g4a         40.53470  0.0   5.667 10.357  1.740  0.286 -0.159  -4.531 17.260  0.852  0.000 -0.000  0.00e+00
 149 bpm              40.53470  0.0   5.667 10.357  1.740  0.286 -0.159  -4.531 17.260  0.852  0.000 -0.000  0.00e+00
 150 dbpm             40.62220  0.0   5.387  9.389  1.741  0.272 -0.159  -4.641 18.063  0.853  0.000 -0.000  0.00e+00
 151 qm1sp01          40.87220 -1.0   3.079  7.310  1.746  0.239 -0.105  -0.763 19.438  0.855  0.000 -0.000  0.00e+00
 152 dm1eg4b          41.09180  0.0   2.764  6.026  1.751  0.216 -0.105  -0.781 19.777  0.857  0.000 -0.000  0.00e+00
 153 dfch             41.24180  0.0   2.549  5.229  1.756  0.201 -0.105  -0.793 20.014  0.858  0.000 -0.000  0.00e+00
 154 sm3              41.24180  1.5   2.549  5.229  1.756  0.201 -0.105  -0.793 20.014  0.858  0.000 -0.000  0.00e+00
 155 chv              41.24180  0.0   2.549  5.229  1.756  0.201 -0.105  -0.793 20.014  0.858  0.000 -0.000  0.00e+00
 156 dfch             41.39180  0.0   2.334  4.497  1.761  0.185 -0.105  -0.805 20.253  0.859  0.000 -0.000  0.00e+00
 157 ge               41.39180  0.0   2.334  4.497  1.761  0.185 -0.105  -0.805 20.253  0.859  0.000 -0.000  0.00e+00
 158 gs               41.39180  0.0   2.334  4.497  1.761  0.185 -0.105  -0.805 20.253  0.859  0.000 -0.000  0.00e+00
 159 dm1dg5b          41.44720  0.0   2.255  4.243  1.763  0.179 -0.105  -0.810 20.343  0.860  0.000 -0.000  0.00e+00
 160 dpwg5b           41.64720  0.0   1.968  3.398  1.771  0.158 -0.105  -0.826 20.670  0.861  0.000 -0.000  0.00e+00
 161 dm1cg5b          41.84720  0.0   1.681  2.668  1.781  0.137 -0.105  -0.843 21.004  0.863  0.000 -0.000  0.00e+00
 162 b1sp01           44.46720  0.5  -2.069  3.682  2.124 -0.000 -0.000  -0.949 25.724  0.881 -0.000 -0.000  0.00e+00
 163 ge               44.46720  0.0  -2.069  3.682  2.124 -0.000 -0.000  -0.949 25.724  0.881 -0.000 -0.000  0.00e+00
 164 dh4cg6b          44.67006  0.0  -2.360  4.580  2.132 -0.000 -0.000  -0.964 26.112  0.882 -0.000 -0.000  0.00e+00
 165 gs               44.67006  0.0  -2.360  4.580  2.132 -0.000 -0.000  -0.964 26.112  0.882 -0.000 -0.000  0.00e+00
 166 dfch             44.82006  0.0  -2.575  5.321  2.137 -0.000 -0.000  -0.975 26.403  0.883 -0.000 -0.000  0.00e+00
 167 chv              44.82006  0.0  -2.575  5.321  2.137 -0.000 -0.000  -0.975 26.403  0.883 -0.000 -0.000  0.00e+00
 168 dfch             44.97006  0.0  -2.790  6.125  2.141 -0.000 -0.000  -0.986 26.697  0.884 -0.000 -0.000  0.00e+00
 169 dh4bg6b          45.04720  0.0  -2.900  6.564  2.143 -0.000 -0.000  -0.992 26.849  0.884 -0.000 -0.000  0.00e+00
 170 sh4              45.24720 -1.5  -3.187  7.782  2.148 -0.000 -0.000  -1.007 27.249  0.886 -0.000 -0.000  0.00e+00
 171 dh4ag6b          45.33470  0.0  -3.313  8.350  2.149 -0.000 -0.000  -1.013 27.426  0.886 -0.000 -0.000  0.00e+00
 172 bpm              45.33470  0.0  -3.313  8.350  2.149 -0.000 -0.000  -1.013 27.426  0.886 -0.000 -0.000  0.00e+00
 173 dbpm             45.42220  0.0  -3.438  8.941  2.151 -0.000 -0.000  -1.020 27.604  0.887 -0.000 -0.000  0.00e+00
 174 qh3sp01          45.67220 -1.0  -9.124 11.965  2.155 -0.000 -0.000  11.017 25.003  0.888 -0.000  0.000  0.00e+00
 175 dh3bg6b          45.86720  0.0 -10.496 15.791  2.157 -0.000 -0.000  10.063 20.892  0.889 -0.000  0.000  0.00e+00
 176 sh3              46.06720 -1.5 -11.904 20.271  2.159 -0.000 -0.000   9.084 17.063  0.891 -0.000  0.000  0.00e+00
 177 dh3ag6b          46.25720  0.0 -13.242 25.049  2.160 -0.000 -0.000   8.154 13.788  0.893 -0.000  0.000  0.00e+00
 178 qh2sp01          46.65720  1.0   4.574 28.857  2.163 -0.000  0.000  -0.254 10.879  0.899 -0.000 -0.000  0.00e+00
 179 dh2cg6b          46.80720  0.0   4.460 27.502  2.163 -0.000  0.000  -0.269 10.958  0.901 -0.000 -0.000  0.00e+00
 180 sh2              47.00720  0.0   4.308 25.748  2.165 -0.000  0.000  -0.288 11.069  0.904 -0.000 -0.000  0.00e+00
 181 dh2bg6b          47.18970  0.0   4.170 24.201  2.166 -0.000  0.000  -0.306 11.178  0.906 -0.000 -0.000  0.00e+00
 182 dsch             47.28970  0.0   4.094 23.375  2.166 -0.000  0.000  -0.316 11.240  0.908 -0.000 -0.000  0.00e+00
 183 chv              47.28970  0.0   4.094 23.375  2.166 -0.000  0.000  -0.316 11.240  0.908 -0.000 -0.000  0.00e+00
 184 dsch             47.38970  0.0   4.018 22.564  2.167 -0.000  0.000  -0.326 11.304  0.909 -0.000 -0.000  0.00e+00
 185 dh2ag6b          47.52220  0.0   3.917 21.512  2.168 -0.000  0.000  -0.339 11.392  0.911 -0.000 -0.000  0.00e+00
 186 qh1sp01          47.77220 -1.0   0.262 20.482  2.170 -0.000  0.000   1.567 11.081  0.914 -0.000 -0.000  0.00e+00
 187 dh1ag6b          47.85970  0.0   0.258 20.437  2.171 -0.000  0.000   1.540 10.809  0.916 -0.000 -0.000  0.00e+00
 188 bpm              47.85970  0.0   0.258 20.437  2.171 -0.000  0.000   1.540 10.809  0.916 -0.000 -0.000  0.00e+00
 189 dbpm             47.94720  0.0   0.253 20.392  2.171 -0.000  0.000   1.512 10.542  0.917 -0.000 -0.000  0.00e+00
 190 sh1              48.14720  1.5   0.243 20.293  2.173 -0.000  0.000   1.450  9.949  0.920 -0.000 -0.000  0.00e+00
 191 ge               48.14720  0.0   0.243 20.293  2.173 -0.000  0.000   1.450  9.949  0.920 -0.000 -0.000  0.00e+00
 192 dh0g1a           52.79720  0.0  -0.000 19.165  2.211 -0.000  0.000   0.000  3.207  1.074 -0.000 -0.000  0.00e+00
 193 cav              52.79720  0.0  -0.000 19.165  2.211 -0.000  0.000   0.000  3.207  1.074 -0.000 -0.000  0.00e+00
