# Tracking with TRACY# (Floquet space)
#
#  1   512 1.0E+00 1.0E+00 0.0E+00 0.0E+00 2.21085 1.07399
#    N     x^          px^          y^          py^          delta          cdt
#                                                                   [%]           [mm]
#
   0  2.2842854751322248e-04  5.0988399571967837e-19  5.5840581590371275e-03  2.9038025900427066e-17  0.0000000000000000e+00  0.0000000000000000e+00
   1  1.0863790247913801e-05 -1.7690112210402208e-04  4.8355368008967930e-03 -2.6632388433385870e-03  0.0000000000000000e+00  2.5863860067141326e-02
   2 -2.6444134011850706e-04  3.7323077653783098e-05  2.9886421276025450e-03 -4.7627429400152145e-03  0.0000000000000000e+00  3.1490936151242904e-02
   3 -7.6228715933253073e-05  3.4559402844100477e-04  7.1185875027686819e-04 -5.8045241063075939e-03  0.0000000000000000e+00  1.2346312230186594e-02
   4  3.3195619890210800e-04  7.1825861710589993e-05 -1.6203198188890588e-03 -5.5314860904335170e-03  0.0000000000000000e+00 -2.2915383505055210e-02
   5  3.1535884132724600e-04 -4.8017714059995803e-04 -3.7558305738409452e-03 -4.0831544551449004e-03  0.0000000000000000e+00 -4.4521141849701837e-02
   6 -2.0723493476743551e-04 -4.4697401465798847e-04 -5.2209686942971765e-03 -1.7641563587836491e-03  0.0000000000000000e+00 -3.2520702682989608e-02
   7 -4.4169654096868363e-04  1.2703673237129674e-04 -5.4431811537477117e-03  9.4317414754069848e-04  0.0000000000000000e+00 -3.6454998589859591e-03
   8  2.6439841578312933e-05  5.5872472246692171e-04 -4.2742712391534328e-03  3.4511637297203962e-03  0.0000000000000000e+00  1.8464104599629882e-02
   9  4.1875639705764777e-04  2.4804382546841388e-04 -2.2633298019718892e-03  5.1983585370028468e-03  0.0000000000000000e+00  1.0725803944043332e-02
  10  2.1429716295976844e-04 -3.7595662831518823e-04  4.8903910870598825e-05  5.8440058042570284e-03  0.0000000000000000e+00 -2.5292549468186844e-02
  11 -2.1742117595471806e-04 -3.6121143130545891e-04  2.3392923456298951e-03  5.2106491429206149e-03  0.0000000000000000e+00 -5.3983856652137931e-02
  12 -2.4303279544000202e-04  7.1852872971164394e-05  4.3498382311481995e-03  3.4020223267882768e-03  0.0000000000000000e+00 -5.7756298362154311e-02
  13  1.0861414174257920e-04  2.0014731617007972e-04  5.5032004490218334e-03  8.6030235526984085e-04  0.0000000000000000e+00 -3.7626023728414830e-02
  14  2.1411381115752062e-04 -3.4241935100881676e-05  5.2232872776852004e-03 -1.8646794569508859e-03  0.0000000000000000e+00 -9.2989763336057251e-03
  15 -9.0148370111961876e-05 -1.3303765278411576e-04  3.6455308921541649e-03 -4.1968090720771994e-03  0.0000000000000000e+00  3.1029734849519954e-03
  16 -2.3791335547311359e-04  1.4080370658804946e-04  1.4408364834937973e-03 -5.6218769712509508e-03  0.0000000000000000e+00 -9.3623438316364129e-03
  17  8.3463527935415460e-05  2.5749839688242313e-04 -9.0256941983509603e-04 -5.7677391227324831e-03  0.0000000000000000e+00 -3.9624934804623695e-02
  18  3.8072673206752879e-04 -1.8868259957271620e-04 -3.1475575607322567e-03 -4.6405533465655466e-03  0.0000000000000000e+00 -6.7711479356343141e-02
  19  1.1258773876591780e-04 -5.1838502606371066e-04 -4.8871827071321127e-03 -2.5423257042844925e-03  0.0000000000000000e+00 -6.6725348223030292e-02
  20 -3.9479384780470356e-04 -2.0920925851088235e-04 -5.5375004893156460e-03  1.0867718126593510e-04  0.0000000000000000e+00 -4.0254382591015353e-02
  21 -2.8447116809519803e-04  3.9236122974511338e-04 -4.7487627408598701e-03  2.7422541360757192e-03  0.0000000000000000e+00 -1.3817527268825288e-02
  22  2.5996622180631917e-04  5.2404766451222729e-04 -2.9264566584661154e-03  4.7748087732953567e-03  0.0000000000000000e+00 -9.2601960688743629e-03
  23  4.1421092974140478e-04 -9.1960462966969497e-05 -6.6629860508771351e-04  5.7666319921600177e-03  0.0000000000000000e+00 -3.9256806271416624e-02
  24  2.9139439405505054e-05 -5.2038405613891571e-04  1.6479077301634782e-03  5.5343145292059926e-03  0.0000000000000000e+00 -7.6293780285755591e-02
  25 -3.2485176657833116e-04 -1.9727742453145116e-04  3.7774504735567471e-03  4.0647344230788961e-03  0.0000000000000000e+00 -8.8570522573306540e-02
  26 -1.4995990186050188e-04  2.2802647652977724e-04  5.2703935715201827e-03  1.6988075085144364e-03  0.0000000000000000e+00 -7.4636548664897509e-02
  27  2.2066845855853534e-04  1.9956144795307755e-04  5.4695049432011865e-03 -1.0287624541764882e-03  0.0000000000000000e+00 -4.5758983329205791e-02
  28  1.5964608387380766e-04 -8.4678886882414315e-05  4.2435416553377112e-03 -3.5384150039129252e-03  0.0000000000000000e+00 -2.6833494206659605e-02
  29 -1.7680826396966072e-04 -9.2513016270111140e-05  2.1644919789328516e-03 -5.2992320709861823e-03  0.0000000000000000e+00 -3.3237364459166911e-02
  30 -1.5877198661620983e-04  1.8757454795891129e-04 -1.7047218002558219e-04 -5.8774381980055360e-03  0.0000000000000000e+00 -5.8915176635281612e-02
  31  2.2344237382188666e-04  8.9261828354828142e-05 -2.4786914859201408e-03 -5.1195245969836304e-03  0.0000000000000000e+00 -8.8485710753525806e-02
  32  3.2084772313090083e-04 -3.5390782876227017e-04 -4.4489341534504675e-03 -3.2711513020803273e-03  0.0000000000000000e+00 -9.7816798735421179e-02
  33 -1.3123463558973867e-04 -4.1631719024346994e-04 -5.4946911340868470e-03 -7.3070017051083671e-04  0.0000000000000000e+00 -7.7341000382368574e-02
  34 -4.2610662134275989e-04  6.9978550147399790e-05 -5.1360253180812330e-03  1.9728506257402217e-03  0.0000000000000000e+00 -4.8356991534194836e-02
  35 -4.4707766770233947e-05  5.4965174064643943e-04 -3.5481670488352163e-03  4.2553708400726985e-03  0.0000000000000000e+00 -3.4431026698877328e-02
  36  4.0366010810435004e-04  2.8418218615534701e-04 -1.3745817133264757e-03  5.5895255158841814e-03  0.0000000000000000e+00 -5.2715747302101434e-02
  37  3.0697708355552431e-04 -4.1334714820411039e-04  9.5059798898441809e-04  5.7298936230732300e-03  0.0000000000000000e+00 -9.3625945306696920e-02
  38 -1.7108119605294467e-04 -4.8159339875351024e-04  3.1583167349840432e-03  4.6306939285125333e-03  0.0000000000000000e+00 -1.1665152961462495e-01
  39 -3.5543490169572797e-04  3.2195644176529744e-05  4.9094859289741249e-03  2.4957712283442913e-03  0.0000000000000000e+00 -1.1000697930312343e-01
  40  1.0862828100771537e-05  3.3869126192501663e-04  5.5612864818762407e-03 -1.7583755722921091e-04  0.0000000000000000e+00 -8.3353941409491983e-02
  41  2.9500439183408040e-04  1.4221877434091065e-04  4.7508324093015796e-03 -2.8099894900835681e-03  0.0000000000000000e+00 -5.8368085581890015e-02
  42  5.7343817497835603e-05 -1.5743672763926780e-04  2.8664891328814977e-03 -4.8505941629483022e-03  0.0000000000000000e+00 -5.7881589932512571e-02
  43 -2.2617000269902437e-04 -4.4753832350743454e-05  5.6956810218957365e-04 -5.8423115067233605e-03  0.0000000000000000e+00 -8.0313407203681894e-02
  44 -3.9840490932355008e-05  1.6806613042591616e-04 -1.7712319001661919e-03 -5.5008341687170165e-03  0.0000000000000000e+00 -1.0927755511810577e-01
  45  3.0055799781431827e-04 -7.7855450072084818e-05 -3.9084986235123969e-03 -3.9432419818125290e-03  0.0000000000000000e+00 -1.2567703202110325e-01
  46  1.6047075593329801e-04 -3.9418183788126053e-04 -5.3181484940230950e-03 -1.5599791498560208e-03  0.0000000000000000e+00 -1.1380683052796152e-01
  47 -3.1069960430722579e-04 -2.2534390974850022e-04 -5.4104718228840196e-03  1.1601740753359971e-03  0.0000000000000000e+00 -8.4473711951196920e-02
  48 -3.0873649095254418e-04  3.2632769682527403e-04 -4.1269308107363730e-03  3.6383153603187263e-03  0.0000000000000000e+00 -6.4042122036189891e-02
  49  1.8316493669024480e-04  5.1755714785068024e-04 -2.0669966969448779e-03  5.3129973459289104e-03  0.0000000000000000e+00 -6.9868357372696255e-02
  50  4.4030520559995871e-04 -7.6748959251372444e-05  2.4372210918899387e-04  5.8144795177958886e-03  0.0000000000000000e+00 -1.0661957729013680e-01
  51  1.2289415462508654e-04 -5.8420185501403300e-04  2.5130735420326733e-03  5.0855184227865061e-03  0.0000000000000000e+00 -1.4066897185746638e-01
  52 -3.4455935017961044e-04 -2.8859916715553199e-04  4.4486436014831527e-03  3.2347795519074175e-03  0.0000000000000000e+00 -1.4317511486906986e-01
  53 -2.7451183788621046e-04  2.6071857627167074e-04  5.5046991495184090e-03  6.7397729129049647e-04  0.0000000000000000e+00 -1.2109801521214437e-01
  54  2.0342677373450988e-04  3.7345593152573130e-04  5.1388589328301999e-03 -2.0309024312109669e-03  0.0000000000000000e+00 -9.2107497832559351e-02
  55  2.8853798564312669e-04  9.1928669020936362e-06  3.5270366632310542e-03 -4.3000728136531911e-03  0.0000000000000000e+00 -8.3072329612741816e-02
  56 -7.2022726858348381e-05 -2.2341589022034913e-04  1.3052085623029060e-03 -5.6611932454108341e-03  0.0000000000000000e+00 -1.0192486623785640e-01
  57 -2.2032698791790481e-04  1.4376396718474289e-05 -1.0430940966842405e-03 -5.7571592261045782e-03  0.0000000000000000e+00 -1.3097479609177032e-01
  58  8.8037437786815044e-05  1.0703788252548962e-04 -3.2848640655873357e-03 -4.5456741356276935e-03  0.0000000000000000e+00 -1.5162534638080177e-01
  59  2.8725201183154203e-04 -1.8502713428615350e-04 -5.0062030748919241e-03 -2.3630971864314109e-03  0.0000000000000000e+00 -1.4825530834476830e-01
  60 -3.6070594907886928e-05 -3.3641290189690700e-04 -5.5526177739701711e-03  3.1835710437579199e-04  0.0000000000000000e+00 -1.2195823705307948e-01
  61 -3.6252223660317243e-04  9.1497860955066952e-06 -4.6457270048926129e-03  2.9365729060642468e-03  0.0000000000000000e+00 -9.6563181360859993e-02
  62 -1.1532122640880790e-04  4.7603192718379320e-04 -2.7415149268185468e-03  4.9224449985431655e-03  0.0000000000000000e+00 -9.2505632616798963e-02
  63  3.4720491662430992e-04  2.8575126638584177e-04 -4.6884934416977425e-04  5.8005823852235912e-03  0.0000000000000000e+00 -1.1902430561477485e-01
  64  3.7053093230909976e-04 -4.0972306184818133e-04  1.8440008729896328e-03  5.4288118359508697e-03  0.0000000000000000e+00 -1.5931292150296653e-01
  65 -1.0767737132372977e-04 -5.4987968670601245e-04  3.9180644142186444e-03  3.8982142899363233e-03  0.0000000000000000e+00 -1.7369330215633708e-01
  66 -4.2905402286110808e-04 -1.7259111279186958e-05  5.3099259398836675e-03  1.5030797598636484e-03  0.0000000000000000e+00 -1.5761561373933386e-01
  67 -7.5862558098863022e-05  4.3207463494586147e-04  5.3968905014554367e-03 -1.2157894307122067e-03  0.0000000000000000e+00 -1.2816394613240475e-01
  68  3.4565480998627096e-04  2.9739558500704530e-04  4.1191910147942018e-03 -3.6712357149129488e-03  0.0000000000000000e+00 -1.0991126685821191e-01
  69  1.9319899457936819e-04 -1.7853470532336901e-04  2.0260670384815945e-03 -5.3477201880979845e-03  0.0000000000000000e+00 -1.2246598964751654e-01
  70 -1.8630224552968546e-04 -2.2903399997467955e-04 -3.0714257543613266e-04 -5.8707890238231010e-03  0.0000000000000000e+00 -1.5266750674216373e-01
  71 -1.5863471318647345e-04  6.9370827390417879e-05 -2.6073089154027246e-03 -5.0558510747961485e-03  0.0000000000000000e+00 -1.7680773093467808e-01
  72  1.8261627251484991e-04  4.7088258796518700e-05 -4.5635772583353879e-03 -3.1252013709033005e-03  0.0000000000000000e+00 -1.8056694815923191e-01
  73  1.9581620946068946e-04 -2.2418123320897440e-04 -5.5492002114031404e-03 -5.3694383425641158e-04  0.0000000000000000e+00 -1.5965731472398365e-01
  74 -1.8577463668115481e-04 -2.1025418380932751e-04 -5.0759116669090651e-03  2.1678303855259579e-03  0.0000000000000000e+00 -1.3132953577676484e-01
  75 -3.0271169848238076e-04  2.2213981764682565e-04 -3.3960190962484867e-03  4.4139524590363442e-03  0.0000000000000000e+00 -1.1962681736524124e-01
  76  8.6393745866975588e-05  4.5260206658336667e-04 -1.1804611997666122e-03  5.6778849404692531e-03  0.0000000000000000e+00 -1.3505741209502939e-01
  77  4.2358288540819239e-04 -5.3248139546641640e-05  1.1486703736884622e-03  5.6734882426133166e-03  0.0000000000000000e+00 -1.7360361470878641e-01
  78  2.0352566206198518e-04 -5.8477685065083456e-04  3.3376134574559725e-03  4.4716196788547541e-03  0.0000000000000000e+00 -2.0019823899203151e-01
  79 -3.3023591662074340e-04 -3.5166311084842993e-04  4.9935708141660862e-03  2.2972365207673509e-03  0.0000000000000000e+00 -1.9257612864714499e-01
  80 -3.6224996819607483e-04  2.5608052008455154e-04  5.5240432265707441e-03 -3.8067152450845806e-04  0.0000000000000000e+00 -1.6525638060374503e-01
  81  1.6841668311783024e-04  5.0100210549712011e-04  4.6204305961336043e-03 -2.9777617496421420e-03  0.0000000000000000e+00 -1.3997497502766454e-01
  82  3.8060056096691748e-04  8.9345818098079765e-05  2.7202073581258719e-03 -4.9279956101798174e-03  0.0000000000000000e+00 -1.4249546675647329e-01
  83  4.0735722724561121e-05 -3.4117997525464142e-04  4.2383182498551572e-04 -5.8385395464607432e-03  0.0000000000000000e+00 -1.7243486649385914e-01
  84 -2.5418872165473551e-04 -1.5689865722150811e-04 -1.9009254060307582e-03 -5.4485086137270825e-03  0.0000000000000000e+00 -2.0121134868904439e-01
  85 -6.1899461466371624e-05  1.2045072498351655e-04 -4.0154657072075019e-03 -3.8269574211314602e-03  0.0000000000000000e+00 -2.1123355953822459e-01
  86  2.2523807489308579e-04  4.5140265742693772e-06 -5.3890329613802499e-03 -1.3860907141294196e-03  0.0000000000000000e+00 -1.9649112872870897e-01
  87  7.5439469964187460e-05 -2.1307792090543605e-04 -5.3888975023747955e-03  1.3484620924014057e-03  0.0000000000000000e+00 -1.6787455184006481e-01
  88 -2.5961358211015843e-04 -5.2451102890234760e-05 -4.0126422592903681e-03  3.7997868539124172e-03  0.0000000000000000e+00 -1.4969771988973682e-01
  89 -1.7547648437923552e-04  3.4688877221114226e-04 -1.8906199460084166e-03  5.4263862442788958e-03  0.0000000000000000e+00 -1.5615105707753502e-01
  90  2.5692362301446857e-04  2.6006565909068911e-04  4.3464904405505171e-04  5.8219445874913411e-03  0.0000000000000000e+00 -1.8733216342513948e-01
  91  3.9648133682380817e-04 -3.5941449825356564e-04  2.7083103907886452e-03  4.9535245982042552e-03  0.0000000000000000e+00 -2.2163817550280704e-01
  92 -3.7308417601941114e-05 -5.5872965954428171e-04  4.5808138403273602e-03  3.0400647430708465e-03  0.0000000000000000e+00 -2.2559016102105361e-01
  93 -4.5454645056499732e-04 -7.1808908879275092e-05  5.5144619505199631e-03  4.5767029396857027e-04  0.0000000000000000e+00 -2.0198965734598984e-01
  94 -1.4979439562475783e-04  4.7320890530891391e-04  5.0240608292309499e-03 -2.2263526005871408e-03  0.0000000000000000e+00 -1.7348791203411484e-01
  95  3.5458688019741538e-04  4.1014341905245850e-04  3.3677561684340674e-03 -4.4231920490870602e-03  0.0000000000000000e+00 -1.6444161685855424e-01
  96  3.0533897755920708e-04 -1.9441919988648601e-04  1.1458155996267865e-03 -5.6739540328700835e-03  0.0000000000000000e+00 -1.8929938556634721e-01
  97 -1.2194354156003543e-04 -3.9317768890855122e-04 -1.1846376628029621e-03 -5.7065243399779236e-03  0.0000000000000000e+00 -2.2373471107451770e-01
  98 -2.6178891155144858e-04 -2.9956328528615884e-05 -3.3956203026455738e-03 -4.4461091739224304e-03  0.0000000000000000e+00 -2.4031755616992853e-01
  99  4.3420439685594433e-05  1.6691579941529653e-04 -5.0776960569830403e-03 -2.2085726743215515e-03  0.0000000000000000e+00 -2.3220619738133372e-01
 100  2.2516957830043195e-04 -2.7606426183448697e-05 -5.5581944022743655e-03  4.9664493740407881e-04  0.0000000000000000e+00 -2.0530332106176644e-01
 101 -3.5131872401530688e-05 -1.6817473397732219e-04 -4.5639190066751861e-03  3.0983498512744071e-03  0.0000000000000000e+00 -1.8197437384979506e-01
 102 -2.6675429788835164e-04  8.7438112257214631e-05 -2.5949482783775026e-03  5.0412816504213764e-03  0.0000000000000000e+00 -1.8106193130955009e-01
 103 -1.7754638784540420e-05  3.4215205394381429e-04 -2.8930121445409587e-04  5.8547307520161098e-03  0.0000000000000000e+00 -2.0409320670286468e-01
 104  3.6466651735678066e-04 -1.7862048717939099e-05  2.0317050233280456e-03  5.3498909357687094e-03  0.0000000000000000e+00 -2.3926662725595424e-01
 105  2.5857414136624946e-04 -5.1899321748203849e-04  4.0881885362468381e-03  3.7170046505723827e-03  0.0000000000000000e+00 -2.5518058844389357e-01
 106 -2.8369416398942466e-04 -3.8025006597543480e-04  5.3695475222600457e-03  1.2855967805669483e-03  0.0000000000000000e+00 -2.3828910033776679e-01
 107 -4.0637604128548855e-04  2.1993603009187260e-04  5.3236655088171169e-03 -1.4292587490039622e-03  0.0000000000000000e+00 -2.0902096109599100e-01
 108  1.1176330290991152e-04  5.6752454286361866e-04  3.9535685216073565e-03 -3.8380900384751373e-03  0.0000000000000000e+00 -1.9064851820890255e-01
 109  4.2764813438490802e-04  1.4611349686064905e-04  1.8539403090978204e-03 -5.4027606818112840e-03  0.0000000000000000e+00 -2.0482309240887631e-01
 110  1.5133178931082337e-04 -4.3235246746708571e-04 -4.7016867541316304e-04 -5.8250896765127142e-03  0.0000000000000000e+00 -2.4255455539633355e-01
 111 -2.5801019596656159e-04 -3.0912593816912896e-04 -2.7342653033587063e-03 -4.9607039552649144e-03  0.0000000000000000e+00 -2.6737515379688870e-01
 112 -2.0910827788618919e-04  1.2304750836690542e-04 -4.6413673001756235e-03 -2.9827028097697728e-03  0.0000000000000000e+00 -2.6642396397393553e-01
 113  1.5107847202958994e-04  1.8953718462799856e-04 -5.5657388636751433e-03 -3.6593325999198842e-04  0.0000000000000000e+00 -2.4303815641354740e-01
 114  1.9221538197187522e-04 -6.1500253229315938e-05 -5.0181429932689226e-03  2.3294622632366335e-03  0.0000000000000000e+00 -2.1598789306261201e-01
 115 -1.3140596776732965e-04 -1.1464983820466099e-04 -3.2761165584965827e-03  4.5338804687900525e-03  0.0000000000000000e+00 -2.0818118979901282e-01
 116 -2.1621121149623489e-04  1.7829109083565979e-04 -1.0207431752280480e-03  5.7492827222886409e-03  0.0000000000000000e+00 -2.2472151430033549e-01
 117  1.4193211739895796e-04  2.1500493024012571e-04  1.3219440985609416e-03  5.6531006802068217e-03  0.0000000000000000e+00 -2.5636164298151792e-01
 118  3.7819815845956903e-04 -2.6350243751115473e-04  3.5165294783573143e-03  4.3236452474346414e-03  0.0000000000000000e+00 -2.8053414558132572e-01
 119  3.0987977245311047e-05 -5.0654194275026197e-04  5.1036283677599629e-03  2.0882113080892763e-03  0.0000000000000000e+00 -2.7366333816642335e-01
 120 -4.2786078644397701e-04 -1.2087648691334993e-04  5.5007441922264380e-03 -6.0358061905459420e-04  0.0000000000000000e+00 -2.4534852676843746e-01
 121 -2.0948351889789980e-04  4.6066318774780286e-04  4.4748392959394747e-03 -3.1717865775877643e-03  0.0000000000000000e+00 -2.2125180180438894e-01
 122  3.2045842505412073e-04  4.6764598609540416e-04  2.5353320310542468e-03 -5.0398737326956006e-03  0.0000000000000000e+00 -2.2264934933285990e-01
 123  3.8552080872331584e-04 -2.0080057180420064e-04  2.4344805623751351e-04 -5.8177141193489317e-03  0.0000000000000000e+00 -2.5709039373982112e-01
 124 -4.0646492266149437e-05 -5.1937450128171586e-04 -2.0545459974597282e-03 -5.3540149756885654e-03  0.0000000000000000e+00 -2.9131400650868150e-01
 125 -3.3893956582083091e-04 -1.2246856556417693e-04 -4.1127567708084236e-03 -3.6890448481153920e-03  0.0000000000000000e+00 -2.9855251638173552e-01
 126 -9.5423806579905931e-05  2.6224785569245896e-04 -5.4156355477542424e-03 -1.2172730538668446e-03  0.0000000000000000e+00 -2.8060830193382358e-01
 127  2.4865502899113309e-04  1.7203222918852766e-04 -5.3431552249949624e-03  1.5137411791099251e-03  0.0000000000000000e+00 -2.5149001642283780e-01
 128  1.1969720942891468e-04 -1.1065990838386712e-04 -3.9109945826670258e-03  3.9241747473573955e-03  0.0000000000000000e+00 -2.3674082863596055e-01
 129 -2.0393941799200547e-04 -6.5441016157863160e-05 -1.7519095033541399e-03  5.5002425084225027e-03  0.0000000000000000e+00 -2.4772578108800272e-01
 130 -1.1702099719984016e-04  2.0164850666832138e-04  5.9360576588296109e-04  5.8380227452593855e-03  0.0000000000000000e+00 -2.7539785642540138e-01
 131  2.6637178251859951e-04  2.9057242115648632e-05  2.8734994149501544e-03  4.8570657784415090e-03  0.0000000000000000e+00 -3.0288951644750600e-01
 132  2.7981655922990414e-04 -3.9271456901175585e-04  4.7257796687080094e-03  2.8503519121753241e-03  0.0000000000000000e+00 -3.0653618646666636e-01
 133 -2.0668495368086386e-04 -3.6785897300227498e-04  5.5418736086939582e-03  2.3652410562039326e-04  0.0000000000000000e+00 -2.8244951965774895e-01
 134 -4.0501289083009643e-04  1.6159559764143469e-04  4.9219052895849531e-03 -2.4342154745379549e-03  0.0000000000000000e+00 -2.5475327108756912e-01
 135  3.7664306412752089e-05  5.6597973151313792e-04  3.1814006261747779e-03 -4.5800380673452655e-03  0.0000000000000000e+00 -2.4552211382880182e-01
 136  4.2868864041699129e-04  1.7707981181546678e-04  9.5516631585095566e-04 -5.7064571825209392e-03  0.0000000000000000e+00 -2.6978743443429709e-01
 137  2.4915102953683676e-04 -4.8463189972011082e-04 -1.3660925354592732e-03 -5.6204173653719306e-03  0.0000000000000000e+00 -3.1046151283834800e-01
 138 -2.3359541244522474e-04 -4.2679285963134056e-04 -3.5238325751067306e-03 -4.3086576933714709e-03  0.0000000000000000e+00 -3.2812451328605269e-01
 139 -3.3430696294327111e-04  1.0850725605417554e-04 -5.1273355196477131e-03 -2.0366967623513758e-03  0.0000000000000000e+00 -3.1692302315508702e-01
 140  7.7036556665725843e-05  3.4693986061284303e-04 -5.5194904281927280e-03  6.7123248564319256e-04  0.0000000000000000e+00 -2.8848159484689434e-01
 141  2.9515134925204748e-04  9.5950211346223848e-05 -4.4700471299032899e-03  3.2355447964421652e-03  0.0000000000000000e+00 -2.6672623220602837e-01
 142  6.1431632962882501e-06 -1.7592996791217423e-04 -2.4678360842020890e-03  5.1175922233120301e-03  0.0000000000000000e+00 -2.7142363877173376e-01
 143 -2.3076731112151835e-04 -1.0055446842077079e-05 -1.4551500434266759e-04  5.8818021584375732e-03  0.0000000000000000e+00 -2.9648242361018629e-01
 144  1.2624112385077620e-05  1.5697804026747344e-04  2.1811218249632282e-03  5.3014564430338583e-03  0.0000000000000000e+00 -3.2455246683821953e-01
 145  3.1411335564459047e-04 -1.3165518949964707e-04  4.2367370166948902e-03  3.5623354363814026e-03  0.0000000000000000e+00 -3.3627158868544349e-01
 146  9.3726864587614925e-05 -3.9721287088102970e-04  5.4457183729985197e-03  1.0771515462104067e-03  0.0000000000000000e+00 -3.1960967630248588e-01
 147 -3.5000887001720266e-04 -1.5292028112225885e-04  5.2696485838361097e-03 -1.6427629540103413e-03  0.0000000000000000e+00 -2.9011275651570678e-01
 148 -2.5061155281838339e-04  3.9615964686526322e-04  3.7918259655400385e-03 -4.0166652305066572e-03  0.0000000000000000e+00 -2.7334217582386172e-01
 149  2.4985231941187071e-04  4.6712583711207490e-04  1.6569043419462867e-03 -5.4967561102146414e-03  0.0000000000000000e+00 -2.8503104660339001e-01
 150  4.2794869459479481e-04 -1.9185521869988310e-04 -6.6539175736514259e-04 -5.7725863078339724e-03  0.0000000000000000e+00 -3.2462689798241562e-01
 151  4.6971922758909235e-05 -5.9179923322424607e-04 -2.8996777113774706e-03 -4.8250126920626355e-03  0.0000000000000000e+00 -3.5408741816770772e-01
 152 -3.8170046156104482e-04 -2.0264122038708625e-04 -4.7252703974819702e-03 -2.8080142430987830e-03  0.0000000000000000e+00 -3.5120467742956957e-01
 153 -2.1466875791879063e-04  3.1903625283556024e-04 -5.5481476926160372e-03 -1.7902285161247299e-04  0.0000000000000000e+00 -3.2625828458224904e-01
 154  2.5706482450082020e-04  3.4981324801045764e-04 -4.9229151289665700e-03  2.4882437052280216e-03  0.0000000000000000e+00 -2.9887849964477797e-01
 155  2.5699568254217999e-04 -5.0925755556068033e-05 -3.1522971976592176e-03  4.6234280389516177e-03  0.0000000000000000e+00 -2.9529488909739943e-01
 156 -1.1922664715374112e-04 -2.2039926435946111e-04 -8.8408935661895270e-04  5.7780372015966558e-03  0.0000000000000000e+00 -3.1791745399438592e-01
 157 -2.0037057034290776e-04  4.6239426889752133e-05  1.4613885679775102e-03  5.6300579414177336e-03  0.0000000000000000e+00 -3.4671609882504989e-01
 158  1.3529009888396022e-04  8.2184785763342181e-05  3.6511915569979072e-03  4.2121705434798630e-03  0.0000000000000000e+00 -3.6376952018122627e-01
 159  2.6780232875262569e-04 -2.2043697889080803e-04  5.2096629099309399e-03  1.9014468699968406e-03  0.0000000000000000e+00 -3.5531298316288618e-01
 160 -1.0081223138990055e-04 -3.1054589005813680e-04  5.4936733386540103e-03 -8.1280738793225037e-04  0.0000000000000000e+00 -3.2713322925872690e-01
 161 -3.5984472463121116e-04  8.8009825638116188e-05  4.3550166865586387e-03 -3.3586226483695351e-03  0.0000000000000000e+00 -3.0455108787069229e-01
 162 -4.4144199580186615e-05  4.9782212852856559e-04  2.3446649313637880e-03 -5.1742045264600084e-03  0.0000000000000000e+00 -3.0555984553472498e-01
 163  3.8675190234530331e-04  1.8588047244544995e-04  4.5977979866555778e-05 -5.8257278643534804e-03  0.0000000000000000e+00 -3.3679590170786533e-01
 164  3.2348146947975333e-04 -4.8749844275087134e-04 -2.2477418397658026e-03 -5.2322519456392295e-03  0.0000000000000000e+00 -3.7492611396091002e-01
 165 -1.8625877277658206e-04 -4.9838684642982670e-04 -4.2387633933313913e-03 -3.5143916739318469e-03  0.0000000000000000e+00 -3.8316842531921547e-01
 166 -4.2095365973688953e-04  7.4202726901230416e-05 -5.4356492914951499e-03 -1.0184698218589025e-03  0.0000000000000000e+00 -3.6330854549170610e-01
 167  6.3411013869102588e-06  4.5956619210637666e-04 -5.2537234082422413e-03  1.6964678226145504e-03  0.0000000000000000e+00 -3.3371254986128912e-01
 168  3.6496624784327546e-04  2.3548174019882482e-04 -3.7815091650572857e-03  4.0431359103108994e-03  0.0000000000000000e+00 -3.2029109926165150e-01
 169  1.3873906545563112e-04 -2.3185935852079658e-04 -1.6113016420962541e-03  5.5353531040255666e-03  0.0000000000000000e+00 -3.3805925675307774e-01
 170 -2.1598524383187060e-04 -1.9831552093569686e-04  7.2928704654456455e-04  5.8211698292111062e-03  0.0000000000000000e+00 -3.6887608857520898e-01
 171 -1.1952042190983023e-04  9.1245815702920368e-05  2.9984648617609189e-03  4.7791604909031690e-03  0.0000000000000000e+00 -3.9014677438091871e-01
 172  2.1167833995138936e-04  1.8677420770067891e-05  4.8335749894366856e-03  2.6933120995607579e-03  0.0000000000000000e+00 -3.8904705247857541e-01
 173  1.5370104253340503e-04 -2.4087510334771449e-04  5.5763837007341008e-03  4.0864607844914634e-05  0.0000000000000000e+00 -3.6494127732252296e-01
 174 -2.2885053371850812e-04 -1.6247376566637362e-04  4.8443051181486334e-03 -2.6231472755492589e-03  0.0000000000000000e+00 -3.3819352498877253e-01
 175 -2.6814351364413139e-04  2.8468604378609842e-04  3.0185485415085969e-03 -4.7289066875782805e-03  0.0000000000000000e+00 -3.3099062397563866e-01
 176  1.5339793289500714e-04  4.1503402736406902e-04  7.6070923664337041e-04 -5.7742920717482769e-03  0.0000000000000000e+00 -3.5143414684545599e-01
 177  4.2879367537354416e-04 -1.6201626303030450e-04 -1.5646965493555415e-03 -5.5402000998562928e-03  0.0000000000000000e+00 -3.9081222836675711e-01
 178  1.2824916658699223e-04 -5.9978743244615100e-04 -3.6922515454292882e-03 -4.1394159444256449e-03  0.0000000000000000e+00 -4.1170467282311163e-01
 179 -3.8552410545593439e-04 -2.6537408185344831e-04 -5.1920490361970235e-03 -1.8327269985042500e-03  0.0000000000000000e+00 -3.9900709665012279e-01
 180 -3.0262948381243852e-04  3.3277951318643975e-04 -5.4603786674794130e-03  8.7388041936782199e-04  0.0000000000000000e+00 -3.7032736860793203e-01
 181  2.3929576054156909e-04  4.8325386143847378e-04 -4.3313362309987547e-03  3.3924578309478207e-03  0.0000000000000000e+00 -3.4829224940293146e-01
 182  3.6078734156654377e-04  4.9467814506218389e-07 -2.3189726790818202e-03  5.1774743425898346e-03  0.0000000000000000e+00 -3.5699504423382983e-01
 183 -1.9801775833279276e-05 -3.6067126207914437e-04 -1.1837020676899420e-06  5.8668577094449607e-03  0.0000000000000000e+00 -3.8926249273919583e-01
 184 -2.5936262742529592e-04 -1.0890938913648684e-04  2.3071968165416889e-03  5.2382392180563581e-03  0.0000000000000000e+00 -4.1556457441931133e-01
 185 -1.5777121392737393e-05  1.3217494553702290e-04  4.3376091674121597e-03  3.4338207744556309e-03  0.0000000000000000e+00 -4.2110752336041934e-01
 186  2.3277007416088653e-04 -2.3710039577597599e-05  5.5025857561089211e-03  8.9879756140101011e-04  0.0000000000000000e+00 -4.0234998416469664e-01
 187  2.7519531546893044e-05 -2.1207645754093698e-04  5.2297706942354789e-03 -1.8276522974499580e-03  0.0000000000000000e+00 -3.7383772647308317e-01
 188 -2.7720868494143883e-04  2.7581466848421907e-06  3.6654498101304973e-03 -4.1690591900380419e-03  0.0000000000000000e+00 -3.5968029316973754e-01
 189 -1.2216477699072327e-04  3.7326449004616906e-04  1.4763538371696712e-03 -5.5970118864925806e-03  0.0000000000000000e+00 -3.7088024747220033e-01
 190  3.0719200447791925e-04  1.7880520446528957e-04 -8.5637996695742374e-04 -5.7549701344433869e-03  0.0000000000000000e+00 -4.0485363165581428e-01
 191  3.6387301130171555e-04 -4.3508775622758605e-04 -3.0913990728284242e-03 -4.6767427237063884e-03  0.0000000000000000e+00 -4.3545098527106996e-01
 192 -1.2381418891161948e-04 -5.1712786275008105e-04 -4.8387480245814206e-03 -2.6065681916486315e-03  0.0000000000000000e+00 -4.3323564768870926e-01
 193 -4.5853273968780601e-04  2.4823654904944070e-05 -5.5354478730991544e-03  3.7632306121442893e-05  0.0000000000000000e+00 -4.0710785034402697e-01
 194 -6.2394691739174594e-05  5.1714678165925296e-04 -4.7916968780770041e-03  2.6770630912863309e-03  0.0000000000000000e+00 -3.8012848364446805e-01
 195  3.9022290628244744e-04  3.3782314810045107e-04 -2.9906101597811110e-03  4.7286534811503463e-03  0.0000000000000000e+00 -3.7696824815145774e-01
 196  2.5494109465022544e-04 -2.7603337473513471e-04 -7.2417129554491820e-04  5.7748630259289229e-03  0.0000000000000000e+00 -4.0642463639071624e-01
 197 -1.7330777223330924e-04 -3.6753357945791245e-04  1.5991232801664589e-03  5.5693761555710960e-03  0.0000000000000000e+00 -4.3921931773572875e-01
 198 -2.4185165006806626e-04  2.2334837913577210e-05  3.7550051085729684e-03  4.1013185641788309e-03  0.0000000000000000e+00 -4.5152274242441193e-01
 199  8.7811298241557037e-05  1.6540995302094939e-04  5.2704219408717685e-03  1.7400448518771266e-03  0.0000000000000000e+00 -4.3893505017405360e-01
 200  2.1336890975896756e-04 -5.4475126152267014e-05  5.4822625564631428e-03 -9.8985193425067805e-04  0.0000000000000000e+00 -4.1073688418129106e-01
 201 -8.0249980714810397e-05 -1.5276828106916226e-04  4.2604722328608863e-03 -3.5119122606812117e-03  0.0000000000000000e+00 -3.9063866477536724e-01
 202 -2.5901925118241350e-04  1.3620987450508625e-04  2.1911441752535932e-03 -5.2827348586561929e-03  0.0000000000000000e+00 -3.9444069145695299e-01
 203  4.3025762947242651e-05  3.2338551276159364e-04 -1.3377110514880178e-04 -5.8610881581112198e-03  0.0000000000000000e+00 -4.2091601960314007e-01
 204  3.8610756988579427e-04 -1.0855651075485351e-04 -2.4356818580985955e-03 -5.1307456072550483e-03  0.0000000000000000e+00 -4.5487651515071970e-01
 205  1.9081682611137837e-04 -5.4048469192811391e-04 -4.3956925879265838e-03 -3.3238756186512786e-03  0.0000000000000000e+00 -4.6472262434878753e-01
 206 -3.4933717679373663e-04 -3.0368263919559998e-04 -5.4727165313737478e-03 -7.9781465278545372e-04  0.0000000000000000e+00 -4.4367421852060657e-01
 207 -3.5444216190605411e-04  3.0744773267443244e-04 -5.1585163800437882e-03  1.9055192878200044e-03  0.0000000000000000e+00 -4.1473446700079258e-01
 208  1.9114112870461631e-04  5.5622985908471210e-04 -3.6095132201587974e-03  4.1965838096203684e-03  0.0000000000000000e+00 -4.0085335475911194e-01
 209  4.2282276557829515e-04  3.8140740876410694e-05 -1.4381923276345018e-03  5.5689440139830579e-03  0.0000000000000000e+00 -4.2124521749693594e-01
 210  8.4908866648360058e-05 -4.7081343656412274e-04  8.8930600245311700e-04  5.7632094375837011e-03  0.0000000000000000e+00 -4.5940355028862417e-01
 211 -2.8918300400355127e-04 -2.4862958790649713e-04  3.1182975247865392e-03  4.6741495018997881e-03  0.0000000000000000e+00 -4.7990948555498847e-01
 212 -1.6793957200383048e-04  1.6782840990314538e-04  4.9005939451874023e-03  2.5426524558269758e-03  0.0000000000000000e+00 -4.7428170366722239e-01
 213  1.8803993401318489e-04  1.7257426315246907e-04  5.5782122227812508e-03 -1.3101152308865748e-04  0.0000000000000000e+00 -4.4829813192483653e-01
 214  1.6290595479771011e-04 -8.6282732948411773e-05  4.7734111881576136e-03 -2.7778998284111998e-03  0.0000000000000000e+00 -4.2338231276969357e-01
 215 -1.6795597647720239e-04 -9.0788232728337875e-05  2.8910282992623683e-03 -4.8386057928764808e-03  0.0000000000000000e+00 -4.2035758573405713e-01
 216 -1.8552503503762024e-04  2.0916107972815360e-04  5.9828318604554899e-04 -5.8334002448345015e-03  0.0000000000000000e+00 -4.4058384111606380e-01
 217  1.9723999483722514e-04  1.6141705695600436e-04 -1.7376521471342086e-03 -5.4975607451392475e-03  0.0000000000000000e+00 -4.7276049981806617e-01
 218  3.6199359667569617e-04 -3.2948306121792189e-04 -3.8665722436884930e-03 -3.9763486462269107e-03  0.0000000000000000e+00 -4.9224387204050446e-01
 219 -5.3340039061695855e-05 -4.8026344853079202e-04 -5.2804844419999820e-03 -1.6186228455590556e-03  0.0000000000000000e+00 -4.7988415210455299e-01
 220 -4.4273743009000572e-04 -2.8493177703227916e-05 -5.4143197444177305e-03  1.0944804097115267e-03  0.0000000000000000e+00 -4.5060594141486587e-01
 221 -1.2790394276325479e-04  5.1512215163961505e-04 -4.1710465191186537e-03  3.5781286529368854e-03  0.0000000000000000e+00 -4.2952817844732299e-01
 222  3.6946893073023498e-04  3.9209836042682631e-04 -2.1333179784050679e-03  5.2682519290587421e-03  0.0000000000000000e+00 -4.3718816175685937e-01
 223  3.4553084368484750e-04 -3.0113737104426350e-04  1.7910306168428529e-04  5.8272183429586826e-03  0.0000000000000000e+00 -4.7494962887521414e-01
 224 -1.0860212151741491e-04 -4.9951796757401266e-04  2.4539340980716876e-03  5.1337346514993684e-03  0.0000000000000000e+00 -5.0544045920991809e-01
 225 -3.4098846929707930e-04 -4.6527324602765095e-05  4.4237057849456137e-03  3.2870455712273165e-03  0.0000000000000000e+00 -5.0767218042956364e-01
 226 -3.6710011298789316e-05  2.8678597141365211e-04  5.5139637914724572e-03  7.2720291403960738e-04  0.0000000000000000e+00 -4.8614590429620141e-01
 227  2.6673266303259242e-04  1.3920616361163814e-04  5.1711051140496400e-03 -1.9878415599160321e-03  0.0000000000000000e+00 -4.5772194249426523e-01
 228  7.4859020992209919e-05 -1.3213065280000258e-04  3.5555649553576738e-03 -4.2824773321305659e-03  0.0000000000000000e+00 -4.4760228640553307e-01
 229 -2.2251417823085915e-04 -3.3854349233890035e-05  1.3341545896904171e-03 -5.6604978176636430e-03  0.0000000000000000e+00 -4.6281518111305697e-01
 230 -6.9151307871677766e-05  2.0527659182779503e-04 -1.0150058131126391e-03 -5.7549673292540257e-03  0.0000000000000000e+00 -4.9183589826043472e-01
 231  3.0042345379038241e-04 -3.4105711662115847e-05 -3.2556772082670258e-03 -4.5606784262163759e-03  0.0000000000000000e+00 -5.1639069259908565e-01
 232  2.2683121409955347e-04 -4.1933338537002965e-04 -4.9687606614026844e-03 -2.4089498364032688e-03  0.0000000000000000e+00 -5.1429880288848073e-01
 233 -2.7350801902682016e-04 -3.0879326089043477e-04 -5.5395123512353549e-03  2.5945714026636248e-04  0.0000000000000000e+00 -4.8747986606148652e-01
 234 -3.6822688573549936e-04  2.4990095478311797e-04 -4.6699989823198243e-03  2.8785628060749658e-03  0.0000000000000000e+00 -4.6176094276178903e-01
 235  1.1729747030213737e-04  5.6127388565989519e-04 -2.7994583915502539e-03  4.8705608675808131e-03  0.0000000000000000e+00 -4.5773070788340603e-01
 236  4.4062019444663064e-04  6.2286885207456469e-05 -5.3316948715084636e-04  5.7827304482529120e-03  0.0000000000000000e+00 -4.8745344492957654e-01
 237  1.8404823986184097e-04 -5.3671974592172853e-04  1.7765399082665312e-03  5.4698732785314584e-03  0.0000000000000000e+00 -5.2651235481800107e-01
 238 -2.8853192843816052e-04 -3.5974145173312628e-04  3.8718838930327233e-03  3.9549846740635809e-03  0.0000000000000000e+00 -5.3864469700124284e-01
 239 -3.0027432385504191e-04  1.7915587553024036e-04  5.3040759581215952e-03  1.5635650663434707e-03  0.0000000000000000e+00 -5.2322425132889483e-01
 240  1.4034869418158222e-04  3.4471929255972509e-04  5.4286517880884596e-03 -1.1617053412149023e-03  0.0000000000000000e+00 -4.9381441935890968e-01
 241  2.8375807407029092e-04  4.6246750594520373e-05  4.1584400737038228e-03 -3.6382593214232565e-03  0.0000000000000000e+00 -4.7603830493154220e-01
 242 -4.4667832416021791e-05 -1.8633593942540036e-04  2.0601227159989881e-03 -5.3478593809852277e-03  0.0000000000000000e+00 -4.8574470981706147e-01
 243 -2.2538269861271788e-04  2.4807283286716776e-05 -2.7853714487542777e-04 -5.8769626657306385e-03  0.0000000000000000e+00 -5.1275258942861746e-01
 244  6.5865789878904316e-05  1.3701953779990023e-04 -2.5835086792921000e-03 -5.0639323189316772e-03  0.0000000000000000e+00 -5.3918459118466733e-01
 245  3.1558173542206385e-04 -1.8194920633434573e-04 -4.5379842570552808e-03 -3.1564606634726512e-03  0.0000000000000000e+00 -5.4584089730597352e-01
 246  2.2774541615115258e-05 -3.8906292569371306e-04 -5.5264655388274379e-03 -5.8624021308856039e-04  0.0000000000000000e+00 -5.2498799489580494e-01
 247 -3.7494996887761867e-04 -7.4472672712310622e-05 -5.0841143319882648e-03  2.1141920567565309e-03  0.0000000000000000e+00 -4.9621355459094502e-01
 248 -1.8431866526983298e-04  4.5367699634798266e-04 -3.4357671944815101e-03  4.3655296893346483e-03  0.0000000000000000e+00 -4.8358469557673434e-01
 249  3.0844779062098632e-04  3.9706200791675194e-04 -1.2411350518212738e-03  5.6401025877233285e-03  0.0000000000000000e+00 -5.0115331655263273e-01
 250  4.0290067387801348e-04 -2.9964998364953935e-04  1.0844619964320691e-03  5.6896441754759339e-03  0.0000000000000000e+00 -5.4226849107940922e-01
 251 -3.1301992925188966e-05 -5.7856188738491957e-04  3.2736078164544748e-03  4.5287486574489945e-03  0.0000000000000000e+00 -5.6643054578205987e-01
 252 -4.0502215485983394e-04 -1.1303634625212382e-04  4.9685787639982843e-03  2.3613343879319276e-03  0.0000000000000000e+00 -5.5849713236101417e-01
 253 -1.4549764055355285e-04  3.6710712672395710e-04  5.5415372667997360e-03 -3.1726832423485733e-04  0.0000000000000000e+00 -5.3128566619794804e-01
 254  2.9980300997033203e-04  3.1463931511771601e-04  4.6691244288565737e-03 -2.9275138537313058e-03  0.0000000000000000e+00 -5.0646872669861465e-01
 255  2.1625996631107451e-04 -1.0882257180388030e-04  2.7625375528089135e-03 -4.9143461302115412e-03  0.0000000000000000e+00 -5.0849864847213555e-01
 256 -1.6038775138641165e-04 -2.0696680226893875e-04  4.6116887470413646e-04 -5.8518267778009028e-03  0.0000000000000000e+00 -5.3416272102355866e-01
 257 -1.7153667175800414e-04  7.3216989928934993e-05 -1.8752902238615551e-03 -5.4611332499784216e-03  0.0000000000000000e+00 -5.6202666502184984e-01
 258  1.7733278336624607e-04  5.2413124843477950e-05 -3.9980105538868120e-03 -3.8493084491830346e-03  0.0000000000000000e+00 -5.7496299505297443e-01
 259  2.3725092184603773e-04 -2.4974411307683927e-04 -5.3706672012317994e-03 -1.4260741785992897e-03  0.0000000000000000e+00 -5.6167988791411871e-01
 260 -1.6086611582318244e-04 -2.7456116117722504e-04 -5.3859212273352844e-03  1.3017003274335733e-03  0.0000000000000000e+00 -5.3254776197245834e-01
 261 -3.4387198156620228e-04  1.6568740480398173e-04 -4.0357674444051637e-03  3.7568699963968855e-03  0.0000000000000000e+00 -5.1334540461826961e-01
 262  2.8171205622022418e-05  5.0047817221111120e-04 -1.9391085905255581e-03  5.3871584391552482e-03  0.0000000000000000e+00 -5.1962024718570754e-01
 263  4.1492529258813343e-04  7.7282357017721575e-05  3.7690539481273532e-04  5.8091374937092252e-03  0.0000000000000000e+00 -5.5478500652189244e-01
 264  2.6582469666731889e-04 -5.4672261494507286e-04  2.6421904239308991e-03  4.9979240067691512e-03  0.0000000000000000e+00 -5.8950064905409294e-01
 265 -2.5956621810016675e-04 -4.3267801870913313e-04  4.5338333053950072e-03  3.1047986418569814e-03  0.0000000000000000e+00 -5.9171416065446403e-01
 266 -3.9542918422324970e-04  1.6184991057338440e-04  5.5135190020256198e-03  5.2684084092925753e-04  0.0000000000000000e+00 -5.6865465812867000e-01
 267  8.7599984333897729e-05  4.7341311551257276e-04  5.0671618757749618e-03 -2.1647028572930054e-03  0.0000000000000000e+00 -5.3979298635637230e-01
 268  3.7044103506599812e-04  1.6436577042779036e-04  3.4217489546122318e-03 -4.3863401019700087e-03  0.0000000000000000e+00 -5.3178600091498407e-01
 269  8.0763517993821080e-05 -2.7462911794267259e-04  1.1923413715296358e-03 -5.6830806694597846e-03  0.0000000000000000e+00 -5.5418665005422174e-01
 270 -2.3632055008816351e-04 -1.6083563064773302e-04 -1.1493280606069524e-03 -5.7277486874914279e-03  0.0000000000000000e+00 -5.8476902534668462e-01
 271 -7.5721719570535700e-05  1.0693190077063272e-04 -3.3766367901247284e-03 -4.4683140471249863e-03  0.0000000000000000e+00 -6.0265761240066285e-01
 272  2.3227761510893709e-04 -1.1765755847991665e-05 -5.0678408572760458e-03 -2.2425390594803226e-03  0.0000000000000000e+00 -5.9668603431534206e-01
 273  1.0583579307751221e-04 -2.5056835087560554e-04 -5.5533855778713802e-03  4.5575672189833894e-04  0.0000000000000000e+00 -5.7015163576111871e-01
 274 -2.6328177089389893e-04 -1.0805491955295333e-04 -4.5761876323298506e-03  3.0603604765021587e-03  0.0000000000000000e+00 -5.4576593463767786e-01
 275 -2.2421276725395744e-04  3.3843746835096155e-04 -2.6277163037870168e-03  5.0089719895628155e-03  0.0000000000000000e+00 -5.4327709732827845e-01
 276  2.1644651448988518e-04  3.5940651684935470e-04 -3.3885807733476266e-04  5.8279206145275993e-03  0.0000000000000000e+00 -5.6843889082282495e-01
 277  4.2094244715965067e-04 -2.6541911368468404e-04  1.9751385031805146e-03  5.3678520496920372e-03  0.0000000000000000e+00 -6.0732949179982698e-01
 278  4.6811605330037041e-05 -5.9457062088989180e-04  4.0269952508316170e-03  3.7767634476479411e-03  0.0000000000000000e+00 -6.2208680365686320e-01
 279 -4.2614675885386882e-04 -1.7327543544144730e-04  5.3485956717047355e-03  1.3552771635568601e-03  0.0000000000000000e+00 -6.0492332416073258e-01
 280 -2.3044320386384431e-04  4.0008643910111633e-04  5.3484652631944725e-03 -1.3610634385652297e-03  0.0000000000000000e+00 -5.7558017390420602e-01
 281  2.9964631746479369e-04  4.4846554347845337e-04  4.0136105679188351e-03 -3.7823218098499050e-03  0.0000000000000000e+00 -5.5765679798345036e-01
 282  3.2911019751699898e-04 -8.8130240336155015e-05  1.9090190380916469e-03 -5.3905198938449354e-03  0.0000000000000000e+00 -5.7238664799418626e-01
 283 -7.7740142051278737e-05 -3.6475852035928005e-04 -4.2082865199594149e-04 -5.8513921427567304e-03  0.0000000000000000e+00 -6.0592287114192889e-01
 284 -2.5425767353520111e-04 -6.0133255895981632e-05 -2.7051803214765734e-03 -4.9893688237282342e-03  0.0000000000000000e+00 -6.2920108137213804e-01
 285  3.0201436935352948e-05  1.3726571869516788e-04 -4.6319502084447087e-03 -3.0167909178991665e-03  0.0000000000000000e+00 -6.3008661334469840e-01
 286  2.3122812327218143e-04 -5.1926076800782331e-05 -5.5675213695712085e-03 -4.0502246275618580e-04  0.0000000000000000e+00 -6.0785764281520882e-01
 287 -2.1138862065457857e-05 -2.0338214666837647e-04 -5.0271561382522929e-03  2.2941467873987889e-03  0.0000000000000000e+00 -5.8034339487499509e-01
 288 -2.8477528295984129e-04  5.9469949224591876e-05 -3.2985467440631191e-03  4.5084801883805018e-03  0.0000000000000000e+00 -5.7055420202833418e-01
 289 -6.3847255940052152e-05  3.8491292197127250e-04 -1.0579805628728339e-03  5.7254925101170679e-03  0.0000000000000000e+00 -5.8636523283784803e-01
 290  3.4876441146138536e-04  8.8405967486185517e-05  1.2758071282622681e-03  5.6467427281291539e-03  0.0000000000000000e+00 -6.2219381316794131e-01
 291  3.1830012669914508e-04 -4.9497858009157187e-04  3.4593088247532595e-03  4.3665894858936818e-03  0.0000000000000000e+00 -6.4811453569936284e-01
 292 -2.0733778127025748e-04 -4.6108017888304076e-04  5.0620012511747910e-03  2.1539142062483637e-03  0.0000000000000000e+00 -6.4008904026071511e-01
 293 -4.4296997641442954e-04  1.2043635717773488e-04  5.5060084119836891e-03 -5.3278168331407478e-04  0.0000000000000000e+00 -6.1219045744972367e-01
 294  2.5929021765449965e-05  5.4523753968450494e-04  4.5244608057369200e-03 -3.1080624525758435e-03  0.0000000000000000e+00 -5.8756040159854128e-01
 295  4.1180135236987053e-04  2.5175669264652733e-04  2.5990558825344083e-03 -5.0003133181237671e-03  0.0000000000000000e+00 -5.9065571351518731e-01
 296  1.9752251845737691e-04 -3.4546350323119847e-04  3.0163484397439136e-04 -5.8340658845246994e-03  0.0000000000000000e+00 -6.2372943665129477e-01
 297 -2.1750975799051647e-04 -3.2924329644649529e-04 -2.0086534600353913e-03 -5.3904883778845133e-03  0.0000000000000000e+00 -6.5402743441920341e-01
 298 -2.1335305084266168e-04  7.1056899189179650e-05 -4.0942190712852621e-03 -3.7274151258399777e-03  0.0000000000000000e+00 -6.6184142983469874e-01
 299  1.2887433455578313e-04  1.5712656150499907e-04 -5.4194040130007334e-03 -1.2592959496040750e-03  0.0000000000000000e+00 -6.4507920124843154e-01
 300  1.9353856466626043e-04 -7.9543902983939663e-05 -5.3578091682073628e-03  1.4761293452578989e-03  0.0000000000000000e+00 -6.1646753926242503e-01
 301 -1.2293263523311087e-04 -1.3110355608032161e-04 -3.9297335330250975e-03  3.9009561732357128e-03  0.0000000000000000e+00 -6.0017923459378819e-01
 302 -2.4138352435565437e-04  1.8156724027761998e-04 -1.7798026767854194e-03  5.4849720192011913e-03  0.0000000000000000e+00 -6.0859120186502791e-01
 303  1.0418629341445917e-04  2.8957877545800063e-04  5.5644155269505831e-04  5.8238949932589218e-03  0.0000000000000000e+00 -6.3795042117200662e-01
 304  3.9514287525495995e-04 -1.9645158694399668e-04  2.8296803766454238e-03  4.8757110262784000e-03  0.0000000000000000e+00 -6.6958420430546539e-01
 305  1.1414585509737748e-04 -5.4472759064240939e-04  4.6746403417827157e-03  2.9064109240389650e-03  0.0000000000000000e+00 -6.7321959297385525e-01
 306 -4.0083157473308744e-04 -2.1927451649552293e-04  5.5277695956517520e-03  3.0437528180604748e-04  0.0000000000000000e+00 -6.4883113064336639e-01
 307 -2.8866410688962026e-04  3.8700450438663764e-04  4.9513502754556247e-03 -2.3683995389709896e-03  0.0000000000000000e+00 -6.2092623520043400e-01
 308  2.6200099850289985e-04  5.2418895150106758e-04  3.2456831225786608e-03 -4.5241132326407276e-03  0.0000000000000000e+00 -6.1221651130948662e-01
 309  4.0486579340630281e-04 -7.1250408457569455e-05  1.0183233218149159e-03 -5.6957535331063061e-03  0.0000000000000000e+00 -6.3834188058582653e-01
 310  1.7084849307608797e-05 -4.9030613730571674e-04 -1.3053296908555241e-03 -5.6585083068716952e-03  0.0000000000000000e+00 -6.7567171544065230e-01
 311 -3.0993180332661589e-04 -1.8239474809729478e-04 -3.4884678211521904e-03 -4.3534102623581658e-03  0.0000000000000000e+00 -6.9156618060820363e-01
 312 -1.2083591995602463e-04  2.0493751682591475e-04 -5.1230670281051079e-03 -2.0849781782463065e-03  0.0000000000000000e+00 -6.8139508520284520e-01
 313  2.1792713962165980e-04  1.5011258104155161e-04 -5.5402769919430331e-03  6.2697884498272337e-04  0.0000000000000000e+00 -6.5357966837435488e-01
 314  1.2719563575748627e-04 -1.0761566613951985e-04 -4.4933443391248669e-03  3.2068998226621138e-03  0.0000000000000000e+00 -6.3158256506274080e-01
 315 -1.9811824818931169e-04 -6.1951490400868233e-05 -2.4936782521288998e-03  5.1084063497023394e-03  0.0000000000000000e+00 -6.3338144178745570e-01
 316 -1.4674127076519177e-04  2.3124992335035952e-04 -1.7472033096485958e-04  5.8735281831045014e-03  0.0000000000000000e+00 -6.5683725614198163e-01
 317  2.4719719990848446e-04  9.9049256187927392e-05  2.1479313144878256e-03  5.3027578841188736e-03  0.0000000000000000e+00 -6.8863473082587900e-01
 318  3.3204174264370759e-04 -3.8435207900418782e-04  4.1939715693385280e-03  3.6008996075569321e-03  0.0000000000000000e+00 -7.0282960943961681e-01
 319 -1.3666081705658519e-04 -4.4067465677800303e-04  5.4142528523041054e-03  1.1370640987861389e-03  0.0000000000000000e+00 -6.8555018290294423e-01
 320 -4.3899978141973071e-04  6.5720581428746174e-05  5.2800261286129174e-03 -1.5780275788193990e-03  0.0000000000000000e+00 -6.5614521819511540e-01
 321 -4.3188071712819819e-05  5.5301975070882190e-04  3.8416460443311965e-03 -3.9580470596149555e-03  0.0000000000000000e+00 -6.3875755128001277e-01
 322  4.0602391966338487e-04  3.0016828333189963e-04  1.7229897194899473e-03 -5.4586190687494702e-03  0.0000000000000000e+00 -6.5279163378026039e-01
 323  2.9559746797719848e-04 -3.8892321985458338e-04 -6.0014987384055982e-04 -5.7947710971537249e-03  0.0000000000000000e+00 -6.9258157244555552e-01
 324 -1.7274138442792828e-04 -4.6258191711515546e-04 -2.8440337215481330e-03 -4.8751896301623210e-03  0.0000000000000000e+00 -7.1863512646192629e-01
 325 -3.3081284829790636e-04  2.8168050298917370e-05 -4.7058985266154952e-03 -2.8618692590259595e-03  0.0000000000000000e+00 -7.1596939775018564e-01
 326  2.4067333343548350e-05  3.0144406767315657e-04 -5.5632912761817100e-03 -2.3198856023800456e-04  0.0000000000000000e+00 -6.9139970749245272e-01
 327  2.7417256692845269e-04  1.0197574772192711e-04 -4.9566111327580351e-03  2.4477553277263910e-03  0.0000000000000000e+00 -6.6460044412961783e-01
 328  2.6913435689610330e-05 -1.4808962803582027e-04 -3.1814329838349281e-03  4.6107012294790599e-03  0.0000000000000000e+00 -6.5940794059669017e-01
 329 -2.3170063781911186e-04  7.5862085308633518e-07 -9.1292802618539697e-04  5.7784765006320014e-03  0.0000000000000000e+00 -6.7839268997906788e-01
 330 -1.6865144024366420e-05  1.9795880863544181e-04  1.4336162648635759e-03  5.6292724673688392e-03  0.0000000000000000e+00 -7.0806644585495626e-01
 331  3.2399104464186956e-04 -9.7562143845033024e-05  3.6218406863073637e-03  4.2325263471371874e-03  0.0000000000000000e+00 -7.2890136234332381e-01
 332  1.6371743376930641e-04 -4.3342230557078752e-04  5.1740514146484335e-03  1.9499356176551886e-03  0.0000000000000000e+00 -7.2121501580926495e-01
 333 -3.2868503633850653e-04 -2.4035382072356092e-04  5.4872184950789139e-03 -7.5374871482082779e-04  0.0000000000000000e+00 -6.9259429817993301e-01
 334 -3.1778914990608620e-04  3.3198156619699691e-04  4.3848315051764775e-03 -3.3024388493673546e-03  0.0000000000000000e+00 -6.6948598845395701e-01
 335  1.9179045432649418e-04  5.3472469869959665e-04  2.4052414706814398e-03 -5.1248395955512402e-03  0.0000000000000000e+00 -6.7107490612548326e-01
 336  4.3931513899221619e-04 -5.5404981261588335e-05  1.1014336866713945e-04 -5.8179178075924987e-03  0.0000000000000000e+00 -7.0546227028027464e-01
 337  1.1340596259859964e-04 -5.6803829367898194e-04 -2.1804049037631949e-03 -5.2790666846642877e-03  0.0000000000000000e+00 -7.4165141537870805e-01
 338 -3.3381207172069628e-04 -2.8335435514188458e-04 -4.1987507288717739e-03 -3.5725272655457206e-03  0.0000000000000000e+00 -7.4825066813465801e-01
 339 -2.5421259270600615e-04  2.4230044200120501e-04 -5.4360421863525873e-03 -1.0796386423257184e-03  0.0000000000000000e+00 -7.2901049983743549e-01
 340  1.9793217427714448e-04  3.3213650470956268e-04 -5.2906679921977421e-03  1.6436550430187888e-03  0.0000000000000000e+00 -6.9953266682383264e-01
 341  2.6145155744881557e-04 -5.1378592737404918e-06 -3.8204236539328864e-03  4.0154025299034037e-03  0.0000000000000000e+00 -6.8635223824192881e-01
 342 -9.2832991316004824e-05 -1.8783764395414356e-04 -1.6458817165616087e-03  5.5392708189771055e-03  0.0000000000000000e+00 -7.0073198430759343e-01
 343 -2.1014893170021235e-04  5.7415623179846836e-05  7.0155007405087492e-04  5.8278673566613754e-03  0.0000000000000000e+00 -7.2899454494489913e-01
 344  1.1753091634690697e-04  1.0931411963166940e-04  2.9758523496056389e-03  4.7904337157291281e-03  0.0000000000000000e+00 -7.5305236421333788e-01
 345  3.0453719703358087e-04 -2.2699005458792383e-04  4.8080056753233465e-03  2.7283088987527619e-03  0.0000000000000000e+00 -7.5442797497322445e-01
 346 -4.9118850809971690e-05 -3.6980800092225420e-04  5.5584789040360114e-03  9.0848686287859368e-05  0.0000000000000000e+00 -7.3012126508830488e-01
 347 -3.8492671354490584e-04  7.8263426617204612e-06  4.8575463915904553e-03 -2.5711449985295260e-03  0.0000000000000000e+00 -7.0288048257034308e-01
 348 -1.1248188058419353e-04  4.9601690863905435e-04  3.0625414170544498e-03 -4.6820511542187433e-03  0.0000000000000000e+00 -6.9482568515951693e-01
 349  3.5750271823952834e-04  3.0996981196968328e-04  8.2143687950494222e-04 -5.7423582905057760e-03  0.0000000000000000e+00 -7.1809071791433121e-01
 350  3.6581407506604350e-04 -3.9579286632338831e-04 -1.4994866886411100e-03 -5.5660953369909248e-03  0.0000000000000000e+00 -7.5930552469214330e-01
 351 -1.0957977456043688e-04 -5.4603029792173717e-04 -3.6321019041626141e-03 -4.1989284226327424e-03  0.0000000000000000e+00 -7.7771224461253174e-01
 352 -4.1309847876091625e-04 -2.2509333083887960e-05 -5.1740770934791827e-03 -1.8981223092807255e-03  0.0000000000000000e+00 -7.6514102813281670e-01
 353 -6.9957941432973063e-05  4.0400081198797751e-04 -5.4851890772472421e-03  8.1136212519624946e-04  0.0000000000000000e+00 -7.3634971406972960e-01
 354  3.3016729512543562e-04  2.6852816694189762e-04 -4.3814878755307407e-03  3.3456960941847616e-03  0.0000000000000000e+00 -7.1499294054491003e-01
 355  1.6813208727995996e-04 -1.6193408892330090e-04 -2.3612488316685685e-03  5.1706373239742602e-03  0.0000000000000000e+00 -7.2260159233165366e-01
 356 -1.9399701958912446e-04 -1.8412629824699446e-04 -3.7508071062431859e-05  5.8817223336382653e-03  0.0000000000000000e+00 -7.5050913904475869e-01
 357 -1.3504338845310760e-04  9.4102073312603643e-05  2.2831560137395405e-03  5.2520278855471185e-03  0.0000000000000000e+00 -7.7678234082894937e-01
 358  2.1242759358272136e-04  1.9032755394014220e-05  4.3212345462218769e-03  3.4596582015128229e-03  0.0000000000000000e+00 -7.8518669506759919e-01
 359  1.9685202341185266e-04 -2.7216039656124052e-04  5.4860896961841498e-03  9.4025853949772560e-04  0.0000000000000000e+00 -7.6749785895000455e-01
 360 -2.1397502346270797e-04 -2.2906696526964470e-04  5.2314155337668091e-03 -1.7816642877915795e-03  0.0000000000000000e+00 -7.3835108384730408e-01
 361 -3.1549105773438698e-04  2.3953249069013044e-04  3.6924282809946197e-03 -4.1281290638658305e-03  0.0000000000000000e+00 -7.2300251109461033e-01
 362  9.9542091332573005e-05  4.8304316834746602e-04  1.5269893248136544e-03 -5.5597358897848592e-03  0.0000000000000000e+00 -7.3464849990604997e-01
 363  4.3086437356179612e-04 -3.5605982472919462e-05 -7.9852085370200757e-04 -5.7512075106184064e-03  0.0000000000000000e+00 -7.7272782029734888e-01
 364  1.9883826135905954e-04 -5.8557669858673943e-04 -3.0250361670871736e-03 -4.7272336554024146e-03  0.0000000000000000e+00 -8.0296312876615072e-01
 365 -3.2456114803593172e-04 -3.5553563975831271e-04 -4.7990437075782670e-03 -2.6726339959737364e-03  0.0000000000000000e+00 -7.9942559276502079e-01
 366 -3.5317858265071896e-04  2.4363861218282994e-04 -5.5417066438763311e-03 -3.1520207414909565e-05  0.0000000000000000e+00 -7.7377211057405526e-01
 367  1.6431301834040531e-04  4.7267797398155119e-04 -4.8407018677396538e-03  2.6169819890636678e-03  0.0000000000000000e+00 -7.4657288813455702e-01
 368  3.6239449952760855e-04  8.6661696916100108e-05 -3.0438547272319226e-03  4.6985961802713605e-03  0.0000000000000000e+00 -7.4438498434890921e-01
 369  2.1620246867828757e-05 -3.0489999120687718e-04 -7.7089612136804753e-04  5.7893316256690556e-03  0.0000000000000000e+00 -7.7066993135405293e-01
 370 -2.4667866047094390e-04 -1.1908433529583415e-04  1.5660301269062385e-03  5.5913720440378860e-03  0.0000000000000000e+00 -8.0023444000459865e-01
 371 -2.9276882137857578e-05  1.1623236529966744e-04  3.7384357081491921e-03  4.1258971392956157e-03  0.0000000000000000e+00 -8.1428482394326518e-01
 372  2.4361237563085524e-04 -4.3031729495353822e-05  5.2622287704196351e-03  1.7759451924844525e-03  0.0000000000000000e+00 -8.0357845028920094e-01
 373  5.4344990767787243e-05 -2.5254227370802935e-04  5.4805603450004984e-03 -9.4935112620330808e-04  0.0000000000000000e+00 -7.7546489698074395e-01
 374 -2.8801153948778275e-04 -4.8678063836686660e-05  4.2760577368651121e-03 -3.4762845741897566e-03  0.0000000000000000e+00 -7.5412062605365315e-01
 375 -1.7248505542164367e-04  3.8076550202788110e-04  2.2265392813528512e-03 -5.2517608664450800e-03  0.0000000000000000e+00 -7.5648170670512338e-01
 376  2.7368283245074384e-04  2.8768936862070193e-04 -8.3958946587264218e-05 -5.8387787431115274e-03  0.0000000000000000e+00 -7.8588580049150480e-01
 377  3.9989454651361608e-04 -3.5923260984135164e-04 -2.3778938373176118e-03 -5.1576046140926687e-03  0.0000000000000000e+00 -8.2296595931127903e-01
 378 -3.8186508674500996e-05 -5.7032952710682429e-04 -4.3384086662914588e-03 -3.3862425948192336e-03  0.0000000000000000e+00 -8.3140461965368995e-01
 379 -4.4974428264365606e-04 -7.7903288516794063e-05 -5.4595837349254396e-03 -8.6838242814284974e-04  0.0000000000000000e+00 -8.1044914357297715e-01
 380 -1.4918153868480173e-04  4.5614478246161537e-04 -5.1909614786635498e-03  1.8385988513488999e-03  0.0000000000000000e+00 -7.8118319438123018e-01
 381  3.4762334612737701e-04  3.9703246915311102e-04 -3.6711570161592688e-03  4.1447142792771551e-03  0.0000000000000000e+00 -7.6814533178326239e-01
 382  2.8706748265228344e-04 -1.7264045784977654e-04 -1.4930173393282774e-03  5.5654623427781498e-03  0.0000000000000000e+00 -7.8850973880544206e-01
 383 -1.3117476670080296e-04 -3.5394749384260366e-04  8.4134542291291483e-04  5.7920255019931451e-03  0.0000000000000000e+00 -8.2225877071975451e-01
 384 -2.3929579160492919e-04 -1.2479655276954509e-05  3.0923927544253683e-03  4.7040970725794736e-03  0.0000000000000000e+00 -8.4205226089501806e-01
 385  7.4415348288649357e-05  1.3575506707059641e-04  4.8940247521977818e-03  2.5787724728311913e-03  0.0000000000000000e+00 -8.3821218681091880e-01
 386  2.2075576890845933e-04 -7.9069938012262900e-05  5.5823694053668124e-03 -9.1764360486027243e-05  0.0000000000000000e+00 -8.1317785734548509e-01
 387 -6.8952018452786879e-05 -1.8699532101098331e-04  4.7848465240684923e-03 -2.7447314890383231e-03  0.0000000000000000e+00 -7.8751037131415547e-01
 388 -2.8195055823655810e-04  1.1583524925720723e-04  2.9157352182121697e-03 -4.8152373552753768e-03  0.0000000000000000e+00 -7.8231748429547021e-01
 389 -2.2093304457589915e-06  3.8054580208824905e-04  6.3696976523165433e-04 -5.8108820848578550e-03  0.0000000000000000e+00 -8.0251208940504848e-01
 390  3.8011089503058959e-04 -7.3887516349773024e-06 -1.6913788538216875e-03 -5.4984490159745835e-03  0.0000000000000000e+00 -8.3912098343001018e-01
 391  2.6060386375215849e-04 -5.3730469508045517e-04 -3.8089008238088836e-03 -4.0250137145936213e-03  0.0000000000000000e+00 -8.5960818276635886e-01
 392 -2.8415519137465583e-04 -3.9278368443567048e-04 -5.2464587847164392e-03 -1.6855736317405317e-03  0.0000000000000000e+00 -8.4629358751249462e-01
 393 -4.0857460014804658e-04  2.1282394629482901e-04 -5.4267892262291175e-03  1.0244087415395020e-03  0.0000000000000000e+00 -8.1736067298993287e-01
 394  1.1150124284447107e-04  5.5563109751605860e-04 -4.2264686560547285e-03  3.5160583059432255e-03  0.0000000000000000e+00 -7.9591994865151838e-01
 395  4.1924825623462710e-04  1.5528812876880750e-04 -2.1962763619788610e-03  5.2364819812710491e-03  0.0000000000000000e+00 -8.0542985805917144e-01
 396  1.3515966828915921e-04 -3.9992414132433024e-04  1.2062033688271187e-04  5.8506770075073371e-03  0.0000000000000000e+00 -8.4099128708300175e-01
 397 -2.5321874764644539e-04 -2.8074352208310452e-04  2.4114606600219930e-03  5.1713942403657821e-03  0.0000000000000000e+00 -8.6809098907462645e-01
 398 -1.7754497061148189e-04  1.1480948656957226e-04  4.4091241610851291e-03  3.3273245006119083e-03  0.0000000000000000e+00 -8.7127753791225337e-01
 399  1.6518018528285797e-04  1.4277313361894432e-04  5.5215558459507322e-03  7.6965396174362725e-04  0.0000000000000000e+00 -8.5077655859415691e-01
 400  1.6646191177204750e-04 -1.0177078419281031e-04  5.1873474733152196e-03 -1.9520546617109939e-03  0.0000000000000000e+00 -8.2265211348486100e-01
 401 -1.6156434676237839e-04 -1.0377070854268675e-04  3.5761180927835986e-03 -4.2625688401910673e-03  0.0000000000000000e+00 -8.1062149888004675e-01
 402 -2.1433439351486525e-04  2.2124992992444872e-04  1.3630863567528112e-03 -5.6461902023198221e-03  0.0000000000000000e+00 -8.2344672674230024e-01
 403  1.6367186540238953e-04  2.4183463879305555e-04 -9.7774981862164506e-04 -5.7438791728261227e-03  0.0000000000000000e+00 -8.5500294758129058e-01
 404  3.9094439587649299e-04 -2.7795368984271388e-04 -3.2107826013435567e-03 -4.5865448307587505e-03  0.0000000000000000e+00 -8.8326678908942902e-01
 405  3.1243765016797136e-05 -5.3240629792025468e-04 -4.9212134391736157e-03 -2.4675187062318049e-03  0.0000000000000000e+00 -8.8077256470366405e-01
 406 -4.3552842855284016e-04 -1.2903849042518868e-04 -5.5330090357786962e-03  1.9124816389901286e-04  0.0000000000000000e+00 -8.5390305754269524e-01
 407 -2.1235740530529178e-04  4.5592429071232083e-04 -4.7063175013779233e-03  2.8143148399006157e-03  0.0000000000000000e+00 -8.2774060983322384e-01
 408  3.2234055222785899e-04  4.7171718532441870e-04 -2.8654024432772963e-03  4.8184760334725931e-03  0.0000000000000000e+00 -8.2477070122359852e-01
 409  3.7467649228093076e-04 -1.7738414321196374e-04 -5.9621520866632834e-04  5.7821615627624365e-03  0.0000000000000000e+00 -8.5588210347307558e-01
 410 -5.0131500877179703e-05 -4.9076805147923097e-04  1.7170939379443891e-03  5.5115563266106317e-03  0.0000000000000000e+00 -8.9122945599571957e-01
 411 -3.1958591485553188e-04 -1.1296562298218021e-04  3.8414002788810637e-03  4.0011504598534984e-03  0.0000000000000000e+00 -9.0233696067251135e-01
 412 -6.9237700711257966e-05  2.3344925096233869e-04  5.3046291812024289e-03  1.6128231709775633e-03  0.0000000000000000e+00 -8.8785273303719903e-01
 413  2.3941941146708999e-04  1.2302241519545251e-04  5.4526688070429662e-03 -1.1184238395327776e-03  0.0000000000000000e+00 -8.5905646364089039e-01
 414  8.6306802935389194e-05 -1.2464430311135585e-04  4.1824192065071011e-03 -3.6135009934334873e-03  0.0000000000000000e+00 -8.4066103207164700e-01
 415 -2.2046358713773408e-04 -2.8894891801831849e-05  2.0869917868300484e-03 -5.3409038327683145e-03  0.0000000000000000e+00 -8.4718716083664625e-01
 416 -1.0102525355865397e-04  2.4277598353900654e-04 -2.4888859906945984e-04 -5.8694292569151096e-03  0.0000000000000000e+00 -8.7335182764582897e-01
 417  2.8972638291646191e-04  3.0632813905371506e-05 -2.5505615894649853e-03 -5.0705144192242551e-03  0.0000000000000000e+00 -9.0381457799633724e-01
 418  2.8880534786560551e-04 -4.2649713050523110e-04 -4.4948778828471786e-03 -3.1997265333804756e-03  0.0000000000000000e+00 -9.1231955054997371e-01
 419 -2.1509583397113816e-04 -3.8899984439585012e-04 -5.5018990397285644e-03 -6.4715468593446162e-04  0.0000000000000000e+00 -8.9083544038692641e-01
 420 -4.1722953839316048e-04  1.5932391963373332e-04 -5.1007769466608144e-03  2.0508244249779692e-03  0.0000000000000000e+00 -8.6208175400748632e-01
 421  4.1375208670632161e-05  5.7197538252488943e-04 -3.4905836979615304e-03  4.3085667810032809e-03  0.0000000000000000e+00 -8.4903128967508390e-01
 422  4.2951113969020492e-04  1.9554231798307533e-04 -1.3066765993587136e-03  5.6099150172966745e-03  0.0000000000000000e+00 -8.6932059564399189e-01
 423  2.3730093793196121e-04 -4.6075254729604218e-04  1.0185497733429790e-03  5.7202687856871010e-03  0.0000000000000000e+00 -9.0975650812334152e-01
 424 -2.3107750842129023e-04 -4.1093429015382670e-04  3.2223713073436929e-03  4.5804838017118590e-03  0.0000000000000000e+00 -9.3088431862398968e-01
 425 -3.0859017516025384e-04  9.9377320960109965e-05  4.9547968639815183e-03  2.4167264249225764e-03  0.0000000000000000e+00 -9.2349909301394728e-01
 426  8.4497379185841256e-05  3.0633253431149081e-04  5.5625765805992679e-03 -2.6485668512414145e-04  0.0000000000000000e+00 -8.9653835676771532e-01
 427  2.7074672294147501e-04  6.1420896228963931e-05  4.7035190378110700e-03 -2.8903079135253066e-03  0.0000000000000000e+00 -8.7225092191671982e-01
 428 -2.2116477315432303e-05 -1.5762793392026957e-04  2.7924374661364164e-03 -4.9063042651824040e-03  0.0000000000000000e+00 -8.7212011033732051e-01
 429 -2.3106258836744545e-04  3.6432168210380012e-05  4.8964080837822911e-04 -5.8530558001961995e-03  0.0000000000000000e+00 -8.9434016400967153e-01
 430  3.7834671170314581e-05  1.7992108345050593e-04 -1.8481255553752624e-03 -5.4623436045621015e-03  0.0000000000000000e+00 -9.2392352704543523e-01
 431  3.3581851037021819e-04 -1.5874893002690372e-04 -3.9682840062386943e-03 -3.8748632402937407e-03  0.0000000000000000e+00 -9.4036749464023683e-01
 432  9.2972770756847428e-05 -4.3500055828440043e-04 -5.3380828162224994e-03 -1.4765124887743785e-03  0.0000000000000000e+00 -9.2742048429920709e-01
 433 -3.6989713959183229e-04 -1.6404142024485562e-04 -5.3857957219469003e-03  1.2429673858036388e-03  0.0000000000000000e+00 -8.9793699669764759e-01
 434 -2.5618828111264284e-04  4.0482229663244191e-04 -4.0709593319879570e-03  3.7024663685504920e-03  0.0000000000000000e+00 -8.7802845703734034e-01
 435  2.5912514451223591e-04  4.8658759327596207e-04 -2.0013040154642837e-03  5.3411773914125030e-03  0.0000000000000000e+00 -8.8553521303308280e-01
 436  4.2495158648317780e-04 -1.7112029428699142e-04  3.1253875930479553e-04  5.8117751652825081e-03  0.0000000000000000e+00 -9.2354326631776229e-01
 437  3.9091682352936736e-05 -5.7806670206622169e-04  2.5759171594581811e-03  5.0491785680102418e-03  0.0000000000000000e+00 -9.5579766096936092e-01
 438 -3.6756430547375005e-04 -2.0053871606342044e-04  4.5003154445699099e-03  3.1643316022659288e-03  0.0000000000000000e+00 -9.5699395780477825e-01
 439 -1.9755300187099918e-04  2.9646609985591835e-04  5.5204038406160014e-03  5.8819280270703883e-04  0.0000000000000000e+00 -9.3440066474922134e-01
 440  2.4722985616685748e-04  3.0935557828305977e-04  5.1082307629611258e-03 -2.1135929996451280e-03  0.0000000000000000e+00 -9.0580497462475285e-01
 441  2.2925215538148797e-04 -5.6238024224080748e-05  3.4603157526679955e-03 -4.3644000953868851e-03  0.0000000000000000e+00 -8.9768126615896537e-01
 442 -1.3627194340912037e-04 -1.8009928852881843e-04  1.2271306271955571e-03 -5.6899563206784937e-03  0.0000000000000000e+00 -9.1625480100824119e-01
 443 -1.8555828528420089e-04  8.5568585192289162e-05 -1.1224673746651642e-03 -5.7350407448124464e-03  0.0000000000000000e+00 -9.4507534573489327e-01
 444  1.6532456516213845e-04  7.5275373510543228e-05 -3.3551150076214639e-03 -4.4832626084531412e-03  0.0000000000000000e+00 -9.6605731759123481e-01
 445  2.8106485837247350e-04 -2.6537871996613514e-04 -5.0426334025943358e-03 -2.2807301779330814e-03  0.0000000000000000e+00 -9.6210843535337276e-01
 446 -1.1867763933557251e-04 -3.3962483309790659e-04 -5.5407578540160518e-03  4.0539920453889035e-04  0.0000000000000000e+00 -9.3519187457603314e-01
 447 -3.7998260488243712e-04  9.1538651668610123e-05 -4.5942065315194474e-03  3.0102687413610355e-03  0.0000000000000000e+00 -9.1020696373567211e-01
 448 -3.7687200086856440e-05  5.2065987546585674e-04 -2.6754914108484389e-03  4.9636510772093018e-03  0.0000000000000000e+00 -9.0710344929434905e-01
 449  3.9578040478781366e-04  2.0930764748548108e-04 -3.9936677536629267e-04  5.8031461843746053e-03  0.0000000000000000e+00 -9.3564976145020806e-01
 450  3.1758900131491948e-04 -4.7651426818838305e-04  1.9088442229353623e-03  5.4025912176615658e-03  0.0000000000000000e+00 -9.7553919694709923e-01
 451 -1.8527897663112226e-04 -4.9640501536480296e-04  3.9719554243734636e-03  3.8380932120380814e-03  0.0000000000000000e+00 -9.8797126724812079e-01
 452 -4.0503374138404645e-04  6.6382781902034563e-05  5.3375714267906360e-03  1.4217685241618414e-03  0.0000000000000000e+00 -9.7123090391852618e-01
 453  8.5419596349779271e-06  4.2893355785245373e-04  5.3805114526817386e-03 -1.2996186996199954e-03  0.0000000000000000e+00 -9.4163266205825458e-01
 454  3.4733580788759959e-04  2.1260361181673793e-04  4.0641880547289920e-03 -3.7399681524327858e-03  0.0000000000000000e+00 -9.2453733333444010e-01
 455  1.1471906277770064e-04 -2.0779132504835751e-04  1.9514897829826488e-03 -5.3901992298448715e-03  0.0000000000000000e+00 -9.3749209458116256e-01
 456 -2.1888616991384957e-04 -1.5358472701853935e-04 -3.8591984227959555e-04 -5.8673420033747894e-03  0.0000000000000000e+00 -9.6681459336690245e-01
 457 -9.2528039345764527e-05  1.0823079637631598e-04 -2.6829400519736198e-03 -5.0047258868410899e-03  0.0000000000000000e+00 -9.9086832883091647e-01
 458  2.3914781249738940e-04 -1.6570639559241388e-05 -4.6165689771251591e-03 -3.0458878262919118e-03  0.0000000000000000e+00 -9.9445172796686465e-01
 459  1.4841839803196512e-04 -2.8702560040570779e-04 -5.5535333683638588e-03 -4.4741958727609771e-04  0.0000000000000000e+00 -9.7292634153324875e-01
 460 -2.5833165343650281e-04 -1.7511716153076031e-04 -5.0331658804785235e-03  2.2494222107735597e-03  0.0000000000000000e+00 -9.4467110030753798e-01
 461 -2.7600320491021936e-04  3.0679975436629986e-04 -3.3291628088196576e-03  4.4693699777035171e-03  0.0000000000000000e+00 -9.3356571560524138e-01
 462  1.6800938009730354e-04  4.4553339359085025e-04 -1.1100894393962211e-03  5.6908222583300179e-03  0.0000000000000000e+00 -9.5056689687486129e-01
 463  4.3401383606426911e-04 -1.4815050827291792e-04  1.2174860974257058e-03  5.6525419677843948e-03  0.0000000000000000e+00 -9.9036019604466619e-01
 464  1.2414962762620957e-04 -6.0330950718362551e-04  3.3937299585967838e-03  4.4219093855437904e-03  0.0000000000000000e+00 -1.0152853502783532e+00
 465 -3.7828491405922485e-04 -2.6978929858215871e-04  5.0299755411556757e-03  2.2212605965859951e-03  0.0000000000000000e+00 -1.0064103291635473e+00
 466 -2.9585027062068630e-04  3.1773849036224449e-04  5.5196297639566599e-03 -4.6413016055709831e-04  0.0000000000000000e+00 -9.7879415878334530e-01
 467  2.3330227016234967e-04  4.5664216820710709e-04  4.5781331401912647e-03 -3.0500037326742211e-03  0.0000000000000000e+00 -9.5419961854236268e-01
 468  3.4159545725842333e-04  5.4812688079252170e-06  2.6515285208099687e-03 -4.9778237460625010e-03  0.0000000000000000e+00 -9.5803464158819307e-01
 469 -3.6416180328714090e-05 -3.2143456125109508e-04  3.4824674721080731e-04 -5.8528447065674663e-03  0.0000000000000000e+00 -9.8732522585390459e-01
 470 -2.4678965123005797e-04 -7.5504577649219162e-05 -1.9779225641160443e-03 -5.4132970215589491e-03  0.0000000000000000e+00 -1.0151690058408127e+00
 471  1.7771407151233789e-05  1.1913505524270199e-04 -4.0800368220569950e-03 -3.7545864904953040e-03  0.0000000000000000e+00 -1.0249964357695120e+00
 472  2.4523230721852944e-04 -7.3943478113727611e-05 -5.4130256678882284e-03 -1.2967210898074380e-03  0.0000000000000000e+00 -1.0098440248042153e+00
 473  1.3479063086945207e-06 -2.4622895230586711e-04 -5.3593105098618029e-03  1.4364048803219272e-03  0.0000000000000000e+00 -9.8105063573464724e-01
 474 -3.0225407660632866e-04  1.3795878066141494e-05 -3.9484687818138022e-03  3.8677569756244653e-03  0.0000000000000000e+00 -9.6331258680463117e-01
 475 -1.1465127424094636e-04  4.0925468020451192e-04 -1.8175828504803891e-03  5.4552058855064055e-03  0.0000000000000000e+00 -9.7058326447436416e-01
 476  3.2333428762163277e-04  2.0263954920580498e-04  5.0664046622107112e-04  5.8072286824824154e-03  0.0000000000000000e+00 -1.0035563759796722e+00
 477  3.6579568846559213e-04 -4.3975324565219729e-04  2.7705754923546670e-03  4.9107691330639858e-03  0.0000000000000000e+00 -1.0375781116181026e+00
 478 -1.2371888561188202e-04 -5.2885527114645105e-04  4.6227237484436686e-03  2.9707315522152114e-03  0.0000000000000000e+00 -1.0397440835979874e+00
 479 -4.5471984475687141e-04  1.8348914665342687e-05  5.5222293711807520e-03  3.7547451003211788e-04  0.0000000000000000e+00 -1.0157042838152255e+00
 480 -6.2720228938994738e-05  4.9908699405750150e-04  4.9912642130591316e-03 -2.3028251635437715e-03  0.0000000000000000e+00 -9.8730967980762274e-01
 481  3.8204050503933522e-04  3.3021019971607099e-04  3.3077885603543179e-03 -4.4772532428707700e-03  0.0000000000000000e+00 -9.7979983109673430e-01
 482  2.3645459665779450e-04 -2.4931200675921218e-04  1.0731979447052477e-03 -5.7007416099268361e-03  0.0000000000000000e+00 -1.0051759421883752e+00
 483 -1.7842281055716281e-04 -3.2956486813809881e-04 -1.2593781958311172e-03 -5.6891147510229230e-03  0.0000000000000000e+00 -1.0381389517021908e+00
 484 -2.1533069378530954e-04  3.2468868997177827e-05 -3.4658901589464104e-03 -4.3848891291639385e-03  0.0000000000000000e+00 -1.0540634736704615e+00
 485  1.1539064158344874e-04  1.2794119570766995e-04 -5.1194378072596056e-03 -2.1227617384630242e-03  0.0000000000000000e+00 -1.0455530160195203e+00
 486  2.0188298589738561e-04 -1.0409340042702236e-04 -5.5467248041990141e-03  5.8804469466358297e-04  0.0000000000000000e+00 -1.0184808882538858e+00
 487 -1.1440696548903365e-04 -1.6329408017345869e-04 -4.5071054749943234e-03  3.1762852150177892e-03  0.0000000000000000e+00 -9.9543303009159434e-01
 488 -2.6875760316879551e-04  1.6983134131688389e-04 -2.5203887879143771e-03  5.0867268124650308e-03  0.0000000000000000e+00 -9.9495155478998021e-01
 489  6.0946900498981679e-05  3.5964329541244872e-04 -2.1450110745555330e-04  5.8527111643089059e-03  0.0000000000000000e+00 -1.0191938264677463e+00
 490  3.9994997924498651e-04 -1.0456425186278076e-04  2.1012003905989227e-03  5.3114434742625588e-03  0.0000000000000000e+00 -1.0554192085654852e+00
 491  1.9215700226844046e-04 -5.6121430241642544e-04  4.1368440888380747e-03  3.6542231647658584e-03  0.0000000000000000e+00 -1.0699514881589052e+00
 492 -3.5058047838969366e-04 -3.1448419986594695e-04  5.3882244535370105e-03  1.2051180068837161e-03  0.0000000000000000e+00 -1.0520008794773956e+00
 493 -3.5713628440145587e-04  2.9972557990262579e-04  5.2996937669598562e-03 -1.5090739284335320e-03  0.0000000000000000e+00 -1.0227510939541644e+00
 494  1.9106674310835959e-04  5.4690973519708121e-04  3.9016973549692259e-03 -3.8980355741680055e-03  0.0000000000000000e+00 -1.0053193906007991e+00
 495  4.1290197488996300e-04  5.2422218716672717e-05  1.7851649048107325e-03 -5.4356550041434262e-03  0.0000000000000000e+00 -1.0211665759497084e+00
 496  6.9987886519453122e-05 -4.3744014319435149e-04 -5.4163501817011120e-04 -5.8241500213808009e-03  0.0000000000000000e+00 -1.0580024617481190e+00
 497 -2.7934978176213937e-04 -2.2464797076597235e-04 -2.8053895540643163e-03 -4.9139956630988215e-03  0.0000000000000000e+00 -1.0813574101724213e+00
 498 -1.3581574622060708e-04  1.5234162772025274e-04 -4.6953170128324513e-03 -2.9040389483083132e-03  0.0000000000000000e+00 -1.0798561965491129e+00
 499  1.9536409882143187e-04  1.2323293164234571e-04 -5.5746483311611139e-03 -2.7455319108334329e-04  0.0000000000000000e+00 -1.0561829094201529e+00
 500  1.3312350085888401e-04 -1.2018705769229555e-04 -4.9741978186802127e-03  2.4143067651206385e-03  0.0000000000000000e+00 -1.0294311898319790e+00
 501 -1.9453976863699954e-04 -7.1478061161495135e-05 -3.2037635704579015e-03  4.5939090274599633e-03  0.0000000000000000e+00 -1.0219668674039757e+00
 502 -1.7865024664992412e-04  2.5295027519362683e-04 -9.4278728188199371e-04  5.7649600220411497e-03  0.0000000000000000e+00 -1.0389270444266288e+00
 503  2.1936253299547449e-04  1.8200834218987355e-04  1.3965342809661233e-03  5.6221424185844424e-03  0.0000000000000000e+00 -1.0718686612705786e+00
 504  3.7303596343851779e-04 -3.4989582693216703e-04  3.5757706545684565e-03  4.2651316864370783e-03  0.0000000000000000e+00 -1.0958439821413575e+00
 505 -5.4648007372992634e-05 -5.0463293100974996e-04  5.1315378721324282e-03  2.0103714259565373e-03  0.0000000000000000e+00 -1.0875087904261813e+00
 506 -4.5169878890702949e-04 -3.5040332698494273e-05  5.4879555817878315e-03 -6.8566908664552569e-04  0.0000000000000000e+00 -1.0590203292853981e+00
 507 -1.2912345719698733e-04  5.1148683334980866e-04  4.4277902494120379e-03 -3.2397397793594226e-03  0.0000000000000000e+00 -1.0353182311990992e+00
 508  3.7071284084973970e-04  4.0021541746618666e-04  2.4717655272034991e-03 -5.0777982368542017e-03  0.0000000000000000e+00 -1.0385081465875139e+00
 509  3.3345672217040848e-04 -2.7579443342598087e-04  1.7341866821196902e-04 -5.8272971229284074e-03  0.0000000000000000e+00 -1.0736170726449048e+00
 510 -1.1479559557449731e-04 -4.7306848999873049e-04 -2.1231871150889248e-03 -5.3233704990810560e-03  0.0000000000000000e+00 -1.1059847238952534e+00
 511 -3.1785540598684503e-04 -4.2717530104200293e-05 -4.1732847399701201e-03 -3.6202329804280553e-03  0.0000000000000000e+00 -1.1122273073853399e+00
 512 -1.4762678200298045e-05  2.5284487688838277e-04 -5.4416613893166947e-03 -1.1293996572839539e-03  0.0000000000000000e+00 -1.0937675338530455e+00
