#     name              s    code  bx*ex  sqrt(bx*by)  dbx/dd*ex  bx*dex/dd  by*ex  dby/dd*ex by*dex/dd  ksix  ksiy  dbx/dd  bx/dd dex/dd
#                      [m]          [m]      [m]          [m]       [m]       [m]      [m]       [m]
#
   0 begin             0.00  0.0  -0.005     7.840       0.029    107.951   -0.001   -0.005     18.065   0.00   0.00  -113.772  20.872   5.633
   1 dh0g1a            4.65  0.0  -0.005    14.209       0.028    113.552   -0.003   -0.010     55.673   0.00   0.00  -108.282  40.053   5.596
   2 gs                4.65  0.0  -0.005    14.209       0.028    113.552   -0.003   -0.010     55.673   0.00   0.00  -108.282  40.053   5.596
   3 sh1               4.85  1.5  -0.005    14.662       0.028    114.075   -0.003   -0.010     58.971   0.00   0.00  -107.840  38.301   5.594
   4 dh1ag2a           4.94  0.0  -0.005    14.863       0.028    114.310   -0.003   -0.010     60.458   0.00   0.00  -107.638  37.467   5.593
   5 bpm               4.94  0.0  -0.005    14.863       0.028    114.310   -0.003   -0.010     60.458   0.00   0.00  -107.638  37.467   5.593
   6 dbpm              5.03  0.0  -0.005    15.065       0.028    114.550   -0.003   -0.009     61.970   0.00   0.00  -107.433  36.591   5.593
   7 qh1sp01           5.28 -1.0  -0.006    15.655       0.030    122.860   -0.003   -0.009     65.062   0.29  -0.16  -112.400  32.876   5.711
   8 dh2ag2a           5.43  0.0  -0.006    16.030       0.032    133.454   -0.003   -0.008     66.172   0.29  -0.16  -119.235  29.884   5.862
   9 sq1hsp01          5.53  0.0  -0.006    16.269       0.034    140.493   -0.003   -0.008     66.875   0.29  -0.16  -123.675  27.986   5.958
  10 chv               5.53  0.0  -0.006    16.269       0.034    140.493   -0.003   -0.008     66.875   0.29  -0.16  -123.675  27.986   5.958
  11 sq1hsp01          5.63  0.0  -0.007    16.507       0.036    147.781   -0.003   -0.007     67.578   0.29  -0.16  -128.193  26.091   6.054
  12 dh2bg2a           5.79  0.0  -0.007    16.882       0.039    159.773   -0.003   -0.007     68.686   0.29  -0.16  -135.469  23.111   6.205
  13 sh2               5.99  0.0  -0.008    17.360       0.043    175.931   -0.003   -0.006     70.096   0.29  -0.16  -144.987  19.333   6.397
  14 dh2cg2a           6.14  0.0  -0.009    17.719       0.046    188.752   -0.003   -0.005     71.160   0.29  -0.16  -152.331  16.506   6.541
  15 qh2sp01           6.54  1.0  -0.007    18.584       0.035    151.889   -0.004   -0.003     83.604  -1.02   0.57  -125.701   8.983   6.064
  16 dh3ag2a           6.73  0.0  -0.005    18.598       0.024    110.236   -0.004   -0.001     92.788  -1.02   0.57  -95.537   3.945   5.438
  17 sh3               6.93 -1.5  -0.003    18.164       0.015     75.474   -0.005    0.001     99.854  -1.02   0.57  -68.008  -2.690   4.779
  18 dh3bg2a           7.13  0.0  -0.002    17.297       0.009     49.506   -0.005    0.002    103.447  -1.02   0.57  -45.337  -10.472   4.137
  19 qh3sp01           7.38 -1.0  -0.001    15.710       0.004     31.653   -0.005    0.003     97.724  -0.69  -0.45  -26.936  -17.231   3.540
  20 dh4ag2a           7.46  0.0  -0.001    15.133       0.004     28.444   -0.004    0.003     93.421  -0.69  -0.45  -22.841  -17.921   3.406
  21 bpm               7.46  0.0  -0.001    15.133       0.004     28.444   -0.004    0.003     93.421  -0.69  -0.45  -22.841  -17.921   3.406
  22 dbpm              7.55  0.0  -0.001    14.562       0.003     25.464   -0.004    0.003     89.170  -0.69  -0.45  -18.966  -18.607   3.272
  23 sh4               7.75 -1.5  -0.001    13.276       0.001     19.471   -0.004    0.003     79.643  -0.69  -0.45  -10.938  -20.158   2.966
  24 dh4bg2a           8.00  0.0  -0.001    11.721       0.000     13.476   -0.003    0.003     68.169  -0.69  -0.45  -2.566  -22.053   2.586
  25 dfch              8.15  0.0  -0.000    10.808      -0.000     10.557   -0.003    0.003     61.433  -0.69  -0.45   1.628  -23.181   2.356
  26 chv               8.15  0.0  -0.000    10.808      -0.000     10.557   -0.003    0.003     61.433  -0.69  -0.45   1.628  -23.181   2.356
  27 dfch              8.30  0.0  -0.000     9.916      -0.001      8.111   -0.003    0.002     54.837  -0.69  -0.45   5.175  -24.297   2.127
  28 ge                8.30  0.0  -0.000     9.916      -0.001      8.111   -0.003    0.002     54.837  -0.69  -0.45   5.175  -24.297   2.127
  29 dh4cg3a           8.33  0.0  -0.000     9.732      -0.001      7.654   -0.002    0.002     53.469  -0.69  -0.45   5.838  -24.529   2.079
  30 gs                8.33  0.0  -0.000     9.732      -0.001      7.654   -0.002    0.002     53.469  -0.69  -0.45   5.838  -24.529   2.079
  31 b1sp01           10.95  0.5   0.366     7.486      -5.303     -6.080    2.881   -5.681    -47.860  -0.69  -0.45  -38.670  -41.426  -2.279
  32 dm1ag3a          11.32  0.0   0.717     9.130     -10.617    -11.954    3.579   -7.610    -59.670  -0.69  -0.45  -60.521  -43.382  -2.925
  33 dfch             11.47  0.0   0.914     9.816     -13.498    -15.252    3.853   -8.442    -64.317  -0.69  -0.45  -70.612  -44.164  -3.191
  34 chv              11.47  0.0   0.914     9.816     -13.498    -15.252    3.853   -8.442    -64.317  -0.69  -0.45  -70.612  -44.164  -3.191
  35 sm3              11.47 -1.5   0.914     9.816     -13.498    -15.252    3.853   -8.442    -64.317  -0.69  -0.45  -70.612  -44.164  -3.191
  36 dfch             11.62  0.0   1.146    10.503     -16.806    -19.130    4.121   -9.393    -68.804  -0.69  -0.45  -81.230  -45.402  -3.454
  37 dm1bg3a          11.93  0.0   1.750    11.920     -25.179    -29.227    4.654  -11.468    -77.725  -0.69  -0.45  -105.170  -47.902  -3.999
  38 ge               11.93  0.0   1.750    11.920     -25.179    -29.227    4.654  -11.468    -77.725  -0.69  -0.45  -105.170  -47.902  -3.999
  39 gs               11.93  0.0   1.750    11.920     -25.179    -29.227    4.654  -11.468    -77.725  -0.69  -0.45  -105.170  -47.902  -3.999
  40 qm1sp01          12.18 -1.0   2.556    13.023     -36.292    -42.827    4.917  -12.609    -82.388  -0.53  -0.75  -133.312  -46.316  -4.561
  41 dm2ag4a          12.38  0.0   3.548    13.775     -49.998    -59.698    4.942  -12.878    -83.145  -0.53  -0.75  -164.462  -42.360  -5.115
  42 sm1a             12.58 -1.5   4.772    14.380     -66.042    -80.193    4.886  -13.751    -82.108  -0.53  -0.75  -196.681  -40.952  -5.643
  43 dm2bg4a          13.16  0.0   9.878    15.299    -127.649   -163.864    4.347  -18.045    -72.109  -0.53  -0.75  -298.017  -42.129  -7.105
  44 bpm              13.16  0.0   9.878    15.299    -127.649   -163.864    4.347  -18.045    -72.109  -0.53  -0.75  -298.017  -42.129  -7.105
  45 dbpm             13.25  0.0  10.870    15.329    -139.288   -180.042    4.228  -18.586    -70.030  -0.53  -0.75  -314.965  -42.028  -7.325
  46 qm2sp01          13.50  1.0  12.409    15.325    -154.421   -203.678    4.044  -21.201    -66.375  -1.28  -0.51  -334.074  -45.867  -7.587
  47 dm2cg4a          13.70  0.0  12.407    15.315    -149.939   -201.350    4.039  -24.240    -65.547  -1.28  -0.51  -324.377  -52.441  -7.502
  48 sm2              13.95  1.5  12.407    15.315    -154.354   -203.490    4.039  -24.746    -66.242  -1.28  -0.51  -333.926  -53.536  -7.581
  49 dm2cg4b          14.15  0.0  12.409    15.324    -165.899   -209.243    4.044  -22.517    -68.186  -1.28  -0.51  -358.902  -48.712  -7.794
  50 qm2sp01          14.40  1.0  10.870    15.329    -157.304   -188.778    4.228  -20.983    -73.424  -1.96  -0.25  -355.700  -47.447  -7.680
  51 dm2bg4b          14.92  0.0   5.856    14.736    -100.734   -108.367    4.796  -19.569    -88.743  -1.96  -0.25  -280.108  -54.415  -6.655
  52 sm1b             15.12 -1.5   4.444    14.242     -80.493    -83.775    4.907  -20.813    -92.509  -1.96  -0.25  -245.514  -63.484  -6.181
  53 dm2ag4b          15.38  0.0   2.964    13.370     -56.036    -56.567    4.939  -24.464    -94.256  -1.96  -0.25  -195.825  -85.492  -5.461
  54 bpm              15.38  0.0   2.964    13.370     -56.036    -56.567    4.939  -24.464    -94.256  -1.96  -0.25  -195.825  -85.492  -5.461
  55 dbpm             15.46  0.0   2.557    13.023     -49.120    -49.031    4.917  -25.415    -94.304  -1.96  -0.25  -180.422  -93.353  -5.221
  56 qm1sp01          15.71 -1.0   1.750    11.920     -35.498    -34.231    4.654  -26.475    -91.010  -1.84  -0.57  -148.263  -110.574  -4.682
  57 dm1eg4b          15.93  0.0   1.304    10.918     -27.929    -26.119    4.279  -26.023    -85.692  -1.84  -0.57  -129.063  -120.258  -4.333
  58 dfch             16.08  0.0   1.050    10.231     -23.365    -21.418    4.016  -25.474    -81.943  -1.84  -0.57  -116.438  -126.947  -4.095
  59 sm3              16.08 -1.5   1.050    10.231     -23.365    -21.418    4.016  -25.474    -81.943  -1.84  -0.57  -116.438  -126.947  -4.095
  60 chv              16.08  0.0   1.050    10.231     -23.365    -21.418    4.016  -25.474    -81.943  -1.84  -0.57  -116.438  -126.947  -4.095
  61 dfch             16.23  0.0   0.832     9.544     -19.250    -17.335    3.745  -24.817    -78.045  -1.84  -0.57  -104.092  -134.192  -3.854
  62 ge               16.23  0.0   0.832     9.544     -19.250    -17.335    3.745  -24.817    -78.045  -1.84  -0.57  -104.092  -134.192  -3.854
  63 gs               16.23  0.0   0.832     9.544     -19.250    -17.335    3.745  -24.817    -78.045  -1.84  -0.57  -104.092  -134.192  -3.854
  64 dm1dg5b          16.29  0.0   0.760     9.291     -17.848    -15.977    3.644  -24.520    -76.579  -1.84  -0.57  -99.638  -136.885  -3.765
  65 dpwg5b           16.49  0.0   0.538     8.382     -13.290    -11.706    3.269  -23.198    -71.171  -1.84  -0.57  -84.030  -146.682  -3.444
  66 dm1cg5b          16.69  0.0   0.366     7.488      -9.488     -8.335    2.881  -21.482    -65.573  -1.84  -0.57  -69.163  -156.598  -3.122
  67 b1sp01           19.31  0.5  -0.000     9.728      -0.001      3.207   -0.001    0.008     22.413  -1.84  -0.57  57.084  -294.815   0.871
  68 ge               19.31  0.0  -0.000     9.728      -0.001      3.207   -0.001    0.008     22.413  -1.84  -0.57  57.084  -294.815   0.871
  69 dl4bg6b          19.53  0.0  -0.000    11.022      -0.002      5.491   -0.001    0.012     30.875  -1.84  -0.57  61.886  -306.861   1.181
  70 gs               19.53  0.0  -0.000    11.022      -0.002      5.491   -0.001    0.012     30.875  -1.84  -0.57  61.886  -306.861   1.181
  71 dfch             19.68  0.0  -0.000    11.940      -0.003      7.524   -0.001    0.015     36.858  -1.84  -0.57  64.682  -315.226   1.395
  72 chv              19.68  0.0  -0.000    11.940      -0.003      7.524   -0.001    0.015     36.858  -1.84  -0.57  64.682  -315.226   1.395
  73 dfch             19.83  0.0  -0.000    12.877      -0.004      9.979   -0.001    0.018     42.970  -1.84  -0.57  67.062  -323.648   1.608
  74 dl4ag6b          19.91  0.0  -0.000    13.398      -0.004     11.518   -0.002    0.020     46.376  -1.84  -0.57  68.189  -328.288   1.725
  75 ql3sp01          20.16 -1.0  -0.001    14.949      -0.006     19.506   -0.002    0.024     53.933  -1.56  -1.33  77.012  -308.665   2.170
  76 dbpm             20.25  0.0  -0.001    15.417      -0.007     24.031   -0.002    0.024     55.046  -1.56  -1.33  82.206  -290.733   2.359
  77 bpm              20.25  0.0  -0.001    15.417      -0.007     24.031   -0.002    0.024     55.046  -1.56  -1.33  82.206  -290.733   2.359
  78 dl3bg6b          20.33  0.0  -0.001    15.827      -0.008     29.204   -0.002    0.025     55.706  -1.56  -1.33  87.411  -273.330   2.548
  79 sl3              20.53 -1.5  -0.002    16.542      -0.011     43.691   -0.002    0.025     55.666  -1.56  -1.33  99.348  -235.532   2.981
  80 dl3ag6b          21.15  0.0  -0.004    16.809      -0.021    116.121   -0.002    0.022     45.181  -1.56  -1.33  136.329  -136.785   4.309
  81 ql2sp01          21.55  1.0  -0.004    15.842      -0.021    121.770   -0.002    0.021     40.966  -3.30  -0.75  125.409  -126.008   4.458
  82 dl2cg6b          21.80  0.0  -0.003    15.114      -0.015     91.046   -0.002    0.022     42.148  -3.30  -0.75  99.575  -146.551   4.099
  83 sl2              22.00  1.5  -0.003    14.409      -0.011     70.566   -0.002    0.023     42.730  -3.30  -0.75  81.008  -163.921   3.811
  84 dl2bg6b          22.14  0.0  -0.002    13.860      -0.009     58.433   -0.002    0.024     42.921  -3.30  -0.75  69.326  -176.345   3.613
  85 dsch             22.24  0.0  -0.002    13.429      -0.008     50.542   -0.002    0.024     42.942  -3.30  -0.75  61.382  -185.627   3.469
  86 chv              22.24  0.0  -0.002    13.429      -0.008     50.542   -0.002    0.024     42.942  -3.30  -0.75  61.382  -185.627   3.469
  87 dsch             22.34  0.0  -0.002    12.969      -0.007     43.395   -0.002    0.024     42.860  -3.30  -0.75  53.904  -195.117   3.325
  88 dl2ag6b          22.47  0.0  -0.001    12.291      -0.005     34.716   -0.002    0.025     42.568  -3.30  -0.75  44.381  -208.503   3.128
  89 ql1sp01          22.72 -1.0  -0.001    10.992      -0.004     26.411   -0.001    0.023     39.434  -2.98  -1.22  32.157  -208.306   2.936
  90 dl1ag6b          22.81  0.0  -0.001    10.550      -0.003     25.349   -0.001    0.022     37.608  -2.98  -1.22  29.161  -199.619   2.927
  91 bpm              22.81  0.0  -0.001    10.550      -0.003     25.349   -0.001    0.022     37.608  -2.98  -1.22  29.161  -199.619   2.927
  92 dbpm             22.90  0.0  -0.001    10.119      -0.003     24.318   -0.001    0.021     35.834  -2.98  -1.22  26.247  -191.101   2.917
  93 sl1              23.10 -1.5  -0.001     9.174      -0.002     22.070   -0.001    0.019     31.972  -2.98  -1.22  19.893  -172.265   2.896
  94 ge               23.10  0.0  -0.001     9.174      -0.002     22.070   -0.001    0.019     31.972  -2.98  -1.22  19.893  -172.265   2.896
  95 gs               23.10  0.0  -0.001     9.174      -0.002     22.070   -0.001    0.019     31.972  -2.98  -1.22  19.893  -172.265   2.896
  96 dl0g1a           26.40  0.0  -0.000     1.444       0.003      4.836   -0.000   -0.001      2.779  -2.98  -1.22  -23.206  11.043   2.539
  97 dl0g1a           29.70  0.0  -0.001     9.174      -0.006     16.631   -0.001    0.005     24.092  -2.98  -1.22  50.137  -46.098   2.182
  98 ge               29.70  0.0  -0.001     9.174      -0.006     16.631   -0.001    0.005     24.092  -2.98  -1.22  50.137  -46.098   2.182
  99 gs               29.70  0.0  -0.001     9.174      -0.006     16.631   -0.001    0.005     24.092  -2.98  -1.22  50.137  -46.098   2.182
 100 sl1              29.90 -1.5  -0.001    10.119      -0.006     18.008   -0.001    0.006     26.537  -2.98  -1.22  58.324  -57.288   2.160
 101 dl1ag2a          29.99  0.0  -0.001    10.550      -0.007     18.630   -0.001    0.007     27.639  -2.98  -1.22  62.040  -62.461   2.151
 102 bpm              29.99  0.0  -0.001    10.550      -0.007     18.630   -0.001    0.007     27.639  -2.98  -1.22  62.040  -62.461   2.151
 103 dbpm             30.07  0.0  -0.001    10.992      -0.007     19.262   -0.001    0.008     28.760  -2.98  -1.22  65.837  -67.803   2.141
 104 ql1sp01          30.32 -1.0  -0.001    12.291      -0.010     24.791   -0.002    0.009     30.398  -2.59  -1.70  84.394  -74.120   2.233
 105 dl2ag2a          30.46  0.0  -0.002    12.969      -0.012     30.674   -0.002    0.009     30.295  -2.59  -1.70  100.089  -72.267   2.351
 106 dsch             30.56  0.0  -0.002    13.429      -0.015     35.485   -0.002    0.009     30.149  -2.59  -1.70  112.322  -70.908   2.436
 107 chv              30.56  0.0  -0.002    13.429      -0.015     35.485   -0.002    0.009     30.149  -2.59  -1.70  112.322  -70.908   2.436
 108 dsch             30.66  0.0  -0.002    13.860      -0.017     40.769   -0.002    0.009     29.946  -2.59  -1.70  125.245  -69.539   2.521
 109 dl2bg2a          30.80  0.0  -0.003    14.409      -0.020     48.847   -0.002    0.010     29.579  -2.59  -1.70  144.141  -67.643   2.638
 110 sl2              31.00  1.5  -0.003    15.114      -0.026     62.384   -0.002    0.010     28.879  -2.59  -1.70  173.957  -64.854   2.808
 111 dl2cg2a          31.25  0.0  -0.004    15.842      -0.035     82.521   -0.002    0.010     27.762  -2.59  -1.70  215.113  -61.318   3.021
 112 ql2sp01          31.65  1.0  -0.004    16.809      -0.035     77.435   -0.002    0.012     30.129  -4.31  -1.03  222.391  -79.239   2.874
 113 dl3ag2a          32.26  0.0  -0.002    16.542      -0.015     27.989   -0.002    0.018     35.660  -4.31  -1.03  143.090  -163.406   1.910
 114 sl3              32.46 -1.5  -0.001    15.827      -0.011     18.286   -0.002    0.018     34.881  -4.31  -1.03  120.368  -197.011   1.596
 115 dl3bg2a          32.55  0.0  -0.001    15.417      -0.009     14.855   -0.002    0.018     34.027  -4.31  -1.03  110.910  -212.667   1.458
 116 bpm              32.55  0.0  -0.001    15.417      -0.009     14.855   -0.002    0.018     34.027  -4.31  -1.03  110.910  -212.667   1.458
 117 dbpm             32.64  0.0  -0.001    14.949      -0.008     11.875   -0.002    0.018     32.833  -4.31  -1.03  101.747  -228.904   1.321
 118 ql3sp01          32.89 -1.0  -0.000    13.398      -0.005      6.582   -0.002    0.015     26.503  -4.10  -1.86  84.917  -251.678   0.986
 119 dl4ag2a          33.17  0.0  -0.000    11.635      -0.003      3.430   -0.001    0.011     17.565  -4.10  -1.86  74.732  -247.983   0.667
 120 dfch             33.32  0.0  -0.000    10.724      -0.002      2.197   -0.001    0.009     12.953  -4.10  -1.86  69.111  -246.007   0.497
 121 chv              33.32  0.0  -0.000    10.724      -0.002      2.197   -0.001    0.009     12.953  -4.10  -1.86  69.111  -246.007   0.497
 122 dfch             33.47  0.0  -0.000     9.835      -0.002      1.231   -0.001    0.007      8.439  -4.10  -1.86  63.352  -244.024   0.328
 123 ge               33.47  0.0  -0.000     9.835      -0.002      1.231   -0.001    0.007      8.439  -4.10  -1.86  63.352  -244.024   0.328
 124 dl4bg3a          33.49  0.0  -0.000     9.728      -0.002      1.130   -0.001    0.006      7.895  -4.10  -1.86  62.640  -243.782   0.307
 125 gs               33.49  0.0  -0.000     9.728      -0.002      1.130   -0.001    0.006      7.895  -4.10  -1.86  62.640  -243.782   0.307
 126 b1sp01           36.11  0.5   0.366     7.488      -8.247     -7.905    2.881  -28.182    -62.194  -4.10  -1.86  -60.122  -205.439  -2.961
 127 dm1ag3a          36.47  0.0   0.717     9.131     -14.137    -14.127    3.579  -35.029    -70.491  -4.10  -1.86  -80.575  -199.646  -3.456
 128 sq2hsp01         36.62  0.0   0.914     9.817     -17.057    -17.495    3.854  -37.714    -73.751  -4.10  -1.86  -89.217  -197.260  -3.659
 129 chv              36.62  0.0   0.914     9.817     -17.057    -17.495    3.854  -37.714    -73.751  -4.10  -1.86  -89.217  -197.260  -3.659
 130 sm3              36.62 -1.5   0.914     9.817     -17.057    -17.495    3.854  -37.714    -73.751  -4.10  -1.86  -89.217  -197.260  -3.659
 131 sq2hsp01         36.77  0.0   1.146    10.504     -20.252    -21.382    4.121  -40.419    -76.881  -4.10  -1.86  -97.875  -195.340  -3.860
 132 dm1bg3a          37.08  0.0   1.750    11.920     -27.810    -31.255    4.654  -45.813    -83.098  -4.10  -1.86  -116.151  -191.344  -4.275
 133 ge               37.08  0.0   1.750    11.920     -27.810    -31.255    4.654  -45.813    -83.098  -4.10  -1.86  -116.151  -191.344  -4.275
 134 gs               37.08  0.0   1.750    11.920     -27.810    -31.255    4.654  -45.813    -83.098  -4.10  -1.86  -116.151  -191.344  -4.275
 135 qm1sp01          37.33 -1.0   2.557    13.023     -37.713    -44.514    4.917  -48.261    -85.617  -3.95  -2.16  -138.524  -177.265  -4.740
 136 dm2a2g4b         37.53  0.0   3.549    13.775     -49.857    -60.935    4.942  -48.122    -84.854  -3.95  -2.16  -163.990  -158.283  -5.220
 137 sm1a             37.73 -1.5   4.772    14.380     -63.542    -80.652    4.886  -47.923    -82.566  -3.95  -2.16  -189.227  -142.715  -5.675
 138 dm2b2g4b         38.31  0.0   9.879    15.299    -112.582   -159.656    4.347  -46.079    -70.252  -3.95  -2.16  -262.835  -107.576  -6.923
 139 bpm              38.31  0.0   9.879    15.299    -112.582   -159.656    4.347  -46.079    -70.252  -3.95  -2.16  -262.835  -107.576  -6.923
 140 dbpm             38.40  0.0  10.870    15.329    -121.469   -174.765    4.228  -45.398    -67.973  -3.95  -2.16  -274.668  -102.654  -7.110
 141 qm2sp01          38.65  1.0  12.409    15.324    -130.393   -195.727    4.044  -45.434    -63.782  -4.69  -1.92  -282.088  -98.291  -7.291
 142 dm2cg4a          38.85  0.0  12.407    15.315    -123.056   -191.903    4.039  -47.226    -62.471  -4.69  -1.92  -266.217  -102.168  -7.149
 143 sm2              39.10  1.5  12.407    15.315    -123.907   -192.172    4.039  -46.141    -62.559  -4.69  -1.92  -268.059  -99.820  -7.160
 144 dm2cg4b          39.30  0.0  12.409    15.325    -132.605   -196.426    4.044  -42.612    -64.012  -4.69  -1.92  -286.876  -92.186  -7.317
 145 qm2sp01          39.55  1.0  10.870    15.329    -124.941   -175.862    4.228  -40.256    -68.404  -5.37  -1.65  -282.523  -91.028  -7.155
 146 dm2b2g4a         40.07  0.0   5.856    14.736     -78.665    -98.941    4.796  -38.010    -81.034  -5.37  -1.65  -218.747  -105.697  -6.076
 147 sm1b             40.27 -1.5   4.443    14.242     -61.943    -75.651    4.907  -38.573    -83.551  -5.37  -1.65  -188.941  -117.660  -5.582
 148 dm2a2g4a         40.53  0.0   2.963    13.370     -41.702    -50.079    4.939  -41.034    -83.461  -5.37  -1.65  -145.743  -143.407  -4.835
 149 bpm              40.53  0.0   2.963    13.370     -41.702    -50.079    4.939  -41.034    -83.461  -5.37  -1.65  -145.743  -143.407  -4.835
 150 dbpm             40.62  0.0   2.556    13.023     -36.086    -43.065    4.917  -41.515    -82.846  -5.37  -1.65  -132.555  -152.500  -4.586
 151 qm1sp01          40.87 -1.0   1.750    11.920     -25.021    -29.274    4.654  -40.699    -77.848  -5.25  -1.98  -104.514  -169.998  -4.005
 152 dm1eg4b          41.09  0.0   1.304    10.917     -18.897    -21.712    4.279  -38.308    -71.256  -5.25  -1.98  -87.335  -177.043  -3.603
 153 dfch             41.24  0.0   1.049    10.230     -15.325    -17.405    4.016  -36.495    -66.611  -5.25  -1.98  -76.378  -181.891  -3.328
 154 sm3              41.24 -1.5   1.049    10.230     -15.325    -17.405    4.016  -36.495    -66.611  -5.25  -1.98  -76.378  -181.891  -3.328
 155 chv              41.24  0.0   1.049    10.230     -15.325    -17.405    4.016  -36.495    -66.611  -5.25  -1.98  -76.378  -181.891  -3.328
 156 dfch             41.39  0.0   0.832     9.543     -12.192    -13.721    3.745  -34.627    -61.797  -5.25  -1.98  -65.933  -187.262  -3.051
 157 ge               41.39  0.0   0.832     9.543     -12.192    -13.721    3.745  -34.627    -61.797  -5.25  -1.98  -65.933  -187.262  -3.051
 158 gs               41.39  0.0   0.832     9.543     -12.192    -13.721    3.745  -34.627    -61.797  -5.25  -1.98  -65.933  -187.262  -3.051
 159 dm1dg5b          41.45  0.0   0.760     9.290     -11.147    -12.511    3.643  -33.895    -59.989  -5.25  -1.98  -62.239  -189.255  -2.949
 160 dpwg5b           41.65  0.0   0.537     8.381      -7.850     -8.765    3.268  -31.069    -53.318  -5.25  -1.98  -49.644  -196.488  -2.579
 161 dm1cg5b          41.85  0.0   0.366     7.486      -5.239     -5.897    2.881  -27.948    -46.419  -5.25  -1.98  -38.203  -203.783  -2.210
 162 b1sp01           44.47  0.5  -0.000     9.732      -0.000      8.907   -0.002    0.029     62.223  -5.25  -1.98   5.103  -302.059   2.419
 163 ge               44.47  0.0  -0.000     9.732      -0.000      8.907   -0.002    0.029     62.223  -5.25  -1.98   5.103  -302.059   2.419
 164 dh4cg6b          44.67  0.0  -0.001    10.936      -0.000     12.627   -0.003    0.034     71.984  -5.25  -1.98   0.209  -309.785   2.757
 165 gs               44.67  0.0  -0.001    10.936      -0.000     12.627   -0.003    0.034     71.984  -5.25  -1.98   0.209  -309.785   2.757
 166 dfch             44.82  0.0  -0.001    11.852       0.001     15.997   -0.003    0.038     79.382  -5.25  -1.98  -4.175  -315.530   3.007
 167 chv              44.82  0.0  -0.001    11.852       0.001     15.997   -0.003    0.038     79.382  -5.25  -1.98  -4.175  -315.530   3.007
 168 dfch             44.97  0.0  -0.001    12.788       0.001     19.946   -0.004    0.042     86.936  -5.25  -1.98  -9.208  -321.302   3.256
 169 dh4bg6b          45.05  0.0  -0.001    13.276       0.002     22.219   -0.004    0.044     90.882  -5.25  -1.98  -12.049  -324.281   3.385
 170 sh4              45.25 -1.5  -0.001    14.562       0.003     28.932   -0.004    0.050    101.311  -5.25  -1.98  -20.217  -332.037   3.718
 171 dh4ag6b          45.33  0.0  -0.001    15.133       0.004     32.263   -0.004    0.053    105.965  -5.25  -1.98  -24.154  -335.445   3.864
 172 bpm              45.33  0.0  -0.001    15.133       0.004     32.263   -0.004    0.053    105.965  -5.25  -1.98  -24.154  -335.445   3.864
 173 dbpm             45.42  0.0  -0.001    15.710       0.005     35.848   -0.005    0.055    110.675  -5.25  -1.98  -28.312  -338.862   4.009
 174 qh3sp01          45.67 -1.0  -0.002    17.297       0.009     55.860   -0.005    0.059    116.724  -4.81  -2.90  -47.079  -307.177   4.668
 175 dh3bg6b          45.87  0.0  -0.003    18.164       0.015     84.982   -0.005    0.056    112.434  -4.81  -2.90  -70.230  -254.646   5.382
 176 sh3              46.07 -1.5  -0.005    18.598       0.025    123.920   -0.004    0.052    104.306  -4.81  -2.90  -98.309  -205.834   6.113
 177 dh3ag6b          46.26  0.0  -0.007    18.584       0.036    170.533   -0.004    0.046     93.866  -4.81  -2.90  -129.050  -164.216   6.808
 178 qh2sp01          46.66  1.0  -0.009    17.719       0.047    211.482   -0.003    0.038     79.729  -6.32  -2.33  -156.039  -127.732   7.329
 179 dh2cg6b          46.81  0.0  -0.008    17.360       0.044    196.966   -0.003    0.038     78.477  -6.32  -2.33  -148.466  -128.827   7.162
 180 sh2              47.01  0.0  -0.007    16.882       0.040    178.682   -0.003    0.037     76.815  -6.32  -2.33  -138.653  -130.232   6.940
 181 dh2bg6b          47.19  0.0  -0.007    16.447       0.036    163.037   -0.003    0.036     75.301  -6.32  -2.33  -129.982  -131.459   6.737
 182 dsch             47.29  0.0  -0.006    16.209       0.034    154.872   -0.003    0.036     74.471  -6.32  -2.33  -125.346  -132.108   6.626
 183 chv              47.29  0.0  -0.006    16.209       0.034    154.872   -0.003    0.036     74.471  -6.32  -2.33  -125.346  -132.108   6.626
 184 dsch             47.39  0.0  -0.006    15.971       0.032    146.990   -0.003    0.036     73.640  -6.32  -2.33  -120.791  -132.742   6.514
 185 dh2ag6b          47.52  0.0  -0.006    15.655       0.030    136.973   -0.003    0.035     72.536  -6.32  -2.33  -114.881  -133.558   6.367
 186 qh1sp01          47.77 -1.0  -0.005    15.065       0.028    127.492   -0.003    0.033     68.971  -6.04  -2.48  -109.699  -128.847   6.225
 187 dh1ag6b          47.86  0.0  -0.005    14.863       0.028    127.148   -0.003    0.032     67.247  -6.04  -2.48  -109.865  -125.091   6.222
 188 bpm              47.86  0.0  -0.005    14.863       0.028    127.148   -0.003    0.032     67.247  -6.04  -2.48  -109.865  -125.091   6.222
 189 dbpm             47.95  0.0  -0.005    14.662       0.028    126.809   -0.003    0.031     65.554  -6.04  -2.48  -110.027  -121.375   6.219
 190 sh1              48.15  1.5  -0.005    14.209       0.028    126.054   -0.003    0.029     61.802  -6.04  -2.48  -110.379  -113.039   6.212
 191 ge               48.15  0.0  -0.005    14.209       0.028    126.054   -0.003    0.029     61.802  -6.04  -2.48  -110.379  -113.039   6.212
 192 dh0g1a           52.80  0.0  -0.005     7.840       0.029    116.012   -0.001   -0.005     19.413  -6.04  -2.48  -113.772  20.872   6.053
 193 cav              52.80  0.0  -0.005     7.840       0.029    116.012   -0.001   -0.005     19.413  -6.04  -2.48  -113.772  20.872   6.053
