-3.00  2.21197  1.06272
-2.85  2.21031  1.06344
-2.70  2.20902  1.06415
-2.55  2.20805  1.06485
-2.40  2.20736  1.06554
-2.25  2.20691  1.06620
-2.10  2.20665  1.06685
-1.95  2.20656  1.06747
-1.80  2.20660  1.06808
-1.65  2.20674  1.06867
-1.50  2.20696  1.06924
-1.35  2.20725  1.06979
-1.20  2.20759  1.07032
-1.05  2.20796  1.07084
-0.90  2.20836  1.07133
-0.75  2.20877  1.07181
-0.60  2.20919  1.07228
-0.45  2.20961  1.07273
-0.30  2.21003  1.07317
-0.15  2.21044  1.07359
 0.00  2.21085  1.07399
 0.15  2.21124  1.07439
 0.30  2.21162  1.07477
 0.45  2.21199  1.07513
 0.60  2.21234  1.07548
 0.75  2.21268  1.07582
 0.90  2.21300  1.07615
 1.05  2.21330  1.07646
 1.20  2.21359  1.07675
 1.35  2.21386  1.07703
 1.50  2.21411  1.07730
 1.65  2.21434  1.07755
 1.80  2.21455  1.07778
 1.95  2.21475  1.07800
 2.10  2.21492  1.07821
 2.25  2.21508  1.07839
 2.40  2.21521  1.07856
 2.55  2.21532  1.07871
 2.70  2.21541  1.07885
 2.85  2.21548  1.07896
 3.00  2.21553  1.07905
