#   A_x        A_y        J_x        J_y      nu_x    nu_y
#
-2.000e+01  1.000e+00  1.044e+01  1.559e-01 0.21333 0.07542
-1.920e+01  1.000e+00  9.618e+00  1.559e-01 0.21279 0.07503
-1.840e+01  1.000e+00  8.833e+00  1.559e-01 0.21294 0.07484
-1.760e+01  1.000e+00  8.082e+00  1.559e-01 0.21204 0.07463
-1.680e+01  1.000e+00  7.364e+00  1.559e-01 0.21167 0.07442
-1.600e+01  1.000e+00  6.679e+00  1.559e-01 0.21138 0.07424
-1.520e+01  1.000e+00  6.028e+00  1.559e-01 0.21114 0.07411
-1.440e+01  1.000e+00  5.410e+00  1.559e-01 0.21096 0.07399
-1.360e+01  1.000e+00  4.826e+00  1.559e-01 0.21081 0.07391
-1.280e+01  1.000e+00  4.275e+00  1.559e-01 0.21070 0.07384
-1.200e+01  1.000e+00  3.757e+00  1.559e-01 0.21062 0.07379
-1.120e+01  1.000e+00  3.273e+00  1.559e-01 0.21057 0.07376
-1.040e+01  1.000e+00  2.822e+00  1.559e-01 0.21054 0.07374
-9.600e+00  1.000e+00  2.404e+00  1.559e-01 0.21053 0.07373
-8.800e+00  1.000e+00  2.020e+00  1.559e-01 0.21054 0.07373
-8.000e+00  1.000e+00  1.670e+00  1.559e-01 0.21056 0.07374
-7.200e+00  1.000e+00  1.352e+00  1.559e-01 0.21058 0.07375
-6.400e+00  1.000e+00  1.069e+00  1.559e-01 0.21062 0.07377
-5.600e+00  1.000e+00  8.182e-01  1.559e-01 0.21065 0.07378
-4.800e+00  1.000e+00  6.011e-01  1.559e-01 0.21069 0.07380
-4.000e+00  1.000e+00  4.174e-01  1.559e-01 0.21073 0.07382
-3.200e+00  1.000e+00  2.672e-01  1.559e-01 0.21076 0.07384
-2.400e+00  1.000e+00  1.503e-01  1.559e-01 0.21079 0.07385
-1.600e+00  1.000e+00  6.679e-02  1.559e-01 0.21081 0.07386
-8.000e-01  1.000e+00  1.670e-02  1.559e-01 0.21082 0.07387
 1.000e+00  1.000e+00  2.609e-02  1.559e-01 0.21082 0.07388
 8.000e-01  1.000e+00  1.670e-02  1.559e-01 0.21083 0.07388
 1.600e+00  1.000e+00  6.679e-02  1.559e-01 0.21081 0.07387
 2.400e+00  1.000e+00  1.503e-01  1.559e-01 0.21079 0.07387
 3.200e+00  1.000e+00  2.672e-01  1.559e-01 0.21076 0.07386
 4.000e+00  1.000e+00  4.174e-01  1.559e-01 0.21072 0.07385
 4.800e+00  1.000e+00  6.011e-01  1.559e-01 0.21068 0.07383
 5.600e+00  1.000e+00  8.182e-01  1.559e-01 0.21064 0.07382
 6.400e+00  1.000e+00  1.069e+00  1.559e-01 0.21060 0.07380
 7.200e+00  1.000e+00  1.352e+00  1.559e-01 0.21056 0.07380
 8.000e+00  1.000e+00  1.670e+00  1.559e-01 0.21054 0.07379
 8.800e+00  1.000e+00  2.020e+00  1.559e-01 0.21053 0.07380
 9.600e+00  1.000e+00  2.404e+00  1.559e-01 0.21055 0.07382
 1.040e+01  1.000e+00  2.822e+00  1.559e-01 0.21060 0.07387
 1.120e+01  1.000e+00  3.273e+00  1.559e-01 0.21070 0.07393
 1.200e+01  1.000e+00  3.757e+00  1.559e-01 0.21085 0.07403
 1.280e+01  1.000e+00  4.275e+00  1.559e-01 0.21107 0.07418
 1.360e+01  1.000e+00  4.826e+00  1.559e-01 0.21138 0.07436
 1.440e+01  1.000e+00  5.410e+00  1.559e-01 0.21179 0.07460
 1.520e+01  1.000e+00  6.028e+00  1.559e-01 0.21250 0.07498
 1.600e+01  1.000e+00  6.679e+00  1.559e-01 0.21290 0.07542
 1.680e+01  1.000e+00  7.364e+00  1.559e-01 0.21376 0.07582
 1.760e+01  1.000e+00  8.082e+00  1.559e-01 0.21478 0.07645
 1.840e+01  1.000e+00  8.833e+00  1.559e-01 0.21601 0.07720
 1.920e+01  1.000e+00  9.618e+00  1.559e-01 0.21750 0.07811
 2.000e+01  1.000e+00  1.044e+01  1.559e-01 0.21929 0.07919
