#   A_x        A_y      nu_x    nu_y
#
 1.000e+00 -7.500e+00  2.609e-02  8.770e+00 0.21079 0.06736
 1.000e+00 -7.200e+00  2.609e-02  8.082e+00 0.21069 0.06790
 1.000e+00 -6.900e+00  2.609e-02  7.423e+00 0.21061 0.06841
 1.000e+00 -6.600e+00  2.609e-02  6.791e+00 0.21056 0.06890
 1.000e+00 -6.300e+00  2.609e-02  6.188e+00 0.21053 0.06937
 1.000e+00 -6.000e+00  2.609e-02  5.613e+00 0.21050 0.06981
 1.000e+00 -5.700e+00  2.609e-02  5.065e+00 0.21054 0.07023
 1.000e+00 -5.400e+00  2.609e-02  4.546e+00 0.21051 0.07062
 1.000e+00 -5.100e+00  2.609e-02  4.055e+00 0.21053 0.07099
 1.000e+00 -4.800e+00  2.609e-02  3.592e+00 0.21055 0.07134
 1.000e+00 -4.500e+00  2.609e-02  3.157e+00 0.21057 0.07167
 1.000e+00 -4.200e+00  2.609e-02  2.750e+00 0.21059 0.07197
 1.000e+00 -3.900e+00  2.609e-02  2.371e+00 0.21062 0.07225
 1.000e+00 -3.600e+00  2.609e-02  2.021e+00 0.21065 0.07251
 1.000e+00 -3.300e+00  2.609e-02  1.698e+00 0.21067 0.07275
 1.000e+00 -3.000e+00  2.609e-02  1.403e+00 0.21070 0.07297
 1.000e+00 -2.700e+00  2.609e-02  1.137e+00 0.21072 0.07316
 1.000e+00 -2.400e+00  2.609e-02  8.980e-01 0.21075 0.07334
 1.000e+00 -2.100e+00  2.609e-02  6.876e-01 0.21077 0.07349
 1.000e+00 -1.800e+00  2.609e-02  5.051e-01 0.21079 0.07362
 1.000e+00 -1.500e+00  2.609e-02  3.508e-01 0.21080 0.07374
 1.000e+00 -1.200e+00  2.609e-02  2.245e-01 0.21082 0.07383
 1.000e+00 -9.000e-01  2.609e-02  1.263e-01 0.21083 0.07390
 1.000e+00 -6.000e-01  2.609e-02  5.613e-02 0.21083 0.07395
 1.000e+00 -3.000e-01  2.609e-02  1.403e-02 0.21084 0.07398
 1.000e+00  1.000e+00  2.609e-02  1.559e-01 0.21082 0.07388
 1.000e+00  3.000e-01  2.609e-02  1.403e-02 0.21084 0.07398
 1.000e+00  6.000e-01  2.609e-02  5.613e-02 0.21083 0.07395
 1.000e+00  9.000e-01  2.609e-02  1.263e-01 0.21083 0.07390
 1.000e+00  1.200e+00  2.609e-02  2.245e-01 0.21082 0.07383
 1.000e+00  1.500e+00  2.609e-02  3.508e-01 0.21080 0.07374
 1.000e+00  1.800e+00  2.609e-02  5.051e-01 0.21079 0.07362
 1.000e+00  2.100e+00  2.609e-02  6.876e-01 0.21077 0.07349
 1.000e+00  2.400e+00  2.609e-02  8.980e-01 0.21075 0.07334
 1.000e+00  2.700e+00  2.609e-02  1.137e+00 0.21072 0.07316
 1.000e+00  3.000e+00  2.609e-02  1.403e+00 0.21070 0.07297
 1.000e+00  3.300e+00  2.609e-02  1.698e+00 0.21067 0.07275
 1.000e+00  3.600e+00  2.609e-02  2.021e+00 0.21065 0.07251
 1.000e+00  3.900e+00  2.609e-02  2.371e+00 0.21062 0.07225
 1.000e+00  4.200e+00  2.609e-02  2.750e+00 0.21059 0.07197
 1.000e+00  4.500e+00  2.609e-02  3.157e+00 0.21057 0.07167
 1.000e+00  4.800e+00  2.609e-02  3.592e+00 0.21055 0.07134
 1.000e+00  5.100e+00  2.609e-02  4.055e+00 0.21053 0.07099
 1.000e+00  5.400e+00  2.609e-02  4.546e+00 0.21051 0.07062
 1.000e+00  5.700e+00  2.609e-02  5.065e+00 0.21054 0.07023
 1.000e+00  6.000e+00  2.609e-02  5.613e+00 0.21050 0.06981
 1.000e+00  6.300e+00  2.609e-02  6.188e+00 0.21053 0.06937
 1.000e+00  6.600e+00  2.609e-02  6.791e+00 0.21056 0.06890
 1.000e+00  6.900e+00  2.609e-02  7.423e+00 0.21061 0.06841
 1.000e+00  7.200e+00  2.609e-02  8.082e+00 0.21069 0.06790
 1.000e+00  7.500e+00  2.609e-02  8.770e+00 0.21079 0.06736
