 -3.00000e-02  0.00000e+00  7.55258e-04 -1.10063e-02
 -3.00000e-02  8.34874e-07  1.70770e-03 -1.07573e-02
 -3.00000e-02  1.66975e-06  2.68298e-03 -1.04925e-02
 -3.00000e-02  2.50462e-06  3.68101e-03 -1.02115e-02
 -3.00000e-02  3.33949e-06  4.70173e-03 -9.91412e-03
 -3.00000e-02  4.17437e-06  5.74505e-03 -9.60003e-03
 -3.00000e-02  5.00924e-06  6.81089e-03 -9.26893e-03
 -3.00000e-02  5.84412e-06  7.89919e-03 -8.92052e-03
 -3.00000e-02  6.67899e-06  9.00985e-03 -8.55451e-03
 -3.00000e-02  7.51386e-06  1.01428e-02 -8.17059e-03
 -3.00000e-02  8.34874e-06  1.12980e-02 -7.76847e-03
 -3.00000e-02  9.18361e-06  1.24753e-02 -7.34784e-03
 -3.00000e-02  1.00185e-05  1.36747e-02 -6.90841e-03
 -3.00000e-02  1.08534e-05  1.48960e-02 -6.44989e-03
 -3.00000e-02  1.16882e-05  1.61393e-02 -5.97197e-03
 -3.00000e-02  1.25231e-05  1.74044e-02 -5.47435e-03
 -3.00000e-02  1.33580e-05  1.86912e-02 -4.95675e-03
 -3.00000e-02  1.41929e-05  1.99997e-02 -4.41884e-03
 -3.00000e-02  1.50277e-05  2.13299e-02 -3.86035e-03
 -3.00000e-02  1.58626e-05  2.26815e-02 -3.28098e-03
 -3.00000e-02  1.66975e-05  2.40546e-02 -2.68041e-03
 -3.00000e-02  1.75323e-05  2.54490e-02 -2.05836e-03
 -3.00000e-02  1.83672e-05  2.68647e-02 -1.41453e-03
 -3.00000e-02  1.92021e-05  2.83017e-02 -7.48612e-04
 -3.00000e-02  2.00370e-05  2.97598e-02 -6.03172e-05
 -3.00000e-02  2.08718e-05  3.12389e-02  6.50655e-04

 -2.88000e-02  0.00000e+00 -5.36269e-04 -1.03971e-02
 -2.88000e-02  8.34874e-07  3.41257e-04 -1.01675e-02
 -2.88000e-02  1.66975e-06  1.24161e-03 -9.92215e-03
 -2.88000e-02  2.50462e-06  2.16471e-03 -9.66091e-03
 -2.88000e-02  3.33949e-06  3.11048e-03 -9.38344e-03
 -2.88000e-02  4.17437e-06  4.07885e-03 -9.08945e-03
 -2.88000e-02  5.00924e-06  5.06973e-03 -8.77863e-03
 -2.88000e-02  5.84412e-06  6.08305e-03 -8.45069e-03
 -2.88000e-02  6.67899e-06  7.11874e-03 -8.10533e-03
 -2.88000e-02  7.51386e-06  8.17671e-03 -7.74224e-03
 -2.88000e-02  8.34874e-06  9.25688e-03 -7.36114e-03
 -2.88000e-02  9.18361e-06  1.03592e-02 -6.96172e-03
 -2.88000e-02  1.00185e-05  1.14835e-02 -6.54369e-03
 -2.88000e-02  1.08534e-05  1.26299e-02 -6.10675e-03
 -2.88000e-02  1.16882e-05  1.37981e-02 -5.65059e-03
 -2.88000e-02  1.25231e-05  1.49882e-02 -5.17493e-03
 -2.88000e-02  1.33580e-05  1.62000e-02 -4.67946e-03
 -2.88000e-02  1.41929e-05  1.74334e-02 -4.16388e-03
 -2.88000e-02  1.50277e-05  1.86885e-02 -3.62790e-03
 -2.88000e-02  1.58626e-05  1.99650e-02 -3.07121e-03
 -2.88000e-02  1.66975e-05  2.12630e-02 -2.49353e-03
 -2.88000e-02  1.75323e-05  2.25824e-02 -1.89454e-03
 -2.88000e-02  1.83672e-05  2.39230e-02 -1.27396e-03
 -2.88000e-02  1.92021e-05  2.52848e-02 -6.31484e-04
 -2.88000e-02  2.00370e-05  2.66678e-02  3.31869e-05
 -2.88000e-02  2.08718e-05  2.80718e-02  7.20350e-04

 -2.76000e-02  0.00000e+00 -1.58808e-03 -9.80794e-03
 -2.76000e-02  8.34874e-07 -7.81395e-04 -9.59651e-03
 -2.76000e-02  1.66975e-06  4.81021e-05 -9.36963e-03
 -2.76000e-02  2.50462e-06  9.00334e-04 -9.12702e-03
 -2.76000e-02  3.33949e-06  1.77522e-03 -8.86837e-03
 -2.76000e-02  4.17437e-06  2.67269e-03 -8.59338e-03
 -2.76000e-02  5.00924e-06  3.59267e-03 -8.30175e-03
 -2.76000e-02  5.84412e-06  4.53506e-03 -7.99318e-03
 -2.76000e-02  6.67899e-06  5.49981e-03 -7.66739e-03
 -2.76000e-02  7.51386e-06  6.48683e-03 -7.32406e-03
 -2.76000e-02  8.34874e-06  7.49604e-03 -6.96291e-03
 -2.76000e-02  9.18361e-06  8.52736e-03 -6.58362e-03
 -2.76000e-02  1.00185e-05  9.58073e-03 -6.18591e-03
 -2.76000e-02  1.08534e-05  1.06561e-02 -5.76948e-03
 -2.76000e-02  1.16882e-05  1.17533e-02 -5.33402e-03
 -2.76000e-02  1.25231e-05  1.28723e-02 -4.87924e-03
 -2.76000e-02  1.33580e-05  1.40130e-02 -4.40484e-03
 -2.76000e-02  1.41929e-05  1.51754e-02 -3.91053e-03
 -2.76000e-02  1.50277e-05  1.63594e-02 -3.39600e-03
 -2.76000e-02  1.58626e-05  1.75649e-02 -2.86095e-03
 -2.76000e-02  1.66975e-05  1.87918e-02 -2.30510e-03
 -2.76000e-02  1.75323e-05  2.00400e-02 -1.72813e-03
 -2.76000e-02  1.83672e-05  2.13095e-02 -1.12975e-03
 -2.76000e-02  1.92021e-05  2.26002e-02 -5.09669e-04
 -2.76000e-02  2.00370e-05  2.39120e-02  1.32421e-04
 -2.76000e-02  2.08718e-05  2.52448e-02  7.96814e-04

 -2.64000e-02  0.00000e+00 -2.42825e-03 -9.23778e-03
 -2.64000e-02  8.34874e-07 -1.68856e-03 -9.04357e-03
 -2.64000e-02  1.66975e-06 -9.26082e-04 -8.83411e-03
 -2.64000e-02  2.50462e-06 -1.40885e-04 -8.60909e-03
 -2.64000e-02  3.33949e-06  6.66952e-04 -8.36823e-03
 -2.64000e-02  4.17437e-06  1.49735e-03 -8.11123e-03
 -2.64000e-02  5.00924e-06  2.35023e-03 -7.83777e-03
 -2.64000e-02  5.84412e-06  3.22552e-03 -7.54758e-03
 -2.64000e-02  6.67899e-06  4.12314e-03 -7.24034e-03
 -2.64000e-02  7.51386e-06  5.04301e-03 -6.91576e-03
 -2.64000e-02  8.34874e-06  5.98506e-03 -6.57354e-03
 -2.64000e-02  9.18361e-06  6.94920e-03 -6.21339e-03
 -2.64000e-02  1.00185e-05  7.93536e-03 -5.83500e-03
 -2.64000e-02  1.08534e-05  8.94347e-03 -5.43808e-03
 -2.64000e-02  1.16882e-05  9.97344e-03 -5.02232e-03
 -2.64000e-02  1.25231e-05  1.10252e-02 -4.58744e-03
 -2.64000e-02  1.33580e-05  1.20987e-02 -4.13313e-03
 -2.64000e-02  1.41929e-05  1.31938e-02 -3.65909e-03
 -2.64000e-02  1.50277e-05  1.43104e-02 -3.16502e-03
 -2.64000e-02  1.58626e-05  1.54486e-02 -2.65064e-03
 -2.64000e-02  1.66975e-05  1.66081e-02 -2.11563e-03
 -2.64000e-02  1.75323e-05  1.77890e-02 -1.55970e-03
 -2.64000e-02  1.83672e-05  1.89911e-02 -9.82557e-04
 -2.64000e-02  1.92021e-05  2.02143e-02 -3.83896e-04
 -2.64000e-02  2.00370e-05  2.14587e-02  2.36581e-04
 -2.64000e-02  2.08718e-05  2.27241e-02  8.79170e-04

 -2.52000e-02  0.00000e+00 -3.08236e-03 -8.68574e-03
 -2.52000e-02  8.34874e-07 -2.40605e-03 -8.50779e-03
 -2.52000e-02  1.66975e-06 -1.70697e-03 -8.31478e-03
 -2.52000e-02  2.50462e-06 -9.85194e-04 -8.10642e-03
 -2.52000e-02  3.33949e-06 -2.40805e-04 -7.88240e-03
 -2.52000e-02  4.17437e-06  5.26121e-04 -7.64243e-03
 -2.52000e-02  5.00924e-06  1.31551e-03 -7.38621e-03
 -2.52000e-02  5.84412e-06  2.12728e-03 -7.11343e-03
 -2.52000e-02  6.67899e-06  2.96136e-03 -6.82381e-03
 -2.52000e-02  7.51386e-06  3.81766e-03 -6.51704e-03
 -2.52000e-02  8.34874e-06  4.69612e-03 -6.19283e-03
 -2.52000e-02  9.18361e-06  5.59665e-03 -5.85087e-03
 -2.52000e-02  1.00185e-05  6.51918e-03 -5.49087e-03
 -2.52000e-02  1.08534e-05  7.46362e-03 -5.11253e-03
 -2.52000e-02  1.16882e-05  8.42991e-03 -4.71556e-03
 -2.52000e-02  1.25231e-05  9.41796e-03 -4.29965e-03
 -2.52000e-02  1.33580e-05  1.04277e-02 -3.86450e-03
 -2.52000e-02  1.41929e-05  1.14591e-02 -3.40982e-03
 -2.52000e-02  1.50277e-05  1.25119e-02 -2.93531e-03
 -2.52000e-02  1.58626e-05  1.35863e-02 -2.44067e-03
 -2.52000e-02  1.66975e-05  1.46820e-02 -1.92560e-03
 -2.52000e-02  1.75323e-05  1.57990e-02 -1.38981e-03
 -2.52000e-02  1.83672e-05  1.69372e-02 -8.32988e-04
 -2.52000e-02  1.92021e-05  1.80966e-02 -2.54847e-04
 -2.52000e-02  2.00370e-05  1.92771e-02  3.44915e-04
 -2.52000e-02  2.08718e-05  2.04785e-02  9.66596e-04

 -2.40000e-02  0.00000e+00 -3.57363e-03 -8.15093e-03
 -2.40000e-02  8.34874e-07 -2.95730e-03 -7.98835e-03
 -2.40000e-02  1.66975e-06 -2.31822e-03 -7.81091e-03
 -2.40000e-02  2.50462e-06 -1.65648e-03 -7.61830e-03
 -2.40000e-02  3.33949e-06 -9.72146e-04 -7.41024e-03
 -2.40000e-02  4.17437e-06 -2.65306e-04 -7.18642e-03
 -2.40000e-02  5.00924e-06  4.63966e-04 -6.94655e-03
 -2.40000e-02  5.84412e-06  1.21559e-03 -6.69032e-03
 -2.40000e-02  6.67899e-06  1.98950e-03 -6.41744e-03
 -2.40000e-02  7.51386e-06  2.78560e-03 -6.12761e-03
 -2.40000e-02  8.34874e-06  3.60383e-03 -5.82053e-03
 -2.40000e-02  9.18361e-06  4.44410e-03 -5.49591e-03
 -2.40000e-02  1.00185e-05  5.30634e-03 -5.15344e-03
 -2.40000e-02  1.08534e-05  6.19048e-03 -4.79282e-03
 -2.40000e-02  1.16882e-05  7.09642e-03 -4.41376e-03
 -2.40000e-02  1.25231e-05  8.02410e-03 -4.01597e-03
 -2.40000e-02  1.33580e-05  8.97344e-03 -3.59913e-03
 -2.40000e-02  1.41929e-05  9.94436e-03 -3.16296e-03
 -2.40000e-02  1.50277e-05  1.09368e-02 -2.70716e-03
 -2.40000e-02  1.58626e-05  1.19506e-02 -2.23142e-03
 -2.40000e-02  1.66975e-05  1.29858e-02 -1.73545e-03
 -2.40000e-02  1.75323e-05  1.40423e-02 -1.21895e-03
 -2.40000e-02  1.83672e-05  1.51200e-02 -6.81617e-04
 -2.40000e-02  1.92021e-05  1.62188e-02 -1.23161e-04
 -2.40000e-02  2.00370e-05  1.73386e-02  4.56718e-04
 -2.40000e-02  2.08718e-05  1.84794e-02  1.05832e-03

 -2.28000e-02  0.00000e+00 -3.92312e-03 -7.63248e-03
 -2.28000e-02  8.34874e-07 -3.36356e-03 -7.48444e-03
 -2.28000e-02  1.66975e-06 -2.78130e-03 -7.32174e-03
 -2.28000e-02  2.50462e-06 -2.17640e-03 -7.14407e-03
 -2.28000e-02  3.33949e-06 -1.54895e-03 -6.95114e-03
 -2.28000e-02  4.17437e-06 -8.99020e-04 -6.74266e-03
 -2.28000e-02  5.00924e-06 -2.26693e-04 -6.51832e-03
 -2.28000e-02  5.84412e-06  4.67955e-04 -6.27783e-03
 -2.28000e-02  6.67899e-06  1.18485e-03 -6.02088e-03
 -2.28000e-02  7.51386e-06  1.92391e-03 -5.74718e-03
 -2.28000e-02  8.34874e-06  2.68506e-03 -5.45643e-03
 -2.28000e-02  9.18361e-06  3.46822e-03 -5.14833e-03
 -2.28000e-02  1.00185e-05  4.27331e-03 -4.82258e-03
 -2.28000e-02  1.08534e-05  5.10027e-03 -4.47890e-03
 -2.28000e-02  1.16882e-05  5.94900e-03 -4.11696e-03
 -2.28000e-02  1.25231e-05  6.81944e-03 -3.73649e-03
 -2.28000e-02  1.33580e-05  7.71150e-03 -3.33718e-03
 -2.28000e-02  1.41929e-05  8.62511e-03 -2.91873e-03
 -2.28000e-02  1.50277e-05  9.56019e-03 -2.48084e-03
 -2.28000e-02  1.58626e-05  1.05167e-02 -2.02322e-03
 -2.28000e-02  1.66975e-05  1.14945e-02 -1.54557e-03
 -2.28000e-02  1.75323e-05  1.24935e-02 -1.04759e-03
 -2.28000e-02  1.83672e-05  1.35137e-02 -5.28973e-04
 -2.28000e-02  1.92021e-05  1.45550e-02  1.05672e-05
 -2.28000e-02  2.00370e-05  1.56172e-02  5.71334e-04
 -2.28000e-02  2.08718e-05  1.67004e-02  1.15362e-03

 -2.16000e-02  0.00000e+00 -4.14981e-03 -7.12956e-03
 -2.16000e-02  8.34874e-07 -3.64404e-03 -6.99529e-03
 -2.16000e-02  1.66975e-06 -3.11560e-03 -6.84656e-03
 -2.16000e-02  2.50462e-06 -2.56457e-03 -6.68306e-03
 -2.16000e-02  3.33949e-06 -1.99101e-03 -6.50451e-03
 -2.16000e-02  4.17437e-06 -1.39503e-03 -6.31061e-03
 -2.16000e-02  5.00924e-06 -7.76675e-04 -6.10104e-03
 -2.16000e-02  5.84412e-06 -1.36042e-04 -5.87553e-03
 -2.16000e-02  6.67899e-06  5.26798e-04 -5.63376e-03
 -2.16000e-02  7.51386e-06  1.21177e-03 -5.37544e-03
 -2.16000e-02  8.34874e-06  1.91879e-03 -5.10028e-03
 -2.16000e-02  9.18361e-06  2.64778e-03 -4.80797e-03
 -2.16000e-02  1.00185e-05  3.39867e-03 -4.49821e-03
 -2.16000e-02  1.08534e-05  4.17138e-03 -4.17071e-03
 -2.16000e-02  1.16882e-05  4.96583e-03 -3.82517e-03
 -2.16000e-02  1.25231e-05  5.78195e-03 -3.46129e-03
 -2.16000e-02  1.33580e-05  6.61966e-03 -3.07877e-03
 -2.16000e-02  1.41929e-05  7.47887e-03 -2.67731e-03
 -2.16000e-02  1.50277e-05  8.35952e-03 -2.25662e-03
 -2.16000e-02  1.58626e-05  9.26152e-03 -1.81640e-03
 -2.16000e-02  1.66975e-05  1.01848e-02 -1.35635e-03
 -2.16000e-02  1.75323e-05  1.11293e-02 -8.76163e-04
 -2.16000e-02  1.83672e-05  1.20949e-02 -3.75552e-04
 -2.16000e-02  1.92021e-05  1.30815e-02  1.45784e-04
 -2.16000e-02  2.00370e-05  1.40891e-02  6.88146e-04
 -2.16000e-02  2.08718e-05  1.51177e-02  1.25183e-03

 -2.04000e-02  0.00000e+00 -4.27081e-03 -6.64136e-03
 -2.04000e-02  8.34874e-07 -3.81603e-03 -6.52015e-03
 -2.04000e-02  1.66975e-06 -3.33861e-03 -6.38468e-03
 -2.04000e-02  2.50462e-06 -2.83865e-03 -6.23466e-03
 -2.04000e-02  3.33949e-06 -2.31622e-03 -6.06978e-03
 -2.04000e-02  4.17437e-06 -1.77139e-03 -5.88975e-03
 -2.04000e-02  5.00924e-06 -1.20424e-03 -5.69426e-03
 -2.04000e-02  5.84412e-06 -6.14852e-04 -5.48303e-03
 -2.04000e-02  6.67899e-06 -3.30068e-06 -5.25575e-03
 -2.04000e-02  7.51386e-06  6.30337e-04 -5.01213e-03
 -2.04000e-02  8.34874e-06  1.28598e-03 -4.75186e-03
 -2.04000e-02  9.18361e-06  1.96356e-03 -4.47465e-03
 -2.04000e-02  1.00185e-05  2.66299e-03 -4.18019e-03
 -2.04000e-02  1.08534e-05  3.38420e-03 -3.86820e-03
 -2.04000e-02  1.16882e-05  4.12710e-03 -3.53838e-03
 -2.04000e-02  1.25231e-05  4.89163e-03 -3.19041e-03
 -2.04000e-02  1.33580e-05  5.67770e-03 -2.82401e-03
 -2.04000e-02  1.41929e-05  6.48524e-03 -2.43888e-03
 -2.04000e-02  1.50277e-05  7.31417e-03 -2.03472e-03
 -2.04000e-02  1.58626e-05  8.16441e-03 -1.61123e-03
 -2.04000e-02  1.66975e-05  9.03589e-03 -1.16812e-03
 -2.04000e-02  1.75323e-05  9.92852e-03 -7.05077e-04
 -2.04000e-02  1.83672e-05  1.08422e-02 -2.21812e-04
 -2.04000e-02  1.92021e-05  1.17769e-02  2.81975e-04
 -2.04000e-02  2.00370e-05  1.27326e-02  8.06581e-04
 -2.04000e-02  2.08718e-05  1.37091e-02  1.35231e-03

 -1.92000e-02  0.00000e+00 -4.30144e-03 -6.16711e-03
 -1.92000e-02  8.34874e-07 -3.89503e-03 -6.05830e-03
 -1.92000e-02  1.66975e-06 -3.46604e-03 -5.93544e-03
 -1.92000e-02  2.50462e-06 -3.01455e-03 -5.79824e-03
 -1.92000e-02  3.33949e-06 -2.54064e-03 -5.64638e-03
 -1.92000e-02  4.17437e-06 -2.04437e-03 -5.47958e-03
 -1.92000e-02  5.00924e-06 -1.52584e-03 -5.29753e-03
 -1.92000e-02  5.84412e-06 -9.85114e-04 -5.09994e-03
 -1.92000e-02  6.67899e-06 -4.22273e-04 -4.88651e-03
 -1.92000e-02  7.51386e-06  1.62607e-04 -4.65695e-03
 -1.92000e-02  8.34874e-06  7.69446e-04 -4.41094e-03
 -1.92000e-02  9.18361e-06  1.39817e-03 -4.14820e-03
 -1.92000e-02  1.00185e-05  2.04870e-03 -3.86842e-03
 -1.92000e-02  1.08534e-05  2.72096e-03 -3.57131e-03
 -1.92000e-02  1.16882e-05  3.41486e-03 -3.25658e-03
 -1.92000e-02  1.25231e-05  4.13035e-03 -2.92391e-03
 -1.92000e-02  1.33580e-05  4.86732e-03 -2.57301e-03
 -1.92000e-02  1.41929e-05  5.62572e-03 -2.20360e-03
 -1.92000e-02  1.50277e-05  6.40546e-03 -1.81535e-03
 -1.92000e-02  1.58626e-05  7.20647e-03 -1.40799e-03
 -1.92000e-02  1.66975e-05  8.02866e-03 -9.81202e-04
 -1.92000e-02  1.75323e-05  8.87196e-03 -5.34698e-04
 -1.92000e-02  1.83672e-05  9.73629e-03 -6.81771e-05
 -1.92000e-02  1.92021e-05  1.06216e-02  4.18659e-04
 -1.92000e-02  2.00370e-05  1.15277e-02  9.26108e-04
 -1.92000e-02  2.08718e-05  1.24547e-02  1.45447e-03

 -1.80000e-02  0.00000e+00 -4.25540e-03 -5.70608e-03
 -1.80000e-02  8.34874e-07 -3.89493e-03 -5.60907e-03
 -1.80000e-02  1.66975e-06 -3.51194e-03 -5.49822e-03
 -1.80000e-02  2.50462e-06 -3.10650e-03 -5.37323e-03
 -1.80000e-02  3.33949e-06 -2.67868e-03 -5.23379e-03
 -1.80000e-02  4.17437e-06 -2.22857e-03 -5.07963e-03
 -1.80000e-02  5.00924e-06 -1.75624e-03 -4.91042e-03
 -1.80000e-02  5.84412e-06 -1.26178e-03 -4.72589e-03
 -1.80000e-02  6.67899e-06 -7.45248e-04 -4.52572e-03
 -1.80000e-02  7.51386e-06 -2.06733e-04 -4.30962e-03
 -1.80000e-02  8.34874e-06  3.53689e-04 -4.07730e-03
 -1.80000e-02  9.18361e-06  9.35942e-04 -3.82845e-03
 -1.80000e-02  1.00185e-05  1.53995e-03 -3.56277e-03
 -1.80000e-02  1.08534e-05  2.16563e-03 -3.27997e-03
 -1.80000e-02  1.16882e-05  2.81291e-03 -2.97975e-03
 -1.80000e-02  1.25231e-05  3.48171e-03 -2.66181e-03
 -1.80000e-02  1.33580e-05  4.17196e-03 -2.32586e-03
 -1.80000e-02  1.41929e-05  4.88357e-03 -1.97159e-03
 -1.80000e-02  1.50277e-05  5.61647e-03 -1.59870e-03
 -1.80000e-02  1.58626e-05  6.37058e-03 -1.20690e-03
 -1.80000e-02  1.66975e-05  7.14583e-03 -7.95887e-04
 -1.80000e-02  1.75323e-05  7.94213e-03 -3.65368e-04
 -1.80000e-02  1.83672e-05  8.75941e-03  8.49597e-05
 -1.80000e-02  1.92021e-05  9.59759e-03  5.55393e-04
 -1.80000e-02  2.00370e-05  1.04566e-02  1.04623e-03
 -1.80000e-02  2.08718e-05  1.13364e-02  1.55777e-03

 -1.68000e-02  0.00000e+00 -4.14487e-03 -5.25758e-03
 -1.68000e-02  8.34874e-07 -3.82809e-03 -5.17181e-03
 -1.68000e-02  1.66975e-06 -3.48884e-03 -5.07240e-03
 -1.68000e-02  2.50462e-06 -3.12719e-03 -4.95907e-03
 -1.68000e-02  3.33949e-06 -2.74323e-03 -4.83152e-03
 -1.68000e-02  4.17437e-06 -2.33703e-03 -4.68944e-03
 -1.68000e-02  5.00924e-06 -1.90867e-03 -4.53253e-03
 -1.68000e-02  5.84412e-06 -1.45823e-03 -4.36051e-03
 -1.68000e-02  6.67899e-06 -9.85790e-04 -4.17306e-03
 -1.68000e-02  7.51386e-06 -4.91418e-04 -3.96990e-03
 -1.68000e-02  8.34874e-06  2.48039e-05 -3.75072e-03
 -1.68000e-02  9.18361e-06  5.62799e-04 -3.51523e-03
 -1.68000e-02  1.00185e-05  1.12249e-03 -3.26313e-03
 -1.68000e-02  1.08534e-05  1.70380e-03 -2.99411e-03
 -1.68000e-02  1.16882e-05  2.30665e-03 -2.70789e-03
 -1.68000e-02  1.25231e-05  2.93096e-03 -2.40415e-03
 -1.68000e-02  1.33580e-05  3.57666e-03 -2.08262e-03
 -1.68000e-02  1.41929e-05  4.24367e-03 -1.74297e-03
 -1.68000e-02  1.50277e-05  4.93191e-03 -1.38493e-03
 -1.68000e-02  1.58626e-05  5.64130e-03 -1.00819e-03
 -1.68000e-02  1.66975e-05  6.37177e-03 -6.12441e-04
 -1.68000e-02  1.75323e-05  7.12324e-03 -1.97400e-04
 -1.68000e-02  1.83672e-05  7.89563e-03  2.37236e-04
 -1.68000e-02  1.92021e-05  8.68886e-03  6.91766e-04
 -1.68000e-02  2.00370e-05  9.50287e-03  1.16649e-03
 -1.68000e-02  2.08718e-05  1.03376e-02  1.66170e-03

 -1.56000e-02  0.00000e+00 -3.98067e-03 -4.82094e-03
 -1.56000e-02  8.34874e-07 -3.70547e-03 -4.74590e-03
 -1.56000e-02  1.66975e-06 -3.40786e-03 -4.65743e-03
 -1.56000e-02  2.50462e-06 -3.08793e-03 -4.55526e-03
 -1.56000e-02  3.33949e-06 -2.74574e-03 -4.43907e-03
 -1.56000e-02  4.17437e-06 -2.38138e-03 -4.30858e-03
 -1.56000e-02  5.00924e-06 -1.99492e-03 -4.16347e-03
 -1.56000e-02  5.84412e-06 -1.58644e-03 -4.00346e-03
 -1.56000e-02  6.67899e-06 -1.15602e-03 -3.82825e-03
 -1.56000e-02  7.51386e-06 -7.03729e-04 -3.63753e-03
 -1.56000e-02  8.34874e-06 -2.29654e-04 -3.43101e-03
 -1.56000e-02  9.18361e-06  2.66131e-04 -3.20839e-03
 -1.56000e-02  1.00185e-05  7.83549e-04 -2.96937e-03
 -1.56000e-02  1.08534e-05  1.32252e-03 -2.71366e-03
 -1.56000e-02  1.16882e-05  1.88297e-03 -2.44095e-03
 -1.56000e-02  1.25231e-05  2.46483e-03 -2.15095e-03
 -1.56000e-02  1.33580e-05  3.06800e-03 -1.84335e-03
 -1.56000e-02  1.41929e-05  3.69243e-03 -1.51787e-03
 -1.56000e-02  1.50277e-05  4.33802e-03 -1.17420e-03
 -1.56000e-02  1.58626e-05  5.00470e-03 -8.12046e-04
 -1.56000e-02  1.66975e-05  5.69240e-03 -4.31106e-04
 -1.56000e-02  1.75323e-05  6.40103e-03 -3.10840e-05
 -1.56000e-02  1.83672e-05  7.13052e-03  3.88319e-04
 -1.56000e-02  1.92021e-05  7.88080e-03  8.27401e-04
 -1.56000e-02  2.00370e-05  8.65178e-03  1.28646e-03
 -1.56000e-02  2.08718e-05  9.44339e-03  1.76580e-03

 -1.44000e-02  0.00000e+00 -3.77231e-03 -4.39555e-03
 -1.44000e-02  8.34874e-07 -3.53676e-03 -4.33076e-03
 -1.44000e-02  1.66975e-06 -3.27886e-03 -4.25277e-03
 -1.44000e-02  2.50462e-06 -2.99871e-03 -4.16129e-03
 -1.44000e-02  3.33949e-06 -2.69637e-03 -4.05601e-03
 -1.44000e-02  4.17437e-06 -2.37192e-03 -3.93664e-03
 -1.44000e-02  5.00924e-06 -2.02544e-03 -3.80288e-03
 -1.44000e-02  5.84412e-06 -1.65701e-03 -3.65442e-03
 -1.44000e-02  6.67899e-06 -1.26671e-03 -3.49098e-03
 -1.44000e-02  7.51386e-06 -8.54608e-04 -3.31226e-03
 -1.44000e-02  8.34874e-06 -4.20785e-04 -3.11795e-03
 -1.44000e-02  9.18361e-06  3.46809e-05 -2.90776e-03
 -1.44000e-02  1.00185e-05  5.11712e-04 -2.68138e-03
 -1.44000e-02  1.08534e-05  1.01023e-03 -2.43853e-03
 -1.44000e-02  1.16882e-05  1.53016e-03 -2.17890e-03
 -1.44000e-02  1.25231e-05  2.07143e-03 -1.90220e-03
 -1.44000e-02  1.33580e-05  2.63395e-03 -1.60812e-03
 -1.44000e-02  1.41929e-05  3.21765e-03 -1.29637e-03
 -1.44000e-02  1.50277e-05  3.82245e-03 -9.66650e-04
 -1.44000e-02  1.58626e-05  4.44827e-03 -6.18660e-04
 -1.44000e-02  1.66975e-05  5.09504e-03 -2.52104e-04
 -1.44000e-02  1.75323e-05  5.76268e-03  1.33318e-04
 -1.44000e-02  1.83672e-05  6.45112e-03  5.37904e-04
 -1.44000e-02  1.92021e-05  7.16026e-03  9.61951e-04
 -1.44000e-02  2.00370e-05  7.89005e-03  1.40576e-03
 -1.44000e-02  2.08718e-05  8.64039e-03  1.86962e-03

 -1.32000e-02  0.00000e+00 -3.52817e-03 -3.98084e-03
 -1.32000e-02  8.34874e-07 -3.33047e-03 -3.92587e-03
 -1.32000e-02  1.66975e-06 -3.11051e-03 -3.85792e-03
 -1.32000e-02  2.50462e-06 -2.86835e-03 -3.77670e-03
 -1.32000e-02  3.33949e-06 -2.60408e-03 -3.68191e-03
 -1.32000e-02  4.17437e-06 -2.31778e-03 -3.57324e-03
 -1.32000e-02  5.00924e-06 -2.00952e-03 -3.45040e-03
 -1.32000e-02  5.84412e-06 -1.67938e-03 -3.31309e-03
 -1.32000e-02  6.67899e-06 -1.32744e-03 -3.16101e-03
 -1.32000e-02  7.51386e-06 -9.53769e-04 -2.99387e-03
 -1.32000e-02  8.34874e-06 -5.58451e-04 -2.81136e-03
 -1.32000e-02  9.18361e-06 -1.41564e-04 -2.61319e-03
 -1.32000e-02  1.00185e-05  2.96818e-04 -2.39906e-03
 -1.32000e-02  1.08534e-05  7.56615e-04 -2.16867e-03
 -1.32000e-02  1.16882e-05  1.23775e-03 -1.92173e-03
 -1.32000e-02  1.25231e-05  1.74015e-03 -1.65792e-03
 -1.32000e-02  1.33580e-05  2.26373e-03 -1.37697e-03
 -1.32000e-02  1.41929e-05  2.80842e-03 -1.07856e-03
 -1.32000e-02  1.50277e-05  3.37413e-03 -7.62397e-04
 -1.32000e-02  1.58626e-05  3.96080e-03 -4.28188e-04
 -1.32000e-02  1.66975e-05  4.56835e-03 -7.56328e-05
 -1.32000e-02  1.75323e-05  5.19669e-03  2.95568e-04
 -1.32000e-02  1.83672e-05  5.84575e-03  6.85713e-04
 -1.32000e-02  1.92021e-05  6.51545e-03  1.09510e-03
 -1.32000e-02  2.00370e-05  7.20572e-03  1.52403e-03
 -1.32000e-02  2.08718e-05  7.91647e-03  1.97279e-03

 -1.20000e-02  0.00000e+00 -3.25556e-03 -3.57625e-03
 -1.20000e-02  8.34874e-07 -3.09407e-03 -3.53071e-03
 -1.20000e-02  1.66975e-06 -2.91039e-03 -3.47242e-03
 -1.20000e-02  2.50462e-06 -2.70459e-03 -3.40107e-03
 -1.20000e-02  3.33949e-06 -2.47677e-03 -3.31637e-03
 -1.20000e-02  4.17437e-06 -2.22698e-03 -3.21802e-03
 -1.20000e-02  5.00924e-06 -1.95531e-03 -3.10572e-03
 -1.20000e-02  5.84412e-06 -1.66184e-03 -2.97917e-03
 -1.20000e-02  6.67899e-06 -1.34665e-03 -2.83808e-03
 -1.20000e-02  7.51386e-06 -1.00980e-03 -2.68214e-03
 -1.20000e-02  8.34874e-06 -6.51386e-04 -2.51107e-03
 -1.20000e-02  9.18361e-06 -2.71477e-04 -2.32455e-03
 -1.20000e-02  1.00185e-05  1.29848e-04 -2.12229e-03
 -1.20000e-02  1.08534e-05  5.52513e-04 -1.90400e-03
 -1.20000e-02  1.16882e-05  9.96439e-04 -1.66937e-03
 -1.20000e-02  1.25231e-05  1.46155e-03 -1.41811e-03
 -1.20000e-02  1.33580e-05  1.94777e-03 -1.14992e-03
 -1.20000e-02  1.41929e-05  2.45501e-03 -8.64500e-04
 -1.20000e-02  1.50277e-05  2.98321e-03 -5.61550e-04
 -1.20000e-02  1.58626e-05  3.53228e-03 -2.40774e-04
 -1.20000e-02  1.66975e-05  4.10215e-03  9.81266e-05
 -1.20000e-02  1.75323e-05  4.69275e-03  4.55450e-04
 -1.20000e-02  1.83672e-05  5.30398e-03  8.31495e-04
 -1.20000e-02  1.92021e-05  5.93578e-03  1.22656e-03
 -1.20000e-02  2.00370e-05  6.58806e-03  1.64094e-03
 -1.20000e-02  2.08718e-05  7.26076e-03  2.07494e-03

 -1.08000e-02  0.00000e+00 -2.96083e-03 -3.18131e-03
 -1.08000e-02  8.34874e-07 -2.83403e-03 -3.14484e-03
 -1.08000e-02  1.66975e-06 -2.68513e-03 -3.09583e-03
 -1.08000e-02  2.50462e-06 -2.51419e-03 -3.03400e-03
 -1.08000e-02  3.33949e-06 -2.32131e-03 -2.95904e-03
 -1.08000e-02  4.17437e-06 -2.10654e-03 -2.87065e-03
 -1.08000e-02  5.00924e-06 -1.86998e-03 -2.76854e-03
 -1.08000e-02  5.84412e-06 -1.61170e-03 -2.65241e-03
 -1.08000e-02  6.67899e-06 -1.33177e-03 -2.52196e-03
 -1.08000e-02  7.51386e-06 -1.03027e-03 -2.37688e-03
 -1.08000e-02  8.34874e-06 -7.07290e-04 -2.21690e-03
 -1.08000e-02  9.18361e-06 -3.62895e-04 -2.04169e-03
 -1.08000e-02  1.00185e-05  2.83449e-06 -1.85098e-03
 -1.08000e-02  1.08534e-05  3.89821e-04 -1.64445e-03
 -1.08000e-02  1.16882e-05  7.97987e-04 -1.42182e-03
 -1.08000e-02  1.25231e-05  1.22725e-03 -1.18277e-03
 -1.08000e-02  1.33580e-05  1.67755e-03 -9.27020e-04
 -1.08000e-02  1.41929e-05  2.14879e-03 -6.54264e-04
 -1.08000e-02  1.50277e-05  2.64090e-03 -3.64205e-04
 -1.08000e-02  1.58626e-05  3.15380e-03 -5.65446e-05
 -1.08000e-02  1.66975e-05  3.68742e-03  2.69015e-04
 -1.08000e-02  1.75323e-05  4.24168e-03  6.12773e-04
 -1.08000e-02  1.83672e-05  4.81650e-03  9.75026e-04
 -1.08000e-02  1.92021e-05  5.41180e-03  1.35607e-03
 -1.08000e-02  2.00370e-05  6.02750e-03  1.75621e-03
 -1.08000e-02  2.08718e-05  6.66354e-03  2.17575e-03

 -9.60000e-03  0.00000e+00 -2.64948e-03 -2.79557e-03
 -9.60000e-03  8.34874e-07 -2.55599e-03 -2.76782e-03
 -9.60000e-03  1.66975e-06 -2.44048e-03 -2.72777e-03
 -9.60000e-03  2.50462e-06 -2.30303e-03 -2.67512e-03
 -9.60000e-03  3.33949e-06 -2.14371e-03 -2.60957e-03
 -9.60000e-03  4.17437e-06 -1.96260e-03 -2.53083e-03
 -9.60000e-03  5.00924e-06 -1.75978e-03 -2.43859e-03
 -9.60000e-03  5.84412e-06 -1.53532e-03 -2.33255e-03
 -9.60000e-03  6.67899e-06 -1.28931e-03 -2.21242e-03
 -9.60000e-03  7.51386e-06 -1.02182e-03 -2.07790e-03
 -9.60000e-03  8.34874e-06 -7.32926e-04 -1.92870e-03
 -9.60000e-03  9.18361e-06 -4.22708e-04 -1.76450e-03
 -9.60000e-03  1.00185e-05 -9.12421e-05 -1.58502e-03
 -9.60000e-03  1.08534e-05  2.61394e-04 -1.38996e-03
 -9.60000e-03  1.16882e-05  6.35122e-04 -1.17901e-03
 -9.60000e-03  1.25231e-05  1.02987e-03 -9.51885e-04
 -9.60000e-03  1.33580e-05  1.44555e-03 -7.08280e-04
 -9.60000e-03  1.41929e-05  1.88209e-03 -4.47898e-04
 -9.60000e-03  1.50277e-05  2.33942e-03 -1.70441e-04
 -9.60000e-03  1.58626e-05  2.81745e-03  1.24390e-04
 -9.60000e-03  1.66975e-05  3.31611e-03  4.36893e-04
 -9.60000e-03  1.75323e-05  3.83532e-03  7.67365e-04
 -9.60000e-03  1.83672e-05  4.37501e-03  1.11611e-03
 -9.60000e-03  1.92021e-05  4.93509e-03  1.48341e-03
 -9.60000e-03  2.00370e-05  5.51549e-03  1.86959e-03
 -9.60000e-03  2.08718e-05  6.11613e-03  2.27492e-03

 -8.40000e-03  0.00000e+00 -2.32622e-03 -2.41860e-03
 -8.40000e-03  8.34874e-07 -2.26477e-03 -2.39927e-03
 -8.40000e-03  1.66975e-06 -2.18139e-03 -2.36788e-03
 -8.40000e-03  2.50462e-06 -2.07617e-03 -2.32411e-03
 -8.40000e-03  3.33949e-06 -1.94916e-03 -2.26768e-03
 -8.40000e-03  4.17437e-06 -1.80046e-03 -2.19828e-03
 -8.40000e-03  5.00924e-06 -1.63014e-03 -2.11561e-03
 -8.40000e-03  5.84412e-06 -1.43828e-03 -2.01938e-03
 -8.40000e-03  6.67899e-06 -1.22495e-03 -1.90929e-03
 -8.40000e-03  7.51386e-06 -9.90237e-04 -1.78503e-03
 -8.40000e-03  8.34874e-06 -7.34211e-04 -1.64632e-03
 -8.40000e-03  9.18361e-06 -4.56951e-04 -1.49285e-03
 -8.40000e-03  1.00185e-05 -1.58536e-04 -1.32433e-03
 -8.40000e-03  1.08534e-05  1.60957e-04 -1.14045e-03
 -8.40000e-03  1.16882e-05  5.01452e-04 -9.40923e-04
 -8.40000e-03  1.25231e-05  8.62870e-04 -7.25444e-04
 -8.40000e-03  1.33580e-05  1.24513e-03 -4.93717e-04
 -8.40000e-03  1.41929e-05  1.64817e-03 -2.45444e-04
 -8.40000e-03  1.50277e-05  2.07189e-03  1.96748e-05
 -8.40000e-03  1.58626e-05  2.51623e-03  3.01936e-04
 -8.40000e-03  1.66975e-05  2.98111e-03  6.01639e-04
 -8.40000e-03  1.75323e-05  3.46644e-03  9.19082e-04
 -8.40000e-03  1.83672e-05  3.97216e-03  1.25456e-03
 -8.40000e-03  1.92021e-05  4.49818e-03  1.60838e-03
 -8.40000e-03  2.00370e-05  5.04443e-03  1.98083e-03
 -8.40000e-03  2.08718e-05  5.61083e-03  2.37222e-03

 -7.20000e-03  0.00000e+00 -1.99508e-03 -2.05004e-03
 -7.20000e-03  8.34874e-07 -1.96452e-03 -2.03886e-03
 -7.20000e-03  1.66975e-06 -1.91213e-03 -2.01583e-03
 -7.20000e-03  2.50462e-06 -1.83798e-03 -1.98067e-03
 -7.20000e-03  3.33949e-06 -1.74215e-03 -1.93307e-03
 -7.20000e-03  4.17437e-06 -1.62473e-03 -1.87274e-03
 -7.20000e-03  5.00924e-06 -1.48578e-03 -1.79938e-03
 -7.20000e-03  5.84412e-06 -1.32538e-03 -1.71269e-03
 -7.20000e-03  6.67899e-06 -1.14362e-03 -1.61236e-03
 -7.20000e-03  7.51386e-06 -9.40563e-04 -1.49811e-03
 -7.20000e-03  8.34874e-06 -7.16294e-04 -1.36964e-03
 -7.20000e-03  9.18361e-06 -4.70888e-04 -1.22664e-03
 -7.20000e-03  1.00185e-05 -2.04423e-04 -1.06881e-03
 -7.20000e-03  1.08534e-05  8.30241e-05 -8.95872e-04
 -7.20000e-03  1.16882e-05  3.91375e-04 -7.07510e-04
 -7.20000e-03  1.25231e-05  7.20554e-04 -5.03432e-04
 -7.20000e-03  1.33580e-05  1.07048e-03 -2.83339e-04
 -7.20000e-03  1.41929e-05  1.44108e-03 -4.69317e-05
 -7.20000e-03  1.50277e-05  1.83228e-03  2.06087e-04
 -7.20000e-03  1.58626e-05  2.24399e-03  4.76016e-04
 -7.20000e-03  1.66975e-05  2.67614e-03  7.63154e-04
 -7.20000e-03  1.75323e-05  3.12866e-03  1.06780e-03
 -7.20000e-03  1.83672e-05  3.60146e-03  1.39025e-03
 -7.20000e-03  1.92021e-05  4.09447e-03  1.73080e-03
 -7.20000e-03  2.00370e-05  4.60761e-03  2.08975e-03
 -7.20000e-03  2.08718e-05  5.14080e-03  2.46741e-03

 -6.00000e-03  0.00000e+00 -1.65947e-03 -1.68957e-03
 -6.00000e-03  8.34874e-07 -1.65875e-03 -1.68626e-03
 -6.00000e-03  1.66975e-06 -1.63630e-03 -1.67135e-03
 -6.00000e-03  2.50462e-06 -1.59220e-03 -1.64453e-03
 -6.00000e-03  3.33949e-06 -1.52651e-03 -1.60552e-03
 -6.00000e-03  4.17437e-06 -1.43933e-03 -1.55401e-03
 -6.00000e-03  5.00924e-06 -1.33073e-03 -1.48970e-03
 -6.00000e-03  5.84412e-06 -1.20078e-03 -1.41229e-03
 -6.00000e-03  6.67899e-06 -1.04956e-03 -1.32149e-03
 -6.00000e-03  7.51386e-06 -8.77157e-04 -1.21700e-03
 -6.00000e-03  8.34874e-06 -6.83640e-04 -1.09852e-03
 -6.00000e-03  9.18361e-06 -4.69087e-04 -9.65751e-04
 -6.00000e-03  1.00185e-05 -2.33576e-04 -8.18396e-04
 -6.00000e-03  1.08534e-05  2.28151e-05 -6.56156e-04
 -6.00000e-03  1.16882e-05  3.00009e-04 -4.78733e-04
 -6.00000e-03  1.25231e-05  5.97929e-04 -2.85829e-04
 -6.00000e-03  1.33580e-05  9.16497e-04 -7.71443e-05
 -6.00000e-03  1.41929e-05  1.25564e-03  1.47618e-04
 -6.00000e-03  1.50277e-05  1.61527e-03  3.88756e-04
 -6.00000e-03  1.58626e-05  1.99532e-03  6.46569e-04
 -6.00000e-03  1.66975e-05  2.39570e-03  9.21355e-04
 -6.00000e-03  1.75323e-05  2.81635e-03  1.21341e-03
 -6.00000e-03  1.83672e-05  3.25718e-03  1.52304e-03
 -6.00000e-03  1.92021e-05  3.71812e-03  1.85053e-03
 -6.00000e-03  2.00370e-05  4.19909e-03  2.19619e-03
 -6.00000e-03  2.08718e-05  4.70001e-03  2.56032e-03

 -4.80000e-03  0.00000e+00 -1.32229e-03 -1.33691e-03
 -4.80000e-03  8.34874e-07 -1.35045e-03 -1.34122e-03
 -4.80000e-03  1.66975e-06 -1.35699e-03 -1.33418e-03
 -4.80000e-03  2.50462e-06 -1.34199e-03 -1.31547e-03
 -4.80000e-03  3.33949e-06 -1.30551e-03 -1.28480e-03
 -4.80000e-03  4.17437e-06 -1.24764e-03 -1.24187e-03
 -4.80000e-03  5.00924e-06 -1.16845e-03 -1.18638e-03
 -4.80000e-03  5.84412e-06 -1.06803e-03 -1.11803e-03
 -4.80000e-03  6.67899e-06 -9.46442e-04 -1.03653e-03
 -4.80000e-03  7.51386e-06 -8.03774e-04 -9.41569e-04
 -4.80000e-03  8.34874e-06 -6.40099e-04 -8.32862e-04
 -4.80000e-03  9.18361e-06 -4.55496e-04 -7.10104e-04
 -4.80000e-03  1.00185e-05 -2.50041e-04 -5.72998e-04
 -4.80000e-03  1.08534e-05 -2.38127e-05 -4.21246e-04
 -4.80000e-03  1.16882e-05  2.23113e-04 -2.54548e-04
 -4.80000e-03  1.25231e-05  4.90657e-04 -7.26077e-05
 -4.80000e-03  1.33580e-05  7.78744e-04  1.24874e-04
 -4.80000e-03  1.41929e-05  1.08729e-03  3.38196e-04
 -4.80000e-03  1.50277e-05  1.41623e-03  5.67656e-04
 -4.80000e-03  1.58626e-05  1.76548e-03  8.13552e-04
 -4.80000e-03  1.66975e-05  2.13496e-03  1.07618e-03
 -4.80000e-03  1.75323e-05  2.52460e-03  1.35585e-03
 -4.80000e-03  1.83672e-05  2.93431e-03  1.65284e-03
 -4.80000e-03  1.92021e-05  3.36402e-03  1.96746e-03
 -4.80000e-03  2.00370e-05  3.81366e-03  2.30002e-03
 -4.80000e-03  2.08718e-05  4.28314e-03  2.65079e-03

 -3.60000e-03  0.00000e+00 -9.85918e-04 -9.91799e-04
 -3.60000e-03  8.34874e-07 -1.04211e-03 -1.00351e-03
 -3.60000e-03  1.66975e-06 -1.07678e-03 -1.00411e-03
 -3.60000e-03  2.50462e-06 -1.09002e-03 -9.93275e-04
 -3.60000e-03  3.33949e-06 -1.08190e-03 -9.70722e-04
 -3.60000e-03  4.17437e-06 -1.05250e-03 -9.36150e-04
 -3.60000e-03  5.00924e-06 -1.00190e-03 -8.89261e-04
 -3.60000e-03  5.84412e-06 -9.30165e-04 -8.29755e-04
 -3.60000e-03  6.67899e-06 -8.37382e-04 -7.57335e-04
 -3.60000e-03  7.51386e-06 -7.23628e-04 -6.71702e-04
 -3.60000e-03  8.34874e-06 -5.88978e-04 -5.72559e-04
 -3.60000e-03  9.18361e-06 -4.33511e-04 -4.59606e-04
 -3.60000e-03  1.00185e-05 -2.57304e-04 -3.32546e-04
 -3.60000e-03  1.08534e-05 -6.04344e-05 -1.91081e-04
 -3.60000e-03  1.16882e-05  1.57021e-04 -3.49108e-05
 -3.60000e-03  1.25231e-05  3.94984e-04  1.36261e-04
 -3.60000e-03  1.33580e-05  6.53378e-04  3.22734e-04
 -3.60000e-03  1.41929e-05  9.32126e-04  5.24805e-04
 -3.60000e-03  1.50277e-05  1.23115e-03  7.42774e-04
 -3.60000e-03  1.58626e-05  1.55037e-03  9.76938e-04
 -3.60000e-03  1.66975e-05  1.88971e-03  1.22760e-03
 -3.60000e-03  1.75323e-05  2.24910e-03  1.49505e-03
 -3.60000e-03  1.83672e-05  2.62845e-03  1.77959e-03
 -3.60000e-03  1.92021e-05  3.02770e-03  2.08151e-03
 -3.60000e-03  2.00370e-05  3.44675e-03  2.40113e-03
 -3.60000e-03  2.08718e-05  3.88554e-03  2.73873e-03

 -2.40000e-03  0.00000e+00 -6.52367e-04 -6.54049e-04
 -2.40000e-03  8.34874e-07 -7.35802e-04 -6.72941e-04
 -2.40000e-03  1.66975e-06 -7.97839e-04 -6.80951e-04
 -2.40000e-03  2.50462e-06 -8.38555e-04 -6.77782e-04
 -2.40000e-03  3.33949e-06 -8.58029e-04 -6.63135e-04
 -2.40000e-03  4.17437e-06 -8.56337e-04 -6.36712e-04
 -2.40000e-03  5.00924e-06 -8.33556e-04 -5.98215e-04
 -2.40000e-03  5.84412e-06 -7.89765e-04 -5.47346e-04
 -2.40000e-03  6.67899e-06 -7.25040e-04 -4.83805e-04
 -2.40000e-03  7.51386e-06 -6.39459e-04 -4.07296e-04
 -2.40000e-03  8.34874e-06 -5.33099e-04 -3.17519e-04
 -2.40000e-03  9.18361e-06 -4.06037e-04 -2.14177e-04
 -2.40000e-03  1.00185e-05 -2.58352e-04 -9.69704e-05
 -2.40000e-03  1.08534e-05 -9.01198e-05  3.43982e-05
 -2.40000e-03  1.16882e-05  9.85817e-05  1.80227e-04
 -2.40000e-03  1.25231e-05  3.07675e-04  3.40815e-04
 -2.40000e-03  1.33580e-05  5.37083e-04  5.16460e-04
 -2.40000e-03  1.41929e-05  7.86729e-04  7.07461e-04
 -2.40000e-03  1.50277e-05  1.05653e-03  9.14115e-04
 -2.40000e-03  1.58626e-05  1.34642e-03  1.13672e-03
 -2.40000e-03  1.66975e-05  1.65631e-03  1.37558e-03
 -2.40000e-03  1.75323e-05  1.98614e-03  1.63098e-03
 -2.40000e-03  1.83672e-05  2.33581e-03  1.90323e-03
 -2.40000e-03  1.92021e-05  2.70525e-03  2.19263e-03
 -2.40000e-03  2.00370e-05  3.09439e-03  2.49947e-03
 -2.40000e-03  2.08718e-05  3.50315e-03  2.82405e-03

 -1.20000e-03  0.00000e+00 -3.23279e-04 -3.23492e-04
 -1.20000e-03  8.34874e-07 -4.33254e-04 -3.49345e-04
 -1.20000e-03  1.66975e-06 -5.21952e-04 -3.64564e-04
 -1.20000e-03  2.50462e-06 -5.89451e-04 -3.68849e-04
 -1.20000e-03  3.33949e-06 -6.35828e-04 -3.61903e-04
 -1.20000e-03  4.17437e-06 -6.61160e-04 -3.43426e-04
 -1.20000e-03  5.00924e-06 -6.65524e-04 -3.13122e-04
 -1.20000e-03  5.84412e-06 -6.48999e-04 -2.70692e-04
 -1.20000e-03  6.67899e-06 -6.11661e-04 -2.15836e-04
 -1.20000e-03  7.51386e-06 -5.53588e-04 -1.48258e-04
 -1.20000e-03  8.34874e-06 -4.74857e-04 -6.76582e-05
 -1.20000e-03  9.18361e-06 -3.75545e-04  2.62610e-05
 -1.20000e-03  1.00185e-05 -2.55730e-04  1.33798e-04
 -1.20000e-03  1.08534e-05 -1.15490e-04  2.55251e-04
 -1.20000e-03  1.16882e-05  4.50988e-05  3.90919e-04
 -1.20000e-03  1.25231e-05  2.25959e-04  5.41099e-04
 -1.20000e-03  1.33580e-05  4.27012e-04  7.06090e-04
 -1.20000e-03  1.41929e-05  6.48182e-04  8.86191e-04
 -1.20000e-03  1.50277e-05  8.89391e-04  1.08170e-03
 -1.20000e-03  1.58626e-05  1.15056e-03  1.29291e-03
 -1.20000e-03  1.66975e-05  1.43162e-03  1.52013e-03
 -1.20000e-03  1.75323e-05  1.73248e-03  1.76365e-03
 -1.20000e-03  1.83672e-05  2.05307e-03  2.02377e-03
 -1.20000e-03  1.92021e-05  2.39331e-03  2.30079e-03
 -1.20000e-03  2.00370e-05  2.75313e-03  2.59501e-03
 -1.20000e-03  2.08718e-05  3.13244e-03  2.90672e-03

  0.00000e+00  0.00000e+00  0.00000e+00  0.00000e+00
  0.00000e+00  8.34874e-07 -1.35878e-04 -3.26074e-05
  0.00000e+00  1.66975e-06 -2.50606e-04 -5.48285e-05
  0.00000e+00  2.50462e-06 -3.44260e-04 -6.63651e-05
  0.00000e+00  3.33949e-06 -4.16917e-04 -6.69189e-05
  0.00000e+00  4.17437e-06 -4.68656e-04 -5.61916e-05
  0.00000e+00  5.00924e-06 -4.99553e-04 -3.38849e-05
  0.00000e+00  5.84412e-06 -5.09686e-04  2.99513e-07
  0.00000e+00  6.67899e-06 -4.99132e-04  4.66598e-05
  0.00000e+00  7.51386e-06 -4.67969e-04  1.05494e-04
  0.00000e+00  8.34874e-06 -4.16274e-04  1.77102e-04
  0.00000e+00  9.18361e-06 -3.44124e-04  2.61779e-04
  0.00000e+00  1.00185e-05 -2.51597e-04  3.59827e-04
  0.00000e+00  1.08534e-05 -1.38770e-04  4.71541e-04
  0.00000e+00  1.16882e-05 -5.71992e-06  5.97221e-04
  0.00000e+00  1.25231e-05  1.47475e-04  7.37165e-04
  0.00000e+00  1.33580e-05  3.20738e-04  8.91671e-04
  0.00000e+00  1.41929e-05  5.13991e-04  1.06104e-03
  0.00000e+00  1.50277e-05  7.27157e-04  1.24556e-03
  0.00000e+00  1.58626e-05  9.60159e-04  1.44555e-03
  0.00000e+00  1.66975e-05  1.21292e-03  1.66128e-03
  0.00000e+00  1.75323e-05  1.48536e-03  1.89308e-03
  0.00000e+00  1.83672e-05  1.77741e-03  2.14122e-03
  0.00000e+00  1.92021e-05  2.08898e-03  2.40601e-03
  0.00000e+00  2.00370e-05  2.42000e-03  2.68776e-03
  0.00000e+00  2.08718e-05  2.77039e-03  2.98675e-03

  1.20000e-03  0.00000e+00  3.16378e-04  3.16516e-04
  1.20000e-03  8.34874e-07  1.55173e-04  2.77361e-04
  1.20000e-03  1.66975e-06  1.49884e-05  2.48341e-04
  1.20000e-03  2.50462e-06 -1.04253e-04  2.29755e-04
  1.20000e-03  3.33949e-06 -2.02630e-04  2.21899e-04
  1.20000e-03  4.17437e-06 -2.80218e-04  2.25074e-04
  1.20000e-03  5.00924e-06 -3.37095e-04  2.39576e-04
  1.20000e-03  5.84412e-06 -3.73339e-04  2.65705e-04
  1.20000e-03  6.67899e-06 -3.89027e-04  3.03758e-04
  1.20000e-03  7.51386e-06 -3.84236e-04  3.54034e-04
  1.20000e-03  8.34874e-06 -3.59044e-04  4.16832e-04
  1.20000e-03  9.18361e-06 -3.13528e-04  4.92449e-04
  1.20000e-03  1.00185e-05 -2.47765e-04  5.81183e-04
  1.20000e-03  1.08534e-05 -1.61833e-04  6.83334e-04
  1.20000e-03  1.16882e-05 -5.58091e-05  7.99199e-04
  1.20000e-03  1.25231e-05  7.02293e-05  9.29077e-04
  1.20000e-03  1.33580e-05  2.16205e-04  1.07327e-03
  1.20000e-03  1.41929e-05  3.82040e-04  1.23206e-03
  1.20000e-03  1.50277e-05  5.67658e-04  1.40577e-03
  1.20000e-03  1.58626e-05  7.72981e-04  1.59468e-03
  1.20000e-03  1.66975e-05  9.97931e-04  1.79909e-03
  1.20000e-03  1.75323e-05  1.24243e-03  2.01931e-03
  1.20000e-03  1.83672e-05  1.50641e-03  2.25563e-03
  1.20000e-03  1.92021e-05  1.78978e-03  2.50835e-03
  1.20000e-03  2.00370e-05  2.09246e-03  2.77776e-03
  1.20000e-03  2.08718e-05  2.41439e-03  3.06417e-03

  2.40000e-03  0.00000e+00  6.24975e-04  6.26112e-04
  2.40000e-03  8.34874e-07  4.38967e-04  5.80618e-04
  2.40000e-03  1.66975e-06  2.73844e-04  5.45004e-04
  2.40000e-03  2.50462e-06  1.29529e-04  5.19569e-04
  2.40000e-03  3.33949e-06  5.94277e-06  5.04612e-04
  2.40000e-03  4.17437e-06 -9.69904e-05  5.00431e-04
  2.40000e-03  5.00924e-06 -1.79348e-04  5.07324e-04
  2.40000e-03  5.84412e-06 -2.41208e-04  5.25589e-04
  2.40000e-03  6.67899e-06 -2.82648e-04  5.55524e-04
  2.40000e-03  7.51386e-06 -3.03744e-04  5.97429e-04
  2.40000e-03  8.34874e-06 -3.04575e-04  6.51601e-04
  2.40000e-03  9.18361e-06 -2.85217e-04  7.18338e-04
  2.40000e-03  1.00185e-05 -2.45748e-04  7.97939e-04
  2.40000e-03  1.08534e-05 -1.86246e-04  8.90702e-04
  2.40000e-03  1.16882e-05 -1.06787e-04  9.96926e-04
  2.40000e-03  1.25231e-05 -7.44931e-06  1.11691e-03
  2.40000e-03  1.33580e-05  1.11690e-04  1.25095e-03
  2.40000e-03  1.41929e-05  2.50554e-04  1.39934e-03
  2.40000e-03  1.50277e-05  4.09064e-04  1.56239e-03
  2.40000e-03  1.58626e-05  5.87144e-04  1.74039e-03
  2.40000e-03  1.66975e-05  7.84716e-04  1.93364e-03
  2.40000e-03  1.75323e-05  1.00170e-03  2.14244e-03
  2.40000e-03  1.83672e-05  1.23803e-03  2.36708e-03
  2.40000e-03  1.92021e-05  1.49361e-03  2.60787e-03
  2.40000e-03  2.00370e-05  1.76838e-03  2.86510e-03
  2.40000e-03  2.08718e-05  2.06225e-03  3.13908e-03

  3.60000e-03  0.00000e+00  9.25087e-04  9.28810e-04
  3.60000e-03  8.34874e-07  7.14755e-04  8.77188e-04
  3.60000e-03  1.66975e-06  5.25167e-04  8.35190e-04
  3.60000e-03  2.50462e-06  3.56247e-04  8.03114e-04
  3.60000e-03  3.33949e-06  2.07916e-04  7.81260e-04
  3.60000e-03  4.17437e-06  8.00967e-05  7.69924e-04
  3.60000e-03  5.00924e-06 -2.72874e-05  7.69406e-04
  3.60000e-03  5.84412e-06 -1.14314e-04  7.80004e-04
  3.60000e-03  6.67899e-06 -1.81061e-04  8.02015e-04
  3.60000e-03  7.51386e-06 -2.27605e-04  8.35739e-04
  3.60000e-03  8.34874e-06 -2.54023e-04  8.81474e-04
  3.60000e-03  9.18361e-06 -2.60394e-04  9.39517e-04
  3.60000e-03  1.00185e-05 -2.46794e-04  1.01017e-03
  3.60000e-03  1.08534e-05 -2.13301e-04  1.09372e-03
  3.60000e-03  1.16882e-05 -1.59991e-04  1.19048e-03
  3.60000e-03  1.25231e-05 -8.69438e-05  1.30075e-03
  3.60000e-03  1.33580e-05  5.76494e-06  1.42481e-03
  3.60000e-03  1.41929e-05  1.18057e-04  1.56297e-03
  3.60000e-03  1.50277e-05  2.49856e-04  1.71553e-03
  3.60000e-03  1.58626e-05  4.01084e-04  1.88278e-03
  3.60000e-03  1.66975e-05  5.71664e-04  2.06503e-03
  3.60000e-03  1.75323e-05  7.61518e-04  2.26256e-03
  3.60000e-03  1.83672e-05  9.70569e-04  2.47569e-03
  3.60000e-03  1.92021e-05  1.19874e-03  2.70471e-03
  3.60000e-03  2.00370e-05  1.44595e-03  2.94991e-03
  3.60000e-03  2.08718e-05  1.71213e-03  3.21160e-03

  4.80000e-03  0.00000e+00  1.21615e-03  1.22460e-03
  4.80000e-03  8.34874e-07  9.81940e-04  1.16707e-03
  4.80000e-03  1.66975e-06  7.68324e-04  1.11891e-03
  4.80000e-03  2.50462e-06  5.75229e-04  1.08040e-03
  4.80000e-03  3.33949e-06  4.02579e-04  1.05186e-03
  4.80000e-03  4.17437e-06  2.50296e-04  1.03358e-03
  4.80000e-03  5.00924e-06  1.18302e-04  1.02586e-03
  4.80000e-03  5.84412e-06  6.52056e-06  1.02899e-03
  4.80000e-03  6.67899e-06 -8.51263e-05  1.04328e-03
  4.80000e-03  7.51386e-06 -1.56716e-04  1.06902e-03
  4.80000e-03  8.34874e-06 -2.08325e-04  1.10652e-03
  4.80000e-03  9.18361e-06 -2.40032e-04  1.15606e-03
  4.80000e-03  1.00185e-05 -2.51914e-04  1.21795e-03
  4.80000e-03  1.08534e-05 -2.44047e-04  1.29249e-03
  4.80000e-03  1.16882e-05 -2.16510e-04  1.37997e-03
  4.80000e-03  1.25231e-05 -1.69380e-04  1.48069e-03
  4.80000e-03  1.33580e-05 -1.02734e-04  1.59496e-03
  4.80000e-03  1.41929e-05 -1.66494e-05  1.72306e-03
  4.80000e-03  1.50277e-05  8.87962e-05  1.86531e-03
  4.80000e-03  1.58626e-05  2.13526e-04  2.02198e-03
  4.80000e-03  1.66975e-05  3.57461e-04  2.19340e-03
  4.80000e-03  1.75323e-05  5.20526e-04  2.37984e-03
  4.80000e-03  1.83672e-05  7.02642e-04  2.58162e-03
  4.80000e-03  1.92021e-05  9.03733e-04  2.79902e-03
  4.80000e-03  2.00370e-05  1.12372e-03  3.03236e-03
  4.80000e-03  2.08718e-05  1.36253e-03  3.28191e-03

  6.00000e-03  0.00000e+00  1.49774e-03  1.51345e-03
  6.00000e-03  8.34874e-07  1.24005e-03  1.45024e-03
  6.00000e-03  1.66975e-06  1.00281e-03  1.39613e-03
  6.00000e-03  2.50462e-06  7.85947e-04  1.35143e-03
  6.00000e-03  3.33949e-06  5.89374e-04  1.31642e-03
  6.00000e-03  4.17437e-06  4.13017e-04  1.29142e-03
  6.00000e-03  5.00924e-06  2.56800e-04  1.27671e-03
  6.00000e-03  5.84412e-06  1.20645e-04  1.27259e-03
  6.00000e-03  6.67899e-06  4.47423e-06  1.27937e-03
  6.00000e-03  7.51386e-06 -9.17892e-05  1.29734e-03
  6.00000e-03  8.34874e-06 -1.68223e-04  1.32680e-03
  6.00000e-03  9.18361e-06 -2.24904e-04  1.36804e-03
  6.00000e-03  1.00185e-05 -2.61910e-04  1.42138e-03
  6.00000e-03  1.08534e-05 -2.79318e-04  1.48709e-03
  6.00000e-03  1.16882e-05 -2.77206e-04  1.56549e-03
  6.00000e-03  1.25231e-05 -2.55651e-04  1.65687e-03
  6.00000e-03  1.33580e-05 -2.14730e-04  1.76153e-03
  6.00000e-03  1.41929e-05 -1.54521e-04  1.87977e-03
  6.00000e-03  1.50277e-05 -7.51013e-05  2.01188e-03
  6.00000e-03  1.58626e-05  2.34522e-05  2.15817e-03
  6.00000e-03  1.66975e-05  1.41062e-04  2.31893e-03
  6.00000e-03  1.75323e-05  2.77650e-04  2.49446e-03
  6.00000e-03  1.83672e-05  4.33140e-04  2.68505e-03
  6.00000e-03  1.92021e-05  6.07454e-04  2.89102e-03
  6.00000e-03  2.00370e-05  8.00515e-04  3.11265e-03
  6.00000e-03  2.08718e-05  1.01225e-03  3.35025e-03

  7.20000e-03  0.00000e+00  1.76951e-03  1.79529e-03
  7.20000e-03  8.34874e-07  1.48873e-03  1.72664e-03
  7.20000e-03  1.66975e-06  1.22826e-03  1.66684e-03
  7.20000e-03  2.50462e-06  9.87994e-04  1.61617e-03
  7.20000e-03  3.33949e-06  7.67871e-04  1.57494e-03
  7.20000e-03  4.17437e-06  5.67809e-04  1.54344e-03
  7.20000e-03  5.00924e-06  3.87731e-04  1.52197e-03
  7.20000e-03  5.84412e-06  2.27561e-04  1.51083e-03
  7.20000e-03  6.67899e-06  8.72199e-05  1.51033e-03
  7.20000e-03  7.51386e-06 -3.33689e-05  1.52074e-03
  7.20000e-03  8.34874e-06 -1.34283e-04  1.54239e-03
  7.20000e-03  9.18361e-06 -2.15599e-04  1.57555e-03
  7.20000e-03  1.00185e-05 -2.77396e-04  1.62054e-03
  7.20000e-03  1.08534e-05 -3.19750e-04  1.67765e-03
  7.20000e-03  1.16882e-05 -3.42738e-04  1.74718e-03
  7.20000e-03  1.25231e-05 -3.46439e-04  1.82942e-03
  7.20000e-03  1.33580e-05 -3.30929e-04  1.92468e-03
  7.20000e-03  1.41929e-05 -2.96286e-04  2.03325e-03
  7.20000e-03  1.50277e-05 -2.42586e-04  2.15543e-03
  7.20000e-03  1.58626e-05 -1.69909e-04  2.29152e-03
  7.20000e-03  1.66975e-05 -7.83301e-05  2.44182e-03
  7.20000e-03  1.75323e-05  3.20724e-05  2.60662e-03
  7.20000e-03  1.83672e-05  1.61221e-04  2.78623e-03
  7.20000e-03  1.92021e-05  3.09039e-04  2.98095e-03
  7.20000e-03  2.00370e-05  4.75449e-04  3.19106e-03
  7.20000e-03  2.08718e-05  6.60373e-04  3.41687e-03

  8.40000e-03  0.00000e+00  2.03120e-03  2.07003e-03
  8.40000e-03  8.34874e-07  1.72772e-03  1.99621e-03
  8.40000e-03  1.66975e-06  1.44437e-03  1.93096e-03
  8.40000e-03  2.50462e-06  1.18107e-03  1.87459e-03
  8.40000e-03  3.33949e-06  9.37755e-04  1.82738e-03
  8.40000e-03  4.17437e-06  7.14341e-04  1.78963e-03
  8.40000e-03  5.00924e-06  5.10751e-04  1.76166e-03
  8.40000e-03  5.84412e-06  3.26908e-04  1.74374e-03
  8.40000e-03  6.67899e-06  1.62735e-04  1.73619e-03
  8.40000e-03  7.51386e-06  1.81541e-05  1.73930e-03
  8.40000e-03  8.34874e-06 -1.06912e-04  1.75336e-03
  8.40000e-03  9.18361e-06 -2.12541e-04  1.77868e-03
  8.40000e-03  1.00185e-05 -2.98809e-04  1.81556e-03
  8.40000e-03  1.08534e-05 -3.65795e-04  1.86429e-03
  8.40000e-03  1.16882e-05 -4.13575e-04  1.92517e-03
  8.40000e-03  1.25231e-05 -4.42227e-04  1.99850e-03
  8.40000e-03  1.33580e-05 -4.51829e-04  2.08457e-03
  8.40000e-03  1.41929e-05 -4.42457e-04  2.18370e-03
  8.40000e-03  1.50277e-05 -4.14190e-04  2.29616e-03
  8.40000e-03  1.58626e-05 -3.67104e-04  2.42227e-03
  8.40000e-03  1.66975e-05 -3.01276e-04  2.56232e-03
  8.40000e-03  1.75323e-05 -2.16785e-04  2.71661e-03
  8.40000e-03  1.83672e-05 -1.13707e-04  2.88544e-03
  8.40000e-03  1.92021e-05  7.87963e-06  3.06910e-03
  8.40000e-03  2.00370e-05  1.47898e-04  3.26789e-03
  8.40000e-03  2.08718e-05  3.06271e-04  3.48212e-03

  9.60000e-03  0.00000e+00  2.28265e-03  2.33756e-03
  9.60000e-03  8.34874e-07  1.95682e-03  2.25885e-03
  9.60000e-03  1.66975e-06  1.65095e-03  2.18844e-03
  9.60000e-03  2.50462e-06  1.36498e-03  2.12663e-03
  9.60000e-03  3.33949e-06  1.09882e-03  2.07371e-03
  9.60000e-03  4.17437e-06  8.52398e-04  2.03000e-03
  9.60000e-03  5.00924e-06  6.25636e-04  1.99578e-03
  9.60000e-03  5.84412e-06  4.18456e-04  1.97135e-03
  9.60000e-03  6.67899e-06  2.30780e-04  1.95702e-03
  9.60000e-03  7.51386e-06  6.25320e-05  1.95307e-03
  9.60000e-03  8.34874e-06 -8.63659e-05  1.95981e-03
  9.60000e-03  9.18361e-06 -2.15991e-04  1.97754e-03
  9.60000e-03  1.00185e-05 -3.26421e-04  2.00656e-03
  9.60000e-03  1.08534e-05 -4.17733e-04  2.04716e-03
  9.60000e-03  1.16882e-05 -4.90004e-04  2.09963e-03
  9.60000e-03  1.25231e-05 -5.43313e-04  2.16429e-03
  9.60000e-03  1.33580e-05 -5.77735e-04  2.24143e-03
  9.60000e-03  1.41929e-05 -5.93348e-04  2.33134e-03
  9.60000e-03  1.50277e-05 -5.90231e-04  2.43433e-03
  9.60000e-03  1.58626e-05 -5.68460e-04  2.55069e-03
  9.60000e-03  1.66975e-05 -5.28112e-04  2.68072e-03
  9.60000e-03  1.75323e-05 -4.69266e-04  2.82472e-03
  9.60000e-03  1.83672e-05 -3.91997e-04  2.98299e-03
  9.60000e-03  1.92021e-05 -2.96385e-04  3.15582e-03
  9.60000e-03  2.00370e-05 -1.82505e-04  3.34352e-03
  9.60000e-03  2.08718e-05 -5.04361e-05  3.54638e-03

  1.08000e-02  0.00000e+00  2.52375e-03  2.59776e-03
  1.08000e-02  8.34874e-07  2.17593e-03  2.51445e-03
  1.08000e-02  1.66975e-06  1.84791e-03  2.43918e-03
  1.08000e-02  2.50462e-06  1.53961e-03  2.37223e-03
  1.08000e-02  3.33949e-06  1.25096e-03  2.31391e-03
  1.08000e-02  4.17437e-06  9.81875e-04  2.26452e-03
  1.08000e-02  5.00924e-06  7.32279e-04  2.22434e-03
  1.08000e-02  5.84412e-06  5.02095e-04  2.19369e-03
  1.08000e-02  6.67899e-06  2.91247e-04  2.17286e-03
  1.08000e-02  7.51386e-06  9.96563e-05  2.16214e-03
  1.08000e-02  8.34874e-06 -7.27538e-05  2.16184e-03
  1.08000e-02  9.18361e-06 -2.26061e-04  2.17226e-03
  1.08000e-02  1.00185e-05 -3.60342e-04  2.19368e-03
  1.08000e-02  1.08534e-05 -4.75675e-04  2.22642e-03
  1.08000e-02  1.16882e-05 -5.72138e-04  2.27077e-03
  1.08000e-02  1.25231e-05 -6.49806e-04  2.32702e-03
  1.08000e-02  1.33580e-05 -7.08759e-04  2.39548e-03
  1.08000e-02  1.41929e-05 -7.49072e-04  2.47645e-03
  1.08000e-02  1.50277e-05 -7.70824e-04  2.57021e-03
  1.08000e-02  1.58626e-05 -7.74092e-04  2.67708e-03
  1.08000e-02  1.66975e-05 -7.58954e-04  2.79734e-03
  1.08000e-02  1.75323e-05 -7.25485e-04  2.93130e-03
  1.08000e-02  1.83672e-05 -6.73765e-04  3.07926e-03
  1.08000e-02  1.92021e-05 -6.03871e-04  3.24151e-03
  1.08000e-02  2.00370e-05 -5.15879e-04  3.41835e-03
  1.08000e-02  2.08718e-05 -4.09867e-04  3.61009e-03

  1.20000e-02  0.00000e+00  2.75447e-03  2.85048e-03
  1.20000e-02  8.34874e-07  2.38504e-03  2.76291e-03
  1.20000e-02  1.66975e-06  2.03523e-03  2.68310e-03
  1.20000e-02  2.50462e-06  1.70496e-03  2.61134e-03
  1.20000e-02  3.33949e-06  1.39417e-03  2.54793e-03
  1.20000e-02  4.17437e-06  1.10277e-03  2.49317e-03
  1.20000e-02  5.00924e-06  8.30691e-04  2.44736e-03
  1.20000e-02  5.84412e-06  5.77846e-04  2.41080e-03
  1.20000e-02  6.67899e-06  3.44161e-04  2.38378e-03
  1.20000e-02  7.51386e-06  1.29559e-04  2.36660e-03
  1.20000e-02  8.34874e-06 -6.60366e-05  2.35956e-03
  1.20000e-02  9.18361e-06 -2.42704e-04  2.36296e-03
  1.20000e-02  1.00185e-05 -4.00520e-04  2.37710e-03
  1.20000e-02  1.08534e-05 -5.39562e-04  2.40228e-03
  1.20000e-02  1.16882e-05 -6.59908e-04  2.43879e-03
  1.20000e-02  1.25231e-05 -7.61635e-04  2.48693e-03
  1.20000e-02  1.33580e-05 -8.44821e-04  2.54700e-03
  1.20000e-02  1.41929e-05 -9.09542e-04  2.61930e-03
  1.20000e-02  1.50277e-05 -9.55876e-04  2.70413e-03
  1.20000e-02  1.58626e-05 -9.83900e-04  2.80179e-03
  1.20000e-02  1.66975e-05 -9.93692e-04  2.91256e-03
  1.20000e-02  1.75323e-05 -9.85330e-04  3.03676e-03
  1.20000e-02  1.83672e-05 -9.58890e-04  3.17468e-03
  1.20000e-02  1.92021e-05 -9.14450e-04  3.32662e-03
  1.20000e-02  2.00370e-05 -8.52087e-04  3.49288e-03
  1.20000e-02  2.08718e-05 -7.71879e-04  3.67375e-03

  1.32000e-02  0.00000e+00  2.97486e-03  3.09556e-03
  1.32000e-02  8.34874e-07  2.58420e-03  3.00409e-03
  1.32000e-02  1.66975e-06  2.21298e-03  2.92009e-03
  1.32000e-02  2.50462e-06  1.86113e-03  2.84388e-03
  1.32000e-02  3.33949e-06  1.52857e-03  2.77573e-03
  1.32000e-02  4.17437e-06  1.21522e-03  2.71596e-03
  1.32000e-02  5.00924e-06  9.21010e-04  2.66485e-03
  1.32000e-02  5.84412e-06  6.45858e-04  2.62272e-03
  1.32000e-02  6.67899e-06  3.89687e-04  2.58985e-03
  1.32000e-02  7.51386e-06  1.52420e-04  2.56655e-03
  1.32000e-02  8.34874e-06 -6.60207e-05  2.55311e-03
  1.32000e-02  9.18361e-06 -2.65712e-04  2.54983e-03
  1.32000e-02  1.00185e-05 -4.46732e-04  2.55701e-03
  1.32000e-02  1.08534e-05 -6.09157e-04  2.57495e-03
  1.32000e-02  1.16882e-05 -7.53066e-04  2.60395e-03
  1.32000e-02  1.25231e-05 -8.78535e-04  2.64430e-03
  1.32000e-02  1.33580e-05 -9.85641e-04  2.69630e-03
  1.32000e-02  1.41929e-05 -1.07446e-03  2.76026e-03
  1.32000e-02  1.50277e-05 -1.14508e-03  2.83646e-03
  1.32000e-02  1.58626e-05 -1.19756e-03  2.92521e-03
  1.32000e-02  1.66975e-05 -1.23199e-03  3.02681e-03
  1.32000e-02  1.75323e-05 -1.24845e-03  3.14155e-03
  1.32000e-02  1.83672e-05 -1.24701e-03  3.26974e-03
  1.32000e-02  1.92021e-05 -1.22774e-03  3.41167e-03
  1.32000e-02  2.00370e-05 -1.19074e-03  3.56763e-03
  1.32000e-02  2.08718e-05 -1.13606e-03  3.73794e-03

  1.44000e-02  0.00000e+00  3.18506e-03  3.33285e-03
  1.44000e-02  8.34874e-07  2.77358e-03  3.23786e-03
  1.44000e-02  1.66975e-06  2.38135e-03  3.15007e-03
  1.44000e-02  2.50462e-06  2.00831e-03  3.06978e-03
  1.44000e-02  3.33949e-06  1.65437e-03  2.99728e-03
  1.44000e-02  4.17437e-06  1.31946e-03  2.93287e-03
  1.44000e-02  5.00924e-06  1.00351e-03  2.87685e-03
  1.44000e-02  5.84412e-06  7.06426e-04  2.82952e-03
  1.44000e-02  6.67899e-06  4.28142e-04  2.79117e-03
  1.44000e-02  7.51386e-06  1.68577e-04  2.76211e-03
  1.44000e-02  8.34874e-06 -7.23461e-05  2.74264e-03
  1.44000e-02  9.18361e-06 -2.94704e-04  2.73304e-03
  1.44000e-02  1.00185e-05 -4.98575e-04  2.73363e-03
  1.44000e-02  1.08534e-05 -6.84035e-04  2.74469e-03
  1.44000e-02  1.16882e-05 -8.51163e-04  2.76653e-03
  1.44000e-02  1.25231e-05 -1.00004e-03  2.79944e-03
  1.44000e-02  1.33580e-05 -1.13073e-03  2.84372e-03
  1.44000e-02  1.41929e-05 -1.24332e-03  2.89968e-03
  1.44000e-02  1.50277e-05 -1.33789e-03  2.96761e-03
  1.44000e-02  1.58626e-05 -1.41452e-03  3.04780e-03
  1.44000e-02  1.66975e-05 -1.47328e-03  3.14056e-03
  1.44000e-02  1.75323e-05 -1.51424e-03  3.24619e-03
  1.44000e-02  1.83672e-05 -1.53749e-03  3.36497e-03
  1.44000e-02  1.92021e-05 -1.54311e-03  3.49722e-03
  1.44000e-02  2.00370e-05 -1.53116e-03  3.64323e-03
  1.44000e-02  2.08718e-05 -1.50174e-03  3.80329e-03

  1.56000e-02  0.00000e+00  3.38533e-03  3.56216e-03
  1.56000e-02  8.34874e-07  2.95346e-03  3.46409e-03
  1.56000e-02  1.66975e-06  2.54065e-03  3.37293e-03
  1.56000e-02  2.50462e-06  2.14684e-03  3.28898e-03
  1.56000e-02  3.33949e-06  1.77195e-03  3.21254e-03
  1.56000e-02  4.17437e-06  1.41590e-03  3.14391e-03
  1.56000e-02  5.00924e-06  1.07861e-03  3.08339e-03
  1.56000e-02  5.84412e-06  7.60007e-04  3.03127e-03
  1.56000e-02  6.67899e-06  4.60010e-04  2.98785e-03
  1.56000e-02  7.51386e-06  1.78544e-04  2.95344e-03
  1.56000e-02  8.34874e-06 -8.44694e-05  2.92833e-03
  1.56000e-02  9.18361e-06 -3.29107e-04  2.91282e-03
  1.56000e-02  1.00185e-05 -5.55446e-04  2.90720e-03
  1.56000e-02  1.08534e-05 -7.63565e-04  2.91178e-03
  1.56000e-02  1.16882e-05 -9.53539e-04  2.92685e-03
  1.56000e-02  1.25231e-05 -1.12545e-03  2.95272e-03
  1.56000e-02  1.33580e-05 -1.27937e-03  2.98967e-03
  1.56000e-02  1.41929e-05 -1.41538e-03  3.03801e-03
  1.56000e-02  1.50277e-05 -1.53355e-03  3.09804e-03
  1.56000e-02  1.58626e-05 -1.63397e-03  3.17005e-03
  1.56000e-02  1.66975e-05 -1.71671e-03  3.25435e-03
  1.56000e-02  1.75323e-05 -1.78184e-03  3.35123e-03
  1.56000e-02  1.83672e-05 -1.82945e-03  3.46098e-03
  1.56000e-02  1.92021e-05 -1.85962e-03  3.58392e-03
  1.56000e-02  2.00370e-05 -1.87241e-03  3.72033e-03
  1.56000e-02  2.08718e-05 -1.86791e-03  3.87052e-03

  1.68000e-02  0.00000e+00  3.57605e-03  3.78334e-03
  1.68000e-02  8.34874e-07  3.12426e-03  3.68264e-03
  1.68000e-02  1.66975e-06  2.69134e-03  3.58857e-03
  1.68000e-02  2.50462e-06  2.27723e-03  3.50142e-03
  1.68000e-02  3.33949e-06  1.88184e-03  3.42150e-03
  1.68000e-02  4.17437e-06  1.50510e-03  3.34910e-03
  1.68000e-02  5.00924e-06  1.14692e-03  3.28453e-03
  1.68000e-02  5.84412e-06  8.07239e-04  3.22807e-03
  1.68000e-02  6.67899e-06  4.85969e-04  3.18003e-03
  1.68000e-02  7.51386e-06  1.83034e-04  3.14071e-03
  1.68000e-02  8.34874e-06 -1.01641e-04  3.11040e-03
  1.68000e-02  9.18361e-06 -3.68134e-04  3.08941e-03
  1.68000e-02  1.00185e-05 -6.16524e-04  3.07803e-03
  1.68000e-02  1.08534e-05 -8.46886e-04  3.07656e-03
  1.68000e-02  1.16882e-05 -1.05930e-03  3.08529e-03
  1.68000e-02  1.25231e-05 -1.25384e-03  3.10453e-03
  1.68000e-02  1.33580e-05 -1.43059e-03  3.13458e-03
  1.68000e-02  1.41929e-05 -1.58961e-03  3.17573e-03
  1.68000e-02  1.50277e-05 -1.73100e-03  3.22827e-03
  1.68000e-02  1.58626e-05 -1.85483e-03  3.29252e-03
  1.68000e-02  1.66975e-05 -1.96117e-03  3.36877e-03
  1.68000e-02  1.75323e-05 -2.05010e-03  3.45731e-03
  1.68000e-02  1.83672e-05 -2.12170e-03  3.55845e-03
  1.68000e-02  1.92021e-05 -2.17605e-03  3.67248e-03
  1.68000e-02  2.00370e-05 -2.21322e-03  3.79970e-03
  1.68000e-02  2.08718e-05 -2.23330e-03  3.94041e-03

  1.80000e-02  0.00000e+00  3.75776e-03  3.99622e-03
  1.80000e-02  8.34874e-07  3.28657e-03  3.89339e-03
  1.80000e-02  1.66975e-06  2.83406e-03  3.79691e-03
  1.80000e-02  2.50462e-06  2.40015e-03  3.70707e-03
  1.80000e-02  3.33949e-06  1.98476e-03  3.62416e-03
  1.80000e-02  4.17437e-06  1.58782e-03  3.54849e-03
  1.80000e-02  5.00924e-06  1.20925e-03  3.48035e-03
  1.80000e-02  5.84412e-06  8.48975e-04  3.42005e-03
  1.80000e-02  6.67899e-06  5.06913e-04  3.36787e-03
  1.80000e-02  7.51386e-06  1.82988e-04  3.32412e-03
  1.80000e-02  8.34874e-06 -1.22877e-04  3.28910e-03
  1.80000e-02  9.18361e-06 -4.10759e-04  3.26311e-03
  1.80000e-02  1.00185e-05 -6.80735e-04  3.24644e-03
  1.80000e-02  1.08534e-05 -9.32884e-04  3.23938e-03
  1.80000e-02  1.16882e-05 -1.16728e-03  3.24225e-03
  1.80000e-02  1.25231e-05 -1.38401e-03  3.25534e-03
  1.80000e-02  1.33580e-05 -1.58314e-03  3.27894e-03
  1.80000e-02  1.41929e-05 -1.76475e-03  3.31336e-03
  1.80000e-02  1.50277e-05 -1.92891e-03  3.35889e-03
  1.80000e-02  1.58626e-05 -2.07572e-03  3.41583e-03
  1.80000e-02  1.66975e-05 -2.20524e-03  3.48448e-03
  1.80000e-02  1.75323e-05 -2.31755e-03  3.56514e-03
  1.80000e-02  1.83672e-05 -2.41273e-03  3.65811e-03
  1.80000e-02  1.92021e-05 -2.49085e-03  3.76368e-03
  1.80000e-02  2.00370e-05 -2.55200e-03  3.88215e-03
  1.80000e-02  2.08718e-05 -2.59625e-03  4.01383e-03

  1.92000e-02  0.00000e+00  3.93119e-03  4.20063e-03
  1.92000e-02  8.34874e-07  3.44117e-03  4.09623e-03
  1.92000e-02  1.66975e-06  2.96962e-03  3.99789e-03
  1.92000e-02  2.50462e-06  2.51647e-03  3.90589e-03
  1.92000e-02  3.33949e-06  2.08165e-03  3.82054e-03
  1.92000e-02  4.17437e-06  1.66506e-03  3.74213e-03
  1.92000e-02  5.00924e-06  1.26664e-03  3.67097e-03
  1.92000e-02  5.84412e-06  8.86309e-04  3.60735e-03
  1.92000e-02  6.67899e-06  5.23989e-04  3.55157e-03
  1.92000e-02  7.51386e-06  1.79603e-04  3.50392e-03
  1.92000e-02  8.34874e-06 -1.46927e-04  3.46471e-03
  1.92000e-02  9.18361e-06 -4.55678e-04  3.43424e-03
  1.92000e-02  1.00185e-05 -7.46728e-04  3.41280e-03
  1.92000e-02  1.08534e-05 -1.02015e-03  3.40068e-03
  1.92000e-02  1.16882e-05 -1.27603e-03  3.39820e-03
  1.92000e-02  1.25231e-05 -1.51444e-03  3.40565e-03
  1.92000e-02  1.33580e-05 -1.73546e-03  3.42332e-03
  1.92000e-02  1.41929e-05 -1.93916e-03  3.45151e-03
  1.92000e-02  1.50277e-05 -2.12562e-03  3.49053e-03
  1.92000e-02  1.58626e-05 -2.29493e-03  3.54067e-03
  1.92000e-02  1.66975e-05 -2.44715e-03  3.60222e-03
  1.92000e-02  1.75323e-05 -2.58237e-03  3.67550e-03
  1.92000e-02  1.83672e-05 -2.70066e-03  3.76078e-03
  1.92000e-02  1.92021e-05 -2.80210e-03  3.85839e-03
  1.92000e-02  2.00370e-05 -2.88676e-03  3.96860e-03
  1.92000e-02  2.08718e-05 -2.95473e-03  4.09173e-03

  2.04000e-02  0.00000e+00  4.09732e-03  4.39642e-03
  2.04000e-02  8.34874e-07  3.58909e-03  4.29105e-03
  2.04000e-02  1.66975e-06  3.09913e-03  4.19144e-03
  2.04000e-02  2.50462e-06  2.62736e-03  4.09788e-03
  2.04000e-02  3.33949e-06  2.17370e-03  4.01068e-03
  2.04000e-02  4.17437e-06  1.73808e-03  3.93012e-03
  2.04000e-02  5.00924e-06  1.32041e-03  3.85652e-03
  2.04000e-02  5.84412e-06  9.20621e-04  3.79016e-03
  2.04000e-02  6.67899e-06  5.38636e-04  3.73135e-03
  2.04000e-02  7.51386e-06  1.74376e-04  3.68038e-03
  2.04000e-02  8.34874e-06 -1.72236e-04  3.63756e-03
  2.04000e-02  9.18361e-06 -5.01278e-04  3.60318e-03
  2.04000e-02  1.00185e-05 -8.12828e-04  3.57753e-03
  2.04000e-02  1.08534e-05 -1.10696e-03  3.56093e-03
  2.04000e-02  1.16882e-05 -1.38376e-03  3.55365e-03
  2.04000e-02  1.25231e-05 -1.64329e-03  3.55602e-03
  2.04000e-02  1.33580e-05 -1.88564e-03  3.56831e-03
  2.04000e-02  1.41929e-05 -2.11089e-03  3.59084e-03
  2.04000e-02  1.50277e-05 -2.31910e-03  3.62390e-03
  2.04000e-02  1.58626e-05 -2.51037e-03  3.66778e-03
  2.04000e-02  1.66975e-05 -2.68476e-03  3.72279e-03
  2.04000e-02  1.75323e-05 -2.84235e-03  3.78922e-03
  2.04000e-02  1.83672e-05 -2.98323e-03  3.86737e-03
  2.04000e-02  1.92021e-05 -3.10746e-03  3.95754e-03
  2.04000e-02  2.00370e-05 -3.21513e-03  4.06004e-03
  2.04000e-02  2.08718e-05 -3.30631e-03  4.17515e-03

  2.16000e-02  0.00000e+00  4.25738e-03  4.58347e-03
  2.16000e-02  8.34874e-07  3.73164e-03  4.47777e-03
  2.16000e-02  1.66975e-06  3.22395e-03  4.37754e-03
  2.16000e-02  2.50462e-06  2.73424e-03  4.28306e-03
  2.16000e-02  3.33949e-06  2.26243e-03  4.19464e-03
  2.16000e-02  4.17437e-06  1.80844e-03  4.11257e-03
  2.16000e-02  5.00924e-06  1.37220e-03  4.03716e-03
  2.16000e-02  5.84412e-06  9.53616e-04  3.96870e-03
  2.16000e-02  6.67899e-06  5.52625e-04  3.90749e-03
  2.16000e-02  7.51386e-06  1.69146e-04  3.85383e-03
  2.16000e-02  8.34874e-06 -1.96900e-04  3.80802e-03
  2.16000e-02  9.18361e-06 -5.45588e-04  3.77035e-03
  2.16000e-02  1.00185e-05 -8.76997e-04  3.74112e-03
  2.16000e-02  1.08534e-05 -1.19120e-03  3.72063e-03
  2.16000e-02  1.16882e-05 -1.48829e-03  3.70919e-03
  2.16000e-02  1.25231e-05 -1.76832e-03  3.70708e-03
  2.16000e-02  1.33580e-05 -2.03139e-03  3.71461e-03
  2.16000e-02  1.41929e-05 -2.27756e-03  3.73207e-03
  2.16000e-02  1.50277e-05 -2.50692e-03  3.75977e-03
  2.16000e-02  1.58626e-05 -2.71954e-03  3.79800e-03
  2.16000e-02  1.66975e-05 -2.91550e-03  3.84705e-03
  2.16000e-02  1.75323e-05 -3.09487e-03  3.90724e-03
  2.16000e-02  1.83672e-05 -3.25774e-03  3.97885e-03
  2.16000e-02  1.92021e-05 -3.40418e-03  4.06218e-03
  2.16000e-02  2.00370e-05 -3.53427e-03  4.15754e-03
  2.16000e-02  2.08718e-05 -3.64809e-03  4.26522e-03

  2.28000e-02  0.00000e+00  4.41293e-03  4.76166e-03
  2.28000e-02  8.34874e-07  3.87045e-03  4.65634e-03
  2.28000e-02  1.66975e-06  3.34580e-03  4.55618e-03
  2.28000e-02  2.50462e-06  2.83891e-03  4.46148e-03
  2.28000e-02  3.33949e-06  2.34970e-03  4.37254e-03
  2.28000e-02  4.17437e-06  1.87809e-03  4.28965e-03
  2.28000e-02  5.00924e-06  1.42401e-03  4.21312e-03
  2.28000e-02  5.84412e-06  9.87375e-04  4.14324e-03
  2.28000e-02  6.67899e-06  5.68111e-04  4.08032e-03
  2.28000e-02  7.51386e-06  1.66141e-04  4.02464e-03
  2.28000e-02  8.34874e-06 -2.18614e-04  3.97651e-03
  2.28000e-02  9.18361e-06 -5.86231e-04  3.93623e-03
  2.28000e-02  1.00185e-05 -9.36786e-04  3.90409e-03
  2.28000e-02  1.08534e-05 -1.27036e-03  3.88040e-03
  2.28000e-02  1.16882e-05 -1.58702e-03  3.86544e-03
  2.28000e-02  1.25231e-05 -1.88686e-03  3.85953e-03
  2.28000e-02  1.33580e-05 -2.16995e-03  3.86295e-03
  2.28000e-02  1.41929e-05 -2.43636e-03  3.87601e-03
  2.28000e-02  1.50277e-05 -2.68617e-03  3.89901e-03
  2.28000e-02  1.58626e-05 -2.91946e-03  3.93223e-03
  2.28000e-02  1.66975e-05 -3.13632e-03  3.97599e-03
  2.28000e-02  1.75323e-05 -3.33680e-03  4.03058e-03
  2.28000e-02  1.83672e-05 -3.52101e-03  4.09629e-03
  2.28000e-02  1.92021e-05 -3.68900e-03  4.17343e-03
  2.28000e-02  2.00370e-05 -3.84085e-03  4.26230e-03
  2.28000e-02  2.08718e-05 -3.97666e-03  4.36318e-03

  2.40000e-02  0.00000e+00  4.56592e-03  4.93092e-03
  2.40000e-02  8.34874e-07  4.00754e-03  4.82673e-03
  2.40000e-02  1.66975e-06  3.46678e-03  4.72740e-03
  2.40000e-02  2.50462e-06  2.94354e-03  4.63322e-03
  2.40000e-02  3.33949e-06  2.43777e-03  4.54451e-03
  2.40000e-02  4.17437e-06  1.94937e-03  4.46155e-03
  2.40000e-02  5.00924e-06  1.47828e-03  4.38465e-03
  2.40000e-02  5.84412e-06  1.02441e-03  4.31409e-03
  2.40000e-02  6.67899e-06  5.87686e-04  4.25019e-03
  2.40000e-02  7.51386e-06  1.68034e-04  4.19323e-03
  2.40000e-02  8.34874e-06 -2.34626e-04  4.14353e-03
  2.40000e-02  9.18361e-06 -6.20371e-04  4.10136e-03
  2.40000e-02  1.00185e-05 -9.89278e-04  4.06705e-03
  2.40000e-02  1.08534e-05 -1.34142e-03  4.04087e-03
  2.40000e-02  1.16882e-05 -1.67689e-03  4.02313e-03
  2.40000e-02  1.25231e-05 -1.99575e-03  4.01413e-03
  2.40000e-02  1.33580e-05 -2.29808e-03  4.01417e-03
  2.40000e-02  1.41929e-05 -2.58395e-03  4.02354e-03
  2.40000e-02  1.50277e-05 -2.85346e-03  4.04255e-03
  2.40000e-02  1.58626e-05 -3.10667e-03  4.07148e-03
  2.40000e-02  1.66975e-05 -3.34366e-03  4.11065e-03
  2.40000e-02  1.75323e-05 -3.56451e-03  4.16034e-03
  2.40000e-02  1.83672e-05 -3.76929e-03  4.22087e-03
  2.40000e-02  1.92021e-05 -3.95809e-03  4.29251e-03
  2.40000e-02  2.00370e-05 -4.13098e-03  4.37558e-03
  2.40000e-02  2.08718e-05 -4.28803e-03  4.47037e-03

  2.52000e-02  0.00000e+00  4.71873e-03  5.09117e-03
  2.52000e-02  8.34874e-07  4.14539e-03  4.98893e-03
  2.52000e-02  1.66975e-06  3.58944e-03  4.89125e-03
  2.52000e-02  2.50462e-06  3.05079e-03  4.79842e-03
  2.52000e-02  3.33949e-06  2.52937e-03  4.71074e-03
  2.52000e-02  4.17437e-06  2.02511e-03  4.62852e-03
  2.52000e-02  5.00924e-06  1.53791e-03  4.55204e-03
  2.52000e-02  5.84412e-06  1.06772e-03  4.48162e-03
  2.52000e-02  6.67899e-06  6.14439e-04  4.41754e-03
  2.52000e-02  7.51386e-06  1.78004e-04  4.36010e-03
  2.52000e-02  8.34874e-06 -2.41668e-04  4.30961e-03
  2.52000e-02  9.18361e-06 -6.44652e-04  4.26636e-03
  2.52000e-02  1.00185e-05 -1.03103e-03  4.23065e-03
  2.52000e-02  1.08534e-05 -1.40087e-03  4.20277e-03
  2.52000e-02  1.16882e-05 -1.75426e-03  4.18304e-03
  2.52000e-02  1.25231e-05 -2.09127e-03  4.17173e-03
  2.52000e-02  1.33580e-05 -2.41198e-03  4.16916e-03
  2.52000e-02  1.41929e-05 -2.71646e-03  4.17562e-03
  2.52000e-02  1.50277e-05 -3.00481e-03  4.19141e-03
  2.52000e-02  1.58626e-05 -3.27708e-03  4.21683e-03
  2.52000e-02  1.66975e-05 -3.53336e-03  4.25217e-03
  2.52000e-02  1.75323e-05 -3.77373e-03  4.29774e-03
  2.52000e-02  1.83672e-05 -3.99826e-03  4.35383e-03
  2.52000e-02  1.92021e-05 -4.20704e-03  4.42074e-03
  2.52000e-02  2.00370e-05 -4.40013e-03  4.49877e-03
  2.52000e-02  2.08718e-05 -4.57762e-03  4.58822e-03

  2.64000e-02  0.00000e+00  4.87423e-03  5.24242e-03
  2.64000e-02  8.34874e-07  4.28697e-03  5.14301e-03
  2.64000e-02  1.66975e-06  3.71686e-03  5.04785e-03
  2.64000e-02  2.50462e-06  3.16382e-03  4.95724e-03
  2.64000e-02  3.33949e-06  2.62778e-03  4.87147e-03
  2.64000e-02  4.17437e-06  2.10866e-03  4.79085e-03
  2.64000e-02  5.00924e-06  1.60637e-03  4.71568e-03
  2.64000e-02  5.84412e-06  1.12086e-03  4.64624e-03
  2.64000e-02  6.67899e-06  6.52022e-04  4.58285e-03
  2.64000e-02  7.51386e-06  1.99797e-04  4.52579e-03
  2.64000e-02  8.34874e-06 -2.35896e-04  4.47537e-03
  2.64000e-02  9.18361e-06 -6.55136e-04  4.43188e-03
  2.64000e-02  1.00185e-05 -1.05800e-03  4.39563e-03
  2.64000e-02  1.08534e-05 -1.44456e-03  4.36691e-03
  2.64000e-02  1.16882e-05 -1.81490e-03  4.34602e-03
  2.64000e-02  1.25231e-05 -2.16910e-03  4.33326e-03
  2.64000e-02  1.33580e-05 -2.50723e-03  4.32892e-03
  2.64000e-02  1.41929e-05 -2.82937e-03  4.33331e-03
  2.64000e-02  1.50277e-05 -3.13560e-03  4.34672e-03
  2.64000e-02  1.58626e-05 -3.42599e-03  4.36945e-03
  2.64000e-02  1.66975e-05 -3.70062e-03  4.40180e-03
  2.64000e-02  1.75323e-05 -3.95958e-03  4.44407e-03
  2.64000e-02  1.83672e-05 -4.20293e-03  4.49656e-03
  2.64000e-02  1.92021e-05 -4.43076e-03  4.55955e-03
  2.64000e-02  2.00370e-05 -4.64313e-03  4.63337e-03
  2.64000e-02  2.08718e-05 -4.84014e-03  4.71829e-03

  2.76000e-02  0.00000e+00  5.03589e-03  5.38468e-03
  2.76000e-02  8.34874e-07  4.43584e-03  5.28904e-03
  2.76000e-02  1.66975e-06  3.85271e-03  5.19735e-03
  2.76000e-02  2.50462e-06  3.28640e-03  5.10990e-03
  2.76000e-02  3.33949e-06  2.73686e-03  5.02699e-03
  2.76000e-02  4.17437e-06  2.20400e-03  4.94891e-03
  2.76000e-02  5.00924e-06  1.68774e-03  4.87596e-03
  2.76000e-02  5.84412e-06  1.18800e-03  4.80845e-03
  2.76000e-02  6.67899e-06  7.04716e-04  4.74667e-03
  2.76000e-02  7.51386e-06  2.37800e-04  4.69092e-03
  2.76000e-02  8.34874e-06 -2.12822e-04  4.64149e-03
  2.76000e-02  9.18361e-06 -6.47227e-04  4.59870e-03
  2.76000e-02  1.00185e-05 -1.06549e-03  4.56282e-03
  2.76000e-02  1.08534e-05 -1.46770e-03  4.53417e-03
  2.76000e-02  1.16882e-05 -1.85392e-03  4.51304e-03
  2.76000e-02  1.25231e-05 -2.22424e-03  4.49972e-03
  2.76000e-02  1.33580e-05 -2.57872e-03  4.49453e-03
  2.76000e-02  1.41929e-05 -2.91746e-03  4.49775e-03
  2.76000e-02  1.50277e-05 -3.24051e-03  4.50968e-03
  2.76000e-02  1.58626e-05 -3.54798e-03  4.53063e-03
  2.76000e-02  1.66975e-05 -3.83992e-03  4.56088e-03
  2.76000e-02  1.75323e-05 -4.11642e-03  4.60075e-03
  2.76000e-02  1.83672e-05 -4.37755e-03  4.65052e-03
  2.76000e-02  1.92021e-05 -4.62340e-03  4.71050e-03
  2.76000e-02  2.00370e-05 -4.85404e-03  4.78098e-03
  2.76000e-02  2.08718e-05 -5.06954e-03  4.86226e-03

  2.88000e-02  0.00000e+00  5.20780e-03  5.51802e-03
  2.88000e-02  8.34874e-07  4.59621e-03  5.42718e-03
  2.88000e-02  1.66975e-06  4.00129e-03  5.33997e-03
  2.88000e-02  2.50462e-06  3.42297e-03  5.25669e-03
  2.88000e-02  3.33949e-06  2.86116e-03  5.17763e-03
  2.88000e-02  4.17437e-06  2.31578e-03  5.10310e-03
  2.88000e-02  5.00924e-06  1.78677e-03  5.03339e-03
  2.88000e-02  5.84412e-06  1.27404e-03  4.96880e-03
  2.88000e-02  6.67899e-06  7.77513e-04  4.90964e-03
  2.88000e-02  7.51386e-06  2.97116e-04  4.85618e-03
  2.88000e-02  8.34874e-06 -1.67230e-04  4.80875e-03
  2.88000e-02  9.18361e-06 -6.15603e-04  4.76763e-03
  2.88000e-02  1.00185e-05 -1.04808e-03  4.73312e-03
  2.88000e-02  1.08534e-05 -1.46474e-03  4.70552e-03
  2.88000e-02  1.16882e-05 -1.86565e-03  4.68513e-03
  2.88000e-02  1.25231e-05 -2.25091e-03  4.67224e-03
  2.88000e-02  1.33580e-05 -2.62057e-03  4.66717e-03
  2.88000e-02  1.41929e-05 -2.97473e-03  4.67019e-03
  2.88000e-02  1.50277e-05 -3.31346e-03  4.68162e-03
  2.88000e-02  1.58626e-05 -3.63683e-03  4.70175e-03
  2.88000e-02  1.66975e-05 -3.94492e-03  4.73088e-03
  2.88000e-02  1.75323e-05 -4.23781e-03  4.76930e-03
  2.88000e-02  1.83672e-05 -4.51559e-03  4.81732e-03
  2.88000e-02  1.92021e-05 -4.77831e-03  4.87523e-03
  2.88000e-02  2.00370e-05 -5.02607e-03  4.94334e-03
  2.88000e-02  2.08718e-05 -5.25894e-03  5.02193e-03

  3.00000e-02  0.00000e+00  5.39479e-03  5.64258e-03
  3.00000e-02  8.34874e-07  4.77303e-03  5.55762e-03
  3.00000e-02  1.66975e-06  4.16769e-03  5.47598e-03
  3.00000e-02  2.50462e-06  3.57870e-03  5.39795e-03
  3.00000e-02  3.33949e-06  3.00597e-03  5.32383e-03
  3.00000e-02  4.17437e-06  2.44944e-03  5.25393e-03
  3.00000e-02  5.00924e-06  1.90901e-03  5.18853e-03
  3.00000e-02  5.84412e-06  1.38462e-03  5.12794e-03
  3.00000e-02  6.67899e-06  8.76191e-04  5.07245e-03
  3.00000e-02  7.51386e-06  3.83640e-04  5.02236e-03
  3.00000e-02  8.34874e-06 -9.31070e-05  4.97798e-03
  3.00000e-02  9.18361e-06 -5.54129e-04  4.93960e-03
  3.00000e-02  1.00185e-05 -9.99502e-04  4.90751e-03
  3.00000e-02  1.08534e-05 -1.42930e-03  4.88202e-03
  3.00000e-02  1.16882e-05 -1.84361e-03  4.86343e-03
  3.00000e-02  1.25231e-05 -2.24250e-03  4.85202e-03
  3.00000e-02  1.33580e-05 -2.62606e-03  4.84811e-03
  3.00000e-02  1.41929e-05 -2.99435e-03  4.85199e-03
  3.00000e-02  1.50277e-05 -3.34746e-03  4.86396e-03
  3.00000e-02  1.58626e-05 -3.68546e-03  4.88431e-03
  3.00000e-02  1.66975e-05 -4.00843e-03  4.91335e-03
  3.00000e-02  1.75323e-05 -4.31645e-03  4.95137e-03
  3.00000e-02  1.83672e-05 -4.60959e-03  4.99867e-03
  3.00000e-02  1.92021e-05 -4.88794e-03  5.05555e-03
  3.00000e-02  2.00370e-05 -5.15157e-03  5.12230e-03
  3.00000e-02  2.08718e-05 -5.40055e-03  5.19923e-03

