  0.00000e+00  0.00000e+00  0.00000e+00  0.00000e+00
  0.00000e+00  7.01588e-07 -3.05954e-05 -2.30437e-04
  0.00000e+00  1.40318e-06 -5.89380e-05 -4.60779e-04
  0.00000e+00  2.10477e-06 -8.49088e-05 -6.91010e-04
  0.00000e+00  2.80635e-06 -1.08389e-04 -9.21116e-04
  0.00000e+00  3.50794e-06 -1.29259e-04 -1.15108e-03
  0.00000e+00  4.20953e-06 -1.47401e-04 -1.38090e-03
  0.00000e+00  4.91112e-06 -1.62696e-04 -1.61054e-03
  0.00000e+00  5.61271e-06 -1.75024e-04 -1.84000e-03
  0.00000e+00  6.31430e-06 -1.84267e-04 -2.06927e-03
  0.00000e+00  7.01588e-06 -1.90306e-04 -2.29832e-03
  0.00000e+00  7.71747e-06 -1.93021e-04 -2.52715e-03
  0.00000e+00  8.41906e-06 -1.92295e-04 -2.75573e-03
  0.00000e+00  9.12065e-06 -1.88007e-04 -2.98406e-03
  0.00000e+00  9.82224e-06 -1.80040e-04 -3.21212e-03
  0.00000e+00  1.05238e-05 -1.68273e-04 -3.43990e-03
  0.00000e+00  1.12254e-05 -1.52589e-04 -3.66737e-03
  0.00000e+00  1.19270e-05 -1.32869e-04 -3.89454e-03
  0.00000e+00  1.26286e-05 -1.08992e-04 -4.12137e-03
  0.00000e+00  1.33302e-05 -8.08417e-05 -4.34787e-03
  0.00000e+00  1.40318e-05 -4.82975e-05 -4.57400e-03
  0.00000e+00  1.47334e-05 -1.12409e-05 -4.79977e-03
  0.00000e+00  1.54349e-05  3.04470e-05 -5.02515e-03
  0.00000e+00  1.61365e-05  7.68851e-05 -5.25013e-03
  0.00000e+00  1.68381e-05  1.28192e-04 -5.47469e-03
  0.00000e+00  1.75397e-05  1.84488e-04 -5.69883e-03

  8.34874e-07  0.00000e+00 -1.35878e-04 -3.26074e-05
  8.34874e-07  7.01588e-07 -1.57730e-04 -2.60267e-04
  8.34874e-07  1.40318e-06 -1.77047e-04 -4.87689e-04
  8.34874e-07  2.10477e-06 -1.93711e-04 -7.14860e-04
  8.34874e-07  2.80635e-06 -2.07603e-04 -9.41764e-04
  8.34874e-07  3.50794e-06 -2.18603e-04 -1.16839e-03
  8.34874e-07  4.20953e-06 -2.26593e-04 -1.39471e-03
  8.34874e-07  4.91112e-06 -2.31454e-04 -1.62073e-03
  8.34874e-07  5.61271e-06 -2.33066e-04 -1.84643e-03
  8.34874e-07  6.31430e-06 -2.31312e-04 -2.07178e-03
  8.34874e-07  7.01588e-06 -2.26072e-04 -2.29678e-03
  8.34874e-07  7.71747e-06 -2.17227e-04 -2.52142e-03
  8.34874e-07  8.41906e-06 -2.04658e-04 -2.74567e-03
  8.34874e-07  9.12065e-06 -1.88247e-04 -2.96952e-03
  8.34874e-07  9.82224e-06 -1.67874e-04 -3.19296e-03
  8.34874e-07  1.05238e-05 -1.43420e-04 -3.41598e-03
  8.34874e-07  1.12254e-05 -1.14768e-04 -3.63856e-03
  8.34874e-07  1.19270e-05 -8.17962e-05 -3.86068e-03
  8.34874e-07  1.26286e-05 -4.43876e-05 -4.08233e-03
  8.34874e-07  1.33302e-05 -2.42286e-06 -4.30350e-03
  8.34874e-07  1.40318e-05  4.42171e-05 -4.52417e-03
  8.34874e-07  1.47334e-05  9.56510e-05 -4.74433e-03
  8.34874e-07  1.54349e-05  1.51998e-04 -4.96396e-03
  8.34874e-07  1.61365e-05  2.13377e-04 -5.18305e-03
  8.34874e-07  1.68381e-05  2.79906e-04 -5.40158e-03
  8.34874e-07  1.75397e-05  3.51706e-04 -5.61954e-03

  1.66975e-06  0.00000e+00 -2.50606e-04 -5.48285e-05
  1.66975e-06  7.01588e-07 -2.63463e-04 -2.79375e-04
  1.66975e-06  1.40318e-06 -2.73505e-04 -5.03543e-04
  1.66975e-06  2.10477e-06 -2.80611e-04 -7.27318e-04
  1.66975e-06  2.80635e-06 -2.84663e-04 -9.50684e-04
  1.66975e-06  3.50794e-06 -2.85542e-04 -1.17363e-03
  1.66975e-06  4.20953e-06 -2.83129e-04 -1.39614e-03
  1.66975e-06  4.91112e-06 -2.77306e-04 -1.61819e-03
  1.66975e-06  5.61271e-06 -2.67952e-04 -1.83978e-03
  1.66975e-06  6.31430e-06 -2.54950e-04 -2.06089e-03
  1.66975e-06  7.01588e-06 -2.38181e-04 -2.28151e-03
  1.66975e-06  7.71747e-06 -2.17525e-04 -2.50161e-03
  1.66975e-06  8.41906e-06 -1.92863e-04 -2.72119e-03
  1.66975e-06  9.12065e-06 -1.64077e-04 -2.94024e-03
  1.66975e-06  9.82224e-06 -1.31048e-04 -3.15873e-03
  1.66975e-06  1.05238e-05 -9.36565e-05 -3.37665e-03
  1.66975e-06  1.12254e-05 -5.17839e-05 -3.59399e-03
  1.66975e-06  1.19270e-05 -5.31136e-06 -3.81074e-03
  1.66975e-06  1.26286e-05  4.58802e-05 -4.02687e-03
  1.66975e-06  1.33302e-05  1.01910e-04 -4.24238e-03
  1.66975e-06  1.40318e-05  1.62896e-04 -4.45725e-03
  1.66975e-06  1.47334e-05  2.28958e-04 -4.67146e-03
  1.66975e-06  1.54349e-05  3.00214e-04 -4.88501e-03
  1.66975e-06  1.61365e-05  3.76785e-04 -5.09787e-03
  1.66975e-06  1.68381e-05  4.58787e-04 -5.31003e-03
  1.66975e-06  1.75397e-05  5.46342e-04 -5.52149e-03

  2.50462e-06  0.00000e+00 -3.44260e-04 -6.63651e-05
  2.50462e-06  7.01588e-07 -3.47872e-04 -2.87464e-04
  2.50462e-06  1.40318e-06 -3.48387e-04 -5.08042e-04
  2.50462e-06  2.10477e-06 -3.45685e-04 -7.28086e-04
  2.50462e-06  2.80635e-06 -3.39647e-04 -9.47580e-04
  2.50462e-06  3.50794e-06 -3.30154e-04 -1.16651e-03
  2.50462e-06  4.20953e-06 -3.17088e-04 -1.38486e-03
  2.50462e-06  4.91112e-06 -3.00329e-04 -1.60262e-03
  2.50462e-06  5.61271e-06 -2.79759e-04 -1.81977e-03
  2.50462e-06  6.31430e-06 -2.55259e-04 -2.03630e-03
  2.50462e-06  7.01588e-06 -2.26709e-04 -2.25219e-03
  2.50462e-06  7.71747e-06 -1.93991e-04 -2.46744e-03
  2.50462e-06  8.41906e-06 -1.56986e-04 -2.68201e-03
  2.50462e-06  9.12065e-06 -1.15575e-04 -2.89591e-03
  2.50462e-06  9.82224e-06 -6.96388e-05 -3.10911e-03
  2.50462e-06  1.05238e-05 -1.90589e-05 -3.32161e-03
  2.50462e-06  1.12254e-05  3.62839e-05 -3.53338e-03
  2.50462e-06  1.19270e-05  9.65084e-05 -3.74441e-03
  2.50462e-06  1.26286e-05  1.61734e-04 -3.95469e-03
  2.50462e-06  1.33302e-05  2.32078e-04 -4.16420e-03
  2.50462e-06  1.40318e-05  3.07662e-04 -4.37293e-03
  2.50462e-06  1.47334e-05  3.88602e-04 -4.58087e-03
  2.50462e-06  1.54349e-05  4.75019e-04 -4.78800e-03
  2.50462e-06  1.61365e-05  5.67032e-04 -4.99430e-03
  2.50462e-06  1.68381e-05  6.64758e-04 -5.19976e-03
  2.50462e-06  1.75397e-05  7.68318e-04 -5.40437e-03

  3.33949e-06  0.00000e+00 -4.16917e-04 -6.69189e-05
  3.33949e-06  7.01588e-07 -4.11034e-04 -2.84234e-04
  3.33949e-06  1.40318e-06 -4.01771e-04 -5.00888e-04
  3.33949e-06  2.10477e-06 -3.89010e-04 -7.16865e-04
  3.33949e-06  2.80635e-06 -3.72632e-04 -9.32151e-04
  3.33949e-06  3.50794e-06 -3.52517e-04 -1.14673e-03
  3.33949e-06  4.20953e-06 -3.28547e-04 -1.36059e-03
  3.33949e-06  4.91112e-06 -3.00602e-04 -1.57372e-03
  3.33949e-06  5.61271e-06 -2.68565e-04 -1.78610e-03
  3.33949e-06  6.31430e-06 -2.32315e-04 -1.99771e-03
  3.33949e-06  7.01588e-06 -1.91734e-04 -2.20855e-03
  3.33949e-06  7.71747e-06 -1.46704e-04 -2.41859e-03
  3.33949e-06  8.41906e-06 -9.71048e-05 -2.62783e-03
  3.33949e-06  9.12065e-06 -4.28179e-05 -2.83624e-03
  3.33949e-06  9.82224e-06  1.62758e-05 -3.04382e-03
  3.33949e-06  1.05238e-05  8.02950e-05 -3.25055e-03
  3.33949e-06  1.12254e-05  1.49359e-04 -3.45642e-03
  3.33949e-06  1.19270e-05  2.23586e-04 -3.66140e-03
  3.33949e-06  1.26286e-05  3.03095e-04 -3.86549e-03
  3.33949e-06  1.33302e-05  3.88006e-04 -4.06867e-03
  3.33949e-06  1.40318e-05  4.78437e-04 -4.27093e-03
  3.33949e-06  1.47334e-05  5.74507e-04 -4.47226e-03
  3.33949e-06  1.54349e-05  6.76335e-04 -4.67263e-03
  3.33949e-06  1.61365e-05  7.84040e-04 -4.87203e-03
  3.33949e-06  1.68381e-05  8.97741e-04 -5.07046e-03
  3.33949e-06  1.75397e-05  1.01756e-03 -5.26788e-03

  4.17437e-06  0.00000e+00 -4.68656e-04 -5.61916e-05
  4.17437e-06  7.01588e-07 -4.53026e-04 -2.69389e-04
  4.17437e-06  1.40318e-06 -4.33736e-04 -4.81782e-04
  4.17437e-06  2.10477e-06 -4.10665e-04 -6.93358e-04
  4.17437e-06  2.80635e-06 -3.83695e-04 -9.04101e-04
  4.17437e-06  3.50794e-06 -3.52707e-04 -1.11400e-03
  4.17437e-06  4.20953e-06 -3.17582e-04 -1.32303e-03
  4.17437e-06  4.91112e-06 -2.78201e-04 -1.53119e-03
  4.17437e-06  5.61271e-06 -2.34446e-04 -1.73846e-03
  4.17437e-06  6.31430e-06 -1.86196e-04 -1.94482e-03
  4.17437e-06  7.01588e-06 -1.33334e-04 -2.15027e-03
  4.17437e-06  7.71747e-06 -7.57409e-05 -2.35478e-03
  4.17437e-06  8.41906e-06 -1.32968e-05 -2.55834e-03
  4.17437e-06  9.12065e-06  5.41167e-05 -2.76094e-03
  4.17437e-06  9.82224e-06  1.26619e-04 -2.96256e-03
  4.17437e-06  1.05238e-05  2.04328e-04 -3.16319e-03
  4.17437e-06  1.12254e-05  2.87363e-04 -3.36281e-03
  4.17437e-06  1.19270e-05  3.75843e-04 -3.56141e-03
  4.17437e-06  1.26286e-05  4.69888e-04 -3.75898e-03
  4.17437e-06  1.33302e-05  5.69615e-04 -3.95550e-03
  4.17437e-06  1.40318e-05  6.75144e-04 -4.15095e-03
  4.17437e-06  1.47334e-05  7.86594e-04 -4.34532e-03
  4.17437e-06  1.54349e-05  9.04084e-04 -4.53860e-03
  4.17437e-06  1.61365e-05  1.02773e-03 -4.73078e-03
  4.17437e-06  1.68381e-05  1.15766e-03 -4.92183e-03
  4.17437e-06  1.75397e-05  1.29398e-03 -5.11174e-03

  5.00924e-06  0.00000e+00 -4.99553e-04 -3.38849e-05
  5.00924e-06  7.01588e-07 -4.73927e-04 -2.42628e-04
  5.00924e-06  1.40318e-06 -4.44357e-04 -4.50427e-04
  5.00924e-06  2.10477e-06 -4.10726e-04 -6.57265e-04
  5.00924e-06  2.80635e-06 -3.72914e-04 -8.63130e-04
  5.00924e-06  3.50794e-06 -3.30803e-04 -1.06801e-03
  5.00924e-06  4.20953e-06 -2.84272e-04 -1.27188e-03
  5.00924e-06  4.91112e-06 -2.33204e-04 -1.47474e-03
  5.00924e-06  5.61271e-06 -1.77480e-04 -1.67656e-03
  5.00924e-06  6.31430e-06 -1.16980e-04 -1.87734e-03
  5.00924e-06  7.01588e-06 -5.15862e-05 -2.07705e-03
  5.00924e-06  7.71747e-06  1.88212e-05 -2.27570e-03
  5.00924e-06  8.41906e-06  9.43608e-05 -2.47325e-03
  5.00924e-06  9.12065e-06  1.75151e-04 -2.66969e-03
  5.00924e-06  9.82224e-06  2.61312e-04 -2.86502e-03
  5.00924e-06  1.05238e-05  3.52962e-04 -3.05922e-03
  5.00924e-06  1.12254e-05  4.50219e-04 -3.25226e-03
  5.00924e-06  1.19270e-05  5.53204e-04 -3.44415e-03
  5.00924e-06  1.26286e-05  6.62034e-04 -3.63486e-03
  5.00924e-06  1.33302e-05  7.76828e-04 -3.82437e-03
  5.00924e-06  1.40318e-05  8.97707e-04 -4.01268e-03
  5.00924e-06  1.47334e-05  1.02479e-03 -4.19977e-03
  5.00924e-06  1.54349e-05  1.15819e-03 -4.38563e-03
  5.00924e-06  1.61365e-05  1.29803e-03 -4.57023e-03
  5.00924e-06  1.68381e-05  1.44443e-03 -4.75357e-03
  5.00924e-06  1.75397e-05  1.59751e-03 -4.93564e-03

  5.84412e-06  0.00000e+00 -5.09686e-04  2.99513e-07
  5.84412e-06  7.01588e-07 -4.73812e-04 -2.03655e-04
  5.84412e-06  1.40318e-06 -4.33713e-04 -4.06523e-04
  5.84412e-06  2.10477e-06 -3.89271e-04 -6.08290e-04
  5.84412e-06  2.80635e-06 -3.40367e-04 -8.08941e-04
  5.84412e-06  3.50794e-06 -2.86881e-04 -1.00846e-03
  5.84412e-06  4.20953e-06 -2.28694e-04 -1.20684e-03
  5.84412e-06  4.91112e-06 -1.65689e-04 -1.40406e-03
  5.84412e-06  5.61271e-06 -9.77450e-05 -1.60010e-03
  5.84412e-06  6.31430e-06 -2.47441e-05 -1.79496e-03
  5.84412e-06  7.01588e-06  5.34328e-05 -1.98861e-03
  5.84412e-06  7.71747e-06  1.36905e-04 -2.18105e-03
  5.84412e-06  8.41906e-06  2.25790e-04 -2.37226e-03
  5.84412e-06  9.12065e-06  3.20209e-04 -2.56222e-03
  5.84412e-06  9.82224e-06  4.20279e-04 -2.75092e-03
  5.84412e-06  1.05238e-05  5.26120e-04 -2.93834e-03
  5.84412e-06  1.12254e-05  6.37851e-04 -3.12448e-03
  5.84412e-06  1.19270e-05  7.55590e-04 -3.30931e-03
  5.84412e-06  1.26286e-05  8.79456e-04 -3.49282e-03
  5.84412e-06  1.33302e-05  1.00957e-03 -3.67500e-03
  5.84412e-06  1.40318e-05  1.14605e-03 -3.85583e-03
  5.84412e-06  1.47334e-05  1.28901e-03 -4.03530e-03
  5.84412e-06  1.54349e-05  1.43857e-03 -4.21340e-03
  5.84412e-06  1.61365e-05  1.59486e-03 -4.39010e-03
  5.84412e-06  1.68381e-05  1.75799e-03 -4.56540e-03
  5.84412e-06  1.75397e-05  1.92808e-03 -4.73928e-03

  6.67899e-06  0.00000e+00 -4.99132e-04  4.66598e-05
  6.67899e-06  7.01588e-07 -4.52760e-04 -1.52171e-04
  6.67899e-06  1.40318e-06 -4.01881e-04 -3.49773e-04
  6.67899e-06  2.10477e-06 -3.46378e-04 -5.46133e-04
  6.67899e-06  2.80635e-06 -2.86130e-04 -7.41236e-04
  6.67899e-06  3.50794e-06 -2.21019e-04 -9.35067e-04
  6.67899e-06  4.20953e-06 -1.50926e-04 -1.12761e-03
  6.67899e-06  4.91112e-06 -7.57317e-05 -1.31886e-03
  6.67899e-06  5.61271e-06  4.68221e-06 -1.50879e-03
  6.67899e-06  6.31430e-06  9.04349e-05 -1.69739e-03
  6.67899e-06  7.01588e-06  1.81645e-04 -1.88464e-03
  6.67899e-06  7.71747e-06  2.78432e-04 -2.07054e-03
  6.67899e-06  8.41906e-06  3.80915e-04 -2.25507e-03
  6.67899e-06  9.12065e-06  4.89212e-04 -2.43821e-03
  6.67899e-06  9.82224e-06  6.03442e-04 -2.61994e-03
  6.67899e-06  1.05238e-05  7.23725e-04 -2.80026e-03
  6.67899e-06  1.12254e-05  8.50179e-04 -2.97915e-03
  6.67899e-06  1.19270e-05  9.82923e-04 -3.15659e-03
  6.67899e-06  1.26286e-05  1.12208e-03 -3.33257e-03
  6.67899e-06  1.33302e-05  1.26776e-03 -3.50708e-03
  6.67899e-06  1.40318e-05  1.42009e-03 -3.68010e-03
  6.67899e-06  1.47334e-05  1.57918e-03 -3.85162e-03
  6.67899e-06  1.54349e-05  1.74516e-03 -4.02162e-03
  6.67899e-06  1.61365e-05  1.91814e-03 -4.19008e-03
  6.67899e-06  1.68381e-05  2.09825e-03 -4.35700e-03
  6.67899e-06  1.75397e-05  2.28559e-03 -4.52236e-03

  7.51386e-06  0.00000e+00 -4.67969e-04  1.05494e-04
  7.51386e-06  7.01588e-07 -4.10848e-04 -8.78767e-05
  7.51386e-06  1.40318e-06 -3.48939e-04 -2.79878e-04
  7.51386e-06  2.10477e-06 -2.82123e-04 -4.70496e-04
  7.51386e-06  2.80635e-06 -2.10281e-04 -6.59715e-04
  7.51386e-06  3.50794e-06 -1.33294e-04 -8.47521e-04
  7.51386e-06  4.20953e-06 -5.10435e-05 -1.03390e-03
  7.51386e-06  4.91112e-06  3.65895e-05 -1.21884e-03
  7.51386e-06  5.61271e-06  1.29724e-04 -1.40232e-03
  7.51386e-06  6.31430e-06  2.28479e-04 -1.58433e-03
  7.51386e-06  7.01588e-06  3.32974e-04 -1.76485e-03
  7.51386e-06  7.71747e-06  4.43327e-04 -1.94387e-03
  7.51386e-06  8.41906e-06  5.59657e-04 -2.12138e-03
  7.51386e-06  9.12065e-06  6.82083e-04 -2.29736e-03
  7.51386e-06  9.82224e-06  8.10724e-04 -2.47180e-03
  7.51386e-06  1.05238e-05  9.45700e-04 -2.64468e-03
  7.51386e-06  1.12254e-05  1.08713e-03 -2.81598e-03
  7.51386e-06  1.19270e-05  1.23513e-03 -2.98570e-03
  7.51386e-06  1.26286e-05  1.38982e-03 -3.15382e-03
  7.51386e-06  1.33302e-05  1.55132e-03 -3.32032e-03
  7.51386e-06  1.40318e-05  1.71975e-03 -3.48519e-03
  7.51386e-06  1.47334e-05  1.89523e-03 -3.64842e-03
  7.51386e-06  1.54349e-05  2.07787e-03 -3.80999e-03
  7.51386e-06  1.61365e-05  2.26780e-03 -3.96988e-03
  7.51386e-06  1.68381e-05  2.46513e-03 -4.12809e-03
  7.51386e-06  1.75397e-05  2.66999e-03 -4.28459e-03

  8.34874e-06  0.00000e+00 -4.16274e-04  1.77102e-04
  8.34874e-06  7.01588e-07 -3.48153e-04 -1.04751e-05
  8.34874e-06  1.40318e-06 -2.74963e-04 -1.96541e-04
  8.34874e-06  2.10477e-06 -1.96584e-04 -3.81081e-04
  8.34874e-06  2.80635e-06 -1.12897e-04 -5.64081e-04
  8.34874e-06  3.50794e-06 -2.37839e-05 -7.45526e-04
  8.34874e-06  4.20953e-06  7.08746e-05 -9.25403e-04
  8.34874e-06  4.91112e-06  1.71197e-04 -1.10370e-03
  8.34874e-06  5.61271e-06  2.77303e-04 -1.28039e-03
  8.34874e-06  6.31430e-06  3.89312e-04 -1.45547e-03
  8.34874e-06  7.01588e-06  5.07341e-04 -1.62893e-03
  8.34874e-06  7.71747e-06  6.31510e-04 -1.80074e-03
  8.34874e-06  8.41906e-06  7.61939e-04 -1.97090e-03
  8.34874e-06  9.12065e-06  8.98745e-04 -2.13939e-03
  8.34874e-06  9.82224e-06  1.04205e-03 -2.30619e-03
  8.34874e-06  1.05238e-05  1.19197e-03 -2.47129e-03
  8.34874e-06  1.12254e-05  1.34862e-03 -2.63468e-03
  8.34874e-06  1.19270e-05  1.51213e-03 -2.79634e-03
  8.34874e-06  1.26286e-05  1.68261e-03 -2.95626e-03
  8.34874e-06  1.33302e-05  1.86018e-03 -3.11442e-03
  8.34874e-06  1.40318e-05  2.04496e-03 -3.27081e-03
  8.34874e-06  1.47334e-05  2.23707e-03 -3.42541e-03
  8.34874e-06  1.54349e-05  2.43663e-03 -3.57821e-03
  8.34874e-06  1.61365e-05  2.64375e-03 -3.72920e-03
  8.34874e-06  1.68381e-05  2.85856e-03 -3.87835e-03
  8.34874e-06  1.75397e-05  3.08118e-03 -4.02567e-03

  9.18361e-06  0.00000e+00 -3.44124e-04  2.61779e-04
  9.18361e-06  7.01588e-07 -2.64753e-04  8.03325e-05
  9.18361e-06  1.40318e-06 -1.80031e-04 -9.94619e-05
  9.18361e-06  2.10477e-06 -8.98378e-05 -2.77589e-04
  9.18361e-06  2.80635e-06  5.94414e-06 -4.54035e-04
  9.18361e-06  3.50794e-06  1.07434e-04 -6.28785e-04
  9.18361e-06  4.20953e-06  2.14751e-04 -8.01824e-04
  9.18361e-06  4.91112e-06  3.28015e-04 -9.73138e-04
  9.18361e-06  5.61271e-06  4.47343e-04 -1.14271e-03
  9.18361e-06  6.31430e-06  5.72855e-04 -1.31053e-03
  9.18361e-06  7.01588e-06  7.04670e-04 -1.47659e-03
  9.18361e-06  7.71747e-06  8.42906e-04 -1.64086e-03
  9.18361e-06  8.41906e-06  9.87683e-04 -1.80333e-03
  9.18361e-06  9.12065e-06  1.13912e-03 -1.96399e-03
  9.18361e-06  9.82224e-06  1.29733e-03 -2.12282e-03
  9.18361e-06  1.05238e-05  1.46245e-03 -2.27981e-03
  9.18361e-06  1.12254e-05  1.63458e-03 -2.43495e-03
  9.18361e-06  1.19270e-05  1.81384e-03 -2.58822e-03
  9.18361e-06  1.26286e-05  2.00036e-03 -2.73960e-03
  9.18361e-06  1.33302e-05  2.19425e-03 -2.88908e-03
  9.18361e-06  1.40318e-05  2.39563e-03 -3.03665e-03
  9.18361e-06  1.47334e-05  2.60463e-03 -3.18229e-03
  9.18361e-06  1.54349e-05  2.82135e-03 -3.32599e-03
  9.18361e-06  1.61365e-05  3.04592e-03 -3.46773e-03
  9.18361e-06  1.68381e-05  3.27846e-03 -3.60751e-03
  9.18361e-06  1.75397e-05  3.51909e-03 -3.74529e-03

  1.00185e-05  0.00000e+00 -2.51597e-04  3.59827e-04
  1.00185e-05  7.01588e-07 -1.60725e-04  1.84844e-04
  1.00185e-05  1.40318e-06 -6.42198e-05  1.16564e-05
  1.00185e-05  2.10477e-06  3.80373e-05 -1.59723e-04
  1.00185e-05  2.80635e-06  1.46165e-04 -3.29279e-04
  1.00185e-05  3.50794e-06  2.60283e-04 -4.96998e-04
  1.00185e-05  4.20953e-06  3.80510e-04 -6.62865e-04
  1.00185e-05  4.91112e-06  5.06964e-04 -8.26865e-04
  1.00185e-05  5.61271e-06  6.39765e-04 -9.88985e-04
  1.00185e-05  6.31430e-06  7.79031e-04 -1.14921e-03
  1.00185e-05  7.01588e-06  9.24882e-04 -1.30752e-03
  1.00185e-05  7.71747e-06  1.07744e-03 -1.46391e-03
  1.00185e-05  8.41906e-06  1.23681e-03 -1.61836e-03
  1.00185e-05  9.12065e-06  1.40313e-03 -1.77086e-03
  1.00185e-05  9.82224e-06  1.57651e-03 -1.92139e-03
  1.00185e-05  1.05238e-05  1.75707e-03 -2.06993e-03
  1.00185e-05  1.12254e-05  1.94492e-03 -2.21648e-03
  1.00185e-05  1.19270e-05  2.14019e-03 -2.36102e-03
  1.00185e-05  1.26286e-05  2.34300e-03 -2.50353e-03
  1.00185e-05  1.33302e-05  2.55346e-03 -2.64400e-03
  1.00185e-05  1.40318e-05  2.77170e-03 -2.78242e-03
  1.00185e-05  1.47334e-05  2.99783e-03 -2.91877e-03
  1.00185e-05  1.54349e-05  3.23197e-03 -3.05303e-03
  1.00185e-05  1.61365e-05  3.47424e-03 -3.18519e-03
  1.00185e-05  1.68381e-05  3.72476e-03 -3.31524e-03
  1.00185e-05  1.75397e-05  3.98365e-03 -3.44317e-03

  1.08534e-05  0.00000e+00 -1.38770e-04  4.71541e-04
  1.08534e-05  7.01588e-07 -3.61461e-05  3.03359e-04
  1.08534e-05  1.40318e-06  7.23922e-05  1.37113e-04
  1.08534e-05  2.10477e-06  1.86964e-04 -2.71838e-05
  1.08534e-05  2.80635e-06  3.07689e-04 -1.89516e-04
  1.08534e-05  3.50794e-06  4.34685e-04 -3.49868e-04
  1.08534e-05  4.20953e-06  5.68072e-04 -5.08227e-04
  1.08534e-05  4.91112e-06  7.07968e-04 -6.64579e-04
  1.08534e-05  5.61271e-06  8.54492e-04 -8.18907e-04
  1.08534e-05  6.31430e-06  1.00776e-03 -9.71199e-04
  1.08534e-05  7.01588e-06  1.16790e-03 -1.12144e-03
  1.08534e-05  7.71747e-06  1.33502e-03 -1.26961e-03
  1.08534e-05  8.41906e-06  1.50925e-03 -1.41571e-03
  1.08534e-05  9.12065e-06  1.69070e-03 -1.55970e-03
  1.08534e-05  9.82224e-06  1.87949e-03 -1.70159e-03
  1.08534e-05  1.05238e-05  2.07574e-03 -1.84136e-03
  1.08534e-05  1.12254e-05  2.27958e-03 -1.97898e-03
  1.08534e-05  1.19270e-05  2.49111e-03 -2.11446e-03
  1.08534e-05  1.26286e-05  2.71045e-03 -2.24776e-03
  1.08534e-05  1.33302e-05  2.93774e-03 -2.37889e-03
  1.08534e-05  1.40318e-05  3.17308e-03 -2.50781e-03
  1.08534e-05  1.47334e-05  3.41659e-03 -2.63453e-03
  1.08534e-05  1.54349e-05  3.66840e-03 -2.75902e-03
  1.08534e-05  1.61365e-05  3.92862e-03 -2.88127e-03
  1.08534e-05  1.68381e-05  4.19737e-03 -3.00127e-03
  1.08534e-05  1.75397e-05  4.47477e-03 -3.11900e-03

  1.16882e-05  0.00000e+00 -5.71992e-06  5.97221e-04
  1.16882e-05  7.01588e-07  1.08906e-04  4.36174e-04
  1.16882e-05  1.40318e-06  2.29728e-04  2.77205e-04
  1.16882e-05  2.10477e-06  3.56866e-04  1.20327e-04
  1.16882e-05  2.80635e-06  4.90438e-04 -3.44453e-05
  1.16882e-05  3.50794e-06  6.30563e-04 -1.87097e-04
  1.16882e-05  4.20953e-06  7.77360e-04 -3.37613e-04
  1.16882e-05  4.91112e-06  9.30949e-04 -4.85980e-04
  1.16882e-05  5.61271e-06  1.09145e-03 -6.32182e-04
  1.16882e-05  6.31430e-06  1.25897e-03 -7.76207e-04
  1.16882e-05  7.01588e-06  1.43365e-03 -9.18038e-04
  1.16882e-05  7.71747e-06  1.61559e-03 -1.05766e-03
  1.16882e-05  8.41906e-06  1.80492e-03 -1.19506e-03
  1.16882e-05  9.12065e-06  2.00175e-03 -1.33023e-03
  1.16882e-05  9.82224e-06  2.20621e-03 -1.46314e-03
  1.16882e-05  1.05238e-05  2.41841e-03 -1.59379e-03
  1.16882e-05  1.12254e-05  2.63846e-03 -1.72216e-03
  1.16882e-05  1.19270e-05  2.86650e-03 -1.84823e-03
  1.16882e-05  1.26286e-05  3.10264e-03 -1.97200e-03
  1.16882e-05  1.33302e-05  3.34700e-03 -2.09344e-03
  1.16882e-05  1.40318e-05  3.59969e-03 -2.21254e-03
  1.16882e-05  1.47334e-05  3.86085e-03 -2.32929e-03
  1.16882e-05  1.54349e-05  4.13057e-03 -2.44368e-03
  1.16882e-05  1.61365e-05  4.40899e-03 -2.55568e-03
  1.16882e-05  1.68381e-05  4.69622e-03 -2.66528e-03
  1.16882e-05  1.75397e-05  4.99238e-03 -2.77248e-03

  1.25231e-05  0.00000e+00  1.47475e-04  7.37165e-04
  1.25231e-05  7.01588e-07  2.74354e-04  5.83589e-04
  1.25231e-05  1.40318e-06  4.07711e-04  4.32231e-04
  1.25231e-05  2.10477e-06  5.47665e-04  2.83107e-04
  1.25231e-05  2.80635e-06  6.94335e-04  1.36230e-04
  1.25231e-05  3.50794e-06  8.47839e-04 -8.38505e-06
  1.25231e-05  4.20953e-06  1.00830e-03 -1.50723e-04
  1.25231e-05  4.91112e-06  1.17583e-03 -2.90770e-04
  1.25231e-05  5.61271e-06  1.35055e-03 -4.28512e-04
  1.25231e-05  6.31430e-06  1.53259e-03 -5.63934e-04
  1.25231e-05  7.01588e-06  1.72205e-03 -6.97021e-04
  1.25231e-05  7.71747e-06  1.91906e-03 -8.27758e-04
  1.25231e-05  8.41906e-06  2.12374e-03 -9.56133e-04
  1.25231e-05  9.12065e-06  2.33621e-03 -1.08213e-03
  1.25231e-05  9.82224e-06  2.55658e-03 -1.20573e-03
  1.25231e-05  1.05238e-05  2.78497e-03 -1.32693e-03
  1.25231e-05  1.12254e-05  3.02151e-03 -1.44570e-03
  1.25231e-05  1.19270e-05  3.26631e-03 -1.56204e-03
  1.25231e-05  1.26286e-05  3.51949e-03 -1.67593e-03
  1.25231e-05  1.33302e-05  3.78117e-03 -1.78736e-03
  1.25231e-05  1.40318e-05  4.05147e-03 -1.89630e-03
  1.25231e-05  1.47334e-05  4.33051e-03 -2.00275e-03
  1.25231e-05  1.54349e-05  4.61840e-03 -2.10669e-03
  1.25231e-05  1.61365e-05  4.91527e-03 -2.20811e-03
  1.25231e-05  1.68381e-05  5.22123e-03 -2.30699e-03
  1.25231e-05  1.75397e-05  5.53641e-03 -2.40332e-03

  1.33580e-05  0.00000e+00  3.20738e-04  8.91671e-04
  1.33580e-05  7.01588e-07  4.60120e-04  7.45901e-04
  1.33580e-05  1.40318e-06  6.06262e-04  6.02490e-04
  1.33580e-05  2.10477e-06  7.59283e-04  4.61455e-04
  1.33580e-05  2.80635e-06  9.19302e-04  3.22808e-04
  1.33580e-05  3.50794e-06  1.08644e-03  1.86565e-04
  1.33580e-05  4.20953e-06  1.26081e-03  5.27398e-05
  1.33580e-05  4.91112e-06  1.44253e-03 -7.86526e-05
  1.33580e-05  5.61271e-06  1.63173e-03 -2.07598e-04
  1.33580e-05  6.31430e-06  1.82852e-03 -3.34082e-04
  1.33580e-05  7.01588e-06  2.03302e-03 -4.58089e-04
  1.33580e-05  7.71747e-06  2.24536e-03 -5.79606e-04
  1.33580e-05  8.41906e-06  2.46564e-03 -6.98618e-04
  1.33580e-05  9.12065e-06  2.69399e-03 -8.15111e-04
  1.33580e-05  9.82224e-06  2.93052e-03 -9.29069e-04
  1.33580e-05  1.05238e-05  3.17537e-03 -1.04048e-03
  1.33580e-05  1.12254e-05  3.42863e-03 -1.14933e-03
  1.33580e-05  1.19270e-05  3.69044e-03 -1.25559e-03
  1.33580e-05  1.26286e-05  3.96092e-03 -1.35927e-03
  1.33580e-05  1.33302e-05  4.24017e-03 -1.46034e-03
  1.33580e-05  1.40318e-05  4.52832e-03 -1.55879e-03
  1.33580e-05  1.47334e-05  4.82550e-03 -1.65461e-03
  1.33580e-05  1.54349e-05  5.13181e-03 -1.74777e-03
  1.33580e-05  1.61365e-05  5.44738e-03 -1.83827e-03
  1.33580e-05  1.68381e-05  5.77233e-03 -1.92609e-03
  1.33580e-05  1.75397e-05  6.10677e-03 -2.01122e-03

  1.41929e-05  0.00000e+00  5.13991e-04  1.06104e-03
  1.41929e-05  7.01588e-07  6.66128e-04  9.23409e-04
  1.41929e-05  1.40318e-06  8.25306e-04  7.88281e-04
  1.41929e-05  2.10477e-06  9.91644e-04  6.55669e-04
  1.41929e-05  2.80635e-06  1.16526e-03  5.25587e-04
  1.41929e-05  3.50794e-06  1.34628e-03  3.98051e-04
  1.41929e-05  4.20953e-06  1.53481e-03  2.73075e-04
  1.41929e-05  4.91112e-06  1.73098e-03  1.50672e-04
  1.41929e-05  5.61271e-06  1.93491e-03  3.08584e-05
  1.41929e-05  6.31430e-06  2.14670e-03 -8.63523e-05
  1.41929e-05  7.01588e-06  2.36650e-03 -2.00945e-04
  1.41929e-05  7.71747e-06  2.59440e-03 -3.12906e-04
  1.41929e-05  8.41906e-06  2.83053e-03 -4.22221e-04
  1.41929e-05  9.12065e-06  3.07502e-03 -5.28874e-04
  1.41929e-05  9.82224e-06  3.32797e-03 -6.32852e-04
  1.41929e-05  1.05238e-05  3.58951e-03 -7.34140e-04
  1.41929e-05  1.12254e-05  3.85976e-03 -8.32723e-04
  1.41929e-05  1.19270e-05  4.13883e-03 -9.28587e-04
  1.41929e-05  1.26286e-05  4.42684e-03 -1.02172e-03
  1.41929e-05  1.33302e-05  4.72392e-03 -1.11210e-03
  1.41929e-05  1.40318e-05  5.03018e-03 -1.19972e-03
  1.41929e-05  1.47334e-05  5.34575e-03 -1.28456e-03
  1.41929e-05  1.54349e-05  5.67073e-03 -1.36661e-03
  1.41929e-05  1.61365e-05  6.00525e-03 -1.44586e-03
  1.41929e-05  1.68381e-05  6.34943e-03 -1.52228e-03
  1.41929e-05  1.75397e-05  6.70338e-03 -1.59587e-03

  1.50277e-05  0.00000e+00  7.27157e-04  1.24556e-03
  1.50277e-05  7.01588e-07  8.92299e-04  1.11641e-03
  1.50277e-05  1.40318e-06  1.06476e-03  9.89900e-04
  1.50277e-05  2.10477e-06  1.24467e-03  8.66047e-04
  1.50277e-05  2.80635e-06  1.43214e-03  7.44867e-04
  1.50277e-05  3.50794e-06  1.62729e-03  6.26373e-04
  1.50277e-05  4.20953e-06  1.83023e-03  5.10580e-04
  1.50277e-05  4.91112e-06  2.04110e-03  3.97502e-04
  1.50277e-05  5.61271e-06  2.26000e-03  2.87155e-04
  1.50277e-05  6.31430e-06  2.48706e-03  1.79553e-04
  1.50277e-05  7.01588e-06  2.72239e-03  7.47093e-05
  1.50277e-05  7.71747e-06  2.96611e-03 -2.73605e-05
  1.50277e-05  8.41906e-06  3.21835e-03 -1.26642e-04
  1.50277e-05  9.12065e-06  3.47922e-03 -2.23121e-04
  1.50277e-05  9.82224e-06  3.74884e-03 -3.16783e-04
  1.50277e-05  1.05238e-05  4.02733e-03 -4.07614e-04
  1.50277e-05  1.12254e-05  4.31480e-03 -4.95598e-04
  1.50277e-05  1.19270e-05  4.61139e-03 -5.80722e-04
  1.50277e-05  1.26286e-05  4.91720e-03 -6.62970e-04
  1.50277e-05  1.33302e-05  5.23235e-03 -7.42330e-04
  1.50277e-05  1.40318e-05  5.55697e-03 -8.18785e-04
  1.50277e-05  1.47334e-05  5.89117e-03 -8.92321e-04
  1.50277e-05  1.54349e-05  6.23507e-03 -9.62924e-04
  1.50277e-05  1.61365e-05  6.58880e-03 -1.03058e-03
  1.50277e-05  1.68381e-05  6.95246e-03 -1.09527e-03
  1.50277e-05  1.75397e-05  7.32618e-03 -1.15699e-03

  1.58626e-05  0.00000e+00  9.60159e-04  1.44555e-03
  1.58626e-05  7.01588e-07  1.13856e-03  1.32520e-03
  1.58626e-05  1.40318e-06  1.32456e-03  1.20765e-03
  1.58626e-05  2.10477e-06  1.51828e-03  1.09289e-03
  1.58626e-05  2.80635e-06  1.71985e-03  9.80944e-04
  1.58626e-05  3.50794e-06  1.92938e-03  8.71827e-04
  1.58626e-05  4.20953e-06  2.14699e-03  7.65553e-04
  1.58626e-05  4.91112e-06  2.37280e-03  6.62136e-04
  1.58626e-05  5.61271e-06  2.60693e-03  5.61591e-04
  1.58626e-05  6.31430e-06  2.84950e-03  4.63932e-04
  1.58626e-05  7.01588e-06  3.10062e-03  3.69173e-04
  1.58626e-05  7.71747e-06  3.36042e-03  2.77330e-04
  1.58626e-05  8.41906e-06  3.62901e-03  1.88416e-04
  1.58626e-05  9.12065e-06  3.90652e-03  1.02446e-04
  1.58626e-05  9.82224e-06  4.19305e-03  1.94353e-05
  1.58626e-05  1.05238e-05  4.48874e-03 -6.06026e-05
  1.58626e-05  1.12254e-05  4.79370e-03 -1.37653e-04
  1.58626e-05  1.19270e-05  5.10804e-03 -2.11701e-04
  1.58626e-05  1.26286e-05  5.43190e-03 -2.82733e-04
  1.58626e-05  1.33302e-05  5.76538e-03 -3.50733e-04
  1.58626e-05  1.40318e-05  6.10860e-03 -4.15688e-04
  1.58626e-05  1.47334e-05  6.46169e-03 -4.77583e-04
  1.58626e-05  1.54349e-05  6.82477e-03 -5.36403e-04
  1.58626e-05  1.61365e-05  7.19794e-03 -5.92135e-04
  1.58626e-05  1.68381e-05  7.58134e-03 -6.44762e-04
  1.58626e-05  1.75397e-05  7.97508e-03 -6.94272e-04

  1.66975e-05  0.00000e+00  1.21292e-03  1.66128e-03
  1.66975e-05  7.01588e-07  1.40482e-03  1.55009e-03
  1.66975e-05  1.40318e-06  1.60461e-03  1.44182e-03
  1.66975e-05  2.10477e-06  1.81241e-03  1.33649e-03
  1.66975e-05  2.80635e-06  2.02833e-03  1.23412e-03
  1.66975e-05  3.50794e-06  2.25249e-03  1.13471e-03
  1.66975e-05  4.20953e-06  2.48502e-03  1.03829e-03
  1.66975e-05  4.91112e-06  2.72602e-03  9.44871e-04
  1.66975e-05  5.61271e-06  2.97563e-03  8.54463e-04
  1.66975e-05  6.31430e-06  3.23396e-03  7.67083e-04
  1.66975e-05  7.01588e-06  3.50112e-03  6.82744e-04
  1.66975e-05  7.71747e-06  3.77724e-03  6.01463e-04
  1.66975e-05  8.41906e-06  4.06244e-03  5.23252e-04
  1.66975e-05  9.12065e-06  4.35683e-03  4.48127e-04
  1.66975e-05  9.82224e-06  4.66053e-03  3.76102e-04
  1.66975e-05  1.05238e-05  4.97367e-03  3.07192e-04
  1.66975e-05  1.12254e-05  5.29636e-03  2.41411e-04
  1.66975e-05  1.19270e-05  5.62872e-03  1.78773e-04
  1.66975e-05  1.26286e-05  5.97087e-03  1.19294e-04
  1.66975e-05  1.33302e-05  6.32293e-03  6.29871e-05
  1.66975e-05  1.40318e-05  6.68501e-03  9.86742e-06
  1.66975e-05  1.47334e-05  7.05724e-03 -4.00507e-05
  1.66975e-05  1.54349e-05  7.43974e-03 -8.67527e-05
  1.66975e-05  1.61365e-05  7.83262e-03 -1.30224e-04
  1.66975e-05  1.68381e-05  8.23600e-03 -1.70450e-04
  1.66975e-05  1.75397e-05  8.65000e-03 -2.07417e-04

  1.75323e-05  0.00000e+00  1.48536e-03  1.89308e-03
  1.75323e-05  7.01588e-07  1.69102e-03  1.79136e-03
  1.75323e-05  1.40318e-06  1.90485e-03  1.69272e-03
  1.75323e-05  2.10477e-06  2.12697e-03  1.59715e-03
  1.75323e-05  2.80635e-06  2.35749e-03  1.50468e-03
  1.75323e-05  3.50794e-06  2.59653e-03  1.41533e-03
  1.75323e-05  4.20953e-06  2.84423e-03  1.32910e-03
  1.75323e-05  4.91112e-06  3.10068e-03  1.24601e-03
  1.75323e-05  5.61271e-06  3.36602e-03  1.16607e-03
  1.75323e-05  6.31430e-06  3.64035e-03  1.08930e-03
  1.75323e-05  7.01588e-06  3.92381e-03  1.01572e-03
  1.75323e-05  7.71747e-06  4.21650e-03  9.45336e-04
  1.75323e-05  8.41906e-06  4.51855e-03  8.78164e-04
  1.75323e-05  9.12065e-06  4.83008e-03  8.14219e-04
  1.75323e-05  9.82224e-06  5.15121e-03  7.53515e-04
  1.75323e-05  1.05238e-05  5.48204e-03  6.96068e-04
  1.75323e-05  1.12254e-05  5.82272e-03  6.41891e-04
  1.75323e-05  1.19270e-05  6.17334e-03  5.91000e-04
  1.75323e-05  1.26286e-05  6.53403e-03  5.43408e-04
  1.75323e-05  1.33302e-05  6.90492e-03  4.99130e-04
  1.75323e-05  1.40318e-05  7.28611e-03  4.58181e-04
  1.75323e-05  1.47334e-05  7.67773e-03  4.20575e-04
  1.75323e-05  1.54349e-05  8.07990e-03  3.86326e-04
  1.75323e-05  1.61365e-05  8.49273e-03  3.55450e-04
  1.75323e-05  1.68381e-05  8.91635e-03  3.27960e-04
  1.75323e-05  1.75397e-05  9.35087e-03  3.03871e-04

  1.83672e-05  0.00000e+00  1.77741e-03  2.14122e-03
  1.83672e-05  7.01588e-07  1.99707e-03  2.04932e-03
  1.83672e-05  1.40318e-06  2.22519e-03  1.96064e-03
  1.83672e-05  2.10477e-06  2.46188e-03  1.87517e-03
  1.83672e-05  2.80635e-06  2.70725e-03  1.79294e-03
  1.83672e-05  3.50794e-06  2.96143e-03  1.71397e-03
  1.83672e-05  4.20953e-06  3.22454e-03  1.63827e-03
  1.83672e-05  4.91112e-06  3.49669e-03  1.56584e-03
  1.83672e-05  5.61271e-06  3.77801e-03  1.49671e-03
  1.83672e-05  6.31430e-06  4.06861e-03  1.43089e-03
  1.83672e-05  7.01588e-06  4.36860e-03  1.36840e-03
  1.83672e-05  7.71747e-06  4.67812e-03  1.30925e-03
  1.83672e-05  8.41906e-06  4.99728e-03  1.25345e-03
  1.83672e-05  9.12065e-06  5.32620e-03  1.20102e-03
  1.83672e-05  9.82224e-06  5.66499e-03  1.15197e-03
  1.83672e-05  1.05238e-05  6.01378e-03  1.10632e-03
  1.83672e-05  1.12254e-05  6.37268e-03  1.06409e-03
  1.83672e-05  1.19270e-05  6.74182e-03  1.02528e-03
  1.83672e-05  1.26286e-05  7.12131e-03  9.89908e-04
  1.83672e-05  1.33302e-05  7.51128e-03  9.57994e-04
  1.83672e-05  1.40318e-05  7.91183e-03  9.29550e-04
  1.83672e-05  1.47334e-05  8.32309e-03  9.04591e-04
  1.83672e-05  1.54349e-05  8.74518e-03  8.83132e-04
  1.83672e-05  1.61365e-05  9.17822e-03  8.65185e-04
  1.83672e-05  1.68381e-05  9.62232e-03  8.50767e-04
  1.83672e-05  1.75397e-05  1.00776e-02  8.39892e-04

  1.92021e-05  0.00000e+00  2.08898e-03  2.40601e-03
  1.92021e-05  7.01588e-07  2.32290e-03  2.32427e-03
  1.92021e-05  1.40318e-06  2.56556e-03  2.24588e-03
  1.92021e-05  2.10477e-06  2.81707e-03  2.17085e-03
  1.92021e-05  2.80635e-06  3.07755e-03  2.09920e-03
  1.92021e-05  3.50794e-06  3.34711e-03  2.03094e-03
  1.92021e-05  4.20953e-06  3.62589e-03  1.96609e-03
  1.92021e-05  4.91112e-06  3.91399e-03  1.90467e-03
  1.92021e-05  5.61271e-06  4.21153e-03  1.84669e-03
  1.92021e-05  6.31430e-06  4.51864e-03  1.79215e-03
  1.92021e-05  7.01588e-06  4.83543e-03  1.74109e-03
  1.92021e-05  7.71747e-06  5.16203e-03  1.69350e-03
  1.92021e-05  8.41906e-06  5.49854e-03  1.64941e-03
  1.92021e-05  9.12065e-06  5.84510e-03  1.60883e-03
  1.92021e-05  9.82224e-06  6.20181e-03  1.57177e-03
  1.92021e-05  1.05238e-05  6.56880e-03  1.53826e-03
  1.92021e-05  1.12254e-05  6.94619e-03  1.50830e-03
  1.92021e-05  1.19270e-05  7.33409e-03  1.48190e-03
  1.92021e-05  1.26286e-05  7.73263e-03  1.45909e-03
  1.92021e-05  1.33302e-05  8.14192e-03  1.43988e-03
  1.92021e-05  1.40318e-05  8.56209e-03  1.42427e-03
  1.92021e-05  1.47334e-05  8.99324e-03  1.41230e-03
  1.92021e-05  1.54349e-05  9.43550e-03  1.40396e-03
  1.92021e-05  1.61365e-05  9.88900e-03  1.39928e-03
  1.92021e-05  1.68381e-05  1.03538e-02  1.39827e-03
  1.92021e-05  1.75397e-05  1.08301e-02  1.40094e-03

  2.00370e-05  0.00000e+00  2.42000e-03  2.68776e-03
  2.00370e-05  7.01588e-07  2.66843e-03  2.61650e-03
  2.00370e-05  1.40318e-06  2.92588e-03  2.54873e-03
  2.00370e-05  2.10477e-06  3.19246e-03  2.48448e-03
  2.00370e-05  2.80635e-06  3.46829e-03  2.42374e-03
  2.00370e-05  3.50794e-06  3.75350e-03  2.36654e-03
  2.00370e-05  4.20953e-06  4.04819e-03  2.31288e-03
  2.00370e-05  4.91112e-06  4.35249e-03  2.26280e-03
  2.00370e-05  5.61271e-06  4.66651e-03  2.21629e-03
  2.00370e-05  6.31430e-06  4.99038e-03  2.17337e-03
  2.00370e-05  7.01588e-06  5.32422e-03  2.13407e-03
  2.00370e-05  7.71747e-06  5.66814e-03  2.09839e-03
  2.00370e-05  8.41906e-06  6.02226e-03  2.06634e-03
  2.00370e-05  9.12065e-06  6.38671e-03  2.03795e-03
  2.00370e-05  9.82224e-06  6.76159e-03  2.01322e-03
  2.00370e-05  1.05238e-05  7.14703e-03  1.99217e-03
  2.00370e-05  1.12254e-05  7.54316e-03  1.97482e-03
  2.00370e-05  1.19270e-05  7.95008e-03  1.96118e-03
  2.00370e-05  1.26286e-05  8.36791e-03  1.95126e-03
  2.00370e-05  1.33302e-05  8.79678e-03  1.94508e-03
  2.00370e-05  1.40318e-05  9.23681e-03  1.94265e-03
  2.00370e-05  1.47334e-05  9.68810e-03  1.94399e-03
  2.00370e-05  1.54349e-05  1.01508e-02  1.94911e-03
  2.00370e-05  1.61365e-05  1.06250e-02  1.95803e-03
  2.00370e-05  1.68381e-05  1.11108e-02  1.97077e-03
  2.00370e-05  1.75397e-05  1.16084e-02  1.98732e-03

  2.08718e-05  0.00000e+00  2.77039e-03  2.98675e-03
  2.08718e-05  7.01588e-07  3.03358e-03  2.92631e-03
  2.08718e-05  1.40318e-06  3.30607e-03  2.86951e-03
  2.08718e-05  2.10477e-06  3.58798e-03  2.81636e-03
  2.08718e-05  2.80635e-06  3.87941e-03  2.76687e-03
  2.08718e-05  3.50794e-06  4.18050e-03  2.72105e-03
  2.08718e-05  4.20953e-06  4.49136e-03  2.67893e-03
  2.08718e-05  4.91112e-06  4.81211e-03  2.64052e-03
  2.08718e-05  5.61271e-06  5.14287e-03  2.60582e-03
  2.08718e-05  6.31430e-06  5.48375e-03  2.57486e-03
  2.08718e-05  7.01588e-06  5.83488e-03  2.54765e-03
  2.08718e-05  7.71747e-06  6.19638e-03  2.52421e-03
  2.08718e-05  8.41906e-06  6.56836e-03  2.50454e-03
  2.08718e-05  9.12065e-06  6.95094e-03  2.48867e-03
  2.08718e-05  9.82224e-06  7.34425e-03  2.47660e-03
  2.08718e-05  1.05238e-05  7.74840e-03  2.46836e-03
  2.08718e-05  1.12254e-05  8.16350e-03  2.46395e-03
  2.08718e-05  1.19270e-05  8.58969e-03  2.46339e-03
  2.08718e-05  1.26286e-05  9.02707e-03  2.46670e-03
  2.08718e-05  1.33302e-05  9.47577e-03  2.47389e-03
  2.08718e-05  1.40318e-05  9.93591e-03  2.48498e-03
  2.08718e-05  1.47334e-05  1.04076e-02  2.49997e-03
  2.08718e-05  1.54349e-05  1.08910e-02  2.51889e-03
  2.08718e-05  1.61365e-05  1.13861e-02  2.54174e-03
  2.08718e-05  1.68381e-05  1.18932e-02  2.56855e-03
  2.08718e-05  1.75397e-05  1.24123e-02  2.59933e-03

