# Tracking with TRACY# (Floquet space)
#
#  1   512 1.0E+00 1.0E+00 0.0E+00 0.0E+00 2.21085 1.07399
#    N     x^          px^          y^          py^          delta          cdt
#                                                                   [%]           [mm]
#
   0  2.2842854751322248e-04  5.0988399571967837e-19  4.1880436192778458e-03  2.1778519425320298e-17  0.0000000000000000e+00  0.0000000000000000e+00
   1 -2.4191529467103904e-05  5.9046032440581103e-04  3.7711331131556071e-03 -1.9575154540855365e-03  0.0000000000000000e+00 -6.2035654085738105e-03
   2 -4.7248694948471645e-05  9.9807454755107051e-04  2.7634254570362473e-03 -3.4318622358517638e-03  0.0000000000000000e+00 -4.6036232381927764e-02
   3  8.2143185368206722e-05  4.7079878393316402e-04  1.3146788817418528e-03 -4.1691367214327932e-03  0.0000000000000000e+00 -1.0336935734353751e-01
   4 -2.4079173009590153e-04 -5.7433509802919092e-04 -4.0456020964828245e-04 -4.3800228112552218e-03  0.0000000000000000e+00 -1.5480352300909536e-01
   5 -8.2793049440487538e-04 -9.6024655996482732e-04 -1.8756851660731968e-03 -3.9855848223177212e-03  0.0000000000000000e+00 -1.7642133143394406e-01
   6 -8.2238523790599126e-04 -3.2920443504213170e-04 -3.0022419760597613e-03 -2.6505982886096979e-03  0.0000000000000000e+00 -1.6515040605759254e-01
   7 -6.6907957268302090e-05  5.5083038829861059e-04 -3.8774375350518584e-03 -7.2446036574058627e-04  0.0000000000000000e+00 -1.4056219186107499e-01
   8  6.1579940441965867e-04  8.0360787421850316e-04 -4.1203536417077956e-03  1.1239777384933654e-03  0.0000000000000000e+00 -1.3490736106108320e-01
   9  4.7882546881593979e-04  4.6418643745967911e-04 -3.3316692009538553e-03  2.6808514544519493e-03  0.0000000000000000e+00 -1.6493273700392699e-01
  10 -2.3636087909492052e-04  1.5335060541836086e-04 -1.8797394419499272e-03  3.9437915284914471e-03  0.0000000000000000e+00 -2.1879919045465343e-01
  11 -7.7347129474144639e-04  1.0916214422169437e-06 -3.8987590675740330e-04  4.6498579718603199e-03  0.0000000000000000e+00 -2.7726532195443926e-01
  12 -7.1711526830640243e-04 -2.0251357937364813e-04  1.0821775965505070e-03  4.4356584900789361e-03  0.0000000000000000e+00 -3.1597460428840246e-01
  13 -3.0583183972021725e-04 -4.4861748828392437e-04  2.6145584776494646e-03  3.3550349111518244e-03  0.0000000000000000e+00 -3.1837257998930724e-01
  14 -2.9520592324944869e-05 -3.9756800210851611e-04  3.7849461633664093e-03  1.6640805038163973e-03  0.0000000000000000e+00 -2.9303522126565962e-01
  15 -3.8100349589767621e-05  2.1092320909372046e-04  4.1111444401738971e-03 -3.6873258922565794e-04  0.0000000000000000e+00 -2.7296603472117065e-01
  16  2.1477673207184431e-05  9.7320714679806559e-04  3.6598182632709385e-03 -2.2445919743309490e-03  0.0000000000000000e+00 -2.8512712189195721e-01
  17  2.7191557666674611e-04  9.7240408331402100e-04  2.6119246242012552e-03 -3.4814170677204804e-03  0.0000000000000000e+00 -3.2897634788925406e-01
  18  1.3950035148957841e-04  2.3346108095635754e-05  1.0138994201802788e-03 -4.1463630831113582e-03  0.0000000000000000e+00 -3.8790807266858840e-01
  19 -5.8823028119659988e-04 -8.1581531545977073e-04 -6.4822526375154718e-04 -4.4117456737766715e-03  0.0000000000000000e+00 -4.3564875587528740e-01
  20 -1.0801176778020515e-03 -6.9738314331107068e-04 -1.9591168124421534e-03 -3.8915557572416527e-03  0.0000000000000000e+00 -4.5306119873273132e-01
  21 -6.0378571311613799e-04  5.9196427878759537e-05 -3.1202720216201669e-03 -2.3831126018022584e-03  0.0000000000000000e+00 -4.3917192470651195e-01
  22  3.2774162429685265e-04  5.4849341405078004e-04 -4.0426381706672593e-03 -4.7409713289961854e-04  0.0000000000000000e+00 -4.1490435424533073e-01
  23  6.1926481417769522e-04  4.7030619649098817e-04 -4.0768810581148082e-03  1.3560131264315893e-03  0.0000000000000000e+00 -4.1489432639746260e-01
  24  1.0388329634566357e-04  3.7540082272958700e-04 -3.0754190430151286e-03  2.9830337271604026e-03  0.0000000000000000e+00 -4.4834317312353961e-01
  25 -4.5540102234145038e-04  3.9848765674812105e-04 -1.6652179965438076e-03  4.1927308188616560e-03  0.0000000000000000e+00 -5.0418686166111726e-01
  26 -5.6975519165170354e-04  1.3067457612795616e-04 -1.7896659088563897e-04  4.6344149303540576e-03  0.0000000000000000e+00 -5.6074696794939105e-01
  27 -4.3742360349122736e-04 -4.4026995637772785e-04  1.4208334648997348e-03  4.2390411055901840e-03  0.0000000000000000e+00 -5.9349161181529642e-01
  28 -3.4943179640592275e-04 -7.3265686265815556e-04  2.8930687096001655e-03  3.1083798316416562e-03  0.0000000000000000e+00 -5.8924319537439585e-01
  29 -2.7888849887481898e-04 -2.7573769867175453e-04  3.8244911529222879e-03  1.3220779068518734e-03  0.0000000000000000e+00 -5.6206217543546311e-01
  30 -5.8160774068118501e-05  6.3700144299824680e-04  4.0527024766782256e-03 -7.2939720227455963e-04  0.0000000000000000e+00 -5.4695204605313819e-01
  31  3.2932269776470409e-04  1.1287263943225100e-03  3.5918337560928329e-03 -2.4206326706727910e-03  0.0000000000000000e+00 -5.6507864170722977e-01
  32  4.3565010051830087e-04  6.1009172349992707e-04  2.3918016085155785e-03 -3.5247301412811428e-03  0.0000000000000000e+00 -6.1401914270458913e-01
  33 -1.5708683626721793e-04 -3.3479935346961978e-04  7.1878999152787224e-04 -4.2580661211197787e-03  0.0000000000000000e+00 -6.7322516819562428e-01
  34 -9.6219863100833157e-04 -6.9754092469691319e-04 -7.9324382659330954e-04 -4.5020712911842450e-03  0.0000000000000000e+00 -7.1781454244637866e-01
  35 -1.0051251694459561e-03 -3.2789989790847130e-04 -2.0721532953401015e-03 -3.7496108165647173e-03  0.0000000000000000e+00 -7.3161872439583875e-01
  36 -1.8940733359728304e-04  1.5857895554330251e-04 -3.3527609007235316e-03 -2.1295544417779611e-03  0.0000000000000000e+00 -7.1337369338465317e-01
  37  4.9121089304601123e-04  2.6305229243696207e-04 -4.1842120144364526e-03 -2.2658818072862155e-04  0.0000000000000000e+00 -6.9052643912895406e-01
  38  3.2383907094116324e-04  3.1489483302504339e-04 -3.9295263139888957e-03  1.6623412202682805e-03  0.0000000000000000e+00 -6.9437257863744695e-01
  39 -1.7612690322981635e-04  6.1670428989342972e-04 -2.8525238167847453e-03  3.2951037615714797e-03  0.0000000000000000e+00 -7.3139009937111121e-01
  40 -3.2283604007116916e-04  6.0631967689807331e-04 -1.4808684559212391e-03  4.2873336665167757e-03  0.0000000000000000e+00 -7.8852726472172430e-01
  41 -2.7749160227452191e-04 -7.7218182706266869e-05  1.1975174376015275e-04  4.5032847364131889e-03  0.0000000000000000e+00 -8.4208975527018470e-01
  42 -4.4602554706619650e-04 -8.1236047512634488e-04  1.7507773694988469e-03  4.0618525980345675e-03  0.0000000000000000e+00 -8.6866806818331876e-01
  43 -6.1094439356227347e-04 -7.3420489711821383e-04  3.0284842581315345e-03  2.8534246961321266e-03  0.0000000000000000e+00 -8.5862559894855750e-01
  44 -3.6048908772185064e-04  1.3618841674307931e-04  3.8283018581398397e-03  9.5825648754800262e-04  0.0000000000000000e+00 -8.3253570619883788e-01
  45  2.2482609432973480e-04  9.4205123746488690e-04  4.0596175383418144e-03 -1.0113597776686492e-03  0.0000000000000000e+00 -8.2257310362395608e-01
  46  5.9045671358930771e-04  9.1425050045805111e-04  3.4902544852522042e-03 -2.5454035669698065e-03  0.0000000000000000e+00 -8.4751860326973250e-01
  47  2.4360319852345568e-04  2.0530117425096133e-04  2.1060707285603247e-03 -3.6763640124126088e-03  0.0000000000000000e+00 -9.0053271091839082e-01
  48 -5.8564441725365401e-04 -3.5251124797224052e-04  4.8758505586562784e-04 -4.4694732079336771e-03  0.0000000000000000e+00 -9.5891297937203723e-01
  49 -1.0537248097706880e-03 -3.8775703203920985e-04 -9.1904925731101810e-04 -4.5314922731001742e-03  0.0000000000000000e+00 -1.0010524113840424e+00
  50 -6.5236618194060791e-04 -1.7004901740644152e-04 -2.3039155049890169e-03 -3.5452170003530425e-03  0.0000000000000000e+00 -1.0090660773157629e+00
  51  9.8088215242243666e-05 -6.5376454979254446e-05 -3.6309220965022996e-03 -1.8750362392787429e-03  0.0000000000000000e+00 -9.8676351382551308e-01
  52  3.2240086172025817e-04  4.1695601593247006e-05 -4.2078491461458364e-03  7.3623401727222705e-05  0.0000000000000000e+00 -9.6539582637666665e-01
  53  1.1608071958801342e-05  5.1673755215168220e-04 -3.7485137467479605e-03  2.0109164469500345e-03  0.0000000000000000e+00 -9.7322459811852646e-01
  54 -1.2790391709600757e-04  9.2846829121450271e-04 -2.6922434545806730e-03  3.4999428411547550e-03  0.0000000000000000e+00 -1.0143346470898778e+00
  55 -1.1937261329521211e-05  5.0056857968841224e-04 -1.2520061174074221e-03  4.2379468617256338e-03  0.0000000000000000e+00 -1.0718982096238578e+00
  56 -2.2708865715573149e-04 -5.0996336156555082e-04  4.5693432815696112e-04  4.3907844671181775e-03  0.0000000000000000e+00 -1.1225529394103666e+00
  57 -7.3805256301181198e-04 -9.7238078475817707e-04  1.9570097836264259e-03  3.9357652802353236e-03  0.0000000000000000e+00 -1.1426628330048254e+00
  58 -7.8485313268008921e-04 -3.9991301742997885e-04  3.0796424990619381e-03  2.5780968727949030e-03  0.0000000000000000e+00 -1.1295654287695418e+00
  59 -1.2432933410297411e-04  5.3415646087389042e-04  3.8931882013119993e-03  6.3240831204197743e-04  0.0000000000000000e+00 -1.1050519235080254e+00
  60  5.6934507330846842e-04  8.9063408237512220e-04  4.0898929773133790e-03 -1.2178634796435502e-03  0.0000000000000000e+00 -1.1004950634801907e+00
  61  5.3031253132667462e-04  5.3080544185307797e-04  3.2970458012393528e-03 -2.7271777559069853e-03  0.0000000000000000e+00 -1.1319552348399309e+00
  62 -1.6866543788618017e-04  8.7432986330130647e-05  1.8198965971786725e-03 -3.9396951823077045e-03  0.0000000000000000e+00 -1.1866773551186145e+00
  63 -8.0662873269535360e-04 -1.0952657454232938e-04  3.1124781745732293e-04 -4.6447998954588501e-03  0.0000000000000000e+00 -1.2446622720600162e+00
  64 -8.1229912409799387e-04 -2.1096315639133862e-04 -1.1263515372872002e-03 -4.4287063955527842e-03  0.0000000000000000e+00 -1.2823789832121968e+00
  65 -3.2119974273594728e-04 -3.4650373431223907e-04 -2.6345264577245613e-03 -3.3034707490501971e-03  0.0000000000000000e+00 -1.2835808692749029e+00
  66  6.1195840005568724e-05 -3.2848131254485072e-04 -3.8236941561879652e-03 -1.5895439855879866e-03  0.0000000000000000e+00 -1.2580747999268760e+00
  67  3.0585537022004800e-05  1.6382430662837975e-04 -4.1306470974921275e-03  4.3274977970722659e-04  0.0000000000000000e+00 -1.2389331805844126e+00
  68 -2.8478206980564843e-05  9.0104770379506138e-04 -3.6153231761795294e-03  2.3150111290634974e-03  0.0000000000000000e+00 -1.2524588359202689e+00
  69  1.7421902132492325e-04  9.8629068420681676e-04 -2.5425833167215094e-03  3.5627123317053025e-03  0.0000000000000000e+00 -1.2971959774098207e+00
  70  1.2754647627451413e-04  8.7178875005057218e-05 -9.5609382638011536e-04  4.1846914049217679e-03  0.0000000000000000e+00 -1.3559052918917889e+00
  71 -5.1347819163817868e-04 -8.2222041256785068e-04  7.2445155007333755e-04  4.3829840861153756e-03  0.0000000000000000e+00 -1.4027225672411363e+00
  72 -1.0329204540296586e-03 -7.7377990364114818e-04  2.0494417400015066e-03  3.8273350130303288e-03  0.0000000000000000e+00 -1.4180234154037121e+00
  73 -6.4335896668288393e-04  2.2642837214941401e-05  3.1699419527662512e-03  2.2986956246487987e-03  0.0000000000000000e+00 -1.4029066091907674e+00
  74  2.7633369235943310e-04  6.2311079202518509e-04  4.0366357211185384e-03  3.7250883526605957e-04  0.0000000000000000e+00 -1.3791587473442117e+00
  75  6.5511695881772538e-04  5.6873569350698774e-04  4.0566574584872768e-03 -1.4317561170953392e-03  0.0000000000000000e+00 -1.3806888434560325e+00
  76  1.8170658554164153e-04  3.5127381422694355e-04  3.0382582445010889e-03 -3.0081004679692251e-03  0.0000000000000000e+00 -1.4159442273272140e+00
  77 -4.6324709756192768e-04  2.8604934096976742e-04  1.5916180177147788e-03 -4.2056192911040105e-03  0.0000000000000000e+00 -1.4723348636773057e+00
  78 -6.7245023376977448e-04  8.2911817965459491e-05  1.1706634129777977e-04 -4.6643790800291489e-03  0.0000000000000000e+00 -1.5286678388338237e+00
  79 -4.9371568523330742e-04 -3.6607482994247871e-04 -1.4471370386055077e-03 -4.2349736028113195e-03  0.0000000000000000e+00 -1.5603056347334168e+00
  80 -2.7962342535166654e-04 -6.5072470830907295e-04 -2.9362160789817623e-03 -3.0520861163800387e-03  0.0000000000000000e+00 -1.5549690416260746e+00
  81 -1.8387028815724081e-04 -2.9879301324549817e-04 -3.8796935331250550e-03 -1.2548420193629476e-03  0.0000000000000000e+00 -1.5274215951149748e+00
  82 -7.0696379253624045e-05  5.6311406667689911e-04 -4.0518450021847906e-03  8.0031413083570435e-04  0.0000000000000000e+00 -1.5130229457686064e+00
  83  2.3564320310277568e-04  1.1295451904997237e-03 -3.5352121598861801e-03  2.5075965100247585e-03  0.0000000000000000e+00 -1.5324033306574150e+00
  84  4.0391313935809212e-04  6.8273934607877157e-04 -2.3337286143642376e-03  3.5846679025464613e-03  0.0000000000000000e+00 -1.5817003944054608e+00
  85 -9.2144885744124805e-05 -3.2515204738509476e-04 -6.5257598646293582e-04  4.2520131974162628e-03  0.0000000000000000e+00 -1.6407843761410943e+00
  86 -9.0905913963376086e-04 -7.8212752215546684e-04  8.8316517209309530e-04  4.4530929975164892e-03  0.0000000000000000e+00 -1.6838830490204613e+00
  87 -1.0395194511379569e-03 -3.9310666170653381e-04  2.1419229207664228e-03  3.6846455955141504e-03  0.0000000000000000e+00 -1.6957768653433221e+00
  88 -2.4833263565122640e-04  2.1126473506139341e-04  3.3710964639928152e-03  2.0381827003230026e-03  0.0000000000000000e+00 -1.6769514992278274e+00
  89  5.1282965615266727e-04  3.7967051626298806e-04  4.1806884145397559e-03  1.3294709229628358e-04  0.0000000000000000e+00 -1.6549208478463802e+00
  90  4.0839217712497212e-04  3.3741310018726268e-04  3.9177176427050604e-03 -1.7177999604531472e-03  0.0000000000000000e+00 -1.6608821877178670e+00
  91 -1.5408624208725939e-04  5.2210011767093892e-04  2.7978098962562793e-03 -3.3258556407918913e-03  0.0000000000000000e+00 -1.6993258517970933e+00
  92 -4.1468513783657942e-04  5.3102620113497432e-04  1.4053714807198562e-03 -4.3378808322292236e-03  0.0000000000000000e+00 -1.7570857772157473e+00
  93 -3.6785039324771447e-04 -3.6100653335200857e-05 -1.6312735660907904e-04 -4.5443069442646219e-03  0.0000000000000000e+00 -1.8101749068907189e+00
  94 -4.1373020335970544e-04 -7.3049116639742828e-04 -1.7922724107805369e-03 -4.0400393706102183e-03  0.0000000000000000e+00 -1.8355462102195108e+00
  95 -5.0759022046818433e-04 -7.3596463985861984e-04 -3.1016508307366748e-03 -2.7912274037921849e-03  0.0000000000000000e+00 -1.8242130680439286e+00
  96 -3.3168267371707022e-04  6.4106336855727230e-05 -3.8746431363265452e-03 -8.8724791077188551e-04  0.0000000000000000e+00 -1.7975237916808249e+00
  97  1.4774948570964392e-04  9.2377797350892059e-04 -4.0355881278497071e-03  1.1000057612174882e-03  0.0000000000000000e+00 -1.7886027839095617e+00
  98  5.3866486680777292e-04  9.9280919841470685e-04 -3.4392219998016435e-03  2.6253079359339544e-03  0.0000000000000000e+00 -1.8144404061685531e+00
  99  2.9683022360953626e-04  2.4825301915843215e-04 -2.0545945337606488e-03  3.6970771563578737e-03  0.0000000000000000e+00 -1.8680850637939417e+00
 100 -5.2046154917024699e-04 -4.2970222659250004e-04 -4.0914674901423674e-04  4.4395747526948864e-03  0.0000000000000000e+00 -1.9261103861442794e+00
 101 -1.0818060811639899e-03 -4.8461447834405774e-04  9.9872295663157328e-04  4.4929063262251646e-03  0.0000000000000000e+00 -1.9666551240287347e+00
 102 -7.2751452716578212e-04 -1.5496752762987327e-04  2.3400282689899870e-03  3.4863078023031563e-03  0.0000000000000000e+00 -1.9733787321663003e+00
 103  9.7847921934877860e-05  5.0509996893290906e-05  3.6415958376690882e-03  1.7869266785154321e-03  0.0000000000000000e+00 -1.9506730361555582e+00
 104  4.0921173171451746e-04  1.0522017102254716e-04  4.2216143903220441e-03 -1.5043376019528590e-04  0.0000000000000000e+00 -1.9306335425268513e+00
 105  6.4468515319217115e-05  4.5387800237716287e-04  3.7272346553807287e-03 -2.0607978046815740e-03  0.0000000000000000e+00 -1.9402548946690603e+00
 106 -1.9307437232805909e-04  8.4314812194132178e-04  2.6215945281659551e-03 -3.5595339562147200e-03  0.0000000000000000e+00 -1.9826197091565387e+00
 107 -1.1742308589554058e-04  5.1113893498475201e-04  1.1877071185508285e-03 -4.3069097648676382e-03  0.0000000000000000e+00 -2.0405154816976130e+00
 108 -2.3508480728866602e-04 -4.3746625020811401e-04 -5.0348564622797426e-04 -4.4085196687981181e-03  0.0000000000000000e+00 -2.0903611159970175e+00
 109 -6.4859571553334218e-04 -9.6132415978407090e-04 -2.0313385287876870e-03 -3.8898650910381815e-03  0.0000000000000000e+00 -2.1090817744439589e+00
 110 -7.2745291028456383e-04 -4.6558916885932868e-04 -3.1586056657475913e-03 -2.5081706723415224e-03  0.0000000000000000e+00 -2.0942395401861442e+00
 111 -1.7184371948528347e-04  4.9745614248751654e-04 -3.9128339666835606e-03 -5.4489176902317667e-04  0.0000000000000000e+00 -2.0697231947634873e+00
 112  5.0615298618859677e-04  9.6043921451272713e-04 -4.0566029913917754e-03  1.3126609516505977e-03  0.0000000000000000e+00 -2.0662691905415338e+00
 113  5.6402773940530601e-04  6.1019139927359113e-04 -3.2588526870162325e-03  2.7787285244589670e-03  0.0000000000000000e+00 -2.0989267307859238e+00
 114 -9.2771129322885947e-05  4.1126845920662706e-05 -1.7616111863560072e-03  3.9344709281643716e-03  0.0000000000000000e+00 -2.1544693100528196e+00
 115 -8.1665466852615131e-04 -2.2360453119244934e-04 -2.3038813357369848e-04  4.6287524514623622e-03  0.0000000000000000e+00 -2.2118305667822646e+00
 116 -9.0208834095506344e-04 -2.4094008025327799e-04  1.1772335747185954e-03  4.4128623532510734e-03  0.0000000000000000e+00 -2.2484294090066022e+00
 117 -3.5488981485735390e-04 -2.5221799371193202e-04  2.6529837638336012e-03  3.2479308233833385e-03  0.0000000000000000e+00 -2.2484639043984740e+00
 118  1.3905622184269171e-04 -2.3970739617663048e-04  3.8543847432013622e-03  1.5112664646044582e-03  0.0000000000000000e+00 -2.2228625595437501e+00
 119  1.1144917513565923e-04  1.3422016029568918e-04  4.1488988553360457e-03 -4.9708241011402340e-04  0.0000000000000000e+00 -2.2048985962492127e+00
 120 -5.9605935213207497e-05  8.1925694469430670e-04  3.5726979851838656e-03 -2.3793493607402031e-03  0.0000000000000000e+00 -2.2198295344453394e+00
 121  7.1162154393697839e-05  9.7750179230442474e-04  2.4708627545976898e-03 -3.6431529958761634e-03  0.0000000000000000e+00 -2.2655690842718692e+00
 122  9.1915964857405727e-05  1.5112132072772229e-04  8.9922415198848062e-04 -4.2318974701808180e-03  0.0000000000000000e+00 -2.3240500866019431e+00
 123 -4.4618739825930554e-04 -8.0551892094456548e-04 -7.9466849507890626e-04 -4.3615959392461863e-03  0.0000000000000000e+00 -2.3699620719873491e+00
 124 -9.6733341254422861e-04 -8.3840667266327738e-04 -2.1401752682782453e-03 -3.7644243681601397e-03  0.0000000000000000e+00 -2.3832502683703480e+00
 125 -6.6657095841344573e-04 -2.9353360183575163e-05 -3.2259558740873225e-03 -2.2164648657940328e-03  0.0000000000000000e+00 -2.3667859646352212e+00
 126  2.1431847760487385e-04  6.7596719149699022e-04 -4.0315448949447552e-03 -2.7172669059565360e-04  0.0000000000000000e+00 -2.3435904669452055e+00
 127  6.7009500933759081e-04  6.7257689828020947e-04 -4.0313675600055646e-03  1.5111759642461693e-03  0.0000000000000000e+00 -2.3464918909842418e+00
 128  2.6090561140027451e-04  3.4901268563575439e-04 -3.0015717264688948e-03  3.0335697208026050e-03  0.0000000000000000e+00 -2.3834822185489211e+00
 129 -4.4863634153921643e-04  1.7665398508722992e-04 -1.5196775401524151e-03  4.2086295410593390e-03  0.0000000000000000e+00 -2.4403620913032920e+00
 130 -7.6347728955928988e-04  1.5231454845019420e-05 -5.0865834197517712e-05  4.6833322528213022e-03  0.0000000000000000e+00 -2.4963341210764542e+00
 131 -5.6484968478834568e-04 -3.0573651500353442e-04  1.4740977619629781e-03  4.2276122494645275e-03  0.0000000000000000e+00 -2.5268813875858229e+00
 132 -2.2722951250790177e-04 -5.5425479826950964e-04  2.9709119141099194e-03  2.9942854839565230e-03  0.0000000000000000e+00 -2.5204749915850062e+00
 133 -8.3003802527279865e-05 -3.0035444456264437e-04  3.9303378439911217e-03  1.1861555706744720e-03  0.0000000000000000e+00 -2.4928000096127549e+00
 134 -6.3464996868881172e-05  4.8724554243912528e-04  4.0529065922166110e-03 -8.6744395953982972e-04  0.0000000000000000e+00 -2.4792009591668780e+00
 135  1.4414851745340895e-04  1.1078596814112749e-03  3.4775562873901053e-03 -2.5915947790529237e-03  0.0000000000000000e+00 -2.4998995708571421e+00
 136  3.5032097598270854e-04  7.4656688867144789e-04  2.2723729040418010e-03 -3.6516518379675522e-03  0.0000000000000000e+00 -2.5495756751361731e+00
 137 -4.1129096695880082e-05 -2.9604010515849326e-04  5.8869888140259514e-04 -4.2549038157520536e-03  0.0000000000000000e+00 -2.6084372806232938e+00
 138 -8.4212782342893118e-04 -8.4983212801630439e-04 -9.7220699298409467e-04 -4.4048226552889265e-03  0.0000000000000000e+00 -2.6501135600027914e+00
 139 -1.0531174479311174e-03 -4.6714041144858858e-04 -2.2183043363109005e-03 -3.6168375984943382e-03  0.0000000000000000e+00 -2.6599589448354592e+00
 140 -3.0992556814518060e-04  2.4135368985028581e-04 -3.3941996162416524e-03 -1.9458325199429843e-03  0.0000000000000000e+00 -2.6405513796564843e+00
 141  5.1328049339165996e-04  4.9389820100609804e-04 -4.1722368666041237e-03 -3.6406742488843727e-05  0.0000000000000000e+00 -2.6193190004151887e+00
 142  4.8710944970373882e-04  3.8122668983344322e-04 -3.9028103032733887e-03  1.7749946710788581e-03  0.0000000000000000e+00 -2.6273335868663432e+00
 143 -1.1321140901979655e-04  4.3679163079249095e-04 -2.7458696864152846e-03  3.3497841464584918e-03  0.0000000000000000e+00 -2.6672430542614172e+00
 144 -4.9035453103494695e-04  4.3956075653228812e-04 -1.3289815863104081e-03  4.3769794571775905e-03  0.0000000000000000e+00 -2.7255161966212667e+00
 145 -4.6854950435247045e-04 -1.3085610041805099e-05  2.0798029014453448e-04  4.5822116564285913e-03  0.0000000000000000e+00 -2.7781699064596017e+00
 146 -4.0146303063767264e-04 -6.4006105871168865e-04  1.8263054236592397e-03  4.0200126335496779e-03  0.0000000000000000e+00 -2.8023155915517517e+00
 147 -4.0428964520948052e-04 -7.1507033799891276e-04  3.1675864816386951e-03  2.7292761073016208e-03  0.0000000000000000e+00 -2.7898636389629252e+00
 148 -2.8418897958328650e-04 -3.5920870759717506e-06  3.9217614111339656e-03  8.1883512602197006e-04  0.0000000000000000e+00 -2.7626991776640217e+00
 149  7.9054510121141650e-05  8.8572892881817430e-04  4.0126689476109130e-03 -1.1840729154065761e-03  0.0000000000000000e+00 -2.7548048423686109e+00
 150  4.6922114662370691e-04  1.0557085567117817e-03  3.3839211332774223e-03 -2.7085006805584789e-03  0.0000000000000000e+00 -2.7815659089487399e+00
 151  3.3221286319401342e-04  3.0495942787383965e-04  2.0013529703387396e-03 -3.7256338766720352e-03  0.0000000000000000e+00 -2.8356479087814703e+00
 152 -4.4708580659316249e-04 -4.8746713237707241e-04  3.3187363822779543e-04 -4.4104570564127898e-03  0.0000000000000000e+00 -2.8933175303549405e+00
 153 -1.0873531615250460e-03 -5.8461147676114149e-04 -1.0833086577081571e-03 -4.4468272095426874e-03  0.0000000000000000e+00 -2.9321231102421796e+00
 154 -7.9815636201184070e-04 -1.6108185816333308e-04 -2.3834088279739134e-03 -3.4219748548302061e-03  0.0000000000000000e+00 -2.9374587366212404e+00
 155  7.8783856446024703e-05  1.5845250286500716e-04 -3.6497118754681298e-03 -1.6950085714643830e-03  0.0000000000000000e+00 -2.9144136485455348e+00
 156  4.8439242897743332e-04  1.8794529216819165e-04 -4.2288635801292409e-03  2.3061396722148271e-04  0.0000000000000000e+00 -2.8957177672052516e+00
 157  1.3119315594552864e-04  4.0591546829853772e-04 -3.7067679350585689e-03  2.1079350212917475e-03  0.0000000000000000e+00 -2.9072868330342669e+00
 158 -2.3952791587556605e-04  7.4629364199564749e-04 -2.5521592712610345e-03  3.6095678711383088e-03  0.0000000000000000e+00 -2.9508669594873282e+00
 159 -2.2875851367470051e-04  5.0059242954828345e-04 -1.1215124850691245e-03  4.3729730894522196e-03  0.0000000000000000e+00 -3.0091641188564062e+00
 160 -2.6500327118386913e-04 -3.6254768680723826e-04  5.4508385950996084e-04  4.4314697934083255e-03  0.0000000000000000e+00 -3.0581932100811966e+00
 161 -5.6470860077627988e-04 -9.2740928787790242e-04  2.0973895174629283e-03  3.8476251249154633e-03  0.0000000000000000e+00 -3.0756089057325315e+00
 162 -6.5257158849334705e-04 -5.2129267934831233e-04  3.2372705414922850e-03  2.4404811666255913e-03  0.0000000000000000e+00 -3.0591673103983621e+00
 163 -2.0570011018756408e-04  4.4432025534102578e-04  3.9360239203231097e-03  4.6225734171603680e-04  0.0000000000000000e+00 -3.0345742995106595e+00
 164  4.3023963057453346e-04  1.0098491610739484e-03  4.0211336825309099e-03 -1.4072635096505455e-03  0.0000000000000000e+00 -3.0322501263691493e+00
 165  5.7736429820875383e-04  6.9706334832151729e-04  3.2165127311611684e-03 -2.8360735752014886e-03  0.0000000000000000e+00 -3.0658914962676040e+00
 166 -1.4118212108922883e-05  1.5961590024580783e-05  1.7043217357599642e-03 -3.9305145073300638e-03  0.0000000000000000e+00 -3.1221816067822514e+00
 167 -8.0413147960268962e-04 -3.3588529896373535e-04  1.4777961533766492e-04 -4.6035155415235689e-03  0.0000000000000000e+00 -3.1788153664102681e+00
 168 -9.8140522107360915e-04 -2.9075954424735825e-04 -1.2353748841945730e-03 -4.3876067423000700e-03  0.0000000000000000e+00 -3.2141253675285824e+00
 169 -4.0391556910925741e-04 -1.7068862129982523e-04 -2.6721353298673756e-03 -3.1877517549001480e-03  0.0000000000000000e+00 -3.2130255093199835e+00
 170  2.0075770926480433e-04 -1.3529326662917670e-04 -3.8772536131182977e-03 -1.4288805319787031e-03  0.0000000000000000e+00 -3.1873735223396578e+00
 171  2.0036780657955089e-04  1.2492829940759071e-04 -4.1648506647191741e-03  5.6247181528278317e-04  0.0000000000000000e+00 -3.1708183731915245e+00
 172 -7.0448075760606854e-05  7.3257005801586456e-04 -3.5321747288319470e-03  2.4374939128658578e-03  0.0000000000000000e+00 -3.1872192385391300e+00
 173 -3.1711023934850306e-05  9.4597000725269939e-04 -2.3973340843179473e-03  3.7202911724359736e-03  0.0000000000000000e+00 -3.2340407680203143e+00
 174  3.3769325184510668e-05  2.0964774089055413e-04 -8.4299834485592037e-04  4.2862768346302602e-03  0.0000000000000000e+00 -3.2923362407647128e+00
 175 -3.9109799814971688e-04 -7.6752264179211986e-04  8.5793958292255967e-04  4.3479146141419088e-03  0.0000000000000000e+00 -3.3373358618560869e+00
 176 -8.8699357091996407e-04 -8.8712122263120855e-04  2.2292971343045704e-03  3.7037659248882393e-03  0.0000000000000000e+00 -3.3487551656986652e+00
 177 -6.7093581364068336e-04 -9.2495940427855382e-05  3.2874359379424160e-03  2.1371914590743216e-03  0.0000000000000000e+00 -3.3308494354028100e+00
 178  1.4643793438013519e-04  7.0540166307775528e-04  4.0282572164684234e-03  1.7299327965575653e-04  0.0000000000000000e+00 -3.3082165172176263e+00
 179  6.6316703464710603e-04  7.7593580473978008e-04  4.0012425917132491e-03 -1.5942189478314749e-03  0.0000000000000000e+00 -3.3123493869474436e+00
 180  3.3624727127838237e-04  3.6859495559448167e-04  2.9644808238098452e-03 -3.0611397236940570e-03  0.0000000000000000e+00 -3.3509380219137159e+00
 181 -4.1335509522401846e-04  7.5245066237768676e-05  1.4494754603038697e-03 -4.2035822082250882e-03  0.0000000000000000e+00 -3.4082749716506102e+00
 182 -8.3834813145688936e-04 -6.9624890044815596e-05 -1.9795215870914574e-05 -4.6903986326289433e-03  0.0000000000000000e+00 -3.4637135733760838e+00
 183 -6.4668138815567175e-04 -2.6310575176465771e-04 -1.5038749959177507e-03 -4.2153169224709523e-03  0.0000000000000000e+00 -3.4931708634715717e+00
 184 -1.9435924418142444e-04 -4.4811980179595680e-04 -2.9982673218256505e-03 -2.9341187455902591e-03  0.0000000000000000e+00 -3.4857053094884924e+00
 185  1.9114164816576477e-05 -2.7865920047831435e-04 -3.9753237278099878e-03 -1.1151275996985335e-03  0.0000000000000000e+00 -3.4581144594423874e+00
 186 -3.6468213382829259e-05  4.1454862540420161e-04 -4.0555676028659789e-03  9.3156740178502247e-04  0.0000000000000000e+00 -3.4454609096563700e+00
 187  5.9997829792367043e-05  1.0652026858694798e-03 -3.4196691737428063e-03  2.6712916067114377e-03  0.0000000000000000e+00 -3.4675237509700367e+00
 188  2.7719584312810096e-04  7.9666853835812603e-04 -2.2079436716290479e-03  3.7243588820596572e-03  0.0000000000000000e+00 -3.5176624762088546e+00
 189 -8.2514089857874749e-06 -2.5060838592497886e-04 -5.2755316567772441e-04  4.2676629983104649e-03  0.0000000000000000e+00 -3.5762044800561998e+00
 190 -7.6603349803721894e-04 -8.9724799083080477e-04  1.0587148873964724e-03  4.3594855356161857e-03  0.0000000000000000e+00 -3.6165505174615999e+00
 191 -1.0445981348547770e-03 -5.4516052337137634e-04  2.3001331669278945e-03  3.5477622685792004e-03  0.0000000000000000e+00 -3.6242622781347684e+00
 192 -3.6911969640408479e-04  2.4843413408166674e-04  3.4229234018843444e-03  1.8538757301054391e-03  0.0000000000000000e+00 -3.6042285954324429e+00
 193  4.9312068185849479e-04  5.9967238122007513e-04  4.1601060774797026e-03 -6.2336296696598382e-05  0.0000000000000000e+00 -3.5837920602873239e+00
 194  5.5521196986563790e-04  4.4450754478120357e-04  3.8842252629108310e-03 -1.8347723859411422e-03  0.0000000000000000e+00 -3.5937231697056879e+00
 195 -5.6359627185047414e-05  3.6529622754183280e-04  2.6965876785373629e-03 -3.3684164487394848e-03  0.0000000000000000e+00 -3.6351345497925465e+00
 196 -5.4617112968781791e-04  3.3577702834221458e-04  1.2521150679393181e-03 -4.4038130573822946e-03  0.0000000000000000e+00 -3.6937909583242003e+00
 197 -5.7434599373779407e-04 -1.0751568713766871e-05 -2.5574795538404468e-04 -4.6145266180303941e-03  0.0000000000000000e+00 -3.7460132778074109e+00
 198 -4.0993754219951833e-04 -5.4673836917511112e-04 -1.8544757641736499e-03 -4.0003949074258020e-03  0.0000000000000000e+00 -3.7689232441593199e+00
 199 -3.0603768836553330e-04 -6.7131556886500102e-04 -3.2252864762726866e-03 -2.6668055329655970e-03  0.0000000000000000e+00 -3.7554873646473670e+00
 200 -2.1966551238107872e-04 -6.1663415233834630e-05 -3.9685560690301261e-03 -7.5191716005121312e-04  0.0000000000000000e+00 -3.7280348277126252e+00
 201  2.3116837831140461e-05  8.3108370218733664e-04 -3.9912764075579728e-03  1.2632089142088577e-03  0.0000000000000000e+00 -3.7211554296106137e+00
 202  3.8585727467028893e-04  1.0992320921842014e-03 -3.3249099097226267e-03  2.7937744505829587e-03  0.0000000000000000e+00 -3.7489161980037697e+00
 203  3.4659492253484385e-04  3.7070690612906723e-04 -1.9460865612853197e-03  3.7628938430949994e-03  0.0000000000000000e+00 -3.8032757891165589e+00
 204 -3.7098891625649824e-04 -5.2360681397105010e-04 -2.5643484601604362e-04  4.3848515635407492e-03  0.0000000000000000e+00 -3.8605806488526322e+00
 205 -1.0705560535870749e-03 -6.8237972084459018e-04  1.1716382489236090e-03  4.3953915998198199e-03  0.0000000000000000e+00 -3.8975654966338000e+00
 206 -8.5924532459539409e-04 -1.8714284894050281e-04  2.4345200004586044e-03  3.3531371842563055e-03  0.0000000000000000e+00 -3.9013809242965123e+00
 207  4.3257963143208562e-05  2.5295742808372726e-04  3.6571150660114652e-03  1.6000128278065738e-03  0.0000000000000000e+00 -3.8780670580994427e+00
 208  5.4404924795928517e-04  2.8591502120763431e-04  4.2294868679343114e-03 -3.1422323093518913e-04  0.0000000000000000e+00 -3.8606771331233039e+00
 209  2.0775087458016833e-04  3.7614197278467760e-04  3.6865092449308895e-03 -2.1532538588374672e-03  0.0000000000000000e+00 -3.8743105283185084e+00
 210 -2.6514371777671493e-04  6.4269426363841803e-04  2.4845584660558558e-03 -3.6495843726237005e-03  0.0000000000000000e+00 -3.9190655014310254e+00
 211 -3.4001331866999768e-04  4.6827025213268530e-04  1.0532262442480510e-03 -4.4331881753671915e-03  0.0000000000000000e+00 -3.9777828719963821e+00
 212 -3.1570418008064678e-04 -2.9105789381130958e-04 -5.8307623543990550e-04 -4.4575175224304498e-03  0.0000000000000000e+00 -4.0260112320157422e+00
 213 -4.9115791051797058e-04 -8.7233632224585828e-04 -2.1544054667719855e-03 -3.8084672044384426e-03  0.0000000000000000e+00 -4.0421690254064275e+00
 214 -5.6359092133046720e-04 -5.6254692545022473e-04 -3.3137667428754197e-03 -2.3744137053219737e-03  0.0000000000000000e+00 -4.0243203763190651e+00
 215 -2.2303083839936974e-04  3.7922159564989666e-04 -3.9622348126965561e-03 -3.8443212835756696e-04  0.0000000000000000e+00 -3.9996043415473896e+00
 216  3.4642740234591419e-04  1.0370049810408540e-03 -3.9841369007559881e-03  1.5004964855473367e-03  0.0000000000000000e+00 -3.9984450364034947e+00
 217  5.6889311440288355e-04  7.8555610034159416e-04 -3.1696602046280002e-03  2.8994348155091604e-03  0.0000000000000000e+00 -4.0329087484402368e+00
 218  6.1609998875655230e-05  1.2215975673766477e-05 -1.6474819611467877e-03  3.9301332786590131e-03  0.0000000000000000e+00 -4.0898318141682664e+00
 219 -7.7097441924857478e-04 -4.4113994039237997e-04 -6.4023701805505372e-05  4.5714364672990691e-03  0.0000000000000000e+00 -4.1456787733391511e+00
 220 -1.0457573468993528e-03 -3.5752153345697068e-04  1.3008829850555161e-03  4.3530394348481726e-03  0.0000000000000000e+00 -4.1795004949275283e+00
 221 -4.6429535284109552e-04 -1.0596601439048554e-04  2.6940377863579829e-03  3.1226102526720843e-03  0.0000000000000000e+00 -4.1772908247717382e+00
 222  2.4385579107941437e-04 -2.0440995531097220e-05  3.8929576268447786e-03  1.3422312740441031e-03  0.0000000000000000e+00 -4.1516191164987397e+00
 223  2.9267245684875404e-04  1.3764323717257372e-04  4.1774454246336782e-03 -6.2951916052899942e-04  0.0000000000000000e+00 -4.1366568907619818e+00
 224 -6.0718604820534778e-05  6.4596649583534532e-04  3.4938345777809810e-03 -2.4895876899413867e-03  0.0000000000000000e+00 -4.1546186720462579e+00
 225 -1.2886334571620390e-04  8.9284532354887201e-04  2.3226136883508454e-03 -3.7917004306966518e-03  0.0000000000000000e+00 -4.2025545147674306e+00
 226 -4.4314548798506235e-05  2.5760664233204916e-04  7.8691995544734111e-04 -4.3455088051805139e-03  0.0000000000000000e+00 -4.2607417687573195e+00
 227 -3.5217024624227181e-04 -7.1137243779700659e-04 -9.1374642420194733e-04 -4.3416181837950948e-03  0.0000000000000000e+00 -4.3048033679676800e+00
 228 -7.9635465556969758e-04 -9.1656980110382574e-04 -2.3147628444120383e-03 -3.6458590246723774e-03  0.0000000000000000e+00 -4.3145190027062146e+00
 229 -6.5511193373264047e-04 -1.6186836736752606e-04 -3.3531759052141778e-03 -2.0612365061200865e-03  0.0000000000000000e+00 -4.2951277839503170e+00
 230  7.7754635300342757e-05  7.1120315652294238e-04 -4.0273356932875523e-03 -7.7454460891272827e-05  0.0000000000000000e+00 -4.2730399059867166e+00
 231  6.3459783119982759e-04  8.7293288667248921e-04 -3.9666050503306951e-03  1.6805363564020457e-03  0.0000000000000000e+00 -4.2783103227053818e+00
 232  4.0264946441828680e-04  4.0853692247729180e-04 -2.9260427221805586e-03  3.0923604674107682e-03  0.0000000000000000e+00 -4.3183048760941860e+00
 233 -3.6044727849372798e-04 -1.3686087296012096e-05 -1.3809374153653531e-03  4.1926934898428763e-03  0.0000000000000000e+00 -4.3760828343822986e+00
 234 -8.9358766932367390e-04 -1.6790017210354234e-04  9.4828754161594022e-05  4.6854049002370531e-03  0.0000000000000000e+00 -4.4307975108125319e+00
 235 -7.3435472605625515e-04 -2.4076937427914172e-04  1.5383438218602430e-03  4.1966661096624744e-03  0.0000000000000000e+00 -4.4591332813360331e+00
 236 -1.8191926198429884e-04 -3.3783881338269017e-04  3.0198271963933253e-03  2.8707707179007691e-03  0.0000000000000000e+00 -4.4506248086705282e+00
 237  1.1779902333787134e-04 -2.3333456221431102e-04  4.0137325951780569e-03  1.0410281645308419e-03  0.0000000000000000e+00 -4.4232866410514928e+00
 238  9.1243339182728399e-06  3.4994983316894888e-04  4.0593140576570983e-03 -9.9350838966532902e-04  0.0000000000000000e+00 -4.4117739232959883e+00
 239 -1.2197417890346727e-05  1.0041369158882605e-03  3.3622726680029138e-03 -2.7454837712565863e-03  0.0000000000000000e+00 -4.4352297697606122e+00
 240  1.8807741745783285e-04  8.2906751818679974e-04  2.1406892867605570e-03 -3.8009129966305234e-03  0.0000000000000000e+00 -4.4859517112746552e+00
 241  3.3997811432841774e-06 -1.9308307154341977e-04  4.6939738646321959e-04 -4.2904659740624325e-03  0.0000000000000000e+00 -4.5440966257995976e+00
 242 -6.8588578718061064e-04 -9.2207433918285102e-04 -1.1410186863005634e-03 -4.3188052502155586e-03  0.0000000000000000e+00 -4.5832062709312096e+00
 243 -1.0139337292466698e-03 -6.2210983058659682e-04 -2.3859352870783000e-03 -3.4788232868985746e-03  0.0000000000000000e+00 -4.5887662366207831e+00
 244 -4.2104636972155226e-04  2.3350208153498253e-04 -3.4576610772408490e-03 -1.7636369705984112e-03  0.0000000000000000e+00 -4.5680245416130747e+00
 245  4.5416433284119553e-04  6.9159478067700266e-04 -4.1455641584802663e-03  1.6239941136122300e-04  0.0000000000000000e+00 -4.5483984020912782e+00
 246  6.0847656657614542e-04  5.2407797577341461e-04 -3.8615014265903956e-03  1.8979033927780100e-03  0.0000000000000000e+00 -4.5600567993503720e+00
 247  1.2633054623614980e-05  3.1134257122219936e-04 -2.6496143410129893e-03  3.3835676369790985e-03  0.0000000000000000e+00 -4.6029849862008660e+00
 248 -5.7973997168245034e-04  2.2417464840960083e-04 -1.1751613317202963e-03  4.4183786071581542e-03  0.0000000000000000e+00 -4.6618958829289951e+00
 249 -6.7971481332243955e-04 -3.0324540228612261e-05  3.0763959412999288e-04  4.6390971826878969e-03  0.0000000000000000e+00 -4.7136425043208483e+00
 250 -4.3856882847234142e-04 -4.5631060081037224e-04  1.8788080112834263e-03  3.9797368933689233e-03  0.0000000000000000e+00 -4.7353201472697677e+00
 251 -2.1746458316852899e-04 -6.0587067824345977e-04  3.2742297093745205e-03  2.6030450255363435e-03  0.0000000000000000e+00 -4.7209939769771552e+00
 252 -1.4073008991136624e-04 -1.0538325492843770e-04  4.0139150853298377e-03  6.8535303359967728e-04  0.0000000000000000e+00 -4.6934856802006317e+00
 253 -1.6554019718817909e-05  7.6381901539059516e-04  3.9717463547160690e-03 -1.3373560959440759e-03  0.0000000000000000e+00 -4.6876286676117891e+00
 254  2.9316130510702472e-04  1.1209265058906236e-03  3.2628845906480545e-03 -2.8796780343163034e-03  0.0000000000000000e+00 -4.7164881951280471e+00
 255  3.3807417750027826e-04  4.4015772419845494e-04  1.8887131755570554e-03 -3.8091674675013606e-03  0.0000000000000000e+00 -4.7710224996698845e+00
 256 -2.9780193734179613e-04 -5.3715527542975831e-04  1.8359483043783629e-04 -4.3651540756767570e-03  0.0000000000000000e+00 -4.8279363716637187e+00
 257 -1.0329025142582833e-03 -7.7266419830933071e-04 -1.2622932262134332e-03 -4.3409671445977021e-03  0.0000000000000000e+00 -4.8630884404141046e+00
 258 -9.0632181025776038e-04 -2.3072531706607558e-04 -2.4933612757116847e-03 -3.2810602461806645e-03  0.0000000000000000e+00 -4.8652324039026622e+00
 259 -5.3330957181457182e-06  3.2948695525852965e-04 -3.6655677934170090e-03 -1.5029722547372267e-03  0.0000000000000000e+00 -4.8417139773057247e+00
 260  5.8509799551900656e-04  3.9408114355298635e-04 -4.2237473241765354e-03  4.0120588363985049e-04  0.0000000000000000e+00 -4.8255595019665742e+00
 261  2.8948917912569722e-04  3.6689646495742566e-04 -3.6657995046613743e-03  2.1978209523791999e-03  0.0000000000000000e+00 -4.8413123053791685e+00
 262 -2.6901877084369507e-04  5.3751142235650758e-04 -2.4193020192169348e-03  3.6797816133231050e-03  0.0000000000000000e+00 -4.8872137116501166e+00
 263 -4.4527278579205396e-04  4.1475092225638419e-04 -9.8276071359843409e-04  4.4849434022607342e-03  0.0000000000000000e+00 -4.9463123293315983e+00
 264 -3.8478247417214449e-04 -2.2858687370949245e-04  6.1916997563965937e-04  4.4843429623039853e-03  0.0000000000000000e+00 -4.9937723215198346e+00
 265 -4.3205730419803776e-04 -7.9910408462985274e-04  2.2022458198350673e-03  3.7715771539798010e-03  0.0000000000000000e+00 -5.0086877777072827e+00
 266 -4.6466406128122391e-04 -5.8556832411207817e-04  3.3863238363715620e-03  2.3091787345388068e-03  0.0000000000000000e+00 -4.9896478270033278e+00
 267 -2.2196294864954569e-04  3.0725056954317414e-04  3.9908440058638306e-03  3.1094854663731719e-04  0.0000000000000000e+00 -4.9648113145479194e+00
 268  2.6001209436617373e-04  1.0413795756971955e-03  3.9462840831560458e-03 -1.5912191008081928e-03  0.0000000000000000e+00 -4.9648480016432055e+00
 269  5.3846441093052604e-04  8.6967710260764006e-04  3.1181725402664837e-03 -2.9686580989643375e-03  0.0000000000000000e+00 -5.0000427049811629e+00
 270  1.2883437342470048e-04  2.8878712350560094e-05  1.5906417999532751e-03 -3.9354385706054764e-03  0.0000000000000000e+00 -5.0574494315890677e+00
 271 -7.2029042158726006e-04 -5.3445627233033634e-04 -2.0142757611445694e-05 -4.5352381848095856e-03  0.0000000000000000e+00 -5.1124919065901935e+00
 272 -1.0915154091433504e-03 -4.3733358719974150e-04 -1.3734510764339253e-03 -4.3099033158133324e-03  0.0000000000000000e+00 -5.1446227423430217e+00
 273 -5.3131190032299489e-04 -6.0981914530679014e-05 -2.7204609075530965e-03 -3.0526065278363669e-03  0.0000000000000000e+00 -5.1413049302626490e+00
 274  2.6691491907533590e-04  9.8854599925250495e-05 -3.9025523628221383e-03 -1.2514176922284292e-03  0.0000000000000000e+00 -5.1156449123226935e+00
 275  3.8341829891959622e-04  1.7279195103319777e-04 -4.1857199654926546e-03  6.9870245452071419e-04  0.0000000000000000e+00 -5.1023915007720300e+00
 276 -3.1294203207964496e-05  5.6443999697866740e-04 -3.4576236802124488e-03  2.5360436613265616e-03  0.0000000000000000e+00 -5.1220258549855711e+00
 277 -2.1511752954904176e-04  8.2039521938716124e-04 -2.2473634536008566e-03  3.8551911124944356e-03  0.0000000000000000e+00 -5.1710601579932822e+00
 278 -1.3850417710127591e-04  2.9057130502759074e-04 -7.3033591010873537e-04  4.4068271244818514e-03  0.0000000000000000e+00 -5.2292295527888779e+00
 279 -3.3233652684625751e-04 -6.4136532485330427e-04  9.6209960652399379e-04  4.3418074255035365e-03  0.0000000000000000e+00 -5.2723204626036120e+00
 280 -7.0040929645411260e-04 -9.2439545699013925e-04  2.3946462406068988e-03  3.5907924051688154e-03  0.0000000000000000e+00 -5.2804951909109858e+00
 281 -6.1895557088326994e-04 -2.3221118057022321e-04  3.4217250440862850e-03  1.9885367501229689e-03  0.0000000000000000e+00 -5.2596407534270586e+00
 282  1.3296222334206196e-05  6.9454218785988079e-04  4.0290503296297932e-03 -1.3952444827443456e-05  0.0000000000000000e+00 -5.2380552164150682e+00
 283  5.8597077575797609e-04  9.5815269661161592e-04  3.9278555279643130e-03 -1.7694778413958065e-03  0.0000000000000000e+00 -5.2444209716611550e+00
 284  4.5549282753587755e-04  4.6593726629249769e-04  2.8853411481160715e-03 -3.1285606992529111e-03  0.0000000000000000e+00 -5.2855944950685254e+00
 285 -2.9403799895701854e-04 -8.6345199681139422e-05  1.3138803087218093e-03 -4.1784373238835893e-03  0.0000000000000000e+00 -5.3437985530601955e+00
 286 -9.2693201074147888e-04 -2.7503250146796457e-04 -1.7391699688847076e-04 -4.6689164096584248e-03  0.0000000000000000e+00 -5.3976049593876585e+00
 287 -8.2259295551728110e-04 -2.3992110429314214e-04 -1.5789797134727497e-03 -4.1705844092436248e-03  0.0000000000000000e+00 -5.4247435691827288e+00
 288 -1.8955158569157831e-04 -2.2921009651015738e-04 -3.0374575572056544e-03 -2.8035549151453334e-03  0.0000000000000000e+00 -5.4152221565828640e+00
 289  2.0851803485910934e-04 -1.6551610652285121e-04 -4.0448968856796330e-03 -9.6330790026359278e-04  0.0000000000000000e+00 -5.3882553069987189e+00
 290  7.1027251393190061e-05  2.9791541078661587e-04 -4.0634420362369271e-03  1.0540704816850138e-03  0.0000000000000000e+00 -5.3781091053030190e+00
 291 -6.8633070967306770e-05  9.2811281392402056e-04 -3.3059829010523398e-03  2.8131762960977571e-03  0.0000000000000000e+00 -5.4029769425378431e+00
 292  8.7522672354899491e-05  8.4093123948443971e-04 -2.0708824456076727e-03  3.8789737946545205e-03  0.0000000000000000e+00 -5.4544103616248503e+00
 293 -7.9270574887859609e-06 -1.2851401925730553e-04 -4.1425390727334272e-04  4.3227095362911956e-03  0.0000000000000000e+00 -5.5121140364171799e+00
 294 -6.0697623035069399e-04 -9.2328514588381635e-04  1.2175504931267866e-03  4.2839065379333277e-03  0.0000000000000000e+00 -5.5500640895262991e+00
 295 -9.6239200119405252e-04 -6.9296752379478473e-04  2.4739715941778668e-03  3.4111133285157518e-03  0.0000000000000000e+00 -5.5535245605202794e+00
 296 -4.6135695016665619e-04  1.9885917241660491e-04  3.4983491368374090e-03  1.6762449491838811e-03  0.0000000000000000e+00 -5.5319695546618552e+00
 297  3.9940499355785682e-04  7.6529543125931150e-04  4.1297715819839705e-03 -2.6273771748747522e-04  0.0000000000000000e+00 -5.5131792258878534e+00
 298  6.4349147469480554e-04  6.1555287458336407e-04  3.8342982248409209e-03 -1.9649982776895111e-03  0.0000000000000000e+00 -5.5263535645564072e+00
 299  8.9144881419533307e-05  2.7761770301488293e-04  2.6043710537272187e-03 -3.3972084257079880e-03  0.0000000000000000e+00 -5.5707741475146992e+00
 300 -5.9007279505980496e-04  1.0967369887930702e-04  1.0984456780504530e-03 -4.4214485636720037e-03  0.0000000000000000e+00 -5.6298298472215080e+00
 301 -7.7916955804629301e-04 -7.1631084908403868e-05 -3.6455681208127043e-04 -4.6541940143328322e-03  0.0000000000000000e+00 -5.6810015076506151e+00
 302 -4.8548947050659107e-04 -3.7428438975674517e-04 -1.9015727650881884e-03 -3.9565723186803289e-03  0.0000000000000000e+00 -5.7014610238417331e+00
 303 -1.4258870559409042e-04 -5.2128705733020910e-04 -3.3144048461526991e-03 -2.5372341908899720e-03  0.0000000000000000e+00 -5.6863018663097735e+00
 304 -5.0834362952081721e-05 -1.3079372490262976e-04 -4.0567116799321524e-03 -6.1805557136026103e-04  0.0000000000000000e+00 -5.6589908893202514e+00
 305 -3.7488721432311328e-05  6.8849383013468493e-04 -3.9542836833735915e-03  1.4067148457511801e-03  0.0000000000000000e+00 -5.6541985903915704e+00
 306  1.9628237401262755e-04  1.1196528450844146e-03 -3.1986176101497258e-03  2.9645767656892369e-03  0.0000000000000000e+00 -5.6842563450374444e+00
 307  3.0613637540064957e-04  5.0770696867148463e-04 -1.8292580951900748e-03  3.8641338310809658e-03  0.0000000000000000e+00 -5.7389318561081764e+00
 308 -2.3298732651101379e-04 -5.2848803542558469e-04 -1.1414886549827200e-04  4.3532520144466472e-03  0.0000000000000000e+00 -5.7954088820173517e+00
 309 -9.7707890718756220e-04 -8.5058962649823871e-04  1.3536437548490939e-03  4.2858998465818213e-03  0.0000000000000000e+00 -5.8287798293780684e+00
 310 -9.3577307122900987e-04 -2.8839434843467475e-04  2.5594997733411908e-03  3.2071773561622176e-03  0.0000000000000000e+00 -5.8291040322555041e+00
 311 -6.2753316331701231e-05  3.8474526961607472e-04  3.6766081573679707e-03  1.4051383623419774e-03  0.0000000000000000e+00 -5.8054235487321399e+00
 312  6.0546607753605422e-04  5.0665078198789554e-04  4.2122315171660100e-03 -4.9137843582277945e-04  0.0000000000000000e+00 -5.7904242875550773e+00
 313  3.7139024651962343e-04  3.7936511878358133e-04  3.6439408414734170e-03 -2.2428070936846931e-03  0.0000000000000000e+00 -5.8082752030035252e+00
 314 -2.5151655031980011e-04  4.3600110162221931e-04  2.3567328622291100e-03 -3.7009933141897624e-03  0.0000000000000000e+00 -5.8553130634167951e+00
 315 -5.3902971394096852e-04  3.4177521615912050e-04  9.1014681132654048e-04 -4.5261633633586805e-03  0.0000000000000000e+00 -5.9146999406084859e+00
 316 -4.6873577793872236e-04 -1.8007415657601684e-04 -6.5526103858053707e-04 -4.5095725860538702e-03  0.0000000000000000e+00 -5.9614269667254103e+00
 317 -3.9062621554697386e-04 -7.1184016349303545e-04 -2.2414174944276701e-03 -3.7359722897560427e-03  0.0000000000000000e+00 -5.9750958515862029e+00
 318 -3.6045107111898724e-04 -5.8749030781810084e-04 -3.4533716817961198e-03 -2.2439087628905357e-03  0.0000000000000000e+00 -5.9550787942634962e+00
 319 -2.0167962337293771e-04  2.3382423883508465e-04 -4.0211705782197621e-03 -2.4101993600662348e-04  0.0000000000000000e+00 -5.9301877253899002e+00
 320  1.7639026849869367e-04  1.0237100225750665e-03 -3.9082647647359810e-03  1.6784154444282350e-03  0.0000000000000000e+00 -5.9314411728692065e+00
 321  4.8723554232882901e-04  9.4376564323914462e-04 -3.0621703182351608e-03  3.0431944397566078e-03  0.0000000000000000e+00 -5.9673504836984392e+00
 322  1.8243072293331507e-04  6.3676223806242641e-05 -1.5335021922663614e-03  3.9482268830179313e-03  0.0000000000000000e+00 -6.0250739159577265e+00
 323 -6.5617864421188912e-04 -6.1151962714527943e-04  1.0383580352802375e-04  4.4978108209200807e-03  0.0000000000000000e+00 -6.0793253842641510e+00
 324 -1.1161347346995919e-03 -5.2557445924122427e-04  1.4523967320907605e-03  4.2595292349808071e-03  0.0000000000000000e+00 -6.1095878416903968e+00
 325 -5.9982259613579737e-04 -3.7395634635302918e-05  2.7527877921000262e-03  2.9782922643455632e-03  0.0000000000000000e+00 -6.1051289534443711e+00
 326  2.6962276098902528e-04  2.1625660336871381e-04  3.9074263369168185e-03  1.1568220994591456e-03  0.0000000000000000e+00 -6.0795220130891563e+00
 327  4.6767046213515149e-04  2.2943975096133604e-04  4.1889036270783622e-03 -7.7040711142172848e-04  0.0000000000000000e+00 -6.0680150958820658e+00
 328  1.5834915928527946e-05  4.9275977387893701e-04  3.4233640999021156e-03 -2.5775577464485851e-03  0.0000000000000000e+00 -6.0894407081486746e+00
 329 -2.8597934849078783e-04  7.3187511333381780e-04  2.1722737360321868e-03 -3.9090241781295264e-03  0.0000000000000000e+00 -6.1395190209407531e+00
 330 -2.4396370863418731e-04  3.0511215585675211e-04  6.7251640369505163e-04 -4.4672342425842934e-03  0.0000000000000000e+00 -6.1977496659898952e+00
 331 -3.3332516569214700e-04 -5.6269144048531959e-04 -1.0036018763219480e-03 -4.3471181339545546e-03  0.0000000000000000e+00 -6.2398428154162078e+00
 332 -6.0438813770650080e-04 -9.0941506744568804e-04 -2.4672991157588162e-03 -3.5383151751638233e-03  0.0000000000000000e+00 -6.2466169180495941e+00
 333 -5.6350453598630996e-04 -2.9819898677013610e-04 -3.4914835055022456e-03 -1.9186462023259043e-03  0.0000000000000000e+00 -6.2243933425256746e+00
 334 -4.2273739025672798e-05  6.5783986770807132e-04 -4.0334479930537242e-03  1.0059834994754237e-04  0.0000000000000000e+00 -6.2032534137068955e+00
 335  5.2012013809012430e-04  1.0270303090311424e-03 -3.8854789352783872e-03  1.8601277649358662e-03  0.0000000000000000e+00 -6.2107189718579718e+00
 336  4.9090617051944637e-04  5.3664318184972642e-04 -2.8415813114093563e-03  3.1707921426808025e-03  0.0000000000000000e+00 -6.2528396785215810e+00
 337 -2.1909640738525883e-04 -1.3984311886318677e-04 -1.2480763836628414e-03  4.1634192851230500e-03  0.0000000000000000e+00 -6.3114402537231253e+00
 338 -9.3744402322940153e-04 -3.8590916139128714e-04  2.5652920957410863e-04  4.6422270454258953e-03  0.0000000000000000e+00 -6.3641832281540367e+00
 339 -9.0602542033886362e-04 -2.6034264888461948e-04  1.6267962153384010e-03  4.1364686513474212e-03  0.0000000000000000e+00 -6.3900013087272898e+00
 340 -2.1564796673012934e-04 -1.2791604327954268e-04  3.0532089929903822e-03  2.7320160819704702e-03  0.0000000000000000e+00 -6.3795113424353387e+00
 341  2.8712137473883517e-04 -7.7863404361481876e-05  4.0684754583688795e-03  8.8161117163239452e-04  0.0000000000000000e+00 -6.3529871443130919e+00
 342  1.4595576186579828e-04  2.6224247908233884e-04  4.0670964065939608e-03 -1.1140017986146443e-03  0.0000000000000000e+00 -6.3444363819167053e+00
 343 -1.0649468062767971e-04  8.4130964645187157e-04  3.2513050454126154e-03 -2.8736553980613332e-03  0.0000000000000000e+00 -6.3707360078401258e+00
 344 -1.9166183711355331e-05  8.3068334873454236e-04  1.9988310080853449e-03 -3.9558816703549847e-03  0.0000000000000000e+00 -6.4229883632769447e+00
 345 -4.2525924100323508e-05 -6.2439019984259110e-05  3.6183633217806536e-04 -4.3630462522690240e-03  0.0000000000000000e+00 -6.4802466964844925e+00
 346 -5.3446890670120334e-04 -9.0123507344608170e-04 -1.2869844600703446e-03 -4.2552891476519651e-03  0.0000000000000000e+00 -6.5170853255393295e+00
 347 -8.9245856320827553e-04 -7.5299116989880179e-04 -2.5623016817996839e-03 -3.3453359649816810e-03  0.0000000000000000e+00 -6.5185613686293822e+00
 348 -4.8648783177251883e-04  1.4794455765716448e-04 -3.5445062402462411e-03 -1.5925065537424903e-03  0.0000000000000000e+00 -6.4960870472070553e+00
 349  3.3284010102684991e-04  8.1767843952798612e-04 -4.1136957992852427e-03  3.6219803494814880e-04  0.0000000000000000e+00 -6.4781582255673902e+00
 350  6.5787226970508616e-04  7.1361331570554047e-04 -3.8023962854054297e-03  2.0364277228754175e-03  0.0000000000000000e+00 -6.4926473609286495e+00
 351  1.6802170219157116e-04  2.6556696218678322e-04 -2.5600861231802581e-03  3.4113399344440349e-03  0.0000000000000000e+00 -6.5384831406251473e+00
 352 -5.7762187912535417e-04 -2.6375226360346751e-06 -1.0222101824732381e-03  4.4144751130555443e-03  0.0000000000000000e+00 -6.5976035268461670e+00
 353 -8.6758235811920995e-04 -1.3313931097935295e-04  4.2705735616518600e-04  4.6586065848851195e-03  0.0000000000000000e+00 -6.6480493945857031e+00
 354 -5.4764625204959489e-04 -3.0551003004746023e-04  1.9250899746743732e-03  3.9294899941989658e-03  0.0000000000000000e+00 -6.6673059252561133e+00
 355 -8.4603748461608341e-05 -4.2139385009422813e-04  3.3463039238817308e-03  2.4686420106449689e-03  0.0000000000000000e+00 -6.6513467186185800e+00
 356  4.5912222676967899e-05 -1.3493219268881043e-04  4.0958155332529800e-03  5.4906005019495136e-04  0.0000000000000000e+00 -6.6244801021139397e+00
 357 -3.8363090426522856e-05  6.1001502295407852e-04  3.9389155145377885e-03 -1.4716843264185027e-03  0.0000000000000000e+00 -6.6208405949256806e+00
 358  1.0059173164405013e-04  1.0955485224816623e-03  3.1328994682845086e-03 -3.0467310507978746e-03  0.0000000000000000e+00 -6.6521783887250931e+00
 359  2.5170301004789571e-04  5.6787107415235392e-04  1.7677780649355921e-03 -3.9267979384851283e-03  0.0000000000000000e+00 -6.7070297059701911e+00
 360 -1.8150570236642600e-04 -4.9934866151666983e-04  4.8828210840026767e-05 -4.3503881339703836e-03  0.0000000000000000e+00 -6.7630089918278014e+00
 361 -9.0679726080797221e-04 -9.1190734578484606e-04 -1.4439021869499505e-03 -4.2322804576090528e-03  0.0000000000000000e+00 -6.7946978187045399e+00
 362 -9.4503535906909064e-04 -3.5591945738825016e-04 -2.6321063188613483e-03 -3.1328934756239286e-03  0.0000000000000000e+00 -6.7930815854387800e+00
 363 -1.2420530087810822e-04  4.1684724189206966e-04 -3.6914338987910828e-03 -1.3078690686767244e-03  0.0000000000000000e+00 -6.7692471792960065e+00
 364  6.0424992341548314e-04  6.1751682402731375e-04 -4.1957553325708778e-03  5.8439744299899248e-04  0.0000000000000000e+00 -6.7553337895296570e+00
 365  4.4835806967069363e-04  4.1341586822505916e-04 -3.6202138030532239e-03  2.2894212105263839e-03  0.0000000000000000e+00 -6.7751821170649649e+00
 366 -2.1425711896175145e-04  3.4321252489218307e-04 -2.2969798979153031e-03  3.7146006400324105e-03  0.0000000000000000e+00 -6.8233624412478155e+00
 367 -6.1654605186421620e-04  2.5213167090768748e-04 -8.3552305022483884e-04  4.5554556351597433e-03  0.0000000000000000e+00 -6.8829041049572224e+00
 368 -5.6318326460304290e-04 -1.4947020840067415e-04  6.9324298667573509e-04  4.5309124171613938e-03  0.0000000000000000e+00 -6.9289188800186094e+00
 369 -3.6898969030918705e-04 -6.1554066508814789e-04  2.2730408070963208e-03  3.7005522396973442e-03  0.0000000000000000e+00 -6.9413310162299755e+00
 370 -2.5583837338721583e-04 -5.6657629105991624e-04  3.5136244944403566e-03  2.1777342905570886e-03  0.0000000000000000e+00 -6.9205277549930173e+00
 371 -1.6244680587072289e-04  1.6438710896126958e-04  4.0524815201387274e-03  1.7364878197168132e-04  0.0000000000000000e+00 -6.8957157104562263e+00
 372  1.0068688767137943e-04  9.8587671472979304e-04  3.8707584942997207e-03 -1.7612618892315630e-03  0.0000000000000000e+00 -6.8981971777267388e+00
 373  4.1762044988121507e-04  1.0028973335779144e-03  3.0019868572100511e-03 -3.1220940055231932e-03  0.0000000000000000e+00 -6.9348710908589117e+00
 374  2.1806087004065712e-04  1.1317487132974445e-04  1.4759270246634325e-03 -3.9698524890264975e-03  0.0000000000000000e+00 -6.9927502764958804e+00
 375 -5.8348623653345572e-04 -6.6887379085735742e-04 -1.8603110792463634e-04 -4.4619857165266183e-03  0.0000000000000000e+00 -7.0462401869629927e+00
 376 -1.1183073534392354e-03 -6.1717618467688900e-04 -1.5367023575217431e-03 -4.2036987636339101e-03  0.0000000000000000e+00 -7.0745071033724019e+00
 377 -6.6459652192019808e-04 -3.5527988264769919e-05 -2.7919569528534038e-03 -2.9006265030440117e-03  0.0000000000000000e+00 -7.0688344099704183e+00
 378  2.5285460759007103e-04  3.2557468924805877e-04 -3.9091908410648843e-03 -1.0591156364614144e-03  0.0000000000000000e+00 -7.0433342888665340e+00
 379  5.4078805711967515e-04  3.0527090690843047e-04 -4.1864921630390380e-03  8.4495340582648652e-04  0.0000000000000000e+00 -7.0335366677747428e+00
 380  7.7657688630903743e-05  4.3522532862481510e-04 -3.3907555176552343e-03  2.6151076760484557e-03  0.0000000000000000e+00 -7.0568596783090660e+00
 381 -3.3790865223975157e-04  6.3136609166601382e-04 -2.0980251385793896e-03  3.9520873675834567e-03  0.0000000000000000e+00 -7.1079058368566175e+00
 382 -3.5516603060351508e-04  2.9897541728604745e-04 -6.1274631654508350e-04  4.5237331324638301e-03  0.0000000000000000e+00 -7.1662433128889571e+00
 383 -3.5556814068400926e-04 -4.8109454976169586e-04  1.0394409467884098e-03  4.3558492380651771e-03  0.0000000000000000e+00 -7.2073267730836656e+00
 384 -5.1345537345785970e-04 -8.7174261880017235e-04  2.5315019532777443e-03  3.4879212701255913e-03  0.0000000000000000e+00 -7.2128053253684570e+00
 385 -4.9089573719483933e-04 -3.5470637658576863e-04  3.5607978397911005e-03  1.8508211888510412e-03  0.0000000000000000e+00 -7.1893719303342092e+00
 386 -8.4928123805048608e-05  6.0458858600588551e-04  4.0404290248667622e-03 -1.8222751801538238e-04  0.0000000000000000e+00 -7.1686248031433824e+00
 387  4.4096815793359000e-04  1.0761300665903574e-03  3.8400585159421127e-03 -1.9513738657814053e-03  0.0000000000000000e+00 -7.1772284543301996e+00
 388  5.0600854044587388e-04  6.1553256427377540e-04  2.7941696005862218e-03 -3.2197791948524886e-03  0.0000000000000000e+00 -7.2200920542316709e+00
 389 -1.4114718690759638e-04 -1.7236317550054086e-04  1.1833244589121693e-03 -4.1502523282267705e-03  0.0000000000000000e+00 -7.2790327980977452e+00
 390 -9.2554313962359570e-04 -4.9515162406737893e-04 -3.4193201441584973e-04 -4.6072836716174841e-03  0.0000000000000000e+00 -7.3306037498913366e+00
 391 -9.7952608584522772e-04 -3.0048147178089800e-04 -1.6823273516323241e-03 -4.0942818462977159e-03  0.0000000000000000e+00 -7.3549372048252408e+00
 392 -2.5744188016835516e-04 -3.9135188054802915e-05 -3.0691650159479504e-03 -2.6560280202312467e-03  0.0000000000000000e+00 -7.3435303909699847e+00
 393  3.5006097304990814e-04  2.5552742924498517e-05 -4.0845169855276663e-03 -7.9578794127943824e-04  0.0000000000000000e+00 -7.3174832919461332e+00
 394  2.2980618539331901e-04  2.4587019431606153e-04 -4.0693377170538348e-03  1.1739877272473845e-03  0.0000000000000000e+00 -7.3107295358036612e+00
 395 -1.2406919185594539e-04  7.4845181140410885e-04 -3.1986369507070933e-03  2.9265533479914188e-03  0.0000000000000000e+00 -7.3384915209933403e+00
 396 -1.2627276922093004e-04  7.9802492839171988e-04 -1.9249005911387272e-03  4.0288532386326117e-03  0.0000000000000000e+00 -7.3916274861972555e+00
 397 -9.9217202297576445e-05 -4.9865441474940923e-07 -3.1152595720376633e-04  4.4094819250391519e-03  0.0000000000000000e+00 -7.4484741048119361e+00
 398 -4.7309585396108342e-04 -8.5768360020973340e-04  1.3483831103301999e-03  4.2328611786225292e-03  0.0000000000000000e+00 -7.4842182007808269e+00
 399 -8.0767833641609641e-04 -7.9794828614895841e-04  2.6488764375959335e-03  3.2817912010446363e-03  0.0000000000000000e+00 -7.4838706141976372e+00
 400 -4.9385038558880188e-04  8.5113179475914582e-05  3.5953017796859403e-03  1.5128225096787331e-03  0.0000000000000000e+00 -7.4603964778871417e+00
 401  2.5920552635216458e-04  8.4704377302340420e-04  4.0980794133470095e-03 -4.5960321868300047e-04  0.0000000000000000e+00 -7.4433440954574968e+00
 402  6.5042603105499913e-04  8.1239437804151284e-04  3.7657029581153610e-03 -2.1122607178076860e-03  0.0000000000000000e+00 -7.4589848991036529e+00
 403  2.4387745322347373e-04  2.7526431493127106e-04  2.5158632808435495e-03 -3.4278877014028253e-03  0.0000000000000000e+00 -7.5061016111600178e+00
 404 -5.4422711910476847e-04 -1.0776906288035673e-04  9.4661951449769976e-04 -4.3994619133585619e-03  0.0000000000000000e+00 -7.5652375473194837e+00
 405 -9.4048734682786357e-04 -2.1207758871037954e-04 -4.9535093095815007e-04 -4.6517296566699695e-03  0.0000000000000000e+00 -7.6147689454258582e+00
 406 -6.2097798055494170e-04 -2.5386521779417542e-04 -1.9515402036737620e-03 -3.8972350646012165e-03  0.0000000000000000e+00 -7.6328241518651039e+00
 407 -4.5705773149469871e-05 -3.1108362370557046e-04 -3.3708874011675210e-03 -2.3966087109666937e-03  0.0000000000000000e+00 -7.6160887583544774e+00
 408  1.4496061233549960e-04 -1.1603928303139226e-04 -4.1301336621790931e-03 -4.7756920569295947e-04  0.0000000000000000e+00 -7.5898828875975273e+00
 409 -1.9044409882075166e-05  5.3339304013108352e-04 -3.9254640990094109e-03  1.5327974601961551e-03  0.0000000000000000e+00 -7.5875322855824212e+00
 410  1.1331770318515041e-05  1.0499372280038453e-03 -3.0664976341630906e-03  3.1243964801588330e-03  0.0000000000000000e+00 -7.6202037615181846e+00
 411  1.7709099608213190e-04  6.1566990989376667e-04 -1.7043082680995027e-03  3.9955029157285665e-03  0.0000000000000000e+00 -7.6753190371739501e+00
 412 -1.4749587650234595e-04 -4.5278085959235304e-04  1.1812764725145607e-05  4.3570739169869564e-03  0.0000000000000000e+00 -7.7307351075907640e+00
 413 -8.2656188771533176e-04 -9.5322535057464422e-04  1.5312005886889061e-03  4.1817678966664957e-03  0.0000000000000000e+00 -7.7608654180610603e+00
 414 -9.3273576728020180e-04 -4.2852282671545339e-04  2.7099935300514189e-03  3.0594109443969402e-03  0.0000000000000000e+00 -7.7572379905255380e+00
 415 -1.8466829057417806e-04  4.2537448320263693e-04  3.7108270976400873e-03  1.2125011843512232e-03  0.0000000000000000e+00 -7.7332177714379435e+00
 416  5.8181321664640766e-04  7.2072315610227839e-04  4.1752485636235293e-03 -6.7972280826438349e-04  0.0000000000000000e+00 -7.7203454675319820e+00
 417  5.1551904504426409e-04  4.6750027640656504e-04  3.5939015276766221e-03 -2.3388237763271851e-03  0.0000000000000000e+00 -7.7420213597364258e+00
 418 -1.6004572543092691e-04  2.6368649617880660e-04  2.2399316222530374e-03 -3.7224016773394638e-03  0.0000000000000000e+00 -7.7913551444976736e+00
 419 -6.7415378145276993e-04  1.4950802063828643e-04  7.5911099412968852e-04 -4.5721961400137113e-03  0.0000000000000000e+00 -7.8508975825194796e+00
 420 -6.6312097680917967e-04 -1.3947956968771318e-04 -7.3483247379152060e-04 -4.5462648032836370e-03  0.0000000000000000e+00 -7.8961879546557601e+00
 421 -3.6803293682663625e-04 -5.1574047323309279e-04 -2.2987576453188793e-03 -3.6641409841102553e-03  0.0000000000000000e+00 -7.9073390644550035e+00
 422 -1.5566416799605098e-04 -5.2240228696712990e-04 -3.5661459745033870e-03 -2.1098313249369410e-03  0.0000000000000000e+00 -7.8859026663722860e+00
 423 -1.0560732330277377e-04  1.0412344342949121e-04 -4.0839728325666501e-03 -1.0774323509049491e-04  0.0000000000000000e+00 -7.8613638203050913e+00
 424  3.7423493742619385e-05  9.3075260816054240e-04 -3.8343853704122704e-03  1.8391658477634205e-03  0.0000000000000000e+00 -7.8650828569273097e+00
 425  3.3315965029241987e-04  1.0431898229563037e-03 -2.9381168162701805e-03  3.2040186684047767e-03  0.0000000000000000e+00 -7.9026183935067520e+00
 426  2.3246006917868907e-04  1.7296339890452052e-04 -1.4179064785770864e-03  4.0011032671664181e-03  0.0000000000000000e+00 -7.9605231493955833e+00
 427 -5.0753124546968394e-04 -7.0414908742432467e-04  2.6559993435052180e-04  4.4303158944975461e-03  0.0000000000000000e+00 -8.0132807357191105e+00
 428 -1.0980377283197383e-03 -7.0690413930998928e-04  1.6250535355930957e-03  4.1444425484901031e-03  0.0000000000000000e+00 -8.0394920547087398e+00
 429 -7.2065062208286990e-04 -5.4376335670580669e-05  2.8384406622324280e-03  2.8208603512615863e-03  0.0000000000000000e+00 -8.0324969911891415e+00
 430  2.1867092923546371e-04  4.2123234169003391e-04  3.9095359200480148e-03  9.5923364243209578e-04  0.0000000000000000e+00 -8.0071646760090101e+00
 431  5.9869332870570650e-04  3.9666698772401580e-04  4.1782812939277934e-03 -9.2260391763534253e-04  0.0000000000000000e+00 -7.9989802146528621e+00
 432  1.5028437861010013e-04  3.9541771891797838e-04  3.3593692446667019e-03 -2.6499248038814368e-03  0.0000000000000000e+00 -8.0242722252568832e+00
 433 -3.6852428855585218e-04  5.2357354838487337e-04  2.0252335210001276e-03 -3.9840007800842460e-03  0.0000000000000000e+00 -8.0762076265269442e+00
 434 -4.6624908608667036e-04  2.7117137572903053e-04  5.5040762846247525e-04 -4.5735484701316022e-03  0.0000000000000000e+00 -8.1346479231941853e+00
 435 -3.9819204779356865e-04 -4.0247909962939872e-04 -1.0713025915027880e-03 -4.3660885216254145e-03  0.0000000000000000e+00 -8.1747282036071027e+00
 436 -4.3241487916347330e-04 -8.1283648181127669e-04 -2.5865795907163325e-03 -3.4389247598107342e-03  0.0000000000000000e+00 -8.1789773419096647e+00
 437 -4.0422271087506702e-04 -3.9706067837283769e-04 -3.6280457569091611e-03 -1.7841286189669166e-03  0.0000000000000000e+00 -8.1545416666345893e+00
 438 -1.1148036387334162e-04  5.3913212242096356e-04 -4.0498047189623677e-03  2.5897188159031224e-04  0.0000000000000000e+00 -8.1341596440042121e+00
 439  3.5327205821690326e-04  1.1032982402456775e-03 -3.7922805323313195e-03  2.0419914882870609e-03  0.0000000000000000e+00 -8.1439570364572997e+00
 440  4.9909492377250419e-04  6.9688726192120335e-04 -2.7427596368315133e-03  3.2758659325777769e-03  0.0000000000000000e+00 -8.1874147423905228e+00
 441 -6.5944304555178281e-05 -1.8328517884121329e-04 -1.1195116145469551e-03  4.1414234375488392e-03  0.0000000000000000e+00 -8.2466077898032566e+00
 442 -8.9295418075078581e-04 -5.9741492474097520e-04  4.2919473645924085e-04  4.5665370421180320e-03  0.0000000000000000e+00 -8.2969531003186674e+00
 443 -1.0385356560138606e-03 -3.5760454052914453e-04  1.7456424524854245e-03  4.0445834750451144e-03  0.0000000000000000e+00 -8.3196144069032023e+00
 444 -3.1117437378168784e-04  3.2803015348105908e-05  3.0872906195764591e-03  2.5758594037496242e-03  0.0000000000000000e+00 -8.3073367442353074e+00
 445  3.9459319732208239e-04  1.3949992908661313e-04  4.0934913933015817e-03  7.0590473543294255e-04  0.0000000000000000e+00 -8.2817793528778587e+00
 446  3.1789010775071713e-04  2.5070689915777234e-04  4.0692237599865150e-03 -1.2346656490880383e-03  0.0000000000000000e+00 -8.2769684077698269e+00
 447 -1.2080097617372885e-04  6.5459534753588202e-04  3.1482692305203337e-03 -2.9718996227732610e-03  0.0000000000000000e+00 -8.3062398736985994e+00
 448 -2.2803537040295329e-04  7.4388710340381875e-04  1.8495313606101630e-03 -4.0952126631971994e-03  0.0000000000000000e+00 -8.3602698403713003e+00
 449 -1.7543589502438316e-04  5.1958728133697914e-05  2.6240669721651046e-04 -4.4595294167293388e-03  0.0000000000000000e+00 -8.4167648662605341e+00
 450 -4.2687604497873479e-04 -7.9572368390711250e-04 -1.4013288761808781e-03 -4.2160159400260648e-03  0.0000000000000000e+00 -8.4514057871868751e+00
 451 -7.1242631466742791e-04 -8.2433839971446517e-04 -2.7316618806234494e-03 -3.2204152527123813e-03  0.0000000000000000e+00 -8.4494183179433424e+00
 452 -4.8194324435671192e-04  1.5374686284263541e-05 -3.6496445361820125e-03 -1.4371571093958872e-03  0.0000000000000000e+00 -8.4249134120501150e+00
 453  1.8364546807058904e-04  8.5309953566460410e-04 -4.0834581018949394e-03  5.5385788058154078e-04  0.0000000000000000e+00 -8.4087342760343340e+00
 454  6.2125100482691520e-04  9.0594269905489304e-04 -3.7242660989617233e-03  2.1922331790517470e-03  0.0000000000000000e+00 -8.4254199723361420e+00
 455  3.1142044840035051e-04  3.0536907044749375e-04 -2.4707761294435050e-03  3.4486175534973094e-03  0.0000000000000000e+00 -8.4736340472130696e+00
 456 -4.9298725368494281e-04 -2.0109426697911047e-04 -8.7179193170872397e-04  4.3788236942550584e-03  0.0000000000000000e+00 -8.5327604798543906e+00
 457 -9.9434680394039398e-04 -3.0461984476090918e-04  5.6931401258421385e-04  4.6336362141709605e-03  0.0000000000000000e+00 -8.5811730129530410e+00
 458 -7.0066682189515021e-04 -2.2202612215183179e-04  1.9828071748114930e-03  3.8588357023525643e-03  0.0000000000000000e+00 -8.5980000960243181e+00
 459 -2.6967842546405929e-05 -1.9599869341010333e-04  3.3895223997976718e-03  2.3206163065241144e-03  0.0000000000000000e+00 -8.5805174663452544e+00
 460  2.4156717332795714e-04 -7.3730603726120353e-05  4.1586842502699430e-03  4.0297714474599378e-04  0.0000000000000000e+00 -8.5551396338127343e+00
 461  1.9414700762912170e-05  4.6350170916224759e-04  3.9135479169569018e-03 -1.5906674424239035e-03  0.0000000000000000e+00 -8.5542537842372148e+00
 462 -6.6711448527728568e-05  9.8521420951182834e-04  3.0001361798045745e-03 -3.1959445955639897e-03  0.0000000000000000e+00 -8.5882827428395387e+00
 463  8.5886386227991549e-05  6.4695815466933322e-04  1.6388469629585187e-03 -4.0680055012517723e-03  0.0000000000000000e+00 -8.6437792808544796e+00
 464 -1.3399632914050082e-04 -3.9296335185968269e-04 -6.7511743589843397e-05 -4.3730608938692302e-03  0.0000000000000000e+00 -8.6985754380370022e+00
 465 -7.4139436794366364e-04 -9.7221751552084210e-04 -1.6136992249112592e-03 -4.1354887945252794e-03  0.0000000000000000e+00 -8.7272715271520678e+00
 466 -8.9876993554930220e-04 -5.0114286294139032e-04 -2.7916606751655719e-03 -2.9876043247860909e-03  0.0000000000000000e+00 -8.7216273306664363e+00
 467 -2.3925516403424860e-04  4.1133718558593400e-04 -3.7351287209695656e-03 -1.1202191012735299e-03  0.0000000000000000e+00 -8.6973534720493628e+00
 468  5.3981005868119071e-04  8.1090690346534823e-04 -4.1516466233702505e-03  7.7659806459724279e-04  0.0000000000000000e+00 -8.6855064500456312e+00
 469  5.6851511232318083e-04  5.3865842296624766e-04 -3.5643226460651957e-03  2.3920350518158023e-03  0.0000000000000000e+00 -8.7087932371498518e+00
 470 -9.2736725836909404e-05  2.0117813951066573e-04 -2.1852371051418002e-03  3.7264671733913618e-03  0.0000000000000000e+00 -8.7592796594975244e+00
 471 -7.0947189369555488e-04  3.8307915424990325e-05 -6.8118673252364707e-04  4.5765528934025995e-03  0.0000000000000000e+00 -8.8186701688027078e+00
 472 -7.6320472284494793e-04 -1.5140542951992087e-04  7.8143838968803973e-04  4.5538345731223452e-03  0.0000000000000000e+00 -8.8631767661699943e+00
 473 -3.8732573003979456e-04 -4.1814097856316513e-04  2.3205946567101169e-03  3.6255338605952585e-03  0.0000000000000000e+00 -8.8730748325936055e+00
 474 -6.4464022307988205e-05 -4.5597839104528367e-04  3.6103963776470517e-03  2.0394454447997855e-03  0.0000000000000000e+00 -8.8511153766719683e+00
 475 -3.3532080886179011e-05  5.7694610671530901e-05  4.1147449613912184e-03  4.2220901898295771e-05  0.0000000000000000e+00 -8.8270870717110110e+00
 476 -9.7431461554279937e-06  8.6203283400824050e-04  3.7996495956393430e-03 -1.9117770788987457e-03  0.0000000000000000e+00 -8.8320639086428354e+00
 477  2.3831371635371640e-04  1.0619886597250700e-03  2.8711584882473193e-03 -3.2872801539509705e-03  0.0000000000000000e+00 -8.8705796539770851e+00
 478  2.2365832736497641e-04  2.3791649820815319e-04  1.3594824055602238e-03 -4.0420980179395804e-03  0.0000000000000000e+00 -8.9284303919725492e+00
 479 -4.3380140231702924e-04 -7.1624094026837926e-04 -3.4137871136396099e-04 -4.4048861410639255e-03  0.0000000000000000e+00 -8.9804713515815635e+00
 480 -1.0566380479776379e-03 -7.8962179851036634e-04 -1.7158768156385613e-03 -4.0838094349710044e-03  0.0000000000000000e+00 -9.0046391442304294e+00
 481 -7.6355833018009324e-04 -9.1703061656444503e-05 -2.8922497671510323e-03 -2.7403702618516222e-03  0.0000000000000000e+00 -8.9961909291584981e+00
 482  1.7023031706583705e-04  4.9865727051128655e-04 -3.9100733849148500e-03 -8.5832113698328420e-04  0.0000000000000000e+00 -8.9710837532096850e+00
 483  6.3811548909739298e-04  4.9889827053305874e-04 -4.1643542623784969e-03  1.0035411439452686e-03  0.0000000000000000e+00 -8.9643822715035242e+00
 484  2.2914224680611038e-04  3.7595541260096541e-04 -3.3286415937505043e-03  2.6834327853672694e-03  0.0000000000000000e+00 -8.9916603147311758e+00
 485 -3.7673621015596562e-04  4.1358478154001054e-04 -1.9543892010916732e-03  4.0051344728939840e-03  0.0000000000000000e+00 -9.0444202405125562e+00
 486 -5.7139157808399255e-04  2.2198611705267338e-04 -4.8503811571567519e-04  4.6143153638725891e-03  0.0000000000000000e+00 -9.1029027778279552e+00
 487 -4.5908360577480125e-04 -3.3249541700520828e-04  1.1012141761307613e-03  4.3758245263357323e-03  0.0000000000000000e+00 -9.1420003526308431e+00
 488 -3.6543691674715005e-04 -7.3545449519344470e-04  2.6324644304986000e-03  3.3905137292175136e-03  0.0000000000000000e+00 -9.1450522153019271e+00
 489 -3.0734284255214226e-04 -4.2128517315794407e-04  3.6917046931495019e-03  1.7175547600974275e-03  0.0000000000000000e+00 -9.1198462795794200e+00
 490 -1.1972554243226888e-04  4.6641167827683874e-04  4.0613203691184287e-03 -3.3131170001370736e-04  0.0000000000000000e+00 -9.0998465553902079e+00
 491  2.6229872814497672e-04  1.1076984216679972e-03  3.7429160083910923e-03 -2.1307282737405165e-03  0.0000000000000000e+00 -9.1108950994691806e+00
 492  4.6975509688322630e-04  7.7481853264186132e-04  2.6872550350881021e-03 -3.3389615792738568e-03  0.0000000000000000e+00 -9.1548712598582860e+00
 493  8.7640220469694500e-07 -1.7325891826046222e-04  1.0566480093666959e-03 -4.1391478432875346e-03  0.0000000000000000e+00 -9.2142015702574920e+00
 494 -8.4258416377626247e-04 -6.8768488018043335e-04 -5.1719683935897277e-04 -4.5227295528216874e-03  0.0000000000000000e+00 -9.2633206155188823e+00
 495 -1.0793414789865548e-03 -4.2800691228482329e-04 -1.8163808708056919e-03 -3.9884768964000838e-03  0.0000000000000000e+00 -9.2841234236213648e+00
 496 -3.7232714328628614e-04  8.4690385153258032e-05 -3.1092984545419344e-03 -2.4921852601908728e-03  0.0000000000000000e+00 -9.2709997784808689e+00
 497  4.1895765529604461e-04  2.5795718426390010e-04 -4.0962731310457776e-03 -6.1225218577198902e-04  0.0000000000000000e+00 -9.2459385250176496e+00
 498  4.0520516922909852e-04  2.7747786648611901e-04 -4.0658899036108212e-03  1.2966503342906959e-03  0.0000000000000000e+00 -9.2431399253237725e+00
 499 -9.7304503118000280e-05  5.6488534576569960e-04 -3.1003737207534804e-03  3.0101506341432037e-03  0.0000000000000000e+00 -9.2739837051714193e+00
 500 -3.1902499541562672e-04  6.7033567871249830e-04 -1.7732355146430534e-03  4.1526338429046464e-03  0.0000000000000000e+00 -9.3288643941738982e+00
 501 -2.6741286399790048e-04  9.0240508255539601e-05 -2.1335282714104743e-04  4.5104033180998898e-03  0.0000000000000000e+00 -9.3850764953967030e+00
 502 -3.9887758993795142e-04 -7.1961030572886288e-04  1.4460160567101356e-03  4.2037346581709420e-03  0.0000000000000000e+00 -9.4185915704658072e+00
 503 -6.1162810617182363e-04 -8.2960188560963122e-04  2.8087848641036445e-03  3.1608560214516487e-03  0.0000000000000000e+00 -9.4151469055807002e+00
 504 -4.5039514735079419e-04 -5.5890454124953694e-05  3.7062782140879396e-03  1.3650653274935799e-03  0.0000000000000000e+00 -9.3896464060831910e+00
 505  1.1135496516098965e-04  8.3688966041888825e-04  4.0702103309529841e-03 -6.4405791195481002e-04  0.0000000000000000e+00 -9.3743186347130756e+00
 506  5.7175916631013821e-04  9.8868153193243185e-04  3.6782932917711320e-03 -2.2757514191317422e-03  0.0000000000000000e+00 -9.3920051729285294e+00
 507  3.6578099799644271e-04  3.5318100406268372e-04  2.4239731062273054e-03 -3.4750662519203506e-03  0.0000000000000000e+00 -9.4411034711664037e+00
 508 -4.2806596545906419e-04 -2.7859937444213185e-04  7.9784855215983129e-04 -4.3552421287556473e-03  0.0000000000000000e+00 -9.5002069275254826e+00
 509 -1.0267588177992372e-03 -4.0612544883801972e-04 -6.4851297771834895e-04 -4.6051150947431212e-03  0.0000000000000000e+00 -9.5473069761622682e+00
 510 -7.8144708668963876e-04 -2.1134030551937406e-04 -2.0203669179967593e-03 -3.8137333086950389e-03  0.0000000000000000e+00 -9.5628395825263830e+00
 511 -2.8270172187712336e-05 -8.2142533925157166e-05 -3.4038933803319906e-03 -2.2403771269816687e-03  0.0000000000000000e+00 -9.5446527574075031e+00
 512  3.3104925955874877e-04 -9.1037782457351972e-06 -4.1806931193600020e-03 -3.2487513217232958e-04  0.0000000000000000e+00 -9.5202117350830413e+00
