#     name              s    code  bx*ex  sqrt(bx*by)  dbx/dd*ex  bx*dex/dd  by*ex  dby/dd*ex by*dex/dd  ksix  ksiy  dbx/dd  bx/dd dex/dd
#                      [m]          [m]      [m]          [m]       [m]       [m]      [m]       [m]
#
   0 begin             0.00  0.0   0.024     8.818      -0.124    134.038    0.004    0.018     20.747   0.00   0.00  -115.536  16.457   5.980
   1 dh02g1a           4.29  0.0   0.025    14.286      -0.121    139.525    0.009   -0.029     52.743   0.00   0.00  -112.979  -27.241   6.005
   2 dft               4.32  0.0   0.025    14.333      -0.121    139.579    0.009   -0.030     53.072   0.00   0.00  -112.952  -27.650   6.005
   3 dft               4.34  0.0   0.025    14.380      -0.121    139.633    0.010   -0.030     53.402   0.00   0.00  -112.926  -28.060   6.005
   4 dh1g1a            4.65  0.0   0.025    15.060      -0.121    140.426    0.010   -0.037     58.277   0.00   0.00  -112.533  -34.086   6.007
   5 gs                4.65  0.0   0.025    15.060      -0.121    140.426    0.010   -0.037     58.277   0.00   0.00  -112.533  -34.086   6.007
   6 sh1               4.85  1.5   0.025    15.508      -0.120    140.962    0.011   -0.041     61.578   0.00   0.00  -112.290  -38.136   6.008
   7 dh1ag2a           4.94  0.0   0.025    15.700      -0.120    141.197    0.011   -0.043     63.024   0.00   0.00  -112.192  -39.900   6.008
   8 bpm               4.94  0.0   0.025    15.700      -0.120    141.197    0.011   -0.043     63.024   0.00   0.00  -112.192  -39.900   6.008
   9 dbpm01            5.01  0.0   0.025    15.877      -0.120    141.414    0.011   -0.044     64.364   0.00   0.00  -112.101  -41.533   6.009
  10 qh1               5.29 -1.0   0.027    16.518      -0.130    152.696    0.012   -0.049     67.689   0.34  -0.15  -118.375  -44.849   6.155
  11 dh2ag2a           5.43  0.0   0.029    16.859      -0.141    164.829    0.012   -0.051     68.625   0.34  -0.15  -125.386  -45.200   6.308
  12 sq                5.53  0.0   0.031    17.094      -0.149    173.568    0.012   -0.052     69.265   0.34  -0.15  -130.335  -45.434   6.414
  13 chv               5.53  0.0   0.031    17.094      -0.149    173.568    0.012   -0.052     69.265   0.34  -0.15  -130.335  -45.434   6.414
  14 sq                5.63  0.0   0.033    17.328      -0.157    182.614    0.012   -0.053     69.903   0.34  -0.15  -135.377  -45.662   6.520
  15 dh2bg2a           6.09  0.0   0.041    18.399      -0.199    228.299    0.013   -0.058     72.813   0.34  -0.15  -159.737  -46.615   7.007
  16 qh2               6.54  1.0   0.032    19.326      -0.149    179.356    0.015   -0.076     86.653  -1.11   0.55  -129.366  -66.381   6.451
  17 dh3ag2a           6.73  0.0   0.023    19.291      -0.101    130.124    0.017   -0.088     95.833  -1.11   0.55  -98.161  -85.844   5.789
  18 sh3               6.93 -1.5   0.016    18.794      -0.063     89.045    0.018   -0.099    102.850  -1.11   0.55  -69.705  -108.921   5.092
  19 dh3bg2a           7.11  0.0   0.011    17.929      -0.038     60.079    0.019   -0.105    106.249  -1.11   0.55  -47.669  -132.298   4.456
  20 qh3               7.39 -1.0   0.007    16.090      -0.018     36.841    0.018   -0.100     99.750  -0.75  -0.43  -26.875  -148.893   3.768
  21 dh4ag2a           7.46  0.0   0.006    15.586      -0.015     33.746    0.017   -0.096     96.062  -0.75  -0.43  -23.446  -147.480   3.653
  22 bpm               7.46  0.0   0.006    15.586      -0.015     33.746    0.017   -0.096     96.062  -0.75  -0.43  -23.446  -147.480   3.653
  23 dbpm02            7.55  0.0   0.005    14.966      -0.012     30.159    0.016   -0.091     91.549  -0.75  -0.43  -19.405  -145.733   3.511
  24 sh4               7.75 -1.5   0.004    13.611      -0.006     23.134    0.015   -0.080     81.761  -0.75  -0.43  -11.266  -141.890   3.195
  25 dh4bg2a           8.00  0.0   0.003    11.976      -0.001     16.083    0.012   -0.068     70.057  -0.75  -0.43  -2.779  -137.181   2.803
  26 dfch              8.15  0.0   0.002    11.016       0.001     12.638    0.011   -0.061     63.233  -0.75  -0.43   1.470  -134.365   2.566
  27 chv               8.15  0.0   0.002    11.016       0.001     12.638    0.011   -0.061     63.233  -0.75  -0.43   1.470  -134.365   2.566
  28 dfch              8.30  0.0   0.002    10.080       0.002      9.743    0.010   -0.054     56.585  -0.75  -0.43   5.060  -131.569   2.329
  29 ge                8.30  0.0   0.002    10.080       0.002      9.743    0.010   -0.054     56.585  -0.75  -0.43   5.060  -131.569   2.329
  30 dh4cg3a           8.33  0.0   0.002     9.887       0.002      9.200    0.010   -0.053     55.212  -0.75  -0.43   5.730  -130.984   2.280
  31 gs                8.33  0.0   0.002     9.887       0.002      9.200    0.010   -0.053     55.212  -0.75  -0.43   5.730  -130.984   2.280
  32 b1               10.95  0.5   0.367     7.071      -5.448     -5.819    2.545  -11.491    -40.331  -0.75  -0.43  -39.846  -84.050  -2.167
  33 ge               10.95  0.0   0.367     7.071      -5.448     -5.819    2.545  -11.491    -40.331  -0.75  -0.43  -39.846  -84.050  -2.167
  34 gs               10.95  0.0   0.367     7.071      -5.448     -5.819    2.545  -11.491    -40.331  -0.75  -0.43  -39.846  -84.050  -2.167
  35 dm1ag4a          11.45  0.0   0.922     9.279     -13.503    -14.969    3.340  -14.302    -54.241  -0.75  -0.43  -71.410  -75.635  -3.071
  36 dsch             11.55  0.0   1.079     9.720     -15.682    -17.575    3.488  -14.764    -56.832  -0.75  -0.43  -78.589  -73.987  -3.251
  37 chv              11.55  0.0   1.079     9.720     -15.682    -17.575    3.488  -14.764    -56.832  -0.75  -0.43  -78.589  -73.987  -3.251
  38 sm3              11.55  0.0   1.079     9.720     -15.682    -17.575    3.488  -14.764    -56.832  -0.75  -0.43  -78.589  -73.987  -3.251
  39 dsch             11.65  0.0   1.253    10.160     -18.073    -20.481    3.633  -15.193    -59.364  -0.75  -0.43  -86.061  -72.349  -3.432
  40 dm1bg4a          11.93  0.0   1.830    11.355     -25.781    -30.114    4.012  -16.208    -66.007  -0.75  -0.43  -108.033  -67.917  -3.926
  41 qm1              12.18 -1.0   2.677    12.399     -37.045    -44.376    4.218  -16.239    -69.933  -0.59  -0.68  -136.694  -59.920  -4.493
  42 dm2ag4a          12.38  0.0   3.708    13.107     -50.788    -61.887    4.229  -15.377    -70.590  -0.59  -0.68  -168.112  -50.898  -5.043
  43 sm1a             12.57 -1.5   4.977    13.675     -66.083    -82.801    4.172  -15.511    -69.412  -0.59  -0.68  -198.328  -46.552  -5.544
  44 dft1             12.81  0.0   6.790    14.160     -85.161   -111.512    4.031  -17.054    -66.193  -0.59  -0.68  -230.501  -46.159  -6.067
  45 dft              12.83  0.0   6.981    14.196     -87.120   -114.522    4.014  -17.190    -65.841  -0.59  -0.68  -233.639  -46.102  -6.117
  46 dft              12.85  0.0   7.176    14.230     -89.107   -117.585    3.996  -17.325    -65.480  -0.59  -0.68  -236.795  -46.040  -6.166
  47 dm2bg4a          13.14  0.0  10.116    14.526    -118.276   -163.650    3.710  -18.929    -60.022  -0.59  -0.68  -280.429  -44.881  -6.823
  48 bpm              13.14  0.0  10.116    14.526    -118.276   -163.650    3.710  -18.929    -60.022  -0.59  -0.68  -280.429  -44.881  -6.823
  49 dbpm03           13.23  0.0  11.088    14.557    -127.630   -178.800    3.613  -19.319    -58.259  -0.59  -0.68  -293.529  -44.431  -7.011
  50 qm2              13.51  1.0  12.889    14.558    -139.949   -204.570    3.434  -21.782    -54.497  -1.37  -0.48  -306.239  -47.665  -7.253
  51 dm2cg4a          13.70  0.0  12.901    14.554    -133.950   -201.876    3.429  -24.210    -53.656  -1.37  -0.48  -293.115  -52.977  -7.151
  52 sm2              13.95  1.5  12.918    14.564    -136.224   -203.462    3.429  -24.701    -54.007  -1.37  -0.48  -298.097  -54.052  -7.198
  53 dm2cg4b          14.13  0.0  12.932    14.582    -145.576   -208.498    3.434  -22.994    -55.363  -1.37  -0.48  -318.565  -50.318  -7.368
  54 qm2              14.41  1.0  11.159    14.604    -137.103   -185.420    3.613  -21.716    -60.035  -2.07  -0.25  -315.336  -49.948  -7.224
  55 dm2bg4b          14.92  0.0   6.183    14.107     -89.186   -108.441    4.090  -21.011    -71.730  -2.07  -0.25  -250.191  -58.940  -6.252
  56 sm1b             15.12 -1.5   4.717    13.667     -71.594    -84.178    4.192  -21.712    -74.817  -2.07  -0.25  -220.041  -66.731  -5.807
  57 dm2ag4b          15.38  0.0   3.175    12.881     -50.415    -57.450    4.232  -23.780    -76.571  -2.07  -0.25  -177.159  -83.563  -5.149
  58 bpm              15.38  0.0   3.175    12.881     -50.415    -57.450    4.232  -23.780    -76.571  -2.07  -0.25  -177.159  -83.563  -5.149
  59 dbpm04           15.46  0.0   2.747    12.564     -44.371    -49.981    4.218  -24.263    -76.742  -2.07  -0.25  -163.771  -89.554  -4.929
  60 qm1              15.71 -1.0   1.894    11.555     -32.401    -35.213    4.011  -24.280    -74.569  -1.95  -0.52  -135.822  -101.781  -4.435
  61 dm1eg4b          15.82  0.0   1.645    11.098     -28.945    -30.954    3.863  -23.783    -72.697  -1.95  -0.52  -127.428  -104.702  -4.274
  62 dfch             15.97  0.0   1.340    10.464     -24.561    -25.693    3.653  -22.998    -70.037  -1.95  -0.52  -116.150  -108.756  -4.054
  63 sm3              15.97  0.0   1.340    10.464     -24.561    -25.693    3.653  -22.998    -70.037  -1.95  -0.52  -116.150  -108.756  -4.054
  64 chv              15.97  0.0   1.340    10.464     -24.561    -25.693    3.653  -22.998    -70.037  -1.95  -0.52  -116.150  -108.756  -4.054
  65 dfch             16.12  0.0   1.077     9.825     -20.593    -21.087    3.436  -22.093    -67.276  -1.95  -0.52  -105.187  -112.849  -3.834
  66 ge               16.12  0.0   1.077     9.825     -20.593    -21.087    3.436  -22.093    -67.276  -1.95  -0.52  -105.187  -112.849  -3.834
  67 gs               16.12  0.0   1.077     9.825     -20.593    -21.087    3.436  -22.093    -67.276  -1.95  -0.52  -105.187  -112.849  -3.834
  68 dm1dg5b1         16.22  0.0   0.923     9.397     -18.171    -18.358    3.286  -21.422    -65.379  -1.95  -0.52  -98.053  -115.600  -3.687
  69 dpwg5b           16.42  0.0   0.662     8.539     -13.843    -13.662    2.977  -19.917    -61.442  -1.95  -0.52  -84.208  -121.153  -3.393
  70 dm1cg5b1         16.69  0.0   0.402     7.404      -9.104     -8.838    2.543  -17.570    -55.904  -1.95  -0.52  -66.663  -128.647  -3.002
  71 b1               19.31  0.5   0.000     9.211       0.005      1.878    0.002   -0.019     13.000  -1.95  -0.52  52.973  -207.016   0.536
  72 ge               19.31  0.0   0.000     9.211       0.005      1.878    0.002   -0.019     13.000  -1.95  -0.52  52.973  -207.016   0.536
  73 dl4bg6b          19.53  0.0   0.001    10.510       0.008      3.610    0.003   -0.030     19.999  -1.95  -0.52  58.608  -213.817   0.808
  74 gs               19.53  0.0   0.001    10.510       0.008      3.610    0.003   -0.030     19.999  -1.95  -0.52  58.608  -213.817   0.808
  75 dl4ag6b          19.90  0.0   0.001    12.829       0.015      8.159    0.006   -0.050     32.537  -1.95  -0.52  66.650  -225.521   1.270
  76 ql3              20.17 -1.0   0.003    14.551       0.023     15.268    0.007   -0.061     39.701  -1.65  -1.28  78.654  -206.531   1.692
  77 dbpm05           20.25  0.0   0.003    14.952       0.027     18.452    0.007   -0.063     40.583  -1.65  -1.28  83.976  -194.440   1.830
  78 bpm              20.25  0.0   0.003    14.952       0.027     18.452    0.007   -0.063     40.583  -1.65  -1.28  83.976  -194.440   1.830
  79 dl3cg6b          20.33  0.0   0.004    15.365       0.032     22.718    0.007   -0.063     41.258  -1.65  -1.28  90.328  -180.695   1.993
  80 sl3              20.53 -1.5   0.006    16.073       0.044     34.767    0.007   -0.063     41.468  -1.65  -1.28  105.207  -151.241   2.362
  81 dl3bg6b          20.69  0.0   0.008    16.400       0.055     46.782    0.007   -0.061     40.485  -1.65  -1.28  117.323  -129.864   2.654
  82 dsch             20.79  0.0   0.010    16.503       0.063     55.683    0.007   -0.059     39.408  -1.65  -1.28  125.197  -117.121   2.839
  83 chv              20.79  0.0   0.010    16.503       0.063     55.683    0.007   -0.059     39.408  -1.65  -1.28  125.197  -117.121   2.839
  84 dsch             20.89  0.0   0.012    16.524       0.071     65.643    0.007   -0.056     38.023  -1.65  -1.28  133.211  -105.022   3.023
  85 dl3ag6b          21.10  0.0   0.016    16.307       0.090     90.023    0.006   -0.049     34.314  -1.65  -1.28  150.338  -81.909   3.408
  86 ql2              21.55  1.0   0.017    15.198       0.090     97.149    0.005   -0.042     30.577  -3.40  -0.73  142.045  -67.124   3.586
  87 dl2cg6b          21.80  0.0   0.013    14.465       0.067     73.233    0.006   -0.044     31.422  -3.40  -0.73  114.552  -74.724   3.316
  88 sl2              22.00  1.5   0.010    13.772       0.052     57.198    0.006   -0.044     31.873  -3.40  -0.73  94.643  -81.034   3.100
  89 dl2bg6b          22.13  0.0   0.008    13.264       0.043     48.059    0.006   -0.045     32.045  -3.40  -0.73  82.586  -85.285   2.959
  90 dsch             22.23  0.0   0.007    12.849       0.037     41.788    0.006   -0.045     32.106  -3.40  -0.73  73.939  -88.584   2.851
  91 chv              22.23  0.0   0.007    12.849       0.037     41.788    0.006   -0.045     32.106  -3.40  -0.73  73.939  -88.584   2.851
  92 dsch             22.33  0.0   0.006    12.409       0.032     36.086    0.006   -0.045     32.101  -3.40  -0.73  65.759  -91.935   2.743
  93 dl2ag6b          22.46  0.0   0.005    11.795       0.026     29.420    0.006   -0.044     31.991  -3.40  -0.73  55.729  -96.411   2.601
  94 ql1              22.74 -1.0   0.004    10.443       0.018     22.096    0.005   -0.040     29.705  -3.10  -1.14  41.463  -92.959   2.453
  95 dl1ag6b          22.81  0.0   0.004    10.086       0.017     21.387    0.005   -0.038     28.623  -3.10  -1.14  38.959  -88.629   2.453
  96 bpm              22.81  0.0   0.004    10.086       0.017     21.387    0.005   -0.038     28.623  -3.10  -1.14  38.959  -88.629   2.453
  97 dbpm06           22.90  0.0   0.004     9.677       0.016     20.573    0.005   -0.036     27.382  -3.10  -1.14  36.091  -83.670   2.453
  98 sl1              23.10  1.5   0.003     8.783       0.013     18.795    0.004   -0.032     24.668  -3.10  -1.14  29.815  -72.839   2.452
  99 ge               23.10  0.0   0.003     8.783       0.013     18.795    0.004   -0.032     24.668  -3.10  -1.14  29.815  -72.839   2.452
 100 gs               23.10  0.0   0.003     8.783       0.013     18.795    0.004   -0.032     24.668  -3.10  -1.14  29.815  -72.839   2.452
 101 dl0bg1a          23.55  0.0   0.003     6.973       0.007     15.204    0.003   -0.022     19.190  -3.10  -1.14  17.141  -51.049   2.450
 102 dft              23.57  0.0   0.003     6.891       0.007     15.041    0.003   -0.022     18.941  -3.10  -1.14  16.565  -50.060   2.449
 103 dft              23.59  0.0   0.003     6.809       0.007     14.879    0.003   -0.021     18.694  -3.10  -1.14  15.992  -49.080   2.449
 104 dft2             23.64  0.0   0.003     6.622       0.006     14.508    0.003   -0.020     18.128  -3.10  -1.14  14.683  -46.839   2.449
 105 dldk             23.74  0.0   0.002     6.282       0.005     13.836    0.003   -0.019     17.103  -3.10  -1.14  12.309  -42.779   2.449
 106 dl01g1a          26.40  0.0   0.001     1.524      -0.009      4.587    0.001    0.004      3.005  -3.10  -1.14  -20.203  10.146   2.436
 107 dl02g1a          29.20  0.0   0.003     6.765       0.007     14.630    0.003   -0.026     18.359  -3.10  -1.14  16.465  -60.907   2.422
 108 dldk             29.29  0.0   0.003     7.122       0.008     15.323    0.003   -0.028     19.416  -3.10  -1.14  18.984  -65.598   2.422
 109 dft2             29.34  0.0   0.003     7.318       0.009     15.704    0.004   -0.030     19.999  -3.10  -1.14  20.370  -68.178   2.422
 110 dft              29.36  0.0   0.003     7.404       0.009     15.870    0.004   -0.030     20.253  -3.10  -1.14  20.976  -69.304   2.422
 111 dft              29.39  0.0   0.003     7.490       0.009     16.038    0.004   -0.031     20.509  -3.10  -1.14  21.586  -70.438   2.421
 112 dl0ag1a          29.70  0.0   0.003     8.783       0.013     18.552    0.004   -0.038     24.349  -3.10  -1.14  30.732  -87.405   2.420
 113 ge               29.70  0.0   0.003     8.783       0.013     18.552    0.004   -0.038     24.349  -3.10  -1.14  30.732  -87.405   2.420
 114 gs               29.70  0.0   0.003     8.783       0.013     18.552    0.004   -0.038     24.349  -3.10  -1.14  30.732  -87.405   2.420
 115 sl1              29.90  1.5   0.004     9.677       0.016     20.292    0.005   -0.043     27.007  -3.10  -1.14  37.063  -99.119   2.419
 116 dl1ag2a          29.99  0.0   0.004    10.097       0.017     21.107    0.005   -0.045     28.253  -3.10  -1.14  40.033  -104.607   2.419
 117 bpm              29.99  0.0   0.004    10.097       0.017     21.107    0.005   -0.045     28.253  -3.10  -1.14  40.033  -104.607   2.419
 118 dbpm07           30.06  0.0   0.004    10.443       0.018     21.780    0.005   -0.047     29.280  -3.10  -1.14  42.480  -109.125   2.418
 119 ql1              30.34 -1.0   0.005    11.795       0.026     28.968    0.006   -0.051     31.499  -2.71  -1.56  56.955  -111.863   2.561
 120 dl2ag2a          30.47  0.0   0.006    12.409       0.033     35.516    0.006   -0.051     31.594  -2.71  -1.56  67.159  -106.170   2.699
 121 dsch             30.57  0.0   0.007    12.849       0.038     41.116    0.006   -0.051     31.589  -2.71  -1.56  75.481  -101.919   2.805
 122 chv              30.57  0.0   0.007    12.849       0.038     41.116    0.006   -0.051     31.589  -2.71  -1.56  75.481  -101.919   2.805
 123 dsch             30.67  0.0   0.008    13.264       0.044     47.272    0.006   -0.051     31.521  -2.71  -1.56  84.275  -97.742   2.910
 124 dl2bg2a          30.80  0.0   0.010    13.772       0.053     56.242    0.006   -0.051     31.340  -2.71  -1.56  96.535  -92.373   3.049
 125 sl2              31.00  1.5   0.013    14.465       0.068     71.976    0.006   -0.049     30.883  -2.71  -1.56  116.775  -84.432   3.259
 126 dl2cg2a          31.25  0.0   0.017    15.198       0.092     95.434    0.005   -0.047     30.037  -2.71  -1.56  144.719  -74.919   3.523
 127 ql2              31.70  1.0   0.016    16.307       0.092     88.362    0.006   -0.053     33.681  -4.42  -0.91  152.862  -88.991   3.345
 128 dl3ag2a          31.90  0.0   0.012    16.524       0.072     64.400    0.007   -0.060     37.303  -4.42  -0.91  135.247  -112.889   2.966
 129 dsch             32.00  0.0   0.010    16.503       0.064     54.614    0.007   -0.063     38.651  -4.42  -0.91  127.017  -125.360   2.784
 130 chv              32.00  0.0   0.010    16.503       0.064     54.614    0.007   -0.063     38.651  -4.42  -0.91  127.017  -125.360   2.784
 131 dsch             32.10  0.0   0.008    16.400       0.056     45.869    0.007   -0.065     39.695  -4.42  -0.91  118.939  -138.472   2.602
 132 dl3bg2a          32.26  0.0   0.006    16.073       0.044     34.068    0.007   -0.067     40.634  -4.42  -0.91  106.526  -160.422   2.315
 133 sl3              32.46 -1.5   0.004    15.365       0.032     22.239    0.007   -0.067     40.388  -4.42  -0.91  91.312  -190.592   1.950
 134 dl3cg2a          32.55  0.0   0.003    14.940       0.027     17.951    0.007   -0.066     39.681  -4.42  -0.91  84.660  -205.021   1.786
 135 bpm              32.55  0.0   0.003    14.940       0.027     17.951    0.007   -0.066     39.681  -4.42  -0.91  84.660  -205.021   1.786
 136 dbpm08           32.62  0.0   0.003    14.551       0.024     14.929    0.007   -0.065     38.819  -4.42  -0.91  79.401  -216.998   1.654
 137 ql3              32.90 -1.0   0.001    12.829       0.015      7.953    0.006   -0.053     31.715  -4.21  -1.75  67.127  -235.729   1.238
 138 dl4ag2a          33.47  0.0   0.000     9.318       0.005      1.913    0.002   -0.021     12.981  -4.21  -1.75  53.632  -214.841   0.535
 139 ge               33.47  0.0   0.000     9.318       0.005      1.913    0.002   -0.021     12.981  -4.21  -1.75  53.632  -214.841   0.535
 140 dl4bg3a          33.49  0.0   0.000     9.211       0.005      1.793    0.002   -0.020     12.410  -4.21  -1.75  53.124  -214.180   0.512
 141 gs               33.49  0.0   0.000     9.211       0.005      1.793    0.002   -0.020     12.410  -4.21  -1.75  53.124  -214.180   0.512
 142 b1               36.11  0.5   0.402     7.404      -9.060     -8.644    2.543  -16.937    -54.677  -4.21  -1.75  -66.338  -124.015  -2.936
 143 ge               36.11  0.0   0.402     7.404      -9.060     -8.644    2.543  -16.937    -54.677  -4.21  -1.75  -66.338  -124.015  -2.936
 144 gs               36.11  0.0   0.402     7.404      -9.060     -8.644    2.543  -16.937    -54.677  -4.21  -1.75  -66.338  -124.015  -2.936
 145 dm1ag4a          36.61  0.0   0.975     9.547     -18.873    -18.825    3.339  -20.429    -64.480  -4.21  -1.75  -99.872  -108.107  -3.649
 146 sq               36.71  0.0   1.135     9.974     -21.334    -21.574    3.487  -20.940    -66.298  -4.21  -1.75  -106.975  -104.998  -3.792
 147 chv              36.71  0.0   1.135     9.974     -21.334    -21.574    3.487  -20.940    -66.298  -4.21  -1.75  -106.975  -104.998  -3.792
 148 sm3              36.71  0.0   1.135     9.974     -21.334    -21.574    3.487  -20.940    -66.298  -4.21  -1.75  -106.975  -104.998  -3.792
 149 sq               36.81  0.0   1.312    10.400     -23.973    -24.592    3.632  -21.390    -68.071  -4.21  -1.75  -114.215  -101.911  -3.934
 150 dm1bg4a          37.08  0.0   1.894    11.555     -32.145    -34.337    4.011  -22.320    -72.712  -4.21  -1.75  -134.752  -93.566  -4.324
 151 qm1              37.33 -1.0   2.747    12.564     -43.996    -48.716    4.218  -21.925    -74.800  -4.05  -2.00  -162.387  -80.925  -4.805
 152 dm2a2g4a         37.53  0.0   3.785    13.247     -58.374    -66.320    4.229  -20.416    -74.099  -4.05  -2.00  -193.267  -67.593  -5.292
 153 sm1a             37.73 -1.5   5.059    13.790     -74.017    -87.023    4.172  -19.749    -71.772  -4.05  -2.00  -222.177  -59.281  -5.731
 154 dft1             37.97  0.0   6.873    14.249     -93.043   -115.029    4.031  -20.207    -67.459  -4.05  -2.00  -251.868  -54.700  -6.182
 155 dft              37.99  0.0   7.064    14.282     -94.970   -117.944    4.014  -20.234    -67.016  -4.05  -2.00  -254.724  -54.271  -6.225
 156 dft              38.01  0.0   7.259    14.314     -96.920   -120.908    3.996  -20.259    -66.567  -4.05  -2.00  -257.589  -53.843  -6.267
 157 dm2b2g4a         38.30  0.0  10.191    14.581    -125.077   -165.130    3.711  -20.329    -60.122  -4.05  -2.00  -296.578  -48.204  -6.833
 158 bpm              38.30  0.0  10.191    14.581    -125.077   -165.130    3.711  -20.329    -60.122  -4.05  -2.00  -296.578  -48.204  -6.833
 159 dbpm09           38.39  0.0  11.159    14.604    -133.946   -179.556    3.613  -20.263    -58.136  -4.05  -2.00  -308.076  -46.605  -6.996
 160 qm2              38.67  1.0  12.932    14.582    -143.255   -202.383    3.434  -21.198    -53.739  -4.82  -1.79  -313.484  -46.387  -7.152
 161 dm2cg4a          38.85  0.0  12.918    14.564    -134.744   -197.780    3.429  -22.634    -52.499  -4.82  -1.79  -294.858  -49.531  -6.997
 162 sm2              39.10  1.5  12.901    14.554    -133.615   -196.782    3.429  -21.780    -52.302  -4.82  -1.79  -292.383  -47.660  -6.971
 163 dm2cg4b          39.29  0.0  12.889    14.558    -140.454   -199.906    3.434  -19.089    -53.254  -4.82  -1.79  -307.344  -41.770  -7.088
 164 qm2              39.57  1.0  11.088    14.557    -129.217   -175.371    3.613  -16.089    -57.141  -5.53  -1.56  -297.179  -37.003  -6.877
 165 dm2b2g4b         40.07  0.0   6.100    14.009     -80.349    -99.468    4.090  -12.267    -66.689  -5.53  -1.56  -225.367  -34.407  -5.814
 166 sm1b             40.27 -1.5   4.636    13.547     -63.063    -75.958    4.192  -11.992    -68.689  -5.53  -1.56  -193.786  -36.851  -5.332
 167 dm2a2g4b         40.53  0.0   3.101    12.727     -42.733    -50.415    4.232  -13.103    -68.794  -5.53  -1.56  -150.123  -46.031  -4.627
 168 bpm              40.53  0.0   3.101    12.727     -42.733    -50.415    4.232  -13.103    -68.794  -5.53  -1.56  -150.123  -46.031  -4.627
 169 dbpm10           40.62  0.0   2.677    12.399     -37.054    -43.374    4.218  -13.361    -68.353  -5.53  -1.56  -136.727  -49.299  -4.391
 170 qm1              40.87 -1.0   1.830    11.355     -25.788    -29.434    4.012  -13.263    -64.515  -5.40  -1.83  -108.062  -55.576  -3.838
 171 dm1eg4b          40.98  0.0   1.583    10.882     -22.511    -25.389    3.864  -12.913    -61.983  -5.40  -1.83  -99.057  -56.822  -3.645
 172 dfch             41.13  0.0   1.281    10.226     -18.456    -20.472    3.654  -12.388    -58.392  -5.40  -1.83  -87.234  -58.552  -3.381
 173 sm3              41.13  0.0   1.281    10.226     -18.456    -20.472    3.654  -12.388    -58.392  -5.40  -1.83  -87.234  -58.552  -3.381
 174 chv              41.13  0.0   1.281    10.226     -18.456    -20.472    3.654  -12.388    -58.392  -5.40  -1.83  -87.234  -58.552  -3.381
 175 dfch             41.28  0.0   1.022     9.566     -14.901    -16.256    3.437  -11.812    -54.673  -5.40  -1.83  -76.068  -60.297  -3.116
 176 ge               41.28  0.0   1.022     9.566     -14.901    -16.256    3.437  -11.812    -54.673  -5.40  -1.83  -76.068  -60.297  -3.116
 177 gs               41.28  0.0   1.022     9.566     -14.901    -16.256    3.437  -11.812    -54.673  -5.40  -1.83  -76.068  -60.297  -3.116
 178 dm1dg5b2         41.38  0.0   0.871     9.124     -12.793    -13.807    3.287  -11.399    -52.122  -5.40  -1.83  -68.990  -61.470  -2.940
 179 dpwg5b           41.58  0.0   0.617     8.239      -9.166     -9.702    2.978  -10.503    -46.841  -5.40  -1.83  -55.712  -63.838  -2.587
 180 dm1cg5b2         41.85  0.0   0.367     7.071      -5.450     -5.689    2.545   -9.165    -39.434  -5.40  -1.83  -39.865  -67.032  -2.118
 181 b1               44.47  0.5   0.002     9.887       0.002      9.026    0.010   -0.040     54.169  -5.40  -1.83   5.759  -100.110   2.237
 182 ge               44.47  0.0   0.002     9.887       0.002      9.026    0.010   -0.040     54.169  -5.40  -1.83   5.759  -100.110   2.237
 183 dh4cg6b          44.68  0.0   0.002    11.237       0.000     13.148    0.011   -0.048     63.641  -5.40  -1.83   0.576  -102.933   2.574
 184 gs               44.68  0.0   0.002    11.237       0.000     13.148    0.011   -0.048     63.641  -5.40  -1.83   0.576  -102.933   2.574
 185 dfch             44.83  0.0   0.003    12.202      -0.002     16.673    0.013   -0.053     70.422  -5.40  -1.83  -3.822  -104.907   2.808
 186 chv              44.83  0.0   0.003    12.202      -0.002     16.673    0.013   -0.053     70.422  -5.40  -1.83  -3.822  -104.907   2.808
 187 dfch             44.98  0.0   0.004    13.187      -0.005     20.800    0.014   -0.059     77.381  -5.40  -1.83  -8.878  -106.895   3.042
 188 dh4bg6b          45.05  0.0   0.004    13.611      -0.006     22.746    0.015   -0.061     80.390  -5.40  -1.83  -11.223  -107.743   3.142
 189 sh4              45.25 -1.5   0.005    14.966      -0.012     29.667    0.016   -0.069     90.057  -5.40  -1.83  -19.356  -110.435   3.454
 190 dh4ag6b          45.34  0.0   0.006    15.583      -0.015     33.187    0.017   -0.072     94.496  -5.40  -1.83  -23.377  -111.655   3.594
 191 bpm              45.34  0.0   0.006    15.583      -0.015     33.187    0.017   -0.072     94.496  -5.40  -1.83  -23.377  -111.655   3.594
 192 dbpm11           45.41  0.0   0.007    16.090      -0.018     36.253    0.018   -0.075     98.157  -5.40  -1.83  -26.822  -112.652   3.707
 193 qh3              45.68 -1.0   0.011    17.929      -0.038     59.146    0.019   -0.079    104.600  -4.90  -2.72  -47.601  -99.048   4.387
 194 dh3bg6b          45.87  0.0   0.016    18.794      -0.063     87.682    0.018   -0.073    101.275  -4.90  -2.72  -69.620  -80.359   5.014
 195 sh3              46.07 -1.5   0.023    19.291      -0.101    128.155    0.017   -0.064     94.382  -4.90  -2.72  -98.055  -62.018   5.701
 196 dh3ag6b          46.26  0.0   0.032    19.326      -0.148    176.665    0.015   -0.054     85.353  -4.90  -2.72  -129.239  -46.668   6.354
 197 qh2              46.71  1.0   0.041    18.399      -0.199    224.932    0.013   -0.038     71.740  -6.61  -2.17  -159.594  -30.510   6.904
 198 dh2bg6b          47.19  0.0   0.032    17.269      -0.155    177.715    0.012   -0.032     68.735  -6.61  -2.17  -133.993  -28.071   6.400
 199 dsch             47.29  0.0   0.031    17.035      -0.147    168.887    0.012   -0.031     68.110  -6.61  -2.17  -128.980  -27.551   6.296
 200 chv              47.29  0.0   0.031    17.035      -0.147    168.887    0.012   -0.031     68.110  -6.61  -2.17  -128.980  -27.551   6.296
 201 dsch             47.39  0.0   0.029    16.801      -0.139    160.360    0.012   -0.030     67.482  -6.61  -2.17  -124.060  -27.026   6.192
 202 dh2ag6b          47.51  0.0   0.027    16.518      -0.130    150.519    0.012   -0.029     66.724  -6.61  -2.17  -118.277  -26.388   6.067
 203 qh1              47.78 -1.0   0.025    15.877      -0.120    139.426    0.011   -0.025     63.459  -6.28  -2.32  -112.013  -23.183   5.924
 204 dh1ag6b          47.86  0.0   0.025    15.701      -0.120    139.221    0.011   -0.023     62.148  -6.28  -2.32  -112.105  -21.841   5.924
 205 bpm              47.86  0.0   0.025    15.701      -0.120    139.221    0.011   -0.023     62.148  -6.28  -2.32  -112.105  -21.841   5.924
 206 dbpm12           47.95  0.0   0.025    15.508      -0.120    138.998    0.011   -0.022     60.720  -6.28  -2.32  -112.204  -20.381   5.924
 207 sh1              48.15  1.5   0.025    15.060      -0.120    138.491    0.010   -0.018     57.473  -6.28  -2.32  -112.451  -17.063   5.924
 208 ge               48.15  0.0   0.025    15.060      -0.120    138.491    0.010   -0.018     57.473  -6.28  -2.32  -112.451  -17.063   5.924
 209 dh2g1a           48.59  0.0   0.025    14.107      -0.121    137.446    0.009   -0.011     50.799  -6.28  -2.32  -113.005  -10.278   5.923
 210 dft              48.61  0.0   0.025    14.060      -0.121    137.397    0.009   -0.011     50.484  -6.28  -2.32  -113.031  -9.959   5.923
 211 dft              48.63  0.0   0.025    14.014      -0.121    137.347    0.009   -0.010     50.170  -6.28  -2.32  -113.057  -9.642   5.923
 212 dh01g1a          52.80  0.0   0.024     8.818      -0.124    132.652    0.004    0.018     20.532  -6.28  -2.32  -115.536  16.457   5.918
 213 cav              52.80  0.0   0.024     8.818      -0.124    132.652    0.004    0.018     20.532  -6.28  -2.32  -115.536  16.457   5.918
