  2 s1      2  1  0.000e+00  0.000e+00
  3 qd2    11  1  0.000e+00  0.000e+00
  7 qf2    10  1 -1.410e-09  0.000e+00
  8 s2      3  1 -1.410e-09  0.000e+00
  9 qf2    10  2 -2.349e-09  0.000e+00
 13 qd2    11  2 -3.555e-08  0.000e+00
 14 s3      4  1 -3.555e-08  0.000e+00
 15 qd2    11  3 -4.229e-08  0.000e+00
 19 qf3    12  1 -2.138e-07  0.000e+00
 20 s4      5  1 -2.138e-07  0.000e+00
 21 qf3    12  2 -2.440e-07  0.000e+00
 23 qd3    13  1 -2.951e-07  0.000e+00
 24 s5      6  1 -2.951e-07  0.000e+00
 25 qd3    13  2 -3.172e-07  0.000e+00
 30 qd3    13  3 -6.551e-07  0.000e+00
 31 s5      6  2 -6.551e-07  0.000e+00
 32 qd3    13  4 -6.981e-07  0.000e+00
 34 qf3    12  3 -8.131e-07  0.000e+00
 35 s4      5  2 -8.131e-07  0.000e+00
 36 qf3    12  4 -8.717e-07  0.000e+00
 40 qd2    11  4 -1.365e-06  0.000e+00
 41 s3      4  2 -1.365e-06  0.000e+00
 42 qd2    11  5 -1.419e-06  0.000e+00
 46 qf2    10  3 -2.024e-06  0.000e+00
 47 s2      3  2 -2.024e-06  0.000e+00
 48 qf2    10  4 -2.111e-06  0.000e+00
 52 qd2    11  6 -2.954e-06  0.000e+00
 53 s1      2  2 -2.954e-06  0.000e+00
