   0 begin             0.00  0.0   2.87  0.0000   9.07  0.0000
   1 dh0g1a            4.65  0.0   2.58 -0.0010   5.97 -0.0170
   2 ge                4.65  0.0   2.58 -0.0010   5.97 -0.0170
   3 gs                4.65  0.0   2.58 -0.0010   5.97 -0.0170
   4 sh1               4.85  1.5   2.56 -0.0011   5.45 -0.0172
   5 dh1ag2a           4.94  0.0   2.55 -0.0011   5.23 -0.0172
   6 bpm               4.94  0.0   2.55 -0.0011   5.23 -0.0172
   7 dbpm              5.03  0.0   2.54 -0.0011   5.01 -0.0173
   8 qh1sp01           5.28 -1.0   2.13 -0.0011   4.79 -0.0175
   9 dh2ag2a           5.43  0.0   1.67 -0.0012   4.89 -0.0176
  10 sq1hsp01          5.53  0.0   1.39 -0.0012   4.95 -0.0177
  11 ch                5.53  0.0   1.39 -0.0012   4.95 -0.0177
  12 cv                5.53  0.0   1.39 -0.0012   4.95 -0.0177
  13 sq1hsp01          5.63  0.0   1.12 -0.0012   5.00 -0.0177
  14 dh2bg2a           5.79  0.0   0.71 -0.0012   5.09 -0.0179
  15 sh2               5.99  0.0   0.22 -0.0012   5.20 -0.0180
  16 dh2cg2a           6.14  0.0  -0.13 -0.0012   5.27 -0.0181
  17 qh2sp01           6.54  1.0  -0.59 -0.0012   5.02 -0.0184
  18 dh3ag2a           6.73  0.0  -0.62 -0.0012   4.74 -0.0185
  19 sh3               6.93 -1.5  -0.66 -0.0012   4.49 -0.0186
  20 dh3bg2a           7.13  0.0  -0.71 -0.0011   4.30 -0.0187
  21 qh3sp01           7.38 -1.0  -0.75 -0.0011   4.04 -0.0187
  22 dh4ag2a           7.46  0.0  -0.75 -0.0011   3.94 -0.0187
  23 bpm               7.46  0.0  -0.75 -0.0011   3.94 -0.0187
  24 dbpm              7.55  0.0  -0.75 -0.0011   3.84 -0.0188
  25 sh4               7.75 -1.5  -0.74 -0.0011   3.60 -0.0188
  26 dh4bg2a           8.00  0.0  -0.74 -0.0010   3.29 -0.0189
  27 dfch              8.15  0.0  -0.73 -0.0010   3.11 -0.0189
  28 ch                8.15  0.0  -0.73 -0.0010   3.11 -0.0189
  29 cv                8.15  0.0  -0.73 -0.0010   3.11 -0.0189
  30 dfch              8.30  0.0  -0.71 -0.0009   2.92 -0.0189
  31 ge                8.30  0.0  -0.71 -0.0009   2.92 -0.0189
  32 dh4cg3a           8.33  0.0  -0.71 -0.0009   2.88 -0.0189
  33 gs                8.33  0.0  -0.71 -0.0009   2.88 -0.0189
  34 b1sp01           10.95  0.5   0.06 -0.0017  -0.78 -0.0191
  35 dm1ag3a          11.32  0.0  -0.10 -0.0017  -1.34 -0.0191
  36 dfch             11.47  0.0  -0.15 -0.0017  -1.57 -0.0191
  37 ch               11.47  0.0  -0.15 -0.0017  -1.57 -0.0191
  38 cv               11.47  0.0  -0.15 -0.0017  -1.57 -0.0191
  39 dfch             11.62  0.0  -0.19 -0.0017  -1.81 -0.0191
  40 dm1bg3a          11.93  0.0  -0.26 -0.0017  -2.30 -0.0190
  41 ge               11.93  0.0  -0.26 -0.0017  -2.30 -0.0190
  42 gs               11.93  0.0  -0.26 -0.0017  -2.30 -0.0190
  43 qm1sp01          12.18 -1.0  -0.31 -0.0017  -2.71 -0.0189
  44 dm2ag4a          12.38  0.0  -0.33 -0.0016  -3.06 -0.0189
  45 sm1l             12.58 -1.5  -0.35 -0.0016  -3.46 -0.0188
  46 dm2bg4a          13.16  0.0  -0.39 -0.0016  -4.88 -0.0185
  47 bpm              13.16  0.0  -0.39 -0.0016  -4.88 -0.0185
  48 dbpm             13.25  0.0  -0.40 -0.0016  -5.13 -0.0184
  49 qm2sp01          13.50  1.0  -0.41 -0.0016  -5.91 -0.0181
  50 dm2cg4a          13.70  0.0  -0.42 -0.0016  -6.53 -0.0179
  51 sm2              13.95  1.5  -0.43 -0.0016  -7.28 -0.0175
  52 dm2cg4b          14.15  0.0  -0.44 -0.0016  -7.86 -0.0172
  53 qm2sp01          14.40  1.0  -0.45 -0.0016  -8.53 -0.0168
  54 dm2bg4b          14.92  0.0  -0.48 -0.0016  -9.57 -0.0161
  55 du_sm1r          14.92  0.0  -0.48 -0.0016  -9.57 -0.0161
  56 sm1r             15.12 -1.5  -0.50 -0.0016  -9.87 -0.0159
  57 dd_sm1r          15.12  0.0  -0.50 -0.0016  -9.87 -0.0159
  58 dm2ag4b          15.38  0.0  -0.52 -0.0015 -10.21 -0.0156
  59 bpm              15.38  0.0  -0.52 -0.0015 -10.21 -0.0156
  60 dbpm             15.46  0.0  -0.53 -0.0015 -10.31 -0.0155
  61 qm1sp01          15.71 -1.0  -0.56 -0.0015 -10.57 -0.0153
  62 dm1eg4b          15.93  0.0  -0.59 -0.0015 -10.78 -0.0151
  63 dfch             16.08  0.0  -0.62 -0.0014 -10.92 -0.0149
  64 cv               16.08  0.0  -0.62 -0.0014 -10.92 -0.0149
  65 ch               16.08  0.0  -0.62 -0.0014 -10.92 -0.0149
  66 dfch             16.23  0.0  -0.64 -0.0014 -11.05 -0.0148
  67 ge               16.23  0.0  -0.64 -0.0014 -11.05 -0.0148
  68 gs               16.23  0.0  -0.64 -0.0014 -11.05 -0.0148
  69 dm1dg5b          16.29  0.0  -0.65 -0.0014 -11.10 -0.0147
  70 dpwg5b           16.49  0.0  -0.69 -0.0013 -11.27 -0.0145
  71 dm1cg5b          16.69  0.0  -0.72 -0.0013 -11.44 -0.0143
  72 b1sp01           19.31  0.5   0.47 -0.0016 -13.00 -0.0119
  73 ge               19.31  0.0   0.47 -0.0016 -13.00 -0.0119
  74 dl4bg6b          19.53  0.0   0.41 -0.0016 -13.09 -0.0117
  75 gs               19.53  0.0   0.41 -0.0016 -13.09 -0.0117
  76 dfch             19.68  0.0   0.37 -0.0016 -13.15 -0.0116
  77 cv               19.68  0.0   0.37 -0.0016 -13.15 -0.0116
  78 ch               19.68  0.0   0.37 -0.0016 -13.15 -0.0116
  79 dfch             19.83  0.0   0.33 -0.0016 -13.21 -0.0115
  80 sl4              19.83  0.0   0.33 -0.0016 -13.21 -0.0115
  81 dl4ag6b          19.91  0.0   0.32 -0.0017 -13.24 -0.0114
  82 ql3sp01          20.16 -1.0   0.32 -0.0017 -13.38 -0.0112
  83 dbpm             20.25  0.0   0.35 -0.0017 -13.45 -0.0111
  84 bpm              20.25  0.0   0.35 -0.0017 -13.45 -0.0111
  85 dl3bg6b          20.33  0.0   0.36 -0.0017 -13.53 -0.0110
  86 sl3              20.53 -1.5   0.40 -0.0017 -13.72 -0.0108
  87 dl3ag6b          21.15  0.0   0.47 -0.0017 -14.50 -0.0097
  88 ql2sp01          21.55  1.0   0.54 -0.0017 -15.18 -0.0086
  89 dl2cg6b          21.80  0.0   0.62 -0.0017 -15.56 -0.0079
  90 sl2              22.00  1.5   0.70 -0.0017 -15.80 -0.0074
  91 dl2bg6b          22.14  0.0   0.77 -0.0017 -15.95 -0.0071
  92 dsch             22.24  0.0   0.82 -0.0018 -16.05 -0.0068
  93 cv               22.24  0.0   0.82 -0.0018 -16.05 -0.0068
  94 ch               22.24  0.0   0.82 -0.0018 -16.05 -0.0068
  95 dsch             22.34  0.0   0.88 -0.0018 -16.14 -0.0066
  96 dl2ag6b          22.47  0.0   0.97 -0.0018 -16.25 -0.0063
  97 ql1sp01          22.72 -1.0   1.03 -0.0018 -16.31 -0.0058
  98 dl1ag6b          22.81  0.0   1.00 -0.0018 -16.28 -0.0056
  99 bpm              22.81  0.0   1.00 -0.0018 -16.28 -0.0056
 100 dbpm             22.90  0.0   0.96 -0.0019 -16.26 -0.0054
 101 sl1              23.10 -1.5   0.89 -0.0019 -16.17 -0.0049
 102 ge               23.10  0.0   0.89 -0.0019 -16.17 -0.0049
 103 gs               23.10  0.0   0.89 -0.0019 -16.17 -0.0049
 104 dl0g1a           26.40  0.0  -1.78 -0.0006  16.25  0.0003
 105 dl0g1a           29.70  0.0   0.93  0.0006  -7.21 -0.0204
 106 ge               29.70  0.0   0.93  0.0006  -7.21 -0.0204
 107 gs               29.70  0.0   0.93  0.0006  -7.21 -0.0204
 108 sl1              29.90 -1.5   1.00  0.0005  -7.75 -0.0202
 109 dl1ag2a          29.99  0.0   1.03  0.0005  -7.97 -0.0201
 110 bpm              29.99  0.0   1.03  0.0005  -7.97 -0.0201
 111 dbpm             30.07  0.0   1.06  0.0005  -8.17 -0.0200
 112 ql1sp02          30.32 -1.0   1.03  0.0005  -8.61 -0.0197
 113 dl2ag2a          30.46  0.0   0.95  0.0005  -8.79 -0.0195
 114 dsch             30.56  0.0   0.90  0.0004  -8.92 -0.0194
 115 ch               30.56  0.0   0.90  0.0004  -8.92 -0.0194
 116 cv               30.56  0.0   0.90  0.0004  -8.92 -0.0194
 117 dsch             30.66  0.0   0.86  0.0004  -9.06 -0.0193
 118 dl2bg2a          30.80  0.0   0.80  0.0004  -9.26 -0.0191
 119 sl2              31.00  1.5   0.74  0.0004  -9.55 -0.0188
 120 dl2cg2a          31.25  0.0   0.67  0.0004  -9.93 -0.0184
 121 ql2sp02          31.65  1.0   0.60  0.0004 -10.52 -0.0176
 122 dl3ag2a          32.26  0.0   0.52  0.0004 -11.06 -0.0168
 123 sl3              32.46 -1.5   0.48  0.0003 -11.17 -0.0166
 124 dl3bg2a          32.55  0.0   0.45  0.0003 -11.22 -0.0165
 125 bpm              32.55  0.0   0.45  0.0003 -11.22 -0.0165
 126 dbpm             32.64  0.0   0.43  0.0003 -11.25 -0.0164
 127 ql3sp02          32.89 -1.0   0.39  0.0003 -11.39 -0.0162
 128 dl4ag2a          33.17  0.0   0.39  0.0003 -11.59 -0.0160
 129 sl4              33.17  0.0   0.39  0.0003 -11.59 -0.0160
 130 dfch             33.32  0.0   0.38  0.0003 -11.69 -0.0159
 131 ch               33.32  0.0   0.38  0.0003 -11.69 -0.0159
 132 cv               33.32  0.0   0.38  0.0003 -11.69 -0.0159
 133 dfch             33.47  0.0   0.38  0.0002 -11.80 -0.0158
 134 ge               33.47  0.0   0.38  0.0002 -11.80 -0.0158
 135 dl4bg3a          33.49  0.0   0.38  0.0002 -11.81 -0.0158
 136 gs               33.49  0.0   0.38  0.0002 -11.81 -0.0158
 137 b1sp02           36.11  0.5  -0.08  0.0006 -13.46 -0.0133
 138 dm1ag3a          36.47  0.0   0.01  0.0006 -13.65 -0.0128
 139 sq2hsp02         36.62  0.0   0.03  0.0006 -13.73 -0.0127
 140 ch               36.62  0.0   0.03  0.0006 -13.73 -0.0127
 141 cv               36.62  0.0   0.03  0.0006 -13.73 -0.0127
 142 sq2hsp02         36.77  0.0   0.06  0.0006 -13.80 -0.0125
 143 dm1bg3a          37.08  0.0   0.09  0.0006 -13.95 -0.0121
 144 ge               37.08  0.0   0.09  0.0006 -13.95 -0.0121
 145 gs               37.08  0.0   0.09  0.0006 -13.95 -0.0121
 146 qm1sp02          37.33 -1.0   0.12  0.0006 -14.06 -0.0118
 147 dm2a2g4b         37.53  0.0   0.13  0.0006 -14.15 -0.0115
 148 sm1l             37.73 -1.5   0.14  0.0006 -14.24 -0.0112
 149 dm2b2g4b         38.31  0.0   0.16  0.0006 -14.50 -0.0100
 150 bpm              38.31  0.0   0.16  0.0006 -14.50 -0.0100
 151 dbpm             38.40  0.0   0.17  0.0006 -14.53 -0.0098
 152 qm2sp02          38.65  1.0   0.17  0.0006 -14.61 -0.0091
 153 dm2cg4a          38.85  0.0   0.18  0.0006 -14.64 -0.0085
 154 sm2              39.10  1.5   0.19  0.0006 -14.65 -0.0078
 155 dm2cg4b          39.30  0.0   0.19  0.0006 -14.62 -0.0072
 156 qm2sp02          39.55  1.0   0.20  0.0006 -14.54 -0.0065
 157 dm2b2g4a         40.07  0.0   0.21  0.0006 -14.33 -0.0054
 158 du_sm1r          40.07  0.0   0.21  0.0006 -14.33 -0.0054
 159 sm1r             40.27 -1.5   0.22  0.0006 -14.24 -0.0050
 160 dd_sm1r          40.27  0.0   0.22  0.0006 -14.24 -0.0050
 161 dm2a2g4a         40.53  0.0   0.24  0.0005 -14.13 -0.0046
 162 bpm              40.53  0.0   0.24  0.0005 -14.13 -0.0046
 163 dbpm             40.62  0.0   0.24  0.0005 -14.09 -0.0045
 164 qm1sp02          40.87 -1.0   0.26  0.0005 -13.99 -0.0042
 165 dm1eg4b          41.09  0.0   0.28  0.0005 -13.89 -0.0039
 166 dfch             41.24  0.0   0.29  0.0005 -13.82 -0.0038
 167 cv               41.24  0.0   0.29  0.0005 -13.82 -0.0038
 168 ch               41.24  0.0   0.29  0.0005 -13.82 -0.0038
 169 dfch             41.39  0.0   0.31  0.0005 -13.75 -0.0036
 170 ge               41.39  0.0   0.31  0.0005 -13.75 -0.0036
 171 gs               41.39  0.0   0.31  0.0005 -13.75 -0.0036
 172 dm1dg5b          41.45  0.0   0.31  0.0005 -13.73 -0.0035
 173 dpwg5b           41.65  0.0   0.34  0.0005 -13.63 -0.0033
 174 dm1cg5b          41.85  0.0   0.36  0.0004 -13.53 -0.0031
 175 b1sp02           44.47  0.5  -0.28  0.0005 -12.04 -0.0007
 176 ge               44.47  0.0  -0.28  0.0005 -12.04 -0.0007
 177 dh4cg6b          44.67  0.0  -0.25  0.0005 -11.92 -0.0006
 178 gs               44.67  0.0  -0.25  0.0005 -11.92 -0.0006
 179 dfch             44.82  0.0  -0.23  0.0005 -11.83 -0.0004
 180 cv               44.82  0.0  -0.23  0.0005 -11.83 -0.0004
 181 ch               44.82  0.0  -0.23  0.0005 -11.83 -0.0004
 182 dfch             44.97  0.0  -0.21  0.0006 -11.73 -0.0003
 183 dh4bg6b          45.05  0.0  -0.21  0.0006 -11.68 -0.0003
 184 shw4             45.05  0.0  -0.21  0.0006 -11.68 -0.0003
 185 sh4              45.25 -1.5  -0.19  0.0006 -11.56 -0.0001
 186 dh4ag6b          45.33  0.0  -0.18  0.0006 -11.51 -0.0001
 187 bpm              45.33  0.0  -0.18  0.0006 -11.51 -0.0001
 188 dbpm             45.42  0.0  -0.17  0.0006 -11.45 -0.0000
 189 qh3sp02          45.67 -1.0  -0.07  0.0006 -11.38  0.0001
 190 dh3bg6b          45.87  0.0   0.05  0.0006 -11.38  0.0003
 191 shw3             45.87  0.0   0.05  0.0006 -11.38  0.0003
 192 sh3              46.07 -1.5   0.14  0.0006 -11.38  0.0005
 193 dh3ag6b          46.26  0.0   0.22  0.0006 -11.37  0.0007
 194 qh2sp02          46.66  1.0   0.33  0.0006 -11.31  0.0014
 195 dh2cg6b          46.81  0.0   0.36  0.0006 -11.27  0.0016
 196 sh2              47.01  0.0   0.42  0.0006 -11.20  0.0019
 197 dh2bg6b          47.19  0.0   0.47  0.0006 -11.13  0.0022
 198 dsch             47.29  0.0   0.50  0.0006 -11.09  0.0024
 199 cv               47.29  0.0   0.50  0.0006 -11.09  0.0024
 200 ch               47.29  0.0   0.50  0.0006 -11.09  0.0024
 201 dsch             47.39  0.0   0.53  0.0006 -11.04  0.0026
 202 dh2ag6b          47.52  0.0   0.57  0.0005 -10.98  0.0028
 203 qh1sp02          47.77 -1.0   0.62  0.0005 -10.80  0.0032
 204 dh1ag6b          47.86  0.0   0.63  0.0005 -10.72  0.0033
 205 bpm              47.86  0.0   0.63  0.0005 -10.72  0.0033
 206 dbpm             47.95  0.0   0.63  0.0005 -10.64  0.0035
 207 shw1             47.95  0.0   0.63  0.0005 -10.64  0.0035
 208 sh1              48.15  1.5   0.64  0.0005 -10.43  0.0038
 209 ge               48.15  0.0   0.64  0.0005 -10.43  0.0038
 210 gs               48.15  0.0   0.64  0.0005 -10.43  0.0038
 211 dwi              49.29  0.0   0.68  0.0005  -8.49  0.0060
 212 dw_90            56.31  0.0   0.75  0.0000  -8.91  0.0286
 213 dwi              57.45  0.0   0.73 -0.0000 -10.77  0.0309
 214 ge               57.45  0.0   0.73 -0.0000 -10.77  0.0309
 215 gs               57.45  0.0   0.73 -0.0000 -10.77  0.0309
 216 sh1              57.65  1.5   0.72 -0.0001 -10.97  0.0312
 217 shw1             57.65  0.0   0.72 -0.0001 -10.97  0.0312
 218 dh1ag2a          57.73  0.0   0.72 -0.0001 -11.05  0.0314
 219 bpm              57.73  0.0   0.72 -0.0001 -11.05  0.0314
 220 dbpm             57.82  0.0   0.72 -0.0001 -11.13  0.0315
 221 qh1sp02          58.07 -1.0   0.66 -0.0001 -11.28  0.0320
 222 dh2ag2a          58.23  0.0   0.60 -0.0001 -11.33  0.0322
 223 sq1hsp02         58.33  0.0   0.57 -0.0001 -11.37  0.0324
 224 ch               58.33  0.0   0.57 -0.0001 -11.37  0.0324
 225 cv               58.33  0.0   0.57 -0.0001 -11.37  0.0324
 226 sq1hsp02         58.43  0.0   0.53 -0.0001 -11.39  0.0326
 227 dh2bg2a          58.59  0.0   0.48 -0.0001 -11.43  0.0328
 228 sh2              58.79  0.0   0.41 -0.0001 -11.47  0.0332
 229 dh2cg2a          58.94  0.0   0.37 -0.0001 -11.49  0.0334
 230 qh2sp02          59.34  1.0   0.24 -0.0001 -11.51  0.0341
 231 dh3ag2a          59.53  0.0   0.17 -0.0001 -11.50  0.0343
 232 sh3              59.73 -1.5   0.07 -0.0001 -11.49  0.0345
 233 shw3             59.73  0.0   0.07 -0.0001 -11.49  0.0345
 234 dh3bg2a          59.92  0.0  -0.05 -0.0001 -11.48  0.0347
 235 qh3sp02          60.17 -1.0  -0.16 -0.0001 -11.55  0.0348
 236 dh4ag2a          60.26  0.0  -0.17 -0.0001 -11.60  0.0349
 237 bpm              60.26  0.0  -0.17 -0.0001 -11.60  0.0349
 238 dbpm             60.35  0.0  -0.17 -0.0001 -11.65  0.0349
 239 sh4              60.55 -1.5  -0.19 -0.0001 -11.78  0.0351
 240 shw4             60.55  0.0  -0.19 -0.0001 -11.78  0.0351
 241 dh4bg2a          60.80  0.0  -0.22 -0.0001 -11.93  0.0353
 242 dfch             60.95  0.0  -0.24 -0.0001 -12.02  0.0354
 243 ch               60.95  0.0  -0.24 -0.0001 -12.02  0.0354
 244 cv               60.95  0.0  -0.24 -0.0001 -12.02  0.0354
 245 dfch             61.10  0.0  -0.26 -0.0001 -12.11  0.0355
 246 ge               61.10  0.0  -0.26 -0.0001 -12.11  0.0355
 247 dh4cg3a          61.13  0.0  -0.26 -0.0001 -12.13  0.0355
 248 gs               61.13  0.0  -0.26 -0.0001 -12.13  0.0355
 249 b1sp02           63.75  0.5   0.34  0.0000 -13.60  0.0379
 250 dm1ag3a          64.11  0.0   0.30 -0.0000 -13.77  0.0383
 251 dfch             64.26  0.0   0.29 -0.0000 -13.84  0.0385
 252 ch               64.26  0.0   0.29 -0.0000 -13.84  0.0385
 253 cv               64.26  0.0   0.29 -0.0000 -13.84  0.0385
 254 dfch             64.41  0.0   0.27 -0.0000 -13.91  0.0387
 255 dm1bg3a          64.72  0.0   0.25 -0.0001 -14.04  0.0390
 256 ge               64.72  0.0   0.25 -0.0001 -14.04  0.0390
 257 gs               64.72  0.0   0.25 -0.0001 -14.04  0.0390
 258 qm1sp02          64.97 -1.0   0.23 -0.0001 -14.14  0.0393
 259 dm2ag4a          65.17  0.0   0.22 -0.0001 -14.23  0.0396
 260 sm1l             65.37 -1.5   0.21 -0.0001 -14.31  0.0399
 261 dm2bg4a          65.95  0.0   0.19 -0.0001 -14.54  0.0411
 262 bpm              65.95  0.0   0.19 -0.0001 -14.54  0.0411
 263 dbpm             66.04  0.0   0.19 -0.0001 -14.57  0.0413
 264 qm2sp02          66.29  1.0   0.18 -0.0001 -14.64  0.0420
 265 dm2cg4a          66.49  0.0   0.18 -0.0001 -14.67  0.0426
 266 sm2              66.74  1.5   0.17 -0.0001 -14.66  0.0433
 267 dm2cg4b          66.94  0.0   0.17 -0.0001 -14.62  0.0439
 268 qm2sp02          67.19  1.0   0.16 -0.0001 -14.54  0.0446
 269 dm2bg4b          67.71  0.0   0.14 -0.0001 -14.30  0.0457
 270 du_sm1r          67.71  0.0   0.14 -0.0001 -14.30  0.0457
 271 sm1r             67.91 -1.5   0.13 -0.0001 -14.20  0.0461
 272 dd_sm1r          67.91  0.0   0.13 -0.0001 -14.20  0.0461
 273 dm2ag4b          68.17  0.0   0.12 -0.0001 -14.08  0.0465
 274 bpm              68.17  0.0   0.12 -0.0001 -14.08  0.0465
 275 dbpm             68.26  0.0   0.11 -0.0001 -14.04  0.0466
 276 qm1sp02          68.51 -1.0   0.09 -0.0001 -13.92  0.0469
 277 dm1eg4b          68.73  0.0   0.07 -0.0001 -13.82  0.0472
 278 dfch             68.88  0.0   0.05 -0.0001 -13.74  0.0474
 279 cv               68.88  0.0   0.05 -0.0001 -13.74  0.0474
 280 ch               68.88  0.0   0.05 -0.0001 -13.74  0.0474
 281 dfch             69.03  0.0   0.02 -0.0001 -13.67  0.0476
 282 ge               69.03  0.0   0.02 -0.0001 -13.67  0.0476
 283 gs               69.03  0.0   0.02 -0.0001 -13.67  0.0476
 284 dm1dg5b          69.09  0.0   0.02 -0.0001 -13.64  0.0476
 285 dpwg5b           69.29  0.0  -0.02 -0.0001 -13.53  0.0479
 286 dm1cg5b          69.49  0.0  -0.07 -0.0001 -13.42  0.0481
 287 b1sp02           72.11  0.5   0.36  0.0002 -11.75  0.0506
 288 ge               72.11  0.0   0.36  0.0002 -11.75  0.0506
 289 dl4bg6b          72.33  0.0   0.37  0.0002 -11.59  0.0508
 290 gs               72.33  0.0   0.37  0.0002 -11.59  0.0508
 291 dfch             72.48  0.0   0.37  0.0002 -11.49  0.0509
 292 cv               72.48  0.0   0.37  0.0002 -11.49  0.0509
 293 ch               72.48  0.0   0.37  0.0002 -11.49  0.0509
 294 dfch             72.63  0.0   0.37  0.0001 -11.38  0.0510
 295 sl4              72.63  0.0   0.37  0.0001 -11.38  0.0510
 296 dl4ag6b          72.71  0.0   0.37  0.0001 -11.33  0.0511
 297 ql3sp02          72.96 -1.0   0.41  0.0001 -11.19  0.0512
 298 dbpm             73.04  0.0   0.43  0.0001 -11.15  0.0513
 299 bpm              73.04  0.0   0.43  0.0001 -11.15  0.0513
 300 dl3bg6b          73.13  0.0   0.46  0.0001 -11.10  0.0514
 301 sl3              73.33 -1.5   0.50  0.0001 -10.99  0.0516
 302 dl3ag6b          73.95  0.0   0.59  0.0001 -10.45  0.0524
 303 ql2sp02          74.35  1.0   0.65  0.0001  -9.85  0.0532
 304 dl2cg6b          74.60  0.0   0.73  0.0000  -9.47  0.0536
 305 sl2              74.80  1.5   0.79  0.0000  -9.18  0.0539
 306 dl2bg6b          74.93  0.0   0.85  0.0000  -8.99  0.0541
 307 dsch             75.03  0.0   0.89  0.0000  -8.85  0.0542
 308 cv               75.03  0.0   0.89  0.0000  -8.85  0.0542
 309 ch               75.03  0.0   0.89  0.0000  -8.85  0.0542
 310 dsch             75.13  0.0   0.94  0.0000  -8.71  0.0543
 311 dl2ag6b          75.27  0.0   1.02 -0.0000  -8.53  0.0545
 312 ql1sp02          75.52 -1.0   1.06 -0.0001  -8.09  0.0548
 313 dl1ag6b          75.61  0.0   1.03 -0.0001  -7.89  0.0549
 314 bpm              75.61  0.0   1.03 -0.0001  -7.89  0.0549
 315 dbpm             75.70  0.0   1.00 -0.0001  -7.67  0.0549
 316 sl1              75.90 -1.5   0.92 -0.0001  -7.12  0.0552
 317 ge               75.90  0.0   0.92 -0.0001  -7.12  0.0552
 318 gs               75.90  0.0   0.92 -0.0001  -7.12  0.0552
 319 dl0g1a           79.20  0.0  -1.81  0.0011  16.27  0.0343
 320 dl0g1a           82.50  0.0   0.93  0.0024 -16.28  0.0397
 321 ge               82.50  0.0   0.93  0.0024 -16.28  0.0397
 322 gs               82.50  0.0   0.93  0.0024 -16.28  0.0397
 323 sl1              82.70 -1.5   1.00  0.0024 -16.35  0.0402
 324 dl1ag2a          82.78  0.0   1.04  0.0023 -16.38  0.0404
 325 bpm              82.78  0.0   1.04  0.0023 -16.38  0.0404
 326 dbpm             82.87  0.0   1.07  0.0023 -16.40  0.0406
 327 ql1sp01          83.12 -1.0   1.01  0.0023 -16.34  0.0411
 328 dl2ag2a          83.26  0.0   0.92  0.0023 -16.22  0.0414
 329 dsch             83.36  0.0   0.86  0.0022 -16.13  0.0416
 330 ch               83.36  0.0   0.86  0.0022 -16.13  0.0416
 331 cv               83.36  0.0   0.86  0.0022 -16.13  0.0416
 332 dsch             83.46  0.0   0.80  0.0022 -16.03  0.0418
 333 dl2bg2a          83.60  0.0   0.74  0.0022 -15.88  0.0422
 334 sl2              83.80  1.5   0.66  0.0022 -15.63  0.0427
 335 dl2cg2a          84.05  0.0   0.57  0.0022 -15.24  0.0434
 336 ql2sp01          84.45  1.0   0.50  0.0022 -14.54  0.0445
 337 dl3ag2a          85.06  0.0   0.43  0.0022 -13.75  0.0456
 338 sl3              85.26 -1.5   0.39  0.0022 -13.55  0.0458
 339 dl3bg2a          85.35  0.0   0.37  0.0022 -13.47  0.0459
 340 bpm              85.35  0.0   0.37  0.0022 -13.47  0.0459
 341 dbpm             85.43  0.0   0.35  0.0022 -13.40  0.0460
 342 ql3sp01          85.68 -1.0   0.34  0.0021 -13.25  0.0462
 343 dl4ag2a          85.97  0.0   0.40  0.0021 -13.15  0.0464
 344 sl4              85.97  0.0   0.40  0.0021 -13.15  0.0464
 345 dfch             86.12  0.0   0.44  0.0021 -13.09  0.0466
 346 ch               86.12  0.0   0.44  0.0021 -13.09  0.0466
 347 cv               86.12  0.0   0.44  0.0021 -13.09  0.0466
 348 dfch             86.27  0.0   0.49  0.0021 -13.03  0.0467
 349 ge               86.27  0.0   0.49  0.0021 -13.03  0.0467
 350 dl4bg3a          86.28  0.0   0.49  0.0021 -13.02  0.0467
 351 gs               86.28  0.0   0.49  0.0021 -13.02  0.0467
 352 b1sp01           88.90  0.5  -0.72  0.0018 -11.45  0.0491
 353 dm1ag3a          89.27  0.0  -0.66  0.0019 -11.14  0.0495
 354 sq2hsp01         89.42  0.0  -0.63  0.0019 -11.01  0.0496
 355 ch               89.42  0.0  -0.63  0.0019 -11.01  0.0496
 356 cv               89.42  0.0  -0.63  0.0019 -11.01  0.0496
 357 sq2hsp01         89.57  0.0  -0.60  0.0020 -10.87  0.0498
 358 dm1bg3a          89.88  0.0  -0.56  0.0020 -10.57  0.0501
 359 ge               89.88  0.0  -0.56  0.0020 -10.57  0.0501
 360 gs               89.88  0.0  -0.56  0.0020 -10.57  0.0501
 361 qm1sp01          90.13 -1.0  -0.52  0.0020 -10.31  0.0503
 362 dm2a2g4b         90.33  0.0  -0.50  0.0020 -10.08  0.0505
 363 sm1l             90.53 -1.5  -0.49  0.0021  -9.81  0.0507
 364 dm2b2g4b         91.11  0.0  -0.45  0.0021  -8.74  0.0515
 365 bpm              91.11  0.0  -0.45  0.0021  -8.74  0.0515
 366 dbpm             91.20  0.0  -0.44  0.0021  -8.54  0.0517
 367 qm2sp01          91.45  1.0  -0.43  0.0021  -7.86  0.0520
 368 dm2cg4a          91.65  0.0  -0.42  0.0021  -7.28  0.0523
 369 sm2              91.90  1.5  -0.41  0.0021  -6.53  0.0527
 370 dm2cg4b          92.10  0.0  -0.40  0.0021  -5.91  0.0529
 371 qm2sp01          92.35  1.0  -0.39  0.0021  -5.12  0.0532
 372 dm2b2g4a         92.87  0.0  -0.35  0.0021  -3.77  0.0536
 373 du_sm1r          92.87  0.0  -0.35  0.0021  -3.77  0.0536
 374 sm1r             93.07 -1.5  -0.34  0.0021  -3.35  0.0536
 375 dd_sm1r          93.07  0.0  -0.34  0.0021  -3.35  0.0536
 376 dm2a2g4a         93.33  0.0  -0.30  0.0021  -2.85  0.0537
 377 bpm              93.33  0.0  -0.30  0.0021  -2.85  0.0537
 378 dbpm             93.42  0.0  -0.29  0.0022  -2.70  0.0537
 379 qm1sp01          93.67 -1.0  -0.25  0.0022  -2.29  0.0538
 380 dm1eg4b          93.89  0.0  -0.20  0.0022  -1.94  0.0538
 381 dfch             94.04  0.0  -0.16  0.0022  -1.70  0.0539
 382 cv               94.04  0.0  -0.16  0.0022  -1.70  0.0539
 383 ch               94.04  0.0  -0.16  0.0022  -1.70  0.0539
 384 dfch             94.19  0.0  -0.12  0.0022  -1.46  0.0539
 385 ge               94.19  0.0  -0.12  0.0022  -1.46  0.0539
 386 gs               94.19  0.0  -0.12  0.0022  -1.46  0.0539
 387 dm1dg5b          94.24  0.0  -0.10  0.0022  -1.38  0.0539
 388 dpwg5b           94.44  0.0  -0.02  0.0022  -1.07  0.0539
 389 dm1cg5b          94.64  0.0   0.08  0.0022  -0.76  0.0539
 390 b1sp01           97.26  0.5  -0.72  0.0014   2.90  0.0537
 391 ge               97.26  0.0  -0.72  0.0014   2.90  0.0537
 392 dh4cg6b          97.47  0.0  -0.74  0.0015   3.16  0.0537
 393 gs               97.47  0.0  -0.74  0.0015   3.16  0.0537
 394 dfch             97.62  0.0  -0.75  0.0015   3.34  0.0537
 395 cv               97.62  0.0  -0.75  0.0015   3.34  0.0537
 396 ch               97.62  0.0  -0.75  0.0015   3.34  0.0537
 397 dfch             97.77  0.0  -0.75  0.0015   3.52  0.0536
 398 dh4bg6b          97.84  0.0  -0.76  0.0016   3.62  0.0536
 399 sh4              98.04 -1.5  -0.76  0.0016   3.86  0.0536
 400 dh4ag6b          98.13  0.0  -0.76  0.0016   3.96  0.0535
 401 bpm              98.13  0.0  -0.76  0.0016   3.96  0.0535
 402 dbpm             98.22  0.0  -0.76  0.0016   4.06  0.0535
 403 qh3sp01          98.47 -1.0  -0.71  0.0016   4.32  0.0535
 404 dh3bg6b          98.66  0.0  -0.66  0.0017   4.51  0.0534
 405 sh3              98.86 -1.5  -0.62  0.0017   4.74  0.0533
 406 dh3ag6b          99.05  0.0  -0.59  0.0017   5.01  0.0532
 407 qh2sp01          99.45  1.0  -0.11  0.0017   5.23  0.0529
 408 dh2cg6b          99.60  0.0   0.25  0.0017   5.14  0.0528
 409 sh2              99.80  0.0   0.75  0.0017   5.01  0.0527
 410 dh2bg6b          99.99  0.0   1.23  0.0017   4.88  0.0525
 411 dsch            100.09  0.0   1.52  0.0017   4.81  0.0525
 412 cv              100.09  0.0   1.52  0.0017   4.81  0.0525
 413 ch              100.09  0.0   1.52  0.0017   4.81  0.0525
 414 dsch            100.19  0.0   1.81  0.0017   4.74  0.0524
 415 dh2ag6b         100.32  0.0   2.21  0.0016   4.65  0.0523
 416 qh1sp01         100.57 -1.0   2.62  0.0016   4.85  0.0521
 417 dh1ag6b         100.66  0.0   2.63  0.0016   5.07  0.0521
 418 bpm             100.66  0.0   2.63  0.0016   5.07  0.0521
 419 dbpm            100.74  0.0   2.64  0.0016   5.29  0.0520
 420 sh1             100.94  1.5   2.66  0.0015   5.80  0.0518
 421 ge              100.94  0.0   2.66  0.0015   5.80  0.0518
 422 gs              100.94  0.0   2.66  0.0015   5.80  0.0518
 423 dh0g1a          105.59  0.0   2.85  0.0005   9.03  0.0350
 424 dh0g1a          110.24  0.0   2.41 -0.0005 -10.69  0.0377
 425 ge              110.24  0.0   2.41 -0.0005 -10.69  0.0377
 426 gs              110.24  0.0   2.41 -0.0005 -10.69  0.0377
 427 sh1             110.44  1.5   2.38 -0.0005 -10.89  0.0381
 428 dh1ag2a         110.53  0.0   2.37 -0.0006 -10.97  0.0382
 429 bpm             110.53  0.0   2.37 -0.0006 -10.97  0.0382
 430 dbpm            110.62  0.0   2.36 -0.0006 -11.05  0.0384
 431 qh1sp01         110.87 -1.0   1.96 -0.0006 -10.93  0.0388
 432 dh2ag2a         111.03  0.0   1.50 -0.0006 -10.63  0.0390
 433 sq1hsp01        111.13  0.0   1.22 -0.0006 -10.44  0.0392
 434 ch              111.13  0.0   1.22 -0.0006 -10.44  0.0392
 435 cv              111.13  0.0   1.22 -0.0006 -10.44  0.0392
 436 sq1hsp01        111.23  0.0   0.95 -0.0006 -10.25  0.0393
 437 dh2bg2a         111.38  0.0   0.54 -0.0007  -9.93  0.0395
 438 sh2             111.58  0.0   0.06 -0.0007  -9.52  0.0398
 439 dh2cg2a         111.73  0.0  -0.28 -0.0007  -9.19  0.0400
 440 qh2sp01         112.13  1.0  -0.75 -0.0006  -8.72  0.0405
 441 dh3ag2a         112.32  0.0  -0.78 -0.0006  -8.69  0.0407
 442 sh3             112.52 -1.5  -0.82 -0.0006  -8.66  0.0409
 443 dh3bg2a         112.72  0.0  -0.88 -0.0006  -8.64  0.0410
 444 qh3sp01         112.97 -1.0  -0.93 -0.0006  -8.64  0.0411
 445 dh4ag2a         113.06  0.0  -0.93 -0.0005  -8.66  0.0412
 446 bpm             113.06  0.0  -0.93 -0.0005  -8.66  0.0412
 447 dbpm            113.14  0.0  -0.94 -0.0005  -8.67  0.0412
 448 sh4             113.34 -1.5  -0.94 -0.0005  -8.71  0.0413
 449 dh4bg2a         113.59  0.0  -0.95 -0.0004  -8.74  0.0414
 450 dfch            113.74  0.0  -0.95 -0.0004  -8.77  0.0415
 451 ch              113.74  0.0  -0.95 -0.0004  -8.77  0.0415
 452 cv              113.74  0.0  -0.95 -0.0004  -8.77  0.0415
 453 dfch            113.89  0.0  -0.95 -0.0003  -8.79  0.0416
 454 ge              113.89  0.0  -0.95 -0.0003  -8.79  0.0416
 455 dh4cg3a         113.92  0.0  -0.95 -0.0003  -8.79  0.0416
 456 gs              113.92  0.0  -0.95 -0.0003  -8.79  0.0416
 457 b1sp01          116.54  0.5   0.28 -0.0011  -8.98  0.0433
 458 dm1ag3a         116.91  0.0   0.08 -0.0011  -8.97  0.0436
 459 dfch            117.06  0.0   0.01 -0.0012  -8.97  0.0437
 460 ch              117.06  0.0   0.01 -0.0012  -8.97  0.0437
 461 cv              117.06  0.0   0.01 -0.0012  -8.97  0.0437
 462 dfch            117.21  0.0  -0.04 -0.0012  -8.96  0.0438
 463 dm1bg3a         117.52  0.0  -0.14 -0.0011  -8.93  0.0440
 464 ge              117.52  0.0  -0.14 -0.0011  -8.93  0.0440
 465 gs              117.52  0.0  -0.14 -0.0011  -8.93  0.0440
 466 qm1sp01         117.77 -1.0  -0.19 -0.0011  -8.90  0.0442
 467 dm2ag4a         117.97  0.0  -0.23 -0.0011  -8.87  0.0444
 468 sm1l            118.17 -1.5  -0.26 -0.0011  -8.83  0.0446
 469 dm2bg4a         118.75  0.0  -0.32 -0.0011  -8.63  0.0453
 470 bpm             118.75  0.0  -0.32 -0.0011  -8.63  0.0453
 471 dbpm            118.84  0.0  -0.32 -0.0011  -8.59  0.0454
 472 qm2sp01         119.09  1.0  -0.34 -0.0011  -8.43  0.0458
 473 dm2cg4a         119.29  0.0  -0.35 -0.0011  -8.27  0.0462
 474 sm2             119.54  1.5  -0.37 -0.0011  -8.05  0.0466
 475 dm2cg4b         119.74  0.0  -0.38 -0.0011  -7.86  0.0469
 476 qm2sp01         119.99  1.0  -0.40 -0.0011  -7.59  0.0473
 477 dm2bg4b         120.51  0.0  -0.44 -0.0011  -7.10  0.0479
 478 du_sm1r         120.51  0.0  -0.44 -0.0011  -7.10  0.0479
 479 sm1r            120.71 -1.5  -0.47 -0.0011  -6.93  0.0480
 480 dd_sm1r         120.71  0.0  -0.47 -0.0011  -6.93  0.0480
 481 dm2ag4b         120.97  0.0  -0.50 -0.0010  -6.73  0.0482
 482 bpm             120.97  0.0  -0.50 -0.0010  -6.73  0.0482
 483 dbpm            121.06  0.0  -0.52 -0.0010  -6.67  0.0483
 484 qm1sp01         121.31 -1.0  -0.57 -0.0010  -6.50  0.0484
 485 dm1eg4b         121.53  0.0  -0.62 -0.0010  -6.35  0.0486
 486 dfch            121.68  0.0  -0.65 -0.0009  -6.24  0.0486
 487 cv              121.68  0.0  -0.65 -0.0009  -6.24  0.0486
 488 ch              121.68  0.0  -0.65 -0.0009  -6.24  0.0486
 489 dfch            121.83  0.0  -0.70 -0.0009  -6.14  0.0487
 490 ge              121.83  0.0  -0.70 -0.0009  -6.14  0.0487
 491 gs              121.83  0.0  -0.70 -0.0009  -6.14  0.0487
 492 dm1dg5b         121.88  0.0  -0.71 -0.0009  -6.10  0.0488
 493 dpwg5b          122.08  0.0  -0.77 -0.0008  -5.96  0.0489
 494 dm1cg5b         122.28  0.0  -0.84 -0.0007  -5.83  0.0490
 495 b1sp01          124.90  0.5   0.75 -0.0009  -4.00  0.0499
 496 ge              124.90  0.0   0.75 -0.0009  -4.00  0.0499
 497 dl4bg6b         125.12  0.0   0.68 -0.0009  -3.85  0.0500
 498 gs              125.12  0.0   0.68 -0.0009  -3.85  0.0500
 499 dfch            125.27  0.0   0.64 -0.0010  -3.75  0.0500
 500 cv              125.27  0.0   0.64 -0.0010  -3.75  0.0500
 501 ch              125.27  0.0   0.64 -0.0010  -3.75  0.0500
 502 dfch            125.42  0.0   0.60 -0.0010  -3.64  0.0501
 503 sl4             125.42  0.0   0.60 -0.0010  -3.64  0.0501
 504 dl4ag6b         125.50  0.0   0.58 -0.0010  -3.59  0.0501
 505 ql3sp01         125.75 -1.0   0.59 -0.0010  -3.48  0.0501
 506 dbpm            125.84  0.0   0.61 -0.0010  -3.46  0.0502
 507 bpm             125.84  0.0   0.61 -0.0010  -3.46  0.0502
 508 dl3bg6b         125.93  0.0   0.62 -0.0010  -3.43  0.0502
 509 sl3             126.13 -1.5   0.66 -0.0011  -3.37  0.0503
 510 dl3ag6b         126.74  0.0   0.72 -0.0011  -3.09  0.0505
 511 ql2sp01         127.14  1.0   0.79 -0.0011  -2.83  0.0507
 512 dl2cg6b         127.39  0.0   0.87 -0.0011  -2.68  0.0509
 513 sl2             127.59  1.5   0.95 -0.0011  -2.57  0.0509
 514 dl2bg6b         127.73  0.0   1.01 -0.0011  -2.49  0.0510
 515 dsch            127.83  0.0   1.06 -0.0012  -2.44  0.0510
 516 cv              127.83  0.0   1.06 -0.0012  -2.44  0.0510
 517 ch              127.83  0.0   1.06 -0.0012  -2.44  0.0510
 518 dsch            127.93  0.0   1.11 -0.0012  -2.39  0.0511
 519 dl2ag6b         128.07  0.0   1.20 -0.0012  -2.32  0.0511
 520 ql1sp01         128.32 -1.0   1.23 -0.0012  -2.06  0.0512
 521 dl1ag6b         128.41  0.0   1.20 -0.0013  -1.91  0.0512
 522 bpm             128.41  0.0   1.20 -0.0013  -1.91  0.0512
 523 dbpm            128.49  0.0   1.15 -0.0013  -1.76  0.0512
 524 sl1             128.69 -1.5   1.05 -0.0013  -1.37  0.0513
 525 ge              128.69  0.0   1.05 -0.0013  -1.37  0.0513
 526 gs              128.69  0.0   1.05 -0.0013  -1.37  0.0513
 527 dl0g1a          131.99  0.0  -2.27  0.0004   7.43  0.0367
 528 dl0g1a          135.29  0.0   1.26  0.0018 -10.03  0.0435
 529 ge              135.29  0.0   1.26  0.0018 -10.03  0.0435
 530 gs              135.29  0.0   1.26  0.0018 -10.03  0.0435
 531 sl1             135.49 -1.5   1.36  0.0018 -10.01  0.0438
 532 dl1ag2a         135.58  0.0   1.40  0.0018  -9.99  0.0439
 533 bpm             135.58  0.0   1.40  0.0018  -9.99  0.0439
 534 dbpm            135.67  0.0   1.43  0.0017  -9.98  0.0440
 535 ql1sp01         135.92 -1.0   1.39  0.0017  -9.79  0.0443
 536 dl2ag2a         136.06  0.0   1.30  0.0017  -9.61  0.0445
 537 dsch            136.16  0.0   1.24  0.0016  -9.47  0.0446
 538 ch              136.16  0.0   1.24  0.0016  -9.47  0.0446
 539 cv              136.16  0.0   1.24  0.0016  -9.47  0.0446
 540 dsch            136.26  0.0   1.19  0.0016  -9.31  0.0447
 541 dl2bg2a         136.39  0.0   1.12  0.0016  -9.09  0.0449
 542 sl2             136.59  1.5   1.04  0.0016  -8.72  0.0452
 543 dl2cg2a         136.84  0.0   0.96  0.0016  -8.19  0.0456
 544 ql2sp01         137.24  1.0   0.89  0.0016  -7.27  0.0462
 545 dl3ag2a         137.86  0.0   0.81  0.0015  -6.30  0.0467
 546 sl3             138.06 -1.5   0.78  0.0015  -6.08  0.0468
 547 dl3bg2a         138.14  0.0   0.76  0.0015  -5.99  0.0469
 548 bpm             138.14  0.0   0.76  0.0015  -5.99  0.0469
 549 dbpm            138.23  0.0   0.73  0.0015  -5.90  0.0469
 550 ql3sp01         138.48 -1.0   0.72  0.0014  -5.73  0.0470
 551 dl4ag2a         138.76  0.0   0.78  0.0014  -5.61  0.0471
 552 sl4             138.76  0.0   0.78  0.0014  -5.61  0.0471
 553 dfch            138.91  0.0   0.81  0.0013  -5.55  0.0472
 554 ch              138.91  0.0   0.81  0.0013  -5.55  0.0472
 555 cv              138.91  0.0   0.81  0.0013  -5.55  0.0472
 556 dfch            139.06  0.0   0.85  0.0013  -5.48  0.0472
 557 ge              139.06  0.0   0.85  0.0013  -5.48  0.0472
 558 dl4bg3a         139.08  0.0   0.85  0.0013  -5.47  0.0472
 559 gs              139.08  0.0   0.85  0.0013  -5.47  0.0472
 560 b1sp01          141.70  0.5  -0.75  0.0014  -3.98  0.0482
 561 dm1ag3a         142.07  0.0  -0.60  0.0015  -3.72  0.0483
 562 sq2hsp01        142.22  0.0  -0.55  0.0016  -3.61  0.0483
 563 ch              142.22  0.0  -0.55  0.0016  -3.61  0.0483
 564 cv              142.22  0.0  -0.55  0.0016  -3.61  0.0483
 565 sq2hsp01        142.37  0.0  -0.50  0.0016  -3.49  0.0484
 566 dm1bg3a         142.68  0.0  -0.42  0.0016  -3.25  0.0485
 567 ge              142.68  0.0  -0.42  0.0016  -3.25  0.0485
 568 gs              142.68  0.0  -0.42  0.0016  -3.25  0.0485
 569 qm1sp01         142.93 -1.0  -0.36  0.0016  -3.04  0.0485
 570 dm2a2g4b        143.13  0.0  -0.33  0.0017  -2.86  0.0486
 571 sm1l            143.33 -1.5  -0.30  0.0017  -2.65  0.0487
 572 dm2b2g4b        143.91  0.0  -0.24  0.0017  -1.86  0.0489
 573 bpm             143.91  0.0  -0.24  0.0017  -1.86  0.0489
 574 dbpm            144.00  0.0  -0.23  0.0017  -1.71  0.0489
 575 qm2sp01         144.25  1.0  -0.22  0.0017  -1.23  0.0490
 576 dm2cg4a         144.45  0.0  -0.20  0.0017  -0.84  0.0490
 577 sm2             144.70  1.5  -0.18  0.0017  -0.34  0.0490
 578 dm2cg4b         144.90  0.0  -0.17  0.0017   0.07  0.0490
 579 qm2sp01         145.15  1.0  -0.15  0.0017   0.56  0.0490
 580 dm2b2g4a        145.67  0.0  -0.10  0.0017   1.37  0.0489
 581 du_sm1r         145.67  0.0  -0.10  0.0017   1.37  0.0489
 582 sm1r            145.87 -1.5  -0.08  0.0017   1.62  0.0489
 583 dd_sm1r         145.87  0.0  -0.08  0.0017   1.62  0.0489
 584 dm2a2g4a        146.13  0.0  -0.03  0.0017   1.91  0.0489
 585 bpm             146.13  0.0  -0.03  0.0017   1.91  0.0489
 586 dbpm            146.22  0.0  -0.02  0.0017   1.99  0.0488
 587 qm1sp01         146.47 -1.0   0.04  0.0017   2.22  0.0488
 588 dm1eg4b         146.69  0.0   0.11  0.0017   2.41  0.0487
 589 dfch            146.84  0.0   0.16  0.0017   2.54  0.0487
 590 cv              146.84  0.0   0.16  0.0017   2.54  0.0487
 591 ch              146.84  0.0   0.16  0.0017   2.54  0.0487
 592 dfch            146.99  0.0   0.21  0.0017   2.67  0.0487
 593 ge              146.99  0.0   0.21  0.0017   2.67  0.0487
 594 gs              146.99  0.0   0.21  0.0017   2.67  0.0487
 595 dm1dg5b         147.04  0.0   0.24  0.0017   2.72  0.0487
 596 dpwg5b          147.24  0.0   0.34  0.0016   2.88  0.0486
 597 dm1cg5b         147.44  0.0   0.45  0.0016   3.04  0.0486
 598 b1sp01          150.06  0.5  -0.95  0.0010   4.83  0.0478
 599 ge              150.06  0.0  -0.95  0.0010   4.83  0.0478
 600 dh4cg6b         150.26  0.0  -0.94  0.0011   4.94  0.0478
 601 gs              150.26  0.0  -0.94  0.0011   4.94  0.0478
 602 dfch            150.41  0.0  -0.93  0.0011   5.03  0.0477
 603 cv              150.41  0.0  -0.93  0.0011   5.03  0.0477
 604 ch              150.41  0.0  -0.93  0.0011   5.03  0.0477
 605 dfch            150.56  0.0  -0.92  0.0012   5.11  0.0477
 606 dh4bg6b         150.64  0.0  -0.91  0.0012   5.15  0.0476
 607 sh4             150.84 -1.5  -0.89  0.0012   5.25  0.0476
 608 dh4ag6b         150.93  0.0  -0.88  0.0012   5.30  0.0476
 609 bpm             150.93  0.0  -0.88  0.0012   5.30  0.0476
 610 dbpm            151.02  0.0  -0.88  0.0012   5.34  0.0475
 611 qh3sp01         151.27 -1.0  -0.82  0.0013   5.43  0.0474
 612 dh3bg6b         151.46  0.0  -0.76  0.0013   5.46  0.0474
 613 sh3             151.66 -1.5  -0.71  0.0013   5.50  0.0473
 614 dh3ag6b         151.85  0.0  -0.67  0.0013   5.54  0.0472
 615 qh2sp01         152.25  1.0  -0.17  0.0013   5.11  0.0469
 616 dh2cg6b         152.40  0.0   0.21  0.0013   4.75  0.0467
 617 sh2             152.60  0.0   0.73  0.0013   4.26  0.0466
 618 dh2bg6b         152.78  0.0   1.25  0.0013   3.81  0.0465
 619 dsch            152.88  0.0   1.54  0.0013   3.57  0.0464
 620 cv              152.88  0.0   1.54  0.0013   3.57  0.0464
 621 ch              152.88  0.0   1.54  0.0013   3.57  0.0464
 622 dsch            152.98  0.0   1.85  0.0013   3.33  0.0464
 623 dh2ag6b         153.12  0.0   2.27  0.0013   3.01  0.0463
 624 qh1sp01         153.37 -1.0   2.71  0.0012   2.81  0.0462
 625 dh1ag6b         153.45  0.0   2.72  0.0012   2.88  0.0462
 626 bpm             153.45  0.0   2.72  0.0012   2.88  0.0462
 627 dbpm            153.54  0.0   2.74  0.0012   2.95  0.0461
 628 sh1             153.74  1.5   2.77  0.0011   3.12  0.0460
 629 ge              153.74  0.0   2.77  0.0011   3.12  0.0460
 630 gs              153.74  0.0   2.77  0.0011   3.12  0.0460
 631 dh0g1a          158.39  0.0   3.13  0.0000   2.85  0.0397
 632 dh0g1a          163.04  0.0   2.82 -0.0011  -4.54  0.0416
 633 ge              163.04  0.0   2.82 -0.0011  -4.54  0.0416
 634 gs              163.04  0.0   2.82 -0.0011  -4.54  0.0416
 635 sh1             163.24  1.5   2.79 -0.0011  -4.60  0.0417
 636 dh1ag2a         163.33  0.0   2.78 -0.0011  -4.62  0.0418
 637 bpm             163.33  0.0   2.78 -0.0011  -4.62  0.0418
 638 dbpm            163.42  0.0   2.77 -0.0012  -4.65  0.0418
 639 qh1sp01         163.67 -1.0   2.35 -0.0012  -4.34  0.0420
 640 dh2ag2a         163.82  0.0   1.87 -0.0012  -3.92  0.0421
 641 sq1hsp01        163.92  0.0   1.58 -0.0012  -3.65  0.0421
 642 ch              163.92  0.0   1.58 -0.0012  -3.65  0.0421
 643 cv              163.92  0.0   1.58 -0.0012  -3.65  0.0421
 644 sq1hsp01        164.02  0.0   1.30 -0.0012  -3.37  0.0422
 645 dh2bg2a         164.18  0.0   0.88 -0.0013  -2.93  0.0423
 646 sh2             164.38  0.0   0.37 -0.0013  -2.35  0.0423
 647 dh2cg2a         164.53  0.0   0.01 -0.0013  -1.91  0.0424
 648 qh2sp01         164.93  1.0  -0.46 -0.0013  -1.22  0.0425
 649 dh3ag2a         165.12  0.0  -0.49 -0.0013  -1.14  0.0425
 650 sh3             165.32 -1.5  -0.53 -0.0012  -1.07  0.0425
 651 dh3bg2a         165.52  0.0  -0.58 -0.0012  -1.02  0.0425
 652 qh3sp01         165.77 -1.0  -0.62 -0.0012  -0.99  0.0425
 653 dh4ag2a         165.85  0.0  -0.62 -0.0012  -1.00  0.0426
 654 bpm             165.85  0.0  -0.62 -0.0012  -1.00  0.0426
 655 dbpm            165.94  0.0  -0.62 -0.0012  -1.00  0.0426
 656 sh4             166.14 -1.5  -0.63 -0.0012  -1.01  0.0426
 657 dh4bg2a         166.39  0.0  -0.63 -0.0011  -1.03  0.0426
 658 dfch            166.54  0.0  -0.63 -0.0011  -1.04  0.0426
 659 ch              166.54  0.0  -0.63 -0.0011  -1.04  0.0426
 660 cv              166.54  0.0  -0.63 -0.0011  -1.04  0.0426
 661 dfch            166.69  0.0  -0.62 -0.0010  -1.04  0.0426
 662 ge              166.69  0.0  -0.62 -0.0010  -1.04  0.0426
 663 dh4cg3a         166.72  0.0  -0.62 -0.0010  -1.05  0.0426
 664 gs              166.72  0.0  -0.62 -0.0010  -1.05  0.0426
 665 b1sp01          169.34  0.5   0.15 -0.0016  -1.17  0.0428
 666 dm1ag3a         169.71  0.0   0.01 -0.0016  -1.19  0.0429
 667 dfch            169.86  0.0  -0.03 -0.0016  -1.19  0.0429
 668 ch              169.86  0.0  -0.03 -0.0016  -1.19  0.0429
 669 cv              169.86  0.0  -0.03 -0.0016  -1.19  0.0429
 670 dfch            170.01  0.0  -0.06 -0.0016  -1.20  0.0429
 671 dm1bg3a         170.32  0.0  -0.13 -0.0016  -1.21  0.0429
 672 ge              170.32  0.0  -0.13 -0.0016  -1.21  0.0429
 673 gs              170.32  0.0  -0.13 -0.0016  -1.21  0.0429
 674 qm1sp01         170.57 -1.0  -0.16 -0.0016  -1.22  0.0429
 675 dm2ag4a         170.77  0.0  -0.19 -0.0016  -1.22  0.0430
 676 sm1l            170.97 -1.5  -0.20 -0.0016  -1.23  0.0430
 677 dm2bg4a         171.55  0.0  -0.24 -0.0016  -1.24  0.0431
 678 bpm             171.55  0.0  -0.24 -0.0016  -1.24  0.0431
 679 dbpm            171.64  0.0  -0.25 -0.0016  -1.24  0.0431
 680 qm2sp01         171.89  1.0  -0.26 -0.0016  -1.24  0.0432
 681 dm2cg4a         172.09  0.0  -0.27 -0.0016  -1.24  0.0432
 682 sm2             172.34  1.5  -0.28 -0.0016  -1.23  0.0433
 683 dm2cg4b         172.54  0.0  -0.29 -0.0016  -1.22  0.0433
 684 qm2sp01         172.79  1.0  -0.30 -0.0016  -1.20  0.0434
 685 dm2bg4b         173.31  0.0  -0.33 -0.0016  -1.17  0.0435
 686 du_sm1r         173.31  0.0  -0.33 -0.0016  -1.17  0.0435
 687 sm1r            173.51 -1.5  -0.34 -0.0015  -1.15  0.0435
 688 dd_sm1r         173.51  0.0  -0.34 -0.0015  -1.15  0.0435
 689 dm2ag4b         173.77  0.0  -0.36 -0.0015  -1.14  0.0435
 690 bpm             173.77  0.0  -0.36 -0.0015  -1.14  0.0435
 691 dbpm            173.86  0.0  -0.37 -0.0015  -1.13  0.0436
 692 qm1sp01         174.11 -1.0  -0.40 -0.0015  -1.11  0.0436
 693 dm1eg4b         174.33  0.0  -0.43 -0.0015  -1.10  0.0436
 694 dfch            174.48  0.0  -0.46 -0.0015  -1.09  0.0436
 695 cv              174.48  0.0  -0.46 -0.0015  -1.09  0.0436
 696 ch              174.48  0.0  -0.46 -0.0015  -1.09  0.0436
 697 dfch            174.63  0.0  -0.48 -0.0014  -1.08  0.0436
 698 ge              174.63  0.0  -0.48 -0.0014  -1.08  0.0436
 699 gs              174.63  0.0  -0.48 -0.0014  -1.08  0.0436
 700 dm1dg5b         174.68  0.0  -0.49 -0.0014  -1.08  0.0436
 701 dpwg5b          174.88  0.0  -0.53 -0.0014  -1.06  0.0437
 702 dm1cg5b         175.08  0.0  -0.57 -0.0013  -1.05  0.0437
 703 b1sp01          177.70  0.5   0.47 -0.0015  -0.85  0.0439
 704 ge              177.70  0.0   0.47 -0.0015  -0.85  0.0439
 705 dl4bg6b         177.92  0.0   0.42 -0.0015  -0.84  0.0439
 706 gs              177.92  0.0   0.42 -0.0015  -0.84  0.0439
 707 dfch            178.07  0.0   0.39 -0.0015  -0.83  0.0439
 708 cv              178.07  0.0   0.39 -0.0015  -0.83  0.0439
 709 ch              178.07  0.0   0.39 -0.0015  -0.83  0.0439
 710 dfch            178.22  0.0   0.37 -0.0015  -0.81  0.0439
 711 sl4             178.22  0.0   0.37 -0.0015  -0.81  0.0439
 712 dl4ag6b         178.30  0.0   0.35 -0.0015  -0.81  0.0439
 713 ql3sp01         178.55 -1.0   0.38 -0.0016  -0.85  0.0439
 714 dbpm            178.64  0.0   0.40 -0.0016  -0.89  0.0439
 715 bpm             178.64  0.0   0.40 -0.0016  -0.89  0.0439
 716 dl3bg6b         178.73  0.0   0.42 -0.0016  -0.93  0.0439
 717 sl3             178.93 -1.5   0.47 -0.0016  -1.04  0.0439
 718 dl3ag6b         179.54  0.0   0.55 -0.0016  -1.51  0.0440
 719 ql2sp01         179.94  1.0   0.63 -0.0016  -2.00  0.0442
 720 dl2cg6b         180.19  0.0   0.72 -0.0016  -2.30  0.0443
 721 sl2             180.39  1.5   0.80 -0.0016  -2.52  0.0444
 722 dl2bg6b         180.53  0.0   0.87 -0.0016  -2.65  0.0444
 723 dsch            180.63  0.0   0.92 -0.0017  -2.75  0.0444
 724 cv              180.63  0.0   0.92 -0.0017  -2.75  0.0444
 725 ch              180.63  0.0   0.92 -0.0017  -2.75  0.0444
 726 dsch            180.73  0.0   0.98 -0.0017  -2.83  0.0445
 727 dl2ag6b         180.87  0.0   1.08 -0.0017  -2.95  0.0445
 728 ql1sp01         181.12 -1.0   1.13 -0.0017  -3.00  0.0446
 729 dl1ag6b         181.20  0.0   1.10 -0.0018  -2.97  0.0447
 730 bpm             181.20  0.0   1.10 -0.0018  -2.97  0.0447
 731 dbpm            181.29  0.0   1.07 -0.0018  -2.93  0.0447
 732 sl1             181.49 -1.5   0.98 -0.0018  -2.84  0.0448
 733 ge              181.49  0.0   0.98 -0.0018  -2.84  0.0448
 734 gs              181.49  0.0   0.98 -0.0018  -2.84  0.0448
 735 dl0g1a          184.79  0.0  -1.96 -0.0004   3.93  0.0427
 736 dl0g1a          188.09  0.0   1.02  0.0009  -2.95  0.0408
 737 ge              188.09  0.0   1.02  0.0009  -2.95  0.0408
 738 gs              188.09  0.0   1.02  0.0009  -2.95  0.0408
 739 sl1             188.29 -1.5   1.11  0.0009  -3.04  0.0409
 740 dl1ag2a         188.38  0.0   1.14  0.0009  -3.07  0.0410
 741 bpm             188.38  0.0   1.14  0.0009  -3.07  0.0410
 742 dbpm            188.47  0.0   1.17  0.0008  -3.10  0.0410
 743 ql1sp01         188.72 -1.0   1.12  0.0008  -3.04  0.0411
 744 dl2ag2a         188.85  0.0   1.02  0.0008  -2.93  0.0411
 745 dsch            188.95  0.0   0.96  0.0008  -2.84  0.0412
 746 ch              188.95  0.0   0.96  0.0008  -2.84  0.0412
 747 cv              188.95  0.0   0.96  0.0008  -2.84  0.0412
 748 dsch            189.05  0.0   0.90  0.0007  -2.74  0.0412
 749 dl2bg2a         189.19  0.0   0.83  0.0007  -2.60  0.0413
 750 sl2             189.39  1.5   0.75  0.0007  -2.38  0.0414
 751 dl2cg2a         189.64  0.0   0.66  0.0007  -2.07  0.0415
 752 ql2sp01         190.04  1.0   0.58  0.0007  -1.56  0.0416
 753 dl3ag2a         190.65  0.0   0.50  0.0007  -1.08  0.0417
 754 sl3             190.85 -1.5   0.45  0.0007  -0.96  0.0417
 755 dl3bg2a         190.94  0.0   0.43  0.0007  -0.92  0.0417
 756 bpm             190.94  0.0   0.43  0.0007  -0.92  0.0417
 757 dbpm            191.03  0.0   0.40  0.0006  -0.88  0.0417
 758 ql3sp01         191.28 -1.0   0.38  0.0006  -0.83  0.0417
 759 dl4ag2a         191.56  0.0   0.43  0.0006  -0.86  0.0418
 760 sl4             191.56  0.0   0.43  0.0006  -0.86  0.0418
 761 dfch            191.71  0.0   0.46  0.0006  -0.87  0.0418
 762 ch              191.71  0.0   0.46  0.0006  -0.87  0.0418
 763 cv              191.71  0.0   0.46  0.0006  -0.87  0.0418
 764 dfch            191.86  0.0   0.49  0.0005  -0.88  0.0418
 765 ge              191.86  0.0   0.49  0.0005  -0.88  0.0418
 766 dl4bg3a         191.88  0.0   0.50  0.0005  -0.88  0.0418
 767 gs              191.88  0.0   0.50  0.0005  -0.88  0.0418
 768 b1sp01          194.50  0.5  -0.59  0.0004  -1.07  0.0420
 769 dm1ag3a         194.86  0.0  -0.51  0.0005  -1.10  0.0420
 770 sq2hsp01        195.01  0.0  -0.48  0.0006  -1.11  0.0420
 771 ch              195.01  0.0  -0.48  0.0006  -1.11  0.0420
 772 cv              195.01  0.0  -0.48  0.0006  -1.11  0.0420
 773 sq2hsp01        195.16  0.0  -0.46  0.0006  -1.12  0.0420
 774 dm1bg3a         195.47  0.0  -0.41  0.0006  -1.14  0.0421
 775 ge              195.47  0.0  -0.41  0.0006  -1.14  0.0421
 776 gs              195.47  0.0  -0.41  0.0006  -1.14  0.0421
 777 qm1sp01         195.72 -1.0  -0.38  0.0006  -1.15  0.0421
 778 dm2a2g4b        195.92  0.0  -0.36  0.0006  -1.16  0.0421
 779 sm1l            196.12 -1.5  -0.34  0.0007  -1.18  0.0422
 780 dm2b2g4b        196.71  0.0  -0.30  0.0007  -1.22  0.0423
 781 bpm             196.71  0.0  -0.30  0.0007  -1.22  0.0423
 782 dbpm            196.79  0.0  -0.30  0.0007  -1.22  0.0423
 783 qm2sp01         197.04  1.0  -0.29  0.0007  -1.24  0.0423
 784 dm2cg4a         197.24  0.0  -0.28  0.0007  -1.25  0.0424
 785 sm2             197.49  1.5  -0.27  0.0007  -1.26  0.0424
 786 dm2cg4b         197.69  0.0  -0.26  0.0007  -1.26  0.0425
 787 qm2sp01         197.94  1.0  -0.25  0.0007  -1.26  0.0426
 788 dm2b2g4a        198.46  0.0  -0.21  0.0007  -1.24  0.0427
 789 du_sm1r         198.46  0.0  -0.21  0.0007  -1.24  0.0427
 790 sm1r            198.66 -1.5  -0.20  0.0007  -1.24  0.0427
 791 dd_sm1r         198.66  0.0  -0.20  0.0007  -1.24  0.0427
 792 dm2a2g4a        198.93  0.0  -0.17  0.0007  -1.23  0.0427
 793 bpm             198.93  0.0  -0.17  0.0007  -1.23  0.0427
 794 dbpm            199.01  0.0  -0.16  0.0007  -1.23  0.0427
 795 qm1sp01         199.26 -1.0  -0.12  0.0007  -1.22  0.0428
 796 dm1eg4b         199.48  0.0  -0.08  0.0007  -1.21  0.0428
 797 dfch            199.63  0.0  -0.04  0.0007  -1.21  0.0428
 798 cv              199.63  0.0  -0.04  0.0007  -1.21  0.0428
 799 ch              199.63  0.0  -0.04  0.0007  -1.21  0.0428
 800 dfch            199.78  0.0   0.00  0.0007  -1.20  0.0428
 801 ge              199.78  0.0   0.00  0.0007  -1.20  0.0428
 802 gs              199.78  0.0   0.00  0.0007  -1.20  0.0428
 803 dm1dg5b         199.84  0.0   0.02  0.0007  -1.20  0.0428
 804 dpwg5b          200.04  0.0   0.09  0.0007  -1.19  0.0428
 805 dm1cg5b         200.24  0.0   0.17  0.0007  -1.18  0.0429
 806 b1sp01          202.86  0.5  -0.65  0.0001  -1.05  0.0431
 807 ge              202.86  0.0  -0.65  0.0001  -1.05  0.0431
 808 dh4cg6b         203.06  0.0  -0.65  0.0002  -1.04  0.0431
 809 gs              203.06  0.0  -0.65  0.0002  -1.04  0.0431
 810 dfch            203.21  0.0  -0.65  0.0002  -1.03  0.0431
 811 cv              203.21  0.0  -0.65  0.0002  -1.03  0.0431
 812 ch              203.21  0.0  -0.65  0.0002  -1.03  0.0431
 813 dfch            203.36  0.0  -0.65  0.0002  -1.02  0.0431
 814 dh4bg6b         203.44  0.0  -0.65  0.0003  -1.01  0.0431
 815 sh4             203.64 -1.5  -0.65  0.0003  -1.00  0.0431
 816 dh4ag6b         203.73  0.0  -0.65  0.0003  -1.00  0.0431
 817 bpm             203.73  0.0  -0.65  0.0003  -1.00  0.0431
 818 dbpm            203.81  0.0  -0.64  0.0003  -0.99  0.0431
 819 qh3sp01         204.06 -1.0  -0.60  0.0003  -1.02  0.0431
 820 dh3bg6b         204.26  0.0  -0.55  0.0003  -1.08  0.0432
 821 sh3             204.46 -1.5  -0.50  0.0003  -1.16  0.0432
 822 dh3ag6b         204.65  0.0  -0.47  0.0004  -1.24  0.0432
 823 qh2sp01         205.05  1.0   0.03  0.0004  -1.98  0.0433
 824 dh2cg6b         205.20  0.0   0.40  0.0004  -2.45  0.0433
 825 sh2             205.40  0.0   0.93  0.0004  -3.05  0.0434
 826 dh2bg6b         205.58  0.0   1.45  0.0003  -3.60  0.0435
 827 dsch            205.68  0.0   1.74  0.0003  -3.89  0.0436
 828 cv              205.68  0.0   1.74  0.0003  -3.89  0.0436
 829 ch              205.68  0.0   1.74  0.0003  -3.89  0.0436
 830 dsch            205.78  0.0   2.05  0.0003  -4.18  0.0436
 831 dh2ag6b         205.91  0.0   2.48  0.0003  -4.55  0.0437
 832 qh1sp01         206.16 -1.0   2.91  0.0002  -4.87  0.0439
 833 dh1ag6b         206.25  0.0   2.92  0.0002  -4.85  0.0439
 834 bpm             206.25  0.0   2.92  0.0002  -4.85  0.0439
 835 dbpm            206.34  0.0   2.93  0.0002  -4.83  0.0440
 836 sh1             206.54  1.5   2.95  0.0002  -4.76  0.0442
 837 ge              206.54  0.0   2.95  0.0002  -4.76  0.0442
 838 gs              206.54  0.0   2.95  0.0002  -4.76  0.0442
 839 dh0g1a          211.19  0.0   3.17 -0.0010   2.93  0.0462
 840 dh0g1a          215.84  0.0   2.68 -0.0021   3.33  0.0395
 841 ge              215.84  0.0   2.68 -0.0021   3.33  0.0395
 842 gs              215.84  0.0   2.68 -0.0021   3.33  0.0395
 843 sh1             216.04  1.5   2.65 -0.0021   3.15  0.0394
 844 dh1ag2a         216.13  0.0   2.64 -0.0021   3.08  0.0394
 845 bpm             216.13  0.0   2.64 -0.0021   3.08  0.0394
 846 dbpm            216.21  0.0   2.62 -0.0022   3.00  0.0394
 847 qh1sp01         216.46 -1.0   2.19 -0.0022   3.18  0.0392
 848 dh2ag2a         216.62  0.0   1.70 -0.0022   3.54  0.0392
 849 sq1hsp01        216.72  0.0   1.40 -0.0022   3.77  0.0391
 850 ch              216.72  0.0   1.40 -0.0022   3.77  0.0391
 851 cv              216.72  0.0   1.40 -0.0022   3.77  0.0391
 852 sq1hsp01        216.82  0.0   1.12 -0.0022   4.01  0.0391
 853 dh2bg2a         216.98  0.0   0.68 -0.0023   4.37  0.0390
 854 sh2             217.18  0.0   0.17 -0.0023   4.83  0.0388
 855 dh2cg2a         217.33  0.0  -0.20 -0.0023   5.18  0.0387
 856 qh2sp01         217.73  1.0  -0.69 -0.0022   5.57  0.0384
 857 dh3ag2a         217.92  0.0  -0.72 -0.0022   5.51  0.0383
 858 sh3             218.12 -1.5  -0.77 -0.0022   5.46  0.0382
 859 dh3bg2a         218.31  0.0  -0.82 -0.0022   5.42  0.0381
 860 qh3sp01         218.56 -1.0  -0.87 -0.0022   5.33  0.0380
 861 dh4ag2a         218.65  0.0  -0.88 -0.0022   5.29  0.0380
 862 bpm             218.65  0.0  -0.88 -0.0022   5.29  0.0380
 863 dbpm            218.74  0.0  -0.89 -0.0021   5.24  0.0380
 864 sh4             218.94 -1.5  -0.90 -0.0021   5.14  0.0379
 865 dh4bg2a         219.19  0.0  -0.92 -0.0020   5.01  0.0378
 866 dfch            219.34  0.0  -0.93 -0.0020   4.93  0.0378
 867 ch              219.34  0.0  -0.93 -0.0020   4.93  0.0378
 868 cv              219.34  0.0  -0.93 -0.0020   4.93  0.0378
 869 dfch            219.49  0.0  -0.94 -0.0019   4.84  0.0377
 870 ge              219.49  0.0  -0.94 -0.0019   4.84  0.0377
 871 dh4cg3a         219.52  0.0  -0.94 -0.0019   4.82  0.0377
 872 gs              219.52  0.0  -0.94 -0.0019   4.82  0.0377
 873 b1sp01          222.14  0.5   0.42 -0.0026   3.05  0.0370
 874 dm1ag3a         222.50  0.0   0.23 -0.0026   2.76  0.0369
 875 dfch            222.65  0.0   0.16 -0.0026   2.63  0.0369
 876 ch              222.65  0.0   0.16 -0.0026   2.63  0.0369
 877 cv              222.65  0.0   0.16 -0.0026   2.63  0.0369
 878 dfch            222.80  0.0   0.11 -0.0026   2.50  0.0368
 879 dm1bg3a         223.11  0.0   0.02 -0.0026   2.24  0.0368
 880 ge              223.11  0.0   0.02 -0.0026   2.24  0.0368
 881 gs              223.11  0.0   0.02 -0.0026   2.24  0.0368
 882 qm1sp01         223.36 -1.0  -0.04 -0.0026   2.01  0.0367
 883 dm2ag4a         223.56  0.0  -0.08 -0.0026   1.81  0.0367
 884 sm1l            223.76 -1.5  -0.11 -0.0026   1.58  0.0366
 885 dm2bg4a         224.35  0.0  -0.17 -0.0026   0.74  0.0365
 886 bpm             224.35  0.0  -0.17 -0.0026   0.74  0.0365
 887 dbpm            224.43  0.0  -0.17 -0.0026   0.58  0.0365
 888 qm2sp01         224.68  1.0  -0.19 -0.0026   0.10  0.0365
 889 dm2cg4a         224.88  0.0  -0.21 -0.0026  -0.31  0.0365
 890 sm2             225.13  1.5  -0.22 -0.0026  -0.80  0.0365
 891 dm2cg4b         225.33  0.0  -0.24 -0.0026  -1.20  0.0366
 892 qm2sp01         225.58  1.0  -0.25 -0.0026  -1.67  0.0367
 893 dm2bg4b         226.10  0.0  -0.30 -0.0026  -2.43  0.0368
 894 du_sm1r         226.10  0.0  -0.30 -0.0026  -2.43  0.0368
 895 sm1r            226.30 -1.5  -0.32 -0.0026  -2.66  0.0369
 896 dd_sm1r         226.30  0.0  -0.32 -0.0026  -2.66  0.0369
 897 dm2ag4b         226.57  0.0  -0.36 -0.0026  -2.92  0.0370
 898 bpm             226.57  0.0  -0.36 -0.0026  -2.92  0.0370
 899 dbpm            226.65  0.0  -0.38 -0.0026  -3.00  0.0370
 900 qm1sp01         226.90 -1.0  -0.43 -0.0026  -3.21  0.0371
 901 dm1eg4b         227.12  0.0  -0.49 -0.0025  -3.38  0.0371
 902 dfch            227.27  0.0  -0.53 -0.0025  -3.49  0.0372
 903 cv              227.27  0.0  -0.53 -0.0025  -3.49  0.0372
 904 ch              227.27  0.0  -0.53 -0.0025  -3.49  0.0372
 905 dfch            227.42  0.0  -0.58 -0.0025  -3.61  0.0372
 906 ge              227.42  0.0  -0.58 -0.0025  -3.61  0.0372
 907 gs              227.42  0.0  -0.58 -0.0025  -3.61  0.0372
 908 dm1dg5b         227.48  0.0  -0.59 -0.0025  -3.65  0.0372
 909 dpwg5b          227.68  0.0  -0.67 -0.0024  -3.79  0.0373
 910 dm1cg5b         227.88  0.0  -0.75 -0.0023  -3.93  0.0374
 911 b1sp01          230.50  0.5   0.83 -0.0023  -5.42  0.0383
 912 ge              230.50  0.0   0.83 -0.0023  -5.42  0.0383
 913 dl4bg6b         230.72  0.0   0.77 -0.0023  -5.52  0.0384
 914 gs              230.72  0.0   0.77 -0.0023  -5.52  0.0384
 915 dfch            230.87  0.0   0.74 -0.0024  -5.58  0.0384
 916 cv              230.87  0.0   0.74 -0.0024  -5.58  0.0384
 917 ch              230.87  0.0   0.74 -0.0024  -5.58  0.0384
 918 dfch            231.02  0.0   0.71 -0.0024  -5.65  0.0385
 919 sl4             231.02  0.0   0.71 -0.0024  -5.65  0.0385
 920 dl4ag6b         231.10  0.0   0.69 -0.0024  -5.68  0.0385
 921 ql3sp01         231.35 -1.0   0.70 -0.0024  -5.85  0.0386
 922 dbpm            231.44  0.0   0.73 -0.0024  -5.93  0.0387
 923 bpm             231.44  0.0   0.73 -0.0024  -5.93  0.0387
 924 dl3bg6b         231.52  0.0   0.75 -0.0025  -6.02  0.0387
 925 sl3             231.72 -1.5   0.78 -0.0025  -6.25  0.0388
 926 dl3ag6b         232.34  0.0   0.86 -0.0025  -7.21  0.0393
 927 ql2sp01         232.74  1.0   0.93 -0.0025  -8.12  0.0399
 928 dl2cg6b         232.99  0.0   1.01 -0.0025  -8.65  0.0403
 929 sl2             233.19  1.5   1.10 -0.0026  -9.02  0.0406
 930 dl2bg6b         233.32  0.0   1.16 -0.0026  -9.24  0.0408
 931 dsch            233.42  0.0   1.21 -0.0026  -9.39  0.0409
 932 cv              233.42  0.0   1.21 -0.0026  -9.39  0.0409
 933 ch              233.42  0.0   1.21 -0.0026  -9.39  0.0409
 934 dsch            233.52  0.0   1.27 -0.0026  -9.54  0.0410
 935 dl2ag6b         233.66  0.0   1.36 -0.0026  -9.72  0.0412
 936 ql1sp01         233.91 -1.0   1.41 -0.0027  -9.90  0.0415
 937 dl1ag6b         234.00  0.0   1.37 -0.0027  -9.91  0.0416
 938 bpm             234.00  0.0   1.37 -0.0027  -9.91  0.0416
 939 dbpm            234.09  0.0   1.33 -0.0027  -9.93  0.0417
 940 sl1             234.29 -1.5   1.23 -0.0028  -9.95  0.0420
 941 ge              234.29  0.0   1.23 -0.0028  -9.95  0.0420
 942 gs              234.29  0.0   1.23 -0.0028  -9.95  0.0420
 943 dl0g1a          237.59  0.0  -2.29 -0.0013   7.46  0.0485
 944 dl0g1a          240.89  0.0   1.10  0.0004  -1.50  0.0342
 945 ge              240.89  0.0   1.10  0.0004  -1.50  0.0342
 946 gs              240.89  0.0   1.10  0.0004  -1.50  0.0342
 947 sl1             241.09 -1.5   1.21  0.0004  -1.88  0.0342
 948 dl1ag2a         241.17  0.0   1.25  0.0003  -2.04  0.0343
 949 bpm             241.17  0.0   1.25  0.0003  -2.04  0.0343
 950 dbpm            241.26  0.0   1.29  0.0003  -2.18  0.0343
 951 ql1sp01         241.51 -1.0   1.25  0.0003  -2.44  0.0344
 952 dl2ag2a         241.65  0.0   1.16  0.0002  -2.50  0.0344
 953 dsch            241.75  0.0   1.10  0.0002  -2.55  0.0344
 954 ch              241.75  0.0   1.10  0.0002  -2.55  0.0344
 955 cv              241.75  0.0   1.10  0.0002  -2.55  0.0344
 956 dsch            241.85  0.0   1.05  0.0002  -2.59  0.0345
 957 dl2bg2a         241.99  0.0   0.99  0.0002  -2.66  0.0345
 958 sl2             242.19  1.5   0.91  0.0002  -2.76  0.0346
 959 dl2cg2a         242.44  0.0   0.83  0.0002  -2.90  0.0348
 960 ql2sp01         242.84  1.0   0.76  0.0002  -3.14  0.0350
 961 dl3ag2a         243.45  0.0   0.69  0.0001  -3.39  0.0352
 962 sl3             243.65 -1.5   0.65  0.0001  -3.45  0.0353
 963 dl3bg2a         243.74  0.0   0.63  0.0001  -3.47  0.0353
 964 bpm             243.74  0.0   0.63  0.0001  -3.47  0.0353
 965 dbpm            243.83  0.0   0.61  0.0001  -3.48  0.0353
 966 ql3sp01         244.08 -1.0   0.60  0.0001  -3.59  0.0354
 967 dl4ag2a         244.36  0.0   0.67  0.0000  -3.78  0.0355
 968 sl4             244.36  0.0   0.67  0.0000  -3.78  0.0355
 969 dfch            244.51  0.0   0.72 -0.0000  -3.89  0.0355
 970 ch              244.51  0.0   0.72 -0.0000  -3.89  0.0355
 971 cv              244.51  0.0   0.72 -0.0000  -3.89  0.0355
 972 dfch            244.66  0.0   0.76 -0.0001  -3.99  0.0355
 973 ge              244.66  0.0   0.76 -0.0001  -3.99  0.0355
 974 dl4bg3a         244.68  0.0   0.77 -0.0001  -4.00  0.0356
 975 gs              244.68  0.0   0.77 -0.0001  -4.00  0.0356
 976 b1sp01          247.30  0.5  -0.85 -0.0002  -5.83  0.0365
 977 dm1ag3a         247.66  0.0  -0.73 -0.0000  -6.08  0.0367
 978 sq2hsp01        247.81  0.0  -0.68  0.0000  -6.18  0.0368
 979 ch              247.81  0.0  -0.68  0.0000  -6.18  0.0368
 980 cv              247.81  0.0  -0.68  0.0000  -6.18  0.0368
 981 sq2hsp01        247.96  0.0  -0.64  0.0000  -6.28  0.0369
 982 dm1bg3a         248.27  0.0  -0.56  0.0001  -6.49  0.0371
 983 ge              248.27  0.0  -0.56  0.0001  -6.49  0.0371
 984 gs              248.27  0.0  -0.56  0.0001  -6.49  0.0371
 985 qm1sp01         248.52 -1.0  -0.52  0.0001  -6.67  0.0372
 986 dm2a2g4b        248.72  0.0  -0.48  0.0001  -6.81  0.0373
 987 sm1l            248.92 -1.5  -0.46  0.0001  -6.97  0.0375
 988 dm2b2g4b        249.50  0.0  -0.40  0.0002  -7.50  0.0381
 989 bpm             249.50  0.0  -0.40  0.0002  -7.50  0.0381
 990 dbpm            249.59  0.0  -0.39  0.0002  -7.59  0.0382
 991 qm2sp01         249.84  1.0  -0.38  0.0002  -7.85  0.0386
 992 dm2cg4a         250.04  0.0  -0.36  0.0002  -8.05  0.0389
 993 sm2             250.29  1.5  -0.35  0.0002  -8.26  0.0393
 994 dm2cg4b         250.49  0.0  -0.33  0.0002  -8.42  0.0396
 995 qm2sp01         250.74  1.0  -0.32  0.0002  -8.58  0.0401
 996 dm2b2g4a        251.26  0.0  -0.27  0.0002  -8.78  0.0407
 997 du_sm1r         251.26  0.0  -0.27  0.0002  -8.78  0.0407
 998 sm1r            251.46 -1.5  -0.24  0.0002  -8.83  0.0409
 999 dd_sm1r         251.46  0.0  -0.24  0.0002  -8.83  0.0409
1000 dm2a2g4a        251.72  0.0  -0.20  0.0002  -8.88  0.0412
1001 bpm             251.72  0.0  -0.20  0.0002  -8.88  0.0412
1002 dbpm            251.81  0.0  -0.18  0.0002  -8.89  0.0413
1003 qm1sp01         252.06 -1.0  -0.12  0.0002  -8.92  0.0415
1004 dm1eg4b         252.28  0.0  -0.06  0.0002  -8.94  0.0416
1005 dfch            252.43  0.0  -0.01  0.0002  -8.95  0.0418
1006 cv              252.43  0.0  -0.01  0.0002  -8.95  0.0418
1007 ch              252.43  0.0  -0.01  0.0002  -8.95  0.0418
1008 dfch            252.58  0.0   0.05  0.0002  -8.96  0.0419
1009 ge              252.58  0.0   0.05  0.0002  -8.96  0.0419
1010 gs              252.58  0.0   0.05  0.0002  -8.96  0.0419
1011 dm1dg5b         252.64  0.0   0.08  0.0002  -8.96  0.0419
1012 dpwg5b          252.84  0.0   0.18  0.0002  -8.97  0.0421
1013 dm1cg5b         253.04  0.0   0.30  0.0002  -8.97  0.0422
1014 b1sp01          255.66  0.5  -0.96 -0.0006  -8.78  0.0439
1015 ge              255.66  0.0  -0.96 -0.0006  -8.78  0.0439
1016 dh4cg6b         255.86  0.0  -0.97 -0.0005  -8.75  0.0440
1017 gs              255.86  0.0  -0.97 -0.0005  -8.75  0.0440
1018 dfch            256.01  0.0  -0.97 -0.0005  -8.72  0.0441
1019 cv              256.01  0.0  -0.97 -0.0005  -8.72  0.0441
1020 ch              256.01  0.0  -0.97 -0.0005  -8.72  0.0441
1021 dfch            256.16  0.0  -0.96 -0.0005  -8.70  0.0441
1022 dh4bg6b         256.24  0.0  -0.96 -0.0004  -8.69  0.0442
1023 sh4             256.44 -1.5  -0.95 -0.0004  -8.66  0.0443
1024 dh4ag6b         256.52  0.0  -0.94 -0.0004  -8.64  0.0443
1025 bpm             256.52  0.0  -0.94 -0.0004  -8.64  0.0443
1026 dbpm            256.61  0.0  -0.94 -0.0004  -8.63  0.0444
1027 qh3sp01         256.86 -1.0  -0.89 -0.0003  -8.62  0.0445
1028 dh3bg6b         257.06  0.0  -0.83 -0.0003  -8.65  0.0446
1029 sh3             257.26 -1.5  -0.78 -0.0003  -8.69  0.0448
1030 dh3ag6b         257.45  0.0  -0.75 -0.0003  -8.72  0.0450
1031 qh2sp01         257.85  1.0  -0.26 -0.0003  -9.23  0.0454
1032 dh2cg6b         258.00  0.0   0.09 -0.0003  -9.57  0.0457
1033 sh2             258.20  0.0   0.59 -0.0003 -10.01  0.0459
1034 dh2bg6b         258.38  0.0   1.08 -0.0003 -10.40  0.0462
1035 dsch            258.48  0.0   1.36 -0.0003 -10.61  0.0464
1036 cv              258.48  0.0   1.36 -0.0003 -10.61  0.0464
1037 ch              258.48  0.0   1.36 -0.0003 -10.61  0.0464
1038 dsch            258.58  0.0   1.65 -0.0003 -10.81  0.0465
1039 dh2ag6b         258.71  0.0   2.06 -0.0003 -11.07  0.0467
1040 qh1sp01         258.96 -1.0   2.47 -0.0004 -11.21  0.0471
1041 dh1ag6b         259.05  0.0   2.48 -0.0004 -11.13  0.0473
1042 bpm             259.05  0.0   2.48 -0.0004 -11.13  0.0473
1043 dbpm            259.14  0.0   2.50 -0.0004 -11.05  0.0474
1044 sh1             259.34  1.5   2.52 -0.0004 -10.85  0.0478
1045 ge              259.34  0.0   2.52 -0.0004 -10.85  0.0478
1046 gs              259.34  0.0   2.52 -0.0004 -10.85  0.0478
1047 dh0g1a          263.99  0.0   2.87 -0.0014   9.07  0.0506
1048 cav             263.99  0.0   2.87 -0.0014   9.07  0.0506
