#   A_x        A_y        J_x        J_y      nu_x    nu_y
#
 0.000e+00  0.000e+00  0.000e+00  0.000e+00 0.21400 0.08800
-8.000e-01  1.000e+00  1.428e-02  1.441e-01 0.21396 0.08794
-1.600e+00  1.000e+00  5.711e-02  1.441e-01 0.21394 0.08793
-2.400e+00  1.000e+00  1.285e-01  1.441e-01 0.21390 0.08792
-3.200e+00  1.000e+00  2.284e-01  1.441e-01 0.21385 0.08790
-4.000e+00  1.000e+00  3.569e-01  1.441e-01 0.21378 0.08788
-4.800e+00  1.000e+00  5.140e-01  1.441e-01 0.21370 0.08785
-5.600e+00  1.000e+00  6.996e-01  1.441e-01 0.21360 0.08782
-6.400e+00  1.000e+00  9.137e-01  1.441e-01 0.21350 0.08779
-7.200e+00  1.000e+00  1.156e+00  1.441e-01 0.21338 0.08775
-8.000e+00  1.000e+00  1.428e+00  1.441e-01 0.21325 0.08771
-8.800e+00  1.000e+00  1.728e+00  1.441e-01 0.21311 0.08767
-9.600e+00  1.000e+00  2.056e+00  1.441e-01 0.21296 0.08764
-1.040e+01  1.000e+00  2.413e+00  1.441e-01 0.21281 0.08760
-1.120e+01  1.000e+00  2.798e+00  1.441e-01 0.21264 0.08756
-1.200e+01  1.000e+00  3.212e+00  1.441e-01 0.21247 0.08753
-1.280e+01  1.000e+00  3.655e+00  1.441e-01 0.21229 0.08749
-1.360e+01  1.000e+00  4.126e+00  1.441e-01 0.21211 0.08746
-1.440e+01  1.000e+00  4.626e+00  1.441e-01 0.21192 0.08744
-1.520e+01  1.000e+00  5.154e+00  1.441e-01 0.21173 0.08741
-1.600e+01  1.000e+00  5.711e+00  1.441e-01 0.21153 0.08740
-1.680e+01  1.000e+00  6.296e+00  1.441e-01 0.21133 0.08739
-1.760e+01  1.000e+00  6.910e+00  1.441e-01 0.21112 0.08738
-1.840e+01  1.000e+00  7.553e+00  1.441e-01 0.21092 0.08739
-1.920e+01  1.000e+00  8.224e+00  1.441e-01 0.21071 0.08740
-2.000e+01  1.000e+00  8.923e+00  1.441e-01 0.21051 0.08742

 0.000e+00  0.000e+00  0.000e+00  0.000e+00 0.21400 0.08800
 0.000e+00  1.000e+00  0.000e+00  1.441e-01 0.21397 0.08794
 8.000e-01  1.000e+00  1.428e-02  1.441e-01 0.21396 0.08794
 1.600e+00  1.000e+00  5.711e-02  1.441e-01 0.21394 0.08793
 2.400e+00  1.000e+00  1.285e-01  1.441e-01 0.21389 0.08792
 3.200e+00  1.000e+00  2.284e-01  1.441e-01 0.21383 0.08790
 4.000e+00  1.000e+00  3.569e-01  1.441e-01 0.21375 0.08787
 4.800e+00  1.000e+00  5.140e-01  1.441e-01 0.21365 0.08784
 5.600e+00  1.000e+00  6.996e-01  1.441e-01 0.21353 0.08780
 6.400e+00  1.000e+00  9.137e-01  1.441e-01 0.21340 0.08776
 7.200e+00  1.000e+00  1.156e+00  1.441e-01 0.21324 0.08772
 8.000e+00  1.000e+00  1.428e+00  1.441e-01 0.21305 0.08767
 8.800e+00  1.000e+00  1.728e+00  1.441e-01 0.21285 0.08762
 9.600e+00  1.000e+00  2.056e+00  1.441e-01 0.21263 0.08757
 1.040e+01  1.000e+00  2.413e+00  1.441e-01 0.21238 0.08752
 1.120e+01  1.000e+00  2.798e+00  1.441e-01 0.21211 0.08748
 1.200e+01  1.000e+00  3.212e+00  1.441e-01 0.21182 0.08744
 1.280e+01  1.000e+00  3.655e+00  1.441e-01 0.21151 0.08742
 1.360e+01  1.000e+00  4.126e+00  1.441e-01 0.21117 0.08741
 1.440e+01  1.000e+00  4.626e+00  1.441e-01 0.21082 0.08742
 1.520e+01  1.000e+00  5.154e+00  1.441e-01 0.21044 0.08745
 1.600e+01  1.000e+00  5.711e+00  1.441e-01 0.21006 0.08752
 1.680e+01  1.000e+00  6.296e+00  1.441e-01 0.20966 0.08763
 1.760e+01  1.000e+00  6.910e+00  1.441e-01 0.20926 0.08779
 1.840e+01  1.000e+00  7.553e+00  1.441e-01 0.20888 0.08803
 1.920e+01  1.000e+00  8.224e+00  1.441e-01 0.20852 0.08834
 2.000e+01  1.000e+00  8.923e+00  1.441e-01 0.20821 0.08877
