#   A_x        A_y      nu_x    nu_y
#
 0.000e+00  0.000e+00  0.000e+00  0.000e+00 0.21400 0.08800
 1.000e+00 -3.000e-01  2.231e-02  1.297e-02 0.21398 0.08799
 1.000e+00 -6.000e-01  2.231e-02  5.189e-02 0.21398 0.08798
 1.000e+00 -9.000e-01  2.231e-02  1.167e-01 0.21396 0.08795
 1.000e+00 -1.200e+00  2.231e-02  2.075e-01 0.21395 0.08792
 1.000e+00 -1.500e+00  2.231e-02  3.243e-01 0.21392 0.08787
 1.000e+00 -1.800e+00  2.231e-02  4.670e-01 0.21389 0.08782
 1.000e+00 -2.100e+00  2.231e-02  6.356e-01 0.21386 0.08775
 1.000e+00 -2.400e+00  2.231e-02  8.302e-01 0.21382 0.08768
 1.000e+00 -2.700e+00  2.231e-02  1.051e+00 0.21377 0.08759
 1.000e+00 -3.000e+00  2.231e-02  1.297e+00 0.21372 0.08750
 1.000e+00 -3.300e+00  2.231e-02  1.570e+00 0.21366 0.08739
 1.000e+00 -3.600e+00  2.231e-02  1.868e+00 0.21359 0.08727
 1.000e+00 -3.900e+00  2.231e-02  2.192e+00 0.21352 0.08714
 1.000e+00 -4.200e+00  2.231e-02  2.542e+00 0.21344 0.08700
 1.000e+00 -4.500e+00  2.231e-02  2.919e+00 0.21335 0.08685
 1.000e+00 -4.800e+00  2.231e-02  3.321e+00 0.21325 0.08668
 1.000e+00 -5.100e+00  2.231e-02  3.749e+00 0.21314 0.08650
 1.000e+00 -5.400e+00  2.231e-02  4.203e+00 0.21302 0.08631
 1.000e+00 -5.700e+00  2.231e-02  4.683e+00 0.21290 0.08611
 1.000e+00 -6.000e+00  2.231e-02  5.189e+00 0.21276 0.08589
 1.000e+00 -6.300e+00  2.231e-02  5.720e+00 0.21261 0.08565
 1.000e+00 -6.600e+00  2.231e-02  6.278e+00 0.21245 0.08540
 1.000e+00 -6.900e+00  2.231e-02  6.862e+00 0.21227 0.08513
 1.000e+00 -7.200e+00  2.231e-02  7.471e+00 0.21209 0.08484
 1.000e+00 -7.500e+00  2.231e-02  8.107e+00 0.21188 0.08453

 0.000e+00  0.000e+00  0.000e+00  0.000e+00 0.21400 0.08800
#  1.000e+00  0.000e+00 particle lost
 1.000e+00  3.000e-01  2.231e-02  1.297e-02 0.21398 0.08799
 1.000e+00  6.000e-01  2.231e-02  5.189e-02 0.21398 0.08798
 1.000e+00  9.000e-01  2.231e-02  1.167e-01 0.21396 0.08795
 1.000e+00  1.200e+00  2.231e-02  2.075e-01 0.21395 0.08792
 1.000e+00  1.500e+00  2.231e-02  3.243e-01 0.21392 0.08787
 1.000e+00  1.800e+00  2.231e-02  4.670e-01 0.21389 0.08782
 1.000e+00  2.100e+00  2.231e-02  6.356e-01 0.21386 0.08775
 1.000e+00  2.400e+00  2.231e-02  8.302e-01 0.21382 0.08768
 1.000e+00  2.700e+00  2.231e-02  1.051e+00 0.21377 0.08759
 1.000e+00  3.000e+00  2.231e-02  1.297e+00 0.21372 0.08750
 1.000e+00  3.300e+00  2.231e-02  1.570e+00 0.21366 0.08739
 1.000e+00  3.600e+00  2.231e-02  1.868e+00 0.21359 0.08727
 1.000e+00  3.900e+00  2.231e-02  2.192e+00 0.21352 0.08714
 1.000e+00  4.200e+00  2.231e-02  2.542e+00 0.21344 0.08700
 1.000e+00  4.500e+00  2.231e-02  2.919e+00 0.21335 0.08685
 1.000e+00  4.800e+00  2.231e-02  3.321e+00 0.21325 0.08668
 1.000e+00  5.100e+00  2.231e-02  3.749e+00 0.21314 0.08650
 1.000e+00  5.400e+00  2.231e-02  4.203e+00 0.21302 0.08631
 1.000e+00  5.700e+00  2.231e-02  4.683e+00 0.21290 0.08611
 1.000e+00  6.000e+00  2.231e-02  5.189e+00 0.21276 0.08589
 1.000e+00  6.300e+00  2.231e-02  5.720e+00 0.21261 0.08565
 1.000e+00  6.600e+00  2.231e-02  6.278e+00 0.21245 0.08540
 1.000e+00  6.900e+00  2.231e-02  6.862e+00 0.21227 0.08513
 1.000e+00  7.200e+00  2.231e-02  7.471e+00 0.21209 0.08484
 1.000e+00  7.500e+00  2.231e-02  8.107e+00 0.21188 0.08453
