   1.000e+00  -6.500e+00  0.153036  0.454416
   1.000e+00  -6.240e+00  0.152618  0.454534
   1.000e+00  -5.980e+00  0.152256  0.454662
   1.000e+00  -5.720e+00  0.151943  0.454796
   1.000e+00  -5.460e+00  0.151671  0.454933
   1.000e+00  -5.200e+00  0.151435  0.455073
   1.000e+00  -4.940e+00  0.151229  0.455212
   1.000e+00  -4.680e+00  0.151049  0.455350
   1.000e+00  -4.420e+00  0.150890  0.455485
   1.000e+00  -4.160e+00  0.150752  0.455615
   1.000e+00  -3.900e+00  0.150629  0.455741
   1.000e+00  -3.640e+00  0.150521  0.455861
   1.000e+00  -3.380e+00  0.150425  0.455974
   1.000e+00  -3.120e+00  0.150340  0.456081
   1.000e+00  -2.860e+00  0.150265  0.456180
   1.000e+00  -2.600e+00  0.150199  0.456271
   1.000e+00  -2.340e+00  0.150141  0.456355
   1.000e+00  -2.080e+00  0.150090  0.456430
   1.000e+00  -1.820e+00  0.150047  0.456497
   1.000e+00  -1.560e+00  0.150009  0.456555
   1.000e+00  -1.300e+00  0.149978  0.456604
   1.000e+00  -1.040e+00  0.149953  0.456645
   1.000e+00  -7.800e-01  0.149934  0.456676
   1.000e+00  -5.200e-01  0.149920  0.456699
   1.000e+00  -2.600e-01  0.149912  0.456713
   1.000e+00   1.000e+00  0.149950  0.456650
   1.000e+00   2.600e-01  0.149912  0.456713
   1.000e+00   5.200e-01  0.149920  0.456699
   1.000e+00   7.800e-01  0.149934  0.456676
   1.000e+00   1.040e+00  0.149953  0.456645
   1.000e+00   1.300e+00  0.149978  0.456604
   1.000e+00   1.560e+00  0.150009  0.456555
   1.000e+00   1.820e+00  0.150047  0.456497
   1.000e+00   2.080e+00  0.150090  0.456430
   1.000e+00   2.340e+00  0.150141  0.456355
   1.000e+00   2.600e+00  0.150199  0.456271
   1.000e+00   2.860e+00  0.150265  0.456180
   1.000e+00   3.120e+00  0.150340  0.456081
   1.000e+00   3.380e+00  0.150425  0.455974
   1.000e+00   3.640e+00  0.150521  0.455861
   1.000e+00   3.900e+00  0.150629  0.455741
   1.000e+00   4.160e+00  0.150752  0.455615
   1.000e+00   4.420e+00  0.150890  0.455485
   1.000e+00   4.680e+00  0.151049  0.455350
   1.000e+00   4.940e+00  0.151229  0.455212
   1.000e+00   5.200e+00  0.151435  0.455073
   1.000e+00   5.460e+00  0.151671  0.454933
   1.000e+00   5.720e+00  0.151943  0.454796
   1.000e+00   5.980e+00  0.152256  0.454662
   1.000e+00   6.240e+00  0.152618  0.454534
   1.000e+00   6.500e+00  0.153036  0.454416
