 -3.00000e-02  0.00000e+00 -7.35679e-03 -2.06782e-02
 -3.00000e-02  1.11540e+00 -7.94061e+11  5.34582e+12
 -3.00000e-02  2.23081e+00 -2.24593e+12  1.51202e+13
 -3.00000e-02  3.34621e+00 -4.12602e+12  2.77775e+13
 -3.00000e-02  4.46161e+00 -6.35242e+12  4.27663e+13
 -3.00000e-02  5.57702e+00 -8.87777e+12  5.97676e+13
 -3.00000e-02  6.69242e+00 -1.16701e+13  7.85665e+13
 -3.00000e-02  7.80782e+00 -1.47060e+13  9.90051e+13
 -3.00000e-02  8.92323e+00 -1.79673e+13  1.20961e+14
 -3.00000e-02  1.00386e+01 -2.14393e+13  1.44336e+14
 -3.00000e-02  1.11540e+01 -2.51101e+13  1.69048e+14
 -3.00000e-02  1.22694e+01 -2.89692e+13  1.95029e+14
 -3.00000e-02  1.33848e+01 -3.30080e+13  2.22219e+14
 -3.00000e-02  1.45002e+01 -3.72188e+13  2.50568e+14
 -3.00000e-02  1.56156e+01 -4.15948e+13  2.80028e+14
 -3.00000e-02  1.67311e+01 -4.61301e+13  3.10561e+14
 -3.00000e-02  1.78465e+01 -5.08191e+13  3.42129e+14
 -3.00000e-02  1.89619e+01 -5.56571e+13  3.74699e+14
 -3.00000e-02  2.00773e+01 -6.06395e+13  4.08243e+14
 -3.00000e-02  2.11927e+01 -6.57623e+13  4.42731e+14
 -3.00000e-02  2.23081e+01 -7.10218e+13  4.78139e+14
 -3.00000e-02  2.34235e+01 -7.64145e+13  5.14444e+14
 -3.00000e-02  2.45389e+01 -8.19371e+13  5.51624e+14
 -3.00000e-02  2.56543e+01 -8.75868e+13  5.89659e+14
 -3.00000e-02  2.67697e+01 -9.33606e+13  6.28530e+14
 -3.00000e-02  2.78851e+01 -9.92560e+13  6.68220e+14

 -2.88000e-02  0.00000e+00 -6.97937e-03 -1.90219e-02
 -2.88000e-02  1.11540e+00 -7.94061e+11  5.34582e+12
 -2.88000e-02  2.23081e+00 -2.24593e+12  1.51202e+13
 -2.88000e-02  3.34621e+00 -4.12603e+12  2.77775e+13
 -2.88000e-02  4.46161e+00 -6.35242e+12  4.27663e+13
 -2.88000e-02  5.57702e+00 -8.87777e+12  5.97676e+13
 -2.88000e-02  6.69242e+00 -1.16701e+13  7.85665e+13
 -2.88000e-02  7.80782e+00 -1.47060e+13  9.90051e+13
 -2.88000e-02  8.92323e+00 -1.79673e+13  1.20961e+14
 -2.88000e-02  1.00386e+01 -2.14393e+13  1.44336e+14
 -2.88000e-02  1.11540e+01 -2.51101e+13  1.69048e+14
 -2.88000e-02  1.22694e+01 -2.89692e+13  1.95029e+14
 -2.88000e-02  1.33848e+01 -3.30080e+13  2.22219e+14
 -2.88000e-02  1.45002e+01 -3.72188e+13  2.50568e+14
 -2.88000e-02  1.56156e+01 -4.15948e+13  2.80028e+14
 -2.88000e-02  1.67311e+01 -4.61301e+13  3.10561e+14
 -2.88000e-02  1.78465e+01 -5.08191e+13  3.42129e+14
 -2.88000e-02  1.89619e+01 -5.56571e+13  3.74699e+14
 -2.88000e-02  2.00773e+01 -6.06395e+13  4.08243e+14
 -2.88000e-02  2.11927e+01 -6.57623e+13  4.42731e+14
 -2.88000e-02  2.23081e+01 -7.10218e+13  4.78139e+14
 -2.88000e-02  2.34235e+01 -7.64145e+13  5.14444e+14
 -2.88000e-02  2.45389e+01 -8.19371e+13  5.51624e+14
 -2.88000e-02  2.56543e+01 -8.75868e+13  5.89659e+14
 -2.88000e-02  2.67697e+01 -9.33606e+13  6.28530e+14
 -2.88000e-02  2.78851e+01 -9.92560e+13  6.68220e+14

 -2.76000e-02  0.00000e+00 -6.60522e-03 -1.74498e-02
 -2.76000e-02  1.11540e+00 -7.94061e+11  5.34582e+12
 -2.76000e-02  2.23081e+00 -2.24593e+12  1.51202e+13
 -2.76000e-02  3.34621e+00 -4.12603e+12  2.77775e+13
 -2.76000e-02  4.46161e+00 -6.35242e+12  4.27663e+13
 -2.76000e-02  5.57702e+00 -8.87777e+12  5.97676e+13
 -2.76000e-02  6.69242e+00 -1.16701e+13  7.85665e+13
 -2.76000e-02  7.80782e+00 -1.47060e+13  9.90051e+13
 -2.76000e-02  8.92323e+00 -1.79673e+13  1.20961e+14
 -2.76000e-02  1.00386e+01 -2.14393e+13  1.44336e+14
 -2.76000e-02  1.11540e+01 -2.51101e+13  1.69048e+14
 -2.76000e-02  1.22694e+01 -2.89692e+13  1.95029e+14
 -2.76000e-02  1.33848e+01 -3.30080e+13  2.22219e+14
 -2.76000e-02  1.45002e+01 -3.72188e+13  2.50568e+14
 -2.76000e-02  1.56156e+01 -4.15948e+13  2.80028e+14
 -2.76000e-02  1.67311e+01 -4.61301e+13  3.10561e+14
 -2.76000e-02  1.78465e+01 -5.08191e+13  3.42129e+14
 -2.76000e-02  1.89619e+01 -5.56571e+13  3.74699e+14
 -2.76000e-02  2.00773e+01 -6.06395e+13  4.08243e+14
 -2.76000e-02  2.11927e+01 -6.57623e+13  4.42731e+14
 -2.76000e-02  2.23081e+01 -7.10218e+13  4.78139e+14
 -2.76000e-02  2.34235e+01 -7.64145e+13  5.14444e+14
 -2.76000e-02  2.45389e+01 -8.19371e+13  5.51624e+14
 -2.76000e-02  2.56543e+01 -8.75868e+13  5.89659e+14
 -2.76000e-02  2.67697e+01 -9.33606e+13  6.28530e+14
 -2.76000e-02  2.78851e+01 -9.92560e+13  6.68220e+14

 -2.64000e-02  0.00000e+00 -6.23483e-03 -1.59599e-02
 -2.64000e-02  1.11540e+00 -7.94061e+11  5.34582e+12
 -2.64000e-02  2.23081e+00 -2.24593e+12  1.51202e+13
 -2.64000e-02  3.34621e+00 -4.12603e+12  2.77775e+13
 -2.64000e-02  4.46161e+00 -6.35242e+12  4.27663e+13
 -2.64000e-02  5.57702e+00 -8.87777e+12  5.97676e+13
 -2.64000e-02  6.69242e+00 -1.16701e+13  7.85665e+13
 -2.64000e-02  7.80782e+00 -1.47060e+13  9.90051e+13
 -2.64000e-02  8.92323e+00 -1.79673e+13  1.20961e+14
 -2.64000e-02  1.00386e+01 -2.14394e+13  1.44336e+14
 -2.64000e-02  1.11540e+01 -2.51101e+13  1.69048e+14
 -2.64000e-02  1.22694e+01 -2.89692e+13  1.95029e+14
 -2.64000e-02  1.33848e+01 -3.30080e+13  2.22219e+14
 -2.64000e-02  1.45002e+01 -3.72188e+13  2.50568e+14
 -2.64000e-02  1.56156e+01 -4.15948e+13  2.80028e+14
 -2.64000e-02  1.67311e+01 -4.61301e+13  3.10561e+14
 -2.64000e-02  1.78465e+01 -5.08191e+13  3.42129e+14
 -2.64000e-02  1.89619e+01 -5.56571e+13  3.74699e+14
 -2.64000e-02  2.00773e+01 -6.06395e+13  4.08243e+14
 -2.64000e-02  2.11927e+01 -6.57623e+13  4.42731e+14
 -2.64000e-02  2.23081e+01 -7.10218e+13  4.78139e+14
 -2.64000e-02  2.34235e+01 -7.64145e+13  5.14444e+14
 -2.64000e-02  2.45389e+01 -8.19371e+13  5.51625e+14
 -2.64000e-02  2.56543e+01 -8.75868e+13  5.89659e+14
 -2.64000e-02  2.67697e+01 -9.33606e+13  6.28530e+14
 -2.64000e-02  2.78851e+01 -9.92560e+13  6.68220e+14

 -2.52000e-02  0.00000e+00 -5.86866e-03 -1.45502e-02
 -2.52000e-02  1.11540e+00 -7.94061e+11  5.34583e+12
 -2.52000e-02  2.23081e+00 -2.24593e+12  1.51202e+13
 -2.52000e-02  3.34621e+00 -4.12603e+12  2.77775e+13
 -2.52000e-02  4.46161e+00 -6.35242e+12  4.27663e+13
 -2.52000e-02  5.57702e+00 -8.87777e+12  5.97676e+13
 -2.52000e-02  6.69242e+00 -1.16701e+13  7.85666e+13
 -2.52000e-02  7.80782e+00 -1.47060e+13  9.90051e+13
 -2.52000e-02  8.92323e+00 -1.79673e+13  1.20961e+14
 -2.52000e-02  1.00386e+01 -2.14394e+13  1.44336e+14
 -2.52000e-02  1.11540e+01 -2.51101e+13  1.69048e+14
 -2.52000e-02  1.22694e+01 -2.89692e+13  1.95029e+14
 -2.52000e-02  1.33848e+01 -3.30080e+13  2.22219e+14
 -2.52000e-02  1.45002e+01 -3.72188e+13  2.50568e+14
 -2.52000e-02  1.56156e+01 -4.15948e+13  2.80028e+14
 -2.52000e-02  1.67311e+01 -4.61301e+13  3.10561e+14
 -2.52000e-02  1.78465e+01 -5.08191e+13  3.42129e+14
 -2.52000e-02  1.89619e+01 -5.56571e+13  3.74700e+14
 -2.52000e-02  2.00773e+01 -6.06395e+13  4.08243e+14
 -2.52000e-02  2.11927e+01 -6.57624e+13  4.42731e+14
 -2.52000e-02  2.23081e+01 -7.10218e+13  4.78139e+14
 -2.52000e-02  2.34235e+01 -7.64145e+13  5.14445e+14
 -2.52000e-02  2.45389e+01 -8.19371e+13  5.51625e+14
 -2.52000e-02  2.56543e+01 -8.75868e+13  5.89659e+14
 -2.52000e-02  2.67697e+01 -9.33606e+13  6.28531e+14
 -2.52000e-02  2.78851e+01 -9.92560e+13  6.68220e+14

 -2.40000e-02  0.00000e+00 -5.50720e-03 -1.32188e-02
 -2.40000e-02  1.11540e+00 -7.94062e+11  5.34583e+12
 -2.40000e-02  2.23081e+00 -2.24593e+12  1.51202e+13
 -2.40000e-02  3.34621e+00 -4.12603e+12  2.77775e+13
 -2.40000e-02  4.46161e+00 -6.35242e+12  4.27663e+13
 -2.40000e-02  5.57702e+00 -8.87777e+12  5.97676e+13
 -2.40000e-02  6.69242e+00 -1.16701e+13  7.85666e+13
 -2.40000e-02  7.80782e+00 -1.47060e+13  9.90051e+13
 -2.40000e-02  8.92323e+00 -1.79673e+13  1.20961e+14
 -2.40000e-02  1.00386e+01 -2.14394e+13  1.44336e+14
 -2.40000e-02  1.11540e+01 -2.51101e+13  1.69048e+14
 -2.40000e-02  1.22694e+01 -2.89692e+13  1.95029e+14
 -2.40000e-02  1.33848e+01 -3.30080e+13  2.22219e+14
 -2.40000e-02  1.45002e+01 -3.72188e+13  2.50568e+14
 -2.40000e-02  1.56156e+01 -4.15948e+13  2.80028e+14
 -2.40000e-02  1.67311e+01 -4.61301e+13  3.10561e+14
 -2.40000e-02  1.78465e+01 -5.08191e+13  3.42129e+14
 -2.40000e-02  1.89619e+01 -5.56571e+13  3.74700e+14
 -2.40000e-02  2.00773e+01 -6.06395e+13  4.08243e+14
 -2.40000e-02  2.11927e+01 -6.57624e+13  4.42731e+14
 -2.40000e-02  2.23081e+01 -7.10218e+13  4.78140e+14
 -2.40000e-02  2.34235e+01 -7.64145e+13  5.14445e+14
 -2.40000e-02  2.45389e+01 -8.19371e+13  5.51625e+14
 -2.40000e-02  2.56543e+01 -8.75868e+13  5.89660e+14
 -2.40000e-02  2.67697e+01 -9.33606e+13  6.28531e+14
 -2.40000e-02  2.78851e+01 -9.92560e+13  6.68220e+14

 -2.28000e-02  0.00000e+00 -5.15092e-03 -1.19637e-02
 -2.28000e-02  1.11540e+00 -7.94062e+11  5.34583e+12
 -2.28000e-02  2.23081e+00 -2.24593e+12  1.51202e+13
 -2.28000e-02  3.34621e+00 -4.12603e+12  2.77776e+13
 -2.28000e-02  4.46161e+00 -6.35242e+12  4.27663e+13
 -2.28000e-02  5.57702e+00 -8.87777e+12  5.97677e+13
 -2.28000e-02  6.69242e+00 -1.16701e+13  7.85666e+13
 -2.28000e-02  7.80782e+00 -1.47060e+13  9.90051e+13
 -2.28000e-02  8.92323e+00 -1.79673e+13  1.20961e+14
 -2.28000e-02  1.00386e+01 -2.14394e+13  1.44336e+14
 -2.28000e-02  1.11540e+01 -2.51101e+13  1.69048e+14
 -2.28000e-02  1.22694e+01 -2.89692e+13  1.95029e+14
 -2.28000e-02  1.33848e+01 -3.30080e+13  2.22219e+14
 -2.28000e-02  1.45002e+01 -3.72188e+13  2.50568e+14
 -2.28000e-02  1.56156e+01 -4.15948e+13  2.80028e+14
 -2.28000e-02  1.67311e+01 -4.61301e+13  3.10561e+14
 -2.28000e-02  1.78465e+01 -5.08191e+13  3.42129e+14
 -2.28000e-02  1.89619e+01 -5.56571e+13  3.74700e+14
 -2.28000e-02  2.00773e+01 -6.06395e+13  4.08243e+14
 -2.28000e-02  2.11927e+01 -6.57624e+13  4.42731e+14
 -2.28000e-02  2.23081e+01 -7.10218e+13  4.78140e+14
 -2.28000e-02  2.34235e+01 -7.64145e+13  5.14445e+14
 -2.28000e-02  2.45389e+01 -8.19371e+13  5.51625e+14
 -2.28000e-02  2.56543e+01 -8.75868e+13  5.89660e+14
 -2.28000e-02  2.67697e+01 -9.33606e+13  6.28531e+14
 -2.28000e-02  2.78851e+01 -9.92560e+13  6.68220e+14

 -2.16000e-02  0.00000e+00 -4.80029e-03 -1.07829e-02
 -2.16000e-02  1.11540e+00 -7.94062e+11  5.34583e+12
 -2.16000e-02  2.23081e+00 -2.24593e+12  1.51202e+13
 -2.16000e-02  3.34621e+00 -4.12603e+12  2.77776e+13
 -2.16000e-02  4.46161e+00 -6.35242e+12  4.27663e+13
 -2.16000e-02  5.57702e+00 -8.87777e+12  5.97677e+13
 -2.16000e-02  6.69242e+00 -1.16701e+13  7.85666e+13
 -2.16000e-02  7.80782e+00 -1.47060e+13  9.90052e+13
 -2.16000e-02  8.92323e+00 -1.79673e+13  1.20961e+14
 -2.16000e-02  1.00386e+01 -2.14394e+13  1.44336e+14
 -2.16000e-02  1.11540e+01 -2.51101e+13  1.69048e+14
 -2.16000e-02  1.22694e+01 -2.89692e+13  1.95029e+14
 -2.16000e-02  1.33848e+01 -3.30080e+13  2.22219e+14
 -2.16000e-02  1.45002e+01 -3.72188e+13  2.50568e+14
 -2.16000e-02  1.56156e+01 -4.15948e+13  2.80028e+14
 -2.16000e-02  1.67311e+01 -4.61301e+13  3.10561e+14
 -2.16000e-02  1.78465e+01 -5.08191e+13  3.42129e+14
 -2.16000e-02  1.89619e+01 -5.56571e+13  3.74700e+14
 -2.16000e-02  2.00773e+01 -6.06395e+13  4.08243e+14
 -2.16000e-02  2.11927e+01 -6.57624e+13  4.42731e+14
 -2.16000e-02  2.23081e+01 -7.10218e+13  4.78140e+14
 -2.16000e-02  2.34235e+01 -7.64145e+13  5.14445e+14
 -2.16000e-02  2.45389e+01 -8.19371e+13  5.51625e+14
 -2.16000e-02  2.56543e+01 -8.75868e+13  5.89660e+14
 -2.16000e-02  2.67697e+01 -9.33606e+13  6.28531e+14
 -2.16000e-02  2.78851e+01 -9.92560e+13  6.68220e+14

 -2.04000e-02  0.00000e+00 -4.45581e-03 -9.67449e-03
 -2.04000e-02  1.11540e+00 -7.94062e+11  5.34583e+12
 -2.04000e-02  2.23081e+00 -2.24593e+12  1.51202e+13
 -2.04000e-02  3.34621e+00 -4.12603e+12  2.77776e+13
 -2.04000e-02  4.46161e+00 -6.35242e+12  4.27663e+13
 -2.04000e-02  5.57702e+00 -8.87777e+12  5.97677e+13
 -2.04000e-02  6.69242e+00 -1.16701e+13  7.85666e+13
 -2.04000e-02  7.80782e+00 -1.47060e+13  9.90052e+13
 -2.04000e-02  8.92323e+00 -1.79673e+13  1.20961e+14
 -2.04000e-02  1.00386e+01 -2.14394e+13  1.44336e+14
 -2.04000e-02  1.11540e+01 -2.51101e+13  1.69048e+14
 -2.04000e-02  1.22694e+01 -2.89692e+13  1.95029e+14
 -2.04000e-02  1.33848e+01 -3.30080e+13  2.22219e+14
 -2.04000e-02  1.45002e+01 -3.72188e+13  2.50568e+14
 -2.04000e-02  1.56156e+01 -4.15948e+13  2.80028e+14
 -2.04000e-02  1.67311e+01 -4.61301e+13  3.10561e+14
 -2.04000e-02  1.78465e+01 -5.08191e+13  3.42129e+14
 -2.04000e-02  1.89619e+01 -5.56571e+13  3.74700e+14
 -2.04000e-02  2.00773e+01 -6.06395e+13  4.08243e+14
 -2.04000e-02  2.11927e+01 -6.57624e+13  4.42731e+14
 -2.04000e-02  2.23081e+01 -7.10218e+13  4.78140e+14
 -2.04000e-02  2.34235e+01 -7.64145e+13  5.14445e+14
 -2.04000e-02  2.45389e+01 -8.19371e+13  5.51625e+14
 -2.04000e-02  2.56543e+01 -8.75868e+13  5.89660e+14
 -2.04000e-02  2.67697e+01 -9.33606e+13  6.28531e+14
 -2.04000e-02  2.78851e+01 -9.92560e+13  6.68220e+14

 -1.92000e-02  0.00000e+00 -4.11793e-03 -8.63651e-03
 -1.92000e-02  1.11540e+00 -7.94062e+11  5.34583e+12
 -1.92000e-02  2.23081e+00 -2.24593e+12  1.51202e+13
 -1.92000e-02  3.34621e+00 -4.12603e+12  2.77776e+13
 -1.92000e-02  4.46161e+00 -6.35243e+12  4.27663e+13
 -1.92000e-02  5.57702e+00 -8.87777e+12  5.97677e+13
 -1.92000e-02  6.69242e+00 -1.16701e+13  7.85666e+13
 -1.92000e-02  7.80782e+00 -1.47060e+13  9.90052e+13
 -1.92000e-02  8.92323e+00 -1.79673e+13  1.20961e+14
 -1.92000e-02  1.00386e+01 -2.14394e+13  1.44336e+14
 -1.92000e-02  1.11540e+01 -2.51101e+13  1.69048e+14
 -1.92000e-02  1.22694e+01 -2.89692e+13  1.95029e+14
 -1.92000e-02  1.33848e+01 -3.30080e+13  2.22219e+14
 -1.92000e-02  1.45002e+01 -3.72188e+13  2.50568e+14
 -1.92000e-02  1.56156e+01 -4.15948e+13  2.80028e+14
 -1.92000e-02  1.67311e+01 -4.61301e+13  3.10561e+14
 -1.92000e-02  1.78465e+01 -5.08191e+13  3.42129e+14
 -1.92000e-02  1.89619e+01 -5.56571e+13  3.74700e+14
 -1.92000e-02  2.00773e+01 -6.06395e+13  4.08243e+14
 -1.92000e-02  2.11927e+01 -6.57624e+13  4.42731e+14
 -1.92000e-02  2.23081e+01 -7.10218e+13  4.78140e+14
 -1.92000e-02  2.34235e+01 -7.64145e+13  5.14445e+14
 -1.92000e-02  2.45389e+01 -8.19372e+13  5.51625e+14
 -1.92000e-02  2.56543e+01 -8.75868e+13  5.89660e+14
 -1.92000e-02  2.67697e+01 -9.33606e+13  6.28531e+14
 -1.92000e-02  2.78851e+01 -9.92560e+13  6.68220e+14

 -1.80000e-02  0.00000e+00 -3.78714e-03 -7.66696e-03
 -1.80000e-02  1.11540e+00 -7.94062e+11  5.34583e+12
 -1.80000e-02  2.23081e+00 -2.24593e+12  1.51202e+13
 -1.80000e-02  3.34621e+00 -4.12603e+12  2.77776e+13
 -1.80000e-02  4.46161e+00 -6.35243e+12  4.27663e+13
 -1.80000e-02  5.57702e+00 -8.87777e+12  5.97677e+13
 -1.80000e-02  6.69242e+00 -1.16701e+13  7.85666e+13
 -1.80000e-02  7.80782e+00 -1.47060e+13  9.90052e+13
 -1.80000e-02  8.92323e+00 -1.79673e+13  1.20961e+14
 -1.80000e-02  1.00386e+01 -2.14394e+13  1.44336e+14
 -1.80000e-02  1.11540e+01 -2.51101e+13  1.69048e+14
 -1.80000e-02  1.22694e+01 -2.89692e+13  1.95029e+14
 -1.80000e-02  1.33848e+01 -3.30080e+13  2.22219e+14
 -1.80000e-02  1.45002e+01 -3.72188e+13  2.50568e+14
 -1.80000e-02  1.56156e+01 -4.15948e+13  2.80028e+14
 -1.80000e-02  1.67311e+01 -4.61301e+13  3.10561e+14
 -1.80000e-02  1.78465e+01 -5.08191e+13  3.42129e+14
 -1.80000e-02  1.89619e+01 -5.56571e+13  3.74700e+14
 -1.80000e-02  2.00773e+01 -6.06395e+13  4.08243e+14
 -1.80000e-02  2.11927e+01 -6.57624e+13  4.42731e+14
 -1.80000e-02  2.23081e+01 -7.10218e+13  4.78140e+14
 -1.80000e-02  2.34235e+01 -7.64145e+13  5.14445e+14
 -1.80000e-02  2.45389e+01 -8.19372e+13  5.51625e+14
 -1.80000e-02  2.56543e+01 -8.75868e+13  5.89660e+14
 -1.80000e-02  2.67697e+01 -9.33606e+13  6.28531e+14
 -1.80000e-02  2.78851e+01 -9.92560e+13  6.68220e+14

 -1.68000e-02  0.00000e+00 -3.46392e-03 -6.76389e-03
 -1.68000e-02  1.11540e+00 -7.94062e+11  5.34583e+12
 -1.68000e-02  2.23081e+00 -2.24593e+12  1.51202e+13
 -1.68000e-02  3.34621e+00 -4.12603e+12  2.77776e+13
 -1.68000e-02  4.46161e+00 -6.35243e+12  4.27663e+13
 -1.68000e-02  5.57702e+00 -8.87777e+12  5.97677e+13
 -1.68000e-02  6.69242e+00 -1.16701e+13  7.85666e+13
 -1.68000e-02  7.80782e+00 -1.47060e+13  9.90052e+13
 -1.68000e-02  8.92323e+00 -1.79673e+13  1.20961e+14
 -1.68000e-02  1.00386e+01 -2.14394e+13  1.44336e+14
 -1.68000e-02  1.11540e+01 -2.51101e+13  1.69048e+14
 -1.68000e-02  1.22694e+01 -2.89692e+13  1.95029e+14
 -1.68000e-02  1.33848e+01 -3.30080e+13  2.22219e+14
 -1.68000e-02  1.45002e+01 -3.72188e+13  2.50568e+14
 -1.68000e-02  1.56156e+01 -4.15948e+13  2.80028e+14
 -1.68000e-02  1.67311e+01 -4.61301e+13  3.10561e+14
 -1.68000e-02  1.78465e+01 -5.08191e+13  3.42129e+14
 -1.68000e-02  1.89619e+01 -5.56571e+13  3.74700e+14
 -1.68000e-02  2.00773e+01 -6.06395e+13  4.08243e+14
 -1.68000e-02  2.11927e+01 -6.57624e+13  4.42731e+14
 -1.68000e-02  2.23081e+01 -7.10218e+13  4.78140e+14
 -1.68000e-02  2.34235e+01 -7.64145e+13  5.14445e+14
 -1.68000e-02  2.45389e+01 -8.19372e+13  5.51625e+14
 -1.68000e-02  2.56543e+01 -8.75868e+13  5.89660e+14
 -1.68000e-02  2.67697e+01 -9.33606e+13  6.28531e+14
 -1.68000e-02  2.78851e+01 -9.92560e+13  6.68220e+14

 -1.56000e-02  0.00000e+00 -3.14874e-03 -5.92533e-03
 -1.56000e-02  1.11540e+00 -7.94062e+11  5.34583e+12
 -1.56000e-02  2.23081e+00 -2.24593e+12  1.51202e+13
 -1.56000e-02  3.34621e+00 -4.12603e+12  2.77776e+13
 -1.56000e-02  4.46161e+00 -6.35243e+12  4.27663e+13
 -1.56000e-02  5.57702e+00 -8.87777e+12  5.97677e+13
 -1.56000e-02  6.69242e+00 -1.16701e+13  7.85666e+13
 -1.56000e-02  7.80782e+00 -1.47060e+13  9.90052e+13
 -1.56000e-02  8.92323e+00 -1.79673e+13  1.20961e+14
 -1.56000e-02  1.00386e+01 -2.14394e+13  1.44336e+14
 -1.56000e-02  1.11540e+01 -2.51101e+13  1.69048e+14
 -1.56000e-02  1.22694e+01 -2.89692e+13  1.95029e+14
 -1.56000e-02  1.33848e+01 -3.30080e+13  2.22219e+14
 -1.56000e-02  1.45002e+01 -3.72188e+13  2.50568e+14
 -1.56000e-02  1.56156e+01 -4.15948e+13  2.80028e+14
 -1.56000e-02  1.67311e+01 -4.61301e+13  3.10561e+14
 -1.56000e-02  1.78465e+01 -5.08191e+13  3.42129e+14
 -1.56000e-02  1.89619e+01 -5.56571e+13  3.74700e+14
 -1.56000e-02  2.00773e+01 -6.06395e+13  4.08243e+14
 -1.56000e-02  2.11927e+01 -6.57624e+13  4.42731e+14
 -1.56000e-02  2.23081e+01 -7.10218e+13  4.78140e+14
 -1.56000e-02  2.34235e+01 -7.64145e+13  5.14445e+14
 -1.56000e-02  2.45389e+01 -8.19372e+13  5.51625e+14
 -1.56000e-02  2.56543e+01 -8.75868e+13  5.89660e+14
 -1.56000e-02  2.67697e+01 -9.33606e+13  6.28531e+14
 -1.56000e-02  2.78851e+01 -9.92560e+13  6.68220e+14

 -1.44000e-02  0.00000e+00 -2.84208e-03 -5.14931e-03
 -1.44000e-02  1.11540e+00 -7.94062e+11  5.34583e+12
 -1.44000e-02  2.23081e+00 -2.24593e+12  1.51202e+13
 -1.44000e-02  3.34621e+00 -4.12603e+12  2.77776e+13
 -1.44000e-02  4.46161e+00 -6.35243e+12  4.27663e+13
 -1.44000e-02  5.57702e+00 -8.87777e+12  5.97677e+13
 -1.44000e-02  6.69242e+00 -1.16701e+13  7.85666e+13
 -1.44000e-02  7.80782e+00 -1.47060e+13  9.90052e+13
 -1.44000e-02  8.92323e+00 -1.79673e+13  1.20961e+14
 -1.44000e-02  1.00386e+01 -2.14394e+13  1.44336e+14
 -1.44000e-02  1.11540e+01 -2.51101e+13  1.69048e+14
 -1.44000e-02  1.22694e+01 -2.89692e+13  1.95029e+14
 -1.44000e-02  1.33848e+01 -3.30080e+13  2.22219e+14
 -1.44000e-02  1.45002e+01 -3.72188e+13  2.50568e+14
 -1.44000e-02  1.56156e+01 -4.15948e+13  2.80028e+14
 -1.44000e-02  1.67311e+01 -4.61301e+13  3.10561e+14
 -1.44000e-02  1.78465e+01 -5.08191e+13  3.42129e+14
 -1.44000e-02  1.89619e+01 -5.56571e+13  3.74700e+14
 -1.44000e-02  2.00773e+01 -6.06395e+13  4.08243e+14
 -1.44000e-02  2.11927e+01 -6.57624e+13  4.42731e+14
 -1.44000e-02  2.23081e+01 -7.10218e+13  4.78140e+14
 -1.44000e-02  2.34235e+01 -7.64145e+13  5.14445e+14
 -1.44000e-02  2.45389e+01 -8.19372e+13  5.51625e+14
 -1.44000e-02  2.56543e+01 -8.75868e+13  5.89660e+14
 -1.44000e-02  2.67697e+01 -9.33606e+13  6.28531e+14
 -1.44000e-02  2.78851e+01 -9.92560e+13  6.68220e+14

 -1.32000e-02  0.00000e+00 -2.54441e-03 -4.43387e-03
 -1.32000e-02  1.11540e+00 -7.94062e+11  5.34583e+12
 -1.32000e-02  2.23081e+00 -2.24593e+12  1.51202e+13
 -1.32000e-02  3.34621e+00 -4.12603e+12  2.77776e+13
 -1.32000e-02  4.46161e+00 -6.35243e+12  4.27663e+13
 -1.32000e-02  5.57702e+00 -8.87777e+12  5.97677e+13
 -1.32000e-02  6.69242e+00 -1.16701e+13  7.85666e+13
 -1.32000e-02  7.80782e+00 -1.47060e+13  9.90052e+13
 -1.32000e-02  8.92323e+00 -1.79673e+13  1.20961e+14
 -1.32000e-02  1.00386e+01 -2.14394e+13  1.44336e+14
 -1.32000e-02  1.11540e+01 -2.51101e+13  1.69048e+14
 -1.32000e-02  1.22694e+01 -2.89692e+13  1.95029e+14
 -1.32000e-02  1.33848e+01 -3.30080e+13  2.22219e+14
 -1.32000e-02  1.45002e+01 -3.72188e+13  2.50568e+14
 -1.32000e-02  1.56156e+01 -4.15948e+13  2.80028e+14
 -1.32000e-02  1.67311e+01 -4.61301e+13  3.10561e+14
 -1.32000e-02  1.78465e+01 -5.08191e+13  3.42129e+14
 -1.32000e-02  1.89619e+01 -5.56571e+13  3.74700e+14
 -1.32000e-02  2.00773e+01 -6.06395e+13  4.08243e+14
 -1.32000e-02  2.11927e+01 -6.57624e+13  4.42731e+14
 -1.32000e-02  2.23081e+01 -7.10218e+13  4.78140e+14
 -1.32000e-02  2.34235e+01 -7.64145e+13  5.14445e+14
 -1.32000e-02  2.45389e+01 -8.19372e+13  5.51625e+14
 -1.32000e-02  2.56543e+01 -8.75868e+13  5.89660e+14
 -1.32000e-02  2.67697e+01 -9.33606e+13  6.28531e+14
 -1.32000e-02  2.78851e+01 -9.92560e+13  6.68220e+14

 -1.20000e-02  0.00000e+00 -2.25621e-03 -3.77704e-03
 -1.20000e-02  1.11540e+00 -7.94062e+11  5.34583e+12
 -1.20000e-02  2.23081e+00 -2.24593e+12  1.51202e+13
 -1.20000e-02  3.34621e+00 -4.12603e+12  2.77776e+13
 -1.20000e-02  4.46161e+00 -6.35242e+12  4.27663e+13
 -1.20000e-02  5.57702e+00 -8.87777e+12  5.97677e+13
 -1.20000e-02  6.69242e+00 -1.16701e+13  7.85666e+13
 -1.20000e-02  7.80782e+00 -1.47060e+13  9.90052e+13
 -1.20000e-02  8.92323e+00 -1.79673e+13  1.20961e+14
 -1.20000e-02  1.00386e+01 -2.14394e+13  1.44336e+14
 -1.20000e-02  1.11540e+01 -2.51101e+13  1.69048e+14
 -1.20000e-02  1.22694e+01 -2.89692e+13  1.95029e+14
 -1.20000e-02  1.33848e+01 -3.30080e+13  2.22219e+14
 -1.20000e-02  1.45002e+01 -3.72188e+13  2.50568e+14
 -1.20000e-02  1.56156e+01 -4.15948e+13  2.80028e+14
 -1.20000e-02  1.67311e+01 -4.61301e+13  3.10561e+14
 -1.20000e-02  1.78465e+01 -5.08191e+13  3.42129e+14
 -1.20000e-02  1.89619e+01 -5.56571e+13  3.74700e+14
 -1.20000e-02  2.00773e+01 -6.06395e+13  4.08243e+14
 -1.20000e-02  2.11927e+01 -6.57624e+13  4.42731e+14
 -1.20000e-02  2.23081e+01 -7.10218e+13  4.78140e+14
 -1.20000e-02  2.34235e+01 -7.64145e+13  5.14445e+14
 -1.20000e-02  2.45389e+01 -8.19371e+13  5.51625e+14
 -1.20000e-02  2.56543e+01 -8.75868e+13  5.89660e+14
 -1.20000e-02  2.67697e+01 -9.33606e+13  6.28531e+14
 -1.20000e-02  2.78851e+01 -9.92560e+13  6.68220e+14

 -1.08000e-02  0.00000e+00 -1.97796e-03 -3.17686e-03
 -1.08000e-02  1.11540e+00 -7.94062e+11  5.34583e+12
 -1.08000e-02  2.23081e+00 -2.24593e+12  1.51202e+13
 -1.08000e-02  3.34621e+00 -4.12603e+12  2.77776e+13
 -1.08000e-02  4.46161e+00 -6.35242e+12  4.27663e+13
 -1.08000e-02  5.57702e+00 -8.87777e+12  5.97677e+13
 -1.08000e-02  6.69242e+00 -1.16701e+13  7.85666e+13
 -1.08000e-02  7.80782e+00 -1.47060e+13  9.90052e+13
 -1.08000e-02  8.92323e+00 -1.79673e+13  1.20961e+14
 -1.08000e-02  1.00386e+01 -2.14394e+13  1.44336e+14
 -1.08000e-02  1.11540e+01 -2.51101e+13  1.69048e+14
 -1.08000e-02  1.22694e+01 -2.89692e+13  1.95029e+14
 -1.08000e-02  1.33848e+01 -3.30080e+13  2.22219e+14
 -1.08000e-02  1.45002e+01 -3.72188e+13  2.50568e+14
 -1.08000e-02  1.56156e+01 -4.15948e+13  2.80028e+14
 -1.08000e-02  1.67311e+01 -4.61301e+13  3.10561e+14
 -1.08000e-02  1.78465e+01 -5.08191e+13  3.42129e+14
 -1.08000e-02  1.89619e+01 -5.56571e+13  3.74700e+14
 -1.08000e-02  2.00773e+01 -6.06395e+13  4.08243e+14
 -1.08000e-02  2.11927e+01 -6.57624e+13  4.42731e+14
 -1.08000e-02  2.23081e+01 -7.10218e+13  4.78140e+14
 -1.08000e-02  2.34235e+01 -7.64145e+13  5.14445e+14
 -1.08000e-02  2.45389e+01 -8.19371e+13  5.51625e+14
 -1.08000e-02  2.56543e+01 -8.75868e+13  5.89660e+14
 -1.08000e-02  2.67697e+01 -9.33606e+13  6.28531e+14
 -1.08000e-02  2.78851e+01 -9.92560e+13  6.68220e+14

 -9.60000e-03  0.00000e+00 -1.71014e-03 -2.63137e-03
 -9.60000e-03  1.11540e+00 -7.94062e+11  5.34583e+12
 -9.60000e-03  2.23081e+00 -2.24593e+12  1.51202e+13
 -9.60000e-03  3.34621e+00 -4.12603e+12  2.77776e+13
 -9.60000e-03  4.46161e+00 -6.35242e+12  4.27663e+13
 -9.60000e-03  5.57702e+00 -8.87777e+12  5.97677e+13
 -9.60000e-03  6.69242e+00 -1.16701e+13  7.85666e+13
 -9.60000e-03  7.80782e+00 -1.47060e+13  9.90052e+13
 -9.60000e-03  8.92323e+00 -1.79673e+13  1.20961e+14
 -9.60000e-03  1.00386e+01 -2.14394e+13  1.44336e+14
 -9.60000e-03  1.11540e+01 -2.51101e+13  1.69048e+14
 -9.60000e-03  1.22694e+01 -2.89692e+13  1.95029e+14
 -9.60000e-03  1.33848e+01 -3.30080e+13  2.22219e+14
 -9.60000e-03  1.45002e+01 -3.72188e+13  2.50568e+14
 -9.60000e-03  1.56156e+01 -4.15948e+13  2.80028e+14
 -9.60000e-03  1.67311e+01 -4.61301e+13  3.10561e+14
 -9.60000e-03  1.78465e+01 -5.08191e+13  3.42129e+14
 -9.60000e-03  1.89619e+01 -5.56571e+13  3.74700e+14
 -9.60000e-03  2.00773e+01 -6.06395e+13  4.08243e+14
 -9.60000e-03  2.11927e+01 -6.57624e+13  4.42731e+14
 -9.60000e-03  2.23081e+01 -7.10218e+13  4.78140e+14
 -9.60000e-03  2.34235e+01 -7.64145e+13  5.14445e+14
 -9.60000e-03  2.45389e+01 -8.19371e+13  5.51625e+14
 -9.60000e-03  2.56543e+01 -8.75868e+13  5.89660e+14
 -9.60000e-03  2.67697e+01 -9.33606e+13  6.28531e+14
 -9.60000e-03  2.78851e+01 -9.92560e+13  6.68220e+14

 -8.40000e-03  0.00000e+00 -1.45321e-03 -2.13858e-03
 -8.40000e-03  1.11540e+00 -7.94062e+11  5.34583e+12
 -8.40000e-03  2.23081e+00 -2.24593e+12  1.51202e+13
 -8.40000e-03  3.34621e+00 -4.12603e+12  2.77776e+13
 -8.40000e-03  4.46161e+00 -6.35242e+12  4.27663e+13
 -8.40000e-03  5.57702e+00 -8.87777e+12  5.97677e+13
 -8.40000e-03  6.69242e+00 -1.16701e+13  7.85666e+13
 -8.40000e-03  7.80782e+00 -1.47060e+13  9.90051e+13
 -8.40000e-03  8.92323e+00 -1.79673e+13  1.20961e+14
 -8.40000e-03  1.00386e+01 -2.14394e+13  1.44336e+14
 -8.40000e-03  1.11540e+01 -2.51101e+13  1.69048e+14
 -8.40000e-03  1.22694e+01 -2.89692e+13  1.95029e+14
 -8.40000e-03  1.33848e+01 -3.30080e+13  2.22219e+14
 -8.40000e-03  1.45002e+01 -3.72188e+13  2.50568e+14
 -8.40000e-03  1.56156e+01 -4.15948e+13  2.80028e+14
 -8.40000e-03  1.67311e+01 -4.61301e+13  3.10561e+14
 -8.40000e-03  1.78465e+01 -5.08191e+13  3.42129e+14
 -8.40000e-03  1.89619e+01 -5.56571e+13  3.74700e+14
 -8.40000e-03  2.00773e+01 -6.06395e+13  4.08243e+14
 -8.40000e-03  2.11927e+01 -6.57624e+13  4.42731e+14
 -8.40000e-03  2.23081e+01 -7.10218e+13  4.78140e+14
 -8.40000e-03  2.34235e+01 -7.64145e+13  5.14445e+14
 -8.40000e-03  2.45389e+01 -8.19371e+13  5.51625e+14
 -8.40000e-03  2.56543e+01 -8.75868e+13  5.89660e+14
 -8.40000e-03  2.67697e+01 -9.33606e+13  6.28531e+14
 -8.40000e-03  2.78851e+01 -9.92560e+13  6.68220e+14

 -7.20000e-03  0.00000e+00 -1.20766e-03 -1.69655e-03
 -7.20000e-03  1.11540e+00 -7.94061e+11  5.34583e+12
 -7.20000e-03  2.23081e+00 -2.24593e+12  1.51202e+13
 -7.20000e-03  3.34621e+00 -4.12603e+12  2.77775e+13
 -7.20000e-03  4.46161e+00 -6.35242e+12  4.27663e+13
 -7.20000e-03  5.57702e+00 -8.87777e+12  5.97676e+13
 -7.20000e-03  6.69242e+00 -1.16701e+13  7.85666e+13
 -7.20000e-03  7.80782e+00 -1.47060e+13  9.90051e+13
 -7.20000e-03  8.92323e+00 -1.79673e+13  1.20961e+14
 -7.20000e-03  1.00386e+01 -2.14394e+13  1.44336e+14
 -7.20000e-03  1.11540e+01 -2.51101e+13  1.69048e+14
 -7.20000e-03  1.22694e+01 -2.89692e+13  1.95029e+14
 -7.20000e-03  1.33848e+01 -3.30080e+13  2.22219e+14
 -7.20000e-03  1.45002e+01 -3.72188e+13  2.50568e+14
 -7.20000e-03  1.56156e+01 -4.15948e+13  2.80028e+14
 -7.20000e-03  1.67311e+01 -4.61301e+13  3.10561e+14
 -7.20000e-03  1.78465e+01 -5.08191e+13  3.42129e+14
 -7.20000e-03  1.89619e+01 -5.56571e+13  3.74700e+14
 -7.20000e-03  2.00773e+01 -6.06395e+13  4.08243e+14
 -7.20000e-03  2.11927e+01 -6.57624e+13  4.42731e+14
 -7.20000e-03  2.23081e+01 -7.10218e+13  4.78140e+14
 -7.20000e-03  2.34235e+01 -7.64145e+13  5.14445e+14
 -7.20000e-03  2.45389e+01 -8.19371e+13  5.51625e+14
 -7.20000e-03  2.56543e+01 -8.75868e+13  5.89659e+14
 -7.20000e-03  2.67697e+01 -9.33606e+13  6.28531e+14
 -7.20000e-03  2.78851e+01 -9.92560e+13  6.68220e+14

 -6.00000e-03  0.00000e+00 -9.73972e-04 -1.30330e-03
 -6.00000e-03  1.11540e+00 -7.94061e+11  5.34583e+12
 -6.00000e-03  2.23081e+00 -2.24593e+12  1.51202e+13
 -6.00000e-03  3.34621e+00 -4.12603e+12  2.77775e+13
 -6.00000e-03  4.46161e+00 -6.35242e+12  4.27663e+13
 -6.00000e-03  5.57702e+00 -8.87777e+12  5.97676e+13
 -6.00000e-03  6.69242e+00 -1.16701e+13  7.85666e+13
 -6.00000e-03  7.80782e+00 -1.47060e+13  9.90051e+13
 -6.00000e-03  8.92323e+00 -1.79673e+13  1.20961e+14
 -6.00000e-03  1.00386e+01 -2.14394e+13  1.44336e+14
 -6.00000e-03  1.11540e+01 -2.51101e+13  1.69048e+14
 -6.00000e-03  1.22694e+01 -2.89692e+13  1.95029e+14
 -6.00000e-03  1.33848e+01 -3.30080e+13  2.22219e+14
 -6.00000e-03  1.45002e+01 -3.72188e+13  2.50568e+14
 -6.00000e-03  1.56156e+01 -4.15948e+13  2.80028e+14
 -6.00000e-03  1.67311e+01 -4.61301e+13  3.10561e+14
 -6.00000e-03  1.78465e+01 -5.08191e+13  3.42129e+14
 -6.00000e-03  1.89619e+01 -5.56571e+13  3.74700e+14
 -6.00000e-03  2.00773e+01 -6.06395e+13  4.08243e+14
 -6.00000e-03  2.11927e+01 -6.57623e+13  4.42731e+14
 -6.00000e-03  2.23081e+01 -7.10218e+13  4.78139e+14
 -6.00000e-03  2.34235e+01 -7.64145e+13  5.14444e+14
 -6.00000e-03  2.45389e+01 -8.19371e+13  5.51625e+14
 -6.00000e-03  2.56543e+01 -8.75868e+13  5.89659e+14
 -6.00000e-03  2.67697e+01 -9.33606e+13  6.28530e+14
 -6.00000e-03  2.78851e+01 -9.92560e+13  6.68220e+14

 -4.80000e-03  0.00000e+00 -7.52610e-04 -9.56866e-04
 -4.80000e-03  1.11540e+00 -7.94061e+11  5.34582e+12
 -4.80000e-03  2.23081e+00 -2.24593e+12  1.51202e+13
 -4.80000e-03  3.34621e+00 -4.12603e+12  2.77775e+13
 -4.80000e-03  4.46161e+00 -6.35242e+12  4.27663e+13
 -4.80000e-03  5.57702e+00 -8.87777e+12  5.97676e+13
 -4.80000e-03  6.69242e+00 -1.16701e+13  7.85665e+13
 -4.80000e-03  7.80782e+00 -1.47060e+13  9.90051e+13
 -4.80000e-03  8.92323e+00 -1.79673e+13  1.20961e+14
 -4.80000e-03  1.00386e+01 -2.14393e+13  1.44336e+14
 -4.80000e-03  1.11540e+01 -2.51101e+13  1.69048e+14
 -4.80000e-03  1.22694e+01 -2.89692e+13  1.95029e+14
 -4.80000e-03  1.33848e+01 -3.30080e+13  2.22219e+14
 -4.80000e-03  1.45002e+01 -3.72188e+13  2.50568e+14
 -4.80000e-03  1.56156e+01 -4.15948e+13  2.80028e+14
 -4.80000e-03  1.67311e+01 -4.61301e+13  3.10561e+14
 -4.80000e-03  1.78465e+01 -5.08191e+13  3.42129e+14
 -4.80000e-03  1.89619e+01 -5.56571e+13  3.74699e+14
 -4.80000e-03  2.00773e+01 -6.06395e+13  4.08243e+14
 -4.80000e-03  2.11927e+01 -6.57623e+13  4.42731e+14
 -4.80000e-03  2.23081e+01 -7.10218e+13  4.78139e+14
 -4.80000e-03  2.34235e+01 -7.64145e+13  5.14444e+14
 -4.80000e-03  2.45389e+01 -8.19371e+13  5.51625e+14
 -4.80000e-03  2.56543e+01 -8.75868e+13  5.89659e+14
 -4.80000e-03  2.67697e+01 -9.33606e+13  6.28530e+14
 -4.80000e-03  2.78851e+01 -9.92560e+13  6.68220e+14

 -3.60000e-03  0.00000e+00 -5.44055e-04 -6.55286e-04
 -3.60000e-03  1.11540e+00 -7.94061e+11  5.34582e+12
 -3.60000e-03  2.23081e+00 -2.24593e+12  1.51202e+13
 -3.60000e-03  3.34621e+00 -4.12603e+12  2.77775e+13
 -3.60000e-03  4.46161e+00 -6.35242e+12  4.27663e+13
 -3.60000e-03  5.57702e+00 -8.87777e+12  5.97676e+13
 -3.60000e-03  6.69242e+00 -1.16701e+13  7.85665e+13
 -3.60000e-03  7.80782e+00 -1.47060e+13  9.90051e+13
 -3.60000e-03  8.92323e+00 -1.79673e+13  1.20961e+14
 -3.60000e-03  1.00386e+01 -2.14393e+13  1.44336e+14
 -3.60000e-03  1.11540e+01 -2.51101e+13  1.69048e+14
 -3.60000e-03  1.22694e+01 -2.89692e+13  1.95029e+14
 -3.60000e-03  1.33848e+01 -3.30080e+13  2.22219e+14
 -3.60000e-03  1.45002e+01 -3.72188e+13  2.50568e+14
 -3.60000e-03  1.56156e+01 -4.15948e+13  2.80028e+14
 -3.60000e-03  1.67311e+01 -4.61301e+13  3.10561e+14
 -3.60000e-03  1.78465e+01 -5.08191e+13  3.42129e+14
 -3.60000e-03  1.89619e+01 -5.56571e+13  3.74699e+14
 -3.60000e-03  2.00773e+01 -6.06395e+13  4.08243e+14
 -3.60000e-03  2.11927e+01 -6.57623e+13  4.42731e+14
 -3.60000e-03  2.23081e+01 -7.10218e+13  4.78139e+14
 -3.60000e-03  2.34235e+01 -7.64145e+13  5.14444e+14
 -3.60000e-03  2.45389e+01 -8.19371e+13  5.51624e+14
 -3.60000e-03  2.56543e+01 -8.75868e+13  5.89659e+14
 -3.60000e-03  2.67697e+01 -9.33606e+13  6.28530e+14
 -3.60000e-03  2.78851e+01 -9.92560e+13  6.68220e+14

 -2.40000e-03  0.00000e+00 -3.48784e-04 -3.96592e-04
 -2.40000e-03  1.11540e+00 -7.94061e+11  5.34582e+12
 -2.40000e-03  2.23081e+00 -2.24593e+12  1.51202e+13
 -2.40000e-03  3.34621e+00 -4.12602e+12  2.77775e+13
 -2.40000e-03  4.46161e+00 -6.35242e+12  4.27663e+13
 -2.40000e-03  5.57702e+00 -8.87777e+12  5.97676e+13
 -2.40000e-03  6.69242e+00 -1.16701e+13  7.85665e+13
 -2.40000e-03  7.80782e+00 -1.47060e+13  9.90051e+13
 -2.40000e-03  8.92323e+00 -1.79673e+13  1.20961e+14
 -2.40000e-03  1.00386e+01 -2.14393e+13  1.44336e+14
 -2.40000e-03  1.11540e+01 -2.51101e+13  1.69048e+14
 -2.40000e-03  1.22694e+01 -2.89692e+13  1.95029e+14
 -2.40000e-03  1.33848e+01 -3.30080e+13  2.22219e+14
 -2.40000e-03  1.45002e+01 -3.72188e+13  2.50568e+14
 -2.40000e-03  1.56156e+01 -4.15948e+13  2.80028e+14
 -2.40000e-03  1.67311e+01 -4.61301e+13  3.10561e+14
 -2.40000e-03  1.78465e+01 -5.08191e+13  3.42129e+14
 -2.40000e-03  1.89619e+01 -5.56571e+13  3.74699e+14
 -2.40000e-03  2.00773e+01 -6.06395e+13  4.08243e+14
 -2.40000e-03  2.11927e+01 -6.57623e+13  4.42731e+14
 -2.40000e-03  2.23081e+01 -7.10218e+13  4.78139e+14
 -2.40000e-03  2.34235e+01 -7.64145e+13  5.14444e+14
 -2.40000e-03  2.45389e+01 -8.19371e+13  5.51624e+14
 -2.40000e-03  2.56543e+01 -8.75868e+13  5.89659e+14
 -2.40000e-03  2.67697e+01 -9.33606e+13  6.28530e+14
 -2.40000e-03  2.78851e+01 -9.92560e+13  6.68220e+14

 -1.20000e-03  0.00000e+00 -1.67273e-04 -1.78818e-04
 -1.20000e-03  1.11540e+00 -7.94061e+11  5.34582e+12
 -1.20000e-03  2.23081e+00 -2.24593e+12  1.51202e+13
 -1.20000e-03  3.34621e+00 -4.12602e+12  2.77775e+13
 -1.20000e-03  4.46161e+00 -6.35242e+12  4.27663e+13
 -1.20000e-03  5.57702e+00 -8.87777e+12  5.97676e+13
 -1.20000e-03  6.69242e+00 -1.16701e+13  7.85665e+13
 -1.20000e-03  7.80782e+00 -1.47060e+13  9.90051e+13
 -1.20000e-03  8.92323e+00 -1.79673e+13  1.20961e+14
 -1.20000e-03  1.00386e+01 -2.14393e+13  1.44336e+14
 -1.20000e-03  1.11540e+01 -2.51101e+13  1.69048e+14
 -1.20000e-03  1.22694e+01 -2.89692e+13  1.95029e+14
 -1.20000e-03  1.33848e+01 -3.30080e+13  2.22219e+14
 -1.20000e-03  1.45002e+01 -3.72188e+13  2.50568e+14
 -1.20000e-03  1.56156e+01 -4.15948e+13  2.80028e+14
 -1.20000e-03  1.67311e+01 -4.61301e+13  3.10561e+14
 -1.20000e-03  1.78465e+01 -5.08191e+13  3.42129e+14
 -1.20000e-03  1.89619e+01 -5.56571e+13  3.74699e+14
 -1.20000e-03  2.00773e+01 -6.06395e+13  4.08243e+14
 -1.20000e-03  2.11927e+01 -6.57623e+13  4.42731e+14
 -1.20000e-03  2.23081e+01 -7.10218e+13  4.78139e+14
 -1.20000e-03  2.34235e+01 -7.64145e+13  5.14444e+14
 -1.20000e-03  2.45389e+01 -8.19371e+13  5.51624e+14
 -1.20000e-03  2.56543e+01 -8.75867e+13  5.89659e+14
 -1.20000e-03  2.67697e+01 -9.33606e+13  6.28530e+14
 -1.20000e-03  2.78851e+01 -9.92560e+13  6.68220e+14

  0.00000e+00  0.00000e+00  0.00000e+00  0.00000e+00
  0.00000e+00  1.11540e+00 -7.94060e+11  5.34582e+12
  0.00000e+00  2.23081e+00 -2.24593e+12  1.51202e+13
  0.00000e+00  3.34621e+00 -4.12602e+12  2.77775e+13
  0.00000e+00  4.46161e+00 -6.35242e+12  4.27662e+13
  0.00000e+00  5.57702e+00 -8.87777e+12  5.97676e+13
  0.00000e+00  6.69242e+00 -1.16701e+13  7.85665e+13
  0.00000e+00  7.80782e+00 -1.47060e+13  9.90051e+13
  0.00000e+00  8.92323e+00 -1.79673e+13  1.20961e+14
  0.00000e+00  1.00386e+01 -2.14393e+13  1.44336e+14
  0.00000e+00  1.11540e+01 -2.51100e+13  1.69048e+14
  0.00000e+00  1.22694e+01 -2.89692e+13  1.95029e+14
  0.00000e+00  1.33848e+01 -3.30080e+13  2.22219e+14
  0.00000e+00  1.45002e+01 -3.72188e+13  2.50568e+14
  0.00000e+00  1.56156e+01 -4.15948e+13  2.80028e+14
  0.00000e+00  1.67311e+01 -4.61301e+13  3.10561e+14
  0.00000e+00  1.78465e+01 -5.08191e+13  3.42129e+14
  0.00000e+00  1.89619e+01 -5.56571e+13  3.74699e+14
  0.00000e+00  2.00773e+01 -6.06395e+13  4.08243e+14
  0.00000e+00  2.11927e+01 -6.57623e+13  4.42731e+14
  0.00000e+00  2.23081e+01 -7.10218e+13  4.78139e+14
  0.00000e+00  2.34235e+01 -7.64145e+13  5.14444e+14
  0.00000e+00  2.45389e+01 -8.19371e+13  5.51624e+14
  0.00000e+00  2.56543e+01 -8.75867e+13  5.89659e+14
  0.00000e+00  2.67697e+01 -9.33606e+13  6.28530e+14
  0.00000e+00  2.78851e+01 -9.92560e+13  6.68220e+14

  1.20000e-03  0.00000e+00  1.52560e-04  1.41829e-04
  1.20000e-03  1.11540e+00 -7.94060e+11  5.34581e+12
  1.20000e-03  2.23081e+00 -2.24593e+12  1.51202e+13
  1.20000e-03  3.34621e+00 -4.12602e+12  2.77775e+13
  1.20000e-03  4.46161e+00 -6.35242e+12  4.27662e+13
  1.20000e-03  5.57702e+00 -8.87776e+12  5.97676e+13
  1.20000e-03  6.69242e+00 -1.16701e+13  7.85665e+13
  1.20000e-03  7.80782e+00 -1.47060e+13  9.90051e+13
  1.20000e-03  8.92323e+00 -1.79673e+13  1.20961e+14
  1.20000e-03  1.00386e+01 -2.14393e+13  1.44336e+14
  1.20000e-03  1.11540e+01 -2.51100e+13  1.69048e+14
  1.20000e-03  1.22694e+01 -2.89692e+13  1.95029e+14
  1.20000e-03  1.33848e+01 -3.30080e+13  2.22219e+14
  1.20000e-03  1.45002e+01 -3.72188e+13  2.50568e+14
  1.20000e-03  1.56156e+01 -4.15948e+13  2.80028e+14
  1.20000e-03  1.67311e+01 -4.61300e+13  3.10561e+14
  1.20000e-03  1.78465e+01 -5.08191e+13  3.42129e+14
  1.20000e-03  1.89619e+01 -5.56571e+13  3.74699e+14
  1.20000e-03  2.00773e+01 -6.06395e+13  4.08243e+14
  1.20000e-03  2.11927e+01 -6.57623e+13  4.42731e+14
  1.20000e-03  2.23081e+01 -7.10218e+13  4.78139e+14
  1.20000e-03  2.34235e+01 -7.64145e+13  5.14444e+14
  1.20000e-03  2.45389e+01 -8.19371e+13  5.51624e+14
  1.20000e-03  2.56543e+01 -8.75867e+13  5.89659e+14
  1.20000e-03  2.67697e+01 -9.33606e+13  6.28530e+14
  1.20000e-03  2.78851e+01 -9.92559e+13  6.68220e+14

  2.40000e-03  0.00000e+00  2.89929e-04  2.48635e-04
  2.40000e-03  1.11540e+00 -7.94060e+11  5.34581e+12
  2.40000e-03  2.23081e+00 -2.24593e+12  1.51202e+13
  2.40000e-03  3.34621e+00 -4.12602e+12  2.77775e+13
  2.40000e-03  4.46161e+00 -6.35242e+12  4.27662e+13
  2.40000e-03  5.57702e+00 -8.87776e+12  5.97676e+13
  2.40000e-03  6.69242e+00 -1.16701e+13  7.85665e+13
  2.40000e-03  7.80782e+00 -1.47060e+13  9.90050e+13
  2.40000e-03  8.92323e+00 -1.79673e+13  1.20961e+14
  2.40000e-03  1.00386e+01 -2.14393e+13  1.44336e+14
  2.40000e-03  1.11540e+01 -2.51100e+13  1.69048e+14
  2.40000e-03  1.22694e+01 -2.89692e+13  1.95029e+14
  2.40000e-03  1.33848e+01 -3.30080e+13  2.22219e+14
  2.40000e-03  1.45002e+01 -3.72188e+13  2.50567e+14
  2.40000e-03  1.56156e+01 -4.15948e+13  2.80028e+14
  2.40000e-03  1.67311e+01 -4.61300e+13  3.10561e+14
  2.40000e-03  1.78465e+01 -5.08191e+13  3.42129e+14
  2.40000e-03  1.89619e+01 -5.56571e+13  3.74699e+14
  2.40000e-03  2.00773e+01 -6.06395e+13  4.08242e+14
  2.40000e-03  2.11927e+01 -6.57623e+13  4.42731e+14
  2.40000e-03  2.23081e+01 -7.10218e+13  4.78139e+14
  2.40000e-03  2.34235e+01 -7.64145e+13  5.14444e+14
  2.40000e-03  2.45389e+01 -8.19371e+13  5.51624e+14
  2.40000e-03  2.56543e+01 -8.75867e+13  5.89659e+14
  2.40000e-03  2.67697e+01 -9.33605e+13  6.28530e+14
  2.40000e-03  2.78851e+01 -9.92559e+13  6.68220e+14

  3.60000e-03  0.00000e+00  4.11632e-04  3.22384e-04
  3.60000e-03  1.11540e+00 -7.94059e+11  5.34581e+12
  3.60000e-03  2.23081e+00 -2.24593e+12  1.51202e+13
  3.60000e-03  3.34621e+00 -4.12602e+12  2.77775e+13
  3.60000e-03  4.46161e+00 -6.35242e+12  4.27662e+13
  3.60000e-03  5.57702e+00 -8.87776e+12  5.97676e+13
  3.60000e-03  6.69242e+00 -1.16701e+13  7.85665e+13
  3.60000e-03  7.80782e+00 -1.47060e+13  9.90050e+13
  3.60000e-03  8.92323e+00 -1.79673e+13  1.20961e+14
  3.60000e-03  1.00386e+01 -2.14393e+13  1.44336e+14
  3.60000e-03  1.11540e+01 -2.51100e+13  1.69048e+14
  3.60000e-03  1.22694e+01 -2.89692e+13  1.95029e+14
  3.60000e-03  1.33848e+01 -3.30080e+13  2.22219e+14
  3.60000e-03  1.45002e+01 -3.72188e+13  2.50567e+14
  3.60000e-03  1.56156e+01 -4.15948e+13  2.80028e+14
  3.60000e-03  1.67311e+01 -4.61300e+13  3.10561e+14
  3.60000e-03  1.78465e+01 -5.08191e+13  3.42129e+14
  3.60000e-03  1.89619e+01 -5.56571e+13  3.74699e+14
  3.60000e-03  2.00773e+01 -6.06395e+13  4.08242e+14
  3.60000e-03  2.11927e+01 -6.57623e+13  4.42731e+14
  3.60000e-03  2.23081e+01 -7.10218e+13  4.78139e+14
  3.60000e-03  2.34235e+01 -7.64145e+13  5.14444e+14
  3.60000e-03  2.45389e+01 -8.19371e+13  5.51624e+14
  3.60000e-03  2.56543e+01 -8.75867e+13  5.89659e+14
  3.60000e-03  2.67697e+01 -9.33605e+13  6.28530e+14
  3.60000e-03  2.78851e+01 -9.92559e+13  6.68220e+14

  4.80000e-03  0.00000e+00  5.17191e-04  3.65041e-04
  4.80000e-03  1.11540e+00 -7.94059e+11  5.34581e+12
  4.80000e-03  2.23081e+00 -2.24593e+12  1.51202e+13
  4.80000e-03  3.34621e+00 -4.12602e+12  2.77775e+13
  4.80000e-03  4.46161e+00 -6.35241e+12  4.27662e+13
  4.80000e-03  5.57702e+00 -8.87776e+12  5.97675e+13
  4.80000e-03  6.69242e+00 -1.16701e+13  7.85664e+13
  4.80000e-03  7.80782e+00 -1.47060e+13  9.90050e+13
  4.80000e-03  8.92323e+00 -1.79673e+13  1.20961e+14
  4.80000e-03  1.00386e+01 -2.14393e+13  1.44336e+14
  4.80000e-03  1.11540e+01 -2.51100e+13  1.69048e+14
  4.80000e-03  1.22694e+01 -2.89692e+13  1.95029e+14
  4.80000e-03  1.33848e+01 -3.30080e+13  2.22219e+14
  4.80000e-03  1.45002e+01 -3.72188e+13  2.50567e+14
  4.80000e-03  1.56156e+01 -4.15948e+13  2.80028e+14
  4.80000e-03  1.67311e+01 -4.61300e+13  3.10561e+14
  4.80000e-03  1.78465e+01 -5.08191e+13  3.42129e+14
  4.80000e-03  1.89619e+01 -5.56570e+13  3.74699e+14
  4.80000e-03  2.00773e+01 -6.06395e+13  4.08242e+14
  4.80000e-03  2.11927e+01 -6.57623e+13  4.42731e+14
  4.80000e-03  2.23081e+01 -7.10218e+13  4.78139e+14
  4.80000e-03  2.34235e+01 -7.64145e+13  5.14444e+14
  4.80000e-03  2.45389e+01 -8.19371e+13  5.51624e+14
  4.80000e-03  2.56543e+01 -8.75867e+13  5.89659e+14
  4.80000e-03  2.67697e+01 -9.33605e+13  6.28530e+14
  4.80000e-03  2.78851e+01 -9.92559e+13  6.68220e+14

  6.00000e-03  0.00000e+00  6.06130e-04  3.78571e-04
  6.00000e-03  1.11540e+00 -7.94059e+11  5.34580e+12
  6.00000e-03  2.23081e+00 -2.24593e+12  1.51202e+13
  6.00000e-03  3.34621e+00 -4.12602e+12  2.77775e+13
  6.00000e-03  4.46161e+00 -6.35241e+12  4.27662e+13
  6.00000e-03  5.57702e+00 -8.87776e+12  5.97675e+13
  6.00000e-03  6.69242e+00 -1.16701e+13  7.85664e+13
  6.00000e-03  7.80782e+00 -1.47060e+13  9.90050e+13
  6.00000e-03  8.92323e+00 -1.79673e+13  1.20961e+14
  6.00000e-03  1.00386e+01 -2.14393e+13  1.44336e+14
  6.00000e-03  1.11540e+01 -2.51100e+13  1.69048e+14
  6.00000e-03  1.22694e+01 -2.89692e+13  1.95029e+14
  6.00000e-03  1.33848e+01 -3.30080e+13  2.22219e+14
  6.00000e-03  1.45002e+01 -3.72188e+13  2.50567e+14
  6.00000e-03  1.56156e+01 -4.15948e+13  2.80028e+14
  6.00000e-03  1.67311e+01 -4.61300e+13  3.10561e+14
  6.00000e-03  1.78465e+01 -5.08191e+13  3.42129e+14
  6.00000e-03  1.89619e+01 -5.56570e+13  3.74699e+14
  6.00000e-03  2.00773e+01 -6.06395e+13  4.08242e+14
  6.00000e-03  2.11927e+01 -6.57623e+13  4.42731e+14
  6.00000e-03  2.23081e+01 -7.10218e+13  4.78139e+14
  6.00000e-03  2.34235e+01 -7.64144e+13  5.14444e+14
  6.00000e-03  2.45389e+01 -8.19371e+13  5.51624e+14
  6.00000e-03  2.56543e+01 -8.75867e+13  5.89659e+14
  6.00000e-03  2.67697e+01 -9.33605e+13  6.28530e+14
  6.00000e-03  2.78851e+01 -9.92559e+13  6.68219e+14

  7.20000e-03  0.00000e+00  6.77972e-04  3.64942e-04
  7.20000e-03  1.11540e+00 -7.94059e+11  5.34580e+12
  7.20000e-03  2.23081e+00 -2.24592e+12  1.51202e+13
  7.20000e-03  3.34621e+00 -4.12602e+12  2.77775e+13
  7.20000e-03  4.46161e+00 -6.35241e+12  4.27662e+13
  7.20000e-03  5.57702e+00 -8.87776e+12  5.97675e+13
  7.20000e-03  6.69242e+00 -1.16701e+13  7.85664e+13
  7.20000e-03  7.80782e+00 -1.47060e+13  9.90050e+13
  7.20000e-03  8.92323e+00 -1.79673e+13  1.20961e+14
  7.20000e-03  1.00386e+01 -2.14393e+13  1.44336e+14
  7.20000e-03  1.11540e+01 -2.51100e+13  1.69048e+14
  7.20000e-03  1.22694e+01 -2.89692e+13  1.95029e+14
  7.20000e-03  1.33848e+01 -3.30080e+13  2.22219e+14
  7.20000e-03  1.45002e+01 -3.72188e+13  2.50567e+14
  7.20000e-03  1.56156e+01 -4.15948e+13  2.80028e+14
  7.20000e-03  1.67311e+01 -4.61300e+13  3.10561e+14
  7.20000e-03  1.78465e+01 -5.08191e+13  3.42129e+14
  7.20000e-03  1.89619e+01 -5.56570e+13  3.74699e+14
  7.20000e-03  2.00773e+01 -6.06395e+13  4.08242e+14
  7.20000e-03  2.11927e+01 -6.57623e+13  4.42731e+14
  7.20000e-03  2.23081e+01 -7.10218e+13  4.78139e+14
  7.20000e-03  2.34235e+01 -7.64144e+13  5.14444e+14
  7.20000e-03  2.45389e+01 -8.19371e+13  5.51624e+14
  7.20000e-03  2.56543e+01 -8.75867e+13  5.89659e+14
  7.20000e-03  2.67697e+01 -9.33605e+13  6.28530e+14
  7.20000e-03  2.78851e+01 -9.92559e+13  6.68219e+14

  8.40000e-03  0.00000e+00  7.32242e-04  3.26118e-04
  8.40000e-03  1.11540e+00 -7.94058e+11  5.34580e+12
  8.40000e-03  2.23081e+00 -2.24592e+12  1.51202e+13
  8.40000e-03  3.34621e+00 -4.12602e+12  2.77775e+13
  8.40000e-03  4.46161e+00 -6.35241e+12  4.27662e+13
  8.40000e-03  5.57702e+00 -8.87776e+12  5.97675e+13
  8.40000e-03  6.69242e+00 -1.16701e+13  7.85664e+13
  8.40000e-03  7.80782e+00 -1.47060e+13  9.90049e+13
  8.40000e-03  8.92323e+00 -1.79673e+13  1.20961e+14
  8.40000e-03  1.00386e+01 -2.14393e+13  1.44336e+14
  8.40000e-03  1.11540e+01 -2.51100e+13  1.69048e+14
  8.40000e-03  1.22694e+01 -2.89692e+13  1.95029e+14
  8.40000e-03  1.33848e+01 -3.30080e+13  2.22219e+14
  8.40000e-03  1.45002e+01 -3.72188e+13  2.50567e+14
  8.40000e-03  1.56156e+01 -4.15948e+13  2.80028e+14
  8.40000e-03  1.67311e+01 -4.61300e+13  3.10560e+14
  8.40000e-03  1.78465e+01 -5.08191e+13  3.42128e+14
  8.40000e-03  1.89619e+01 -5.56570e+13  3.74699e+14
  8.40000e-03  2.00773e+01 -6.06395e+13  4.08242e+14
  8.40000e-03  2.11927e+01 -6.57623e+13  4.42731e+14
  8.40000e-03  2.23081e+01 -7.10218e+13  4.78139e+14
  8.40000e-03  2.34235e+01 -7.64144e+13  5.14444e+14
  8.40000e-03  2.45389e+01 -8.19371e+13  5.51624e+14
  8.40000e-03  2.56543e+01 -8.75867e+13  5.89659e+14
  8.40000e-03  2.67697e+01 -9.33605e+13  6.28530e+14
  8.40000e-03  2.78851e+01 -9.92559e+13  6.68219e+14

  9.60000e-03  0.00000e+00  7.68461e-04  2.64065e-04
  9.60000e-03  1.11540e+00 -7.94058e+11  5.34580e+12
  9.60000e-03  2.23081e+00 -2.24592e+12  1.51201e+13
  9.60000e-03  3.34621e+00 -4.12602e+12  2.77775e+13
  9.60000e-03  4.46161e+00 -6.35241e+12  4.27662e+13
  9.60000e-03  5.57702e+00 -8.87775e+12  5.97675e+13
  9.60000e-03  6.69242e+00 -1.16701e+13  7.85664e+13
  9.60000e-03  7.80782e+00 -1.47060e+13  9.90049e+13
  9.60000e-03  8.92323e+00 -1.79673e+13  1.20961e+14
  9.60000e-03  1.00386e+01 -2.14393e+13  1.44336e+14
  9.60000e-03  1.11540e+01 -2.51100e+13  1.69048e+14
  9.60000e-03  1.22694e+01 -2.89692e+13  1.95029e+14
  9.60000e-03  1.33848e+01 -3.30080e+13  2.22219e+14
  9.60000e-03  1.45002e+01 -3.72188e+13  2.50567e+14
  9.60000e-03  1.56156e+01 -4.15948e+13  2.80028e+14
  9.60000e-03  1.67311e+01 -4.61300e+13  3.10560e+14
  9.60000e-03  1.78465e+01 -5.08191e+13  3.42128e+14
  9.60000e-03  1.89619e+01 -5.56570e+13  3.74699e+14
  9.60000e-03  2.00773e+01 -6.06395e+13  4.08242e+14
  9.60000e-03  2.11927e+01 -6.57623e+13  4.42731e+14
  9.60000e-03  2.23081e+01 -7.10218e+13  4.78139e+14
  9.60000e-03  2.34235e+01 -7.64144e+13  5.14444e+14
  9.60000e-03  2.45389e+01 -8.19371e+13  5.51624e+14
  9.60000e-03  2.56543e+01 -8.75867e+13  5.89659e+14
  9.60000e-03  2.67697e+01 -9.33605e+13  6.28530e+14
  9.60000e-03  2.78851e+01 -9.92559e+13  6.68219e+14

  1.08000e-02  0.00000e+00  7.86154e-04  1.80750e-04
  1.08000e-02  1.11540e+00 -7.94057e+11  5.34579e+12
  1.08000e-02  2.23081e+00 -2.24592e+12  1.51201e+13
  1.08000e-02  3.34621e+00 -4.12601e+12  2.77774e+13
  1.08000e-02  4.46161e+00 -6.35241e+12  4.27661e+13
  1.08000e-02  5.57702e+00 -8.87775e+12  5.97675e+13
  1.08000e-02  6.69242e+00 -1.16701e+13  7.85664e+13
  1.08000e-02  7.80782e+00 -1.47060e+13  9.90049e+13
  1.08000e-02  8.92323e+00 -1.79673e+13  1.20961e+14
  1.08000e-02  1.00386e+01 -2.14393e+13  1.44336e+14
  1.08000e-02  1.11540e+01 -2.51100e+13  1.69048e+14
  1.08000e-02  1.22694e+01 -2.89692e+13  1.95029e+14
  1.08000e-02  1.33848e+01 -3.30080e+13  2.22219e+14
  1.08000e-02  1.45002e+01 -3.72188e+13  2.50567e+14
  1.08000e-02  1.56156e+01 -4.15948e+13  2.80028e+14
  1.08000e-02  1.67311e+01 -4.61300e+13  3.10560e+14
  1.08000e-02  1.78465e+01 -5.08191e+13  3.42128e+14
  1.08000e-02  1.89619e+01 -5.56570e+13  3.74699e+14
  1.08000e-02  2.00773e+01 -6.06394e+13  4.08242e+14
  1.08000e-02  2.11927e+01 -6.57623e+13  4.42730e+14
  1.08000e-02  2.23081e+01 -7.10218e+13  4.78139e+14
  1.08000e-02  2.34235e+01 -7.64144e+13  5.14444e+14
  1.08000e-02  2.45389e+01 -8.19371e+13  5.51624e+14
  1.08000e-02  2.56543e+01 -8.75867e+13  5.89659e+14
  1.08000e-02  2.67697e+01 -9.33605e+13  6.28530e+14
  1.08000e-02  2.78851e+01 -9.92559e+13  6.68219e+14

  1.20000e-02  0.00000e+00  7.84844e-04  7.81367e-05
  1.20000e-02  1.11540e+00 -7.94057e+11  5.34579e+12
  1.20000e-02  2.23081e+00 -2.24592e+12  1.51201e+13
  1.20000e-02  3.34621e+00 -4.12601e+12  2.77774e+13
  1.20000e-02  4.46161e+00 -6.35241e+12  4.27661e+13
  1.20000e-02  5.57702e+00 -8.87775e+12  5.97675e+13
  1.20000e-02  6.69242e+00 -1.16701e+13  7.85663e+13
  1.20000e-02  7.80782e+00 -1.47060e+13  9.90049e+13
  1.20000e-02  8.92323e+00 -1.79673e+13  1.20961e+14
  1.20000e-02  1.00386e+01 -2.14393e+13  1.44335e+14
  1.20000e-02  1.11540e+01 -2.51100e+13  1.69048e+14
  1.20000e-02  1.22694e+01 -2.89692e+13  1.95029e+14
  1.20000e-02  1.33848e+01 -3.30080e+13  2.22219e+14
  1.20000e-02  1.45002e+01 -3.72187e+13  2.50567e+14
  1.20000e-02  1.56156e+01 -4.15948e+13  2.80028e+14
  1.20000e-02  1.67311e+01 -4.61300e+13  3.10560e+14
  1.20000e-02  1.78465e+01 -5.08190e+13  3.42128e+14
  1.20000e-02  1.89619e+01 -5.56570e+13  3.74699e+14
  1.20000e-02  2.00773e+01 -6.06394e+13  4.08242e+14
  1.20000e-02  2.11927e+01 -6.57623e+13  4.42730e+14
  1.20000e-02  2.23081e+01 -7.10217e+13  4.78139e+14
  1.20000e-02  2.34235e+01 -7.64144e+13  5.14444e+14
  1.20000e-02  2.45389e+01 -8.19370e+13  5.51624e+14
  1.20000e-02  2.56543e+01 -8.75867e+13  5.89659e+14
  1.20000e-02  2.67697e+01 -9.33605e+13  6.28530e+14
  1.20000e-02  2.78851e+01 -9.92559e+13  6.68219e+14

  1.32000e-02  0.00000e+00  7.64054e-04 -4.18074e-05
  1.32000e-02  1.11540e+00 -7.94057e+11  5.34578e+12
  1.32000e-02  2.23081e+00 -2.24592e+12  1.51201e+13
  1.32000e-02  3.34621e+00 -4.12601e+12  2.77774e+13
  1.32000e-02  4.46161e+00 -6.35240e+12  4.27661e+13
  1.32000e-02  5.57702e+00 -8.87775e+12  5.97674e+13
  1.32000e-02  6.69242e+00 -1.16701e+13  7.85663e+13
  1.32000e-02  7.80782e+00 -1.47060e+13  9.90048e+13
  1.32000e-02  8.92323e+00 -1.79673e+13  1.20961e+14
  1.32000e-02  1.00386e+01 -2.14393e+13  1.44335e+14
  1.32000e-02  1.11540e+01 -2.51100e+13  1.69048e+14
  1.32000e-02  1.22694e+01 -2.89692e+13  1.95029e+14
  1.32000e-02  1.33848e+01 -3.30080e+13  2.22219e+14
  1.32000e-02  1.45002e+01 -3.72187e+13  2.50567e+14
  1.32000e-02  1.56156e+01 -4.15948e+13  2.80028e+14
  1.32000e-02  1.67311e+01 -4.61300e+13  3.10560e+14
  1.32000e-02  1.78465e+01 -5.08190e+13  3.42128e+14
  1.32000e-02  1.89619e+01 -5.56570e+13  3.74699e+14
  1.32000e-02  2.00773e+01 -6.06394e+13  4.08242e+14
  1.32000e-02  2.11927e+01 -6.57623e+13  4.42730e+14
  1.32000e-02  2.23081e+01 -7.10217e+13  4.78139e+14
  1.32000e-02  2.34235e+01 -7.64144e+13  5.14444e+14
  1.32000e-02  2.45389e+01 -8.19370e+13  5.51624e+14
  1.32000e-02  2.56543e+01 -8.75867e+13  5.89659e+14
  1.32000e-02  2.67697e+01 -9.33605e+13  6.28530e+14
  1.32000e-02  2.78851e+01 -9.92559e+13  6.68219e+14

  1.44000e-02  0.00000e+00  7.23308e-04 -1.77117e-04
  1.44000e-02  1.11540e+00 -7.94056e+11  5.34578e+12
  1.44000e-02  2.23081e+00 -2.24592e+12  1.51201e+13
  1.44000e-02  3.34621e+00 -4.12601e+12  2.77774e+13
  1.44000e-02  4.46161e+00 -6.35240e+12  4.27661e+13
  1.44000e-02  5.57702e+00 -8.87774e+12  5.97674e+13
  1.44000e-02  6.69242e+00 -1.16701e+13  7.85663e+13
  1.44000e-02  7.80782e+00 -1.47060e+13  9.90048e+13
  1.44000e-02  8.92323e+00 -1.79673e+13  1.20961e+14
  1.44000e-02  1.00386e+01 -2.14393e+13  1.44335e+14
  1.44000e-02  1.11540e+01 -2.51100e+13  1.69048e+14
  1.44000e-02  1.22694e+01 -2.89691e+13  1.95028e+14
  1.44000e-02  1.33848e+01 -3.30079e+13  2.22219e+14
  1.44000e-02  1.45002e+01 -3.72187e+13  2.50567e+14
  1.44000e-02  1.56156e+01 -4.15948e+13  2.80028e+14
  1.44000e-02  1.67311e+01 -4.61300e+13  3.10560e+14
  1.44000e-02  1.78465e+01 -5.08190e+13  3.42128e+14
  1.44000e-02  1.89619e+01 -5.56570e+13  3.74699e+14
  1.44000e-02  2.00773e+01 -6.06394e+13  4.08242e+14
  1.44000e-02  2.11927e+01 -6.57623e+13  4.42730e+14
  1.44000e-02  2.23081e+01 -7.10217e+13  4.78139e+14
  1.44000e-02  2.34235e+01 -7.64144e+13  5.14444e+14
  1.44000e-02  2.45389e+01 -8.19370e+13  5.51624e+14
  1.44000e-02  2.56543e+01 -8.75866e+13  5.89658e+14
  1.44000e-02  2.67697e+01 -9.33605e+13  6.28529e+14
  1.44000e-02  2.78851e+01 -9.92558e+13  6.68219e+14

  1.56000e-02  0.00000e+00  6.62129e-04 -3.25827e-04
  1.56000e-02  1.11540e+00 -7.94056e+11  5.34578e+12
  1.56000e-02  2.23081e+00 -2.24592e+12  1.51201e+13
  1.56000e-02  3.34621e+00 -4.12601e+12  2.77774e+13
  1.56000e-02  4.46161e+00 -6.35240e+12  4.27661e+13
  1.56000e-02  5.57702e+00 -8.87774e+12  5.97674e+13
  1.56000e-02  6.69242e+00 -1.16701e+13  7.85663e+13
  1.56000e-02  7.80782e+00 -1.47060e+13  9.90048e+13
  1.56000e-02  8.92323e+00 -1.79673e+13  1.20961e+14
  1.56000e-02  1.00386e+01 -2.14393e+13  1.44335e+14
  1.56000e-02  1.11540e+01 -2.51100e+13  1.69048e+14
  1.56000e-02  1.22694e+01 -2.89691e+13  1.95028e+14
  1.56000e-02  1.33848e+01 -3.30079e+13  2.22219e+14
  1.56000e-02  1.45002e+01 -3.72187e+13  2.50567e+14
  1.56000e-02  1.56156e+01 -4.15947e+13  2.80028e+14
  1.56000e-02  1.67311e+01 -4.61300e+13  3.10560e+14
  1.56000e-02  1.78465e+01 -5.08190e+13  3.42128e+14
  1.56000e-02  1.89619e+01 -5.56570e+13  3.74699e+14
  1.56000e-02  2.00773e+01 -6.06394e+13  4.08242e+14
  1.56000e-02  2.11927e+01 -6.57622e+13  4.42730e+14
  1.56000e-02  2.23081e+01 -7.10217e+13  4.78139e+14
  1.56000e-02  2.34235e+01 -7.64144e+13  5.14443e+14
  1.56000e-02  2.45389e+01 -8.19370e+13  5.51623e+14
  1.56000e-02  2.56543e+01 -8.75866e+13  5.89658e+14
  1.56000e-02  2.67697e+01 -9.33604e+13  6.28529e+14
  1.56000e-02  2.78851e+01 -9.92558e+13  6.68219e+14

  1.68000e-02  0.00000e+00  5.80041e-04 -4.85971e-04
  1.68000e-02  1.11540e+00 -7.94055e+11  5.34577e+12
  1.68000e-02  2.23081e+00 -2.24592e+12  1.51201e+13
  1.68000e-02  3.34621e+00 -4.12601e+12  2.77774e+13
  1.68000e-02  4.46161e+00 -6.35240e+12  4.27661e+13
  1.68000e-02  5.57702e+00 -8.87774e+12  5.97674e+13
  1.68000e-02  6.69242e+00 -1.16701e+13  7.85662e+13
  1.68000e-02  7.80782e+00 -1.47060e+13  9.90048e+13
  1.68000e-02  8.92323e+00 -1.79673e+13  1.20961e+14
  1.68000e-02  1.00386e+01 -2.14393e+13  1.44335e+14
  1.68000e-02  1.11540e+01 -2.51100e+13  1.69048e+14
  1.68000e-02  1.22694e+01 -2.89691e+13  1.95028e+14
  1.68000e-02  1.33848e+01 -3.30079e+13  2.22219e+14
  1.68000e-02  1.45002e+01 -3.72187e+13  2.50567e+14
  1.68000e-02  1.56156e+01 -4.15947e+13  2.80028e+14
  1.68000e-02  1.67311e+01 -4.61300e+13  3.10560e+14
  1.68000e-02  1.78465e+01 -5.08190e+13  3.42128e+14
  1.68000e-02  1.89619e+01 -5.56570e+13  3.74699e+14
  1.68000e-02  2.00773e+01 -6.06394e+13  4.08242e+14
  1.68000e-02  2.11927e+01 -6.57622e+13  4.42730e+14
  1.68000e-02  2.23081e+01 -7.10217e+13  4.78138e+14
  1.68000e-02  2.34235e+01 -7.64144e+13  5.14443e+14
  1.68000e-02  2.45389e+01 -8.19370e+13  5.51623e+14
  1.68000e-02  2.56543e+01 -8.75866e+13  5.89658e+14
  1.68000e-02  2.67697e+01 -9.33604e+13  6.28529e+14
  1.68000e-02  2.78851e+01 -9.92558e+13  6.68219e+14

  1.80000e-02  0.00000e+00  4.76567e-04 -6.55583e-04
  1.80000e-02  1.11540e+00 -7.94055e+11  5.34577e+12
  1.80000e-02  2.23081e+00 -2.24592e+12  1.51201e+13
  1.80000e-02  3.34621e+00 -4.12601e+12  2.77774e+13
  1.80000e-02  4.46161e+00 -6.35240e+12  4.27660e+13
  1.80000e-02  5.57702e+00 -8.87774e+12  5.97674e+13
  1.80000e-02  6.69242e+00 -1.16701e+13  7.85662e+13
  1.80000e-02  7.80782e+00 -1.47060e+13  9.90047e+13
  1.80000e-02  8.92323e+00 -1.79673e+13  1.20961e+14
  1.80000e-02  1.00386e+01 -2.14393e+13  1.44335e+14
  1.80000e-02  1.11540e+01 -2.51100e+13  1.69048e+14
  1.80000e-02  1.22694e+01 -2.89691e+13  1.95028e+14
  1.80000e-02  1.33848e+01 -3.30079e+13  2.22219e+14
  1.80000e-02  1.45002e+01 -3.72187e+13  2.50567e+14
  1.80000e-02  1.56156e+01 -4.15947e+13  2.80028e+14
  1.80000e-02  1.67311e+01 -4.61300e+13  3.10560e+14
  1.80000e-02  1.78465e+01 -5.08190e+13  3.42128e+14
  1.80000e-02  1.89619e+01 -5.56570e+13  3.74699e+14
  1.80000e-02  2.00773e+01 -6.06394e+13  4.08242e+14
  1.80000e-02  2.11927e+01 -6.57622e+13  4.42730e+14
  1.80000e-02  2.23081e+01 -7.10217e+13  4.78138e+14
  1.80000e-02  2.34235e+01 -7.64144e+13  5.14443e+14
  1.80000e-02  2.45389e+01 -8.19370e+13  5.51623e+14
  1.80000e-02  2.56543e+01 -8.75866e+13  5.89658e+14
  1.80000e-02  2.67697e+01 -9.33604e+13  6.28529e+14
  1.80000e-02  2.78851e+01 -9.92558e+13  6.68219e+14

  1.92000e-02  0.00000e+00  3.51230e-04 -8.32697e-04
  1.92000e-02  1.11540e+00 -7.94054e+11  5.34576e+12
  1.92000e-02  2.23081e+00 -2.24592e+12  1.51201e+13
  1.92000e-02  3.34621e+00 -4.12600e+12  2.77774e+13
  1.92000e-02  4.46161e+00 -6.35239e+12  4.27660e+13
  1.92000e-02  5.57702e+00 -8.87773e+12  5.97673e+13
  1.92000e-02  6.69242e+00 -1.16701e+13  7.85662e+13
  1.92000e-02  7.80782e+00 -1.47060e+13  9.90047e+13
  1.92000e-02  8.92323e+00 -1.79673e+13  1.20961e+14
  1.92000e-02  1.00386e+01 -2.14393e+13  1.44335e+14
  1.92000e-02  1.11540e+01 -2.51100e+13  1.69047e+14
  1.92000e-02  1.22694e+01 -2.89691e+13  1.95028e+14
  1.92000e-02  1.33848e+01 -3.30079e+13  2.22219e+14
  1.92000e-02  1.45002e+01 -3.72187e+13  2.50567e+14
  1.92000e-02  1.56156e+01 -4.15947e+13  2.80027e+14
  1.92000e-02  1.67311e+01 -4.61300e+13  3.10560e+14
  1.92000e-02  1.78465e+01 -5.08190e+13  3.42128e+14
  1.92000e-02  1.89619e+01 -5.56570e+13  3.74698e+14
  1.92000e-02  2.00773e+01 -6.06394e+13  4.08242e+14
  1.92000e-02  2.11927e+01 -6.57622e+13  4.42730e+14
  1.92000e-02  2.23081e+01 -7.10217e+13  4.78138e+14
  1.92000e-02  2.34235e+01 -7.64143e+13  5.14443e+14
  1.92000e-02  2.45389e+01 -8.19370e+13  5.51623e+14
  1.92000e-02  2.56543e+01 -8.75866e+13  5.89658e+14
  1.92000e-02  2.67697e+01 -9.33604e+13  6.28529e+14
  1.92000e-02  2.78851e+01 -9.92558e+13  6.68218e+14

  2.04000e-02  0.00000e+00  2.03554e-04 -1.01535e-03
  2.04000e-02  1.11540e+00 -7.94054e+11  5.34576e+12
  2.04000e-02  2.23081e+00 -2.24592e+12  1.51201e+13
  2.04000e-02  3.34621e+00 -4.12600e+12  2.77773e+13
  2.04000e-02  4.46161e+00 -6.35239e+12  4.27660e+13
  2.04000e-02  5.57702e+00 -8.87773e+12  5.97673e+13
  2.04000e-02  6.69242e+00 -1.16701e+13  7.85662e+13
  2.04000e-02  7.80782e+00 -1.47060e+13  9.90047e+13
  2.04000e-02  8.92323e+00 -1.79672e+13  1.20960e+14
  2.04000e-02  1.00386e+01 -2.14393e+13  1.44335e+14
  2.04000e-02  1.11540e+01 -2.51100e+13  1.69047e+14
  2.04000e-02  1.22694e+01 -2.89691e+13  1.95028e+14
  2.04000e-02  1.33848e+01 -3.30079e+13  2.22219e+14
  2.04000e-02  1.45002e+01 -3.72187e+13  2.50567e+14
  2.04000e-02  1.56156e+01 -4.15947e+13  2.80027e+14
  2.04000e-02  1.67311e+01 -4.61299e+13  3.10560e+14
  2.04000e-02  1.78465e+01 -5.08190e+13  3.42128e+14
  2.04000e-02  1.89619e+01 -5.56569e+13  3.74698e+14
  2.04000e-02  2.00773e+01 -6.06394e+13  4.08242e+14
  2.04000e-02  2.11927e+01 -6.57622e+13  4.42730e+14
  2.04000e-02  2.23081e+01 -7.10217e+13  4.78138e+14
  2.04000e-02  2.34235e+01 -7.64143e+13  5.14443e+14
  2.04000e-02  2.45389e+01 -8.19370e+13  5.51623e+14
  2.04000e-02  2.56543e+01 -8.75866e+13  5.89658e+14
  2.04000e-02  2.67697e+01 -9.33604e+13  6.28529e+14
  2.04000e-02  2.78851e+01 -9.92558e+13  6.68218e+14

  2.16000e-02  0.00000e+00  3.30623e-05 -1.20157e-03
  2.16000e-02  1.11540e+00 -7.94053e+11  5.34575e+12
  2.16000e-02  2.23081e+00 -2.24591e+12  1.51201e+13
  2.16000e-02  3.34621e+00 -4.12600e+12  2.77773e+13
  2.16000e-02  4.46161e+00 -6.35239e+12  4.27660e+13
  2.16000e-02  5.57702e+00 -8.87773e+12  5.97673e+13
  2.16000e-02  6.69242e+00 -1.16701e+13  7.85661e+13
  2.16000e-02  7.80782e+00 -1.47060e+13  9.90046e+13
  2.16000e-02  8.92323e+00 -1.79672e+13  1.20960e+14
  2.16000e-02  1.00386e+01 -2.14393e+13  1.44335e+14
  2.16000e-02  1.11540e+01 -2.51100e+13  1.69047e+14
  2.16000e-02  1.22694e+01 -2.89691e+13  1.95028e+14
  2.16000e-02  1.33848e+01 -3.30079e+13  2.22219e+14
  2.16000e-02  1.45002e+01 -3.72187e+13  2.50567e+14
  2.16000e-02  1.56156e+01 -4.15947e+13  2.80027e+14
  2.16000e-02  1.67311e+01 -4.61299e+13  3.10560e+14
  2.16000e-02  1.78465e+01 -5.08190e+13  3.42128e+14
  2.16000e-02  1.89619e+01 -5.56569e+13  3.74698e+14
  2.16000e-02  2.00773e+01 -6.06394e+13  4.08241e+14
  2.16000e-02  2.11927e+01 -6.57622e+13  4.42730e+14
  2.16000e-02  2.23081e+01 -7.10217e+13  4.78138e+14
  2.16000e-02  2.34235e+01 -7.64143e+13  5.14443e+14
  2.16000e-02  2.45389e+01 -8.19370e+13  5.51623e+14
  2.16000e-02  2.56543e+01 -8.75866e+13  5.89658e+14
  2.16000e-02  2.67697e+01 -9.33604e+13  6.28529e+14
  2.16000e-02  2.78851e+01 -9.92558e+13  6.68218e+14

  2.28000e-02  0.00000e+00 -1.60722e-04 -1.38940e-03
  2.28000e-02  1.11540e+00 -7.94052e+11  5.34575e+12
  2.28000e-02  2.23081e+00 -2.24591e+12  1.51201e+13
  2.28000e-02  3.34621e+00 -4.12600e+12  2.77773e+13
  2.28000e-02  4.46161e+00 -6.35239e+12  4.27660e+13
  2.28000e-02  5.57702e+00 -8.87773e+12  5.97673e+13
  2.28000e-02  6.69242e+00 -1.16701e+13  7.85661e+13
  2.28000e-02  7.80782e+00 -1.47060e+13  9.90046e+13
  2.28000e-02  8.92323e+00 -1.79672e+13  1.20960e+14
  2.28000e-02  1.00386e+01 -2.14393e+13  1.44335e+14
  2.28000e-02  1.11540e+01 -2.51100e+13  1.69047e+14
  2.28000e-02  1.22694e+01 -2.89691e+13  1.95028e+14
  2.28000e-02  1.33848e+01 -3.30079e+13  2.22218e+14
  2.28000e-02  1.45002e+01 -3.72187e+13  2.50567e+14
  2.28000e-02  1.56156e+01 -4.15947e+13  2.80027e+14
  2.28000e-02  1.67311e+01 -4.61299e+13  3.10560e+14
  2.28000e-02  1.78465e+01 -5.08190e+13  3.42128e+14
  2.28000e-02  1.89619e+01 -5.56569e+13  3.74698e+14
  2.28000e-02  2.00773e+01 -6.06394e+13  4.08241e+14
  2.28000e-02  2.11927e+01 -6.57622e+13  4.42730e+14
  2.28000e-02  2.23081e+01 -7.10217e+13  4.78138e+14
  2.28000e-02  2.34235e+01 -7.64143e+13  5.14443e+14
  2.28000e-02  2.45389e+01 -8.19369e+13  5.51623e+14
  2.28000e-02  2.56543e+01 -8.75866e+13  5.89658e+14
  2.28000e-02  2.67697e+01 -9.33604e+13  6.28529e+14
  2.28000e-02  2.78851e+01 -9.92558e+13  6.68218e+14

  2.40000e-02  0.00000e+00 -3.78275e-04 -1.57687e-03
  2.40000e-02  1.11540e+00 -7.94052e+11  5.34574e+12
  2.40000e-02  2.23081e+00 -2.24591e+12  1.51200e+13
  2.40000e-02  3.34621e+00 -4.12600e+12  2.77773e+13
  2.40000e-02  4.46161e+00 -6.35238e+12  4.27660e+13
  2.40000e-02  5.57702e+00 -8.87772e+12  5.97672e+13
  2.40000e-02  6.69242e+00 -1.16701e+13  7.85661e+13
  2.40000e-02  7.80782e+00 -1.47060e+13  9.90046e+13
  2.40000e-02  8.92323e+00 -1.79672e+13  1.20960e+14
  2.40000e-02  1.00386e+01 -2.14393e+13  1.44335e+14
  2.40000e-02  1.11540e+01 -2.51100e+13  1.69047e+14
  2.40000e-02  1.22694e+01 -2.89691e+13  1.95028e+14
  2.40000e-02  1.33848e+01 -3.30079e+13  2.22218e+14
  2.40000e-02  1.45002e+01 -3.72187e+13  2.50567e+14
  2.40000e-02  1.56156e+01 -4.15947e+13  2.80027e+14
  2.40000e-02  1.67311e+01 -4.61299e+13  3.10560e+14
  2.40000e-02  1.78465e+01 -5.08190e+13  3.42128e+14
  2.40000e-02  1.89619e+01 -5.56569e+13  3.74698e+14
  2.40000e-02  2.00773e+01 -6.06393e+13  4.08241e+14
  2.40000e-02  2.11927e+01 -6.57622e+13  4.42730e+14
  2.40000e-02  2.23081e+01 -7.10216e+13  4.78138e+14
  2.40000e-02  2.34235e+01 -7.64143e+13  5.14443e+14
  2.40000e-02  2.45389e+01 -8.19369e+13  5.51623e+14
  2.40000e-02  2.56543e+01 -8.75865e+13  5.89658e+14
  2.40000e-02  2.67697e+01 -9.33604e+13  6.28529e+14
  2.40000e-02  2.78851e+01 -9.92557e+13  6.68218e+14

  2.52000e-02  0.00000e+00 -6.20073e-04 -1.76201e-03
  2.52000e-02  1.11540e+00 -7.94051e+11  5.34574e+12
  2.52000e-02  2.23081e+00 -2.24591e+12  1.51200e+13
  2.52000e-02  3.34621e+00 -4.12600e+12  2.77773e+13
  2.52000e-02  4.46161e+00 -6.35238e+12  4.27659e+13
  2.52000e-02  5.57702e+00 -8.87772e+12  5.97672e+13
  2.52000e-02  6.69242e+00 -1.16701e+13  7.85660e+13
  2.52000e-02  7.80782e+00 -1.47060e+13  9.90045e+13
  2.52000e-02  8.92323e+00 -1.79672e+13  1.20960e+14
  2.52000e-02  1.00386e+01 -2.14393e+13  1.44335e+14
  2.52000e-02  1.11540e+01 -2.51100e+13  1.69047e+14
  2.52000e-02  1.22694e+01 -2.89691e+13  1.95028e+14
  2.52000e-02  1.33848e+01 -3.30079e+13  2.22218e+14
  2.52000e-02  1.45002e+01 -3.72187e+13  2.50567e+14
  2.52000e-02  1.56156e+01 -4.15947e+13  2.80027e+14
  2.52000e-02  1.67311e+01 -4.61299e+13  3.10560e+14
  2.52000e-02  1.78465e+01 -5.08190e+13  3.42128e+14
  2.52000e-02  1.89619e+01 -5.56569e+13  3.74698e+14
  2.52000e-02  2.00773e+01 -6.06393e+13  4.08241e+14
  2.52000e-02  2.11927e+01 -6.57622e+13  4.42729e+14
  2.52000e-02  2.23081e+01 -7.10216e+13  4.78138e+14
  2.52000e-02  2.34235e+01 -7.64143e+13  5.14443e+14
  2.52000e-02  2.45389e+01 -8.19369e+13  5.51623e+14
  2.52000e-02  2.56543e+01 -8.75865e+13  5.89657e+14
  2.52000e-02  2.67697e+01 -9.33603e+13  6.28528e+14
  2.52000e-02  2.78851e+01 -9.92557e+13  6.68218e+14

  2.64000e-02  0.00000e+00 -8.86594e-04 -1.94286e-03
  2.64000e-02  1.11540e+00 -7.94051e+11  5.34573e+12
  2.64000e-02  2.23081e+00 -2.24591e+12  1.51200e+13
  2.64000e-02  3.34621e+00 -4.12599e+12  2.77773e+13
  2.64000e-02  4.46161e+00 -6.35238e+12  4.27659e+13
  2.64000e-02  5.57702e+00 -8.87772e+12  5.97672e+13
  2.64000e-02  6.69242e+00 -1.16701e+13  7.85660e+13
  2.64000e-02  7.80782e+00 -1.47060e+13  9.90045e+13
  2.64000e-02  8.92323e+00 -1.79672e+13  1.20960e+14
  2.64000e-02  1.00386e+01 -2.14393e+13  1.44335e+14
  2.64000e-02  1.11540e+01 -2.51100e+13  1.69047e+14
  2.64000e-02  1.22694e+01 -2.89691e+13  1.95028e+14
  2.64000e-02  1.33848e+01 -3.30079e+13  2.22218e+14
  2.64000e-02  1.45002e+01 -3.72187e+13  2.50566e+14
  2.64000e-02  1.56156e+01 -4.15947e+13  2.80027e+14
  2.64000e-02  1.67311e+01 -4.61299e+13  3.10559e+14
  2.64000e-02  1.78465e+01 -5.08189e+13  3.42127e+14
  2.64000e-02  1.89619e+01 -5.56569e+13  3.74698e+14
  2.64000e-02  2.00773e+01 -6.06393e+13  4.08241e+14
  2.64000e-02  2.11927e+01 -6.57621e+13  4.42729e+14
  2.64000e-02  2.23081e+01 -7.10216e+13  4.78138e+14
  2.64000e-02  2.34235e+01 -7.64143e+13  5.14443e+14
  2.64000e-02  2.45389e+01 -8.19369e+13  5.51623e+14
  2.64000e-02  2.56543e+01 -8.75865e+13  5.89657e+14
  2.64000e-02  2.67697e+01 -9.33603e+13  6.28528e+14
  2.64000e-02  2.78851e+01 -9.92557e+13  6.68218e+14

  2.76000e-02  0.00000e+00 -1.17831e-03 -2.11745e-03
  2.76000e-02  1.11540e+00 -7.94050e+11  5.34573e+12
  2.76000e-02  2.23081e+00 -2.24591e+12  1.51200e+13
  2.76000e-02  3.34621e+00 -4.12599e+12  2.77773e+13
  2.76000e-02  4.46161e+00 -6.35238e+12  4.27659e+13
  2.76000e-02  5.57702e+00 -8.87771e+12  5.97672e+13
  2.76000e-02  6.69242e+00 -1.16701e+13  7.85660e+13
  2.76000e-02  7.80782e+00 -1.47059e+13  9.90044e+13
  2.76000e-02  8.92323e+00 -1.79672e+13  1.20960e+14
  2.76000e-02  1.00386e+01 -2.14392e+13  1.44335e+14
  2.76000e-02  1.11540e+01 -2.51099e+13  1.69047e+14
  2.76000e-02  1.22694e+01 -2.89691e+13  1.95028e+14
  2.76000e-02  1.33848e+01 -3.30079e+13  2.22218e+14
  2.76000e-02  1.45002e+01 -3.72187e+13  2.50566e+14
  2.76000e-02  1.56156e+01 -4.15947e+13  2.80027e+14
  2.76000e-02  1.67311e+01 -4.61299e+13  3.10559e+14
  2.76000e-02  1.78465e+01 -5.08189e+13  3.42127e+14
  2.76000e-02  1.89619e+01 -5.56569e+13  3.74698e+14
  2.76000e-02  2.00773e+01 -6.06393e+13  4.08241e+14
  2.76000e-02  2.11927e+01 -6.57621e+13  4.42729e+14
  2.76000e-02  2.23081e+01 -7.10216e+13  4.78138e+14
  2.76000e-02  2.34235e+01 -7.64143e+13  5.14442e+14
  2.76000e-02  2.45389e+01 -8.19369e+13  5.51622e+14
  2.76000e-02  2.56543e+01 -8.75865e+13  5.89657e+14
  2.76000e-02  2.67697e+01 -9.33603e+13  6.28528e+14
  2.76000e-02  2.78851e+01 -9.92557e+13  6.68218e+14

  2.88000e-02  0.00000e+00 -1.49571e-03 -2.28381e-03
  2.88000e-02  1.11540e+00 -7.94049e+11  5.34572e+12
  2.88000e-02  2.23081e+00 -2.24591e+12  1.51200e+13
  2.88000e-02  3.34621e+00 -4.12599e+12  2.77772e+13
  2.88000e-02  4.46161e+00 -6.35237e+12  4.27659e+13
  2.88000e-02  5.57702e+00 -8.87771e+12  5.97671e+13
  2.88000e-02  6.69242e+00 -1.16701e+13  7.85659e+13
  2.88000e-02  7.80782e+00 -1.47059e+13  9.90044e+13
  2.88000e-02  8.92323e+00 -1.79672e+13  1.20960e+14
  2.88000e-02  1.00386e+01 -2.14392e+13  1.44335e+14
  2.88000e-02  1.11540e+01 -2.51099e+13  1.69047e+14
  2.88000e-02  1.22694e+01 -2.89691e+13  1.95028e+14
  2.88000e-02  1.33848e+01 -3.30079e+13  2.22218e+14
  2.88000e-02  1.45002e+01 -3.72186e+13  2.50566e+14
  2.88000e-02  1.56156e+01 -4.15947e+13  2.80027e+14
  2.88000e-02  1.67311e+01 -4.61299e+13  3.10559e+14
  2.88000e-02  1.78465e+01 -5.08189e+13  3.42127e+14
  2.88000e-02  1.89619e+01 -5.56569e+13  3.74698e+14
  2.88000e-02  2.00773e+01 -6.06393e+13  4.08241e+14
  2.88000e-02  2.11927e+01 -6.57621e+13  4.42729e+14
  2.88000e-02  2.23081e+01 -7.10216e+13  4.78137e+14
  2.88000e-02  2.34235e+01 -7.64142e+13  5.14442e+14
  2.88000e-02  2.45389e+01 -8.19369e+13  5.51622e+14
  2.88000e-02  2.56543e+01 -8.75865e+13  5.89657e+14
  2.88000e-02  2.67697e+01 -9.33603e+13  6.28528e+14
  2.88000e-02  2.78851e+01 -9.92557e+13  6.68217e+14

  3.00000e-02  0.00000e+00 -1.83926e-03 -2.43999e-03
  3.00000e-02  1.11540e+00 -7.94049e+11  5.34572e+12
  3.00000e-02  2.23081e+00 -2.24591e+12  1.51200e+13
  3.00000e-02  3.34621e+00 -4.12599e+12  2.77772e+13
  3.00000e-02  4.46161e+00 -6.35237e+12  4.27658e+13
  3.00000e-02  5.57702e+00 -8.87771e+12  5.97671e+13
  3.00000e-02  6.69242e+00 -1.16700e+13  7.85659e+13
  3.00000e-02  7.80782e+00 -1.47059e+13  9.90044e+13
  3.00000e-02  8.92323e+00 -1.79672e+13  1.20960e+14
  3.00000e-02  1.00386e+01 -2.14392e+13  1.44335e+14
  3.00000e-02  1.11540e+01 -2.51099e+13  1.69047e+14
  3.00000e-02  1.22694e+01 -2.89691e+13  1.95028e+14
  3.00000e-02  1.33848e+01 -3.30079e+13  2.22218e+14
  3.00000e-02  1.45002e+01 -3.72186e+13  2.50566e+14
  3.00000e-02  1.56156e+01 -4.15946e+13  2.80027e+14
  3.00000e-02  1.67311e+01 -4.61299e+13  3.10559e+14
  3.00000e-02  1.78465e+01 -5.08189e+13  3.42127e+14
  3.00000e-02  1.89619e+01 -5.56569e+13  3.74698e+14
  3.00000e-02  2.00773e+01 -6.06393e+13  4.08241e+14
  3.00000e-02  2.11927e+01 -6.57621e+13  4.42729e+14
  3.00000e-02  2.23081e+01 -7.10216e+13  4.78137e+14
  3.00000e-02  2.34235e+01 -7.64142e+13  5.14442e+14
  3.00000e-02  2.45389e+01 -8.19369e+13  5.51622e+14
  3.00000e-02  2.56543e+01 -8.75865e+13  5.89657e+14
  3.00000e-02  2.67697e+01 -9.33603e+13  6.28528e+14
  3.00000e-02  2.78851e+01 -9.92557e+13  6.68217e+14

