  0.00000e+00  0.00000e+00 -4.66897e+21
  0.00000e+00  8.34874e-07 -3.79879e+33
  0.00000e+00  1.66975e-06 -1.51951e+34
  0.00000e+00  2.50462e-06 -3.41890e+34
  0.00000e+00  3.33949e-06 -6.07805e+34
  0.00000e+00  4.17437e-06 -9.49695e+34
  0.00000e+00  5.00924e-06 -1.36756e+35
  0.00000e+00  5.84412e-06 -1.86140e+35
  0.00000e+00  6.67899e-06 -2.43122e+35
  0.00000e+00  7.51386e-06 -3.07701e+35
  0.00000e+00  8.34874e-06 -3.79878e+35
  0.00000e+00  9.18361e-06 -4.59652e+35
  0.00000e+00  1.00185e-05 -5.47024e+35
  0.00000e+00  1.08534e-05 -6.41993e+35
  0.00000e+00  1.16882e-05 -7.44560e+35
  0.00000e+00  1.25231e-05 -8.54725e+35
  0.00000e+00  1.33580e-05 -9.72487e+35
  0.00000e+00  1.41929e-05 -1.09785e+36
  0.00000e+00  1.50277e-05 -1.23080e+36
  0.00000e+00  1.58626e-05 -1.37136e+36
  0.00000e+00  1.66975e-05 -1.51951e+36
  0.00000e+00  1.75323e-05 -1.67526e+36
  0.00000e+00  1.83672e-05 -1.83861e+36
  0.00000e+00  1.92021e-05 -2.00955e+36
  0.00000e+00  2.00370e-05 -2.18810e+36
  0.00000e+00  2.08718e-05 -2.37424e+36

  1.20000e-03  0.00000e+00  1.31332e+32
  1.20000e-03  8.34874e-07  2.09525e+37
  1.20000e-03  1.66975e-06  8.35584e+37
  1.20000e-03  2.50462e-06  1.87818e+38
  1.20000e-03  3.33949e-06  3.33731e+38
  1.20000e-03  4.17437e-06  5.21298e+38
  1.20000e-03  5.00924e-06  7.50518e+38
  1.20000e-03  5.84412e-06  1.02139e+39
  1.20000e-03  6.67899e-06  1.33392e+39
  1.20000e-03  7.51386e-06  1.68810e+39
  1.20000e-03  8.34874e-06  2.08394e+39
  1.20000e-03  9.18361e-06  2.52142e+39
  1.20000e-03  1.00185e-05  3.00057e+39
  1.20000e-03  1.08534e-05  3.52136e+39
  1.20000e-03  1.16882e-05  4.08381e+39
  1.20000e-03  1.25231e-05  4.68792e+39
  1.20000e-03  1.33580e-05  5.33367e+39
  1.20000e-03  1.41929e-05  6.02108e+39
  1.20000e-03  1.50277e-05  6.75015e+39
  1.20000e-03  1.58626e-05  7.52086e+39
  1.20000e-03  1.66975e-05  8.33323e+39
  1.20000e-03  1.75323e-05  9.18726e+39
  1.20000e-03  1.83672e-05  1.00829e+40
  1.20000e-03  1.92021e-05  1.10203e+40
  1.20000e-03  2.00370e-05  1.19993e+40
  1.20000e-03  2.08718e-05  1.30199e+40

  2.40000e-03  0.00000e+00  4.20897e+33
  2.40000e-03  8.34874e-07  4.26654e+37
  2.40000e-03  1.66975e-06  1.68641e+38
  2.40000e-03  2.50462e-06  3.77932e+38
  2.40000e-03  3.33949e-06  6.70538e+38
  2.40000e-03  4.17437e-06  1.04646e+39
  2.40000e-03  5.00924e-06  1.50569e+39
  2.40000e-03  5.84412e-06  2.04824e+39
  2.40000e-03  6.67899e-06  2.67411e+39
  2.40000e-03  7.51386e-06  3.38329e+39
  2.40000e-03  8.34874e-06  4.17578e+39
  2.40000e-03  9.18361e-06  5.05159e+39
  2.40000e-03  1.00185e-05  6.01072e+39
  2.40000e-03  1.08534e-05  7.05316e+39
  2.40000e-03  1.16882e-05  8.17891e+39
  2.40000e-03  1.25231e-05  9.38798e+39
  2.40000e-03  1.33580e-05  1.06804e+40
  2.40000e-03  1.41929e-05  1.20561e+40
  2.40000e-03  1.50277e-05  1.35151e+40
  2.40000e-03  1.58626e-05  1.50574e+40
  2.40000e-03  1.66975e-05  1.66830e+40
  2.40000e-03  1.75323e-05  1.83920e+40
  2.40000e-03  1.83672e-05  2.01843e+40
  2.40000e-03  1.92021e-05  2.20599e+40
  2.40000e-03  2.00370e-05  2.40188e+40
  2.40000e-03  2.08718e-05  2.60610e+40

  3.60000e-03  0.00000e+00  3.19782e+34
  3.60000e-03  8.34874e-07  6.59073e+37
  3.60000e-03  1.66975e-06  2.56759e+38
  3.60000e-03  2.50462e-06  5.72586e+38
  3.60000e-03  3.33949e-06  1.01339e+39
  3.60000e-03  4.17437e-06  1.57917e+39
  3.60000e-03  5.00924e-06  2.26992e+39
  3.60000e-03  5.84412e-06  3.08566e+39
  3.60000e-03  6.67899e-06  4.02636e+39
  3.60000e-03  7.51386e-06  5.09205e+39
  3.60000e-03  8.34874e-06  6.28271e+39
  3.60000e-03  9.18361e-06  7.59834e+39
  3.60000e-03  1.00185e-05  9.03896e+39
  3.60000e-03  1.08534e-05  1.06045e+40
  3.60000e-03  1.16882e-05  1.22951e+40
  3.60000e-03  1.25231e-05  1.41106e+40
  3.60000e-03  1.33580e-05  1.60512e+40
  3.60000e-03  1.41929e-05  1.81167e+40
  3.60000e-03  1.50277e-05  2.03071e+40
  3.60000e-03  1.58626e-05  2.26226e+40
  3.60000e-03  1.66975e-05  2.50630e+40
  3.60000e-03  1.75323e-05  2.76284e+40
  3.60000e-03  1.83672e-05  3.03188e+40
  3.60000e-03  1.92021e-05  3.31341e+40
  3.60000e-03  2.00370e-05  3.60744e+40
  3.60000e-03  2.08718e-05  3.91397e+40

  4.80000e-03  0.00000e+00  1.34790e+35
  4.80000e-03  8.34874e-07  9.14820e+37
  4.80000e-03  1.66975e-06  3.49467e+38
  4.80000e-03  2.50462e-06  7.74088e+38
  4.80000e-03  3.33949e-06  1.36535e+39
  4.80000e-03  4.17437e-06  2.12324e+39
  4.80000e-03  5.00924e-06  3.04778e+39
  4.80000e-03  5.84412e-06  4.13895e+39
  4.80000e-03  6.67899e-06  5.39676e+39
  4.80000e-03  7.51386e-06  6.82120e+39
  4.80000e-03  8.34874e-06  8.41228e+39
  4.80000e-03  9.18361e-06  1.01700e+40
  4.80000e-03  1.00185e-05  1.20944e+40
  4.80000e-03  1.08534e-05  1.41854e+40
  4.80000e-03  1.16882e-05  1.64430e+40
  4.80000e-03  1.25231e-05  1.88673e+40
  4.80000e-03  1.33580e-05  2.14582e+40
  4.80000e-03  1.41929e-05  2.42157e+40
  4.80000e-03  1.50277e-05  2.71399e+40
  4.80000e-03  1.58626e-05  3.02307e+40
  4.80000e-03  1.66975e-05  3.34882e+40
  4.80000e-03  1.75323e-05  3.69123e+40
  4.80000e-03  1.83672e-05  4.05030e+40
  4.80000e-03  1.92021e-05  4.42603e+40
  4.80000e-03  2.00370e-05  4.81844e+40
  4.80000e-03  2.08718e-05  5.22750e+40

  6.00000e-03  0.00000e+00  4.11411e+35
  6.00000e-03  8.34874e-07  1.20241e+38
  6.00000e-03  1.66975e-06  4.48369e+38
  6.00000e-03  2.50462e-06  9.84795e+38
  6.00000e-03  3.33949e-06  1.72952e+39
  6.00000e-03  4.17437e-06  2.68254e+39
  6.00000e-03  5.00924e-06  3.84387e+39
  6.00000e-03  5.84412e-06  5.21349e+39
  6.00000e-03  6.67899e-06  6.79140e+39
  6.00000e-03  7.51386e-06  8.57762e+39
  6.00000e-03  8.34874e-06  1.05721e+40
  6.00000e-03  9.18361e-06  1.27750e+40
  6.00000e-03  1.00185e-05  1.51861e+40
  6.00000e-03  1.08534e-05  1.78055e+40
  6.00000e-03  1.16882e-05  2.06332e+40
  6.00000e-03  1.25231e-05  2.36692e+40
  6.00000e-03  1.33580e-05  2.69135e+40
  6.00000e-03  1.41929e-05  3.03661e+40
  6.00000e-03  1.50277e-05  3.40270e+40
  6.00000e-03  1.58626e-05  3.78962e+40
  6.00000e-03  1.66975e-05  4.19737e+40
  6.00000e-03  1.75323e-05  4.62595e+40
  6.00000e-03  1.83672e-05  5.07536e+40
  6.00000e-03  1.92021e-05  5.54560e+40
  6.00000e-03  2.00370e-05  6.03667e+40
  6.00000e-03  2.08718e-05  6.54857e+40

  7.20000e-03  0.00000e+00  1.02383e+36
  7.20000e-03  8.34874e-07  1.53098e+38
  7.20000e-03  1.66975e-06  5.55132e+38
  7.20000e-03  2.50462e-06  1.20713e+39
  7.20000e-03  3.33949e-06  2.10908e+39
  7.20000e-03  4.17437e-06  3.26099e+39
  7.20000e-03  5.00924e-06  4.66287e+39
  7.20000e-03  5.84412e-06  6.31470e+39
  7.20000e-03  6.67899e-06  8.21649e+39
  7.20000e-03  7.51386e-06  1.03682e+40
  7.20000e-03  8.34874e-06  1.27700e+40
  7.20000e-03  9.18361e-06  1.54216e+40
  7.20000e-03  1.00185e-05  1.83233e+40
  7.20000e-03  1.08534e-05  2.14748e+40
  7.20000e-03  1.16882e-05  2.48764e+40
  7.20000e-03  1.25231e-05  2.85279e+40
  7.20000e-03  1.33580e-05  3.24294e+40
  7.20000e-03  1.41929e-05  3.65808e+40
  7.20000e-03  1.50277e-05  4.09822e+40
  7.20000e-03  1.58626e-05  4.56335e+40
  7.20000e-03  1.66975e-05  5.05349e+40
  7.20000e-03  1.75323e-05  5.56861e+40
  7.20000e-03  1.83672e-05  6.10874e+40
  7.20000e-03  1.92021e-05  6.67385e+40
  7.20000e-03  2.00370e-05  7.26397e+40
  7.20000e-03  2.08718e-05  7.87908e+40

  8.40000e-03  0.00000e+00  2.21305e+36
  8.40000e-03  8.34874e-07  1.91048e+38
  8.40000e-03  1.66975e-06  6.71503e+38
  8.40000e-03  2.50462e-06  1.44358e+39
  8.40000e-03  3.33949e-06  2.50728e+39
  8.40000e-03  4.17437e-06  3.86260e+39
  8.40000e-03  5.00924e-06  5.50954e+39
  8.40000e-03  5.84412e-06  7.44810e+39
  8.40000e-03  6.67899e-06  9.67828e+39
  8.40000e-03  7.51386e-06  1.22001e+40
  8.40000e-03  8.34874e-06  1.50135e+40
  8.40000e-03  9.18361e-06  1.81185e+40
  8.40000e-03  1.00185e-05  2.15152e+40
  8.40000e-03  1.08534e-05  2.52035e+40
  8.40000e-03  1.16882e-05  2.91834e+40
  8.40000e-03  1.25231e-05  3.34549e+40
  8.40000e-03  1.33580e-05  3.80181e+40
  8.40000e-03  1.41929e-05  4.28728e+40
  8.40000e-03  1.50277e-05  4.80192e+40
  8.40000e-03  1.58626e-05  5.34572e+40
  8.40000e-03  1.66975e-05  5.91869e+40
  8.40000e-03  1.75323e-05  6.52081e+40
  8.40000e-03  1.83672e-05  7.15210e+40
  8.40000e-03  1.92021e-05  7.81255e+40
  8.40000e-03  2.00370e-05  8.50216e+40
  8.40000e-03  2.08718e-05  9.22094e+40

  9.60000e-03  0.00000e+00  4.31495e+36
  9.60000e-03  8.34874e-07  2.35178e+38
  9.60000e-03  1.66975e-06  7.99323e+38
  9.60000e-03  2.50462e-06  1.69675e+39
  9.60000e-03  3.33949e-06  2.92746e+39
  9.60000e-03  4.17437e-06  4.49145e+39
  9.60000e-03  5.00924e-06  6.38872e+39
  9.60000e-03  5.84412e-06  8.61928e+39
  9.60000e-03  6.67899e-06  1.11831e+40
  9.60000e-03  7.51386e-06  1.40802e+40
  9.60000e-03  8.34874e-06  1.73106e+40
  9.60000e-03  9.18361e-06  2.08743e+40
  9.60000e-03  1.00185e-05  2.47713e+40
  9.60000e-03  1.08534e-05  2.90015e+40
  9.60000e-03  1.16882e-05  3.35651e+40
  9.60000e-03  1.25231e-05  3.84619e+40
  9.60000e-03  1.33580e-05  4.36920e+40
  9.60000e-03  1.41929e-05  4.92554e+40
  9.60000e-03  1.50277e-05  5.51520e+40
  9.60000e-03  1.58626e-05  6.13820e+40
  9.60000e-03  1.66975e-05  6.79452e+40
  9.60000e-03  1.75323e-05  7.48417e+40
  9.60000e-03  1.83672e-05  8.20715e+40
  9.60000e-03  1.92021e-05  8.96345e+40
  9.60000e-03  2.00370e-05  9.75309e+40
  9.60000e-03  2.08718e-05  1.05761e+41

  1.08000e-02  0.00000e+00  7.77601e+36
  1.08000e-02  8.34874e-07  2.86687e+38
  1.08000e-02  1.66975e-06  9.40542e+38
  1.08000e-02  2.50462e-06  1.96934e+39
  1.08000e-02  3.33949e-06  3.37308e+39
  1.08000e-02  4.17437e-06  5.15177e+39
  1.08000e-02  5.00924e-06  7.30539e+39
  1.08000e-02  5.84412e-06  9.83397e+39
  1.08000e-02  6.67899e-06  1.27375e+40
  1.08000e-02  7.51386e-06  1.60159e+40
  1.08000e-02  8.34874e-06  1.96693e+40
  1.08000e-02  9.18361e-06  2.36977e+40
  1.08000e-02  1.00185e-05  2.81010e+40
  1.08000e-02  1.08534e-05  3.28792e+40
  1.08000e-02  1.16882e-05  3.80324e+40
  1.08000e-02  1.25231e-05  4.35605e+40
  1.08000e-02  1.33580e-05  4.94636e+40
  1.08000e-02  1.41929e-05  5.57416e+40
  1.08000e-02  1.50277e-05  6.23945e+40
  1.08000e-02  1.58626e-05  6.94224e+40
  1.08000e-02  1.66975e-05  7.68252e+40
  1.08000e-02  1.75323e-05  8.46030e+40
  1.08000e-02  1.83672e-05  9.27557e+40
  1.08000e-02  1.92021e-05  1.01283e+41
  1.08000e-02  2.00370e-05  1.10186e+41
  1.08000e-02  2.08718e-05  1.19464e+41

  1.20000e-02  0.00000e+00  1.31692e+37
  1.20000e-02  8.34874e-07  3.46902e+38
  1.20000e-02  1.66975e-06  1.09724e+39
  1.20000e-02  2.50462e-06  2.26418e+39
  1.20000e-02  3.33949e-06  3.84773e+39
  1.20000e-02  4.17437e-06  5.84788e+39
  1.20000e-02  5.00924e-06  8.26463e+39
  1.20000e-02  5.84412e-06  1.10980e+40
  1.20000e-02  6.67899e-06  1.43480e+40
  1.20000e-02  7.51386e-06  1.80145e+40
  1.20000e-02  8.34874e-06  2.20977e+40
  1.20000e-02  9.18361e-06  2.65975e+40
  1.20000e-02  1.00185e-05  3.15139e+40
  1.20000e-02  1.08534e-05  3.68469e+40
  1.20000e-02  1.16882e-05  4.25964e+40
  1.20000e-02  1.25231e-05  4.87626e+40
  1.20000e-02  1.33580e-05  5.53454e+40
  1.20000e-02  1.41929e-05  6.23448e+40
  1.20000e-02  1.50277e-05  6.97609e+40
  1.20000e-02  1.58626e-05  7.75935e+40
  1.20000e-02  1.66975e-05  8.58427e+40
  1.20000e-02  1.75323e-05  9.45085e+40
  1.20000e-02  1.83672e-05  1.03591e+41
  1.20000e-02  1.92021e-05  1.13090e+41
  1.20000e-02  2.00370e-05  1.23006e+41
  1.20000e-02  2.08718e-05  1.33338e+41

  1.32000e-02  0.00000e+00  2.12097e+37
  1.32000e-02  8.34874e-07  4.17289e+38
  1.32000e-02  1.66975e-06  1.27163e+39
  1.32000e-02  2.50462e-06  2.58425e+39
  1.32000e-02  3.33949e-06  4.35512e+39
  1.32000e-02  4.17437e-06  6.58427e+39
  1.32000e-02  5.00924e-06  9.27167e+39
  1.32000e-02  5.84412e-06  1.24173e+40
  1.32000e-02  6.67899e-06  1.60213e+40
  1.32000e-02  7.51386e-06  2.00835e+40
  1.32000e-02  8.34874e-06  2.46040e+40
  1.32000e-02  9.18361e-06  2.95827e+40
  1.32000e-02  1.00185e-05  3.50197e+40
  1.32000e-02  1.08534e-05  4.09150e+40
  1.32000e-02  1.16882e-05  4.72685e+40
  1.32000e-02  1.25231e-05  5.40803e+40
  1.32000e-02  1.33580e-05  6.13504e+40
  1.32000e-02  1.41929e-05  6.90787e+40
  1.32000e-02  1.50277e-05  7.72653e+40
  1.32000e-02  1.58626e-05  8.59102e+40
  1.32000e-02  1.66975e-05  9.50133e+40
  1.32000e-02  1.75323e-05  1.04575e+41
  1.32000e-02  1.83672e-05  1.14594e+41
  1.32000e-02  1.92021e-05  1.25072e+41
  1.32000e-02  2.00370e-05  1.36008e+41
  1.32000e-02  2.08718e-05  1.47403e+41

  1.44000e-02  0.00000e+00  3.27709e+37
  1.44000e-02  8.34874e-07  4.99475e+38
  1.44000e-02  1.66975e-06  1.46611e+39
  1.44000e-02  2.50462e-06  2.93267e+39
  1.44000e-02  3.33949e-06  4.89915e+39
  1.44000e-02  4.17437e-06  7.36556e+39
  1.44000e-02  5.00924e-06  1.03319e+40
  1.44000e-02  5.84412e-06  1.37982e+40
  1.44000e-02  6.67899e-06  1.77644e+40
  1.44000e-02  7.51386e-06  2.22305e+40
  1.44000e-02  8.34874e-06  2.71965e+40
  1.44000e-02  9.18361e-06  3.26625e+40
  1.44000e-02  1.00185e-05  3.86284e+40
  1.44000e-02  1.08534e-05  4.50942e+40
  1.44000e-02  1.16882e-05  5.20600e+40
  1.44000e-02  1.25231e-05  5.95257e+40
  1.44000e-02  1.33580e-05  6.74913e+40
  1.44000e-02  1.41929e-05  7.59568e+40
  1.44000e-02  1.50277e-05  8.49223e+40
  1.44000e-02  1.58626e-05  9.43877e+40
  1.44000e-02  1.66975e-05  1.04353e+41
  1.44000e-02  1.75323e-05  1.14818e+41
  1.44000e-02  1.83672e-05  1.25783e+41
  1.44000e-02  1.92021e-05  1.37249e+41
  1.44000e-02  2.00370e-05  1.49214e+41
  1.44000e-02  2.08718e-05  1.61678e+41

  1.56000e-02  0.00000e+00  4.88998e+37
  1.56000e-02  8.34874e-07  5.95259e+38
  1.56000e-02  1.66975e-06  1.68321e+39
  1.56000e-02  2.50462e-06  3.31274e+39
  1.56000e-02  3.33949e-06  5.48387e+39
  1.56000e-02  4.17437e-06  8.19658e+39
  1.56000e-02  5.00924e-06  1.14509e+40
  1.56000e-02  5.84412e-06  1.52468e+40
  1.56000e-02  6.67899e-06  1.95842e+40
  1.56000e-02  7.51386e-06  2.44633e+40
  1.56000e-02  8.34874e-06  2.98840e+40
  1.56000e-02  9.18361e-06  3.58462e+40
  1.56000e-02  1.00185e-05  4.23500e+40
  1.56000e-02  1.08534e-05  4.93955e+40
  1.56000e-02  1.16882e-05  5.69825e+40
  1.56000e-02  1.25231e-05  6.51111e+40
  1.56000e-02  1.33580e-05  7.37812e+40
  1.56000e-02  1.41929e-05  8.29930e+40
  1.56000e-02  1.50277e-05  9.27464e+40
  1.56000e-02  1.58626e-05  1.03041e+41
  1.56000e-02  1.66975e-05  1.13878e+41
  1.56000e-02  1.75323e-05  1.25256e+41
  1.56000e-02  1.83672e-05  1.37176e+41
  1.56000e-02  1.92021e-05  1.49637e+41
  1.56000e-02  2.00370e-05  1.62640e+41
  1.56000e-02  2.08718e-05  1.76184e+41

  1.68000e-02  0.00000e+00  7.08334e+37
  1.68000e-02  8.34874e-07  7.06631e+38
  1.68000e-02  1.66975e-06  1.92568e+39
  1.68000e-02  2.50462e-06  3.72797e+39
  1.68000e-02  3.33949e-06  6.11352e+39
  1.68000e-02  4.17437e-06  9.08232e+39
  1.68000e-02  5.00924e-06  1.26344e+40
  1.68000e-02  5.84412e-06  1.67697e+40
  1.68000e-02  6.67899e-06  2.14882e+40
  1.68000e-02  7.51386e-06  2.67900e+40
  1.68000e-02  8.34874e-06  3.26750e+40
  1.68000e-02  9.18361e-06  3.91433e+40
  1.68000e-02  1.00185e-05  4.61949e+40
  1.68000e-02  1.08534e-05  5.38297e+40
  1.68000e-02  1.16882e-05  6.20477e+40
  1.68000e-02  1.25231e-05  7.08490e+40
  1.68000e-02  1.33580e-05  8.02335e+40
  1.68000e-02  1.41929e-05  9.02013e+40
  1.68000e-02  1.50277e-05  1.00752e+41
  1.68000e-02  1.58626e-05  1.11887e+41
  1.68000e-02  1.66975e-05  1.23604e+41
  1.68000e-02  1.75323e-05  1.35905e+41
  1.68000e-02  1.83672e-05  1.48789e+41
  1.68000e-02  1.92021e-05  1.62256e+41
  1.68000e-02  2.00370e-05  1.76307e+41
  1.68000e-02  2.08718e-05  1.90941e+41

  1.80000e-02  0.00000e+00  1.00014e+38
  1.80000e-02  8.34874e-07  8.35785e+38
  1.80000e-02  1.66975e-06  2.19647e+39
  1.80000e-02  2.50462e-06  4.18206e+39
  1.80000e-02  3.33949e-06  6.79256e+39
  1.80000e-02  4.17437e-06  1.00280e+40
  1.80000e-02  5.00924e-06  1.38883e+40
  1.80000e-02  5.84412e-06  1.83735e+40
  1.80000e-02  6.67899e-06  2.34837e+40
  1.80000e-02  7.51386e-06  2.92187e+40
  1.80000e-02  8.34874e-06  3.55787e+40
  1.80000e-02  9.18361e-06  4.25636e+40
  1.80000e-02  1.00185e-05  5.01734e+40
  1.80000e-02  1.08534e-05  5.84081e+40
  1.80000e-02  1.16882e-05  6.72677e+40
  1.80000e-02  1.25231e-05  7.67522e+40
  1.80000e-02  1.33580e-05  8.68616e+40
  1.80000e-02  1.41929e-05  9.75960e+40
  1.80000e-02  1.50277e-05  1.08955e+41
  1.80000e-02  1.58626e-05  1.20939e+41
  1.80000e-02  1.66975e-05  1.33548e+41
  1.80000e-02  1.75323e-05  1.46782e+41
  1.80000e-02  1.83672e-05  1.60641e+41
  1.80000e-02  1.92021e-05  1.75125e+41
  1.80000e-02  2.00370e-05  1.90234e+41
  1.80000e-02  2.08718e-05  2.05967e+41

  1.92000e-02  0.00000e+00  1.38105e+38
  1.92000e-02  8.34874e-07  9.85138e+38
  1.92000e-02  1.66975e-06  2.49874e+39
  1.92000e-02  2.50462e-06  4.67892e+39
  1.92000e-02  3.33949e-06  7.52567e+39
  1.92000e-02  4.17437e-06  1.10390e+40
  1.92000e-02  5.00924e-06  1.52189e+40
  1.92000e-02  5.84412e-06  2.00653e+40
  1.92000e-02  6.67899e-06  2.55784e+40
  1.92000e-02  7.51386e-06  3.17580e+40
  1.92000e-02  8.34874e-06  3.86042e+40
  1.92000e-02  9.18361e-06  4.61169e+40
  1.92000e-02  1.00185e-05  5.42962e+40
  1.92000e-02  1.08534e-05  6.31421e+40
  1.92000e-02  1.16882e-05  7.26546e+40
  1.92000e-02  1.25231e-05  8.28336e+40
  1.92000e-02  1.33580e-05  9.36793e+40
  1.92000e-02  1.41929e-05  1.05191e+41
  1.92000e-02  1.50277e-05  1.17370e+41
  1.92000e-02  1.58626e-05  1.30216e+41
  1.92000e-02  1.66975e-05  1.43727e+41
  1.92000e-02  1.75323e-05  1.57906e+41
  1.92000e-02  1.83672e-05  1.72751e+41
  1.92000e-02  1.92021e-05  1.88263e+41
  1.92000e-02  2.00370e-05  2.04441e+41
  1.92000e-02  2.08718e-05  2.21285e+41

  2.04000e-02  0.00000e+00  1.87008e+38
  2.04000e-02  8.34874e-07  1.15734e+39
  2.04000e-02  1.66975e-06  2.83591e+39
  2.04000e-02  2.50462e-06  5.22271e+39
  2.04000e-02  3.33949e-06  8.31775e+39
  2.04000e-02  4.17437e-06  1.21210e+40
  2.04000e-02  5.00924e-06  1.66325e+40
  2.04000e-02  5.84412e-06  2.18522e+40
  2.04000e-02  6.67899e-06  2.77802e+40
  2.04000e-02  7.51386e-06  3.44164e+40
  2.04000e-02  8.34874e-06  4.17608e+40
  2.04000e-02  9.18361e-06  4.98135e+40
  2.04000e-02  1.00185e-05  5.85744e+40
  2.04000e-02  1.08534e-05  6.80435e+40
  2.04000e-02  1.16882e-05  7.82209e+40
  2.04000e-02  1.25231e-05  8.91065e+40
  2.04000e-02  1.33580e-05  1.00700e+41
  2.04000e-02  1.41929e-05  1.13002e+41
  2.04000e-02  1.50277e-05  1.26013e+41
  2.04000e-02  1.58626e-05  1.39731e+41
  2.04000e-02  1.66975e-05  1.54158e+41
  2.04000e-02  1.75323e-05  1.69293e+41
  2.04000e-02  1.83672e-05  1.85136e+41
  2.04000e-02  1.92021e-05  2.01688e+41
  2.04000e-02  2.00370e-05  2.18947e+41
  2.04000e-02  2.08718e-05  2.36915e+41

  2.16000e-02  0.00000e+00  2.48875e+38
  2.16000e-02  8.34874e-07  1.35531e+39
  2.16000e-02  1.66975e-06  3.21163e+39
  2.16000e-02  2.50462e-06  5.81785e+39
  2.16000e-02  3.33949e-06  9.17396e+39
  2.16000e-02  4.17437e-06  1.32800e+40
  2.16000e-02  5.00924e-06  1.81359e+40
  2.16000e-02  5.84412e-06  2.37417e+40
  2.16000e-02  6.67899e-06  3.00974e+40
  2.16000e-02  7.51386e-06  3.72029e+40
  2.16000e-02  8.34874e-06  4.50584e+40
  2.16000e-02  9.18361e-06  5.36638e+40
  2.16000e-02  1.00185e-05  6.30191e+40
  2.16000e-02  1.08534e-05  7.31242e+40
  2.16000e-02  1.16882e-05  8.39793e+40
  2.16000e-02  1.25231e-05  9.55842e+40
  2.16000e-02  1.33580e-05  1.07939e+41
  2.16000e-02  1.41929e-05  1.21044e+41
  2.16000e-02  1.50277e-05  1.34898e+41
  2.16000e-02  1.58626e-05  1.49503e+41
  2.16000e-02  1.66975e-05  1.64857e+41
  2.16000e-02  1.75323e-05  1.80962e+41
  2.16000e-02  1.83672e-05  1.97816e+41
  2.16000e-02  1.92021e-05  2.15420e+41
  2.16000e-02  2.00370e-05  2.33774e+41
  2.16000e-02  2.08718e-05  2.52878e+41

  2.28000e-02  0.00000e+00  3.26130e+38
  2.28000e-02  8.34874e-07  1.58220e+39
  2.28000e-02  1.66975e-06  3.62983e+39
  2.28000e-02  2.50462e-06  6.46901e+39
  2.28000e-02  3.33949e-06  1.00997e+40
  2.28000e-02  4.17437e-06  1.45220e+40
  2.28000e-02  5.00924e-06  1.97359e+40
  2.28000e-02  5.84412e-06  2.57413e+40
  2.28000e-02  6.67899e-06  3.25383e+40
  2.28000e-02  7.51386e-06  4.01268e+40
  2.28000e-02  8.34874e-06  4.85068e+40
  2.28000e-02  9.18361e-06  5.76785e+40
  2.28000e-02  1.00185e-05  6.76416e+40
  2.28000e-02  1.08534e-05  7.83964e+40
  2.28000e-02  1.16882e-05  8.99427e+40
  2.28000e-02  1.25231e-05  1.02281e+41
  2.28000e-02  1.33580e-05  1.15410e+41
  2.28000e-02  1.41929e-05  1.29331e+41
  2.28000e-02  1.50277e-05  1.44043e+41
  2.28000e-02  1.58626e-05  1.59547e+41
  2.28000e-02  1.66975e-05  1.75843e+41
  2.28000e-02  1.75323e-05  1.92930e+41
  2.28000e-02  1.83672e-05  2.10809e+41
  2.28000e-02  1.92021e-05  2.29479e+41
  2.28000e-02  2.00370e-05  2.48941e+41
  2.28000e-02  2.08718e-05  2.69195e+41

  2.40000e-02  0.00000e+00  4.21480e+38
  2.40000e-02  8.34874e-07  1.84149e+39
  2.40000e-02  1.66975e-06  4.09472e+39
  2.40000e-02  2.50462e-06  7.18116e+39
  2.40000e-02  3.33949e-06  1.11008e+40
  2.40000e-02  4.17437e-06  1.58537e+40
  2.40000e-02  5.00924e-06  2.14398e+40
  2.40000e-02  5.84412e-06  2.78591e+40
  2.40000e-02  6.67899e-06  3.51116e+40
  2.40000e-02  7.51386e-06  4.31974e+40
  2.40000e-02  8.34874e-06  5.21163e+40
  2.40000e-02  9.18361e-06  6.18685e+40
  2.40000e-02  1.00185e-05  7.24539e+40
  2.40000e-02  1.08534e-05  8.38725e+40
  2.40000e-02  1.16882e-05  9.61243e+40
  2.40000e-02  1.25231e-05  1.09209e+41
  2.40000e-02  1.33580e-05  1.23128e+41
  2.40000e-02  1.41929e-05  1.37879e+41
  2.40000e-02  1.50277e-05  1.53464e+41
  2.40000e-02  1.58626e-05  1.69882e+41
  2.40000e-02  1.66975e-05  1.87133e+41
  2.40000e-02  1.75323e-05  2.05217e+41
  2.40000e-02  1.83672e-05  2.24135e+41
  2.40000e-02  1.92021e-05  2.43886e+41
  2.40000e-02  2.00370e-05  2.64470e+41
  2.40000e-02  2.08718e-05  2.85887e+41

  2.52000e-02  0.00000e+00  5.37931e+38
  2.52000e-02  8.34874e-07  2.13693e+39
  2.52000e-02  1.66975e-06  4.61081e+39
  2.52000e-02  2.50462e-06  7.95956e+39
  2.52000e-02  3.33949e-06  1.21832e+40
  2.52000e-02  4.17437e-06  1.72817e+40
  2.52000e-02  5.00924e-06  2.32551e+40
  2.52000e-02  5.84412e-06  3.01034e+40
  2.52000e-02  6.67899e-06  3.78265e+40
  2.52000e-02  7.51386e-06  4.64245e+40
  2.52000e-02  8.34874e-06  5.58974e+40
  2.52000e-02  9.18361e-06  6.62452e+40
  2.52000e-02  1.00185e-05  7.74679e+40
  2.52000e-02  1.08534e-05  8.95654e+40
  2.52000e-02  1.16882e-05  1.02538e+41
  2.52000e-02  1.25231e-05  1.16385e+41
  2.52000e-02  1.33580e-05  1.31107e+41
  2.52000e-02  1.41929e-05  1.46704e+41
  2.52000e-02  1.50277e-05  1.63176e+41
  2.52000e-02  1.58626e-05  1.80523e+41
  2.52000e-02  1.66975e-05  1.98745e+41
  2.52000e-02  1.75323e-05  2.17841e+41
  2.52000e-02  1.83672e-05  2.37813e+41
  2.52000e-02  1.92021e-05  2.58659e+41
  2.52000e-02  2.00370e-05  2.80380e+41
  2.52000e-02  2.08718e-05  3.02976e+41

  2.64000e-02  0.00000e+00  6.78807e+38
  2.64000e-02  8.34874e-07  2.47260e+39
  2.64000e-02  1.66975e-06  5.18293e+39
  2.64000e-02  2.50462e-06  8.80980e+39
  2.64000e-02  3.33949e-06  1.33532e+40
  2.64000e-02  4.17437e-06  1.88132e+40
  2.64000e-02  5.00924e-06  2.51896e+40
  2.64000e-02  5.84412e-06  3.24827e+40
  2.64000e-02  6.67899e-06  4.06922e+40
  2.64000e-02  7.51386e-06  4.98183e+40
  2.64000e-02  8.34874e-06  5.98610e+40
  2.64000e-02  9.18361e-06  7.08202e+40
  2.64000e-02  1.00185e-05  8.26959e+40
  2.64000e-02  1.08534e-05  9.54882e+40
  2.64000e-02  1.16882e-05  1.09197e+41
  2.64000e-02  1.25231e-05  1.23822e+41
  2.64000e-02  1.33580e-05  1.39364e+41
  2.64000e-02  1.41929e-05  1.55823e+41
  2.64000e-02  1.50277e-05  1.73198e+41
  2.64000e-02  1.58626e-05  1.91489e+41
  2.64000e-02  1.66975e-05  2.10697e+41
  2.64000e-02  1.75323e-05  2.30822e+41
  2.64000e-02  1.83672e-05  2.51863e+41
  2.64000e-02  1.92021e-05  2.73820e+41
  2.64000e-02  2.00370e-05  2.96695e+41
  2.64000e-02  2.08718e-05  3.20485e+41

  2.76000e-02  0.00000e+00  8.47763e+38
  2.76000e-02  8.34874e-07  2.85290e+39
  2.76000e-02  1.66975e-06  5.81624e+39
  2.76000e-02  2.50462e-06  9.73778e+39
  2.76000e-02  3.33949e-06  1.46175e+40
  2.76000e-02  4.17437e-06  2.04555e+40
  2.76000e-02  5.00924e-06  2.72516e+40
  2.76000e-02  5.84412e-06  3.50060e+40
  2.76000e-02  6.67899e-06  4.37185e+40
  2.76000e-02  7.51386e-06  5.33892e+40
  2.76000e-02  8.34874e-06  6.40182e+40
  2.76000e-02  9.18361e-06  7.56053e+40
  2.76000e-02  1.00185e-05  8.81507e+40
  2.76000e-02  1.08534e-05  1.01654e+41
  2.76000e-02  1.16882e-05  1.16116e+41
  2.76000e-02  1.25231e-05  1.31536e+41
  2.76000e-02  1.33580e-05  1.47914e+41
  2.76000e-02  1.41929e-05  1.65250e+41
  2.76000e-02  1.50277e-05  1.83545e+41
  2.76000e-02  1.58626e-05  2.02798e+41
  2.76000e-02  1.66975e-05  2.23009e+41
  2.76000e-02  1.75323e-05  2.44178e+41
  2.76000e-02  1.83672e-05  2.66305e+41
  2.76000e-02  1.92021e-05  2.89391e+41
  2.76000e-02  2.00370e-05  3.13434e+41
  2.76000e-02  2.08718e-05  3.38436e+41

  2.88000e-02  0.00000e+00  1.04880e+39
  2.88000e-02  8.34874e-07  3.28260e+39
  2.88000e-02  1.66975e-06  6.51626e+39
  2.88000e-02  2.50462e-06  1.07498e+40
  2.88000e-02  3.33949e-06  1.59832e+40
  2.88000e-02  4.17437e-06  2.22164e+40
  2.88000e-02  5.00924e-06  2.94495e+40
  2.88000e-02  5.84412e-06  3.76825e+40
  2.88000e-02  6.67899e-06  4.69153e+40
  2.88000e-02  7.51386e-06  5.71480e+40
  2.88000e-02  8.34874e-06  6.83805e+40
  2.88000e-02  9.18361e-06  8.06130e+40
  2.88000e-02  1.00185e-05  9.38452e+40
  2.88000e-02  1.08534e-05  1.08077e+41
  2.88000e-02  1.16882e-05  1.23309e+41
  2.88000e-02  1.25231e-05  1.39541e+41
  2.88000e-02  1.33580e-05  1.56773e+41
  2.88000e-02  1.41929e-05  1.75005e+41
  2.88000e-02  1.50277e-05  1.94236e+41
  2.88000e-02  1.58626e-05  2.14467e+41
  2.88000e-02  1.66975e-05  2.35698e+41
  2.88000e-02  1.75323e-05  2.57929e+41
  2.88000e-02  1.83672e-05  2.81160e+41
  2.88000e-02  1.92021e-05  3.05391e+41
  2.88000e-02  2.00370e-05  3.30622e+41
  2.88000e-02  2.08718e-05  3.56852e+41

  3.00000e-02  0.00000e+00  1.28629e+39
  3.00000e-02  8.34874e-07  3.76681e+39
  3.00000e-02  1.66975e-06  7.28884e+39
  3.00000e-02  2.50462e-06  1.18524e+40
  3.00000e-02  3.33949e-06  1.74575e+40
  3.00000e-02  4.17437e-06  2.41041e+40
  3.00000e-02  5.00924e-06  3.17922e+40
  3.00000e-02  5.84412e-06  4.05219e+40
  3.00000e-02  6.67899e-06  5.02930e+40
  3.00000e-02  7.51386e-06  6.11057e+40
  3.00000e-02  8.34874e-06  7.29600e+40
  3.00000e-02  9.18361e-06  8.58557e+40
  3.00000e-02  1.00185e-05  9.97930e+40
  3.00000e-02  1.08534e-05  1.14772e+41
  3.00000e-02  1.16882e-05  1.30792e+41
  3.00000e-02  1.25231e-05  1.47854e+41
  3.00000e-02  1.33580e-05  1.65957e+41
  3.00000e-02  1.41929e-05  1.85102e+41
  3.00000e-02  1.50277e-05  2.05289e+41
  3.00000e-02  1.58626e-05  2.26516e+41
  3.00000e-02  1.66975e-05  2.48786e+41
  3.00000e-02  1.75323e-05  2.72097e+41
  3.00000e-02  1.83672e-05  2.96449e+41
  3.00000e-02  1.92021e-05  3.21843e+41
  3.00000e-02  2.00370e-05  3.48279e+41
  3.00000e-02  2.08718e-05  3.75756e+41

