  0.00000e+00  0.00000e+00  0.00000e+00  0.00000e+00
  0.00000e+00  6.48563e-01  6.39636e+12 -2.27330e+12
  0.00000e+00  1.29713e+00  1.80917e+13 -6.42987e+12
  0.00000e+00  1.94569e+00  3.32366e+13 -1.18124e+13
  0.00000e+00  2.59425e+00  5.11711e+13 -1.81864e+13
  0.00000e+00  3.24282e+00  7.15138e+13 -2.54163e+13
  0.00000e+00  3.89138e+00  9.40073e+13 -3.34106e+13
  0.00000e+00  4.53994e+00  1.18463e+14 -4.21022e+13
  0.00000e+00  5.18850e+00  1.44734e+14 -5.14390e+13
  0.00000e+00  5.83707e+00  1.72703e+14 -6.13792e+13
  0.00000e+00  6.48563e+00  2.02272e+14 -7.18882e+13
  0.00000e+00  7.13419e+00  2.33359e+14 -8.29367e+13
  0.00000e+00  7.78276e+00  2.65893e+14 -9.44995e+13
  0.00000e+00  8.43132e+00  2.99813e+14 -1.06555e+14
  0.00000e+00  9.07988e+00  3.35064e+14 -1.19083e+14
  0.00000e+00  9.72845e+00  3.71597e+14 -1.32067e+14
  0.00000e+00  1.03770e+01  4.09369e+14 -1.45492e+14
  0.00000e+00  1.10256e+01  4.48341e+14 -1.59342e+14
  0.00000e+00  1.16741e+01  4.88477e+14 -1.73607e+14
  0.00000e+00  1.23227e+01  5.29744e+14 -1.88273e+14
  0.00000e+00  1.29713e+01  5.72111e+14 -2.03331e+14
  0.00000e+00  1.36198e+01  6.15552e+14 -2.18769e+14
  0.00000e+00  1.42684e+01  6.60039e+14 -2.34580e+14
  0.00000e+00  1.49170e+01  7.05549e+14 -2.50755e+14
  0.00000e+00  1.55655e+01  7.52060e+14 -2.67285e+14
  0.00000e+00  1.62141e+01  7.99550e+14 -2.84163e+14

  1.11540e+00  0.00000e+00 -7.94060e+11  5.34582e+12
  1.11540e+00  6.48563e-01 -6.32887e+12 -3.44667e+12
  1.11540e+00  1.29713e+00 -1.37283e+13  4.43776e+12
  1.11540e+00  1.94569e+00 -1.88568e+13  1.41498e+13
  1.11540e+00  2.59425e+00 -2.18058e+13  2.44511e+13
  1.11540e+00  3.24282e+00 -2.27364e+13  3.49066e+13
  1.11540e+00  3.89138e+00 -2.17932e+13  4.53152e+13
  1.11540e+00  4.53994e+00 -1.90978e+13  5.55703e+13
  1.11540e+00  5.18850e+00 -1.47531e+13  6.56105e+13
  1.11540e+00  5.83707e+00 -8.84637e+12  7.53992e+13
  1.11540e+00  6.48563e+00 -1.45298e+12  8.49136e+13
  1.11540e+00  7.13419e+00  7.36143e+12  9.41398e+13
  1.11540e+00  7.78276e+00  1.75390e+13  1.03069e+14
  1.11540e+00  8.43132e+00  2.90283e+13  1.11697e+14
  1.11540e+00  9.07988e+00  4.17834e+13  1.20022e+14
  1.11540e+00  9.72845e+00  5.57625e+13  1.28042e+14
  1.11540e+00  1.03770e+01  7.09279e+13  1.35758e+14
  1.11540e+00  1.10256e+01  8.72451e+13  1.43172e+14
  1.11540e+00  1.16741e+01  1.04682e+14  1.50285e+14
  1.11540e+00  1.23227e+01  1.23211e+14  1.57100e+14
  1.11540e+00  1.29713e+01  1.42803e+14  1.63620e+14
  1.11540e+00  1.36198e+01  1.63433e+14  1.69847e+14
  1.11540e+00  1.42684e+01  1.85079e+14  1.75784e+14
  1.11540e+00  1.49170e+01  2.07718e+14  1.81434e+14
  1.11540e+00  1.55655e+01  2.31330e+14  1.86801e+14
  1.11540e+00  1.62141e+01  2.55895e+14  1.91887e+14

  2.23081e+00  0.00000e+00 -2.24593e+12  1.51202e+13
  2.23081e+00  6.48563e-01 -5.55923e+12 -1.49327e+13
  2.23081e+00  1.29713e+00 -1.79008e+13 -9.74861e+12
  2.23081e+00  1.94569e+00 -2.91499e+13  3.16739e+11
  2.23081e+00  2.59425e+00 -3.88296e+13  1.25520e+13
  2.23081e+00  3.24282e+00 -4.68809e+13  2.59516e+13
  2.23081e+00  3.89138e+00 -5.33352e+13  4.00218e+13
  2.23081e+00  4.53994e+00 -5.82473e+13  5.44822e+13
  2.23081e+00  5.18850e+00 -6.16761e+13  6.91582e+13
  2.23081e+00  5.83707e+00 -6.36787e+13  8.39345e+13
  2.23081e+00  6.48563e+00 -6.43083e+13  9.87309e+13
  2.23081e+00  7.13419e+00 -6.36139e+13  1.13490e+14
  2.23081e+00  7.78276e+00 -6.16403e+13  1.28171e+14
  2.23081e+00  8.43132e+00 -5.84287e+13  1.42741e+14
  2.23081e+00  9.07988e+00 -5.40167e+13  1.57177e+14
  2.23081e+00  9.72845e+00 -4.84391e+13  1.71459e+14
  2.23081e+00  1.03770e+01 -4.17279e+13  1.85575e+14
  2.23081e+00  1.10256e+01 -3.39128e+13  1.99512e+14
  2.23081e+00  1.16741e+01 -2.50212e+13  2.13261e+14
  2.23081e+00  1.23227e+01 -1.50788e+13  2.26817e+14
  2.23081e+00  1.29713e+01 -4.10947e+12  2.40172e+14
  2.23081e+00  1.36198e+01  7.86428e+12  2.53324e+14
  2.23081e+00  1.42684e+01  2.08215e+13  2.66268e+14
  2.23081e+00  1.49170e+01  3.47423e+13  2.79002e+14
  2.23081e+00  1.55655e+01  4.96080e+13  2.91524e+14
  2.23081e+00  1.62141e+01  6.54011e+13  3.03833e+14

  3.34621e+00  0.00000e+00 -4.12602e+12  2.77775e+13
  3.34621e+00  6.48563e-01 -2.88935e+12 -2.59611e+13
  3.34621e+00  1.29713e+00 -1.78445e+13 -2.59026e+13
  3.34621e+00  1.94569e+00 -3.28859e+13 -1.79093e+13
  3.34621e+00  2.59425e+00 -4.69678e+13 -6.16541e+12
  3.34621e+00  3.24282e+00 -5.98112e+13  7.75297e+12
  3.34621e+00  3.89138e+00 -7.13346e+13  2.30595e+13
  3.34621e+00  4.53994e+00 -8.15256e+13  3.92999e+13
  3.34621e+00  5.18850e+00 -9.03995e+13  5.61864e+13
  3.34621e+00  5.83707e+00 -9.79830e+13  7.35249e+13
  3.34621e+00  6.48563e+00 -1.04307e+14  9.11781e+13
  3.34621e+00  7.13419e+00 -1.09404e+14  1.09046e+14
  3.34621e+00  7.78276e+00 -1.13306e+14  1.27052e+14
  3.34621e+00  8.43132e+00 -1.16044e+14  1.45139e+14
  3.34621e+00  9.07988e+00 -1.17646e+14  1.63260e+14
  3.34621e+00  9.72845e+00 -1.18142e+14  1.81380e+14
  3.34621e+00  1.03770e+01 -1.17556e+14  1.99470e+14
  3.34621e+00  1.10256e+01 -1.15915e+14  2.17505e+14
  3.34621e+00  1.16741e+01 -1.13240e+14  2.35465e+14
  3.34621e+00  1.23227e+01 -1.09555e+14  2.53335e+14
  3.34621e+00  1.29713e+01 -1.04880e+14  2.71102e+14
  3.34621e+00  1.36198e+01 -9.92350e+13  2.88752e+14
  3.34621e+00  1.42684e+01 -9.26381e+13  3.06278e+14
  3.34621e+00  1.49170e+01 -8.51072e+13  3.23670e+14
  3.34621e+00  1.55655e+01 -7.66590e+13  3.40923e+14
  3.34621e+00  1.62141e+01 -6.73096e+13  3.58030e+14

  4.46161e+00  0.00000e+00 -6.35242e+12  4.27662e+13
  4.46161e+00  6.48563e-01  6.39530e+11 -3.59136e+13
  4.46161e+00  1.29713e+00 -1.57239e+13 -4.22361e+13
  4.46161e+00  1.94569e+00 -3.33522e+13 -3.75702e+13
  4.46161e+00  2.59425e+00 -5.06311e+13 -2.75731e+13
  4.46161e+00  3.24282e+00 -6.70614e+13 -1.43914e+13
  4.46161e+00  3.89138e+00 -8.24485e+13  8.96029e+11
  4.46161e+00  4.53994e+00 -9.67132e+13  1.76610e+13
  4.46161e+00  5.18850e+00 -1.09827e+14  3.55025e+13
  4.46161e+00  5.83707e+00 -1.21786e+14  5.41478e+13
  4.46161e+00  6.48563e+00 -1.32599e+14  7.34024e+13
  4.46161e+00  7.13419e+00 -1.42283e+14  9.31225e+13
  4.46161e+00  7.78276e+00 -1.50855e+14  1.13199e+14
  4.46161e+00  8.43132e+00 -1.58336e+14  1.33547e+14
  4.46161e+00  9.07988e+00 -1.64748e+14  1.54099e+14
  4.46161e+00  9.72845e+00 -1.70111e+14  1.74801e+14
  4.46161e+00  1.03770e+01 -1.74446e+14  1.95609e+14
  4.46161e+00  1.10256e+01 -1.77773e+14  2.16487e+14
  4.46161e+00  1.16741e+01 -1.80110e+14  2.37403e+14
  4.46161e+00  1.23227e+01 -1.81477e+14  2.58332e+14
  4.46161e+00  1.29713e+01 -1.81891e+14  2.79254e+14
  4.46161e+00  1.36198e+01 -1.81369e+14  3.00148e+14
  4.46161e+00  1.42684e+01 -1.79927e+14  3.21000e+14
  4.46161e+00  1.49170e+01 -1.77581e+14  3.41795e+14
  4.46161e+00  1.55655e+01 -1.74345e+14  3.62523e+14
  4.46161e+00  1.62141e+01 -1.70234e+14  3.83172e+14

  5.57702e+00  0.00000e+00 -8.87777e+12  5.97676e+13
  5.57702e+00  6.48563e-01  4.63971e+12 -4.46557e+13
  5.57702e+00  1.29713e+00 -1.23618e+13 -5.81615e+13
  5.57702e+00  1.94569e+00 -3.18067e+13 -5.76254e+13
  5.57702e+00  2.59425e+00 -5.15123e+13 -5.01773e+13
  5.57702e+00  3.24282e+00 -7.07591e+13 -3.85346e+13
  5.57702e+00  3.89138e+00 -8.92398e+13 -2.40686e+13
  5.57702e+00  4.53994e+00 -1.06808e+14 -7.58132e+12
  5.57702e+00  5.18850e+00 -1.23391e+14  1.04129e+13
  5.57702e+00  5.83707e+00 -1.38955e+14  2.95628e+13
  5.57702e+00  6.48563e+00 -1.53488e+14  4.96164e+13
  5.57702e+00  7.13419e+00 -1.66987e+14  7.03868e+13
  5.57702e+00  7.78276e+00 -1.79459e+14  9.17313e+13
  5.57702e+00  8.43132e+00 -1.90914e+14  1.13538e+14
  5.57702e+00  9.07988e+00 -2.01365e+14  1.35719e+14
  5.57702e+00  9.72845e+00 -2.10826e+14  1.58201e+14
  5.57702e+00  1.03770e+01 -2.19311e+14  1.80925e+14
  5.57702e+00  1.10256e+01 -2.26836e+14  2.03842e+14
  5.57702e+00  1.16741e+01 -2.33415e+14  2.26912e+14
  5.57702e+00  1.23227e+01 -2.39064e+14  2.50098e+14
  5.57702e+00  1.29713e+01 -2.43796e+14  2.73372e+14
  5.57702e+00  1.36198e+01 -2.47627e+14  2.96708e+14
  5.57702e+00  1.42684e+01 -2.50570e+14  3.20084e+14
  5.57702e+00  1.49170e+01 -2.52638e+14  3.43480e+14
  5.57702e+00  1.55655e+01 -2.53844e+14  3.66880e+14
  5.57702e+00  1.62141e+01 -2.54201e+14  3.90269e+14

  6.69242e+00  0.00000e+00 -1.16701e+13  7.85665e+13
  6.69242e+00  6.48563e-01  8.92002e+12 -5.21701e+13
  6.69242e+00  1.29713e+00 -8.17239e+12 -7.34292e+13
  6.69242e+00  1.94569e+00 -2.88867e+13 -7.75926e+13
  6.69242e+00  2.59425e+00 -5.04720e+13 -7.32636e+13
  6.69242e+00  3.24282e+00 -7.19883e+13 -6.37296e+13
  6.69242e+00  3.89138e+00 -9.30153e+13 -5.06550e+13
  6.69242e+00  4.53994e+00 -1.13340e+14 -3.50153e+13
  6.69242e+00  5.18850e+00 -1.32845e+14 -1.74382e+13
  6.69242e+00  5.83707e+00 -1.51468e+14  1.64624e+12
  6.69242e+00  6.48563e+00 -1.69172e+14  2.19290e+13
  6.69242e+00  7.13419e+00 -1.85940e+14  4.31798e+13
  6.69242e+00  7.78276e+00 -2.01765e+14  6.52225e+13
  6.69242e+00  8.43132e+00 -2.16647e+14  8.79185e+13
  6.69242e+00  9.07988e+00 -2.30589e+14  1.11157e+14
  6.69242e+00  9.72845e+00 -2.43600e+14  1.34849e+14
  6.69242e+00  1.03770e+01 -2.55689e+14  1.58920e+14
  6.69242e+00  1.10256e+01 -2.66864e+14  1.83307e+14
  6.69242e+00  1.16741e+01 -2.77138e+14  2.07960e+14
  6.69242e+00  1.23227e+01 -2.86521e+14  2.32834e+14
  6.69242e+00  1.29713e+01 -2.95025e+14  2.57891e+14
  6.69242e+00  1.36198e+01 -3.02662e+14  2.83099e+14
  6.69242e+00  1.42684e+01 -3.09442e+14  3.08428e+14
  6.69242e+00  1.49170e+01 -3.15377e+14  3.33855e+14
  6.69242e+00  1.55655e+01 -3.20478e+14  3.59358e+14
  6.69242e+00  1.62141e+01 -3.24756e+14  3.84916e+14

  7.80782e+00  0.00000e+00 -1.47060e+13  9.90051e+13
  7.80782e+00  6.48563e-01  1.33714e+13 -5.84767e+13
  7.80782e+00  1.29713e+00 -3.39735e+12 -8.79208e+13
  7.80782e+00  1.94569e+00 -2.49666e+13 -9.72158e+13
  7.80782e+00  2.59425e+00 -4.80168e+13 -9.64375e+13
  7.80782e+00  3.24282e+00 -7.13880e+13 -8.94442e+13
  7.80782e+00  3.89138e+00 -9.45468e+13 -7.81927e+13
  7.80782e+00  4.53994e+00 -1.17213e+14 -6.38325e+13
  7.80782e+00  5.18850e+00 -1.39226e+14 -4.71044e+13
  7.80782e+00  5.83707e+00 -1.60492e+14 -2.85172e+13
  7.80782e+00  6.48563e+00 -1.80954e+14 -8.43711e+12
  7.80782e+00  7.13419e+00 -2.00576e+14  1.28623e+13
  7.80782e+00  7.78276e+00 -2.19339e+14  3.51712e+13
  7.80782e+00  8.43132e+00 -2.37233e+14  5.83244e+13
  7.80782e+00  9.07988e+00 -2.54253e+14  8.21898e+13
  7.80782e+00  9.72845e+00 -2.70400e+14  1.06659e+14
  7.80782e+00  1.03770e+01 -2.85676e+14  1.31645e+14
  7.80782e+00  1.10256e+01 -3.00088e+14  1.57071e+14
  7.80782e+00  1.16741e+01 -3.13642e+14  1.82875e+14
  7.80782e+00  1.23227e+01 -3.26345e+14  2.09004e+14
  7.80782e+00  1.29713e+01 -3.38206e+14  2.35413e+14
  7.80782e+00  1.36198e+01 -3.49234e+14  2.62060e+14
  7.80782e+00  1.42684e+01 -3.59437e+14  2.88912e+14
  7.80782e+00  1.49170e+01 -3.68825e+14  3.15937e+14
  7.80782e+00  1.55655e+01 -3.77406e+14  3.43111e+14
  7.80782e+00  1.62141e+01 -3.85190e+14  3.70408e+14

  8.92323e+00  0.00000e+00 -1.79673e+13  1.20961e+14
  8.92323e+00  6.48563e-01  1.79256e+13 -6.36079e+13
  8.92323e+00  1.29713e+00  1.80878e+12 -1.01579e+14
  8.92323e+00  1.94569e+00 -2.02871e+13 -1.16347e+14
  8.92323e+00  2.59425e+00 -4.44741e+13 -1.19462e+14
  8.92323e+00  3.24282e+00 -6.93719e+13 -1.15351e+14
  8.92323e+00  3.89138e+00 -9.43343e+13 -1.06264e+14
  8.92323e+00  4.53994e+00 -1.19014e+14 -9.35256e+13
  8.92323e+00  5.18850e+00 -1.43207e+14 -7.79883e+13
  8.92323e+00  5.83707e+00 -1.66788e+14 -6.02402e+13
  8.92323e+00  6.48563e+00 -1.89678e+14 -4.07047e+13
  8.92323e+00  7.13419e+00 -2.11827e+14 -1.96986e+13
  8.92323e+00  7.78276e+00 -2.33200e+14  2.53466e+12
  8.92323e+00  8.43132e+00 -2.53777e+14  2.58032e+13
  8.92323e+00  9.07988e+00 -2.73546e+14  4.99532e+13
  8.92323e+00  9.72845e+00 -2.92501e+14  7.48590e+13
  8.92323e+00  1.03770e+01 -3.10637e+14  1.00417e+14
  8.92323e+00  1.10256e+01 -3.27957e+14  1.26539e+14
  8.92323e+00  1.16741e+01 -3.44463e+14  1.53154e+14
  8.92323e+00  1.23227e+01 -3.60158e+14  1.80196e+14
  8.92323e+00  1.29713e+01 -3.75047e+14  2.07614e+14
  8.92323e+00  1.36198e+01 -3.89138e+14  2.35359e+14
  8.92323e+00  1.42684e+01 -4.02436e+14  2.63391e+14
  8.92323e+00  1.49170e+01 -4.14948e+14  2.91674e+14
  8.92323e+00  1.55655e+01 -4.26682e+14  3.20176e+14
  8.92323e+00  1.62141e+01 -4.37644e+14  3.48869e+14

  1.00386e+01  0.00000e+00 -2.14393e+13  1.44336e+14
  1.00386e+01  6.48563e-01  2.25373e+13 -6.75996e+13
  1.00386e+01  1.29713e+00  7.34064e+12 -1.14377e+14
  1.00386e+01  1.94569e+00 -1.50137e+13 -1.34898e+14
  1.00386e+01  2.59425e+00 -4.00691e+13 -1.42185e+14
  1.00386e+01  3.24282e+00 -6.62253e+13 -1.41236e+14
  1.00386e+01  3.89138e+00 -9.27230e+13 -1.34594e+14
  1.00386e+01  4.53994e+00 -1.19148e+14 -1.23756e+14
  1.00386e+01  5.18850e+00 -1.45252e+14 -1.09689e+14
  1.00386e+01  5.83707e+00 -1.70880e+14 -9.30590e+13
  1.00386e+01  6.48563e+00 -1.95931e+14 -7.43475e+13
  1.00386e+01  7.13419e+00 -2.20337e+14 -5.39141e+13
  1.00386e+01  7.78276e+00 -2.44052e+14 -3.20359e+13
  1.00386e+01  8.43132e+00 -2.67045e+14 -8.93136e+12
  1.00386e+01  9.07988e+00 -2.89295e+14  1.52238e+13
  1.00386e+01  9.72845e+00 -3.10789e+14  4.02863e+13
  1.00386e+01  1.03770e+01 -3.31517e+14  6.61373e+13
  1.00386e+01  1.10256e+01 -3.51477e+14  9.26771e+13
  1.00386e+01  1.16741e+01 -3.70666e+14  1.19822e+14
  1.00386e+01  1.23227e+01 -3.89084e+14  1.47498e+14
  1.00386e+01  1.29713e+01 -4.06735e+14  1.75646e+14
  1.00386e+01  1.36198e+01 -4.23620e+14  2.04209e+14
  1.00386e+01  1.42684e+01 -4.39744e+14  2.33142e+14
  1.00386e+01  1.49170e+01 -4.55112e+14  2.62402e+14
  1.00386e+01  1.55655e+01 -4.69730e+14  2.91954e+14
  1.00386e+01  1.62141e+01 -4.83602e+14  3.21764e+14

  1.11540e+01  0.00000e+00 -2.51100e+13  1.69048e+14
  1.11540e+01  6.48563e-01  2.71749e+13 -7.04877e+13
  1.11540e+01  1.29713e+00  1.31230e+13 -1.26305e+14
  1.11540e+01  1.94569e+00 -9.26519e+12 -1.52813e+14
  1.11540e+01  2.59425e+00 -3.49646e+13 -1.64506e+14
  1.11540e+01  3.24282e+00 -6.21545e+13 -1.66953e+14
  1.11540e+01  3.89138e+00 -8.99630e+13 -1.62989e+14
  1.11540e+01  4.53994e+00 -1.17908e+14 -1.54286e+14
  1.11540e+01  5.18850e+00 -1.45699e+14 -1.41923e+14
  1.11540e+01  5.83707e+00 -1.73150e+14 -1.26646e+14
  1.11540e+01  6.48563e+00 -2.00137e+14 -1.08992e+14
  1.11540e+01  7.13419e+00 -2.26576e+14 -8.93651e+13
  1.11540e+01  7.78276e+00 -2.52409e+14 -6.80759e+13
  1.11540e+01  8.43132e+00 -2.77592e+14 -4.53694e+13
  1.11540e+01  9.07988e+00 -3.02098e+14 -2.14428e+13
  1.11540e+01  9.72845e+00 -3.25907e+14  3.54241e+12
  1.11540e+01  1.03770e+01 -3.49003e+14  2.94527e+13
  1.11540e+01  1.10256e+01 -3.71378e+14  5.61758e+13
  1.11540e+01  1.16741e+01 -3.93025e+14  8.36166e+13
  1.11540e+01  1.23227e+01 -4.13943e+14  1.11694e+14
  1.11540e+01  1.29713e+01 -4.34129e+14  1.40337e+14
  1.11540e+01  1.36198e+01 -4.53584e+14  1.69485e+14
  1.11540e+01  1.42684e+01 -4.72311e+14  1.99084e+14
  1.11540e+01  1.49170e+01 -4.90310e+14  2.29089e+14
  1.11540e+01  1.55655e+01 -5.07587e+14  2.59456e+14
  1.11540e+01  1.62141e+01 -5.24145e+14  2.90149e+14

  1.22694e+01  0.00000e+00 -2.89692e+13  1.95029e+14
  1.22694e+01  6.48563e-01  3.18157e+13 -7.23067e+13
  1.22694e+01  1.29713e+00  1.91001e+13 -1.37364e+14
  1.22694e+01  1.94569e+00 -3.13032e+12 -1.70058e+14
  1.22694e+01  2.59425e+00 -2.92820e+13 -1.86356e+14
  1.22694e+01  3.24282e+00 -5.73141e+13 -1.92399e+14
  1.22694e+01  3.89138e+00 -8.62417e+13 -1.91313e+14
  1.22694e+01  4.53994e+00 -1.15516e+14 -1.84944e+14
  1.22694e+01  5.18850e+00 -1.44802e+14 -1.74485e+14
  1.22694e+01  5.83707e+00 -1.73884e+14 -1.60760e+14
  1.22694e+01  6.48563e+00 -2.02616e+14 -1.44363e+14
  1.22694e+01  7.13419e+00 -2.30896e+14 -1.25743e+14
  1.22694e+01  7.78276e+00 -2.58654e+14 -1.05242e+14
  1.22694e+01  8.43132e+00 -2.85837e+14 -8.31331e+13
  1.22694e+01  9.07988e+00 -3.12408e+14 -5.96349e+13
  1.22694e+01  9.72845e+00 -3.38339e+14 -3.49264e+13
  1.22694e+01  1.03770e+01 -3.63611e+14 -9.15641e+12
  1.22694e+01  1.10256e+01 -3.88209e+14  1.75503e+13
  1.22694e+01  1.16741e+01 -4.12124e+14  4.50879e+13
  1.22694e+01  1.23227e+01 -4.35349e+14  7.33656e+13
  1.22694e+01  1.29713e+01 -4.57880e+14  1.02305e+14
  1.22694e+01  1.36198e+01 -4.79714e+14  1.31838e+14
  1.22694e+01  1.42684e+01 -5.00850e+14  1.61905e+14
  1.22694e+01  1.49170e+01 -5.21290e+14  1.92453e+14
  1.22694e+01  1.55655e+01 -5.41034e+14  2.23437e+14
  1.22694e+01  1.62141e+01 -5.60085e+14  2.54813e+14

  1.33848e+01  0.00000e+00 -3.30080e+13  2.22219e+14
  1.33848e+01  6.48563e-01  3.64428e+13 -7.30892e+13
  1.33848e+01  1.29713e+00  2.52295e+13 -1.47559e+14
  1.33848e+01  1.94569e+00  3.32287e+12 -1.86612e+14
  1.33848e+01  2.59425e+00 -2.31152e+13 -2.07689e+14
  1.33848e+01  3.24282e+00 -5.18235e+13 -2.17500e+14
  1.33848e+01  3.89138e+00 -8.17042e+13 -2.19465e+14
  1.33848e+01  4.53994e+00 -1.12141e+14 -2.15603e+14
  1.33848e+01  5.18850e+00 -1.42756e+14 -2.07221e+14
  1.33848e+01  5.83707e+00 -1.73303e+14 -1.95220e+14
  1.33848e+01  6.48563e+00 -2.03614e+14 -1.80254e+14
  1.33848e+01  7.13419e+00 -2.33570e+14 -1.62813e+14
  1.33848e+01  7.78276e+00 -2.63087e+14 -1.43274e+14
  1.33848e+01  8.43132e+00 -2.92104e+14 -1.21935e+14
  1.33848e+01  9.07988e+00 -3.20573e+14 -9.90379e+13
  1.33848e+01  9.72845e+00 -3.48461e+14 -7.47791e+13
  1.33848e+01  1.03770e+01 -3.75743e+14 -4.93223e+13
  1.33848e+01  1.10256e+01 -4.02399e+14 -2.28047e+13
  1.33848e+01  1.16741e+01 -4.28415e+14  4.65672e+12
  1.33848e+01  1.23227e+01 -4.53782e+14  3.29621e+13
  1.33848e+01  1.29713e+01 -4.78490e+14  6.20250e+13
  1.33848e+01  1.36198e+01 -5.02537e+14  9.17702e+13
  1.33848e+01  1.42684e+01 -5.25918e+14  1.22132e+14
  1.33848e+01  1.49170e+01 -5.48631e+14  1.53051e+14
  1.33848e+01  1.55655e+01 -5.70677e+14  1.84478e+14
  1.33848e+01  1.62141e+01 -5.92056e+14  2.16365e+14

  1.45002e+01  0.00000e+00 -3.72188e+13  2.50568e+14
  1.45002e+01  6.48563e-01  4.10435e+13 -7.28654e+13
  1.45002e+01  1.29713e+00  3.14782e+13 -1.56900e+14
  1.45002e+01  1.94569e+00  1.00409e+13 -2.02464e+14
  1.45002e+01  2.59425e+00 -1.65378e+13 -2.28471e+14
  1.45002e+01  3.24282e+00 -4.57767e+13 -2.42202e+14
  1.45002e+01  3.89138e+00 -7.64650e+13 -2.47369e+14
  1.45002e+01  4.53994e+00 -1.07919e+14 -2.46166e+14
  1.45002e+01  5.18850e+00 -1.39718e+14 -2.40012e+14
  1.45002e+01  5.83707e+00 -1.71584e+14 -2.29888e+14
  1.45002e+01  6.48563e+00 -2.03328e+14 -2.16504e+14
  1.45002e+01  7.13419e+00 -2.34814e+14 -2.00393e+14
  1.45002e+01  7.78276e+00 -2.65945e+14 -1.81967e+14
  1.45002e+01  8.43132e+00 -2.96649e+14 -1.61551e+14
  1.45002e+01  9.07988e+00 -3.26872e+14 -1.39406e+14
  1.45002e+01  9.72845e+00 -3.56571e+14 -1.15749e+14
  1.45002e+01  1.03770e+01 -3.85717e+14 -9.07570e+13
  1.45002e+01  1.10256e+01 -4.14285e+14 -6.45804e+13
  1.45002e+01  1.16741e+01 -4.42257e+14 -3.73467e+13
  1.45002e+01  1.23227e+01 -4.69619e+14 -9.16526e+12
  1.45002e+01  1.29713e+01 -4.96361e+14  1.98694e+13
  1.45002e+01  1.36198e+01 -5.22474e+14  4.96749e+13
  1.45002e+01  1.42684e+01 -5.47953e+14  8.01792e+13
  1.45002e+01  1.49170e+01 -5.72795e+14  1.11318e+14
  1.45002e+01  1.55655e+01 -5.96998e+14  1.43036e+14
  1.45002e+01  1.62141e+01 -6.20559e+14  1.75282e+14

  1.56156e+01  0.00000e+00 -4.15948e+13  2.80028e+14
  1.56156e+01  6.48563e-01  4.56081e+13 -7.16637e+13
  1.56156e+01  1.29713e+00  3.78199e+13 -1.65397e+14
  1.56156e+01  1.94569e+00  1.69810e+13 -2.17606e+14
  1.56156e+01  2.59425e+00 -9.60932e+12 -2.48678e+14
  1.56156e+01  3.24282e+00 -3.92497e+13 -2.66463e+14
  1.56156e+01  3.89138e+00 -7.06164e+13 -2.74968e+14
  1.56156e+01  4.53994e+00 -1.02959e+14 -2.76557e+14
  1.56156e+01  5.18850e+00 -1.35812e+14 -2.72766e+14
  1.56156e+01  5.83707e+00 -1.68869e+14 -2.64653e+14
  1.56156e+01  6.48563e+00 -2.01916e+14 -2.52986e+14
  1.56156e+01  7.13419e+00 -2.34803e+14 -2.38341e+14
  1.56156e+01  7.78276e+00 -2.67419e+14 -2.21162e+14
  1.56156e+01  8.43132e+00 -2.99682e+14 -2.01802e+14
  1.56156e+01  9.07988e+00 -3.31528e+14 -1.80545e+14
  1.56156e+01  9.72845e+00 -3.62910e+14 -1.57624e+14
  1.56156e+01  1.03770e+01 -3.93791e+14 -1.33231e+14
  1.56156e+01  1.10256e+01 -4.24142e+14 -1.07530e+14
  1.56156e+01  1.16741e+01 -4.53941e+14 -8.06582e+13
  1.56156e+01  1.23227e+01 -4.83169e+14 -5.27352e+13
  1.56156e+01  1.29713e+01 -5.11814e+14 -2.38632e+13
  1.56156e+01  1.36198e+01 -5.39865e+14  5.86825e+12
  1.56156e+01  1.42684e+01 -5.67314e+14  3.63808e+13
  1.56156e+01  1.49170e+01 -5.94156e+14  6.76051e+13
  1.56156e+01  1.55655e+01 -6.20385e+14  9.94798e+13
  1.56156e+01  1.62141e+01 -6.45999e+14  1.31950e+14

  1.67311e+01  0.00000e+00 -4.61301e+13  3.10561e+14
  1.67311e+01  6.48563e-01  5.01289e+13 -6.95105e+13
  1.67311e+01  1.29713e+00  4.42333e+13 -1.73063e+14
  1.67311e+01  1.94569e+00  2.41084e+13 -2.32038e+14
  1.67311e+01  2.59425e+00 -2.37807e+12 -2.68294e+14
  1.67311e+01  3.24282e+00 -3.23045e+13 -2.90254e+14
  1.67311e+01  3.89138e+00 -6.42341e+13 -3.02216e+14
  1.67311e+01  4.53994e+00 -9.73496e+13 -3.06719e+14
  1.67311e+01  5.18850e+00 -1.31142e+14 -3.05411e+14
  1.67311e+01  5.83707e+00 -1.65273e+14 -2.99430e+14
  1.67311e+01  6.48563e+00 -1.99508e+14 -2.89599e+14
  1.67311e+01  7.13419e+00 -2.33681e+14 -2.76539e+14
  1.67311e+01  7.78276e+00 -2.67666e+14 -2.60729e+14
  1.67311e+01  8.43132e+00 -3.01372e+14 -2.42546e+14
  1.67311e+01  9.07988e+00 -3.34727e+14 -2.22296e+14
  1.67311e+01  9.72845e+00 -3.67676e+14 -2.00231e+14
  1.67311e+01  1.03770e+01 -4.00176e+14 -1.76558e+14
  1.67311e+01  1.10256e+01 -4.32195e+14 -1.51452e+14
  1.67311e+01  1.16741e+01 -4.63704e+14 -1.25063e+14
  1.67311e+01  1.23227e+01 -4.94684e+14 -9.75188e+13
  1.67311e+01  1.29713e+01 -5.25117e+14 -6.89298e+13
  1.67311e+01  1.36198e+01 -5.54990e+14 -3.93927e+13
  1.67311e+01  1.42684e+01 -5.84294e+14 -8.99219e+12
  1.67311e+01  1.49170e+01 -6.13019e+14  2.21970e+13
  1.67311e+01  1.55655e+01 -6.41159e+14  5.41084e+13
  1.67311e+01  1.62141e+01 -6.68711e+14  8.66828e+13

  1.78465e+01  0.00000e+00 -5.08191e+13  3.42129e+14
  1.78465e+01  6.48563e-01  5.46001e+13 -6.64302e+13
  1.78465e+01  1.29713e+00  5.07011e+13 -1.79910e+14
  1.78465e+01  1.94569e+00  3.13943e+13 -2.45759e+14
  1.78465e+01  2.59425e+00  5.11582e+12 -2.87309e+14
  1.78465e+01  3.24282e+00 -2.49925e+13 -3.13552e+14
  1.78465e+01  3.89138e+00 -5.73809e+13 -3.29080e+14
  1.78465e+01  4.53994e+00 -9.11651e+13 -3.36605e+14
  1.78465e+01  5.18850e+00 -1.25792e+14 -3.37888e+14
  1.78465e+01  5.83707e+00 -1.60894e+14 -3.34147e+14
  1.78465e+01  6.48563e+00 -1.96213e+14 -3.26261e+14
  1.78465e+01  7.13419e+00 -2.31567e+14 -3.14895e+14
  1.78465e+01  7.78276e+00 -2.66818e+14 -3.00561e+14
  1.78465e+01  8.43132e+00 -3.01863e+14 -2.83663e+14
  1.78465e+01  9.07988e+00 -3.36622e+14 -2.64530e+14
  1.78465e+01  9.72845e+00 -3.71033e+14 -2.43429e+14
  1.78465e+01  1.03770e+01 -4.05050e+14 -2.20584e+14
  1.78465e+01  1.10256e+01 -4.38631e+14 -1.96182e+14
  1.78465e+01  1.16741e+01 -4.71748e+14 -1.70384e+14
  1.78465e+01  1.23227e+01 -5.04374e+14 -1.43327e+14
  1.78465e+01  1.29713e+01 -5.36491e+14 -1.15130e+14
  1.78465e+01  1.36198e+01 -5.68083e+14 -8.58955e+13
  1.78465e+01  1.42684e+01 -5.99136e+14 -5.57154e+13
  1.78465e+01  1.49170e+01 -6.29641e+14 -2.46699e+13
  1.78465e+01  1.55655e+01 -6.59589e+14  7.16973e+12
  1.78465e+01  1.62141e+01 -6.88974e+14  3.97398e+13

  1.89619e+01  0.00000e+00 -5.56571e+13  3.74699e+14
  1.89619e+01  6.48563e-01  5.90169e+13 -6.24457e+13
  1.89619e+01  1.29713e+00  5.72090e+13 -1.85952e+14
  1.89619e+01  1.94569e+00  3.88148e+13 -2.58773e+14
  1.89619e+01  2.59425e+00  1.28388e+13 -3.05714e+14
  1.89619e+01  3.24282e+00 -1.73569e+13 -3.36340e+14
  1.89619e+01  3.89138e+00 -5.01097e+13 -3.55531e+14
  1.89619e+01  4.53994e+00 -8.44681e+13 -3.66177e+14
  1.89619e+01  5.18850e+00 -1.19835e+14 -3.70150e+14
  1.89619e+01  5.83707e+00 -1.55813e+14 -3.68747e+14
  1.89619e+01  6.48563e+00 -1.92123e+14 -3.62905e+14
  1.89619e+01  7.13419e+00 -2.28563e+14 -3.53332e+14
  1.89619e+01  7.78276e+00 -2.64985e+14 -3.40572e+14
  1.89619e+01  8.43132e+00 -3.01274e+14 -3.25058e+14
  1.89619e+01  9.07988e+00 -3.37343e+14 -3.07139e+14
  1.89619e+01  9.72845e+00 -3.73123e+14 -2.87101e+14
  1.89619e+01  1.03770e+01 -4.08560e+14 -2.65182e+14
  1.89619e+01  1.10256e+01 -4.43610e+14 -2.41583e+14
  1.89619e+01  1.16741e+01 -4.78239e+14 -2.16475e+14
  1.89619e+01  1.23227e+01 -5.12418e+14 -1.90003e+14
  1.89619e+01  1.29713e+01 -5.46125e+14 -1.62296e+14
  1.89619e+01  1.36198e+01 -5.79340e+14 -1.33463e+14
  1.89619e+01  1.42684e+01 -6.12049e+14 -1.03601e+14
  1.89619e+01  1.49170e+01 -6.44239e+14 -7.27979e+13
  1.89619e+01  1.55655e+01 -6.75900e+14 -4.11284e+13
  1.89619e+01  1.62141e+01 -7.07023e+14 -8.66116e+12

  2.00773e+01  0.00000e+00 -6.06395e+13  4.08243e+14
  2.00773e+01  6.48563e-01  6.33754e+13 -5.75785e+13
  2.00773e+01  1.29713e+00  6.37449e+13 -1.91201e+14
  2.00773e+01  1.94569e+00  4.63495e+13 -2.71084e+14
  2.00773e+01  2.59425e+00  2.07623e+13 -3.23507e+14
  2.00773e+01  3.24282e+00 -9.43450e+12 -3.58604e+14
  2.00773e+01  3.89138e+00 -4.24654e+13 -3.81549e+14
  2.00773e+01  4.53994e+00 -7.73116e+13 -3.95405e+14
  2.00773e+01  5.18850e+00 -1.13333e+14 -4.02158e+14
  2.00773e+01  5.83707e+00 -1.50100e+14 -4.03183e+14
  2.00773e+01  6.48563e+00 -1.87314e+14 -3.99475e+14
  2.00773e+01  7.13419e+00 -2.24755e+14 -3.91784e+14
  2.00773e+01  7.78276e+00 -2.62261e+14 -3.80688e+14
  2.00773e+01  8.43132e+00 -2.99708e+14 -3.66648e+14
  2.00773e+01  9.07988e+00 -3.37000e+14 -3.50033e+14
  2.00773e+01  9.72845e+00 -3.74062e+14 -3.31148e+14
  2.00773e+01  1.03770e+01 -4.10834e+14 -3.10246e+14
  2.00773e+01  1.10256e+01 -4.47267e+14 -2.87539e+14
  2.00773e+01  1.16741e+01 -4.83322e+14 -2.63210e+14
  2.00773e+01  1.23227e+01 -5.18968e+14 -2.37414e+14
  2.00773e+01  1.29713e+01 -5.54178e+14 -2.10286e+14
  2.00773e+01  1.36198e+01 -5.88930e+14 -1.81944e+14
  2.00773e+01  1.42684e+01 -6.23208e+14 -1.52491e+14
  2.00773e+01  1.49170e+01 -6.56997e+14 -1.22020e+14
  2.00773e+01  1.55655e+01 -6.90284e+14 -9.06105e+13
  2.00773e+01  1.62141e+01 -7.23061e+14 -5.83358e+13

  2.11927e+01  0.00000e+00 -6.57623e+13  4.42731e+14
  2.11927e+01  6.48563e-01  6.76727e+13 -5.18485e+13
  2.11927e+01  1.29713e+00  7.02988e+13 -1.95669e+14
  2.11927e+01  1.94569e+00  5.39814e+13 -2.82697e+14
  2.11927e+01  2.59425e+00  2.88621e+13 -3.40684e+14
  2.11927e+01  3.24282e+00 -1.25665e+12 -3.80335e+14
  2.11927e+01  3.89138e+00 -3.44864e+13 -4.07117e+14
  2.11927e+01  4.53994e+00 -6.97414e+13 -4.24266e+14
  2.11927e+01  5.18850e+00 -1.06338e+14 -4.33881e+14
  2.11927e+01  5.83707e+00 -1.43816e+14 -4.37416e+14
  2.11927e+01  6.48563e+00 -1.81853e+14 -4.35924e+14
  2.11927e+01  7.13419e+00 -2.20216e+14 -4.30197e+14
  2.11927e+01  7.78276e+00 -2.58727e+14 -4.20849e+14
  2.11927e+01  8.43132e+00 -2.97253e+14 -4.08365e+14
  2.11927e+01  9.07988e+00 -3.35690e+14 -3.93137e+14
  2.11927e+01  9.72845e+00 -3.73955e+14 -3.75487e+14
  2.11927e+01  1.03770e+01 -4.11982e+14 -3.55684e+14
  2.11927e+01  1.10256e+01 -4.49719e+14 -3.33952e+14
  2.11927e+01  1.16741e+01 -4.87121e+14 -3.10484e+14
  2.11927e+01  1.23227e+01 -5.24154e+14 -2.85446e+14
  2.11927e+01  1.29713e+01 -5.60787e+14 -2.58980e+14
  2.11927e+01  1.36198e+01 -5.96998e+14 -2.31212e+14
  2.11927e+01  1.42684e+01 -6.32766e+14 -2.02250e+14
  2.11927e+01  1.49170e+01 -6.68075e+14 -1.72193e+14
  2.11927e+01  1.55655e+01 -7.02910e+14 -1.41126e+14
  2.11927e+01  1.62141e+01 -7.37259e+14 -1.09127e+14

  2.23081e+01  0.00000e+00 -7.10218e+13  4.78139e+14
  2.23081e+01  6.48563e-01  7.19064e+13 -4.52747e+13
  2.23081e+01  1.29713e+00  7.68621e+13 -1.99370e+14
  2.23081e+01  1.94569e+00  6.16956e+13 -2.93618e+14
  2.23081e+01  2.59425e+00  3.71172e+13 -3.57246e+14
  2.23081e+01  3.24282e+00  7.14952e+12 -4.01526e+14
  2.23081e+01  3.89138e+00 -2.62062e+13 -4.32221e+14
  2.23081e+01  4.53994e+00 -6.17969e+13 -4.52738e+14
  2.23081e+01  5.18850e+00 -9.88950e+13 -4.65292e+14
  2.23081e+01  5.83707e+00 -1.37011e+14 -4.71413e+14
  2.23081e+01  6.48563e+00 -1.75800e+14 -4.72213e+14
  2.23081e+01  7.13419e+00 -2.15010e+14 -4.68527e+14
  2.23081e+01  7.78276e+00 -2.54454e+14 -4.61002e+14
  2.23081e+01  8.43132e+00 -2.93986e+14 -4.50150e+14
  2.23081e+01  9.07988e+00 -3.33495e+14 -4.36385e+14
  2.23081e+01  9.72845e+00 -3.72889e+14 -4.20047e+14
  2.23081e+01  1.03770e+01 -4.12099e+14 -4.01418e+14
  2.23081e+01  1.10256e+01 -4.51066e+14 -3.80737e+14
  2.23081e+01  1.16741e+01 -4.89742e+14 -3.58207e+14
  2.23081e+01  1.23227e+01 -5.28089e+14 -3.34003e+14
  2.23081e+01  1.29713e+01 -5.66074e+14 -3.08275e+14
  2.23081e+01  1.36198e+01 -6.03670e+14 -2.81156e+14
  2.23081e+01  1.42684e+01 -6.40855e+14 -2.52762e+14
  2.23081e+01  1.49170e+01 -6.77610e+14 -2.23195e+14
  2.23081e+01  1.55655e+01 -7.13919e+14 -1.92547e+14
  2.23081e+01  1.62141e+01 -7.49770e+14 -1.60899e+14

  2.34235e+01  0.00000e+00 -7.64145e+13  5.14444e+14
  2.34235e+01  6.48563e-01  7.60744e+13 -3.78745e+13
  2.34235e+01  1.29713e+00  8.34273e+13 -2.02314e+14
  2.34235e+01  1.94569e+00  6.94794e+13 -3.03854e+14
  2.34235e+01  2.59425e+00  4.55095e+13 -3.73192e+14
  2.34235e+01  3.24282e+00  1.57604e+13 -4.22173e+14
  2.34235e+01  3.89138e+00 -1.76536e+13 -4.56850e+14
  2.34235e+01  4.53994e+00 -5.35125e+13 -4.80807e+14
  2.34235e+01  5.18850e+00 -9.10449e+13 -4.96369e+14
  2.34235e+01  5.83707e+00 -1.29731e+14 -5.05148e+14
  2.34235e+01  6.48563e+00 -1.69203e+14 -5.08310e+14
  2.34235e+01  7.13419e+00 -2.09195e+14 -5.06735e+14
  2.34235e+01  7.78276e+00 -2.49503e+14 -5.01104e+14
  2.34235e+01  8.43132e+00 -2.89974e+14 -4.91954e+14
  2.34235e+01  9.07988e+00 -3.30486e+14 -4.79722e+14
  2.34235e+01  9.72845e+00 -3.70943e+14 -4.64765e+14
  2.34235e+01  1.03770e+01 -4.11268e+14 -4.47382e+14
  2.34235e+01  1.10256e+01 -4.51398e+14 -4.27822e+14
  2.34235e+01  1.16741e+01 -4.91280e+14 -4.06300e+14
  2.34235e+01  1.23227e+01 -5.30874e+14 -3.83000e+14
  2.34235e+01  1.29713e+01 -5.70142e+14 -3.58081e+14
  2.34235e+01  1.36198e+01 -6.09056e+14 -3.31682e+14
  2.34235e+01  1.42684e+01 -6.47590e+14 -3.03926e+14
  2.34235e+01  1.49170e+01 -6.85725e+14 -2.74920e+14
  2.34235e+01  1.55655e+01 -7.23441e+14 -2.44760e+14
  2.34235e+01  1.62141e+01 -7.60724e+14 -2.13534e+14

  2.45389e+01  0.00000e+00 -8.19371e+13  5.51624e+14
  2.45389e+01  6.48563e-01  8.01753e+13 -2.96648e+13
  2.45389e+01  1.29713e+00  8.99881e+13 -2.04515e+14
  2.45389e+01  1.94569e+00  7.73217e+13 -3.13411e+14
  2.45389e+01  2.59425e+00  5.40231e+13 -3.88525e+14
  2.45389e+01  3.24282e+00  2.45554e+13 -4.42272e+14
  2.45389e+01  3.89138e+00 -8.85412e+12 -4.80997e+14
  2.45389e+01  4.53994e+00 -4.49184e+13 -5.08458e+14
  2.45389e+01  5.18850e+00 -8.28223e+13 -5.27095e+14
  2.45389e+01  5.83707e+00 -1.22016e+14 -5.38596e+14
  2.45389e+01  6.48563e+00 -1.62109e+14 -5.44186e+14
  2.45389e+01  7.13419e+00 -2.02818e+14 -5.44788e+14
  2.45389e+01  7.78276e+00 -2.43929e+14 -5.41115e+14
  2.45389e+01  8.43132e+00 -2.85275e+14 -5.33733e+14
  2.45389e+01  9.07988e+00 -3.26728e+14 -5.23100e+14
  2.45389e+01  9.72845e+00 -3.68185e+14 -5.09590e+14
  2.45389e+01  1.03770e+01 -4.09562e+14 -4.93517e+14
  2.45389e+01  1.10256e+01 -4.50791e+14 -4.75144e+14
  2.45389e+01  1.16741e+01 -4.91818e+14 -4.54696e+14
  2.45389e+01  1.23227e+01 -5.32595e+14 -4.32366e+14
  2.45389e+01  1.29713e+01 -5.73084e+14 -4.08321e+14
  2.45389e+01  1.36198e+01 -6.13253e+14 -3.82707e+14
  2.45389e+01  1.42684e+01 -6.53074e+14 -3.55654e+14
  2.45389e+01  1.49170e+01 -6.92524e+14 -3.27274e+14
  2.45389e+01  1.55655e+01 -7.31584e+14 -2.97669e+14
  2.45389e+01  1.62141e+01 -7.70238e+14 -2.66929e+14

  2.56543e+01  0.00000e+00 -8.75867e+13  5.89659e+14
  2.56543e+01  6.48563e-01  8.42078e+13 -2.06612e+13
  2.56543e+01  1.29713e+00  9.65392e+13 -2.05982e+14
  2.56543e+01  1.94569e+00  8.52126e+13 -3.22296e+14
  2.56543e+01  2.59425e+00  6.26439e+13 -4.03247e+14
  2.56543e+01  3.24282e+00  3.35162e+13 -4.61820e+14
  2.56543e+01  3.89138e+00  1.69777e+11 -5.04655e+14
  2.56543e+01  4.53994e+00 -3.60413e+13 -5.35682e+14
  2.56543e+01  5.18850e+00 -7.42581e+13 -5.57454e+14
  2.56543e+01  5.83707e+00 -1.13900e+14 -5.71738e+14
  2.56543e+01  6.48563e+00 -1.54556e+14 -5.79817e+14
  2.56543e+01  7.13419e+00 -1.95925e+14 -5.82656e+14
  2.56543e+01  7.78276e+00 -2.37778e+14 -5.81003e+14
  2.56543e+01  8.43132e+00 -2.79942e+14 -5.75451e+14
  2.56543e+01  9.07988e+00 -3.22278e+14 -5.66477e+14
  2.56543e+01  9.72845e+00 -3.64675e+14 -5.54475e+14
  2.56543e+01  1.03770e+01 -4.07046e+14 -5.39774e+14
  2.56543e+01  1.10256e+01 -4.49316e+14 -5.22649e+14
  2.56543e+01  1.16741e+01 -4.91428e+14 -5.03335e+14
  2.56543e+01  1.23227e+01 -5.33330e+14 -4.82036e+14
  2.56543e+01  1.29713e+01 -5.74981e+14 -4.58926e+14
  2.56543e+01  1.36198e+01 -6.16346e+14 -4.34159e+14
  2.56543e+01  1.42684e+01 -6.57396e+14 -4.07869e+14
  2.56543e+01  1.49170e+01 -6.98104e+14 -3.80176e+14
  2.56543e+01  1.55655e+01 -7.38449e+14 -3.51187e+14
  2.56543e+01  1.62141e+01 -7.78414e+14 -3.20995e+14

  2.67697e+01  0.00000e+00 -9.33606e+13  6.28530e+14
  2.67697e+01  6.48563e-01  8.81709e+13 -1.08785e+13
  2.67697e+01  1.29713e+00  1.03076e+14 -2.06728e+14
  2.67697e+01  1.94569e+00  9.31438e+13 -3.30517e+14
  2.67697e+01  2.59425e+00  7.13597e+13 -4.17361e+14
  2.67697e+01  3.24282e+00  4.26268e+13 -4.80819e+14
  2.67697e+01  3.89138e+00  9.39823e+12 -5.27820e+14
  2.67697e+01  4.53994e+00 -2.69049e+13 -5.62469e+14
  2.67697e+01  5.18850e+00 -6.53798e+13 -5.87433e+14
  2.67697e+01  5.83707e+00 -1.05416e+14 -6.04558e+14
  2.67697e+01  6.48563e+00 -1.46579e+14 -6.15183e+14
  2.67697e+01  7.13419e+00 -1.88552e+14 -6.20317e+14
  2.67697e+01  7.78276e+00 -2.31095e+14 -6.20741e+14
  2.67697e+01  8.43132e+00 -2.74021e+14 -6.17074e+14
  2.67697e+01  9.07988e+00 -3.17184e+14 -6.09817e+14
  2.67697e+01  9.72845e+00 -3.60467e+14 -5.99380e+14
  2.67697e+01  1.03770e+01 -4.03777e+14 -5.86108e+14
  2.67697e+01  1.10256e+01 -4.47034e+14 -5.70287e+14
  2.67697e+01  1.16741e+01 -4.90176e+14 -5.52165e+14
  2.67697e+01  1.23227e+01 -5.33149e+14 -5.31954e+14
  2.67697e+01  1.29713e+01 -5.75907e+14 -5.09836e+14
  2.67697e+01  1.36198e+01 -6.18414e+14 -4.85972e+14
  2.67697e+01  1.42684e+01 -6.60636e+14 -4.60504e+14
  2.67697e+01  1.49170e+01 -7.02547e+14 -4.33555e+14
  2.67697e+01  1.55655e+01 -7.44124e+14 -4.05238e+14
  2.67697e+01  1.62141e+01 -7.85345e+14 -3.75651e+14

  2.78851e+01  0.00000e+00 -9.92560e+13  6.68220e+14
  2.78851e+01  6.48563e-01  9.20638e+13 -3.30917e+11
  2.78851e+01  1.29713e+00  1.09593e+14 -2.06762e+14
  2.78851e+01  1.94569e+00  1.01108e+14 -3.38079e+14
  2.78851e+01  2.59425e+00  8.01595e+13 -4.30871e+14
  2.78851e+01  3.24282e+00  5.18728e+13 -4.99266e+14
  2.78851e+01  3.89138e+00  1.88135e+13 -5.50487e+14
  2.78851e+01  4.53994e+00 -1.75302e+13 -5.88813e+14
  2.78851e+01  5.18850e+00 -5.62119e+13 -6.17022e+14
  2.78851e+01  5.83707e+00 -9.65903e+13 -6.37041e+14
  2.78851e+01  6.48563e+00 -1.38210e+14 -6.50265e+14
  2.78851e+01  7.13419e+00 -1.80736e+14 -6.57747e+14
  2.78851e+01  7.78276e+00 -2.23916e+14 -6.60302e+14
  2.78851e+01  8.43132e+00 -2.67553e+14 -6.58574e+14
  2.78851e+01  9.07988e+00 -3.11492e+14 -6.53088e+14
  2.78851e+01  9.72845e+00 -3.55610e+14 -6.44270e+14
  2.78851e+01  1.03770e+01 -3.99807e+14 -6.32480e+14
  2.78851e+01  1.10256e+01 -4.44000e+14 -6.18018e+14
  2.78851e+01  1.16741e+01 -4.88121e+14 -6.01141e+14
  2.78851e+01  1.23227e+01 -5.32112e+14 -5.82070e+14
  2.78851e+01  1.29713e+01 -5.75926e+14 -5.60998e+14
  2.78851e+01  1.36198e+01 -6.19523e+14 -5.38092e+14
  2.78851e+01  1.42684e+01 -6.62868e+14 -5.13498e+14
  2.78851e+01  1.49170e+01 -7.05930e+14 -4.87347e+14
  2.78851e+01  1.55655e+01 -7.48686e+14 -4.59756e+14
  2.78851e+01  1.62141e+01 -7.91113e+14 -4.30828e+14

