  0.00000e+00  0.00000e+00 -4.66897e+21
  0.00000e+00  7.01588e-07 -1.98325e+35
  0.00000e+00  1.40318e-06 -7.93301e+35
  0.00000e+00  2.10477e-06 -1.78493e+36
  0.00000e+00  2.80635e-06 -3.17320e+36
  0.00000e+00  3.50794e-06 -4.95813e+36
  0.00000e+00  4.20953e-06 -7.13971e+36
  0.00000e+00  4.91112e-06 -9.71793e+36
  0.00000e+00  5.61271e-06 -1.26928e+37
  0.00000e+00  6.31430e-06 -1.60643e+37
  0.00000e+00  7.01588e-06 -1.98325e+37
  0.00000e+00  7.71747e-06 -2.39973e+37
  0.00000e+00  8.41906e-06 -2.85588e+37
  0.00000e+00  9.12065e-06 -3.35170e+37
  0.00000e+00  9.82224e-06 -3.88717e+37
  0.00000e+00  1.05238e-05 -4.46232e+37
  0.00000e+00  1.12254e-05 -5.07712e+37
  0.00000e+00  1.19270e-05 -5.73160e+37
  0.00000e+00  1.26286e-05 -6.42574e+37
  0.00000e+00  1.33302e-05 -7.15954e+37
  0.00000e+00  1.40318e-05 -7.93301e+37
  0.00000e+00  1.47334e-05 -8.74614e+37
  0.00000e+00  1.54349e-05 -9.59894e+37
  0.00000e+00  1.61365e-05 -1.04914e+38
  0.00000e+00  1.68381e-05 -1.14235e+38
  0.00000e+00  1.75397e-05 -1.23953e+38

  2.40000e-03  0.00000e+00  1.31332e+32
  2.40000e-03  7.01588e-07  6.58764e+37
  2.40000e-03  1.40318e-06  2.63870e+38
  2.40000e-03  2.10477e-06  5.93980e+38
  2.40000e-03  2.80635e-06  1.05621e+39
  2.40000e-03  3.50794e-06  1.65055e+39
  2.40000e-03  4.20953e-06  2.37701e+39
  2.40000e-03  4.91112e-06  3.23559e+39
  2.40000e-03  5.61271e-06  4.22629e+39
  2.40000e-03  6.31430e-06  5.34910e+39
  2.40000e-03  7.01588e-06  6.60403e+39
  2.40000e-03  7.71747e-06  7.99108e+39
  2.40000e-03  8.41906e-06  9.51025e+39
  2.40000e-03  9.12065e-06  1.11615e+40
  2.40000e-03  9.82224e-06  1.29449e+40
  2.40000e-03  1.05238e-05  1.48604e+40
  2.40000e-03  1.12254e-05  1.69081e+40
  2.40000e-03  1.19270e-05  1.90878e+40
  2.40000e-03  1.26286e-05  2.13997e+40
  2.40000e-03  1.33302e-05  2.38437e+40
  2.40000e-03  1.40318e-05  2.64198e+40
  2.40000e-03  1.47334e-05  2.91280e+40
  2.40000e-03  1.54349e-05  3.19683e+40
  2.40000e-03  1.61365e-05  3.49408e+40
  2.40000e-03  1.68381e-05  3.80454e+40
  2.40000e-03  1.75397e-05  4.12821e+40

  4.80000e-03  0.00000e+00  4.20897e+33
  4.80000e-03  7.01588e-07  1.30859e+38
  4.80000e-03  1.40318e-06  5.26345e+38
  4.80000e-03  2.10477e-06  1.18646e+39
  4.80000e-03  2.80635e-06  2.11121e+39
  4.80000e-03  3.50794e-06  3.30059e+39
  4.80000e-03  4.20953e-06  4.75460e+39
  4.80000e-03  4.91112e-06  6.47324e+39
  4.80000e-03  5.61271e-06  8.45651e+39
  4.80000e-03  6.31430e-06  1.07044e+40
  4.80000e-03  7.01588e-06  1.32169e+40
  4.80000e-03  7.71747e-06  1.59941e+40
  4.80000e-03  8.41906e-06  1.90359e+40
  4.80000e-03  9.12065e-06  2.23423e+40
  4.80000e-03  9.82224e-06  2.59134e+40
  4.80000e-03  1.05238e-05  2.97491e+40
  4.80000e-03  1.12254e-05  3.38494e+40
  4.80000e-03  1.19270e-05  3.82143e+40
  4.80000e-03  1.26286e-05  4.28439e+40
  4.80000e-03  1.33302e-05  4.77381e+40
  4.80000e-03  1.40318e-05  5.28970e+40
  4.80000e-03  1.47334e-05  5.83205e+40
  4.80000e-03  1.54349e-05  6.40086e+40
  4.80000e-03  1.61365e-05  6.99613e+40
  4.80000e-03  1.68381e-05  7.61787e+40
  4.80000e-03  1.75397e-05  8.26607e+40

  7.20000e-03  0.00000e+00  3.19782e+34
  7.20000e-03  7.01588e-07  1.93672e+38
  7.20000e-03  1.40318e-06  7.84457e+38
  7.20000e-03  2.10477e-06  1.77239e+39
  7.20000e-03  2.80635e-06  3.15746e+39
  7.20000e-03  3.50794e-06  4.93968e+39
  7.20000e-03  4.20953e-06  7.11904e+39
  7.20000e-03  4.91112e-06  9.69555e+39
  7.20000e-03  5.61271e-06  1.26692e+40
  7.20000e-03  6.31430e-06  1.60400e+40
  7.20000e-03  7.01588e-06  1.98079e+40
  7.20000e-03  7.71747e-06  2.39730e+40
  7.20000e-03  8.41906e-06  2.85353e+40
  7.20000e-03  9.12065e-06  3.34946e+40
  7.20000e-03  9.82224e-06  3.88512e+40
  7.20000e-03  1.05238e-05  4.46048e+40
  7.20000e-03  1.12254e-05  5.07556e+40
  7.20000e-03  1.19270e-05  5.73036e+40
  7.20000e-03  1.26286e-05  6.42487e+40
  7.20000e-03  1.33302e-05  7.15909e+40
  7.20000e-03  1.40318e-05  7.93303e+40
  7.20000e-03  1.47334e-05  8.74669e+40
  7.20000e-03  1.54349e-05  9.60006e+40
  7.20000e-03  1.61365e-05  1.04931e+41
  7.20000e-03  1.68381e-05  1.14259e+41
  7.20000e-03  1.75397e-05  1.23984e+41

  9.60000e-03  0.00000e+00  1.34790e+35
  9.60000e-03  7.01588e-07  2.53270e+38
  9.60000e-03  1.40318e-06  1.03606e+39
  9.60000e-03  2.10477e-06  2.34852e+39
  9.60000e-03  2.80635e-06  4.19063e+39
  9.60000e-03  3.50794e-06  6.56240e+39
  9.60000e-03  4.20953e-06  9.46383e+39
  9.60000e-03  4.91112e-06  1.28949e+40
  9.60000e-03  5.61271e-06  1.68557e+40
  9.60000e-03  6.31430e-06  2.13461e+40
  9.60000e-03  7.01588e-06  2.63661e+40
  9.60000e-03  7.71747e-06  3.19158e+40
  9.60000e-03  8.41906e-06  3.79952e+40
  9.60000e-03  9.12065e-06  4.46043e+40
  9.60000e-03  9.82224e-06  5.17430e+40
  9.60000e-03  1.05238e-05  5.94113e+40
  9.60000e-03  1.12254e-05  6.76093e+40
  9.60000e-03  1.19270e-05  7.63370e+40
  9.60000e-03  1.26286e-05  8.55943e+40
  9.60000e-03  1.33302e-05  9.53813e+40
  9.60000e-03  1.40318e-05  1.05698e+41
  9.60000e-03  1.47334e-05  1.16544e+41
  9.60000e-03  1.54349e-05  1.27920e+41
  9.60000e-03  1.61365e-05  1.39826e+41
  9.60000e-03  1.68381e-05  1.52261e+41
  9.60000e-03  1.75397e-05  1.65226e+41

  1.20000e-02  0.00000e+00  4.11411e+35
  1.20000e-02  7.01588e-07  3.08655e+38
  1.20000e-02  1.40318e-06  1.27907e+39
  1.20000e-02  2.10477e-06  2.91166e+39
  1.20000e-02  2.80635e-06  5.20642e+39
  1.20000e-02  3.50794e-06  8.16335e+39
  1.20000e-02  4.20953e-06  1.17825e+40
  1.20000e-02  4.91112e-06  1.60637e+40
  1.20000e-02  5.61271e-06  2.10072e+40
  1.20000e-02  6.31430e-06  2.66128e+40
  1.20000e-02  7.01588e-06  3.28806e+40
  1.20000e-02  7.71747e-06  3.98106e+40
  1.20000e-02  8.41906e-06  4.74027e+40
  1.20000e-02  9.12065e-06  5.56570e+40
  1.20000e-02  9.82224e-06  6.45735e+40
  1.20000e-02  1.05238e-05  7.41522e+40
  1.20000e-02  1.12254e-05  8.43930e+40
  1.20000e-02  1.19270e-05  9.52960e+40
  1.20000e-02  1.26286e-05  1.06861e+41
  1.20000e-02  1.33302e-05  1.19089e+41
  1.20000e-02  1.40318e-05  1.31978e+41
  1.20000e-02  1.47334e-05  1.45530e+41
  1.20000e-02  1.54349e-05  1.59744e+41
  1.20000e-02  1.61365e-05  1.74620e+41
  1.20000e-02  1.68381e-05  1.90158e+41
  1.20000e-02  1.75397e-05  2.06358e+41

  1.44000e-02  0.00000e+00  1.02383e+36
  1.44000e-02  7.01588e-07  3.58892e+38
  1.44000e-02  1.40318e-06  1.51145e+39
  1.44000e-02  2.10477e-06  3.45869e+39
  1.44000e-02  2.80635e-06  6.20061e+39
  1.44000e-02  3.50794e-06  9.73723e+39
  1.44000e-02  4.20953e-06  1.40685e+40
  1.44000e-02  4.91112e-06  1.91945e+40
  1.44000e-02  5.61271e-06  2.51152e+40
  1.44000e-02  6.31430e-06  3.18305e+40
  1.44000e-02  7.01588e-06  3.93406e+40
  1.44000e-02  7.71747e-06  4.76453e+40
  1.44000e-02  8.41906e-06  5.67447e+40
  1.44000e-02  9.12065e-06  6.66388e+40
  1.44000e-02  9.82224e-06  7.73276e+40
  1.44000e-02  1.05238e-05  8.88111e+40
  1.44000e-02  1.12254e-05  1.01089e+41
  1.44000e-02  1.19270e-05  1.14162e+41
  1.44000e-02  1.26286e-05  1.28030e+41
  1.44000e-02  1.33302e-05  1.42692e+41
  1.44000e-02  1.40318e-05  1.58149e+41
  1.44000e-02  1.47334e-05  1.74400e+41
  1.44000e-02  1.54349e-05  1.91447e+41
  1.44000e-02  1.61365e-05  2.09288e+41
  1.44000e-02  1.68381e-05  2.27923e+41
  1.44000e-02  1.75397e-05  2.47354e+41

  1.68000e-02  0.00000e+00  2.21305e+36
  1.68000e-02  7.01588e-07  4.03124e+38
  1.68000e-02  1.40318e-06  1.73123e+39
  1.68000e-02  2.10477e-06  3.98655e+39
  1.68000e-02  2.80635e-06  7.16906e+39
  1.68000e-02  3.50794e-06  1.12788e+40
  1.68000e-02  4.20953e-06  1.63157e+40
  1.68000e-02  4.91112e-06  2.22798e+40
  1.68000e-02  5.61271e-06  2.91711e+40
  1.68000e-02  6.31430e-06  3.69896e+40
  1.68000e-02  7.01588e-06  4.57353e+40
  1.68000e-02  7.71747e-06  5.54082e+40
  1.68000e-02  8.41906e-06  6.60083e+40
  1.68000e-02  9.12065e-06  7.75357e+40
  1.68000e-02  9.82224e-06  8.99902e+40
  1.68000e-02  1.05238e-05  1.03372e+41
  1.68000e-02  1.12254e-05  1.17681e+41
  1.68000e-02  1.19270e-05  1.32917e+41
  1.68000e-02  1.26286e-05  1.49080e+41
  1.68000e-02  1.33302e-05  1.66171e+41
  1.68000e-02  1.40318e-05  1.84188e+41
  1.68000e-02  1.47334e-05  2.03133e+41
  1.68000e-02  1.54349e-05  2.23005e+41
  1.68000e-02  1.61365e-05  2.43805e+41
  1.68000e-02  1.68381e-05  2.65531e+41
  1.68000e-02  1.75397e-05  2.88185e+41

  1.92000e-02  0.00000e+00  4.31495e+36
  1.92000e-02  7.01588e-07  4.40591e+38
  1.92000e-02  1.40318e-06  1.93658e+39
  1.92000e-02  2.10477e-06  4.49228e+39
  1.92000e-02  2.80635e-06  8.10770e+39
  1.92000e-02  3.50794e-06  1.27828e+40
  1.92000e-02  4.20953e-06  1.85177e+40
  1.92000e-02  4.91112e-06  2.53122e+40
  1.92000e-02  5.61271e-06  3.31665e+40
  1.92000e-02  6.31430e-06  4.20805e+40
  1.92000e-02  7.01588e-06  5.20542e+40
  1.92000e-02  7.71747e-06  6.30876e+40
  1.92000e-02  8.41906e-06  7.51807e+40
  1.92000e-02  9.12065e-06  8.83336e+40
  1.92000e-02  9.82224e-06  1.02546e+41
  1.92000e-02  1.05238e-05  1.17818e+41
  1.92000e-02  1.12254e-05  1.34150e+41
  1.92000e-02  1.19270e-05  1.51542e+41
  1.92000e-02  1.26286e-05  1.69993e+41
  1.92000e-02  1.33302e-05  1.89505e+41
  1.92000e-02  1.40318e-05  2.10075e+41
  1.92000e-02  1.47334e-05  2.31706e+41
  1.92000e-02  1.54349e-05  2.54396e+41
  1.92000e-02  1.61365e-05  2.78146e+41
  1.92000e-02  1.68381e-05  3.02956e+41
  1.92000e-02  1.75397e-05  3.28825e+41

  2.16000e-02  0.00000e+00  7.77601e+36
  2.16000e-02  7.01588e-07  4.70641e+38
  2.16000e-02  1.40318e-06  2.12573e+39
  2.16000e-02  2.10477e-06  4.97305e+39
  2.16000e-02  2.80635e-06  9.01260e+39
  2.16000e-02  3.50794e-06  1.42444e+40
  2.16000e-02  4.20953e-06  2.06684e+40
  2.16000e-02  4.91112e-06  2.82846e+40
  2.16000e-02  5.61271e-06  3.70931e+40
  2.16000e-02  6.31430e-06  4.70938e+40
  2.16000e-02  7.01588e-06  5.82867e+40
  2.16000e-02  7.71747e-06  7.06718e+40
  2.16000e-02  8.41906e-06  8.42492e+40
  2.16000e-02  9.12065e-06  9.90188e+40
  2.16000e-02  9.82224e-06  1.14981e+41
  2.16000e-02  1.05238e-05  1.32135e+41
  2.16000e-02  1.12254e-05  1.50481e+41
  2.16000e-02  1.19270e-05  1.70019e+41
  2.16000e-02  1.26286e-05  1.90750e+41
  2.16000e-02  1.33302e-05  2.12673e+41
  2.16000e-02  1.40318e-05  2.35788e+41
  2.16000e-02  1.47334e-05  2.60096e+41
  2.16000e-02  1.54349e-05  2.85595e+41
  2.16000e-02  1.61365e-05  3.12287e+41
  2.16000e-02  1.68381e-05  3.40171e+41
  2.16000e-02  1.75397e-05  3.69248e+41

  2.40000e-02  0.00000e+00  1.31692e+37
  2.40000e-02  7.01588e-07  4.92752e+38
  2.40000e-02  1.40318e-06  2.29708e+39
  2.40000e-02  2.10477e-06  5.42614e+39
  2.40000e-02  2.80635e-06  9.87995e+39
  2.40000e-02  3.50794e-06  1.56585e+40
  2.40000e-02  4.20953e-06  2.27618e+40
  2.40000e-02  4.91112e-06  3.11898e+40
  2.40000e-02  5.61271e-06  4.09426e+40
  2.40000e-02  6.31430e-06  5.20201e+40
  2.40000e-02  7.01588e-06  6.44224e+40
  2.40000e-02  7.71747e-06  7.81494e+40
  2.40000e-02  8.41906e-06  9.32011e+40
  2.40000e-02  9.12065e-06  1.09578e+41
  2.40000e-02  9.82224e-06  1.27279e+41
  2.40000e-02  1.05238e-05  1.46305e+41
  2.40000e-02  1.12254e-05  1.66655e+41
  2.40000e-02  1.19270e-05  1.88331e+41
  2.40000e-02  1.26286e-05  2.11331e+41
  2.40000e-02  1.33302e-05  2.35656e+41
  2.40000e-02  1.40318e-05  2.61306e+41
  2.40000e-02  1.47334e-05  2.88280e+41
  2.40000e-02  1.54349e-05  3.16579e+41
  2.40000e-02  1.61365e-05  3.46203e+41
  2.40000e-02  1.68381e-05  3.77152e+41
  2.40000e-02  1.75397e-05  4.09425e+41

  2.64000e-02  0.00000e+00  2.12097e+37
  2.64000e-02  7.01588e-07  5.06541e+38
  2.64000e-02  1.40318e-06  2.44913e+39
  2.64000e-02  2.10477e-06  5.84897e+39
  2.64000e-02  2.80635e-06  1.07061e+40
  2.64000e-02  3.50794e-06  1.70204e+40
  2.64000e-02  4.20953e-06  2.47920e+40
  2.64000e-02  4.91112e-06  3.40209e+40
  2.64000e-02  5.61271e-06  4.47070e+40
  2.64000e-02  6.31430e-06  5.68504e+40
  2.64000e-02  7.01588e-06  7.04510e+40
  2.64000e-02  7.71747e-06  8.55089e+40
  2.64000e-02  8.41906e-06  1.02024e+41
  2.64000e-02  9.12065e-06  1.19996e+41
  2.64000e-02  9.82224e-06  1.39426e+41
  2.64000e-02  1.05238e-05  1.60313e+41
  2.64000e-02  1.12254e-05  1.82657e+41
  2.64000e-02  1.19270e-05  2.06459e+41
  2.64000e-02  1.26286e-05  2.31717e+41
  2.64000e-02  1.33302e-05  2.58433e+41
  2.64000e-02  1.40318e-05  2.86606e+41
  2.64000e-02  1.47334e-05  3.16237e+41
  2.64000e-02  1.54349e-05  3.47324e+41
  2.64000e-02  1.61365e-05  3.79869e+41
  2.64000e-02  1.68381e-05  4.13872e+41
  2.64000e-02  1.75397e-05  4.49331e+41

  2.88000e-02  0.00000e+00  3.27709e+37
  2.88000e-02  7.01588e-07  5.11784e+38
  2.88000e-02  1.40318e-06  2.58057e+39
  2.88000e-02  2.10477e-06  6.23912e+39
  2.88000e-02  2.80635e-06  1.14874e+40
  2.88000e-02  3.50794e-06  1.83255e+40
  2.88000e-02  4.20953e-06  2.67534e+40
  2.88000e-02  4.91112e-06  3.67710e+40
  2.88000e-02  5.61271e-06  4.83784e+40
  2.88000e-02  6.31430e-06  6.15756e+40
  2.88000e-02  7.01588e-06  7.63625e+40
  2.88000e-02  7.71747e-06  9.27392e+40
  2.88000e-02  8.41906e-06  1.10706e+41
  2.88000e-02  9.12065e-06  1.30262e+41
  2.88000e-02  9.82224e-06  1.51408e+41
  2.88000e-02  1.05238e-05  1.74144e+41
  2.88000e-02  1.12254e-05  1.98469e+41
  2.88000e-02  1.19270e-05  2.24385e+41
  2.88000e-02  1.26286e-05  2.51890e+41
  2.88000e-02  1.33302e-05  2.80985e+41
  2.88000e-02  1.40318e-05  3.11669e+41
  2.88000e-02  1.47334e-05  3.43944e+41
  2.88000e-02  1.54349e-05  3.77808e+41
  2.88000e-02  1.61365e-05  4.13262e+41
  2.88000e-02  1.68381e-05  4.50305e+41
  2.88000e-02  1.75397e-05  4.88939e+41

  3.12000e-02  0.00000e+00  4.88998e+37
  3.12000e-02  7.01588e-07  5.08431e+38
  3.12000e-02  1.40318e-06  2.69025e+39
  3.12000e-02  2.10477e-06  6.59434e+39
  3.12000e-02  2.80635e-06  1.22207e+40
  3.12000e-02  3.50794e-06  1.95694e+40
  3.12000e-02  4.20953e-06  2.86403e+40
  3.12000e-02  4.91112e-06  3.94336e+40
  3.12000e-02  5.61271e-06  5.19491e+40
  3.12000e-02  6.31430e-06  6.61869e+40
  3.12000e-02  7.01588e-06  8.21469e+40
  3.12000e-02  7.71747e-06  9.98293e+40
  3.12000e-02  8.41906e-06  1.19234e+41
  3.12000e-02  9.12065e-06  1.40361e+41
  3.12000e-02  9.82224e-06  1.63210e+41
  3.12000e-02  1.05238e-05  1.87782e+41
  3.12000e-02  1.12254e-05  2.14075e+41
  3.12000e-02  1.19270e-05  2.42091e+41
  3.12000e-02  1.26286e-05  2.71830e+41
  3.12000e-02  1.33302e-05  3.03290e+41
  3.12000e-02  1.40318e-05  3.36473e+41
  3.12000e-02  1.47334e-05  3.71378e+41
  3.12000e-02  1.54349e-05  4.08006e+41
  3.12000e-02  1.61365e-05  4.46356e+41
  3.12000e-02  1.68381e-05  4.86428e+41
  3.12000e-02  1.75397e-05  5.28222e+41

  3.36000e-02  0.00000e+00  7.08334e+37
  3.36000e-02  7.01588e-07  4.96623e+38
  3.36000e-02  1.40318e-06  2.77721e+39
  3.36000e-02  2.10477e-06  6.91259e+39
  3.36000e-02  2.80635e-06  1.29028e+40
  3.36000e-02  3.50794e-06  2.07477e+40
  3.36000e-02  4.20953e-06  3.04475e+40
  3.36000e-02  4.91112e-06  4.20021e+40
  3.36000e-02  5.61271e-06  5.54115e+40
  3.36000e-02  6.31430e-06  7.06756e+40
  3.36000e-02  7.01588e-06  8.77946e+40
  3.36000e-02  7.71747e-06  1.06768e+41
  3.36000e-02  8.41906e-06  1.27597e+41
  3.36000e-02  9.12065e-06  1.50280e+41
  3.36000e-02  9.82224e-06  1.74818e+41
  3.36000e-02  1.05238e-05  2.01211e+41
  3.36000e-02  1.12254e-05  2.29459e+41
  3.36000e-02  1.19270e-05  2.59562e+41
  3.36000e-02  1.26286e-05  2.91519e+41
  3.36000e-02  1.33302e-05  3.25331e+41
  3.36000e-02  1.40318e-05  3.60998e+41
  3.36000e-02  1.47334e-05  3.98520e+41
  3.36000e-02  1.54349e-05  4.37896e+41
  3.36000e-02  1.61365e-05  4.79128e+41
  3.36000e-02  1.68381e-05  5.22214e+41
  3.36000e-02  1.75397e-05  5.67155e+41

  3.60000e-02  0.00000e+00  1.00014e+38
  3.60000e-02  7.01588e-07  4.76704e+38
  3.60000e-02  1.40318e-06  2.84071e+39
  3.60000e-02  2.10477e-06  7.19202e+39
  3.60000e-02  2.80635e-06  1.35306e+40
  3.60000e-02  3.50794e-06  2.18566e+40
  3.60000e-02  4.20953e-06  3.21698e+40
  3.60000e-02  4.91112e-06  4.44704e+40
  3.60000e-02  5.61271e-06  5.87582e+40
  3.60000e-02  6.31430e-06  7.50334e+40
  3.60000e-02  7.01588e-06  9.32959e+40
  3.60000e-02  7.71747e-06  1.13546e+41
  3.60000e-02  8.41906e-06  1.35783e+41
  3.60000e-02  9.12065e-06  1.60007e+41
  3.60000e-02  9.82224e-06  1.86219e+41
  3.60000e-02  1.05238e-05  2.14418e+41
  3.60000e-02  1.12254e-05  2.44604e+41
  3.60000e-02  1.19270e-05  2.76778e+41
  3.60000e-02  1.26286e-05  3.10939e+41
  3.60000e-02  1.33302e-05  3.47087e+41
  3.60000e-02  1.40318e-05  3.85223e+41
  3.60000e-02  1.47334e-05  4.25346e+41
  3.60000e-02  1.54349e-05  4.67456e+41
  3.60000e-02  1.61365e-05  5.11553e+41
  3.60000e-02  1.68381e-05  5.57638e+41
  3.60000e-02  1.75397e-05  6.05710e+41

  3.84000e-02  0.00000e+00  1.38105e+38
  3.84000e-02  7.01588e-07  4.49242e+38
  3.84000e-02  1.40318e-06  2.88020e+39
  3.84000e-02  2.10477e-06  7.43099e+39
  3.84000e-02  2.80635e-06  1.41016e+40
  3.84000e-02  3.50794e-06  2.28920e+40
  3.84000e-02  4.20953e-06  3.38023e+40
  3.84000e-02  4.91112e-06  4.68324e+40
  3.84000e-02  5.61271e-06  6.19823e+40
  3.84000e-02  6.31430e-06  7.92520e+40
  3.84000e-02  7.01588e-06  9.86416e+40
  3.84000e-02  7.71747e-06  1.20151e+41
  3.84000e-02  8.41906e-06  1.43780e+41
  3.84000e-02  9.12065e-06  1.69529e+41
  3.84000e-02  9.82224e-06  1.97398e+41
  3.84000e-02  1.05238e-05  2.27387e+41
  3.84000e-02  1.12254e-05  2.59495e+41
  3.84000e-02  1.19270e-05  2.93724e+41
  3.84000e-02  1.26286e-05  3.30072e+41
  3.84000e-02  1.33302e-05  3.68540e+41
  3.84000e-02  1.40318e-05  4.09127e+41
  3.84000e-02  1.47334e-05  4.51835e+41
  3.84000e-02  1.54349e-05  4.96663e+41
  3.84000e-02  1.61365e-05  5.43610e+41
  3.84000e-02  1.68381e-05  5.92677e+41
  3.84000e-02  1.75397e-05  6.43864e+41

  4.08000e-02  0.00000e+00  1.87008e+38
  4.08000e-02  7.01588e-07  4.15040e+38
  4.08000e-02  1.40318e-06  2.89541e+39
  4.08000e-02  2.10477e-06  7.62812e+39
  4.08000e-02  2.80635e-06  1.46132e+40
  4.08000e-02  3.50794e-06  2.38505e+40
  4.08000e-02  4.20953e-06  3.53403e+40
  4.08000e-02  4.91112e-06  4.90823e+40
  4.08000e-02  5.61271e-06  6.50767e+40
  4.08000e-02  6.31430e-06  8.33235e+40
  4.08000e-02  7.01588e-06  1.03823e+41
  4.08000e-02  7.71747e-06  1.26574e+41
  4.08000e-02  8.41906e-06  1.51578e+41
  4.08000e-02  9.12065e-06  1.78834e+41
  4.08000e-02  9.82224e-06  2.08342e+41
  4.08000e-02  1.05238e-05  2.40103e+41
  4.08000e-02  1.12254e-05  2.74116e+41
  4.08000e-02  1.19270e-05  3.10382e+41
  4.08000e-02  1.26286e-05  3.48899e+41
  4.08000e-02  1.33302e-05  3.89669e+41
  4.08000e-02  1.40318e-05  4.32692e+41
  4.08000e-02  1.47334e-05  4.77967e+41
  4.08000e-02  1.54349e-05  5.25494e+41
  4.08000e-02  1.61365e-05  5.75273e+41
  4.08000e-02  1.68381e-05  6.27305e+41
  4.08000e-02  1.75397e-05  6.81589e+41

  4.32000e-02  0.00000e+00  2.48875e+38
  4.32000e-02  7.01588e-07  3.75154e+38
  4.32000e-02  1.40318e-06  2.88628e+39
  4.32000e-02  2.10477e-06  7.78227e+39
  4.32000e-02  2.80635e-06  1.50631e+40
  4.32000e-02  3.50794e-06  2.47288e+40
  4.32000e-02  4.20953e-06  3.67793e+40
  4.32000e-02  4.91112e-06  5.12147e+40
  4.32000e-02  5.61271e-06  6.80350e+40
  4.32000e-02  6.31430e-06  8.72400e+40
  4.32000e-02  7.01588e-06  1.08830e+41
  4.32000e-02  7.71747e-06  1.32805e+41
  4.32000e-02  8.41906e-06  1.59164e+41
  4.32000e-02  9.12065e-06  1.87909e+41
  4.32000e-02  9.82224e-06  2.19038e+41
  4.32000e-02  1.05238e-05  2.52552e+41
  4.32000e-02  1.12254e-05  2.88452e+41
  4.32000e-02  1.19270e-05  3.26735e+41
  4.32000e-02  1.26286e-05  3.67404e+41
  4.32000e-02  1.33302e-05  4.10458e+41
  4.32000e-02  1.40318e-05  4.55896e+41
  4.32000e-02  1.47334e-05  5.03720e+41
  4.32000e-02  1.54349e-05  5.53928e+41
  4.32000e-02  1.61365e-05  6.06521e+41
  4.32000e-02  1.68381e-05  6.61499e+41
  4.32000e-02  1.75397e-05  7.18861e+41

  4.56000e-02  0.00000e+00  3.26130e+38
  4.56000e-02  7.01588e-07  3.30910e+38
  4.56000e-02  1.40318e-06  2.85306e+39
  4.56000e-02  2.10477e-06  7.89257e+39
  4.56000e-02  2.80635e-06  1.54494e+40
  4.56000e-02  3.50794e-06  2.55237e+40
  4.56000e-02  4.20953e-06  3.81153e+40
  4.56000e-02  4.91112e-06  5.32243e+40
  4.56000e-02  5.61271e-06  7.08506e+40
  4.56000e-02  6.31430e-06  9.09943e+40
  4.56000e-02  7.01588e-06  1.13655e+41
  4.56000e-02  7.71747e-06  1.38834e+41
  4.56000e-02  8.41906e-06  1.66530e+41
  4.56000e-02  9.12065e-06  1.96743e+41
  4.56000e-02  9.82224e-06  2.29473e+41
  4.56000e-02  1.05238e-05  2.64721e+41
  4.56000e-02  1.12254e-05  3.02486e+41
  4.56000e-02  1.19270e-05  3.42769e+41
  4.56000e-02  1.26286e-05  3.85569e+41
  4.56000e-02  1.33302e-05  4.30886e+41
  4.56000e-02  1.40318e-05  4.78721e+41
  4.56000e-02  1.47334e-05  5.29073e+41
  4.56000e-02  1.54349e-05  5.81943e+41
  4.56000e-02  1.61365e-05  6.37330e+41
  4.56000e-02  1.68381e-05  6.95234e+41
  4.56000e-02  1.75397e-05  7.55655e+41

  4.80000e-02  0.00000e+00  4.21480e+38
  4.80000e-02  7.01588e-07  2.83918e+38
  4.80000e-02  1.40318e-06  2.79624e+39
  4.80000e-02  2.10477e-06  7.95843e+39
  4.80000e-02  2.80635e-06  1.57705e+40
  4.80000e-02  3.50794e-06  2.62325e+40
  4.80000e-02  4.20953e-06  3.93443e+40
  4.80000e-02  4.91112e-06  5.51060e+40
  4.80000e-02  5.61271e-06  7.35176e+40
  4.80000e-02  6.31430e-06  9.45791e+40
  4.80000e-02  7.01588e-06  1.18290e+41
  4.80000e-02  7.71747e-06  1.44652e+41
  4.80000e-02  8.41906e-06  1.73663e+41
  4.80000e-02  9.12065e-06  2.05324e+41
  4.80000e-02  9.82224e-06  2.39635e+41
  4.80000e-02  1.05238e-05  2.76595e+41
  4.80000e-02  1.12254e-05  3.16206e+41
  4.80000e-02  1.19270e-05  3.58467e+41
  4.80000e-02  1.26286e-05  4.03377e+41
  4.80000e-02  1.33302e-05  4.50937e+41
  4.80000e-02  1.40318e-05  5.01147e+41
  4.80000e-02  1.47334e-05  5.54007e+41
  4.80000e-02  1.54349e-05  6.09517e+41
  4.80000e-02  1.61365e-05  6.67677e+41
  4.80000e-02  1.68381e-05  7.28487e+41
  4.80000e-02  1.75397e-05  7.91946e+41

  5.04000e-02  0.00000e+00  5.37931e+38
  5.04000e-02  7.01588e-07  2.36089e+38
  5.04000e-02  1.40318e-06  2.71664e+39
  5.04000e-02  2.10477e-06  7.97958e+39
  5.04000e-02  2.80635e-06  1.60249e+40
  5.04000e-02  3.50794e-06  2.68527e+40
  5.04000e-02  4.20953e-06  4.04628e+40
  5.04000e-02  4.91112e-06  5.68553e+40
  5.04000e-02  5.61271e-06  7.60302e+40
  5.04000e-02  6.31430e-06  9.79875e+40
  5.04000e-02  7.01588e-06  1.22727e+41
  5.04000e-02  7.71747e-06  1.50249e+41
  5.04000e-02  8.41906e-06  1.80554e+41
  5.04000e-02  9.12065e-06  2.13641e+41
  5.04000e-02  9.82224e-06  2.49510e+41
  5.04000e-02  1.05238e-05  2.88162e+41
  5.04000e-02  1.12254e-05  3.29596e+41
  5.04000e-02  1.19270e-05  3.73812e+41
  5.04000e-02  1.26286e-05  4.20811e+41
  5.04000e-02  1.33302e-05  4.70592e+41
  5.04000e-02  1.40318e-05  5.23156e+41
  5.04000e-02  1.47334e-05  5.78502e+41
  5.04000e-02  1.54349e-05  6.36630e+41
  5.04000e-02  1.61365e-05  6.97541e+41
  5.04000e-02  1.68381e-05  7.61234e+41
  5.04000e-02  1.75397e-05  8.27710e+41

  5.28000e-02  0.00000e+00  6.78807e+38
  5.28000e-02  7.01588e-07  1.89648e+38
  5.28000e-02  1.40318e-06  2.61540e+39
  5.28000e-02  2.10477e-06  7.95605e+39
  5.28000e-02  2.80635e-06  1.62116e+40
  5.28000e-02  3.50794e-06  2.73821e+40
  5.28000e-02  4.20953e-06  4.14675e+40
  5.28000e-02  4.91112e-06  5.84677e+40
  5.28000e-02  5.61271e-06  7.83829e+40
  5.28000e-02  6.31430e-06  1.01213e+41
  5.28000e-02  7.01588e-06  1.26958e+41
  5.28000e-02  7.71747e-06  1.55618e+41
  5.28000e-02  8.41906e-06  1.87193e+41
  5.28000e-02  9.12065e-06  2.21682e+41
  5.28000e-02  9.82224e-06  2.59087e+41
  5.28000e-02  1.05238e-05  2.99407e+41
  5.28000e-02  1.12254e-05  3.42641e+41
  5.28000e-02  1.19270e-05  3.88790e+41
  5.28000e-02  1.26286e-05  4.37855e+41
  5.28000e-02  1.33302e-05  4.89834e+41
  5.28000e-02  1.40318e-05  5.44728e+41
  5.28000e-02  1.47334e-05  6.02537e+41
  5.28000e-02  1.54349e-05  6.63261e+41
  5.28000e-02  1.61365e-05  7.26900e+41
  5.28000e-02  1.68381e-05  7.93453e+41
  5.28000e-02  1.75397e-05  8.62922e+41

  5.52000e-02  0.00000e+00  8.47763e+38
  5.52000e-02  7.01588e-07  1.47153e+38
  5.52000e-02  1.40318e-06  2.49396e+39
  5.52000e-02  2.10477e-06  7.88820e+39
  5.52000e-02  2.80635e-06  1.63298e+40
  5.52000e-02  3.50794e-06  2.78189e+40
  5.52000e-02  4.20953e-06  4.23554e+40
  5.52000e-02  4.91112e-06  5.99393e+40
  5.52000e-02  5.61271e-06  8.05707e+40
  5.52000e-02  6.31430e-06  1.04249e+41
  5.52000e-02  7.01588e-06  1.30976e+41
  5.52000e-02  7.71747e-06  1.60749e+41
  5.52000e-02  8.41906e-06  1.93570e+41
  5.52000e-02  9.12065e-06  2.29439e+41
  5.52000e-02  9.82224e-06  2.68355e+41
  5.52000e-02  1.05238e-05  3.10318e+41
  5.52000e-02  1.12254e-05  3.55328e+41
  5.52000e-02  1.19270e-05  4.03387e+41
  5.52000e-02  1.26286e-05  4.54492e+41
  5.52000e-02  1.33302e-05  5.08645e+41
  5.52000e-02  1.40318e-05  5.65846e+41
  5.52000e-02  1.47334e-05  6.26093e+41
  5.52000e-02  1.54349e-05  6.89389e+41
  5.52000e-02  1.61365e-05  7.55731e+41
  5.52000e-02  1.68381e-05  8.25121e+41
  5.52000e-02  1.75397e-05  8.97559e+41

  5.76000e-02  0.00000e+00  1.04880e+39
  5.76000e-02  7.01588e-07  1.11512e+38
  5.76000e-02  1.40318e-06  2.35416e+39
  5.76000e-02  2.10477e-06  7.77673e+39
  5.76000e-02  2.80635e-06  1.63792e+40
  5.76000e-02  3.50794e-06  2.81617e+40
  5.76000e-02  4.20953e-06  4.31241e+40
  5.76000e-02  4.91112e-06  6.12664e+40
  5.76000e-02  5.61271e-06  8.25886e+40
  5.76000e-02  6.31430e-06  1.07091e+41
  5.76000e-02  7.01588e-06  1.34773e+41
  5.76000e-02  7.71747e-06  1.65635e+41
  5.76000e-02  8.41906e-06  1.99677e+41
  5.76000e-02  9.12065e-06  2.36899e+41
  5.76000e-02  9.82224e-06  2.77301e+41
  5.76000e-02  1.05238e-05  3.20883e+41
  5.76000e-02  1.12254e-05  3.67644e+41
  5.76000e-02  1.19270e-05  4.17586e+41
  5.76000e-02  1.26286e-05  4.70708e+41
  5.76000e-02  1.33302e-05  5.27009e+41
  5.76000e-02  1.40318e-05  5.86491e+41
  5.76000e-02  1.47334e-05  6.49152e+41
  5.76000e-02  1.54349e-05  7.14993e+41
  5.76000e-02  1.61365e-05  7.84015e+41
  5.76000e-02  1.68381e-05  8.56216e+41
  5.76000e-02  1.75397e-05  9.31597e+41

  6.00000e-02  0.00000e+00  1.28629e+39
  6.00000e-02  7.01588e-07  8.59934e+37
  6.00000e-02  1.40318e-06  2.19814e+39
  6.00000e-02  2.10477e-06  7.62274e+39
  6.00000e-02  2.80635e-06  1.63598e+40
  6.00000e-02  3.50794e-06  2.84093e+40
  6.00000e-02  4.20953e-06  4.37712e+40
  6.00000e-02  4.91112e-06  6.24456e+40
  6.00000e-02  5.61271e-06  8.44324e+40
  6.00000e-02  6.31430e-06  1.09732e+41
  6.00000e-02  7.01588e-06  1.38343e+41
  6.00000e-02  7.71747e-06  1.70268e+41
  6.00000e-02  8.41906e-06  2.05504e+41
  6.00000e-02  9.12065e-06  2.44053e+41
  6.00000e-02  9.82224e-06  2.85915e+41
  6.00000e-02  1.05238e-05  3.31089e+41
  6.00000e-02  1.12254e-05  3.79575e+41
  6.00000e-02  1.19270e-05  4.31374e+41
  6.00000e-02  1.26286e-05  4.86485e+41
  6.00000e-02  1.33302e-05  5.44909e+41
  6.00000e-02  1.40318e-05  6.06645e+41
  6.00000e-02  1.47334e-05  6.71694e+41
  6.00000e-02  1.54349e-05  7.40055e+41
  6.00000e-02  1.61365e-05  8.11729e+41
  6.00000e-02  1.68381e-05  8.86715e+41
  6.00000e-02  1.75397e-05  9.65013e+41

