  0.00000e+00  0.00000e+00 -4.66897e+21
  0.00000e+00  7.01588e-07 -1.98325e+35
  0.00000e+00  1.40318e-06 -7.93301e+35
  0.00000e+00  2.10477e-06 -1.78493e+36
  0.00000e+00  2.80635e-06 -3.17320e+36
  0.00000e+00  3.50794e-06 -4.95813e+36
  0.00000e+00  4.20953e-06 -7.13971e+36
  0.00000e+00  4.91112e-06 -9.71793e+36
  0.00000e+00  5.61271e-06 -1.26928e+37
  0.00000e+00  6.31430e-06 -1.60643e+37
  0.00000e+00  7.01588e-06 -1.98325e+37
  0.00000e+00  7.71747e-06 -2.39973e+37
  0.00000e+00  8.41906e-06 -2.85588e+37
  0.00000e+00  9.12065e-06 -3.35170e+37
  0.00000e+00  9.82224e-06 -3.88717e+37
  0.00000e+00  1.05238e-05 -4.46232e+37
  0.00000e+00  1.12254e-05 -5.07712e+37
  0.00000e+00  1.19270e-05 -5.73160e+37
  0.00000e+00  1.26286e-05 -6.42574e+37
  0.00000e+00  1.33302e-05 -7.15954e+37
  0.00000e+00  1.40318e-05 -7.93301e+37
  0.00000e+00  1.47334e-05 -8.74614e+37
  0.00000e+00  1.54349e-05 -9.59894e+37
  0.00000e+00  1.61365e-05 -1.04914e+38
  0.00000e+00  1.68381e-05 -1.14235e+38
  0.00000e+00  1.75397e-05 -1.23953e+38

  8.34874e-07  0.00000e+00 -3.79879e+33
  8.34874e-07  7.01588e-07 -8.46626e+34
  8.34874e-07  1.40318e-06 -5.62177e+35
  8.34874e-07  2.10477e-06 -1.43634e+36
  8.34874e-07  2.80635e-06 -2.70716e+36
  8.34874e-07  3.50794e-06 -4.37462e+36
  8.34874e-07  4.20953e-06 -6.43874e+36
  8.34874e-07  4.91112e-06 -8.89950e+36
  8.34874e-07  5.61271e-06 -1.17569e+37
  8.34874e-07  6.31430e-06 -1.50110e+37
  8.34874e-07  7.01588e-06 -1.86617e+37
  8.34874e-07  7.71747e-06 -2.27091e+37
  8.34874e-07  8.41906e-06 -2.71531e+37
  8.34874e-07  9.12065e-06 -3.19938e+37
  8.34874e-07  9.82224e-06 -3.72311e+37
  8.34874e-07  1.05238e-05 -4.28650e+37
  8.34874e-07  1.12254e-05 -4.88957e+37
  8.34874e-07  1.19270e-05 -5.53229e+37
  8.34874e-07  1.26286e-05 -6.21468e+37
  8.34874e-07  1.33302e-05 -6.93674e+37
  8.34874e-07  1.40318e-05 -7.69846e+37
  8.34874e-07  1.47334e-05 -8.49985e+37
  8.34874e-07  1.54349e-05 -9.34090e+37
  8.34874e-07  1.61365e-05 -1.02216e+38
  8.34874e-07  1.68381e-05 -1.11420e+38
  8.34874e-07  1.75397e-05 -1.21020e+38

  1.66975e-06  0.00000e+00 -1.51951e+34
  1.66975e-06  7.01588e-07  2.14024e+34
  1.66975e-06  1.40318e-06 -3.38650e+35
  1.66975e-06  2.10477e-06 -1.09535e+36
  1.66975e-06  2.80635e-06 -2.24871e+36
  1.66975e-06  3.50794e-06 -3.79871e+36
  1.66975e-06  4.20953e-06 -5.74536e+36
  1.66975e-06  4.91112e-06 -8.08867e+36
  1.66975e-06  5.61271e-06 -1.08286e+37
  1.66975e-06  6.31430e-06 -1.39652e+37
  1.66975e-06  7.01588e-06 -1.74985e+37
  1.66975e-06  7.71747e-06 -2.14284e+37
  1.66975e-06  8.41906e-06 -2.57549e+37
  1.66975e-06  9.12065e-06 -3.04782e+37
  1.66975e-06  9.82224e-06 -3.55980e+37
  1.66975e-06  1.05238e-05 -4.11145e+37
  1.66975e-06  1.12254e-05 -4.70277e+37
  1.66975e-06  1.19270e-05 -5.33375e+37
  1.66975e-06  1.26286e-05 -6.00439e+37
  1.66975e-06  1.33302e-05 -6.71471e+37
  1.66975e-06  1.40318e-05 -7.46468e+37
  1.66975e-06  1.47334e-05 -8.25432e+37
  1.66975e-06  1.54349e-05 -9.08363e+37
  1.66975e-06  1.61365e-05 -9.95260e+37
  1.66975e-06  1.68381e-05 -1.08612e+38
  1.66975e-06  1.75397e-05 -1.18095e+38

  2.50462e-06  0.00000e+00 -3.41890e+34
  2.50462e-06  7.01588e-07  1.19870e+35
  2.50462e-06  1.40318e-06 -1.22722e+35
  2.50462e-06  2.10477e-06 -7.61963e+35
  2.50462e-06  2.80635e-06 -1.79786e+36
  2.50462e-06  3.50794e-06 -3.23040e+36
  2.50462e-06  4.20953e-06 -5.05959e+36
  2.50462e-06  4.91112e-06 -7.28543e+36
  2.50462e-06  5.61271e-06 -9.90793e+36
  2.50462e-06  6.31430e-06 -1.29271e+37
  2.50462e-06  7.01588e-06 -1.63429e+37
  2.50462e-06  7.71747e-06 -2.01553e+37
  2.50462e-06  8.41906e-06 -2.43644e+37
  2.50462e-06  9.12065e-06 -2.89702e+37
  2.50462e-06  9.82224e-06 -3.39725e+37
  2.50462e-06  1.05238e-05 -3.93716e+37
  2.50462e-06  1.12254e-05 -4.51673e+37
  2.50462e-06  1.19270e-05 -5.13596e+37
  2.50462e-06  1.26286e-05 -5.79486e+37
  2.50462e-06  1.33302e-05 -6.49343e+37
  2.50462e-06  1.40318e-05 -7.23166e+37
  2.50462e-06  1.47334e-05 -8.00955e+37
  2.50462e-06  1.54349e-05 -8.82711e+37
  2.50462e-06  1.61365e-05 -9.68434e+37
  2.50462e-06  1.68381e-05 -1.05812e+38
  2.50462e-06  1.75397e-05 -1.15178e+38

  3.33949e-06  0.00000e+00 -6.07805e+34
  3.33949e-06  7.01588e-07  2.10740e+35
  3.33949e-06  1.40318e-06  8.56096e+34
  3.33949e-06  2.10477e-06 -4.36171e+35
  3.33949e-06  2.80635e-06 -1.35460e+36
  3.33949e-06  3.50794e-06 -2.66968e+36
  3.33949e-06  4.20953e-06 -4.38141e+36
  3.33949e-06  4.91112e-06 -6.48980e+36
  3.33949e-06  5.61271e-06 -8.99483e+36
  3.33949e-06  6.31430e-06 -1.18965e+37
  3.33949e-06  7.01588e-06 -1.51948e+37
  3.33949e-06  7.71747e-06 -1.88898e+37
  3.33949e-06  8.41906e-06 -2.29815e+37
  3.33949e-06  9.12065e-06 -2.74697e+37
  3.33949e-06  9.82224e-06 -3.23547e+37
  3.33949e-06  1.05238e-05 -3.76363e+37
  3.33949e-06  1.12254e-05 -4.33145e+37
  3.33949e-06  1.19270e-05 -4.93894e+37
  3.33949e-06  1.26286e-05 -5.58609e+37
  3.33949e-06  1.33302e-05 -6.27291e+37
  3.33949e-06  1.40318e-05 -6.99939e+37
  3.33949e-06  1.47334e-05 -7.76554e+37
  3.33949e-06  1.54349e-05 -8.57136e+37
  3.33949e-06  1.61365e-05 -9.41684e+37
  3.33949e-06  1.68381e-05 -1.03020e+38
  3.33949e-06  1.75397e-05 -1.12268e+38

  4.17437e-06  0.00000e+00 -9.49695e+34
  4.17437e-06  7.01588e-07  2.94012e+35
  4.17437e-06  1.40318e-06  2.86343e+35
  4.17437e-06  2.10477e-06 -1.17976e+35
  4.17437e-06  2.80635e-06 -9.18945e+35
  4.17437e-06  3.50794e-06 -2.11657e+36
  4.17437e-06  4.20953e-06 -3.71084e+36
  4.17437e-06  4.91112e-06 -5.70176e+36
  4.17437e-06  5.61271e-06 -8.08933e+36
  4.17437e-06  6.31430e-06 -1.08735e+37
  4.17437e-06  7.01588e-06 -1.40544e+37
  4.17437e-06  7.71747e-06 -1.76319e+37
  4.17437e-06  8.41906e-06 -2.16061e+37
  4.17437e-06  9.12065e-06 -2.59769e+37
  4.17437e-06  9.82224e-06 -3.07444e+37
  4.17437e-06  1.05238e-05 -3.59085e+37
  4.17437e-06  1.12254e-05 -4.14693e+37
  4.17437e-06  1.19270e-05 -4.74267e+37
  4.17437e-06  1.26286e-05 -5.37808e+37
  4.17437e-06  1.33302e-05 -6.05315e+37
  4.17437e-06  1.40318e-05 -6.76789e+37
  4.17437e-06  1.47334e-05 -7.52229e+37
  4.17437e-06  1.54349e-05 -8.31636e+37
  4.17437e-06  1.61365e-05 -9.15009e+37
  4.17437e-06  1.68381e-05 -1.00235e+38
  4.17437e-06  1.75397e-05 -1.09366e+38

  5.00924e-06  0.00000e+00 -1.36756e+35
  5.00924e-06  7.01588e-07  3.69687e+35
  5.00924e-06  1.40318e-06  4.79479e+35
  5.00924e-06  2.10477e-06  1.92622e+35
  5.00924e-06  2.80635e-06 -4.90887e+35
  5.00924e-06  3.50794e-06 -1.57105e+36
  5.00924e-06  4.20953e-06 -3.04785e+36
  5.00924e-06  4.91112e-06 -4.92131e+36
  5.00924e-06  5.61271e-06 -7.19142e+36
  5.00924e-06  6.31430e-06 -9.85818e+36
  5.00924e-06  7.01588e-06 -1.29216e+37
  5.00924e-06  7.71747e-06 -1.63817e+37
  5.00924e-06  8.41906e-06 -2.02384e+37
  5.00924e-06  9.12065e-06 -2.44917e+37
  5.00924e-06  9.82224e-06 -2.91417e+37
  5.00924e-06  1.05238e-05 -3.41884e+37
  5.00924e-06  1.12254e-05 -3.96317e+37
  5.00924e-06  1.19270e-05 -4.54717e+37
  5.00924e-06  1.26286e-05 -5.17083e+37
  5.00924e-06  1.33302e-05 -5.83416e+37
  5.00924e-06  1.40318e-05 -6.53715e+37
  5.00924e-06  1.47334e-05 -7.27980e+37
  5.00924e-06  1.54349e-05 -8.06212e+37
  5.00924e-06  1.61365e-05 -8.88411e+37
  5.00924e-06  1.68381e-05 -9.74576e+37
  5.00924e-06  1.75397e-05 -1.06471e+38

  5.84412e-06  0.00000e+00 -1.86140e+35
  5.84412e-06  7.01588e-07  4.37764e+35
  5.84412e-06  1.40318e-06  6.65018e+35
  5.84412e-06  2.10477e-06  4.95621e+35
  5.84412e-06  2.80635e-06 -7.04254e+34
  5.84412e-06  3.50794e-06 -1.03312e+36
  5.84412e-06  4.20953e-06 -2.39247e+36
  5.84412e-06  4.91112e-06 -4.14847e+36
  5.84412e-06  5.61271e-06 -6.30112e+36
  5.84412e-06  6.31430e-06 -8.85041e+36
  5.84412e-06  7.01588e-06 -1.17964e+37
  5.84412e-06  7.71747e-06 -1.51390e+37
  5.84412e-06  8.41906e-06 -1.88782e+37
  5.84412e-06  9.12065e-06 -2.30141e+37
  5.84412e-06  9.82224e-06 -2.75467e+37
  5.84412e-06  1.05238e-05 -3.24759e+37
  5.84412e-06  1.12254e-05 -3.78017e+37
  5.84412e-06  1.19270e-05 -4.35242e+37
  5.84412e-06  1.26286e-05 -4.96434e+37
  5.84412e-06  1.33302e-05 -5.61592e+37
  5.84412e-06  1.40318e-05 -6.30716e+37
  5.84412e-06  1.47334e-05 -7.03807e+37
  5.84412e-06  1.54349e-05 -7.80865e+37
  5.84412e-06  1.61365e-05 -8.61889e+37
  5.84412e-06  1.68381e-05 -9.46879e+37
  5.84412e-06  1.75397e-05 -1.03584e+38

  6.67899e-06  0.00000e+00 -2.43122e+35
  6.67899e-06  7.01588e-07  4.98244e+35
  6.67899e-06  1.40318e-06  8.42959e+35
  6.67899e-06  2.10477e-06  7.91024e+35
  6.67899e-06  2.80635e-06  3.42438e+35
  6.67899e-06  3.50794e-06 -5.02798e+35
  6.67899e-06  4.20953e-06 -1.74468e+36
  6.67899e-06  4.91112e-06 -3.38322e+36
  6.67899e-06  5.61271e-06 -5.41841e+36
  6.67899e-06  6.31430e-06 -7.85024e+36
  6.67899e-06  7.01588e-06 -1.06787e+37
  6.67899e-06  7.71747e-06 -1.39039e+37
  6.67899e-06  8.41906e-06 -1.75257e+37
  6.67899e-06  9.12065e-06 -2.15441e+37
  6.67899e-06  9.82224e-06 -2.59592e+37
  6.67899e-06  1.05238e-05 -3.07709e+37
  6.67899e-06  1.12254e-05 -3.59793e+37
  6.67899e-06  1.19270e-05 -4.15844e+37
  6.67899e-06  1.26286e-05 -4.75860e+37
  6.67899e-06  1.33302e-05 -5.39844e+37
  6.67899e-06  1.40318e-05 -6.07794e+37
  6.67899e-06  1.47334e-05 -6.79710e+37
  6.67899e-06  1.54349e-05 -7.55593e+37
  6.67899e-06  1.61365e-05 -8.35443e+37
  6.67899e-06  1.68381e-05 -9.19258e+37
  6.67899e-06  1.75397e-05 -1.00704e+38

  7.51386e-06  0.00000e+00 -3.07701e+35
  7.51386e-06  7.01588e-07  5.51126e+35
  7.51386e-06  1.40318e-06  1.01330e+36
  7.51386e-06  2.10477e-06  1.07883e+36
  7.51386e-06  2.80635e-06  7.47704e+35
  7.51386e-06  3.50794e-06  1.99298e+34
  7.51386e-06  4.20953e-06 -1.10450e+36
  7.51386e-06  4.91112e-06 -2.62557e+36
  7.51386e-06  5.61271e-06 -4.54330e+36
  7.51386e-06  6.31430e-06 -6.85767e+36
  7.51386e-06  7.01588e-06 -9.56870e+36
  7.51386e-06  7.71747e-06 -1.26764e+37
  7.51386e-06  8.41906e-06 -1.61807e+37
  7.51386e-06  9.12065e-06 -2.00817e+37
  7.51386e-06  9.82224e-06 -2.43793e+37
  7.51386e-06  1.05238e-05 -2.90736e+37
  7.51386e-06  1.12254e-05 -3.41645e+37
  7.51386e-06  1.19270e-05 -3.96521e+37
  7.51386e-06  1.26286e-05 -4.55363e+37
  7.51386e-06  1.33302e-05 -5.18172e+37
  7.51386e-06  1.40318e-05 -5.84947e+37
  7.51386e-06  1.47334e-05 -6.55689e+37
  7.51386e-06  1.54349e-05 -7.30397e+37
  7.51386e-06  1.61365e-05 -8.09072e+37
  7.51386e-06  1.68381e-05 -8.91714e+37
  7.51386e-06  1.75397e-05 -9.78321e+37

  8.34874e-06  0.00000e+00 -3.79878e+35
  8.34874e-06  7.01588e-07  5.96410e+35
  8.34874e-06  1.40318e-06  1.17605e+36
  8.34874e-06  2.10477e-06  1.35904e+36
  8.34874e-06  2.80635e-06  1.14537e+36
  8.34874e-06  3.50794e-06  5.35060e+35
  8.34874e-06  4.20953e-06 -4.71904e+35
  8.34874e-06  4.91112e-06 -1.87552e+36
  8.34874e-06  5.61271e-06 -3.67578e+36
  8.34874e-06  6.31430e-06 -5.87270e+36
  8.34874e-06  7.01588e-06 -8.46626e+36
  8.34874e-06  7.71747e-06 -1.14565e+37
  8.34874e-06  8.41906e-06 -1.48433e+37
  8.34874e-06  9.12065e-06 -1.86269e+37
  8.34874e-06  9.82224e-06 -2.28070e+37
  8.34874e-06  1.05238e-05 -2.73838e+37
  8.34874e-06  1.12254e-05 -3.23573e+37
  8.34874e-06  1.19270e-05 -3.77274e+37
  8.34874e-06  1.26286e-05 -4.34942e+37
  8.34874e-06  1.33302e-05 -4.96576e+37
  8.34874e-06  1.40318e-05 -5.62177e+37
  8.34874e-06  1.47334e-05 -6.31744e+37
  8.34874e-06  1.54349e-05 -7.05278e+37
  8.34874e-06  1.61365e-05 -7.82778e+37
  8.34874e-06  1.68381e-05 -8.64245e+37
  8.34874e-06  1.75397e-05 -9.49678e+37

  9.18361e-06  0.00000e+00 -4.59652e+35
  9.18361e-06  7.01588e-07  6.34097e+35
  9.18361e-06  1.40318e-06  1.33120e+36
  9.18361e-06  2.10477e-06  1.63165e+36
  9.18361e-06  2.80635e-06  1.53544e+36
  9.18361e-06  3.50794e-06  1.04259e+36
  9.18361e-06  4.20953e-06  1.53090e+35
  9.18361e-06  4.91112e-06 -1.13306e+36
  9.18361e-06  5.61271e-06 -2.81587e+36
  9.18361e-06  6.31430e-06 -4.89532e+36
  9.18361e-06  7.01588e-06 -7.37142e+36
  9.18361e-06  7.71747e-06 -1.02442e+37
  9.18361e-06  8.41906e-06 -1.35136e+37
  9.18361e-06  9.12065e-06 -1.71796e+37
  9.18361e-06  9.82224e-06 -2.12423e+37
  9.18361e-06  1.05238e-05 -2.57017e+37
  9.18361e-06  1.12254e-05 -3.05577e+37
  9.18361e-06  1.19270e-05 -3.58104e+37
  9.18361e-06  1.26286e-05 -4.14597e+37
  9.18361e-06  1.33302e-05 -4.75056e+37
  9.18361e-06  1.40318e-05 -5.39482e+37
  9.18361e-06  1.47334e-05 -6.07875e+37
  9.18361e-06  1.54349e-05 -6.80234e+37
  9.18361e-06  1.61365e-05 -7.56560e+37
  9.18361e-06  1.68381e-05 -8.36852e+37
  9.18361e-06  1.75397e-05 -9.21110e+37

  1.00185e-05  0.00000e+00 -5.47024e+35
  1.00185e-05  7.01588e-07  6.64187e+35
  1.00185e-05  1.40318e-06  1.47875e+36
  1.00185e-05  2.10477e-06  1.89666e+36
  1.00185e-05  2.80635e-06  1.91792e+36
  1.00185e-05  3.50794e-06  1.54253e+36
  1.00185e-05  4.20953e-06  7.70486e+35
  1.00185e-05  4.91112e-06 -3.98205e+35
  1.00185e-05  5.61271e-06 -1.96355e+36
  1.00185e-05  6.31430e-06 -3.92554e+36
  1.00185e-05  7.01588e-06 -6.28418e+36
  1.00185e-05  7.71747e-06 -9.03947e+36
  1.00185e-05  8.41906e-06 -1.21914e+37
  1.00185e-05  9.12065e-06 -1.57400e+37
  1.00185e-05  9.82224e-06 -1.96853e+37
  1.00185e-05  1.05238e-05 -2.40271e+37
  1.00185e-05  1.12254e-05 -2.87657e+37
  1.00185e-05  1.19270e-05 -3.39009e+37
  1.00185e-05  1.26286e-05 -3.94327e+37
  1.00185e-05  1.33302e-05 -4.53612e+37
  1.00185e-05  1.40318e-05 -5.16864e+37
  1.00185e-05  1.47334e-05 -5.84082e+37
  1.00185e-05  1.54349e-05 -6.55266e+37
  1.00185e-05  1.61365e-05 -7.30417e+37
  1.00185e-05  1.68381e-05 -8.09535e+37
  1.00185e-05  1.75397e-05 -8.92619e+37

  1.08534e-05  0.00000e+00 -6.41993e+35
  1.08534e-05  7.01588e-07  6.86679e+35
  1.08534e-05  1.40318e-06  1.61870e+36
  1.08534e-05  2.10477e-06  2.15407e+36
  1.08534e-05  2.80635e-06  2.29279e+36
  1.08534e-05  3.50794e-06  2.03486e+36
  1.08534e-05  4.20953e-06  1.38028e+36
  1.08534e-05  4.91112e-06  3.29054e+35
  1.08534e-05  5.61271e-06 -1.11883e+36
  1.08534e-05  6.31430e-06 -2.96336e+36
  1.08534e-05  7.01588e-06 -5.20454e+36
  1.08534e-05  7.71747e-06 -7.84237e+36
  1.08534e-05  8.41906e-06 -1.08769e+37
  1.08534e-05  9.12065e-06 -1.43080e+37
  1.08534e-05  9.82224e-06 -1.81358e+37
  1.08534e-05  1.05238e-05 -2.23602e+37
  1.08534e-05  1.12254e-05 -2.69813e+37
  1.08534e-05  1.19270e-05 -3.19990e+37
  1.08534e-05  1.26286e-05 -3.74134e+37
  1.08534e-05  1.33302e-05 -4.32244e+37
  1.08534e-05  1.40318e-05 -4.94321e+37
  1.08534e-05  1.47334e-05 -5.60365e+37
  1.08534e-05  1.54349e-05 -6.30374e+37
  1.08534e-05  1.61365e-05 -7.04351e+37
  1.08534e-05  1.68381e-05 -7.82294e+37
  1.08534e-05  1.75397e-05 -8.64203e+37

  1.16882e-05  0.00000e+00 -7.44560e+35
  1.16882e-05  7.01588e-07  7.01573e+35
  1.16882e-05  1.40318e-06  1.75106e+36
  1.16882e-05  2.10477e-06  2.40389e+36
  1.16882e-05  2.80635e-06  2.66007e+36
  1.16882e-05  3.50794e-06  2.51960e+36
  1.16882e-05  4.20953e-06  1.98249e+36
  1.16882e-05  4.91112e-06  1.04872e+36
  1.16882e-05  5.61271e-06 -2.81702e+35
  1.16882e-05  6.31430e-06 -2.00877e+36
  1.16882e-05  7.01588e-06 -4.13249e+36
  1.16882e-05  7.71747e-06 -6.65286e+36
  1.16882e-05  8.41906e-06 -9.56988e+36
  1.16882e-05  9.12065e-06 -1.28836e+37
  1.16882e-05  9.82224e-06 -1.65939e+37
  1.16882e-05  1.05238e-05 -2.07008e+37
  1.16882e-05  1.12254e-05 -2.52045e+37
  1.16882e-05  1.19270e-05 -3.01047e+37
  1.16882e-05  1.26286e-05 -3.54017e+37
  1.16882e-05  1.33302e-05 -4.10952e+37
  1.16882e-05  1.40318e-05 -4.71855e+37
  1.16882e-05  1.47334e-05 -5.36723e+37
  1.16882e-05  1.54349e-05 -6.05559e+37
  1.16882e-05  1.61365e-05 -6.78360e+37
  1.16882e-05  1.68381e-05 -7.55129e+37
  1.16882e-05  1.75397e-05 -8.35863e+37

  1.25231e-05  0.00000e+00 -8.54725e+35
  1.25231e-05  7.01588e-07  7.08870e+35
  1.25231e-05  1.40318e-06  1.87581e+36
  1.25231e-05  2.10477e-06  2.64611e+36
  1.25231e-05  2.80635e-06  3.01975e+36
  1.25231e-05  3.50794e-06  2.99675e+36
  1.25231e-05  4.20953e-06  2.57709e+36
  1.25231e-05  4.91112e-06  1.76078e+36
  1.25231e-05  5.61271e-06  5.47824e+35
  1.25231e-05  6.31430e-06 -1.06178e+36
  1.25231e-05  7.01588e-06 -3.06804e+36
  1.25231e-05  7.71747e-06 -5.47095e+36
  1.25231e-05  8.41906e-06 -8.27051e+36
  1.25231e-05  9.12065e-06 -1.14667e+37
  1.25231e-05  9.82224e-06 -1.50596e+37
  1.25231e-05  1.05238e-05 -1.90491e+37
  1.25231e-05  1.12254e-05 -2.34352e+37
  1.25231e-05  1.19270e-05 -2.82181e+37
  1.25231e-05  1.26286e-05 -3.33975e+37
  1.25231e-05  1.33302e-05 -3.89736e+37
  1.25231e-05  1.40318e-05 -4.49464e+37
  1.25231e-05  1.47334e-05 -5.13158e+37
  1.25231e-05  1.54349e-05 -5.80819e+37
  1.25231e-05  1.61365e-05 -6.52446e+37
  1.25231e-05  1.68381e-05 -7.28039e+37
  1.25231e-05  1.75397e-05 -8.07600e+37

  1.33580e-05  0.00000e+00 -9.72487e+35
  1.33580e-05  7.01588e-07  7.08569e+35
  1.33580e-05  1.40318e-06  1.99298e+36
  1.33580e-05  2.10477e-06  2.88073e+36
  1.33580e-05  2.80635e-06  3.37184e+36
  1.33580e-05  3.50794e-06  3.46629e+36
  1.33580e-05  4.20953e-06  3.16409e+36
  1.33580e-05  4.91112e-06  2.46525e+36
  1.33580e-05  5.61271e-06  1.36975e+36
  1.33580e-05  6.31430e-06 -1.22394e+35
  1.33580e-05  7.01588e-06 -2.01119e+36
  1.33580e-05  7.71747e-06 -4.29664e+36
  1.33580e-05  8.41906e-06 -6.97874e+36
  1.33580e-05  9.12065e-06 -1.00575e+37
  1.33580e-05  9.82224e-06 -1.35329e+37
  1.33580e-05  1.05238e-05 -1.74049e+37
  1.33580e-05  1.12254e-05 -2.16736e+37
  1.33580e-05  1.19270e-05 -2.63390e+37
  1.33580e-05  1.26286e-05 -3.14010e+37
  1.33580e-05  1.33302e-05 -3.68596e+37
  1.33580e-05  1.40318e-05 -4.27149e+37
  1.33580e-05  1.47334e-05 -4.89669e+37
  1.33580e-05  1.54349e-05 -5.56155e+37
  1.33580e-05  1.61365e-05 -6.26607e+37
  1.33580e-05  1.68381e-05 -7.01026e+37
  1.33580e-05  1.75397e-05 -7.79412e+37

  1.41929e-05  0.00000e+00 -1.09785e+36
  1.41929e-05  7.01588e-07  7.00671e+35
  1.41929e-05  1.40318e-06  2.10254e+36
  1.41929e-05  2.10477e-06  3.10775e+36
  1.41929e-05  2.80635e-06  3.71632e+36
  1.41929e-05  3.50794e-06  3.92824e+36
  1.41929e-05  4.20953e-06  3.74350e+36
  1.41929e-05  4.91112e-06  3.16212e+36
  1.41929e-05  5.61271e-06  2.18408e+36
  1.41929e-05  6.31430e-06  8.09398e+35
  1.41929e-05  7.01588e-06 -9.61937e+35
  1.41929e-05  7.71747e-06 -3.12992e+36
  1.41929e-05  8.41906e-06 -5.69456e+36
  1.41929e-05  9.12065e-06 -8.65585e+36
  1.41929e-05  9.82224e-06 -1.20138e+37
  1.41929e-05  1.05238e-05 -1.57684e+37
  1.41929e-05  1.12254e-05 -1.99196e+37
  1.41929e-05  1.19270e-05 -2.44675e+37
  1.41929e-05  1.26286e-05 -2.94120e+37
  1.41929e-05  1.33302e-05 -3.47532e+37
  1.41929e-05  1.40318e-05 -4.04911e+37
  1.41929e-05  1.47334e-05 -4.66256e+37
  1.41929e-05  1.54349e-05 -5.31567e+37
  1.41929e-05  1.61365e-05 -6.00845e+37
  1.41929e-05  1.68381e-05 -6.74089e+37
  1.41929e-05  1.75397e-05 -7.51300e+37

  1.50277e-05  0.00000e+00 -1.23080e+36
  1.50277e-05  7.01588e-07  6.85175e+35
  1.50277e-05  1.40318e-06  2.20450e+36
  1.50277e-05  2.10477e-06  3.32718e+36
  1.50277e-05  2.80635e-06  4.05321e+36
  1.50277e-05  3.50794e-06  4.38259e+36
  1.50277e-05  4.20953e-06  4.31531e+36
  1.50277e-05  4.91112e-06  3.85139e+36
  1.50277e-05  5.61271e-06  2.99082e+36
  1.50277e-05  6.31430e-06  1.73359e+36
  1.50277e-05  7.01588e-06  7.97187e+34
  1.50277e-05  7.71747e-06 -1.97081e+36
  1.50277e-05  8.41906e-06 -4.41798e+36
  1.50277e-05  9.12065e-06 -7.26181e+36
  1.50277e-05  9.82224e-06 -1.05023e+37
  1.50277e-05  1.05238e-05 -1.41394e+37
  1.50277e-05  1.12254e-05 -1.81732e+37
  1.50277e-05  1.19270e-05 -2.26036e+37
  1.50277e-05  1.26286e-05 -2.74307e+37
  1.50277e-05  1.33302e-05 -3.26544e+37
  1.50277e-05  1.40318e-05 -3.82748e+37
  1.50277e-05  1.47334e-05 -4.42918e+37
  1.50277e-05  1.54349e-05 -5.07055e+37
  1.50277e-05  1.61365e-05 -5.75158e+37
  1.50277e-05  1.68381e-05 -6.47228e+37
  1.50277e-05  1.75397e-05 -7.23264e+37

  1.58626e-05  0.00000e+00 -1.37136e+36
  1.58626e-05  7.01588e-07  6.62082e+35
  1.58626e-05  1.40318e-06  2.29887e+36
  1.58626e-05  2.10477e-06  3.53901e+36
  1.58626e-05  2.80635e-06  4.38250e+36
  1.58626e-05  3.50794e-06  4.82934e+36
  1.58626e-05  4.20953e-06  4.87953e+36
  1.58626e-05  4.91112e-06  4.53307e+36
  1.58626e-05  5.61271e-06  3.78995e+36
  1.58626e-05  6.31430e-06  2.65019e+36
  1.58626e-05  7.01588e-06  1.11378e+36
  1.58626e-05  7.71747e-06 -8.19286e+35
  1.58626e-05  8.41906e-06 -3.14900e+36
  1.58626e-05  9.12065e-06 -5.87536e+36
  1.58626e-05  9.82224e-06 -8.99838e+36
  1.58626e-05  1.05238e-05 -1.25180e+37
  1.58626e-05  1.12254e-05 -1.64344e+37
  1.58626e-05  1.19270e-05 -2.07473e+37
  1.58626e-05  1.26286e-05 -2.54569e+37
  1.58626e-05  1.33302e-05 -3.05632e+37
  1.58626e-05  1.40318e-05 -3.60661e+37
  1.58626e-05  1.47334e-05 -4.19657e+37
  1.58626e-05  1.54349e-05 -4.82619e+37
  1.58626e-05  1.61365e-05 -5.49548e+37
  1.58626e-05  1.68381e-05 -6.20443e+37
  1.58626e-05  1.75397e-05 -6.95305e+37

  1.66975e-05  0.00000e+00 -1.51951e+36
  1.66975e-05  7.01588e-07  6.31391e+35
  1.66975e-05  1.40318e-06  2.38564e+36
  1.66975e-05  2.10477e-06  3.74324e+36
  1.66975e-05  2.80635e-06  4.70419e+36
  1.66975e-05  3.50794e-06  5.26849e+36
  1.66975e-05  4.20953e-06  5.43614e+36
  1.66975e-05  4.91112e-06  5.20714e+36
  1.66975e-05  5.61271e-06  4.58149e+36
  1.66975e-05  6.31430e-06  3.55919e+36
  1.66975e-05  7.01588e-06  2.14024e+36
  1.66975e-05  7.71747e-06  3.24636e+35
  1.66975e-05  8.41906e-06 -1.88762e+36
  1.66975e-05  9.12065e-06 -4.49652e+36
  1.66975e-05  9.82224e-06 -7.50207e+36
  1.66975e-05  1.05238e-05 -1.09043e+37
  1.66975e-05  1.12254e-05 -1.47031e+37
  1.66975e-05  1.19270e-05 -1.88986e+37
  1.66975e-05  1.26286e-05 -2.34908e+37
  1.66975e-05  1.33302e-05 -2.84796e+37
  1.66975e-05  1.40318e-05 -3.38650e+37
  1.66975e-05  1.47334e-05 -3.96472e+37
  1.66975e-05  1.54349e-05 -4.58259e+37
  1.66975e-05  1.61365e-05 -5.24013e+37
  1.66975e-05  1.68381e-05 -5.93734e+37
  1.66975e-05  1.75397e-05 -6.67421e+37

  1.75323e-05  0.00000e+00 -1.67526e+36
  1.75323e-05  7.01588e-07  5.93102e+35
  1.75323e-05  1.40318e-06  2.46481e+36
  1.75323e-05  2.10477e-06  3.93988e+36
  1.75323e-05  2.80635e-06  5.01829e+36
  1.75323e-05  3.50794e-06  5.70005e+36
  1.75323e-05  4.20953e-06  5.98516e+36
  1.75323e-05  4.91112e-06  5.87362e+36
  1.75323e-05  5.61271e-06  5.36543e+36
  1.75323e-05  6.31430e-06  4.46059e+36
  1.75323e-05  7.01588e-06  3.15910e+36
  1.75323e-05  7.71747e-06  1.46096e+36
  1.75323e-05  8.41906e-06 -6.33830e+35
  1.75323e-05  9.12065e-06 -3.12527e+36
  1.75323e-05  9.82224e-06 -6.01336e+36
  1.75323e-05  1.05238e-05 -9.29811e+36
  1.75323e-05  1.12254e-05 -1.29795e+37
  1.75323e-05  1.19270e-05 -1.70575e+37
  1.75323e-05  1.26286e-05 -2.15322e+37
  1.75323e-05  1.33302e-05 -2.64036e+37
  1.75323e-05  1.40318e-05 -3.16716e+37
  1.75323e-05  1.47334e-05 -3.73362e+37
  1.75323e-05  1.54349e-05 -4.33975e+37
  1.75323e-05  1.61365e-05 -4.98555e+37
  1.75323e-05  1.68381e-05 -5.67100e+37
  1.75323e-05  1.75397e-05 -6.39613e+37

  1.83672e-05  0.00000e+00 -1.83861e+36
  1.83672e-05  7.01588e-07  5.47216e+35
  1.83672e-05  1.40318e-06  2.53639e+36
  1.83672e-05  2.10477e-06  4.12891e+36
  1.83672e-05  2.80635e-06  5.32479e+36
  1.83672e-05  3.50794e-06  6.12401e+36
  1.83672e-05  4.20953e-06  6.52658e+36
  1.83672e-05  4.91112e-06  6.53250e+36
  1.83672e-05  5.61271e-06  6.14178e+36
  1.83672e-05  6.31430e-06  5.35440e+36
  1.83672e-05  7.01588e-06  4.17037e+36
  1.83672e-05  7.71747e-06  2.58969e+36
  1.83672e-05  8.41906e-06  6.12359e+35
  1.83672e-05  9.12065e-06 -1.76162e+36
  1.83672e-05  9.82224e-06 -4.53225e+36
  1.83672e-05  1.05238e-05 -7.69953e+36
  1.83672e-05  1.12254e-05 -1.12635e+37
  1.83672e-05  1.19270e-05 -1.52240e+37
  1.83672e-05  1.26286e-05 -1.95813e+37
  1.83672e-05  1.33302e-05 -2.43352e+37
  1.83672e-05  1.40318e-05 -2.94857e+37
  1.83672e-05  1.47334e-05 -3.50329e+37
  1.83672e-05  1.54349e-05 -4.09767e+37
  1.83672e-05  1.61365e-05 -4.73172e+37
  1.83672e-05  1.68381e-05 -5.40543e+37
  1.83672e-05  1.75397e-05 -6.11881e+37

  1.92021e-05  0.00000e+00 -2.00955e+36
  1.92021e-05  7.01588e-07  4.93733e+35
  1.92021e-05  1.40318e-06  2.60037e+36
  1.92021e-05  2.10477e-06  4.31035e+36
  1.92021e-05  2.80635e-06  5.62369e+36
  1.92021e-05  3.50794e-06  6.54037e+36
  1.92021e-05  4.20953e-06  7.06040e+36
  1.92021e-05  4.91112e-06  7.18379e+36
  1.92021e-05  5.61271e-06  6.91052e+36
  1.92021e-05  6.31430e-06  6.24060e+36
  1.92021e-05  7.01588e-06  5.17404e+36
  1.92021e-05  7.71747e-06  3.71082e+36
  1.92021e-05  8.41906e-06  1.85095e+36
  1.92021e-05  9.12065e-06 -4.05569e+35
  1.92021e-05  9.82224e-06 -3.05874e+36
  1.92021e-05  1.05238e-05 -6.10856e+36
  1.92021e-05  1.12254e-05 -9.55503e+36
  1.92021e-05  1.19270e-05 -1.33981e+37
  1.92021e-05  1.26286e-05 -1.76379e+37
  1.92021e-05  1.33302e-05 -2.22743e+37
  1.92021e-05  1.40318e-05 -2.73074e+37
  1.92021e-05  1.47334e-05 -3.27371e+37
  1.92021e-05  1.54349e-05 -3.85635e+37
  1.92021e-05  1.61365e-05 -4.47865e+37
  1.92021e-05  1.68381e-05 -5.14062e+37
  1.92021e-05  1.75397e-05 -5.84225e+37

  2.00370e-05  0.00000e+00 -2.18810e+36
  2.00370e-05  7.01588e-07  4.32652e+35
  2.00370e-05  1.40318e-06  2.65675e+36
  2.00370e-05  2.10477e-06  4.48419e+36
  2.00370e-05  2.80635e-06  5.91499e+36
  2.00370e-05  3.50794e-06  6.94914e+36
  2.00370e-05  4.20953e-06  7.58663e+36
  2.00370e-05  4.91112e-06  7.82747e+36
  2.00370e-05  5.61271e-06  7.67167e+36
  2.00370e-05  6.31430e-06  7.11921e+36
  2.00370e-05  7.01588e-06  6.17011e+36
  2.00370e-05  7.71747e-06  4.82435e+36
  2.00370e-05  8.41906e-06  3.08194e+36
  2.00370e-05  9.12065e-06  9.42886e+35
  2.00370e-05  9.82224e-06 -1.59282e+36
  2.00370e-05  1.05238e-05 -4.52518e+36
  2.00370e-05  1.12254e-05 -7.85419e+36
  2.00370e-05  1.19270e-05 -1.15798e+37
  2.00370e-05  1.26286e-05 -1.57022e+37
  2.00370e-05  1.33302e-05 -2.02211e+37
  2.00370e-05  1.40318e-05 -2.51367e+37
  2.00370e-05  1.47334e-05 -3.04490e+37
  2.00370e-05  1.54349e-05 -3.61579e+37
  2.00370e-05  1.61365e-05 -4.22635e+37
  2.00370e-05  1.68381e-05 -4.87657e+37
  2.00370e-05  1.75397e-05 -5.56645e+37

  2.08718e-05  0.00000e+00 -2.37424e+36
  2.08718e-05  7.01588e-07  3.63973e+35
  2.08718e-05  1.40318e-06  2.70553e+36
  2.08718e-05  2.10477e-06  4.65044e+36
  2.08718e-05  2.80635e-06  6.19869e+36
  2.08718e-05  3.50794e-06  7.35030e+36
  2.08718e-05  4.20953e-06  8.10526e+36
  2.08718e-05  4.91112e-06  8.46356e+36
  2.08718e-05  5.61271e-06  8.42522e+36
  2.08718e-05  6.31430e-06  7.99022e+36
  2.08718e-05  7.01588e-06  7.15858e+36
  2.08718e-05  7.71747e-06  5.93028e+36
  2.08718e-05  8.41906e-06  4.30534e+36
  2.08718e-05  9.12065e-06  2.28374e+36
  2.08718e-05  9.82224e-06 -1.34504e+35
  2.08718e-05  1.05238e-05 -2.94940e+36
  2.08718e-05  1.12254e-05 -6.16095e+36
  2.08718e-05  1.19270e-05 -9.76914e+36
  2.08718e-05  1.26286e-05 -1.37740e+37
  2.08718e-05  1.33302e-05 -1.81755e+37
  2.08718e-05  1.40318e-05 -2.29736e+37
  2.08718e-05  1.47334e-05 -2.81684e+37
  2.08718e-05  1.54349e-05 -3.37599e+37
  2.08718e-05  1.61365e-05 -3.97480e+37
  2.08718e-05  1.68381e-05 -4.61327e+37
  2.08718e-05  1.75397e-05 -5.29141e+37

