#        name           s   code  alphax  betax   nux   etax   etapx  alphay  betay   nuy   etay   etapy    I5
#                      [m]                 [m]           [m]                   [m]           [m]
#
   0 begin             0.00000  0.0  -0.000 22.413  0.000  0.001  0.000   0.000  3.469  0.000  0.000  0.000  0.00e+00
   1 dh02g1a           4.29379  0.0  -0.192 23.236  0.030  0.001  0.000  -1.238  8.784  0.142  0.000  0.000  0.00e+00
   2 dft               4.31579  0.0  -0.193 23.244  0.030  0.001  0.000  -1.244  8.838  0.142  0.000  0.000  0.00e+00
   3 dft               4.33779  0.0  -0.194 23.253  0.030  0.001  0.000  -1.250  8.893  0.143  0.000  0.000  0.00e+00
   4 dh1g1a            4.65000  0.0  -0.207 23.378  0.033  0.001  0.000  -1.340  9.702  0.148  0.000  0.000  0.00e+00
   5 gs                4.65000  0.0  -0.207 23.378  0.033  0.001  0.000  -1.340  9.702  0.148  0.000  0.000  0.00e+00
   6 sh1               4.85000  1.5  -0.216 23.463  0.034  0.001  0.000  -1.398 10.250  0.151  0.000  0.000  0.00e+00
   7 dh1ag2a           4.93500  0.0  -0.220 23.500  0.034  0.001  0.000  -1.423 10.489  0.152  0.000  0.000  0.00e+00
   8 bpm               4.93500  0.0  -0.220 23.500  0.034  0.001  0.000  -1.423 10.489  0.152  0.000  0.000  0.00e+00
   9 dbpm01            5.01250  0.0  -0.224 23.534  0.035  0.001  0.000  -1.445 10.712  0.154  0.000  0.000  0.00e+00
  10 qh1               5.28750 -1.0  -4.487 24.809  0.037  0.001  0.000   0.420 10.998  0.158  0.000  0.000  0.00e+00
  11 dh2ag2a           5.43250  0.0  -4.610 26.129  0.038  0.001  0.000   0.405 10.878  0.160  0.000  0.000  0.00e+00
  12 sq                5.53250  0.0  -4.696 27.059  0.038  0.001  0.000   0.394 10.798  0.161  0.000  0.000  0.00e+00
  13 chv               5.53250  0.0  -4.696 27.059  0.038  0.001  0.000   0.394 10.798  0.161  0.000  0.000  0.00e+00
  14 sq                5.63250  0.0  -4.781 28.007  0.039  0.001  0.000   0.383 10.721  0.163  0.000  0.000  0.00e+00
  15 dh2bg2a           6.09200  0.0  -5.172 32.580  0.041  0.001  0.000   0.334 10.391  0.170  0.000  0.000  0.00e+00
  16 qh2               6.54000  1.0  14.763 27.804  0.044  0.001 -0.001  -7.780 13.433  0.176  0.000  0.000  0.00e+00
  17 dh3ag2a           6.73000  0.0  13.267 22.479  0.045  0.001 -0.001  -8.650 16.555  0.178  0.000  0.000  0.00e+00
  18 sh3               6.93000 -1.5  11.692 17.487  0.046  0.001 -0.001  -9.566 20.198  0.180  0.000  0.000  0.00e+00
  19 dh3bg2a           7.11250  0.0  10.255 13.482  0.048  0.001 -0.001 -10.402 23.842  0.181  0.000  0.000  0.00e+00
  20 qh3               7.38750 -1.0   3.785  9.778  0.052  0.001 -0.000   1.242 26.475  0.183  0.000  0.000  0.00e+00
  21 dh4ag2a           7.46002  0.0   3.672  9.238  0.053  0.001 -0.000   1.235 26.296  0.183  0.000  0.000  0.00e+00
  22 bpm               7.46002  0.0   3.672  9.238  0.053  0.001 -0.000   1.235 26.296  0.183  0.000  0.000  0.00e+00
  23 dbpm02            7.55000  0.0   3.531  8.590  0.055  0.001 -0.000   1.226 26.074  0.184  0.000  0.000  0.00e+00
  24 sh4               7.75000 -1.5   3.217  7.240  0.059  0.001 -0.000   1.207 25.588  0.185  0.000  0.000  0.00e+00
  25 dh4bg2a           7.99850  0.0   2.827  5.738  0.065  0.000 -0.000   1.183 24.994  0.187  0.000  0.000  0.00e+00
  26 dfch              8.14850  0.0   2.592  4.925  0.070  0.000 -0.000   1.169 24.641  0.188  0.000  0.000  0.00e+00
  27 chv               8.14850  0.0   2.592  4.925  0.070  0.000 -0.000   1.169 24.641  0.188  0.000  0.000  0.00e+00
  28 dfch              8.29850  0.0   2.357  4.183  0.075  0.000 -0.000   1.154 24.293  0.188  0.000  0.000  0.00e+00
  29 ge                8.29850  0.0   2.357  4.183  0.075  0.000 -0.000   1.154 24.293  0.188  0.000  0.000  0.00e+00
  30 dh4cg3a           8.33000  0.0   2.308  4.036  0.076  0.000 -0.000   1.151 24.220  0.189  0.000  0.000  0.00e+00
  31 gs                8.33000  0.0   2.308  4.036  0.076  0.000 -0.000   1.151 24.220  0.189  0.000  0.000  0.00e+00
  32 b1               10.95000  0.5  -1.792  2.686  0.430  0.137  0.105   0.976 18.615  0.208  0.000  0.000  0.00e+00
  33 ge               10.95000  0.0  -1.792  2.686  0.430  0.137  0.105   0.976 18.615  0.208  0.000  0.000  0.00e+00
  34 gs               10.95000  0.0  -1.792  2.686  0.430  0.137  0.105   0.976 18.615  0.208  0.000  0.000  0.00e+00
  35 dm1ag4a          11.45100  0.0  -2.577  4.874  0.452  0.189  0.105   0.924 17.663  0.213  0.000  0.000  0.00e+00
  36 dsch             11.55100  0.0  -2.734  5.406  0.455  0.200  0.105   0.913 17.479  0.214  0.000  0.000  0.00e+00
  37 chv              11.55100  0.0  -2.734  5.406  0.455  0.200  0.105   0.913 17.479  0.214  0.000  0.000  0.00e+00
  38 sm3              11.55100  0.0  -2.734  5.406  0.455  0.200  0.105   0.913 17.479  0.214  0.000  0.000  0.00e+00
  39 dsch             11.65100  0.0  -2.891  5.968  0.458  0.210  0.105   0.903 17.298  0.215  0.000  0.000  0.00e+00
  40 dm1bg4a          11.92500  0.0  -3.320  7.670  0.465  0.239  0.105   0.874 16.811  0.217  0.000  0.000  0.00e+00
  41 qm1              12.17500 -1.0  -5.656  9.877  0.469  0.271  0.155   4.026 15.565  0.220  0.000  0.000  0.00e+00
  42 dm2ag4a          12.37500  0.0  -6.324 12.273  0.472  0.302  0.155   3.805 13.999  0.222  0.000  0.000  0.00e+00
  43 sm1a             12.57500 -1.5  -6.992 14.936  0.474  0.333  0.155   3.584 12.521  0.224  0.000  0.000  0.00e+00
  44 dft1             12.80820  0.0  -7.771 18.379  0.477  0.369  0.155   3.326 10.910  0.227  0.000  0.000  0.00e+00
  45 dft              12.83020  0.0  -7.845 18.722  0.477  0.373  0.155   3.302 10.764  0.228  0.000  0.000  0.00e+00
  46 dft              12.85220  0.0  -7.918 19.069  0.477  0.376  0.155   3.277 10.619  0.228  0.000  0.000  0.00e+00
  47 dm2bg4a          13.14460  0.0  -8.895 23.985  0.479  0.422  0.155   2.954  8.797  0.233  0.000  0.000  0.00e+00
  48 bpm              13.14460  0.0  -8.895 23.985  0.479  0.422  0.155   2.954  8.797  0.233  0.000  0.000  0.00e+00
  49 dbpm03           13.22850  0.0  -9.175 25.501  0.480  0.435  0.155   2.861  8.309  0.234  0.000  0.000  0.00e+00
  50 qm2              13.51150  1.0  -0.065 28.205  0.481  0.457 -0.000   0.041  7.514  0.240  0.000  0.000  0.00e+00
  51 dm2cg4a          13.69500  0.0  -0.071 28.230  0.482  0.457 -0.000   0.016  7.503  0.244  0.000  0.000  0.00e+00
  52 sm2              13.94500  1.5  -0.080 28.268  0.484  0.457 -0.000  -0.017  7.503  0.249  0.000  0.000  0.00e+00
  53 dm2cg4b          14.12850  0.0  -0.087 28.299  0.485  0.457 -0.000  -0.041  7.514  0.253  0.000  0.000  0.00e+00
  54 qm2              14.41150  1.0   9.083 25.666  0.486  0.435 -0.156  -2.862  8.310  0.259  0.000  0.000  0.00e+00
  55 dm2bg4b          14.91500  0.0   7.445 17.345  0.490  0.356 -0.156  -3.419 11.473  0.267  0.000  0.000  0.00e+00
  56 sm1b             15.11500 -1.5   6.794 14.497  0.492  0.325 -0.156  -3.641 12.885  0.270  0.000  0.000  0.00e+00
  57 dm2ag4b          15.37726  0.0   5.941 11.157  0.496  0.285 -0.156  -3.931 14.871  0.273  0.000  0.000  0.00e+00
  58 bpm              15.37726  0.0   5.941 11.157  0.496  0.285 -0.156  -3.931 14.871  0.273  0.000  0.000  0.00e+00
  59 dbpm04           15.46500  0.0   5.656 10.140  0.497  0.271 -0.156  -4.028 15.569  0.274  0.000  0.000  0.00e+00
  60 qm1              15.71500 -1.0   3.287  7.941  0.501  0.239 -0.105  -0.875 16.815  0.276  0.000  0.000  0.00e+00
  61 dm1eg4b          15.82400  0.0   3.125  7.242  0.504  0.227 -0.105  -0.886 17.007  0.277  0.000  0.000  0.00e+00
  62 dfch             15.97400  0.0   2.902  6.338  0.507  0.211 -0.105  -0.902 17.276  0.279  0.000  0.000  0.00e+00
  63 sm3              15.97400  0.0   2.902  6.338  0.507  0.211 -0.105  -0.902 17.276  0.279  0.000  0.000  0.00e+00
  64 chv              15.97400  0.0   2.902  6.338  0.507  0.211 -0.105  -0.902 17.276  0.279  0.000  0.000  0.00e+00
  65 dfch             16.12400  0.0   2.679  5.500  0.511  0.196 -0.105  -0.918 17.549  0.280  0.000  0.000  0.00e+00
  66 ge               16.12400  0.0   2.679  5.500  0.511  0.196 -0.105  -0.918 17.549  0.280  0.000  0.000  0.00e+00
  67 gs               16.12400  0.0   2.679  5.500  0.511  0.196 -0.105  -0.918 17.549  0.280  0.000  0.000  0.00e+00
  68 dm1dg5b1         16.22400  0.0   2.531  4.979  0.514  0.185 -0.105  -0.928 17.733  0.281  0.000  0.000  0.00e+00
  69 dpwg5b           16.42400  0.0   2.233  4.027  0.521  0.164 -0.105  -0.949 18.109  0.283  0.000  0.000  0.00e+00
  70 dm1cg5b1         16.69000  0.0   1.838  2.944  0.534  0.137 -0.105  -0.977 18.622  0.285  0.000  0.000  0.00e+00
  71 b1               19.31000  0.5  -2.051  3.501  0.882  0.000  0.000  -1.152 24.232  0.305  0.000  0.000  0.00e+00
  72 ge               19.31000  0.0  -2.051  3.501  0.882  0.000  0.000  -1.152 24.232  0.305  0.000  0.000  0.00e+00
  73 dl4bg6b          19.52780  0.0  -2.375  4.465  0.891  0.000  0.000  -1.173 24.739  0.306  0.000  0.000  0.00e+00
  74 gs               19.52780  0.0  -2.375  4.465  0.891  0.000  0.000  -1.173 24.739  0.306  0.000  0.000  0.00e+00
  75 dl4ag6b          19.89750  0.0  -2.924  6.424  0.902  0.000  0.000  -1.209 25.619  0.308  0.000  0.000  0.00e+00
  76 ql3              20.17250 -1.0  -6.881  9.024  0.908  0.000  0.000   8.751 23.463  0.310  0.000  0.000  0.00e+00
  77 dbpm05           20.24722  0.0  -7.282 10.082  0.909  0.000  0.000   8.504 22.174  0.311  0.000  0.000  0.00e+00
  78 bpm              20.24722  0.0  -7.282 10.082  0.909  0.000  0.000   8.504 22.174  0.311  0.000  0.000  0.00e+00
  79 dl3cg6b          20.33500  0.0  -7.752 11.402  0.910  0.000  0.000   8.214 20.707  0.311  0.000  0.000  0.00e+00
  80 sl3              20.53500 -1.5  -8.824 14.717  0.913  0.000  0.000   7.552 17.553  0.313  0.000  0.000  0.00e+00
  81 dl3bg6b          20.69250  0.0  -9.668 17.629  0.914  0.000  0.000   7.032 15.256  0.315  0.000  0.000  0.00e+00
  82 dsch             20.79250  0.0 -10.204 19.617  0.915  0.001  0.000   6.701 13.883  0.316  0.000  0.000  0.00e+00
  83 chv              20.79250  0.0 -10.204 19.617  0.915  0.001  0.000   6.701 13.883  0.316  0.000  0.000  0.00e+00
  84 dsch             20.89250  0.0 -10.740 21.711  0.916  0.001  0.000   6.370 12.576  0.317  0.000  0.000  0.00e+00
  85 dl3ag6b          21.10060  0.0 -11.855 26.413  0.917  0.001  0.000   5.682 10.068  0.320  0.000  0.000  0.00e+00
  86 ql2              21.54860  1.0  10.531 27.090  0.920  0.001 -0.000  -1.834  8.526  0.328  0.000  0.000  0.00e+00
  87 dl2cg6b          21.79860  0.0   9.498 22.083  0.921  0.001 -0.000  -1.962  9.475  0.332  0.000  0.000  0.00e+00
  88 sl2              21.99860  1.5   8.672 18.449  0.923  0.001 -0.000  -2.064 10.280  0.336  0.000  0.000  0.00e+00
  89 dl2bg6b          22.12985  0.0   8.130 16.243  0.924  0.001 -0.000  -2.131 10.831  0.338  0.000  0.000  0.00e+00
  90 dsch             22.22985  0.0   7.717 14.659  0.925  0.001 -0.000  -2.182 11.262  0.339  0.000  0.000  0.00e+00
  91 chv              22.22985  0.0   7.717 14.659  0.925  0.001 -0.000  -2.182 11.262  0.339  0.000  0.000  0.00e+00
  92 dsch             22.32985  0.0   7.304 13.157  0.926  0.000 -0.000  -2.234 11.704  0.340  0.000  0.000  0.00e+00
  93 dl2ag6b          22.46110  0.0   6.762 11.311  0.928  0.000 -0.000  -2.301 12.299  0.342  0.000  0.000  0.00e+00
  94 ql1              22.73610 -1.0   1.945  9.006  0.933  0.000 -0.000   2.969 12.108  0.346  0.000  0.000  0.00e+00
  95 dl1ag6b          22.81090  0.0   1.905  8.718  0.934  0.000 -0.000   2.908 11.668  0.347  0.000  0.000  0.00e+00
  96 bpm              22.81090  0.0   1.905  8.718  0.934  0.000 -0.000   2.908 11.668  0.347  0.000  0.000  0.00e+00
  97 dbpm06           22.89860  0.0   1.859  8.388  0.936  0.000 -0.000   2.837 11.164  0.348  0.000  0.000  0.00e+00
  98 sl1              23.09860  1.5   1.752  7.666  0.940  0.000 -0.000   2.675 10.062  0.351  0.000  0.000  0.00e+00
  99 ge               23.09860  0.0   1.752  7.666  0.940  0.000 -0.000   2.675 10.062  0.351  0.000  0.000  0.00e+00
 100 gs               23.09860  0.0   1.752  7.666  0.940  0.000 -0.000   2.675 10.062  0.351  0.000  0.000  0.00e+00
 101 dl0bg1a          23.54512  0.0   1.515  6.207  0.950  0.000 -0.000   2.313  7.834  0.359  0.000  0.000  0.00e+00
 102 dft              23.56712  0.0   1.504  6.141  0.950  0.000 -0.000   2.295  7.733  0.359  0.000  0.000  0.00e+00
 103 dft              23.58912  0.0   1.492  6.075  0.951  0.000 -0.000   2.278  7.632  0.360  0.000  0.000  0.00e+00
 104 dft2             23.64012  0.0   1.465  5.924  0.952  0.000 -0.000   2.236  7.402  0.361  0.000  0.000  0.00e+00
 105 dldk             23.73512  0.0   1.414  5.650  0.955  0.000 -0.000   2.159  6.985  0.363  0.000  0.000  0.00e+00
 106 dl01g1a          26.39860  0.0  -0.000  1.883  1.107  0.000 -0.000   0.000  1.234  0.544  0.000  0.000  0.00e+00
 107 dl02g1a          29.19628  0.0  -1.486  6.040  1.263  0.000 -0.000  -2.268  7.579  0.728  0.000  0.000  0.00e+00
 108 dldk             29.29128  0.0  -1.536  6.327  1.265  0.000 -0.000  -2.345  8.017  0.730  0.000  0.000  0.00e+00
 109 dft2             29.34228  0.0  -1.563  6.485  1.266  0.000 -0.000  -2.386  8.258  0.731  0.000  0.000  0.00e+00
 110 dft              29.36428  0.0  -1.575  6.554  1.267  0.000 -0.000  -2.404  8.364  0.731  0.000  0.000  0.00e+00
 111 dft              29.38628  0.0  -1.587  6.623  1.267  0.000 -0.000  -2.422  8.470  0.732  0.000  0.000  0.00e+00
 112 dl0ag1a          29.69860  0.0  -1.752  7.666  1.274  0.000 -0.000  -2.675 10.062  0.737  0.000  0.000  0.00e+00
 113 ge               29.69860  0.0  -1.752  7.666  1.274  0.000 -0.000  -2.675 10.062  0.737  0.000  0.000  0.00e+00
 114 gs               29.69860  0.0  -1.752  7.666  1.274  0.000 -0.000  -2.675 10.062  0.737  0.000  0.000  0.00e+00
 115 sl1              29.89860  1.5  -1.859  8.388  1.278  0.000 -0.000  -2.837 11.164  0.740  0.000  0.000  0.00e+00
 116 dl1ag2a          29.98860  0.0  -1.906  8.727  1.280  0.000 -0.000  -2.910 11.681  0.741  0.000  0.000  0.00e+00
 117 bpm              29.98860  0.0  -1.906  8.727  1.280  0.000 -0.000  -2.910 11.681  0.741  0.000  0.000  0.00e+00
 118 dbpm07           30.06110  0.0  -1.945  9.006  1.281  0.000 -0.000  -2.969 12.108  0.742  0.000  0.000  0.00e+00
 119 ql1              30.33610 -1.0  -6.762 11.311  1.286  0.000  0.000   2.301 12.299  0.746  0.000  0.000  0.00e+00
 120 dl2ag2a          30.46735  0.0  -7.304 13.157  1.288  0.000  0.000   2.234 11.704  0.748  0.000  0.000  0.00e+00
 121 dsch             30.56735  0.0  -7.717 14.659  1.289  0.001  0.000   2.182 11.262  0.749  0.000  0.000  0.00e+00
 122 chv              30.56735  0.0  -7.717 14.659  1.289  0.001  0.000   2.182 11.262  0.749  0.000  0.000  0.00e+00
 123 dsch             30.66735  0.0  -8.130 16.243  1.290  0.001  0.000   2.131 10.831  0.750  0.000  0.000  0.00e+00
 124 dl2bg2a          30.79860  0.0  -8.672 18.449  1.291  0.001  0.000   2.064 10.280  0.752  0.000  0.000  0.00e+00
 125 sl2              30.99860  1.5  -9.498 22.083  1.293  0.001  0.000   1.962  9.475  0.756  0.000  0.000  0.00e+00
 126 dl2cg2a          31.24860  0.0 -10.531 27.090  1.294  0.001  0.000   1.834  8.526  0.760  0.000  0.000  0.00e+00
 127 ql2              31.69660  1.0  11.855 26.413  1.297  0.001 -0.000  -5.682 10.068  0.768  0.000  0.000  0.00e+00
 128 dl3ag2a          31.90470  0.0  10.740 21.711  1.298  0.001 -0.000  -6.370 12.576  0.771  0.000  0.000  0.00e+00
 129 dsch             32.00470  0.0  10.204 19.617  1.299  0.001 -0.000  -6.701 13.883  0.772  0.000  0.000  0.00e+00
 130 chv              32.00470  0.0  10.204 19.617  1.299  0.001 -0.000  -6.701 13.883  0.772  0.000  0.000  0.00e+00
 131 dsch             32.10470  0.0   9.668 17.629  1.300  0.000 -0.000  -7.032 15.256  0.773  0.000  0.000  0.00e+00
 132 dl3bg2a          32.26220  0.0   8.824 14.717  1.301  0.000 -0.000  -7.552 17.553  0.775  0.000  0.000  0.00e+00
 133 sl3              32.46220 -1.5   7.752 11.402  1.304  0.000 -0.000  -8.214 20.707  0.777  0.000  0.000  0.00e+00
 134 dl3cg2a          32.55228  0.0   7.270 10.049  1.305  0.000 -0.000  -8.512 22.213  0.777  0.000  0.000  0.00e+00
 135 bpm              32.55228  0.0   7.270 10.049  1.305  0.000 -0.000  -8.512 22.213  0.777  0.000  0.000  0.00e+00
 136 dbpm08           32.62470  0.0   6.881  9.024  1.306  0.000 -0.000  -8.751 23.463  0.778  0.000  0.000  0.00e+00
 137 ql3              32.89970 -1.0   2.924  6.424  1.312  0.000 -0.000   1.209 25.619  0.780  0.000  0.000  0.00e+00
 138 dl4ag2a          33.46890  0.0   2.078  3.577  1.331  0.000 -0.000   1.154 24.274  0.783  0.000  0.000  0.00e+00
 139 ge               33.46890  0.0   2.078  3.577  1.331  0.000 -0.000   1.154 24.274  0.783  0.000  0.000  0.00e+00
 140 dl4bg3a          33.48720  0.0   2.051  3.501  1.332  0.000 -0.000   1.152 24.232  0.783  0.000  0.000  0.00e+00
 141 gs               33.48720  0.0   2.051  3.501  1.332  0.000 -0.000   1.152 24.232  0.783  0.000  0.000  0.00e+00
 142 b1               36.10720  0.5  -1.838  2.944  1.680  0.137  0.105   0.977 18.622  0.803  0.000  0.000  0.00e+00
 143 ge               36.10720  0.0  -1.838  2.944  1.680  0.137  0.105   0.977 18.622  0.803  0.000  0.000  0.00e+00
 144 gs               36.10720  0.0  -1.838  2.944  1.680  0.137  0.105   0.977 18.622  0.803  0.000  0.000  0.00e+00
 145 dm1ag4a          36.60820  0.0  -2.583  5.158  1.701  0.189  0.105   0.925 17.669  0.807  0.000  0.000  0.00e+00
 146 sq               36.70820  0.0  -2.731  5.690  1.704  0.199  0.105   0.914 17.485  0.808  0.000  0.000  0.00e+00
 147 chv              36.70820  0.0  -2.731  5.690  1.704  0.199  0.105   0.914 17.485  0.808  0.000  0.000  0.00e+00
 148 sm3              36.70820  0.0  -2.731  5.690  1.704  0.199  0.105   0.914 17.485  0.808  0.000  0.000  0.00e+00
 149 sq               36.80820  0.0  -2.880  6.251  1.706  0.210  0.105   0.904 17.303  0.809  0.000  0.000  0.00e+00
 150 dm1bg4a          37.08220  0.0  -3.287  7.941  1.713  0.239  0.105   0.875 16.815  0.812  0.000  0.000  0.00e+00
 151 qm1              37.33220 -1.0  -5.656 10.140  1.717  0.271  0.156   4.028 15.569  0.814  0.000  0.000  0.00e+00
 152 dm2a2g4a         37.53220  0.0  -6.306 12.532  1.720  0.302  0.156   3.806 14.002  0.816  0.000  0.000  0.00e+00
 153 sm1a             37.73220 -1.5  -6.957 15.185  1.722  0.333  0.156   3.585 12.524  0.819  0.000  0.000  0.00e+00
 154 dft1             37.96540  0.0  -7.715 18.606  1.724  0.369  0.156   3.327 10.912  0.822  0.000  0.000  0.00e+00
 155 dft              37.98740  0.0  -7.787 18.947  1.725  0.373  0.156   3.303 10.766  0.822  0.000  0.000  0.00e+00
 156 dft              38.00940  0.0  -7.858 19.291  1.725  0.376  0.156   3.279 10.621  0.823  0.000  0.000  0.00e+00
 157 dm2b2g4a         38.30180  0.0  -8.810 24.165  1.727  0.422  0.156   2.955  8.798  0.827  0.000  0.000  0.00e+00
 158 bpm              38.30180  0.0  -8.810 24.165  1.727  0.422  0.156   2.955  8.798  0.827  0.000  0.000  0.00e+00
 159 dbpm09           38.38570  0.0  -9.083 25.666  1.728  0.435  0.156   2.862  8.310  0.829  0.000  0.000  0.00e+00
 160 qm2              38.66870  1.0   0.087 28.299  1.729  0.457  0.000   0.041  7.514  0.835  0.000  0.000  0.00e+00
 161 dm2cg4a          38.85220  0.0   0.080 28.268  1.730  0.457  0.000   0.017  7.503  0.839  0.000  0.000  0.00e+00
 162 sm2              39.10220  1.5   0.071 28.230  1.732  0.457  0.000  -0.016  7.503  0.844  0.000  0.000  0.00e+00
 163 dm2cg4b          39.28570  0.0   0.065 28.205  1.733  0.457  0.000  -0.041  7.514  0.848  0.000  0.000  0.00e+00
 164 qm2              39.56870  1.0   9.175 25.501  1.734  0.435 -0.155  -2.861  8.309  0.854  0.000  0.000  0.00e+00
 165 dm2b2g4b         40.07220  0.0   7.493 17.109  1.738  0.357 -0.155  -3.418 11.471  0.862  0.000  0.000  0.00e+00
 166 sm1b             40.27220 -1.5   6.825 14.245  1.740  0.325 -0.155  -3.639 12.882  0.864  0.000  0.000  0.00e+00
 167 dm2a2g4b         40.53446  0.0   5.949 10.895  1.744  0.285 -0.155  -3.929 14.867  0.867  0.000  0.000  0.00e+00
 168 bpm              40.53446  0.0   5.949 10.895  1.744  0.285 -0.155  -3.929 14.867  0.867  0.000  0.000  0.00e+00
 169 dbpm10           40.62220  0.0   5.656  9.877  1.745  0.271 -0.155  -4.026 15.565  0.868  0.000  0.000  0.00e+00
 170 qm1              40.87220 -1.0   3.320  7.670  1.749  0.239 -0.105  -0.874 16.811  0.871  0.000  0.000  0.00e+00
 171 dm1eg4b          40.98120  0.0   3.149  6.964  1.752  0.227 -0.105  -0.886 17.003  0.872  0.000  0.000  0.00e+00
 172 dfch             41.13120  0.0   2.914  6.055  1.756  0.212 -0.105  -0.901 17.271  0.873  0.000  0.000  0.00e+00
 173 sm3              41.13120  0.0   2.914  6.055  1.756  0.212 -0.105  -0.901 17.271  0.873  0.000  0.000  0.00e+00
 174 chv              41.13120  0.0   2.914  6.055  1.756  0.212 -0.105  -0.901 17.271  0.873  0.000  0.000  0.00e+00
 175 dfch             41.28120  0.0   2.679  5.216  1.760  0.196 -0.105  -0.917 17.544  0.875  0.000  0.000  0.00e+00
 176 ge               41.28120  0.0   2.679  5.216  1.760  0.196 -0.105  -0.917 17.544  0.875  0.000  0.000  0.00e+00
 177 gs               41.28120  0.0   2.679  5.216  1.760  0.196 -0.105  -0.917 17.544  0.875  0.000  0.000  0.00e+00
 178 dm1dg5b2         41.38120  0.0   2.522  4.696  1.763  0.185 -0.105  -0.928 17.728  0.876  0.000  0.000  0.00e+00
 179 dpwg5b           41.58120  0.0   2.209  3.750  1.771  0.165 -0.105  -0.949 18.103  0.877  0.000  0.000  0.00e+00
 180 dm1cg5b2         41.84720  0.0   1.792  2.686  1.784  0.137 -0.105  -0.976 18.615  0.880  0.000  0.000  0.00e+00
 181 b1               44.46720  0.5  -2.308  4.036  2.138  0.000  0.000  -1.151 24.220  0.899  0.000  0.000  0.00e+00
 182 ge               44.46720  0.0  -2.308  4.036  2.138  0.000  0.000  -1.151 24.220  0.899  0.000  0.000  0.00e+00
 183 dh4cg6b          44.68354  0.0  -2.647  5.108  2.145  0.000  0.000  -1.172 24.723  0.901  0.000  0.000  0.00e+00
 184 gs               44.68354  0.0  -2.647  5.108  2.145  0.000  0.000  -1.172 24.723  0.901  0.000  0.000  0.00e+00
 185 dfch             44.83354  0.0  -2.882  5.937  2.150  0.001  0.000  -1.186 25.076  0.902  0.000  0.000  0.00e+00
 186 chv              44.83354  0.0  -2.882  5.937  2.150  0.001  0.000  -1.186 25.076  0.902  0.000  0.000  0.00e+00
 187 dfch             44.98354  0.0  -3.117  6.837  2.153  0.001  0.000  -1.201 25.435  0.903  0.000  0.000  0.00e+00
 188 dh4bg6b          45.04720  0.0  -3.217  7.240  2.155  0.001  0.000  -1.207 25.588  0.903  0.000  0.000  0.00e+00
 189 sh4              45.24720 -1.5  -3.531  8.590  2.159  0.001  0.000  -1.226 26.074  0.904  0.000  0.000  0.00e+00
 190 dh4ag6b          45.33680  0.0  -3.671  9.235  2.161  0.001  0.000  -1.235 26.295  0.905  0.000  0.000  0.00e+00
 191 bpm              45.33680  0.0  -3.671  9.235  2.161  0.001  0.000  -1.235 26.295  0.905  0.000  0.000  0.00e+00
 192 dbpm11           45.40970  0.0  -3.785  9.778  2.162  0.001  0.000  -1.242 26.475  0.905  0.000  0.000  0.00e+00
 193 qh3              45.68470 -1.0 -10.255 13.482  2.166  0.001  0.001  10.402 23.842  0.907  0.000  0.000  0.00e+00
 194 dh3bg6b          45.86720  0.0 -11.692 17.487  2.168  0.001  0.001   9.566 20.198  0.908  0.000  0.000  0.00e+00
 195 sh3              46.06720 -1.5 -13.267 22.479  2.169  0.001  0.001   8.650 16.555  0.910  0.000  0.000  0.00e+00
 196 dh3ag6b          46.25720  0.0 -14.763 27.804  2.170  0.001  0.001   7.780 13.433  0.912  0.000  0.000  0.00e+00
 197 qh2              46.70520  1.0   5.172 32.580  2.173  0.001 -0.000  -0.334 10.391  0.918  0.000  0.000  0.00e+00
 198 dh2bg6b          47.18970  0.0   4.759 27.768  2.175  0.001 -0.000  -0.386 10.740  0.926  0.000  0.000  0.00e+00
 199 dsch             47.28970  0.0   4.674 26.825  2.176  0.001 -0.000  -0.397 10.818  0.927  0.000  0.000  0.00e+00
 200 chv              47.28970  0.0   4.674 26.825  2.176  0.001 -0.000  -0.397 10.818  0.927  0.000  0.000  0.00e+00
 201 dsch             47.38970  0.0   4.589 25.899  2.176  0.001 -0.000  -0.407 10.899  0.929  0.000  0.000  0.00e+00
 202 dh2ag6b          47.50970  0.0   4.487 24.809  2.177  0.001 -0.000  -0.420 10.998  0.930  0.000  0.000  0.00e+00
 203 qh1              47.78470 -1.0   0.224 23.534  2.179  0.001  0.000   1.445 10.712  0.934  0.000  0.000  0.00e+00
 204 dh1ag6b          47.86179  0.0   0.220 23.500  2.180  0.001  0.000   1.423 10.490  0.936  0.000  0.000  0.00e+00
 205 bpm              47.86179  0.0   0.220 23.500  2.180  0.001  0.000   1.423 10.490  0.936  0.000  0.000  0.00e+00
 206 dbpm12           47.94720  0.0   0.216 23.463  2.180  0.001  0.000   1.398 10.250  0.937  0.000  0.000  0.00e+00
 207 sh1              48.14720  1.5   0.207 23.378  2.181  0.001  0.000   1.340  9.702  0.940  0.000  0.000  0.00e+00
 208 ge               48.14720  0.0   0.207 23.378  2.181  0.001  0.000   1.340  9.702  0.940  0.000  0.000  0.00e+00
 209 dh2g1a           48.58810  0.0   0.188 23.204  2.184  0.001  0.000   1.213  8.576  0.948  0.000  0.000  0.00e+00
 210 dft              48.61010  0.0   0.187 23.196  2.185  0.001  0.000   1.207  8.523  0.948  0.000  0.000  0.00e+00
 211 dft              48.63210  0.0   0.186 23.187  2.185  0.001  0.000   1.201  8.470  0.949  0.000  0.000  0.00e+00
 212 dh01g1a          52.79720  0.0   0.000 22.413  2.214  0.001  0.000   0.000  3.469  1.088  0.000  0.000  0.00e+00
 213 cav              52.79720  0.0   0.000 22.413  2.214  0.001  0.000   0.000  3.469  1.088  0.000  0.000  0.00e+00
