   1  2.48685e-06 -1.79115e-07 -1.16287e-05  6.92390e-07  1.34691e-04 -4.38630e-10
   2 -1.15261e-06 -3.44332e-06 -6.17760e-06 -1.43203e-06  1.11018e-04 -6.32380e-11
   3  7.05949e-07  1.37485e-06 -1.02812e-06  3.89930e-07 -1.42777e-04  1.01056e-11
   4 -3.16627e-06 -3.37110e-07 -1.48242e-06 -9.69185e-07 -1.60766e-05  2.03965e-13
   5  2.86506e-06  4.65096e-06  9.13833e-06  8.18239e-07 -5.65392e-05 -5.53507e-13
   6 -1.95016e-07  4.16005e-07 -4.57108e-06  5.69785e-07 -1.69822e-04  6.28900e-11
   7  1.32536e-06 -5.68870e-06  1.99092e-05  6.29441e-07 -5.10039e-05  2.72524e-10
   8 -1.52046e-06 -5.30035e-06 -1.03150e-05  9.80721e-08  9.87444e-05 -2.32471e-11
   9 -1.79032e-06 -5.26396e-07  1.71980e-05 -1.35768e-06 -6.26532e-05 -3.27741e-10
  10  3.34013e-06  1.02934e-06 -1.22761e-05 -1.44359e-07  5.75498e-05 -2.76219e-11
  11  2.41303e-06 -5.82658e-07  5.99069e-07  8.12033e-07  8.40523e-05 -1.45260e-11
  12 -2.98053e-06  3.05230e-06 -1.57831e-05  7.27252e-07 -2.07939e-04  1.96468e-09
  13 -1.42350e-06  3.39806e-06  1.42923e-05 -2.82433e-07 -1.02213e-04  8.66049e-11
  14  1.10176e-07  5.44262e-06 -5.99765e-06 -8.38066e-07  3.31023e-05 -1.73917e-13
  15  1.08890e-06  5.01847e-06 -1.13596e-06  2.45514e-07  6.98292e-05 -3.37637e-12
  16 -9.90010e-07 -3.60496e-06 -8.33182e-06  7.11309e-08 -7.31438e-05  6.17887e-12
  17  2.35986e-06  1.95234e-06  5.13178e-06  1.58716e-06  1.35077e-04 -7.44678e-10
  18  8.76802e-07 -6.20300e-06 -2.89694e-06  5.71549e-07 -1.99796e-05 -2.78698e-15
  19 -9.61175e-07  5.42364e-06 -9.87186e-06 -1.33669e-06  4.78463e-05 -2.82898e-11
  20 -1.61808e-06  2.53293e-06  1.37998e-05 -1.34175e-07 -1.07895e-05 -1.07328e-11
  21 -1.15232e-06 -3.49047e-06  1.33455e-05 -8.16853e-07 -3.77575e-05 -2.28783e-11
  22 -1.25831e-06  2.38933e-06 -5.85844e-06 -5.49300e-07  3.09441e-05 -2.12065e-13
  23 -1.23145e-06 -3.49951e-06  1.48085e-05 -2.30351e-07 -1.80047e-04  4.24530e-10
  24 -9.93298e-07 -2.38201e-06 -1.63492e-05 -1.36766e-06  4.64095e-05  1.01217e-10
  25 -3.37367e-07 -1.66897e-06  6.84103e-06 -1.88965e-06  5.43488e-05 -1.31844e-11
  26 -6.63854e-08 -3.62896e-06 -4.39175e-06  7.29044e-08  2.03214e-04 -4.47013e-11
  27  2.54319e-06 -3.84705e-06 -7.97446e-06  8.42625e-07 -2.12146e-05  2.53977e-14
  28  5.64353e-06  3.62638e-06 -2.11648e-06 -1.66593e-06  1.42955e-05 -1.74685e-13
  29  3.58571e-06  2.25713e-06 -5.42283e-06  4.11854e-07  2.20240e-05 -1.92194e-13
  30  3.84781e-06 -5.70736e-06  1.17980e-05  9.01873e-07  1.27415e-04 -1.03691e-09
  31 -4.60108e-06  9.16323e-07  9.61989e-07 -1.55918e-06 -2.07719e-05  7.20916e-13
  32 -2.60470e-06  5.18498e-06  8.53119e-07 -5.62351e-07  2.04135e-04 -4.81988e-11
  33 -1.08905e-06  2.34759e-06  5.86008e-06  1.01058e-06  1.29653e-05  1.27499e-13
  34  1.13748e-06 -2.14221e-06 -1.43146e-05 -1.98874e-08 -5.12868e-05 -7.42802e-11
  35 -2.81505e-06 -5.48236e-06  2.47500e-06 -9.24455e-07  3.09545e-05  1.15282e-13
  36  2.01339e-06  1.81003e-06  4.01841e-06 -1.72490e-06  7.99519e-05 -5.08390e-11
  37  8.63494e-07  3.11277e-06  4.91822e-06 -3.83371e-07  5.08713e-05 -8.66425e-13
  38 -4.23550e-06  1.51463e-06  1.58153e-05 -5.17739e-07 -5.56332e-05  2.41193e-11
  39  4.70436e-06 -4.91193e-06 -2.91731e-06  7.42513e-07  5.99361e-05 -3.77071e-11
  40 -2.90428e-06  5.81852e-06  7.49181e-06  1.52848e-06 -2.65405e-05  4.24973e-12
  41  2.85396e-07  1.63917e-06 -2.40901e-05  6.84856e-07  3.94290e-05  5.37599e-10
  42  9.49725e-08  7.35330e-06 -6.01474e-06 -7.87079e-07 -2.41516e-04  5.39054e-10
  43 -1.16787e-06  2.87230e-06 -2.07362e-06 -6.00582e-07 -1.20166e-05  5.30128e-14
  44 -3.01584e-06  5.02012e-06  2.50140e-06 -1.13411e-06  1.96026e-05  4.52983e-13
  45 -1.02630e-06  3.53137e-06  3.37554e-06 -2.24057e-06 -1.24778e-04  2.74199e-10
  46 -3.27991e-06 -4.46127e-06  8.08779e-06  6.64068e-07 -8.42490e-05  1.08540e-10
  47  4.91857e-06 -1.40138e-07  1.39824e-05 -4.98482e-07  9.84117e-05 -8.08611e-10
  48 -5.35008e-06 -3.71838e-06 -1.13494e-05 -1.27251e-06  1.23547e-04 -5.96153e-11
  49 -3.22542e-06 -1.31041e-06 -6.37051e-06 -8.25881e-07 -8.97492e-05  6.67288e-11
  50  5.42482e-06  4.30208e-06 -7.37415e-06 -3.79095e-07  1.52694e-04 -1.24719e-09
  51  6.90617e-07 -1.73856e-06 -1.51241e-06 -5.97678e-07 -2.63155e-06  3.04840e-14
  52 -1.58894e-06 -2.85329e-06 -1.41683e-05  8.99283e-07 -1.57607e-04  3.81051e-10
  53 -4.22359e-07 -2.33704e-06 -8.52140e-06  1.43725e-07  5.58674e-05  5.68873e-12
  54 -1.32078e-06  1.19733e-06  3.92633e-06  7.40799e-07  1.42938e-04 -4.24618e-11
  55 -3.31487e-07 -3.34965e-06 -2.62232e-06 -9.00884e-07 -1.15842e-04  3.54581e-11
  56  6.96800e-07  9.07575e-06  9.01535e-06 -6.04026e-07  2.28373e-04 -1.04646e-09
  57  5.36459e-06  1.65851e-06  1.58627e-05 -4.63487e-07  8.16759e-05 -7.03454e-10
  58 -1.75114e-06  3.92235e-06 -6.50820e-06  2.78825e-08 -2.49130e-05  1.79041e-13
  59  8.96540e-07  2.67168e-06  9.25547e-06 -9.99057e-07  1.83470e-04 -3.54797e-10
  60  3.02653e-06  2.87558e-06  1.37212e-05  3.43702e-07  1.13964e-04 -4.25193e-10
  61 -2.27944e-06 -5.51286e-06  3.29466e-06 -3.47502e-07 -1.82686e-04  1.74079e-10
  62 -2.32635e-06  5.47030e-07 -1.75981e-06  6.45459e-07  9.03323e-05 -6.71229e-12
  63  3.21311e-06  3.58527e-06  8.50318e-06  9.57625e-07  8.92231e-06  4.91451e-14
  64  4.81817e-06 -2.38880e-06 -1.13540e-05  1.54964e-07 -7.12705e-05  2.29176e-10
  65  5.41932e-06 -2.57679e-06 -3.65342e-06 -7.67855e-07  4.29131e-06 -2.50119e-13
  66 -5.67001e-07  7.46549e-06 -8.20617e-06 -9.43857e-07 -3.42637e-05  4.15824e-11
  67 -3.65017e-06 -1.85169e-06 -8.48036e-06 -5.48104e-07 -2.91587e-05  3.39742e-12
  68  4.09811e-08 -6.07215e-06 -8.36934e-06 -8.16142e-07 -4.15721e-05  2.67910e-11
  69  7.05573e-07  5.67593e-06 -5.13466e-06  2.51267e-07  3.51068e-05 -2.26284e-13
  70  5.35741e-06  1.84077e-06 -1.24627e-06 -1.18466e-06 -8.27369e-05 -2.46890e-11
  71 -9.55966e-08  5.40239e-06  1.65199e-05 -1.65445e-07  2.72784e-05 -7.73543e-12
  72  1.17947e-06 -2.74267e-06 -4.91645e-06 -1.02869e-06 -2.15935e-04  2.77024e-10
  73 -3.63734e-06  3.16628e-06  3.36493e-06  1.94188e-07  1.39441e-04  4.92374e-11
  74 -1.89867e-06 -2.25396e-06  1.08939e-06  8.97563e-07 -6.64305e-05  6.96446e-12
  75  3.21026e-06  2.26833e-06  1.96932e-05  1.15488e-06 -9.75632e-05  8.52827e-10
  76 -1.13563e-06  5.91181e-06 -6.39100e-06 -2.11020e-07 -2.17891e-04  3.30058e-10
  77  6.22712e-06 -1.48559e-06  4.38618e-06  1.08522e-08  1.73493e-04 -1.36065e-09
  78  1.01305e-06 -8.34540e-06  2.38365e-06  6.45517e-07 -1.50908e-04  7.94059e-11
  79  3.53691e-06 -6.41655e-06 -2.08879e-06 -1.25589e-07  3.57065e-05 -3.25523e-12
  80 -4.06100e-06  2.16206e-06  1.29146e-05 -2.08875e-07  1.65458e-04 -4.19362e-10
  81 -1.51321e-06  2.11313e-06 -1.42633e-05 -1.33042e-07 -1.77949e-04  3.67631e-10
  82 -4.76557e-06 -3.45249e-06  4.10295e-07 -5.19231e-07 -9.49873e-05  8.25888e-11
  83  3.33677e-06  5.08734e-06 -1.01972e-05  5.28483e-07  4.01669e-05 -4.05991e-11
  84  1.55384e-06 -4.09849e-06 -4.96372e-06  6.01555e-09  4.24559e-05 -6.61194e-13
  85 -9.99644e-07 -7.69738e-06  1.25139e-06 -7.68918e-07 -3.09260e-05  7.86384e-12
  86 -2.09136e-07 -1.31937e-06 -2.26167e-05 -1.84392e-07 -1.84908e-05 -1.34369e-10
  87  5.96732e-07 -7.43553e-06 -1.16682e-05  4.14289e-07  8.63427e-05 -2.07475e-10
  88  3.87134e-06  3.13844e-06  2.64009e-05  1.05807e-07  8.75633e-06  3.30852e-09
  89 -2.96724e-06 -2.68387e-06 -8.40262e-06  6.58332e-08 -6.80858e-05  3.25716e-11
  90  1.01399e-06 -2.94779e-06  1.73152e-05 -4.15509e-07 -4.58229e-05 -9.45296e-11
  91 -2.63839e-06 -6.11136e-06 -9.59027e-06 -6.28660e-08  8.02650e-05 -1.91627e-11
  92 -2.29724e-06  3.73277e-07  1.49702e-05 -1.40572e-07 -7.46613e-05 -1.92269e-10
  93 -9.32264e-07 -1.79346e-06 -1.03679e-06 -4.08886e-07  1.86792e-04 -3.55735e-11
  94 -1.59822e-06  6.83753e-06 -1.89596e-05  7.14255e-07 -1.00321e-04  7.08455e-11
  95  2.58574e-06  3.65281e-06 -1.89884e-05 -6.83238e-07 -2.08556e-04  4.14852e-10
  96  5.07864e-07  8.00166e-06 -2.00191e-05  3.95778e-08  6.63734e-05 -2.72159e-10
  97  7.98162e-08 -6.50795e-06  1.10366e-05 -7.51087e-07 -5.10670e-05  5.93028e-11
  98  1.14703e-06 -4.60796e-06  9.92320e-06  1.39877e-06  2.60866e-05  7.03854e-12
  99  1.34645e-06  5.56854e-06  1.80961e-05 -2.40887e-07  5.05019e-05  2.02392e-10
 100  2.17019e-06  6.54102e-06  1.47664e-05 -1.35593e-06  7.44410e-06  1.83730e-10
 101 -2.52650e-06 -1.36190e-06 -1.27352e-06 -1.10219e-06  1.60624e-04 -1.25693e-10
 102  1.65027e-06 -5.56821e-06  1.41811e-05 -3.99376e-07  5.94561e-05 -8.81640e-11
 103 -2.32488e-06 -4.64577e-07 -1.00121e-05 -1.56197e-06  9.90281e-05  2.02564e-11
 104 -4.08042e-07  2.62211e-06 -8.19078e-07 -1.33978e-06  1.28600e-04 -1.04801e-10
 105  9.33983e-07 -2.74763e-06  5.40007e-06 -6.63160e-07  7.87020e-05 -1.47087e-11
 106  3.37254e-06  2.65693e-06  7.06283e-06  8.58279e-07 -8.60832e-06 -4.92992e-14
 107 -3.94296e-06 -6.64753e-07  1.86940e-06 -1.56891e-06  1.45897e-04  7.96051e-10
 108 -7.50239e-07 -6.94969e-06  4.32751e-06 -2.00546e-06  7.82120e-05 -6.39729e-11
 109 -3.39973e-06  4.39051e-06 -1.74711e-05 -8.48440e-07  1.53243e-04 -8.05386e-10
 110 -2.03704e-06 -1.97923e-07 -6.73493e-06  7.45152e-07  6.84091e-05  8.46439e-12
 111 -3.46811e-06 -4.18673e-06  1.52462e-05 -1.61401e-06  1.35582e-04  1.52504e-11
 112 -6.59343e-07 -6.10483e-06  1.23953e-05 -2.75568e-07 -9.05627e-05  1.51800e-10
 113  2.57310e-07  5.53499e-06  1.12617e-05  1.00408e-07 -1.03645e-04  8.65241e-11
 114 -9.49978e-07  2.70962e-06  5.59214e-07  1.21029e-06  1.69888e-04 -1.95436e-10
 115  2.57333e-06 -3.56665e-06 -1.25302e-05  1.08061e-06  2.39554e-05  9.28511e-12
 116  3.67941e-06  4.89447e-07  1.25479e-05  9.62214e-07  4.33913e-05 -6.20363e-12
 117  3.32299e-06 -2.76859e-06  9.45148e-06  1.79075e-06 -1.41597e-04 -6.96105e-10
 118  2.83200e-06  2.09680e-06 -1.39223e-05 -1.31453e-07 -9.76376e-06  1.67378e-10
 119  5.23967e-06 -1.56160e-06  3.16205e-06 -1.48345e-06 -3.68302e-05 -6.61269e-12
 120  1.44899e-06 -3.25707e-06 -1.73833e-05  1.36721e-06  1.14739e-04  6.54329e-11
 121 -4.48741e-06  1.65886e-06  7.40000e-06 -2.25414e-07 -8.72703e-05  1.03793e-10
 122  3.19756e-06  3.49023e-06 -1.00315e-05 -6.04102e-07 -1.99244e-05 -9.52784e-12
 123 -2.97942e-07 -4.47882e-06 -6.17449e-06 -1.07455e-07 -4.68702e-05  5.48752e-13
 124  1.83907e-06  1.49062e-06  1.13220e-05  9.73158e-07  6.57304e-05 -1.54597e-11
 125 -1.67280e-06  1.78385e-06  1.31498e-05  4.04127e-08 -1.18279e-04  7.86922e-11
 126  1.97200e-06  6.91460e-06  9.93780e-06  8.41517e-07 -7.76310e-05  7.34298e-11
 127 -1.00938e-06  3.61315e-06 -2.32863e-06 -5.61753e-07 -2.39185e-05  3.86959e-15
 128 -9.87431e-07  5.10011e-06  3.06901e-06  1.26745e-06 -5.84886e-05  9.03300e-12
 129  1.45068e-06 -1.22669e-07 -5.41771e-06 -5.01520e-07 -3.51151e-06  3.06820e-14
 130  4.94882e-06  2.20256e-06  2.53459e-05 -1.61410e-07 -9.88114e-05  4.28162e-09
 131 -2.01351e-06  2.54693e-06 -7.74587e-06  1.09602e-06  5.98046e-05  9.23246e-12
 132  2.47467e-07  3.74683e-06  5.41696e-07  8.62457e-07  1.42804e-04 -6.42598e-11
 133  1.03644e-06  1.29927e-06  1.23338e-05  1.10832e-06  8.77691e-06  5.91938e-12
 134  4.66672e-06 -3.47268e-07 -1.99461e-05 -1.11158e-06 -1.39800e-04  1.27010e-09
 135 -5.40377e-06  1.72514e-06  8.69849e-06  1.17516e-06  1.47906e-05  9.07569e-13
 136 -2.43069e-06 -3.00454e-06 -9.61589e-06  4.54584e-07  2.45172e-05  9.89871e-12
 137  3.71245e-06  3.44936e-06 -8.44528e-06  7.68880e-07  3.81566e-06 -1.69864e-14
 138  1.42131e-06  3.78185e-06  1.13999e-05 -6.86272e-07 -1.19310e-04 -1.42315e-11
 139 -9.04735e-07 -1.73348e-06 -2.29100e-05  5.64173e-07 -7.03112e-05 -8.33288e-10
 140  2.19570e-06 -4.24808e-07 -9.61347e-06  2.32683e-07 -7.84113e-05 -4.83096e-11
 141 -1.64198e-06 -5.27231e-06  2.21461e-05  1.29019e-06  9.00182e-05 -5.46646e-10
 142 -1.45120e-06 -2.03145e-07 -6.85266e-06  1.70909e-07 -1.39439e-04  5.97907e-11
 143  3.22286e-06 -5.41823e-06  6.19316e-06 -7.87481e-07  1.36842e-05  3.32570e-14
 144  4.85654e-07  2.74561e-06  1.84788e-05  5.03293e-08 -5.94370e-05 -1.54792e-10
 145 -6.62316e-07  2.03867e-06 -1.57881e-05  2.28361e-07 -1.87189e-04  2.09951e-10
 146  4.88500e-06  2.42220e-06 -1.07192e-05 -5.70967e-07 -1.06148e-04  2.61585e-10
 147  1.78926e-06 -1.21625e-07 -1.40191e-05 -1.06702e-07  1.88904e-04 -6.68073e-10
 148  5.99445e-06  1.65136e-06  6.63468e-06  9.41662e-07 -5.57639e-05 -5.34671e-11
 149 -4.48096e-06 -5.95839e-06  8.09571e-06 -1.31597e-06  2.35052e-05  8.43951e-12
 150  2.84316e-06  1.57396e-06 -7.38292e-06  1.98746e-07 -1.54200e-04 -1.03718e-10
 151 -1.65823e-06 -3.59882e-06  8.57965e-06  2.20873e-07  2.52428e-05  3.70704e-12
 152 -4.91169e-06 -1.67237e-06  9.75710e-06 -1.51523e-06  4.49195e-05 -1.37768e-10
 153  2.24878e-06  7.87114e-06 -4.39744e-06 -2.35257e-07  1.28499e-05  1.62546e-13
 154  2.17631e-06  5.25921e-06  1.10648e-07  4.34628e-07  4.03682e-05 -3.85484e-13
 155 -2.44788e-06 -4.09385e-06 -1.25964e-05  7.12486e-07  7.20667e-05  4.13869e-11
 156  1.40188e-06 -5.61790e-06  1.82213e-05  6.95235e-07  1.93847e-05  2.46955e-10
 157 -4.07445e-06 -2.84153e-06 -8.58421e-06 -2.81848e-07 -1.03498e-04  3.79960e-10
 158  3.29834e-06  4.39614e-06  2.51029e-07  1.53922e-06 -9.11983e-05  2.97054e-11
 159  5.07319e-06 -2.65851e-06  2.15936e-05 -9.87797e-08 -3.12262e-05  2.25076e-09
 160 -4.27999e-06  4.40497e-06  1.57369e-05 -6.41603e-07  5.87786e-05 -7.67929e-10
 161 -4.71168e-06 -3.88115e-06 -1.31319e-05 -8.41473e-08  1.66471e-05 -2.12802e-10
 162  6.85661e-07 -6.02532e-06 -1.20873e-05 -1.26419e-06 -3.35443e-05  2.99974e-11
 163  9.04169e-07 -4.51407e-06  1.09301e-05 -7.24340e-07 -5.44801e-05  1.07770e-11
 164  1.68008e-06 -2.40615e-06 -5.49880e-06 -8.36335e-07 -1.78321e-04  7.25763e-11
 165 -5.95089e-07 -6.03111e-06 -1.75104e-05 -8.46280e-07  7.65267e-05 -5.41053e-11
 166 -3.08886e-06 -1.51363e-06 -9.07347e-06  4.04285e-07 -1.14593e-04  1.41708e-10
 167 -2.27074e-07  2.99264e-07  1.85906e-05  5.66373e-07 -1.95843e-04 -4.95123e-11
 168  3.11303e-06  4.12103e-06 -5.44891e-06 -4.84005e-07 -5.25706e-05 -8.52430e-12
 169  2.35459e-06 -5.79854e-06  4.36815e-06  9.05386e-07  1.58499e-04 -2.30253e-10
 170 -1.58507e-06 -1.00535e-06 -7.31150e-06 -3.17752e-07 -6.83551e-05  9.83376e-12
 171  8.29658e-07  1.41933e-06  1.12334e-05 -1.53776e-06  3.55395e-05  8.26605e-12
 172 -1.27636e-06  2.57504e-06  1.36727e-05 -1.55414e-06 -2.19947e-04  2.01771e-09
 173 -4.65644e-06  7.00047e-06  1.18591e-05 -6.94694e-07 -2.08912e-04  3.61715e-09
 174 -4.90148e-06 -8.04470e-07  2.11422e-05 -3.52514e-07 -9.46085e-05  3.73778e-10
 175  2.73103e-06 -5.79558e-06 -1.50463e-05  8.04117e-07 -4.77830e-05  2.29652e-10
 176 -2.64450e-06 -1.59586e-06  6.13269e-06 -1.30934e-06 -2.95277e-05  4.19544e-13
 177  3.12042e-06 -1.42641e-06  1.36220e-05 -7.25279e-07 -1.57772e-04  2.49684e-10
 178  3.10604e-06 -2.81825e-06 -2.76304e-06  1.39758e-06  2.15631e-05  9.63159e-14
 179  1.67525e-06 -8.28110e-06  9.50645e-06 -5.51133e-07  1.62961e-04 -6.31311e-10
 180 -9.33679e-08 -6.22829e-06 -8.79290e-06 -5.19525e-07  6.60925e-05 -5.19950e-11
 181 -6.21733e-08 -5.44405e-06  6.24390e-07 -1.70516e-06  2.74517e-05  2.52107e-13
 182 -3.28482e-06  2.99260e-06  1.02992e-05  4.88712e-07 -4.67509e-05  1.13938e-11
 183 -1.78669e-06  1.17565e-06 -1.26604e-06 -1.60512e-06 -5.50913e-05  1.17032e-11
 184 -4.59270e-06 -4.95938e-06  1.18438e-06 -4.99295e-08 -1.08915e-04  1.06734e-10
 185  3.22746e-07 -3.03185e-07 -1.27626e-05 -1.11046e-07 -9.09733e-05 -6.05562e-11
 186 -1.64597e-06  1.55493e-06 -4.08487e-08 -8.73027e-07 -6.36180e-05  5.46647e-12
 187  2.91979e-07 -4.75242e-06  1.93826e-05 -1.91645e-08 -5.28328e-05 -7.57256e-11
 188 -1.16478e-06 -1.78137e-06  5.13706e-06  1.95027e-06 -2.23685e-05  2.07661e-13
 189 -1.94629e-06 -6.93381e-06 -5.26856e-06 -2.19883e-07  4.98151e-06  4.58770e-13
 190  2.17866e-06 -6.09629e-06 -8.13721e-06 -7.19362e-07  8.26693e-06  1.18520e-13
 191  3.50776e-06 -3.87261e-06 -2.68055e-06 -9.42606e-07  6.28886e-06 -1.00133e-14
 192  3.70752e-06 -1.22688e-06 -3.29320e-06  7.13446e-07 -2.66677e-06 -6.34743e-14
 193  3.09568e-06 -2.62504e-08  9.32979e-06  9.65046e-08  3.78385e-05 -5.03646e-12
 194  1.07667e-07  2.78552e-06 -4.13312e-06 -2.04181e-07  1.48749e-06  3.23453e-14
 195 -8.39874e-07  1.57191e-06  1.99829e-05  2.53296e-07 -2.13921e-04  6.48076e-11
 196  3.88065e-06 -4.19080e-06 -8.95289e-06 -6.91236e-07 -3.22294e-05 -1.50943e-11
 197 -1.69972e-06 -7.68063e-08 -1.09786e-05 -1.34350e-06 -2.31234e-04  1.91901e-09
 198 -4.43312e-06  6.05175e-06 -3.61270e-06 -1.19717e-06  2.16265e-04  1.06127e-09
 199  1.05033e-06  2.39979e-06  7.78118e-06 -2.64321e-07  8.67408e-05 -1.45040e-11
 200  2.22493e-06 -4.78059e-06 -1.40021e-05  9.46169e-07 -3.42649e-05 -5.75905e-12
 201  2.20184e-06  9.80270e-07 -8.26452e-06  5.41593e-07 -8.46258e-05 -3.09859e-11
 202  2.27962e-06  7.21135e-07  8.85530e-06 -1.17347e-06 -2.03130e-04 -4.50418e-10
 203 -4.25529e-06  1.46424e-06 -1.13459e-05  7.72490e-07 -3.52983e-05  6.41800e-12
 204 -4.15894e-06 -8.26658e-06 -1.57066e-05 -4.43169e-07 -3.16927e-05 -3.23694e-11
 205  4.53396e-06  2.48584e-06  1.12728e-05  2.61667e-07 -1.15151e-04  2.34720e-10
 206  1.63387e-06  1.68435e-06 -1.77982e-05 -1.19603e-06  8.29715e-05  3.42833e-10
 207 -5.10806e-06  4.46749e-06  1.39518e-05 -4.61325e-07 -6.82085e-05  4.93582e-10
 208 -4.37663e-06 -1.56239e-06  5.46812e-06  7.85870e-08  8.50262e-06  4.62801e-13
 209 -4.36033e-06  7.17161e-07 -9.33091e-06 -1.11759e-06 -4.46408e-05  2.81541e-11
 210  4.74416e-06 -2.15100e-06 -5.99608e-06 -1.42905e-06  1.47556e-04 -1.66957e-09
 211 -2.83122e-06  1.83387e-06 -5.06722e-06  1.51072e-06 -1.99362e-04  1.92437e-09
 212 -4.13475e-06 -1.37578e-06 -1.46016e-05 -3.55430e-07 -1.99627e-05 -3.27502e-10
 213  1.14639e-07  2.05748e-06  7.88153e-06 -1.21193e-06  7.94840e-05 -1.72175e-11
 214 -1.09176e-06  3.34633e-06  7.23465e-06  6.14337e-07  2.31618e-05 -4.49575e-14
 215  3.59434e-06  5.96021e-06 -4.71709e-06  9.14070e-07 -3.27486e-05 -1.82419e-12
 216  1.05939e-06  1.10844e-06  2.01011e-05  3.16107e-07 -1.46187e-04 -4.32221e-10
 217  3.54394e-06 -2.79900e-06 -1.81644e-05 -1.94404e-07  5.76906e-05  2.14410e-10
 218 -3.18777e-06 -1.49920e-06 -1.71420e-06 -1.43354e-06  1.68914e-04  6.27307e-10
 219  1.55637e-06 -7.59688e-06 -8.17876e-06 -5.88448e-08 -1.20562e-05  6.89718e-14
 220 -9.73574e-07 -1.24056e-06  3.47476e-06 -3.27448e-07 -1.11215e-04  1.17844e-11
 221 -3.36187e-06 -3.48263e-06 -1.76299e-05  8.87819e-07 -2.58884e-05 -5.91411e-10
 222 -1.28552e-06  2.44190e-06 -3.23699e-08 -9.27891e-07  6.00171e-05 -5.57743e-12
 223 -7.70483e-07 -3.38763e-06  6.57581e-06 -9.52452e-07  9.54097e-05 -1.50695e-11
 224 -2.70922e-06 -1.15822e-06  6.11737e-06  1.64609e-07 -2.25558e-05  1.59329e-13
 225 -3.77344e-06  2.21055e-06 -1.52150e-05 -7.78761e-07  2.31202e-05 -2.88170e-10
 226 -2.42166e-06 -4.05702e-06 -6.32780e-06 -1.67109e-06 -1.01244e-04  1.29493e-10
 227 -2.48863e-06  7.91932e-06  1.34485e-05  1.06381e-06 -2.51680e-05  7.07290e-11
 228 -2.77037e-06  5.28127e-06 -7.52290e-06 -1.41474e-06  6.97026e-06  5.39265e-13
 229 -6.57672e-06 -1.90049e-06 -1.52275e-05 -4.93023e-07 -5.72259e-05  7.26910e-10
 230 -5.43230e-07 -7.30913e-07 -9.67520e-06 -8.93599e-08 -2.21841e-05 -5.27692e-12
 231  2.79586e-06 -4.58534e-06 -4.56189e-06 -1.50793e-06 -4.09961e-05  4.59064e-12
 232  5.05807e-06  1.62073e-06 -3.83470e-06  6.74702e-07  5.97681e-05 -3.75401e-11
 233  1.72118e-07  5.67143e-06 -7.11872e-07 -1.71945e-06 -2.38368e-04  1.11102e-09
 234 -2.26779e-06 -2.41882e-06  7.68767e-06  3.58729e-07 -1.89893e-04  2.98173e-10
 235  5.25442e-06  4.27009e-07 -1.71228e-05 -3.54355e-07 -7.94592e-05  1.39194e-09
 236 -1.32004e-06  4.54843e-06 -1.32152e-05 -1.97579e-06  3.03150e-05 -3.06430e-12
 237 -6.63738e-08  1.89623e-06 -7.23274e-06  2.73102e-07  5.67125e-06  4.69024e-14
 238 -7.57943e-07  5.42520e-06 -1.88970e-05 -4.86669e-07 -3.97684e-05 -2.35891e-12
 239 -3.45049e-06 -2.32564e-06  6.69391e-07  1.18485e-06  7.21952e-05 -6.57201e-12
 240  3.52236e-06  1.98089e-06 -2.26107e-06  9.39658e-07 -4.10912e-05  3.75046e-13
 241 -1.81078e-06 -2.85828e-06 -9.77515e-06 -1.22294e-06 -4.17204e-05  2.79811e-12
 242 -4.66863e-07 -3.13099e-06  9.72617e-06  2.62354e-07  5.84652e-05  1.55621e-11
 243  5.21812e-07  9.73412e-07  1.26407e-06  1.32697e-06  2.58680e-06  1.32555e-13
 244  1.62235e-06  3.69469e-06 -1.99849e-05  1.53897e-07 -6.29192e-06  4.11737e-10
 245 -9.08817e-07 -4.85704e-06  1.48042e-05 -1.97222e-07  3.12731e-05 -4.97276e-13
 246  4.09567e-06  3.94455e-06 -3.57664e-06  1.41773e-06 -1.20520e-04 -5.25345e-10
 247 -2.99095e-06  1.12403e-06 -5.70965e-06 -5.16682e-09 -1.74310e-04  2.12147e-10
 248  3.97513e-07 -3.38990e-06 -3.61609e-06 -1.96985e-06 -1.96774e-06  2.67566e-13
 249  1.08555e-06 -5.28634e-06  4.83875e-06  5.89174e-07  5.06622e-05 -9.72542e-13
 250  3.29169e-07  7.76627e-06  9.91908e-06  3.62166e-07 -4.11150e-05  7.23664e-11
 251 -3.14551e-06 -3.50941e-06  2.08323e-05 -7.73418e-07  3.97242e-05 -1.10341e-09
 252  4.17164e-06 -1.78782e-06 -9.23617e-06 -4.35179e-07  1.45660e-04 -7.78458e-10
 253  3.58184e-06  3.27115e-06  1.26271e-05  1.31941e-07  4.04350e-05 -2.23416e-12
 254 -4.84302e-06  1.18679e-06  1.66421e-05  9.01208e-07 -1.34441e-04  1.71532e-09
 255  4.92155e-06 -1.21599e-08 -2.29136e-06  7.44291e-07  2.26919e-04 -1.72141e-09
 256  3.69935e-07  1.16157e-06 -1.79334e-05 -2.58752e-07 -4.07320e-05 -1.20317e-10
 257  1.75052e-06 -6.40767e-06 -1.29633e-05 -4.90268e-07  7.94211e-05 -1.91294e-10
 258 -2.99946e-06 -5.45958e-06  9.71452e-06 -9.30766e-07 -9.04680e-05  1.81845e-10
 259  2.37739e-06 -1.30567e-06  1.05643e-05  9.59990e-07 -8.71052e-05 -6.66388e-11
 260 -2.36424e-06  7.35561e-06  8.21336e-06  1.89204e-07 -5.40172e-05  8.49912e-11
 261  6.06311e-07  1.01665e-06 -4.64770e-06 -3.97326e-07  4.47692e-07  2.66246e-14
 262  2.70945e-06 -2.21696e-06 -6.30959e-06  1.30083e-06 -9.19271e-05  9.39693e-13
 263 -1.77911e-06  7.44045e-06 -4.83964e-06 -4.12753e-07 -1.25837e-04  1.47679e-10
 264 -3.73299e-06 -2.36139e-06  8.97542e-06 -4.39405e-07 -1.72359e-04  8.54267e-10
 265  1.98444e-06 -7.13877e-06  2.65649e-06  1.18454e-06  1.07356e-04 -9.92106e-11
 266 -3.62256e-06 -4.13824e-06  2.63974e-06  1.28557e-06  2.00411e-04  8.38526e-10
 267  4.59037e-06 -9.60811e-08  2.78601e-06  7.22165e-07 -1.71391e-05 -1.67123e-13
 268  2.71755e-07  1.43299e-07  1.11493e-05 -6.63667e-07 -1.25822e-04 -5.85292e-12
 269 -4.28472e-06  4.53360e-06 -2.00553e-05 -2.87789e-08 -1.11720e-04  9.07311e-10
 270  4.13712e-06 -2.98078e-06 -3.47259e-06 -1.30236e-06  1.45254e-05  1.26701e-14
 271  1.93717e-07  4.62927e-06 -1.36052e-05 -1.61970e-06  3.16546e-05 -7.21087e-12
 272 -2.51021e-06  8.65148e-07 -2.53303e-07 -1.36718e-06 -3.54836e-05  2.31508e-13
 273  1.62161e-06 -3.74630e-06  1.86842e-05  4.27143e-07  1.08742e-05  3.62750e-10
 274 -5.75063e-07 -1.75911e-06  3.12241e-06 -9.43619e-07  3.69309e-05 -1.53018e-13
 275  3.34250e-07 -7.13309e-06 -1.10614e-05 -1.54562e-06 -8.63840e-06 -3.27753e-12
 276 -4.91165e-06 -3.33105e-06 -1.15949e-05  5.98097e-08  1.55358e-04 -3.79212e-10
 277 -9.11612e-07  3.85758e-06 -6.05724e-06  1.17296e-06  3.19921e-05 -9.73370e-14
 278  2.29810e-06 -3.04866e-06  3.07424e-06 -1.03948e-06 -1.83436e-04  1.46906e-10
 279 -2.73351e-06 -6.58704e-06  9.22729e-06 -1.36417e-06  1.68811e-04  2.41759e-10
 280 -1.41630e-06 -5.51340e-07  9.24410e-06  4.45534e-10 -9.86128e-05  3.11078e-11
 281 -1.42153e-06  6.94297e-07  1.34578e-05  7.41917e-07 -2.62316e-05 -1.80392e-11
 282  3.66583e-06 -4.30253e-06 -1.54254e-05  2.52497e-07  5.07137e-05 -9.69169e-12
 283 -2.42802e-06 -4.60872e-06 -1.00120e-05  2.98927e-07 -3.02459e-06  3.11863e-13
 284  2.53210e-06  6.26676e-06  6.56278e-06 -2.47706e-07  1.08818e-04 -1.49589e-10
 285  4.27356e-06 -5.24133e-06 -1.39559e-05  1.24696e-08 -7.81723e-05  6.31271e-10
 286  5.22211e-07 -9.06033e-07 -7.18503e-06 -4.54405e-08  1.94657e-04 -9.78176e-11
 287  1.02731e-06  6.05623e-06 -8.48892e-06  4.64689e-07 -1.20861e-05  7.86516e-14
 288 -4.79766e-06 -4.45207e-06 -1.66838e-05  5.56014e-07 -1.32643e-05 -6.43001e-10
 289  4.75755e-07 -1.86901e-06  2.02844e-05  2.80208e-07  4.39385e-06  2.13458e-11
 290  4.08538e-06 -3.74322e-06  1.08291e-05  1.13370e-07  9.13715e-05 -5.12674e-10
 291  1.40019e-06  6.72610e-08 -1.13702e-05  6.96120e-07 -7.46870e-05 -5.10939e-11
 292  1.92528e-06 -1.28353e-07  6.61482e-06 -1.84267e-07 -5.66431e-05 -9.87303e-12
 293 -1.13737e-06 -5.21679e-06  1.84219e-05  4.19369e-07 -9.49366e-05 -1.03219e-10
 294 -5.33575e-06  2.62862e-06 -1.09320e-05 -6.88231e-07  1.60757e-05  1.21954e-11
 295  1.49287e-07  4.98486e-06  4.91165e-06 -1.65980e-08  1.70222e-04 -7.70655e-11
 296 -2.96677e-06  5.36090e-06 -5.25090e-06  4.62806e-07  5.44068e-05  9.03595e-12
 297 -2.33892e-06 -3.33100e-06  6.89169e-06 -1.36408e-06  5.03360e-05  3.84524e-12
 298 -2.62816e-06  2.40141e-06 -1.64352e-06 -2.96067e-07  3.62920e-05 -3.25203e-13
 299 -2.80307e-06  6.51134e-06 -1.26726e-05 -1.17632e-06 -6.37955e-05  1.71451e-10
 300  1.16470e-07 -2.46794e-06 -1.21966e-05 -7.37862e-07 -8.40087e-05 -3.25536e-11
 301  9.07512e-07 -1.46724e-06 -3.23487e-06 -5.88891e-07 -1.28184e-05  3.79333e-15
 302 -1.91650e-06  1.14216e-06  7.71973e-07 -1.42555e-06  1.57801e-04 -2.13558e-10
 303 -1.29509e-07 -6.58123e-06 -3.86215e-06  1.73228e-06 -4.47241e-06  2.76892e-13
 304 -1.94869e-06  1.28009e-06 -6.20553e-06  4.76730e-07  1.59591e-04  1.21815e-11
 305  5.45522e-06  6.34768e-06  2.69223e-05  1.80745e-07 -5.07081e-05 -6.72792e-10
 306 -2.19730e-06 -4.23616e-06  3.27231e-06  1.68719e-06  2.70081e-05  3.19557e-13
 307 -5.43047e-07 -7.03449e-06 -3.06029e-06 -2.79968e-07 -4.34854e-05  7.73022e-12
 308  1.92354e-06  6.68628e-07  1.88492e-06 -1.32877e-06  1.13045e-04 -7.62797e-11
 309  8.64367e-07  4.90076e-06 -8.65867e-06  1.63642e-06 -1.95878e-04  6.38345e-10
 310  5.51460e-06 -1.06478e-06  1.02709e-05  8.47163e-07  8.81300e-05 -7.15698e-10
 311  3.43518e-07 -5.88363e-06  1.33610e-05 -1.09806e-06 -3.84143e-05  3.74723e-11
 312  1.56182e-07  7.76122e-06 -5.89762e-06  4.96011e-07 -1.48572e-05  2.02831e-13
 313  4.06706e-06 -1.07290e-06 -7.21091e-07 -7.46322e-07 -1.34530e-04 -3.92780e-12
 314  1.97073e-06  2.08565e-06 -1.39298e-05  1.11972e-07  2.44300e-04 -1.45861e-09
 315  1.28623e-06  3.03798e-06 -1.93932e-05 -1.29995e-06 -6.09520e-05  9.82237e-11
 316  2.05761e-06 -2.42721e-06 -1.36596e-05 -3.29794e-08 -3.46319e-05 -4.64020e-11
 317  4.18166e-06 -2.70682e-06  1.65088e-05 -8.20866e-07 -9.88688e-05  8.92729e-10
 318 -2.73335e-06 -1.01021e-06 -9.13576e-06  1.02779e-06  6.04516e-05  2.63409e-11
 319 -4.22305e-06  6.57746e-06  6.47406e-06 -2.14113e-07 -8.16620e-05  1.44389e-10
 320 -1.31242e-06 -1.13247e-06 -1.16233e-05 -1.06330e-06 -1.77326e-05 -8.76839e-12
 321 -1.58879e-06  2.79635e-06  2.76149e-06  5.87113e-07  1.56416e-04 -3.54418e-11
 322  1.59518e-06 -4.77004e-06 -1.56868e-05  1.29200e-06 -1.79112e-04  3.00091e-10
 323  2.22001e-06 -1.26804e-06  1.86278e-05 -1.09514e-06 -1.62820e-04  1.53400e-10
 324 -2.44612e-07  5.94545e-06  1.33620e-05 -5.28156e-07  1.35470e-04 -2.21343e-10
 325  3.41001e-07 -2.42794e-06 -5.79752e-06  4.16732e-07  2.71744e-05 -1.49805e-13
 326  4.36130e-06 -7.56054e-07 -5.94391e-06 -9.37350e-07  1.30775e-04 -2.55933e-10
 327  4.43385e-06  1.60076e-06 -7.92486e-06  1.29202e-06  4.41773e-05 -2.67057e-11
 328 -5.31525e-06 -3.06282e-06 -2.45959e-06 -1.13690e-06 -1.69858e-05  1.07354e-12
 329  4.97196e-07 -2.47250e-06  1.05380e-06  1.20369e-06 -8.35448e-05  2.18904e-11
 330 -4.29581e-06 -3.22122e-06 -1.25847e-05  8.62375e-07 -1.87775e-04  2.59325e-09
 331 -3.31829e-06  1.76219e-06  2.46476e-05 -5.90760e-07 -5.42492e-05 -1.73661e-09
 332 -3.80785e-06 -2.35280e-06 -1.41718e-05  2.66896e-07  7.17421e-05 -4.26007e-10
 333 -3.22405e-06  5.08568e-06  7.49448e-06 -1.84813e-06 -9.06660e-05  1.84872e-10
 334 -4.25040e-07 -1.77461e-06 -8.33907e-06  5.20126e-07 -8.31396e-05  5.50683e-12
 335  2.80911e-06 -5.11367e-06  7.95455e-06 -2.86654e-07 -1.97581e-04 -7.53677e-11
 336 -2.30712e-06 -4.12550e-06  4.27630e-06  1.53206e-07 -9.28247e-05  2.83527e-11
 337  1.17342e-06 -3.47636e-06  1.52203e-05  4.05310e-07  9.02011e-05 -4.25533e-11
 338 -1.65282e-06 -1.05656e-06 -1.67403e-06  8.60407e-07 -1.47759e-04  7.80869e-11
 339  5.61830e-06  2.04744e-06 -2.38068e-06 -3.11086e-07  1.15140e-04 -3.75186e-10
 340 -3.03481e-06 -6.96643e-07  4.82594e-06  6.07627e-07  1.59934e-04  1.10209e-11
 341 -3.90395e-06  2.33793e-06  6.88677e-07 -5.11953e-07  6.97173e-05  1.23348e-11
 342  3.53271e-06 -2.45291e-06  8.71830e-06 -6.86517e-07 -2.22929e-04  1.83769e-10
 343  1.85184e-06 -4.01169e-07  2.17728e-06  5.72910e-08  1.10088e-04 -1.09554e-11
 344  2.05420e-06 -2.74458e-06 -1.87101e-05  4.37857e-07  5.74625e-05  4.84810e-10
 345  3.67751e-07 -6.36992e-08  7.02713e-07  3.02339e-07  5.21818e-05 -3.32860e-13
 346  5.31756e-06  6.19043e-06 -8.03748e-06  2.02371e-06 -1.26852e-04 -8.95601e-10
 347 -3.27127e-07 -1.16018e-06  1.39267e-06  5.15591e-07 -2.24910e-04  9.25705e-11
 348 -3.18311e-06  1.41032e-06 -4.66949e-06  6.73081e-07 -2.24701e-06  2.42860e-13
 349 -1.62232e-06 -2.08093e-06 -3.98727e-06 -1.47319e-06 -1.45113e-04  2.12639e-10
 350 -2.85652e-06  2.92540e-06  1.73711e-05 -3.40788e-07  5.81499e-05 -5.01323e-10
 351  1.16704e-06 -2.98587e-06 -4.07037e-06  1.25994e-06  9.26970e-05 -4.36351e-11
 352  5.43844e-06 -1.08819e-06 -1.69220e-05  1.19190e-06 -8.95556e-05  1.56507e-09
 353  3.13055e-06 -2.69344e-06 -1.57747e-05 -3.25928e-07 -3.98777e-05  2.19041e-10
 354 -2.62588e-06  8.20490e-07 -6.80846e-06  1.12730e-06 -3.56348e-05  5.35525e-12
 355 -2.67739e-06 -1.53982e-06  4.33629e-06 -2.97648e-08  7.14869e-05  4.20852e-12
 356 -3.02447e-06 -3.50556e-06  7.97263e-06 -8.17256e-07  2.37086e-06  3.51783e-13
 357  4.05958e-06  1.48950e-06 -1.94671e-05 -1.00672e-07  1.78032e-04 -2.39416e-09
 358  3.92060e-06  4.99304e-06  1.14177e-05 -2.69760e-07  1.70303e-04 -1.49325e-09
 359 -1.48902e-06  1.90769e-06  9.25228e-06  5.06652e-07  9.94956e-07  1.20553e-13
 360  4.09796e-06 -1.66205e-07 -5.00242e-06 -2.63866e-07 -1.65795e-04 -1.16215e-10
 361  9.17581e-07 -1.58880e-06  1.63785e-05  1.56542e-06 -6.03844e-05 -1.23748e-10
 362 -2.42802e-06  1.21222e-06 -2.35273e-05 -1.04454e-06  6.79545e-05 -8.78785e-10
 363 -4.19639e-06  6.96094e-06 -8.73089e-06 -4.06562e-08 -8.54576e-05  4.37557e-10
 364 -1.89374e-06 -3.94308e-06  5.80284e-06 -9.65501e-07 -8.21926e-07  2.26984e-13
 365 -1.09153e-06  1.73834e-06  7.84273e-06  7.05096e-07 -2.19364e-05  1.32622e-13
 366 -1.96501e-06 -3.06050e-06 -3.25223e-06  4.08728e-07 -1.55738e-04  7.39936e-11
 367 -6.48074e-08  8.66595e-07 -3.17671e-06 -4.38899e-07 -1.51168e-04  2.20402e-11
 368  2.79910e-06 -3.03930e-06 -8.33171e-06  6.68314e-07  2.12373e-04 -9.07332e-10
 369  2.42080e-06 -3.57001e-06  2.12161e-05 -4.59127e-07  8.05511e-06  8.52786e-10
 370 -1.28915e-06 -2.46262e-06  6.48805e-06 -1.06266e-06  1.18722e-04 -3.53993e-11
 371  6.34737e-07 -5.93940e-06 -1.07139e-05  1.74739e-07  9.54492e-06  3.70266e-12
 372  3.69803e-06 -1.49450e-06  6.45191e-06 -5.62230e-07  2.84998e-05 -4.26477e-12
 373  3.42508e-06 -3.96015e-07 -1.70895e-05  2.62314e-07  2.84300e-05  5.29673e-10
 374  5.26591e-06 -1.16813e-06  5.90283e-06  1.14944e-06  2.40999e-05 -3.72647e-12
 375 -6.08692e-07  3.04822e-06  9.19197e-06  2.82420e-07 -2.89021e-06  9.13809e-14
 376 -4.77880e-06  4.83130e-07  5.79735e-06  8.67058e-07 -4.29719e-05  2.18955e-11
 377  1.29643e-07  5.72498e-06  2.05421e-06  7.22149e-08  3.17666e-05 -1.06811e-14
 378  5.35757e-06  3.44002e-06 -2.50300e-05 -5.70658e-07 -7.32222e-05  4.64528e-09
 379  1.26981e-06 -2.11731e-06  1.25491e-05  5.29809e-07 -1.80027e-05 -1.22744e-11
 380 -3.41843e-06 -1.72731e-06  1.41244e-05 -7.47669e-07 -8.56115e-05  2.34552e-10
 381  1.50838e-06 -3.14854e-06 -6.45509e-06 -7.81502e-07 -7.37388e-05 -4.55931e-12
 382 -2.18166e-06  3.79937e-06  3.91686e-07  8.76205e-07 -3.63718e-06  2.14823e-13
 383  2.00676e-06  1.08194e-06 -7.71231e-07  7.35307e-07  1.21090e-04 -4.19360e-11
 384  2.62854e-07  1.80032e-06 -3.64302e-06 -1.27187e-06 -1.35378e-04  1.10669e-10
 385 -1.86644e-06 -3.79379e-06 -1.33807e-05  4.16091e-07  6.98240e-05  4.92003e-11
 386  2.51391e-06 -5.42712e-06 -1.02917e-05 -4.55492e-07 -1.54137e-04  1.51309e-10
 387 -2.26727e-06 -1.05014e-06  3.14480e-06 -5.15816e-08 -3.58143e-05  2.01864e-13
 388 -2.89893e-06  3.01213e-06  3.96020e-06  1.46292e-06 -2.58433e-04  3.37842e-09
 389 -1.05814e-06 -1.04996e-06 -1.11717e-05 -2.29967e-07 -6.16255e-05 -6.66483e-12
 390 -2.62741e-06  2.11568e-06  8.03262e-07  1.23014e-06  1.46525e-04 -1.18267e-10
 391 -2.72820e-06 -2.53534e-06  1.83604e-06  1.42287e-06 -1.19710e-04  1.28585e-10
 392 -2.39792e-06 -6.06177e-06 -1.92006e-06 -3.22369e-07  1.24554e-04  4.36284e-12
 393  4.55911e-06 -2.70355e-07  1.94925e-06  8.28869e-07 -4.80508e-05 -1.01325e-11
 394 -1.42015e-06  2.95165e-06 -9.65269e-06  9.25634e-08  1.66265e-05  4.07220e-12
 395 -2.69029e-06  7.81521e-07 -5.95751e-06  1.22583e-06 -2.08161e-05  2.19936e-13
 396 -1.58362e-06 -6.01699e-06  3.97943e-06  1.90692e-06  7.51796e-05 -3.49426e-11
 397 -2.93199e-06  1.38679e-06  3.81678e-06 -9.13177e-07 -2.60706e-04  1.60848e-09
 398  5.28577e-07 -7.89789e-06  1.19239e-06 -1.31896e-06 -9.49920e-05  6.36847e-11
 399  2.06639e-07 -5.16734e-06  2.28142e-05  5.99848e-07 -2.16463e-05 -7.35542e-11
 400 -4.96284e-07 -7.25064e-06  1.02373e-05  6.08189e-07 -9.12315e-05  1.77568e-10
 401 -5.56133e-07  1.58407e-06  6.55150e-06  8.79067e-07 -5.62356e-05  1.75527e-12
 402  4.34554e-06  9.73077e-07 -1.70405e-05  7.08552e-08  8.17792e-05 -3.09537e-10
 403 -3.39277e-06  6.15756e-06  2.79111e-07 -1.10064e-07 -9.33454e-05  5.38358e-11
 404 -3.10351e-06  3.57589e-06 -8.95631e-06  4.75491e-07  1.87468e-04 -1.11699e-10
 405  1.12104e-06  3.97389e-06 -1.22204e-05  3.17583e-07 -1.59387e-04 -5.90309e-12
 406 -5.19826e-06  3.86380e-07 -4.76335e-06  6.54379e-07  7.49621e-05  4.61834e-11
 407 -4.79031e-06 -4.69332e-06 -1.13539e-05  2.90239e-07 -4.78083e-05  3.32320e-10
 408  5.36756e-07  2.54302e-06  2.07314e-06  1.15716e-06  2.46477e-05  7.68485e-14
 409  3.47517e-06 -4.55553e-06  1.25016e-06 -2.37373e-07  1.21386e-04 -7.60173e-11
 410  3.31076e-06 -4.74963e-06  9.66449e-06  5.28525e-07  1.75739e-04 -9.65107e-10
 411 -1.12867e-07 -1.15409e-06  1.79141e-05  2.94707e-07  5.93972e-05  1.63739e-10
 412  8.53867e-07  6.33469e-06  5.30014e-06  5.36828e-07  7.92650e-05 -2.50382e-11
 413 -1.42185e-06  3.28764e-07 -2.54521e-06 -1.04150e-06  1.47401e-04 -9.50699e-11
 414 -3.47980e-06 -1.67410e-06 -1.83610e-05  2.21902e-07  6.25908e-06 -6.41263e-10
 415 -1.32051e-06 -3.09860e-06 -2.99399e-05 -4.93734e-08  6.79312e-05 -6.67597e-10
 416 -5.92481e-07  4.49999e-06 -1.90388e-05  5.75522e-07  5.89512e-05  9.84243e-11
 417 -2.71110e-06  1.62151e-06 -8.71881e-06  1.40904e-06 -2.58724e-05  5.39491e-13
 418 -1.88265e-06 -1.75509e-06  5.51413e-06 -1.26348e-07  3.58898e-05 -4.77817e-13
 419 -3.84593e-07 -4.20552e-06 -3.62294e-06 -1.68062e-06  2.74260e-05  1.92114e-13
 420  7.13961e-07 -1.92675e-07 -4.14225e-06 -3.46227e-07 -1.47348e-04  9.00318e-12
 421  3.71046e-06  2.68667e-06 -2.08298e-05  2.05387e-08  2.56998e-05  9.99646e-10
 422  2.66551e-06  1.02470e-06 -8.74996e-06 -1.19849e-06  1.70752e-04 -9.97366e-10
 423  2.05716e-07  4.00969e-06  2.70815e-06 -1.13636e-06 -1.20554e-04  6.23518e-11
 424 -1.09855e-06 -2.88791e-06 -6.73410e-06 -4.70198e-07  3.94523e-05 -5.91454e-13
 425  5.89788e-07 -5.61644e-06 -1.92154e-05  8.06394e-07 -8.41411e-05 -3.00662e-11
 426 -1.91276e-06  2.26837e-06  1.32847e-05 -4.02980e-08 -1.51741e-04  2.80221e-10
 427 -6.60477e-07  1.76218e-06  1.59657e-05  1.18690e-06 -1.26319e-04  4.49747e-11
 428 -4.18448e-06  7.78981e-07  2.23396e-06 -1.71059e-06  1.68439e-04  1.30388e-09
 429  4.38999e-07 -1.29767e-06 -1.51968e-06 -8.59110e-07  2.00515e-04 -1.77116e-10
 430  1.30573e-06 -1.63288e-06  2.11960e-06 -1.13468e-06  6.85368e-05 -1.23008e-11
 431  2.91650e-06 -1.49250e-07  1.83890e-05  1.32598e-06  1.66796e-04 -1.79914e-09
 432 -1.65614e-06 -6.53004e-06  8.57966e-06 -1.45891e-06 -3.23183e-05  2.95501e-11
 433  2.53729e-06  1.56679e-06 -2.23845e-06  1.19635e-06 -2.15932e-05 -4.17229e-14
 434 -1.49979e-06  2.20633e-06  9.91429e-07  8.50666e-07 -2.22255e-05  1.84087e-14
 435  1.68923e-06 -4.93401e-06  2.41676e-06 -1.75806e-06 -2.55048e-05 -3.09407e-14
 436  9.20123e-08  4.38251e-06  1.89079e-05  8.32616e-07 -6.87069e-05 -8.61116e-11
 437  1.65352e-06 -4.13404e-06 -8.31470e-06  1.21150e-06 -4.24345e-05 -8.04570e-12
 438 -9.67202e-07 -4.13498e-06 -6.71832e-06  1.60605e-07  2.50409e-06  1.17981e-13
 439  1.71544e-06 -4.69647e-06  6.59458e-06 -1.40681e-06 -6.25282e-05  5.88638e-13
 440 -5.11645e-06  3.84994e-06 -1.29324e-05  1.98355e-08  6.00118e-05 -5.86091e-10
 441 -4.76349e-07 -2.15134e-06 -8.05862e-06 -1.26838e-06 -1.13809e-05  1.56144e-13
 442 -1.99490e-06 -2.88527e-06 -1.54789e-05  3.20145e-08  1.90891e-05 -1.55867e-10
 443  1.59741e-06 -4.52352e-06  1.64325e-05  1.40930e-06 -5.07168e-06  1.81434e-10
 444 -2.31667e-06 -3.47851e-06 -3.59437e-06  4.33199e-07 -1.30248e-04  6.28120e-11
 445 -4.17866e-06  3.51579e-06 -6.24936e-06  5.33217e-07  2.71122e-04 -1.42204e-10
 446  5.77806e-07  5.22900e-06  4.83208e-06  2.45115e-07  1.06267e-04 -1.61831e-11
 447  4.25299e-06  6.01317e-07 -7.13947e-06  5.06871e-07 -7.33318e-05 -5.19128e-11
 448  4.21003e-06  3.73803e-06  2.07572e-05  9.94786e-07 -5.82294e-05  1.69676e-09
 449  2.74207e-06  5.85160e-07 -3.58574e-06  1.14345e-07  1.24395e-04 -5.46540e-11
 450  1.50301e-06 -1.48206e-06 -2.29166e-06 -2.98129e-07  1.05616e-04 -8.51064e-12
 451 -1.07687e-06  5.31695e-06  1.85586e-06  1.26156e-07 -8.49978e-05  4.68829e-12
 452  2.16282e-06 -2.12607e-06  1.64894e-05 -1.63686e-07  3.34024e-05  3.13458e-10
 453 -1.46906e-06  3.76658e-06 -7.31474e-06  1.60085e-06  5.75703e-05 -2.64859e-12
 454  4.06502e-06 -3.75122e-06  8.82008e-06  4.89790e-07 -6.24411e-05 -5.93620e-11
 455  7.39420e-07  1.29914e-06  7.66295e-06  1.52048e-06 -1.45822e-04  1.77289e-10
 456 -7.27469e-07  1.42106e-06  1.90639e-05 -4.55945e-08 -1.48695e-04 -1.29698e-10
 457 -3.93101e-06 -8.27376e-09 -1.11056e-05  4.38379e-08 -1.31316e-05 -5.17243e-12
 458 -3.26014e-06 -2.55318e-06 -7.65052e-06 -1.54284e-06  4.82984e-05  9.21941e-12
 459  4.41518e-06  3.51520e-06  1.94252e-05 -1.35094e-07 -2.00948e-04  1.53528e-09
 460  2.85464e-06  1.55358e-06 -1.43106e-05  8.85691e-07  8.28227e-05 -1.14808e-10
 461 -3.83526e-06  3.43956e-07  2.00441e-05  1.11281e-06  2.77870e-04  1.58939e-09
 462  4.71284e-06  1.53349e-06 -8.28534e-06 -4.19973e-08  3.94033e-07 -1.75718e-13
 463 -4.01630e-06  2.81454e-06 -7.30713e-06  1.91754e-07  1.15893e-04  1.14961e-10
 464 -4.26037e-06  1.32062e-06  3.94955e-07 -5.61915e-07 -9.98078e-05  6.47299e-11
 465 -4.44284e-06  3.04957e-06 -2.00655e-05 -5.76484e-07  3.61415e-05 -1.49972e-09
 466 -6.71588e-06 -1.67473e-06  1.10914e-05  4.75045e-09 -4.68305e-05  3.67052e-10
 467 -2.34885e-06 -3.91099e-06 -1.97364e-05 -1.31074e-06 -5.77853e-05 -3.99026e-10
 468  2.34512e-06  2.01763e-06  7.99416e-06 -1.10690e-06 -1.09906e-04 -1.61942e-11
 469  5.31933e-07 -6.99962e-07 -9.88128e-06  4.23541e-07 -6.60891e-05 -2.02098e-11
 470 -3.30073e-06  9.97612e-07  1.93480e-05  3.11264e-08 -1.23261e-05 -8.12330e-10
 471  1.34705e-07  3.29622e-06  1.36867e-05  1.19344e-06  8.39805e-05 -1.59684e-11
 472 -1.58837e-06 -2.13205e-06 -1.12598e-05  8.53195e-07 -5.53698e-06  1.98556e-13
 473  1.24893e-06  5.60644e-06 -1.80883e-05 -1.07248e-06 -8.33563e-05  1.88629e-10
 474  1.19518e-06  4.05937e-06 -6.25028e-06 -1.15411e-07  2.34670e-05 -7.39061e-14
 475  4.34527e-06  2.29885e-06  1.15725e-05 -8.34915e-07 -6.81346e-05  1.83245e-10
 476  1.11339e-06 -2.25996e-07 -1.20050e-05 -1.34583e-06 -2.23644e-05 -1.25610e-11
 477 -4.91501e-07 -3.39812e-06 -1.90296e-05  4.10827e-07 -1.72074e-04  9.94641e-11
 478  2.93442e-06 -5.19097e-06  4.36490e-06 -9.59607e-07 -1.39858e-05 -1.01540e-13
 479 -4.49202e-06  5.43499e-06 -7.44875e-06 -5.24810e-07  2.19303e-04 -2.90220e-10
 480  4.13755e-06 -5.89231e-06 -1.07160e-05  1.23326e-06  3.63275e-05 -5.26720e-11
 481 -9.51205e-07 -3.35199e-06 -3.03410e-06  1.51550e-07 -1.62944e-05  1.78077e-14
 482 -3.89463e-06  2.83310e-06 -1.89641e-05 -8.57029e-07 -2.04309e-05 -6.92416e-10
 483 -7.96031e-07  1.56750e-06  1.74834e-05 -4.64924e-07 -1.11487e-04 -1.17246e-10
 484  1.10480e-06  2.58912e-06 -4.63840e-06  4.78064e-07  2.39245e-05 -4.93757e-14
 485  2.27701e-06  2.25895e-07  8.16361e-07 -1.42078e-06  9.56012e-05 -5.81457e-11
 486  3.52976e-06  2.31335e-06 -2.37582e-06 -3.73984e-07 -1.20541e-04 -2.55739e-11
 487 -4.84322e-06 -2.61308e-06  2.80895e-06 -2.18460e-07 -9.43667e-05  8.64914e-11
 488 -9.34116e-07 -1.64638e-06  1.30062e-05 -1.65863e-06 -6.15561e-05 -7.05079e-12
 489 -1.02907e-06 -2.31163e-06 -9.78559e-06 -2.17893e-06  9.67746e-05 -7.74899e-11
 490  4.19969e-06  9.16087e-07  2.07137e-06 -1.43303e-06  2.35485e-05 -1.48834e-13
 491 -3.98346e-07 -3.81409e-06  8.33885e-06  9.69167e-07  4.13583e-05  4.72811e-12
 492  3.33986e-06 -3.47361e-06 -2.23413e-06 -1.12384e-06 -1.15640e-04  2.31042e-11
 493 -5.02872e-06 -2.93033e-06 -1.73661e-05  4.19250e-08  2.71983e-04 -1.65016e-09
 494 -4.01890e-06 -4.70996e-06 -1.53892e-05  1.29374e-07  9.17489e-05 -7.57732e-10
 495 -4.50310e-06 -2.94329e-06 -1.16832e-05  4.33380e-07 -5.52723e-05  3.21727e-10
 496  1.15792e-06 -2.84107e-06 -5.89124e-06  9.64724e-07  3.68699e-05 -3.33120e-13
 497  1.38482e-06  4.55147e-06  1.21028e-05  2.20726e-07 -2.01637e-04  1.68735e-11
 498  9.28516e-07 -4.19695e-06 -1.72839e-05  1.70684e-06  4.29225e-05  1.61939e-11
 499  6.62053e-07 -2.12222e-07  4.54590e-06 -2.25639e-06  1.21430e-05  3.89758e-13
 500 -3.47667e-06  2.54213e-06 -1.00760e-05 -5.00249e-08 -2.49426e-04  1.86272e-09
 501 -4.30535e-07  2.24709e-06 -1.82263e-05 -2.68186e-07  5.24770e-05  1.65652e-10
 502 -3.60279e-06  5.14518e-06  1.39377e-05 -6.06620e-07  1.02186e-04 -5.21545e-10
 503  2.73900e-06  3.18910e-06  5.29000e-06  1.13953e-06 -9.34485e-05  2.09335e-12
 504  2.93992e-06  5.54154e-06  3.22340e-06 -1.45065e-06  4.21594e-06  7.82807e-14
 505  4.51000e-06  3.92565e-06  3.22927e-06 -4.98483e-07  9.75328e-05 -9.52186e-11
 506 -2.88089e-06 -4.94150e-06  1.04893e-05  1.52371e-06  1.76752e-04  4.73119e-10
 507  1.72493e-06  6.73539e-06 -7.88071e-06  1.37939e-07  3.12848e-05 -8.06794e-14
 508 -6.55122e-07 -6.62552e-06  3.28754e-06  9.09608e-07 -8.37069e-05  2.94449e-11
 509  2.71753e-07 -8.11518e-07  1.09365e-05  7.10527e-07  5.32828e-05  1.80251e-11
 510 -4.38378e-06  1.74928e-06 -8.77328e-06  1.54838e-06  1.34870e-04  6.03427e-10
 511 -1.95013e-06 -3.59744e-06 -3.16810e-06 -1.56845e-07  3.61409e-05 -2.76288e-13
 512 -1.34791e-06 -4.28136e-06  3.50593e-06 -1.14558e-06  3.32344e-05  2.00971e-14
 513 -2.59325e-06  5.48748e-07  1.61938e-05 -1.48750e-06 -4.12624e-06 -3.06885e-10
 514  3.68488e-06  2.24989e-06 -1.66858e-05 -4.09929e-07  1.49010e-04 -1.23869e-09
 515 -1.68108e-06 -6.77129e-06  9.31688e-06  1.05847e-06 -7.64422e-06  4.42766e-13
 516  2.71315e-06  1.93459e-06  5.18497e-06 -4.29693e-07 -1.33674e-05 -5.47676e-14
 517 -1.57478e-06 -2.28463e-06 -2.15722e-06 -1.78589e-07 -1.12719e-05  4.41967e-14
 518  1.07886e-06  6.99674e-06  1.68909e-06  3.00271e-07  1.97704e-05  1.63367e-13
 519  1.18609e-06  6.72775e-06  1.00802e-05 -1.21140e-06 -1.51317e-04  2.86829e-10
 520  6.92683e-07  1.26903e-06  1.65243e-06  2.83801e-07  6.58434e-07  1.13017e-14
 521  2.48476e-06 -1.84078e-08 -2.09034e-05 -9.10802e-08 -9.55068e-05  4.96900e-10
 522  1.17531e-06  9.16564e-07 -3.11495e-06  7.14646e-07  1.03715e-05  4.36349e-14
 523 -2.31260e-06 -4.44051e-06  4.19539e-06 -1.31801e-06 -4.15087e-05  3.94430e-12
 524  1.95037e-06 -2.65229e-06  1.39616e-05  8.00483e-07  8.12441e-05 -5.25904e-11
 525  5.26083e-07  5.85885e-08 -7.64447e-06 -6.27577e-07 -9.95030e-05  2.90900e-13
 526  2.23471e-06 -3.68861e-06 -1.35789e-05  1.16019e-06 -4.55259e-05 -2.90352e-11
 527 -3.63436e-06  3.39140e-06  2.02408e-05 -8.08322e-07  2.74872e-04 -2.23025e-10
 528  6.77066e-09  3.96614e-06 -6.00709e-06  7.81685e-07  7.01176e-05 -8.53071e-12
 529  3.68062e-06  5.15137e-06  1.42860e-05 -4.76761e-07 -1.11338e-04  5.86602e-10
 530  2.38221e-06 -5.59034e-06  5.00492e-06  1.21250e-06 -1.33216e-04  8.79087e-11
 531 -2.61806e-06  9.09793e-07  2.86855e-06  1.08681e-06  1.22971e-05  1.86873e-13
 532 -1.05873e-06 -2.35814e-06 -3.46441e-07  9.46866e-07 -5.94206e-05  4.89196e-12
 533 -7.58192e-07 -1.83372e-06  1.44989e-06  1.41228e-06  1.55580e-05  1.58665e-13
 534 -1.65795e-07  2.06572e-06  6.61067e-06 -1.15636e-06  1.52559e-04 -1.44924e-10
 535 -2.26729e-06  3.63531e-07 -2.32485e-06 -8.49287e-07 -7.78226e-05  1.11680e-11
 536  1.87624e-06  2.11760e-06  1.29519e-05  3.41603e-07  4.60486e-05  1.27538e-11
 537  2.60717e-06  3.19231e-06  1.27591e-05 -6.19363e-07 -2.11755e-05 -2.12647e-11
 538  2.28523e-06  3.03289e-06 -1.08682e-05  1.50136e-06  4.59558e-05 -7.55299e-12
 539  3.81776e-06  2.04358e-07  1.15666e-05 -6.22676e-08 -2.98634e-04  1.73143e-11
 540 -4.31962e-06 -3.14837e-06 -2.10767e-05 -7.93108e-07  2.83471e-05 -1.67774e-09
 541 -4.22929e-06  2.64371e-06 -1.34025e-05  3.19297e-07 -7.79131e-05  3.34977e-10
 542  3.43580e-06  2.79858e-06 -1.70376e-06 -7.31622e-07 -1.71503e-05 -1.41120e-13
 543  2.01575e-06  6.36005e-06 -1.12117e-05 -1.13540e-06 -1.07298e-05 -4.65572e-12
 544  1.67482e-06  5.85431e-07  1.83399e-05 -1.87578e-07 -9.60782e-05 -9.40921e-11
 545  6.48311e-07 -7.13464e-06 -8.37911e-06 -3.87445e-07  9.46686e-05 -1.37804e-10
 546 -4.17440e-06  2.69441e-06 -5.75207e-06 -8.34753e-07 -6.71225e-05  5.00596e-11
 547  8.63515e-07  3.27803e-06  4.08333e-06 -1.03780e-06  1.89428e-04 -2.58676e-10
 548  2.12541e-06  2.99412e-06  6.64255e-06  3.74336e-07 -2.88795e-05  1.34896e-13
 549 -1.79228e-06 -3.67037e-06  8.80050e-07  3.12683e-07  5.19164e-05 -6.50452e-13
 550 -6.46081e-07 -1.25911e-06 -3.15088e-06 -1.79053e-06 -5.83948e-05  1.69895e-11
 551  1.18441e-06  2.01851e-06  1.12101e-05  3.36779e-07  2.03934e-05  8.91334e-12
 552  1.21670e-06 -1.48390e-06  5.01165e-06  1.40055e-06  1.81863e-04 -3.88888e-10
 553  2.99090e-06 -2.24408e-06 -1.20778e-06 -7.35255e-07  1.65095e-04 -1.63487e-10
 554 -2.55113e-06 -4.22690e-06 -9.86617e-06  1.81153e-06  7.16848e-05 -1.58697e-11
 555  1.12269e-06  2.03213e-06 -1.07005e-05  6.78116e-07  1.24811e-04 -8.38702e-11
 556  4.00341e-06  3.59833e-06 -9.23488e-06 -3.48300e-07 -1.15147e-04  1.43678e-10
 557  3.67480e-06 -1.42369e-06 -5.43554e-06  1.49989e-06 -9.62156e-05  9.95924e-12
 558  4.34076e-06  2.46695e-06 -3.40310e-06 -4.72699e-07  4.70869e-05 -1.48389e-11
 559 -2.98583e-06 -4.11696e-06  1.05051e-05  7.03357e-07 -5.66945e-05  5.15984e-11
 560 -7.54840e-07  3.78582e-06  2.71668e-06  1.89772e-06 -6.09194e-05  2.18511e-11
 561  6.76461e-07 -2.29253e-06 -1.09273e-05  1.84252e-07  9.84642e-05 -6.62062e-12
 562  1.58296e-06 -1.67638e-06  2.40046e-06 -4.20054e-07 -8.19188e-05  4.72699e-13
 563  4.58660e-06  1.37277e-06 -1.75670e-05  5.25956e-07  1.10261e-05  7.54194e-10
 564 -3.69630e-06 -1.70752e-06  4.39255e-06 -9.80930e-07  4.87206e-05  6.86783e-12
 565 -9.00893e-07 -4.84282e-06 -1.26371e-05  5.27387e-07  5.13393e-05 -1.23413e-11
 566  1.59758e-06 -4.51664e-06 -8.88311e-06  4.10504e-07  2.65569e-05  4.41434e-12
 567  1.98149e-06 -2.47746e-06 -1.60661e-05 -9.27507e-07  7.38372e-05  2.09335e-10
 568  6.87225e-07  6.07043e-06  1.34835e-05  1.30835e-06  1.16501e-05  1.11172e-11
 569 -5.15341e-06 -2.83536e-06 -1.43444e-05  6.99077e-07  1.37006e-04 -1.04735e-09
 570 -2.67155e-06  2.23793e-07  8.30156e-06 -7.71187e-07 -1.09966e-04  1.10765e-10
 571 -3.73944e-06 -5.23889e-06  1.32768e-06 -2.10329e-07 -2.84054e-05  7.98674e-13
 572  2.34923e-06  3.80932e-06 -1.36781e-05  6.67603e-07 -8.58209e-05 -8.78690e-11
 573  3.08398e-06 -5.16889e-06  1.81966e-05  1.29878e-06  5.76616e-05  1.39363e-10
 574  8.01701e-07 -3.33230e-06  1.63346e-05 -1.63951e-06  1.79874e-05  3.64451e-11
 575 -1.87150e-06 -6.36284e-07 -9.88430e-06  2.11300e-06 -6.27780e-05  3.93310e-11
 576  1.14808e-06 -3.55833e-06 -7.77649e-06 -1.56000e-06 -1.47102e-04  2.07592e-10
 577 -3.53520e-06  6.22871e-06 -2.45509e-05  6.16341e-08  5.81907e-05 -2.47640e-09
 578 -3.64268e-06 -4.60616e-06  2.68225e-06  2.69527e-07  2.60640e-04  9.12530e-11
 579  3.51141e-06  3.67370e-07 -1.06634e-05  8.77837e-07  1.74865e-04 -1.12074e-09
 580  4.83758e-06 -5.24209e-06  1.79705e-05  4.67573e-07  1.88706e-05  5.76288e-10
 581  2.64770e-06 -6.94015e-06  3.47037e-06  6.85414e-07 -1.82204e-04  5.82537e-11
 582 -1.32794e-06  2.44149e-06  1.07201e-05 -1.12995e-06  1.19040e-04  1.63832e-11
 583 -4.18694e-06 -4.79654e-06  7.93962e-06 -1.74722e-06  7.12031e-05  6.83408e-12
 584 -2.10979e-06  2.35955e-06  1.33146e-05  1.88154e-07  1.15176e-05  1.03177e-11
 585 -3.79452e-06 -4.68282e-06 -6.55722e-06 -9.44387e-07  4.31188e-05  1.55785e-11
 586 -2.69123e-06  1.42171e-06 -1.05719e-05  1.42337e-06 -1.68162e-04  1.58870e-09
 587  7.92545e-07 -5.30949e-06  1.33747e-05 -1.28205e-07 -3.09596e-05  1.50530e-11
 588 -2.10624e-06  7.65936e-07  1.88286e-06 -4.97899e-07 -3.93501e-05  1.46988e-13
 589 -2.97592e-06 -6.64407e-06 -1.09258e-05  5.83273e-07 -2.56536e-04  2.63799e-09
 590  3.48221e-06 -2.21844e-06 -5.39604e-06  1.81625e-07  1.55826e-04 -2.06306e-10
 591  9.41847e-07  1.67695e-06 -3.29972e-06  1.11200e-06 -2.19093e-06  9.69843e-14
 592  4.08261e-06  3.33046e-06 -7.28798e-06  1.71061e-06  1.61290e-04 -2.43674e-09
 593 -4.67291e-06  1.89374e-06  5.78364e-06 -1.36727e-06  1.06627e-05  7.09798e-13
 594  1.85289e-06 -3.41962e-06  1.20198e-06  4.12614e-07  1.38221e-04 -4.05848e-11
 595  9.76011e-07 -6.83793e-06 -8.02638e-07  2.27093e-07  1.07670e-04 -3.07772e-11
 596 -3.09130e-06 -1.59021e-06  2.31821e-06  8.97858e-08 -3.45113e-05  4.25023e-13
 597  6.46258e-07 -5.89921e-07 -1.42577e-05 -7.29428e-07  9.88371e-05  2.59046e-11
 598  5.96560e-06 -4.53818e-06 -1.23411e-05  2.71590e-08 -9.91232e-05  1.05863e-09
 599  4.30582e-06 -1.31745e-06 -3.75733e-06  9.31281e-07 -8.80886e-06 -1.43258e-13
 600  1.32050e-06  6.72120e-06 -2.25498e-06  5.25499e-07  7.79276e-05 -2.28756e-11
 601  3.31628e-06 -7.64283e-07  1.21341e-05 -1.15288e-06  1.33111e-04 -7.76823e-10
 602 -4.97895e-06  5.32050e-06 -3.36059e-06 -2.15286e-06 -1.83322e-04  5.21236e-09
 603  2.81184e-06  3.54361e-06 -1.97488e-05  1.41307e-07 -1.80647e-04  4.86181e-10
 604 -3.30399e-08 -3.41435e-06  5.78989e-08  8.77068e-07 -1.29506e-04  4.43239e-11
 605  3.06573e-06  1.64069e-06  1.47546e-05 -2.17536e-07  9.10279e-05 -1.82059e-10
 606  2.48816e-08 -9.14870e-06  3.77440e-06  1.71869e-07 -1.15847e-05  3.56406e-13
 607 -3.89063e-06  5.69544e-06  4.82931e-06  3.34531e-07 -5.50176e-05  2.66945e-11
 608 -2.98000e-06 -1.52268e-06  1.89550e-05  1.38852e-07  5.63827e-05 -6.68366e-10
 609 -3.72324e-06  3.36598e-06 -1.08312e-06 -9.29876e-07 -4.35571e-05  1.21194e-12
 610 -7.90432e-07  6.83002e-06  1.12672e-05  1.65153e-07  6.68836e-05 -8.85104e-11
 611 -1.59604e-06 -4.84014e-06 -1.56582e-05  7.64528e-07  4.62743e-06  8.23166e-12
 612 -3.85778e-06  5.34077e-06 -7.21296e-06  5.61212e-07 -3.30039e-05  9.74685e-12
 613  2.20153e-06  3.50647e-06 -3.51568e-07  1.38428e-06 -1.59068e-04 -3.01961e-10
 614 -6.73295e-07  6.43361e-06  5.28596e-06 -7.42121e-07  1.04381e-06  2.65947e-13
 615  4.64474e-06 -1.57155e-06  1.20651e-05 -8.01902e-07  1.03872e-05  6.09997e-12
 616  6.38652e-07 -5.16284e-06 -1.42890e-06  4.31886e-07  9.31723e-05 -9.19842e-12
 617  1.64167e-06 -3.97523e-06  1.23886e-05 -7.76397e-07 -4.16178e-05 -9.08962e-12
 618  4.07983e-06  1.64836e-06  1.25708e-06  1.72431e-06 -1.00068e-04 -5.09840e-10
 619  1.41165e-06  3.39882e-06  1.89972e-05  1.35679e-06 -1.03801e-05  2.71740e-10
 620 -2.46536e-06 -2.53880e-06  5.09791e-06 -1.58076e-06  4.58761e-05 -3.08968e-12
 621  1.20804e-06 -1.12259e-06 -1.12387e-05  2.39619e-07  1.59578e-04 -1.56943e-10
 622 -1.60211e-06 -4.55265e-06 -1.49938e-05 -1.39413e-06 -6.96865e-06 -9.34325e-12
 623  4.52428e-07 -8.54742e-06  6.20848e-06  2.14571e-07  1.04215e-04 -1.45591e-10
 624 -1.79831e-06 -3.34049e-06  1.95702e-05 -8.09668e-07 -4.42826e-05 -5.27231e-10
 625  2.58452e-06 -6.68056e-06 -5.64733e-06 -1.46566e-06  7.37185e-05 -9.23804e-11
 626  4.50220e-06 -1.31523e-06 -1.47646e-05 -1.50012e-06 -1.84645e-04 -5.58928e-10
 627  3.60928e-06  4.92928e-07 -4.67243e-06 -5.58645e-07  1.89568e-04 -3.56956e-10
 628  1.47978e-06  2.56335e-06  4.70029e-06  3.10825e-07 -3.95465e-05  1.25981e-13
 629  1.81271e-06 -2.65011e-06 -1.34520e-05 -1.24194e-06  1.39060e-04 -3.36549e-10
 630 -9.06198e-07 -2.82565e-06  1.19204e-05  1.96985e-09  1.37657e-04  3.88670e-11
 631  5.96194e-07 -4.03173e-06 -2.03017e-05 -3.23927e-08  4.17258e-06  2.03507e-11
 632 -4.00746e-06 -1.73521e-06 -8.58218e-06 -6.70281e-07  2.39752e-04  2.67078e-10
 633 -8.71398e-07  3.92328e-06  1.44478e-06 -6.87044e-07  8.76493e-05 -8.86667e-12
 634 -1.65835e-06 -5.19811e-07  1.66530e-05  8.15456e-07 -1.69855e-05 -2.44850e-10
 635  2.55001e-06 -5.59318e-06 -1.95548e-07 -2.88365e-07  2.20334e-04 -2.61710e-10
 636  3.83303e-06 -8.21727e-07 -9.11938e-06 -9.55915e-07  2.63612e-05 -2.07953e-12
 637 -3.26611e-06 -4.55726e-06  8.42191e-06 -1.31187e-06  1.10622e-04 -2.02706e-12
 638  7.55294e-08 -3.12606e-06 -2.44806e-05 -5.82991e-07 -1.92028e-05 -1.57327e-10
 639  5.37633e-07 -5.28699e-06  8.26145e-06  1.59251e-08 -2.17904e-05 -2.72490e-12
 640 -1.49559e-06  5.51046e-06 -2.21099e-05 -5.17621e-07  3.39259e-06 -5.44731e-10
 641 -3.52370e-06 -3.00592e-06 -4.11905e-06 -8.49455e-07 -2.40862e-05  4.89355e-13
 642  1.76749e-06 -2.00068e-06 -1.21011e-05 -1.55742e-06  3.74077e-05  6.87102e-12
 643 -2.39595e-06 -1.95983e-06  5.04841e-06  4.55734e-07  1.09280e-04  1.31644e-11
 644 -3.23330e-06  5.33651e-06 -8.06924e-07  1.32187e-06  5.42009e-05 -4.72292e-12
 645  5.95994e-06 -1.55822e-06 -1.46307e-05  6.82437e-07 -3.92653e-05  8.58980e-10
 646  2.18250e-06 -5.20438e-06 -2.62240e-07  2.16518e-06 -1.44071e-06  1.70026e-13
 647 -2.02171e-07  2.34327e-06  4.39632e-07  3.33318e-07 -6.56032e-05 -4.65035e-13
 648  2.50456e-07 -1.36178e-06  1.26405e-05  4.89532e-07 -5.97576e-05 -4.15464e-11
 649 -4.78266e-06  1.14019e-06 -2.10120e-08  2.50928e-07 -1.24475e-04  1.32710e-10
 650  3.66608e-06  1.28112e-06 -2.75448e-06  1.81702e-06  8.30031e-06  1.22510e-13
 651 -5.56095e-07 -4.49169e-06  1.93297e-05  7.61170e-07  1.02086e-04  1.54363e-10
 652  5.12572e-06  3.58425e-07 -1.79387e-05 -5.82156e-07 -1.05413e-04  1.61050e-09
 653 -5.58150e-07 -5.10663e-06 -4.00195e-07  1.50820e-06 -5.77873e-05  1.16127e-11
 654  3.53739e-06  2.89499e-06  3.13513e-07 -4.31325e-08 -4.66553e-05  5.18316e-13
 655  5.01862e-06 -3.42212e-07  5.46374e-07 -2.05341e-06 -2.16727e-05 -7.77115e-14
 656 -1.93969e-06  2.76637e-07  1.72195e-05 -3.16084e-07  7.93977e-05 -6.17822e-12
 657 -7.72682e-07 -6.29007e-06 -8.03489e-06  4.23031e-07  1.42131e-05  2.30167e-13
 658  1.94978e-06  6.58773e-06  1.01861e-05  8.43688e-07  6.88096e-05 -1.28943e-10
 659 -3.13170e-06  3.90638e-07  3.84389e-06 -1.68640e-06  2.30259e-05  2.28184e-13
 660  8.10250e-07 -3.88035e-06  2.18079e-05  3.96824e-07 -1.35859e-04 -2.77381e-10
 661  4.03868e-06  6.27529e-06 -1.10092e-05  1.53988e-06  7.54016e-05 -5.10753e-10
 662  4.66469e-06 -6.66863e-06  1.97913e-05 -2.93704e-07 -5.33795e-05  1.88335e-09
 663  3.87035e-07 -3.49244e-06 -8.34767e-06  9.00949e-07  5.69956e-05  1.15300e-12
 664  2.31999e-06  7.54575e-08 -2.02143e-06  7.21841e-08 -1.80987e-05 -7.24962e-14
 665 -1.44588e-07  4.36889e-06  1.44565e-06  3.50133e-07 -1.90904e-04  3.54028e-11
 666  1.79384e-06 -6.75755e-06  5.10688e-06 -7.60295e-08 -1.03373e-04  3.20107e-11
 667 -1.12911e-06  3.10423e-06  3.21212e-06 -1.21137e-07  1.16963e-04  7.23074e-13
 668 -3.38727e-07 -5.67599e-06  2.14770e-05 -5.44515e-07 -7.28151e-05 -5.23024e-11
 669  1.90899e-06  5.17168e-06  1.32846e-05  2.68839e-07 -2.51476e-04  2.67810e-10
 670  1.33520e-06  4.15055e-06  7.38896e-06 -7.79640e-07  3.07861e-05 -2.39754e-13
 671  3.64193e-06 -1.93173e-06  1.26779e-05 -1.01110e-07 -3.90685e-05 -5.34965e-11
 672 -1.17940e-06 -3.13867e-06 -4.72560e-06  1.86809e-06 -9.96133e-05  1.06551e-10
 673  3.93919e-06  3.41350e-06 -3.81292e-06 -9.73556e-07 -1.23639e-04 -1.42410e-11
 674  3.80605e-06 -7.07751e-06  7.76709e-06 -1.00828e-07 -1.61137e-04  2.75924e-10
 675 -8.62991e-07  1.15541e-06 -5.44995e-06 -1.10920e-06  1.45519e-04 -9.98903e-11
 676  2.72287e-06  3.31877e-06  8.45184e-06  4.09561e-07 -4.42125e-05 -1.66426e-11
 677  1.64522e-07 -3.68510e-06 -1.71005e-05 -1.17683e-06  1.54518e-04 -1.74135e-10
 678 -2.80203e-06  3.63058e-06 -8.74091e-06  1.08321e-07 -1.85445e-05 -2.72424e-12
 679  2.07182e-06  4.39598e-06 -1.14378e-06 -4.88947e-07 -4.49404e-06 -5.87925e-15
 680  1.01755e-06 -4.32273e-06 -2.19230e-05 -1.08077e-06  8.51732e-05  5.17662e-10
 681 -2.02258e-07 -7.12711e-07  2.97164e-06 -6.02125e-08 -3.32028e-05 -8.71005e-14
 682 -4.60509e-06 -1.02639e-06 -1.08697e-05  1.06808e-07  1.83583e-04 -2.20672e-10
 683  3.35820e-06 -1.88247e-06  2.14680e-05 -1.38100e-06 -2.69730e-05  1.25018e-09
 684 -3.59828e-06  7.43921e-07  1.78563e-05  1.99462e-07  9.03629e-05 -7.56817e-10
 685  4.90405e-06 -1.49326e-06 -5.16816e-07 -4.58980e-07 -4.10117e-06 -2.31896e-13
 686  1.23918e-07 -7.80606e-06  1.21015e-05  1.25772e-06 -7.59458e-05  2.04540e-10
 687 -5.53451e-07  5.22859e-06  1.77231e-05  5.32371e-07 -1.02483e-05 -2.79013e-11
 688  4.88104e-06 -9.69526e-07 -1.21010e-05  1.31851e-07  3.82589e-05 -8.15706e-11
 689 -3.34757e-06  8.65423e-06  1.01900e-06  5.89843e-08 -1.30076e-04  2.83436e-10
 690 -4.43455e-07  6.55205e-06  9.68498e-06  6.57695e-07  2.48041e-05  6.11477e-12
 691  2.60287e-06  5.88502e-06 -1.26524e-05 -6.73964e-07  2.78519e-05 -3.59834e-11
 692  3.46880e-06 -2.58578e-06 -7.54706e-06 -9.68428e-07 -4.54533e-05 -1.51463e-11
 693  4.15578e-06 -3.98579e-06 -9.54004e-06  6.24536e-07  6.99863e-05 -3.02439e-10
 694 -3.46459e-06 -3.28358e-06 -4.32969e-06 -1.58660e-06  3.22782e-05 -5.51974e-15
 695  3.31898e-06  2.56033e-06  2.13178e-07 -9.62571e-07 -8.43496e-06 -5.20403e-14
 696 -3.04889e-06  1.93086e-06 -3.52167e-06 -1.08731e-06 -8.13610e-05  3.96806e-11
 697 -2.02341e-07 -4.73754e-06 -1.93182e-05 -9.29890e-07  7.63384e-05  8.40659e-11
 698  1.25576e-06  4.50254e-06 -1.47075e-05  7.20165e-08  8.56757e-05 -8.85231e-11
 699  2.81380e-06  1.10381e-06  1.80184e-05 -1.27171e-06 -2.51387e-04 -1.74739e-09
 700  1.21759e-06 -6.48758e-07 -8.40239e-06 -1.07230e-06 -3.71486e-05 -8.27825e-12
 701 -2.95439e-07 -3.93773e-06  1.71234e-05 -6.51171e-07 -1.19087e-04  1.85501e-11
 702  2.57925e-06  3.35272e-06 -1.64261e-05 -1.12367e-06 -3.78989e-06  3.07345e-10
 703  1.92415e-06  3.11005e-06 -1.62022e-06  1.06174e-06 -2.14765e-04  2.77575e-10
 704 -5.73142e-06  1.73209e-06 -8.42886e-07  1.66517e-07 -1.60451e-04  6.77509e-10
 705 -3.44998e-06 -2.83869e-06 -6.60377e-06 -8.87859e-07  6.82221e-05  2.46083e-11
 706  3.70743e-07  7.88583e-07  7.73781e-06 -7.29318e-07 -9.62261e-05  4.84817e-12
 707 -5.28543e-07  1.22855e-06 -1.17798e-07  1.25545e-06  1.85610e-04 -2.74118e-10
 708  2.77087e-07  4.62106e-06 -1.45697e-05  1.70712e-07  2.77466e-05 -2.62501e-12
 709 -1.07075e-07  8.86000e-06  1.12407e-05 -1.19430e-06 -2.04696e-04  1.19434e-09
 710 -6.10614e-06 -1.24964e-06 -1.73221e-06  7.72860e-07 -1.22348e-05  1.25137e-12
 711  9.30203e-07  2.35144e-06  1.46480e-06 -7.57150e-07 -1.01813e-04  1.57403e-11
 712  4.07052e-06  2.37751e-06 -9.28022e-06 -5.42668e-07  9.65810e-05 -3.94119e-10
 713  9.60992e-07  3.87333e-06  2.29037e-05  1.07886e-06  2.81242e-06  4.81239e-10
 714  2.63464e-06  3.92720e-06 -7.43116e-06  4.00762e-07 -1.63649e-04 -5.56097e-11
 715 -2.58481e-06  2.19644e-06  1.61387e-05 -2.52090e-07  1.36265e-04 -2.31235e-10
 716  2.93268e-06  1.12399e-06  2.25667e-06 -4.09363e-07  9.92168e-05 -3.19173e-11
 717 -3.23954e-07 -2.24437e-06 -1.53827e-05  1.11774e-06 -2.63617e-04  1.25018e-09
 718 -5.11944e-07 -5.56311e-06  3.03669e-06 -1.84580e-06 -4.07696e-05  6.25524e-12
 719  2.31968e-06  1.19626e-06 -5.20097e-06 -1.14581e-06 -7.55310e-05  6.93375e-12
 720 -2.37827e-06  3.36582e-06 -8.37773e-06 -1.47971e-06 -1.39857e-04  8.14087e-10
 721  6.42889e-07 -7.24150e-06 -4.79714e-07 -1.23055e-06 -4.49687e-05  1.23409e-11
 722  1.87905e-06 -5.03017e-06  5.43829e-06  1.61332e-06 -8.77675e-06  1.15789e-13
 723 -1.65588e-06 -2.31513e-06  1.68418e-06  1.08001e-06 -2.38773e-05  3.83738e-14
 724  3.06853e-06  4.49331e-06 -1.35542e-05  3.81134e-07 -3.87302e-06  1.69638e-10
 725  5.92812e-06  4.95265e-07 -8.16428e-08 -1.50170e-07 -6.64394e-05 -4.13106e-11
 726 -8.33196e-07 -4.32901e-06  7.46238e-06  1.95616e-06 -2.07705e-04  1.75311e-09
 727  9.01263e-07 -3.26502e-06  1.12599e-05  1.60869e-06  1.41550e-04 -3.30872e-10
 728 -4.70732e-06 -6.40525e-07 -3.99985e-06 -4.69517e-07 -8.33788e-06  5.76128e-13
 729  2.35243e-06  2.00631e-06  7.08532e-06 -1.48926e-06 -3.75177e-05 -1.37224e-12
 730 -1.11263e-06  2.55886e-06  1.59371e-06 -3.56944e-07 -2.49002e-04  1.24242e-10
 731 -2.59669e-06  6.06571e-06 -3.17878e-06  1.58355e-06 -3.59784e-05  5.58224e-12
 732 -1.40132e-06 -7.63426e-06  6.54034e-06  1.50478e-07 -4.72411e-06  4.30708e-13
 733  2.71000e-06 -8.00416e-06  3.70206e-06  6.96309e-07  9.36612e-05 -9.00911e-11
 734 -1.45492e-06  1.59847e-06  1.30069e-05  3.51204e-07 -1.20238e-04  7.25017e-11
 735 -3.25092e-06  3.91149e-06 -1.59180e-05 -1.13390e-06  5.19263e-05 -4.99839e-10
 736 -1.96803e-07 -5.64634e-06  8.93195e-06  1.56404e-06  1.87297e-04 -6.41998e-10
 737 -1.42165e-06  1.10424e-06  1.15572e-06 -5.80193e-07 -5.54353e-05  1.34176e-14
 738 -1.81258e-06  1.87365e-06 -1.29086e-05  1.10020e-07  5.99940e-05  7.26964e-11
 739 -4.20598e-06  5.12173e-06  3.36848e-06 -1.36302e-06 -8.26107e-05  8.64711e-11
 740  1.35315e-06 -3.16310e-06  4.20357e-06 -2.14368e-07 -1.47644e-05 -3.21412e-14
 741 -8.17404e-07  1.47769e-06  4.29872e-06 -2.37900e-07 -3.23589e-05 -7.13751e-15
 742 -4.29679e-07  5.22236e-06  9.05231e-06  6.27139e-07 -3.13085e-05 -5.43431e-12
 743 -2.09255e-06  5.32077e-06 -1.59822e-05  3.57344e-07 -4.41076e-05 -1.75260e-10
 744  4.21931e-06 -2.08725e-06  1.80776e-05  2.21385e-07 -4.48985e-06  7.36718e-10
 745 -2.99044e-06 -3.15125e-06  3.85606e-06  2.77253e-07  1.34620e-05  2.26670e-13
 746  2.02389e-06 -5.40568e-06 -1.73472e-05 -3.71656e-07  4.63767e-05  2.53328e-10
 747 -1.25606e-07 -6.34260e-09 -1.42593e-05 -1.02418e-06  3.27498e-05  3.69181e-11
 748 -4.40536e-06  2.97813e-06 -1.06011e-05 -1.14959e-06  2.08655e-05  1.43085e-11
 749  7.09088e-08 -2.73663e-07  3.06966e-06  7.08917e-07  5.38423e-05 -5.58088e-13
 750  3.06885e-06 -5.14548e-06 -4.76169e-06  1.58126e-06 -5.69356e-05  3.21609e-12
 751  3.57955e-06  1.82360e-06  1.87286e-05  4.72787e-07  6.17824e-05  2.84913e-10
 752  3.49276e-06 -2.36898e-06  2.56602e-06  6.71607e-07  1.35690e-04 -1.25280e-10
 753  1.78447e-06 -2.17070e-06 -1.68428e-05 -5.64126e-07 -8.29237e-05  1.26063e-11
 754  2.10430e-06  7.50148e-07  5.48154e-06  2.72503e-07  7.67822e-05 -1.62934e-11
 755 -3.44357e-07  5.45598e-06  1.31696e-05 -1.62794e-06 -7.52133e-06 -5.89549e-12
 756 -2.79600e-06 -1.73184e-06  1.10145e-05  4.84479e-07  4.01793e-05  3.15106e-11
 757  3.20826e-06 -2.24551e-06  2.66128e-06 -8.85980e-07  6.02893e-05 -1.33666e-11
 758  3.10577e-06  2.83636e-06  8.44005e-06 -2.03866e-07 -1.42182e-04 -1.41410e-10
 759 -3.00098e-06  8.99315e-06 -4.08304e-06  5.32855e-07 -1.77135e-04  6.25231e-10
 760 -5.97197e-07 -4.91573e-06  1.97764e-06  4.22918e-07  4.43779e-05 -2.34417e-13
 761 -2.17591e-07 -7.27053e-07 -8.82187e-06 -7.39881e-07 -9.65787e-05  1.27610e-11
 762  9.03772e-07  3.19752e-07 -1.18428e-05  3.74511e-07  7.99247e-05  5.69845e-12
 763 -3.06445e-06  3.82847e-06  2.35875e-05 -6.56941e-07  2.65701e-05 -1.59849e-09
 764 -6.69455e-08  1.53915e-06 -1.63607e-05 -1.50025e-06 -4.76773e-05 -8.36113e-11
 765  2.68616e-06 -4.02290e-06 -2.07631e-05 -9.50708e-07  8.51748e-05  2.96841e-10
 766  7.20018e-07 -8.63320e-06 -1.16477e-06 -1.73573e-06  1.92167e-04 -7.26325e-10
 767 -3.95423e-06 -6.04732e-07 -1.21127e-05  3.79802e-07 -1.96981e-04  1.86189e-09
 768  3.60104e-06 -3.93976e-06  1.77117e-05  1.25671e-07  1.46617e-04 -1.29889e-09
 769  2.36913e-07  4.23107e-06  3.82212e-06 -8.19997e-07 -1.52238e-04  7.36742e-11
 770  1.97641e-06  4.87893e-06  1.55434e-05  1.75007e-07 -7.43359e-05  1.31628e-10
 771  2.51707e-07  5.40971e-06 -5.57013e-06 -9.44603e-07  4.61730e-05 -6.83600e-13
 772  8.02248e-07  5.94104e-06 -4.27442e-06 -6.21214e-07  5.18337e-06  1.28957e-13
 773  1.65928e-06  1.96228e-07 -7.25787e-06  1.29815e-06  1.28306e-04 -1.57553e-10
 774 -5.36806e-07 -4.40875e-06 -1.76222e-05 -3.24904e-07 -4.23139e-05 -2.55408e-11
 775 -3.54390e-06 -2.83413e-06  1.82973e-05 -5.81324e-07  1.90878e-04 -7.61141e-10
 776 -1.62557e-07 -2.20697e-06  9.20662e-06 -6.94203e-07  1.17474e-04 -1.76682e-11
 777  1.89240e-06 -6.88890e-06 -1.96017e-05 -3.79025e-07  5.91729e-05  2.90736e-10
 778  1.38437e-06 -4.71592e-06  2.29556e-06  7.68325e-07 -3.79439e-05 -3.36417e-14
 779  3.93842e-06  7.78259e-06 -9.39426e-06 -7.94358e-08  3.80464e-05 -8.33750e-11
 780 -2.60625e-06 -2.17503e-06  5.97685e-06  1.56117e-07  4.91883e-05  5.30813e-12
 781  4.04428e-06  3.52907e-06 -1.26343e-05  1.84110e-07  1.84049e-05  1.78213e-10
 782 -4.67111e-07  6.89794e-06 -2.27365e-05  3.85576e-07 -9.10351e-05 -8.14959e-11
 783  2.40142e-06  4.81786e-07 -3.11023e-06  1.56581e-06  9.70305e-06  1.65692e-13
 784  1.33798e-06  1.85677e-06 -6.38340e-06 -9.67779e-07 -1.72687e-04  1.04841e-10
 785  3.29994e-06 -4.18643e-08 -7.39192e-06 -1.00034e-06 -1.72027e-05  1.66085e-15
 786 -5.90999e-06  1.21510e-06  4.81327e-07  1.37344e-06  6.42619e-05  2.44876e-11
 787 -3.80156e-07  5.11004e-06  1.02638e-05 -1.48078e-06 -1.55201e-04  4.12801e-10
 788  3.39691e-06 -7.99710e-06 -1.29089e-05 -2.00115e-06  2.12546e-04 -5.72811e-09
 789  2.70129e-07 -2.61282e-06  2.48639e-05  9.93502e-07 -1.47363e-05 -1.54137e-10
 790  5.15616e-06 -1.68607e-06 -1.31718e-05  6.46857e-07  3.47577e-05 -3.88123e-11
 791  2.01753e-06  1.41429e-06  1.64877e-05  7.22411e-07  8.89609e-05  2.55100e-10
 792 -2.59712e-07 -2.56089e-07  1.94211e-05  1.41463e-06 -1.64545e-05 -6.40072e-11
 793  8.85723e-07  7.66343e-06 -1.57799e-05  1.98753e-08  1.85370e-04 -1.09216e-09
 794 -1.05176e-06  2.58463e-06  1.12417e-06 -1.18381e-06  3.83556e-05 -1.36893e-14
 795  1.41469e-06 -1.37246e-06  5.72554e-06 -1.64412e-06 -1.35231e-04  1.62621e-10
 796 -8.60757e-07  4.17473e-06 -6.53548e-06 -1.20380e-06 -1.73477e-04  3.20341e-10
 797  2.43320e-06  9.08949e-07 -1.32170e-05  1.40639e-06  1.05827e-05  9.34311e-12
 798 -1.05015e-06 -3.06257e-06  3.12023e-06 -1.21483e-07 -1.10026e-05  3.82084e-14
 799  3.37671e-06 -3.59304e-06  3.70181e-07 -3.17112e-07  1.50113e-04 -1.14872e-10
 800 -3.26030e-06  1.14590e-06  1.85472e-05  9.54277e-07 -6.98110e-05 -2.15962e-10
 801 -1.82014e-06 -6.72000e-07 -2.22108e-05  1.89874e-07 -1.89645e-05 -8.60486e-10
 802 -2.88437e-06  7.39090e-06  1.88595e-06  3.16542e-07 -3.56929e-05  1.13404e-11
 803 -4.40961e-06 -2.86601e-08  6.24090e-06  1.25277e-06  3.29103e-05  5.31807e-12
 804 -1.18937e-06  6.05328e-06  1.29435e-05  6.91405e-07  1.14848e-04 -1.10271e-10
 805  1.76137e-06 -2.86757e-06 -1.62447e-05 -8.23847e-07 -8.93405e-05  1.90063e-11
 806 -4.29780e-06 -2.78034e-06  1.02212e-05 -6.10148e-08  9.24725e-05 -1.56842e-10
 807  2.80555e-06 -5.11779e-06  4.52861e-06  1.98130e-06  7.25850e-05 -6.57195e-11
 808  3.56684e-06 -3.17402e-06 -6.23339e-06 -3.21521e-07 -1.07572e-04 -6.55485e-11
 809  3.91717e-07  1.61056e-06  5.91726e-06  1.17872e-06  1.16796e-05  1.34932e-13
 810  1.21593e-06 -6.99590e-07  3.25396e-06  2.21440e-07 -1.14274e-04 -3.26928e-12
 811 -3.27510e-06  1.17746e-06  7.01781e-06 -2.78549e-07  1.34652e-04  8.69761e-11
 812 -1.61232e-07  6.70850e-06  1.22595e-05  5.48508e-07  4.84937e-05 -6.91415e-11
 813  2.73798e-06  7.61622e-06 -1.74028e-06  4.82693e-07 -6.00282e-05  7.10534e-12
 814  4.71247e-06  3.60149e-07  1.00899e-05  8.69377e-07 -2.37305e-04 -3.24441e-10
 815 -2.55838e-07 -3.26997e-06 -1.78188e-05  2.02180e-07 -2.86690e-04  1.07103e-09
 816  1.86841e-06  2.91692e-06  2.56857e-06 -1.04100e-06 -5.67660e-05  5.54139e-12
 817  2.36848e-06 -2.49100e-06  4.72432e-06  2.90235e-07 -1.30402e-04 -2.39870e-11
 818  7.74690e-07  4.64494e-06  2.41704e-06  9.36508e-07  1.13464e-04 -4.36350e-11
 819 -9.68724e-07  7.83438e-07 -8.59463e-06 -4.95557e-07 -1.47006e-04  8.95667e-11
 820 -2.13067e-06  3.67911e-06 -4.04986e-06  1.00672e-06 -1.27251e-04  1.04662e-10
 821 -3.72158e-06 -3.11382e-07 -1.57330e-06  1.23144e-06  8.83640e-05 -1.44868e-11
 822 -2.95882e-06  3.21663e-06  2.70098e-06  1.84333e-06 -2.89340e-05  4.28470e-13
 823  9.16840e-07 -1.63895e-06  1.79381e-05  3.83169e-07 -1.00728e-04 -3.22515e-10
 824  3.79952e-06  4.66949e-06  4.25903e-06  1.08974e-06  1.91808e-05 -9.29402e-14
 825 -3.27986e-06 -3.74285e-06 -5.34079e-06  1.13619e-06  4.54039e-05  1.54674e-12
 826 -1.68503e-06  1.80930e-06  1.11410e-05 -5.97422e-07  8.35734e-05  6.04655e-11
 827 -4.92268e-08 -6.83680e-06 -2.01485e-06 -1.41904e-07 -1.02688e-04  1.85394e-11
 828  7.76794e-07  5.42422e-06 -1.72112e-05 -7.06320e-07 -2.92267e-06 -6.85139e-12
 829 -2.86834e-06 -6.91222e-07  3.01308e-06  7.29990e-07  1.45720e-04 -2.30036e-11
 830  3.07577e-06  4.44298e-06  9.16743e-06  4.40052e-07  8.51122e-05 -1.18209e-10
 831 -3.39594e-07  1.52951e-06 -3.54357e-06  1.54217e-06  1.38246e-04 -1.76173e-10
 832 -4.69065e-07  5.99922e-07  6.78831e-06 -1.59083e-06 -2.85367e-06  2.29729e-13
 833  2.97400e-07 -1.68532e-06  1.33298e-05 -9.38834e-07 -3.32721e-05 -2.82416e-11
 834 -1.14397e-07  1.02918e-06 -1.36069e-05 -7.69437e-07  1.36573e-05  1.32496e-11
 835 -2.34849e-06 -4.04453e-06  1.14778e-05  1.09390e-06 -1.11460e-04  2.32973e-10
 836  1.18531e-07  6.68042e-06 -7.23822e-06 -1.67563e-06 -8.01107e-05  1.03462e-10
 837 -5.71157e-06 -2.40197e-06 -1.06573e-05  5.82108e-07  9.06584e-06  4.37495e-12
 838 -7.90796e-07  7.72899e-06 -7.60936e-06  6.84760e-07  9.22000e-05 -1.12299e-10
 839 -1.83234e-06 -4.73237e-06 -6.57844e-07  9.93738e-07  3.17338e-05  5.40728e-14
 840  1.83779e-06 -1.47920e-07 -1.00898e-05  1.96035e-09 -1.23057e-04 -8.77972e-11
 841 -3.23462e-06  4.43377e-06 -2.11475e-05  2.78876e-07 -7.46406e-05 -3.90187e-10
 842 -5.25072e-07  1.49717e-06  7.61238e-06 -1.06252e-07  1.39196e-04  7.87207e-13
 843 -6.57566e-07 -2.02696e-06 -1.46559e-05  1.01813e-06  1.77874e-04 -5.77877e-11
 844 -3.07160e-06  2.68000e-06 -5.71853e-06 -6.00085e-07  1.73723e-05  1.98514e-13
 845  1.90981e-06 -3.15816e-06 -1.80505e-05 -4.26957e-08  8.22011e-05  3.37849e-10
 846  2.87699e-06  2.60683e-06 -8.20560e-06 -1.14419e-06 -5.50324e-05 -1.65053e-11
 847 -4.14526e-06 -3.61818e-08 -1.28936e-05  8.51097e-07  1.79236e-05 -1.70239e-10
 848 -2.37494e-06 -2.23661e-06  1.35889e-05 -1.67928e-06 -1.01373e-05 -9.16013e-12
 849  2.16689e-06 -3.00102e-06  2.89670e-06  1.55304e-06 -9.05043e-06  9.40953e-14
 850  1.94595e-06 -3.06781e-06  1.33138e-06 -1.34712e-06 -3.58550e-05 -1.43731e-14
 851 -4.54538e-06 -2.15916e-06 -9.46948e-07 -6.82353e-07 -9.70440e-05  7.75390e-11
 852  2.39240e-06  1.04067e-06  3.66694e-06 -1.47175e-07  7.08691e-05 -8.17997e-12
 853 -2.78471e-06  4.17408e-06 -7.63974e-06  1.03213e-06  1.12631e-04 -1.38970e-12
 854  1.32261e-06  5.73866e-06 -9.66749e-06  1.51389e-06 -1.49470e-04  2.77279e-10
 855  3.70491e-06  2.67771e-06 -1.16601e-05 -3.73887e-07 -8.85901e-05  1.24803e-10
 856 -7.84226e-07  6.47929e-06 -8.39064e-06  7.36316e-07  1.46832e-04 -1.75587e-10
 857 -3.93094e-06  6.07650e-08 -8.06055e-06  2.10846e-07  1.95415e-04 -6.85493e-11
 858  3.99165e-06 -5.31682e-06 -9.61028e-06 -1.99838e-07  1.48036e-05  3.45985e-12
 859  3.78060e-06 -3.54227e-06  1.56883e-05  1.01702e-06 -1.19484e-04  6.94347e-10
 860  3.36800e-06 -5.26033e-06  4.51873e-06 -1.37882e-07  1.75606e-06 -6.43331e-14
 861  2.91096e-06  1.98794e-06 -1.39486e-05 -3.94012e-07  3.38476e-05  1.98512e-10
 862  3.01551e-06  3.90274e-06  9.02041e-06  4.87343e-07 -3.94465e-05 -1.79272e-11
 863 -2.85224e-06 -1.94810e-06 -1.53997e-06 -1.65329e-06  1.74299e-04  7.26318e-10
 864 -6.47413e-07 -1.72511e-06 -3.74892e-07 -1.73848e-06  8.22745e-05 -4.55019e-11
 865 -2.76248e-06  2.99921e-06  1.88980e-05  5.69463e-07  1.61906e-05 -5.18051e-10
 866  1.32183e-06  6.78484e-06  1.64163e-05 -7.03932e-07  2.13383e-04 -1.59029e-09
 867 -3.24804e-06 -1.04985e-06 -1.91994e-05 -1.73760e-06  5.82749e-05 -7.96314e-10
 868  3.04032e-06  3.09012e-06 -7.06125e-06 -9.34525e-08 -3.65442e-05 -5.66490e-12
 869 -7.24321e-07  3.96251e-06  1.51046e-05  1.14309e-06  2.21025e-04 -4.76551e-10
 870  1.64587e-06 -7.38032e-06 -1.57764e-05 -2.27203e-07 -1.58173e-04  5.99525e-10
 871 -5.55859e-06  3.38401e-06 -9.03823e-06 -1.18881e-06 -1.03657e-04  7.73005e-10
 872 -1.03548e-06  6.28365e-06  1.97730e-05 -1.67755e-06  2.15375e-05 -2.55053e-10
 873  1.10199e-06 -3.18400e-06  3.56153e-06  2.03989e-06  1.02186e-04 -1.29835e-10
 874  3.68665e-06  6.85556e-06 -2.09259e-05 -4.84363e-07  1.60846e-04 -2.50651e-09
 875 -7.76739e-08 -1.35306e-06  2.02889e-05 -6.04545e-07  2.44811e-05  1.16217e-10
 876 -2.14847e-06 -1.08513e-06  1.44802e-05  7.63401e-07 -6.93186e-05 -1.11090e-12
 877 -1.83920e-06 -5.88020e-06  1.30868e-05 -2.00285e-07  1.62689e-04 -2.76584e-11
 878 -3.20042e-06 -5.55916e-06 -8.52176e-06  3.14180e-07 -6.37143e-05  8.03588e-11
 879  5.75920e-07  5.72034e-06 -9.43996e-06  1.71422e-07 -1.20419e-04  8.79540e-11
 880  1.33888e-06 -5.83770e-06  1.40622e-05  4.72500e-07  5.92816e-05 -9.09097e-11
 881  1.90973e-06 -5.87404e-06 -1.77053e-05  1.10870e-06  8.61900e-05  6.54700e-11
 882  7.87407e-07  1.61955e-06 -1.18035e-05 -1.26372e-06  1.20553e-04 -1.03469e-10
 883 -3.76244e-06  2.26499e-06 -1.36969e-05  1.26715e-06 -3.40346e-05 -2.27425e-10
 884  3.20922e-07  4.53381e-06  9.66463e-06 -1.98534e-06  2.41690e-04 -1.89228e-09
 885 -2.82666e-06 -3.20160e-06  6.71554e-06  8.30249e-07  6.82089e-05  1.87831e-11
 886  1.42852e-06 -3.02273e-06 -2.94855e-06  2.04926e-06 -1.96605e-05  1.05714e-13
 887 -1.45649e-06 -6.83907e-06 -1.23904e-05 -6.85585e-07  1.38471e-04 -1.87979e-10
 888  5.91004e-06  4.32011e-07  1.26638e-05  9.27377e-07 -1.49248e-04  7.16046e-10
 889 -1.60084e-06  1.64194e-06 -5.54742e-06 -1.21241e-07  1.31868e-04  1.21057e-11
 890 -3.21636e-06  1.00991e-06 -7.51978e-06 -7.13610e-07 -1.75751e-04  5.70910e-10
 891  2.42423e-06 -2.29425e-06 -1.05776e-05 -6.57891e-07 -4.37457e-05 -2.93923e-11
 892 -3.63411e-06 -1.84778e-06  1.11008e-05  7.71597e-07 -4.64696e-05  1.84676e-11
 893  2.43659e-07 -3.84591e-06 -1.79555e-05 -3.89481e-07 -1.21369e-04 -1.09542e-10
 894  1.81963e-07 -6.05608e-06 -2.96474e-06 -1.30562e-06 -7.68988e-06  1.74529e-13
 895 -3.83844e-06 -3.01151e-06 -2.45942e-06  1.43457e-07 -3.40325e-05  8.26823e-13
 896  4.90062e-06  1.87264e-06 -1.22375e-05 -4.30695e-07 -5.80384e-05  4.28137e-10
 897  5.97151e-06 -1.15208e-06  1.63683e-05  8.85839e-07  7.17930e-05 -6.99805e-10
 898 -3.75871e-07  1.67327e-06  1.30972e-05  3.96661e-07 -7.46527e-05 -3.86725e-11
 899  2.61003e-06 -1.71654e-06  8.72119e-06  6.37526e-07 -7.00869e-05 -3.18317e-11
 900 -3.46740e-06 -3.87830e-06 -3.52240e-06  8.52706e-08  4.42426e-05  5.31221e-13
 901  3.34820e-07  4.71400e-07  1.12733e-05  2.59919e-07 -8.43962e-05 -3.50393e-11
 902 -2.25272e-06  4.55793e-06 -3.95309e-07 -1.33240e-06 -9.13933e-05  4.58303e-11
 903  3.87870e-07 -4.04385e-06  1.13946e-07 -7.26874e-07 -5.06758e-05 -2.37326e-13
 904 -1.57747e-06 -8.32725e-07 -1.07618e-05 -4.43039e-07 -1.39716e-04  1.32629e-10
 905  4.05400e-06 -2.60394e-06 -6.46908e-06  1.58972e-06  3.26554e-05 -6.16192e-12
 906  1.18635e-06 -4.56035e-06 -8.63974e-07  1.15078e-07 -7.01656e-05 -1.74428e-12
 907 -1.05265e-06 -5.69900e-06 -6.03365e-06 -4.49565e-07 -1.72238e-04  1.94436e-10
 908 -1.78121e-06 -4.96290e-06 -2.70410e-07 -1.01310e-06 -6.71951e-05  1.21293e-11
 909 -7.80317e-07  6.92258e-07  1.18696e-05 -9.52380e-07  6.59179e-05  3.67741e-11
 910  3.82471e-06 -2.97404e-06  3.97206e-06 -1.89497e-07  1.44803e-04 -1.70533e-10
 911  2.78980e-06  6.61830e-07  2.61397e-06  3.79166e-07  1.22221e-04 -5.12780e-11
 912 -3.37097e-06  4.93918e-06  1.60020e-05  1.19580e-07  1.66719e-04 -6.58086e-10
 913  2.83497e-06  3.16919e-08  2.74309e-05 -5.45271e-07 -5.88307e-05  2.19571e-09
 914  2.52536e-06  9.12164e-07 -4.80989e-06 -2.15755e-06 -9.06807e-05  7.57829e-11
 915 -9.88427e-08 -1.49610e-06 -3.23791e-06 -4.75472e-07  1.79494e-04 -5.20663e-11
 916 -1.44387e-06 -2.30820e-06  7.79735e-06  6.35600e-07  5.36179e-05  1.11154e-11
 917 -3.92858e-06  2.68744e-06  2.89844e-06 -4.91989e-07 -9.44872e-05  5.94353e-11
 918  1.85655e-06 -6.21619e-06 -4.54523e-06  2.11936e-07  7.63098e-05 -2.53978e-11
 919 -3.63083e-06 -4.45667e-07 -1.59412e-05 -8.46090e-08 -1.05846e-04  4.53284e-10
 920 -3.71133e-07 -9.69105e-07  1.25287e-05  2.63371e-07 -1.60319e-04  5.55214e-11
 921 -1.23739e-06  4.18775e-07  1.61610e-05  3.41472e-07 -8.97421e-05 -5.88953e-11
 922 -4.19003e-06  1.22347e-06  2.34050e-07  1.81234e-07  1.60763e-04  4.94922e-11
 923  4.09926e-06  9.54755e-07 -8.72650e-06 -5.67946e-07  1.50997e-04 -7.42514e-10
 924 -5.52956e-06 -2.77372e-06  4.46947e-06  5.38391e-07  4.71395e-05  2.47197e-11
 925 -3.88411e-06 -2.39978e-06  3.82516e-06  7.54684e-07 -1.02716e-04  8.77341e-11
 926  2.52710e-06  6.15111e-07 -9.82178e-06 -1.49458e-06  1.89583e-04 -1.96851e-09
 927 -1.90245e-07 -2.24806e-06  1.83874e-06 -1.24129e-07 -4.34239e-05 -1.75767e-13
 928  6.38327e-07  4.70340e-06 -4.07599e-06 -6.95286e-08  1.16784e-04 -1.69300e-11
 929  4.10058e-06 -2.69558e-06 -7.46773e-06 -7.43381e-07 -6.58345e-05 -4.35775e-11
 930 -1.76390e-06 -5.84232e-06 -5.91173e-06 -2.94536e-07  2.11952e-04 -6.53763e-11
 931  3.06125e-06  1.20455e-06 -1.18138e-05  1.36783e-06 -2.68769e-04 -9.85098e-10
 932 -5.95552e-06  2.09489e-07  1.49546e-05 -2.06234e-06 -9.49511e-05  2.58116e-09
 933  4.76314e-06 -3.94853e-06 -7.78631e-06  3.38656e-07 -5.29215e-05 -4.53879e-11
 934  1.24435e-06 -3.23189e-06 -8.84841e-06  5.58167e-08 -1.63633e-04 -1.19764e-11
 935 -4.10912e-06 -5.77836e-06 -1.75207e-05 -1.11455e-06  1.30584e-04 -1.34409e-09
 936 -1.10225e-06 -1.85896e-06 -1.74906e-05 -1.10092e-06 -7.56073e-05 -2.74401e-10
 937  4.26886e-06  3.69841e-06 -1.55846e-05  1.19278e-06 -1.11226e-04  9.21695e-10
 938  4.80780e-06  2.81327e-06  1.35010e-05 -1.92128e-06 -4.03353e-05  4.85390e-10
 939  2.97930e-06  5.18946e-06 -2.09377e-06 -9.28626e-07  2.32450e-05 -4.79198e-14
 940 -1.67907e-06  8.53886e-07  1.01330e-05 -2.08542e-07 -1.42957e-04  1.29819e-10
 941 -3.20019e-06  2.14276e-06  1.83786e-06  1.19097e-06  8.09347e-05 -1.35801e-11
 942  1.81176e-06  4.60056e-06  1.34209e-05  2.41241e-07  1.13578e-04 -2.15231e-10
 943  4.03780e-06  2.87084e-07  3.64958e-06  1.48084e-06 -1.31129e-05 -7.10631e-14
 944  1.56207e-06 -4.80491e-06 -1.40433e-05  1.02436e-06 -3.35895e-05 -7.81221e-13
 945 -1.57349e-06  2.36377e-06 -9.89663e-06 -1.36359e-06 -1.67047e-04  4.21042e-10
 946  1.61120e-07 -1.72905e-06  1.62100e-05 -3.97757e-07 -8.56091e-05 -1.46408e-10
 947 -1.12496e-06 -3.02249e-06  1.77107e-06 -6.80491e-07 -8.78855e-06  7.23282e-14
 948 -1.31211e-06 -4.10383e-06  5.49440e-06 -3.71981e-08  3.87914e-05 -4.77963e-13
 949  2.46169e-06 -6.86843e-06  1.23822e-05 -9.91609e-07  1.15553e-04 -6.61501e-10
 950 -3.44115e-06 -4.36523e-06 -6.18431e-06 -1.16209e-06  3.22982e-05  4.04789e-12
 951  4.55781e-07 -1.40788e-06 -1.12635e-05  1.48855e-06  1.79906e-04 -4.63361e-10
 952 -1.61686e-06  3.80135e-06 -1.60360e-05  1.11570e-06  1.38714e-04 -4.02373e-11
 953 -4.68344e-07 -1.70031e-06  1.08593e-05  1.23064e-07 -2.18467e-05 -8.28310e-12
 954  1.55385e-06 -9.46736e-06 -1.36618e-05 -4.39205e-07  6.77489e-06 -2.63274e-11
 955 -2.75365e-06  2.43450e-06  2.22720e-05 -6.54906e-07 -1.12937e-04 -3.43564e-10
 956 -2.28886e-06  4.99355e-06  1.79455e-05 -2.61044e-07 -3.89981e-05 -3.75173e-10
 957  4.18395e-07 -1.66123e-06 -3.57273e-06 -3.66260e-07 -5.97706e-07  2.29731e-14
 958 -2.79669e-06  4.23471e-06  4.04062e-06 -7.94475e-08 -2.35538e-04  3.71249e-10
 959 -9.73337e-07  1.93973e-06 -2.17743e-05 -1.04830e-06 -7.44234e-05 -6.58062e-10
 960  4.64646e-06  3.77899e-07 -1.22722e-05 -1.54205e-06 -5.40858e-05  3.91798e-10
 961 -4.79324e-06 -3.41006e-06  1.02722e-05 -9.00890e-07  9.27341e-05 -2.61065e-10
 962  1.06605e-07  6.59133e-06  1.73114e-06  4.69078e-07  2.92073e-05  1.18864e-13
 963  1.31072e-06 -7.91327e-06  9.84952e-06 -1.35615e-06 -1.18264e-04  2.58292e-10
 964 -3.82336e-06 -3.94353e-06 -1.31651e-05  8.34800e-07  1.28677e-05 -1.77227e-10
 965 -3.79413e-07 -3.72323e-06  6.63975e-06 -2.35559e-07 -3.91908e-05  3.41672e-13
 966  4.89708e-06 -2.91510e-07  1.64841e-05  6.20581e-07  7.72579e-06  6.19392e-10
 967 -1.52187e-06 -3.08256e-06  4.30856e-06  3.96105e-07 -2.02706e-05  5.98010e-14
 968 -1.03331e-06  2.18745e-07 -3.81380e-06  9.21057e-07  5.63135e-05 -4.90573e-12
 969 -7.22711e-08 -9.18529e-06 -1.90626e-05  1.01299e-07 -7.59933e-05  4.77068e-10
 970 -3.69387e-06  2.52219e-06  2.45466e-06 -1.06958e-06  3.93721e-05 -5.09121e-13
 971 -1.92292e-06  3.69702e-06 -6.54872e-06  9.67664e-07 -7.10981e-05  2.36866e-11
 972 -2.67049e-06  6.27800e-06  2.23371e-05  4.09686e-07 -2.45857e-04  4.41375e-09
 973  1.33635e-06 -1.66002e-06 -1.96120e-05  6.39236e-08  7.27792e-06  3.57547e-10
 974  3.46173e-06  2.92221e-06  6.65741e-06 -3.10579e-07  4.65866e-05 -1.21139e-11
 975  4.09372e-06  4.22496e-06 -2.22157e-05 -6.78493e-07 -2.46706e-06  1.65633e-09
 976 -4.30104e-06  5.52316e-06  7.58542e-06 -1.46622e-06 -2.40142e-05  5.53139e-12
 977  2.55495e-06  6.92876e-06 -1.81676e-05 -9.18456e-07 -4.50910e-06  4.47947e-10
 978 -3.15614e-06  1.45786e-06  1.33287e-05  1.41437e-06  4.45665e-05  6.55946e-11
 979  4.52778e-07  4.28195e-07 -1.34075e-05  8.54345e-07  1.48186e-04 -9.19778e-11
 980 -9.44522e-07  6.72814e-07  1.43586e-05 -1.05753e-06 -1.23330e-04  6.88129e-11
 981  5.91291e-07 -4.29007e-06  1.39404e-05  1.48645e-06  5.37404e-05 -2.39980e-11
 982 -5.13310e-08  5.17814e-06  4.46324e-06  1.02126e-06  6.89900e-05 -1.10893e-11
 983 -4.31518e-07 -3.29729e-06  1.36669e-05 -1.54779e-06  1.03422e-04 -4.30796e-11
 984  2.86857e-07  4.27169e-06  4.95038e-06  2.85184e-07 -2.01292e-05  1.78225e-14
 985  3.00746e-06 -6.51603e-06 -2.23739e-06  1.78572e-06  9.19208e-05 -1.19343e-10
 986  6.89658e-07 -9.02980e-06 -9.50400e-06  1.57661e-06  1.41162e-04 -6.49738e-10
 987 -3.78873e-06  1.26346e-06  1.48699e-05 -5.54864e-07  3.68651e-05 -4.32828e-10
 988 -2.68864e-06 -4.09009e-06  1.42552e-05 -3.84789e-08  2.00860e-05 -1.55803e-10
 989  1.50548e-06 -4.32229e-06  4.06356e-06 -4.79528e-07  1.20548e-04 -4.15365e-11
 990  9.22433e-07  5.34427e-06 -6.97857e-06 -1.23216e-06  7.12206e-05 -2.30641e-11
 991 -8.19975e-07  5.01564e-06  5.25488e-06 -1.35858e-06  4.66141e-06  2.77398e-13
 992  1.42736e-06  3.96824e-06  2.58294e-06  3.47317e-07  3.41571e-05 -1.24613e-13
 993 -2.77693e-06  6.65537e-06  1.21769e-05  1.03268e-06 -4.26087e-05  8.50378e-11
 994 -3.35165e-06 -2.37189e-06 -1.46986e-05  1.27181e-06  9.87619e-05 -4.41682e-10
 995 -4.50136e-07  6.78964e-06 -1.75310e-05  5.49596e-07  1.38821e-04 -3.30400e-10
 996 -9.77388e-07  1.77039e-06  7.15095e-06  5.85946e-07  1.45598e-04 -1.68110e-11
 997  3.52233e-06  1.10084e-06  4.72647e-06  6.50455e-07 -4.28933e-05 -3.73488e-12
 998 -3.94376e-06  4.22383e-06 -2.57168e-06  8.32530e-07  9.10187e-06  5.78969e-13
 999  2.54769e-06  5.81888e-06 -1.70924e-05 -1.77153e-06  3.70703e-05  3.04304e-10
1000  2.41406e-06  1.53558e-06  5.49204e-06 -4.31952e-08 -7.78122e-05 -9.97290e-12
