# Tracking with TRACY# (Floquet space)
#
#  1   512 1.0E+00 1.0E+00 0.0E+00 0.0E+00 2.21400 1.08800
#    N     x^          px^          y^          py^          delta          cdt
#                                                                   [%]           [mm]
#
   0  2.1122532671401809e-04 -1.7566504663471059e-18  4.0266707587895351e-03  1.8727397749395797e-17  0.0000000000000000e+00  0.0000000000000000e+00
   1 -1.0765418677147326e-04 -1.3259887323324298e-04  3.3586359124624346e-03 -2.2113255910519536e-03  0.0000000000000000e+00  1.2432374209332839e-02
   2 -6.1467016720491224e-04  1.6707965743578672e-05  1.7948264883216353e-03 -3.7634921156199539e-03  0.0000000000000000e+00  8.3677440895572330e-03
   3 -6.2219101410212314e-04  1.8879742435383917e-04 -6.8726274039979489e-05 -4.2663813927682689e-03  0.0000000000000000e+00 -1.5206738172185675e-02
   4 -1.7019391067599196e-04  7.7898738793267115e-05 -1.9894955915929625e-03 -3.6285278430318807e-03  0.0000000000000000e+00 -4.2529933365077960e-02
   5  1.9504628446798125e-04 -2.4407047212383844e-04 -3.5262230968385738e-03 -2.0249653847532380e-03  0.0000000000000000e+00 -5.4119926242755419e-02
   6 -1.3060497688306742e-05 -3.6391871896283395e-04 -3.9856858596428396e-03  1.8600765247928785e-04  0.0000000000000000e+00 -4.4843115993317251e-02
   7 -5.2243538344452854e-04  1.0283145687544495e-05 -3.2409412588051195e-03  2.3593107846805782e-03  0.0000000000000000e+00 -3.2492599264812669e-02
   8 -5.5197633568906837e-04  4.2917079731603214e-04 -1.7221736449431850e-03  3.8166957096029607e-03  0.0000000000000000e+00 -3.7859892231200454e-02
   9 -1.6949767941559372e-04  2.3500455459062058e-04  2.2088621184760066e-04  4.1972605111047128e-03  0.0000000000000000e+00 -6.3542275421210201e-02
  10  3.6260207450489121e-05 -3.3830754328792022e-04  2.2074148765096266e-03  3.5059122932551154e-03  0.0000000000000000e+00 -9.2314344880183211e-02
  11 -1.1333252770132034e-04 -4.8334116202219870e-04  3.6041119645322996e-03  1.8710074202635501e-03  0.0000000000000000e+00 -1.0128187144916995e-01
  12 -3.4587996658028651e-04 -6.3739542852911461e-05  3.9613239700727471e-03 -3.7091125887786768e-04  0.0000000000000000e+00 -9.0079779388458861e-02
  13 -3.2390901644089627e-04  4.1847724995554281e-04  3.2070625803503451e-03 -2.5068128139911212e-03  0.0000000000000000e+00 -7.8465069179920743e-02
  14 -1.2987213744217131e-04  3.5168108997964083e-04  1.5793407666055701e-03 -3.8670375770594005e-03  0.0000000000000000e+00 -8.6566776214478905e-02
  15 -1.4932807724323476e-04 -2.1461137075087398e-04 -4.6610455141541339e-04 -4.1908782775272810e-03  0.0000000000000000e+00 -1.1515576699420797e-01
  16 -3.6340673803618282e-04 -4.3559435048745485e-04 -2.3474880481891012e-03 -3.4391655311606460e-03  0.0000000000000000e+00 -1.4120368435163885e-01
  17 -3.3198639530741852e-04 -8.3410042733154827e-05 -3.6481807393021100e-03 -1.6994980283490434e-03  0.0000000000000000e+00 -1.4700829301168516e-01
  18 -4.5000884940269754e-05  2.5552637391128226e-04 -3.9782036444892003e-03  5.8405300683074155e-04  0.0000000000000000e+00 -1.3480128706935518e-01
  19 -6.9193164556251951e-06  2.1055624351116152e-04 -3.0881721505937060e-03  2.6748822976200444e-03  0.0000000000000000e+00 -1.2478556716417460e-01
  20 -3.0681404832746798e-04 -6.1867537034188762e-05 -1.3313068303282989e-03  3.9798825101885907e-03  0.0000000000000000e+00 -1.3583846078041384e-01
  21 -5.8833851298476935e-04 -1.8105537803619413e-04  6.2887477186034546e-04  4.2239348226783980e-03  0.0000000000000000e+00 -1.6318958051130894e-01
  22 -4.3683645831689232e-04 -1.9545287788269652e-05  2.4300030840443774e-03  3.3326109361638801e-03  0.0000000000000000e+00 -1.8689147177472193e-01
  23  6.2187546186945206e-05  7.6587884222058410e-05  3.7403726384163906e-03  1.5011584133623602e-03  0.0000000000000000e+00 -1.9127322345986741e-01
  24  1.6982617001885607e-04 -9.0550630092862941e-05  3.9399780025815437e-03 -7.9126275335058389e-04  0.0000000000000000e+00 -1.7914573613009821e-01
  25 -3.2731144538828365e-04 -1.1172861426933166e-04  2.8865978969829743e-03 -2.8396845359451887e-03  0.0000000000000000e+00 -1.7045318864612435e-01
  26 -6.9333796921245306e-04  1.1513890525428216e-04  1.1804521143541353e-03 -4.0632334980356156e-03  0.0000000000000000e+00 -1.8199369054444869e-01
  27 -4.7654946043176958e-04  1.9900452026606403e-04 -7.2682687741829793e-04 -4.1694274113413679e-03  0.0000000000000000e+00 -2.0916964503083180e-01
  28  1.2768565200145340e-05 -4.1295035254908514e-05 -2.5964987135811937e-03 -3.1754170262388130e-03  0.0000000000000000e+00 -2.3309592415632471e-01
  29  1.8630199966511299e-04 -3.5260174859073456e-04 -3.8280002230063493e-03 -1.3139681336868537e-03  0.0000000000000000e+00 -2.3698534742041436e-01
  30 -2.1722793982764381e-04 -2.7861010763274434e-04 -3.8491131572666050e-03  9.6806188656647538e-04  0.0000000000000000e+00 -2.2373002633805350e-01
  31 -6.0352756422291630e-04  2.1197845419290487e-04 -2.7914550649871792e-03  2.9617367978685754e-03  0.0000000000000000e+00 -2.1588828542875346e-01
  32 -4.1192847728783430e-04  4.4931866892418344e-04 -1.0969138056759653e-03  4.0703117944544511e-03  0.0000000000000000e+00 -2.2888526970205256e-01
  33 -4.9188221095943790e-05  1.7303339568677318e-05  9.2673642032190982e-04  4.0750998367364158e-03  0.0000000000000000e+00 -2.5858894853431930e-01
  34  3.2978735701921064e-07 -4.7513664110931134e-04  2.7804570605943469e-03  3.0471798093530400e-03  0.0000000000000000e+00 -2.8243095268560070e-01
  35 -2.2169460924104141e-04 -3.6965260447656189e-04  3.8525167659280084e-03  1.1457703814098060e-03  0.0000000000000000e+00 -2.8305022038375988e-01
  36 -3.6422886751009189e-04  1.4833146267198886e-04  3.8250573585518139e-03 -1.1518059195905887e-03  0.0000000000000000e+00 -2.6912586048929188e-01
  37 -2.3434112581714462e-04  4.7431419250524020e-04  2.7330386229568395e-03 -3.0793706875236345e-03  0.0000000000000000e+00 -2.6247082353044238e-01
  38 -1.0139594175627865e-04  1.5463912926003002e-04  8.9525050765089592e-04 -4.0984176588488123e-03  0.0000000000000000e+00 -2.7910808080861577e-01
  39 -2.4274176581997380e-04 -3.7016706808066499e-04 -1.1517363037459802e-03 -4.0592650229514474e-03  0.0000000000000000e+00 -3.0973515532296220e-01
  40 -4.1177065806535524e-04 -3.3617586855383581e-04 -2.8705480016520670e-03 -2.9443607532652787e-03  0.0000000000000000e+00 -3.2978850328647707e-01
  41 -2.2152069453074643e-04  8.0366290117092035e-05 -3.8915650554591525e-03 -9.4730802757112995e-04  0.0000000000000000e+00 -3.2821756294661297e-01
  42  3.1923005877575925e-05  2.7104087585509852e-04 -3.8088508028400513e-03  1.3568730526060510e-03  0.0000000000000000e+00 -3.1391452205058512e-01
  43 -9.3940869464545431e-05  1.0273004387958492e-04 -2.5468896413164814e-03  3.2284970804896578e-03  0.0000000000000000e+00 -3.0999222823712247e-01
  44 -4.5260272346666643e-04 -1.3366708864781326e-04 -6.5906265952529177e-04  4.1929918673485472e-03  0.0000000000000000e+00 -3.2824856560574217e-01
  45 -6.0188317381551634e-04 -1.2505358840401312e-04  1.2671510970157565e-03  4.0442566359953904e-03  0.0000000000000000e+00 -3.5665354038183839e-01
  46 -2.5395066051726964e-04  5.0793265646484966e-05  2.9608163426367642e-03  2.7945575009703616e-03  0.0000000000000000e+00 -3.7489317520662807e-01
  47  1.9184380975048964e-04  1.6039770442808350e-05  3.9615603576882118e-03  7.3819404249345847e-04  0.0000000000000000e+00 -3.7226008927315196e-01
  48  2.5583213345228229e-05 -1.5420233757919123e-04  3.6960468334114702e-03 -1.5520269072679511e-03  0.0000000000000000e+00 -3.5868328086476686e-01
  49 -5.2722802492298374e-04 -3.4606514773222103e-05  2.3454474997279817e-03 -3.3696978958381216e-03  0.0000000000000000e+00 -3.5589112102858145e-01
  50 -6.7435751656201299e-04  1.9978212804763688e-04  5.4778438257626738e-04 -4.2286327141993294e-03  0.0000000000000000e+00 -3.7426731229386373e-01
  51 -2.8687976145213824e-04  1.4807455724554435e-04 -1.3897988598649907e-03 -3.9423235820341554e-03  0.0000000000000000e+00 -4.0281909980170000e-01
  52  1.4085955821282060e-04 -1.8623179364111095e-04 -3.1301710776462455e-03 -2.6217913689511609e-03  0.0000000000000000e+00 -4.2122148382914459e-01
  53  8.2214898199902133e-05 -3.9880788553817419e-04 -3.9779735947798010e-03 -5.5181085973317692e-04  0.0000000000000000e+00 -4.1759103837083222e-01
  54 -4.1149884230110343e-04 -1.1656449712022112e-04 -3.5874844165219516e-03  1.7152837073468399e-03  0.0000000000000000e+00 -4.0336116168584107e-01
  55 -5.8304474581045388e-04  3.7965216527550386e-04 -2.2725725269705419e-03  3.4572266392202001e-03  0.0000000000000000e+00 -4.0183781484016401e-01
  56 -2.5158987803485666e-04  3.5816747998304582e-04 -4.2605512504616515e-04  4.1925664123524265e-03  0.0000000000000000e+00 -4.2213793681838147e-01
  57  9.3599837715604621e-06 -2.1525817707851775e-04  1.6151148846486015e-03  3.8356020193782061e-03  0.0000000000000000e+00 -4.5295552817071943e-01
  58 -8.3181832868583889e-05 -5.1343081916127575e-04  3.2559950323964365e-03  2.4842402688750784e-03  0.0000000000000000e+00 -4.6947769816369528e-01
  59 -3.0482180489093091e-04 -1.8996752030000187e-04  3.9719045353092145e-03  3.6998727802090074e-04  0.0000000000000000e+00 -4.6302904869130163e-01
  60 -3.2607609243256834e-04  3.2781493950336850e-04  3.5644142801925659e-03 -1.8872190156783211e-03  0.0000000000000000e+00 -4.4901683263054121e-01
  61 -1.5175136079216664e-04  4.2399258341652065e-04  2.1663072231393166e-03 -3.5424673872122658e-03  0.0000000000000000e+00 -4.4951244033274551e-01
  62 -1.3153724059186946e-04 -7.0224800647811475e-05  1.8559340949929570e-04 -4.2085397048273604e-03  0.0000000000000000e+00 -4.7344152531588862e-01
  63 -3.4720442001140721e-04 -4.2736883004326428e-04 -1.7921815750280021e-03 -3.8004271969365954e-03  0.0000000000000000e+00 -5.0280748746064186e-01
  64 -3.9017605292873442e-04 -1.7999177134069962e-04 -3.3150449457743135e-03 -2.3414331912598890e-03  0.0000000000000000e+00 -5.1569508199696679e-01
  65 -8.8097036210632359e-05  1.9565556553880858e-04 -4.0061797686579241e-03 -1.5703483973961090e-04  0.0000000000000000e+00 -5.0776705996027305e-01
  66  4.3913356113515993e-05  2.2307372375624009e-04 -3.4919428499497196e-03  2.0762927779022114e-03  0.0000000000000000e+00 -4.9440062816908237e-01
  67 -2.2957758524085010e-04 -4.7009505866993566e-06 -1.9323747828476579e-03  3.6755240802177694e-03  0.0000000000000000e+00 -4.9799410213109585e-01
  68 -5.6952877536566395e-04 -1.5155207988850104e-04  8.3937267349994451e-06  4.2743083855079737e-03  0.0000000000000000e+00 -5.2181321005333570e-01
  69 -5.2855308754927606e-04 -4.4941294490627483e-05  1.8814243893621194e-03  3.7320436519884684e-03  0.0000000000000000e+00 -5.4886022964437486e-01
  70 -4.8024458300074058e-05  7.1145331838658762e-05  3.4171567495702550e-03  2.1605861423485539e-03  0.0000000000000000e+00 -5.6029941432234098e-01
  71  2.2106849596740730e-04 -7.7196604036578172e-05  4.0240805454219795e-03 -5.3048858317355617e-05  0.0000000000000000e+00 -5.5191445769880987e-01
  72 -1.8500256009038165e-04 -1.5996954550282009e-04  3.3207216586406620e-03 -2.2549546890457059e-03  0.0000000000000000e+00 -5.3954937580701123e-01
  73 -6.6000327663885271e-04  7.5667905424835360e-05  1.7620649057385818e-03 -3.7855238894862653e-03  0.0000000000000000e+00 -5.4397208909333172e-01
  74 -5.6665291888022122e-04  2.4096181918117091e-04 -1.0235499909343449e-04 -4.2564801347894296e-03  0.0000000000000000e+00 -5.6781727190102227e-01
  75 -9.3813889540098446e-05  3.8520900685706956e-05 -2.0390964790123144e-03 -3.5948853756145706e-03  0.0000000000000000e+00 -5.9531594586348913e-01
  76  1.8673926761205974e-04 -3.2090563426871195e-04 -3.5540088220442634e-03 -1.9804466166667110e-03  0.0000000000000000e+00 -6.0658571613469536e-01
  77 -9.1305045990881792e-05 -3.6008278700312094e-04 -3.9760417171726160e-03  2.3490161479564699e-04  0.0000000000000000e+00 -5.9677795648706744e-01
  78 -5.4285081289434938e-04  8.8489850697864487e-05 -3.2223311150136008e-03  2.3990290067980331e-03  0.0000000000000000e+00 -5.8466001888481001e-01
  79 -4.7904622212644198e-04  4.6748646166217407e-04 -1.6925961288586676e-03  3.8308324895878418e-03  0.0000000000000000e+00 -5.9049301062396187e-01
  80 -1.1371634684771341e-04  1.7176281832845228e-04  2.7598902716922952e-04  4.1876493008269925e-03  0.0000000000000000e+00 -6.1689091948473063e-01
  81  7.2744431315987390e-07 -4.0414081917187605e-04  2.2535618083517383e-03  3.4822600450189183e-03  0.0000000000000000e+00 -6.4545443123705837e-01
  82 -1.8487411590781142e-04 -4.4972274738062912e-04  3.6190455215629521e-03  1.8278031169932359e-03  0.0000000000000000e+00 -6.5354500179996622e-01
  83 -3.3960214979649773e-04  1.9113554546952485e-05  3.9608525976475087e-03 -4.2468919383825183e-04  0.0000000000000000e+00 -6.4209534607887631e-01
  84 -2.5060212884368702e-04  4.3674902573076198e-04  3.1858159763936923e-03 -2.5484652223213633e-03  0.0000000000000000e+00 -6.3068483816869403e-01
  85 -1.0714677867210330e-04  2.7774504823507113e-04  1.5252423246680650e-03 -3.8887454096737280e-03  0.0000000000000000e+00 -6.3965388662118738e-01
  86 -2.1260381360984550e-04 -2.6314891090016329e-04 -5.1936272667581272e-04 -4.1953540075520294e-03  0.0000000000000000e+00 -6.6835587100439420e-01
  87 -4.2351817995978894e-04 -3.8311020802407364e-04 -2.3756860474984875e-03 -3.4147872368637893e-03  0.0000000000000000e+00 -6.9370683941159750e-01
  88 -2.9664495099906648e-04 -1.2166199157035173e-05 -3.6668092430090773e-03 -1.6494572114956632e-03  0.0000000000000000e+00 -6.9901311748109285e-01
  89  2.4285524785890811e-05  2.4221645943209164e-04 -3.9755283547256706e-03  6.3917204017183453e-04  0.0000000000000000e+00 -6.8660672953304991e-01
  90 -1.7773715313939287e-05  1.3447789279158511e-04 -3.0438100928977295e-03  2.7187901184641343e-03  0.0000000000000000e+00 -6.7709669747406986e-01
  91 -3.8616184302372797e-04 -8.2970776569349814e-05 -1.2793918391806680e-03  4.0054120877090517e-03  0.0000000000000000e+00 -6.8847631872513892e-01
  92 -6.2463303903966287e-04 -1.1907180334162492e-04  6.6158983100736803e-04  4.2188723539698944e-03  0.0000000000000000e+00 -7.1569787916041339e-01
  93 -3.7553495366666567e-04  2.7388598227167696e-05  2.4640752296004259e-03  3.2966030274997190e-03  0.0000000000000000e+00 -7.3915395762676483e-01
  94  1.2756624227681411e-04  3.0933921655260808e-05  3.7654277913214840e-03  1.4499226516657318e-03  0.0000000000000000e+00 -7.4325987171525465e-01
  95  1.3691790930679776e-04 -1.6209231463629067e-04  3.9209251547068467e-03 -8.4226264914310665e-04  0.0000000000000000e+00 -7.3104921854411598e-01
  96 -4.0834126643790646e-04 -9.9000347349239223e-05  2.8483845443365045e-03 -2.8770121379815636e-03  0.0000000000000000e+00 -7.2254512340678656e-01
  97 -6.9709380335371859e-04  1.8643213342375668e-04  1.1512295266550073e-03 -4.0742636518688998e-03  0.0000000000000000e+00 -7.3444406716642741e-01
  98 -3.9725562258657361e-04  2.1822569109903497e-04 -7.6788637730969050e-04 -4.1492766153791300e-03  0.0000000000000000e+00 -7.6189743257350251e-01
  99  6.3264870682689923e-05 -1.1076952317628895e-04 -2.6443804114118711e-03 -3.1375653497365645e-03  0.0000000000000000e+00 -7.8588303878588184e-01
 100  1.3935773437377113e-04 -4.0699505549353208e-04 -3.8405357932854377e-03 -1.2672598096080282e-03  0.0000000000000000e+00 -7.8922388838843871e-01
 101 -2.8764054685308851e-04 -2.3477825663996161e-04 -3.8344467053191660e-03  1.0159020561830946e-03  0.0000000000000000e+00 -7.7568378797496351e-01
 102 -5.7982389132017645e-04  2.8936454754984354e-04 -2.7718282461248766e-03  2.9942594659747076e-03  0.0000000000000000e+00 -7.6819349417671956e-01
 103 -3.3079606723449202e-04  4.4596802498950876e-04 -1.0570950010147496e-03  4.0751259876349458e-03  0.0000000000000000e+00 -7.8180067123662500e-01
 104 -2.8440804632815392e-05 -6.5496731343192872e-05  9.8453376020285477e-04  4.0614736798426972e-03  0.0000000000000000e+00 -8.1204099172856037e-01
 105 -6.3572139338203065e-05 -5.0523381151387141e-04  2.8145548181870012e-03  3.0177063718278075e-03  0.0000000000000000e+00 -8.3522796809896804e-01
 106 -2.7217756617441493e-04 -3.0322119362656525e-04  3.8608873988378355e-03  1.0963743790619906e-03  0.0000000000000000e+00 -8.3515688585253423e-01
 107 -3.1978968310323583e-04  2.1731881289485170e-04  3.8197889053300875e-03 -1.2040110954793124e-03  0.0000000000000000e+00 -8.2112842490508109e-01
 108 -1.6875196808423118e-04  4.4998487028271000e-04  2.6989983491487778e-03 -3.1142149666955050e-03  0.0000000000000000e+00 -8.1496312399555226e-01
 109 -1.1742630462063122e-04  7.3097365991910466e-05  8.3556246544182937e-04 -4.1154090164051849e-03  0.0000000000000000e+00 -8.3237393309955798e-01
 110 -3.2038283313500095e-04 -3.7758820165666992e-04 -1.1950262832396846e-03 -4.0552643701275504e-03  0.0000000000000000e+00 -8.6266950682911625e-01
 111 -4.3779310400330875e-04 -2.6140068564444558e-04 -2.8941005062828860e-03 -2.9090711054679491e-03  0.0000000000000000e+00 -8.8208665937129116e-01
 112 -1.5656275016663856e-04  1.2508374712835257e-04 -3.9067256101779939e-03 -8.9305664876991749e-04  0.0000000000000000e+00 -8.8006782642067416e-01
 113  7.8074483267761852e-05  2.2084956575283470e-04 -3.7911499036022184e-03  1.4093136768927796e-03  0.0000000000000000e+00 -8.6584631078825147e-01
 114 -1.4211810166301684e-04  3.5844680586044957e-05 -2.4940206315076626e-03  3.2669931696345292e-03  0.0000000000000000e+00 -8.6245548968746422e-01
 115 -5.2899782224189200e-04 -1.1559659776962926e-04 -6.1517803432860970e-04  4.2089832899032372e-03  0.0000000000000000e+00 -8.8084318793468408e-01
 116 -5.9679452732971277e-04 -5.4812725052857613e-05  1.2979816722875459e-03  4.0267313585392499e-03  0.0000000000000000e+00 -9.0908785921490409e-01
 117 -1.7386558848738105e-04  6.2823007834222750e-05  2.9969657965437041e-03  2.7513685461411255e-03  0.0000000000000000e+00 -9.2705642636566787e-01
 118  2.2390659129195386e-04 -5.6052089306031969e-05  3.9729323471865826e-03  6.8554187616023715e-04  0.0000000000000000e+00 -9.2422538230013096e-01
 119 -4.1112815194577839e-05 -1.9930636762844142e-04  3.6651711607628510e-03 -1.5993860993510714e-03  0.0000000000000000e+00 -9.1059153670469350e-01
 120 -5.8910709510036851e-04  1.3092795611866043e-05  2.3113603244879172e-03 -3.3991703387194244e-03  0.0000000000000000e+00 -9.0812374655819994e-01
 121 -6.3581481398269977e-04  2.6338642799245994e-04  5.1741136999126772e-04 -4.2279306627871962e-03  0.0000000000000000e+00 -9.2682850623900881e-01
 122 -2.0441653755235239e-04  1.2713060596223754e-04 -1.4382353960031363e-03 -3.9144349067922173e-03  0.0000000000000000e+00 -9.5566099355839218e-01
 123  1.5343253788779057e-04 -2.6647554083749394e-04 -3.1689979242687902e-03 -2.5808766733470862e-03  0.0000000000000000e+00 -9.7390211428295703e-01
 124  9.9184364019282922e-06 -4.1545391606657018e-04 -3.9774931013457368e-03 -5.0339633028319622e-04  0.0000000000000000e+00 -9.6962572134545488e-01
 125 -4.5239560337957690e-04 -4.4749702022196974e-05 -3.5713924114740333e-03  1.7601885681908882e-03  0.0000000000000000e+00 -9.5542979953894158e-01
 126 -5.2272253127342661e-04  4.3592786702205573e-04 -2.2483993877975934e-03  3.4807389407350885e-03  0.0000000000000000e+00 -9.5430752749415515e-01
 127 -1.8382186875138612e-04  3.1250914118005851e-04 -3.7553601008008552e-04  4.1900819473355945e-03  0.0000000000000000e+00 -9.7535853844297127e-01
 128 -9.1436012230625194e-06 -2.9301040050059343e-04  1.6681878050791370e-03  3.8182358479289850e-03  0.0000000000000000e+00 -1.0062992865733109e+00
 129 -1.5748436240675570e-04 -5.0027007725117424e-04  3.2786395243786211e-03  2.4474335986787829e-03  0.0000000000000000e+00 -1.0219381738624400e+00
 130 -3.1870418232615673e-04 -1.0776379533001744e-04  3.9761368432012934e-03  3.1658588975627200e-04  0.0000000000000000e+00 -1.0150618857917020e+00
 131 -2.5774875447464988e-04  3.6569613435436871e-04  3.5512109269370180e-03 -1.9351083091120789e-03  0.0000000000000000e+00 -1.0010761229464893e+00
 132 -1.1281599595287675e-04  3.6324754104797679e-04  2.1190742483215086e-03 -3.5710657692913103e-03  0.0000000000000000e+00 -1.0023371700566099e+00
 133 -1.8259939195026806e-04 -1.3478199022084583e-04  1.2786787326049404e-04 -4.2203221507122824e-03  0.0000000000000000e+00 -1.0266865635529940e+00
 134 -4.1828295270993055e-04 -3.9309253311563963e-04 -1.8257057169755227e-03 -3.7856251078819000e-03  0.0000000000000000e+00 -1.0554625842564882e+00
 135 -3.7408332801502274e-04 -1.0318829899174655e-04 -3.3367746135079621e-03 -2.2970778303597027e-03  0.0000000000000000e+00 -1.0678187248324955e+00
 136 -1.3985181939288143e-05  2.0172634792442028e-04 -4.0136747773915453e-03 -1.0134114912069454e-04  0.0000000000000000e+00 -1.0595424021360791e+00
 137  5.3004969891048466e-05  1.5056521305583132e-04 -3.4581062067874776e-03  2.1246682430954632e-03  0.0000000000000000e+00 -1.0465166411988156e+00
 138 -3.0329734879366030e-04 -4.3187689319775683e-05 -1.8787942678356456e-03  3.7074905650863574e-03  0.0000000000000000e+00 -1.0505324539498742e+00
 139 -6.2250354581246180e-04 -1.0080990352079601e-04  4.4255625033433981e-05  4.2786671968715615e-03  0.0000000000000000e+00 -1.0743474894324747e+00
 140 -4.8282309621828015e-04  1.3334680752547223e-05  1.9146618030017333e-03  3.7033912023355631e-03  0.0000000000000000e+00 -1.1012236952410801e+00
 141  2.8342173906331983e-05  4.2933810012678273e-05  3.4505533693977588e-03  2.1125443648270900e-03  0.0000000000000000e+00 -1.1123918943505777e+00
 142  2.1045792763241329e-04 -1.5469160111927807e-04  4.0185528087297298e-03 -1.0520391754352693e-04  0.0000000000000000e+00 -1.1038494182539211e+00
 143 -2.6696424898895815e-04 -1.6624787238736830e-04  3.2850551105846515e-03 -2.2972574436464954e-03  0.0000000000000000e+00 -1.0915271389396977e+00
 144 -6.8495596057698428e-04  1.4446049404433049e-04  1.7325333235053255e-03 -3.8053195205353064e-03  0.0000000000000000e+00 -1.0963408741211067e+00
 145 -4.9632240054458057e-04  2.7820699684516818e-04 -1.3876117166248687e-04 -4.2446168196658036e-03  0.0000000000000000e+00 -1.1205125312968389e+00
 146 -2.8820879064631449e-05 -1.8685471471443976e-05 -2.0904936414394139e-03 -3.5617608333702788e-03  0.0000000000000000e+00 -1.1482253670496800e+00
 147  1.5852037960585846e-04 -3.8873602320773005e-04 -3.5788354043366196e-03 -1.9368099315433774e-03  0.0000000000000000e+00 -1.1590522507203862e+00
 148 -1.6781639241526564e-04 -3.3451788928916395e-04 -3.9672940014450261e-03  2.8405395852994393e-04  0.0000000000000000e+00 -1.1487268662601475e+00
 149 -5.4136480804603125e-04  1.6978365634246642e-04 -3.2055304131804289e-03  2.4387362998066495e-03  0.0000000000000000e+00 -1.1368589508958178e+00
 150 -3.9992419779635819e-04  4.8675330365804107e-04 -1.6596790172079439e-03  3.8447961571722029e-03  0.0000000000000000e+00 -1.1432077135892005e+00
 151 -7.5908610855210889e-05  9.5902919181649107e-05  3.3344012274303140e-04  4.1802118588416927e-03  0.0000000000000000e+00 -1.1703301988217170e+00
 152 -5.1849828524535896e-05 -4.5414223716777011e-04  2.2964005803860544e-03  3.4598163471661007e-03  0.0000000000000000e+00 -1.1985100961816939e+00
 153 -2.4797843250636578e-04 -3.9775113704716486e-04  3.6332742584807226e-03  1.7833878419814288e-03  0.0000000000000000e+00 -1.2057667758229127e+00
 154 -3.1272599478252808e-04  9.7069236735258514e-05  3.9611322594337072e-03 -4.7914975103533001e-04  0.0000000000000000e+00 -1.1940777678007475e+00
 155 -1.7943250342779268e-04  4.3354913717500170e-04  3.1610126190983355e-03 -2.5903633276348381e-03  0.0000000000000000e+00 -1.1829297337211413e+00
 156 -1.0546068082674307e-04  1.9780973367656835e-04  1.4683568141475489e-03 -3.9121661122135509e-03  0.0000000000000000e+00 -1.1927479334054885e+00
 157 -2.8636988542169936e-04 -2.9214784588428350e-04 -5.6912202399209328e-04 -4.1999372391402666e-03  0.0000000000000000e+00 -1.2214131086177094e+00
 158 -4.6799849652031267e-04 -3.1804353961493309e-04 -2.4026291279996745e-03 -3.3883450857715627e-03  0.0000000000000000e+00 -1.2461328940123440e+00
 159 -2.4349024690862553e-04  4.6637955700365628e-05 -3.6869599072261120e-03 -1.5986796479684027e-03  0.0000000000000000e+00 -1.2509625340241572e+00
 160  8.4976835182765998e-05  2.0798863960167746e-04 -3.9702738506745688e-03  6.9395729367864231e-04  0.0000000000000000e+00 -1.2384260065917456e+00
 161 -4.8901669521073000e-05  6.0739412505784375e-05 -2.9972191041486070e-03  2.7622610434786298e-03  0.0000000000000000e+00 -1.2293805342508799e+00
 162 -4.6693814543572300e-04 -8.3227878869786308e-05 -1.2314481331211532e-03  4.0291105173781904e-03  0.0000000000000000e+00 -1.2410249630471915e+00
 163 -6.3972150231233712e-04 -5.0877071296540382e-05  6.9306407297527347e-04  4.2106222780778670e-03  0.0000000000000000e+00 -1.2681772086482301e+00
 164 -3.0150876997554559e-04  5.6747843173163265e-05  2.5011949859371626e-03  3.2591111084214210e-03  0.0000000000000000e+00 -1.2914384984232490e+00
 165  1.7919619319316403e-04 -3.1028082120033255e-05  3.7892569162512766e-03  1.3990152577718707e-03  0.0000000000000000e+00 -1.2953114627026450e+00
 166  8.6255377800213809e-05 -2.2233083538478784e-04  3.9002236099626177e-03 -8.9220470143082397e-04  0.0000000000000000e+00 -1.2829427312111013e+00
 167 -4.8248013146247781e-04 -6.6075302000775983e-05  2.8140178682149915e-03 -2.9128505836974270e-03  0.0000000000000000e+00 -1.2746557863619659e+00
 168 -6.7827545208838322e-04  2.5736079447437235e-04  1.1229946056844197e-03 -4.0829265908025377e-03  0.0000000000000000e+00 -1.2869361390827267e+00
 169 -3.1359934594324786e-04  2.1711943193614095e-04 -8.1273532328434838e-04 -4.1281627457033241e-03  0.0000000000000000e+00 -1.3147429502926322e+00
 170  9.5347714505497445e-05 -1.8907017252743210e-04 -2.6915778835600959e-03 -3.1008204308531099e-03  0.0000000000000000e+00 -1.3387562592154447e+00
 171  7.8244999234058904e-05 -4.4314230758225241e-04 -3.8508450759319381e-03 -1.2209304385169312e-03  0.0000000000000000e+00 -1.3414344891023782e+00
 172 -3.4519973626535204e-04 -1.7414971965359042e-04 -3.8219457819050431e-03  1.0641974603362086e-03  0.0000000000000000e+00 -1.3276791618959956e+00
 173 -5.3658870547897022e-04  3.5945034854127937e-04 -2.7521481797850404e-03  3.0264984102279088e-03  0.0000000000000000e+00 -1.3205230625962705e+00
 174 -2.5491985493581224e-04  4.2149976420237454e-04 -1.0129505468001372e-03  4.0806555201032832e-03  0.0000000000000000e+00 -1.3348300905785053e+00
 175 -2.8969722689900599e-05 -1.4928935030054041e-04  1.0419916136386448e-03  4.0502854218751119e-03  0.0000000000000000e+00 -1.3655078938325682e+00
 176 -1.3582202968328677e-04 -5.1399048940622028e-04  2.8454943503072889e-03  2.9882113948247061e-03  0.0000000000000000e+00 -1.3879254429893058e+00
 177 -3.0506785900813173e-04 -2.2649748369251951e-04  3.8698791641607992e-03  1.0457020972199521e-03  0.0000000000000000e+00 -1.3872452125124874e+00
 178 -2.6108970996386162e-04  2.7197451139078705e-04  3.8139212405207865e-03 -1.2564640479319231e-03  0.0000000000000000e+00 -1.3730950024191746e+00
 179 -1.1593327052264337e-04  4.0627951866108820e-04  2.6604247268226266e-03 -3.1497735780854552e-03  0.0000000000000000e+00 -1.3675057704917102e+00
 180 -1.5360869707948841e-04 -2.1122745583967235e-06  7.7589831646635401e-04 -4.1339177483406073e-03  0.0000000000000000e+00 -1.3855729104079328e+00
 181 -3.9773825908408071e-04 -3.6402864002309455e-04 -1.2346175108756004e-03 -4.0500245085167575e-03  0.0000000000000000e+00 -1.4154679767848157e+00
 182 -4.4244872713268649e-04 -1.8403964061179925e-04 -2.9182440483076452e-03 -2.8719546745476620e-03  0.0000000000000000e+00 -1.4343318523858433e+00
 183 -8.3177019141331552e-05  1.5011976422090706e-04 -3.9224311293265760e-03 -8.3865383733932035e-04  0.0000000000000000e+00 -1.4318810713957655e+00
 184  1.0710119858732710e-04  1.5635534813079356e-04 -3.7697281497360152e-03  1.4612918796711452e-03  0.0000000000000000e+00 -1.4178010886803063e+00
 185 -2.0579815747558212e-04 -1.7660739189555618e-05 -2.4417026590679166e-03  3.3046551440171035e-03  0.0000000000000000e+00 -1.4148550638184187e+00
 186 -5.9553212279729725e-04 -7.9143594048611515e-05 -5.7543883313243842e-04  4.2222675018227726e-03  0.0000000000000000e+00 -1.4333701979600502e+00
 187 -5.6946490657714668e-04  1.0963220537558118e-05  1.3300204010378688e-03  4.0063769635168694e-03  0.0000000000000000e+00 -1.4615221501495157e+00
 188 -9.2156590774008072e-05  5.3392316077587761e-05  3.0353449493076895e-03  2.7075491625105611e-03  0.0000000000000000e+00 -1.4792707945281560e+00
 189  2.3641008208800869e-04 -1.3418391076041813e-04  3.9815530532493074e-03  6.3361915606833120e-04  0.0000000000000000e+00 -1.4762351780908831e+00
 190 -1.1770052988980921e-04 -2.2503290378667490e-04  3.6350674079091015e-03 -1.6456092781312374e-03  0.0000000000000000e+00 -1.4624913951754936e+00
 191 -6.3398854533949756e-04  7.4923968838505028e-05  2.2811269897012871e-03 -3.4268730039450786e-03  0.0000000000000000e+00 -1.4603892755141912e+00
 192 -5.7878611454437981e-04  3.1635286988435503e-04  4.8543680383870394e-04 -4.2251211332416357e-03  0.0000000000000000e+00 -1.4794592925478920e+00
 193 -1.2877417298654770e-04  8.6025020774328740e-05 -1.4896819557701257e-03 -3.8867410142050507e-03  0.0000000000000000e+00 -1.5086359278508581e+00
 194  1.4521375799737854e-04 -3.4342385008793449e-04 -3.2052211693175581e-03 -2.5411152813168774e-03  0.0000000000000000e+00 -1.5266081354375727e+00
 195 -6.6532581937977142e-05 -4.0999508855553505e-04 -3.9765909538016257e-03 -4.5479933087044815e-04  0.0000000000000000e+00 -1.5216489397780413e+00
 196 -4.7294816861156568e-04  3.5084442127556034e-05 -3.5574848779240391e-03  1.8054467466518322e-03  0.0000000000000000e+00 -1.5075355787131015e+00
 197 -4.5105065729319891e-04  4.7611162890943607e-04 -2.2219291066260215e-03  3.5039925731853638e-03  0.0000000000000000e+00 -1.5068280976825987e+00
 198 -1.3091283328395687e-04  2.4988677796283700e-04 -3.2141148169930676e-04  4.1894031818168909e-03  0.0000000000000000e+00 -1.5286869730456605e+00
 199 -4.7300559334195698e-05 -3.5972289976811042e-04  1.7186214752754330e-03  3.8027058460239314e-03  0.0000000000000000e+00 -1.5595779846512696e+00
 200 -2.2887350559463998e-04 -4.6643561968616476e-04  3.2994692784675730e-03  2.4096361163543755e-03  0.0000000000000000e+00 -1.5743270856079012e+00
 201 -3.1125087545686488e-04 -2.5496699516171422e-05  3.9813943222928271e-03  2.6224335897989898e-04  0.0000000000000000e+00 -1.5670660196142707e+00
 202 -1.8576172383303293e-04  3.8314585519420006e-04  3.5355243278759529e-03 -1.9830827005167923e-03  0.0000000000000000e+00 -1.5531311069028237e+00
 203 -9.3454436492027652e-05  2.9097444040696941e-04  2.0679208982095172e-03 -3.6009438648669620e-03  0.0000000000000000e+00 -1.5551922778070202e+00
 204 -2.4819142662821093e-04 -1.8293086896795986e-04  7.2768323008750733e-05 -4.2326934339347363e-03  0.0000000000000000e+00 -1.5798044164454128e+00
 205 -4.7805799904069186e-04 -3.4233245715488024e-04 -1.8568303323514743e-03 -3.7687346424240585e-03  0.0000000000000000e+00 -1.6080186782912358e+00
 206 -3.3726040634315496e-04 -3.4252039327695997e-05 -3.3601720169695935e-03 -2.2515096244791447e-03  0.0000000000000000e+00 -1.6198904571463557e+00
 207  5.7071980208800896e-05  1.8576358406432092e-04 -4.0198788178003016e-03 -4.5870440052076693e-05  0.0000000000000000e+00 -1.6113176438211556e+00
 208  4.1469376666775263e-05  7.4577914941716738e-05 -3.4210437823366611e-03  2.1724903689461375e-03  0.0000000000000000e+00 -1.5986287146262466e+00
 209 -3.8361617227705214e-04 -6.1764086903465788e-05 -1.8283378633865753e-03  3.7379535764315102e-03  0.0000000000000000e+00 -1.6029920931229804e+00
 210 -6.5674230504003954e-04 -3.8992153324234299e-05  7.7500471389436125e-05  4.2798165380345272e-03  0.0000000000000000e+00 -1.6268452529222657e+00
 211 -4.1996322278514561e-04  5.7638408493338859e-05  1.9507933817669652e-03  3.6726593051532772e-03  0.0000000000000000e+00 -1.6536095991971680e+00
 212  9.5430470208227104e-05 -4.7463041661056401e-06  3.4841574821050905e-03  2.0645371595504423e-03  0.0000000000000000e+00 -1.6645563198755933e+00
 213  1.7997975122761866e-04 -2.2613903379566853e-04  4.0104488609041099e-03 -1.5641881421518051e-04  0.0000000000000000e+00 -1.6557902094414243e+00
 214 -3.4783050049795979e-04 -1.5100936818231107e-04  3.2523555214917931e-03 -2.3383726005595080e-03  0.0000000000000000e+00 -1.6435199839294317e+00
 215 -6.8761530023834930e-04  2.1809547428858249e-04  1.7052840421032899e-03 -3.8230704107321371e-03  0.0000000000000000e+00 -1.6487479285004587e+00
 216 -4.1645710109341940e-04  2.9719093974164276e-04 -1.7863507663290698e-04 -4.2313769427521518e-03  0.0000000000000000e+00 -1.6733134068572639e+00
 217  2.0518360185851667e-05 -8.9711240234656707e-05 -2.1427178711590578e-03 -3.5296858969684338e-03  0.0000000000000000e+00 -1.7012460282913215e+00
 218  1.1255716814060577e-04 -4.4220980880685422e-04 -3.6007333364226554e-03 -1.8938663147575773e-03  0.0000000000000000e+00 -1.7114935309787198e+00
 219 -2.3690289267642753e-04 -2.8912940961913229e-04 -3.9598505297039066e-03  3.3378058073063724e-04  0.0000000000000000e+00 -1.7006992809954939e+00
 220 -5.1844194916452282e-04  2.4874929989205291e-04 -3.1896669915937579e-03  2.4785047973641013e-03  0.0000000000000000e+00 -1.6890750614684977e+00
 221 -3.2066074874864784e-04  4.8515494681427174e-04 -1.6227542798030676e-03  3.8590618837527711e-03  0.0000000000000000e+00 -1.6960135569555022e+00
 222 -5.8470941416469649e-05  1.2880643480900716e-05  3.9224018633968611e-04  4.1752484453301368e-03  0.0000000000000000e+00 -1.7238197664479948e+00
 223 -1.1748038282681489e-04 -4.8481841897421316e-04  2.3357494155097722e-03  3.4380071298433352e-03  0.0000000000000000e+00 -1.7514577107196083e+00
 224 -2.9749924027288655e-04 -3.3123341971719015e-04  3.6473143376935875e-03  1.7376017436256904e-03  0.0000000000000000e+00 -1.7579525967307721e+00
 225 -2.6770878238306357e-04  1.6489850158690484e-04  3.9617254977707553e-03 -5.3407411626538019e-04  0.0000000000000000e+00 -1.7460149854179523e+00
 226 -1.1607050260021175e-04  4.0914293018904589e-04  3.1321428421102857e-03 -2.6325714897430541e-03  0.0000000000000000e+00 -1.7352083763796828e+00
 227 -1.2490768946449673e-04  1.1807335888907780e-04  1.4098084237167692e-03 -3.9370317176383928e-03  0.0000000000000000e+00 -1.7458112416924330e+00
 228 -3.6511130763156334e-04 -3.0015946976483493e-04 -6.1503495988269197e-04 -4.2037767086714820e-03  0.0000000000000000e+00 -1.7743265902014318e+00
 229 -4.9308788098877197e-04 -2.4530110966759962e-04 -2.4291673413917485e-03 -3.3597153696935766e-03  0.0000000000000000e+00 -1.7984965549585417e+00
 230 -1.7665292097276652e-04  8.8805831327175977e-05 -3.7085938283580445e-03 -1.5473667555931077e-03  0.0000000000000000e+00 -1.8028667073921198e+00
 231  1.3238419182485801e-04  1.5558980707691100e-04 -3.9619819054619101e-03  7.4828917558541694e-04  0.0000000000000000e+00 -1.7902705467928979e+00
 232 -9.8412928324114092e-05 -4.5686439635290399e-06 -2.9496031767193543e-03  2.8049497016268874e-03  0.0000000000000000e+00 -1.7816229502958938e+00
 233 -5.4310152769439083e-04 -6.3188981017711610e-05 -1.1878254298928216e-03  4.0505003279344238e-03  0.0000000000000000e+00 -1.7935062935573118e+00
 234 -6.3224731585486793e-04  1.8188002713151511e-05  7.2438164234244124e-04  4.1992373151279339e-03  0.0000000000000000e+00 -1.8206516307865965e+00
 235 -2.2024027601420283e-04  6.5994053773406658e-05  2.5413679604822299e-03  3.2204778256683920e-03  0.0000000000000000e+00 -1.8437721596921834e+00
 236  2.1356481269464611e-04 -1.0437856464467430e-04  3.8111606068625937e-03  1.3486423288189069e-03  0.0000000000000000e+00 -1.8474282491328100e+00
 237  2.1161784236425575e-05 -2.6635047007432218e-04  3.8787895329173540e-03 -9.4114809266908231e-04  0.0000000000000000e+00 -1.8348253715505811e+00
 238 -5.4425453541659949e-04 -1.5454431720187101e-05  2.7835525391849015e-03 -2.9473626251335064e-03  0.0000000000000000e+00 -1.8268022165788060e+00
 239 -6.3834879180376899e-04  3.2259619586485268e-04  1.0945542258672793e-03 -4.0895429487554464e-03  0.0000000000000000e+00 -1.8394828996265324e+00
 240 -2.3165990796326759e-04  1.9500530703065082e-04 -8.6132810018424129e-04 -4.1068082713051866e-03  0.0000000000000000e+00 -1.8677214745545567e+00
 241  1.0706566698756717e-04 -2.7009780348019564e-04 -2.7371501709899642e-03 -3.0654488762162611e-03  0.0000000000000000e+00 -1.8916843521453874e+00
 242  7.5218710237249971e-06 -4.5828311733645200e-04 -3.8594538090208404e-03 -1.1746335067052537e-03  0.0000000000000000e+00 -1.8936123257694186e+00
 243 -3.8560480850123482e-04 -1.0092787134215768e-04 -3.8115274639322259e-03  1.1131262764208622e-03  0.0000000000000000e+00 -1.8797124753791910e+00
 244 -4.7751984277793753e-04  4.1734798051826748e-04 -2.7313497866601629e-03  3.0585802538388080e-03  0.0000000000000000e+00 -1.8728763415206218e+00
 245 -1.8980327656716804e-04  3.7717352531353395e-04 -9.6448946172746411e-04  4.0874843106446625e-03  0.0000000000000000e+00 -1.8879689288623822e+00
 246 -5.0579117013799100e-05 -2.2782014898811525e-04  1.0980606889752851e-03  4.0413984640643883e-03  0.0000000000000000e+00 -1.9189407183493017e+00
 247 -2.1076771357668548e-04 -5.0106008792880855e-04  2.8736302067767041e-03  2.9581322378495370e-03  0.0000000000000000e+00 -1.9405233269651341e+00
 248 -3.1762765361764928e-04 -1.4473222438717351e-04  3.8797312849537906e-03  9.9384157514676233e-04  0.0000000000000000e+00 -1.9393062003056842e+00
 249 -1.9312808607201433e-04  3.0849185616122220e-04  3.8067551883884513e-03 -1.3090075377881817e-03  0.0000000000000000e+00 -1.9250312576723443e+00
 250 -7.9922908451253891e-05  3.4654279460680514e-04  2.6174016939260387e-03 -3.1861117906944723e-03  0.0000000000000000e+00 -1.9200887627330445e+00
 251 -2.0744796363232114e-04 -6.5421012062703019e-05  7.1748986732319208e-04 -4.1533169365275584e-03  0.0000000000000000e+00 -1.9386724327454363e+00
 252 -4.6875823829267579e-04 -3.3115494561373457e-04 -1.2708533492737726e-03 -4.0428796330885053e-03  0.0000000000000000e+00 -1.9681472966674027e+00
 253 -4.2508215770834581e-04 -1.0955969617192902e-04 -2.9436846800267600e-03 -2.8331172511614736e-03  0.0000000000000000e+00 -1.9865289377329733e+00
 254 -6.9987925807487886e-06  1.5352584884023381e-04 -3.9382036896773859e-03 -7.8424576116833185e-04  0.0000000000000000e+00 -1.9836794722474880e+00
 255  1.1660488235280356e-04  8.2851370547978962e-05 -3.7447036949102811e-03  1.5126426412105500e-03  0.0000000000000000e+00 -1.9697713184396215e+00
 256 -2.8074592760621791e-04 -5.3653176196144951e-05 -2.3912061149742869e-03  3.3410438407461334e-03  0.0000000000000000e+00 -1.9671910245246051e+00
 257 -6.4697241366972109e-04 -2.7511479306411213e-05 -5.3940632644978081e-04  4.2325417115693610e-03  0.0000000000000000e+00 -1.9858562020993600e+00
 258 -5.2180979692615975e-04  6.7185850404861291e-05  1.3642054787352969e-03  3.9834228352738487e-03  0.0000000000000000e+00 -2.0139784236928397e+00
 259 -1.4602132097774420e-05  2.2835235200827402e-05  3.0753497552068916e-03  2.6634122680002604e-03  0.0000000000000000e+00 -2.0315603811649767e+00
 260  2.2844481647303272e-04 -2.1198670553567247e-04  3.9873042131127476e-03  5.8252297415702450e-04  0.0000000000000000e+00 -2.0282739326958112e+00
 261 -1.9896599235130375e-04 -2.2935304778809633e-04  3.6066455231006148e-03 -1.6908573632478862e-03  0.0000000000000000e+00 -2.0143976267345436e+00
 262 -6.5845613602254476e-04  1.4646279651178644e-04  2.2540987958489440e-03 -3.4529800764643982e-03  0.0000000000000000e+00 -2.0126956937742997e+00
 263 -5.0758280032730629e-04  3.5435172520958876e-04  4.5086157550015246e-04 -4.2206912456721288e-03  0.0000000000000000e+00 -2.0321782905687158e+00
 264 -6.5111926175036614e-05  2.7251696981324008e-05 -1.5434032596954787e-03 -3.8598990691817354e-03  0.0000000000000000e+00 -2.0617406735580048e+00
 265  1.1698088664138655e-04 -4.1098570782367949e-04 -3.2384429099495283e-03 -2.5024369228364798e-03  0.0000000000000000e+00 -2.0793048739232805e+00
 266 -1.4141525824383445e-04 -3.8288239609167321e-04 -3.9758324016175468e-03 -4.0565812711784672e-04  0.0000000000000000e+00 -2.0736694437750787e+00
 267 -4.7184068504102207e-04  1.1764562281418154e-04 -3.5451638749856530e-03  1.8511199301117871e-03  0.0000000000000000e+00 -2.0596615203213751e+00
 268 -3.7370111945119426e-04  4.9710017748964635e-04 -2.1922490316596799e-03  3.5272977616857349e-03  0.0000000000000000e+00 -2.0594092545906424e+00
 269 -9.6405624168392355e-05  1.7460249199153474e-04 -2.6439925900066761e-04  4.1909638274264440e-03  0.0000000000000000e+00 -2.0820937905572472e+00
 270 -1.0226868558445397e-04 -4.1059813571110162e-04  1.7658419538719547e-03  3.7884957532796160e-03  0.0000000000000000e+00 -2.1127557558369467e+00
 271 -2.9159960410954719e-04 -4.1457836825909143e-04  3.3190704481046345e-03  2.3705199818289040e-03  0.0000000000000000e+00 -2.1266535634240640e+00
 272 -2.8319000841789957e-04  5.1346861575785501e-05  3.9875302092688370e-03  2.0716908504147741e-04  0.0000000000000000e+00 -2.1190256049064828e+00
 273 -1.1597713589397168e-04  3.7894501333239649e-04  3.5166808242709487e-03 -2.0311189206895950e-03  0.0000000000000000e+00 -2.1051950354222639e+00
 274 -9.5074956924769938e-05  2.1283798288849608e-04  2.0136657271776644e-03 -3.6319774281409114e-03  0.0000000000000000e+00 -2.1080476477896490e+00
 275 -3.2358171952601709e-04 -2.1164112285316632e-04  2.1062402257765732e-05 -4.2448206196306661e-03  0.0000000000000000e+00 -2.1327838110054431e+00
 276 -5.2167139978533204e-04 -2.7919686570572385e-04 -1.8863574864970698e-03 -3.7494456426338729e-03  0.0000000000000000e+00 -2.1604958769267348e+00
 277 -2.8246607650538155e-04  2.1977850269955843e-05 -3.3855316830265002e-03 -2.2049223558783760e-03  0.0000000000000000e+00 -2.1719164351207505e+00
 278  1.1969652239999868e-04  1.4898676215897218e-04 -4.0241843412497933e-03  9.2662596122277055e-06  0.0000000000000000e+00 -2.1631125151449409e+00
 279  9.8003654310688221e-06  1.4334310356545931e-06 -3.3816278804271360e-03  2.2195185615695267e-03  0.0000000000000000e+00 -2.1507214934983439e+00
 280 -4.6478407705277458e-04 -5.9429970231931339e-05 -1.7817673801023056e-03  3.7664895670434829e-03  0.0000000000000000e+00 -2.1553895312806555e+00
 281 -6.6944756384488733e-04  2.8977498713402434e-05  1.0911423201465694e-04  4.2777230393457287e-03  0.0000000000000000e+00 -2.1793315388357017e+00
 282 -3.4465465075650636e-04  8.4362526018840400e-05  1.9902206230699472e-03  3.6402115742366903e-03  0.0000000000000000e+00 -2.2060430443979531e+00
 283  1.4870723138938385e-04 -6.8305003837113276e-05  3.5171199866740758e-03  2.0168331899354810e-03  0.0000000000000000e+00 -2.2168012359444660e+00
 284  1.3162221373012257e-04 -2.8571634635946350e-04  4.0003655744049998e-03 -2.0673130696659037e-04  0.0000000000000000e+00 -2.2077255580262967e+00
 285 -4.2181482130202466e-04 -1.1545310716096389e-04  3.2230342072068481e-03 -2.3785124494382650e-03  0.0000000000000000e+00 -2.1955462031799984e+00
 286 -6.6784360412558788e-04  2.9125951482137220e-04  1.6792071452919023e-03 -3.8390287271918818e-03  0.0000000000000000e+00 -2.2011998412191685e+00
 287 -3.3297956852328543e-04  2.9580525734029193e-04 -2.2238008378113196e-04 -4.2174430722513225e-03  0.0000000000000000e+00 -2.2262377823839374e+00
 288  5.1075607934130311e-05 -1.6928475023840513e-04 -2.1947259709187684e-03 -3.4990906816508662e-03  0.0000000000000000e+00 -2.2543518289440061e+00
 289  5.2335289387307303e-05 -4.7720099125008673e-04 -3.6199497479144980e-03 -1.8513058190762614e-03  0.0000000000000000e+00 -2.2638914509456507e+00
 290 -2.9333613539246812e-04 -2.2718251770428863e-04 -3.9539312015119989e-03  3.8431463632215542e-04  0.0000000000000000e+00 -2.2526990501719921e+00
 291 -4.7628032329605230e-04  3.2007676534455599e-04 -3.1737936573171806e-03  2.5183613242473445e-03  0.0000000000000000e+00 -2.2412977876867939e+00
 292 -2.4722346993499763e-04  4.6237689859066885e-04 -1.5814238729944016e-03  3.8741171261952928e-03  0.0000000000000000e+00 -2.2489149550329763e+00
 293 -6.2415946103720071e-05 -7.1165173883310122e-05  4.5128072408416814e-04  4.1728035693982873e-03  0.0000000000000000e+00 -2.2773121787414778e+00
 294 -1.9112434318819342e-04 -4.9425324550475482e-04  2.3716589573365716e-03  3.4161835613392205e-03  0.0000000000000000e+00 -2.3042865307259826e+00
 295 -3.2929890200835468e-04 -2.5488821375705415e-04  3.6616387823796607e-03  1.6904193273866190e-03  0.0000000000000000e+00 -2.3101030747940139e+00
 296 -2.0845059366276773e-04  2.1795246259200611e-04  3.9621173983803897e-03 -5.8923994060228516e-04  0.0000000000000000e+00 -2.2979045409227328e+00
 297 -6.5512939278365297e-05  3.6543502216020981e-04  3.0989280472716366e-03 -2.6751217409986430e-03  0.0000000000000000e+00 -2.2875232114458979e+00
 298 -1.6416915657720482e-04  4.4710312445533425e-05  1.3508696317161468e-03 -3.9628726253345273e-03  0.0000000000000000e+00 -2.2988091211180142e+00
 299 -4.4280923616671716e-04 -2.8734591217878161e-04 -6.5704762761047066e-04 -4.2060779551279888e-03  0.0000000000000000e+00 -2.3271075966819881e+00
 300 -4.9651969308803473e-04 -1.7023197865227133e-04 -2.4561749504288530e-03 -3.3288921677616279e-03  0.0000000000000000e+00 -2.3508102733717422e+00
 301 -1.0125950773459437e-04  1.1117747715167406e-04 -3.7314815627576144e-03 -1.4956983173385092e-03  0.0000000000000000e+00 -2.3547446913126953e+00
 302  1.6283296992271483e-04  8.9268581606325302e-05 -3.9503737925095615e-03  8.0202286209046705e-04  0.0000000000000000e+00 -2.3421434857969263e+00
 303 -1.6314717582212947e-04 -5.6118513502313703e-05 -2.9022562245032833e-03  2.8465132702616557e-03  0.0000000000000000e+00 -2.3338184556020058e+00
 304 -6.0881168730705481e-04 -2.4847747142719967e-05 -1.1485085382854751e-03  4.0692464444211695e-03  0.0000000000000000e+00 -2.3459458726248945e+00
 305 -6.0260440878445699e-04  8.2739216880931639e-05  7.5663648519847752e-04  4.1848906759561462e-03  0.0000000000000000e+00 -2.3731443266300132e+00
 306 -1.3762694762956037e-04  5.3971018009007028e-05  2.5842978520551878e-03  3.1810933346659619e-03  0.0000000000000000e+00 -2.3961816334803525e+00
 307  2.2836913163299879e-04 -1.8319720141813273e-04  3.8305930619855861e-03  1.2989777881338242e-03  0.0000000000000000e+00 -2.3995991924380968e+00
 308 -5.3969447801152920e-05 -2.9060904088743146e-04  3.8575510457183938e-03 -9.8925260583626888e-04  0.0000000000000000e+00 -2.3867039153810459e+00
 309 -5.8903997290818844e-04  4.9218629776153206e-05  2.7567032604161276e-03 -2.9807475217132388e-03  0.0000000000000000e+00 -2.3789942553449426e+00
 310 -5.8040596601365534e-04  3.7713652958269305e-04  1.0647422345355620e-03 -4.0945011495203305e-03  0.0000000000000000e+00 -2.3920981753499144e+00
 311 -1.5724035812224232e-04  1.5277794361220621e-04 -9.1330543430578415e-04 -4.0859543031277175e-03  0.0000000000000000e+00 -2.4208383029150533e+00
 312  9.7837932833944087e-05 -3.4749044521187452e-04 -2.7803192026127125e-03 -3.0315422177237248e-03  0.0000000000000000e+00 -2.4446290510468875e+00
 313 -6.7467517049400090e-05 -4.5132486494914038e-04 -3.8669320050797517e-03 -1.1279808968627833e-03  0.0000000000000000e+00 -2.4457599125151259e+00
 314 -4.0588860580861999e-04 -2.0049918429682540e-05 -3.8029132167404335e-03  1.1627696046505600e-03  0.0000000000000000e+00 -2.4317710335958966e+00
 315 -4.0750465098783649e-04  4.5891818008111631e-04 -2.7084231624805270e-03  3.0906509342015971e-03  0.0000000000000000e+00 -2.4252584064116469e+00
 316 -1.4003879169217182e-04  3.1584629485350223e-04 -9.1203436860397692e-04  4.0961025523086831e-03  0.0000000000000000e+00 -2.4412007945247041e+00
 317 -9.1649918048677649e-05 -2.9532322892701510e-04  1.1518230893021060e-03  4.0344214020786072e-03  0.0000000000000000e+00 -2.4722946701780320e+00
 318 -2.8246702429279006e-04 -4.6770469277548259e-04  2.8994635696819827e-03  2.9269701852449909e-03  0.0000000000000000e+00 -2.4930291363551378e+00
 319 -3.0878174995748429e-04 -6.3433117848959596e-05  3.8905959225246753e-03  9.4096028802462869e-04  0.0000000000000000e+00 -2.4913269203707338e+00
 320 -1.2153435358085496e-04  3.2428342574438281e-04  3.7975969498489498e-03 -1.3615270373705502e-03  0.0000000000000000e+00 -2.4769498045483451e+00
 321 -6.3466367500055390e-05  2.7547755830371022e-04  2.5703405082434677e-03 -3.2231861282577584e-03  0.0000000000000000e+00 -2.4726931958161309e+00
 322 -2.7519760249105149e-04 -1.1236712245070660e-04  6.6144948024362605e-04 -4.1728595500111149e-03  0.0000000000000000e+00 -2.4916519126751426e+00
 323 -5.2780618177038034e-04 -2.8197060255915387e-04 -1.3043278622975566e-03 -4.0333248386394118e-03  0.0000000000000000e+00 -2.5207291781123442e+00
 324 -3.8682303372531964e-04 -4.3219325922810862e-05 -2.9710265149697143e-03 -2.7927144404557122e-03  0.0000000000000000e+00 -2.5386843565222632e+00
 325  6.6260885221334920e-05  1.3493892094907541e-04 -3.9534527738883203e-03 -7.2995650041440395e-04  0.0000000000000000e+00 -2.5354872507971931e+00
 326  1.0559311231711984e-04  6.4167375115437631e-06 -3.7165019740533723e-03  1.5631856909475981e-03  0.0000000000000000e+00 -2.5217443230201058e+00
 327 -3.6183402836415847e-04 -6.9530522379169320e-05 -2.3436114147515306e-03  3.3758049950887684e-03  0.0000000000000000e+00 -2.5194737612391882e+00
 328 -6.7922137120464009e-04  3.5108636294635325e-05 -5.0634121310688391e-04  4.2396822681571812e-03  0.0000000000000000e+00 -2.5383262380246738e+00
 329 -4.5733790742125287e-04  1.0938329873978677e-04  1.4012967794820828e-03  3.9582052380079868e-03  0.0000000000000000e+00 -2.5664803034657320e+00
 330  5.3478379504228754e-05 -2.6825707641881434e-05  3.1161807274088203e-03  2.6192993916739253e-03  0.0000000000000000e+00 -2.5839409000426787e+00
 331  2.0052777970400748e-04 -2.8313071868225442e-04  3.9903390290915641e-03  5.3226751767658715e-04  0.0000000000000000e+00 -2.5803233064777267e+00
 332 -2.7923109382850075e-04 -2.1195020539623773e-04  3.5805926003670374e-03 -1.7353752065316262e-03  0.0000000000000000e+00 -2.5663274910314717e+00
 333 -6.6071106432985299e-04  2.2269170081772564e-04  2.2293798371082088e-03 -3.4777009359873512e-03  0.0000000000000000e+00 -2.5650449911982118e+00
 334 -4.2756543063319098e-04  3.7403007306918717e-04  4.1289431427650041e-04 -4.2152218039431507e-03  0.0000000000000000e+00 -2.5850032778461558e+00
 335 -1.7620881359934237e-05 -4.5170100087323469e-05 -1.5984673915808492e-03 -3.8344880579328331e-03  0.0000000000000000e+00 -2.6149573109783941e+00
 336  7.0940675949469448e-05 -4.6390556575349253e-04 -3.2685232130594648e-03 -2.4646063317540780e-03  0.0000000000000000e+00 -2.6319617437582083e+00
 337 -2.0902062887747489e-04 -3.3615028762312173e-04 -3.9756647203693010e-03 -3.5566861547693457e-04  0.0000000000000000e+00 -2.6256951909228143e+00
 338 -4.4953749652311631e-04  1.9747896969649414e-04 -3.5337032295327110e-03  1.8971926949738586e-03  0.0000000000000000e+00 -2.6117897001902062e+00
 339 -2.9670091487155265e-04  4.9711286964319987e-04 -2.1586441966001445e-03  3.5509956163647157e-03  0.0000000000000000e+00 -2.6120601672449211e+00
 340 -8.2509529420566013e-05  9.2107820867957135e-05 -2.0545082783035703e-04  4.1949757963070820e-03  0.0000000000000000e+00 -2.6355388577966901e+00
 341 -1.6993087384824520e-04 -4.4220626184572289e-04  1.8095185136496859e-03  3.7749388274391483e-03  0.0000000000000000e+00 -2.6658092604596137e+00
 342 -3.4050582984806901e-04 -3.4856333773796501e-04  3.3380554041588474e-03  2.3298953618877839e-03  0.0000000000000000e+00 -2.6789258211893547e+00
 343 -2.3694952381761238e-04  1.1757989623598834e-04  3.9942972692493996e-03  1.5160063867202201e-04  0.0000000000000000e+00 -2.6709309400868855e+00
 344 -5.3997641597042738e-05  3.5349222668691897e-04  3.4941474890781417e-03 -2.0791970968002263e-03  0.0000000000000000e+00 -2.6572793681251703e+00
 345 -1.1762779392960604e-04  1.3504560538526392e-04  1.9574013305153001e-03 -3.6638603170579629e-03  0.0000000000000000e+00 -2.6608713156668697e+00
 346 -4.0318763964977418e-04 -2.1948389788290727e-04 -2.6757160866801320e-05 -4.2558704367727344e-03  0.0000000000000000e+00 -2.6856277008779323e+00
 347 -5.4547498868718085e-04 -2.0857851384613641e-04 -1.9152024412770806e-03 -3.7276038279193294e-03  0.0000000000000000e+00 -2.7129136165279228e+00
 348 -2.1386874431714530e-04  6.1418130624657738e-05 -3.4129509827664551e-03 -2.1575144776840179e-03  0.0000000000000000e+00 -2.7239111375775131e+00
 349  1.6920614263108886e-04  9.4303592798495995e-05 -4.0260425595642956e-03  6.3939621706478710e-05  0.0000000000000000e+00 -2.7149406117250146e+00
 350 -4.0112126848021986e-05 -6.2786152895036223e-05 -3.3409563566868259e-03  2.2655071716206291e-03  0.0000000000000000e+00 -2.7027846550112700e+00
 351 -5.4080937269910883e-04 -3.6788030218296128e-05 -1.7395008805199978e-03  3.7927975514944045e-03  0.0000000000000000e+00 -2.7077475596890812e+00
 352 -6.5949393013218659e-04  9.7780432096271350e-05  1.4020377703292410e-04  4.2724985126335801e-03  0.0000000000000000e+00 -2.7318297453144611e+00
 353 -2.6247017334003389e-04  9.1048382614404745e-05  2.0330409013546791e-03  3.6064929705422800e-03  0.0000000000000000e+00 -2.7585507313636968e+00
 354  1.8465484842975261e-04 -1.4275596304807106e-04  3.5486114509487372e-03  1.9696959285031438e-03  0.0000000000000000e+00 -2.7691228314510621e+00
 355  6.8662166424114725e-05 -3.2861429823869076e-04  3.9890524880553469e-03 -2.5627623160022104e-04  0.0000000000000000e+00 -2.7596510460757933e+00
 356 -4.8350473160317637e-04 -6.2195359865590232e-05  3.1971772976539530e-03 -2.4179215397428164e-03  0.0000000000000000e+00 -2.7476190137250232e+00
 357 -6.2727264642825273e-04  3.5862912946207519e-04  1.6531188875487017e-03 -3.8534920115979726e-03  0.0000000000000000e+00 -2.7537032709203317e+00
 358 -2.5198151928499876e-04  2.7338194766236774e-04 -2.7008391143091415e-04 -4.2035598525837466e-03  0.0000000000000000e+00 -2.7792972319697040e+00
 359  6.1005835897471103e-05 -2.5132221098412492e-04 -2.2455037254949760e-03 -3.4702445161573629e-03  0.0000000000000000e+00 -2.8075056672464442e+00
 360 -1.7553101176927621e-05 -4.9110165683807728e-04 -3.6368886753533822e-03 -1.8087349993538360e-03  0.0000000000000000e+00 -2.8162375094902941e+00
 361 -3.3280379831551662e-04 -1.5298931736101255e-04 -3.9495748717763169e-03  4.3578182387372152e-04  0.0000000000000000e+00 -2.8047218626726096e+00
 362 -4.1859213022999781e-04  3.7888469607120319e-04 -3.1569438827227718e-03  2.5583158597784080e-03  0.0000000000000000e+00 -2.7935234748482576e+00
 363 -1.8503431295350427e-04  4.1971019211169965e-04 -1.5355887434508233e-03  3.8904156116159366e-03  0.0000000000000000e+00 -2.8019078357607432e+00
 364 -8.7340813515911727e-05 -1.4999159013746744e-04  5.0944189135265511e-04  4.1726516121983019e-03  0.0000000000000000e+00 -2.8307588969166289e+00
 365 -2.6704769210383395e-04 -4.8217750971524161e-04  2.4043939651414107e-03  3.3937002254429594e-03  0.0000000000000000e+00 -2.8569973778652344e+00
 366 -3.4062857108918928e-04 -1.7399583227234951e-04  3.6766649398010361e-03  1.6419254223716134e-03  0.0000000000000000e+00 -2.8622134202578979e+00
 367 -1.3991749448017294e-04  2.5249819519357889e-04  3.9617302927931353e-03 -6.4445496594916585e-04  0.0000000000000000e+00 -2.8497538781982774e+00
 368 -3.1729829358015357e-05  3.0588776374165772e-04  3.0613680504929150e-03 -2.7179862825726028e-03  0.0000000000000000e+00 -2.8398682471624159e+00
 369 -2.2059303226157735e-04 -1.6716524190102271e-05  1.2928421537542365e-03 -3.9890695959593084e-03  0.0000000000000000e+00 -2.8517150116922383e+00
 370 -5.1341394648722746e-04 -2.5537600466494766e-04 -6.9540733620721158e-04 -4.2061716042277597e-03  0.0000000000000000e+00 -2.8797759114964747e+00
 371 -4.7773714728708032e-04 -9.8281488619519049e-05 -2.4844922425218152e-03 -3.2959573190282725e-03  0.0000000000000000e+00 -2.9030852589401333e+00
 372 -2.2968027060322181e-05  1.1193006698726333e-04 -3.7552036142005753e-03 -1.4438321145794377e-03  0.0000000000000000e+00 -2.9066213036777233e+00
 373  1.7389032376722544e-04  1.4452276380959776e-05 -3.9354158832463114e-03  8.5500050116767536e-04  0.0000000000000000e+00 -2.8940394396448399e+00
 374 -2.3884808712467783e-04 -8.9814915895854172e-05 -2.8564239932930800e-03  2.8866686555358021e-03  0.0000000000000000e+00 -2.8859713676783594e+00
 375 -6.5893706041326354e-04  2.8577222139340770e-05 -1.1131230130091748e-03  4.0851695176946073e-03  0.0000000000000000e+00 -2.8983686587311279e+00
 376 -5.5291190563068850e-04  1.3768926490539379e-04  7.9084598743227677e-04  4.1678664945618881e-03  0.0000000000000000e+00 -2.9256784528773605e+00
 377 -5.9496562402305845e-05  2.1097861533252438e-05  2.6294099483204080e-03  3.1413857828046345e-03  0.0000000000000000e+00 -2.9486881894713002e+00
 378  2.2265455113641309e-04 -2.6108861737735999e-04  3.8472371434063275e-03  1.2501215859929517e-03  0.0000000000000000e+00 -2.9518047202924973e+00
 379 -1.3394370821390305e-04 -2.9319500505509897e-04  3.8373391134969574e-03 -1.0367707492936350e-03  0.0000000000000000e+00 -2.9385908205431996e+00
 380 -6.1350000501594188e-04  1.2344559155645228e-04  2.7328850219223090e-03 -3.0132137451133454e-03  0.0000000000000000e+00 -2.9312333646117565e+00
 381 -5.0889959267635758e-04  4.1664349358332624e-04  1.0325015967346176e-03 -4.0982600576508262e-03  0.0000000000000000e+00 -2.9447967575544265e+00
 382 -9.5444184853424630e-05  9.2947720979346594e-05 -9.6802830994152666e-04 -4.0662991184481113e-03  0.0000000000000000e+00 -2.9740854522428015e+00
 383  6.8517999007713096e-05 -4.1521584718215719e-04 -2.8205341951759405e-03 -2.9989930923966903e-03  0.0000000000000000e+00 -2.9975510322371646e+00
 384 -1.4096967354095428e-04 -4.2286094705188039e-04 -3.8738322437497242e-03 -1.0805997977856867e-03  0.0000000000000000e+00 -2.9978840373342570e+00
 385 -4.0471941660071427e-04  6.3124548316306246e-05 -3.7956667191307949e-03  1.2131136462413023e-03  0.0000000000000000e+00 -2.9838360871670160e+00
 386 -3.3220693184357825e-04  4.8109369456957171e-04 -2.6824703875180907e-03  3.1228886807337141e-03  0.0000000000000000e+00 -2.9776782123021603e+00
 387 -1.0901869885237589e-04  2.4182701824563326e-04 -8.5621084228842644e-04  4.1068393896257216e-03  0.0000000000000000e+00 -2.9944972556370986e+00
 388 -1.4918231667324075e-04 -3.4703685026495258e-04  1.2025579252476343e-03  4.0287500431581743e-03  0.0000000000000000e+00 -3.0255346697540100e+00
 389 -3.4514545217676689e-04 -4.1663302083992377e-04  2.9236083624156481e-03  2.8943434991923721e-03  0.0000000000000000e+00 -3.0454542220166996e+00
 390 -2.7923307004502977e-04  1.1938032685487775e-05  3.9025293303681366e-03  8.8727297572987693e-04  0.0000000000000000e+00 -3.0432952383225964e+00
 391 -5.2114540132114805e-05  3.1824773726012271e-04  3.7857982766764452e-03 -1.4139427081384438e-03  0.0000000000000000e+00 -3.0288663102748830e+00
 392 -6.7877038360327421e-05  1.9879161920587242e-04  2.5199836081156854e-03 -3.2608204731785673e-03  0.0000000000000000e+00 -3.0252941499317378e+00
 393 -3.5203289240301672e-04 -1.3993598635828568e-04  6.0867975146711422e-04 -4.1917550266688747e-03  0.0000000000000000e+00 -3.0445047988286698e+00
 394 -5.7011823462658334e-04 -2.2056377927275709e-04 -1.3358436622383687e-03 -4.0210334451040155e-03  0.0000000000000000e+00 -3.0732371469934101e+00
 395 -3.3048797732329111e-04  1.0223392097765098e-05 -3.0007105122051266e-03 -2.7509369980241120e-03  0.0000000000000000e+00 -3.0908096415018766e+00
 396  1.3122763992343782e-04  9.5715586479290670e-05 -3.9675253618115334e-03 -6.7591306000791920e-04  0.0000000000000000e+00 -3.0873258956004559e+00
 397  7.4519288726843252e-05 -6.6598580888211449e-05 -3.6858446393943042e-03  1.6127449144961734e-03  0.0000000000000000e+00 -3.0737070330927785e+00
 398 -4.4334030091933559e-04 -6.4349808722090235e-05 -2.2997172831638771e-03  3.4087001098352374e-03  0.0000000000000000e+00 -3.0717216726699661e+00
 399 -6.8967338466763945e-04  1.0381937380644464e-04 -4.7527294394774755e-04  4.2437284001040580e-03  0.0000000000000000e+00 -3.0908027369202440e+00
 400 -3.8084784073118429e-04  1.3398665029628928e-04  1.4418011303055144e-03  3.9311696025439444e-03  0.0000000000000000e+00 -3.1190530435218737e+00
 401  1.0755159429462443e-04 -9.1942280469596774e-05  3.1569224630099190e-03  2.5755658000146662e-03  0.0000000000000000e+00 -3.1364162323357139e+00
 402  1.5458835011506031e-04 -3.4187020973684809e-04  3.9910561578863990e-03  4.8276747018047989e-04  0.0000000000000000e+00 -3.1323675839613911e+00
 403 -3.5274721334886938e-04 -1.7414188916960353e-04  3.5573230720132350e-03 -1.7794494267389606e-03  0.0000000000000000e+00 -3.1182965820006090e+00
 404 -6.4073657213067827e-04  2.9828660886404993e-04  2.2059087643299868e-03 -3.5012628179148294e-03  0.0000000000000000e+00 -3.1174363888392120e+00
 405 -3.4470284289306384e-04  3.7327606411732361e-04  3.7101111354043652e-04 -4.2093759309063299e-03  0.0000000000000000e+00 -3.1379490127499623e+00
 406  1.0686320380873678e-05 -1.2597276941688805e-04 -1.6538293575482854e-03 -3.8109479598211391e-03  0.0000000000000000e+00 -3.1682541998284814e+00
 407  1.0628377138916534e-05 -4.9818253297485881e-04 -3.2955555728550519e-03 -2.4272537742034634e-03  0.0000000000000000e+00 -3.1845568690707386e+00
 408 -2.6410263155485117e-04 -2.7317808824453397e-04 -3.9763984074329215e-03 -3.0462974439600881e-04  0.0000000000000000e+00 -3.1777296838732880e+00
 409 -4.0823185784353514e-04  2.6926296625688476e-04 -3.5222979200922166e-03  1.9435935207423177e-03  0.0000000000000000e+00 -3.1639066983514224e+00
 410 -2.2595903161362925e-04  4.7588490250142216e-04 -2.1206445287443860e-03  3.5754323006958045e-03  0.0000000000000000e+00 -3.1647859488748513e+00
 411 -9.0026785368040751e-05  8.5349905754807859e-06 -1.4567921900979257e-04  4.2013917494171955e-03  0.0000000000000000e+00 -3.1889759989628321e+00
 412 -2.4514048181654578e-04 -4.5269517845878651e-04  1.8495678554533829e-03  3.7612975715995483e-03  0.0000000000000000e+00 -3.2187288504922749e+00
 413 -3.7145922787765987e-04 -2.7314592881685831e-04  3.3570350851458565e-03  2.2877096996466997e-03  0.0000000000000000e+00 -3.2311485274081742e+00
 414 -1.7640545295457836e-04  1.6862315645760557e-04  4.0013445031978033e-03  9.5771255324993842e-05  0.0000000000000000e+00 -3.2227819877553112e+00
 415 -4.7586616606437570e-06  3.0884077161634163e-04  3.4675859439448962e-03 -2.1272719406667607e-03  0.0000000000000000e+00 -3.2093900287042341e+00
 416 -1.5965162961873667e-04  6.3770863267843407e-05  1.9004049007784170e-03 -3.6961268108421544e-03  0.0000000000000000e+00 -3.2136349359902066e+00
 417 -4.8096482080377251e-04 -2.0663647349415180e-04 -7.0507718514901596e-05 -4.2650828013098187e-03  0.0000000000000000e+00 -3.2383507567029834e+00
 418 -5.4733991186729921e-04 -1.3581164982129774e-04 -1.9443307839167397e-03 -3.7031838990103662e-03  0.0000000000000000e+00 -3.2652897384754414e+00
 419 -1.3663982657817397e-04  8.1035481205199872e-05 -3.4422990811888076e-03 -2.1094817041998701e-03  0.0000000000000000e+00 -3.2758968442097651e+00
 420  2.0190893844141764e-04  2.6118205047499555e-05 -4.0250407135020358e-03  1.1800023697418303e-04  0.0000000000000000e+00 -3.2668066599891228e+00
 421 -1.0510583379780962e-04 -1.1278846022251959e-04 -3.3002360631097204e-03  2.3102473990812278e-03  0.0000000000000000e+00 -3.2548161035933862e+00
 422 -6.0593063117880786e-04  4.1161160395274336e-06 -1.7015856170017403e-03  3.8167062081315281e-03  0.0000000000000000e+00 -3.2600905964056497e+00
 423 -6.2751462115829583e-04  1.6204068643698954e-04  1.7190901348270587e-04  4.2643736458403674e-03  0.0000000000000000e+00 -3.2843622592203277e+00
 424 -1.7937768293707954e-04  7.6620184073557078e-05  2.0790334760425223e-03  3.5720131899949314e-03  0.0000000000000000e+00 -3.3111571269160387e+00
 425  2.0096148766906156e-04 -2.2213669799002136e-04  3.5779238486067853e-03  1.9233378154178736e-03  0.0000000000000000e+00 -3.3215053377875425e+00
 426 -4.5320846371924351e-06 -3.5142075779701976e-04  3.9773081028840977e-03 -3.0528631179041216e-04  0.0000000000000000e+00 -3.3115698809299992e+00
 427 -5.2833434819913780e-04  5.0096122365151953e-06  3.1745579515965296e-03 -2.4568391281851853e-03  0.0000000000000000e+00 -3.2997433209023650e+00
 428 -5.6914286427767321e-04  4.1520350118914005e-04  1.6258455236713187e-03 -3.8668003937999788e-03  0.0000000000000000e+00 -3.3062668197475324e+00
 429 -1.7923317770266410e-04  2.3082947894643462e-04 -3.2151786636639980e-04 -4.1904789122970123e-03  0.0000000000000000e+00 -3.3324932699456076e+00
 430  4.9844275463884985e-05 -3.2949381151514868e-04 -2.2941634426056692e-03 -3.4432092209260258e-03  0.0000000000000000e+00 -3.3606644088766355e+00
 431 -9.1720198099403400e-05 -4.8296901853332210e-04 -3.6520484872825717e-03 -1.7657282833993459e-03  0.0000000000000000e+00 -3.3685317501509000e+00
 432 -3.5231797713323901e-04 -7.1573801321476229e-05 -3.9466599329849479e-03  4.8819832817193669e-04  0.0000000000000000e+00 -3.3567549523455504e+00
 433 -3.5026033893084359e-04  4.2106058946107382e-04 -3.1381823464796611e-03  2.5983922154920866e-03  0.0000000000000000e+00 -3.3457557693372841e+00
 434 -1.3857393859685569e-04  3.6004064708402775e-04 -1.4854653788783641e-03  3.9083201269448633e-03  0.0000000000000000e+00 -3.3549773084323640e+00
 435 -1.3143397453497290e-04 -2.1784798450813839e-04  5.6569039470315676e-04  4.1743160650849730e-03  0.0000000000000000e+00 -3.3841165670222360e+00
 436 -3.3925590803995703e-04 -4.4991039362015782e-04  2.4344112265235044e-03  3.3699862143775784e-03  0.0000000000000000e+00 -3.4095995721009960e+00
 437 -3.3040188550387896e-04 -9.4061882865088971e-05  3.6927397174131241e-03  1.5922794472478360e-03  0.0000000000000000e+00 -3.4142754573780909e+00
 438 -6.7700321402976857e-05  2.6604622033155658e-04  3.9599471808777478e-03 -6.9957348454989196e-04  0.0000000000000000e+00 -3.4015778960674030e+00
 439 -1.7408250220010520e-05  2.3529926996606416e-04  3.0197794712531144e-03 -2.7610567403285879e-03  0.0000000000000000e+00 -3.3922291299126890e+00
 440 -2.9031399607057243e-04 -6.1756103536629773e-05  1.2369354059350408e-03 -4.0149260053270698e-03  0.0000000000000000e+00 -3.4045141149108713e+00
 441 -5.7134398931071124e-04 -2.0723845547247224e-04 -7.3064795809091993e-04 -4.2035593590127769e-03  0.0000000000000000e+00 -3.4323559465153490e+00
 442 -4.3796472268180670e-04 -3.4667261988052819e-05 -2.5148596464003082e-03 -3.2610602778852115e-03  0.0000000000000000e+00 -3.4553339807626391e+00
 443  5.2493000480644001e-05  9.0824171519502590e-05 -3.7791756336667173e-03 -1.3919180275310038e-03  0.0000000000000000e+00 -3.4585224302275099e+00
 444  1.6450683997032236e-04 -6.2696930928847326e-05 -3.9173623536469361e-03  9.0707321124120519e-04  0.0000000000000000e+00 -3.4459470408785902e+00
 445 -3.2039378979909752e-04 -1.0310964111594257e-04 -2.8131785175466236e-03  2.9252362771472504e-03  0.0000000000000000e+00 -3.4380948204978483e+00
 446 -6.8951886243202615e-04  9.2897090716071172e-05 -1.0809742610651449e-03  4.0982441009980988e-03  0.0000000000000000e+00 -3.4507962985736644e+00
 447 -4.8684465653239703e-04  1.7856973277675828e-04  8.2786511122726026e-04  4.1485630032095742e-03  0.0000000000000000e+00 -3.4782777729088061e+00
 448  8.8133747214202904e-06 -3.0540938968982437e-05  2.6759036726633776e-03  3.1018068511456582e-03  0.0000000000000000e+00 -3.5013030311771436e+00
 449  1.9688990962707538e-04 -3.3175290178807747e-04  3.8610407832682997e-03  1.2020692592780143e-03  0.0000000000000000e+00 -3.5040217358784402e+00
 450 -2.1310083255703143e-04 -2.7391417595043548e-04  3.8188049498715303e-03 -1.0840146214170950e-03  0.0000000000000000e+00 -3.4905007925579969e+00
 451 -6.1591428490227176e-04  2.0215918610885732e-04  2.7112761342217521e-03 -3.0449580535287899e-03  0.0000000000000000e+00 -3.4835143904291326e+00
 452 -4.2927644734330576e-04  4.3775627860661009e-04  9.9695910014455818e-04 -4.1013520224009907e-03  0.0000000000000000e+00 -3.4975932610229923e+00
 453 -5.0359436851707488e-05  1.9538564769059480e-05 -1.0246311509673352e-03 -4.0484322802712682e-03  0.0000000000000000e+00 -3.5274403719672498e+00
 454  2.1390404590826188e-05 -4.6810535512970192e-04 -2.8574966506884204e-03 -2.9675054031255790e-03  0.0000000000000000e+00 -3.5504160313526558e+00
 455 -2.0724741552549723e-04 -3.7504862127821475e-04 -3.8806468165304628e-03 -1.0321915596301855e-03  0.0000000000000000e+00 -3.5499919993496052e+00
 456 -3.8254013848671586e-04  1.4310663831666636e-04 -3.7892329335555623e-03  1.2640627802838747e-03  0.0000000000000000e+00 -3.5358881582681021e+00
 457 -2.5761215719836300e-04  4.8215143866348986e-04 -2.6527591342771200e-03  3.1554981134225210e-03  0.0000000000000000e+00 -3.5301454545585149e+00
 458 -9.8769284743733287e-05  1.6056740527380738e-04 -7.9791568170705773e-04  4.1198066361921096e-03  0.0000000000000000e+00 -3.5478202287998353e+00
 459 -2.1892683716296296e-04 -3.7957416379093956e-04  1.2497809326683621e-03  4.0236358310233944e-03  0.0000000000000000e+00 -3.5786389667887701e+00
 460 -3.9365235511677971e-04 -3.5174606857850063e-04  2.9467552376606617e-03  2.8600147373509673e-03  0.0000000000000000e+00 -3.5978102364830096e+00
 461 -2.3139062258818431e-04  7.6254942447757454e-05  3.9154750678130814e-03  8.3301247614356636e-04  0.0000000000000000e+00 -3.5952050140974774e+00
 462  9.5855049988428195e-06  2.9093019675976745e-04  3.7708056880157376e-03 -1.4661829860254968e-03  0.0000000000000000e+00 -3.5807952052247671e+00
 463 -9.3005546095025179e-05  1.2271190388189334e-04  2.4673687618840725e-03 -3.2987017488236171e-03  0.0000000000000000e+00 -3.5778655218651729e+00
 464 -4.3232486975112305e-04 -1.4671982154991614e-04  5.5980647494677737e-04 -4.2092414021436273e-03  0.0000000000000000e+00 -3.5972380972527791e+00
 465 -5.9219178912414986e-04 -1.5180435338117839e-04 -1.3663516675164681e-03 -4.0058462037308312e-03  0.0000000000000000e+00 -3.6256944028892768e+00
 466 -2.6030821443555715e-04  4.6792649035108293e-05 -3.0329571485121611e-03 -2.7080029720464257e-03  0.0000000000000000e+00 -3.6429233852664962e+00
 467  1.8321506647983647e-04  3.8905640343399508e-05 -3.9797757791169260e-03 -6.2226289906268254e-04  0.0000000000000000e+00 -3.6392099782008205e+00
 468  2.5237285795677426e-05 -1.3013159854031992e-04 -3.6536870818229738e-03  1.6611746324078679e-03  0.0000000000000000e+00 -3.6256508601438062e+00
 469 -5.1933387168929764e-04 -3.8784625219395197e-05 -2.2599820214082526e-03  3.4396113999569191e-03  0.0000000000000000e+00 -3.6239572949951691e+00
 470 -6.7742879826614220e-04  1.7332454407785919e-04 -4.4508513478700985e-04  4.2448533437959750e-03  0.0000000000000000e+00 -3.6433059582831224e+00
 471 -2.9800117313702603e-04  1.3858924608142393e-04  1.4859202503562305e-03  3.9028614005880069e-03  0.0000000000000000e+00 -3.6717217068747514e+00
 472  1.4411572428430329e-04 -1.6748937911555901e-04  3.1966424837613703e-03  2.5325438040169797e-03  0.0000000000000000e+00 -3.6889770099505377e+00
 473  9.3865521338341363e-05 -3.8351855501726209e-04  3.9900324136088313e-03  4.3383372635707551e-04  0.0000000000000000e+00 -3.6843976492482913e+00
 474 -4.1414126648414121e-04 -1.1866850371594542e-04  3.5369623717838622e-03 -1.8233612605047581e-03  0.0000000000000000e+00 -3.6703147185310110e+00
 475 -6.0028446831138520e-04  3.6792204095620232e-04  2.1825422996568583e-03 -3.5239039357622239e-03  0.0000000000000000e+00 -3.6698699877833953e+00
 476 -2.6508199673056946e-04  3.5142628981953215e-04  3.2499150583876091e-04 -4.2038660638082813e-03  0.0000000000000000e+00 -3.6910240783382866e+00
 477  1.8107063671643463e-05 -2.0908791079645814e-04 -1.7084283618077163e-03 -3.7895226212239928e-03  0.0000000000000000e+00 -3.7215894475335629e+00
 478 -5.9304808537875805e-05 -5.1134687392292316e-04 -3.3198224029009002e-03 -2.3899240818968880e-03  0.0000000000000000e+00 -3.7370790116884050e+00
 479 -3.0232797091497501e-04 -1.9837426686392657e-04 -3.9782070725077508e-03 -2.5246244210931732e-04  0.0000000000000000e+00 -3.7297693162045302e+00
 480 -3.5162414805537171e-04  3.2812930547036366e-04 -3.5101074066355080e-03  1.9902289463142667e-03  0.0000000000000000e+00 -3.7160071101882526e+00
 481 -1.6681289588415285e-04  4.3476386210519773e-04 -2.0780618275687739e-03  3.6009192580666867e-03  0.0000000000000000e+00 -3.7175842249038600e+00
 482 -1.1834090885967805e-04 -6.9880169697263689e-05 -8.6262999805146478e-05  4.2099000954584293e-03  0.0000000000000000e+00 -3.7423589691599379e+00
 483 -3.2208260142109441e-04 -4.4184908803496540e-04  1.8861500265509932e-03  3.7468468121918718e-03  0.0000000000000000e+00 -3.7715171494688273e+00
 484 -3.8172286179284778e-04 -1.9362118617796464e-04  3.3765937837656398e-03  2.2440215590426296e-03  0.0000000000000000e+00 -3.7833219716626871e+00
 485 -1.0650227330860602e-04  2.0083417125433628e-04  4.0082194464700393e-03  3.9881117722024003e-05  0.0000000000000000e+00 -3.7745887761735442e+00
 486  2.7814812764950789e-05  2.4859728763335391e-04  3.4369074615232423e-03 -2.1752524647914899e-03  0.0000000000000000e+00 -3.7615249714988552e+00
 487 -2.1836892046117837e-04  4.5691450033517100e-06  1.8440165694956932e-03 -3.7282060090188598e-03  0.0000000000000000e+00 -3.7663184557086780e+00
 488 -5.5088308437350672e-04 -1.7477041962581083e-04 -1.1033303569532882e-04 -4.2718320112072224e-03  0.0000000000000000e+00 -3.7909754437256664e+00
 489 -5.2685360550640389e-04 -6.6324365549639912e-05 -1.9746898411674065e-03 -3.6762627080395766e-03  0.0000000000000000e+00 -3.8176410841398614e+00
 490 -5.6482003377848910e-05  7.9133112322270127e-05 -3.4732109668642033e-03 -2.0610180444912362e-03  0.0000000000000000e+00 -3.8279003343464431e+00
 491  2.1532694033877357e-04 -5.0015232527527840e-05 -4.0209774322124067e-03  1.7129739052380559e-04  0.0000000000000000e+00 -3.8187060193992011e+00
 492 -1.8092726082737153e-04 -1.4453245556524181e-04 -3.2606477949754459e-03  2.3536117001117609e-03  0.0000000000000000e+00 -3.8068227400641921e+00
 493 -6.5511899744514969e-04  6.0023748607365927e-05 -1.6677020668493640e-03  3.8381713002251217e-03  0.0000000000000000e+00 -3.8124404276122563e+00
 494 -5.7584695793827230e-04  2.1666699937076921e-04  2.0531462862060352e-04  4.2536862261789510e-03  0.0000000000000000e+00 -3.8369512228018530e+00
 495 -1.0124682977920279e-04  4.1564786874244227e-05  2.1276793215268958e-03  3.5373229846114231e-03  0.0000000000000000e+00 -3.8638796200168710e+00
 496  1.9665772547610192e-04 -3.0004653562080275e-04  3.6045559642814543e-03  1.8778727124196897e-03  0.0000000000000000e+00 -3.8739240565621591e+00
 497 -8.2775901743801407e-05 -3.5236135288873818e-04  3.9658796691930953e-03 -3.5407280482460326e-04  0.0000000000000000e+00 -3.8634911852411760e+00
 498 -5.5301840865579319e-04  8.1570501009878312e-05  3.1546738881749132e-03 -2.4954712140515924e-03  0.0000000000000000e+00 -3.8519148619611459e+00
 499 -4.9801810449326227e-04  4.5664283822180685e-04  1.5963011886672015e-03 -3.8793431973543025e-03  0.0000000000000000e+00 -3.8589013260132692e+00
 500 -1.1975880586460587e-04  1.7066733403731235e-04 -3.7615834879422861e-04 -4.1788910764902227e-03  0.0000000000000000e+00 -3.8858143543055137e+00
 501  1.8560805910663760e-05 -3.9781918880157392e-04 -2.3400176370934694e-03 -3.4178207017837464e-03  0.0000000000000000e+00 -3.9137850522519551e+00
 502 -1.6436934781023378e-04 -4.5352948962295285e-04 -3.6659674674842215e-03 -1.7218884736967227e-03  0.0000000000000000e+00 -3.9207798222059482e+00
 503 -3.5051825413871790e-04  1.1648355358151235e-05 -3.9449305473673608e-03  5.4148313202602666e-04  0.0000000000000000e+00 -3.9087798102870650e+00
 504 -2.7691943805923730e-04  4.4358819805043805e-04 -3.1166539676509408e-03  2.6386456742488033e-03  0.0000000000000000e+00 -3.8980036517744718e+00
 505 -1.1109452025666060e-04  2.8769728606748590e-04 -1.4315892533717724e-03  3.9280430415707260e-03  0.0000000000000000e+00 -3.9080974409868903e+00
 506 -1.9153098477388112e-04 -2.6999400588269962e-04  6.1916092732009625e-04  4.1771197768848108e-03  0.0000000000000000e+00 -3.9373523674705218e+00
 507 -4.0196118123190735e-04 -4.0019474574671642e-04  2.4623305097667336e-03  3.3445978447988588e-03  0.0000000000000000e+00 -3.9621072329260545e+00
 508 -2.9931286573822680e-04 -2.0509555744785802e-05  3.7101163392572541e-03  1.5416816905143276e-03  0.0000000000000000e+00 -3.9662818756246052e+00
 509  2.4387054141477556e-06  2.5761987806000145e-04  3.9561471416983416e-03 -7.5448766963474585e-04  0.0000000000000000e+00 -3.9533949459943409e+00
 510 -2.3809045886777304e-05  1.5944021340206000e-04  2.9748108076908825e-03 -2.8041322599864733e-03  0.0000000000000000e+00 -3.9445859359009035e+00
 511 -3.6843615339632042e-04 -8.7412687327069008e-05  1.1841618194484106e-03 -4.0397421324873013e-03  0.0000000000000000e+00 -3.9572049076037636e+00
 512 -6.1195121916323791e-04 -1.4699471735633192e-04 -7.6354894961750699e-04 -4.1979309053885028e-03  0.0000000000000000e+00 -3.9848735965909321e+00
