-3.00  2.20210  1.08534
-2.85  2.20123  1.08465
-2.70  2.20074  1.08396
-2.55  2.20056  1.08328
-2.40  2.20064  1.08260
-2.25  2.20091  1.08193
-2.10  2.20134  1.08127
-1.95  2.20188  1.08063
-1.80  2.20250  1.08000
-1.65  2.20318  1.07938
-1.50  2.20390  1.07878
-1.35  2.20464  1.07821
-1.20  2.20538  1.07765
-1.05  2.20613  1.07711
-0.90  2.20686  1.07660
-0.75  2.20758  1.07611
-0.60  2.20828  1.07564
-0.45  2.20896  1.07519
-0.30  2.20961  1.07477
-0.15  2.21024  1.07437
 0.00  2.21085  1.07399
 0.15  2.21143  1.07364
 0.30  2.21198  1.07330
 0.45  2.21251  1.07299
 0.60  2.21301  1.07270
 0.75  2.21349  1.07243
 0.90  2.21395  1.07217
 1.05  2.21439  1.07193
 1.20  2.21480  1.07171
 1.35  2.21520  1.07150
 1.50  2.21558  1.07131
 1.65  2.21593  1.07113
 1.80  2.21627  1.07095
 1.95  2.21659  1.07079
 2.10  2.21689  1.07064
 2.25  2.21718  1.07049
 2.40  2.21744  1.07035
 2.55  2.21769  1.07021
 2.70  2.21792  1.07007
 2.85  2.21813  1.06993
 3.00  2.21832  1.06980
