#     name              s    code  bx*ex  sqrt(bx*by)  dbx/dd*ex  bx*dex/dd  by*ex  dby/dd*ex by*dex/dd  ksix  ksiy  dbx/dd  bx/dd dex/dd
#                      [m]          [m]      [m]          [m]       [m]       [m]      [m]       [m]
#
   0 begin             0.00  0.0  -0.005     7.840       0.029    122.806   -0.001   -0.001     20.550   0.00   0.00  -114.507   2.430   6.408
   1 dh0g1a            4.65  0.0  -0.005    14.209       0.028    126.237   -0.003   -0.014     61.892   0.00   0.00  -109.057  53.433   6.221
   2 gs                4.65  0.0  -0.005    14.209       0.028    126.237   -0.003   -0.014     61.892   0.00   0.00  -109.057  53.433   6.221
   3 sh1               4.85  1.5  -0.005    14.662       0.028    126.690   -0.003   -0.014     65.493   0.00   0.00  -108.615  54.789   6.213
   4 dh1ag2a           4.94  0.0  -0.005    14.863       0.028    126.896   -0.003   -0.014     67.114   0.00   0.00  -108.412  55.358   6.209
   5 bpm               4.94  0.0  -0.005    14.863       0.028    126.896   -0.003   -0.014     67.114   0.00   0.00  -108.412  55.358   6.209
   6 dbpm              5.03  0.0  -0.005    15.065       0.028    127.106   -0.003   -0.014     68.763   0.00   0.00  -108.207  55.915   6.206
   7 qh1sp01           5.28 -1.0  -0.006    15.655       0.030    136.156   -0.003   -0.015     72.103   0.29  -0.16  -113.206  55.507   6.329
   8 dh2ag2a           5.43  0.0  -0.006    16.030       0.032    147.786   -0.003   -0.015     73.278   0.29  -0.16  -120.083  54.006   6.492
   9 sq1hsp01          5.53  0.0  -0.006    16.269       0.034    155.511   -0.003   -0.015     74.024   0.29  -0.16  -124.551  53.044   6.595
  10 chv               5.53  0.0  -0.006    16.269       0.034    155.511   -0.003   -0.015     74.024   0.29  -0.16  -124.551  53.044   6.595
  11 sq1hsp01          5.63  0.0  -0.007    16.507       0.036    163.505   -0.003   -0.014     74.769   0.29  -0.16  -129.098  52.074   6.698
  12 dh2bg2a           5.79  0.0  -0.007    16.882       0.039    176.656   -0.003   -0.014     75.944   0.29  -0.16  -136.418  50.532   6.861
  13 sh2               5.99  0.0  -0.008    17.360       0.043    194.366   -0.003   -0.014     77.441   0.29  -0.16  -145.994  48.547   7.067
  14 dh2cg2a           6.14  0.0  -0.009    17.719       0.046    208.411   -0.003   -0.014     78.572   0.29  -0.16  -153.383  47.038   7.222
  15 qh2sp01           6.54  1.0  -0.007    18.584       0.035    167.452   -0.004   -0.015     92.170  -1.02   0.57  -126.603  52.358   6.685
  16 dh3ag2a           6.73  0.0  -0.005    18.598       0.024    121.420   -0.004   -0.015    102.202  -1.02   0.57  -96.260  59.665   5.990
  17 sh3               6.93 -1.5  -0.003    18.164       0.015     83.029   -0.005   -0.015    109.850  -1.02   0.57  -68.566  67.641   5.258
  18 dh3bg2a           7.13  0.0  -0.002    17.297       0.009     54.376   -0.005   -0.014    113.624  -1.02   0.57  -45.753  75.699   4.544
  19 qh3sp01           7.38 -1.0  -0.001    15.710       0.004     34.670   -0.005   -0.013    107.039  -0.69  -0.45  -27.239  80.289   3.878
  20 dh4ag2a           7.46  0.0  -0.001    15.133       0.004     31.119   -0.004   -0.013    102.207  -0.69  -0.45  -23.121  79.771   3.727
  21 bpm               7.46  0.0  -0.001    15.133       0.004     31.119   -0.004   -0.013    102.207  -0.69  -0.45  -23.121  79.771   3.727
  22 dbpm              7.55  0.0  -0.001    14.562       0.003     27.824   -0.004   -0.012     97.434  -0.69  -0.45  -19.224  79.252   3.576
  23 sh4               7.75 -1.5  -0.001    13.276       0.002     21.205   -0.004   -0.011     86.736  -0.69  -0.45  -11.147  78.064   3.230
  24 dh4bg2a           8.00  0.0  -0.001    11.721       0.000     14.600   -0.003   -0.009     73.853  -0.69  -0.45  -2.721  76.582   2.802
  25 dfch              8.15  0.0  -0.000    10.808      -0.000     11.392   -0.003   -0.008     66.290  -0.69  -0.45   1.502  75.683   2.543
  26 chv               8.15  0.0  -0.000    10.808      -0.000     11.392   -0.003   -0.008     66.290  -0.69  -0.45   1.502  75.683   2.543
  27 dfch              8.30  0.0  -0.000     9.916      -0.001      8.710   -0.003   -0.007     58.885  -0.69  -0.45   5.075  74.782   2.284
  28 ge                8.30  0.0  -0.000     9.916      -0.001      8.710   -0.003   -0.007     58.885  -0.69  -0.45   5.075  74.782   2.284
  29 dh4cg3a           8.33  0.0  -0.000     9.732      -0.001      8.209   -0.002   -0.007     57.349  -0.69  -0.45   5.743  74.592   2.229
  30 gs                8.33  0.0  -0.000     9.732      -0.001      8.209   -0.002   -0.007     57.349  -0.69  -0.45   5.743  74.592   2.229
  31 b1sp01           10.95  0.5   0.366     7.486      -5.309     -6.888    2.881    7.934    -54.221  -0.69  -0.45  -38.715  57.848  -2.581
  32 dm1ag3a          11.32  0.0   0.717     9.130     -10.634    -13.450    3.579    9.718    -67.140  -0.69  -0.45  -60.620  55.394  -3.291
  33 dfch             11.47  0.0   0.914     9.816     -13.522    -17.127    3.853   10.396    -72.223  -0.69  -0.45  -70.737  54.382  -3.583
  34 chv              11.47  0.0   0.914     9.816     -13.522    -17.127    3.853   10.396    -72.223  -0.69  -0.45  -70.737  54.382  -3.583
  35 sm3              11.47  0.0   0.914     9.816     -13.522    -17.127    3.853   10.396    -72.223  -0.69  -0.45  -70.737  54.382  -3.583
  36 dfch             11.62  0.0   1.146    10.503     -16.863    -21.458    4.121   11.041    -77.179  -0.69  -0.45  -81.505  53.367  -3.875
  37 dm1bg3a          11.93  0.0   1.750    11.920     -25.333    -32.727    4.654   12.273    -87.032  -0.69  -0.45  -105.815  51.263  -4.477
  38 ge               11.93  0.0   1.750    11.920     -25.333    -32.727    4.654   12.273    -87.032  -0.69  -0.45  -105.815  51.263  -4.477
  39 gs               11.93  0.0   1.750    11.920     -25.333    -32.727    4.654   12.273    -87.032  -0.69  -0.45  -105.815  51.263  -4.477
  40 qm1sp01          12.18 -1.0   2.556    13.023     -36.578    -47.888    4.917   13.048    -92.125  -0.53  -0.75  -134.363  47.930  -5.100
  41 dm2ag4a          12.38  0.0   3.548    13.775     -50.447    -66.681    4.942   13.400    -92.870  -0.53  -0.75  -165.940  44.079  -5.713
  42 sm1a             12.58 -1.5   4.772    14.380     -66.660    -89.514    4.886   12.704    -91.651  -0.53  -0.75  -198.521  37.833  -6.299
  43 dm2bg4a          13.16  0.0   9.878    15.299    -128.770   -182.756    4.347    6.766    -80.422  -0.53  -0.75  -300.632  15.796  -7.925
  44 bpm              13.16  0.0   9.878    15.299    -128.770   -182.756    4.347    6.766    -80.422  -0.53  -0.75  -300.632  15.796  -7.925
  45 dbpm             13.25  0.0  10.870    15.329    -140.500   -200.780    4.228    5.751    -78.097  -0.53  -0.75  -317.707  13.005  -8.169
  46 qm2sp01          13.50  1.0  12.409    15.325    -155.744   -227.202    4.044    2.642    -74.041  -1.28  -0.51  -336.936   5.715  -8.464
  47 dm2cg4a          13.70  0.0  12.407    15.315    -151.215   -224.754    4.039   -0.014    -73.166  -1.28  -0.51  -327.136  -0.031  -8.373
  48 sm2              13.95  1.5  12.407    15.315    -155.542   -226.734    4.039   -0.087    -73.809  -1.28  -0.51  -336.496  -0.188  -8.447
  49 dm2cg4b          14.15  0.0  12.409    15.324    -166.994   -232.351    4.044    2.454    -75.716  -1.28  -0.51  -361.271   5.308  -8.655
  50 qm2sp01          14.40  1.0  10.870    15.329    -158.158   -208.864    4.228    5.409    -81.236  -1.96  -0.25  -357.632  12.231  -8.497
  51 dm2bg4b          14.92  0.0   5.856    14.736    -101.041   -118.959    4.796   10.698    -97.416  -1.96  -0.25  -280.960  29.747  -7.305
  52 sm1b             15.12 -1.5   4.444    14.242     -80.720    -91.749    4.907   10.262   -101.315  -1.96  -0.25  -246.208  31.301  -6.769
  53 dm2ag4b          15.38  0.0   2.964    13.370     -56.234    -61.843    4.939    6.975   -103.048  -1.96  -0.25  -196.518  24.374  -5.971
  54 bpm              15.38  0.0   2.964    13.370     -56.234    -61.843    4.939    6.975   -103.048  -1.96  -0.25  -196.518  24.374  -5.971
  55 dbpm             15.46  0.0   2.557    13.023     -49.307    -53.567    4.917    5.928   -103.030  -1.96  -0.25  -181.109  21.776  -5.704
  56 qm1sp01          15.71 -1.0   1.750    11.920     -35.664    -37.303    4.654    3.281    -99.175  -1.84  -0.57  -148.954  13.703  -5.102
  57 dm1eg4b          15.93  0.0   1.304    10.918     -28.082    -28.379    4.279    1.395    -93.108  -1.84  -0.57  -129.769   6.447  -4.708
  58 dfch             16.08  0.0   1.050    10.231     -23.507    -23.218    4.016    0.283    -88.831  -1.84  -0.57  -117.146   1.411  -4.439
  59 sm3              16.08  0.0   1.050    10.231     -23.507    -23.218    4.016    0.283    -88.831  -1.84  -0.57  -117.146   1.411  -4.439
  60 chv              16.08  0.0   1.050    10.231     -23.507    -23.218    4.016    0.283    -88.831  -1.84  -0.57  -117.146   1.411  -4.439
  61 dfch             16.23  0.0   0.832     9.544     -19.402    -18.755    3.745   -0.682    -84.441  -1.84  -0.57  -104.911  -3.690  -4.170
  62 ge               16.23  0.0   0.832     9.544     -19.402    -18.755    3.745   -0.682    -84.441  -1.84  -0.57  -104.911  -3.690  -4.170
  63 gs               16.23  0.0   0.832     9.544     -19.402    -18.755    3.745   -0.682    -84.441  -1.84  -0.57  -104.911  -3.690  -4.170
  64 dm1dg5b          16.29  0.0   0.760     9.291     -18.001    -17.273    3.644   -1.001    -82.791  -1.84  -0.57  -100.491  -5.590  -4.070
  65 dpwg5b           16.49  0.0   0.538     8.382     -13.439    -12.615    3.269   -1.981    -76.702  -1.84  -0.57  -84.977  -12.525  -3.711
  66 dm1cg5b          16.69  0.0   0.366     7.488      -9.624     -8.948    2.881   -2.685    -70.399  -1.84  -0.57  -70.156  -19.575  -3.352
  67 b1sp01           19.31  0.5  -0.000     9.728      -0.002      3.697   -0.001    0.003     25.838  -1.84  -0.57  59.917  -121.624   1.005
  68 ge               19.31  0.0  -0.000     9.728      -0.002      3.697   -0.001    0.003     25.838  -1.84  -0.57  59.917  -121.624   1.005
  69 dl4bg6b          19.53  0.0  -0.000    11.022      -0.002      6.251   -0.001    0.005     35.144  -1.84  -0.57  65.408  -130.813   1.345
  70 gs               19.53  0.0  -0.000    11.022      -0.002      6.251   -0.001    0.005     35.144  -1.84  -0.57  65.408  -130.813   1.345
  71 dfch             19.68  0.0  -0.000    11.940      -0.003      8.517   -0.001    0.006     41.725  -1.84  -0.57  68.712  -137.213   1.579
  72 chv              19.68  0.0  -0.000    11.940      -0.003      8.517   -0.001    0.006     41.725  -1.84  -0.57  68.712  -137.213   1.579
  73 dfch             19.83  0.0  -0.000    12.877      -0.004     11.251   -0.001    0.008     48.448  -1.84  -0.57  71.626  -143.669   1.813
  74 dl4ag6b          19.91  0.0  -0.000    13.398      -0.004     12.963   -0.002    0.009     52.194  -1.84  -0.57  73.058  -147.231   1.941
  75 ql3sp01          20.16 -1.0  -0.001    14.949      -0.006     21.863   -0.002    0.011     60.448  -1.56  -1.33  83.401  -141.361   2.432
  76 dbpm             20.25  0.0  -0.001    15.417      -0.007     26.906   -0.002    0.011     61.631  -1.56  -1.33  89.387  -133.731   2.641
  77 bpm              20.25  0.0  -0.001    15.417      -0.007     26.906   -0.002    0.011     61.631  -1.56  -1.33  89.387  -133.731   2.641
  78 dl3bg6b          20.33  0.0  -0.001    15.827      -0.009     32.668   -0.002    0.011     62.315  -1.56  -1.33  95.429  -126.307   2.851
  79 sl3              20.53 -1.5  -0.002    16.542      -0.012     48.795   -0.002    0.012     62.169  -1.56  -1.33  109.448  -110.104   3.330
  80 dl3ag6b          21.15  0.0  -0.004    16.809      -0.024    129.308   -0.002    0.011     50.312  -1.56  -1.33  154.282  -67.082   4.799
  81 ql2sp01          21.55  1.0  -0.004    15.842      -0.024    135.434   -0.002    0.011     45.563  -3.30  -0.75  143.299  -66.004   4.959
  82 dl2cg6b          21.80  0.0  -0.003    15.114      -0.017    101.177   -0.002    0.012     46.838  -3.30  -0.75  113.936  -80.362   4.555
  83 sl2              22.00  1.5  -0.003    14.409      -0.013     78.357   -0.002    0.013     47.448  -3.30  -0.75  92.822  -92.631   4.232
  84 dl2bg6b          22.14  0.0  -0.002    13.860      -0.011     64.845   -0.002    0.014     47.630  -3.30  -0.75  79.530  -101.469   4.010
  85 dsch             22.24  0.0  -0.002    13.429      -0.009     56.060   -0.002    0.014     47.631  -3.30  -0.75  70.489  -108.102   3.848
  86 chv              22.24  0.0  -0.002    13.429      -0.009     56.060   -0.002    0.014     47.631  -3.30  -0.75  70.489  -108.102   3.848
  87 dsch             22.34  0.0  -0.002    12.969      -0.008     48.107   -0.002    0.014     47.514  -3.30  -0.75  61.974  -114.909   3.687
  88 dl2ag6b          22.47  0.0  -0.001    12.291      -0.006     38.455   -0.002    0.015     47.152  -3.30  -0.75  51.126  -124.551   3.464
  89 ql1sp01          22.72 -1.0  -0.001    10.992      -0.004     29.205   -0.001    0.014     43.606  -2.98  -1.22  37.397  -126.836   3.247
  90 dl1ag6b          22.81  0.0  -0.001    10.550      -0.004     28.013   -0.001    0.014     41.560  -2.98  -1.22  34.118  -122.178   3.234
  91 bpm              22.81  0.0  -0.001    10.550      -0.004     28.013   -0.001    0.014     41.560  -2.98  -1.22  34.118  -122.178   3.234
  92 dbpm             22.90  0.0  -0.001    10.119      -0.003     26.856   -0.001    0.013     39.575  -2.98  -1.22  30.928  -117.595   3.222
  93 sl1              23.10 -1.5  -0.001     9.174      -0.003     24.338   -0.001    0.012     35.257  -2.98  -1.22  23.964  -107.404   3.193
  94 ge               23.10  0.0  -0.001     9.174      -0.003     24.338   -0.001    0.012     35.257  -2.98  -1.22  23.964  -107.404   3.193
  95 gs               23.10  0.0  -0.001     9.174      -0.003     24.338   -0.001    0.012     35.257  -2.98  -1.22  23.964  -107.404   3.193
  96 dl0g1a           26.40  0.0  -0.000     1.444       0.003      5.184   -0.000   -0.000      2.980  -2.98  -1.22  -24.637   3.730   2.722
  97 dl0g1a           29.70  0.0  -0.001     9.174      -0.006     17.152   -0.001   -0.001     24.847  -2.98  -1.22  51.795   7.307   2.250
  98 ge               29.70  0.0  -0.001     9.174      -0.006     17.152   -0.001   -0.001     24.847  -2.98  -1.22  51.795   7.307   2.250
  99 gs               29.70  0.0  -0.001     9.174      -0.006     17.152   -0.001   -0.001     24.847  -2.98  -1.22  51.795   7.307   2.250
 100 sl1              29.90 -1.5  -0.001    10.119      -0.007     18.520   -0.001   -0.000     27.291  -2.98  -1.22  60.445   4.068   2.222
 101 dl1ag2a          29.99  0.0  -0.001    10.550      -0.007     19.135   -0.001   -0.000     28.389  -2.98  -1.22  64.374   2.527   2.209
 102 bpm              29.99  0.0  -0.001    10.550      -0.007     19.135   -0.001   -0.000     28.389  -2.98  -1.22  64.374   2.527   2.209
 103 dbpm             30.07  0.0  -0.001    10.992      -0.008     19.760   -0.001   -0.000     29.504  -2.98  -1.22  68.390   0.910   2.197
 104 ql1sp01          30.32 -1.0  -0.001    12.291      -0.010     25.342   -0.002    0.000     31.073  -2.59  -1.70  87.947  -2.369   2.283
 105 dl2ag2a          30.46  0.0  -0.002    12.969      -0.013     31.300   -0.002    0.000     30.914  -2.59  -1.70  104.475  -3.213   2.399
 106 dsch             30.56  0.0  -0.002    13.429      -0.015     36.167   -0.002    0.000     30.729  -2.59  -1.70  117.365  -3.799   2.483
 107 chv              30.56  0.0  -0.002    13.429      -0.015     36.167   -0.002    0.000     30.729  -2.59  -1.70  117.365  -3.799   2.483
 108 dsch             30.66  0.0  -0.002    13.860      -0.018     41.508   -0.002    0.001     30.488  -2.59  -1.70  130.989  -4.361   2.567
 109 dl2bg2a          30.80  0.0  -0.003    14.409      -0.021     49.663   -0.002    0.001     30.073  -2.59  -1.70  150.919  -5.094   2.682
 110 sl2              31.00  1.5  -0.003    15.114      -0.028     63.311   -0.002    0.001     29.308  -2.59  -1.70  182.385  -6.083   2.850
 111 dl2cg2a          31.25  0.0  -0.004    15.842      -0.037     83.581   -0.002    0.001     28.119  -2.59  -1.70  225.848  -7.187   3.060
 112 ql2sp01          31.65  1.0  -0.004    16.809      -0.037     78.198   -0.002    0.002     30.426  -4.31  -1.03  233.479  -14.760   2.902
 113 dl3ag2a          32.26  0.0  -0.002    16.542      -0.016     28.051   -0.002    0.005     35.739  -4.31  -1.03  149.701  -44.527   1.914
 114 sl3              32.46 -1.5  -0.001    15.827      -0.011     18.244   -0.002    0.005     34.801  -4.31  -1.03  125.757  -56.918   1.592
 115 dl3bg2a          32.55  0.0  -0.001    15.417      -0.010     14.783   -0.002    0.005     33.862  -4.31  -1.03  115.802  -62.754   1.451
 116 bpm              32.55  0.0  -0.001    15.417      -0.010     14.783   -0.002    0.005     33.862  -4.31  -1.03  115.802  -62.754   1.451
 117 dbpm             32.64  0.0  -0.001    14.949      -0.008     11.780   -0.002    0.005     32.572  -4.31  -1.03  106.163  -68.843   1.310
 118 ql3sp01          32.89 -1.0  -0.000    13.398      -0.005      6.442   -0.002    0.005     25.939  -4.10  -1.86  88.451  -77.578   0.965
 119 dl4ag2a          33.17  0.0  -0.000    11.635      -0.003      3.256   -0.001    0.003     16.677  -4.10  -1.86  77.719  -76.473   0.633
 120 dfch             33.32  0.0  -0.000    10.724      -0.003      2.018   -0.001    0.003     11.897  -4.10  -1.86  71.814  -75.884   0.457
 121 chv              33.32  0.0  -0.000    10.724      -0.003      2.018   -0.001    0.003     11.897  -4.10  -1.86  71.814  -75.884   0.457
 122 dfch             33.47  0.0  -0.000     9.835      -0.002      1.053   -0.001    0.002      7.221  -4.10  -1.86  65.776  -75.296   0.280
 123 ge               33.47  0.0  -0.000     9.835      -0.002      1.053   -0.001    0.002      7.221  -4.10  -1.86  65.776  -75.296   0.280
 124 dl4bg3a          33.49  0.0  -0.000     9.728      -0.002      0.952   -0.001    0.002      6.657  -4.10  -1.86  65.030  -75.225   0.259
 125 gs               33.49  0.0  -0.000     9.728      -0.002      0.952   -0.001    0.002      6.657  -4.10  -1.86  65.030  -75.225   0.259
 126 b1sp01           36.11  0.5   0.366     7.488      -8.483     -8.276    2.881   -8.777    -65.111  -4.10  -1.86  -61.836  -63.981  -3.100
 127 dm1ag3a          36.47  0.0   0.717     9.131     -14.519    -14.746    3.579  -10.932    -73.582  -4.10  -1.86  -82.747  -62.307  -3.607
 128 sq2hsp01         36.62  0.0   0.914     9.817     -17.507    -18.245    3.854  -11.781    -76.910  -4.10  -1.86  -91.569  -61.621  -3.816
 129 chv              36.62  0.0   0.914     9.817     -17.507    -18.245    3.854  -11.781    -76.910  -4.10  -1.86  -91.569  -61.621  -3.816
 130 sm3              36.62  0.0   0.914     9.817     -17.507    -18.245    3.854  -11.781    -76.910  -4.10  -1.86  -91.569  -61.621  -3.816
 131 sq2hsp01         36.77  0.0   1.146    10.504     -20.800    -22.292    4.121  -12.609    -80.152  -4.10  -1.86  -100.523  -60.937  -4.024
 132 dm1bg3a          37.08  0.0   1.750    11.920     -28.599    -32.568    4.654  -14.253    -86.588  -4.10  -1.86  -119.449  -59.528  -4.455
 133 ge               37.08  0.0   1.750    11.920     -28.599    -32.568    4.654  -14.253    -86.588  -4.10  -1.86  -119.449  -59.528  -4.455
 134 gs               37.08  0.0   1.750    11.920     -28.599    -32.568    4.654  -14.253    -86.588  -4.10  -1.86  -119.449  -59.528  -4.455
 135 qm1sp01          37.33 -1.0   2.557    13.023     -38.818    -46.363    4.917  -14.798    -89.173  -3.95  -2.16  -142.582  -54.355  -4.937
 136 dm2a2g4b         37.53  0.0   3.549    13.775     -51.345    -63.442    4.942  -14.409    -88.344  -3.95  -2.16  -168.885  -47.395  -5.435
 137 sm1a             37.73 -1.5   4.772    14.380     -65.449    -83.936    4.886  -14.575    -85.928  -3.95  -2.16  -194.907  -43.405  -5.906
 138 dm2b2g4b         38.31  0.0   9.879    15.299    -115.901   -165.979    4.347  -16.666    -73.034  -3.95  -2.16  -270.583  -38.908  -7.197
 139 bpm              38.31  0.0   9.879    15.299    -115.901   -165.979    4.347  -16.666    -73.034  -3.95  -2.16  -270.583  -38.908  -7.197
 140 dbpm             38.40  0.0  10.870    15.329    -125.040   -181.662    4.228  -16.865    -70.656  -3.95  -2.16  -282.744  -38.135  -7.391
 141 qm2sp01          38.65  1.0  12.409    15.324    -134.230   -203.422    4.044  -18.424    -66.289  -4.69  -1.92  -290.389  -39.858  -7.578
 142 dm2cg4a          38.85  0.0  12.407    15.315    -126.706   -199.459    4.039  -20.541    -64.930  -4.69  -1.92  -274.112  -44.439  -7.431
 143 sm2              39.10  1.5  12.407    15.315    -127.293   -199.541    4.039  -19.910    -64.958  -4.69  -1.92  -275.385  -43.074  -7.434
 144 dm2cg4b          39.30  0.0  12.409    15.325    -135.758   -203.635    4.044  -16.783    -66.361  -4.69  -1.92  -293.698  -36.309  -7.586
 145 qm2sp01          39.55  1.0  10.870    15.329    -127.439   -181.996    4.228  -13.875    -70.791  -5.37  -1.65  -288.172  -31.376  -7.405
 146 dm2b2g4a         40.07  0.0   5.856    14.736     -79.622   -101.981    4.796   -9.466    -83.523  -5.37  -1.65  -221.410  -26.323  -6.263
 147 sm1b             40.27 -1.5   4.443    14.242     -62.572    -77.881    4.907   -9.796    -86.014  -5.37  -1.65  -190.860  -29.880  -5.747
 148 dm2a2g4a         40.53  0.0   2.963    13.370     -42.066    -51.509    4.939  -12.528    -85.844  -5.37  -1.65  -147.015  -43.783  -4.973
 149 bpm              40.53  0.0   2.963    13.370     -42.066    -51.509    4.939  -12.528    -85.844  -5.37  -1.65  -147.015  -43.783  -4.973
 150 dbpm             40.62  0.0   2.556    13.023     -36.381    -44.278    4.917  -13.278    -85.180  -5.37  -1.65  -133.637  -48.774  -4.716
 151 qm1sp01          40.87 -1.0   1.750    11.920     -25.177    -30.058    4.654  -14.353    -79.933  -5.25  -1.98  -105.165  -59.953  -4.112
 152 dm1eg4b          41.09  0.0   1.304    10.917     -18.976    -22.258    4.279  -14.389    -73.046  -5.25  -1.98  -87.698  -66.500  -3.693
 153 dfch             41.24  0.0   1.049    10.230     -15.363    -17.818    4.016  -14.251    -68.194  -5.25  -1.98  -76.570  -71.028  -3.407
 154 sm3              41.24  0.0   1.049    10.230     -15.363    -17.818    4.016  -14.251    -68.194  -5.25  -1.98  -76.570  -71.028  -3.407
 155 chv              41.24  0.0   1.049    10.230     -15.363    -17.818    4.016  -14.251    -68.194  -5.25  -1.98  -76.570  -71.028  -3.407
 156 dfch             41.39  0.0   0.832     9.543     -12.221    -14.036    3.745  -13.980    -63.219  -5.25  -1.98  -66.095  -75.602  -3.121
 157 ge               41.39  0.0   0.832     9.543     -12.221    -14.036    3.745  -13.980    -63.219  -5.25  -1.98  -66.095  -75.602  -3.121
 158 gs               41.39  0.0   0.832     9.543     -12.221    -14.036    3.745  -13.980    -63.219  -5.25  -1.98  -66.095  -75.602  -3.121
 159 dm1dg5b          41.45  0.0   0.760     9.290     -11.174    -12.795    3.643  -13.845    -61.349  -5.25  -1.98  -62.390  -77.303  -3.016
 160 dpwg5b           41.65  0.0   0.537     8.381      -7.868     -8.952    3.268  -13.202    -54.454  -5.25  -1.98  -49.758  -83.495  -2.634
 161 dm1cg5b          41.85  0.0   0.366     7.486      -5.251     -6.012    2.881  -12.311    -47.323  -5.25  -1.98  -38.285  -89.767  -2.253
 162 b1sp01           44.47  0.5  -0.000     9.732      -0.000      9.416   -0.002    0.017     65.784  -5.25  -1.98   5.067  -177.739   2.557
 163 ge               44.47  0.0  -0.000     9.732      -0.000      9.416   -0.002    0.017     65.784  -5.25  -1.98   5.067  -177.739   2.557
 164 dh4cg6b          44.67  0.0  -0.001    10.936      -0.000     13.326   -0.003    0.020     75.966  -5.25  -1.98   0.147  -184.915   2.909
 165 gs               44.67  0.0  -0.001    10.936      -0.000     13.326   -0.003    0.020     75.966  -5.25  -1.98   0.147  -184.915   2.909
 166 dfch             44.82  0.0  -0.001    11.852       0.001     16.863   -0.003    0.023     83.683  -5.25  -1.98  -4.258  -190.267   3.170
 167 chv              44.82  0.0  -0.001    11.852       0.001     16.863   -0.003    0.023     83.683  -5.25  -1.98  -4.258  -190.267   3.170
 168 dfch             44.97  0.0  -0.001    12.788       0.001     21.008   -0.004    0.026     91.563  -5.25  -1.98  -9.315  -195.658   3.430
 169 dh4bg6b          45.05  0.0  -0.001    13.276       0.002     23.392   -0.004    0.027     95.679  -5.25  -1.98  -12.170  -198.446   3.564
 170 sh4              45.25 -1.5  -0.001    14.562       0.003     30.430   -0.004    0.031    106.558  -5.25  -1.98  -20.375  -205.719   3.911
 171 dh4ag6b          45.33  0.0  -0.001    15.133       0.004     33.922   -0.004    0.033    111.413  -5.25  -1.98  -24.329  -208.922   4.062
 172 bpm              45.33  0.0  -0.001    15.133       0.004     33.922   -0.004    0.033    111.413  -5.25  -1.98  -24.329  -208.922   4.062
 173 dbpm             45.42  0.0  -0.001    15.710       0.005     37.678   -0.005    0.035    116.325  -5.25  -1.98  -28.506  -212.138   4.214
 174 qh3sp01          45.67 -1.0  -0.002    17.297       0.009     58.664   -0.005    0.037    122.584  -4.81  -2.90  -47.357  -194.066   4.903
 175 dh3bg6b          45.87  0.0  -0.003    18.164       0.016     89.207   -0.005    0.036    118.023  -4.81  -2.90  -70.610  -161.438   5.649
 176 sh3              46.07 -1.5  -0.005    18.598       0.025    130.033   -0.004    0.033    109.452  -4.81  -2.90  -98.811  -131.067   6.415
 177 dh3ag6b          46.26  0.0  -0.007    18.584       0.036    178.896   -0.004    0.029     98.469  -4.81  -2.90  -129.684  -105.115   7.142
 178 qh2sp01          46.66  1.0  -0.009    17.719       0.047    221.753   -0.003    0.025     83.601  -6.32  -2.33  -156.795  -84.103   7.684
 179 dh2cg6b          46.81  0.0  -0.008    17.360       0.044    206.496   -0.003    0.025     82.275  -6.32  -2.33  -149.196  -86.161   7.508
 180 sh2              47.01  0.0  -0.007    16.882       0.040    187.283   -0.003    0.025     80.512  -6.32  -2.33  -139.348  -88.888   7.274
 181 dh2bg6b          47.19  0.0  -0.007    16.447       0.036    170.844   -0.003    0.025     78.907  -6.32  -2.33  -130.646  -91.358   7.059
 182 dsch             47.29  0.0  -0.006    16.209       0.034    162.267   -0.003    0.025     78.027  -6.32  -2.33  -125.993  -92.705   6.942
 183 chv              47.29  0.0  -0.006    16.209       0.034    162.267   -0.003    0.025     78.027  -6.32  -2.33  -125.993  -92.705   6.942
 184 dsch             47.39  0.0  -0.006    15.971       0.033    153.987   -0.003    0.025     77.145  -6.32  -2.33  -121.421  -94.046   6.825
 185 dh2ag6b          47.52  0.0  -0.006    15.655       0.030    143.466   -0.003    0.025     75.974  -6.32  -2.33  -115.489  -95.816   6.669
 186 qh1sp01          47.77 -1.0  -0.005    15.065       0.028    133.484   -0.003    0.024     72.213  -6.04  -2.48  -110.292  -94.502   6.517
 187 dh1ag6b          47.86  0.0  -0.005    14.863       0.028    133.106   -0.003    0.024     70.399  -6.04  -2.48  -110.461  -92.439   6.513
 188 bpm              47.86  0.0  -0.005    14.863       0.028    133.106   -0.003    0.024     70.399  -6.04  -2.48  -110.461  -92.439   6.513
 189 dbpm             47.95  0.0  -0.005    14.662       0.028    132.734   -0.003    0.023     68.617  -6.04  -2.48  -110.627  -90.390   6.509
 190 sh1              48.15  1.5  -0.005    14.209       0.029    131.903   -0.003    0.022     64.670  -6.04  -2.48  -110.987  -85.759   6.500
 191 ge               48.15  0.0  -0.005    14.209       0.029    131.903   -0.003    0.022     64.670  -6.04  -2.48  -110.987  -85.759   6.500
 192 dh0g1a           52.80  0.0  -0.005     7.840       0.029    120.496   -0.001   -0.001     20.164  -6.04  -2.48  -114.507   2.430   6.287
 193 cav              52.80  0.0  -0.005     7.840       0.029    120.496   -0.001   -0.001     20.164  -6.04  -2.48  -114.507   2.430   6.287
