#   A_x        A_y      nu_x    nu_y
#
 1.000e+00 -7.500e+00  2.609e-02  8.770e+00 0.21495 0.06956
 1.000e+00 -7.200e+00  2.609e-02  8.082e+00 0.21425 0.06983
 1.000e+00 -6.900e+00  2.609e-02  7.423e+00 0.21364 0.07012
 1.000e+00 -6.600e+00  2.609e-02  6.791e+00 0.21312 0.07042
 1.000e+00 -6.300e+00  2.609e-02  6.188e+00 0.21266 0.07072
 1.000e+00 -6.000e+00  2.609e-02  5.613e+00 0.21231 0.07101
 1.000e+00 -5.700e+00  2.609e-02  5.065e+00 0.21200 0.07131
 1.000e+00 -5.400e+00  2.609e-02  4.546e+00 0.21175 0.07159
 1.000e+00 -5.100e+00  2.609e-02  4.055e+00 0.21154 0.07186
 1.000e+00 -4.800e+00  2.609e-02  3.592e+00 0.21137 0.07211
 1.000e+00 -4.500e+00  2.609e-02  3.157e+00 0.21123 0.07235
 1.000e+00 -4.200e+00  2.609e-02  2.750e+00 0.21112 0.07257
 1.000e+00 -3.900e+00  2.609e-02  2.371e+00 0.21104 0.07277
 1.000e+00 -3.600e+00  2.609e-02  2.021e+00 0.21097 0.07296
 1.000e+00 -3.300e+00  2.609e-02  1.698e+00 0.21093 0.07313
 1.000e+00 -3.000e+00  2.609e-02  1.403e+00 0.21089 0.07328
 1.000e+00 -2.700e+00  2.609e-02  1.137e+00 0.21087 0.07342
 1.000e+00 -2.400e+00  2.609e-02  8.980e-01 0.21085 0.07354
 1.000e+00 -2.100e+00  2.609e-02  6.876e-01 0.21084 0.07365
 1.000e+00 -1.800e+00  2.609e-02  5.051e-01 0.21084 0.07374
 1.000e+00 -1.500e+00  2.609e-02  3.508e-01 0.21083 0.07382
 1.000e+00 -1.200e+00  2.609e-02  2.245e-01 0.21083 0.07388
 1.000e+00 -9.000e-01  2.609e-02  1.263e-01 0.21084 0.07393
 1.000e+00 -6.000e-01  2.609e-02  5.613e-02 0.21084 0.07396
 1.000e+00 -3.000e-01  2.609e-02  1.403e-02 0.21084 0.07399
 1.000e+00  1.000e+00  2.609e-02  1.559e-01 0.21084 0.07392
 1.000e+00  3.000e-01  2.609e-02  1.403e-02 0.21084 0.07399
 1.000e+00  6.000e-01  2.609e-02  5.613e-02 0.21084 0.07396
 1.000e+00  9.000e-01  2.609e-02  1.263e-01 0.21084 0.07393
 1.000e+00  1.200e+00  2.609e-02  2.245e-01 0.21083 0.07388
 1.000e+00  1.500e+00  2.609e-02  3.508e-01 0.21083 0.07382
 1.000e+00  1.800e+00  2.609e-02  5.051e-01 0.21084 0.07374
 1.000e+00  2.100e+00  2.609e-02  6.876e-01 0.21084 0.07365
 1.000e+00  2.400e+00  2.609e-02  8.980e-01 0.21085 0.07354
 1.000e+00  2.700e+00  2.609e-02  1.137e+00 0.21087 0.07342
 1.000e+00  3.000e+00  2.609e-02  1.403e+00 0.21089 0.07328
 1.000e+00  3.300e+00  2.609e-02  1.698e+00 0.21093 0.07313
 1.000e+00  3.600e+00  2.609e-02  2.021e+00 0.21097 0.07296
 1.000e+00  3.900e+00  2.609e-02  2.371e+00 0.21104 0.07277
 1.000e+00  4.200e+00  2.609e-02  2.750e+00 0.21112 0.07257
 1.000e+00  4.500e+00  2.609e-02  3.157e+00 0.21123 0.07235
 1.000e+00  4.800e+00  2.609e-02  3.592e+00 0.21137 0.07211
 1.000e+00  5.100e+00  2.609e-02  4.055e+00 0.21154 0.07186
 1.000e+00  5.400e+00  2.609e-02  4.546e+00 0.21175 0.07159
 1.000e+00  5.700e+00  2.609e-02  5.065e+00 0.21200 0.07131
 1.000e+00  6.000e+00  2.609e-02  5.613e+00 0.21231 0.07101
 1.000e+00  6.300e+00  2.609e-02  6.188e+00 0.21266 0.07072
 1.000e+00  6.600e+00  2.609e-02  6.791e+00 0.21312 0.07042
 1.000e+00  6.900e+00  2.609e-02  7.423e+00 0.21364 0.07012
 1.000e+00  7.200e+00  2.609e-02  8.082e+00 0.21425 0.06983
 1.000e+00  7.500e+00  2.609e-02  8.770e+00 0.21495 0.06956
