 -3.00000e-02  0.00000e+00  3.60403e-05 -1.18397e-02
 -3.00000e-02  8.34874e-07  8.67882e-04 -1.16384e-02
 -3.00000e-02  1.66975e-06  1.72330e-03 -1.14210e-02
 -3.00000e-02  2.50462e-06  2.60233e-03 -1.11872e-02
 -3.00000e-02  3.33949e-06  3.50499e-03 -1.09366e-02
 -3.00000e-02  4.17437e-06  4.43131e-03 -1.06689e-02
 -3.00000e-02  5.00924e-06  5.38131e-03 -1.03839e-02
 -3.00000e-02  5.84412e-06  6.35503e-03 -1.00810e-02
 -3.00000e-02  6.67899e-06  7.35247e-03 -9.76012e-03
 -3.00000e-02  7.51386e-06  8.37368e-03 -9.42081e-03
 -3.00000e-02  8.34874e-06  9.41868e-03 -9.06276e-03
 -3.00000e-02  9.18361e-06  1.04875e-02 -8.68565e-03
 -3.00000e-02  1.00185e-05  1.15801e-02 -8.28915e-03
 -3.00000e-02  1.08534e-05  1.26967e-02 -7.87292e-03
 -3.00000e-02  1.16882e-05  1.38371e-02 -7.43664e-03
 -3.00000e-02  1.25231e-05  1.50014e-02 -6.97998e-03
 -3.00000e-02  1.33580e-05  1.61896e-02 -6.50260e-03
 -3.00000e-02  1.41929e-05  1.74019e-02 -6.00418e-03
 -3.00000e-02  1.50277e-05  1.86381e-02 -5.48439e-03
 -3.00000e-02  1.58626e-05  1.98984e-02 -4.94290e-03
 -3.00000e-02  1.66975e-05  2.11827e-02 -4.37937e-03
 -3.00000e-02  1.75323e-05  2.24910e-02 -3.79349e-03
 -3.00000e-02  1.83672e-05  2.38235e-02 -3.18491e-03
 -3.00000e-02  1.92021e-05  2.51801e-02 -2.55331e-03
 -3.00000e-02  2.00370e-05  2.65608e-02 -1.89836e-03
 -3.00000e-02  2.08718e-05  2.79657e-02 -1.21974e-03

 -2.88000e-02  0.00000e+00 -1.12972e-03 -1.11608e-02
 -2.88000e-02  8.34874e-07 -3.64676e-04 -1.09782e-02
 -2.88000e-02  1.66975e-06  4.24010e-04 -1.07796e-02
 -2.88000e-02  2.50462e-06  1.23637e-03 -1.05648e-02
 -2.88000e-02  3.33949e-06  2.07242e-03 -1.03334e-02
 -2.88000e-02  4.17437e-06  2.93219e-03 -1.00851e-02
 -2.88000e-02  5.00924e-06  3.81571e-03 -9.81946e-03
 -2.88000e-02  5.84412e-06  4.72300e-03 -9.53625e-03
 -2.88000e-02  6.67899e-06  5.65410e-03 -9.23512e-03
 -2.88000e-02  7.51386e-06  6.60901e-03 -8.91573e-03
 -2.88000e-02  8.34874e-06  7.58778e-03 -8.57775e-03
 -2.88000e-02  9.18361e-06  8.59043e-03 -8.22087e-03
 -2.88000e-02  1.00185e-05  9.61698e-03 -7.84474e-03
 -2.88000e-02  1.08534e-05  1.06675e-02 -7.44903e-03
 -2.88000e-02  1.16882e-05  1.17419e-02 -7.03342e-03
 -2.88000e-02  1.25231e-05  1.28403e-02 -6.59759e-03
 -2.88000e-02  1.33580e-05  1.39627e-02 -6.14118e-03
 -2.88000e-02  1.41929e-05  1.51092e-02 -5.66389e-03
 -2.88000e-02  1.50277e-05  1.62797e-02 -5.16538e-03
 -2.88000e-02  1.58626e-05  1.74743e-02 -4.64531e-03
 -2.88000e-02  1.66975e-05  1.86930e-02 -4.10336e-03
 -2.88000e-02  1.75323e-05  1.99358e-02 -3.53920e-03
 -2.88000e-02  1.83672e-05  2.12028e-02 -2.95250e-03
 -2.88000e-02  1.92021e-05  2.24940e-02 -2.34293e-03
 -2.88000e-02  2.00370e-05  2.38094e-02 -1.71017e-03
 -2.88000e-02  2.08718e-05  2.51490e-02 -1.05387e-03

 -2.76000e-02  0.00000e+00 -2.07370e-03 -1.05049e-02
 -2.76000e-02  8.34874e-07 -1.37192e-03 -1.03399e-02
 -2.76000e-02  1.66975e-06 -6.46452e-04 -1.01591e-02
 -2.76000e-02  2.50462e-06  1.02745e-04 -9.96227e-03
 -2.76000e-02  3.33949e-06  8.75690e-04 -9.74894e-03
 -2.76000e-02  4.17437e-06  1.67241e-03 -9.51883e-03
 -2.76000e-02  5.00924e-06  2.49293e-03 -9.27161e-03
 -2.76000e-02  5.84412e-06  3.33728e-03 -9.00695e-03
 -2.76000e-02  6.67899e-06  4.20548e-03 -8.72452e-03
 -2.76000e-02  7.51386e-06  5.09756e-03 -8.42399e-03
 -2.76000e-02  8.34874e-06  6.01355e-03 -8.10503e-03
 -2.76000e-02  9.18361e-06  6.95346e-03 -7.76732e-03
 -2.76000e-02  1.00185e-05  7.91734e-03 -7.41051e-03
 -2.76000e-02  1.08534e-05  8.90519e-03 -7.03429e-03
 -2.76000e-02  1.16882e-05  9.91705e-03 -6.63832e-03
 -2.76000e-02  1.25231e-05  1.09529e-02 -6.22227e-03
 -2.76000e-02  1.33580e-05  1.20129e-02 -5.78581e-03
 -2.76000e-02  1.41929e-05  1.30969e-02 -5.32861e-03
 -2.76000e-02  1.50277e-05  1.42051e-02 -4.85035e-03
 -2.76000e-02  1.58626e-05  1.53374e-02 -4.35070e-03
 -2.76000e-02  1.66975e-05  1.64939e-02 -3.82931e-03
 -2.76000e-02  1.75323e-05  1.76745e-02 -3.28587e-03
 -2.76000e-02  1.83672e-05  1.88794e-02 -2.72005e-03
 -2.76000e-02  1.92021e-05  2.01085e-02 -2.13151e-03
 -2.76000e-02  2.00370e-05  2.13618e-02 -1.51992e-03
 -2.76000e-02  2.08718e-05  2.26395e-02 -8.84962e-04

 -2.64000e-02  0.00000e+00 -2.82197e-03 -9.87113e-03
 -2.64000e-02  8.34874e-07 -2.18013e-03 -9.72276e-03
 -2.64000e-02  1.66975e-06 -1.51455e-03 -9.55877e-03
 -2.64000e-02  2.50462e-06 -8.25199e-04 -9.37881e-03
 -2.64000e-02  3.33949e-06 -1.12057e-04 -9.18255e-03
 -2.64000e-02  4.17437e-06  6.24905e-04 -8.96968e-03
 -2.64000e-02  5.00924e-06  1.38571e-03 -8.73986e-03
 -2.64000e-02  5.84412e-06  2.17039e-03 -8.49275e-03
 -2.64000e-02  6.67899e-06  2.97896e-03 -8.22803e-03
 -2.64000e-02  7.51386e-06  3.81146e-03 -7.94538e-03
 -2.64000e-02  8.34874e-06  4.66790e-03 -7.64445e-03
 -2.64000e-02  9.18361e-06  5.54832e-03 -7.32493e-03
 -2.64000e-02  1.00185e-05  6.45274e-03 -6.98647e-03
 -2.64000e-02  1.08534e-05  7.38119e-03 -6.62876e-03
 -2.64000e-02  1.16882e-05  8.33369e-03 -6.25145e-03
 -2.64000e-02  1.25231e-05  9.31026e-03 -5.85423e-03
 -2.64000e-02  1.33580e-05  1.03109e-02 -5.43676e-03
 -2.64000e-02  1.41929e-05  1.13358e-02 -4.99872e-03
 -2.64000e-02  1.50277e-05  1.23847e-02 -4.53976e-03
 -2.64000e-02  1.58626e-05  1.34579e-02 -4.05957e-03
 -2.64000e-02  1.66975e-05  1.45552e-02 -3.55781e-03
 -2.64000e-02  1.75323e-05  1.56768e-02 -3.03415e-03
 -2.64000e-02  1.83672e-05  1.68227e-02 -2.48827e-03
 -2.64000e-02  1.92021e-05  1.79928e-02 -1.91983e-03
 -2.64000e-02  2.00370e-05  1.91872e-02 -1.32851e-03
 -2.64000e-02  2.08718e-05  2.04060e-02 -7.13971e-04

 -2.52000e-02  0.00000e+00 -3.39827e-03 -9.25868e-03
 -2.52000e-02  8.34874e-07 -2.81323e-03 -9.12596e-03
 -2.52000e-02  1.66975e-06 -2.20441e-03 -8.97778e-03
 -2.52000e-02  2.50462e-06 -1.57178e-03 -8.81379e-03
 -2.52000e-02  3.33949e-06 -9.15334e-04 -8.63368e-03
 -2.52000e-02  4.17437e-06 -2.35032e-04 -8.43710e-03
 -2.52000e-02  5.00924e-06  4.69149e-04 -8.22374e-03
 -2.52000e-02  5.84412e-06  1.19723e-03 -7.99327e-03
 -2.52000e-02  6.67899e-06  1.94925e-03 -7.74534e-03
 -2.52000e-02  7.51386e-06  2.72522e-03 -7.47964e-03
 -2.52000e-02  8.34874e-06  3.52518e-03 -7.19583e-03
 -2.52000e-02  9.18361e-06  4.34914e-03 -6.89359e-03
 -2.52000e-02  1.00185e-05  5.19714e-03 -6.57258e-03
 -2.52000e-02  1.08534e-05  6.06920e-03 -6.23248e-03
 -2.52000e-02  1.16882e-05  6.96534e-03 -5.87295e-03
 -2.52000e-02  1.25231e-05  7.88560e-03 -5.49367e-03
 -2.52000e-02  1.33580e-05  8.82999e-03 -5.09430e-03
 -2.52000e-02  1.41929e-05  9.79855e-03 -4.67451e-03
 -2.52000e-02  1.50277e-05  1.07913e-02 -4.23399e-03
 -2.52000e-02  1.58626e-05  1.18083e-02 -3.77239e-03
 -2.52000e-02  1.66975e-05  1.28495e-02 -3.28938e-03
 -2.52000e-02  1.75323e-05  1.39149e-02 -2.78465e-03
 -2.52000e-02  1.83672e-05  1.50047e-02 -2.25785e-03
 -2.52000e-02  1.92021e-05  1.61188e-02 -1.70866e-03
 -2.52000e-02  2.00370e-05  1.72572e-02 -1.13674e-03
 -2.52000e-02  2.08718e-05  1.84200e-02 -5.41776e-04

 -2.40000e-02  0.00000e+00 -3.82415e-03 -8.66666e-03
 -2.40000e-02  8.34874e-07 -3.29295e-03 -8.54870e-03
 -2.40000e-02  1.66975e-06 -2.73794e-03 -8.41544e-03
 -2.40000e-02  2.50462e-06 -2.15912e-03 -8.26655e-03
 -2.40000e-02  3.33949e-06 -1.55644e-03 -8.10171e-03
 -2.40000e-02  4.17437e-06 -9.29886e-04 -7.92057e-03
 -2.40000e-02  5.00924e-06 -2.79429e-04 -7.72281e-03
 -2.40000e-02  5.84412e-06  3.94958e-04 -7.50810e-03
 -2.40000e-02  6.67899e-06  1.09330e-03 -7.27611e-03
 -2.40000e-02  7.51386e-06  1.81562e-03 -7.02652e-03
 -2.40000e-02  8.34874e-06  2.56195e-03 -6.75898e-03
 -2.40000e-02  9.18361e-06  3.33231e-03 -6.47318e-03
 -2.40000e-02  1.00185e-05  4.12673e-03 -6.16878e-03
 -2.40000e-02  1.08534e-05  4.94523e-03 -5.84546e-03
 -2.40000e-02  1.16882e-05  5.78785e-03 -5.50287e-03
 -2.40000e-02  1.25231e-05  6.65460e-03 -5.14070e-03
 -2.40000e-02  1.33580e-05  7.54551e-03 -4.75862e-03
 -2.40000e-02  1.41929e-05  8.46061e-03 -4.35628e-03
 -2.40000e-02  1.50277e-05  9.39992e-03 -3.93338e-03
 -2.40000e-02  1.58626e-05  1.03635e-02 -3.48956e-03
 -2.40000e-02  1.66975e-05  1.13513e-02 -3.02451e-03
 -2.40000e-02  1.75323e-05  1.23634e-02 -2.53790e-03
 -2.40000e-02  1.83672e-05  1.33998e-02 -2.02939e-03
 -2.40000e-02  1.92021e-05  1.44606e-02 -1.49865e-03
 -2.40000e-02  2.00370e-05  1.55457e-02 -9.45364e-04
 -2.40000e-02  2.08718e-05  1.66553e-02 -3.69192e-04

 -2.28000e-02  0.00000e+00 -4.11911e-03 -8.09421e-03
 -2.28000e-02  8.34874e-07 -3.63898e-03 -7.99019e-03
 -2.28000e-02  1.66975e-06 -3.13503e-03 -7.87104e-03
 -2.28000e-02  2.50462e-06 -2.60725e-03 -7.73644e-03
 -2.28000e-02  3.33949e-06 -2.05561e-03 -7.58605e-03
 -2.28000e-02  4.17437e-06 -1.48007e-03 -7.41954e-03
 -2.28000e-02  5.00924e-06 -8.80611e-04 -7.23658e-03
 -2.28000e-02  5.84412e-06 -2.57212e-04 -7.03685e-03
 -2.28000e-02  6.67899e-06  3.90157e-04 -6.82001e-03
 -2.28000e-02  7.51386e-06  1.06152e-03 -6.58574e-03
 -2.28000e-02  8.34874e-06  1.75690e-03 -6.33369e-03
 -2.28000e-02  9.18361e-06  2.47633e-03 -6.06356e-03
 -2.28000e-02  1.00185e-05  3.21984e-03 -5.77500e-03
 -2.28000e-02  1.08534e-05  3.98744e-03 -5.46768e-03
 -2.28000e-02  1.16882e-05  4.77917e-03 -5.14128e-03
 -2.28000e-02  1.25231e-05  5.59505e-03 -4.79546e-03
 -2.28000e-02  1.33580e-05  6.43510e-03 -4.42990e-03
 -2.28000e-02  1.41929e-05  7.29935e-03 -4.04427e-03
 -2.28000e-02  1.50277e-05  8.18784e-03 -3.63823e-03
 -2.28000e-02  1.58626e-05  9.10058e-03 -3.21146e-03
 -2.28000e-02  1.66975e-05  1.00376e-02 -2.76362e-03
 -2.28000e-02  1.75323e-05  1.09989e-02 -2.29440e-03
 -2.28000e-02  1.83672e-05  1.19846e-02 -1.80345e-03
 -2.28000e-02  1.92021e-05  1.29946e-02 -1.29045e-03
 -2.28000e-02  2.00370e-05  1.40290e-02 -7.55066e-04
 -2.28000e-02  2.08718e-05  1.50878e-02 -1.96972e-04

 -2.16000e-02  0.00000e+00 -4.30075e-03 -7.54049e-03
 -2.16000e-02  8.34874e-07 -3.86910e-03 -7.44965e-03
 -2.16000e-02  1.66975e-06 -3.41363e-03 -7.34386e-03
 -2.16000e-02  2.50462e-06 -2.93431e-03 -7.22279e-03
 -2.16000e-02  3.33949e-06 -2.43113e-03 -7.08611e-03
 -2.16000e-02  4.17437e-06 -1.90405e-03 -6.93349e-03
 -2.16000e-02  5.00924e-06 -1.35304e-03 -6.76460e-03
 -2.16000e-02  5.84412e-06 -7.78094e-04 -6.57911e-03
 -2.16000e-02  6.67899e-06 -1.79170e-04 -6.37669e-03
 -2.16000e-02  7.51386e-06  4.43753e-04 -6.15701e-03
 -2.16000e-02  8.34874e-06  1.09070e-03 -5.91974e-03
 -2.16000e-02  9.18361e-06  1.76170e-03 -5.66455e-03
 -2.16000e-02  1.00185e-05  2.45678e-03 -5.39112e-03
 -2.16000e-02  1.08534e-05  3.17596e-03 -5.09910e-03
 -2.16000e-02  1.16882e-05  3.91927e-03 -4.78818e-03
 -2.16000e-02  1.25231e-05  4.68673e-03 -4.45802e-03
 -2.16000e-02  1.33580e-05  5.47838e-03 -4.10829e-03
 -2.16000e-02  1.41929e-05  6.29423e-03 -3.73867e-03
 -2.16000e-02  1.50277e-05  7.13431e-03 -3.34881e-03
 -2.16000e-02  1.58626e-05  7.99865e-03 -2.93841e-03
 -2.16000e-02  1.66975e-05  8.88728e-03 -2.50711e-03
 -2.16000e-02  1.75323e-05  9.80022e-03 -2.05460e-03
 -2.16000e-02  1.83672e-05  1.07375e-02 -1.58055e-03
 -2.16000e-02  1.92021e-05  1.16991e-02 -1.08462e-03
 -2.16000e-02  2.00370e-05  1.26852e-02 -5.66481e-04
 -2.16000e-02  2.08718e-05  1.36956e-02 -2.58108e-05

 -2.04000e-02  0.00000e+00 -4.38492e-03 -7.00469e-03
 -2.04000e-02  8.34874e-07 -3.99931e-03 -6.92634e-03
 -2.04000e-02  1.66975e-06 -3.58989e-03 -6.83321e-03
 -2.04000e-02  2.50462e-06 -3.15663e-03 -6.72498e-03
 -2.04000e-02  3.33949e-06 -2.69951e-03 -6.60132e-03
 -2.04000e-02  4.17437e-06 -2.21849e-03 -6.46191e-03
 -2.04000e-02  5.00924e-06 -1.71356e-03 -6.30640e-03
 -2.04000e-02  5.84412e-06 -1.18469e-03 -6.13448e-03
 -2.04000e-02  6.67899e-06 -6.31851e-04 -5.94580e-03
 -2.04000e-02  7.51386e-06 -5.50169e-05 -5.74005e-03
 -2.04000e-02  8.34874e-06  5.45838e-04 -5.51689e-03
 -2.04000e-02  9.18361e-06  1.17074e-03 -5.27600e-03
 -2.04000e-02  1.00185e-05  1.81971e-03 -5.01703e-03
 -2.04000e-02  1.08534e-05  2.49278e-03 -4.73967e-03
 -2.04000e-02  1.16882e-05  3.18997e-03 -4.44358e-03
 -2.04000e-02  1.25231e-05  3.91132e-03 -4.12844e-03
 -2.04000e-02  1.33580e-05  4.65683e-03 -3.79391e-03
 -2.04000e-02  1.41929e-05  5.42655e-03 -3.43966e-03
 -2.04000e-02  1.50277e-05  6.22050e-03 -3.06537e-03
 -2.04000e-02  1.58626e-05  7.03870e-03 -2.67070e-03
 -2.04000e-02  1.66975e-05  7.88118e-03 -2.25533e-03
 -2.04000e-02  1.75323e-05  8.74796e-03 -1.81892e-03
 -2.04000e-02  1.83672e-05  9.63908e-03 -1.36115e-03
 -2.04000e-02  1.92021e-05  1.05546e-02 -8.81681e-04
 -2.04000e-02  2.00370e-05  1.14944e-02 -3.80191e-04
 -2.04000e-02  2.08718e-05  1.24587e-02  1.43652e-04

 -1.92000e-02  0.00000e+00 -4.38579e-03 -6.48604e-03
 -1.92000e-02  8.34874e-07 -4.04396e-03 -6.41951e-03
 -1.92000e-02  1.66975e-06 -3.67833e-03 -6.33840e-03
 -1.92000e-02  2.50462e-06 -3.28888e-03 -6.24238e-03
 -1.92000e-02  3.33949e-06 -2.87558e-03 -6.13111e-03
 -1.92000e-02  4.17437e-06 -2.43840e-03 -6.00427e-03
 -1.92000e-02  5.00924e-06 -1.97732e-03 -5.86152e-03
 -1.92000e-02  5.84412e-06 -1.49232e-03 -5.70255e-03
 -1.92000e-02  6.67899e-06 -9.83362e-04 -5.52700e-03
 -1.92000e-02  7.51386e-06 -4.50425e-04 -5.33457e-03
 -1.92000e-02  8.34874e-06  1.06516e-04 -5.12491e-03
 -1.92000e-02  9.18361e-06  6.87489e-04 -4.89770e-03
 -1.92000e-02  1.00185e-05  1.29252e-03 -4.65261e-03
 -1.92000e-02  1.08534e-05  1.92163e-03 -4.38931e-03
 -1.92000e-02  1.16882e-05  2.57485e-03 -4.10747e-03
 -1.92000e-02  1.25231e-05  3.25220e-03 -3.80675e-03
 -1.92000e-02  1.33580e-05  3.95372e-03 -3.48684e-03
 -1.92000e-02  1.41929e-05  4.67942e-03 -3.14739e-03
 -1.92000e-02  1.50277e-05  5.42933e-03 -2.78809e-03
 -1.92000e-02  1.58626e-05  6.20348e-03 -2.40859e-03
 -1.92000e-02  1.66975e-05  7.00189e-03 -2.00858e-03
 -1.92000e-02  1.75323e-05  7.82459e-03 -1.58771e-03
 -1.92000e-02  1.83672e-05  8.67161e-03 -1.14567e-03
 -1.92000e-02  1.92021e-05  9.54297e-03 -6.82117e-04
 -1.92000e-02  2.00370e-05  1.04387e-02 -1.96727e-04
 -1.92000e-02  2.08718e-05  1.13588e-02  3.10831e-04

 -1.80000e-02  0.00000e+00 -4.31605e-03 -5.98375e-03
 -1.80000e-02  8.34874e-07 -4.01588e-03 -5.92847e-03
 -1.80000e-02  1.66975e-06 -3.69194e-03 -5.85879e-03
 -1.80000e-02  2.50462e-06 -3.34419e-03 -5.77438e-03
 -1.80000e-02  3.33949e-06 -2.97263e-03 -5.67492e-03
 -1.80000e-02  4.17437e-06 -2.57721e-03 -5.56008e-03
 -1.80000e-02  5.00924e-06 -2.15792e-03 -5.42952e-03
 -1.80000e-02  5.84412e-06 -1.71472e-03 -5.28292e-03
 -1.80000e-02  6.67899e-06 -1.24760e-03 -5.11994e-03
 -1.80000e-02  7.51386e-06 -7.56527e-04 -4.94027e-03
 -1.80000e-02  8.34874e-06 -2.41471e-04 -4.74356e-03
 -1.80000e-02  9.18361e-06  2.97590e-04 -4.52948e-03
 -1.80000e-02  1.00185e-05  8.60683e-04 -4.29772e-03
 -1.80000e-02  1.08534e-05  1.44783e-03 -4.04794e-03
 -1.80000e-02  1.16882e-05  2.05907e-03 -3.77980e-03
 -1.80000e-02  1.25231e-05  2.69441e-03 -3.49298e-03
 -1.80000e-02  1.33580e-05  3.35389e-03 -3.18715e-03
 -1.80000e-02  1.41929e-05  4.03752e-03 -2.86198e-03
 -1.80000e-02  1.50277e-05  4.74535e-03 -2.51714e-03
 -1.80000e-02  1.58626e-05  5.47739e-03 -2.15231e-03
 -1.80000e-02  1.66975e-05  6.23366e-03 -1.76714e-03
 -1.80000e-02  1.75323e-05  7.01421e-03 -1.36131e-03
 -1.80000e-02  1.83672e-05  7.81904e-03 -9.34492e-04
 -1.80000e-02  1.92021e-05  8.64819e-03 -4.86356e-04
 -1.80000e-02  2.00370e-05  9.50168e-03 -1.65725e-05
 -1.80000e-02  2.08718e-05  1.03795e-02  4.75189e-04

 -1.68000e-02  0.00000e+00 -4.18696e-03 -5.49711e-03
 -1.68000e-02  8.34874e-07 -3.92648e-03 -5.45252e-03
 -1.68000e-02  1.66975e-06 -3.64226e-03 -5.39372e-03
 -1.68000e-02  2.50462e-06 -3.33428e-03 -5.32040e-03
 -1.68000e-02  3.33949e-06 -3.00251e-03 -5.23221e-03
 -1.68000e-02  4.17437e-06 -2.64693e-03 -5.12884e-03
 -1.68000e-02  5.00924e-06 -2.26750e-03 -5.00995e-03
 -1.68000e-02  5.84412e-06 -1.86421e-03 -4.87520e-03
 -1.68000e-02  6.67899e-06 -1.43702e-03 -4.72428e-03
 -1.68000e-02  7.51386e-06 -9.85916e-04 -4.55685e-03
 -1.68000e-02  8.34874e-06 -5.10866e-04 -4.37258e-03
 -1.68000e-02  9.18361e-06 -1.18464e-05 -4.17114e-03
 -1.68000e-02  1.00185e-05  5.11170e-04 -3.95221e-03
 -1.68000e-02  1.08534e-05  1.05821e-03 -3.71545e-03
 -1.68000e-02  1.16882e-05  1.62930e-03 -3.46053e-03
 -1.68000e-02  1.25231e-05  2.22446e-03 -3.18712e-03
 -1.68000e-02  1.33580e-05  2.84372e-03 -2.89490e-03
 -1.68000e-02  1.41929e-05  3.48711e-03 -2.58353e-03
 -1.68000e-02  1.50277e-05  4.15465e-03 -2.25269e-03
 -1.68000e-02  1.58626e-05  4.84636e-03 -1.90204e-03
 -1.68000e-02  1.66975e-05  5.56229e-03 -1.53125e-03
 -1.68000e-02  1.75323e-05  6.30244e-03 -1.14000e-03
 -1.68000e-02  1.83672e-05  7.06684e-03 -7.27960e-04
 -1.68000e-02  1.92021e-05  7.85553e-03 -2.94791e-04
 -1.68000e-02  2.00370e-05  8.66853e-03  1.59833e-04
 -1.68000e-02  2.08718e-05  9.50586e-03  6.36240e-04

 -1.56000e-02  0.00000e+00 -4.00850e-03 -5.02541e-03
 -1.56000e-02  8.34874e-07 -3.78588e-03 -4.99101e-03
 -1.56000e-02  1.66975e-06 -3.53957e-03 -4.94261e-03
 -1.56000e-02  2.50462e-06 -3.26954e-03 -4.87987e-03
 -1.56000e-02  3.33949e-06 -2.97577e-03 -4.80248e-03
 -1.56000e-02  4.17437e-06 -2.65823e-03 -4.71009e-03
 -1.56000e-02  5.00924e-06 -2.31689e-03 -4.60238e-03
 -1.56000e-02  5.84412e-06 -1.95173e-03 -4.47902e-03
 -1.56000e-02  6.67899e-06 -1.56272e-03 -4.33968e-03
 -1.56000e-02  7.51386e-06 -1.14984e-03 -4.18403e-03
 -1.56000e-02  8.34874e-06 -7.13057e-04 -4.01174e-03
 -1.56000e-02  9.18361e-06 -2.52348e-04 -3.82248e-03
 -1.56000e-02  1.00185e-05  2.32312e-04 -3.61593e-03
 -1.56000e-02  1.08534e-05  7.40950e-04 -3.39174e-03
 -1.56000e-02  1.16882e-05  1.27359e-03 -3.14960e-03
 -1.56000e-02  1.25231e-05  1.83026e-03 -2.88916e-03
 -1.56000e-02  1.33580e-05  2.41099e-03 -2.61011e-03
 -1.56000e-02  1.41929e-05  3.01580e-03 -2.31212e-03
 -1.56000e-02  1.50277e-05  3.64471e-03 -1.99484e-03
 -1.56000e-02  1.58626e-05  4.29776e-03 -1.65796e-03
 -1.56000e-02  1.66975e-05  4.97496e-03 -1.30114e-03
 -1.56000e-02  1.75323e-05  5.67636e-03 -9.24057e-04
 -1.56000e-02  1.83672e-05  6.40196e-03 -5.26376e-04
 -1.56000e-02  1.92021e-05  7.15180e-03 -1.07770e-04
 -1.56000e-02  2.00370e-05  7.92590e-03  3.32092e-04
 -1.56000e-02  2.08718e-05  8.72429e-03  7.93539e-04

 -1.44000e-02  0.00000e+00 -3.78946e-03 -4.56799e-03
 -1.44000e-02  8.34874e-07 -3.60302e-03 -4.54332e-03
 -1.44000e-02  1.66975e-06 -3.39293e-03 -4.50486e-03
 -1.44000e-02  2.50462e-06 -3.15919e-03 -4.45226e-03
 -1.44000e-02  3.33949e-06 -2.90175e-03 -4.38521e-03
 -1.44000e-02  4.17437e-06 -2.62059e-03 -4.30337e-03
 -1.44000e-02  5.00924e-06 -2.31570e-03 -4.20641e-03
 -1.44000e-02  5.84412e-06 -1.98704e-03 -4.09400e-03
 -1.44000e-02  6.67899e-06 -1.63458e-03 -3.96582e-03
 -1.44000e-02  7.51386e-06 -1.25830e-03 -3.82153e-03
 -1.44000e-02  8.34874e-06 -8.58182e-04 -3.66080e-03
 -1.44000e-02  9.18361e-06 -4.34190e-04 -3.48331e-03
 -1.44000e-02  1.00185e-05  1.36992e-05 -3.28872e-03
 -1.44000e-02  1.08534e-05  4.85512e-04 -3.07670e-03
 -1.44000e-02  1.16882e-05  9.81273e-04 -2.84693e-03
 -1.44000e-02  1.25231e-05  1.50101e-03 -2.59908e-03
 -1.44000e-02  1.33580e-05  2.04475e-03 -2.33281e-03
 -1.44000e-02  1.41929e-05  2.61251e-03 -2.04779e-03
 -1.44000e-02  1.50277e-05  3.20433e-03 -1.74370e-03
 -1.44000e-02  1.58626e-05  3.82022e-03 -1.42021e-03
 -1.44000e-02  1.66975e-05  4.46022e-03 -1.07698e-03
 -1.44000e-02  1.75323e-05  5.12435e-03 -7.13695e-04
 -1.44000e-02  1.83672e-05  5.81263e-03 -3.30013e-04
 -1.44000e-02  1.92021e-05  6.52510e-03  7.43925e-05
 -1.44000e-02  2.00370e-05  7.26178e-03  4.99850e-04
 -1.44000e-02  2.08718e-05  8.02269e-03  9.46690e-04

 -1.32000e-02  0.00000e+00 -3.53759e-03 -4.12421e-03
 -1.32000e-02  8.34874e-07 -3.38574e-03 -4.10886e-03
 -1.32000e-02  1.66975e-06 -3.21033e-03 -4.07991e-03
 -1.32000e-02  2.50462e-06 -3.01131e-03 -4.03705e-03
 -1.32000e-02  3.33949e-06 -2.78867e-03 -3.97994e-03
 -1.32000e-02  4.17437e-06 -2.54238e-03 -3.90824e-03
 -1.32000e-02  5.00924e-06 -2.27241e-03 -3.82164e-03
 -1.32000e-02  5.84412e-06 -1.97874e-03 -3.71979e-03
 -1.32000e-02  6.67899e-06 -1.66133e-03 -3.60237e-03
 -1.32000e-02  7.51386e-06 -1.32018e-03 -3.46906e-03
 -1.32000e-02  8.34874e-06 -9.55241e-04 -3.31952e-03
 -1.32000e-02  9.18361e-06 -5.66497e-04 -3.15341e-03
 -1.32000e-02  1.00185e-05 -1.53920e-04 -2.97042e-03
 -1.32000e-02  1.08534e-05  2.82516e-04 -2.77021e-03
 -1.32000e-02  1.16882e-05  7.42835e-04 -2.55246e-03
 -1.32000e-02  1.25231e-05  1.22707e-03 -2.31682e-03
 -1.32000e-02  1.33580e-05  1.73523e-03 -2.06298e-03
 -1.32000e-02  1.41929e-05  2.26736e-03 -1.79060e-03
 -1.32000e-02  1.50277e-05  2.82348e-03 -1.49935e-03
 -1.32000e-02  1.58626e-05  3.40361e-03 -1.18891e-03
 -1.32000e-02  1.66975e-05  4.00778e-03 -8.58941e-04
 -1.32000e-02  1.75323e-05  4.63601e-03 -5.09116e-04
 -1.32000e-02  1.83672e-05  5.28834e-03 -1.39106e-04
 -1.32000e-02  1.92021e-05  5.96479e-03  2.51420e-04
 -1.32000e-02  2.00370e-05  6.66538e-03  6.62790e-04
 -1.32000e-02  2.08718e-05  7.39014e-03  1.09534e-03

 -1.20000e-02  0.00000e+00 -3.25961e-03 -3.69347e-03
 -1.20000e-02  8.34874e-07 -3.14092e-03 -3.68705e-03
 -1.20000e-02  1.66975e-06 -2.99874e-03 -3.66726e-03
 -1.20000e-02  2.50462e-06 -2.83303e-03 -3.63375e-03
 -1.20000e-02  3.33949e-06 -2.64377e-03 -3.58621e-03
 -1.20000e-02  4.17437e-06 -2.43093e-03 -3.52430e-03
 -1.20000e-02  5.00924e-06 -2.19449e-03 -3.44768e-03
 -1.20000e-02  5.84412e-06 -1.93442e-03 -3.35604e-03
 -1.20000e-02  6.67899e-06 -1.65070e-03 -3.24905e-03
 -1.20000e-02  7.51386e-06 -1.34329e-03 -3.12636e-03
 -1.20000e-02  8.34874e-06 -1.01218e-03 -2.98766e-03
 -1.20000e-02  9.18361e-06 -6.57340e-04 -2.83261e-03
 -1.20000e-02  1.00185e-05 -2.78738e-04 -2.66088e-03
 -1.20000e-02  1.08534e-05  1.23648e-04 -2.47215e-03
 -1.20000e-02  1.16882e-05  5.49844e-04 -2.26608e-03
 -1.20000e-02  1.25231e-05  9.99876e-04 -2.04235e-03
 -1.20000e-02  1.33580e-05  1.47377e-03 -1.80062e-03
 -1.20000e-02  1.41929e-05  1.97155e-03 -1.54056e-03
 -1.20000e-02  1.50277e-05  2.49325e-03 -1.26185e-03
 -1.20000e-02  1.58626e-05  3.03888e-03 -9.64153e-04
 -1.20000e-02  1.66975e-05  3.60848e-03 -6.47143e-04
 -1.20000e-02  1.75323e-05  4.20208e-03 -3.10489e-04
 -1.20000e-02  1.83672e-05  4.81969e-03  4.61382e-05
 -1.20000e-02  1.92021e-05  5.46134e-03  4.23069e-04
 -1.20000e-02  2.00370e-05  6.12706e-03  8.20634e-04
 -1.20000e-02  2.08718e-05  6.81688e-03  1.23916e-03

 -1.08000e-02  0.00000e+00 -2.96139e-03 -3.27522e-03
 -1.08000e-02  8.34874e-07 -2.87453e-03 -3.27739e-03
 -1.08000e-02  1.66975e-06 -2.76426e-03 -3.26640e-03
 -1.08000e-02  2.50462e-06 -2.63054e-03 -3.24191e-03
 -1.08000e-02  3.33949e-06 -2.47336e-03 -3.20360e-03
 -1.08000e-02  4.17437e-06 -2.29269e-03 -3.15114e-03
 -1.08000e-02  5.00924e-06 -2.08849e-03 -3.08420e-03
 -1.08000e-02  5.84412e-06 -1.86075e-03 -3.00244e-03
 -1.08000e-02  6.67899e-06 -1.60944e-03 -2.90554e-03
 -1.08000e-02  7.51386e-06 -1.33454e-03 -2.79317e-03
 -1.08000e-02  8.34874e-06 -1.03601e-03 -2.66500e-03
 -1.08000e-02  9.18361e-06 -7.13835e-04 -2.52070e-03
 -1.08000e-02  1.00185e-05 -3.67985e-04 -2.35994e-03
 -1.08000e-02  1.08534e-05  1.56547e-06 -2.18239e-03
 -1.08000e-02  1.16882e-05  3.94842e-04 -1.98772e-03
 -1.08000e-02  1.25231e-05  8.11870e-04 -1.77559e-03
 -1.08000e-02  1.33580e-05  1.25268e-03 -1.54569e-03
 -1.08000e-02  1.41929e-05  1.71729e-03 -1.29768e-03
 -1.08000e-02  1.50277e-05  2.20572e-03 -1.03123e-03
 -1.08000e-02  1.58626e-05  2.71802e-03 -7.46017e-04
 -1.08000e-02  1.66975e-05  3.25419e-03 -4.41701e-04
 -1.08000e-02  1.75323e-05  3.81428e-03 -1.17957e-04
 -1.08000e-02  1.83672e-05  4.39829e-03  2.25544e-04
 -1.08000e-02  1.92021e-05  5.00627e-03  5.89132e-04
 -1.08000e-02  2.00370e-05  5.63823e-03  9.73138e-04
 -1.08000e-02  2.08718e-05  6.29420e-03  1.37789e-03

 -9.60000e-03  0.00000e+00 -2.64800e-03 -2.86893e-03
 -9.60000e-03  8.34874e-07 -2.59174e-03 -2.87937e-03
 -9.60000e-03  1.66975e-06 -2.51216e-03 -2.87687e-03
 -9.60000e-03  2.50462e-06 -2.40923e-03 -2.86109e-03
 -9.60000e-03  3.33949e-06 -2.28293e-03 -2.83172e-03
 -9.60000e-03  4.17437e-06 -2.13324e-03 -2.78841e-03
 -9.60000e-03  5.00924e-06 -1.96011e-03 -2.73083e-03
 -9.60000e-03  5.84412e-06 -1.76354e-03 -2.65867e-03
 -9.60000e-03  6.67899e-06 -1.54349e-03 -2.57158e-03
 -9.60000e-03  7.51386e-06 -1.29994e-03 -2.46925e-03
 -9.60000e-03  8.34874e-06 -1.03286e-03 -2.35133e-03
 -9.60000e-03  9.18361e-06 -7.42225e-04 -2.21751e-03
 -9.60000e-03  1.00185e-05 -4.28010e-04 -2.06744e-03
 -9.60000e-03  1.08534e-05 -9.01897e-05 -1.90080e-03
 -9.60000e-03  1.16882e-05  2.71263e-04 -1.71727e-03
 -9.60000e-03  1.25231e-05  6.56373e-04 -1.51650e-03
 -9.60000e-03  1.33580e-05  1.06517e-03 -1.29818e-03
 -9.60000e-03  1.41929e-05  1.49767e-03 -1.06196e-03
 -9.60000e-03  1.50277e-05  1.95391e-03 -8.07534e-04
 -9.60000e-03  1.58626e-05  2.43391e-03 -5.34555e-04
 -9.60000e-03  1.66975e-05  2.93770e-03 -2.42699e-04
 -9.60000e-03  1.75323e-05  3.46530e-03  6.83645e-05
 -9.60000e-03  1.83672e-05  4.01674e-03  3.98965e-04
 -9.60000e-03  1.92021e-05  4.59205e-03  7.49432e-04
 -9.60000e-03  2.00370e-05  5.19125e-03  1.12010e-03
 -9.60000e-03  2.08718e-05  5.81436e-03  1.51129e-03

 -8.40000e-03  0.00000e+00 -2.32377e-03 -2.47413e-03
 -8.40000e-03  8.34874e-07 -2.29699e-03 -2.49255e-03
 -8.40000e-03  1.66975e-06 -2.24699e-03 -2.49825e-03
 -8.40000e-03  2.50462e-06 -2.17375e-03 -2.49090e-03
 -8.40000e-03  3.33949e-06 -2.07724e-03 -2.47018e-03
 -8.40000e-03  4.17437e-06 -1.95744e-03 -2.43574e-03
 -8.40000e-03  5.00924e-06 -1.81431e-03 -2.38727e-03
 -8.40000e-03  5.84412e-06 -1.64784e-03 -2.32444e-03
 -8.40000e-03  6.67899e-06 -1.45800e-03 -2.24691e-03
 -8.40000e-03  7.51386e-06 -1.24475e-03 -2.15435e-03
 -8.40000e-03  8.34874e-06 -1.00808e-03 -2.04644e-03
 -8.40000e-03  9.18361e-06 -7.47967e-04 -1.92284e-03
 -8.40000e-03  1.00185e-05 -4.64372e-04 -1.78322e-03
 -8.40000e-03  1.08534e-05 -1.57276e-04 -1.62726e-03
 -8.40000e-03  1.16882e-05  1.73349e-04 -1.45463e-03
 -8.40000e-03  1.25231e-05  5.27527e-04 -1.26499e-03
 -8.40000e-03  1.33580e-05  9.05286e-04 -1.05802e-03
 -8.40000e-03  1.41929e-05  1.30665e-03 -8.33385e-04
 -8.40000e-03  1.50277e-05  1.73165e-03 -5.90757e-04
 -8.40000e-03  1.58626e-05  2.18030e-03 -3.29805e-04
 -8.40000e-03  1.66975e-05  2.65264e-03 -5.02011e-05
 -8.40000e-03  1.75323e-05  3.14868e-03  2.48386e-04
 -8.40000e-03  1.83672e-05  3.66847e-03  5.66284e-04
 -8.40000e-03  1.92021e-05  4.21201e-03  9.03825e-04
 -8.40000e-03  2.00370e-05  4.77934e-03  1.26134e-03
 -8.40000e-03  2.08718e-05  5.37048e-03  1.63915e-03

 -7.20000e-03  0.00000e+00 -1.99242e-03 -2.09037e-03
 -7.20000e-03  8.34874e-07 -1.99409e-03 -2.11650e-03
 -7.20000e-03  1.66975e-06 -1.97266e-03 -2.13014e-03
 -7.20000e-03  2.50462e-06 -1.92809e-03 -2.13097e-03
 -7.20000e-03  3.33949e-06 -1.86037e-03 -2.11864e-03
 -7.20000e-03  4.17437e-06 -1.76947e-03 -2.09284e-03
 -7.20000e-03  5.00924e-06 -1.65536e-03 -2.05323e-03
 -7.20000e-03  5.84412e-06 -1.51802e-03 -1.99948e-03
 -7.20000e-03  6.67899e-06 -1.35742e-03 -1.93126e-03
 -7.20000e-03  7.51386e-06 -1.17354e-03 -1.84825e-03
 -7.20000e-03  8.34874e-06 -9.66341e-04 -1.75011e-03
 -7.20000e-03  9.18361e-06 -7.35808e-04 -1.63652e-03
 -7.20000e-03  1.00185e-05 -4.81913e-04 -1.50714e-03
 -7.20000e-03  1.08534e-05 -2.04629e-04 -1.36164e-03
 -7.20000e-03  1.16882e-05  9.60688e-05 -1.19970e-03
 -7.20000e-03  1.25231e-05  4.20207e-04 -1.02099e-03
 -7.20000e-03  1.33580e-05  7.67812e-04 -8.25168e-04
 -7.20000e-03  1.41929e-05  1.13891e-03 -6.11914e-04
 -7.20000e-03  1.50277e-05  1.53352e-03 -3.80896e-04
 -7.20000e-03  1.58626e-05  1.95168e-03 -1.31783e-04
 -7.20000e-03  1.66975e-05  2.39341e-03  1.35752e-04
 -7.20000e-03  1.75323e-05  2.85873e-03  4.22041e-04
 -7.20000e-03  1.83672e-05  3.34768e-03  7.27412e-04
 -7.20000e-03  1.92021e-05  3.86027e-03  1.05220e-03
 -7.20000e-03  2.00370e-05  4.39654e-03  1.39672e-03
 -7.20000e-03  2.08718e-05  4.95651e-03  1.76132e-03

 -6.00000e-03  0.00000e+00 -1.65711e-03 -1.71725e-03
 -6.00000e-03  8.34874e-07 -1.68628e-03 -1.75085e-03
 -6.00000e-03  1.66975e-06 -1.69248e-03 -1.77219e-03
 -6.00000e-03  2.50462e-06 -1.67567e-03 -1.78095e-03
 -6.00000e-03  3.33949e-06 -1.63583e-03 -1.77679e-03
 -6.00000e-03  4.17437e-06 -1.57293e-03 -1.75939e-03
 -6.00000e-03  5.00924e-06 -1.48694e-03 -1.72841e-03
 -6.00000e-03  5.84412e-06 -1.37785e-03 -1.68353e-03
 -6.00000e-03  6.67899e-06 -1.24562e-03 -1.62442e-03
 -6.00000e-03  7.51386e-06 -1.09023e-03 -1.55074e-03
 -6.00000e-03  8.34874e-06 -9.11651e-04 -1.46218e-03
 -6.00000e-03  9.18361e-06 -7.09860e-04 -1.35838e-03
 -6.00000e-03  1.00185e-05 -4.84831e-04 -1.23904e-03
 -6.00000e-03  1.08534e-05 -2.36536e-04 -1.10382e-03
 -6.00000e-03  1.16882e-05  3.50492e-05 -9.52381e-04
 -6.00000e-03  1.25231e-05  3.29951e-04 -7.84404e-04
 -6.00000e-03  1.33580e-05  6.48196e-04 -5.99556e-04
 -6.00000e-03  1.41929e-05  9.89810e-04 -3.97507e-04
 -6.00000e-03  1.50277e-05  1.35482e-03 -1.77928e-04
 -6.00000e-03  1.58626e-05  1.74325e-03  5.95116e-05
 -6.00000e-03  1.66975e-05  2.15512e-03  3.15140e-04
 -6.00000e-03  1.75323e-05  2.59047e-03  5.89289e-04
 -6.00000e-03  1.83672e-05  3.04931e-03  8.82286e-04
 -6.00000e-03  1.92021e-05  3.53168e-03  1.19446e-03
 -6.00000e-03  2.00370e-05  4.03760e-03  1.52615e-03
 -6.00000e-03  2.08718e-05  4.56709e-03  1.87767e-03

 -4.80000e-03  0.00000e+00 -1.32048e-03 -1.35441e-03
 -4.80000e-03  8.34874e-07 -1.37630e-03 -1.39525e-03
 -4.80000e-03  1.66975e-06 -1.40927e-03 -1.42407e-03
 -4.80000e-03  2.50462e-06 -1.41938e-03 -1.44054e-03
 -4.80000e-03  3.33949e-06 -1.40658e-03 -1.44433e-03
 -4.80000e-03  4.17437e-06 -1.37086e-03 -1.43512e-03
 -4.80000e-03  5.00924e-06 -1.31219e-03 -1.41258e-03
 -4.80000e-03  5.84412e-06 -1.23054e-03 -1.37636e-03
 -4.80000e-03  6.67899e-06 -1.12589e-03 -1.32616e-03
 -4.80000e-03  7.51386e-06 -9.98211e-04 -1.26163e-03
 -4.80000e-03  8.34874e-06 -8.47479e-04 -1.18244e-03
 -4.80000e-03  9.18361e-06 -6.73668e-04 -1.08827e-03
 -4.80000e-03  1.00185e-05 -4.76751e-04 -9.78783e-04
 -4.80000e-03  1.08534e-05 -2.56703e-04 -8.53654e-04
 -4.80000e-03  1.16882e-05 -1.34971e-05 -7.12552e-04
 -4.80000e-03  1.25231e-05  2.52892e-04 -5.55147e-04
 -4.80000e-03  1.33580e-05  5.42491e-04 -3.81109e-04
 -4.80000e-03  1.41929e-05  8.55324e-04 -1.90108e-04
 -4.80000e-03  1.50277e-05  1.19142e-03  1.81849e-05
 -4.80000e-03  1.58626e-05  1.55080e-03  2.44100e-04
 -4.80000e-03  1.66975e-05  1.93350e-03  4.87966e-04
 -4.80000e-03  1.75323e-05  2.33953e-03  7.50114e-04
 -4.80000e-03  1.83672e-05  2.76893e-03  1.03087e-03
 -4.80000e-03  1.92021e-05  3.22172e-03  1.33057e-03
 -4.80000e-03  2.00370e-05  3.69792e-03  1.64954e-03
 -4.80000e-03  2.08718e-05  4.19757e-03  1.98811e-03

 -3.60000e-03  0.00000e+00 -9.84760e-04 -1.00153e-03
 -3.60000e-03  8.34874e-07 -1.06644e-03 -1.04939e-03
 -3.60000e-03  1.66975e-06 -1.12541e-03 -1.08548e-03
 -3.60000e-03  2.50462e-06 -1.16166e-03 -1.10946e-03
 -3.60000e-03  3.33949e-06 -1.17515e-03 -1.12101e-03
 -3.60000e-03  4.17437e-06 -1.16586e-03 -1.11980e-03
 -3.60000e-03  5.00924e-06 -1.13377e-03 -1.10549e-03
 -3.60000e-03  5.84412e-06 -1.07884e-03 -1.07776e-03
 -3.60000e-03  6.67899e-06 -1.00105e-03 -1.03628e-03
 -3.60000e-03  7.51386e-06 -9.00375e-04 -9.80710e-04
 -3.60000e-03  8.34874e-06 -7.76791e-04 -9.10732e-04
 -3.60000e-03  9.18361e-06 -6.30271e-04 -8.26012e-04
 -3.60000e-03  1.00185e-05 -4.60788e-04 -7.26221e-04
 -3.60000e-03  1.08534e-05 -2.68317e-04 -6.11028e-04
 -3.60000e-03  1.16882e-05 -5.28323e-05 -4.80104e-04
 -3.60000e-03  1.25231e-05  1.85693e-04 -3.33120e-04
 -3.60000e-03  1.33580e-05  4.47284e-04 -1.69745e-04
 -3.60000e-03  1.41929e-05  7.31968e-04  1.03504e-05
 -3.60000e-03  1.50277e-05  1.03977e-03  2.07495e-04
 -3.60000e-03  1.58626e-05  1.37071e-03  4.22020e-04
 -3.60000e-03  1.66975e-05  1.72483e-03  6.54253e-04
 -3.60000e-03  1.75323e-05  2.10214e-03  9.04526e-04
 -3.60000e-03  1.83672e-05  2.50267e-03  1.17317e-03
 -3.60000e-03  1.92021e-05  2.92645e-03  1.46051e-03
 -3.60000e-03  2.00370e-05  3.37350e-03  1.76687e-03
 -3.60000e-03  2.08718e-05  3.84385e-03  2.09260e-03

 -2.40000e-03  0.00000e+00 -6.51799e-04 -6.58322e-04
 -2.40000e-03  8.34874e-07 -7.58617e-04 -7.13010e-04
 -2.40000e-03  1.66975e-06 -8.42885e-04 -7.56170e-04
 -2.40000e-03  2.50462e-06 -9.04577e-04 -7.87473e-04
 -2.40000e-03  3.33949e-06 -9.43667e-04 -8.06589e-04
 -2.40000e-03  4.17437e-06 -9.60129e-04 -8.13188e-04
 -2.40000e-03  5.00924e-06 -9.53937e-04 -8.06941e-04
 -2.40000e-03  5.84412e-06 -9.25065e-04 -7.87517e-04
 -2.40000e-03  6.67899e-06 -8.73488e-04 -7.54587e-04
 -2.40000e-03  7.51386e-06 -7.99179e-04 -7.07822e-04
 -2.40000e-03  8.34874e-06 -7.02112e-04 -6.46891e-04
 -2.40000e-03  9.18361e-06 -5.82262e-04 -5.71465e-04
 -2.40000e-03  1.00185e-05 -4.39603e-04 -4.81214e-04
 -2.40000e-03  1.08534e-05 -2.74108e-04 -3.75809e-04
 -2.40000e-03  1.16882e-05 -8.57527e-05 -2.54920e-04
 -2.40000e-03  1.25231e-05  1.25490e-04 -1.18217e-04
 -2.40000e-03  1.33580e-05  3.59646e-04  3.46299e-05
 -2.40000e-03  1.41929e-05  6.16740e-04  2.03950e-04
 -2.40000e-03  1.50277e-05  8.96800e-04  3.90073e-04
 -2.40000e-03  1.58626e-05  1.19985e-03  5.93329e-04
 -2.40000e-03  1.66975e-05  1.52592e-03  8.14047e-04
 -2.40000e-03  1.75323e-05  1.87503e-03  1.05256e-03
 -2.40000e-03  1.83672e-05  2.24720e-03  1.30919e-03
 -2.40000e-03  1.92021e-05  2.64247e-03  1.58427e-03
 -2.40000e-03  2.00370e-05  3.06087e-03  1.87814e-03
 -2.40000e-03  2.08718e-05  3.50240e-03  2.19111e-03

 -1.20000e-03  0.00000e+00 -3.23126e-04 -3.24547e-04
 -1.20000e-03  8.34874e-07 -4.54425e-04 -3.85869e-04
 -1.20000e-03  1.66975e-06 -5.63337e-04 -4.35915e-04
 -1.20000e-03  2.50462e-06 -6.49836e-04 -4.74354e-04
 -1.20000e-03  3.33949e-06 -7.13896e-04 -5.00858e-04
 -1.20000e-03  4.17437e-06 -7.55491e-04 -5.15095e-04
 -1.20000e-03  5.00924e-06 -7.74595e-04 -5.16738e-04
 -1.20000e-03  5.84412e-06 -7.71182e-04 -5.05455e-04
 -1.20000e-03  6.67899e-06 -7.45226e-04 -4.80918e-04
 -1.20000e-03  7.51386e-06 -6.96701e-04 -4.42796e-04
 -1.20000e-03  8.34874e-06 -6.25582e-04 -3.90760e-04
 -1.20000e-03  9.18361e-06 -5.31842e-04 -3.24480e-04
 -1.20000e-03  1.00185e-05 -4.15456e-04 -2.43626e-04
 -1.20000e-03  1.08534e-05 -2.76398e-04 -1.47869e-04
 -1.20000e-03  1.16882e-05 -1.14642e-04 -3.68794e-05
 -1.20000e-03  1.25231e-05  6.98389e-05  8.96730e-05
 -1.20000e-03  1.33580e-05  2.77070e-04  2.32118e-04
 -1.20000e-03  1.41929e-05  5.07076e-04  3.90785e-04
 -1.20000e-03  1.50277e-05  7.59885e-04  5.66004e-04
 -1.20000e-03  1.58626e-05  1.03552e-03  7.58104e-04
 -1.20000e-03  1.66975e-05  1.33401e-03  9.67415e-04
 -1.20000e-03  1.75323e-05  1.65538e-03  1.19427e-03
 -1.20000e-03  1.83672e-05  1.99965e-03  1.43899e-03
 -1.20000e-03  1.92021e-05  2.36686e-03  1.70191e-03
 -1.20000e-03  2.00370e-05  2.75702e-03  1.98337e-03
 -1.20000e-03  2.08718e-05  3.17017e-03  2.28368e-03

  0.00000e+00  0.00000e+00  0.00000e+00  0.00000e+00
  0.00000e+00  8.34874e-07 -1.55177e-04 -6.77698e-05
  0.00000e+00  1.66975e-06 -2.88139e-04 -1.24519e-04
  0.00000e+00  2.50462e-06 -3.98860e-04 -1.69917e-04
  0.00000e+00  3.33949e-06 -4.87315e-04 -2.03635e-04
  0.00000e+00  4.17437e-06 -5.53478e-04 -2.25342e-04
  0.00000e+00  5.00924e-06 -5.97323e-04 -2.34710e-04
  0.00000e+00  5.84412e-06 -6.18824e-04 -2.31408e-04
  0.00000e+00  6.67899e-06 -6.17954e-04 -2.15108e-04
  0.00000e+00  7.51386e-06 -5.94689e-04 -1.85478e-04
  0.00000e+00  8.34874e-06 -5.49002e-04 -1.42190e-04
  0.00000e+00  9.18361e-06 -4.80867e-04 -8.49131e-05
  0.00000e+00  1.00185e-05 -3.90259e-04 -1.33185e-05
  0.00000e+00  1.08534e-05 -2.77151e-04  7.29238e-05
  0.00000e+00  1.16882e-05 -1.41518e-04  1.74144e-04
  0.00000e+00  1.25231e-05  1.66670e-05  2.90670e-04
  0.00000e+00  1.33580e-05  1.97429e-04  4.22834e-04
  0.00000e+00  1.41929e-05  4.00794e-04  5.70964e-04
  0.00000e+00  1.50277e-05  6.26788e-04  7.35390e-04
  0.00000e+00  1.58626e-05  8.75437e-04  9.16443e-04
  0.00000e+00  1.66975e-05  1.14677e-03  1.11445e-03
  0.00000e+00  1.75323e-05  1.44080e-03  1.32974e-03
  0.00000e+00  1.83672e-05  1.75757e-03  1.56265e-03
  0.00000e+00  1.92021e-05  2.09710e-03  1.81350e-03
  0.00000e+00  2.00370e-05  2.45941e-03  2.08263e-03
  0.00000e+00  2.08718e-05  2.84454e-03  2.37036e-03

  1.20000e-03  0.00000e+00  3.16549e-04  3.15487e-04
  1.20000e-03  8.34874e-07  1.38052e-04  2.41453e-04
  1.20000e-03  1.66975e-06 -1.84136e-05  1.78181e-04
  1.20000e-03  2.50462e-06 -1.52821e-04  1.25999e-04
  1.20000e-03  3.33949e-06 -2.65145e-04  8.52372e-05
  1.20000e-03  4.17437e-06 -3.55359e-04  5.62259e-05
  1.20000e-03  5.00924e-06 -4.23438e-04  3.92944e-05
  1.20000e-03  5.84412e-06 -4.69355e-04  3.47724e-05
  1.20000e-03  6.67899e-06 -4.93085e-04  4.29897e-05
  1.20000e-03  7.51386e-06 -4.94601e-04  6.42759e-05
  1.20000e-03  8.34874e-06 -4.73878e-04  9.89607e-05
  1.20000e-03  9.18361e-06 -4.30891e-04  1.47374e-04
  1.20000e-03  1.00185e-05 -3.65612e-04  2.09845e-04
  1.20000e-03  1.08534e-05 -2.78016e-04  2.86704e-04
  1.20000e-03  1.16882e-05 -1.68078e-04  3.78281e-04
  1.20000e-03  1.25231e-05 -3.57705e-05  4.84904e-04
  1.20000e-03  1.33580e-05  1.18931e-04  6.06905e-04
  1.20000e-03  1.41929e-05  2.96054e-04  7.44612e-04
  1.20000e-03  1.50277e-05  4.95623e-04  8.98355e-04
  1.20000e-03  1.58626e-05  7.17664e-04  1.06846e-03
  1.20000e-03  1.66975e-05  9.62203e-04  1.25527e-03
  1.20000e-03  1.75323e-05  1.22927e-03  1.45910e-03
  1.20000e-03  1.83672e-05  1.51888e-03  1.68028e-03
  1.20000e-03  1.92021e-05  1.83107e-03  1.91915e-03
  1.20000e-03  2.00370e-05  2.16586e-03  2.17604e-03
  1.20000e-03  2.08718e-05  2.52328e-03  2.45127e-03

  2.40000e-03  0.00000e+00  6.25682e-04  6.22046e-04
  2.40000e-03  8.34874e-07  4.24380e-04  5.41933e-04
  2.40000e-03  1.66975e-06  2.44916e-04  4.72316e-04
  2.40000e-03  2.50462e-06  8.73183e-05  4.13526e-04
  2.40000e-03  3.33949e-06 -4.83883e-05  3.65892e-04
  2.40000e-03  4.17437e-06 -1.62178e-04  3.29743e-04
  2.40000e-03  5.00924e-06 -2.54024e-04  3.05411e-04
  2.40000e-03  5.84412e-06 -3.23902e-04  2.93223e-04
  2.40000e-03  6.67899e-06 -3.71784e-04  2.93510e-04
  2.40000e-03  7.51386e-06 -3.97646e-04  3.06602e-04
  2.40000e-03  8.34874e-06 -4.01461e-04  3.32829e-04
  2.40000e-03  9.18361e-06 -3.83203e-04  3.72519e-04
  2.40000e-03  1.00185e-05 -3.42847e-04  4.26003e-04
  2.40000e-03  1.08534e-05 -2.80366e-04  4.93610e-04
  2.40000e-03  1.16882e-05 -1.95735e-04  5.75671e-04
  2.40000e-03  1.25231e-05 -8.89282e-05  6.72514e-04
  2.40000e-03  1.33580e-05  4.00811e-05  7.84470e-04
  2.40000e-03  1.41929e-05  1.91319e-04  9.11868e-04
  2.40000e-03  1.50277e-05  3.64810e-04  1.05504e-03
  2.40000e-03  1.58626e-05  5.60581e-04  1.21431e-03
  2.40000e-03  1.66975e-05  7.78658e-04  1.39001e-03
  2.40000e-03  1.75323e-05  1.01907e-03  1.58248e-03
  2.40000e-03  1.83672e-05  1.28183e-03  1.79203e-03
  2.40000e-03  1.92021e-05  1.56698e-03  2.01901e-03
  2.40000e-03  2.00370e-05  1.87454e-03  2.26373e-03
  2.40000e-03  2.08718e-05  2.20454e-03  2.52654e-03

  3.60000e-03  0.00000e+00  9.26718e-04  9.19774e-04
  3.60000e-03  8.34874e-07  7.03090e-04  8.33769e-04
  3.60000e-03  1.66975e-06  5.01100e-04  7.57992e-04
  3.60000e-03  2.50462e-06  3.20773e-04  6.92773e-04
  3.60000e-03  3.33949e-06  1.62135e-04  6.38441e-04
  3.60000e-03  4.17437e-06  2.52115e-05  5.95326e-04
  3.60000e-03  5.00924e-06 -8.99710e-05  5.63758e-04
  3.60000e-03  5.84412e-06 -1.83387e-04  5.44067e-04
  3.60000e-03  6.67899e-06 -2.55010e-04  5.36581e-04
  3.60000e-03  7.51386e-06 -3.04815e-04  5.41632e-04
  3.60000e-03  8.34874e-06 -3.32775e-04  5.59548e-04
  3.60000e-03  9.18361e-06 -3.38865e-04  5.90659e-04
  3.60000e-03  1.00185e-05 -3.23059e-04  6.35296e-04
  3.60000e-03  1.08534e-05 -2.85331e-04  6.93787e-04
  3.60000e-03  1.16882e-05 -2.25654e-04  7.66462e-04
  3.60000e-03  1.25231e-05 -1.44004e-04  8.53652e-04
  3.60000e-03  1.33580e-05 -4.03541e-05  9.55686e-04
  3.60000e-03  1.41929e-05  8.53218e-05  1.07289e-03
  3.60000e-03  1.50277e-05  2.33049e-04  1.20560e-03
  3.60000e-03  1.58626e-05  4.02854e-04  1.35415e-03
  3.60000e-03  1.66975e-05  5.94763e-04  1.51885e-03
  3.60000e-03  1.75323e-05  8.08801e-04  1.70005e-03
  3.60000e-03  1.83672e-05  1.04499e-03  1.89807e-03
  3.60000e-03  1.92021e-05  1.30337e-03  2.11324e-03
  3.60000e-03  2.00370e-05  1.58395e-03  2.34589e-03
  3.60000e-03  2.08718e-05  1.88676e-03  2.59636e-03

  4.80000e-03  0.00000e+00  1.21910e-03  1.20874e-03
  4.80000e-03  8.34874e-07  9.73603e-04  1.11704e-03
  4.80000e-03  1.66975e-06  7.49529e-04  1.03529e-03
  4.80000e-03  2.50462e-06  5.46906e-04  9.63825e-04
  4.80000e-03  3.33949e-06  3.65760e-04  9.02977e-04
  4.80000e-03  4.17437e-06  2.06117e-04  8.53073e-04
  4.80000e-03  5.00924e-06  6.80024e-05  8.14442e-04
  4.80000e-03  5.84412e-06 -4.85578e-05  7.87415e-04
  4.80000e-03  6.67899e-06 -1.43538e-04  7.72320e-04
  4.80000e-03  7.51386e-06 -2.16911e-04  7.69489e-04
  4.80000e-03  8.34874e-06 -2.68652e-04  7.79250e-04
  4.80000e-03  9.18361e-06 -2.98735e-04  8.01933e-04
  4.80000e-03  1.00185e-05 -3.07134e-04  8.37869e-04
  4.80000e-03  1.08534e-05 -2.93823e-04  8.87386e-04
  4.80000e-03  1.16882e-05 -2.58776e-04  9.50814e-04
  4.80000e-03  1.25231e-05 -2.01968e-04  1.02848e-03
  4.80000e-03  1.33580e-05 -1.23371e-04  1.12072e-03
  4.80000e-03  1.41929e-05 -2.29615e-05  1.22786e-03
  4.80000e-03  1.50277e-05  9.92879e-05  1.35023e-03
  4.80000e-03  1.58626e-05  2.43403e-04  1.48816e-03
  4.80000e-03  1.66975e-05  4.09409e-04  1.64198e-03
  4.80000e-03  1.75323e-05  5.97332e-04  1.81202e-03
  4.80000e-03  1.83672e-05  8.07199e-04  1.99861e-03
  4.80000e-03  1.92021e-05  1.03903e-03  2.20208e-03
  4.80000e-03  2.00370e-05  1.29286e-03  2.42275e-03
  4.80000e-03  2.08718e-05  1.56872e-03  2.66097e-03

  6.00000e-03  0.00000e+00  1.50239e-03  1.48897e-03
  6.00000e-03  8.34874e-07  1.23545e-03  1.39177e-03
  6.00000e-03  1.66975e-06  9.89714e-04  1.30426e-03
  6.00000e-03  2.50462e-06  7.65208e-04  1.22675e-03
  6.00000e-03  3.33949e-06  5.61957e-04  1.15957e-03
  6.00000e-03  4.17437e-06  3.79986e-04  1.10307e-03
  6.00000e-03  5.00924e-06  2.19322e-04  1.05755e-03
  6.00000e-03  5.84412e-06  7.99902e-05  1.02337e-03
  6.00000e-03  6.67899e-06 -3.79829e-05  1.00084e-03
  6.00000e-03  7.51386e-06 -1.34572e-04  9.90297e-04
  6.00000e-03  8.34874e-06 -2.09750e-04  9.92068e-04
  6.00000e-03  9.18361e-06 -2.63493e-04  1.00648e-03
  6.00000e-03  1.00185e-05 -2.95773e-04  1.03387e-03
  6.00000e-03  1.08534e-05 -3.06566e-04  1.07457e-03
  6.00000e-03  1.16882e-05 -2.95844e-04  1.12890e-03
  6.00000e-03  1.25231e-05 -2.63583e-04  1.19719e-03
  6.00000e-03  1.33580e-05 -2.09756e-04  1.27977e-03
  6.00000e-03  1.41929e-05 -1.34338e-04  1.37698e-03
  6.00000e-03  1.50277e-05 -3.73017e-05  1.48914e-03
  6.00000e-03  1.58626e-05  8.13777e-05  1.61658e-03
  6.00000e-03  1.66975e-05  2.21726e-04  1.75964e-03
  6.00000e-03  1.75323e-05  3.83770e-04  1.91864e-03
  6.00000e-03  1.83672e-05  5.67535e-04  2.09391e-03
  6.00000e-03  1.92021e-05  7.73047e-04  2.28577e-03
  6.00000e-03  2.00370e-05  1.00033e-03  2.49458e-03
  6.00000e-03  2.08718e-05  1.24942e-03  2.72064e-03

  7.20000e-03  0.00000e+00  1.77621e-03  1.76048e-03
  7.20000e-03  8.34874e-07  1.48825e-03  1.65801e-03
  7.20000e-03  1.66975e-06  1.22127e-03  1.56493e-03
  7.20000e-03  2.50462e-06  9.75274e-04  1.48158e-03
  7.20000e-03  3.33949e-06  7.50306e-04  1.40829e-03
  7.20000e-03  4.17437e-06  5.46386e-04  1.34538e-03
  7.20000e-03  5.00924e-06  3.63541e-04  1.29318e-03
  7.20000e-03  5.84412e-06  2.01796e-04  1.25203e-03
  7.20000e-03  6.67899e-06  6.11782e-05  1.22225e-03
  7.20000e-03  7.51386e-06 -5.82872e-05  1.20418e-03
  7.20000e-03  8.34874e-06 -1.56574e-04  1.19813e-03
  7.20000e-03  9.18361e-06 -2.33657e-04  1.20446e-03
  7.20000e-03  1.00185e-05 -2.89510e-04  1.22347e-03
  7.20000e-03  1.08534e-05 -3.24106e-04  1.25551e-03
  7.20000e-03  1.16882e-05 -3.37420e-04  1.30090e-03
  7.20000e-03  1.25231e-05 -3.29427e-04  1.35997e-03
  7.20000e-03  1.33580e-05 -3.00100e-04  1.43305e-03
  7.20000e-03  1.41929e-05 -2.49412e-04  1.52047e-03
  7.20000e-03  1.50277e-05 -1.77340e-04  1.62256e-03
  7.20000e-03  1.58626e-05 -8.38555e-05  1.73966e-03
  7.20000e-03  1.66975e-05  3.10663e-05  1.87208e-03
  7.20000e-03  1.75323e-05  1.67451e-04  2.02017e-03
  7.20000e-03  1.83672e-05  3.25326e-04  2.18424e-03
  7.20000e-03  1.92021e-05  5.04715e-04  2.36463e-03
  7.20000e-03  2.00370e-05  7.05646e-04  2.56168e-03
  7.20000e-03  2.08718e-05  9.28144e-04  2.77570e-03

  8.40000e-03  0.00000e+00  2.04030e-03  2.02324e-03
  8.40000e-03  8.34874e-07  1.73173e-03  1.91573e-03
  8.40000e-03  1.66975e-06  1.44388e-03  1.81732e-03
  8.40000e-03  2.50462e-06  1.17680e-03  1.72836e-03
  8.40000e-03  3.33949e-06  9.30491e-04  1.64916e-03
  8.40000e-03  4.17437e-06  7.04992e-04  1.58006e-03
  8.40000e-03  5.00924e-06  5.00326e-04  1.52139e-03
  8.40000e-03  5.84412e-06  3.16519e-04  1.47348e-03
  8.40000e-03  6.67899e-06  1.53598e-04  1.43666e-03
  8.40000e-03  7.51386e-06  1.15866e-05  1.41125e-03
  8.40000e-03  8.34874e-06 -1.09488e-04  1.39759e-03
  8.40000e-03  9.18361e-06 -2.09600e-04  1.39601e-03
  8.40000e-03  1.00185e-05 -2.88723e-04  1.40683e-03
  8.40000e-03  1.08534e-05 -3.46832e-04  1.43039e-03
  8.40000e-03  1.16882e-05 -3.83900e-04  1.46702e-03
  8.40000e-03  1.25231e-05 -3.99902e-04  1.51704e-03
  8.40000e-03  1.33580e-05 -3.94813e-04  1.58078e-03
  8.40000e-03  1.41929e-05 -3.68605e-04  1.65858e-03
  8.40000e-03  1.50277e-05 -3.21253e-04  1.75077e-03
  8.40000e-03  1.58626e-05 -2.52731e-04  1.85767e-03
  8.40000e-03  1.66975e-05 -1.63014e-04  1.97961e-03
  8.40000e-03  1.75323e-05 -5.20747e-05  2.11693e-03
  8.40000e-03  1.83672e-05  8.01120e-05  2.26995e-03
  8.40000e-03  1.92021e-05  2.33572e-04  2.43900e-03
  8.40000e-03  2.00370e-05  4.08332e-04  2.62442e-03
  8.40000e-03  2.08718e-05  6.04417e-04  2.82653e-03

  9.60000e-03  0.00000e+00  2.29442e-03  2.27722e-03
  9.60000e-03  8.34874e-07  1.96564e-03  2.16491e-03
  9.60000e-03  1.66975e-06  1.65735e-03  2.06143e-03
  9.60000e-03  2.50462e-06  1.36955e-03  1.96709e-03
  9.60000e-03  3.33949e-06  1.10229e-03  1.88223e-03
  9.60000e-03  4.17437e-06  8.55579e-04  1.80718e-03
  9.60000e-03  5.00924e-06  6.29452e-04  1.74227e-03
  9.60000e-03  5.84412e-06  4.23932e-04  1.68782e-03
  9.60000e-03  6.67899e-06  2.39046e-04  1.64417e-03
  9.60000e-03  7.51386e-06  7.48194e-05  1.61165e-03
  9.60000e-03  8.34874e-06 -6.87224e-05  1.59058e-03
  9.60000e-03  9.18361e-06 -1.91553e-04  1.58130e-03
  9.60000e-03  1.00185e-05 -2.93647e-04  1.58414e-03
  9.60000e-03  1.08534e-05 -3.74978e-04  1.59942e-03
  9.60000e-03  1.16882e-05 -4.35520e-04  1.62748e-03
  9.60000e-03  1.25231e-05 -4.75247e-04  1.66864e-03
  9.60000e-03  1.33580e-05 -4.94134e-04  1.72324e-03
  9.60000e-03  1.41929e-05 -4.92154e-04  1.79160e-03
  9.60000e-03  1.50277e-05 -4.69282e-04  1.87405e-03
  9.60000e-03  1.58626e-05 -4.25492e-04  1.97093e-03
  9.60000e-03  1.66975e-05 -3.60757e-04  2.08256e-03
  9.60000e-03  1.75323e-05 -2.75052e-04  2.20927e-03
  9.60000e-03  1.83672e-05 -1.68352e-04  2.35140e-03
  9.60000e-03  1.92021e-05 -4.06289e-05  2.50927e-03
  9.60000e-03  2.00370e-05  1.08142e-04  2.68321e-03
  9.60000e-03  2.08718e-05  2.77986e-04  2.87356e-03

  1.08000e-02  0.00000e+00  2.53842e-03  2.52234e-03
  1.08000e-02  8.34874e-07  2.18985e-03  2.40552e-03
  1.08000e-02  1.66975e-06  1.86150e-03  2.29722e-03
  1.08000e-02  2.50462e-06  1.55340e-03  2.19778e-03
  1.08000e-02  3.33949e-06  1.26556e-03  2.10752e-03
  1.08000e-02  4.17437e-06  9.98017e-04  2.02677e-03
  1.08000e-02  5.00924e-06  7.50794e-04  1.95587e-03
  1.08000e-02  5.84412e-06  5.23916e-04  1.89514e-03
  1.08000e-02  6.67899e-06  3.17411e-04  1.84491e-03
  1.08000e-02  7.51386e-06  1.31303e-04  1.80551e-03
  1.08000e-02  8.34874e-06 -3.43803e-05  1.77727e-03
  1.08000e-02  9.18361e-06 -1.79614e-04  1.76052e-03
  1.08000e-02  1.00185e-05 -3.04373e-04  1.75560e-03
  1.08000e-02  1.08534e-05 -4.08630e-04  1.76282e-03
  1.08000e-02  1.16882e-05 -4.92360e-04  1.78253e-03
  1.08000e-02  1.25231e-05 -5.55536e-04  1.81505e-03
  1.08000e-02  1.33580e-05 -5.98133e-04  1.86070e-03
  1.08000e-02  1.41929e-05 -6.20125e-04  1.91982e-03
  1.08000e-02  1.50277e-05 -6.21486e-04  1.99275e-03
  1.08000e-02  1.58626e-05 -6.02190e-04  2.07980e-03
  1.08000e-02  1.66975e-05 -5.62212e-04  2.18131e-03
  1.08000e-02  1.75323e-05 -5.01524e-04  2.29761e-03
  1.08000e-02  1.83672e-05 -4.20102e-04  2.42902e-03
  1.08000e-02  1.92021e-05 -3.17919e-04  2.57589e-03
  1.08000e-02  2.00370e-05 -1.94950e-04  2.73853e-03
  1.08000e-02  2.08718e-05 -5.11689e-05  2.91728e-03

  1.20000e-02  0.00000e+00  2.77221e-03  2.75854e-03
  1.20000e-02  8.34874e-07  2.40428e-03  2.63750e-03
  1.20000e-02  1.66975e-06  2.05629e-03  2.52468e-03
  1.20000e-02  2.50462e-06  1.72828e-03  2.42043e-03
  1.20000e-02  3.33949e-06  1.42027e-03  2.32505e-03
  1.20000e-02  4.17437e-06  1.13228e-03  2.23889e-03
  1.20000e-02  5.00924e-06  8.64332e-04  2.16227e-03
  1.20000e-02  5.84412e-06  6.16464e-04  2.09552e-03
  1.20000e-02  6.67899e-06  3.88696e-04  2.03898e-03
  1.20000e-02  7.51386e-06  1.81056e-04  1.99297e-03
  1.20000e-02  8.34874e-06 -6.43272e-06  1.95782e-03
  1.20000e-02  9.18361e-06 -1.73743e-04  1.93387e-03
  1.20000e-02  1.00185e-05 -3.20848e-04  1.92143e-03
  1.20000e-02  1.08534e-05 -4.47724e-04  1.92085e-03
  1.20000e-02  1.16882e-05 -5.54343e-04  1.93244e-03
  1.20000e-02  1.25231e-05 -6.40680e-04  1.95655e-03
  1.20000e-02  1.33580e-05 -7.06709e-04  1.99350e-03
  1.20000e-02  1.41929e-05 -7.52404e-04  2.04361e-03
  1.20000e-02  1.50277e-05 -7.77740e-04  2.10723e-03
  1.20000e-02  1.58626e-05 -7.82689e-04  2.18468e-03
  1.20000e-02  1.66975e-05 -7.67228e-04  2.27628e-03
  1.20000e-02  1.75323e-05 -7.31328e-04  2.38238e-03
  1.20000e-02  1.83672e-05 -6.74966e-04  2.50329e-03
  1.20000e-02  1.92021e-05 -5.98114e-04  2.63935e-03
  1.20000e-02  2.00370e-05 -5.00746e-04  2.79089e-03
  1.20000e-02  2.08718e-05 -3.82838e-04  2.95824e-03

  1.32000e-02  0.00000e+00  2.99576e-03  2.98570e-03
  1.32000e-02  8.34874e-07  2.60891e-03  2.86077e-03
  1.32000e-02  1.66975e-06  2.24173e-03  2.74377e-03
  1.32000e-02  2.50462e-06  1.89424e-03  2.63501e-03
  1.32000e-02  3.33949e-06  1.56646e-03  2.53484e-03
  1.32000e-02  4.17437e-06  1.25843e-03  2.44357e-03
  1.32000e-02  5.00924e-06  9.70159e-04  2.36154e-03
  1.32000e-02  5.84412e-06  7.01686e-04  2.28909e-03
  1.32000e-02  6.67899e-06  4.53032e-04  2.22653e-03
  1.32000e-02  7.51386e-06  2.24224e-04  2.17420e-03
  1.32000e-02  8.34874e-06  1.52869e-05  2.13243e-03
  1.32000e-02  9.18361e-06 -1.73752e-04  2.10154e-03
  1.32000e-02  1.00185e-05 -3.42869e-04  2.08188e-03
  1.32000e-02  1.08534e-05 -4.92035e-04  2.07376e-03
  1.32000e-02  1.16882e-05 -6.21227e-04  2.07752e-03
  1.32000e-02  1.25231e-05 -7.30418e-04  2.09348e-03
  1.32000e-02  1.33580e-05 -8.19582e-04  2.12198e-03
  1.32000e-02  1.41929e-05 -8.88693e-04  2.16335e-03
  1.32000e-02  1.50277e-05 -9.37726e-04  2.21792e-03
  1.32000e-02  1.58626e-05 -9.66654e-04  2.28600e-03
  1.32000e-02  1.66975e-05 -9.75451e-04  2.36795e-03
  1.32000e-02  1.75323e-05 -9.64092e-04  2.46408e-03
  1.32000e-02  1.83672e-05 -9.32551e-04  2.57472e-03
  1.32000e-02  1.92021e-05 -8.80801e-04  2.70021e-03
  1.32000e-02  2.00370e-05 -8.08817e-04  2.84088e-03
  1.32000e-02  2.08718e-05 -7.16574e-04  2.99704e-03

  1.44000e-02  0.00000e+00  3.20914e-03  3.20374e-03
  1.44000e-02  8.34874e-07  2.80385e-03  3.07528e-03
  1.44000e-02  1.66975e-06  2.41793e-03  2.95443e-03
  1.44000e-02  2.50462e-06  2.05140e-03  2.84153e-03
  1.44000e-02  3.33949e-06  1.70431e-03  2.73690e-03
  1.44000e-02  4.17437e-06  1.37666e-03  2.64087e-03
  1.44000e-02  5.00924e-06  1.06849e-03  2.55377e-03
  1.44000e-02  5.84412e-06  7.79821e-04  2.47594e-03
  1.44000e-02  6.67899e-06  5.10682e-04  2.40769e-03
  1.44000e-02  7.51386e-06  2.61098e-04  2.34936e-03
  1.44000e-02  8.34874e-06  3.10948e-05  2.30129e-03
  1.44000e-02  9.18361e-06 -1.79302e-04  2.26379e-03
  1.44000e-02  1.00185e-05 -3.70067e-04  2.23721e-03
  1.44000e-02  1.08534e-05 -5.41174e-04  2.22186e-03
  1.44000e-02  1.16882e-05 -6.92596e-04  2.21808e-03
  1.44000e-02  1.25231e-05 -8.24308e-04  2.22621e-03
  1.44000e-02  1.33580e-05 -9.36285e-04  2.24655e-03
  1.44000e-02  1.41929e-05 -1.02850e-03  2.27946e-03
  1.44000e-02  1.50277e-05 -1.10093e-03  2.32526e-03
  1.44000e-02  1.58626e-05 -1.15354e-03  2.38427e-03
  1.44000e-02  1.66975e-05 -1.18631e-03  2.45683e-03
  1.44000e-02  1.75323e-05 -1.19922e-03  2.54327e-03
  1.44000e-02  1.83672e-05 -1.19224e-03  2.64391e-03
  1.44000e-02  1.92021e-05 -1.16534e-03  2.75909e-03
  1.44000e-02  2.00370e-05 -1.11849e-03  2.88914e-03
  1.44000e-02  2.08718e-05 -1.05168e-03  3.03438e-03

  1.56000e-02  0.00000e+00  3.41252e-03  3.41253e-03
  1.56000e-02  8.34874e-07  2.98928e-03  3.28093e-03
  1.56000e-02  1.66975e-06  2.58511e-03  3.15664e-03
  1.56000e-02  2.50462e-06  2.20004e-03  3.03997e-03
  1.56000e-02  3.33949e-06  1.83409e-03  2.93127e-03
  1.56000e-02  4.17437e-06  1.48730e-03  2.83085e-03
  1.56000e-02  5.00924e-06  1.15968e-03  2.73905e-03
  1.56000e-02  5.84412e-06  8.51257e-04  2.65620e-03
  1.56000e-02  6.67899e-06  5.62067e-04  2.58263e-03
  1.56000e-02  7.51386e-06  2.92130e-04  2.51867e-03
  1.56000e-02  8.34874e-06  4.14732e-05  2.46465e-03
  1.56000e-02  9.18361e-06 -1.89878e-04  2.42089e-03
  1.56000e-02  1.00185e-05 -4.01898e-04  2.38773e-03
  1.56000e-02  1.08534e-05 -5.94560e-04  2.36549e-03
  1.56000e-02  1.16882e-05 -7.67839e-04  2.35452e-03
  1.56000e-02  1.25231e-05 -9.21708e-04  2.35513e-03
  1.56000e-02  1.33580e-05 -1.05614e-03  2.36765e-03
  1.56000e-02  1.41929e-05 -1.17112e-03  2.39242e-03
  1.56000e-02  1.50277e-05 -1.26660e-03  2.42977e-03
  1.56000e-02  1.58626e-05 -1.34258e-03  2.48002e-03
  1.56000e-02  1.66975e-05 -1.39901e-03  2.54350e-03
  1.56000e-02  1.75323e-05 -1.43588e-03  2.62055e-03
  1.56000e-02  1.83672e-05 -1.45316e-03  2.71150e-03
  1.56000e-02  1.92021e-05 -1.45082e-03  2.81667e-03
  1.56000e-02  2.00370e-05 -1.42884e-03  2.93639e-03
  1.56000e-02  2.08718e-05 -1.38719e-03  3.07099e-03

  1.68000e-02  0.00000e+00  3.60617e-03  3.61196e-03
  1.68000e-02  8.34874e-07  3.16553e-03  3.47766e-03
  1.68000e-02  1.66975e-06  2.74364e-03  3.35034e-03
  1.68000e-02  2.50462e-06  2.34054e-03  3.23033e-03
  1.68000e-02  3.33949e-06  1.95626e-03  3.11797e-03
  1.68000e-02  4.17437e-06  1.59081e-03  3.01358e-03
  1.68000e-02  5.00924e-06  1.24424e-03  2.91749e-03
  1.68000e-02  5.84412e-06  9.16548e-04  2.83004e-03
  1.68000e-02  6.67899e-06  6.07778e-04  2.75154e-03
  1.68000e-02  7.51386e-06  3.17951e-04  2.68234e-03
  1.68000e-02  8.34874e-06  4.70927e-05  2.62275e-03
  1.68000e-02  9.18361e-06 -2.04770e-04  2.57312e-03
  1.68000e-02  1.00185e-05 -4.37612e-04  2.53377e-03
  1.68000e-02  1.08534e-05 -6.51407e-04  2.50503e-03
  1.68000e-02  1.16882e-05 -8.46130e-04  2.48722e-03
  1.68000e-02  1.25231e-05 -1.02175e-03  2.48069e-03
  1.68000e-02  1.33580e-05 -1.17825e-03  2.48576e-03
  1.68000e-02  1.41929e-05 -1.31560e-03  2.50275e-03
  1.68000e-02  1.50277e-05 -1.43377e-03  2.53200e-03
  1.68000e-02  1.58626e-05 -1.53274e-03  2.57385e-03
  1.68000e-02  1.66975e-05 -1.61249e-03  2.62860e-03
  1.68000e-02  1.75323e-05 -1.67297e-03  2.69661e-03
  1.68000e-02  1.83672e-05 -1.71418e-03  2.77819e-03
  1.68000e-02  1.92021e-05 -1.73608e-03  2.87369e-03
  1.68000e-02  2.00370e-05 -1.73865e-03  2.98341e-03
  1.68000e-02  2.08718e-05 -1.72186e-03  3.10771e-03

  1.80000e-02  0.00000e+00  3.79054e-03  3.80192e-03
  1.80000e-02  8.34874e-07  3.33307e-03  3.66538e-03
  1.80000e-02  1.66975e-06  2.89404e-03  3.53551e-03
  1.80000e-02  2.50462e-06  2.47349e-03  3.41263e-03
  1.80000e-02  3.33949e-06  2.07142e-03  3.29707e-03
  1.80000e-02  4.17437e-06  1.68787e-03  3.18915e-03
  1.80000e-02  5.00924e-06  1.32287e-03  3.08923e-03
  1.80000e-02  5.84412e-06  9.76443e-04  2.99761e-03
  1.80000e-02  6.67899e-06  6.48610e-04  2.91463e-03
  1.80000e-02  7.51386e-06  3.39400e-04  2.84062e-03
  1.80000e-02  8.34874e-06  4.88386e-05  2.77591e-03
  1.80000e-02  9.18361e-06 -2.23048e-04  2.72083e-03
  1.80000e-02  1.00185e-05 -4.76235e-04  2.67571e-03
  1.80000e-02  1.08534e-05 -7.10695e-04  2.64088e-03
  1.80000e-02  1.16882e-05 -9.26403e-04  2.61666e-03
  1.80000e-02  1.25231e-05 -1.12333e-03  2.60340e-03
  1.80000e-02  1.33580e-05 -1.30146e-03  2.60141e-03
  1.80000e-02  1.41929e-05 -1.46075e-03  2.61103e-03
  1.80000e-02  1.50277e-05 -1.60119e-03  2.63259e-03
  1.80000e-02  1.58626e-05 -1.72275e-03  2.66641e-03
  1.80000e-02  1.66975e-05 -1.82540e-03  2.71283e-03
  1.80000e-02  1.75323e-05 -1.90912e-03  2.77218e-03
  1.80000e-02  1.83672e-05 -1.97387e-03  2.84478e-03
  1.80000e-02  1.92021e-05 -2.01965e-03  2.93097e-03
  1.80000e-02  2.00370e-05 -2.04641e-03  3.03107e-03
  1.80000e-02  2.08718e-05 -2.05413e-03  3.14542e-03

  1.92000e-02  0.00000e+00  3.96622e-03  3.98230e-03
  1.92000e-02  8.34874e-07  3.49257e-03  3.84405e-03
  1.92000e-02  1.66975e-06  3.03703e-03  3.71213e-03
  1.92000e-02  2.50462e-06  2.59963e-03  3.58687e-03
  1.92000e-02  3.33949e-06  2.18040e-03  3.46861e-03
  1.92000e-02  4.17437e-06  1.77935e-03  3.35768e-03
  1.92000e-02  5.00924e-06  1.39651e-03  3.25440e-03
  1.92000e-02  5.84412e-06  1.03192e-03  3.15911e-03
  1.92000e-02  6.67899e-06  6.85593e-04  3.07213e-03
  1.92000e-02  7.51386e-06  3.57559e-04  2.99380e-03
  1.92000e-02  8.34874e-06  4.78427e-05  2.92444e-03
  1.92000e-02  9.18361e-06 -2.43529e-04  2.86439e-03
  1.92000e-02  1.00185e-05 -5.16530e-04  2.81396e-03
  1.92000e-02  1.08534e-05 -7.71136e-04  2.77350e-03
  1.92000e-02  1.16882e-05 -1.00732e-03  2.74334e-03
  1.92000e-02  1.25231e-05 -1.22505e-03  2.72379e-03
  1.92000e-02  1.33580e-05 -1.42432e-03  2.71520e-03
  1.92000e-02  1.41929e-05 -1.60508e-03  2.71789e-03
  1.92000e-02  1.50277e-05 -1.76731e-03  2.73219e-03
  1.92000e-02  1.58626e-05 -1.91100e-03  2.75843e-03
  1.92000e-02  1.66975e-05 -2.03611e-03  2.79695e-03
  1.92000e-02  1.75323e-05 -2.14261e-03  2.84806e-03
  1.92000e-02  1.83672e-05 -2.23049e-03  2.91211e-03
  1.92000e-02  1.92021e-05 -2.29971e-03  2.98941e-03
  1.92000e-02  2.00370e-05 -2.35024e-03  3.08031e-03
  1.92000e-02  2.08718e-05 -2.38208e-03  3.18512e-03

  2.04000e-02  0.00000e+00  4.13405e-03  4.15301e-03
  2.04000e-02  8.34874e-07  3.64492e-03  4.01360e-03
  2.04000e-02  1.66975e-06  3.17356e-03  3.88019e-03
  2.04000e-02  2.50462e-06  2.71999e-03  3.75312e-03
  2.04000e-02  3.33949e-06  2.28425e-03  3.63271e-03
  2.04000e-02  4.17437e-06  1.86635e-03  3.51930e-03
  2.04000e-02  5.00924e-06  1.46633e-03  3.41322e-03
  2.04000e-02  5.84412e-06  1.08422e-03  3.31479e-03
  2.04000e-02  6.67899e-06  7.20023e-04  3.22434e-03
  2.04000e-02  7.51386e-06  3.73782e-04  3.14221e-03
  2.04000e-02  8.34874e-06  4.55203e-05  3.06872e-03
  2.04000e-02  9.18361e-06 -2.64738e-04  3.00421e-03
  2.04000e-02  1.00185e-05 -5.56966e-04  2.94900e-03
  2.04000e-02  1.08534e-05 -8.31138e-04  2.90342e-03
  2.04000e-02  1.16882e-05 -1.08723e-03  2.86780e-03
  2.04000e-02  1.25231e-05 -1.32521e-03  2.84248e-03
  2.04000e-02  1.33580e-05 -1.54506e-03  2.82778e-03
  2.04000e-02  1.41929e-05 -1.74675e-03  2.82403e-03
  2.04000e-02  1.50277e-05 -1.93025e-03  2.83157e-03
  2.04000e-02  1.58626e-05 -2.09555e-03  2.85071e-03
  2.04000e-02  1.66975e-05 -2.24260e-03  2.88180e-03
  2.04000e-02  1.75323e-05 -2.37139e-03  2.92515e-03
  2.04000e-02  1.83672e-05 -2.48190e-03  2.98111e-03
  2.04000e-02  1.92021e-05 -2.57408e-03  3.05000e-03
  2.04000e-02  2.00370e-05 -2.64793e-03  3.13214e-03
  2.04000e-02  2.08718e-05 -2.70341e-03  3.22788e-03

  2.16000e-02  0.00000e+00  4.29512e-03  4.31396e-03
  2.16000e-02  8.34874e-07  3.79127e-03  4.17400e-03
  2.16000e-02  1.66975e-06  3.30483e-03  4.03972e-03
  2.16000e-02  2.50462e-06  2.83584e-03  3.91143e-03
  2.16000e-02  3.33949e-06  2.38433e-03  3.78947e-03
  2.16000e-02  4.17437e-06  1.95031e-03  3.67418e-03
  2.16000e-02  5.00924e-06  1.53382e-03  3.56588e-03
  2.16000e-02  5.84412e-06  1.13488e-03  3.46489e-03
  2.16000e-02  6.67899e-06  7.53510e-04  3.37156e-03
  2.16000e-02  7.51386e-06  3.89747e-04  3.28621e-03
  2.16000e-02  8.34874e-06  4.36114e-05  3.20916e-03
  2.16000e-02  9.18361e-06 -2.84870e-04  3.14076e-03
  2.16000e-02  1.00185e-05 -5.95671e-04  3.08133e-03
  2.16000e-02  1.08534e-05 -8.88766e-04  3.03119e-03
  2.16000e-02  1.16882e-05 -1.16413e-03  2.99068e-03
  2.16000e-02  1.25231e-05 -1.42174e-03  2.96013e-03
  2.16000e-02  1.33580e-05 -1.66156e-03  2.93987e-03
  2.16000e-02  1.41929e-05 -1.88357e-03  2.93023e-03
  2.16000e-02  1.50277e-05 -2.08775e-03  2.93153e-03
  2.16000e-02  1.58626e-05 -2.27406e-03  2.94411e-03
  2.16000e-02  1.66975e-05 -2.44249e-03  2.96829e-03
  2.16000e-02  1.75323e-05 -2.59301e-03  3.00442e-03
  2.16000e-02  1.83672e-05 -2.72558e-03  3.05280e-03
  2.16000e-02  1.92021e-05 -2.84019e-03  3.11379e-03
  2.16000e-02  2.00370e-05 -2.93681e-03  3.18770e-03
  2.16000e-02  2.08718e-05 -3.01542e-03  3.27486e-03

  2.28000e-02  0.00000e+00  4.45083e-03  4.46510e-03
  2.28000e-02  8.34874e-07  3.93308e-03  4.32526e-03
  2.28000e-02  1.66975e-06  3.43240e-03  4.19075e-03
  2.28000e-02  2.50462e-06  2.94880e-03  4.06191e-03
  2.28000e-02  3.33949e-06  2.48232e-03  3.93905e-03
  2.28000e-02  4.17437e-06  2.03297e-03  3.82252e-03
  2.28000e-02  5.00924e-06  1.60079e-03  3.71265e-03
  2.28000e-02  5.84412e-06  1.18580e-03  3.60975e-03
  2.28000e-02  6.67899e-06  7.88024e-04  3.51416e-03
  2.28000e-02  7.51386e-06  4.07492e-04  3.42622e-03
  2.28000e-02  8.34874e-06  4.42284e-05  3.34624e-03
  2.28000e-02  9.18361e-06 -3.01741e-04  3.27457e-03
  2.28000e-02  1.00185e-05 -6.30390e-04  3.21153e-03
  2.28000e-02  1.08534e-05 -9.41693e-04  3.15744e-03
  2.28000e-02  1.16882e-05 -1.23562e-03  3.11265e-03
  2.28000e-02  1.25231e-05 -1.51216e-03  3.07748e-03
  2.28000e-02  1.33580e-05 -1.77127e-03  3.05225e-03
  2.28000e-02  1.41929e-05 -2.01293e-03  3.03731e-03
  2.28000e-02  1.50277e-05 -2.23711e-03  3.03297e-03
  2.28000e-02  1.58626e-05 -2.44379e-03  3.03957e-03
  2.28000e-02  1.66975e-05 -2.63295e-03  3.05744e-03
  2.28000e-02  1.75323e-05 -2.80455e-03  3.08690e-03
  2.28000e-02  1.83672e-05 -2.95857e-03  3.12830e-03
  2.28000e-02  1.92021e-05 -3.09499e-03  3.18194e-03
  2.28000e-02  2.00370e-05 -3.21378e-03  3.24818e-03
  2.28000e-02  2.08718e-05 -3.31491e-03  3.32733e-03

  2.40000e-02  0.00000e+00  4.60292e-03  4.60640e-03
  2.40000e-02  8.34874e-07  4.07220e-03  4.46739e-03
  2.40000e-02  1.66975e-06  3.55816e-03  4.33338e-03
  2.40000e-02  2.50462e-06  3.06085e-03  4.20469e-03
  2.40000e-02  3.33949e-06  2.58028e-03  4.08164e-03
  2.40000e-02  4.17437e-06  2.11648e-03  3.96458e-03
  2.40000e-02  5.00924e-06  1.66947e-03  3.85382e-03
  2.40000e-02  5.84412e-06  1.23928e-03  3.74971e-03
  2.40000e-02  6.67899e-06  8.25942e-04  3.65256e-03
  2.40000e-02  7.51386e-06  4.29475e-04  3.56271e-03
  2.40000e-02  8.34874e-06  4.99067e-05  3.48049e-03
  2.40000e-02  9.18361e-06 -3.12737e-04  3.40622e-03
  2.40000e-02  1.00185e-05 -6.58430e-04  3.34024e-03
  2.40000e-02  1.08534e-05 -9.87147e-04  3.28288e-03
  2.40000e-02  1.16882e-05 -1.29886e-03  3.23446e-03
  2.40000e-02  1.25231e-05 -1.59355e-03  3.19533e-03
  2.40000e-02  1.33580e-05 -1.87118e-03  3.16579e-03
  2.40000e-02  1.41929e-05 -2.13173e-03  3.14619e-03
  2.40000e-02  1.50277e-05 -2.37518e-03  3.13686e-03
  2.40000e-02  1.58626e-05 -2.60149e-03  3.13812e-03
  2.40000e-02  1.66975e-05 -2.81065e-03  3.15031e-03
  2.40000e-02  1.75323e-05 -3.00262e-03  3.17375e-03
  2.40000e-02  1.83672e-05 -3.17739e-03  3.20878e-03
  2.40000e-02  1.92021e-05 -3.33492e-03  3.25572e-03
  2.40000e-02  2.00370e-05 -3.47518e-03  3.31490e-03
  2.40000e-02  2.08718e-05 -3.59816e-03  3.38666e-03

  2.52000e-02  0.00000e+00  4.75356e-03  4.73784e-03
  2.52000e-02  8.34874e-07  4.21085e-03  4.60046e-03
  2.52000e-02  1.66975e-06  3.68446e-03  4.46772e-03
  2.52000e-02  2.50462e-06  3.17441e-03  4.33995e-03
  2.52000e-02  3.33949e-06  2.68072e-03  4.21748e-03
  2.52000e-02  4.17437e-06  2.20342e-03  4.10064e-03
  2.52000e-02  5.00924e-06  1.74253e-03  3.98977e-03
  2.52000e-02  5.84412e-06  1.29809e-03  3.88518e-03
  2.52000e-02  6.67899e-06  8.70110e-04  3.78722e-03
  2.52000e-02  7.51386e-06  4.58627e-04  3.69621e-03
  2.52000e-02  8.34874e-06  6.36624e-05  3.61248e-03
  2.52000e-02  9.18361e-06 -3.14757e-04  3.53636e-03
  2.52000e-02  1.00185e-05 -6.76606e-04  3.46817e-03
  2.52000e-02  1.08534e-05 -1.02186e-03  3.40826e-03
  2.52000e-02  1.16882e-05 -1.35049e-03  3.35695e-03
  2.52000e-02  1.25231e-05 -1.66247e-03  3.31456e-03
  2.52000e-02  1.33580e-05 -1.95777e-03  3.28143e-03
  2.52000e-02  1.41929e-05 -2.23638e-03  3.25789e-03
  2.52000e-02  1.50277e-05 -2.49826e-03  3.24427e-03
  2.52000e-02  1.58626e-05 -2.74338e-03  3.24090e-03
  2.52000e-02  1.66975e-05 -2.97173e-03  3.24810e-03
  2.52000e-02  1.75323e-05 -3.18328e-03  3.26621e-03
  2.52000e-02  1.83672e-05 -3.37799e-03  3.29556e-03
  2.52000e-02  1.92021e-05 -3.55585e-03  3.33647e-03
  2.52000e-02  2.00370e-05 -3.71682e-03  3.38928e-03
  2.52000e-02  2.08718e-05 -3.86089e-03  3.45432e-03

  2.64000e-02  0.00000e+00  4.90539e-03  4.85947e-03
  2.64000e-02  8.34874e-07  4.35179e-03  4.72455e-03
  2.64000e-02  1.66975e-06  3.81412e-03  4.59392e-03
  2.64000e-02  2.50462e-06  3.29239e-03  4.46790e-03
  2.64000e-02  3.33949e-06  2.78664e-03  4.34684e-03
  2.64000e-02  4.17437e-06  2.29689e-03  4.23106e-03
  2.64000e-02  5.00924e-06  1.82317e-03  4.12088e-03
  2.64000e-02  5.84412e-06  1.36550e-03  4.01665e-03
  2.64000e-02  6.67899e-06  9.23904e-04  3.91868e-03
  2.64000e-02  7.51386e-06  4.98414e-04  3.82732e-03
  2.64000e-02  8.34874e-06  8.90533e-05  3.74288e-03
  2.64000e-02  9.18361e-06 -3.04151e-04  3.66570e-03
  2.64000e-02  1.00185e-05 -6.81174e-04  3.59611e-03
  2.64000e-02  1.08534e-05 -1.04199e-03  3.53443e-03
  2.64000e-02  1.16882e-05 -1.38657e-03  3.48100e-03
  2.64000e-02  1.25231e-05 -1.71490e-03  3.43615e-03
  2.64000e-02  1.33580e-05 -2.02693e-03  3.40021e-03
  2.64000e-02  1.41929e-05 -2.32266e-03  3.37350e-03
  2.64000e-02  1.50277e-05 -2.60205e-03  3.35635e-03
  2.64000e-02  1.58626e-05 -2.86508e-03  3.34911e-03
  2.64000e-02  1.66975e-05 -3.11171e-03  3.35208e-03
  2.64000e-02  1.75323e-05 -3.34194e-03  3.36562e-03
  2.64000e-02  1.83672e-05 -3.55572e-03  3.39003e-03
  2.64000e-02  1.92021e-05 -3.75304e-03  3.42567e-03
  2.64000e-02  2.00370e-05 -3.93386e-03  3.47284e-03
  2.64000e-02  2.08718e-05 -4.09817e-03  3.53189e-03

  2.76000e-02  0.00000e+00  5.06158e-03  4.97137e-03
  2.76000e-02  8.34874e-07  4.49829e-03  4.83982e-03
  2.76000e-02  1.66975e-06  3.95051e-03  4.71220e-03
  2.76000e-02  2.50462e-06  3.41828e-03  4.58884e-03
  2.76000e-02  3.33949e-06  2.90163e-03  4.47007e-03
  2.76000e-02  4.17437e-06  2.40058e-03  4.35623e-03
  2.76000e-02  5.00924e-06  1.91516e-03  4.24765e-03
  2.76000e-02  5.84412e-06  1.44538e-03  4.14464e-03
  2.76000e-02  6.67899e-06  9.91292e-04  4.04755e-03
  2.76000e-02  7.51386e-06  5.52904e-04  3.95670e-03
  2.76000e-02  8.34874e-06  1.30246e-04  3.87242e-03
  2.76000e-02  9.18361e-06 -2.76655e-04  3.79505e-03
  2.76000e-02  1.00185e-05 -6.67773e-04  3.72490e-03
  2.76000e-02  1.08534e-05 -1.04308e-03  3.66232e-03
  2.76000e-02  1.16882e-05 -1.40256e-03  3.60763e-03
  2.76000e-02  1.25231e-05 -1.74618e-03  3.56116e-03
  2.76000e-02  1.33580e-05 -2.07391e-03  3.52323e-03
  2.76000e-02  1.41929e-05 -2.38573e-03  3.49419e-03
  2.76000e-02  1.50277e-05 -2.68161e-03  3.47436e-03
  2.76000e-02  1.58626e-05 -2.96152e-03  3.46407e-03
  2.76000e-02  1.66975e-05 -3.22545e-03  3.46364e-03
  2.76000e-02  1.75323e-05 -3.47336e-03  3.47342e-03
  2.76000e-02  1.83672e-05 -3.70523e-03  3.49372e-03
  2.76000e-02  1.92021e-05 -3.92104e-03  3.52488e-03
  2.76000e-02  2.00370e-05 -4.12075e-03  3.56723e-03
  2.76000e-02  2.08718e-05 -4.30434e-03  3.62110e-03

  2.88000e-02  0.00000e+00  5.22595e-03  5.07367e-03
  2.88000e-02  8.34874e-07  4.65424e-03  4.94646e-03
  2.88000e-02  1.66975e-06  4.09764e-03  4.82282e-03
  2.88000e-02  2.50462e-06  3.55619e-03  4.70308e-03
  2.88000e-02  3.33949e-06  3.02990e-03  4.58758e-03
  2.88000e-02  4.17437e-06  2.51880e-03  4.47664e-03
  2.88000e-02  5.00924e-06  2.02292e-03  4.37059e-03
  2.88000e-02  5.84412e-06  1.54228e-03  4.26977e-03
  2.88000e-02  6.67899e-06  1.07691e-03  4.17449e-03
  2.88000e-02  7.51386e-06  6.26840e-04  4.08510e-03
  2.88000e-02  8.34874e-06  1.92089e-04  4.00192e-03
  2.88000e-02  9.18361e-06 -2.27315e-04  3.92528e-03
  2.88000e-02  1.00185e-05 -6.31345e-04  3.85551e-03
  2.88000e-02  1.08534e-05 -1.01998e-03  3.79295e-03
  2.88000e-02  1.16882e-05 -1.39318e-03  3.73791e-03
  2.88000e-02  1.25231e-05 -1.75094e-03  3.69073e-03
  2.88000e-02  1.33580e-05 -2.09322e-03  3.65174e-03
  2.88000e-02  1.41929e-05 -2.41999e-03  3.62127e-03
  2.88000e-02  1.50277e-05 -2.73124e-03  3.59965e-03
  2.88000e-02  1.58626e-05 -3.02693e-03  3.58721e-03
  2.88000e-02  1.66975e-05 -3.30704e-03  3.58428e-03
  2.88000e-02  1.75323e-05 -3.57155e-03  3.59118e-03
  2.88000e-02  1.83672e-05 -3.82042e-03  3.60825e-03
  2.88000e-02  1.92021e-05 -4.05363e-03  3.63582e-03
  2.88000e-02  2.00370e-05 -4.27117e-03  3.67422e-03
  2.88000e-02  2.08718e-05 -4.47299e-03  3.72378e-03

  3.00000e-02  0.00000e+00  5.40298e-03  5.16655e-03
  3.00000e-02  8.34874e-07  4.82426e-03  5.04473e-03
  3.00000e-02  1.66975e-06  4.26023e-03  4.92612e-03
  3.00000e-02  2.50462e-06  3.71093e-03  4.81104e-03
  3.00000e-02  3.33949e-06  3.17638e-03  4.69983e-03
  3.00000e-02  4.17437e-06  2.65660e-03  4.59282e-03
  3.00000e-02  5.00924e-06  2.15161e-03  4.49034e-03
  3.00000e-02  5.84412e-06  1.66145e-03  4.39271e-03
  3.00000e-02  6.67899e-06  1.18615e-03  4.30027e-03
  3.00000e-02  7.51386e-06  7.25714e-04  4.21335e-03
  3.00000e-02  8.34874e-06  2.80185e-04  4.13227e-03
  3.00000e-02  9.18361e-06 -1.50416e-04  4.05737e-03
  3.00000e-02  1.00185e-05 -5.66062e-04  3.98898e-03
  3.00000e-02  1.08534e-05 -9.66727e-04  3.92742e-03
  3.00000e-02  1.16882e-05 -1.35239e-03  3.87303e-03
  3.00000e-02  1.25231e-05 -1.72301e-03  3.82613e-03
  3.00000e-02  1.33580e-05 -2.07858e-03  3.78706e-03
  3.00000e-02  1.41929e-05 -2.41907e-03  3.75614e-03
  3.00000e-02  1.50277e-05 -2.74445e-03  3.73370e-03
  3.00000e-02  1.58626e-05 -3.05469e-03  3.72008e-03
  3.00000e-02  1.66975e-05 -3.34977e-03  3.71560e-03
  3.00000e-02  1.75323e-05 -3.62966e-03  3.72059e-03
  3.00000e-02  1.83672e-05 -3.89434e-03  3.73539e-03
  3.00000e-02  1.92021e-05 -4.14377e-03  3.76032e-03
  3.00000e-02  2.00370e-05 -4.37795e-03  3.79571e-03
  3.00000e-02  2.08718e-05 -4.59683e-03  3.84189e-03

