# Tracking with TRACY# (Floquet space)
#
#  1   512 1.0E+00 1.0E+00 0.0E+00 0.0E+00 2.21085 1.07399
#    N     x^          px^          y^          py^          delta          cdt
#                                                                   [%]           [mm]
#
   0  2.2842854751322248e-04  5.0988399571967837e-19  4.1880436192778458e-03  2.1778519425320298e-17  0.0000000000000000e+00  0.0000000000000000e+00
   1 -5.4943968555745832e-05  3.2015728139983307e-04  3.6978889142932057e-03 -1.9910792998101387e-03  0.0000000000000000e+00  3.0276090084526484e-03
   2 -3.2746834557641896e-04  3.9767517049359017e-04  2.4004502818929540e-03 -3.5557648772851181e-03  0.0000000000000000e+00 -8.9992768539546974e-03
   3 -7.2017324262605982e-04 -2.0423735443415365e-04  6.5430603885498608e-04 -4.4536249763003433e-03  0.0000000000000000e+00 -1.4054752531047099e-02
   4 -1.3700556553286165e-03 -7.1907644782742794e-04 -9.4311163966901551e-04 -4.5777252005849284e-03  0.0000000000000000e+00  2.2648382706967015e-03
   5 -1.5603877434527784e-03 -2.7344894707417264e-04 -2.0500157155333236e-03 -3.7283959126838437e-03  0.0000000000000000e+00  3.4989084180504684e-02
   6 -6.5639168104915434e-04  6.3607231301910782e-04 -3.0699269435706541e-03 -2.1034901485064679e-03  0.0000000000000000e+00  7.1005253653000866e-02
   7  6.2005816709156578e-04  7.5626519270835611e-04 -3.9674641602052496e-03 -2.7204872805778257e-04  0.0000000000000000e+00  9.9022459777570140e-02
   8  7.4204584274835438e-04 -4.5444128233290076e-05 -3.7596641916707078e-03  1.5172668388726723e-03  0.0000000000000000e+00  9.9943409100224923e-02
   9 -3.6578073469294392e-04 -4.3970517828309269e-04 -2.3983435619241737e-03  3.1349376218652238e-03  0.0000000000000000e+00  8.7162765249266402e-02
  10 -1.4439040561123290e-03 -1.6423264887131545e-04 -9.8434423481824520e-04  4.3972642180236847e-03  0.0000000000000000e+00  7.8194022868110336e-02
  11 -1.6205702891461799e-03  1.3810087249354060e-04  2.3583975409926510e-04  4.8029160786935187e-03  0.0000000000000000e+00  8.6925569353156207e-02
  12 -1.0327512787998607e-03  8.4710529179123420e-05  1.6379383587542206e-03  4.1253515258961914e-03  0.0000000000000000e+00  1.1780028271328356e-01
  13 -3.3863785845727426e-04 -6.4854947467407915e-05  3.1302699390270282e-03  2.6611903009036613e-03  0.0000000000000000e+00  1.6116316463102695e-01
  14  4.3843606875916531e-05  6.8145307167958745e-05  4.0733754541739933e-03  7.1630371412862142e-04  0.0000000000000000e+00  1.9864312187101915e-01
  15  1.1265341495482512e-04  4.2699550863931730e-04  4.0117537372036972e-03 -1.3249853038354987e-03  0.0000000000000000e+00  2.1097336130991934e-01
  16  1.1372872188073439e-06  4.5029520782718414e-04  2.9568140038545515e-03 -3.0169352816329441e-03  0.0000000000000000e+00  2.0130691962294001e-01
  17 -4.6277476336244785e-04 -1.6821116065079085e-04  1.2294339109771913e-03 -4.1400207768826341e-03  0.0000000000000000e+00  1.9043601569681540e-01
  18 -1.3141011517592371e-03 -7.2928691140606856e-04 -4.3392274851421469e-04 -4.6154334314995951e-03  0.0000000000000000e+00  1.9780193315665195e-01
  19 -1.7612842001312782e-03 -3.7692252251108948e-04 -1.5585240321033535e-03 -4.1672418084745437e-03  0.0000000000000000e+00  2.2400873019355994e-01
  20 -1.0038216618007115e-03  5.2381200376542473e-04 -2.5714209699394305e-03 -2.7874293437216116e-03  0.0000000000000000e+00  2.5813342433628161e-01
  21  3.9980966982645325e-04  7.6808917901561484e-04 -3.7061506025036794e-03 -1.0300145627845196e-03  0.0000000000000000e+00  2.9227348483550192e-01
  22  8.3307967612166812e-04  3.0749598951538818e-05 -4.0183449414092562e-03  8.0657698854376977e-04  0.0000000000000000e+00  3.0395386494100302e-01
  23 -1.0441473205591073e-04 -3.8305923954352032e-04 -2.9841689338011056e-03  2.5654357471987920e-03  0.0000000000000000e+00  2.9562832178756204e-01
  24 -1.1777239420057400e-03 -6.6370424811598160e-05 -1.5756356419688517e-03  4.0458260007522184e-03  0.0000000000000000e+00  2.8357369831832602e-01
  25 -1.4761860244622436e-03  1.6941334854388290e-04 -2.6339734115160752e-04  4.7916110564661914e-03  0.0000000000000000e+00  2.8515398317423152e-01
  26 -1.1480054639259032e-03 -4.4326482401087537e-05  1.1938573271174111e-03  4.4762961816668667e-03  0.0000000000000000e+00  3.0988827945822783e-01
  27 -6.9199405413124671e-04 -2.2414920132270193e-04  2.6931752438225398e-03  3.2567536281321863e-03  0.0000000000000000e+00  3.5129463928208426e-01
  28 -2.4456554750897053e-04  7.5672784487463790e-05  3.7987582735552966e-03  1.4187947352152267e-03  0.0000000000000000e+00  3.9323652319442859e-01
  29  1.6334570748744828e-04  5.3428394960258968e-04  4.1418513510769403e-03 -6.2749470674600149e-04  0.0000000000000000e+00  4.1489018565595803e-01
  30  2.9268849154924623e-04  5.0720611988810331e-04  3.4437568902791755e-03 -2.4187779765697253e-03  0.0000000000000000e+00  4.1040240462783562e-01
  31 -1.8183731781633883e-04 -1.2966676281003960e-04  1.8251495936350973e-03 -3.7319682343989846e-03  0.0000000000000000e+00  3.9609596726824342e-01
  32 -1.1831565888897810e-03 -6.9320382022459168e-04  1.0926758639856723e-04 -4.5190617309658395e-03  0.0000000000000000e+00  3.9508386851805710e-01
  33 -1.8614477922786249e-03 -4.3601886257597342e-04 -1.0672067399302705e-03 -4.4875991216239931e-03  0.0000000000000000e+00  4.1372353756474950e-01
  34 -1.3139083533011628e-03  3.8860619984851859e-04 -2.0674298452365617e-03 -3.4201192965908184e-03  0.0000000000000000e+00  4.4458096265707148e-01
  35  8.5319509815990314e-05  7.1405083483751415e-04 -3.3297440059972222e-03 -1.7786626605495585e-03  0.0000000000000000e+00  4.8207191371697200e-01
  36  8.0141176065389960e-04  1.1279187626611228e-04 -4.1069447607150469e-03  6.4811446244331417e-05  0.0000000000000000e+00  5.0497128600435981e-01
  37  1.2429901698235996e-04 -3.1396773651419844e-04 -3.5029134924907594e-03  1.9391346293811862e-03  0.0000000000000000e+00  5.0435874354178478e-01
  38 -8.7799898072994881e-04  2.1239009851216113e-05 -2.1810639643123032e-03  3.5971303184244257e-03  0.0000000000000000e+00  4.9213375581590213e-01
  39 -1.2561818946990511e-03  2.2651872553234350e-04 -7.9243870821932945e-04  4.6313357375691389e-03  0.0000000000000000e+00  4.8737764737036166e-01
  40 -1.1606497160104982e-03 -1.2730694373967342e-04  7.4024239751733860e-04  4.6804058224261934e-03  0.0000000000000000e+00  5.0463320336884343e-01
  41 -9.8516686583124003e-04 -3.9066082680010150e-04  2.2435483416821667e-03  3.7677052666525894e-03  0.0000000000000000e+00  5.4184070560622566e-01
  42 -5.9624333117007508e-04  1.9404374489788737e-05  3.4108282467988317e-03  2.0948736010319704e-03  0.0000000000000000e+00  5.8489741002167772e-01
  43  8.4098957575239839e-05  6.2105446613092824e-04  4.0782001966131473e-03  8.9375183783946670e-05  0.0000000000000000e+00  6.1430824303299469e-01
  44  5.1849605464488466e-04  5.7646744253430499e-04  3.8155576899413187e-03 -1.7691088003452358e-03  0.0000000000000000e+00  6.1744396442084803e-01
  45  1.0515510466922892e-04 -9.7064203085231524e-05  2.4173362351969283e-03 -3.2439987402380242e-03  0.0000000000000000e+00  6.0260132990339021e-01
  46 -9.9711796709369012e-04 -6.2928364802036752e-04  6.8567816401029840e-04 -4.2986429845147771e-03  0.0000000000000000e+00  5.9470638554497546e-01
  47 -1.8620267765914961e-03 -4.3945381760985018e-04 -5.6632604580278336e-04 -4.6685241205494830e-03  0.0000000000000000e+00  6.0520141231916624e-01
  48 -1.5494992489914370e-03  2.6060538768063251e-04 -1.5767231292416134e-03 -3.9704837162578928e-03  0.0000000000000000e+00  6.3161581857190674e-01
  49 -2.7163162096495306e-04  5.9610436084998007e-04 -2.8885079189728221e-03 -2.4981052245563141e-03  0.0000000000000000e+00  6.6993815209689411e-01
  50  6.3558719112657882e-04  1.6616629246993150e-04 -4.0212057788744301e-03 -6.8808060436513561e-04  0.0000000000000000e+00  7.0253072997598542e-01
  51  2.8060646203656811e-04 -2.2149010271530568e-04 -3.9038080569701655e-03  1.2678103617412078e-03  0.0000000000000000e+00  7.1218826424509540e-01
  52 -5.6555586747833290e-04  1.0259593507547808e-04 -2.7771826164355320e-03  3.0717391157991441e-03  0.0000000000000000e+00  7.0290347780043472e-01
  53 -9.7552173464572254e-04  2.9323268169802121e-04 -1.3523092904120179e-03  4.3414613493524120e-03  0.0000000000000000e+00  6.9344125013279456e-01
  54 -1.0766717344642639e-03 -1.6518200608970371e-04  2.6438657100878976e-04  4.7322009781673958e-03  0.0000000000000000e+00  7.0249423421915946e-01
  55 -1.1940088505014359e-03 -5.3864787424145349e-04  1.7889607404786918e-03  4.1732460109080429e-03  0.0000000000000000e+00  7.3356121036502431e-01
  56 -9.6431357417319224e-04 -8.5740303047001395e-05  2.9560242239798163e-03  2.7320397347730960e-03  0.0000000000000000e+00  7.7496561171618716e-01
  57 -1.1724589009959998e-04  6.6452293838967843e-04  3.8374032279139604e-03  8.1307555821978487e-04  0.0000000000000000e+00  8.0942704956162836e-01
  58  6.5022277007773216e-04  6.5794059749356535e-04  4.0315374888443504e-03 -1.0745933246374337e-03  0.0000000000000000e+00  8.2171754231319571e-01
  59  3.7940565288628760e-04 -6.9090822636602546e-05  2.9737278827291504e-03 -2.6858763903499041e-03  0.0000000000000000e+00  8.0957215733439203e-01
  60 -7.7331670028768669e-04 -5.5800712777983913e-04  1.2879256208590869e-03 -3.9664300565461228e-03  0.0000000000000000e+00  7.9709130791433258e-01
  61 -1.7735563013257561e-03 -3.8929345431557629e-04 -4.5375552650482159e-05 -4.6988049415395538e-03  0.0000000000000000e+00  7.9956748185056148e-01
  62 -1.6865246879766206e-03  1.6611767368724130e-04 -1.1001279889709466e-03 -4.4033827270986113e-03  0.0000000000000000e+00  8.2038302805029550e-01
  63 -6.1465089918518422e-04  4.3449228407227625e-04 -2.4264008944895861e-03 -3.1626973144518191e-03  0.0000000000000000e+00  8.5749597634264363e-01
  64  3.5242856175405463e-04  1.5907287384369910e-04 -3.7840369951090431e-03 -1.4291304626012410e-03  0.0000000000000000e+00  8.9682056028368284e-01
  65  3.2733279420226537e-04 -1.1220525643953387e-04 -4.1384925630850947e-03  5.6424478101711707e-04  0.0000000000000000e+00  9.1778417572665483e-01
  66 -2.7072797121358369e-04  1.8809484610940799e-04 -3.3232944411270269e-03  2.4859092711131060e-03  0.0000000000000000e+00  9.1440496057860376e-01
  67 -6.5338315789275660e-04  3.5784875926601629e-04 -1.9343897594822326e-03  3.9443083775681986e-03  0.0000000000000000e+00  9.0250063544255421e-01
  68 -9.1031668540931686e-04 -1.6580664667454991e-04 -2.4441462013518055e-04  4.6377929030344536e-03  0.0000000000000000e+00  9.0343878641096365e-01
  69 -1.3059978647844913e-03 -6.4775758367062713e-04  1.3249502632767406e-03  4.4548058011025515e-03  0.0000000000000000e+00  9.2677845630572253e-01
  70 -1.3038930687123138e-03 -2.1524898439372972e-04  2.4714211305454630e-03  3.3154887568900239e-03  0.0000000000000000e+00  9.6439024035381693e-01
  71 -4.1221120123909765e-04  6.4965232771753217e-04  3.4585206319821373e-03  1.5326813613077848e-03  0.0000000000000000e+00  1.0009064557482219e+00
  72  6.6280608906277142e-04  7.3814454758598896e-04  4.0680207368023157e-03 -3.4483968335729300e-04  0.0000000000000000e+00  1.0224741922338616e+00
  73  6.1700987172511490e-04 -3.3575429077415684e-05  3.4569131813611681e-03 -2.0653049365356251e-03  0.0000000000000000e+00  1.0163573175914529e+00
  74 -5.2395332385094190e-04 -4.9372954144715582e-04  1.9032541449767301e-03 -3.5361027094354611e-03  0.0000000000000000e+00  1.0021978226387496e+00
  75 -1.6103788815905525e-03 -3.0199813419828231e-04  5.0172356871233030e-04 -4.5796786697089959e-03  0.0000000000000000e+00  9.9765131286397934e-01
  76 -1.7167775096644663e-03  1.1999551632030643e-04 -6.2736231644041588e-04 -4.6886728638745653e-03  0.0000000000000000e+00  1.0118501117535814e+00
  77 -8.9788148204658657e-04  2.5989562460559078e-04 -1.9691518280186004e-03 -3.7419969966233950e-03  0.0000000000000000e+00  1.0459761095044788e+00
  78 -4.2780352155976350e-06  8.1015012759126203e-05 -3.4373488729940176e-03 -2.1362267871428303e-03  0.0000000000000000e+00  1.0886288893946598e+00
  79  2.4367144587195374e-04 -1.2774479352397623e-05 -4.1802397528370883e-03 -1.5490342434138396e-04  0.0000000000000000e+00  1.1198598950257672e+00
  80 -3.1943282153734786e-05  2.8631046047795071e-04 -3.7655434798021014e-03  1.8518254414123974e-03  0.0000000000000000e+00  1.1247676208555570e+00
  81 -3.1493704509010206e-04  4.1632498916525397e-04 -2.5168712658080318e-03  3.4616266336954748e-03  0.0000000000000000e+00  1.1130837643850915e+00
  82 -6.8183451565025630e-04 -1.4080029732214478e-04 -7.9062359735656846e-04  4.4132618929994703e-03  0.0000000000000000e+00  1.1068842565186876e+00
  83 -1.3198177825637127e-03 -7.0540735697503147e-04  8.4130752425157424e-04  4.6005716369953336e-03  0.0000000000000000e+00  1.1214901747740991e+00
  84 -1.5778306089149234e-03 -3.4196682110456685e-04  1.9802552176687816e-03  3.8253322195431956e-03  0.0000000000000000e+00  1.1536329636354097e+00
  85 -7.5694606131009837e-04  5.7619270454426852e-04  2.9930992634176353e-03  2.2367240280627078e-03  0.0000000000000000e+00  1.1896662783107310e+00
  86  5.4369007657757956e-04  7.9210968118927300e-04  3.9263984745923743e-03  4.0619871878039515e-04  0.0000000000000000e+00  1.2191062537664159e+00
  87  7.8786022543323971e-04  2.3240186492873523e-05  3.8267144808519383e-03 -1.3903667078195405e-03  0.0000000000000000e+00  1.2219878873660099e+00
  88 -2.6103058799079634e-04 -4.3937783249875533e-04  2.5126496656280666e-03 -3.0224542569221137e-03  0.0000000000000000e+00  1.2094339048073710e+00
  89 -1.3872237848484364e-03 -2.0110058552712183e-04  1.0757318918376496e-03 -4.3238743673859230e-03  0.0000000000000000e+00  1.1997261554623850e+00
  90 -1.6463295906453473e-03  1.2325451584550384e-04 -1.4404315981343812e-04 -4.8107629886729349e-03  0.0000000000000000e+00  1.2067284522980248e+00
  91 -1.0925561488795638e-03  1.0307613999947240e-04 -1.5216488618044564e-03 -4.2067302254028072e-03  0.0000000000000000e+00  1.2361329776640779e+00
  92 -3.7881620466317657e-04 -5.4348022936919469e-05 -3.0263926735085208e-03 -2.7902644176797577e-03  0.0000000000000000e+00  1.2790191783964058e+00
  93  3.4324860282587489e-05  4.3657739894667445e-05 -4.0355755107453119e-03 -8.7170205115788394e-04  0.0000000000000000e+00  1.3177340993499924e+00
  94  1.1288964190126841e-04  3.9591564508792220e-04 -4.0520380401492268e-03  1.1789312563597037e-03  0.0000000000000000e+00  1.3321867422337117e+00
  95  1.0785362265931052e-05  4.7243011753780601e-04 -3.0646916011609856e-03  2.9103437431422540e-03  0.0000000000000000e+00  1.3235568128637965e+00
  96 -4.1307072932341625e-04 -1.0337505237706700e-04 -1.3692572443286626e-03  4.0786242283649679e-03  0.0000000000000000e+00  1.3120214535510750e+00
  97 -1.2448983864546928e-03 -7.0977034826168130e-04  3.2777324143110634e-04  4.6078553510754778e-03  0.0000000000000000e+00  1.3176956867505865e+00
  98 -1.7608746923003429e-03 -4.4062761547443782e-04  1.4906103044617796e-03  4.2369610746027242e-03  0.0000000000000000e+00  1.3430154974530610e+00
  99 -1.1018354418568198e-03  4.5946548916621664e-04  2.4908094390311804e-03  2.9089826298370888e-03  0.0000000000000000e+00  1.3767398214953512e+00
 100  3.0332211820778044e-04  7.9353150959232243e-04  3.6335649277572956e-03  1.1624859362769498e-03  0.0000000000000000e+00  1.4115728385778301e+00
 101  8.5875571528324550e-04  1.0132992869999774e-04  4.0462619084082364e-03 -6.7170761497234660e-04  0.0000000000000000e+00  1.4253235306990470e+00
 102 -5.2617588669253079e-06 -3.8543779601395465e-04  3.0874486031581870e-03 -2.4404549421257003e-03  0.0000000000000000e+00  1.4177935369426058e+00
 103 -1.1184706154581613e-03 -1.0489701603366379e-04  1.6726074907893026e-03 -3.9521148140947348e-03  0.0000000000000000e+00  1.4054855623053035e+00
 104 -1.4885842582441698e-03  1.6560193758685492e-04  3.6241979991721461e-04 -4.7719408130823980e-03  0.0000000000000000e+00  1.4054450152015860e+00
 105 -1.1857380795702430e-03 -1.4731640140988477e-05 -1.0756633985478531e-03 -4.5347847609697430e-03  0.0000000000000000e+00  1.4285151620714198e+00
 106 -7.2159096052961812e-04 -2.2016225480913656e-04 -2.5868436464116401e-03 -3.3736060155321636e-03  0.0000000000000000e+00  1.4690648401420920e+00
 107 -2.7211171288397051e-04  3.6525364153364716e-05 -3.7396817446455352e-03 -1.5708271366651652e-03  0.0000000000000000e+00  1.5117594914970245e+00
 108  1.3649835651572667e-04  5.0280615117920832e-04 -4.1503035300917805e-03  4.7754781796328433e-04  0.0000000000000000e+00  1.5354515567480820e+00
 109  2.9382067264914892e-04  5.3477398254456274e-04 -3.5339307586733505e-03  2.3019452193664136e-03  0.0000000000000000e+00  1.5326198152519483e+00
 110 -1.2402064466430853e-04 -6.5572103057103638e-05 -1.9644750982789412e-03  3.6527473327330868e-03  0.0000000000000000e+00  1.5182173840765805e+00
 111 -1.0989415154763892e-03 -6.7131599068462105e-04 -2.2091235635572835e-04  4.4831142362549955e-03  0.0000000000000000e+00  1.5156926521112299e+00
 112 -1.8428551332408507e-03 -4.9193954576211502e-04  9.9841084384154062e-04  4.5261594766113702e-03  0.0000000000000000e+00  1.5331898067789669e+00
 113 -1.4017517446718738e-03  3.2588071165574461e-04  1.9868467784160374e-03  3.5257020850805584e-03  0.0000000000000000e+00  1.5632815720498336e+00
 114 -2.1993751144508200e-05  7.2850922070074762e-04  3.2348113426238917e-03  1.9072533162527499e-03  0.0000000000000000e+00  1.6007668584027399e+00
 115  8.0297965131576055e-04  1.7886409755079631e-04  4.0931809146396445e-03  7.5217907311839641e-05  0.0000000000000000e+00  1.6254617095264685e+00
 116  2.1044139993634317e-04 -3.1602890600956543e-04  3.5861958953618631e-03 -1.8034109679058261e-03  0.0000000000000000e+00  1.6261771877758000e+00
 117 -8.1975079992616551e-04 -1.9119006077264354e-05  2.2803756613995947e-03 -3.4871474911208305e-03  0.0000000000000000e+00  1.6142723691904575e+00
 118 -1.2578134655095740e-03  2.3055255089505944e-04  8.9893553871973149e-04 -4.5867790661285749e-03  0.0000000000000000e+00  1.6082062318114636e+00
 119 -1.1763322738098348e-03 -8.5856770801588449e-05 -6.1869165846214070e-04 -4.7128215193827658e-03  0.0000000000000000e+00  1.6237177476707798e+00
 120 -9.9761873259443870e-04 -3.8772476951232299e-04 -2.1385549694523383e-03 -3.8667452898133651e-03  0.0000000000000000e+00  1.6597545612121984e+00
 121 -6.3250214071980447e-04 -3.3224372847877151e-05 -3.3400592304551496e-03 -2.2393946940410829e-03  0.0000000000000000e+00  1.7031284817898784e+00
 122  2.9899147718157774e-05  5.8442152786093108e-04 -4.0551856504947295e-03 -2.3973841540388702e-04  0.0000000000000000e+00  1.7341793918644595e+00
 123  5.0486004233877549e-04  6.0997415856160167e-04 -3.8782552159990604e-03  1.6439598822524195e-03  0.0000000000000000e+00  1.7393908716623285e+00
 124  1.6698000397255111e-04 -3.4013674874965049e-05 -2.5498934729983090e-03  3.1496403679582281e-03  0.0000000000000000e+00  1.7250685976124436e+00
 125 -9.0219925411311023e-04 -6.0896826527807109e-04 -8.0256667712924395e-04  4.2376820760506905e-03  0.0000000000000000e+00  1.7159830921583639e+00
 126 -1.8272214562839171e-03 -4.8660424891762519e-04  4.9343993987227617e-04  4.6744316520361765e-03  0.0000000000000000e+00  1.7251933058016442e+00
 127 -1.6218300656283256e-03  2.0532694545412290e-04  1.4966696513042904e-03  4.0552568672306104e-03  0.0000000000000000e+00  1.7504964660399203e+00
 128 -3.7873445780443725e-04  6.0271023800090068e-04  2.7808863626154279e-03  2.6202627732886253e-03  0.0000000000000000e+00  1.7882651643136893e+00
 129  6.1373327396979486e-04  2.2052542743342305e-04  3.9695092594058739e-03  8.2991158431668750e-04  0.0000000000000000e+00  1.8220740801103028e+00
 130  3.4630241746363342e-04 -2.2212774240759254e-04  3.9582879575033297e-03 -1.1228555250752130e-03  0.0000000000000000e+00  1.8334403581403067e+00
 131 -5.1253814760334263e-04  6.1978348650692703e-05  2.8732005823164644e-03 -2.9486221095933142e-03  0.0000000000000000e+00  1.8250844958196966e+00
 132 -9.6900541086076956e-04  3.0179740699504809e-04  1.4650933346622621e-03 -4.2753185949671400e-03  0.0000000000000000e+00  1.8147994233802713e+00
 133 -1.0721237091712793e-03 -1.1340142359525891e-04 -1.3793620267889788e-04 -4.7373148319241236e-03  0.0000000000000000e+00  1.8221749286505131e+00
 134 -1.1854715642675958e-03 -5.3208075113377268e-04 -1.6856173387757398e-03 -4.2487990559472028e-03  0.0000000000000000e+00  1.8517978290552537e+00
 135 -9.9948807488709716e-04 -1.4770168798459800e-04 -2.8814381695426270e-03 -2.8645568840256095e-03  0.0000000000000000e+00  1.8931544470040398e+00
 136 -1.9440025440237868e-04  6.1856412793837446e-04 -3.7880162946275719e-03 -9.6062047609492881e-04  0.0000000000000000e+00  1.9286803167132209e+00
 137  6.1571572461093600e-04  6.9500980445066831e-04 -4.0590008800170238e-03  9.4327798142025438e-04  0.0000000000000000e+00  1.9431389099599636e+00
 138  4.3978745358914375e-04 -5.1681476220600579e-06 -3.0913674914752579e-03  2.5784659615023368e-03  0.0000000000000000e+00  1.9321376920064870e+00
 139 -6.7137525409658848e-04 -5.4218216541371158e-04 -1.4083434699984714e-03  3.8842165124272870e-03  0.0000000000000000e+00  1.9189024488553039e+00
 140 -1.7256665170081863e-03 -4.2926062703059590e-04 -3.3938111122584237e-05  4.6731190585195320e-03  0.0000000000000000e+00  1.9201193800658400e+00
 141 -1.7407270764295563e-03  1.2231948090578318e-04  1.0190036209566976e-03  4.4626704943777611e-03  0.0000000000000000e+00  1.9395154829781649e+00
 142 -7.1187187641061985e-04  4.3875649650656600e-04  2.3135288035568838e-03  3.2746835666921234e-03  0.0000000000000000e+00  1.9756723076442233e+00
 143  3.1332083264614817e-04  1.9765509839848026e-04  3.7032294028548065e-03  1.5693420485301142e-03  0.0000000000000000e+00  2.0155244869345648e+00
 144  3.6719448500811971e-04 -1.1422827138999777e-04  4.1584465190171510e-03 -4.1237309113365737e-04  0.0000000000000000e+00  2.0382861360122000e+00
 145 -2.2871139797334768e-04  1.4942817465774829e-04  3.4078260279014356e-03 -2.3521541029743625e-03  0.0000000000000000e+00  2.0364130153568052e+00
 146 -6.4203817583156756e-04  3.6886514702087346e-04  2.0504117307197185e-03 -3.8603058102770500e-03  0.0000000000000000e+00  2.0243015953448480e+00
 147 -8.8856575640937872e-04 -1.0648972468020358e-04  3.7663553982669181e-04 -4.6167703645716516e-03  0.0000000000000000e+00  2.0237943462625547e+00
 148 -1.2751273160759205e-03 -6.3454603217894575e-04 -1.2215044741506278e-03 -4.5025153032384113e-03  0.0000000000000000e+00  2.0454848399493533e+00
 149 -1.3295454258656434e-03 -2.8125575926383063e-04 -2.3979876763906009e-03 -3.4308894961087742e-03  0.0000000000000000e+00  2.0827266497378676e+00
 150 -5.0424390309910237e-04  5.9299839393056901e-04 -3.3911390325402596e-03 -1.6744706809630003e-03  0.0000000000000000e+00  2.1197271529048023e+00
 151  6.0339384989337229e-04  7.7381637059332771e-04 -4.0570184078767089e-03  2.1019227845455471e-04  0.0000000000000000e+00  2.1431697203082485e+00
 152  6.6940656213226814e-04  3.4014849389678997e-05 -3.5502026674286685e-03  1.9465929668997187e-03  0.0000000000000000e+00  2.1387560381361919e+00
 153 -4.1825016237057939e-04 -4.8358690129306204e-04 -2.0237337969317014e-03  3.4362674073490245e-03  0.0000000000000000e+00  2.1243559549093143e+00
 154 -1.5530871248517618e-03 -3.3845861394639446e-04 -5.8832274053530079e-04  4.5255196479526399e-03  0.0000000000000000e+00  2.1187629508821280e+00
 155 -1.7531904193621006e-03  8.9365361130831791e-05  5.4265115963750960e-04  4.7193471028438789e-03  0.0000000000000000e+00  2.1313270957426091e+00
 156 -9.7846146096253086e-04  2.6807209305240644e-04  1.8546774653032049e-03  3.8391129271713978e-03  0.0000000000000000e+00  2.1641792281370011e+00
 157 -5.0562255273497783e-05  1.0457512015134592e-04  3.3382625502149064e-03  2.2715474000540902e-03  0.0000000000000000e+00  2.2067392140491227e+00
 158  2.5632209370186654e-04 -2.2098107345875872e-05  4.1655055886323424e-03  3.1036798189265071e-04  0.0000000000000000e+00  2.2395292285234079e+00
 159 -7.7754765099282454e-06  2.5090227070530599e-04  3.8292174609101275e-03 -1.7094770985022097e-03  0.0000000000000000e+00  2.2463895216453236e+00
 160 -3.0290932888410059e-04  4.2968866090919164e-04  2.6307307100601226e-03 -3.3631094182245049e-03  0.0000000000000000e+00  2.2351838842785545e+00
 161 -6.4615594800223046e-04 -7.7227065142009040e-05  9.2809320560913232e-04 -4.3687122955896234e-03  0.0000000000000000e+00  2.2279280560871149e+00
 162 -1.2674837235849788e-03 -6.8492658764237159e-04 -7.3535268058692752e-04 -4.6180858866685208e-03  0.0000000000000000e+00  2.2407941535433813e+00
 163 -1.5879607512925239e-03 -4.0689281457725938e-04 -1.9096257847562928e-03 -3.9177989103824752e-03  0.0000000000000000e+00  2.2722553049745478e+00
 164 -8.5412033214908990e-04  5.1104782379067938e-04 -2.9165881805220356e-03 -2.3695066703247033e-03  0.0000000000000000e+00  2.3082844089428023e+00
 165  4.5976430035439531e-04  8.2076349314032552e-04 -3.8790696117838937e-03 -5.4106695983588415e-04  0.0000000000000000e+00  2.3389905401557431e+00
 166  8.2528211833367629e-04  9.5241960502406457e-05 -3.8862316079402129e-03  1.2621041048956404e-03  0.0000000000000000e+00  2.3439387206245437e+00
 167 -1.5584681495682835e-04 -4.3405216215468002e-04 -2.6275986685323285e-03  2.9081307520810403e-03  0.0000000000000000e+00  2.3317009262016168e+00
 168 -1.3244284957949328e-03 -2.3782082755317456e-04 -1.1691461233244570e-03  4.2456066791791477e-03  0.0000000000000000e+00  2.3213270425888282e+00
 169 -1.6673197001561672e-03  1.0534772716490947e-04  5.3337787299627253e-05  4.8123093013631036e-03  0.0000000000000000e+00  2.3266363980452285e+00
 170 -1.1525542762779810e-03  1.2039404480273377e-04  1.4060386090240025e-03  4.2842445763220998e-03  0.0000000000000000e+00  2.3545090129580486e+00
 171 -4.2150538921038937e-04 -4.1584741739393194e-05  2.9189033623218574e-03  2.9171101730026353e-03  0.0000000000000000e+00  2.3968226892321627e+00
 172  2.3191729654991553e-05  2.1402565608240880e-05  3.9918950711696688e-03  1.0269696786428134e-03  0.0000000000000000e+00  2.4366493063963430e+00
 173  1.1292621952948545e-04  3.6276610715393562e-04  4.0871838341717971e-03 -1.0302647348178035e-03  0.0000000000000000e+00  2.4532481895784497e+00
 174  1.8519376056342882e-05  4.8972491058539677e-04  3.1686941195718573e-03 -2.7999970570282777e-03  0.0000000000000000e+00  2.4457814856864175e+00
 175 -3.6659559285690858e-04 -3.8545791168484064e-05  1.5096358428051385e-03 -4.0137604263941144e-03  0.0000000000000000e+00  2.4337032874834579e+00
 176 -1.1739488384370463e-03 -6.8398391389183112e-04 -2.1730807732216865e-04 -4.5953595100869269e-03  0.0000000000000000e+00  2.4376952584577114e+00
 177 -1.7526268680796533e-03 -5.0029877772048191e-04 -1.4215313452594594e-03 -4.3011283321157390e-03  0.0000000000000000e+00  2.4620373227939241e+00
 178 -1.1949883743932522e-03  3.9081327968145047e-04 -2.4118032786463149e-03 -3.0289213104919719e-03  0.0000000000000000e+00  2.4953564241751827e+00
 179  2.0072962874298045e-04  8.1160829903184867e-04 -3.5567234792794875e-03 -1.2949829156359289e-03  0.0000000000000000e+00  2.5307181221615394e+00
 180  8.7504339720934500e-04  1.7427449206173004e-04 -4.0653005602677202e-03  5.3614123870841790e-04  0.0000000000000000e+00  2.5465600659807239e+00
 181  9.3152851157517343e-05 -3.8221478828303533e-04 -3.1891087080585215e-03  2.3140439729850541e-03  0.0000000000000000e+00  2.5399140597485466e+00
 182 -1.0538667947778790e-03 -1.4386627464196049e-04 -1.7710259062097202e-03  3.8543441423432114e-03  0.0000000000000000e+00  2.5274461326203070e+00
 183 -1.4970110605738434e-03  1.5815224801976461e-04 -4.6048422046860782e-04  4.7461126387405173e-03  0.0000000000000000e+00  2.5258533810903834e+00
 184 -1.2235842314020113e-03  1.4508885627771174e-05  9.5788699557928169e-04  4.5886083667937604e-03  0.0000000000000000e+00  2.5472180508564000e+00
 185 -7.5188366030548830e-04 -2.1265373546219070e-04  2.4778666451951434e-03  3.4873013143596242e-03  0.0000000000000000e+00  2.5868303356103319e+00
 186 -2.9954664717758803e-04 -8.0618335804320322e-07  3.6763681909108381e-03  1.7219098288411905e-03  0.0000000000000000e+00  2.6301504514400715e+00
 187  1.0881596680200264e-04  4.6832409433296516e-04  4.1533433439815467e-03 -3.2568513577195063e-04  0.0000000000000000e+00  2.6558486788467910e+00
 188  2.9148105079695752e-04  5.5777454026610185e-04  3.6186125859726205e-03 -2.1819615197512820e-03  0.0000000000000000e+00  2.6547665011623796e+00
 189 -7.0154648206430961e-05 -1.3484013704326288e-06  2.1032067873669597e-03 -3.5707317343751759e-03  0.0000000000000000e+00  2.6404152268924710e+00
 190 -1.0135241611448408e-03 -6.4392117329629896e-04  3.3672188881851743e-04 -4.4429874763617008e-03  0.0000000000000000e+00  2.6364202067922475e+00
 191 -1.8164582739536351e-03 -5.4369712172118629e-04 -9.2793390195093704e-04 -4.5585372716164408e-03  0.0000000000000000e+00  2.6527063143066751e+00
 192 -1.4836330740125401e-03  2.5988030857782891e-04 -1.9084394686119692e-03 -3.6283369472636844e-03  0.0000000000000000e+00  2.6820314854151937e+00
 193 -1.3332807251619931e-04  7.3623436148904085e-04 -3.1379085835627429e-03 -2.0352210151399967e-03  0.0000000000000000e+00  2.7193746402378021e+00
 194  7.9492720466400500e-04  2.4586133073387149e-04 -4.0704473138770993e-03 -2.1513121703377636e-04  0.0000000000000000e+00  2.7458010127855714e+00
 195  2.9453871788255836e-04 -3.1196863404648771e-04 -3.6654235987096731e-03  1.6665224952097733e-03  0.0000000000000000e+00  2.7479156239312328e+00
 196 -7.5687999289914519e-04 -6.0112075323984188e-05 -2.3801469356946481e-03  3.3737178859305273e-03  0.0000000000000000e+00  2.7364337337435121e+00
 197 -1.2562388679793048e-03  2.3014647100404740e-04 -1.0043450906449610e-03  4.5363928034816980e-03  0.0000000000000000e+00  2.7291567420164444e+00
 198 -1.1924883609826661e-03 -4.4598923294430733e-05  4.9721557428239634e-04  4.7400353268471206e-03  0.0000000000000000e+00  2.7429103606269836e+00
 199 -1.0095319473653304e-03 -3.7999453970003594e-04  2.0311277993235394e-03  3.9615489206937153e-03  0.0000000000000000e+00  2.7777036906914465e+00
 200 -6.6651147664079059e-04 -8.3648674664113512e-05  3.2666145021927298e-03  2.3820370409001566e-03  0.0000000000000000e+00  2.8212750725198310e+00
 201 -2.4733684804074743e-05  5.4370524661367014e-04  4.0274815996987675e-03  3.9126725324878310e-04  0.0000000000000000e+00  2.8538961562565968e+00
 202  4.8613211334929784e-04  6.3859834418568005e-04  3.9339842806078874e-03 -1.5162675214907633e-03  0.0000000000000000e+00  2.8612147764154026e+00
 203  2.2380654431693766e-04  2.9739945106888202e-05  2.6801910285654002e-03 -3.0530171069550476e-03  0.0000000000000000e+00  2.8475764599557576e+00
 204 -8.0656345451309160e-04 -5.8373765604984691e-04  9.2314708066022777e-04 -4.1733631521147230e-03  0.0000000000000000e+00  2.8373689471158547e+00
 205 -1.7849340097300169e-03 -5.2992942774030504e-04 -4.1842074335778849e-04 -4.6740333517584316e-03  0.0000000000000000e+00  2.8452604981206324e+00
 206 -1.6875341337537441e-03  1.4751367614640749e-04 -1.4188394067724166e-03 -4.1356439899689684e-03  0.0000000000000000e+00  2.8694520617612174e+00
 207 -4.8785265648460175e-04  6.0378982337874667e-04 -2.6732779750473579e-03 -2.7409649491354914e-03  0.0000000000000000e+00  2.9065663593235382e+00
 208  5.8312318008838784e-04  2.7475250516321672e-04 -3.9099445583676727e-03 -9.7079829953804415e-04  0.0000000000000000e+00  2.9414748545636007e+00
 209  4.0888124958446853e-04 -2.1679128194473625e-04 -4.0066470097336682e-03  9.7707074001879496e-04  0.0000000000000000e+00  2.9545740731319907e+00
 210 -4.5587176761657171e-04  2.0770796900539924e-05 -2.9682249682312792e-03  2.8225331960965755e-03  0.0000000000000000e+00  2.9472480856569656e+00
 211 -9.6020194397684162e-04  3.0522055828484829e-04 -1.5764127010048383e-03  4.2039034938786638e-03  0.0000000000000000e+00  2.9362626872244122e+00
 212 -1.0687682436497541e-03 -6.1972836583733409e-05  1.1255307611843151e-05  4.7372314984773633e-03  0.0000000000000000e+00  2.9419815899861961e+00
 213 -1.1757147417579140e-03 -5.1967536862387311e-04  1.5795210056651510e-03  4.3192789029201902e-03  0.0000000000000000e+00  2.9700996325193434e+00
 214 -1.0303212315124414e-03 -2.0665268536186363e-04  2.8053195125421135e-03  2.9941867215905684e-03  0.0000000000000000e+00  3.0112960927060421e+00
 215 -2.7067238986915981e-04  5.6779988139270244e-04  3.7355745669946415e-03  1.1086161493147140e-03  0.0000000000000000e+00  3.0478149843133511e+00
 216  5.7477642512266584e-04  7.2629436443104724e-04  4.0788445972596565e-03 -8.1015958441148250e-04  0.0000000000000000e+00  3.0643922087446489e+00
 217  4.9386050324322329e-04  6.0339118122981305e-05  3.2047221593203201e-03 -2.4692475658075605e-03  0.0000000000000000e+00  3.0547005743995883e+00
 218 -5.6906921374906961e-04 -5.2171759352894701e-04  1.5315929490560447e-03 -3.7994600611028950e-03  0.0000000000000000e+00  3.0407973617177508e+00
 219 -1.6708151133384864e-03 -4.6628560008544562e-04  1.1557191448435777e-04 -4.6415147229639398e-03  0.0000000000000000e+00  3.0407620056555094e+00
 220 -1.7882518781661676e-03  7.6287288819923744e-05 -9.3984152525036725e-04 -4.5163380884503468e-03  0.0000000000000000e+00  3.0587455077650900e+00
 221 -8.0965885597226528e-04  4.3898878374804175e-04 -2.2018818199162882e-03 -3.3841935772175352e-03  0.0000000000000000e+00  3.0938690365516268e+00
 222  2.6734957481562452e-04  2.3601598921318449e-04 -3.6163495933686052e-03 -1.7079088425325472e-03  0.0000000000000000e+00  3.1341213026949308e+00
 223  4.0347535098842987e-04 -1.1130008758256453e-04 -4.1711994652652304e-03  2.6020870464717188e-04  0.0000000000000000e+00  3.1586362265575811e+00
 224 -1.8438029309520942e-04  1.1024424609588854e-04 -3.4895865130801498e-03  2.2158173150811692e-03  0.0000000000000000e+00  3.1583547869132924e+00
 225 -6.2953365848572617e-04  3.7444367647290923e-04 -2.1642849382543928e-03  3.7717288454363748e-03  0.0000000000000000e+00  3.1461716419554313e+00
 226 -8.6882533827460065e-04 -4.7817407379916503e-05 -5.0916992199511618e-04  4.5910327206705745e-03  0.0000000000000000e+00  3.1442784907918133e+00
 227 -1.2428271183984028e-03 -6.1495018438672872e-04  1.1148372069846781e-03  4.5447631649779491e-03  0.0000000000000000e+00  3.1642825635006755e+00
 228 -1.3491773750648423e-03 -3.4340404469644957e-04  2.3236204231001025e-03  3.5422598370133097e-03  0.0000000000000000e+00  3.2010457609183072e+00
 229 -5.9359554277730860e-04  5.3151660855512361e-04  3.3227589392167546e-03  1.8159076637212506e-03  0.0000000000000000e+00  3.2384842111670049e+00
 230  5.3703492527860269e-04  8.0259717055852504e-04  4.0389123648309454e-03 -7.4619558252479683e-05  0.0000000000000000e+00  3.2636774737620433e+00
 231  7.1409760387211444e-04  1.0381054874359216e-04  3.6370451474597508e-03 -1.8265507940164966e-03  0.0000000000000000e+00  3.2611056763491333e+00
 232 -3.1265124005598567e-04 -4.6873454465768923e-04  2.1456835115148875e-03 -3.3346409824533863e-03  0.0000000000000000e+00  3.2465607315819942e+00
 233 -1.4895500216448533e-03 -3.7310671932989150e-04  6.7713628974011629e-04 -4.4662389880010395e-03  0.0000000000000000e+00  3.2399656823308698e+00
 234 -1.7834664066418257e-03  5.6424549353666900e-05 -4.5951351820365478e-04 -4.7437347741887030e-03  0.0000000000000000e+00  3.2509208123306657e+00
 235 -1.0587741126260688e-03  2.7367284220755807e-04 -1.7418253285935825e-03 -3.9327388579357544e-03  0.0000000000000000e+00  3.2824351019616707e+00
 236 -1.0133848339051106e-04  1.2870244271950677e-04 -3.2350047532660651e-03 -2.4046335783937697e-03  0.0000000000000000e+00  3.3247925141277470e+00
 237  2.6578638368845428e-04 -2.7888756763594679e-05 -4.1438200659618413e-03 -4.6544908678706332e-04  0.0000000000000000e+00  3.3590373702060119e+00
 238  1.7254506930047467e-05  2.1481831254025949e-04 -3.8884955971830357e-03  1.5649338185889962e-03  0.0000000000000000e+00  3.3679021455140017e+00
 239 -2.9099770436011898e-04  4.3778445711201505e-04 -2.7414256345816733e-03  3.2607176368050200e-03  0.0000000000000000e+00  3.3573102044899894e+00
 240 -6.1320905449236654e-04 -1.4591959318593088e-05 -1.0656193702840446e-03  4.3201754456324076e-03  0.0000000000000000e+00  3.3490940697588343e+00
 241 -1.2139230200796586e-03 -6.5815365036473307e-04  6.2581916017798145e-04  4.6302758105577820e-03  0.0000000000000000e+00  3.3602158866151122e+00
 242 -1.5910357618492128e-03 -4.6727707596138767e-04  1.8380955777780915e-03  4.0050953044926171e-03  0.0000000000000000e+00  3.3908911077491708e+00
 243 -9.4682745104062978e-04  4.4171512193425557e-04  2.8408860425983666e-03  2.5009636639068962e-03  0.0000000000000000e+00  3.4268974963397594e+00
 244  3.6957097078884775e-04  8.4176730959372175e-04  3.8262292543107127e-03  6.7603863983724255e-04  0.0000000000000000e+00  3.4587058232509555e+00
 245  8.5371634421799484e-04  1.6921324625872791e-04  3.9374922661367861e-03 -1.1331049240744244e-03  0.0000000000000000e+00  3.4657950846101007e+00
 246 -5.1632626245947057e-05 -4.2355258175290822e-04  2.7421233658937050e-03 -2.7926421319158313e-03  0.0000000000000000e+00  3.4539721616594785e+00
 247 -1.2561699101696119e-03 -2.7363839551341557e-04  1.2643927661644312e-03 -4.1632033944887254e-03  0.0000000000000000e+00  3.4430043995013775e+00
 248 -1.6829912803786368e-03  8.4710744871299292e-05  3.6076049307187827e-05 -4.8075253792970885e-03  0.0000000000000000e+00  3.4466756069251381e+00
 249 -1.2119687687178631e-03  1.3618954344251681e-04 -1.2919819763149607e-03 -4.3573861725246191e-03  0.0000000000000000e+00  3.4729668886428571e+00
 250 -4.6651041149550711e-04 -2.7018791990807603e-05 -2.8087822468961963e-03 -3.0410274376567372e-03  0.0000000000000000e+00  3.5146224807196345e+00
 251  1.0149052133990691e-05  1.6726042794640161e-06 -3.9426056492621580e-03 -1.1810971955503468e-03  0.0000000000000000e+00  3.5554293418260530e+00
 252  1.1272571347399847e-04  3.2834251349540713e-04 -4.1169824452292588e-03  8.7995672924276512e-04  0.0000000000000000e+00  3.5741746407748010e+00
 253  2.4727070247952138e-05  5.0212385297034089e-04 -3.2681768428577990e-03  2.6864551083507840e-03  0.0000000000000000e+00  3.5679890688373423e+00
 254 -3.2354994678028993e-04  2.5200155107786162e-05 -1.6493673032440901e-03  3.9457252858922506e-03  0.0000000000000000e+00  3.5554936104753083e+00
 255 -1.1023105507701710e-03 -6.5249214464887660e-04  1.0317365807213161e-04  4.5781820167634206e-03  0.0000000000000000e+00  3.5578340632870389e+00
 256 -1.7369937539225082e-03 -5.5500935740488864e-04  1.3511692448021266e-03  4.3593107218552500e-03  0.0000000000000000e+00  3.5811073253712022e+00
 257 -1.2822304965050650e-03  3.1896474490201109e-04  2.3347341838191567e-03  3.1464122265508427e-03  0.0000000000000000e+00  3.6140183758301672e+00
 258  9.3580921052121774e-05  8.2203533033019976e-04  3.4766471943952471e-03  1.4269239977415177e-03  0.0000000000000000e+00  3.6497511456271363e+00
 259  8.8151370057634770e-04  2.4806790021535482e-04  4.0752535469307793e-03 -4.0059639442388328e-04  0.0000000000000000e+00  3.6676714305666005e+00
 260  1.8940995398413182e-04 -3.7309439705056325e-04  3.2880595262349882e-03 -2.1868987065723736e-03  0.0000000000000000e+00  3.6620031751021132e+00
 261 -9.8446509996816234e-04 -1.8241139941614474e-04  1.8705660084975019e-03 -3.7533060858364760e-03  0.0000000000000000e+00  3.6494636144837016e+00
 262 -1.5009167847171733e-03  1.4720687203419590e-04  5.5727515704605572e-04 -4.7142373907362867e-03  0.0000000000000000e+00  3.6464056749544977e+00
 263 -1.2609990727995228e-03  4.2691955699676537e-05 -8.4141682752766065e-04 -4.6373226207177534e-03  0.0000000000000000e+00  3.6660361647430979e+00
 264 -7.8288242613650970e-04 -2.0196663386493077e-04 -2.3670778625439143e-03 -3.5971173532843583e-03  0.0000000000000000e+00  3.7046411114464344e+00
 265 -3.2692799880232548e-04 -3.5740838920347077e-05 -3.6091732172587833e-03 -1.8710082225720571e-03  0.0000000000000000e+00  3.7484540614748307e+00
 266  8.0638709705793235e-05  4.3155405015843107e-04 -4.1510173258214036e-03  1.7289937466738597e-04  0.0000000000000000e+00  3.7761047595055581e+00
 267  2.8607704148580728e-04  5.7596720063993211e-04 -3.6972162887859610e-03  2.0594093292791637e-03  0.0000000000000000e+00  3.7768474153941520e+00
 268 -2.0610910765421689e-05  6.1986220604582859e-05 -2.2400684263090710e-03  3.4862664840325554e-03  0.0000000000000000e+00  3.7626934553918501e+00
 269 -9.2806230906467002e-04 -6.1149649438390383e-04 -4.5597426079126542e-04  4.3990697693030668e-03  0.0000000000000000e+00  3.7572898286934309e+00
 270 -1.7828237376288790e-03 -5.9043445075768512e-04  8.5564919259823184e-04  4.5845961034784374e-03  0.0000000000000000e+00  3.7723000988680959e+00
 271 -1.5585675664698416e-03  1.9161920089143456e-04  1.8324087269142935e-03  3.7272418520059706e-03  0.0000000000000000e+00  3.8008605585885866e+00
 272 -2.4709350403024683e-04  7.3706717307428407e-04  3.0401697012565525e-03  2.1619625268696130e-03  0.0000000000000000e+00  3.8379397121432706e+00
 273  7.7710064722179642e-04  3.1233947200540272e-04  4.0390815200351286e-03  3.5416090445628115e-04  0.0000000000000000e+00  3.8660072459583255e+00
 274  3.7528362717474098e-04 -3.0152121305762592e-04  3.7396235540215306e-03 -1.5292157536245438e-03  0.0000000000000000e+00  3.8695896399573435e+00
 275 -6.8987339869444218e-04 -1.0080383700312202e-04  2.4799243496548607e-03 -3.2576651984266053e-03  0.0000000000000000e+00  3.8586237224471329e+00
 276 -1.2509520869616768e-03  2.2532222055402499e-04  1.1082598703668512e-03 -4.4804318713901805e-03  0.0000000000000000e+00  3.8502505324963794e+00
 277 -1.2088119536761731e-03 -4.4099439712891019e-06 -3.7671650014117042e-04 -4.7617703529312747e-03  0.0000000000000000e+00  3.8622449775589294e+00
 278 -1.0211579676558163e-03 -3.6777207536861970e-04 -1.9219320153688866e-03 -4.0515024239328396e-03  0.0000000000000000e+00  3.8957343023589672e+00
 279 -6.9822273879328704e-04 -1.3106701914523958e-04 -3.1907974173285458e-03 -2.5218110559399420e-03  0.0000000000000000e+00  3.9393787973771848e+00
 280 -7.9090847955686356e-05  4.9963924341211725e-04 -3.9954156319839179e-03 -5.4300786993549384e-04  0.0000000000000000e+00  3.9734873588613526e+00
 281  4.6281331234110363e-04  6.6190444348264714e-04 -3.9824286403341959e-03  1.3866435150409193e-03  0.0000000000000000e+00  3.9829200948784940e+00
 282  2.7511876148765823e-04  9.3245938735640646e-05 -2.8069672314519419e-03  2.9545271786755776e-03  0.0000000000000000e+00  3.9701225491792433e+00
 283 -7.1139902569784439e-04 -5.5391505838341527e-04 -1.0466160143824078e-03  4.1061903284970898e-03  0.0000000000000000e+00  3.9588783712889359e+00
 284 -1.7357989473078569e-03 -5.6869651832512744e-04  3.4120763967517991e-04  4.6675010117616647e-03  0.0000000000000000e+00  3.9654237671202033e+00
 285 -1.7457618734514088e-03  8.8003524464094120e-05  1.3433578556068635e-03  4.2109808340401126e-03  0.0000000000000000e+00  3.9885093963465912e+00
 286 -5.9755185208912982e-04  5.9923037457625149e-04  2.5667710240920212e-03  2.8595716382033764e-03  0.0000000000000000e+00  4.0248838856946847e+00
 287  5.4390929828208477e-04  3.2769021379846038e-04  3.8432791987148820e-03  1.1099862369658620e-03  0.0000000000000000e+00  4.0607621307327237e+00
 288  4.6725636005294795e-04 -2.0536813958268402e-04  4.0481954214783376e-03 -8.3129534945115878e-04  0.0000000000000000e+00  4.0756068135932608e+00
 289 -3.9602932958633273e-04 -2.0063734969889552e-05  3.0617082724343804e-03 -2.6943369456527769e-03  0.0000000000000000e+00  4.0693973971528203e+00
 290 -9.4868093306312148e-04  3.0350834384297804e-04  1.6857836293339089e-03 -4.1276226419558826e-03  0.0000000000000000e+00  4.0578446095772991e+00
 291 -1.0664869901512170e-03 -1.1879020393834990e-05  1.1470813055343456e-04 -4.7319013101290884e-03  0.0000000000000000e+00  4.0619398305224790e+00
 292 -1.1652354237081399e-03 -5.0178940781370651e-04 -1.4712523222547113e-03 -4.3842962654665448e-03  0.0000000000000000e+00  4.0885082430211463e+00
 293 -1.0568128092069619e-03 -2.6168763610231067e-04 -2.7278632430437254e-03 -3.1200279398615732e-03  0.0000000000000000e+00  4.1294279116798238e+00
 294 -3.4510416090310751e-04  5.1309522085811856e-04 -3.6806107099809741e-03 -1.2561530346861750e-03  0.0000000000000000e+00  4.1668651366915830e+00
 295  5.2814064200569467e-04  7.5126402876982861e-04 -4.0911819116135400e-03  6.7588685662397911e-04  0.0000000000000000e+00  4.1854880747925991e+00
 296  5.4104578217263220e-04  1.2644175534065860e-04 -3.3126493522157461e-03  2.3586956413612211e-03  0.0000000000000000e+00  4.1772562459611597e+00
 297 -4.6762710155222862e-04 -4.9677561328274531e-04 -1.6567700036373065e-03  3.7127602024008225e-03  0.0000000000000000e+00  4.1627853698676383e+00
 298 -1.6096999707807039e-03 -4.9973069406397794e-04 -1.9948597093347932e-04  4.6044563022749315e-03  0.0000000000000000e+00  4.1615107157900226e+00
 299 -1.8284335736644148e-03  2.8675322739800907e-05  8.6273571822508661e-04  4.5639533153404672e-03  0.0000000000000000e+00  4.1780990218270357e+00
 300 -9.0682177863395423e-04  4.3503646920724221e-04  2.0924165039268227e-03  3.4906072187174510e-03  0.0000000000000000e+00  4.2121255105774811e+00
 301  2.1486204489419493e-04  2.7333573430493883e-04  3.5244068397858072e-03  1.8441317408031527e-03  0.0000000000000000e+00  4.2526500583744147e+00
 302  4.3538271474505459e-04 -1.0341911628289612e-04  4.1764685539251983e-03 -1.0867062522260820e-04  0.0000000000000000e+00  4.2788582619147011e+00
 303 -1.3815168716461716e-04  7.1490552648824539e-05  3.5680423820058931e-03 -2.0777908959834467e-03  0.0000000000000000e+00  4.2802353753249802e+00
 304 -6.1547669775463944e-04  3.7463073708576388e-04  2.2754686760195976e-03 -3.6790793666074267e-03  0.0000000000000000e+00  4.2681197802812205e+00
 305 -8.5108411606230787e-04  9.1631823252763402e-06  6.4099926378349272e-04 -4.5607081807488431e-03  0.0000000000000000e+00  4.2649100587970254e+00
 306 -1.2098271591038789e-03 -5.8945245314851662e-04 -1.0055251823568494e-03 -4.5814184759088075e-03  0.0000000000000000e+00  4.2832097705103473e+00
 307 -1.3629525827588999e-03 -4.0076537539040493e-04 -2.2483742442884072e-03 -3.6488311465831462e-03  0.0000000000000000e+00  4.3193824173395399e+00
 308 -6.7921110021532853e-04  4.6623485337940896e-04 -3.2539369267335183e-03 -1.9561177855750692e-03  0.0000000000000000e+00  4.3572137522890726e+00
 309  4.6481874680517237e-04  8.2400116822711929e-04 -4.0142537329947870e-03 -6.1239306315269334e-05  0.0000000000000000e+00  4.3840196119469033e+00
 310  7.5051881644434479e-04  1.7462739886346009e-04 -3.7165525976025349e-03  1.7057372946981243e-03  0.0000000000000000e+00  4.3834025882403367e+00
 311 -2.0847358106376159e-04 -4.4916112464428898e-04 -2.2680991730693123e-03  3.2318803042963159e-03  0.0000000000000000e+00  4.3688197683780148e+00
 312 -1.4204832660361238e-03 -4.0528154902064591e-04 -7.6802215785904098e-04  4.4025167257211069e-03  0.0000000000000000e+00  4.3612700310212063e+00
 313 -1.8070678999188550e-03  2.1652893186377414e-05  3.7807100478109528e-04  4.7616809269451135e-03  0.0000000000000000e+00  4.3706564620686406e+00
 314 -1.1378735557491929e-03  2.7639929186548478e-04  1.6314574142921373e-03  4.0223211574131846e-03  0.0000000000000000e+00  4.4007817171517756e+00
 315 -1.5626595338219415e-04  1.5282286315594678e-04  3.1286464558246546e-03  2.5348194004756281e-03  0.0000000000000000e+00  4.4428342741415765e+00
 316  2.7158359376162645e-04 -3.0068100277773624e-05  4.1152896829744958e-03  6.1918537495289790e-04  0.0000000000000000e+00  4.4784183649937361e+00
 317  4.2902460963990757e-05  1.7893814768297695e-04  3.9429943817087055e-03 -1.4191205049634459e-03  0.0000000000000000e+00  4.4893166119197998e+00
 318 -2.7880806663369771e-04  4.4066351068591174e-04  2.8483833127642610e-03 -3.1550022667599250e-03  0.0000000000000000e+00  4.4794702513413824e+00
 319 -5.8307140446194929e-04  4.6031138748506750e-05  1.2021112779079506e-03 -4.2679002844705589e-03  0.0000000000000000e+00  4.4703957098927116e+00
 320 -1.1600770999448246e-03 -6.2567652867365773e-04 -5.1332169976063676e-04 -4.6372684149679549e-03  0.0000000000000000e+00  4.4797891966944130e+00
 321 -1.5874355893505244e-03 -5.2220938465612427e-04 -1.7655866655029615e-03 -4.0866805820200733e-03  0.0000000000000000e+00  4.5095734789589930e+00
 322 -1.0340366074846534e-03  3.6931772377775130e-04 -2.7664149154580766e-03 -2.6302798660590618e-03  0.0000000000000000e+00  4.5455398725416103e+00
 323  2.7453312872883861e-04  8.5478785223481557e-04 -3.7687698603068929e-03 -8.1053985075481782e-04  0.0000000000000000e+00  4.5782873206594363e+00
 324  8.7269799537868504e-04  2.4373793775777619e-04 -3.9800396958796771e-03  1.0040046536946168e-03  0.0000000000000000e+00  4.5875588835122088e+00
 325  5.0236611765534089e-05 -4.0769684386403538e-04 -2.8551717023707684e-03  2.6766533967505948e-03  0.0000000000000000e+00  4.5762584634083083e+00
 326 -1.1830823203374007e-03 -3.0778650420563330e-04 -1.3612261184018013e-03  4.0774342797958510e-03  0.0000000000000000e+00  4.5647674122945139e+00
 327 -1.6928333992232861e-03  6.1632086969042762e-05 -1.2399249809647188e-04  4.7964553360957387e-03  0.0000000000000000e+00  4.5668716572742651e+00
 328 -1.2700900719290688e-03  1.4994018922342360e-04  1.1803106687796139e-03  4.4256634951934512e-03  0.0000000000000000e+00  4.5915449242656265e+00
 329 -5.1366268469805055e-04 -1.1075512631230774e-05  2.6969969162643553e-03  3.1613401535253902e-03  0.0000000000000000e+00  4.6324663726597155e+00
 330 -5.0048325537433491e-06 -1.5202863034312695e-05  3.8880234893910186e-03  1.3331124748582773e-03  0.0000000000000000e+00  4.6741159169044080e+00
 331  1.1234986690366661e-04  2.9341879775347113e-04  4.1412761139597463e-03 -7.2895345370554315e-04  0.0000000000000000e+00  4.6949831605437424e+00
 332  2.9817380813629931e-05  5.0957523319403056e-04  3.3625698627358560e-03 -2.5702755685531840e-03  0.0000000000000000e+00  4.6901848030283597e+00
 333 -2.8413956805519401e-04  8.6818026414361930e-05  1.7872994238784118e-03 -3.8748269428426014e-03  0.0000000000000000e+00  4.6773986176653715e+00
 334 -1.0310675870682669e-03 -6.1587286458649078e-04  1.3964332076234070e-05 -4.5566420175481232e-03  0.0000000000000000e+00  4.6781375872661108e+00
 335 -1.7145217322039859e-03 -6.0389703544341388e-04 -1.2793743487521318e-03 -4.4112537809502510e-03  0.0000000000000000e+00  4.7002539790676678e+00
 336 -1.3626016488949998e-03  2.4501413254305498e-04 -2.2598492210390820e-03 -3.2607096885125786e-03  0.0000000000000000e+00  4.7327545470011252e+00
 337 -1.6540586613837683e-05  8.2464186390242733e-04 -3.3944171671281831e-03 -1.5577816540462818e-03  0.0000000000000000e+00  4.7687143347750363e+00
 338  8.7790236053297669e-04  3.2121532392729365e-04 -4.0761998129260138e-03  2.6575737406906802e-04  0.0000000000000000e+00  4.7886679808069399e+00
 339  2.8218747966470351e-04 -3.5781434589632571e-04 -3.3832986029802767e-03  2.0596748430213255e-03  0.0000000000000000e+00  4.7840757719319074e+00
 340 -9.1077652905125362e-04 -2.1967017268619313e-04 -1.9708782575143381e-03  3.6497730166722767e-03  0.0000000000000000e+00  4.7715463438255732e+00
 341 -1.4997913133351166e-03  1.3288103923977688e-04 -6.5250377266585905e-04  4.6764829634021897e-03  0.0000000000000000e+00  4.7671252507004347e+00
 342 -1.2975130696900694e-03  6.9084135239081399e-05  7.2706419915225516e-04  4.6805356807023231e-03  0.0000000000000000e+00  4.7850048982825593e+00
 343 -8.1465905228164095e-04 -1.8844133531437980e-04  2.2552371144532392e-03  3.7024169529197358e-03  0.0000000000000000e+00  4.8225416679189932e+00
 344 -3.5427231824211976e-04 -6.7673587179386602e-05  3.5384182166628905e-03  2.0171941693700947e-03  0.0000000000000000e+00  4.8667114099718543e+00
 345  5.2397143951622927e-05  3.9319912368689460e-04  4.1434278179598915e-03 -2.0097403877950294e-05  0.0000000000000000e+00  4.8962406649249299e+00
 346  2.7805781848134158e-04  5.8911530066240272e-04  3.7693039074423217e-03 -1.9348260807271942e-03  0.0000000000000000e+00  4.8988644356468631e+00
 347  2.4256939183341462e-05  1.2346579075618838e-04  2.3739012907943199e-03 -3.3996784126071097e-03  0.0000000000000000e+00  4.8850498590967124e+00
 348 -8.4368549712251714e-04 -5.7449263239269443e-04  5.7795746555873179e-04 -4.3517912361623950e-03  0.0000000000000000e+00  4.8783164714886897e+00
 349 -1.7425735973717329e-03 -6.3138546625175426e-04 -7.8141674701986844e-04 -4.6043682506278589e-03  0.0000000000000000e+00  4.8919923770354394e+00
 350 -1.6256931826772424e-03  1.2204664062793806e-04 -1.7588745212770774e-03 -3.8217486396380004e-03  0.0000000000000000e+00  4.9197914650370080e+00
 351 -3.6176972771692666e-04  7.3092856966061506e-04 -2.9426973418656814e-03 -2.2869379285966199e-03  0.0000000000000000e+00  4.9565032835203313e+00
 352  7.4951492416617225e-04  3.7696479005367253e-04 -3.9996554868799647e-03 -4.9162193496985656e-04  0.0000000000000000e+00  4.9860995798604604e+00
 353  4.5151474901122080e-04 -2.8450220844306582e-04 -3.8079723822760157e-03  1.3921788442345275e-03  0.0000000000000000e+00  4.9912146369108958e+00
 354 -6.1918143698933437e-04 -1.4028203377012164e-04 -2.5792621877757439e-03  3.1397667127626453e-03  0.0000000000000000e+00  4.9808465833317319e+00
 355 -1.2414963765767456e-03  2.1611406179753668e-04 -1.2103375744002812e-03  4.4192033666830216e-03  0.0000000000000000e+00  4.9715031533974710e+00
 356 -1.2250573852939785e-03  3.3840416289520563e-05  2.5799464987867924e-04  4.7778387516120950e-03  0.0000000000000000e+00  4.9817484966659977e+00
 357 -1.0328198435096418e-03 -3.5139205795374089e-04  1.8115485697975991e-03  4.1361437241968805e-03  0.0000000000000000e+00  5.0138840718197315e+00
 358 -7.2762066847728687e-04 -1.7470271803253523e-04  3.1128309542890623e-03  2.6578966647365495e-03  0.0000000000000000e+00  5.0574748715664777e+00
 359 -1.3243542456517555e-04  4.5296868135397204e-04  3.9593461063316040e-03  6.9413976988818757e-04  0.0000000000000000e+00  5.0929777742650044e+00
 360  4.3547836399950463e-04  6.7950258243645325e-04  4.0234812973588161e-03 -1.2556199723760938e-03  0.0000000000000000e+00  5.1045099978819906e+00
 361  3.2046754231881362e-04  1.5559633818952427e-04  2.9291522589127159e-03 -2.8545282464682319e-03  0.0000000000000000e+00  5.0927001361462718e+00
 362 -6.1782703810603975e-04 -5.1978903269547089e-04  1.1722089732558957e-03 -4.0366707461400074e-03  0.0000000000000000e+00  5.0805194344046551e+00
 363 -1.6804807123890996e-03 -6.0227185213022937e-04 -2.6173337767701455e-04 -4.6551461994016746e-03  0.0000000000000000e+00  5.0856987131167033e+00
 364 -1.7958145276158917e-03  2.7551052495216349e-05 -1.2702701006097159e-03 -4.2807519724817012e-03  0.0000000000000000e+00  5.1076886890270181e+00
 365 -7.0653740333950234e-04  5.8896283240165797e-04 -2.4623424431396918e-03 -2.9755335487035833e-03  0.0000000000000000e+00  5.1432548210399931e+00
 366  4.9636740423182233e-04  3.7833040692663065e-04 -3.7704133873335214e-03 -1.2468493547262783e-03  0.0000000000000000e+00  5.1799645516304631e+00
 367  5.2050739153464750e-04 -1.8783708562756802e-04 -4.0824262528958771e-03  6.8627793393414573e-04  0.0000000000000000e+00  5.1965554494871133e+00
 368 -3.3343957225501073e-04 -5.9599741259485328e-05 -3.1531519023729176e-03  2.5648147715989231e-03  0.0000000000000000e+00  5.1915340973098951e+00
 369 -9.3404425007999543e-04  2.9671397881573977e-04 -1.7928242833290884e-03  4.0468985344234805e-03  0.0000000000000000e+00  5.1795528598409089e+00
 370 -1.0651802363529513e-03  3.5938130801454222e-05 -2.3912787347917856e-04  4.7213490154853410e-03  0.0000000000000000e+00  5.1820673015141718e+00
 371 -1.1545882089508404e-03 -4.7884074994491489e-04  1.3613162720109793e-03  4.4436351092375041e-03  0.0000000000000000e+00  5.2070554991274669e+00
 372 -1.0790582850354056e-03 -3.1197495639803598e-04  2.6491560503807687e-03  3.2413899086392323e-03  0.0000000000000000e+00  5.2475798534998273e+00
 373 -4.1679555693253435e-04  4.5533287780959207e-04  3.6236167230285924e-03  1.4024856428251483e-03  0.0000000000000000e+00  5.2858586648769696e+00
 374  4.7663654519822842e-04  7.6948991635700410e-04  4.0963272653432572e-03 -5.4098529245439123e-04  0.0000000000000000e+00  5.3064374265781655e+00
 375  5.8087956664537870e-04  1.9216359597175098e-04  3.4142610284634803e-03 -2.2472133829487075e-03  0.0000000000000000e+00  5.2997976009457028e+00
 376 -3.6818672903441818e-04 -4.6748656781142600e-04  1.7830432104417905e-03 -3.6246685428022196e-03  0.0000000000000000e+00  5.2848717561760097e+00
 377 -1.5430128469868442e-03 -5.2903138970451021e-04  2.8565820440539479e-04 -4.5624851140293934e-03  0.0000000000000000e+00  5.2823765382141037e+00
 378 -1.8607458969374020e-03 -1.9941354400716955e-05 -7.8769931579892173e-04 -4.6052417230114740e-03  0.0000000000000000e+00  5.2975955948385129e+00
 379 -1.0023309413663480e-03  4.2675331908173883e-04 -1.9859372159378437e-03 -3.5934187728628806e-03  0.0000000000000000e+00  5.3304750660231974e+00
 380  1.5624450664768091e-04  3.0892032886335632e-04 -3.4284286875078175e-03 -1.9774648841266560e-03  0.0000000000000000e+00  5.3711466416968152e+00
 381  4.6227837124346018e-04 -9.0636398375958202e-05 -4.1741294232725068e-03 -4.1459151692630276e-05  0.0000000000000000e+00  5.3989751429985997e+00
 382 -9.0373002517843285e-05  3.4063351650243798e-05 -3.6427473319520622e-03  1.9388421988239298e-03  0.0000000000000000e+00  5.4020587671694136e+00
 383 -5.9947846655119435e-04  3.6952542948633896e-04 -2.3835587491702853e-03  3.5828206993147723e-03  0.0000000000000000e+00  5.3901499802682515e+00
 384 -8.3531228115502803e-04  6.3474242072439997e-05 -7.7125618898568713e-04  4.5259523997378866e-03  0.0000000000000000e+00  5.3856999960436491e+00
 385 -1.1768828507595947e-03 -5.5858941626734412e-04  8.9406624208706329e-04  4.6125045343546472e-03  0.0000000000000000e+00  5.4022938717172879e+00
 386 -1.3711566274683526e-03 -4.5251764818077310e-04  2.1721817069848140e-03  3.7500770695350384e-03  0.0000000000000000e+00  5.4377632423788498e+00
 387 -7.6017035588986880e-04  3.9816798727363155e-04  3.1851086517035933e-03  2.0944209797982608e-03  0.0000000000000000e+00  5.4759429629505760e+00
 388  3.8789446868409556e-04  8.3768229800626145e-04  3.9837235050139185e-03  1.9691688475701041e-04  0.0000000000000000e+00  5.5042181638980061e+00
 389  7.7825434763093720e-04  2.4529288707019235e-04  3.7881396217640619e-03 -1.5845990531850413e-03  0.0000000000000000e+00  5.5056418947875017e+00
 390 -1.0690764189132152e-04 -4.2482895605201580e-04  2.3900958042201801e-03 -3.1285337889610091e-03  0.0000000000000000e+00  5.4911388065300351e+00
 391 -1.3465381972765568e-03 -4.3436757089509071e-04  8.6087813071591285e-04 -4.3350178578121399e-03  0.0000000000000000e+00  5.4826834799796025e+00
 392 -1.8235513438001486e-03 -1.4543996904611603e-05 -2.9836152533746529e-04 -4.7731441110015517e-03  0.0000000000000000e+00  5.4905529944427958e+00
 393 -1.2149668068739570e-03  2.7593352981129403e-04 -1.5242673981651163e-03 -4.1074166908919452e-03  0.0000000000000000e+00  5.5192502205474065e+00
 394 -2.1504510507752630e-04  1.7644332896175370e-04 -3.0201697175471641e-03 -2.6615971503824178e-03  0.0000000000000000e+00  5.5609032018635638e+00
 395  2.7335098922596688e-04 -2.8562964043228237e-05 -4.0800896847036239e-03 -7.7079980170705563e-04  0.0000000000000000e+00  5.5977028382377290e+00
 396  6.9015324044214709e-05  1.4407273022477602e-04 -3.9924241471147454e-03  1.2727941469312728e-03  0.0000000000000000e+00  5.6106414224926366e+00
 397 -2.6593559831548892e-04  4.3840975602018494e-04 -2.9511929114257153e-03  3.0464185582185035e-03  0.0000000000000000e+00  5.6016662205015226e+00
 398 -5.5578505964903944e-04  1.0366804463523638e-04 -1.3366665738230711e-03  4.2121069969515944e-03  0.0000000000000000e+00  5.5918378994442204e+00
 399 -1.1068601540454503e-03 -5.8809172247907462e-04  3.9837791984792965e-04  4.6392921366117841e-03  0.0000000000000000e+00  5.5995356294901448e+00
 400 -1.5776381046273592e-03 -5.7090453655787388e-04  1.6919063345291277e-03  4.1622627056607632e-03  0.0000000000000000e+00  5.6283256691472934e+00
 401 -1.1148962767704282e-03  2.9490878885739979e-04  2.6934335868371855e-03  2.7568547041015475e-03  0.0000000000000000e+00  5.6642341648108516e+00
 402  1.7604047317344170e-04  8.5963171701210770e-04  3.7076096582497700e-03  9.4419408890209443e-04  0.0000000000000000e+00  5.6977668989771315e+00
 403  8.8192720144597385e-04  3.1746901721913396e-04  4.0137259551951149e-03 -8.7528076403707816e-04  0.0000000000000000e+00  5.7092308480507867e+00
 404  1.4856794696918146e-04 -3.8630076399711911e-04  2.9658627025539869e-03 -2.5606677706493143e-03  0.0000000000000000e+00  5.6985694403094334e+00
 405 -1.1056871768301839e-03 -3.3954604722038150e-04  1.4594681544094986e-03 -3.9889666371760273e-03  0.0000000000000000e+00  5.6866227357775854e+00
 406 -1.6963940727508146e-03  3.6338047151816133e-05  2.1031201149615249e-04 -4.7791919876601866e-03  0.0000000000000000e+00  5.6872431077972907e+00
 407 -1.3263446335962576e-03  1.6111301105806747e-04 -1.0716628822608615e-03 -4.4886859375210357e-03  0.0000000000000000e+00  5.7102726361333858e+00
 408 -5.6287602559088545e-04  5.8651125334138531e-06 -2.5843412191577405e-03 -3.2775482218078866e-03  0.0000000000000000e+00  5.7503911518574542e+00
 409 -2.2409440726028621e-05 -2.8892926470615910e-05 -3.8284204206412895e-03 -1.4822793819731831e-03  0.0000000000000000e+00  5.7927425844024869e+00
 410  1.1194113448147135e-04  2.5869255845761206e-04 -4.1599776664675561e-03  5.7797930149391160e-04  0.0000000000000000e+00  5.8156850697169906e+00
 411  3.4213518301923555e-05  5.1204430759122931e-04 -3.4514955311085709e-03  2.4518641745721608e-03  0.0000000000000000e+00  5.8123675730205306e+00
 412 -2.4851827499760128e-04  1.4539049548616099e-04 -1.9225157958095444e-03  3.8012884780768250e-03  0.0000000000000000e+00  5.7994153810604923e+00
 413 -9.6120793124489744e-04 -5.7465807368330211e-04 -1.3356648524520662e-04  4.5310857053532418e-03  0.0000000000000000e+00  5.7986181264448158e+00
 414 -1.6857955887259188e-03 -6.4623905078565059e-04  1.2059014075935363e-03  4.4569161178290295e-03  0.0000000000000000e+00  5.8194943641468360e+00
 415 -1.4353370502700586e-03  1.6992975443267882e-04  2.1872313813723681e-03  3.3712822136937816e-03  0.0000000000000000e+00  5.8515802683304718e+00
 416 -1.2819956121168860e-04  8.1936151747973637e-04  3.3110305289065431e-03  1.6872241904709682e-03  0.0000000000000000e+00  5.8876418917362834e+00
 417  8.6410412791518797e-04  3.9237598034481551e-04  4.0684641413896612e-03 -1.3210548034930261e-04  0.0000000000000000e+00  5.9095570319221578e+00
 418  3.7038790250465815e-04 -3.3615679085717066e-04  3.4740331450934000e-03 -1.9328354182643497e-03  0.0000000000000000e+00  5.9061435061172691e+00
 419 -8.3319531402371828e-04 -2.5484942946502195e-04  2.0717099410735096e-03 -3.5443637596707074e-03  0.0000000000000000e+00  5.8936985983744856e+00
 420 -1.4931803670473853e-03  1.1526408316762280e-04  7.4602873408596815e-04 -4.6330290876098719e-03  0.0000000000000000e+00  5.8880262118599793e+00
 421 -1.3327656718267870e-03  9.2984486788528326e-05 -6.1541662182956454e-04 -4.7179677817499330e-03  0.0000000000000000e+00  5.9041478864267889e+00
 422 -8.4736969109056991e-04 -1.7240513445695117e-04 -2.1428964622312863e-03 -3.8027822182833300e-03  0.0000000000000000e+00  5.9405618072186224e+00
 423 -3.8160784902650021e-04 -9.6042486462958091e-05 -3.4643023093057818e-03 -2.1598295050169968e-03  0.0000000000000000e+00  5.9849512119244572e+00
 424  2.4540939069042802e-05  3.5389889563198438e-04 -4.1307111166639827e-03 -1.3208650504099653e-04  0.0000000000000000e+00  6.0162688844070686e+00
 425  2.6789152226662554e-04  5.9702053461245703e-04 -3.8346693571976996e-03  1.8085564059869784e-03  0.0000000000000000e+00  6.0208135662720244e+00
 426  6.4184139642322913e-05  1.8226192227908377e-04 -2.5038386931601226e-03  3.3111698543023898e-03  0.0000000000000000e+00  6.0074744004366032e+00
 427 -7.6136625093363149e-04 -5.3329234617810863e-04 -7.0211634349137393e-04  4.3015440002272445e-03  0.0000000000000000e+00  5.9995036086591362e+00
 428 -1.6963176592274885e-03 -6.6593536857645244e-04  7.0501453270046155e-04  4.6180429893469318e-03  0.0000000000000000e+00  6.0117936157117082e+00
 429 -1.6843558480394969e-03  5.1958973101086451e-05  1.6878019388157912e-03  3.9114030237893151e-03  0.0000000000000000e+00  6.0388338181517058e+00
 430 -4.7607302802880040e-04  7.1780114810114800e-04  2.8464115526201771e-03  2.4098050551017419e-03  0.0000000000000000e+00  6.0750952261326931e+00
 431  7.1230507722562010e-04  4.3861430176176275e-04  3.9528678634644359e-03  6.2707538944324084e-04  0.0000000000000000e+00  6.1060919989773828e+00
 432  5.2230355164845793e-04 -2.6080937103936799e-04  3.8698692607793610e-03 -1.2558830466583367e-03  0.0000000000000000e+00  6.1128009222790229e+00
 433 -5.4515452609334636e-04 -1.7771958679751521e-04  2.6778373612648446e-03 -3.0206097776499419e-03  0.0000000000000000e+00  6.1031015769916355e+00
 434 -1.2274653934999811e-03  2.0257777193735346e-04  1.3104221727570191e-03 -4.3529904517888296e-03  0.0000000000000000e+00  6.0929199865288810e+00
 435 -1.2410378359343165e-03  6.9364578817417168e-05 -1.4160770521521113e-04 -4.7881546238250266e-03  0.0000000000000000e+00  6.1014347670868716e+00
 436 -1.0448982066406829e-03 -3.3120714052951893e-04 -1.7003623890430764e-03 -4.2152509420194835e-03  0.0000000000000000e+00  6.1321746457727819e+00
 437 -7.5477186990699908e-04 -2.1388492693761275e-04 -3.0327802887798920e-03 -2.7897943229708093e-03  0.0000000000000000e+00  6.1755846225774462e+00
 438 -1.8410932099888067e-04  4.0438941836251819e-04 -3.9195981567958062e-03 -8.4414164205402471e-04  0.0000000000000000e+00  6.2123819766950241e+00
 439  4.0472460518761142e-04  6.9109223639605445e-04 -4.0572632499221856e-03  1.1235038766983267e-03  0.0000000000000000e+00  6.2259834042715001e+00
 440  3.5953964433877269e-04  2.1600367818318616e-04 -3.0460100180351056e-03  2.7532208191950571e-03  0.0000000000000000e+00  6.2152970846145683e+00
 441 -5.2677503088081814e-04 -4.8158832957987942e-04 -1.2993451473183996e-03  3.9652132500653161e-03  0.0000000000000000e+00  6.2022918873609845e+00
 442 -1.6195946665151827e-03 -6.3016092271074239e-04  1.7984445719389770e-04  4.6373629607287387e-03  0.0000000000000000e+00  6.2060920314949000e+00
 443 -1.8371963100531690e-03 -3.3232409416549297e-05  1.1994687191182649e-03  4.3446523932798194e-03  0.0000000000000000e+00  6.2269984279866586e+00
 444 -8.1378349155464898e-04  5.7294481179582548e-04  2.3607201831635674e-03  3.0885118902356464e-03  0.0000000000000000e+00  6.2617039289312713e+00
 445  4.4081633202689709e-04  4.2586859415269605e-04  3.6922344237010516e-03  1.3810383897219234e-03  0.0000000000000000e+00  6.2991031946969338e+00
 446  5.6792135811667204e-04 -1.6425405599324191e-04  4.1090269560066905e-03 -5.4251243163168069e-04  0.0000000000000000e+00  6.3174311693030161e+00
 447 -2.6843362322643384e-04 -9.7004631834450464e-05  3.2422024391719271e-03 -2.4345127294151856e-03  0.0000000000000000e+00  6.3136555238326801e+00
 448 -9.1591504357445991e-04  2.8493996625939021e-04  1.8973707757080915e-03 -3.9620654200080230e-03  0.0000000000000000e+00  6.3013863711585776e+00
 449 -1.0647430093284535e-03  8.0656054626220724e-05  3.6143953054577725e-04 -4.7056390933955502e-03  0.0000000000000000e+00  6.3023696021329529e+00
 450 -1.1443364526468017e-03 -4.5127553721993694e-04 -1.2500360448526569e-03 -4.4972850558269682e-03  0.0000000000000000e+00  6.3257574746401257e+00
 451 -1.0972694843351565e-03 -3.5683422542454762e-04 -2.5691107918934947e-03 -3.3579046372590685e-03  0.0000000000000000e+00  6.3657679973435970e+00
 452 -4.8502004645477955e-04  3.9533186457967859e-04 -3.5649576688327874e-03 -1.5471768776182543e-03  0.0000000000000000e+00  6.4048109677145177e+00
 453  4.2109107467386882e-04  7.8067716852825203e-04 -4.0947446127452434e-03  4.0571713355260137e-04  0.0000000000000000e+00  6.4272471702564280e+00
 454  6.1306294624455129e-04  2.5662714077477416e-04 -3.5090164100804316e-03  2.1350067543465055e-03  0.0000000000000000e+00  6.4223135441055277e+00
 455 -2.7167123842589255e-04 -4.3393455498990621e-04 -1.9097926878650136e-03  3.5355715535004147e-03  0.0000000000000000e+00  6.4070560163778341e+00
 456 -1.4713495332842864e-03 -5.5372675748579267e-04 -3.7417399856220585e-04  4.5161237173210952e-03  0.0000000000000000e+00  6.4033631780290818e+00
 457 -1.8848197841997291e-03 -6.9104813913789550e-05  7.1459217798147863e-04  4.6400972501327471e-03  0.0000000000000000e+00  6.4172436772917889e+00
 458 -1.0954047401774904e-03  4.1399434274383737e-04  1.8829778719083572e-03  3.6923274235184452e-03  0.0000000000000000e+00  6.4489383250215546e+00
 459  9.1837997534053429e-05  3.4222295686276501e-04  3.3293068679280894e-03  2.1076422041346105e-03  0.0000000000000000e+00  6.4896360384803105e+00
 460  4.8367827684050438e-04 -7.3042661314716810e-05  4.1641682194274200e-03  1.8969538311608186e-04  0.0000000000000000e+00  6.5190026600828634e+00
 461 -4.1291318671301120e-05 -1.2429568644943174e-06  3.7134024064226557e-03 -1.7994612060192898e-03  0.0000000000000000e+00  6.5238243740728947e+00
 462 -5.8114679423529369e-04  3.5927375472812251e-04  2.4883900209162371e-03 -3.4832612928927930e-03  0.0000000000000000e+00  6.5122587600888018e+00
 463 -8.2143020352027187e-04  1.1428534034355326e-04  8.9936389414676588e-04 -4.4868845097608941e-03  0.0000000000000000e+00  6.5066483968166144e+00
 464 -1.1446978337719743e-03 -5.2289992682573276e-04 -7.8077142616309720e-04 -4.6381824967961791e-03  0.0000000000000000e+00  6.5215466734439360e+00
 465 -1.3741786861032074e-03 -4.9801012519768957e-04 -2.0948020740175770e-03 -3.8457809326788331e-03  0.0000000000000000e+00  6.5562008516334958e+00
 466 -8.3578848527626553e-04  3.2822160926208405e-04 -3.1165105234385380e-03 -2.2304509097627705e-03  0.0000000000000000e+00  6.5946840768000721e+00
 467  3.0733531564916929e-04  8.4344221372113456e-04 -3.9480314887047297e-03 -3.3224058295111477e-04  0.0000000000000000e+00  6.6242891335934564e+00
 468  7.9705704566973784e-04  3.1475040900952344e-04 -3.8515531277635378e-03  1.4633418893853776e-03  0.0000000000000000e+00  6.6278150433861738e+00
 469 -8.8979808811254699e-06 -3.9567042508895805e-04 -2.5110308934108128e-03  3.0249205694060791e-03  0.0000000000000000e+00  6.6135194338736678e+00
 470 -1.2682155594272129e-03 -4.5983242279446288e-04 -9.5573646014418426e-04  4.2642794822196324e-03  0.0000000000000000e+00  6.6042077557329835e+00
 471 -1.8325696635536914e-03 -5.1854729331045259e-05  2.2026068230203237e-04  4.7781669537416303e-03  0.0000000000000000e+00  6.6106186465184065e+00
 472 -1.2894673998647441e-03  2.7195659915456229e-04  1.4206718896374610e-03  4.1877542971162319e-03  0.0000000000000000e+00  6.6378585447860932e+00
 473 -2.7747843495708077e-04  1.9916095220167844e-04  2.9103262713873509e-03  2.7847271092202642e-03  0.0000000000000000e+00  6.6790234556635681e+00
 474  2.7081367084388094e-04 -2.3316004189229332e-05  4.0383815515071496e-03  9.1984839609770576e-04  0.0000000000000000e+00  6.7169107864306286e+00
 475  9.5524573124966053e-05  1.1091983338298910e-04  4.0366069018159499e-03 -1.1263949837036940e-03  0.0000000000000000e+00  6.7318780966144516e+00
 476 -2.5196964659950685e-04  4.3113708202290648e-04  3.0496884806747865e-03 -2.9352079105809900e-03  0.0000000000000000e+00  6.7238925711284372e+00
 477 -5.3131969719020968e-04  1.5751778465341752e-04  1.4687051426253517e-03 -4.1529078752639299e-03  0.0000000000000000e+00  6.7134150072198437e+00
 478 -1.0550624543079008e-03 -5.4594601999988256e-04 -2.8129911495912039e-04 -4.6366235043433244e-03  0.0000000000000000e+00  6.7194608846582264e+00
 479 -1.5621663978553448e-03 -6.1275402261893686e-04 -1.6167065777768243e-03 -4.2318144144998298e-03  0.0000000000000000e+00  6.7471561767151060e+00
 480 -1.1888088267580383e-03  2.1937747948543371e-04 -2.6219811991563002e-03 -2.8803890656191712e-03  0.0000000000000000e+00  6.7829861135681249e+00
 481  7.5295981570730868e-05  8.5622785651526473e-04 -3.6435696283732321e-03 -1.0769214542329451e-03  0.0000000000000000e+00  6.8171661751376265e+00
 482  8.8125545390995265e-04  3.8923692884658000e-04 -4.0386693774283160e-03  7.4713004678886535e-04  0.0000000000000000e+00  6.8308066669219478e+00
 483  2.4244803392320542e-04 -3.5918350557188130e-04 -3.0735779494979040e-03  2.4449138244793498e-03  0.0000000000000000e+00  6.8209099626332685e+00
 484 -1.0243297006866769e-03 -3.6829249592657811e-04 -1.5591015796373503e-03  3.8982580537099409e-03  0.0000000000000000e+00  6.8085713839039963e+00
 485 -1.6932846744705243e-03  8.9914489646588148e-06 -2.9512708330327076e-04  4.7558331413596567e-03  0.0000000000000000e+00  6.8077971430543567e+00
 486 -1.3803197288073882e-03  1.6920892245806348e-04  9.6638071702870873e-04  4.5462061156085242e-03  0.0000000000000000e+00  6.8291648019672255e+00
 487 -6.1417237086157763e-04  2.3474968508469579e-05  2.4713244141592950e-03  3.3894237227568599e-03  0.0000000000000000e+00  6.8684155681747310e+00
 488 -4.2188969024282084e-05 -3.9107163198412131e-05  3.7639439472498043e-03  1.6282297954010050e-03  0.0000000000000000e+00  6.9113277446100945e+00
 489  1.1167225777668347e-04  2.2474736182954901e-04  4.1730552026779865e-03 -4.2740076054027549e-04  0.0000000000000000e+00  6.9362814536649049e+00
 490  3.8333569475825959e-05  5.0952707694157113e-04  3.5348268902466030e-03 -2.3313655526647301e-03  0.0000000000000000e+00  6.9345279929269070e+00
 491 -2.1674274541790483e-04  2.0019119802377401e-04  2.0544568685819378e-03 -3.7251673126388039e-03  0.0000000000000000e+00  6.9215310958804466e+00
 492 -8.9352297225386715e-04 -5.2929102265421182e-04  2.5532573610971906e-04 -4.5018160297619078e-03  0.0000000000000000e+00  6.9192731218733687e+00
 493 -1.6513729092943530e-03 -6.8149159815457123e-04 -1.1303697152131285e-03 -4.4964435797730041e-03  0.0000000000000000e+00  6.9388309452971964e+00
 494 -1.4999191088179897e-03  9.4480831581467129e-05 -2.1167575037144971e-03 -3.4778700840639881e-03  0.0000000000000000e+00  6.9704936500055226e+00
 495 -2.4024649718515064e-04  8.0620340373222204e-04 -3.2272785453371531e-03 -1.8151984436887833e-03  0.0000000000000000e+00  7.0065535152180116e+00
 496  8.4012626472944362e-04  4.6044733416991380e-04 -4.0525152342878500e-03 -1.9232321784121699e-07  0.0000000000000000e+00  7.0303381807026541e+00
 497  4.5319712967325186e-04 -3.0795208977695953e-04 -3.5597268745816155e-03  1.8065463957203020e-03  0.0000000000000000e+00  7.0282107791802719e+00
 498 -7.5195901335866266e-04 -2.8727059870102447e-04 -2.1729876663355041e-03  3.4374450576277011e-03  0.0000000000000000e+00  7.0159176939349681e+00
 499 -1.4806884491494667e-03  9.4429627027887850e-05 -8.3793936808407039e-04  4.5840139951510792e-03  0.0000000000000000e+00  7.0091100085520672e+00
 500 -1.3665032629621389e-03  1.1378328537879597e-04  5.0674680532632036e-04  4.7494667725117342e-03  0.0000000000000000e+00  7.0234725394291360e+00
 501 -8.8124637473520416e-04 -1.5416344812865318e-04  2.0303240237015008e-03  3.8980803959147120e-03  0.0000000000000000e+00  7.0587114367029331e+00
 502 -4.0901960127465642e-04 -1.2038876279972311e-04  3.3868449925461798e-03  2.2986680084053275e-03  0.0000000000000000e+00  7.1031844284436367e+00
 503 -2.5446934188692998e-06  3.1419089202496767e-04  4.1129944612877849e-03  2.8340168365353398e-04  0.0000000000000000e+00  7.1361895767936527e+00
 504  2.5602729027550381e-04  5.9955130308079910e-04  3.8933526960293102e-03 -1.6806569572589995e-03  0.0000000000000000e+00  7.1426835078995889e+00
 505  9.9041250243074867e-05  2.3773600511526347e-04  2.6293989671987380e-03 -3.2207412532226668e-03  0.0000000000000000e+00  7.1299495158759099e+00
 506 -6.8182870433731665e-04 -4.8818986477426726e-04  8.2815002840419994e-04 -4.2486057663683333e-03  0.0000000000000000e+00  7.1208431145943329e+00
 507 -1.6445891387309431e-03 -6.9364530067266613e-04 -6.2609224993551182e-04 -4.6259109126171498e-03  0.0000000000000000e+00  7.1317018903117333e+00
 508 -1.7341383669321080e-03 -1.8043460233214718e-05 -1.6189630756829612e-03 -3.9959954241611129e-03  0.0000000000000000e+00  7.1579817907305632e+00
 509 -5.8905526795783388e-04  6.9770403317887995e-04 -2.7519456428060107e-03 -2.5304909309146993e-03  0.0000000000000000e+00  7.1937292787086200e+00
 510  6.6565531913454780e-04  4.9641792902949610e-04 -3.8994116284022215e-03 -7.6042371833379304e-04  0.0000000000000000e+00  7.2259884967152948e+00
 511  5.8697202626831787e-04 -2.3041470020070495e-04 -3.9249333751277824e-03  1.1204815293763752e-03  0.0000000000000000e+00  7.2343500147710982e+00
 512 -4.6801548611093504e-04 -2.1241189990133744e-04 -2.7755136980602627e-03  2.9004941949348812e-03  0.0000000000000000e+00  7.2253810094676920e+00
