-3.00 11.05539  5.37608
-2.85 11.04786  5.37755
-2.70 11.04181  5.37903
-2.55 11.03706  5.38053
-2.40 11.03343  5.38201
-2.25 11.03075  5.38348
-2.10 11.02887  5.38491
-1.95 11.02767  5.38630
-1.80 11.02701  5.38765
-1.65 11.02681  5.38895
-1.50 11.02697  5.39020
-1.35 11.02742  5.39140
-1.20 11.02810  5.39255
-1.05 11.02894  5.39366
-0.90 11.02991  5.39471
-0.75 11.03097  5.39572
-0.60 11.03208  5.39667
-0.45 11.03323  5.39759
-0.30 11.03438  5.39846
-0.15 11.03553  5.39929
 0.00 11.03666  5.40007
 0.15 11.03776  5.40082
 0.30 11.03881  5.40153
 0.45 11.03982  5.40220
 0.60 11.04077  5.40283
 0.75 11.04167  5.40342
 0.90 11.04250  5.40398
 1.05 11.04326  5.40450
 1.20 11.04395  5.40498
 1.35 11.04457  5.40543
 1.50 11.04511  5.40584
 1.65 11.04558  5.40620
 1.80 11.04596  5.40653
 1.95 11.04625  5.40682
 2.10 11.04646  5.40706
 2.25 11.04657  5.40726
 2.40 11.04659  5.40742
 2.55 11.04651  5.40753
 2.70 11.04632  5.40759
 2.85 11.04603  5.40760
 3.00 11.04562  5.40757
