#   A_x        A_y        J_x        J_y      nu_x    nu_y
#
 0.000e+00  0.000e+00  0.000e+00  0.000e+00 0.03666 0.40007
-8.000e-01  1.000e+00  1.592e-02  1.426e-01 0.03672 0.39984
-1.600e+00  1.000e+00  6.368e-02  1.426e-01 0.03667 0.39986
-2.400e+00  1.000e+00  1.433e-01  1.426e-01 0.03658 0.39991
-3.200e+00  1.000e+00  2.547e-01  1.426e-01 0.03646 0.39998
-4.000e+00  1.000e+00  3.980e-01  1.426e-01 0.03631 0.40007
-4.800e+00  1.000e+00  5.732e-01  1.426e-01 0.03615 0.40019
-5.600e+00  1.000e+00  7.801e-01  1.426e-01 0.03599 0.40034
-6.400e+00  1.000e+00  1.019e+00  1.426e-01 0.03582 0.40053
-7.200e+00  1.000e+00  1.290e+00  1.426e-01 0.03567 0.40076
-8.000e+00  1.000e+00  1.592e+00  1.426e-01 0.03555 0.40104
-8.800e+00  1.000e+00  1.926e+00  1.426e-01 0.03547 0.40137
-9.600e+00  1.000e+00  2.293e+00  1.426e-01 0.03545 0.40178
-1.040e+01  1.000e+00  2.691e+00  1.426e-01 0.03550 0.40226
-1.120e+01  1.000e+00  3.121e+00  1.426e-01 0.03566 0.40283
-1.200e+01  1.000e+00  3.582e+00  1.426e-01 0.03594 0.40349
-1.280e+01  1.000e+00  4.076e+00  1.426e-01 0.03637 0.40426
-1.360e+01  1.000e+00  4.601e+00  1.426e-01 0.03698 0.40517
-1.440e+01  1.000e+00  5.158e+00  1.426e-01 0.03760 0.40601
-1.520e+01  1.000e+00  5.747e+00  1.426e-01 0.03871 0.40732
-1.600e+01  1.000e+00  6.368e+00  1.426e-01 0.03996 0.40865
-1.680e+01  1.000e+00  7.021e+00  1.426e-01 0.04147 0.41017
-1.760e+01  1.000e+00  7.706e+00  1.426e-01 0.04411 0.41258
-1.840e+01  1.000e+00  8.422e+00  1.426e-01 0.04549 0.41386
-1.920e+01  1.000e+00  9.171e+00  1.426e-01 0.04780 0.41599
-2.000e+01  1.000e+00  9.951e+00  1.426e-01 0.05069 0.41890

 0.000e+00  0.000e+00  0.000e+00  0.000e+00 0.03666 0.40007
 0.000e+00  1.000e+00  0.000e+00  1.426e-01 0.03674 0.39983
 8.000e-01  1.000e+00  1.592e-02  1.426e-01 0.03672 0.39984
 1.600e+00  1.000e+00  6.368e-02  1.426e-01 0.03666 0.39987
 2.400e+00  1.000e+00  1.433e-01  1.426e-01 0.03656 0.39993
 3.200e+00  1.000e+00  2.547e-01  1.426e-01 0.03643 0.40001
 4.000e+00  1.000e+00  3.980e-01  1.426e-01 0.03626 0.40012
 4.800e+00  1.000e+00  5.732e-01  1.426e-01 0.03608 0.40026
 5.600e+00  1.000e+00  7.801e-01  1.426e-01 0.03588 0.40046
 6.400e+00  1.000e+00  1.019e+00  1.426e-01 0.03570 0.40071
 7.200e+00  1.000e+00  1.290e+00  1.426e-01 0.03554 0.40103
 8.000e+00  1.000e+00  1.592e+00  1.426e-01 0.03544 0.40143
 8.800e+00  1.000e+00  1.926e+00  1.426e-01 0.03542 0.40194
 9.600e+00  1.000e+00  2.293e+00  1.426e-01 0.03553 0.40257
 1.040e+01  1.000e+00  2.691e+00  1.426e-01 0.03580 0.40335
 1.120e+01  1.000e+00  3.121e+00  1.426e-01 0.03631 0.40431
 1.200e+01  1.000e+00  3.582e+00  1.426e-01 0.03710 0.40549
 1.280e+01  1.000e+00  4.076e+00  1.426e-01 0.03823 0.40689
 1.360e+01  1.000e+00  4.601e+00  1.426e-01 0.03980 0.40860
 1.440e+01  1.000e+00  5.158e+00  1.426e-01 0.04190 0.41068
 1.520e+01  1.000e+00  5.747e+00  1.426e-01 0.04415 0.41302
 1.600e+01  1.000e+00  6.368e+00  1.426e-01 0.04791 0.41616
 1.680e+01  1.000e+00  7.021e+00  1.426e-01 0.05322 0.42018
 1.760e+01  1.000e+00  7.706e+00  1.426e-01 0.05713 0.42417
#  1.840e+01  1.000e+00 particle lost
#  1.920e+01  1.000e+00 particle lost
#  2.000e+01  1.000e+00 particle lost
