#   A_x        A_y      nu_x    nu_y
#
 0.000e+00  0.000e+00  0.000e+00  0.000e+00 0.03666 0.40007
 1.000e+00 -3.000e-01  2.488e-02  1.283e-02 0.03663 0.40007
 1.000e+00 -6.000e-01  2.488e-02  5.133e-02 0.03666 0.40000
 1.000e+00 -9.000e-01  2.488e-02  1.155e-01 0.03669 0.39989
 1.000e+00 -1.200e+00  2.488e-02  2.053e-01 0.03675 0.39974
 1.000e+00 -1.500e+00  2.488e-02  3.208e-01 0.03682 0.39955
 1.000e+00 -1.800e+00  2.488e-02  4.619e-01 0.03690 0.39932
 1.000e+00 -2.100e+00  2.488e-02  6.287e-01 0.03701 0.39904
 1.000e+00 -2.400e+00  2.488e-02  8.212e-01 0.03714 0.39873
 1.000e+00 -2.700e+00  2.488e-02  1.039e+00 0.03728 0.39838
 1.000e+00 -3.000e+00  2.488e-02  1.283e+00 0.03745 0.39799
 1.000e+00 -3.300e+00  2.488e-02  1.553e+00 0.03765 0.39757
 1.000e+00 -3.600e+00  2.488e-02  1.848e+00 0.03788 0.39711
 1.000e+00 -3.900e+00  2.488e-02  2.169e+00 0.03814 0.39662
 1.000e+00 -4.200e+00  2.488e-02  2.515e+00 0.03844 0.39610
 1.000e+00 -4.500e+00  2.488e-02  2.887e+00 0.03878 0.39555
 1.000e+00 -4.800e+00  2.488e-02  3.285e+00 0.03917 0.39497
 1.000e+00 -5.100e+00  2.488e-02  3.708e+00 0.03962 0.39437
 1.000e+00 -5.400e+00  2.488e-02  4.157e+00 0.04013 0.39375
 1.000e+00 -5.700e+00  2.488e-02  4.632e+00 0.04072 0.39310
 1.000e+00 -6.000e+00  2.488e-02  5.133e+00 0.04139 0.39244
 1.000e+00 -6.300e+00  2.488e-02  5.659e+00 0.04216 0.39177
 1.000e+00 -6.600e+00  2.488e-02  6.210e+00 0.04305 0.39109
 1.000e+00 -6.900e+00  2.488e-02  6.788e+00 0.04407 0.39041
 1.000e+00 -7.200e+00  2.488e-02  7.391e+00 0.04526 0.38972
 1.000e+00 -7.500e+00  2.488e-02  8.020e+00 0.04663 0.38905

 0.000e+00  0.000e+00  0.000e+00  0.000e+00 0.03666 0.40007
#  1.000e+00  0.000e+00 particle lost
 1.000e+00  3.000e-01  2.488e-02  1.283e-02 0.03663 0.40007
 1.000e+00  6.000e-01  2.488e-02  5.133e-02 0.03666 0.40000
 1.000e+00  9.000e-01  2.488e-02  1.155e-01 0.03669 0.39989
 1.000e+00  1.200e+00  2.488e-02  2.053e-01 0.03675 0.39974
 1.000e+00  1.500e+00  2.488e-02  3.208e-01 0.03682 0.39955
 1.000e+00  1.800e+00  2.488e-02  4.619e-01 0.03690 0.39932
 1.000e+00  2.100e+00  2.488e-02  6.287e-01 0.03701 0.39904
 1.000e+00  2.400e+00  2.488e-02  8.212e-01 0.03714 0.39873
 1.000e+00  2.700e+00  2.488e-02  1.039e+00 0.03728 0.39838
 1.000e+00  3.000e+00  2.488e-02  1.283e+00 0.03745 0.39799
 1.000e+00  3.300e+00  2.488e-02  1.553e+00 0.03765 0.39757
 1.000e+00  3.600e+00  2.488e-02  1.848e+00 0.03788 0.39711
 1.000e+00  3.900e+00  2.488e-02  2.169e+00 0.03814 0.39662
 1.000e+00  4.200e+00  2.488e-02  2.515e+00 0.03844 0.39610
 1.000e+00  4.500e+00  2.488e-02  2.887e+00 0.03878 0.39555
 1.000e+00  4.800e+00  2.488e-02  3.285e+00 0.03917 0.39497
 1.000e+00  5.100e+00  2.488e-02  3.708e+00 0.03962 0.39437
 1.000e+00  5.400e+00  2.488e-02  4.157e+00 0.04013 0.39375
 1.000e+00  5.700e+00  2.488e-02  4.632e+00 0.04072 0.39310
 1.000e+00  6.000e+00  2.488e-02  5.133e+00 0.04139 0.39244
 1.000e+00  6.300e+00  2.488e-02  5.659e+00 0.04216 0.39177
 1.000e+00  6.600e+00  2.488e-02  6.210e+00 0.04305 0.39109
 1.000e+00  6.900e+00  2.488e-02  6.788e+00 0.04407 0.39041
 1.000e+00  7.200e+00  2.488e-02  7.391e+00 0.04526 0.38972
 1.000e+00  7.500e+00  2.488e-02  8.020e+00 0.04663 0.38905
