 -3.00000e-02  0.00000e+00  1.61206e-02 -3.45180e-02
 -3.00000e-02  8.10784e-07  2.01495e-02 -3.35442e-02
 -3.00000e-02  1.62157e-06  2.43114e-02 -3.24927e-02
 -3.00000e-02  2.43235e-06  2.86083e-02 -3.13620e-02
 -3.00000e-02  3.24313e-06  3.30425e-02 -3.01506e-02
 -3.00000e-02  4.05392e-06  3.76164e-02 -2.88571e-02
 -3.00000e-02  4.86470e-06  4.23321e-02 -2.74798e-02
 -3.00000e-02  5.67549e-06  4.71920e-02 -2.60173e-02
 -3.00000e-02  6.48627e-06  5.21982e-02 -2.44681e-02
 -3.00000e-02  7.29705e-06  5.73531e-02 -2.28306e-02
 -3.00000e-02  8.10784e-06  6.26589e-02 -2.11034e-02
 -3.00000e-02  8.91862e-06  6.81178e-02 -1.92849e-02
 -3.00000e-02  9.72940e-06  7.37322e-02 -1.73736e-02
 -3.00000e-02  1.05402e-05  7.95042e-02 -1.53680e-02
 -3.00000e-02  1.13510e-05  8.54362e-02 -1.32667e-02
 -3.00000e-02  1.21618e-05  9.15303e-02 -1.10680e-02
 -3.00000e-02  1.29725e-05  9.77889e-02 -8.77047e-03
 -3.00000e-02  1.37833e-05  1.04214e-01 -6.37262e-03
 -3.00000e-02  1.45941e-05  1.10808e-01 -3.87292e-03
 -3.00000e-02  1.54049e-05  1.17574e-01 -1.26986e-03
 -3.00000e-02  1.62157e-05  1.24513e-01  1.43808e-03
 -3.00000e-02  1.70265e-05  1.31628e-01  4.25240e-03
 -3.00000e-02  1.78372e-05  1.38920e-01  7.17462e-03
 -3.00000e-02  1.86480e-05  1.46393e-01  1.02062e-02
 -3.00000e-02  1.94588e-05  1.54049e-01  1.33488e-02
 -3.00000e-02  2.02696e-05  1.61889e-01  1.66038e-02

 -2.88000e-02  0.00000e+00  1.03941e-02 -3.25585e-02
 -2.88000e-02  8.10784e-07  1.41490e-02 -3.16503e-02
 -2.88000e-02  1.62157e-06  1.80351e-02 -3.06650e-02
 -2.88000e-02  2.43235e-06  2.20545e-02 -2.96011e-02
 -2.88000e-02  3.24313e-06  2.62095e-02 -2.84571e-02
 -2.88000e-02  4.05392e-06  3.05024e-02 -2.72314e-02
 -2.88000e-02  4.86470e-06  3.49355e-02 -2.59225e-02
 -2.88000e-02  5.67549e-06  3.95110e-02 -2.45289e-02
 -2.88000e-02  6.48627e-06  4.42311e-02 -2.30492e-02
 -2.88000e-02  7.29705e-06  4.90982e-02 -2.14817e-02
 -2.88000e-02  8.10784e-06  5.41144e-02 -1.98251e-02
 -2.88000e-02  8.91862e-06  5.92820e-02 -1.80777e-02
 -2.88000e-02  9.72940e-06  6.46034e-02 -1.62381e-02
 -2.88000e-02  1.05402e-05  7.00807e-02 -1.43047e-02
 -2.88000e-02  1.13510e-05  7.57162e-02 -1.22761e-02
 -2.88000e-02  1.21618e-05  8.15121e-02 -1.01506e-02
 -2.88000e-02  1.29725e-05  8.74708e-02 -7.92695e-03
 -2.88000e-02  1.37833e-05  9.35945e-02 -5.60345e-03
 -2.88000e-02  1.45941e-05  9.98854e-02 -3.17865e-03
 -2.88000e-02  1.54049e-05  1.06346e-01 -6.51028e-04
 -2.88000e-02  1.62157e-05  1.12978e-01  1.98093e-03
 -2.88000e-02  1.70265e-05  1.19784e-01  4.71873e-03
 -2.88000e-02  1.78372e-05  1.26767e-01  7.56389e-03
 -2.88000e-02  1.86480e-05  1.33928e-01  1.05179e-02
 -2.88000e-02  1.94588e-05  1.41269e-01  1.35823e-02
 -2.88000e-02  2.02696e-05  1.48794e-01  1.67586e-02

 -2.76000e-02  0.00000e+00  5.61123e-03 -3.06382e-02
 -2.76000e-02  8.10784e-07  9.10641e-03 -2.97917e-02
 -2.76000e-02  1.62157e-06  1.27310e-02 -2.88686e-02
 -2.76000e-02  2.43235e-06  1.64872e-02 -2.78674e-02
 -2.76000e-02  3.24313e-06  2.03773e-02 -2.67866e-02
 -2.76000e-02  4.05392e-06  2.44036e-02 -2.56247e-02
 -2.76000e-02  4.86470e-06  2.85683e-02 -2.43803e-02
 -2.76000e-02  5.67549e-06  3.28736e-02 -2.30517e-02
 -2.76000e-02  6.48627e-06  3.73220e-02 -2.16374e-02
 -2.76000e-02  7.29705e-06  4.19155e-02 -2.01361e-02
 -2.76000e-02  8.10784e-06  4.66564e-02 -1.85460e-02
 -2.76000e-02  8.91862e-06  5.15471e-02 -1.68658e-02
 -2.76000e-02  9.72940e-06  5.65898e-02 -1.50939e-02
 -2.76000e-02  1.05402e-05  6.17866e-02 -1.32288e-02
 -2.76000e-02  1.13510e-05  6.71400e-02 -1.12691e-02
 -2.76000e-02  1.21618e-05  7.26521e-02 -9.21305e-03
 -2.76000e-02  1.29725e-05  7.83252e-02 -7.05931e-03
 -2.76000e-02  1.37833e-05  8.41616e-02 -4.80634e-03
 -2.76000e-02  1.45941e-05  9.01635e-02 -2.45261e-03
 -2.76000e-02  1.54049e-05  9.63331e-02  3.38950e-06
 -2.76000e-02  1.62157e-05  1.02673e-01  2.56316e-03
 -2.76000e-02  1.70265e-05  1.09185e-01  5.22822e-03
 -2.76000e-02  1.78372e-05  1.15871e-01  8.00008e-03
 -2.76000e-02  1.86480e-05  1.22735e-01  1.08803e-02
 -2.76000e-02  1.94588e-05  1.29777e-01  1.38703e-02
 -2.76000e-02  2.02696e-05  1.37001e-01  1.69716e-02

 -2.64000e-02  0.00000e+00  1.66563e-03 -2.87606e-02
 -2.64000e-02  8.10784e-07  4.91459e-03 -2.79719e-02
 -2.64000e-02  1.62157e-06  8.29122e-03 -2.71073e-02
 -2.64000e-02  2.43235e-06  1.17978e-02 -2.61651e-02
 -2.64000e-02  3.24313e-06  1.54365e-02 -2.51439e-02
 -2.64000e-02  4.05392e-06  1.92097e-02 -2.40422e-02
 -2.64000e-02  4.86470e-06  2.31196e-02 -2.28585e-02
 -2.64000e-02  5.67549e-06  2.71685e-02 -2.15912e-02
 -2.64000e-02  6.48627e-06  3.13585e-02 -2.02388e-02
 -2.64000e-02  7.29705e-06  3.56921e-02 -1.87998e-02
 -2.64000e-02  8.10784e-06  4.01713e-02 -1.72728e-02
 -2.64000e-02  8.91862e-06  4.47986e-02 -1.56562e-02
 -2.64000e-02  9.72940e-06  4.95762e-02 -1.39484e-02
 -2.64000e-02  1.05402e-05  5.45062e-02 -1.21481e-02
 -2.64000e-02  1.13510e-05  5.95910e-02 -1.02536e-02
 -2.64000e-02  1.21618e-05  6.48328e-02 -8.26341e-03
 -2.64000e-02  1.29725e-05  7.02339e-02 -6.17611e-03
 -2.64000e-02  1.37833e-05  7.57966e-02 -3.99013e-03
 -2.64000e-02  1.45941e-05  8.15231e-02 -1.70397e-03
 -2.64000e-02  1.54049e-05  8.74156e-02  6.83891e-04
 -2.64000e-02  1.62157e-05  9.34764e-02  3.17495e-03
 -2.64000e-02  1.70265e-05  9.97079e-02  5.77073e-03
 -2.64000e-02  1.78372e-05  1.06112e-01  8.47274e-03
 -2.64000e-02  1.86480e-05  1.12691e-01  1.12825e-02
 -2.64000e-02  1.94588e-05  1.19448e-01  1.42015e-02
 -2.64000e-02  2.02696e-05  1.26384e-01  1.72313e-02

 -2.52000e-02  0.00000e+00 -1.54009e-03 -2.69285e-02
 -2.52000e-02  8.10784e-07  1.47551e-03 -2.61943e-02
 -2.52000e-02  1.62157e-06  4.61705e-03 -2.53846e-02
 -2.52000e-02  2.43235e-06  7.88681e-03 -2.44981e-02
 -2.52000e-02  3.24313e-06  1.12870e-02 -2.35331e-02
 -2.52000e-02  4.05392e-06  1.48200e-02 -2.24881e-02
 -2.52000e-02  4.86470e-06  1.84879e-02 -2.13617e-02
 -2.52000e-02  5.67549e-06  2.22931e-02 -2.01524e-02
 -2.52000e-02  6.48627e-06  2.62378e-02 -1.88585e-02
 -2.52000e-02  7.29705e-06  3.03243e-02 -1.74787e-02
 -2.52000e-02  8.10784e-06  3.45547e-02 -1.60113e-02
 -2.52000e-02  8.91862e-06  3.89315e-02 -1.44550e-02
 -2.52000e-02  9.72940e-06  4.34568e-02 -1.28081e-02
 -2.52000e-02  1.05402e-05  4.81329e-02 -1.10692e-02
 -2.52000e-02  1.13510e-05  5.29620e-02 -9.23670e-03
 -2.52000e-02  1.21618e-05  5.79464e-02 -7.30916e-03
 -2.52000e-02  1.29725e-05  6.30884e-02 -5.28506e-03
 -2.52000e-02  1.37833e-05  6.83903e-02 -3.16286e-03
 -2.52000e-02  1.45941e-05  7.38542e-02 -9.41075e-04
 -2.52000e-02  1.54049e-05  7.94825e-02  1.38182e-03
 -2.52000e-02  1.62157e-05  8.52773e-02  3.80734e-03
 -2.52000e-02  1.70265e-05  9.12411e-02  6.33700e-03
 -2.52000e-02  1.78372e-05  9.73759e-02  8.97229e-03
 -2.52000e-02  1.86480e-05  1.03684e-01  1.17147e-02
 -2.52000e-02  1.94588e-05  1.10168e-01  1.45659e-02
 -2.52000e-02  2.02696e-05  1.16830e-01  1.75272e-02

 -2.40000e-02  0.00000e+00 -4.09471e-03 -2.51442e-02
 -2.40000e-02  8.10784e-07 -1.30032e-03 -2.44613e-02
 -2.40000e-02  1.62157e-06  1.61832e-03 -2.37035e-02
 -2.40000e-02  2.43235e-06  4.66345e-03 -2.28694e-02
 -2.40000e-02  3.24313e-06  7.83733e-03 -2.19575e-02
 -2.40000e-02  4.05392e-06  1.11422e-02 -2.09662e-02
 -2.40000e-02  4.86470e-06  1.45804e-02 -1.98941e-02
 -2.40000e-02  5.67549e-06  1.81541e-02 -1.87396e-02
 -2.40000e-02  6.48627e-06  2.18656e-02 -1.75012e-02
 -2.40000e-02  7.29705e-06  2.57172e-02 -1.61774e-02
 -2.40000e-02  8.10784e-06  2.97110e-02 -1.47668e-02
 -2.40000e-02  8.91862e-06  3.38494e-02 -1.32677e-02
 -2.40000e-02  9.72940e-06  3.81347e-02 -1.16787e-02
 -2.40000e-02  1.05402e-05  4.25690e-02 -9.99823e-03
 -2.40000e-02  1.13510e-05  4.71546e-02 -8.22484e-03
 -2.40000e-02  1.21618e-05  5.18939e-02 -6.35697e-03
 -2.40000e-02  1.29725e-05  5.67890e-02 -4.39314e-03
 -2.40000e-02  1.37833e-05  6.18422e-02 -2.33182e-03
 -2.40000e-02  1.45941e-05  6.70558e-02 -1.71496e-04
 -2.40000e-02  1.54049e-05  7.24321e-02  2.08933e-03
 -2.40000e-02  1.62157e-05  7.79732e-02  4.45218e-03
 -2.40000e-02  1.70265e-05  8.36815e-02  6.91857e-03
 -2.40000e-02  1.78372e-05  8.95591e-02  9.49000e-03
 -2.40000e-02  1.86480e-05  9.56085e-02  1.21680e-02
 -2.40000e-02  1.94588e-05  1.01832e-01  1.49540e-02
 -2.40000e-02  2.02696e-05  1.08231e-01  1.78497e-02

 -2.28000e-02  0.00000e+00 -6.07901e-03 -2.34095e-02
 -2.28000e-02  8.10784e-07 -3.49431e-03 -2.27749e-02
 -2.28000e-02  1.62157e-06 -7.87077e-04 -2.20662e-02
 -2.28000e-02  2.43235e-06  2.04494e-03 -2.12817e-02
 -2.28000e-02  3.24313e-06  5.00401e-03 -2.04201e-02
 -2.28000e-02  4.05392e-06  8.09238e-03 -1.94796e-02
 -2.28000e-02  4.86470e-06  1.13123e-02 -1.84590e-02
 -2.28000e-02  5.67549e-06  1.46661e-02 -1.73566e-02
 -2.28000e-02  6.48627e-06  1.81559e-02 -1.61709e-02
 -2.28000e-02  7.29705e-06  2.17841e-02 -1.49005e-02
 -2.28000e-02  8.10784e-06  2.55528e-02 -1.35437e-02
 -2.28000e-02  8.91862e-06  2.94645e-02 -1.20992e-02
 -2.28000e-02  9.72940e-06  3.35212e-02 -1.05654e-02
 -2.28000e-02  1.05402e-05  3.77253e-02 -8.94069e-03
 -2.28000e-02  1.13510e-05  4.20790e-02 -7.22368e-03
 -2.28000e-02  1.21618e-05  4.65847e-02 -5.41283e-03
 -2.28000e-02  1.29725e-05  5.12444e-02 -3.50661e-03
 -2.28000e-02  1.37833e-05  5.60606e-02 -1.50352e-03
 -2.28000e-02  1.45941e-05  6.10354e-02  5.97951e-04
 -2.28000e-02  1.54049e-05  6.61712e-02  2.79932e-03
 -2.28000e-02  1.62157e-05  7.14701e-02  5.10210e-03
 -2.28000e-02  1.70265e-05  7.69345e-02  7.50779e-03
 -2.28000e-02  1.78372e-05  8.25665e-02  1.00179e-02
 -2.28000e-02  1.86480e-05  8.83686e-02  1.26340e-02
 -2.28000e-02  1.94588e-05  9.43428e-02  1.53575e-02
 -2.28000e-02  2.02696e-05  1.00491e-01  1.81900e-02

 -2.16000e-02  0.00000e+00 -7.56629e-03 -2.17257e-02
 -2.16000e-02  8.10784e-07 -5.18039e-03 -2.11369e-02
 -2.16000e-02  1.62157e-06 -2.67368e-03 -2.04746e-02
 -2.16000e-02  2.43235e-06 -4.38831e-05 -1.97372e-02
 -2.16000e-02  3.24313e-06  2.71125e-03 -1.89232e-02
 -2.16000e-02  4.05392e-06  5.59398e-03 -1.80311e-02
 -2.16000e-02  4.86470e-06  8.60657e-03 -1.70594e-02
 -2.16000e-02  5.67549e-06  1.17513e-02 -1.60066e-02
 -2.16000e-02  6.48627e-06  1.50303e-02 -1.48711e-02
 -2.16000e-02  7.29705e-06  1.84460e-02 -1.36515e-02
 -2.16000e-02  8.10784e-06  2.20006e-02 -1.23462e-02
 -2.16000e-02  8.91862e-06  2.56964e-02 -1.09538e-02
 -2.16000e-02  9.72940e-06  2.95355e-02 -9.47266e-03
 -2.16000e-02  1.05402e-05  3.35203e-02 -7.90134e-03
 -2.16000e-02  1.13510e-05  3.76530e-02 -6.23831e-03
 -2.16000e-02  1.21618e-05  4.19359e-02 -4.48206e-03
 -2.16000e-02  1.29725e-05  4.63713e-02 -2.63107e-03
 -2.16000e-02  1.37833e-05  5.09613e-02 -6.83847e-04
 -2.16000e-02  1.45941e-05  5.57083e-02  1.36113e-03
 -2.16000e-02  1.54049e-05  6.06145e-02  3.50538e-03
 -2.16000e-02  1.62157e-05  6.56822e-02  5.75041e-03
 -2.16000e-02  1.70265e-05  7.09136e-02  8.09772e-03
 -2.16000e-02  1.78372e-05  7.63109e-02  1.05488e-02
 -2.16000e-02  1.86480e-05  8.18766e-02  1.31053e-02
 -2.16000e-02  1.94588e-05  8.76127e-02  1.57685e-02
 -2.16000e-02  2.02696e-05  9.35216e-02  1.85401e-02

 -2.04000e-02  0.00000e+00 -8.62284e-03 -2.00936e-02
 -2.04000e-02  8.10784e-07 -6.42548e-03 -1.95483e-02
 -2.04000e-02  1.62157e-06 -4.10901e-03 -1.89301e-02
 -2.04000e-02  2.43235e-06 -1.67116e-03 -1.82374e-02
 -2.04000e-02  3.24313e-06  8.90318e-04 -1.74688e-02
 -2.04000e-02  4.05392e-06  3.57769e-03 -1.66228e-02
 -2.04000e-02  4.86470e-06  6.39321e-03 -1.56978e-02
 -2.04000e-02  5.67549e-06  9.33914e-03 -1.46922e-02
 -2.04000e-02  6.48627e-06  1.24177e-02 -1.36047e-02
 -2.04000e-02  7.29705e-06  1.56313e-02 -1.24337e-02
 -2.04000e-02  8.10784e-06  1.89820e-02 -1.11777e-02
 -2.04000e-02  8.91862e-06  2.24721e-02 -9.83514e-03
 -2.04000e-02  9.72940e-06  2.61040e-02 -8.40454e-03
 -2.04000e-02  1.05402e-05  2.98798e-02 -6.88439e-03
 -2.04000e-02  1.13510e-05  3.38018e-02 -5.27318e-03
 -2.04000e-02  1.21618e-05  3.78723e-02 -3.56939e-03
 -2.04000e-02  1.29725e-05  4.20935e-02 -1.77151e-03
 -2.04000e-02  1.37833e-05  4.64677e-02  1.21970e-04
 -2.04000e-02  1.45941e-05  5.09972e-02  2.11256e-03
 -2.04000e-02  1.54049e-05  5.56841e-02  4.20178e-03
 -2.04000e-02  1.62157e-05  6.05309e-02  6.39113e-03
 -2.04000e-02  1.70265e-05  6.55396e-02  8.68212e-03
 -2.04000e-02  1.78372e-05  7.07127e-02  1.10763e-02
 -2.04000e-02  1.86480e-05  7.60523e-02  1.35751e-02
 -2.04000e-02  1.94588e-05  8.15606e-02  1.61801e-02
 -2.04000e-02  2.02696e-05  8.72401e-02  1.88928e-02

 -1.92000e-02  0.00000e+00 -9.30848e-03 -1.85140e-02
 -1.92000e-02  8.10784e-07 -7.28998e-03 -1.80100e-02
 -1.92000e-02  1.62157e-06 -5.15405e-03 -1.74338e-02
 -1.92000e-02  2.43235e-06 -2.89846e-03 -1.67838e-02
 -1.92000e-02  3.24313e-06 -5.20931e-04 -1.60585e-02
 -1.92000e-02  4.05392e-06  1.98078e-03 -1.52564e-02
 -1.92000e-02  4.86470e-06  4.60895e-03 -1.43760e-02
 -1.92000e-02  5.67549e-06  7.36581e-03 -1.34158e-02
 -1.92000e-02  6.48627e-06  1.02536e-02 -1.23743e-02
 -1.92000e-02  7.29705e-06  1.32747e-02 -1.12499e-02
 -1.92000e-02  8.10784e-06  1.64312e-02 -1.00411e-02
 -1.92000e-02  8.91862e-06  1.97255e-02 -8.74648e-03
 -1.92000e-02  9.72940e-06  2.31598e-02 -7.36446e-03
 -1.92000e-02  1.05402e-05  2.67363e-02 -5.89355e-03
 -1.92000e-02  1.13510e-05  3.04573e-02 -4.33223e-03
 -1.92000e-02  1.21618e-05  3.43251e-02 -2.67899e-03
 -1.92000e-02  1.29725e-05  3.83420e-02 -9.32328e-04
 -1.92000e-02  1.37833e-05  4.25101e-02  9.09282e-04
 -1.92000e-02  1.45941e-05  4.68318e-02  2.84734e-03
 -1.92000e-02  1.54049e-05  5.13093e-02  4.88337e-03
 -1.92000e-02  1.62157e-05  5.59448e-02  7.01888e-03
 -1.92000e-02  1.70265e-05  6.07407e-02  9.25538e-03
 -1.92000e-02  1.78372e-05  6.56991e-02  1.15944e-02
 -1.92000e-02  1.86480e-05  7.08224e-02  1.40374e-02
 -1.92000e-02  1.94588e-05  7.61128e-02  1.65859e-02
 -1.92000e-02  2.02696e-05  8.15725e-02  1.92415e-02

 -1.80000e-02  0.00000e+00 -9.67700e-03 -1.69870e-02
 -1.80000e-02  8.10784e-07 -7.82821e-03 -1.65225e-02
 -1.80000e-02  1.62157e-06 -5.86370e-03 -1.59864e-02
 -1.80000e-02  2.43235e-06 -3.78122e-03 -1.53772e-02
 -1.80000e-02  3.24313e-06 -1.57851e-03 -1.46934e-02
 -1.80000e-02  4.05392e-06  7.46686e-04 -1.39335e-02
 -1.80000e-02  4.86470e-06  3.19663e-03 -1.30959e-02
 -1.80000e-02  5.67549e-06  5.77358e-03 -1.21792e-02
 -1.80000e-02  6.48627e-06  8.47980e-03 -1.11818e-02
 -1.80000e-02  7.29705e-06  1.13175e-02 -1.01022e-02
 -1.80000e-02  8.10784e-06  1.42891e-02 -8.93898e-03
 -1.80000e-02  8.91862e-06  1.73966e-02 -7.69053e-03
 -1.80000e-02  9.72940e-06  2.06425e-02 -6.35538e-03
 -1.80000e-02  1.05402e-05  2.40289e-02 -4.93200e-03
 -1.80000e-02  1.13510e-05  2.75581e-02 -3.41888e-03
 -1.80000e-02  1.21618e-05  3.12324e-02 -1.81452e-03
 -1.80000e-02  1.29725e-05  3.50540e-02 -1.17404e-04
 -1.80000e-02  1.37833e-05  3.90252e-02  1.67398e-03
 -1.80000e-02  1.45941e-05  4.31483e-02  3.56116e-03
 -1.80000e-02  1.54049e-05  4.74254e-02  5.54562e-03
 -1.80000e-02  1.62157e-05  5.18590e-02  7.62889e-03
 -1.80000e-02  1.70265e-05  5.64511e-02  9.81248e-03
 -1.80000e-02  1.78372e-05  6.12042e-02  1.20979e-02
 -1.80000e-02  1.86480e-05  6.61203e-02  1.44866e-02
 -1.80000e-02  1.94588e-05  7.12019e-02  1.69803e-02
 -1.80000e-02  2.02696e-05  7.64511e-02  1.95802e-02

 -1.68000e-02  0.00000e+00 -9.77659e-03 -1.55125e-02
 -1.68000e-02  8.10784e-07 -8.08892e-03 -1.50858e-02
 -1.68000e-02  1.62157e-06 -6.28723e-03 -1.45882e-02
 -1.68000e-02  2.43235e-06 -4.36927e-03 -1.40182e-02
 -1.68000e-02  3.24313e-06 -2.33277e-03 -1.33743e-02
 -1.68000e-02  4.05392e-06 -1.75480e-04 -1.26549e-02
 -1.68000e-02  4.86470e-06  2.10486e-03 -1.18585e-02
 -1.68000e-02  5.67549e-06  4.51051e-03 -1.09837e-02
 -1.68000e-02  6.48627e-06  7.04372e-03 -1.00290e-02
 -1.68000e-02  7.29705e-06  9.70676e-03 -8.99269e-03
 -1.68000e-02  8.10784e-06  1.25019e-02 -7.87342e-03
 -1.68000e-02  8.91862e-06  1.54313e-02 -6.66964e-03
 -1.68000e-02  9.72940e-06  1.84974e-02 -5.37983e-03
 -1.68000e-02  1.05402e-05  2.17023e-02 -4.00248e-03
 -1.68000e-02  1.13510e-05  2.50484e-02 -2.53609e-03
 -1.68000e-02  1.21618e-05  2.85378e-02 -9.79144e-04
 -1.68000e-02  1.29725e-05  3.21728e-02  6.69878e-04
 -1.68000e-02  1.37833e-05  3.59558e-02  2.41248e-03
 -1.68000e-02  1.45941e-05  3.98888e-02  4.25018e-03
 -1.68000e-02  1.54049e-05  4.39743e-02  6.18449e-03
 -1.68000e-02  1.62157e-05  4.82145e-02  8.21691e-03
 -1.68000e-02  1.70265e-05  5.26116e-02  1.03490e-02
 -1.68000e-02  1.78372e-05  5.71678e-02  1.25822e-02
 -1.68000e-02  1.86480e-05  6.18855e-02  1.49180e-02
 -1.68000e-02  1.94588e-05  6.67670e-02  1.73580e-02
 -1.68000e-02  2.02696e-05  7.18143e-02  1.99037e-02

 -1.56000e-02  0.00000e+00 -9.65030e-03 -1.40905e-02
 -1.56000e-02  8.10784e-07 -8.11567e-03 -1.37001e-02
 -1.56000e-02  1.62157e-06 -6.46871e-03 -1.32395e-02
 -1.56000e-02  2.43235e-06 -4.70717e-03 -1.27072e-02
 -1.56000e-02  3.24313e-06 -2.82879e-03 -1.21017e-02
 -1.56000e-02  4.05392e-06 -8.31319e-04 -1.14214e-02
 -1.56000e-02  4.86470e-06  1.28751e-03 -1.06649e-02
 -1.56000e-02  5.67549e-06  3.52995e-03 -9.83067e-03
 -1.56000e-02  6.48627e-06  5.89827e-03 -8.91712e-03
 -1.56000e-02  7.29705e-06  8.39472e-03 -7.92279e-03
 -1.56000e-02  8.10784e-06  1.10216e-02 -6.84615e-03
 -1.56000e-02  8.91862e-06  1.37810e-02 -5.68571e-03
 -1.56000e-02  9.72940e-06  1.66754e-02 -4.43994e-03
 -1.56000e-02  1.05402e-05  1.97070e-02 -3.10734e-03
 -1.56000e-02  1.13510e-05  2.28779e-02 -1.68639e-03
 -1.56000e-02  1.21618e-05  2.61906e-02 -1.75588e-04
 -1.56000e-02  1.29725e-05  2.96472e-02  1.42659e-03
 -1.56000e-02  1.37833e-05  3.32500e-02  3.12164e-03
 -1.56000e-02  1.45941e-05  3.70012e-02  4.91110e-03
 -1.56000e-02  1.54049e-05  4.09032e-02  6.79645e-03
 -1.56000e-02  1.62157e-05  4.49581e-02  8.77923e-03
 -1.56000e-02  1.70265e-05  4.91682e-02  1.08609e-02
 -1.56000e-02  1.78372e-05  5.35359e-02  1.30431e-02
 -1.56000e-02  1.86480e-05  5.80633e-02  1.53272e-02
 -1.56000e-02  1.94588e-05  6.27527e-02  1.77147e-02
 -1.56000e-02  2.02696e-05  6.76063e-02  2.02073e-02

 -1.44000e-02  0.00000e+00 -9.33645e-03 -1.27202e-02
 -1.44000e-02  8.10784e-07 -7.94726e-03 -1.23649e-02
 -1.44000e-02  1.62157e-06 -6.44743e-03 -1.19401e-02
 -1.44000e-02  2.43235e-06 -4.83471e-03 -1.14443e-02
 -1.44000e-02  3.24313e-06 -3.10685e-03 -1.08759e-02
 -1.44000e-02  4.05392e-06 -1.26158e-03 -1.02336e-02
 -1.44000e-02  4.86470e-06  7.03353e-04 -9.51571e-03
 -1.44000e-02  5.67549e-06  2.79021e-03 -8.72078e-03
 -1.44000e-02  6.48627e-06  5.00124e-03 -7.84728e-03
 -1.44000e-02  7.29705e-06  7.33871e-03 -6.89372e-03
 -1.44000e-02  8.10784e-06  9.80488e-03 -5.85857e-03
 -1.44000e-02  8.91862e-06  1.24020e-02 -4.74033e-03
 -1.44000e-02  9.72940e-06  1.51323e-02 -3.53748e-03
 -1.44000e-02  1.05402e-05  1.79982e-02 -2.24851e-03
 -1.44000e-02  1.13510e-05  2.10017e-02 -8.71917e-04
 -1.44000e-02  1.21618e-05  2.41452e-02  5.93823e-04
 -1.44000e-02  1.29725e-05  2.74310e-02  2.15022e-03
 -1.44000e-02  1.37833e-05  3.08613e-02  3.79878e-03
 -1.44000e-02  1.45941e-05  3.44383e-02  5.54101e-03
 -1.44000e-02  1.54049e-05  3.81644e-02  7.37844e-03
 -1.44000e-02  1.62157e-05  4.20417e-02  9.31257e-03
 -1.44000e-02  1.70265e-05  4.60726e-02  1.13449e-02
 -1.44000e-02  1.78372e-05  5.02593e-02  1.34770e-02
 -1.44000e-02  1.86480e-05  5.46040e-02  1.57103e-02
 -1.44000e-02  1.94588e-05  5.91090e-02  1.80463e-02
 -1.44000e-02  2.02696e-05  6.37767e-02  2.04866e-02

 -1.32000e-02  0.00000e+00 -8.86902e-03 -1.14012e-02
 -1.32000e-02  8.10784e-07 -7.61813e-03 -1.10798e-02
 -1.32000e-02  1.62157e-06 -6.25829e-03 -1.06897e-02
 -1.32000e-02  2.43235e-06 -4.78725e-03 -1.02293e-02
 -1.32000e-02  3.24313e-06 -3.20276e-03 -9.69705e-03
 -1.32000e-02  4.05392e-06 -1.50255e-03 -9.09156e-03
 -1.32000e-02  4.86470e-06  3.15635e-04 -8.41125e-03
 -1.32000e-02  5.67549e-06  2.25405e-03 -7.65464e-03
 -1.32000e-02  6.48627e-06  4.31496e-03 -6.82019e-03
 -1.32000e-02  7.29705e-06  6.50062e-03 -5.90640e-03
 -1.32000e-02  8.10784e-06  8.81328e-03 -4.91176e-03
 -1.32000e-02  8.91862e-06  1.12552e-02 -3.83476e-03
 -1.32000e-02  9.72940e-06  1.38287e-02 -2.67388e-03
 -1.32000e-02  1.05402e-05  1.65359e-02 -1.42761e-03
 -1.32000e-02  1.13510e-05  1.93792e-02 -9.44429e-05
 -1.32000e-02  1.21618e-05  2.23608e-02  1.32714e-03
 -1.32000e-02  1.29725e-05  2.54829e-02  2.83864e-03
 -1.32000e-02  1.37833e-05  2.87478e-02  4.44158e-03
 -1.32000e-02  1.45941e-05  3.21579e-02  6.13747e-03
 -1.32000e-02  1.54049e-05  3.57152e-02  7.92781e-03
 -1.32000e-02  1.62157e-05  3.94222e-02  9.81413e-03
 -1.32000e-02  1.70265e-05  4.32809e-02  1.17979e-02
 -1.32000e-02  1.78372e-05  4.72938e-02  1.38807e-02
 -1.32000e-02  1.86480e-05  5.14631e-02  1.60640e-02
 -1.32000e-02  1.94588e-05  5.57910e-02  1.83493e-02
 -1.32000e-02  2.02696e-05  6.02798e-02  2.07382e-02

 -1.20000e-02  0.00000e+00 -8.27801e-03 -1.01326e-02
 -1.20000e-02  8.10784e-07 -7.15872e-03 -9.84422e-03
 -1.20000e-02  1.62157e-06 -5.93218e-03 -9.48780e-03
 -1.20000e-02  2.43235e-06 -4.59612e-03 -9.06185e-03
 -1.20000e-02  3.24313e-06 -3.14829e-03 -8.56487e-03
 -1.20000e-02  4.05392e-06 -1.58643e-03 -7.99534e-03
 -1.20000e-02  4.86470e-06  9.17199e-05 -7.35174e-03
 -1.20000e-02  5.67549e-06  1.88841e-03 -6.63258e-03
 -1.20000e-02  6.48627e-06  3.80591e-03 -5.83633e-03
 -1.20000e-02  7.29705e-06  5.84647e-03 -4.96149e-03
 -1.20000e-02  8.10784e-06  8.01235e-03 -4.00654e-03
 -1.20000e-02  8.91862e-06  1.03058e-02 -2.96997e-03
 -1.20000e-02  9.72940e-06  1.27291e-02 -1.85026e-03
 -1.20000e-02  1.05402e-05  1.52845e-02 -6.45920e-04
 -1.20000e-02  1.13510e-05  1.79742e-02  6.44580e-04
 -1.20000e-02  1.21618e-05  2.08006e-02  2.02275e-03
 -1.20000e-02  1.29725e-05  2.37658e-02  3.49009e-03
 -1.20000e-02  1.37833e-05  2.68722e-02  5.04813e-03
 -1.20000e-02  1.45941e-05  3.01219e-02  6.69836e-03
 -1.20000e-02  1.54049e-05  3.35173e-02  8.44232e-03
 -1.20000e-02  1.62157e-05  3.70606e-02  1.02815e-02
 -1.20000e-02  1.70265e-05  4.07541e-02  1.22174e-02
 -1.20000e-02  1.78372e-05  4.46000e-02  1.42516e-02
 -1.20000e-02  1.86480e-05  4.86005e-02  1.63855e-02
 -1.20000e-02  1.94588e-05  5.27580e-02  1.86207e-02
 -1.20000e-02  2.02696e-05  5.70747e-02  2.09587e-02

 -1.08000e-02  0.00000e+00 -7.58983e-03 -8.91357e-03
 -1.08000e-02  8.10784e-07 -6.59586e-03 -8.65734e-03
 -1.08000e-02  1.62157e-06 -5.49632e-03 -8.33386e-03
 -1.08000e-02  2.43235e-06 -4.28895e-03 -7.94161e-03
 -1.08000e-02  3.24313e-06 -2.97149e-03 -7.47909e-03
 -1.08000e-02  4.05392e-06 -1.54169e-03 -6.94477e-03
 -1.08000e-02  4.86470e-06  2.72040e-06 -6.33716e-03
 -1.08000e-02  5.67549e-06  1.66399e-03 -5.65473e-03
 -1.08000e-02  6.48627e-06  3.44438e-03 -4.89598e-03
 -1.08000e-02  7.29705e-06  5.34615e-03 -4.05939e-03
 -1.08000e-02  8.10784e-06  7.37155e-03 -3.14346e-03
 -1.08000e-02  8.91862e-06  9.52285e-03 -2.14666e-03
 -1.08000e-02  9.72940e-06  1.18023e-02 -1.06750e-03
 -1.08000e-02  1.05402e-05  1.42122e-02  9.55534e-05
 -1.08000e-02  1.13510e-05  1.67547e-02  1.34400e-03
 -1.08000e-02  1.21618e-05  1.94322e-02  2.67935e-03
 -1.08000e-02  1.29725e-05  2.22468e-02  4.10312e-03
 -1.08000e-02  1.37833e-05  2.52009e-02  5.61683e-03
 -1.08000e-02  1.45941e-05  2.82967e-02  7.22197e-03
 -1.08000e-02  1.54049e-05  3.15365e-02  8.92007e-03
 -1.08000e-02  1.62157e-05  3.49224e-02  1.07126e-02
 -1.08000e-02  1.70265e-05  3.84569e-02  1.26012e-02
 -1.08000e-02  1.78372e-05  4.21421e-02  1.45872e-02
 -1.08000e-02  1.86480e-05  4.59803e-02  1.66723e-02
 -1.08000e-02  1.94588e-05  4.99737e-02  1.88578e-02
 -1.08000e-02  2.02696e-05  5.41247e-02  2.11454e-02

 -9.60000e-03  0.00000e+00 -6.82761e-03 -7.74306e-03
 -9.60000e-03  8.10784e-07 -5.95306e-03 -7.51834e-03
 -9.60000e-03  1.62157e-06 -4.97463e-03 -7.22714e-03
 -9.60000e-03  2.43235e-06 -3.89005e-03 -6.86795e-03
 -9.60000e-03  3.24313e-06 -2.69706e-03 -6.43926e-03
 -9.60000e-03  4.05392e-06 -1.39341e-03 -5.93955e-03
 -9.60000e-03  4.86470e-06  2.31626e-05 -5.36732e-03
 -9.60000e-03  5.67549e-06  1.55492e-03 -4.72104e-03
 -9.60000e-03  6.48627e-06  3.20411e-03 -3.99922e-03
 -9.60000e-03  7.29705e-06  4.97300e-03 -3.20034e-03
 -9.60000e-03  8.10784e-06  6.86385e-03 -2.32288e-03
 -9.60000e-03  8.91862e-06  8.87891e-03 -1.36533e-03
 -9.60000e-03  9.72940e-06  1.10204e-02 -3.26190e-04
 -9.60000e-03  1.05402e-05  1.32907e-02  7.96061e-04
 -9.60000e-03  1.13510e-05  1.56920e-02  2.00293e-03
 -9.60000e-03  1.21618e-05  1.82265e-02  3.29594e-03
 -9.60000e-03  1.29725e-05  2.08965e-02  4.67659e-03
 -9.60000e-03  1.37833e-05  2.37042e-02  6.14640e-03
 -9.60000e-03  1.45941e-05  2.66520e-02  7.70688e-03
 -9.60000e-03  1.54049e-05  2.97421e-02  9.35953e-03
 -9.60000e-03  1.62157e-05  3.29767e-02  1.11059e-02
 -9.60000e-03  1.70265e-05  3.63581e-02  1.29474e-02
 -9.60000e-03  1.78372e-05  3.98886e-02  1.48857e-02
 -9.60000e-03  1.86480e-05  4.35703e-02  1.69222e-02
 -9.60000e-03  1.94588e-05  4.74057e-02  1.90584e-02
 -9.60000e-03  2.02696e-05  5.13968e-02  2.12959e-02

 -8.40000e-03  0.00000e+00 -6.01153e-03 -6.62006e-03
 -8.40000e-03  8.10784e-07 -5.25089e-03 -6.42630e-03
 -8.40000e-03  1.62157e-06 -4.38803e-03 -6.16685e-03
 -8.40000e-03  2.43235e-06 -3.42071e-03 -5.84019e-03
 -8.40000e-03  3.24313e-06 -2.34666e-03 -5.44482e-03
 -8.40000e-03  4.05392e-06 -1.16362e-03 -4.97923e-03
 -8.40000e-03  4.86470e-06  1.30663e-04 -4.44190e-03
 -8.40000e-03  5.67549e-06  1.53845e-03 -3.83131e-03
 -8.40000e-03  6.48627e-06  3.06199e-03 -3.14597e-03
 -8.40000e-03  7.29705e-06  4.70355e-03 -2.38435e-03
 -8.40000e-03  8.10784e-06  6.46539e-03 -1.54495e-03
 -8.40000e-03  8.91862e-06  8.34977e-03 -6.26251e-04
 -8.40000e-03  9.72940e-06  1.03589e-02  3.73258e-04
 -8.40000e-03  1.05402e-05  1.24952e-02  1.45509e-03
 -8.40000e-03  1.13510e-05  1.47607e-02  2.62075e-03
 -8.40000e-03  1.21618e-05  1.71578e-02  3.87176e-03
 -8.40000e-03  1.29725e-05  1.96887e-02  5.20962e-03
 -8.40000e-03  1.37833e-05  2.23557e-02  6.63585e-03
 -8.40000e-03  1.45941e-05  2.51611e-02  8.15196e-03
 -8.40000e-03  1.54049e-05  2.81070e-02  9.75947e-03
 -8.40000e-03  1.62157e-05  3.11958e-02  1.14599e-02
 -8.40000e-03  1.70265e-05  3.44298e-02  1.32547e-02
 -8.40000e-03  1.78372e-05  3.78111e-02  1.51454e-02
 -8.40000e-03  1.86480e-05  4.13420e-02  1.71336e-02
 -8.40000e-03  1.94588e-05  4.50249e-02  1.92208e-02
 -8.40000e-03  2.02696e-05  4.88619e-02  2.14084e-02

 -7.20000e-03  0.00000e+00 -5.15916e-03 -5.54350e-03
 -7.20000e-03  8.10784e-07 -4.50722e-03 -5.38025e-03
 -7.20000e-03  1.62157e-06 -3.75476e-03 -5.15211e-03
 -7.20000e-03  2.43235e-06 -2.89950e-03 -4.85758e-03
 -7.20000e-03  3.24313e-06 -1.93918e-03 -4.49514e-03
 -7.20000e-03  4.05392e-06 -8.71562e-04 -4.06327e-03
 -7.20000e-03  4.86470e-06  3.05627e-04 -3.56046e-03
 -7.20000e-03  5.67549e-06  1.59464e-03 -2.98521e-03
 -7.20000e-03  6.48627e-06  2.99774e-03 -2.33601e-03
 -7.20000e-03  7.29705e-06  4.51718e-03 -1.61133e-03
 -7.20000e-03  8.10784e-06  6.15523e-03 -8.09668e-04
 -7.20000e-03  8.91862e-06  7.91413e-03  7.04864e-05
 -7.20000e-03  9.72940e-06  9.79615e-03  1.03065e-03
 -7.20000e-03  1.05402e-05  1.18035e-02  2.07232e-03
 -7.20000e-03  1.13510e-05  1.39386e-02  3.19703e-03
 -7.20000e-03  1.21618e-05  1.62035e-02  4.40628e-03
 -7.20000e-03  1.29725e-05  1.86006e-02  5.70158e-03
 -7.20000e-03  1.37833e-05  2.11321e-02  7.08445e-03
 -7.20000e-03  1.45941e-05  2.38002e-02  8.55640e-03
 -7.20000e-03  1.54049e-05  2.66073e-02  1.01189e-02
 -7.20000e-03  1.62157e-05  2.95555e-02  1.17736e-02
 -7.20000e-03  1.70265e-05  3.26472e-02  1.35218e-02
 -7.20000e-03  1.78372e-05  3.58846e-02  1.53652e-02
 -7.20000e-03  1.86480e-05  3.92700e-02  1.73052e-02
 -7.20000e-03  1.94588e-05  4.28056e-02  1.93433e-02
 -7.20000e-03  2.02696e-05  4.64936e-02  2.14812e-02

 -6.00000e-03  0.00000e+00 -4.28566e-03 -4.51229e-03
 -6.00000e-03  8.10784e-07 -3.73757e-03 -4.37920e-03
 -6.00000e-03  1.62157e-06 -3.09062e-03 -4.18205e-03
 -6.00000e-03  2.43235e-06 -2.34255e-03 -3.91931e-03
 -6.00000e-03  3.24313e-06 -1.49110e-03 -3.58948e-03
 -6.00000e-03  4.05392e-06 -5.34018e-04 -3.19104e-03
 -6.00000e-03  4.86470e-06  5.30961e-04 -2.72249e-03
 -6.00000e-03  5.67549e-06  1.70609e-03 -2.18231e-03
 -6.00000e-03  6.48627e-06  2.99364e-03 -1.56899e-03
 -6.00000e-03  7.29705e-06  4.39585e-03 -8.81012e-04
 -6.00000e-03  8.10784e-06  5.91499e-03 -1.16873e-04
 -6.00000e-03  8.91862e-06  7.55331e-03  7.24943e-04
 -6.00000e-03  9.72940e-06  9.31308e-03  1.64595e-03
 -6.00000e-03  1.05402e-05  1.11966e-02  2.64765e-03
 -6.00000e-03  1.13510e-05  1.32060e-02  3.73157e-03
 -6.00000e-03  1.21618e-05  1.53436e-02  4.89921e-03
 -6.00000e-03  1.29725e-05  1.76118e-02  6.15208e-03
 -6.00000e-03  1.37833e-05  2.00126e-02  7.49170e-03
 -6.00000e-03  1.45941e-05  2.25485e-02  8.91959e-03
 -6.00000e-03  1.54049e-05  2.52216e-02  1.04372e-02
 -6.00000e-03  1.62157e-05  2.80342e-02  1.20462e-02
 -6.00000e-03  1.70265e-05  3.09886e-02  1.37479e-02
 -6.00000e-03  1.78372e-05  3.40870e-02  1.55439e-02
 -6.00000e-03  1.86480e-05  3.73317e-02  1.74358e-02
 -6.00000e-03  1.94588e-05  4.07250e-02  1.94250e-02
 -6.00000e-03  2.02696e-05  4.42690e-02  2.15130e-02

 -4.80000e-03  0.00000e+00 -3.40414e-03 -3.52536e-03
 -4.80000e-03  8.10784e-07 -2.95532e-03 -3.42216e-03
 -4.80000e-03  1.62157e-06 -2.40931e-03 -3.25572e-03
 -4.80000e-03  2.43235e-06 -1.76385e-03 -3.02454e-03
 -4.80000e-03  3.24313e-06 -1.01668e-03 -2.72710e-03
 -4.80000e-03  4.05392e-06 -1.65549e-04 -2.36188e-03
 -4.80000e-03  4.86470e-06  7.91809e-04 -1.92738e-03
 -4.80000e-03  5.67549e-06  1.85765e-03 -1.42208e-03
 -4.80000e-03  6.48627e-06  3.03423e-03 -8.44469e-04
 -4.80000e-03  7.29705e-06  4.32381e-03 -1.93040e-04
 -4.80000e-03  8.10784e-06  5.72864e-03  5.33720e-04
 -4.80000e-03  8.91862e-06  7.25099e-03  1.33732e-03
 -4.80000e-03  9.72940e-06  8.89312e-03  2.21929e-03
 -4.80000e-03  1.05402e-05  1.06573e-02  3.18111e-03
 -4.80000e-03  1.13510e-05  1.25457e-02  4.22432e-03
 -4.80000e-03  1.21618e-05  1.45607e-02  5.35042e-03
 -4.80000e-03  1.29725e-05  1.67045e-02  6.56092e-03
 -4.80000e-03  1.37833e-05  1.89794e-02  7.85734e-03
 -4.80000e-03  1.45941e-05  2.13876e-02  9.24119e-03
 -4.80000e-03  1.54049e-05  2.39314e-02  1.07140e-02
 -4.80000e-03  1.62157e-05  2.66130e-02  1.22772e-02
 -4.80000e-03  1.70265e-05  2.94347e-02  1.39324e-02
 -4.80000e-03  1.78372e-05  3.23987e-02  1.56811e-02
 -4.80000e-03  1.86480e-05  3.55074e-02  1.75247e-02
 -4.80000e-03  1.94588e-05  3.87630e-02  1.94649e-02
 -4.80000e-03  2.02696e-05  4.21677e-02  2.15031e-02

 -3.60000e-03  0.00000e+00 -2.52586e-03 -2.58165e-03
 -3.60000e-03  8.10784e-07 -2.17200e-03 -2.50813e-03
 -3.60000e-03  1.62157e-06 -1.72262e-03 -2.37223e-03
 -3.60000e-03  2.43235e-06 -1.17546e-03 -2.17242e-03
 -3.60000e-03  3.24313e-06 -5.28253e-04 -1.90720e-03
 -3.60000e-03  4.05392e-06  2.21246e-04 -1.57505e-03
 -3.60000e-03  4.86470e-06  1.07530e-03 -1.17446e-03
 -3.60000e-03  5.67549e-06  2.03617e-03 -7.03924e-04
 -3.60000e-03  6.48627e-06  3.10611e-03 -1.61926e-04
 -3.60000e-03  7.29705e-06  4.28739e-03  4.53047e-04
 -3.60000e-03  8.10784e-06  5.58225e-03  1.14250e-03
 -3.60000e-03  8.91862e-06  6.99296e-03  1.90796e-03
 -3.60000e-03  9.72940e-06  8.52177e-03  2.75092e-03
 -3.60000e-03  1.05402e-05  1.01710e-02  3.67291e-03
 -3.60000e-03  1.13510e-05  1.19428e-02  4.67543e-03
 -3.60000e-03  1.21618e-05  1.38394e-02  5.75999e-03
 -3.60000e-03  1.29725e-05  1.58633e-02  6.92811e-03
 -3.60000e-03  1.37833e-05  1.80165e-02  8.18130e-03
 -3.60000e-03  1.45941e-05  2.03013e-02  9.52106e-03
 -3.60000e-03  1.54049e-05  2.27201e-02  1.09489e-02
 -3.60000e-03  1.62157e-05  2.52751e-02  1.24664e-02
 -3.60000e-03  1.70265e-05  2.79685e-02  1.40750e-02
 -3.60000e-03  1.78372e-05  3.08026e-02  1.57762e-02
 -3.60000e-03  1.86480e-05  3.37796e-02  1.75715e-02
 -3.60000e-03  1.94588e-05  3.69018e-02  1.94625e-02
 -3.60000e-03  2.02696e-05  4.01715e-02  2.14507e-02

 -2.40000e-03  0.00000e+00 -1.66045e-03 -1.68015e-03
 -2.40000e-03  8.10784e-07 -1.39749e-03 -1.63616e-03
 -2.40000e-03  1.62157e-06 -1.04067e-03 -1.53064e-03
 -2.40000e-03  2.43235e-06 -5.87742e-04 -1.36209e-03
 -2.40000e-03  3.24313e-06 -3.64365e-05 -1.12898e-03
 -2.40000e-03  4.05392e-06  6.15501e-04 -8.29800e-04
 -2.40000e-03  4.86470e-06  1.37033e-03 -4.63047e-04
 -2.40000e-03  5.67549e-06  2.23031e-03 -2.72062e-05
 -2.40000e-03  6.48627e-06  3.19769e-03  4.79235e-04
 -2.40000e-03  7.29705e-06  4.27474e-03  1.05779e-03
 -2.40000e-03  8.10784e-06  5.46372e-03  1.70997e-03
 -2.40000e-03  8.91862e-06  6.76687e-03  2.43728e-03
 -2.40000e-03  9.72940e-06  8.18647e-03  3.24124e-03
 -2.40000e-03  1.05402e-05  9.72476e-03  4.12336e-03
 -2.40000e-03  1.13510e-05  1.13840e-02  5.08516e-03
 -2.40000e-03  1.21618e-05  1.31665e-02  6.12813e-03
 -2.40000e-03  1.29725e-05  1.50744e-02  7.25381e-03
 -2.40000e-03  1.37833e-05  1.71101e-02  8.46369e-03
 -2.40000e-03  1.45941e-05  1.92758e-02  9.75928e-03
 -2.40000e-03  1.54049e-05  2.15737e-02  1.11421e-02
 -2.40000e-03  1.62157e-05  2.40061e-02  1.26137e-02
 -2.40000e-03  1.70265e-05  2.65753e-02  1.41755e-02
 -2.40000e-03  1.78372e-05  2.92835e-02  1.58291e-02
 -2.40000e-03  1.86480e-05  3.21330e-02  1.75760e-02
 -2.40000e-03  1.94588e-05  3.51260e-02  1.94176e-02
 -2.40000e-03  2.02696e-05  3.82648e-02  2.13556e-02

 -1.20000e-03  0.00000e+00 -8.16150e-04 -8.19896e-04
 -1.20000e-03  8.10784e-07 -6.40252e-04 -8.05322e-04
 -1.20000e-03  1.62157e-06 -3.72159e-04 -7.30094e-04
 -1.20000e-03  2.43235e-06 -9.61304e-06 -5.92701e-04
 -1.20000e-03  3.24313e-06  4.49645e-04 -3.91631e-04
 -1.20000e-03  4.05392e-06  1.00787e-03 -1.25371e-04
 -1.20000e-03  4.86470e-06  1.66733e-03  2.07590e-04
 -1.20000e-03  5.67549e-06  2.43027e-03  6.08763e-04
 -1.20000e-03  6.48627e-06  3.29895e-03  1.07966e-03
 -1.20000e-03  7.29705e-06  4.27564e-03  1.62180e-03
 -1.20000e-03  8.10784e-06  5.36259e-03  2.23668e-03
 -1.20000e-03  8.91862e-06  6.56206e-03  2.92582e-03
 -1.20000e-03  9.72940e-06  7.87631e-03  3.69074e-03
 -1.20000e-03  1.05402e-05  9.30759e-03  4.53293e-03
 -1.20000e-03  1.13510e-05  1.08582e-02  5.45393e-03
 -1.20000e-03  1.21618e-05  1.25303e-02  6.45523e-03
 -1.20000e-03  1.29725e-05  1.43262e-02  7.53835e-03
 -1.20000e-03  1.37833e-05  1.62482e-02  8.70480e-03
 -1.20000e-03  1.45941e-05  1.82986e-02  9.95610e-03
 -1.20000e-03  1.54049e-05  2.04795e-02  1.12938e-02
 -1.20000e-03  1.62157e-05  2.27933e-02  1.27193e-02
 -1.20000e-03  1.70265e-05  2.52421e-02  1.42342e-02
 -1.20000e-03  1.78372e-05  2.78284e-02  1.58399e-02
 -1.20000e-03  1.86480e-05  3.05542e-02  1.75381e-02
 -1.20000e-03  1.94588e-05  3.34219e-02  1.93302e-02
 -1.20000e-03  2.02696e-05  3.64338e-02  2.12178e-02

  0.00000e+00  0.00000e+00  0.00000e+00  0.00000e+00
  0.00000e+00  8.10784e-07  9.24821e-05 -1.47491e-05
  0.00000e+00  1.62157e-06  2.75499e-04  3.02650e-05
  0.00000e+00  2.43235e-06  5.51309e-04  1.36554e-04
  0.00000e+00  3.24313e-06  9.22171e-04  3.05630e-04
  0.00000e+00  4.05392e-06  1.39034e-03  5.39005e-04
  0.00000e+00  4.86470e-06  1.95808e-03  8.38190e-04
  0.00000e+00  5.67549e-06  2.62765e-03  1.20470e-03
  0.00000e+00  6.48627e-06  3.40130e-03  1.64004e-03
  0.00000e+00  7.29705e-06  4.28129e-03  2.14573e-03
  0.00000e+00  8.10784e-06  5.26988e-03  2.72327e-03
  0.00000e+00  8.91862e-06  6.36934e-03  3.37419e-03
  0.00000e+00  9.72940e-06  7.58191e-03  4.09999e-03
  0.00000e+00  1.05402e-05  8.90985e-03  4.90218e-03
  0.00000e+00  1.13510e-05  1.03554e-02  5.78227e-03
  0.00000e+00  1.21618e-05  1.19209e-02  6.74179e-03
  0.00000e+00  1.29725e-05  1.36085e-02  7.78223e-03
  0.00000e+00  1.37833e-05  1.54206e-02  8.90511e-03
  0.00000e+00  1.45941e-05  1.73593e-02  1.01119e-02
  0.00000e+00  1.54049e-05  1.94269e-02  1.14042e-02
  0.00000e+00  1.62157e-05  2.16257e-02  1.27835e-02
  0.00000e+00  1.70265e-05  2.39580e-02  1.42513e-02
  0.00000e+00  1.78372e-05  2.64259e-02  1.58091e-02
  0.00000e+00  1.86480e-05  2.90318e-02  1.74583e-02
  0.00000e+00  1.94588e-05  3.17779e-02  1.92006e-02
  0.00000e+00  2.02696e-05  3.46665e-02  2.10375e-02

  1.20000e-03  0.00000e+00  7.82004e-04  7.80363e-04
  1.20000e-03  8.10784e-07  7.94541e-04  7.36367e-04
  1.20000e-03  1.62157e-06  8.95956e-04  7.51230e-04
  1.20000e-03  2.43235e-06  1.08851e-03  8.26463e-04
  1.20000e-03  3.24313e-06  1.37445e-03  9.63578e-04
  1.20000e-03  4.05392e-06  1.75605e-03  1.16409e-03
  1.20000e-03  4.86470e-06  2.23556e-03  1.42950e-03
  1.20000e-03  5.67549e-06  2.81523e-03  1.76133e-03
  1.20000e-03  6.48627e-06  3.49734e-03  2.16109e-03
  1.20000e-03  7.29705e-06  4.28413e-03  2.63030e-03
  1.20000e-03  8.10784e-06  5.17786e-03  3.17045e-03
  1.20000e-03  8.91862e-06  6.18079e-03  3.78307e-03
  1.20000e-03  9.72940e-06  7.29519e-03  4.46967e-03
  1.20000e-03  1.05402e-05  8.52330e-03  5.23176e-03
  1.20000e-03  1.13510e-05  9.86739e-03  6.07084e-03
  1.20000e-03  1.21618e-05  1.13297e-02  6.98844e-03
  1.20000e-03  1.29725e-05  1.29125e-02  7.98606e-03
  1.20000e-03  1.37833e-05  1.46181e-02  9.06522e-03
  1.20000e-03  1.45941e-05  1.64487e-02  1.02274e-02
  1.20000e-03  1.54049e-05  1.84065e-02  1.14742e-02
  1.20000e-03  1.62157e-05  2.04939e-02  1.28070e-02
  1.20000e-03  1.70265e-05  2.27131e-02  1.42274e-02
  1.20000e-03  1.78372e-05  2.50663e-02  1.57370e-02
  1.20000e-03  1.86480e-05  2.75558e-02  1.73371e-02
  1.20000e-03  1.94588e-05  3.01838e-02  1.90293e-02
  1.20000e-03  2.02696e-05  3.29527e-02  2.08152e-02

  2.40000e-03  0.00000e+00  1.52474e-03  1.52193e-03
  2.40000e-03  8.10784e-07  1.46065e-03  1.44877e-03
  2.40000e-03  1.62157e-06  1.48379e-03  1.43354e-03
  2.40000e-03  2.43235e-06  1.59641e-03  1.47777e-03
  2.40000e-03  3.24313e-06  1.80077e-03  1.58296e-03
  2.40000e-03  4.05392e-06  2.09912e-03  1.75062e-03
  2.40000e-03  4.86470e-06  2.49374e-03  1.98227e-03
  2.40000e-03  5.67549e-06  2.98686e-03  2.27942e-03
  2.40000e-03  6.48627e-06  3.58076e-03  2.64357e-03
  2.40000e-03  7.29705e-06  4.27769e-03  3.07625e-03
  2.40000e-03  8.10784e-06  5.07991e-03  3.57896e-03
  2.40000e-03  8.91862e-06  5.98968e-03  4.15322e-03
  2.40000e-03  9.72940e-06  7.00925e-03  4.80053e-03
  2.40000e-03  1.05402e-05  8.14088e-03  5.52242e-03
  2.40000e-03  1.13510e-05  9.38684e-03  6.32038e-03
  2.40000e-03  1.21618e-05  1.07494e-02  7.19594e-03
  2.40000e-03  1.29725e-05  1.22308e-02  8.15060e-03
  2.40000e-03  1.37833e-05  1.38332e-02  9.18588e-03
  2.40000e-03  1.45941e-05  1.55591e-02  1.03033e-02
  2.40000e-03  1.54049e-05  1.74105e-02  1.15043e-02
  2.40000e-03  1.62157e-05  1.93898e-02  1.27905e-02
  2.40000e-03  1.70265e-05  2.14993e-02  1.41634e-02
  2.40000e-03  1.78372e-05  2.37411e-02  1.56244e-02
  2.40000e-03  1.86480e-05  2.61176e-02  1.71752e-02
  2.40000e-03  1.94588e-05  2.86310e-02  1.88171e-02
  2.40000e-03  2.02696e-05  3.12835e-02  2.05517e-02

  3.60000e-03  0.00000e+00  2.22381e-03  2.22536e-03
  3.60000e-03  8.10784e-07  2.08630e-03  2.12312e-03
  3.60000e-03  1.62157e-06  2.03436e-03  2.07788e-03
  3.60000e-03  2.43235e-06  2.07026e-03  2.09116e-03
  3.60000e-03  3.24313e-06  2.19624e-03  2.16448e-03
  3.60000e-03  4.05392e-06  2.41456e-03  2.29933e-03
  3.60000e-03  4.86470e-06  2.72749e-03  2.49723e-03
  3.60000e-03  5.67549e-06  3.13728e-03  2.75970e-03
  3.60000e-03  6.48627e-06  3.64619e-03  3.08824e-03
  3.60000e-03  7.29705e-06  4.25648e-03  3.48437e-03
  3.60000e-03  8.10784e-06  4.97041e-03  3.94960e-03
  3.60000e-03  8.91862e-06  5.79023e-03  4.48544e-03
  3.60000e-03  9.72940e-06  6.71821e-03  5.09341e-03
  3.60000e-03  1.05402e-05  7.75660e-03  5.77501e-03
  3.60000e-03  1.13510e-05  8.90766e-03  6.53175e-03
  3.60000e-03  1.21618e-05  1.01736e-02  7.36516e-03
  3.60000e-03  1.29725e-05  1.15568e-02  8.27673e-03
  3.60000e-03  1.37833e-05  1.30594e-02  9.26799e-03
  3.60000e-03  1.45941e-05  1.46838e-02  1.03404e-02
  3.60000e-03  1.54049e-05  1.64320e-02  1.14956e-02
  3.60000e-03  1.62157e-05  1.83065e-02  1.27350e-02
  3.60000e-03  1.70265e-05  2.03095e-02  1.40601e-02
  3.60000e-03  1.78372e-05  2.24432e-02  1.54724e-02
  3.60000e-03  1.86480e-05  2.47100e-02  1.69735e-02
  3.60000e-03  1.94588e-05  2.71119e-02  1.85649e-02
  3.60000e-03  2.02696e-05  2.96514e-02  2.02480e-02

  4.80000e-03  0.00000e+00  2.87544e-03  2.89120e-03
  4.80000e-03  8.10784e-07  2.66761e-03  2.76000e-03
  4.80000e-03  1.62157e-06  2.54370e-03  2.68487e-03
  4.80000e-03  2.43235e-06  2.50597e-03  2.66730e-03
  4.80000e-03  3.24313e-06  2.55668e-03  2.70881e-03
  4.80000e-03  4.05392e-06  2.69808e-03  2.81091e-03
  4.80000e-03  4.86470e-06  2.93244e-03  2.97511e-03
  4.80000e-03  5.67549e-06  3.26201e-03  3.20293e-03
  4.80000e-03  6.48627e-06  3.68905e-03  3.49588e-03
  4.80000e-03  7.29705e-06  4.21583e-03  3.85547e-03
  4.80000e-03  8.10784e-06  4.84458e-03  4.28320e-03
  4.80000e-03  8.91862e-06  5.57759e-03  4.78061e-03
  4.80000e-03  9.72940e-06  6.41710e-03  5.34918e-03
  4.80000e-03  1.05402e-05  7.36537e-03  5.99044e-03
  4.80000e-03  1.13510e-05  8.42466e-03  6.70590e-03
  4.80000e-03  1.21618e-05  9.59723e-03  7.49707e-03
  4.80000e-03  1.29725e-05  1.08853e-02  8.36547e-03
  4.80000e-03  1.37833e-05  1.22912e-02  9.31259e-03
  4.80000e-03  1.45941e-05  1.38172e-02  1.03400e-02
  4.80000e-03  1.54049e-05  1.54655e-02  1.14491e-02
  4.80000e-03  1.62157e-05  1.72383e-02  1.26415e-02
  4.80000e-03  1.70265e-05  1.91380e-02  1.39187e-02
  4.80000e-03  1.78372e-05  2.11667e-02  1.52821e-02
  4.80000e-03  1.86480e-05  2.33268e-02  1.67334e-02
  4.80000e-03  1.94588e-05  2.56205e-02  1.82740e-02
  4.80000e-03  2.02696e-05  2.80501e-02  1.99054e-02

  6.00000e-03  0.00000e+00  3.47639e-03  3.51993e-03
  6.00000e-03  8.10784e-07  3.20126e-03  3.35994e-03
  6.00000e-03  1.62157e-06  3.00840e-03  3.25504e-03
  6.00000e-03  2.43235e-06  2.90007e-03  3.20675e-03
  6.00000e-03  3.24313e-06  2.87854e-03  3.21658e-03
  6.00000e-03  4.05392e-06  2.94605e-03  3.28604e-03
  6.00000e-03  4.86470e-06  3.10488e-03  3.41663e-03
  6.00000e-03  5.67549e-06  3.35727e-03  3.60988e-03
  6.00000e-03  6.48627e-06  3.70548e-03  3.86729e-03
  6.00000e-03  7.29705e-06  4.15178e-03  4.19038e-03
  6.00000e-03  8.10784e-06  4.69841e-03  4.58066e-03
  6.00000e-03  8.91862e-06  5.34765e-03  5.03963e-03
  6.00000e-03  9.72940e-06  6.10174e-03  5.56882e-03
  6.00000e-03  1.05402e-05  6.96295e-03  6.16973e-03
  6.00000e-03  1.13510e-05  7.93354e-03  6.84388e-03
  6.00000e-03  1.21618e-05  9.01575e-03  7.59277e-03
  6.00000e-03  1.29725e-05  1.02119e-02  8.41792e-03
  6.00000e-03  1.37833e-05  1.15241e-02  9.32085e-03
  6.00000e-03  1.45941e-05  1.29548e-02  1.03031e-02
  6.00000e-03  1.54049e-05  1.45061e-02  1.13661e-02
  6.00000e-03  1.62157e-05  1.61804e-02  1.25114e-02
  6.00000e-03  1.70265e-05  1.79798e-02  1.37405e-02
  6.00000e-03  1.78372e-05  1.99067e-02  1.50549e-02
  6.00000e-03  1.86480e-05  2.19632e-02  1.64562e-02
  6.00000e-03  1.94588e-05  2.41518e-02  1.79459e-02
  6.00000e-03  2.02696e-05  2.64745e-02  1.95254e-02

  7.20000e-03  0.00000e+00  4.02381e-03  4.11192e-03
  7.20000e-03  8.10784e-07  3.68435e-03  3.92335e-03
  7.20000e-03  1.62157e-06  3.42552e-03  3.78890e-03
  7.20000e-03  2.43235e-06  3.24957e-03  3.71008e-03
  7.20000e-03  3.24313e-06  3.15878e-03  3.68839e-03
  7.20000e-03  4.05392e-06  3.15539e-03  3.72536e-03
  7.20000e-03  4.86470e-06  3.24166e-03  3.82249e-03
  7.20000e-03  5.67549e-06  3.41985e-03  3.98130e-03
  7.20000e-03  6.48627e-06  3.69223e-03  4.20329e-03
  7.20000e-03  7.29705e-06  4.06104e-03  4.48998e-03
  7.20000e-03  8.10784e-06  4.52855e-03  4.84288e-03
  7.20000e-03  8.91862e-06  5.09702e-03  5.26350e-03
  7.20000e-03  9.72940e-06  5.76869e-03  5.75336e-03
  7.20000e-03  1.05402e-05  6.54584e-03  6.31396e-03
  7.20000e-03  1.13510e-05  7.43072e-03  6.94682e-03
  7.20000e-03  1.21618e-05  8.42559e-03  7.65345e-03
  7.20000e-03  1.29725e-05  9.53271e-03  8.43536e-03
  7.20000e-03  1.37833e-05  1.07543e-02  9.29406e-03
  7.20000e-03  1.45941e-05  1.20927e-02  1.02311e-02
  7.20000e-03  1.54049e-05  1.35501e-02  1.12479e-02
  7.20000e-03  1.62157e-05  1.51288e-02  1.23460e-02
  7.20000e-03  1.70265e-05  1.68310e-02  1.35270e-02
  7.20000e-03  1.78372e-05  1.86590e-02  1.47924e-02
  7.20000e-03  1.86480e-05  2.06151e-02  1.61436e-02
  7.20000e-03  1.94588e-05  2.27015e-02  1.75822e-02
  7.20000e-03  2.02696e-05  2.49204e-02  1.91097e-02

  8.40000e-03  0.00000e+00  4.51525e-03  4.66746e-03
  8.40000e-03  8.10784e-07  4.11440e-03  4.45060e-03
  8.40000e-03  1.62157e-06  3.79254e-03  4.28686e-03
  8.40000e-03  2.43235e-06  3.55193e-03  4.17776e-03
  8.40000e-03  3.24313e-06  3.39482e-03  4.12481e-03
  8.40000e-03  4.05392e-06  3.32348e-03  4.12951e-03
  8.40000e-03  4.86470e-06  3.34015e-03  4.19339e-03
  8.40000e-03  5.67549e-06  3.44711e-03  4.31795e-03
  8.40000e-03  6.48627e-06  3.64661e-03  4.50470e-03
  8.40000e-03  7.29705e-06  3.94091e-03  4.75516e-03
  8.40000e-03  8.10784e-06  4.33226e-03  5.07084e-03
  8.40000e-03  8.91862e-06  4.82292e-03  5.45324e-03
  8.40000e-03  9.72940e-06  5.41516e-03  5.90389e-03
  8.40000e-03  1.05402e-05  6.11122e-03  6.42429e-03
  8.40000e-03  1.13510e-05  6.91338e-03  7.01596e-03
  8.40000e-03  1.21618e-05  7.82388e-03  7.68041e-03
  8.40000e-03  1.29725e-05  8.84499e-03  8.41914e-03
  8.40000e-03  1.37833e-05  9.97896e-03  9.23368e-03
  8.40000e-03  1.45941e-05  1.12280e-02  1.01255e-02
  8.40000e-03  1.54049e-05  1.25945e-02  1.10962e-02
  8.40000e-03  1.62157e-05  1.40806e-02  1.21472e-02
  8.40000e-03  1.70265e-05  1.56886e-02  1.32801e-02
  8.40000e-03  1.78372e-05  1.74208e-02  1.44963e-02
  8.40000e-03  1.86480e-05  1.92794e-02  1.57974e-02
  8.40000e-03  1.94588e-05  2.12666e-02  1.71848e-02
  8.40000e-03  2.02696e-05  2.33848e-02  1.86602e-02

  9.60000e-03  0.00000e+00  4.94856e-03  5.18675e-03
  9.60000e-03  8.10784e-07  4.48926e-03  4.94196e-03
  9.60000e-03  1.62157e-06  4.10731e-03  4.74929e-03
  9.60000e-03  2.43235e-06  3.80498e-03  4.61025e-03
  9.60000e-03  3.24313e-06  3.58451e-03  4.52635e-03
  9.60000e-03  4.05392e-06  3.44816e-03  4.49910e-03
  9.60000e-03  4.86470e-06  3.39820e-03  4.53001e-03
  9.60000e-03  5.67549e-06  3.43688e-03  4.62060e-03
  9.60000e-03  6.48627e-06  3.56646e-03  4.77238e-03
  9.60000e-03  7.29705e-06  3.78920e-03  4.98686e-03
  9.60000e-03  8.10784e-06  4.10735e-03  5.26555e-03
  9.60000e-03  8.91862e-06  4.52318e-03  5.60996e-03
  9.60000e-03  9.72940e-06  5.03894e-03  6.02161e-03
  9.60000e-03  1.05402e-05  5.65690e-03  6.50200e-03
  9.60000e-03  1.13510e-05  6.37930e-03  7.05265e-03
  9.60000e-03  1.21618e-05  7.20841e-03  7.67508e-03
  9.60000e-03  1.29725e-05  8.14649e-03  8.37078e-03
  9.60000e-03  1.37833e-05  9.19580e-03  9.14128e-03
  9.60000e-03  1.45941e-05  1.03586e-02  9.98809e-03
  9.60000e-03  1.54049e-05  1.16371e-02  1.09127e-02
  9.60000e-03  1.62157e-05  1.30336e-02  1.19167e-02
  9.60000e-03  1.70265e-05  1.45504e-02  1.30015e-02
  9.60000e-03  1.78372e-05  1.61897e-02  1.41686e-02
  9.60000e-03  1.86480e-05  1.79538e-02  1.54196e-02
  9.60000e-03  1.94588e-05  1.98449e-02  1.67560e-02
  9.60000e-03  2.02696e-05  2.18653e-02  1.81793e-02

  1.08000e-02  0.00000e+00  5.32187e-03  5.66992e-03
  1.08000e-02  8.10784e-07  4.80709e-03  5.39766e-03
  1.08000e-02  1.62157e-06  4.36802e-03  5.17650e-03
  1.08000e-02  2.43235e-06  4.00692e-03  5.00795e-03
  1.08000e-02  3.24313e-06  3.72606e-03  4.89352e-03
  1.08000e-02  4.05392e-06  3.52768e-03  4.83472e-03
  1.08000e-02  4.86470e-06  3.41405e-03  4.83306e-03
  1.08000e-02  5.67549e-06  3.38743e-03  4.89005e-03
  1.08000e-02  6.48627e-06  3.45007e-03  5.00722e-03
  1.08000e-02  7.29705e-06  3.60423e-03  5.18606e-03
  1.08000e-02  8.10784e-06  3.85218e-03  5.42809e-03
  1.08000e-02  8.91862e-06  4.19616e-03  5.73482e-03
  1.08000e-02  9.72940e-06  4.63844e-03  6.10776e-03
  1.08000e-02  1.05402e-05  5.18128e-03  6.54844e-03
  1.08000e-02  1.13510e-05  5.82693e-03  7.05834e-03
  1.08000e-02  1.21618e-05  6.57765e-03  7.63900e-03
  1.08000e-02  1.29725e-05  7.43570e-03  8.29192e-03
  1.08000e-02  1.37833e-05  8.40334e-03  9.01861e-03
  1.08000e-02  1.45941e-05  9.48282e-03  9.82059e-03
  1.08000e-02  1.54049e-05  1.06764e-02  1.06994e-02
  1.08000e-02  1.62157e-05  1.19864e-02  1.16564e-02
  1.08000e-02  1.70265e-05  1.34149e-02  1.26934e-02
  1.08000e-02  1.78372e-05  1.49644e-02  1.38116e-02
  1.08000e-02  1.86480e-05  1.66370e-02  1.50127e-02
  1.08000e-02  1.94588e-05  1.84350e-02  1.62981e-02
  1.08000e-02  2.02696e-05  2.03606e-02  1.76694e-02

  1.20000e-02  0.00000e+00  5.63361e-03  6.11701e-03
  1.20000e-02  8.10784e-07  5.06634e-03  5.81786e-03
  1.20000e-02  1.62157e-06  4.57316e-03  5.56877e-03
  1.20000e-02  2.43235e-06  4.15632e-03  5.37125e-03
  1.20000e-02  3.24313e-06  3.81807e-03  5.22681e-03
  1.20000e-02  4.05392e-06  3.56068e-03  5.13696e-03
  1.20000e-02  4.86470e-06  3.38641e-03  5.10323e-03
  1.20000e-02  5.67549e-06  3.29750e-03  5.12711e-03
  1.20000e-02  6.48627e-06  3.29623e-03  5.21012e-03
  1.20000e-02  7.29705e-06  3.38484e-03  5.35378e-03
  1.20000e-02  8.10784e-06  3.56561e-03  5.55958e-03
  1.20000e-02  8.91862e-06  3.84078e-03  5.82906e-03
  1.20000e-02  9.72940e-06  4.21261e-03  6.16371e-03
  1.20000e-02  1.05402e-05  4.68336e-03  6.56506e-03
  1.20000e-02  1.13510e-05  5.25529e-03  7.03460e-03
  1.20000e-02  1.21618e-05  5.93067e-03  7.57386e-03
  1.20000e-02  1.29725e-05  6.71174e-03  8.18434e-03
  1.20000e-02  1.37833e-05  7.60076e-03  8.86757e-03
  1.20000e-02  1.45941e-05  8.60000e-03  9.62504e-03
  1.20000e-02  1.54049e-05  9.71171e-03  1.04583e-02
  1.20000e-02  1.62157e-05  1.09381e-02  1.13688e-02
  1.20000e-02  1.70265e-05  1.22816e-02  1.23581e-02
  1.20000e-02  1.78372e-05  1.37442e-02  1.34276e-02
  1.20000e-02  1.86480e-05  1.53284e-02  1.45790e-02
  1.20000e-02  1.94588e-05  1.70364e-02  1.58137e-02
  1.20000e-02  2.02696e-05  1.88703e-02  1.71333e-02

  1.32000e-02  0.00000e+00  5.88247e-03  6.52804e-03
  1.32000e-02  8.10784e-07  5.26580e-03  6.20267e-03
  1.32000e-02  1.62157e-06  4.72158e-03  5.92632e-03
  1.32000e-02  2.43235e-06  4.25207e-03  5.70049e-03
  1.32000e-02  3.24313e-06  3.85953e-03  5.52669e-03
  1.32000e-02  4.05392e-06  3.54621e-03  5.40644e-03
  1.32000e-02  4.86470e-06  3.31438e-03  5.34124e-03
  1.32000e-02  5.67549e-06  3.16628e-03  5.33261e-03
  1.32000e-02  6.48627e-06  3.10419e-03  5.38206e-03
  1.32000e-02  7.29705e-06  3.13035e-03  5.49111e-03
  1.32000e-02  8.10784e-06  3.24703e-03  5.66126e-03
  1.32000e-02  8.91862e-06  3.45648e-03  5.89402e-03
  1.32000e-02  9.72940e-06  3.76097e-03  6.19091e-03
  1.32000e-02  1.05402e-05  4.16275e-03  6.55344e-03
  1.32000e-02  1.13510e-05  4.66408e-03  6.98313e-03
  1.32000e-02  1.21618e-05  5.26721e-03  7.48147e-03
  1.32000e-02  1.29725e-05  5.97442e-03  8.04999e-03
  1.32000e-02  1.37833e-05  6.78794e-03  8.69020e-03
  1.32000e-02  1.45941e-05  7.71005e-03  9.40360e-03
  1.32000e-02  1.54049e-05  8.74300e-03  1.01917e-02
  1.32000e-02  1.62157e-05  9.88905e-03  1.10561e-02
  1.32000e-02  1.70265e-05  1.11505e-02  1.19981e-02
  1.32000e-02  1.78372e-05  1.25295e-02  1.30195e-02
  1.32000e-02  1.86480e-05  1.40284e-02  1.41215e-02
  1.32000e-02  1.94588e-05  1.56494e-02  1.53059e-02
  1.32000e-02  2.02696e-05  1.73948e-02  1.65740e-02

  1.44000e-02  0.00000e+00  6.06748e-03  6.90293e-03
  1.44000e-02  8.10784e-07  5.40457e-03  6.55218e-03
  1.44000e-02  1.62157e-06  4.81249e-03  6.24938e-03
  1.44000e-02  2.43235e-06  4.29348e-03  5.99604e-03
  1.44000e-02  3.24313e-06  3.84981e-03  5.79366e-03
  1.44000e-02  4.05392e-06  3.48375e-03  5.64377e-03
  1.44000e-02  4.86470e-06  3.19753e-03  5.54786e-03
  1.44000e-02  5.67549e-06  2.99343e-03  5.50746e-03
  1.44000e-02  6.48627e-06  2.87370e-03  5.52408e-03
  1.44000e-02  7.29705e-06  2.84060e-03  5.59922e-03
  1.44000e-02  8.10784e-06  2.89639e-03  5.73440e-03
  1.44000e-02  8.91862e-06  3.04333e-03  5.93113e-03
  1.44000e-02  9.72940e-06  3.28367e-03  6.19093e-03
  1.44000e-02  1.05402e-05  3.61967e-03  6.51529e-03
  1.44000e-02  1.13510e-05  4.05360e-03  6.90575e-03
  1.44000e-02  1.21618e-05  4.58770e-03  7.36380e-03
  1.44000e-02  1.29725e-05  5.22424e-03  7.89097e-03
  1.44000e-02  1.37833e-05  5.96548e-03  8.48875e-03
  1.44000e-02  1.45941e-05  6.81367e-03  9.15867e-03
  1.44000e-02  1.54049e-05  7.77108e-03  9.90224e-03
  1.44000e-02  1.62157e-05  8.83996e-03  1.07210e-02
  1.44000e-02  1.70265e-05  1.00226e-02  1.16164e-02
  1.44000e-02  1.78372e-05  1.13212e-02  1.25899e-02
  1.44000e-02  1.86480e-05  1.27380e-02  1.36432e-02
  1.44000e-02  1.94588e-05  1.42753e-02  1.47777e-02
  1.44000e-02  2.02696e-05  1.59354e-02  1.59949e-02

  1.56000e-02  0.00000e+00  6.18799e-03  7.24161e-03
  1.56000e-02  8.10784e-07  5.48213e-03  6.86646e-03
  1.56000e-02  1.62157e-06  4.84547e-03  6.53817e-03
  1.56000e-02  2.43235e-06  4.28026e-03  6.25825e-03
  1.56000e-02  3.24313e-06  3.78876e-03  6.02823e-03
  1.56000e-02  4.05392e-06  3.37324e-03  5.84961e-03
  1.56000e-02  4.86470e-06  3.03595e-03  5.72390e-03
  1.56000e-02  5.67549e-06  2.77914e-03  5.65261e-03
  1.56000e-02  6.48627e-06  2.60508e-03  5.63726e-03
  1.56000e-02  7.29705e-06  2.51602e-03  5.67935e-03
  1.56000e-02  8.10784e-06  2.51423e-03  5.78041e-03
  1.56000e-02  8.91862e-06  2.60196e-03  5.94194e-03
  1.56000e-02  9.72940e-06  2.78147e-03  6.16545e-03
  1.56000e-02  1.05402e-05  3.05501e-03  6.45246e-03
  1.56000e-02  1.13510e-05  3.42485e-03  6.80447e-03
  1.56000e-02  1.21618e-05  3.89325e-03  7.22300e-03
  1.56000e-02  1.29725e-05  4.46246e-03  7.70957e-03
  1.56000e-02  1.37833e-05  5.13474e-03  8.26567e-03
  1.56000e-02  1.45941e-05  5.91234e-03  8.89283e-03
  1.56000e-02  1.54049e-05  6.79754e-03  9.59256e-03
  1.56000e-02  1.62157e-05  7.79258e-03  1.03664e-02
  1.56000e-02  1.70265e-05  8.89972e-03  1.12158e-02
  1.56000e-02  1.78372e-05  1.01212e-02  1.21423e-02
  1.56000e-02  1.86480e-05  1.14594e-02  1.31474e-02
  1.56000e-02  1.94588e-05  1.29164e-02  1.42326e-02
  1.56000e-02  2.02696e-05  1.44945e-02  1.53995e-02

  1.68000e-02  0.00000e+00  6.24379e-03  7.54398e-03
  1.68000e-02  8.10784e-07  5.49841e-03  7.14555e-03
  1.68000e-02  1.62157e-06  4.82060e-03  6.79289e-03
  1.68000e-02  2.43235e-06  4.21262e-03  6.48752e-03
  1.68000e-02  3.24313e-06  3.67673e-03  6.23094e-03
  1.68000e-02  4.05392e-06  3.21519e-03  6.02467e-03
  1.68000e-02  4.86470e-06  2.83025e-03  5.87021e-03
  1.68000e-02  5.67549e-06  2.52418e-03  5.76909e-03
  1.68000e-02  6.48627e-06  2.29924e-03  5.72280e-03
  1.68000e-02  7.29705e-06  2.15767e-03  5.73287e-03
  1.68000e-02  8.10784e-06  2.10175e-03  5.80081e-03
  1.68000e-02  8.91862e-06  2.13373e-03  5.92813e-03
  1.68000e-02  9.72940e-06  2.25586e-03  6.11633e-03
  1.68000e-02  1.05402e-05  2.47040e-03  6.36693e-03
  1.68000e-02  1.13510e-05  2.77962e-03  6.68145e-03
  1.68000e-02  1.21618e-05  3.18577e-03  7.06140e-03
  1.68000e-02  1.29725e-05  3.69111e-03  7.50828e-03
  1.68000e-02  1.37833e-05  4.29790e-03  8.02360e-03
  1.68000e-02  1.45941e-05  5.00839e-03  8.60889e-03
  1.68000e-02  1.54049e-05  5.82485e-03  9.26566e-03
  1.68000e-02  1.62157e-05  6.74953e-03  9.99540e-03
  1.68000e-02  1.70265e-05  7.78470e-03  1.07996e-02
  1.68000e-02  1.78372e-05  8.93260e-03  1.16799e-02
  1.68000e-02  1.86480e-05  1.01955e-02  1.26377e-02
  1.68000e-02  1.94588e-05  1.15757e-02  1.36745e-02
  1.68000e-02  2.02696e-05  1.30753e-02  1.47918e-02

  1.80000e-02  0.00000e+00  6.23517e-03  7.80994e-03
  1.80000e-02  8.10784e-07  5.45385e-03  7.38955e-03
  1.80000e-02  1.62157e-06  4.73849e-03  7.01382e-03
  1.80000e-02  2.43235e-06  4.09133e-03  6.68426e-03
  1.80000e-02  3.24313e-06  3.51465e-03  6.40239e-03
  1.80000e-02  4.05392e-06  3.01069e-03  6.16972e-03
  1.80000e-02  4.86470e-06  2.58173e-03  5.98776e-03
  1.80000e-02  5.67549e-06  2.23000e-03  5.85802e-03
  1.80000e-02  6.48627e-06  1.95778e-03  5.78202e-03
  1.80000e-02  7.29705e-06  1.76733e-03  5.76126e-03
  1.80000e-02  8.10784e-06  1.66089e-03  5.79725e-03
  1.80000e-02  8.91862e-06  1.64073e-03  5.89152e-03
  1.80000e-02  9.72940e-06  1.70910e-03  6.04557e-03
  1.80000e-02  1.05402e-05  1.86827e-03  6.26091e-03
  1.80000e-02  1.13510e-05  2.12050e-03  6.53905e-03
  1.80000e-02  1.21618e-05  2.46803e-03  6.88151e-03
  1.80000e-02  1.29725e-05  2.91314e-03  7.28980e-03
  1.80000e-02  1.37833e-05  3.45807e-03  7.76543e-03
  1.80000e-02  1.45941e-05  4.10509e-03  8.30991e-03
  1.80000e-02  1.54049e-05  4.85645e-03  8.92476e-03
  1.80000e-02  1.62157e-05  5.71441e-03  9.61148e-03
  1.80000e-02  1.70265e-05  6.68124e-03  1.03716e-02
  1.80000e-02  1.78372e-05  7.75918e-03  1.12066e-02
  1.80000e-02  1.86480e-05  8.95051e-03  1.21180e-02
  1.80000e-02  1.94588e-05  1.02575e-02  1.31074e-02
  1.80000e-02  2.02696e-05  1.16823e-02  1.41761e-02

  1.92000e-02  0.00000e+00  6.16300e-03  8.03941e-03
  1.92000e-02  8.10784e-07  5.34953e-03  7.59856e-03
  1.92000e-02  1.62157e-06  4.60039e-03  7.20124e-03
  1.92000e-02  2.43235e-06  3.91785e-03  6.84897e-03
  1.92000e-02  3.24313e-06  3.30417e-03  6.54327e-03
  1.92000e-02  4.05392e-06  2.76159e-03  6.28564e-03
  1.92000e-02  4.86470e-06  2.29238e-03  6.07760e-03
  1.92000e-02  5.67549e-06  1.89880e-03  5.92066e-03
  1.92000e-02  6.48627e-06  1.58311e-03  5.81633e-03
  1.92000e-02  7.29705e-06  1.34756e-03  5.76612e-03
  1.92000e-02  8.10784e-06  1.19441e-03  5.77155e-03
  1.92000e-02  8.91862e-06  1.12593e-03  5.83412e-03
  1.92000e-02  9.72940e-06  1.14436e-03  5.95535e-03
  1.92000e-02  1.05402e-05  1.25197e-03  6.13675e-03
  1.92000e-02  1.13510e-05  1.45102e-03  6.37983e-03
  1.92000e-02  1.21618e-05  1.74375e-03  6.68610e-03
  1.92000e-02  1.29725e-05  2.13244e-03  7.05708e-03
  1.92000e-02  1.37833e-05  2.61935e-03  7.49428e-03
  1.92000e-02  1.45941e-05  3.20672e-03  7.99921e-03
  1.92000e-02  1.54049e-05  3.89681e-03  8.57337e-03
  1.92000e-02  1.62157e-05  4.69189e-03  9.21829e-03
  1.92000e-02  1.70265e-05  5.59422e-03  9.93548e-03
  1.92000e-02  1.78372e-05  6.60604e-03  1.07264e-02
  1.92000e-02  1.86480e-05  7.72963e-03  1.15927e-02
  1.92000e-02  1.94588e-05  8.96724e-03  1.25357e-02
  1.92000e-02  2.02696e-05  1.03211e-02  1.35571e-02

  2.04000e-02  0.00000e+00  6.02887e-03  8.23237e-03
  2.04000e-02  8.10784e-07  5.18724e-03  7.77276e-03
  2.04000e-02  1.62157e-06  4.40834e-03  7.35554e-03
  2.04000e-02  2.43235e-06  3.69441e-03  6.98223e-03
  2.04000e-02  3.24313e-06  3.04773e-03  6.65436e-03
  2.04000e-02  4.05392e-06  2.47054e-03  6.37342e-03
  2.04000e-02  4.86470e-06  1.96510e-03  6.14092e-03
  2.04000e-02  5.67549e-06  1.53368e-03  5.95839e-03
  2.04000e-02  6.48627e-06  1.17853e-03  5.82734e-03
  2.04000e-02  7.29705e-06  9.01902e-04  5.74927e-03
  2.04000e-02  8.10784e-06  7.06066e-04  5.72569e-03
  2.04000e-02  8.91862e-06  5.93276e-04  5.75812e-03
  2.04000e-02  9.72940e-06  5.65791e-04  5.84808e-03
  2.04000e-02  1.05402e-05  6.25867e-04  5.99706e-03
  2.04000e-02  1.13510e-05  7.75764e-04  6.20659e-03
  2.04000e-02  1.21618e-05  1.01774e-03  6.47818e-03
  2.04000e-02  1.29725e-05  1.35405e-03  6.81333e-03
  2.04000e-02  1.37833e-05  1.78696e-03  7.21356e-03
  2.04000e-02  1.45941e-05  2.31872e-03  7.68039e-03
  2.04000e-02  1.54049e-05  2.95160e-03  8.21531e-03
  2.04000e-02  1.62157e-05  3.68784e-03  8.81985e-03
  2.04000e-02  1.70265e-05  4.52972e-03  9.49552e-03
  2.04000e-02  1.78372e-05  5.47948e-03  1.02438e-02
  2.04000e-02  1.86480e-05  6.53938e-03  1.10663e-02
  2.04000e-02  1.94588e-05  7.71169e-03  1.19644e-02
  2.04000e-02  2.02696e-05  8.99866e-03  1.29397e-02

  2.16000e-02  0.00000e+00  5.83522e-03  8.38887e-03
  2.16000e-02  8.10784e-07  4.96967e-03  7.91240e-03
  2.16000e-02  1.62157e-06  4.16524e-03  7.47718e-03
  2.16000e-02  2.43235e-06  3.42417e-03  7.08473e-03
  2.16000e-02  3.24313e-06  2.74872e-03  6.73655e-03
  2.16000e-02  4.05392e-06  2.14116e-03  6.43415e-03
  2.16000e-02  4.86470e-06  1.60375e-03  6.17906e-03
  2.16000e-02  5.67549e-06  1.13873e-03  5.97277e-03
  2.16000e-02  6.48627e-06  7.48370e-04  5.81680e-03
  2.16000e-02  7.29705e-06  4.34929e-04  5.71266e-03
  2.16000e-02  8.10784e-06  2.00663e-04  5.66187e-03
  2.16000e-02  8.91862e-06  4.78304e-05  5.66594e-03
  2.16000e-02  9.72940e-06 -2.13101e-05  5.72637e-03
  2.16000e-02  1.05402e-05 -4.50029e-06  5.84468e-03
  2.16000e-02  1.13510e-05  1.00518e-04  6.02239e-03
  2.16000e-02  1.21618e-05  2.96003e-04  6.26100e-03
  2.16000e-02  1.29725e-05  5.84213e-04  6.56202e-03
  2.16000e-02  1.37833e-05  9.67406e-04  6.92698e-03
  2.16000e-02  1.45941e-05  1.44784e-03  7.35737e-03
  2.16000e-02  1.54049e-05  2.02778e-03  7.85471e-03
  2.16000e-02  1.62157e-05  2.70947e-03  8.42052e-03
  2.16000e-02  1.70265e-05  3.49518e-03  9.05630e-03
  2.16000e-02  1.78372e-05  4.38716e-03  9.76356e-03
  2.16000e-02  1.86480e-05  5.38768e-03  1.05438e-02
  2.16000e-02  1.94588e-05  6.49899e-03  1.13986e-02
  2.16000e-02  2.02696e-05  7.72334e-03  1.23294e-02

  2.28000e-02  0.00000e+00  5.58550e-03  8.50902e-03
  2.28000e-02  8.10784e-07  4.70052e-03  8.01786e-03
  2.28000e-02  1.62157e-06  3.87505e-03  7.56677e-03
  2.28000e-02  2.43235e-06  3.11134e-03  7.15728e-03
  2.28000e-02  3.24313e-06  2.41165e-03  6.79090e-03
  2.28000e-02  4.05392e-06  1.77822e-03  6.46914e-03
  2.28000e-02  4.86470e-06  1.21333e-03  6.19351e-03
  2.28000e-02  5.67549e-06  7.19236e-04  5.96552e-03
  2.28000e-02  6.48627e-06  2.98186e-04  5.78668e-03
  2.28000e-02  7.29705e-06 -4.75551e-05  5.65851e-03
  2.28000e-02  8.10784e-06 -3.15731e-04  5.58252e-03
  2.28000e-02  8.91862e-06 -5.04082e-04  5.56022e-03
  2.28000e-02  9.72940e-06 -6.10351e-04  5.59312e-03
  2.28000e-02  1.05402e-05 -6.32280e-04  5.68273e-03
  2.28000e-02  1.13510e-05 -5.67610e-04  5.83057e-03
  2.28000e-02  1.21618e-05 -4.14082e-04  6.03814e-03
  2.28000e-02  1.29725e-05 -1.69439e-04  6.30697e-03
  2.28000e-02  1.37833e-05  1.68578e-04  6.63855e-03
  2.28000e-02  1.45941e-05  6.02227e-04  7.03441e-03
  2.28000e-02  1.54049e-05  1.13377e-03  7.49605e-03
  2.28000e-02  1.62157e-05  1.76545e-03  8.02499e-03
  2.28000e-02  1.70265e-05  2.49955e-03  8.62274e-03
  2.28000e-02  1.78372e-05  3.33831e-03  9.29080e-03
  2.28000e-02  1.86480e-05  4.28399e-03  1.00307e-02
  2.28000e-02  1.94588e-05  5.33886e-03  1.08439e-02
  2.28000e-02  2.02696e-05  6.50516e-03  1.17320e-02

  2.40000e-02  0.00000e+00  5.28431e-03  8.59311e-03
  2.40000e-02  8.10784e-07  4.38470e-03  8.08963e-03
  2.40000e-02  1.62157e-06  3.54298e-03  7.62505e-03
  2.40000e-02  2.43235e-06  2.76142e-03  7.20089e-03
  2.40000e-02  3.24313e-06  2.04226e-03  6.81865e-03
  2.40000e-02  4.05392e-06  1.38777e-03  6.47985e-03
  2.40000e-02  4.86470e-06  8.00202e-04  6.18600e-03
  2.40000e-02  5.67549e-06  2.81822e-04  5.93861e-03
  2.40000e-02  6.48627e-06 -1.65117e-04  5.73919e-03
  2.40000e-02  7.29705e-06 -5.38354e-04  5.58926e-03
  2.40000e-02  8.10784e-06 -8.35632e-04  5.49032e-03
  2.40000e-02  8.91862e-06 -1.05469e-03  5.44389e-03
  2.40000e-02  9.72940e-06 -1.19328e-03  5.45149e-03
  2.40000e-02  1.05402e-05 -1.24913e-03  5.51461e-03
  2.40000e-02  1.13510e-05 -1.21999e-03  5.63478e-03
  2.40000e-02  1.21618e-05 -1.10360e-03  5.81351e-03
  2.40000e-02  1.29725e-05 -8.97701e-04  6.05230e-03
  2.40000e-02  1.37833e-05 -6.00035e-04  6.35267e-03
  2.40000e-02  1.45941e-05 -2.08343e-04  6.71614e-03
  2.40000e-02  1.54049e-05  2.79632e-04  7.14420e-03
  2.40000e-02  1.62157e-05  8.66148e-04  7.63838e-03
  2.40000e-02  1.70265e-05  1.55347e-03  8.20019e-03
  2.40000e-02  1.78372e-05  2.34384e-03  8.83114e-03
  2.40000e-02  1.86480e-05  3.23953e-03  9.53274e-03
  2.40000e-02  1.94588e-05  4.24280e-03  1.03065e-02
  2.40000e-02  2.02696e-05  5.35590e-03  1.11539e-02

  2.52000e-02  0.00000e+00  4.93765e-03  8.64155e-03
  2.52000e-02  8.10784e-07  4.02850e-03  8.12840e-03
  2.52000e-02  1.62157e-06  3.17563e-03  7.65296e-03
  2.52000e-02  2.43235e-06  2.38130e-03  7.21673e-03
  2.52000e-02  3.24313e-06  1.64778e-03  6.82123e-03
  2.52000e-02  4.05392e-06  9.77329e-04  6.46798e-03
  2.52000e-02  4.86470e-06  3.72196e-04  6.15848e-03
  2.52000e-02  5.67549e-06 -1.65358e-04  5.89424e-03
  2.52000e-02  6.48627e-06 -6.33072e-04  5.67679e-03
  2.52000e-02  7.29705e-06 -1.02869e-03  5.50762e-03
  2.52000e-02  8.10784e-06 -1.34995e-03  5.38825e-03
  2.52000e-02  8.91862e-06 -1.59461e-03  5.32019e-03
  2.52000e-02  9.72940e-06 -1.76038e-03  5.30496e-03
  2.52000e-02  1.05402e-05 -1.84503e-03  5.34407e-03
  2.52000e-02  1.13510e-05 -1.84630e-03  5.43902e-03
  2.52000e-02  1.21618e-05 -1.76191e-03  5.59134e-03
  2.52000e-02  1.29725e-05 -1.58962e-03  5.80253e-03
  2.52000e-02  1.37833e-05 -1.32717e-03  6.07410e-03
  2.52000e-02  1.45941e-05 -9.72298e-04  6.40756e-03
  2.52000e-02  1.54049e-05 -5.22746e-04  6.80444e-03
  2.52000e-02  1.62157e-05  2.37437e-05  7.26623e-03
  2.52000e-02  1.70265e-05  6.69429e-04  7.79445e-03
  2.52000e-02  1.78372e-05  1.41657e-03  8.39062e-03
  2.52000e-02  1.86480e-05  2.26742e-03  9.05624e-03
  2.52000e-02  1.94588e-05  3.22424e-03  9.79283e-03
  2.52000e-02  2.02696e-05  4.28929e-03  1.06019e-02

  2.64000e-02  0.00000e+00  4.55307e-03  8.65495e-03
  2.64000e-02  8.10784e-07  3.63980e-03  8.13504e-03
  2.64000e-02  1.62157e-06  2.78121e-03  7.65163e-03
  2.64000e-02  2.43235e-06  1.97956e-03  7.20622e-03
  2.64000e-02  3.24313e-06  1.23712e-03  6.80034e-03
  2.64000e-02  4.05392e-06  5.56138e-04  6.43548e-03
  2.64000e-02  4.86470e-06 -6.11219e-05  6.11317e-03
  2.64000e-02  5.67549e-06 -6.12403e-04  5.83492e-03
  2.64000e-02  6.48627e-06 -1.09545e-03  5.60223e-03
  2.64000e-02  7.29705e-06 -1.50800e-03  5.41662e-03
  2.64000e-02  8.10784e-06 -1.84779e-03  5.27960e-03
  2.64000e-02  8.91862e-06 -2.11258e-03  5.19269e-03
  2.64000e-02  9.72940e-06 -2.30009e-03  5.15739e-03
  2.64000e-02  1.05402e-05 -2.40808e-03  5.17521e-03
  2.64000e-02  1.13510e-05 -2.43428e-03  5.24767e-03
  2.64000e-02  1.21618e-05 -2.37644e-03  5.37629e-03
  2.64000e-02  1.29725e-05 -2.23229e-03  5.56256e-03
  2.64000e-02  1.37833e-05 -1.99958e-03  5.80801e-03
  2.64000e-02  1.45941e-05 -1.67606e-03  6.11414e-03
  2.64000e-02  1.54049e-05 -1.25945e-03  6.48247e-03
  2.64000e-02  1.62157e-05 -7.47509e-04  6.91451e-03
  2.64000e-02  1.70265e-05 -1.37974e-04  7.41177e-03
  2.64000e-02  1.78372e-05  5.71415e-04  7.97577e-03
  2.64000e-02  1.86480e-05  1.38291e-03  8.60800e-03
  2.64000e-02  1.94588e-05  2.29878e-03  9.31000e-03
  2.64000e-02  2.02696e-05  3.32128e-03  1.00833e-02

  2.76000e-02  0.00000e+00  4.13993e-03  8.63414e-03
  2.76000e-02  8.10784e-07  3.22832e-03  8.11066e-03
  2.76000e-02  1.62157e-06  2.36980e-03  7.62246e-03
  2.76000e-02  2.43235e-06  1.56662e-03  7.17104e-03
  2.76000e-02  3.24313e-06  8.21051e-04  6.75792e-03
  2.76000e-02  4.05392e-06  1.35344e-04  6.38460e-03
  2.76000e-02  4.86470e-06 -4.88242e-04  6.05261e-03
  2.76000e-02  5.67549e-06 -1.04745e-03  5.76344e-03
  2.76000e-02  6.48627e-06 -1.54002e-03  5.51861e-03
  2.76000e-02  7.29705e-06 -1.96369e-03  5.31964e-03
  2.76000e-02  8.10784e-06 -2.31621e-03  5.16804e-03
  2.76000e-02  8.91862e-06 -2.59531e-03  5.06531e-03
  2.76000e-02  9.72940e-06 -2.79875e-03  5.01297e-03
  2.76000e-02  1.05402e-05 -2.92425e-03  5.01253e-03
  2.76000e-02  1.13510e-05 -2.96957e-03  5.06551e-03
  2.76000e-02  1.21618e-05 -2.93244e-03  5.17341e-03
  2.76000e-02  1.29725e-05 -2.81061e-03  5.33775e-03
  2.76000e-02  1.37833e-05 -2.60182e-03  5.56004e-03
  2.76000e-02  1.45941e-05 -2.30380e-03  5.84179e-03
  2.76000e-02  1.54049e-05 -1.91431e-03  6.18451e-03
  2.76000e-02  1.62157e-05 -1.43108e-03  6.58971e-03
  2.76000e-02  1.70265e-05 -8.51851e-04  7.05891e-03
  2.76000e-02  1.78372e-05 -1.74371e-04  7.59362e-03
  2.76000e-02  1.86480e-05  6.03621e-04  8.19535e-03
  2.76000e-02  1.94588e-05  1.48438e-03  8.86561e-03
  2.76000e-02  2.02696e-05  2.47017e-03  9.60591e-03

  2.88000e-02  0.00000e+00  3.70962e-03  8.58020e-03
  2.88000e-02  8.10784e-07  2.80584e-03  8.05666e-03
  2.88000e-02  1.62157e-06  1.95357e-03  7.56714e-03
  2.88000e-02  2.43235e-06  1.15504e-03  7.11317e-03
  2.88000e-02  3.24313e-06  4.12516e-04  6.69626e-03
  2.88000e-02  4.05392e-06 -2.71737e-04  6.31791e-03
  2.88000e-02  4.86470e-06 -8.95465e-04  5.97964e-03
  2.88000e-02  5.67549e-06 -1.45641e-03  5.68296e-03
  2.88000e-02  6.48627e-06 -1.95231e-03  5.42939e-03
  2.88000e-02  7.29705e-06 -2.38092e-03  5.22043e-03
  2.88000e-02  8.10784e-06 -2.73996e-03  5.05760e-03
  2.88000e-02  8.91862e-06 -3.02719e-03  4.94240e-03
  2.88000e-02  9.72940e-06 -3.24035e-03  4.87636e-03
  2.88000e-02  1.05402e-05 -3.37717e-03  4.86097e-03
  2.88000e-02  1.13510e-05 -3.43540e-03  4.89777e-03
  2.88000e-02  1.21618e-05 -3.41278e-03  4.98824e-03
  2.88000e-02  1.29725e-05 -3.30705e-03  5.13392e-03
  2.88000e-02  1.37833e-05 -3.11596e-03  5.33630e-03
  2.88000e-02  1.45941e-05 -2.83724e-03  5.59691e-03
  2.88000e-02  1.54049e-05 -2.46864e-03  5.91725e-03
  2.88000e-02  1.62157e-05 -2.00790e-03  6.29883e-03
  2.88000e-02  1.70265e-05 -1.45276e-03  6.74317e-03
  2.88000e-02  1.78372e-05 -8.00959e-04  7.25178e-03
  2.88000e-02  1.86480e-05 -5.02455e-05  7.82617e-03
  2.88000e-02  1.94588e-05  8.01642e-04  8.46785e-03
  2.88000e-02  2.02696e-05  1.75696e-03  9.17834e-03

  3.00000e-02  0.00000e+00  3.27585e-03  8.49453e-03
  3.00000e-02  8.10784e-07  2.38649e-03  7.97471e-03
  3.00000e-02  1.62157e-06  1.54704e-03  7.48767e-03
  3.00000e-02  2.43235e-06  7.59736e-04  7.03492e-03
  3.00000e-02  3.24313e-06  2.68510e-05  6.61797e-03
  3.00000e-02  4.05392e-06 -6.49360e-04  6.23833e-03
  3.00000e-02  4.86470e-06 -1.26664e-03  5.89752e-03
  3.00000e-02  5.67549e-06 -1.82273e-03  5.59705e-03
  3.00000e-02  6.48627e-06 -2.31537e-03  5.33842e-03
  3.00000e-02  7.29705e-06 -2.74231e-03  5.12315e-03
  3.00000e-02  8.10784e-06 -3.10128e-03  4.95276e-03
  3.00000e-02  8.91862e-06 -3.39003e-03  4.82875e-03
  3.00000e-02  9.72940e-06 -3.60630e-03  4.75264e-03
  3.00000e-02  1.05402e-05 -3.74782e-03  4.72594e-03
  3.00000e-02  1.13510e-05 -3.81235e-03  4.75016e-03
  3.00000e-02  1.21618e-05 -3.79763e-03  4.82681e-03
  3.00000e-02  1.29725e-05 -3.70139e-03  4.95740e-03
  3.00000e-02  1.37833e-05 -3.52137e-03  5.14345e-03
  3.00000e-02  1.45941e-05 -3.25533e-03  5.38646e-03
  3.00000e-02  1.54049e-05 -2.90100e-03  5.68796e-03
  3.00000e-02  1.62157e-05 -2.45612e-03  6.04944e-03
  3.00000e-02  1.70265e-05 -1.91843e-03  6.47243e-03
  3.00000e-02  1.78372e-05 -1.28568e-03  6.95843e-03
  3.00000e-02  1.86480e-05 -5.55612e-04  7.50896e-03
  3.00000e-02  1.94588e-05  2.74041e-04  8.12553e-03
  3.00000e-02  2.02696e-05  1.20553e-03  8.80965e-03

