#b_2:
qh1sp01           5.28   1  0.01627
qh1sp01          47.77   2  0.00340
qh1sp01          58.07   3  0.00364
qh1sp01         100.57   4  0.01672
qh1sp01         110.87   5  0.01605
qh1sp01         153.37   6  0.01712
qh1sp01         163.67   7  0.01643
qh1sp01         206.16   8  0.01731
qh1sp01         216.46   9  0.01662
qh1sp01         258.96  10  0.01679
qh2sp01           6.54  11 -0.01358
qh2sp01          46.66  12 -0.00143
qh2sp01          59.34  13 -0.00150
qh2sp01          99.45  14 -0.01385
qh2sp01         112.13  15 -0.01343
qh2sp01         152.25  16 -0.01418
qh2sp01         164.93  17 -0.01374
qh2sp01         205.05  18 -0.01434
qh2sp01         217.73  19 -0.01391
qh2sp01         257.85  20 -0.01394
qh3sp01           7.38  21  0.00050
qh3sp01          45.67  22 -0.00537
qh3sp01          60.17  23 -0.00557
qh3sp01          98.47  24  0.00036
qh3sp01         112.97  25  0.00052
qh3sp01         151.27  26  0.00041
qh3sp01         165.77  27  0.00056
qh3sp01         204.06  28  0.00044
qh3sp01         218.56  29  0.00059
qh3sp01         256.86  30  0.00043
ql1sp01          22.72  31  0.00550
ql1sp01          30.32  32  0.00445
ql1sp01          75.52  33  0.00474
ql1sp01          83.12  34  0.00540
ql1sp01         128.32  35  0.00564
ql1sp01         135.92  36  0.00549
ql1sp01         181.12  37  0.00572
ql1sp01         188.72  38  0.00556
ql1sp01         233.91  39  0.00576
ql1sp01         241.51  40  0.00557
ql2sp01          21.55  41 -0.00105
ql2sp01          31.65  42 -0.00070
ql2sp01          74.35  43 -0.00074
ql2sp01          84.45  44 -0.00106
ql2sp01         127.14  45 -0.00095
ql2sp01         137.24  46 -0.00098
ql2sp01         179.94  47 -0.00098
ql2sp01         190.04  48 -0.00100
ql2sp01         232.74  49 -0.00099
ql2sp01         242.84  50 -0.00099
ql3sp01          20.16  51 -0.00233
ql3sp01          32.89  52 -0.00162
ql3sp01          72.96  53 -0.00176
ql3sp01          85.68  54 -0.00227
ql3sp01         125.75  55 -0.00242
ql3sp01         138.48  56 -0.00235
ql3sp01         178.55  57 -0.00245
ql3sp01         191.28  58 -0.00238
ql3sp01         231.35  59 -0.00247
ql3sp01         244.08  60 -0.00238
