# Tracking with TRACY# (Floquet space)
#
#  1   512 1.0E+00 1.0E+00 0.0E+00 0.0E+00 11.03666 5.40007
#    N     x^          px^          y^          py^          delta          cdt
#                                                                   [%]           [mm]
#
   0  2.2305430065684277e-04  3.4210855666211918e-08  4.0049002407909970e-03  3.1576247488100775e-07  0.0000000000000000e+00  0.0000000000000000e+00
   1 -2.1517072611427487e-04 -4.4579961191864833e-04 -2.7856759175604682e-03 -2.7796582324883376e-03  0.0000000000000000e+00 -5.0834002048977263e-02
   2 -1.4951869425669682e-04 -6.7455427343242563e-04  4.3703507240260410e-04  4.0049569056628811e-03  0.0000000000000000e+00 -9.7840729578784008e-02
   3  1.6875662854506625e-04 -2.5435861554207575e-04  2.2444035813174463e-03 -3.3447004258057309e-03  0.0000000000000000e+00 -9.5317582062609291e-02
   4  7.0640866967970696e-05  1.4810602439241014e-04 -3.8459372488840815e-03  1.4614814459255245e-03  0.0000000000000000e+00 -6.5487303727260138e-02
   5 -3.2347805935241787e-04  5.1097128599088212e-06  3.5776672405684823e-03  1.3446711209149783e-03  0.0000000000000000e+00 -8.2497914555548363e-02
   6 -5.7429941370393993e-04 -3.6604262447419600e-04 -1.6803489782020371e-03 -3.6749755640005290e-03  0.0000000000000000e+00 -1.4465819315645348e-01
   7 -1.8031569049067986e-04 -1.9219047671690682e-04 -8.9855500765397369e-04  3.9395465662035315e-03  0.0000000000000000e+00 -1.6717642134896640e-01
   8  6.7777638838772720e-05  3.7009549462665401e-04  3.1790299296596725e-03 -2.6499581046402852e-03  0.0000000000000000e+00 -1.4210001014667489e-01
   9 -1.1086878440621183e-04  5.2057322980820283e-04 -3.9272016113977735e-03  1.7932415118904898e-04  0.0000000000000000e+00 -1.2720893857977392e-01
  10 -4.7183771205286975e-04  1.4576481175811664e-04  2.7351762774319214e-03  2.7005356674641261e-03  0.0000000000000000e+00 -1.8062355755995321e-01
  11 -2.8118177428065801e-04 -9.1122362171585527e-05 -4.7070580989787942e-04 -4.1121845593219148e-03  0.0000000000000000e+00 -2.3263498260466089e-01
  12  2.4775590278131227e-04  2.9322218494759982e-04 -2.1313291682014813e-03  3.4430248762674889e-03  0.0000000000000000e+00 -2.2767364763305675e-01
  13  3.1710819673396134e-04  6.3037132709286908e-04  3.7886820132917174e-03 -1.4892036273401110e-03  0.0000000000000000e+00 -1.9904244535511978e-01
  14  1.1531083539352236e-05  3.7657662980818970e-04 -3.5671688760234542e-03 -1.3640384144502100e-03  0.0000000000000000e+00 -2.2212721797064283e-01
  15 -1.4548619340010185e-04 -1.4658087757010626e-04  1.7212494936033719e-03  3.7192253204976168e-03  0.0000000000000000e+00 -2.8938256530823914e-01
  16  3.2650491465387356e-04 -1.5554375880369106e-04  8.3433361443535831e-04 -3.8861676074057870e-03  0.0000000000000000e+00 -3.1270219427833434e-01
  17  5.8123466474834190e-04  2.3409776545664672e-04 -3.1869004340273933e-03  2.5286236753619593e-03  0.0000000000000000e+00 -2.9179582140105692e-01
  18  3.7586771986034548e-04  2.2802657861881534e-04  3.9940023485888201e-03 -6.1435770613355094e-05  0.0000000000000000e+00 -2.8182161364003011e-01
  19 -2.1286439674545648e-05 -2.8162068021532667e-04 -2.8328390985344802e-03 -2.7513649892472614e-03  0.0000000000000000e+00 -3.3491017847183924e-01
  20  8.0269287375707595e-05 -6.1038643492088509e-04  5.2765420684560836e-04  4.0045108466929486e-03  0.0000000000000000e+00 -3.8416529726467424e-01
  21  4.2425332598648095e-04 -2.9482129106037986e-04  2.1773785967537538e-03 -3.3220532241727977e-03  0.0000000000000000e+00 -3.8351760545495539e-01
  22  3.2807511132337949e-04  3.2554816034754933e-05 -3.8512274038181209e-03  1.4488198382011784e-03  0.0000000000000000e+00 -3.5660945227588736e-01
  23 -7.6713884185002554e-05 -1.7670374745604653e-04  3.6444253824065680e-03  1.3402790625021300e-03  0.0000000000000000e+00 -3.7350143086951537e-01
  24 -3.6495489433605483e-04 -6.0401702914879231e-04 -1.7691844848117166e-03 -3.6348576480689418e-03  0.0000000000000000e+00 -4.3428325903948678e-01
  25 -5.1724019249055801e-05 -4.8143336317555920e-04 -8.5072634047966096e-04  3.8827087019296571e-03  0.0000000000000000e+00 -4.5799352896006512e-01
  26  1.0876600849657960e-04  6.5843798697248543e-05  3.1794291405302087e-03 -2.6459738249349643e-03  0.0000000000000000e+00 -4.3580688960159059e-01
  27 -1.2817813229228922e-04  2.4053869796207401e-04 -3.9662697218566080e-03  2.3130419422098027e-04  0.0000000000000000e+00 -4.1830031925590683e-01
  28 -5.4452977657583920e-04 -9.1967356143565060e-05  2.8092533618041286e-03  2.6186885028092891e-03  0.0000000000000000e+00 -4.6697828953278137e-01
  29 -4.4524021470095494e-04 -2.8467616515884698e-04 -5.2940488799164953e-04 -4.0763058999255574e-03  0.0000000000000000e+00 -5.1839527197515345e-01
  30  2.5444415763426188e-05  1.6030463393597021e-04 -2.0881400366817311e-03  3.5014108789573409e-03  0.0000000000000000e+00 -5.1518734746135086e-01
  31  7.6822285748862971e-05  5.8589746342673258e-04  3.7598739796537409e-03 -1.6142083252631413e-03  0.0000000000000000e+00 -4.8399519419796821e-01
  32 -2.3088611579134353e-04  4.3292235514225298e-04 -3.5796725137548519e-03 -1.2203714649631882e-03  0.0000000000000000e+00 -5.0219550234403210e-01
  33 -4.1061171580282095e-04 -1.6220781831091483e-05  1.7532220739793544e-03  3.6703095112109096e-03  0.0000000000000000e+00 -5.6924049720826009e-01
  34  8.2091570166439775e-05  2.7863430535056036e-05  7.6081166441928827e-04 -3.9740697690817698e-03  0.0000000000000000e+00 -5.9418520708197531e-01
  35  4.2138436312637447e-04  4.7801244351114170e-04 -3.1041905750831566e-03  2.6529167330324780e-03  0.0000000000000000e+00 -5.7124331818665708e-01
  36  2.8103121424607281e-04  5.2769020856323378e-04  3.9560893642584328e-03 -1.9158365527690600e-04  0.0000000000000000e+00 -5.5917117363250757e-01
  37 -7.1660671603112142e-05  3.6056521167988175e-05 -2.8447764400929628e-03 -2.6788166625502084e-03  0.0000000000000000e+00 -6.1331565811210165e-01
  38  8.5661987738858266e-05 -3.3131640312595911e-04  5.9959814425774823e-04  4.0490243980746280e-03  0.0000000000000000e+00 -6.6606714383927557e-01
  39  5.3412074212901266e-04 -6.9181140224169882e-05  2.0746179453954212e-03 -3.3738982442162338e-03  0.0000000000000000e+00 -6.6546610282846741e-01
  40  5.1887376973162446e-04  2.1096778329590592e-04 -3.8159271080168574e-03  1.4888663148436806e-03  0.0000000000000000e+00 -6.3990058864074106e-01
  41  1.5326836146655723e-04 -6.2120474197235008e-05  3.6776447464885388e-03  1.3069449223844108e-03  0.0000000000000000e+00 -6.5860225144840367e-01
  42 -1.1231944036469192e-04 -5.7846215079823476e-04 -1.8476681194771528e-03 -3.6231372073831061e-03  0.0000000000000000e+00 -7.2132246547386236e-01
  43  2.0601228205203011e-04 -5.6415803263748380e-04 -7.6902118785647055e-04  3.8523471383048904e-03  0.0000000000000000e+00 -7.4649298556411814e-01
  44  3.4794492747211564e-04 -9.9777730835597447e-05  3.1609951702084326e-03 -2.6149094493072471e-03  0.0000000000000000e+00 -7.2750462826557227e-01
  45  8.3601235838423810e-05  1.9999305672647146e-05 -4.0079144257802535e-03  2.2835440466876676e-04  0.0000000000000000e+00 -7.1089437097924824e-01
  46 -3.6643270294578093e-04 -3.5277227717637924e-04  2.8954491162694594e-03  2.5907067935874036e-03  0.0000000000000000e+00 -7.5727410655491501e-01
  47 -3.4308495250631710e-04 -5.7445615135445804e-04 -6.0142038102271465e-04 -4.0163301749048730e-03  0.0000000000000000e+00 -8.0757399470382840e-01
  48  2.9731071270814382e-05 -1.4181363226569823e-04 -2.0674719843576024e-03  3.4782759654611072e-03  0.0000000000000000e+00 -8.0714941726096345e-01
  49  5.3883677223551189e-06  3.1607654029994616e-04  3.7664274624065602e-03 -1.6654142432930305e-03  0.0000000000000000e+00 -7.7586167773870052e-01
  50 -3.4335220322190914e-04  2.2289280754842896e-04 -3.6316956835237843e-03 -1.1252142677460582e-03  0.0000000000000000e+00 -7.8883632756580091e-01
  51 -5.9341593130949266e-04 -1.6460927720051631e-04  1.8162792439622582e-03  3.5943926325708343e-03  0.0000000000000000e+00 -8.5292620286240139e-01
  52 -1.6766193640556964e-04 -5.9725240076554185e-05  7.0559356322368776e-04 -4.0070442695123859e-03  0.0000000000000000e+00 -8.7942654981198709e-01
  53  1.6633155690731969e-04  4.7358291308427036e-04 -3.0514349432433151e-03  2.7678641322734271e-03  0.0000000000000000e+00 -8.5599654749000398e-01
  54  4.0156446631987816e-05  6.2212152158718306e-04  3.9345246552557481e-03 -3.4205624492821294e-04  0.0000000000000000e+00 -8.3954287482554513e-01
  55 -3.0683921636133531e-04  2.1723662493477512e-04 -2.8607863486595593e-03 -2.5647584277502249e-03  0.0000000000000000e+00 -8.9134884210849252e-01
  56 -1.4472969188928471e-04 -1.0789199280113631e-04  6.4758755840657730e-04  4.0887319687503178e-03  0.0000000000000000e+00 -9.4672283573065397e-01
  57  3.9011869166243973e-04  1.9122174330223502e-04  1.9794219804247885e-03 -3.4826659197811690e-03  0.0000000000000000e+00 -9.4559258680228653e-01
  58  4.6828826440207237e-04  5.0878719173809450e-04 -3.7526455258004672e-03  1.6016759348484798e-03  0.0000000000000000e+00 -9.1817608414165719e-01
  59  1.5965323108389767e-04  2.5123803267285415e-04  3.6708386472916908e-03  1.2089727254539951e-03  0.0000000000000000e+00 -9.3693204124633522e-01
  60 -5.9215219921044098e-05 -3.0273723756042519e-04 -1.8912623254009736e-03 -3.6172805684408851e-03  0.0000000000000000e+00 -1.0030108224172560e+00
  61  3.3715303052753788e-04 -3.6566037442224106e-04 -6.6661567880063090e-04  3.8917387150050413e-03  0.0000000000000000e+00 -1.0299292857392728e+00
  62  5.6052290821467885e-04  2.6346740080733447e-05  3.0966457935717837e-03 -2.6320290872536771e-03  0.0000000000000000e+00 -1.0120548197399297e+00
  63  3.3657802445979961e-04  7.7980986575889298e-05 -4.0192465871488614e-03  2.4691946898480847e-04  0.0000000000000000e+00 -9.9774247990711318e-01
  64 -9.6699903705733270e-05 -3.7616686417874982e-04  2.9635734099958616e-03  2.5764734340794964e-03  0.0000000000000000e+00 -1.0452846805894334e+00
  65 -8.0420838199951700e-05 -6.9168931781187566e-04 -6.8815664255915583e-04 -3.9839834558134894e-03  0.0000000000000000e+00 -1.0963538137750048e+00
  66  2.5192163594567866e-04 -3.4892332024450036e-04 -2.0264762559509437e-03  3.4303401060042440e-03  0.0000000000000000e+00 -1.0984422573420334e+00
  67  1.7675980774075438e-04  6.1491933931564108e-05  3.7815668434930637e-03 -1.6541047974291396e-03  0.0000000000000000e+00 -1.0695861899092332e+00
  68 -2.0911201823612440e-04 -5.6227309752863742e-05 -3.7008716733403836e-03 -1.1023743575998804e-03  0.0000000000000000e+00 -1.0802661382167931e+00
  69 -5.2398503327454732e-04 -4.5181979971990310e-04  1.9018391099059468e-03  3.5359348751728835e-03  0.0000000000000000e+00 -1.1413563396779065e+00
  70 -1.9853953708812359e-04 -3.4555200458863188e-04  6.5915824829812844e-04 -3.9689302741106785e-03  0.0000000000000000e+00 -1.1688304308213890e+00
  71  5.3525855296324846e-05  2.2108411464833550e-04 -3.0375461042812016e-03  2.8073162101101110e-03  0.0000000000000000e+00 -1.1474133257672516e+00
  72 -1.1811308257459436e-04  4.3893601252794766e-04  3.9513326460236141e-03 -4.4189783223304958e-04  0.0000000000000000e+00 -1.1271264500536360e+00
  73 -5.0522020309626400e-04  1.1543507722368277e-04 -2.9129311875980370e-03 -2.4532582280016712e-03  0.0000000000000000e+00 -1.1740909065105454e+00
  74 -4.0877077191155906e-04 -1.4339034084620759e-04  6.9831753773456516e-04  4.0775533952299341e-03  0.0000000000000000e+00 -1.2297736658107479e+00
  75  1.2108894150701596e-04  2.3094741604893942e-04  1.9146120568268093e-03 -3.5782108394674080e-03  0.0000000000000000e+00 -1.2294620526837197e+00
  76  2.3301702600444444e-04  6.3876850753794131e-04 -3.6995832728349064e-03  1.7431257643095721e-03  0.0000000000000000e+00 -1.1990979350651612e+00
  77 -4.6466833296921508e-05  4.7014768768295802e-04  3.6602351182883470e-03  1.0649426384872686e-03  0.0000000000000000e+00 -1.2144793109760941e+00
  78 -2.5018134842963750e-04 -3.6914251890071463e-05 -1.9132257532090628e-03 -3.5824169249284092e-03  0.0000000000000000e+00 -1.2819880185987607e+00
  79  2.0854695952944984e-04 -8.9024214217039337e-05 -5.8162491046965538e-04  3.9772454531335124e-03  0.0000000000000000e+00 -1.3107690056394379e+00
  80  5.4482570845458317e-04  3.1407755947283016e-04  3.0071014504965575e-03 -2.7247911133490826e-03  0.0000000000000000e+00 -1.2914211844834598e+00
  81  3.9754521511909503e-04  3.6904301037228365e-04 -3.9891855790760962e-03  3.3715326417447621e-04  0.0000000000000000e+00 -1.2770559897431546e+00
  82  1.3288215642173078e-05 -1.1949973261600102e-04  2.9916376256787715e-03  2.5272486507527062e-03  0.0000000000000000e+00 -1.3266028191592798e+00
  83  7.9961483464458316e-05 -5.1773634048005157e-04 -7.7129547619938046e-04 -4.0019568361988273e-03  0.0000000000000000e+00 -1.3807749503436633e+00
  84  4.7593117311391531e-04 -2.7249703370063789e-04 -1.9374006701234287e-03  3.4344805478045779e-03  0.0000000000000000e+00 -1.3840285276701894e+00
  85  4.3884281543495415e-04  6.0849853699339749e-05  3.7673997422018536e-03 -1.6529510656961629e-03  0.0000000000000000e+00 -1.3578928316933809e+00
  86  6.2654118997819953e-05 -1.3350789020402838e-04 -3.7539338408245598e-03 -1.0960545719640375e-03  0.0000000000000000e+00 -1.3697585928991265e+00
  87 -2.6434821291524774e-04 -6.0600267733507227e-04  1.9893320456586066e-03  3.5107586962862874e-03  0.0000000000000000e+00 -1.4307030135295657e+00
  88  9.8287560577908348e-06 -5.7946556053145581e-04  5.9682790335025460e-04 -3.9135704902548019e-03  0.0000000000000000e+00 -1.4591545559410397e+00
  89  1.8919967246142379e-04 -6.1667082924956308e-05 -3.0333221587896366e-03  2.7794727337180055e-03  0.0000000000000000e+00 -1.4410754605375657e+00
  90 -3.9988251406131845e-05  1.4716338140152889e-04  3.9908093313347588e-03 -4.6395105397591075e-04  0.0000000000000000e+00 -1.4199155807136585e+00
  91 -4.7727332869083763e-04 -1.6488336835845095e-04 -2.9936482466902730e-03 -2.3943412482383113e-03  0.0000000000000000e+00 -1.4626685756808127e+00
  92 -4.7252146882360992e-04 -4.0307219646765002e-04  7.6487995704088458e-04  4.0224280639674969e-03  0.0000000000000000e+00 -1.5168766382698693e+00
  93 -2.8660029341602949e-05  7.5333421589565570e-06  1.8804670207599678e-03 -3.5980605446412003e-03  0.0000000000000000e+00 -1.5188312864749036e+00
  94  3.5142072225840560e-05  4.8695179710773188e-04 -3.6821621272467250e-03  1.8410445756211987e-03  0.0000000000000000e+00 -1.4871890459652022e+00
  95 -2.6358742284387766e-04  4.1164713743341812e-04  3.6848092823783879e-03  9.3180694791152063e-04  0.0000000000000000e+00 -1.4971512673283180e+00
  96 -5.0923808896950881e-04 -1.4765026062408613e-05 -1.9555565815656184e-03 -3.5078087917165329e-03  0.0000000000000000e+00 -1.5627578664147392e+00
  97 -7.0731770657421909e-05 -2.8359544479677551e-06 -5.1839422631429080e-04  4.0432005359755429e-03  0.0000000000000000e+00 -1.5933311837279100e+00
  98  3.1882142410149102e-04  4.7730912269435953e-04  2.9311002574636986e-03 -2.8528946732643040e-03  0.0000000000000000e+00 -1.5725139427625403e+00
  99  2.2365000422508766e-04  6.1236318541185079e-04 -3.9485727946526701e-03  4.8276400707892458e-04  0.0000000000000000e+00 -1.5548990506124885e+00
 100 -1.2569933238640481e-04  1.7738417381452307e-04  2.9967232595429737e-03  2.4274838783504490e-03  0.0000000000000000e+00 -1.6039475487804986e+00
 101 -1.9730624023712412e-05 -2.2366184105487757e-04 -8.2600262101900233e-04 -4.0432849600816048e-03  0.0000000000000000e+00 -1.6616004917458775e+00
 102  4.8310870412009399e-04  2.2140261464967036e-06 -1.8321703967802928e-03  3.5138681056061782e-03  0.0000000000000000e+00 -1.6646860894514104e+00
 103  5.4487879219534605e-04  3.1791576140244716e-04  3.7126762918663976e-03 -1.7209579319778711e-03  0.0000000000000000e+00 -1.6385151399229436e+00
 104  2.2201580300441111e-04  8.6196220298066938e-05 -3.7658683528528727e-03 -1.0375957635013128e-03  0.0000000000000000e+00 -1.6518527505769989e+00
 105 -6.6509016421387141e-05 -4.6238249978669901e-04  2.0528024225448848e-03  3.5012957868554599e-03  0.0000000000000000e+00 -1.7155816249598130e+00
 106  2.4691407383272340e-04 -5.4314234496491063e-04  5.0198466106051917e-04 -3.9092606637274189e-03  0.0000000000000000e+00 -1.7457226198364986e+00
 107  4.4875287782241379e-04 -1.1864528970938668e-04 -2.9922915914538419e-03  2.7579411574135061e-03  0.0000000000000000e+00 -1.7301806347577495e+00
 108  2.1761834976237945e-04  1.8667561342510594e-05  4.0193627197003595e-03 -4.5832308203182058e-04  0.0000000000000000e+00 -1.7111256764268477e+00
 109 -2.3396848634278335e-04 -3.5840482715739108e-04 -3.0744258796905895e-03 -2.3807765554185829e-03  0.0000000000000000e+00 -1.7530581423583664e+00
 110 -2.7989335932312765e-04 -6.5443985164043345e-04  8.4556319560602315e-04  3.9693455361725933e-03  0.0000000000000000e+00 -1.8064284338670014e+00
 111  7.6910810730333691e-05 -2.9069574098953741e-04  1.8538927805879699e-03 -3.5521982876840653e-03  0.0000000000000000e+00 -1.8109794996964752e+00
 112  6.0826048130779883e-05  1.8783197371832663e-04 -3.6935284740743464e-03  1.8590427537751233e-03  0.0000000000000000e+00 -1.7807386444747255e+00
 113 -2.8472765489654755e-04  1.4172078582287744e-04  3.7434368079067408e-03  8.6767851372008718e-04  0.0000000000000000e+00 -1.7864777023437926e+00
 114 -6.0226566164507699e-04 -2.4425304353090750e-04 -2.0303006975374788e-03 -3.4310855918444874e-03  0.0000000000000000e+00 -1.8484038866254739e+00
 115 -2.5424919706261510e-04 -1.8799976254266410e-04 -4.6659348372797462e-04  4.0403737230224951e-03  0.0000000000000000e+00 -1.8800605457881254e+00
 116  9.2627457064144690e-05  3.6181581962355607e-04  2.8927152790392298e-03 -2.9391375823491785e-03  0.0000000000000000e+00 -1.8600528754689698e+00
 117 -1.3975978816699108e-05  5.9166317594196865e-04 -3.9369555697280215e-03  6.1972231037032857e-04  0.0000000000000000e+00 -1.8381893896745021e+00
 118 -3.7395046451757941e-04  2.5284113411439994e-04  3.0224925280952692e-03  2.3012939710369100e-03  0.0000000000000000e+00 -1.8833652519129325e+00
 119 -2.9271808506124843e-04 -8.6376596115907424e-05 -8.6830276430021952e-04 -4.0548979063291957e-03  0.0000000000000000e+00 -1.9426132866280243e+00
 120  2.6134794719242003e-04  1.9855857974328584e-04 -1.7483636432811393e-03  3.6236797918241899e-03  0.0000000000000000e+00 -1.9458497965229957e+00
 121  4.0293845674405136e-04  5.7828607412937865e-04  3.6450179028936621e-03 -1.8508086191817389e-03  0.0000000000000000e+00 -1.9171053844795440e+00
 122  1.3328326379295411e-04  3.9684959681212300e-04 -3.7476077459491814e-03 -9.1485419102301934e-04  0.0000000000000000e+00 -1.9290352520423093e+00
 123 -1.1436593402408653e-04 -1.5237126246012999e-04  2.0797525086878091e-03  3.4773513856656067e-03  0.0000000000000000e+00 -1.9954417165724165e+00
 124  2.7739446607704727e-04 -2.7853505896280399e-04  4.0668075513202942e-04 -3.9703705259257578e-03  0.0000000000000000e+00 -2.0277443712873211e+00
 125  5.8489921992671068e-04  9.8993271416653739e-05 -2.9086365713041013e-03  2.8044370440194351e-03  0.0000000000000000e+00 -2.0121214981242712e+00
 126  4.1780213628035332e-04  1.8877378069973678e-04  4.0089691102760490e-03 -5.0117646824000990e-04  0.0000000000000000e+00 -1.9948004475684338e+00
 127  4.3212673734755981e-07 -2.6007966364475929e-04 -3.1253487478708698e-03 -2.3552472581357033e-03  0.0000000000000000e+00 -2.0385941416601701e+00
 128 -2.5149019324962128e-05 -6.5469139160398426e-04  9.3352578487967540e-04  3.9567065077086164e-03  0.0000000000000000e+00 -2.0937751469765158e+00
 129  3.3155232712486239e-04 -3.9685862383978445e-04  1.7897704656347207e-03 -3.5169372668941721e-03  0.0000000000000000e+00 -2.1002821948340995e+00
 130  2.9528099027315491e-04  1.1041107836218177e-05 -3.6968604858910251e-03  1.8395096130665973e-03  0.0000000000000000e+00 -2.0731113747557330e+00
 131 -7.3560899311265885e-05 -8.8085852831032256e-05  3.8063649068434662e-03  8.6259557837842476e-04  0.0000000000000000e+00 -2.0783001061974908e+00
 132 -4.3665990193296283e-04 -5.1234620183388815e-04 -2.1195942039208865e-03 -3.3887826079027029e-03  0.0000000000000000e+00 -2.1379737362479379e+00
 133 -1.7761148839876757e-04 -4.8626019479253803e-04 -4.1372966958245388e-04  3.9847676824270655e-03  0.0000000000000000e+00 -2.1701104621890797e+00
 134  7.6679150608281098e-05  6.3529905370595654e-05  2.8858674409581978e-03 -2.9416580663159829e-03  0.0000000000000000e+00 -2.1529757512777654e+00
 135 -9.1599358710102476e-05  3.3497841811504215e-04 -3.9611535590042529e-03  6.8629304886112905e-04  0.0000000000000000e+00 -2.1286563081993353e+00
 136 -4.9845238736316762e-04  5.7019731321988967e-05  3.0863343035488970e-03  2.2047624245361990e-03  0.0000000000000000e+00 -2.1686532140451886e+00
 137 -4.9919128402344459e-04 -2.2517860519274797e-04 -9.2578346740096386e-04 -4.0146319138861910e-03  0.0000000000000000e+00 -2.2269279417618590e+00
 138  8.9565730895755140e-06  1.2693000457977946e-04 -1.6951121446280460e-03  3.6890174823619097e-03  0.0000000000000000e+00 -2.2317378331362270e+00
 139  1.5175403072681176e-04  5.9695241987169339e-04  3.6009681896718390e-03 -1.9814265413608634e-03  0.0000000000000000e+00 -2.2007902587753763e+00
 140 -1.0547986036777405e-04  5.1573379707775893e-04 -3.7437107994798689e-03 -7.6489435107647346e-04  0.0000000000000000e+00 -2.2081803429003739e+00
 141 -3.5721220178016358e-04  3.8482462516702023e-05  2.1034654310712942e-03  3.4128936360932737e-03  0.0000000000000000e+00 -2.2742968674426138e+00
 142  6.3130707367106825e-05 -4.9565484627042453e-05  3.3530078975147615e-04 -4.0506139883396035e-03  0.0000000000000000e+00 -2.3087708983681865e+00
 143  4.6964317585698089e-04  3.6954563625180698e-04 -2.8173735582266955e-03  2.9177712489463900e-03  0.0000000000000000e+00 -2.2914537283443939e+00
 144  3.8035128394395208e-04  4.9637105866802401e-04  3.9652867462289399e-03 -6.1739356786932398e-04  0.0000000000000000e+00 -2.2726604243545316e+00
 145  1.3187879963296822e-05  4.9736965387156377e-05 -3.1368842061651808e-03 -2.2796592360516733e-03  0.0000000000000000e+00 -2.3175433159853052e+00
 146  3.9896801370612656e-05 -3.9891854154869234e-04  1.0015983296859793e-03  3.9838577550528279e-03  0.0000000000000000e+00 -2.3763752391098918e+00
 147  4.8661218974216082e-04 -2.1724209366136608e-04  1.6866882662607595e-03 -3.5520449763448468e-03  0.0000000000000000e+00 -2.3835714750208385e+00
 148  5.2184679555930091e-04  1.2596546184290300e-04 -3.6606491884852870e-03  1.8595747155484242e-03  0.0000000000000000e+00 -2.3582161543699303e+00
 149  1.8381882262665853e-04 -4.4808891167467066e-05  3.8411306668349227e-03  8.4217899580926075e-04  0.0000000000000000e+00 -2.3652711172368908e+00
 150 -1.6782769553620267e-04 -5.5503644314005326e-04 -2.1994649893131322e-03 -3.3732558700502657e-03  0.0000000000000000e+00 -2.4260961607089251e+00
 151  7.5643862218018669e-05 -6.2854821505486231e-04 -3.3537926330089580e-04  3.9439249218368331e-03  0.0000000000000000e+00 -2.4593259371455924e+00
 152  2.8690163627720448e-04 -1.5609793561025624e-04  2.8675236531019097e-03 -2.9035425620951767e-03  0.0000000000000000e+00 -2.4454403668884641e+00
 153  7.3935388104175807e-05  7.5366000745138729e-05 -3.9959542305568925e-03  6.8674102844733676e-04  0.0000000000000000e+00 -2.4219490363311573e+00
 154 -3.7215822520275264e-04 -2.2398624502417220e-04  3.1688645332604041e-03  2.1702745320408088e-03  0.0000000000000000e+00 -2.4588802469018027e+00
 155 -4.5312426253830648e-04 -5.1430555290739896e-04 -1.0012045034952239e-03 -3.9534815140931890e-03  0.0000000000000000e+00 -2.5152636575373735e+00
 156 -4.4227710102636619e-05 -1.5671167562385590e-04 -1.6649675212281085e-03  3.6727428563575922e-03  0.0000000000000000e+00 -2.5224162400847532e+00
 157  2.6512566527400976e-05  3.5924810136159094e-04  3.5946469903916809e-03 -2.0452544236833183e-03  0.0000000000000000e+00 -2.4916852133974317e+00
 158 -2.6592320504082204e-04  3.5283063860450602e-04 -3.7797515992043320e-03 -6.5440877601015640e-04  0.0000000000000000e+00 -2.4938439125950942e+00
 159 -5.7335834316784358e-04 -4.9459623625938360e-05  2.1591037637523069e-03  3.3241102012764750e-03  0.0000000000000000e+00 -2.5566553374611654e+00
 160 -2.0945215865921221e-04 -7.2881322546173753e-05  2.7869624114932576e-04 -4.0850422588537931e-03  0.0000000000000000e+00 -2.5926288777922717e+00
 161  2.1149798486248307e-04  4.2834623295211189e-04 -2.7532063882199746e-03  3.0353190119038714e-03  0.0000000000000000e+00 -2.5748750516365080e+00
 162  1.5343384353628639e-04  6.4907424037065494e-04  3.9283773409377089e-03 -7.6742199584434818e-04  0.0000000000000000e+00 -2.5522312650315953e+00
 163 -1.9229188258580615e-04  2.8341461663477401e-04 -3.1422002466861801e-03 -2.1574174794711759e-03  0.0000000000000000e+00 -2.5949258118886820e+00
 164 -1.4924566768670093e-04 -1.3472419215352136e-04  1.0423029432273610e-03  4.0085530939232917e-03  0.0000000000000000e+00 -2.6566187471229448e+00
 165  3.8867366257485856e-04  6.1385797927435154e-05  1.5879386635439963e-03 -3.6497487356348542e-03  0.0000000000000000e+00 -2.6638858996208681e+00
 166  5.2835835145849006e-04  4.1970480089868393e-04 -3.5917331191773539e-03  1.9542251727247841e-03  0.0000000000000000e+00 -2.6372028821423266e+00
 167  2.5199426594659630e-04  2.4574449061432857e-04  3.8330867629089976e-03  7.5611760171871310e-04  0.0000000000000000e+00 -2.6447600734425754e+00
 168 -5.3242798372678856e-05 -3.1452408804183695e-04 -2.2440980874333365e-03 -3.3554333753347317e-03  0.0000000000000000e+00 -2.7085837839538862e+00
 169  2.5204762791828853e-04 -4.7988464434517902e-04 -2.3712988525241931e-04  3.9665044887549914e-03  0.0000000000000000e+00 -2.7439685868962651e+00
 170  5.2530928891118052e-04 -9.6272565937840376e-05  2.8021357122044424e-03 -2.9031310716358051e-03  0.0000000000000000e+00 -2.7316041064077123e+00
 171  3.4026361830495801e-04  6.1088639252036080e-05 -4.0067310367215142e-03  6.9088777850435283e-04  0.0000000000000000e+00 -2.7106803195517299e+00
 172 -9.9727128452790074e-05 -3.1661983189393213e-04  3.2386954994664411e-03  2.1602472298331301e-03  0.0000000000000000e+00 -2.7481785806133208e+00
 173 -2.0239026076721903e-04 -6.8743387676858145e-04 -1.0878030523863034e-03 -3.9153260899840491e-03  0.0000000000000000e+00 -2.8045394943225861e+00
 174  1.4569543128025640e-04 -4.0750441060528983e-04 -1.6240265930650994e-03  3.6192838257865425e-03  0.0000000000000000e+00 -2.8138980241437488e+00
 175  1.4772319361760160e-04  7.4224772856853764e-05  3.6048749519119586e-03 -2.0368227886128683e-03  0.0000000000000000e+00 -2.7857366421251890e+00
 176 -1.9058643734444014e-04  6.3295173049903125e-05 -3.8399598531064978e-03 -6.2092931045786253e-04  0.0000000000000000e+00 -2.7852156999117024e+00
 177 -5.6276543143144082e-04 -3.2675179409200061e-04  2.2425125515227466e-03  3.2589148934906173e-03  0.0000000000000000e+00 -2.8443046295247738e+00
 178 -2.9817375832266030e-04 -3.2988298239901152e-04  2.2586021238807697e-04 -4.0514333474012927e-03  0.0000000000000000e+00 -2.8806606686013407e+00
 179  4.9330553746844281e-05  2.1754566243247607e-04 -2.7281232399364069e-03  3.0844523952015864e-03  0.0000000000000000e+00 -2.8648564854571408e+00
 180 -4.6419130064961057e-05  5.1827682666990584e-04  3.9273154080927703e-03 -8.7993287743972867e-04  0.0000000000000000e+00 -2.8387591182513576e+00
 181 -4.1737074870383843e-04  2.4503820134837807e-04 -3.1803772546605343e-03 -2.0318973102019201e-03  0.0000000000000000e+00 -2.8764881023422313e+00
 182 -4.2466852179449884e-04 -1.0262266271657665e-04  1.0869002734934833e-03  3.9880143040690189e-03  0.0000000000000000e+00 -2.9383782259089188e+00
 183  1.2201182500172727e-04  1.6351599940736102e-04  1.5165144736418983e-03 -3.7459574896201906e-03  0.0000000000000000e+00 -2.9465744589796468e+00
 184  3.1692342801809594e-04  6.0350926624310960e-04 -3.5262787325773953e-03  2.0914639438729858e-03  0.0000000000000000e+00 -2.9172950126786783e+00
 185  8.3720438108228533e-05  5.0752161631316634e-04  3.8107806322180615e-03  6.1429118906313265e-04  0.0000000000000000e+00 -2.9219647696816513e+00
 186 -1.9254544977079103e-04 -1.6715712833341303e-05 -2.2612986893197373e-03 -3.3051895863625480e-03  0.0000000000000000e+00 -2.9871534185648625e+00
 187  1.7509151322403073e-04 -1.9279593111027447e-04 -1.5523231995465342e-04  4.0384218453774455e-03  0.0000000000000000e+00 -3.0251148149777904e+00
 188  5.6343633189397818e-04  1.7643835152907403e-04  2.7066413324441240e-03 -2.9793298412279031e-03  0.0000000000000000e+00 -3.0118049670722655e+00
 189  4.5940002706667854e-04  3.1634503660670968e-04 -3.9756496377513243e-03  7.6200971468945433e-04  0.0000000000000000e+00 -2.9914474450453259e+00
 190  6.6023652039258593e-05 -1.0935438272132972e-04  3.2700469402426845e-03  2.1139907120465607e-03  0.0000000000000000e+00 -3.0308187258821961e+00
 191  2.5999532100337293e-06 -5.6916514216261919e-04 -1.1684811321806487e-03 -3.9187370598501138e-03  0.0000000000000000e+00 -3.0900113310400785e+00
 192  3.9060786161034390e-04 -3.9675495150975941e-04 -1.5378820678501948e-03  3.6080625421853257e-03  0.0000000000000000e+00 -3.1008491922036701e+00
 193  4.1012592810309731e-04  3.1150952911566604e-06  3.5900066744259033e-03 -2.0221996794289711e-03  0.0000000000000000e+00 -3.0756656993193947e+00
 194  6.8241280532444022e-05 -7.8992885777347716e-05 -3.8913038956070473e-03 -6.2080593344335981e-04  0.0000000000000000e+00 -3.0761132400695912e+00
 195 -3.2678058540725028e-04 -5.3295040093334449e-04  2.3307511373799922e-03  3.2327135115098587e-03  0.0000000000000000e+00 -3.1341637599903183e+00
 196 -1.2704156324033723e-04 -5.9671541684882428e-04  1.6176323149983676e-04 -3.9928795327680792e-03  0.0000000000000000e+00 -3.1707851168748493e+00
 197  1.3375675178780514e-04 -8.4420444293066308e-05 -2.7200167806656207e-03  3.0579652553840912e-03  0.0000000000000000e+00 -3.1582382707403549e+00
 198 -2.9858643447884026e-05  2.2565943325666195e-04  3.9550970949986568e-03 -9.1389003599123559e-04  0.0000000000000000e+00 -3.1313499830981342e+00
 199 -4.4866206858972392e-04 -1.5420896536988113e-05 -3.2526757556513202e-03 -1.9594659045566523e-03  0.0000000000000000e+00 -3.1642907508914413e+00
 200 -5.4293400019157702e-04 -3.2498325024400406e-04  1.1541245037248369e-03  3.9290077188226342e-03  0.0000000000000000e+00 -3.2241505679028610e+00
 201 -7.4534462239071565e-05 -9.9584312686232186e-06  1.4719245886955206e-03 -3.7743729001430380e-03  0.0000000000000000e+00 -3.2342854833742316e+00
 202  8.7720205039237224e-05  5.0903922235404975e-04 -3.4941455114674614e-03  2.1993711710605705e-03  0.0000000000000000e+00 -3.2040367439260633e+00
 203 -1.5249401947246821e-04  5.1201048545740152e-04  3.8175268696584259e-03  4.7096451248678482e-04  0.0000000000000000e+00 -3.2035737146227099e+00
 204 -4.5167486241391442e-04  7.3060282136375293e-05 -2.2940999275814513e-03 -3.2159261466312510e-03  0.0000000000000000e+00 -3.2667116956187150e+00
 205 -9.3308690499723624e-05 -4.6403364290023781e-05 -9.4903636193001691e-05  4.0995727498431772e-03  0.0000000000000000e+00 -3.3067846178848006e+00
 206  3.6600481822549681e-04  3.8732556254784874e-04  2.6213674805323581e-03 -3.1018540762101686e-03  0.0000000000000000e+00 -3.2922114494213841e+00
 207  3.3076339216676893e-04  5.9271215759510896e-04 -3.9253993088792759e-03  8.9761099111002236e-04  0.0000000000000000e+00 -3.2691909621031154e+00
 208 -1.7431895651114790e-05  2.0641337572564471e-04  3.2702673013487822e-03  2.0114047722000435e-03  0.0000000000000000e+00 -3.3082596027754803e+00
 209 -3.7361866562421060e-05 -2.7207447815207503e-04 -1.2184033192487083e-03 -3.9426304505312164e-03  0.0000000000000000e+00 -3.3710965684427521e+00
 210  4.5024391237743713e-04 -1.4453828065066782e-04 -1.4315865813872136e-03  3.6719165005617495e-03  0.0000000000000000e+00 -3.3825043377311399e+00
 211  5.6651927149013466e-04  2.1488897075339411e-04  3.5327063218230058e-03 -2.0691323477969089e-03  0.0000000000000000e+00 -3.3578207847246415e+00
 212  2.7450117694016252e-04  8.0657670546256511e-05 -3.9047472933902076e-03 -5.7769995855446344e-04  0.0000000000000000e+00 -3.3600561129544388e+00
 213 -8.9988850849987627e-05 -4.5390545853598175e-04  2.3965618011686169e-03  3.2178867263396600e-03  0.0000000000000000e+00 -3.4202550900744595e+00
 214  1.2855705391733469e-04 -6.2458735678458887e-04  7.1482259886290837e-05 -3.9747152835402470e-03  0.0000000000000000e+00 -3.4584283836286747e+00
 215  3.8563894173562557e-04 -2.0799044932617646e-04 -2.6800445362226049e-03  3.0242848768804306e-03  0.0000000000000000e+00 -3.4485723091418290e+00
 216  2.0143127306518116e-04  3.8474304058215527e-05  3.9798233503526110e-03 -9.0412908390726573e-04  0.0000000000000000e+00 -3.4238243029992401e+00
 217 -2.4113741154115529e-04 -2.5346318774245997e-04 -3.3315856318465679e-03 -1.9443188794399527e-03  0.0000000000000000e+00 -3.4552264102322270e+00
 218 -3.9508783269147585e-04 -6.0114645852520293e-04  1.2371954222422706e-03  3.8739914236963417e-03  0.0000000000000000e+00 -3.5133932501090333e+00
 219 -2.2479939732751595e-05 -3.1427735901136855e-04  1.4391212363675894e-03 -3.7312606107440011e-03  0.0000000000000000e+00 -3.5256141775169278e+00
 220  5.5099169449724023e-05  2.1886850131536419e-04 -3.4962593174347415e-03  2.2272243341635526e-03  0.0000000000000000e+00 -3.4969947442861216e+00
 221 -2.3273878895831352e-04  2.6960488368651600e-04  3.8620013499395937e-03  3.9142138412789375e-04  0.0000000000000000e+00 -3.4922026802318764e+00
 222 -5.9405421073894745e-04 -1.1122146406383136e-04 -2.3624466560687087e-03 -3.1274064208725275e-03  0.0000000000000000e+00 -3.5511674921136196e+00
 223 -3.1812983727902059e-04 -1.7543088394135449e-04 -4.0511608943589799e-05  4.0991660754157045e-03  0.0000000000000000e+00 -3.5920250612183189e+00
 224  1.1504572566245784e-04  3.3353222055433401e-04  2.5713233220866737e-03 -3.1948810924411933e-03  0.0000000000000000e+00 -3.5782010578723593e+00
 225  8.4185037063952569e-05  6.3507960335158623e-04 -3.8965685887817833e-03  1.0397608727932257e-03  0.0000000000000000e+00 -3.5514131298789748e+00
 226 -2.5816443880149494e-04  3.4535114738626273e-04  3.2820171933468549e-03  1.8756942151663338e-03  0.0000000000000000e+00 -3.5867440920094400e+00
 227 -2.8694728386848602e-04 -7.6516706092299427e-05 -1.2526940821178695e-03 -3.9403038830657126e-03  0.0000000000000000e+00 -3.6512515680066335e+00
 228  2.6106648549204285e-04  9.3143227779582819e-05 -1.3443334823773946e-03  3.7749348362825998e-03  0.0000000000000000e+00 -3.6632825815638634e+00
 229  4.7383579356294981e-04  4.9803988901712742e-04  3.4565063088153902e-03 -2.1855012891600382e-03  0.0000000000000000e+00 -3.6364460800668508e+00
 230  2.4482163779076681e-04  3.9618495463112149e-04 -3.8813986061399029e-03 -4.6503826236396836e-04  0.0000000000000000e+00 -3.6378115044733672e+00
 231 -7.3159272662218943e-05 -1.5344489714182901e-04  2.4234006870122110e-03  3.1813824522226733e-03  0.0000000000000000e+00 -3.7004857241033293e+00
 232  2.1410237400518230e-04 -3.8889762679925050e-04 -2.0086615616092886e-05 -4.0190690652942753e-03  0.0000000000000000e+00 -3.7413778484802207e+00
 233  5.6426913962095754e-04 -4.2255732262292260e-05 -2.5936210815538686e-03  3.0526302450461810e-03  0.0000000000000000e+00 -3.7319786589894894e+00
 234  4.3721331296357708e-04  1.4225817166186455e-04  3.9696450015951693e-03 -9.2835002551325664e-04  0.0000000000000000e+00 -3.7094299443499983e+00
 235  2.0075616219026012e-05 -2.2644396801014882e-04 -3.3855451386036297e-03 -1.9254664062393018e-03  0.0000000000000000e+00 -3.7423492969860495e+00
 236 -1.2798430386141635e-04 -6.6661515851875201e-04  1.3242080312841063e-03  3.8529001358197975e-03  0.0000000000000000e+00 -3.8016418610002725e+00
 237  2.2059385498419672e-04 -4.7985327979496950e-04  1.3778637530074351e-03 -3.6857258881144495e-03  0.0000000000000000e+00 -3.8156696382187780e+00
 238  2.5529210698802489e-04 -9.6872382904663356e-06 -3.4975992378067128e-03  2.2036340135944002e-03  0.0000000000000000e+00 -3.7902459557084547e+00
 239 -6.9126519299903712e-05  4.6693233878096565e-06  3.9184585975964139e-03  3.8155256450788879e-04  0.0000000000000000e+00 -3.7845613646928391e+00
 240 -4.8097741267432917e-04 -3.9518450198116478e-04 -2.4504952287811173e-03 -3.0806857220494264e-03  0.0000000000000000e+00 -3.8404434756437174e+00
 241 -2.9832506617309549e-04 -4.6826225014705953e-04  1.7983861417881539e-05  4.0456336074984368e-03  0.0000000000000000e+00 -3.8810525680368584e+00
 242  4.2646657140159208e-05  5.6067796406237931e-05  2.5551610584952722e-03 -3.2052555233953880e-03  0.0000000000000000e+00 -3.8699474783468930e+00
 243 -4.8236072254337005e-05  4.1394003213971603e-04 -3.9048280968116177e-03  1.1207073690527656e-03  0.0000000000000000e+00 -3.8410134206269926e+00
 244 -4.2717208938411287e-04  2.0099767555560534e-04  3.3326723598196351e-03  1.7636800319963839e-03  0.0000000000000000e+00 -3.8709075863336579e+00
 245 -5.2483570068919110e-04 -1.5329358453759179e-04 -1.3059229907256946e-03 -3.8913795426489435e-03  0.0000000000000000e+00 -3.9341390580942650e+00
 246 -1.0563984684656169e-05  8.5788889158856595e-05 -1.2837048150219498e-03  3.8448182030415101e-03  0.0000000000000000e+00 -3.9476816886101349e+00
 247  2.2477097769589414e-04  5.7902052917376706e-04  3.3988113637279101e-03 -2.3182154005858594e-03  0.0000000000000000e+00 -3.9189150780368092e+00
 248  2.3110312178304051e-05  5.7229118987233557e-04 -3.8621903233313532e-03 -3.1326135591710531e-04  0.0000000000000000e+00 -3.9162081366905910e+00
 249 -2.8172978199581845e-04  8.9113920585484185e-05  2.4394990938961278e-03  3.1024574826104536e-03  0.0000000000000000e+00 -3.9785491549977539e+00
 250  4.0213380462869938e-05 -1.2499645783550645e-04 -8.6982658875172115e-05 -4.0880841621059412e-03  0.0000000000000000e+00 -4.0221962450745563e+00
 251  4.9813045681198272e-04  2.4073749673150045e-04 -2.4953999936830817e-03  3.1532390420613977e-03  0.0000000000000000e+00 -4.0115536304801243e+00
 252  4.5948368029875874e-04  4.4143333488638438e-04  3.9220718400751215e-03 -1.0271363378596995e-03  0.0000000000000000e+00 -3.9881615637799053e+00
 253  9.5274188492132408e-05  5.8395091456635131e-05 -3.3978818382084807e-03 -1.8530326895603601e-03  0.0000000000000000e+00 -4.0222809977400820e+00
 254 -5.0839046951695831e-06 -4.4783457456602674e-04  1.3899325871915859e-03  3.8638310351164491e-03  0.0000000000000000e+00 -4.0850808210971694e+00
 255  4.1475953691104390e-04 -3.5502137575438053e-04  1.2769523581238659e-03 -3.7042254753061311e-03  0.0000000000000000e+00 -4.1003388964756500e+00
 256  5.0503226774389432e-04  3.6380337863592051e-05 -3.4604783863847084e-03  2.2055021515362621e-03  0.0000000000000000e+00 -4.0771173904851823e+00
 257  2.0038966626321900e-04 -2.4453583263629118e-05  3.9532516513300529e-03  3.7339887153089849e-04  0.0000000000000000e+00 -4.0733557515915200e+00
 258 -2.1114966718221108e-04 -5.0418697844792576e-04 -2.5319225499986805e-03 -3.0647320066741249e-03  0.0000000000000000e+00 -4.1295652059532042e+00
 259 -6.1458992621337211e-05 -6.6269824340657948e-04  9.4988716190567239e-05  3.9972975308234975e-03  0.0000000000000000e+00 -4.1706500394153947e+00
 260  2.1507503812535439e-04 -2.0590880422128942e-04  2.5361216262500493e-03 -3.1627262966051873e-03  0.0000000000000000e+00 -4.1627128517646170e+00
 261  6.3236863192557460e-05  1.2836982701777385e-04 -3.9315158550703201e-03  1.1276796517901513e-03  0.0000000000000000e+00 -4.1346476385095272e+00
 262 -3.5874066295188222e-04 -8.5534534644560487e-05  3.4087861378349297e-03  1.7188961592494736e-03  0.0000000000000000e+00 -4.1608229454260544e+00
 263 -5.3724778531560576e-04 -4.2790429640272165e-04 -1.3829435394050115e-03 -3.8270421719621621e-03  0.0000000000000000e+00 -4.2214611677944385e+00
 264 -1.2016360034606702e-04 -1.6603882575291453e-04 -1.2438295829867720e-03  3.8363427995207703e-03  0.0000000000000000e+00 -4.2368728596831264e+00
 265  5.2510680603785817e-05  3.8478292726050006e-04  3.3796746991890973e-03 -2.3936454738266704e-03  0.0000000000000000e+00 -4.2085721346377545e+00
 266 -1.7654846098017643e-04  4.6413286132285150e-04 -3.8804790909720112e-03 -1.8940089754331685e-04  0.0000000000000000e+00 -4.2008460948885062e+00
 267 -5.2006827450004698e-04  6.6692306062465862e-05  2.4851227407305942e-03  2.9995818990759806e-03  0.0000000000000000e+00 -4.2596363721630208e+00
 268 -2.4259837383653821e-04 -8.2371582595373177e-05 -1.4091947734794130e-04 -4.1197002276378977e-03  0.0000000000000000e+00 -4.3048426057870648e+00
 269  2.4809084345697377e-04  3.6008983802752754e-04 -2.4214825593779489e-03  3.2705488762898799e-03  0.0000000000000000e+00 -4.2938292044687731e+00
 270  2.5946367574021534e-04  6.4575607617797846e-04  3.8721117868858765e-03 -1.1723839368160971e-03  0.0000000000000000e+00 -4.2671118930865806e+00
 271 -6.9711978682056902e-05  3.3359524309999218e-04 -3.3935141899835925e-03 -1.7273767409063988e-03  0.0000000000000000e+00 -4.2993230132991691e+00
 272 -1.4273897636685705e-04 -1.5502510927070849e-04  1.4245012557821248e-03  3.8715653708455509e-03  0.0000000000000000e+00 -4.3650915655417535e+00
 273  3.6778613053669240e-04 -7.2295607709518312e-05  1.1770284564039208e-03 -3.7889242476956738e-03  0.0000000000000000e+00 -4.3811573828870793e+00
 274  5.6792318400156292e-04  3.1000990516901004e-04 -3.3865365342477961e-03  2.2807322743841623e-03  0.0000000000000000e+00 -4.3571233833715173e+00
 275  3.2734418007064695e-04  2.2714404209500674e-04  3.9451819467748450e-03  3.0306503763434680e-04  0.0000000000000000e+00 -4.3543605816505719e+00
 276 -4.0967905517938595e-05 -3.1336850542241330e-04 -2.5793751102767852e-03 -3.0401602382280472e-03  0.0000000000000000e+00 -4.4131272509790600e+00
 277  1.5346259478716721e-04 -5.7167900417677531e-04  1.8874447387126191e-04  4.0038815737408777e-03  0.0000000000000000e+00 -4.4564633525698074e+00
 278  4.6805509650327308e-04 -2.1498888155177453e-04  2.4713627429875759e-03 -3.1467491617772872e-03  0.0000000000000000e+00 -4.4503682064281342e+00
 279  3.2728684837105492e-04  4.3936232645953169e-05 -3.9408156622147339e-03  1.1204440968583464e-03  0.0000000000000000e+00 -4.4250722069545834e+00
 280 -9.9800060916530636e-05 -2.4120452387930521e-04  3.4785830199573456e-03  1.7125322216219804e-03  0.0000000000000000e+00 -4.4512615750228841e+00
 281 -3.1225305939020881e-04 -6.4825179602275376e-04 -1.4706305027473139e-03 -3.7858683291277055e-03  0.0000000000000000e+00 -4.5110012744669890e+00
 282  2.8594594967125461e-05 -4.4711245743282317e-04 -1.2007264737779009e-03  3.7805141316960165e-03  0.0000000000000000e+00 -4.5281154415520817e+00
 283  1.1907390908387685e-04  8.3524767383007828e-05  3.3844885665048710e-03 -2.3899337523495402e-03  0.0000000000000000e+00 -4.5025244652226339e+00
 284 -1.6342750247691352e-04  1.7840464507276773e-04 -3.9289658585114429e-03 -1.4276996197187076e-04  0.0000000000000000e+00 -4.4919343283132784e+00
 285 -5.6764869824963077e-04 -1.8658425526705451e-04  2.5634379317643679e-03  2.9241094206451106e-03  0.0000000000000000e+00 -4.5463624921639498e+00
 286 -3.8536901337833798e-04 -2.9879598750025168e-04 -1.9774359713137216e-04 -4.0883357552507363e-03  0.0000000000000000e+00 -4.5914401760496109e+00
 287  4.3217790617723487e-05  2.0095685816937843e-04 -2.3847136970994265e-03  3.3287344546927048e-03  0.0000000000000000e+00 -4.5822087877332303e+00
 288  2.9524828744055471e-05  5.7378846719771366e-04  3.8535495821305668e-03 -1.2951386760303616e-03  0.0000000000000000e+00 -4.5524702213917072e+00
 289 -3.0985644559547492e-04  3.6069112450875428e-04 -3.4160441662313581e-03 -1.5898646485035018e-03  0.0000000000000000e+00 -4.5797777470818533e+00
 290 -4.1569603797302708e-04 -5.5673777509560207e-05  1.4613591701147940e-03  3.8380052393232277e-03  0.0000000000000000e+00 -4.6456562102414463e+00
 291  1.1503923368032761e-04  8.7172496216195573e-05  1.1021351077114296e-03 -3.8827691050570194e-03  0.0000000000000000e+00 -4.6629551229897883e+00
 292  3.9075563401875737e-04  5.3836689321235789e-04 -3.3102835818079020e-03  2.4104426054131424e-03  0.0000000000000000e+00 -4.6366329784024698e+00
 293  2.0694821292077279e-04  5.1902318851950184e-04  3.9135021672821379e-03  1.6821312574141588e-04  0.0000000000000000e+00 -4.6315443054185481e+00
 294 -1.2157723557633992e-04  1.3741171760790078e-06 -2.5938089985943205e-03 -2.9776721255524176e-03  0.0000000000000000e+00 -4.6916056436108313e+00
 295  1.3289431226712502e-04 -2.8789692275669581e-04  2.6641528568341664e-04  4.0599720523551673e-03  0.0000000000000000e+00 -4.7381093535532628e+00
 296  5.5767542123651170e-04  2.8465121241209603e-05  2.3715945526075898e-03 -3.2060942052976591e-03  0.0000000000000000e+00 -4.7316730890890097e+00
 297  4.9778606662652966e-04  2.4977663541131433e-04 -3.9091695860060099e-03  1.1711388920875785e-03  0.0000000000000000e+00 -4.7075282587391607e+00
 298  1.1234584139223409e-04 -9.5234480443306968e-05  3.5131143653429112e-03  1.6744567930464093e-03  0.0000000000000000e+00 -4.7355258201922119e+00
 299 -7.2221660035588520e-05 -5.9305821822346148e-04 -1.5504923632987102e-03 -3.7782238081603011e-03  0.0000000000000000e+00 -4.7975495693915784e+00
 300  2.8441869688411269e-04 -5.0193970621274114e-04 -1.1186954569027171e-03  3.7554058800421215e-03  0.0000000000000000e+00 -4.8162261004858822e+00
 301  3.6842336496943693e-04 -5.3667564622098865e-05  3.3691488286879262e-03 -2.3646290871112926e-03  0.0000000000000000e+00 -4.7937991533550699e+00
 302  6.7172743740351844e-05 -1.9852014475258773e-05 -3.9763248583186408e-03 -1.4504741022511826e-04  0.0000000000000000e+00 -4.7839823084542514e+00
 303 -3.6859846717404894e-04 -4.3329680190655121e-04  2.6513353348185543e-03  2.8961314939846563e-03  0.0000000000000000e+00 -4.8365014233770953e+00
 304 -2.6077582330517321e-04 -5.8517870681375206e-04 -2.6540845072165625e-04 -4.0286413225707161e-03  0.0000000000000000e+00 -4.8810474269848054e+00
 305  7.2651971129475859e-05 -1.0476801638099108e-04 -2.3702806171225837e-03  3.3060157803873605e-03  0.0000000000000000e+00 -4.8748471787272925e+00
 306 -1.4528535810046795e-05  2.9425394064910219e-04  3.8685458449053984e-03 -1.3421094307596306e-03  0.0000000000000000e+00 -4.8445495099120288e+00
 307 -3.9754825892265194e-04  1.3266574002479203e-04 -3.4768081540211531e-03 -1.5018998653624019e-03  0.0000000000000000e+00 -4.8666795067095503e+00
 308 -5.8154378851759704e-04 -2.2988731862698647e-04  1.5261533832207031e-03  3.7712506435103408e-03  0.0000000000000000e+00 -4.9300557925531772e+00
 309 -1.2011300337310311e-04 -2.8829219038145977e-05  1.0495544487349948e-03 -3.9180177996606903e-03  0.0000000000000000e+00 -4.9490467706223278e+00
 310  1.4170092516353067e-04  5.0565743073061617e-04 -3.2645146508537230e-03  2.5254795599742035e-03  0.0000000000000000e+00 -4.9219598342847659e+00
 311 -3.5387434565684644e-05  5.8651246366733030e-04  3.9025996662902240e-03  1.8628994331702450e-05  0.0000000000000000e+00 -4.9121671853049058e+00
 312 -3.6817894420388108e-04  1.5505071915864442e-04 -2.6162751642443715e-03 -2.8747139491916841e-03  0.0000000000000000e+00 -4.9701200221579560e+00
 313 -1.1213458303013995e-04 -8.7532384319120515e-05  3.2100485957988742e-04  4.1121037011314573e-03  0.0000000000000000e+00 -5.0191070849736397e+00
 314  3.9696746252145145e-04  2.7634992767840258e-04  2.2789698726233868e-03 -3.3205852887685729e-03  0.0000000000000000e+00 -5.0117302539972632e+00
 315  4.2165721853372977e-04  5.4521417230090231e-04 -3.8514990125780020e-03  1.2927530957725340e-03  0.0000000000000000e+00 -4.9854968461760949e+00
 316  8.9078035872278458e-05  2.2306137508091282e-04  3.5100250225294249e-03  1.5748812887725920e-03  0.0000000000000000e+00 -5.0134852203820053e+00
 317 -4.9240457791364654e-05 -3.0806698873310560e-04 -1.5975637351514961e-03 -3.7850736070610038e-03  0.0000000000000000e+00 -5.0790859803737982e+00
 318  3.9482528381651447e-04 -2.8475190033346417e-04 -1.0137651625739465e-03  3.8029002268338712e-03  0.0000000000000000e+00 -5.0990390003302331e+00
 319  5.6643134518481741e-04  1.0180611734381001e-04  3.3094919722834151e-03 -2.3912804610258880e-03  0.0000000000000000e+00 -5.0775975898658263e+00
 320  3.0855944701913593e-04  7.1611504549218692e-05 -3.9907326730692369e-03 -1.1830718196246928e-04  0.0000000000000000e+00 -5.0698880597185960e+00
 321 -1.0607358307435280e-04 -4.2409071966656751e-04  2.7199462396521657e-03  2.8808039566841550e-03  0.0000000000000000e+00 -5.1238858420469660e+00
 322  1.9468874954281379e-06 -6.7601273927422000e-04 -3.5243774044119142e-04 -3.9993246993802918e-03  0.0000000000000000e+00 -5.1695378595187380e+00
 323  3.0601200238939991e-04 -2.8796130336792111e-04 -2.3317921487676181e-03  3.2626876694244814e-03  0.0000000000000000e+00 -5.1660372810187853e+00
 324  1.7828634370247018e-04  5.8596490310718295e-05  3.8885690728478052e-03 -1.3317755380227105e-03  0.0000000000000000e+00 -5.1379412309248957e+00
 325 -2.3733074976707962e-04 -1.3653155620462377e-04 -3.5513556651304329e-03 -1.4815573888948943e-03  0.0000000000000000e+00 -5.1578973205274785e+00
 326 -4.8671872415855129e-04 -5.1709001048009075e-04  1.6108199918636200e-03  3.7138186656203533e-03  0.0000000000000000e+00 -5.2187646990991832e+00
 327 -1.2528405774640735e-04 -3.2422032509835444e-04  1.0091040952901957e-03 -3.8797598456342531e-03  0.0000000000000000e+00 -5.2392487452029668e+00
 328  5.3185990465343368e-05  2.3860492330905625e-04 -3.2566993804274734e-03  2.5635239170145440e-03  0.0000000000000000e+00 -5.2139595589283498e+00
 329 -1.6976909881853371e-04  3.8304177637619091e-04  3.9306943071813006e-03 -7.5955986298871162e-05  0.0000000000000000e+00 -5.1999609612076689e+00
 330 -5.5173811391004011e-04  2.5521587222831950e-05 -2.6750952746630811e-03 -2.7723708040031142e-03  0.0000000000000000e+00 -5.2533647369254268e+00
 331 -3.6742143739935246e-04 -1.5407973227121887e-04  3.7416070651918892e-04  4.1099522368304607e-03  0.0000000000000000e+00 -5.3029427489250214e+00
 332  1.3207198760681140e-04  2.8677971684303857e-04  2.2185178635594637e-03 -3.4180973468865695e-03  0.0000000000000000e+00 -5.2962466969964028e+00
 333  1.8009774705208701e-04  6.4922471108727327e-04 -3.8072597014256531e-03  1.4362428944019333e-03  0.0000000000000000e+00 -5.2667087274569830e+00
 334 -1.3140504838792699e-04  4.1920439079350152e-04  3.5080578805318815e-03  1.4337330393395756e-03  0.0000000000000000e+00 -5.2912470807770378e+00
 335 -2.6261129906436772e-04 -6.2801407519345916e-05 -1.6244531146837574e-03 -3.7665914231637108e-03  0.0000000000000000e+00 -5.3585380968732492e+00
 336  2.4689368139824998e-04 -1.7666749464211249e-05 -9.2573639678999553e-04  3.8964237579678612e-03  0.0000000000000000e+00 -5.3797616534429658e+00
 337  5.2713203470649271e-04  3.9243026572543442e-04  3.2257769726152345e-03 -2.4921336354137508e-03  0.0000000000000000e+00 -5.3565992429928793e+00
 338  3.4044140107169211e-04  3.7500523477100996e-04 -3.9643987244211264e-03 -1.9946445626013919e-05  0.0000000000000000e+00 -5.3486078900580161e+00
 339 -2.5477445951935241e-05 -1.5015572559868369e-04  2.7486553252298218e-03  2.8368381791078123e-03  0.0000000000000000e+00 -5.4048492851676873e+00
 340  1.4006277479611075e-04 -4.8125036205428961e-04 -4.3989567685096242e-04 -4.0266648842121420e-03  0.0000000000000000e+00 -5.4534955328699972e+00
 341  5.1863126362453732e-04 -1.8234752744967733e-04 -2.2447007327433808e-03  3.2739435548529163e-03  0.0000000000000000e+00 -5.4509542454261029e+00
 342  4.3576484108816840e-04  9.1572826108452462e-05  3.8780847706551855e-03 -1.3389430282348715e-03  0.0000000000000000e+00 -5.4254393899876447e+00
 343  3.5147294313413722e-05 -1.8149506035477689e-04 -3.6068850827717619e-03 -1.4709410954657741e-03  0.0000000000000000e+00 -5.4466141902106964e+00
 344 -2.2155325970050653e-04 -6.4499626897861564e-04  1.6982292450593629e-03  3.6881153478484875e-03  0.0000000000000000e+00 -5.5077747020397076e+00
 345  9.5515422184569947e-05 -5.3998258428633085e-04  9.4940691241623000e-04 -3.8267544748303048e-03  0.0000000000000000e+00 -5.5296701288251775e+00
 346  2.1040521982364777e-04 -2.9889457660480583e-05 -3.2558697083065503e-03  2.5382899488626998e-03  0.0000000000000000e+00 -5.5076664152211787e+00
 347 -6.2337978350409187e-05  9.6803675166627415e-05  3.9781927737081507e-03 -9.4275700992054037e-05  0.0000000000000000e+00 -5.4925686609886499e+00
 348 -4.9645114912134556e-04 -2.5935274353736131e-04 -2.7594779370837602e-03 -2.7177303998535038e-03  0.0000000000000000e+00 -5.5421264907285988e+00
 349 -4.0619599787897095e-04 -4.2768785320394537e-04  4.3734438624483911e-04  4.0575857886473391e-03  0.0000000000000000e+00 -5.5907767975531009e+00
 350  5.6290683792853584e-06  4.3610437907304898e-05  2.1914388143983300e-03 -3.4372887197418114e-03  0.0000000000000000e+00 -5.5865288312237666e+00
 351  1.0444097586622306e-06  4.7417654039976940e-04 -3.7993847618323817e-03  1.5304401932382139e-03  0.0000000000000000e+00 -5.5552264274590364e+00
 352 -3.3573483862903153e-04  3.3319327380111120e-04  3.5430711026416613e-03  1.3071827058698509e-03  0.0000000000000000e+00 -5.5742829842707442e+00
 353 -5.1945440882881892e-04 -7.2867522007525170e-05 -1.6709297613784497e-03 -3.7054667159295285e-03  0.0000000000000000e+00 -5.6400559513683275e+00
 354 -3.2072457522912860e-05  3.9455527436626839e-05 -8.6137938354702260e-04  3.9677059837416855e-03  0.0000000000000000e+00 -5.6628953477115678e+00
 355  2.9228709184649413e-04  5.3182875226706421e-04  3.1560385370655720e-03 -2.6234785513406180e-03  0.0000000000000000e+00 -5.6380069529455374e+00
 356  1.4857291169203209e-04  6.0034813866266187e-04 -3.9318349073387063e-03  1.2893765546714446e-04  0.0000000000000000e+00 -5.6264902301145971e+00
 357 -1.8946787651895572e-04  1.3247603249754624e-04  2.7582074805324540e-03  2.7464671175636305e-03  0.0000000000000000e+00 -5.6824181054726370e+00
 358  1.5558132216626010e-05 -1.9460604074649911e-04 -5.0115903179391466e-04 -4.0812432234842728e-03  0.0000000000000000e+00 -5.7343249295730541e+00
 359  5.0417688326856458e-04  9.8340742559715834e-05 -2.1414379359122938e-03  3.3604533023582650e-03  0.0000000000000000e+00 -5.7311252828535224e+00
 360  5.1653991162456793e-04  3.6614958729054635e-04  3.8277341909178156e-03 -1.4178253334828752e-03  0.0000000000000000e+00 -5.7053755162866322e+00
 361  1.6892114328935233e-04  6.2290099253708823e-05 -3.6207631653537593e-03 -1.4073743446726631e-03  0.0000000000000000e+00 -5.7279403598363334e+00
 362 -4.5996173390200504e-05 -4.7590032710872609e-04  1.7635202422740992e-03  3.6857933146609450e-03  0.0000000000000000e+00 -5.7922027362612996e+00
 363  3.2124460871735819e-04 -4.7594486584383967e-04  8.5254394199622753e-04 -3.8291604678027495e-03  0.0000000000000000e+00 -5.8156655196030114e+00
 364  4.7018323349055582e-04 -5.4436318264911494e-05 -3.2182993382602991e-03  2.5243171049384003e-03  0.0000000000000000e+00 -5.7961659351859556e+00
 365  2.0318483223964140e-04 -1.5778682519963491e-06  4.0112906429222552e-03 -9.2823290568310355e-05  0.0000000000000000e+00 -5.7830237172337808e+00
 366 -2.4121287010863684e-04 -4.2836644441676951e-04 -2.8417301314343055e-03 -2.7025996158570645e-03  0.0000000000000000e+00 -5.8320961052180875e+00
 367 -1.9784737432523671e-04 -6.6440917625860919e-04  5.1521179921375465e-04  4.0046914337724540e-03  0.0000000000000000e+00 -5.8804389237675405e+00
 368  1.3288120281244748e-04 -2.4687608997904455e-04  2.1697824180085235e-03 -3.3932029638272872e-03  0.0000000000000000e+00 -5.8791134327402617e+00
 369  5.4327246282861933e-05  1.7655445311713641e-04 -3.8171285340076618e-03  1.5460855377065895e-03  0.0000000000000000e+00 -5.8488364482093100e+00
 370 -3.2789051255682463e-04  5.5363943268689664e-05  3.6097139564209351e-03  1.2490169180249004e-03  0.0000000000000000e+00 -5.8636910464223631e+00
 371 -5.8898900991323586e-04 -3.1965450031106656e-04 -1.7468126622108080e-03 -3.6347426095937625e-03  0.0000000000000000e+00 -5.9262483433969866e+00
 372 -1.9415503975643789e-04 -1.6920238007748492e-04 -8.1336194814611855e-04  3.9663633258321170e-03  0.0000000000000000e+00 -5.9505222625880920e+00
 373  8.1300518703536568e-05  3.9028796047806461e-04  3.1242946816659322e-03 -2.7088580754694482e-03  0.0000000000000000e+00 -5.9262313670037381e+00
 374 -7.9342024528322177e-05  5.5217900833933636e-04 -3.9316715055438241e-03  2.6328479749661158e-04  0.0000000000000000e+00 -5.9100705593857734e+00
 375 -4.3819931468041889e-04  1.7732390977955853e-04  2.7917704375315846e-03  2.6299528633542467e-03  0.0000000000000000e+00 -5.9623295991470320e+00
 376 -2.6414901644609533e-04 -8.7074851468758917e-05 -5.4922301578027406e-04 -4.1055182239121066e-03  0.0000000000000000e+00 -6.0159209932321138e+00
 377  2.7279149032758727e-04  2.7248507642796356e-04 -2.0598288831084454e-03  3.4748170531500419e-03  0.0000000000000000e+00 -6.0125232001603344e+00
 378  3.5452255552000979e-04  6.1241634136779792e-04  3.7669563663793489e-03 -1.5542184406412156e-03  0.0000000000000000e+00 -5.9839385705753694e+00
 379  5.3646195465379215e-05  3.6565457370740112e-04 -3.6083337568374955e-03 -1.2835606652311610e-03  0.0000000000000000e+00 -6.0049880357867149e+00
 380 -1.2442594353677874e-04 -1.6869311682036545e-04  1.7940267873637191e-03  3.6764542441670863e-03  0.0000000000000000e+00 -6.0721825385577928e+00
 381  3.2829439043853174e-04 -2.0317641564604930e-04  7.5370553700160846e-04 -3.8991074974931137e-03  0.0000000000000000e+00 -6.0972285865674918e+00
 382  5.8565561107846358e-04  1.8435097953065058e-04 -3.1398663825767310e-03  2.5799443891434668e-03  0.0000000000000000e+00 -6.0774368095277387e+00
 383  3.8218422928195826e-04  1.9733427658237958e-04  4.0037944815685773e-03 -1.4510466064724431e-04  0.0000000000000000e+00 -6.0658058836516986e+00
 384 -2.4808014648006475e-05 -2.9895489269130199e-04 -2.8928620636690518e-03 -2.6770291747160923e-03  0.0000000000000000e+00 -6.1169823354522688e+00
 385  4.6587372138126439e-05 -6.3623168730811452e-04  6.0524352704410356e-04  3.9973007769557641e-03  0.0000000000000000e+00 -6.1673347297423762e+00
 386  3.8938580635775917e-04 -3.2375237755191992e-04  2.1072053825602699e-03 -3.3636342031306424e-03  0.0000000000000000e+00 -6.1680347793549197e+00
 387  3.0141922444239651e-04  2.7414047638269250e-05 -3.8243500164898076e-03  1.5307970704072889e-03  0.0000000000000000e+00 -6.1406804513652862e+00
 388 -9.7703818873474423e-05 -1.5363233408356657e-04  3.6772020837658914e-03  1.2436599553851133e-03  0.0000000000000000e+00 -6.1550454961427832e+00
 389 -4.0243160396047850e-04 -5.7588559015089565e-04 -1.8356384751340559e-03 -3.5916902502020659e-03  0.0000000000000000e+00 -6.2158192375149612e+00
 390 -9.4351021022557249e-05 -4.6609230206904717e-04 -7.6589067598815432e-04  3.9109855527464125e-03  0.0000000000000000e+00 -6.2411475373416314e+00
 391  9.1103528225785498e-05  8.7835734991494318e-05  3.1226011263439366e-03 -2.7113498473539908e-03  0.0000000000000000e+00 -6.2196443065826896e+00
 392 -1.2806228149380038e-04  2.8391372278169848e-04 -3.9661269031274647e-03  3.2437673063875189e-04  0.0000000000000000e+00 -6.2006505859516228e+00
 393 -5.4012795480719430e-04 -3.9144994378933236e-05  2.8618534727178845e-03  2.5411965275789644e-03  0.0000000000000000e+00 -6.2480214122231095e+00
 394 -4.5383531092463980e-04 -2.5283266745136727e-04 -6.0685896468946768e-04 -4.0727779842397484e-03  0.0000000000000000e+00 -6.3010697786724332e+00
 395  3.3692010520662976e-05  1.7225974360146750e-04 -2.0119368067508595e-03  3.5408338040177705e-03  0.0000000000000000e+00 -6.2992582156942003e+00
 396  1.0740547355617833e-04  6.0293540521077224e-04  3.7320821145478572e-03 -1.6841856430989349e-03  0.0000000000000000e+00 -6.2680644676472053e+00
 397 -1.8888847674882595e-04  4.5709113323170227e-04 -3.6145789773245288e-03 -1.1374013522684645e-03  0.0000000000000000e+00 -6.2844512535452060e+00
 398 -3.8122072624961046e-04 -5.8694303423898641e-06  1.8226444771573186e-03  3.6276633121183227e-03  0.0000000000000000e+00 -6.3516768405723161e+00
 399  1.0065871063190331e-04  5.8906366692915825e-06  6.7864745987508603e-04 -3.9872906464185724e-03  0.0000000000000000e+00 -6.3784416557355854e+00
 400  4.5075156998245256e-04  4.4536491493299098e-04 -3.0542263109562154e-03  2.6994318348520199e-03  0.0000000000000000e+00 -6.3566776554474824e+00
 401  3.1703389594595565e-04  5.0450332363622416e-04  3.9652560465667152e-03 -2.6847128335367917e-04  0.0000000000000000e+00 -6.3433300848151077e+00
 402 -4.2768866374152942e-05  1.6136807451595010e-05 -2.9063584207246200e-03 -2.6072024727435733e-03  0.0000000000000000e+00 -6.3957623273199182e+00
 403  8.4833557610582903e-05 -3.6963178114715579e-04  6.7856419815265064e-04  4.0362262328425547e-03  0.0000000000000000e+00 -6.4496390794412655e+00
 404  5.2632265774046265e-04 -1.2191758395805698e-04  2.0054298557212642e-03 -3.4061019794469033e-03  0.0000000000000000e+00 -6.4506382791174666e+00
 405  5.1337733007871856e-04  1.7328036977834859e-04 -3.7920834267264930e-03  1.5611098691278313e-03  0.0000000000000000e+00 -6.4249526548001787e+00
 406  1.4861985328896361e-04 -7.6819646795537035e-05  3.7141002641673960e-03  1.2170876805904082e-03  0.0000000000000000e+00 -6.4411169614150579e+00
 407 -1.3972156286246401e-04 -5.8790970742314552e-04 -1.9161230205231312e-03 -3.5773845952189937e-03  0.0000000000000000e+00 -6.5034427354985098e+00
 408  1.6164724723532247e-04 -5.8313293038329741e-04 -6.8783284616581405e-04  3.8740896214335989e-03  0.0000000000000000e+00 -6.5301374476859335e+00
 409  3.1575031170985541e-04 -1.0791166009485343e-04  3.1071257678683957e-03 -2.6780244520326815e-03  0.0000000000000000e+00 -6.5119099349086715e+00
 410  6.1255394042597375e-05  4.0997443410879060e-05 -4.0074139550811275e-03  3.2384900701319533e-04  0.0000000000000000e+00 -6.4935476571287571e+00
 411 -3.8878000472539616e-04 -3.1265847888109082e-04  2.9475368232837395e-03  2.5087157650082789e-03  0.0000000000000000e+00 -6.5381884425755636e+00
 412 -3.8295629776449530e-04 -5.4479190765361750e-04 -6.7858812918361426e-04 -4.0125967976055157e-03  0.0000000000000000e+00 -6.5899095611453262e+00
 413  6.0844204352894145e-06 -1.2185997066718907e-04 -1.9887717232563197e-03  3.5241695681867140e-03  0.0000000000000000e+00 -6.5907682460755472e+00
 414  6.6598500349119879e-06  3.4979781717089817e-04  3.7337873326570318e-03 -1.7443358189758638e-03  0.0000000000000000e+00 -6.5593319413569677e+00
 415 -3.2758768376864300e-04  2.7223015025069946e-04 -3.6608986095630330e-03 -1.0335581289853282e-03  0.0000000000000000e+00 -6.5703802218974463e+00
 416 -5.8525432684623465e-04 -1.2294321639300153e-04  1.8819328342690872e-03  3.5496918906372317e-03  0.0000000000000000e+00 -6.6347121465319354e+00
 417 -1.6270598782588329e-04 -4.7528648374043491e-05  6.2178575546359145e-04 -4.0264249688798555e-03  0.0000000000000000e+00 -6.6630506987673215e+00
 418  1.9364263523554079e-04  4.7599395577590950e-04 -2.9960672222612479e-03  2.8185005668158389e-03  0.0000000000000000e+00 -6.6406291138788163e+00
 419  8.2291414769296276e-05  6.3233781942873251e-04  3.9379761258642931e-03 -4.1997749020206983e-04  0.0000000000000000e+00 -6.6230902008575949e+00
 420 -2.6474431421051630e-04  2.2672257229514533e-04 -2.9183811985233803e-03 -2.4932717401278713e-03  0.0000000000000000e+00 -6.6734695042790237e+00
 421 -1.2475182624634544e-04 -1.2403526873784796e-04  7.2604677969597959e-04  4.0754323349263483e-03  0.0000000000000000e+00 -6.7301646599991596e+00
 422  4.0910392727706689e-04  1.5023674160685494e-04  1.9075942139019756e-03 -3.5103732631222720e-03  0.0000000000000000e+00 -6.7307141205683809e+00
 423  4.9387508176960959e-04  4.7210814685372276e-04 -3.7285498253718180e-03  1.6655916612339184e-03  0.0000000000000000e+00 -6.7034911603704499e+00
 424  1.8738997865177110e-04  2.2681012021065505e-04  3.7092595328073828e-03  1.1260939066406756e-03  0.0000000000000000e+00 -6.7200239996623248e+00
 425 -5.4067867273945045e-05 -3.3064803670069772e-04 -1.9626703151272976e-03 -3.5695616378930276e-03  0.0000000000000000e+00 -6.7856533056061226e+00
 426  3.1910630690195425e-04 -4.1177847276357190e-04 -5.8625834591664416e-04  3.9047760259479933e-03  0.0000000000000000e+00 -6.8141788532347594e+00
 427  5.4476519585954398e-04 -1.6548059225778302e-05  3.0457858310687989e-03 -2.6860031115040067e-03  0.0000000000000000e+00 -6.7973682712958512e+00
 428  3.2347369654540719e-04  6.0467519094441038e-05 -4.0218218099241677e-03  3.3525937640854092e-04  0.0000000000000000e+00 -6.7813941821519563e+00
 429 -1.1576319455153854e-04 -3.7386431340622134e-04  3.0184590795669483e-03  2.4962049005493982e-03  0.0000000000000000e+00 -6.8268600591472151e+00
 430 -1.2594995890261845e-04 -6.9423559096950529e-04 -7.6433752048918563e-04 -3.9754611893024708e-03  0.0000000000000000e+00 -6.8789979381360951e+00
 431  2.1103696046756350e-04 -3.5456162033761849e-04 -1.9510493523710944e-03  3.4739217824901491e-03  0.0000000000000000e+00 -6.8823796402543680e+00
 432  1.5200938794241050e-04  7.7715624958087109e-05  3.7486159598020814e-03 -1.7362773224493817e-03  0.0000000000000000e+00 -6.8532577706003774e+00
 433 -2.2317753715344040e-04 -1.3877381562576442e-05 -3.7282241379435871e-03 -1.0042128696958659e-03  0.0000000000000000e+00 -6.8616250243190713e+00
 434 -5.4823933952507110e-04 -4.0680181385988637e-04  1.9662054695032873e-03  3.4875732857586779e-03  0.0000000000000000e+00 -6.9226938460608194e+00
 435 -2.2621614081791769e-04 -3.2003161319808896e-04  5.7383038864714485e-04 -3.9936219951924607e-03  0.0000000000000000e+00 -6.9519249275042041e+00
 436  5.3437265423384318e-05  2.4508115208429830e-04 -2.9774439564691502e-03  2.8666118223767269e-03  0.0000000000000000e+00 -6.9313486457956932e+00
 437 -9.8376857480197112e-05  4.7749747032545275e-04  3.9483469796755578e-03 -5.2821840770641876e-04  0.0000000000000000e+00 -6.9099078936459168e+00
 438 -4.7973551579720395e-04  1.5875109715684596e-04 -2.9648720617569341e-03 -2.3765684814839620e-03  0.0000000000000000e+00 -6.9555096728448191e+00
 439 -3.9794379264515426e-04 -1.2410588224142592e-04  7.7462363456225040e-04  4.0669724022405407e-03  0.0000000000000000e+00 -7.0126813716767211e+00
 440  1.4158984473549603e-04  2.2433039629166882e-04  1.8387513518985819e-03 -3.6098432837550478e-03  0.0000000000000000e+00 -7.0139320567140935e+00
 441  2.7062816567780993e-04  6.3317772507479281e-04 -3.6708994453135617e-03  1.8065310814551103e-03  0.0000000000000000e+00 -6.9838127930774752e+00
 442 -5.7710445103276270e-07  4.7109848220850759e-04  3.6948343586851928e-03  9.8420018401056629e-04  0.0000000000000000e+00 -6.9973112965632840e+00
 443 -2.2014865419974750e-04 -4.7103187555798928e-05 -1.9837323559072509e-03 -3.5345779989340563e-03  0.0000000000000000e+00 -7.0645916275859877e+00
 444  2.1972035067494694e-04 -1.2840290288929632e-04 -4.9983073979236457e-04  3.9861575150448754e-03  0.0000000000000000e+00 -7.0951240707275520e+00
 445  5.6004679893711159e-04  2.6584988424266772e-04  2.9555065232979498e-03 -2.7701936241330571e-03  0.0000000000000000e+00 -7.0770750177289576e+00
 446  4.1571946992091440e-04  3.3516943077913813e-04 -3.9941023009978103e-03  4.1603221847770532e-04  0.0000000000000000e+00 -7.0614322911050262e+00
 447  2.4132347191033798e-05 -1.4239716606297194e-04  3.0502849869695160e-03  2.4508498195615468e-03  0.0000000000000000e+00 -7.1089325560683925e+00
 448  5.9612902586420505e-05 -5.5089881850605609e-04 -8.4832090982224332e-04 -3.9868504693785075e-03  0.0000000000000000e+00 -7.1640057353180309e+00
 449  4.4839912245715129e-04 -3.1397028619693123e-04 -1.8655874313246567e-03  3.4692205271717670e-03  0.0000000000000000e+00 -7.1687469747161803e+00
 450  4.1651280423325000e-04  3.9224268253539074e-05  3.7374212185230793e-03 -1.7288525025972257e-03  0.0000000000000000e+00 -7.1425001533978545e+00
 451  4.4244296548032290e-05 -1.2698370028299655e-04 -3.7833486398084434e-03 -1.0008224472029511e-03  0.0000000000000000e+00 -7.1518162259582603e+00
 452 -2.9987869867881663e-04 -5.9065999654378000e-04  2.0545306618903131e-03  3.4599935049459941e-03  0.0000000000000000e+00 -7.2122873148698865e+00
 453 -3.8200929049918052e-05 -5.7452291773521860e-04  5.1351307435020595e-04 -3.9361478635189873e-03  0.0000000000000000e+00 -7.2423205733899243e+00
 454  1.6133887517745890e-04 -4.9602546646879161e-05 -2.9735238869060213e-03  2.8419670956172220e-03  0.0000000000000000e+00 -7.2250415961057444e+00
 455 -5.1889432039379096e-05  1.8408989272318852e-04  3.9848030731126447e-03 -5.5772457537407152e-04  0.0000000000000000e+00 -7.2024659212875441e+00
 456 -4.8392448404207768e-04 -1.1243841188136132e-04 -3.0427413608147182e-03 -2.3103162262566490e-03  0.0000000000000000e+00 -7.2435600627824392e+00
 457 -4.9344095004022416e-04 -3.6573941212262267e-04  8.4029274024121270e-04  4.0132166812893609e-03  0.0000000000000000e+00 -7.2992086574205590e+00
 458 -3.4302855821943767e-05  2.6750122784810598e-05  1.8004292511448656e-03 -3.6380527336263195e-03  0.0000000000000000e+00 -7.3025862869063225e+00
 459  5.5034495545353241e-05  5.1254225914417742e-04 -3.6474423706942026e-03  1.9120438166746682e-03  0.0000000000000000e+00 -7.2710709237820659e+00
 460 -2.2938399675205036e-04  4.4745437496279396e-04  3.7126132067168858e-03  8.4556840481914348e-04  0.0000000000000000e+00 -7.2792526024499624e+00
 461 -4.8294075590373116e-04  1.1055065061350587e-05 -2.0216677279655333e-03 -3.4591251798903890e-03  0.0000000000000000e+00 -7.3448306189122494e+00
 462 -5.4202108062204530e-05 -9.3090620824176726e-06 -4.3570102160857542e-04  4.0551449332413853e-03  0.0000000000000000e+00 -7.3772473646541892e+00
 463  3.5000939808722581e-04  4.5682309480138893e-04  2.8753441165955546e-03 -2.8970743436008222e-03  0.0000000000000000e+00 -7.3576621848605761e+00
 464  2.6486542655263244e-04  5.9920305942998586e-04 -3.9506563754377229e-03  5.5738320442662488e-04  0.0000000000000000e+00 -7.3390807844202754e+00
 465 -8.7072248726446214e-05  1.6638510326851707e-04  3.0546356451734823e-03  2.3536610215230507e-03  0.0000000000000000e+00 -7.3863738002010733e+00
 466 -8.2937942798926798e-06 -2.5495769268741637e-04 -9.0412906788604156e-04 -4.0247188880716024e-03  0.0000000000000000e+00 -7.4450383680488015e+00
 467  4.8641024953296471e-04 -4.9968968270652209e-05 -1.7595499320902565e-03  3.5405551919297064e-03  0.0000000000000000e+00 -7.4498158361276747e+00
 468  5.5117659970957888e-04  2.7440617441321655e-04  3.6847283602261284e-03 -1.7866602976851944e-03  0.0000000000000000e+00 -7.4239023143011824e+00
 469  2.2949332173473162e-04  6.2042172215232173e-05 -3.7990057306964923e-03 -9.5046024306804473e-04  0.0000000000000000e+00 -7.4348622109788112e+00
 470 -8.0309690846421566e-05 -4.8184433216455892e-04  2.1211494591858496e-03  3.4488916485854153e-03  0.0000000000000000e+00 -7.4978471777555500e+00
 471  2.1007817405161550e-04 -5.7436337725893822e-04  4.2143354737153875e-04 -3.9236836466402083e-03  0.0000000000000000e+00 -7.5295010663675788e+00
 472  4.1849612332505516e-04 -1.4294360262146589e-04 -2.9363657182822737e-03  2.8146991245247910e-03  0.0000000000000000e+00 -7.5149381667631010e+00
 473  1.9403205952809053e-04  2.3087199505265902e-05  4.0145931850231889e-03 -5.5044903547466157e-04  0.0000000000000000e+00 -7.4943295500036404e+00
 474 -2.5797875275867962e-04 -3.3144171255938137e-04 -3.1243261008219538e-03 -2.2948441954709570e-03  0.0000000000000000e+00 -7.5341631785401848e+00
 475 -3.2503734976366895e-04 -6.3291181023706819e-04  9.2050550015698436e-04  3.9578955209956489e-03  0.0000000000000000e+00 -7.5886546479204178e+00
 476  4.1695840659594196e-05 -2.7711481282669014e-04  1.7736143731162362e-03 -3.5954308831782755e-03  0.0000000000000000e+00 -7.5945453013087070e+00
 477  4.9222067087659549e-05  2.1724221717221237e-04 -3.6556957626494033e-03  1.9376577808784096e-03  0.0000000000000000e+00 -7.5642881915346987e+00
 478 -2.8165534456400532e-04  1.9163529185441754e-04  3.7667506237337228e-03  7.7223126905953384e-04  0.0000000000000000e+00 -7.5680038694326743e+00
 479 -6.0486585109889449e-04 -1.9562398467433585e-04 -2.0932781025558215e-03 -3.3785438804181450e-03  0.0000000000000000e+00 -7.6298273497449696e+00
 480 -2.6180509253476933e-04 -1.6550363171672600e-04 -3.8259060333294419e-04  4.0586355740437610e-03  0.0000000000000000e+00 -7.6633350818543304e+00
 481  1.0986810673076682e-04  3.7468138017374765e-04  2.8314098721635636e-03 -2.9903428572969808e-03  0.0000000000000000e+00 -7.6443594999019888e+00
 482  2.1503640964760482e-05  6.1371783578946092e-04 -3.9325026344992544e-03  6.9877355637142872e-04  0.0000000000000000e+00 -7.6216001858689530e+00
 483 -3.3388970572226863e-04  2.7682753507725431e-04  3.0748876527767689e-03  2.2255653600225609e-03  0.0000000000000000e+00 -7.6652539215648536e+00
 484 -2.7127628930913723e-04 -8.6523701865693533e-05 -9.4453971771110462e-04 -4.0374028763988960e-03  0.0000000000000000e+00 -7.7257328832246435e+00
 485  2.8349729298355285e-04  1.7023858126570364e-04 -1.6726326628149625e-03  3.6493319327055344e-03  0.0000000000000000e+00 -7.7306628255818763e+00
 486  4.3573736951437294e-04  5.5006146759339208e-04  3.6148966868430146e-03 -1.9107277308748414e-03  0.0000000000000000e+00 -7.7023666475975121e+00
 487  1.7094532587614539e-04  3.7814140548061634e-04 -3.7805573784320560e-03 -8.3365450410245452e-04  0.0000000000000000e+00 -7.7122916257413419e+00
 488 -9.4988184109433732e-05 -1.7615453802633852e-04  2.1500781959237348e-03  3.4243918441418239e-03  0.0000000000000000e+00 -7.7780468145179613e+00
 489  2.7204021026527132e-04 -3.2500107817899035e-04  3.2549085995419434e-04 -3.9774578544121437e-03  0.0000000000000000e+00 -7.8119696734672903e+00
 490  5.8015425411524863e-04  4.8459439307966488e-05 -2.8543545808612128e-03  2.8513679377397648e-03  0.0000000000000000e+00 -7.7976417083165019e+00
 491  4.1479256308012255e-04  1.5901179554153841e-04  4.0076195660705589e-03 -5.8404645989963385e-04  0.0000000000000000e+00 -7.7790292653675710e+00
 492 -7.7775628721042764e-06 -2.7115047935609529e-04 -3.1790020128591458e-03 -2.2732249955703500e-03  0.0000000000000000e+00 -7.8205470846573473e+00
 493 -6.2438190126606300e-05 -6.6975435829443465e-04  1.0083851654748672e-03  3.9397124578772150e-03  0.0000000000000000e+00 -7.8765071926302674e+00
 494  2.9095266468039441e-04 -4.1704730600818676e-04  1.7138858782343479e-03 -3.5544341882147268e-03  0.0000000000000000e+00 -7.8844116860660867e+00
 495  2.6672452069158585e-04  1.1686776000214722e-05 -3.6606077033945464e-03  1.9174212582804926e-03  0.0000000000000000e+00 -7.8572091373435757e+00
 496 -9.3499860339580075e-05 -5.8552635601611664e-05  3.8293235262943258e-03  7.6400629294226627e-04  0.0000000000000000e+00 -7.8600032387264909e+00
 497 -4.6703969873642347e-04 -4.7430370140463942e-04 -2.1821216237257928e-03 -3.3325988340013025e-03  0.0000000000000000e+00 -7.9191897620945992e+00
 498 -2.1692490087445830e-04 -4.6353999225121583e-04 -3.2939169597967515e-04  4.0054753159688384e-03  0.0000000000000000e+00 -7.9530380152999927e+00
 499  6.2745414660507221e-05  8.6142455438564482e-05  2.8214469131993877e-03 -3.0003341597058188e-03  0.0000000000000000e+00 -7.9368086511317548e+00
 500 -8.5177342417208453e-05  3.7564276038558347e-04 -3.9512930703789820e-03  7.7457526799143851e-04  0.0000000000000000e+00 -7.9114375248420385e+00
 501 -4.8380957020816582e-04  1.0794319972507139e-04  3.1336484292552899e-03  2.1217523548197046e-03  0.0000000000000000e+00 -7.9498308798771617e+00
 502 -4.9795004294000012e-04 -1.9338561650593679e-04 -9.9973348226530825e-04 -3.9989709596002492e-03  0.0000000000000000e+00 -8.0094405571876930e+00
 503  2.0286303106372343e-05  1.3325934997889238e-04 -1.6154334498422627e-03  3.7212482034969900e-03  0.0000000000000000e+00 -8.0158258777866962e+00
 504  1.8479163176832051e-04  6.0368876783811894e-04  3.5652945920205499e-03 -2.0444682818112100e-03  0.0000000000000000e+00 -7.9852639049080940e+00
 505 -6.0690834103216946e-05  5.2982725922369554e-04 -3.7709956929638487e-03 -6.8303226247084419e-04  0.0000000000000000e+00 -7.9909160069687335e+00
 506 -3.2282143997301949e-04  4.2950562423339950e-05  2.1708596169303322e-03  3.3600103226568601e-03  0.0000000000000000e+00 -8.0566364869173697e+00
 507  8.0000115156456819e-05 -7.6246955769533546e-05  2.5315068009393619e-04 -4.0565215414503971e-03  0.0000000000000000e+00 -8.0928749038259724e+00
 508  4.9304441736360807e-04  3.2837579265827956e-04 -2.7607302852136590e-03  2.9586045438363576e-03  0.0000000000000000e+00 -8.0769602778912120e+00
 509  4.0898120824989074e-04  4.6534499618454666e-04  3.9644665801054279e-03 -6.9196453922921639e-04  0.0000000000000000e+00 -8.0572630546409751e+00
 510  3.7690894972588938e-05  2.7090704625201248e-05 -3.1930347465995647e-03 -2.2020542221517091e-03  0.0000000000000000e+00 -8.1000591068930188e+00
 511  3.4309801990134892e-05 -4.3402313107026756e-04  1.0782498363440104e-03  3.9615224923694225e-03  0.0000000000000000e+00 -8.1596030822122927e+00
 512  4.6952640242163156e-04 -2.6679768499064172e-04  1.6126719343794022e-03 -3.5801626474342247e-03  0.0000000000000000e+00 -8.1684061858544244e+00
