-3.00  2.20817  1.07308
-2.85  2.20702  1.07342
-2.70  2.20614  1.07376
-2.55  2.20547  1.07410
-2.40  2.20499  1.07444
-2.25  2.20466  1.07476
-2.10  2.20447  1.07509
-1.95  2.20438  1.07540
-1.80  2.20437  1.07570
-1.65  2.20444  1.07600
-1.50  2.20455  1.07628
-1.35  2.20471  1.07656
-1.20  2.20490  1.07682
-1.05  2.20511  1.07708
-0.90  2.20533  1.07733
-0.75  2.20556  1.07757
-0.60  2.20579  1.07780
-0.45  2.20602  1.07803
-0.30  2.20624  1.07825
-0.15  2.20646  1.07846
 0.00  2.20667  1.07867
 0.15  2.20686  1.07887
 0.30  2.20704  1.07906
 0.45  2.20721  1.07924
 0.60  2.20736  1.07942
 0.75  2.20750  1.07959
 0.90  2.20762  1.07976
 1.05  2.20772  1.07991
 1.20  2.20780  1.08006
 1.35  2.20787  1.08021
 1.50  2.20791  1.08034
 1.65  2.20794  1.08046
 1.80  2.20794  1.08058
 1.95  2.20792  1.08069
 2.10  2.20788  1.08079
 2.25  2.20782  1.08087
 2.40  2.20773  1.08095
 2.55  2.20762  1.08101
 2.70  2.20749  1.08107
 2.85  2.20733  1.08111
 3.00  2.20714  1.08114
