#   A_x        A_y        J_x        J_y      nu_x    nu_y
#
 0.000e+00  0.000e+00  0.000e+00  0.000e+00 0.20667 0.07867
-8.000e-01  1.000e+00  1.634e-02  1.533e-01 0.20666 0.07860
-1.600e+00  1.000e+00  6.538e-02  1.533e-01 0.20665 0.07860
-2.400e+00  1.000e+00  1.471e-01  1.533e-01 0.20662 0.07860
-3.200e+00  1.000e+00  2.615e-01  1.533e-01 0.20658 0.07860
-4.000e+00  1.000e+00  4.086e-01  1.533e-01 0.20653 0.07861
-4.800e+00  1.000e+00  5.884e-01  1.533e-01 0.20648 0.07862
-5.600e+00  1.000e+00  8.009e-01  1.533e-01 0.20642 0.07863
-6.400e+00  1.000e+00  1.046e+00  1.533e-01 0.20635 0.07865
-7.200e+00  1.000e+00  1.324e+00  1.533e-01 0.20628 0.07868
-8.000e+00  1.000e+00  1.634e+00  1.533e-01 0.20621 0.07871
-8.800e+00  1.000e+00  1.978e+00  1.533e-01 0.20613 0.07876
-9.600e+00  1.000e+00  2.354e+00  1.533e-01 0.20606 0.07881
-1.040e+01  1.000e+00  2.762e+00  1.533e-01 0.20599 0.07889
-1.120e+01  1.000e+00  3.204e+00  1.533e-01 0.20592 0.07897
-1.200e+01  1.000e+00  3.677e+00  1.533e-01 0.20585 0.07908
-1.280e+01  1.000e+00  4.184e+00  1.533e-01 0.20580 0.07921
-1.360e+01  1.000e+00  4.724e+00  1.533e-01 0.20575 0.07937
-1.440e+01  1.000e+00  5.296e+00  1.533e-01 0.20572 0.07955
-1.520e+01  1.000e+00  5.900e+00  1.533e-01 0.20570 0.07977
-1.600e+01  1.000e+00  6.538e+00  1.533e-01 0.20570 0.08002
-1.680e+01  1.000e+00  7.208e+00  1.533e-01 0.20573 0.08031
-1.760e+01  1.000e+00  7.911e+00  1.533e-01 0.20578 0.08066
-1.840e+01  1.000e+00  8.646e+00  1.533e-01 0.20586 0.08105
-1.920e+01  1.000e+00  9.414e+00  1.533e-01 0.20598 0.08150
-2.000e+01  1.000e+00  1.022e+01  1.533e-01 0.20614 0.08201

 0.000e+00  0.000e+00  0.000e+00  0.000e+00 0.20667 0.07867
 0.000e+00  1.000e+00  0.000e+00  1.533e-01 0.20667 0.07860
 8.000e-01  1.000e+00  1.634e-02  1.533e-01 0.20666 0.07860
 1.600e+00  1.000e+00  6.538e-02  1.533e-01 0.20665 0.07860
 2.400e+00  1.000e+00  1.471e-01  1.533e-01 0.20662 0.07861
 3.200e+00  1.000e+00  2.615e-01  1.533e-01 0.20657 0.07861
 4.000e+00  1.000e+00  4.086e-01  1.533e-01 0.20652 0.07862
 4.800e+00  1.000e+00  5.884e-01  1.533e-01 0.20645 0.07864
 5.600e+00  1.000e+00  8.009e-01  1.533e-01 0.20638 0.07866
 6.400e+00  1.000e+00  1.046e+00  1.533e-01 0.20629 0.07869
 7.200e+00  1.000e+00  1.324e+00  1.533e-01 0.20620 0.07873
 8.000e+00  1.000e+00  1.634e+00  1.533e-01 0.20610 0.07880
 8.800e+00  1.000e+00  1.978e+00  1.533e-01 0.20600 0.07888
 9.600e+00  1.000e+00  2.354e+00  1.533e-01 0.20591 0.07899
 1.040e+01  1.000e+00  2.762e+00  1.533e-01 0.20582 0.07914
 1.120e+01  1.000e+00  3.204e+00  1.533e-01 0.20574 0.07933
 1.200e+01  1.000e+00  3.677e+00  1.533e-01 0.20569 0.07957
 1.280e+01  1.000e+00  4.184e+00  1.533e-01 0.20566 0.07987
 1.360e+01  1.000e+00  4.724e+00  1.533e-01 0.20566 0.08025
 1.440e+01  1.000e+00  5.296e+00  1.533e-01 0.20572 0.08071
 1.520e+01  1.000e+00  5.900e+00  1.533e-01 0.20584 0.08129
 1.600e+01  1.000e+00  6.538e+00  1.533e-01 0.20604 0.08199
 1.680e+01  1.000e+00  7.208e+00  1.533e-01 0.20636 0.08285
 1.760e+01  1.000e+00  7.911e+00  1.533e-01 0.20683 0.08397
 1.840e+01  1.000e+00  8.646e+00  1.533e-01 0.20776 0.08495
 1.920e+01  1.000e+00  9.414e+00  1.533e-01 0.20815 0.08649
 2.000e+01  1.000e+00  1.022e+01  1.533e-01 0.20930 0.08841
