  0.00000e+00  0.00000e+00  0.00000e+00  0.00000e+00
  0.00000e+00  1.22676e-06  2.40356e-05 -2.69021e-04
  0.00000e+00  2.45352e-06  5.79007e-05 -5.36490e-04
  0.00000e+00  3.68028e-06  1.01982e-04 -8.02332e-04
  0.00000e+00  4.90705e-06  1.56666e-04 -1.06647e-03
  0.00000e+00  6.13381e-06  2.22340e-04 -1.32882e-03
  0.00000e+00  7.36057e-06  2.99390e-04 -1.58931e-03
  0.00000e+00  8.58733e-06  3.88204e-04 -1.84787e-03
  0.00000e+00  9.81409e-06  4.89167e-04 -2.10441e-03
  0.00000e+00  1.10409e-05  6.02666e-04 -2.35886e-03
  0.00000e+00  1.22676e-05  7.29089e-04 -2.61114e-03
  0.00000e+00  1.34944e-05  8.68822e-04 -2.86117e-03
  0.00000e+00  1.47211e-05  1.02225e-03 -3.10888e-03
  0.00000e+00  1.59479e-05  1.18976e-03 -3.35419e-03
  0.00000e+00  1.71747e-05  1.37175e-03 -3.59703e-03
  0.00000e+00  1.84014e-05  1.56859e-03 -3.83730e-03
  0.00000e+00  1.96282e-05  1.78067e-03 -4.07495e-03
  0.00000e+00  2.08549e-05  2.00838e-03 -4.30988e-03
  0.00000e+00  2.20817e-05  2.25211e-03 -4.54203e-03
  0.00000e+00  2.33085e-05  2.51225e-03 -4.77131e-03
  0.00000e+00  2.45352e-05  2.78917e-03 -4.99766e-03
  0.00000e+00  2.57620e-05  3.08327e-03 -5.22098e-03
  0.00000e+00  2.69888e-05  3.39494e-03 -5.44121e-03
  0.00000e+00  2.82155e-05  3.72456e-03 -5.65826e-03
  0.00000e+00  2.94423e-05  4.07251e-03 -5.87207e-03
  0.00000e+00  3.06690e-05  4.43919e-03 -6.08254e-03

  1.27691e-06  0.00000e+00 -1.74260e-04  3.49161e-05
  1.27691e-06  1.22676e-06 -1.21158e-04 -2.23732e-04
  1.27691e-06  2.45352e-06 -5.75676e-05 -4.80426e-04
  1.27691e-06  3.68028e-06  1.68987e-05 -7.35089e-04
  1.27691e-06  4.90705e-06  1.02627e-04 -9.87644e-04
  1.27691e-06  6.13381e-06  2.00004e-04 -1.23801e-03
  1.27691e-06  7.36057e-06  3.09417e-04 -1.48612e-03
  1.27691e-06  8.58733e-06  4.31253e-04 -1.73189e-03
  1.27691e-06  9.81409e-06  5.65897e-04 -1.97524e-03
  1.27691e-06  1.10409e-05  7.13737e-04 -2.21609e-03
  1.27691e-06  1.22676e-05  8.75160e-04 -2.45438e-03
  1.27691e-06  1.34944e-05  1.05055e-03 -2.69001e-03
  1.27691e-06  1.47211e-05  1.24030e-03 -2.92292e-03
  1.27691e-06  1.59479e-05  1.44479e-03 -3.15303e-03
  1.27691e-06  1.71747e-05  1.66441e-03 -3.38026e-03
  1.27691e-06  1.84014e-05  1.89955e-03 -3.60452e-03
  1.27691e-06  1.96282e-05  2.15059e-03 -3.82576e-03
  1.27691e-06  2.08549e-05  2.41791e-03 -4.04388e-03
  1.27691e-06  2.20817e-05  2.70192e-03 -4.25881e-03
  1.27691e-06  2.33085e-05  3.00299e-03 -4.47048e-03
  1.27691e-06  2.45352e-05  3.32150e-03 -4.67880e-03
  1.27691e-06  2.57620e-05  3.65786e-03 -4.88370e-03
  1.27691e-06  2.69888e-05  4.01243e-03 -5.08510e-03
  1.27691e-06  2.82155e-05  4.38562e-03 -5.28292e-03
  1.27691e-06  2.94423e-05  4.77780e-03 -5.47710e-03
  1.27691e-06  3.06690e-05  5.18937e-03 -5.66754e-03

  2.55381e-06  0.00000e+00 -3.14406e-04  1.00201e-04
  2.55381e-06  1.22676e-06 -2.31359e-04 -1.47387e-04
  2.55381e-06  2.45352e-06 -1.37164e-04 -3.92619e-04
  2.55381e-06  3.68028e-06 -3.14336e-05 -6.35418e-04
  2.55381e-06  4.90705e-06  8.62179e-05 -8.75706e-04
  2.55381e-06  6.13381e-06  2.16178e-04 -1.11341e-03
  2.55381e-06  7.36057e-06  3.58832e-04 -1.34844e-03
  2.55381e-06  8.58733e-06  5.14568e-04 -1.58073e-03
  2.55381e-06  9.81409e-06  6.83773e-04 -1.81021e-03
  2.55381e-06  1.10409e-05  8.66833e-04 -2.03678e-03
  2.55381e-06  1.22676e-05  1.06413e-03 -2.26039e-03
  2.55381e-06  1.34944e-05  1.27606e-03 -2.48094e-03
  2.55381e-06  1.47211e-05  1.50301e-03 -2.69836e-03
  2.55381e-06  1.59479e-05  1.74536e-03 -2.91258e-03
  2.55381e-06  1.71747e-05  2.00349e-03 -3.12351e-03
  2.55381e-06  1.84014e-05  2.27780e-03 -3.33108e-03
  2.55381e-06  1.96282e-05  2.56868e-03 -3.53522e-03
  2.55381e-06  2.08549e-05  2.87650e-03 -3.73584e-03
  2.55381e-06  2.20817e-05  3.20166e-03 -3.93287e-03
  2.55381e-06  2.33085e-05  3.54454e-03 -4.12623e-03
  2.55381e-06  2.45352e-05  3.90552e-03 -4.31584e-03
  2.55381e-06  2.57620e-05  4.28501e-03 -4.50164e-03
  2.55381e-06  2.69888e-05  4.68338e-03 -4.68352e-03
  2.55381e-06  2.82155e-05  5.10101e-03 -4.86144e-03
  2.55381e-06  2.94423e-05  5.53830e-03 -5.03529e-03
  2.55381e-06  3.06690e-05  5.99564e-03 -5.20502e-03

  3.83072e-06  0.00000e+00 -4.19919e-04  1.96769e-04
  3.83072e-06  1.22676e-06 -3.06048e-04 -3.90735e-05
  3.83072e-06  2.45352e-06 -1.80369e-04 -2.72157e-04
  3.83072e-06  3.68028e-06 -4.24963e-05 -5.02406e-04
  3.83072e-06  4.90705e-06  1.07957e-04 -7.29740e-04
  3.83072e-06  6.13381e-06  2.71378e-04 -9.54085e-04
  3.83072e-06  7.36057e-06  4.48153e-04 -1.17536e-03
  3.83072e-06  8.58733e-06  6.38669e-04 -1.39349e-03
  3.83072e-06  9.81409e-06  8.43312e-04 -1.60840e-03
  3.83072e-06  1.10409e-05  1.06247e-03 -1.82001e-03
  3.83072e-06  1.22676e-05  1.29653e-03 -2.02825e-03
  3.83072e-06  1.34944e-05  1.54588e-03 -2.23303e-03
  3.83072e-06  1.47211e-05  1.81090e-03 -2.43428e-03
  3.83072e-06  1.59479e-05  2.09198e-03 -2.63192e-03
  3.83072e-06  1.71747e-05  2.38951e-03 -2.82587e-03
  3.83072e-06  1.84014e-05  2.70388e-03 -3.01607e-03
  3.83072e-06  1.96282e-05  3.03546e-03 -3.20242e-03
  3.83072e-06  2.08549e-05  3.38466e-03 -3.38485e-03
  3.83072e-06  2.20817e-05  3.75185e-03 -3.56330e-03
  3.83072e-06  2.33085e-05  4.13742e-03 -3.73766e-03
  3.83072e-06  2.45352e-05  4.54176e-03 -3.90789e-03
  3.83072e-06  2.57620e-05  4.96525e-03 -4.07388e-03
  3.83072e-06  2.69888e-05  5.40829e-03 -4.23557e-03
  3.83072e-06  2.82155e-05  5.87125e-03 -4.39288e-03
  3.83072e-06  2.94423e-05  6.35453e-03 -4.54573e-03
  3.83072e-06  3.06690e-05  6.85851e-03 -4.69405e-03

  5.10763e-06  0.00000e+00 -4.90280e-04  3.25536e-04
  5.10763e-06  1.22676e-06 -3.44706e-04  1.02125e-04
  5.10763e-06  2.45352e-06 -1.86665e-04 -1.18125e-04
  5.10763e-06  3.68028e-06 -1.57712e-05 -3.35136e-04
  5.10763e-06  4.90705e-06  1.68363e-04 -5.48831e-04
  5.10763e-06  6.13381e-06  3.66124e-04 -7.59134e-04
  5.10763e-06  7.36057e-06  5.77898e-04 -9.65966e-04
  5.10763e-06  8.58733e-06  8.04073e-04 -1.16925e-03
  5.10763e-06  9.81409e-06  1.04503e-03 -1.36891e-03
  5.10763e-06  1.10409e-05  1.30117e-03 -1.56487e-03
  5.10763e-06  1.22676e-05  1.57286e-03 -1.75705e-03
  5.10763e-06  1.34944e-05  1.86051e-03 -1.94537e-03
  5.10763e-06  1.47211e-05  2.16448e-03 -2.12976e-03
  5.10763e-06  1.59479e-05  2.48518e-03 -2.31014e-03
  5.10763e-06  1.71747e-05  2.82298e-03 -2.48643e-03
  5.10763e-06  1.84014e-05  3.17828e-03 -2.65856e-03
  5.10763e-06  1.96282e-05  3.55146e-03 -2.82644e-03
  5.10763e-06  2.08549e-05  3.94291e-03 -2.99000e-03
  5.10763e-06  2.20817e-05  4.35301e-03 -3.14917e-03
  5.10763e-06  2.33085e-05  4.78215e-03 -3.30386e-03
  5.10763e-06  2.45352e-05  5.23072e-03 -3.45400e-03
  5.10763e-06  2.57620e-05  5.69910e-03 -3.59951e-03
  5.10763e-06  2.69888e-05  6.18768e-03 -3.74032e-03
  5.10763e-06  2.82155e-05  6.69685e-03 -3.87634e-03
  5.10763e-06  2.94423e-05  7.22700e-03 -4.00751e-03
  5.10763e-06  3.06690e-05  7.77851e-03 -4.13373e-03

  6.38453e-06  0.00000e+00 -5.24972e-04  4.87416e-04
  6.38453e-06  1.22676e-06 -3.46816e-04  2.77123e-04
  6.38453e-06  2.45352e-06 -1.55534e-04  7.03936e-05
  6.38453e-06  3.68028e-06  4.92602e-05 -1.32695e-04
  6.38453e-06  4.90705e-06  2.67954e-04 -3.32064e-04
  6.38453e-06  6.13381e-06  5.00934e-04 -5.27639e-04
  6.38453e-06  7.36057e-06  7.48586e-04 -7.19341e-04
  6.38453e-06  8.58733e-06  1.01130e-03 -9.07092e-04
  6.38453e-06  9.81409e-06  1.28946e-03 -1.09082e-03
  6.38453e-06  1.10409e-05  1.58345e-03 -1.27044e-03
  6.38453e-06  1.22676e-05  1.89366e-03 -1.44588e-03
  6.38453e-06  1.34944e-05  2.22047e-03 -1.61706e-03
  6.38453e-06  1.47211e-05  2.56428e-03 -1.78390e-03
  6.38453e-06  1.59479e-05  2.92547e-03 -1.94633e-03
  6.38453e-06  1.71747e-05  3.30443e-03 -2.10427e-03
  6.38453e-06  1.84014e-05  3.70154e-03 -2.25764e-03
  6.38453e-06  1.96282e-05  4.11719e-03 -2.40637e-03
  6.38453e-06  2.08549e-05  4.55177e-03 -2.55037e-03
  6.38453e-06  2.20817e-05  5.00566e-03 -2.68958e-03
  6.38453e-06  2.33085e-05  5.47925e-03 -2.82391e-03
  6.38453e-06  2.45352e-05  5.97292e-03 -2.95328e-03
  6.38453e-06  2.57620e-05  6.48707e-03 -3.07763e-03
  6.38453e-06  2.69888e-05  7.02208e-03 -3.19686e-03
  6.38453e-06  2.82155e-05  7.57834e-03 -3.31091e-03
  6.38453e-06  2.94423e-05  8.15623e-03 -3.41970e-03
  6.38453e-06  3.06690e-05  8.75614e-03 -3.52314e-03

  7.66144e-06  0.00000e+00 -5.23475e-04  6.83323e-04
  7.66144e-06  1.22676e-06 -3.11859e-04  4.86834e-04
  7.66144e-06  2.45352e-06 -8.64573e-05  2.94312e-04
  7.66144e-06  3.68028e-06  1.53116e-04  1.05833e-04
  7.66144e-06  4.90705e-06  4.07248e-04 -7.85247e-05
  7.66144e-06  6.13381e-06  6.76326e-04 -2.58685e-04
  7.66144e-06  7.36057e-06  9.60735e-04 -4.34570e-04
  7.66144e-06  8.58733e-06  1.26086e-03 -6.06102e-04
  7.66144e-06  9.81409e-06  1.57710e-03 -7.73205e-04
  7.66144e-06  1.10409e-05  1.90982e-03 -9.35801e-04
  7.66144e-06  1.22676e-05  2.25943e-03 -1.09381e-03
  7.66144e-06  1.34944e-05  2.62630e-03 -1.24716e-03
  7.66144e-06  1.47211e-05  3.01082e-03 -1.39577e-03
  7.66144e-06  1.59479e-05  3.41338e-03 -1.53957e-03
  7.66144e-06  1.71747e-05  3.83437e-03 -1.67847e-03
  7.66144e-06  1.84014e-05  4.27417e-03 -1.81241e-03
  7.66144e-06  1.96282e-05  4.73317e-03 -1.94129e-03
  7.66144e-06  2.08549e-05  5.21175e-03 -2.06505e-03
  7.66144e-06  2.20817e-05  5.71031e-03 -2.18361e-03
  7.66144e-06  2.33085e-05  6.22923e-03 -2.29689e-03
  7.66144e-06  2.45352e-05  6.76889e-03 -2.40481e-03
  7.66144e-06  2.57620e-05  7.32969e-03 -2.50730e-03
  7.66144e-06  2.69888e-05  7.91200e-03 -2.60428e-03
  7.66144e-06  2.82155e-05  8.51623e-03 -2.69567e-03
  7.66144e-06  2.94423e-05  9.14274e-03 -2.78139e-03
  7.66144e-06  3.06690e-05  9.79194e-03 -2.86137e-03

  8.93835e-06  0.00000e+00 -4.85272e-04  9.14173e-04
  8.93835e-06  1.22676e-06 -2.39316e-04  7.32175e-04
  8.93835e-06  2.45352e-06  2.10839e-05  5.54546e-04
  8.93835e-06  3.68028e-06  2.96315e-04  3.81363e-04
  8.93835e-06  4.90705e-06  5.86765e-04  2.12703e-04
  8.93835e-06  6.13381e-06  8.92819e-04  4.86430e-05
  8.93835e-06  7.36057e-06  1.21486e-03 -1.10739e-04
  8.93835e-06  8.58733e-06  1.55329e-03 -2.65366e-04
  8.93835e-06  9.81409e-06  1.90848e-03 -4.15160e-04
  8.93835e-06  1.10409e-05  2.28081e-03 -5.60045e-04
  8.93835e-06  1.22676e-05  2.67069e-03 -6.99944e-04
  8.93835e-06  1.34944e-05  3.07850e-03 -8.34778e-04
  8.93835e-06  1.47211e-05  3.50461e-03 -9.64472e-04
  8.93835e-06  1.59479e-05  3.94942e-03 -1.08895e-03
  8.93835e-06  1.71747e-05  4.41332e-03 -1.20813e-03
  8.93835e-06  1.84014e-05  4.89669e-03 -1.32193e-03
  8.93835e-06  1.96282e-05  5.39992e-03 -1.43029e-03
  8.93835e-06  2.08549e-05  5.92339e-03 -1.53312e-03
  8.93835e-06  2.20817e-05  6.46749e-03 -1.63034e-03
  8.93835e-06  2.33085e-05  7.03262e-03 -1.72189e-03
  8.93835e-06  2.45352e-05  7.61915e-03 -1.80767e-03
  8.93835e-06  2.57620e-05  8.22747e-03 -1.88762e-03
  8.93835e-06  2.69888e-05  8.85797e-03 -1.96165e-03
  8.93835e-06  2.82155e-05  9.51103e-03 -2.02970e-03
  8.93835e-06  2.94423e-05  1.01871e-02 -2.09167e-03
  8.93835e-06  3.06690e-05  1.08864e-02 -2.14750e-03

  1.02153e-05  0.00000e+00 -4.09844e-04  1.18088e-03
  1.02153e-05  1.22676e-06 -1.28670e-04  1.01406e-03
  1.02153e-05  2.45352e-06  1.67608e-04  8.52009e-04
  1.02153e-05  3.68028e-06  4.79376e-04  6.94808e-04
  1.02153e-05  4.90705e-06  8.07022e-04  5.42532e-04
  1.02153e-05  6.13381e-06  1.15093e-03  3.95259e-04
  1.02153e-05  7.36057e-06  1.51149e-03  2.53067e-04
  1.02153e-05  8.58733e-06  1.88909e-03  1.16032e-04
  1.02153e-05  9.81409e-06  2.28411e-03 -1.57682e-05
  1.02153e-05  1.10409e-05  2.69694e-03 -1.42256e-04
  1.02153e-05  1.22676e-05  3.12797e-03 -2.63355e-04
  1.02153e-05  1.34944e-05  3.57758e-03 -3.78988e-04
  1.02153e-05  1.47211e-05  4.04617e-03 -4.89077e-04
  1.02153e-05  1.59479e-05  4.53411e-03 -5.93545e-04
  1.02153e-05  1.71747e-05  5.04180e-03 -6.92315e-04
  1.02153e-05  1.84014e-05  5.56962e-03 -7.85309e-04
  1.02153e-05  1.96282e-05  6.11795e-03 -8.72451e-04
  1.02153e-05  2.08549e-05  6.68719e-03 -9.53663e-04
  1.02153e-05  2.20817e-05  7.27772e-03 -1.02887e-03
  1.02153e-05  2.33085e-05  7.88993e-03 -1.09799e-03
  1.02153e-05  2.45352e-05  8.52420e-03 -1.16095e-03
  1.02153e-05  2.57620e-05  9.18093e-03 -1.21767e-03
  1.02153e-05  2.69888e-05  9.86049e-03 -1.26807e-03
  1.02153e-05  2.82155e-05  1.05633e-02 -1.31208e-03
  1.02153e-05  2.94423e-05  1.12897e-02 -1.34962e-03
  1.02153e-05  3.06690e-05  1.20401e-02 -1.38062e-03

  1.14922e-05  0.00000e+00 -2.96673e-04  1.48436e-03
  1.14922e-05  1.22676e-06  2.05985e-05  1.33340e-03
  1.14922e-05  2.45352e-06  3.53633e-04  1.18762e-03
  1.14922e-05  3.68028e-06  7.02817e-04  1.04708e-03
  1.14922e-05  4.90705e-06  1.06854e-03  9.11878e-04
  1.14922e-05  6.13381e-06  1.45118e-03  7.82079e-04
  1.14922e-05  7.36057e-06  1.85113e-03  6.57762e-04
  1.14922e-05  8.58733e-06  2.26878e-03  5.39005e-04
  1.14922e-05  9.81409e-06  2.70452e-03  4.25886e-04
  1.14922e-05  1.10409e-05  3.15872e-03  3.18481e-04
  1.14922e-05  1.22676e-05  3.63178e-03  2.16867e-04
  1.14922e-05  1.34944e-05  4.12408e-03  1.21123e-04
  1.14922e-05  1.47211e-05  4.63602e-03  3.13246e-05
  1.14922e-05  1.59479e-05  5.16797e-03 -5.24502e-05
  1.14922e-05  1.71747e-05  5.72032e-03 -1.30124e-04
  1.14922e-05  1.84014e-05  6.29347e-03 -2.01621e-04
  1.14922e-05  1.96282e-05  6.88779e-03 -2.66862e-04
  1.14922e-05  2.08549e-05  7.50367e-03 -3.25770e-04
  1.14922e-05  2.20817e-05  8.14151e-03 -3.78270e-04
  1.14922e-05  2.33085e-05  8.80168e-03 -4.24282e-04
  1.14922e-05  2.45352e-05  9.48458e-03 -4.63730e-04
  1.14922e-05  2.57620e-05  1.01906e-02 -4.96537e-04
  1.14922e-05  2.69888e-05  1.09201e-02 -5.22625e-04
  1.14922e-05  2.82155e-05  1.16735e-02 -5.41918e-04
  1.14922e-05  2.94423e-05  1.24511e-02 -5.54338e-04
  1.14922e-05  3.06690e-05  1.32535e-02 -5.59807e-04

  1.27691e-05  0.00000e+00 -1.45240e-04  1.82553e-03
  1.27691e-05  1.22676e-06  2.09008e-04  1.69112e-03
  1.27691e-05  2.45352e-06  5.79677e-04  1.56228e-03
  1.27691e-05  3.68028e-06  9.67156e-04  1.43911e-03
  1.27691e-05  4.90705e-06  1.37183e-03  1.32166e-03
  1.27691e-05  6.13381e-06  1.79409e-03  1.21002e-03
  1.27691e-05  7.36057e-06  2.23431e-03  1.10426e-03
  1.27691e-05  8.58733e-06  2.69289e-03  1.00447e-03
  1.27691e-05  9.81409e-06  3.17022e-03  9.10716e-04
  1.27691e-05  1.10409e-05  3.66667e-03  8.23080e-04
  1.27691e-05  1.22676e-05  4.18264e-03  7.41639e-04
  1.27691e-05  1.34944e-05  4.71851e-03  6.66469e-04
  1.27691e-05  1.47211e-05  5.27468e-03  5.97648e-04
  1.27691e-05  1.59479e-05  5.85151e-03  5.35252e-04
  1.27691e-05  1.71747e-05  6.44941e-03  4.79360e-04
  1.27691e-05  1.84014e-05  7.06876e-03  4.30049e-04
  1.27691e-05  1.96282e-05  7.70995e-03  3.87395e-04
  1.27691e-05  2.08549e-05  8.37336e-03  3.51475e-04
  1.27691e-05  2.20817e-05  9.05938e-03  3.22368e-04
  1.27691e-05  2.33085e-05  9.76840e-03  3.00151e-04
  1.27691e-05  2.45352e-05  1.05008e-02  2.84900e-04
  1.27691e-05  2.57620e-05  1.12570e-02  2.76692e-04
  1.27691e-05  2.69888e-05  1.20373e-02  2.75606e-04
  1.27691e-05  2.82155e-05  1.28422e-02  2.81718e-04
  1.27691e-05  2.94423e-05  1.36720e-02  2.95106e-04
  1.27691e-05  3.06690e-05  1.45271e-02  3.15846e-04

  1.40460e-05  0.00000e+00  4.49740e-05  2.20529e-03
  1.40460e-05  1.22676e-06  4.37076e-04  2.08812e-03
  1.40460e-05  2.45352e-06  8.46260e-04  1.97693e-03
  1.40460e-05  3.68028e-06  1.27291e-03  1.87179e-03
  1.40460e-05  4.90705e-06  1.71742e-03  1.77278e-03
  1.40460e-05  6.13381e-06  2.18017e-03  1.67999e-03
  1.40460e-05  7.36057e-06  2.66154e-03  1.59348e-03
  1.40460e-05  8.58733e-06  3.16194e-03  1.51334e-03
  1.40460e-05  9.81409e-06  3.68173e-03  1.43964e-03
  1.40460e-05  1.10409e-05  4.22131e-03  1.37246e-03
  1.40460e-05  1.22676e-05  4.78107e-03  1.31187e-03
  1.40460e-05  1.34944e-05  5.36139e-03  1.25797e-03
  1.40460e-05  1.47211e-05  5.96266e-03  1.21081e-03
  1.40460e-05  1.59479e-05  6.58526e-03  1.17048e-03
  1.40460e-05  1.71747e-05  7.22959e-03  1.13705e-03
  1.40460e-05  1.84014e-05  7.89602e-03  1.11061e-03
  1.40460e-05  1.96282e-05  8.58495e-03  1.09123e-03
  1.40460e-05  2.08549e-05  9.29677e-03  1.07899e-03
  1.40460e-05  2.20817e-05  1.00318e-02  1.07396e-03
  1.40460e-05  2.33085e-05  1.07906e-02  1.07622e-03
  1.40460e-05  2.45352e-05  1.15734e-02  1.08586e-03
  1.40460e-05  2.57620e-05  1.23806e-02  1.10293e-03
  1.40460e-05  2.69888e-05  1.32126e-02  1.12754e-03
  1.40460e-05  2.82155e-05  1.40698e-02  1.15974e-03
  1.40460e-05  2.94423e-05  1.49526e-02  1.19962e-03
  1.40460e-05  3.06690e-05  1.58614e-02  1.24726e-03

  1.53229e-05  0.00000e+00  2.74486e-04  2.62458e-03
  1.53229e-05  1.22676e-06  7.05322e-04  2.52533e-03
  1.53229e-05  2.45352e-06  1.15390e-03  2.43246e-03
  1.53229e-05  3.68028e-06  1.62060e-03  2.34604e-03
  1.53229e-05  4.90705e-06  2.10582e-03  2.26617e-03
  1.53229e-05  6.13381e-06  2.60994e-03  2.19290e-03
  1.53229e-05  7.36057e-06  3.13335e-03  2.12633e-03
  1.53229e-05  8.58733e-06  3.67643e-03  2.06653e-03
  1.53229e-05  9.81409e-06  4.23957e-03  2.01357e-03
  1.53229e-05  1.10409e-05  4.82316e-03  1.96753e-03
  1.53229e-05  1.22676e-05  5.42759e-03  1.92849e-03
  1.53229e-05  1.34944e-05  6.05323e-03  1.89653e-03
  1.53229e-05  1.47211e-05  6.70049e-03  1.87172e-03
  1.53229e-05  1.59479e-05  7.36974e-03  1.85414e-03
  1.53229e-05  1.71747e-05  8.06137e-03  1.84387e-03
  1.53229e-05  1.84014e-05  8.77577e-03  1.84099e-03
  1.53229e-05  1.96282e-05  9.51332e-03  1.84557e-03
  1.53229e-05  2.08549e-05  1.02744e-02  1.85768e-03
  1.53229e-05  2.20817e-05  1.10594e-02  1.87742e-03
  1.53229e-05  2.33085e-05  1.18688e-02  1.90485e-03
  1.53229e-05  2.45352e-05  1.27028e-02  1.94005e-03
  1.53229e-05  2.57620e-05  1.35619e-02  1.98310e-03
  1.53229e-05  2.69888e-05  1.44465e-02  2.03408e-03
  1.53229e-05  2.82155e-05  1.53570e-02  2.09306e-03
  1.53229e-05  2.94423e-05  1.62937e-02  2.16012e-03
  1.53229e-05  3.06690e-05  1.72571e-02  2.23534e-03

  1.65998e-05  0.00000e+00  5.43815e-04  3.08429e-03
  1.65998e-05  1.22676e-06  1.01426e-03  3.00365e-03
  1.65998e-05  2.45352e-06  1.50311e-03  2.92979e-03
  1.65998e-05  3.68028e-06  2.01075e-03  2.86279e-03
  1.65998e-05  4.90705e-06  2.53756e-03  2.80273e-03
  1.65998e-05  6.13381e-06  3.08392e-03  2.74968e-03
  1.65998e-05  7.36057e-06  3.65024e-03  2.70373e-03
  1.65998e-05  8.58733e-06  4.23689e-03  2.66495e-03
  1.65998e-05  9.81409e-06  4.84426e-03  2.63342e-03
  1.65998e-05  1.10409e-05  5.47274e-03  2.60921e-03
  1.65998e-05  1.22676e-05  6.12271e-03  2.59240e-03
  1.65998e-05  1.34944e-05  6.79456e-03  2.58307e-03
  1.65998e-05  1.47211e-05  7.48868e-03  2.58129e-03
  1.65998e-05  1.59479e-05  8.20545e-03  2.58715e-03
  1.65998e-05  1.71747e-05  8.94526e-03  2.60073e-03
  1.65998e-05  1.84014e-05  9.70851e-03  2.62209e-03
  1.65998e-05  1.96282e-05  1.04956e-02  2.65131e-03
  1.65998e-05  2.08549e-05  1.13068e-02  2.68848e-03
  1.65998e-05  2.20817e-05  1.21427e-02  2.73366e-03
  1.65998e-05  2.33085e-05  1.30035e-02  2.78695e-03
  1.65998e-05  2.45352e-05  1.38897e-02  2.84840e-03
  1.65998e-05  2.57620e-05  1.48016e-02  2.91811e-03
  1.65998e-05  2.69888e-05  1.57396e-02  2.99615e-03
  1.65998e-05  2.82155e-05  1.67042e-02  3.08260e-03
  1.65998e-05  2.94423e-05  1.76957e-02  3.17752e-03
  1.65998e-05  3.06690e-05  1.87145e-02  3.28101e-03

  1.78767e-05  0.00000e+00  8.53480e-04  3.58536e-03
  1.78767e-05  1.22676e-06  1.36442e-03  3.52401e-03
  1.78767e-05  2.45352e-06  1.89442e-03  3.46984e-03
  1.78767e-05  3.68028e-06  2.44386e-03  3.42294e-03
  1.78767e-05  4.90705e-06  3.01314e-03  3.38338e-03
  1.78767e-05  6.13381e-06  3.60264e-03  3.35124e-03
  1.78767e-05  7.36057e-06  4.21274e-03  3.32660e-03
  1.78767e-05  8.58733e-06  4.84384e-03  3.30952e-03
  1.78767e-05  9.81409e-06  5.49631e-03  3.30010e-03
  1.78767e-05  1.10409e-05  6.17056e-03  3.29840e-03
  1.78767e-05  1.22676e-05  6.86695e-03  3.30451e-03
  1.78767e-05  1.34944e-05  7.58589e-03  3.31850e-03
  1.78767e-05  1.47211e-05  8.32775e-03  3.34045e-03
  1.78767e-05  1.59479e-05  9.09293e-03  3.37044e-03
  1.78767e-05  1.71747e-05  9.88180e-03  3.40853e-03
  1.78767e-05  1.84014e-05  1.06948e-02  3.45482e-03
  1.78767e-05  1.96282e-05  1.15322e-02  3.50938e-03
  1.78767e-05  2.08549e-05  1.23945e-02  3.57228e-03
  1.78767e-05  2.20817e-05  1.32820e-02  3.64360e-03
  1.78767e-05  2.33085e-05  1.41952e-02  3.72343e-03
  1.78767e-05  2.45352e-05  1.51344e-02  3.81183e-03
  1.78767e-05  2.57620e-05  1.61000e-02  3.90888e-03
  1.78767e-05  2.69888e-05  1.70924e-02  4.01467e-03
  1.78767e-05  2.82155e-05  1.81120e-02  4.12926e-03
  1.78767e-05  2.94423e-05  1.91591e-02  4.25274e-03
  1.78767e-05  3.06690e-05  2.02342e-02  4.38518e-03

  1.91536e-05  0.00000e+00  1.20400e-03  4.12868e-03
  1.91536e-05  1.22676e-06  1.75631e-03  4.08731e-03
  1.91536e-05  2.45352e-06  2.32834e-03  4.05353e-03
  1.91536e-05  3.68028e-06  2.92047e-03  4.02741e-03
  1.91536e-05  4.90705e-06  3.53310e-03  4.00904e-03
  1.91536e-05  6.13381e-06  4.16660e-03  3.99849e-03
  1.91536e-05  7.36057e-06  4.82137e-03  3.99584e-03
  1.91536e-05  8.58733e-06  5.49779e-03  4.00116e-03
  1.91536e-05  9.81409e-06  6.19625e-03  4.01454e-03
  1.91536e-05  1.10409e-05  6.91714e-03  4.03604e-03
  1.91536e-05  1.22676e-05  7.66084e-03  4.06575e-03
  1.91536e-05  1.34944e-05  8.42774e-03  4.10375e-03
  1.91536e-05  1.47211e-05  9.21822e-03  4.15010e-03
  1.91536e-05  1.59479e-05  1.00327e-02  4.20490e-03
  1.91536e-05  1.71747e-05  1.08715e-02  4.26821e-03
  1.91536e-05  1.84014e-05  1.17351e-02  4.34012e-03
  1.91536e-05  1.96282e-05  1.26238e-02  4.42069e-03
  1.91536e-05  2.08549e-05  1.35380e-02  4.51001e-03
  1.91536e-05  2.20817e-05  1.44781e-02  4.60816e-03
  1.91536e-05  2.33085e-05  1.54445e-02  4.71521e-03
  1.91536e-05  2.45352e-05  1.64376e-02  4.83124e-03
  1.91536e-05  2.57620e-05  1.74578e-02  4.95632e-03
  1.91536e-05  2.69888e-05  1.85054e-02  5.09054e-03
  1.91536e-05  2.82155e-05  1.95808e-02  5.23397e-03
  1.91536e-05  2.94423e-05  2.06845e-02  5.38669e-03
  1.91536e-05  3.06690e-05  2.18168e-02  5.54877e-03

  2.04305e-05  0.00000e+00  1.59589e-03  4.71518e-03
  2.04305e-05  1.22676e-06  2.19045e-03  4.69447e-03
  2.04305e-05  2.45352e-06  2.80538e-03  4.68176e-03
  2.04305e-05  3.68028e-06  3.44109e-03  4.67712e-03
  2.04305e-05  4.90705e-06  4.09794e-03  4.68062e-03
  2.04305e-05  6.13381e-06  4.77633e-03  4.69235e-03
  2.04305e-05  7.36057e-06  5.47664e-03  4.71237e-03
  2.04305e-05  8.58733e-06  6.19927e-03  4.74078e-03
  2.04305e-05  9.81409e-06  6.94460e-03  4.77764e-03
  2.04305e-05  1.10409e-05  7.71301e-03  4.82303e-03
  2.04305e-05  1.22676e-05  8.50489e-03  4.87703e-03
  2.04305e-05  1.34944e-05  9.32063e-03  4.93972e-03
  2.04305e-05  1.47211e-05  1.01606e-02  5.01117e-03
  2.04305e-05  1.59479e-05  1.10252e-02  5.09146e-03
  2.04305e-05  1.71747e-05  1.19149e-02  5.18067e-03
  2.04305e-05  1.84014e-05  1.28299e-02  5.27888e-03
  2.04305e-05  1.96282e-05  1.37707e-02  5.38616e-03
  2.04305e-05  2.08549e-05  1.47378e-02  5.50258e-03
  2.04305e-05  2.20817e-05  1.57313e-02  5.62824e-03
  2.04305e-05  2.33085e-05  1.67519e-02  5.76320e-03
  2.04305e-05  2.45352e-05  1.77997e-02  5.90754e-03
  2.04305e-05  2.57620e-05  1.88753e-02  6.06135e-03
  2.04305e-05  2.69888e-05  1.99790e-02  6.22468e-03
  2.04305e-05  2.82155e-05  2.11112e-02  6.39763e-03
  2.04305e-05  2.94423e-05  2.22723e-02  6.58028e-03
  2.04305e-05  3.06690e-05  2.34627e-02  6.77269e-03

  2.17074e-05  0.00000e+00  2.02967e-03  5.34576e-03
  2.17074e-05  1.22676e-06  2.66736e-03  5.34641e-03
  2.17074e-05  2.45352e-06  3.32608e-03  5.35546e-03
  2.17074e-05  3.68028e-06  4.00623e-03  5.37297e-03
  2.17074e-05  4.90705e-06  4.70819e-03  5.39904e-03
  2.17074e-05  6.13381e-06  5.43234e-03  5.43372e-03
  2.17074e-05  7.36057e-06  6.17908e-03  5.47712e-03
  2.17074e-05  8.58733e-06  6.94879e-03  5.52929e-03
  2.17074e-05  9.81409e-06  7.74186e-03  5.59032e-03
  2.17074e-05  1.10409e-05  8.55867e-03  5.66028e-03
  2.17074e-05  1.22676e-05  9.39962e-03  5.73926e-03
  2.17074e-05  1.34944e-05  1.02651e-02  5.82732e-03
  2.17074e-05  1.47211e-05  1.11554e-02  5.92456e-03
  2.17074e-05  1.59479e-05  1.20711e-02  6.03103e-03
  2.17074e-05  1.71747e-05  1.30124e-02  6.14683e-03
  2.17074e-05  1.84014e-05  1.39798e-02  6.27202e-03
  2.17074e-05  1.96282e-05  1.49737e-02  6.40669e-03
  2.17074e-05  2.08549e-05  1.59944e-02  6.55091e-03
  2.17074e-05  2.20817e-05  1.70423e-02  6.70476e-03
  2.17074e-05  2.33085e-05  1.81178e-02  6.86832e-03
  2.17074e-05  2.45352e-05  1.92213e-02  7.04167e-03
  2.17074e-05  2.57620e-05  2.03532e-02  7.22487e-03
  2.17074e-05  2.69888e-05  2.15139e-02  7.41802e-03
  2.17074e-05  2.82155e-05  2.27038e-02  7.62118e-03
  2.17074e-05  2.94423e-05  2.39231e-02  7.83443e-03
  2.17074e-05  3.06690e-05  2.51725e-02  8.05785e-03

  2.29843e-05  0.00000e+00  2.50586e-03  6.02136e-03
  2.29843e-05  1.22676e-06  3.18755e-03  6.04405e-03
  2.29843e-05  2.45352e-06  3.89094e-03  6.07553e-03
  2.29843e-05  3.68028e-06  4.61642e-03  6.11589e-03
  2.29843e-05  4.90705e-06  5.36436e-03  6.16520e-03
  2.29843e-05  6.13381e-06  6.13516e-03  6.22354e-03
  2.29843e-05  7.36057e-06  6.92920e-03  6.29098e-03
  2.29843e-05  8.58733e-06  7.74688e-03  6.36761e-03
  2.29843e-05  9.81409e-06  8.58857e-03  6.45349e-03
  2.29843e-05  1.10409e-05  9.45466e-03  6.54872e-03
  2.29843e-05  1.22676e-05  1.03455e-02  6.65335e-03
  2.29843e-05  1.34944e-05  1.12616e-02  6.76748e-03
  2.29843e-05  1.47211e-05  1.22032e-02  6.89118e-03
  2.29843e-05  1.59479e-05  1.31708e-02  7.02453e-03
  2.29843e-05  1.71747e-05  1.41647e-02  7.16760e-03
  2.29843e-05  1.84014e-05  1.51853e-02  7.32046e-03
  2.29843e-05  1.96282e-05  1.62331e-02  7.48321e-03
  2.29843e-05  2.08549e-05  1.73083e-02  7.65591e-03
  2.29843e-05  2.20817e-05  1.84115e-02  7.83865e-03
  2.29843e-05  2.33085e-05  1.95429e-02  8.03149e-03
  2.29843e-05  2.45352e-05  2.07029e-02  8.23452e-03
  2.29843e-05  2.57620e-05  2.18920e-02  8.44781e-03
  2.29843e-05  2.69888e-05  2.31105e-02  8.67145e-03
  2.29843e-05  2.82155e-05  2.43589e-02  8.90550e-03
  2.29843e-05  2.94423e-05  2.56374e-02  9.15005e-03
  2.29843e-05  3.06690e-05  2.69466e-02  9.40518e-03

  2.42612e-05  0.00000e+00  3.02498e-03  6.74287e-03
  2.42612e-05  1.22676e-06  3.75156e-03  6.78828e-03
  2.42612e-05  2.45352e-06  4.50049e-03  6.84290e-03
  2.42612e-05  3.68028e-06  5.27217e-03  6.90679e-03
  2.42612e-05  4.90705e-06  6.06698e-03  6.98003e-03
  2.42612e-05  6.13381e-06  6.88530e-03  7.06270e-03
  2.42612e-05  7.36057e-06  7.72752e-03  7.15488e-03
  2.42612e-05  8.58733e-06  8.59404e-03  7.25665e-03
  2.42612e-05  9.81409e-06  9.48523e-03  7.36808e-03
  2.42612e-05  1.10409e-05  1.04015e-02  7.48925e-03
  2.42612e-05  1.22676e-05  1.13432e-02  7.62023e-03
  2.42612e-05  1.34944e-05  1.23107e-02  7.76111e-03
  2.42612e-05  1.47211e-05  1.33045e-02  7.91196e-03
  2.42612e-05  1.59479e-05  1.43249e-02  8.07286e-03
  2.42612e-05  1.71747e-05  1.53722e-02  8.24389e-03
  2.42612e-05  1.84014e-05  1.64470e-02  8.42512e-03
  2.42612e-05  1.96282e-05  1.75495e-02  8.61663e-03
  2.42612e-05  2.08549e-05  1.86802e-02  8.81850e-03
  2.42612e-05  2.20817e-05  1.98394e-02  9.03080e-03
  2.42612e-05  2.33085e-05  2.10275e-02  9.25361e-03
  2.42612e-05  2.45352e-05  2.22450e-02  9.48702e-03
  2.42612e-05  2.57620e-05  2.34922e-02  9.73109e-03
  2.42612e-05  2.69888e-05  2.47694e-02  9.98590e-03
  2.42612e-05  2.82155e-05  2.60772e-02  1.02515e-02
  2.42612e-05  2.94423e-05  2.74158e-02  1.05281e-02
  2.42612e-05  3.06690e-05  2.87856e-02  1.08156e-02

  2.55381e-05  0.00000e+00  3.58754e-03  7.51122e-03
  2.55381e-05  1.22676e-06  4.35989e-03  7.58004e-03
  2.55381e-05  2.45352e-06  5.15524e-03  7.65847e-03
  2.55381e-05  3.68028e-06  5.97400e-03  7.74657e-03
  2.55381e-05  4.90705e-06  6.81655e-03  7.84444e-03
  2.55381e-05  6.13381e-06  7.68328e-03  7.95213e-03
  2.55381e-05  7.36057e-06  8.57456e-03  8.06974e-03
  2.55381e-05  8.58733e-06  9.49080e-03  8.19733e-03
  2.55381e-05  9.81409e-06  1.04324e-02  8.33499e-03
  2.55381e-05  1.10409e-05  1.13997e-02  8.48279e-03
  2.55381e-05  1.22676e-05  1.23931e-02  8.64081e-03
  2.55381e-05  1.34944e-05  1.34130e-02  8.80913e-03
  2.55381e-05  1.47211e-05  1.44597e-02  8.98782e-03
  2.55381e-05  1.59479e-05  1.55338e-02  9.17696e-03
  2.55381e-05  1.71747e-05  1.66355e-02  9.37663e-03
  2.55381e-05  1.84014e-05  1.77652e-02  9.58690e-03
  2.55381e-05  1.96282e-05  1.89234e-02  9.80786e-03
  2.55381e-05  2.08549e-05  2.01104e-02  1.00396e-02
  2.55381e-05  2.20817e-05  2.13266e-02  1.02821e-02
  2.55381e-05  2.33085e-05  2.25724e-02  1.05356e-02
  2.55381e-05  2.45352e-05  2.38481e-02  1.08001e-02
  2.55381e-05  2.57620e-05  2.51542e-02  1.10756e-02
  2.55381e-05  2.69888e-05  2.64911e-02  1.13623e-02
  2.55381e-05  2.82155e-05  2.78591e-02  1.16602e-02
  2.55381e-05  2.94423e-05  2.92586e-02  1.19694e-02
  2.55381e-05  3.06690e-05  3.06901e-02  1.22900e-02

  2.68150e-05  0.00000e+00  4.19407e-03  8.32731e-03
  2.68150e-05  1.22676e-06  5.01306e-03  8.42024e-03
  2.68150e-05  2.45352e-06  5.85572e-03  8.52316e-03
  2.68150e-05  3.68028e-06  6.72244e-03  8.63617e-03
  2.68150e-05  4.90705e-06  7.61361e-03  8.75934e-03
  2.68150e-05  6.13381e-06  8.52961e-03  8.89274e-03
  2.68150e-05  7.36057e-06  9.47084e-03  9.03646e-03
  2.68150e-05  8.58733e-06  1.04377e-02  9.19056e-03
  2.68150e-05  9.81409e-06  1.14305e-02  9.35514e-03
  2.68150e-05  1.10409e-05  1.24497e-02  9.53026e-03
  2.68150e-05  1.22676e-05  1.34957e-02  9.71600e-03
  2.68150e-05  1.34944e-05  1.45688e-02  9.91244e-03
  2.68150e-05  1.47211e-05  1.56695e-02  1.01197e-02
  2.68150e-05  1.59479e-05  1.67981e-02  1.03377e-02
  2.68150e-05  1.71747e-05  1.79550e-02  1.05667e-02
  2.68150e-05  1.84014e-05  1.91406e-02  1.08067e-02
  2.68150e-05  1.96282e-05  2.03553e-02  1.10578e-02
  2.68150e-05  2.08549e-05  2.15995e-02  1.13201e-02
  2.68150e-05  2.20817e-05  2.28736e-02  1.15936e-02
  2.68150e-05  2.33085e-05  2.41779e-02  1.18784e-02
  2.68150e-05  2.45352e-05  2.55128e-02  1.21746e-02
  2.68150e-05  2.57620e-05  2.68787e-02  1.24823e-02
  2.68150e-05  2.69888e-05  2.82761e-02  1.28015e-02
  2.68150e-05  2.82155e-05  2.97052e-02  1.31324e-02
  2.68150e-05  2.94423e-05  3.11666e-02  1.34749e-02
  2.68150e-05  3.06690e-05  3.26605e-02  1.38293e-02

  2.80919e-05  0.00000e+00  4.84508e-03  9.19208e-03
  2.80919e-05  1.22676e-06  5.71159e-03  9.30978e-03
  2.80919e-05  2.45352e-06  6.60243e-03  9.43789e-03
  2.80919e-05  3.68028e-06  7.51800e-03  9.57649e-03
  2.80919e-05  4.90705e-06  8.45866e-03  9.72565e-03
  2.80919e-05  6.13381e-06  9.42483e-03  9.88545e-03
  2.80919e-05  7.36057e-06  1.04169e-02  1.00560e-02
  2.80919e-05  8.58733e-06  1.14352e-02  1.02373e-02
  2.80919e-05  9.81409e-06  1.24801e-02  1.04294e-02
  2.80919e-05  1.10409e-05  1.35522e-02  1.06326e-02
  2.80919e-05  1.22676e-05  1.46516e-02  1.08467e-02
  2.80919e-05  1.34944e-05  1.57788e-02  1.10720e-02
  2.80919e-05  1.47211e-05  1.69343e-02  1.13084e-02
  2.80919e-05  1.59479e-05  1.81183e-02  1.15561e-02
  2.80919e-05  1.71747e-05  1.93313e-02  1.18151e-02
  2.80919e-05  1.84014e-05  2.05737e-02  1.20855e-02
  2.80919e-05  1.96282e-05  2.18458e-02  1.23674e-02
  2.80919e-05  2.08549e-05  2.31481e-02  1.26609e-02
  2.80919e-05  2.20817e-05  2.44808e-02  1.29660e-02
  2.80919e-05  2.33085e-05  2.58445e-02  1.32829e-02
  2.80919e-05  2.45352e-05  2.72395e-02  1.36115e-02
  2.80919e-05  2.57620e-05  2.86662e-02  1.39520e-02
  2.80919e-05  2.69888e-05  3.01249e-02  1.43045e-02
  2.80919e-05  2.82155e-05  3.16161e-02  1.46690e-02
  2.80919e-05  2.94423e-05  3.31401e-02  1.50456e-02
  2.80919e-05  3.06690e-05  3.46973e-02  1.54344e-02

  2.93688e-05  0.00000e+00  5.54109e-03  1.01064e-02
  2.93688e-05  1.22676e-06  6.45600e-03  1.02496e-02
  2.93688e-05  2.45352e-06  7.39591e-03  1.04036e-02
  2.93688e-05  3.68028e-06  8.36119e-03  1.05684e-02
  2.93688e-05  4.90705e-06  9.35224e-03  1.07443e-02
  2.93688e-05  6.13381e-06  1.03694e-02  1.09312e-02
  2.93688e-05  7.36057e-06  1.14132e-02  1.11292e-02
  2.93688e-05  8.58733e-06  1.24838e-02  1.13383e-02
  2.93688e-05  9.81409e-06  1.35818e-02  1.15588e-02
  2.93688e-05  1.10409e-05  1.47075e-02  1.17906e-02
  2.93688e-05  1.22676e-05  1.58613e-02  1.20339e-02
  2.93688e-05  1.34944e-05  1.70435e-02  1.22886e-02
  2.93688e-05  1.47211e-05  1.82546e-02  1.25549e-02
  2.93688e-05  1.59479e-05  1.94950e-02  1.28329e-02
  2.93688e-05  1.71747e-05  2.07649e-02  1.31226e-02
  2.93688e-05  1.84014e-05  2.20649e-02  1.34242e-02
  2.93688e-05  1.96282e-05  2.33954e-02  1.37376e-02
  2.93688e-05  2.08549e-05  2.47566e-02  1.40630e-02
  2.93688e-05  2.20817e-05  2.61489e-02  1.44004e-02
  2.93688e-05  2.33085e-05  2.75729e-02  1.47500e-02
  2.93688e-05  2.45352e-05  2.90288e-02  1.51117e-02
  2.93688e-05  2.57620e-05  3.05170e-02  1.54858e-02
  2.93688e-05  2.69888e-05  3.20380e-02  1.58722e-02
  2.93688e-05  2.82155e-05  3.35921e-02  1.62710e-02
  2.93688e-05  2.94423e-05  3.51797e-02  1.66823e-02
  2.93688e-05  3.06690e-05  3.68011e-02  1.71062e-02

  3.06458e-05  0.00000e+00  6.28263e-03  1.10712e-02
  3.06458e-05  1.22676e-06  7.24682e-03  1.12406e-02
  3.06458e-05  2.45352e-06  8.23666e-03  1.14211e-02
  3.06458e-05  3.68028e-06  9.25254e-03  1.16130e-02
  3.06458e-05  4.90705e-06  1.02948e-02  1.18162e-02
  3.06458e-05  6.13381e-06  1.13640e-02  1.20308e-02
  3.06458e-05  7.36057e-06  1.24603e-02  1.22570e-02
  3.06458e-05  8.58733e-06  1.35842e-02  1.24947e-02
  3.06458e-05  9.81409e-06  1.47361e-02  1.27442e-02
  3.06458e-05  1.10409e-05  1.59163e-02  1.30054e-02
  3.06458e-05  1.22676e-05  1.71253e-02  1.32784e-02
  3.06458e-05  1.34944e-05  1.83634e-02  1.35633e-02
  3.06458e-05  1.47211e-05  1.96310e-02  1.38602e-02
  3.06458e-05  1.59479e-05  2.09286e-02  1.41692e-02
  3.06458e-05  1.71747e-05  2.22564e-02  1.44903e-02
  3.06458e-05  1.84014e-05  2.36149e-02  1.48236e-02
  3.06458e-05  1.96282e-05  2.50045e-02  1.51692e-02
  3.06458e-05  2.08549e-05  2.64255e-02  1.55272e-02
  3.06458e-05  2.20817e-05  2.78784e-02  1.58977e-02
  3.06458e-05  2.33085e-05  2.93635e-02  1.62806e-02
  3.06458e-05  2.45352e-05  3.08812e-02  1.66762e-02
  3.06458e-05  2.57620e-05  3.24319e-02  1.70844e-02
  3.06458e-05  2.69888e-05  3.40160e-02  1.75054e-02
  3.06458e-05  2.82155e-05  3.56338e-02  1.79393e-02
  3.06458e-05  2.94423e-05  3.72859e-02  1.83860e-02
  3.06458e-05  3.06690e-05  3.89725e-02  1.88457e-02

  3.19227e-05  0.00000e+00  7.07020e-03  1.20875e-02
  3.19227e-05  1.22676e-06  8.08454e-03  1.22837e-02
  3.19227e-05  2.45352e-06  9.12520e-03  1.24915e-02
  3.19227e-05  3.68028e-06  1.01926e-02  1.27109e-02
  3.19227e-05  4.90705e-06  1.12870e-02  1.29422e-02
  3.19227e-05  6.13381e-06  1.24089e-02  1.31853e-02
  3.19227e-05  7.36057e-06  1.35587e-02  1.34403e-02
  3.19227e-05  8.58733e-06  1.47367e-02  1.37073e-02
  3.19227e-05  9.81409e-06  1.59434e-02  1.39864e-02
  3.19227e-05  1.10409e-05  1.71790e-02  1.42777e-02
  3.19227e-05  1.22676e-05  1.84441e-02  1.45812e-02
  3.19227e-05  1.34944e-05  1.97390e-02  1.48969e-02
  3.19227e-05  1.47211e-05  2.10640e-02  1.52251e-02
  3.19227e-05  1.59479e-05  2.24196e-02  1.55658e-02
  3.19227e-05  1.71747e-05  2.38062e-02  1.59190e-02
  3.19227e-05  1.84014e-05  2.52241e-02  1.62848e-02
  3.19227e-05  1.96282e-05  2.66737e-02  1.66633e-02
  3.19227e-05  2.08549e-05  2.81554e-02  1.70545e-02
  3.19227e-05  2.20817e-05  2.96697e-02  1.74587e-02
  3.19227e-05  2.33085e-05  3.12168e-02  1.78757e-02
  3.19227e-05  2.45352e-05  3.27972e-02  1.83058e-02
  3.19227e-05  2.57620e-05  3.44112e-02  1.87489e-02
  3.19227e-05  2.69888e-05  3.60593e-02  1.92052e-02
  3.19227e-05  2.82155e-05  3.77419e-02  1.96747e-02
  3.19227e-05  2.94423e-05  3.94592e-02  2.01576e-02
  3.19227e-05  3.06690e-05  4.12118e-02  2.06538e-02

