 -3.50000e-02  0.00000e+00  7.97907e-03 -6.45773e-03
 -3.50000e-02  1.27691e-06  9.53399e-03 -6.08615e-03
 -3.50000e-02  2.55381e-06  1.11279e-02 -5.67658e-03
 -3.50000e-02  3.83072e-06  1.27613e-02 -5.22809e-03
 -3.50000e-02  5.10763e-06  1.44346e-02 -4.73977e-03
 -3.50000e-02  6.38453e-06  1.61485e-02 -4.21071e-03
 -3.50000e-02  7.66144e-06  1.79035e-02 -3.63999e-03
 -3.50000e-02  8.93835e-06  1.97000e-02 -3.02670e-03
 -3.50000e-02  1.02153e-05  2.15385e-02 -2.36992e-03
 -3.50000e-02  1.14922e-05  2.34197e-02 -1.66874e-03
 -3.50000e-02  1.27691e-05  2.53440e-02 -9.22250e-04
 -3.50000e-02  1.40460e-05  2.73119e-02 -1.29524e-04
 -3.50000e-02  1.53229e-05  2.93240e-02  7.10347e-04
 -3.50000e-02  1.65998e-05  3.13807e-02  1.59828e-03
 -3.50000e-02  1.78767e-05  3.34826e-02  2.53519e-03
 -3.50000e-02  1.91536e-05  3.56302e-02  3.52198e-03
 -3.50000e-02  2.04305e-05  3.78240e-02  4.55959e-03
 -3.50000e-02  2.17074e-05  4.00646e-02  5.64891e-03
 -3.50000e-02  2.29843e-05  4.23525e-02  6.79086e-03
 -3.50000e-02  2.42612e-05  4.46881e-02  7.98637e-03
 -3.50000e-02  2.55381e-05  4.70720e-02  9.23634e-03
 -3.50000e-02  2.68150e-05  4.95047e-02  1.05417e-02
 -3.50000e-02  2.80919e-05  5.19868e-02  1.19033e-02
 -3.50000e-02  2.93688e-05  5.45187e-02  1.33222e-02
 -3.50000e-02  3.06458e-05  5.71010e-02  1.47992e-02
 -3.50000e-02  3.19227e-05  5.97342e-02  1.63352e-02

 -3.36000e-02  0.00000e+00  5.79819e-03 -6.14121e-03
 -3.36000e-02  1.27691e-06  7.21877e-03 -5.79795e-03
 -3.36000e-02  2.55381e-06  8.67834e-03 -5.41682e-03
 -3.36000e-02  3.83072e-06  1.01774e-02 -4.99689e-03
 -3.36000e-02  5.10763e-06  1.17165e-02 -4.53726e-03
 -3.36000e-02  6.38453e-06  1.32961e-02 -4.03701e-03
 -3.36000e-02  7.66144e-06  1.49168e-02 -3.49521e-03
 -3.36000e-02  8.93835e-06  1.65791e-02 -2.91097e-03
 -3.36000e-02  1.02153e-05  1.82835e-02 -2.28336e-03
 -3.36000e-02  1.14922e-05  2.00304e-02 -1.61147e-03
 -3.36000e-02  1.27691e-05  2.18205e-02 -8.94385e-04
 -3.36000e-02  1.40460e-05  2.36543e-02 -1.31187e-04
 -3.36000e-02  1.53229e-05  2.55322e-02  6.79035e-04
 -3.36000e-02  1.65998e-05  2.74549e-02  1.53720e-03
 -3.36000e-02  1.78767e-05  2.94227e-02  2.44422e-03
 -3.36000e-02  1.91536e-05  3.14362e-02  3.40100e-03
 -3.36000e-02  2.04305e-05  3.34960e-02  4.40847e-03
 -3.36000e-02  2.17074e-05  3.56026e-02  5.46755e-03
 -3.36000e-02  2.29843e-05  3.77564e-02  6.57913e-03
 -3.36000e-02  2.42612e-05  3.99580e-02  7.74415e-03
 -3.36000e-02  2.55381e-05  4.22080e-02  8.96350e-03
 -3.36000e-02  2.68150e-05  4.45068e-02  1.02381e-02
 -3.36000e-02  2.80919e-05  4.68549e-02  1.15689e-02
 -3.36000e-02  2.93688e-05  4.92529e-02  1.29568e-02
 -3.36000e-02  3.06458e-05  5.17013e-02  1.44027e-02
 -3.36000e-02  3.19227e-05  5.42006e-02  1.59075e-02

 -3.22000e-02  0.00000e+00  3.97850e-03 -5.82508e-03
 -3.22000e-02  1.27691e-06  5.27305e-03 -5.50781e-03
 -3.22000e-02  2.55381e-06  6.60660e-03 -5.15281e-03
 -3.22000e-02  3.83072e-06  7.97965e-03 -4.75914e-03
 -3.22000e-02  5.10763e-06  9.39272e-03 -4.32591e-03
 -3.22000e-02  6.38453e-06  1.08463e-02 -3.85219e-03
 -3.22000e-02  7.66144e-06  1.23410e-02 -3.33706e-03
 -3.22000e-02  8.93835e-06  1.38773e-02 -2.77963e-03
 -3.22000e-02  1.02153e-05  1.54556e-02 -2.17896e-03
 -3.22000e-02  1.14922e-05  1.70766e-02 -1.53414e-03
 -3.22000e-02  1.27691e-05  1.87407e-02 -8.44270e-04
 -3.22000e-02  1.40460e-05  2.04485e-02 -1.08422e-04
 -3.22000e-02  1.53229e-05  2.22004e-02  6.74317e-04
 -3.22000e-02  1.65998e-05  2.39970e-02  1.50486e-03
 -3.22000e-02  1.78767e-05  2.58389e-02  2.38412e-03
 -3.22000e-02  1.91536e-05  2.77264e-02  3.31302e-03
 -3.22000e-02  2.04305e-05  2.96602e-02  4.29246e-03
 -3.22000e-02  2.17074e-05  3.16408e-02  5.32337e-03
 -3.22000e-02  2.29843e-05  3.36686e-02  6.40666e-03
 -3.22000e-02  2.42612e-05  3.57443e-02  7.54323e-03
 -3.22000e-02  2.55381e-05  3.78683e-02  8.73402e-03
 -3.22000e-02  2.68150e-05  4.00411e-02  9.97993e-03
 -3.22000e-02  2.80919e-05  4.22632e-02  1.12819e-02
 -3.22000e-02  2.93688e-05  4.45353e-02  1.26408e-02
 -3.22000e-02  3.06458e-05  4.68577e-02  1.40575e-02
 -3.22000e-02  3.19227e-05  4.92310e-02  1.55331e-02

 -3.08000e-02  0.00000e+00  2.47619e-03 -5.51073e-03
 -3.08000e-02  1.27691e-06  3.65259e-03 -5.21731e-03
 -3.08000e-02  2.55381e-06  4.86796e-03 -4.88630e-03
 -3.08000e-02  3.83072e-06  6.12282e-03 -4.51678e-03
 -3.08000e-02  5.10763e-06  7.41769e-03 -4.10784e-03
 -3.08000e-02  6.38453e-06  8.75309e-03 -3.65857e-03
 -3.08000e-02  7.66144e-06  1.01295e-02 -3.16805e-03
 -3.08000e-02  8.93835e-06  1.15475e-02 -2.63536e-03
 -3.08000e-02  1.02153e-05  1.30076e-02 -2.05959e-03
 -3.08000e-02  1.14922e-05  1.45103e-02 -1.43983e-03
 -3.08000e-02  1.27691e-05  1.60561e-02 -7.75163e-04
 -3.08000e-02  1.40460e-05  1.76456e-02 -6.46697e-05
 -3.08000e-02  1.53229e-05  1.92792e-02  6.92562e-04
 -3.08000e-02  1.65998e-05  2.09574e-02  1.49745e-03
 -3.08000e-02  1.78767e-05  2.26809e-02  2.35090e-03
 -3.08000e-02  1.91536e-05  2.44501e-02  3.25384e-03
 -3.08000e-02  2.04305e-05  2.62655e-02  4.20717e-03
 -3.08000e-02  2.17074e-05  2.81277e-02  5.21181e-03
 -3.08000e-02  2.29843e-05  3.00371e-02  6.26869e-03
 -3.08000e-02  2.42612e-05  3.19943e-02  7.37870e-03
 -3.08000e-02  2.55381e-05  3.39998e-02  8.54277e-03
 -3.08000e-02  2.68150e-05  3.60542e-02  9.76181e-03
 -3.08000e-02  2.80919e-05  3.81578e-02  1.10367e-02
 -3.08000e-02  2.93688e-05  4.03114e-02  1.23685e-02
 -3.08000e-02  3.06458e-05  4.25153e-02  1.37579e-02
 -3.08000e-02  3.19227e-05  4.47701e-02  1.52060e-02

 -2.94000e-02  0.00000e+00  1.25157e-03 -5.19934e-03
 -2.94000e-02  1.27691e-06  2.31722e-03 -4.92779e-03
 -2.94000e-02  2.55381e-06  3.42182e-03 -4.61882e-03
 -2.94000e-02  3.83072e-06  4.56587e-03 -4.27151e-03
 -2.94000e-02  5.10763e-06  5.74990e-03 -3.88495e-03
 -2.94000e-02  6.38453e-06  6.97442e-03 -3.45822e-03
 -2.94000e-02  7.66144e-06  8.23996e-03 -2.99040e-03
 -2.94000e-02  8.93835e-06  9.54703e-03 -2.48059e-03
 -2.94000e-02  1.02153e-05  1.08961e-02 -1.92787e-03
 -2.94000e-02  1.14922e-05  1.22878e-02 -1.33131e-03
 -2.94000e-02  1.27691e-05  1.37226e-02 -6.90018e-04
 -2.94000e-02  1.40460e-05  1.52010e-02 -3.06575e-06
 -2.94000e-02  1.53229e-05  1.67235e-02  7.30458e-04
 -2.94000e-02  1.65998e-05  1.82906e-02  1.51147e-03
 -2.94000e-02  1.78767e-05  1.99029e-02  2.34088e-03
 -2.94000e-02  1.91536e-05  2.15609e-02  3.21961e-03
 -2.94000e-02  2.04305e-05  2.32650e-02  4.14857e-03
 -2.94000e-02  2.17074e-05  2.50159e-02  5.12867e-03
 -2.94000e-02  2.29843e-05  2.68140e-02  6.16084e-03
 -2.94000e-02  2.42612e-05  2.86599e-02  7.24598e-03
 -2.94000e-02  2.55381e-05  3.05540e-02  8.38501e-03
 -2.94000e-02  2.68150e-05  3.24970e-02  9.57885e-03
 -2.94000e-02  2.80919e-05  3.44892e-02  1.08284e-02
 -2.94000e-02  2.93688e-05  3.65313e-02  1.21346e-02
 -2.94000e-02  3.06458e-05  3.86237e-02  1.34983e-02
 -2.94000e-02  3.19227e-05  4.07669e-02  1.49205e-02

 -2.80000e-02  0.00000e+00  2.68683e-04 -4.89187e-03
 -2.80000e-02  1.27691e-06  1.23059e-03 -4.64040e-03
 -2.80000e-02  2.55381e-06  2.23139e-03 -4.35169e-03
 -2.80000e-02  3.83072e-06  3.27159e-03 -4.02482e-03
 -2.80000e-02  5.10763e-06  4.35171e-03 -3.65888e-03
 -2.80000e-02  6.38453e-06  5.47228e-03 -3.25295e-03
 -2.80000e-02  7.66144e-06  6.63381e-03 -2.80613e-03
 -2.80000e-02  8.93835e-06  7.83681e-03 -2.31748e-03
 -2.80000e-02  1.02153e-05  9.08182e-03 -1.78611e-03
 -2.80000e-02  1.14922e-05  1.03693e-02 -1.21109e-03
 -2.80000e-02  1.27691e-05  1.16999e-02 -5.91510e-04
 -2.80000e-02  1.40460e-05  1.30740e-02  7.35453e-05
 -2.80000e-02  1.53229e-05  1.44922e-02  7.84990e-04
 -2.80000e-02  1.65998e-05  1.59550e-02  1.54374e-03
 -2.80000e-02  1.78767e-05  1.74628e-02  2.35071e-03
 -2.80000e-02  1.91536e-05  1.90163e-02  3.20681e-03
 -2.80000e-02  2.04305e-05  2.06160e-02  4.11296e-03
 -2.80000e-02  2.17074e-05  2.22623e-02  5.07008e-03
 -2.80000e-02  2.29843e-05  2.39558e-02  6.07907e-03
 -2.80000e-02  2.42612e-05  2.56970e-02  7.14086e-03
 -2.80000e-02  2.55381e-05  2.74864e-02  8.25635e-03
 -2.80000e-02  2.68150e-05  2.93246e-02  9.42647e-03
 -2.80000e-02  2.80919e-05  3.12120e-02  1.06521e-02
 -2.80000e-02  2.93688e-05  3.31492e-02  1.19342e-02
 -2.80000e-02  3.06458e-05  3.51366e-02  1.32737e-02
 -2.80000e-02  3.19227e-05  3.71749e-02  1.46715e-02

 -2.66000e-02  0.00000e+00 -5.04836e-04 -4.58909e-03
 -2.66000e-02  1.27691e-06  3.59896e-04 -4.35607e-03
 -2.66000e-02  2.55381e-06  1.26345e-03 -4.08600e-03
 -2.66000e-02  3.83072e-06  2.20633e-03 -3.77797e-03
 -2.66000e-02  5.10763e-06  3.18908e-03 -3.43106e-03
 -2.66000e-02  6.38453e-06  4.21219e-03 -3.04437e-03
 -2.66000e-02  7.66144e-06  5.27620e-03 -2.61697e-03
 -2.66000e-02  8.93835e-06  6.38162e-03 -2.14796e-03
 -2.66000e-02  1.02153e-05  7.52896e-03 -1.63641e-03
 -2.66000e-02  1.14922e-05  8.71876e-03 -1.08141e-03
 -2.66000e-02  1.27691e-05  9.95151e-03 -4.82051e-04
 -2.66000e-02  1.40460e-05  1.12278e-02  1.62587e-04
 -2.66000e-02  1.53229e-05  1.25480e-02  8.53418e-04
 -2.66000e-02  1.65998e-05  1.39128e-02  1.59136e-03
 -2.66000e-02  1.78767e-05  1.53226e-02  2.37731e-03
 -2.66000e-02  1.91536e-05  1.67779e-02  3.21221e-03
 -2.66000e-02  2.04305e-05  1.82794e-02  4.09696e-03
 -2.66000e-02  2.17074e-05  1.98274e-02  5.03247e-03
 -2.66000e-02  2.29843e-05  2.14226e-02  6.01967e-03
 -2.66000e-02  2.42612e-05  2.30653e-02  7.05946e-03
 -2.66000e-02  2.55381e-05  2.47563e-02  8.15276e-03
 -2.66000e-02  2.68150e-05  2.64959e-02  9.30049e-03
 -2.66000e-02  2.80919e-05  2.82846e-02  1.05036e-02
 -2.66000e-02  2.93688e-05  3.01231e-02  1.17629e-02
 -2.66000e-02  3.06458e-05  3.20118e-02  1.30794e-02
 -2.66000e-02  3.19227e-05  3.39513e-02  1.44539e-02

 -2.52000e-02  0.00000e+00 -1.09808e-03 -4.29165e-03
 -2.52000e-02  1.27691e-06 -3.24352e-04 -4.07559e-03
 -2.52000e-02  2.55381e-06  4.88110e-04 -3.82269e-03
 -2.52000e-02  3.83072e-06  1.33982e-03 -3.53205e-03
 -2.52000e-02  5.10763e-06  2.23130e-03 -3.20275e-03
 -2.52000e-02  6.38453e-06  3.16307e-03 -2.83387e-03
 -2.52000e-02  7.66144e-06  4.13564e-03 -2.42450e-03
 -2.52000e-02  8.93835e-06  5.14954e-03 -1.97372e-03
 -2.52000e-02  1.02153e-05  6.20528e-03 -1.48063e-03
 -2.52000e-02  1.14922e-05  7.30337e-03 -9.44296e-04
 -2.52000e-02  1.27691e-05  8.44435e-03 -3.63814e-04
 -2.52000e-02  1.40460e-05  9.62872e-03  2.61733e-04
 -2.52000e-02  1.53229e-05  1.08570e-02  9.33260e-04
 -2.52000e-02  1.65998e-05  1.21297e-02  1.65168e-03
 -2.52000e-02  1.78767e-05  1.34474e-02  2.41791e-03
 -2.52000e-02  1.91536e-05  1.48105e-02  3.23286e-03
 -2.52000e-02  2.04305e-05  1.62197e-02  4.09746e-03
 -2.52000e-02  2.17074e-05  1.76753e-02  5.01260e-03
 -2.52000e-02  2.29843e-05  1.91780e-02  5.97922e-03
 -2.52000e-02  2.42612e-05  2.07282e-02  6.99822e-03
 -2.52000e-02  2.55381e-05  2.23265e-02  8.07051e-03
 -2.52000e-02  2.68150e-05  2.39733e-02  9.19702e-03
 -2.52000e-02  2.80919e-05  2.56693e-02  1.03787e-02
 -2.52000e-02  2.93688e-05  2.74149e-02  1.16163e-02
 -2.52000e-02  3.06458e-05  2.92106e-02  1.29110e-02
 -2.52000e-02  3.19227e-05  3.10569e-02  1.42635e-02

 -2.38000e-02  0.00000e+00 -1.53710e-03 -4.00001e-03
 -2.38000e-02  1.27691e-06 -8.48576e-04 -3.79958e-03
 -2.38000e-02  2.55381e-06 -1.21428e-04 -3.56254e-03
 -2.38000e-02  3.83072e-06  6.44864e-04 -3.28799e-03
 -2.38000e-02  5.10763e-06  1.45082e-03 -2.97500e-03
 -2.38000e-02  6.38453e-06  2.29696e-03 -2.62266e-03
 -2.38000e-02  7.66144e-06  3.18379e-03 -2.23006e-03
 -2.38000e-02  8.93835e-06  4.11185e-03 -1.79629e-03
 -2.38000e-02  1.02153e-05  5.08164e-03 -1.32042e-03
 -2.38000e-02  1.14922e-05  6.09369e-03 -8.01544e-04
 -2.38000e-02  1.27691e-05  7.14851e-03 -2.38746e-04
 -2.38000e-02  1.40460e-05  8.24663e-03  3.68888e-04
 -2.38000e-02  1.53229e-05  9.38855e-03  1.02227e-03
 -2.38000e-02  1.65998e-05  1.05748e-02  1.72233e-03
 -2.38000e-02  1.78767e-05  1.18059e-02  2.46996e-03
 -2.38000e-02  1.91536e-05  1.30824e-02  3.26609e-03
 -2.38000e-02  2.04305e-05  1.44047e-02  4.11163e-03
 -2.38000e-02  2.17074e-05  1.57735e-02  5.00749e-03
 -2.38000e-02  2.29843e-05  1.71892e-02  5.95460e-03
 -2.38000e-02  2.42612e-05  1.86523e-02  6.95386e-03
 -2.38000e-02  2.55381e-05  2.01633e-02  8.00619e-03
 -2.38000e-02  2.68150e-05  2.17229e-02  9.11250e-03
 -2.38000e-02  2.80919e-05  2.33314e-02  1.02737e-02
 -2.38000e-02  2.93688e-05  2.49895e-02  1.14907e-02
 -2.38000e-02  3.06458e-05  2.66976e-02  1.27645e-02
 -2.38000e-02  3.19227e-05  2.84562e-02  1.40959e-02

 -2.24000e-02  0.00000e+00 -1.84509e-03 -3.71452e-03
 -2.24000e-02  1.27691e-06 -1.23636e-03 -3.52853e-03
 -2.24000e-02  2.55381e-06 -5.89122e-04 -3.30617e-03
 -2.24000e-02  3.83072e-06  9.71351e-05 -3.04654e-03
 -2.24000e-02  5.10763e-06  8.22933e-04 -2.74872e-03
 -2.24000e-02  6.38453e-06  1.58879e-03 -2.41180e-03
 -2.24000e-02  7.66144e-06  2.39522e-03 -2.03485e-03
 -2.24000e-02  8.93835e-06  3.24275e-03 -1.61698e-03
 -2.24000e-02  1.02153e-05  4.13190e-03 -1.15725e-03
 -2.24000e-02  1.14922e-05  5.06317e-03 -6.54758e-04
 -2.24000e-02  1.27691e-05  6.03710e-03 -1.08589e-04
 -2.24000e-02  1.40460e-05  7.05420e-03  4.82173e-04
 -2.24000e-02  1.53229e-05  8.11498e-03  1.11844e-03
 -2.24000e-02  1.65998e-05  9.21998e-03  1.80114e-03
 -2.24000e-02  1.78767e-05  1.03697e-02  2.53117e-03
 -2.24000e-02  1.91536e-05  1.15647e-02  3.30945e-03
 -2.24000e-02  2.04305e-05  1.28054e-02  4.13690e-03
 -2.24000e-02  2.17074e-05  1.40924e-02  5.01443e-03
 -2.24000e-02  2.29843e-05  1.54262e-02  5.94296e-03
 -2.24000e-02  2.42612e-05  1.68073e-02  6.92339e-03
 -2.24000e-02  2.55381e-05  1.82362e-02  7.95666e-03
 -2.24000e-02  2.68150e-05  1.97135e-02  9.04366e-03
 -2.24000e-02  2.80919e-05  2.12397e-02  1.01853e-02
 -2.24000e-02  2.93688e-05  2.28153e-02  1.13826e-02
 -2.24000e-02  3.06458e-05  2.44408e-02  1.26363e-02
 -2.24000e-02  3.19227e-05  2.61167e-02  1.39474e-02

 -2.10000e-02  0.00000e+00 -2.04266e-03 -3.43544e-03
 -2.10000e-02  1.27691e-06 -1.50866e-03 -3.26282e-03
 -2.10000e-02  2.55381e-06 -9.36287e-04 -3.05409e-03
 -2.10000e-02  3.83072e-06 -3.25036e-04 -2.80836e-03
 -2.10000e-02  5.10763e-06  3.25616e-04 -2.52469e-03
 -2.10000e-02  6.38453e-06  1.01619e-03 -2.20217e-03
 -2.10000e-02  7.66144e-06  1.74719e-03 -1.83990e-03
 -2.10000e-02  8.93835e-06  2.51915e-03 -1.43695e-03
 -2.10000e-02  1.02153e-05  3.33259e-03 -9.92405e-04
 -2.10000e-02  1.14922e-05  4.18802e-03 -5.05360e-04
 -2.10000e-02  1.27691e-05  5.08596e-03  2.51048e-05
 -2.10000e-02  1.40460e-05  6.02692e-03  5.99903e-04
 -2.10000e-02  1.53229e-05  7.01144e-03  1.21995e-03
 -2.10000e-02  1.65998e-05  8.04002e-03  1.88616e-03
 -2.10000e-02  1.78767e-05  9.11319e-03  2.59945e-03
 -2.10000e-02  1.91536e-05  1.02315e-02  3.36073e-03
 -2.10000e-02  2.04305e-05  1.13953e-02  4.17093e-03
 -2.10000e-02  2.17074e-05  1.26054e-02  5.03094e-03
 -2.10000e-02  2.29843e-05  1.38621e-02  5.94169e-03
 -2.10000e-02  2.42612e-05  1.51659e-02  6.90409e-03
 -2.10000e-02  2.55381e-05  1.65175e-02  7.91906e-03
 -2.10000e-02  2.68150e-05  1.79172e-02  8.98752e-03
 -2.10000e-02  2.80919e-05  1.93657e-02  1.01104e-02
 -2.10000e-02  2.93688e-05  2.08635e-02  1.12885e-02
 -2.10000e-02  3.06458e-05  2.24110e-02  1.25229e-02
 -2.10000e-02  3.19227e-05  2.40088e-02  1.38144e-02

 -1.96000e-02  0.00000e+00 -2.14804e-03 -3.16290e-03
 -1.96000e-02  1.27691e-06 -1.68403e-03 -3.00271e-03
 -1.96000e-02  2.55381e-06 -1.18182e-03 -2.80670e-03
 -1.96000e-02  3.83072e-06 -6.40880e-04 -2.57394e-03
 -1.96000e-02  5.10763e-06 -6.07029e-05 -2.30353e-03
 -1.96000e-02  6.38453e-06  5.59235e-04 -1.99454e-03
 -1.96000e-02  7.66144e-06  1.21945e-03 -1.64607e-03
 -1.96000e-02  8.93835e-06  1.92046e-03 -1.25720e-03
 -1.96000e-02  1.02153e-05  2.66279e-03 -8.27018e-04
 -1.96000e-02  1.14922e-05  3.44696e-03 -3.54602e-04
 -1.96000e-02  1.27691e-05  4.27347e-03  1.60960e-04
 -1.96000e-02  1.40460e-05  5.14286e-03  7.20581e-04
 -1.96000e-02  1.53229e-05  6.05563e-03  1.32518e-03
 -1.96000e-02  1.65998e-05  7.01231e-03  1.97566e-03
 -1.96000e-02  1.78767e-05  8.01342e-03  2.67295e-03
 -1.96000e-02  1.91536e-05  9.05947e-03  3.41796e-03
 -1.96000e-02  2.04305e-05  1.01510e-02  4.21160e-03
 -1.96000e-02  2.17074e-05  1.12885e-02  5.05479e-03
 -1.96000e-02  2.29843e-05  1.24725e-02  5.94844e-03
 -1.96000e-02  2.42612e-05  1.37035e-02  6.89347e-03
 -1.96000e-02  2.55381e-05  1.49820e-02  7.89080e-03
 -1.96000e-02  2.68150e-05  1.63086e-02  8.94133e-03
 -1.96000e-02  2.80919e-05  1.76838e-02  1.00460e-02
 -1.96000e-02  2.93688e-05  1.91081e-02  1.12057e-02
 -1.96000e-02  3.06458e-05  2.05820e-02  1.24213e-02
 -1.96000e-02  3.19227e-05  2.21060e-02  1.36938e-02

 -1.82000e-02  0.00000e+00 -2.17723e-03 -2.89697e-03
 -1.82000e-02  1.27691e-06 -1.77882e-03 -2.74839e-03
 -1.82000e-02  2.55381e-06 -1.34238e-03 -2.56428e-03
 -1.82000e-02  3.83072e-06 -8.67394e-04 -2.34371e-03
 -1.82000e-02  5.10763e-06 -3.53343e-04 -2.08577e-03
 -1.82000e-02  6.38453e-06  2.00292e-04 -1.78956e-03
 -1.82000e-02  7.66144e-06  7.94030e-04 -1.45415e-03
 -1.82000e-02  8.93835e-06  1.42839e-03 -1.07862e-03
 -1.82000e-02  1.02153e-05  2.10389e-03 -6.62075e-04
 -1.82000e-02  1.14922e-05  2.82104e-03 -2.03586e-04
 -1.82000e-02  1.27691e-05  3.58037e-03  2.97759e-04
 -1.82000e-02  1.40460e-05  4.38240e-03  8.42873e-04
 -1.82000e-02  1.53229e-05  5.22764e-03  1.43267e-03
 -1.82000e-02  1.65998e-05  6.11661e-03  2.06807e-03
 -1.82000e-02  1.78767e-05  7.04983e-03  2.74998e-03
 -1.82000e-02  1.91536e-05  8.02781e-03  3.47933e-03
 -1.82000e-02  2.04305e-05  9.05109e-03  4.25701e-03
 -1.82000e-02  2.17074e-05  1.01202e-02  5.08396e-03
 -1.82000e-02  2.29843e-05  1.12356e-02  5.96107e-03
 -1.82000e-02  2.42612e-05  1.23978e-02  6.88928e-03
 -1.82000e-02  2.55381e-05  1.36074e-02  7.86949e-03
 -1.82000e-02  2.68150e-05  1.48649e-02  8.90262e-03
 -1.82000e-02  2.80919e-05  1.61708e-02  9.98957e-03
 -1.82000e-02  2.93688e-05  1.75256e-02  1.11313e-02
 -1.82000e-02  3.06458e-05  1.89298e-02  1.23286e-02
 -1.82000e-02  3.19227e-05  2.03840e-02  1.35826e-02

 -1.68000e-02  0.00000e+00 -2.14426e-03 -2.63766e-03
 -1.68000e-02  1.27691e-06 -1.80735e-03 -2.49997e-03
 -1.68000e-02  2.55381e-06 -1.43262e-03 -2.32705e-03
 -1.68000e-02  3.83072e-06 -1.01953e-03 -2.11798e-03
 -1.68000e-02  5.10763e-06 -5.67563e-04 -1.87185e-03
 -1.68000e-02  6.38453e-06 -7.62107e-05 -1.58775e-03
 -1.68000e-02  7.66144e-06  4.55050e-04 -1.26476e-03
 -1.68000e-02  8.93835e-06  1.02674e-03 -9.01954e-04
 -1.68000e-02  1.02153e-05  1.63937e-03 -4.98433e-04
 -1.68000e-02  1.14922e-05  2.29347e-03 -5.32761e-05
 -1.68000e-02  1.27691e-05  2.98955e-03  4.34431e-04
 -1.68000e-02  1.40460e-05  3.72813e-03  9.65602e-04
 -1.68000e-02  1.53229e-05  4.50972e-03  1.54115e-03
 -1.68000e-02  1.65998e-05  5.33486e-03  2.16200e-03
 -1.68000e-02  1.78767e-05  6.20405e-03  2.82905e-03
 -1.68000e-02  1.91536e-05  7.11782e-03  3.54323e-03
 -1.68000e-02  2.04305e-05  8.07667e-03  4.30545e-03
 -1.68000e-02  2.17074e-05  9.08114e-03  5.11662e-03
 -1.68000e-02  2.29843e-05  1.01317e-02  5.97766e-03
 -1.68000e-02  2.42612e-05  1.12290e-02  6.88948e-03
 -1.68000e-02  2.55381e-05  1.23734e-02  7.85300e-03
 -1.68000e-02  2.68150e-05  1.35655e-02  8.86913e-03
 -1.68000e-02  2.80919e-05  1.48058e-02  9.93879e-03
 -1.68000e-02  2.93688e-05  1.60948e-02  1.10629e-02
 -1.68000e-02  3.06458e-05  1.74331e-02  1.22424e-02
 -1.68000e-02  3.19227e-05  1.88211e-02  1.34781e-02

 -1.54000e-02  0.00000e+00 -2.06133e-03 -2.38490e-03
 -1.54000e-02  1.27691e-06 -1.78214e-03 -2.25748e-03
 -1.54000e-02  2.55381e-06 -1.46532e-03 -2.09516e-03
 -1.54000e-02  3.83072e-06 -1.11036e-03 -1.89700e-03
 -1.54000e-02  5.10763e-06 -7.16747e-04 -1.66211e-03
 -1.54000e-02  6.38453e-06 -2.83951e-04 -1.38956e-03
 -1.54000e-02  7.66144e-06  1.88541e-04 -1.07844e-03
 -1.54000e-02  8.93835e-06  7.01248e-04 -7.27836e-04
 -1.54000e-02  1.02153e-05  1.25469e-03 -3.36830e-04
 -1.54000e-02  1.14922e-05  1.84938e-03  9.54897e-05
 -1.54000e-02  1.27691e-05  2.48584e-03  5.70039e-04
 -1.54000e-02  1.40460e-05  3.16459e-03  1.08773e-03
 -1.54000e-02  1.53229e-05  3.88615e-03  1.64949e-03
 -1.54000e-02  1.65998e-05  4.65104e-03  2.25621e-03
 -1.54000e-02  1.78767e-05  5.45976e-03  2.90883e-03
 -1.54000e-02  1.91536e-05  6.31285e-03  3.60825e-03
 -1.54000e-02  2.04305e-05  7.21082e-03  4.35538e-03
 -1.54000e-02  2.17074e-05  8.15419e-03  5.15115e-03
 -1.54000e-02  2.29843e-05  9.14348e-03  5.99647e-03
 -1.54000e-02  2.42612e-05  1.01792e-02  6.89225e-03
 -1.54000e-02  2.55381e-05  1.12619e-02  7.83940e-03
 -1.54000e-02  2.68150e-05  1.23920e-02  8.83885e-03
 -1.54000e-02  2.80919e-05  1.35702e-02  9.89151e-03
 -1.54000e-02  2.93688e-05  1.47968e-02  1.09983e-02
 -1.54000e-02  3.06458e-05  1.60725e-02  1.21601e-02
 -1.54000e-02  3.19227e-05  1.73977e-02  1.33779e-02

 -1.40000e-02  0.00000e+00 -1.93901e-03 -2.13861e-03
 -1.40000e-02  1.27691e-06 -1.71401e-03 -2.02094e-03
 -1.40000e-02  2.55381e-06 -1.45162e-03 -1.86869e-03
 -1.40000e-02  3.83072e-06 -1.15131e-03 -1.68095e-03
 -1.40000e-02  5.10763e-06 -8.12574e-04 -1.45681e-03
 -1.40000e-02  6.38453e-06 -4.34889e-04 -1.19535e-03
 -1.40000e-02  7.66144e-06 -1.77381e-05 -8.95655e-04
 -1.40000e-02  8.93835e-06  4.39398e-04 -5.56810e-04
 -1.40000e-02  1.02153e-05  9.37038e-04 -1.77901e-04
 -1.40000e-02  1.14922e-05  1.47570e-03  2.41987e-04
 -1.40000e-02  1.27691e-05  2.05590e-03  7.03768e-04
 -1.40000e-02  1.40460e-05  2.67816e-03  1.20836e-03
 -1.40000e-02  1.53229e-05  3.34300e-03  1.75667e-03
 -1.40000e-02  1.65998e-05  4.05094e-03  2.34962e-03
 -1.40000e-02  1.78767e-05  4.80249e-03  2.98812e-03
 -1.40000e-02  1.91536e-05  5.59817e-03  3.67309e-03
 -1.40000e-02  2.04305e-05  6.43850e-03  4.40545e-03
 -1.40000e-02  2.17074e-05  7.32400e-03  5.18610e-03
 -1.40000e-02  2.29843e-05  8.25519e-03  6.01596e-03
 -1.40000e-02  2.42612e-05  9.23258e-03  6.89594e-03
 -1.40000e-02  2.55381e-05  1.02567e-02  7.82697e-03
 -1.40000e-02  2.68150e-05  1.13281e-02  8.80996e-03
 -1.40000e-02  2.80919e-05  1.24472e-02  9.84581e-03
 -1.40000e-02  2.93688e-05  1.36146e-02  1.09355e-02
 -1.40000e-02  3.06458e-05  1.48308e-02  1.20798e-02
 -1.40000e-02  3.19227e-05  1.60963e-02  1.32797e-02

 -1.26000e-02  0.00000e+00 -1.78638e-03 -1.89865e-03
 -1.26000e-02  1.27691e-06 -1.61232e-03 -1.79028e-03
 -1.26000e-02  2.55381e-06 -1.40111e-03 -1.64769e-03
 -1.26000e-02  3.83072e-06 -1.15224e-03 -1.46995e-03
 -1.26000e-02  5.10763e-06 -8.65184e-04 -1.25617e-03
 -1.26000e-02  6.38453e-06 -5.39430e-04 -1.00541e-03
 -1.26000e-02  7.66144e-06 -1.74457e-04 -7.16770e-04
 -1.26000e-02  8.93835e-06  2.30255e-04 -3.89333e-04
 -1.26000e-02  1.02153e-05  6.75222e-04 -2.21835e-05
 -1.26000e-02  1.14922e-05  1.16096e-03  3.85594e-04
 -1.26000e-02  1.27691e-05  1.68800e-03  8.34913e-04
 -1.26000e-02  1.40460e-05  2.25684e-03  1.32669e-03
 -1.26000e-02  1.53229e-05  2.86802e-03  1.86184e-03
 -1.26000e-02  1.65998e-05  3.52204e-03  2.44127e-03
 -1.26000e-02  1.78767e-05  4.21943e-03  3.06591e-03
 -1.26000e-02  1.91536e-05  4.96071e-03  3.73666e-03
 -1.26000e-02  2.04305e-05  5.74639e-03  4.45444e-03
 -1.26000e-02  2.17074e-05  6.57699e-03  5.22017e-03
 -1.26000e-02  2.29843e-05  7.45303e-03  6.03476e-03
 -1.26000e-02  2.42612e-05  8.37503e-03  6.89912e-03
 -1.26000e-02  2.55381e-05  9.34350e-03  7.81417e-03
 -1.26000e-02  2.68150e-05  1.03590e-02  8.78083e-03
 -1.26000e-02  2.80919e-05  1.14220e-02  9.80000e-03
 -1.26000e-02  2.93688e-05  1.25330e-02  1.08726e-02
 -1.26000e-02  3.06458e-05  1.36925e-02  1.19996e-02
 -1.26000e-02  3.19227e-05  1.49012e-02  1.31818e-02

 -1.12000e-02  0.00000e+00 -1.61119e-03 -1.66489e-03
 -1.12000e-02  1.27691e-06 -1.48507e-03 -1.56545e-03
 -1.12000e-02  2.55381e-06 -1.32206e-03 -1.43215e-03
 -1.12000e-02  3.83072e-06 -1.12166e-03 -1.26408e-03
 -1.12000e-02  5.10763e-06 -8.83338e-04 -1.06033e-03
 -1.12000e-02  6.38453e-06 -6.06582e-04 -8.19966e-04
 -1.12000e-02  7.66144e-06 -2.90873e-04 -5.42091e-04
 -1.12000e-02  8.93835e-06  6.43090e-05 -2.25785e-04
 -1.12000e-02  1.02153e-05  4.59481e-04  1.29867e-04
 -1.12000e-02  1.14922e-05  8.95163e-04  5.25779e-04
 -1.12000e-02  1.27691e-05  1.37187e-03  9.62867e-04
 -1.12000e-02  1.40460e-05  1.89013e-03  1.44205e-03
 -1.12000e-02  1.53229e-05  2.45045e-03  1.96423e-03
 -1.12000e-02  1.65998e-05  3.05335e-03  2.53033e-03
 -1.12000e-02  1.78767e-05  3.69935e-03  3.14127e-03
 -1.12000e-02  1.91536e-05  4.38897e-03  3.79795e-03
 -1.12000e-02  2.04305e-05  5.12273e-03  4.50130e-03
 -1.12000e-02  2.17074e-05  5.90115e-03  5.25223e-03
 -1.12000e-02  2.29843e-05  6.72474e-03  6.05166e-03
 -1.12000e-02  2.42612e-05  7.59403e-03  6.90049e-03
 -1.12000e-02  2.55381e-05  8.50952e-03  7.79964e-03
 -1.12000e-02  2.68150e-05  9.47175e-03  8.75003e-03
 -1.12000e-02  2.80919e-05  1.04812e-02  9.75258e-03
 -1.12000e-02  2.93688e-05  1.15385e-02  1.08082e-02
 -1.12000e-02  3.06458e-05  1.26440e-02  1.19178e-02
 -1.12000e-02  3.19227e-05  1.37983e-02  1.30823e-02

 -9.80000e-03  0.00000e+00 -1.42004e-03 -1.43716e-03
 -9.80000e-03  1.27691e-06 -1.33908e-03 -1.34635e-03
 -9.80000e-03  2.55381e-06 -1.22153e-03 -1.22206e-03
 -9.80000e-03  3.83072e-06 -1.06686e-03 -1.06338e-03
 -9.80000e-03  5.10763e-06 -8.74557e-04 -8.69402e-04
 -9.80000e-03  6.38453e-06 -6.44103e-04 -6.39200e-04
 -9.80000e-03  7.66144e-06 -3.74978e-04 -3.71864e-04
 -9.80000e-03  8.93835e-06 -6.66646e-05 -6.64787e-05
 -9.80000e-03  1.02153e-05  2.81356e-04  2.77870e-04
 -9.80000e-03  1.14922e-05  6.69603e-04  6.62097e-04
 -9.80000e-03  1.27691e-05  1.09859e-03  1.08712e-03
 -9.80000e-03  1.40460e-05  1.56885e-03  1.55385e-03
 -9.80000e-03  1.53229e-05  2.08088e-03  2.06320e-03
 -9.80000e-03  1.65998e-05  2.63522e-03  2.61609e-03
 -9.80000e-03  1.78767e-05  3.23237e-03  3.21343e-03
 -9.80000e-03  1.91536e-05  3.87286e-03  3.85613e-03
 -9.80000e-03  2.04305e-05  4.55720e-03  4.54512e-03
 -9.80000e-03  2.17074e-05  5.28592e-03  5.28131e-03
 -9.80000e-03  2.29843e-05  6.05953e-03  6.06561e-03
 -9.80000e-03  2.42612e-05  6.87854e-03  6.89893e-03
 -9.80000e-03  2.55381e-05  7.74349e-03  7.78220e-03
 -9.80000e-03  2.68150e-05  8.65488e-03  8.71632e-03
 -9.80000e-03  2.80919e-05  9.61324e-03  9.70221e-03
 -9.80000e-03  2.93688e-05  1.06191e-02  1.07408e-02
 -9.80000e-03  3.06458e-05  1.16729e-02  1.18330e-02
 -9.80000e-03  3.19227e-05  1.27753e-02  1.29796e-02

 -8.40000e-03  0.00000e+00 -1.21846e-03 -1.21531e-03
 -8.40000e-03  1.27691e-06 -1.18012e-03 -1.13288e-03
 -8.40000e-03  2.55381e-06 -1.10549e-03 -1.01738e-03
 -8.40000e-03  3.83072e-06 -9.94044e-04 -8.67879e-04
 -8.40000e-03  5.10763e-06 -8.45265e-04 -6.83474e-04
 -8.40000e-03  6.38453e-06 -6.58635e-04 -4.63247e-04
 -8.40000e-03  7.66144e-06 -4.33636e-04 -2.06283e-04
 -8.40000e-03  8.93835e-06 -1.69748e-04  8.83318e-05
 -8.40000e-03  1.02153e-05  1.33545e-04  4.21513e-04
 -8.40000e-03  1.14922e-05  4.76764e-04  7.94175e-04
 -8.40000e-03  1.27691e-05  8.60425e-04  1.20723e-03
 -8.40000e-03  1.40460e-05  1.28505e-03  1.66160e-03
 -8.40000e-03  1.53229e-05  1.75115e-03  2.15819e-03
 -8.40000e-03  1.65998e-05  2.25925e-03  2.69793e-03
 -8.40000e-03  1.78767e-05  2.80987e-03  3.28171e-03
 -8.40000e-03  1.91536e-05  3.40352e-03  3.91047e-03
 -8.40000e-03  2.04305e-05  4.04073e-03  4.58511e-03
 -8.40000e-03  2.17074e-05  4.72201e-03  5.30655e-03
 -8.40000e-03  2.29843e-05  5.44788e-03  6.07571e-03
 -8.40000e-03  2.42612e-05  6.21886e-03  6.89349e-03
 -8.40000e-03  2.55381e-05  7.03546e-03  7.76082e-03
 -8.40000e-03  2.68150e-05  7.89821e-03  8.67860e-03
 -8.40000e-03  2.80919e-05  8.80763e-03  9.64776e-03
 -8.40000e-03  2.93688e-05  9.76423e-03  1.06692e-02
 -8.40000e-03  3.06458e-05  1.07685e-02  1.17438e-02
 -8.40000e-03  3.19227e-05  1.18210e-02  1.28726e-02

 -7.00000e-03  0.00000e+00 -1.01109e-03 -9.99178e-04
 -7.00000e-03  1.27691e-06 -1.01303e-03 -9.24942e-04
 -7.00000e-03  2.55381e-06 -9.78993e-04 -8.18042e-04
 -7.00000e-03  3.83072e-06 -9.08460e-04 -6.77563e-04
 -7.00000e-03  5.10763e-06 -8.00913e-04 -5.02589e-04
 -7.00000e-03  6.38453e-06 -6.55835e-04 -2.92207e-04
 -7.00000e-03  7.66144e-06 -4.72706e-04 -4.55014e-05
 -7.00000e-03  8.93835e-06 -2.51007e-04  2.38443e-04
 -7.00000e-03  1.02153e-05  9.77804e-06  5.60540e-04
 -7.00000e-03  1.14922e-05  3.10169e-04  9.21706e-04
 -7.00000e-03  1.27691e-05  6.50685e-04  1.32285e-03
 -7.00000e-03  1.40460e-05  1.03184e-03  1.76490e-03
 -7.00000e-03  1.53229e-05  1.45416e-03  2.24876e-03
 -7.00000e-03  1.65998e-05  1.91816e-03  2.77534e-03
 -7.00000e-03  1.78767e-05  2.42436e-03  3.34557e-03
 -7.00000e-03  1.91536e-05  2.97327e-03  3.96035e-03
 -7.00000e-03  2.04305e-05  3.56542e-03  4.62060e-03
 -7.00000e-03  2.17074e-05  4.20132e-03  5.32724e-03
 -7.00000e-03  2.29843e-05  4.88149e-03  6.08119e-03
 -7.00000e-03  2.42612e-05  5.60645e-03  6.88334e-03
 -7.00000e-03  2.55381e-05  6.37672e-03  7.73463e-03
 -7.00000e-03  2.68150e-05  7.19282e-03  8.63596e-03
 -7.00000e-03  2.80919e-05  8.05526e-03  9.58825e-03
 -7.00000e-03  2.93688e-05  8.96456e-03  1.05924e-02
 -7.00000e-03  3.06458e-05  9.92125e-03  1.16494e-02
 -7.00000e-03  3.19227e-05  1.09258e-02  1.27600e-02

 -5.60000e-03  0.00000e+00 -8.01776e-04 -7.88620e-04
 -5.60000e-03  1.27691e-06 -8.41836e-04 -7.22429e-04
 -5.60000e-03  2.55381e-06 -8.46256e-04 -6.24002e-04
 -5.60000e-03  3.83072e-06 -8.14518e-04 -4.92423e-04
 -5.60000e-03  5.10763e-06 -7.46102e-04 -3.26779e-04
 -5.60000e-03  6.38453e-06 -6.40491e-04 -1.26155e-04
 -5.60000e-03  7.66144e-06 -4.97167e-04  1.10365e-04
 -5.60000e-03  8.93835e-06 -3.15610e-04  3.83695e-04
 -5.60000e-03  1.02153e-05 -9.53031e-05  6.94750e-04
 -5.60000e-03  1.14922e-05  1.64273e-04  1.04444e-03
 -5.60000e-03  1.27691e-05  4.63637e-04  1.43369e-03
 -5.60000e-03  1.40460e-05  8.03306e-04  1.86341e-03
 -5.60000e-03  1.53229e-05  1.18380e-03  2.33451e-03
 -5.60000e-03  1.65998e-05  1.60564e-03  2.84791e-03
 -5.60000e-03  1.78767e-05  2.06933e-03  3.40453e-03
 -5.60000e-03  1.91536e-05  2.57541e-03  4.00527e-03
 -5.60000e-03  2.04305e-05  3.12439e-03  4.65105e-03
 -5.60000e-03  2.17074e-05  3.71678e-03  5.34279e-03
 -5.60000e-03  2.29843e-05  4.35310e-03  6.08141e-03
 -5.60000e-03  2.42612e-05  5.03388e-03  6.86781e-03
 -5.60000e-03  2.55381e-05  5.75963e-03  7.70291e-03
 -5.60000e-03  2.68150e-05  6.53087e-03  8.58763e-03
 -5.60000e-03  2.80919e-05  7.34812e-03  9.52289e-03
 -5.60000e-03  2.93688e-05  8.21189e-03  1.05096e-02
 -5.60000e-03  3.06458e-05  9.12271e-03  1.15486e-02
 -5.60000e-03  3.19227e-05  1.00811e-02  1.26410e-02

 -4.20000e-03  0.00000e+00 -5.93671e-04 -5.83514e-04
 -4.20000e-03  1.27691e-06 -6.69872e-04 -5.25253e-04
 -4.20000e-03  2.55381e-06 -7.10787e-04 -4.35200e-04
 -4.20000e-03  3.83072e-06 -7.15898e-04 -3.12440e-04
 -4.20000e-03  5.10763e-06 -6.84687e-04 -1.56058e-04
 -4.20000e-03  6.38453e-06 -6.16636e-04  3.48606e-05
 -4.20000e-03  7.66144e-06 -5.11225e-04  2.61231e-04
 -4.20000e-03  8.93835e-06 -3.67937e-04  5.23968e-04
 -4.20000e-03  1.02153e-05 -1.86252e-04  8.23985e-04
 -4.20000e-03  1.14922e-05  3.43464e-05  1.16220e-03
 -4.20000e-03  1.27691e-05  2.94378e-04  1.53952e-03
 -4.20000e-03  1.40460e-05  5.94360e-04  1.95687e-03
 -4.20000e-03  1.53229e-05  9.34813e-04  2.41516e-03
 -4.20000e-03  1.65998e-05  1.31625e-03  2.91531e-03
 -4.20000e-03  1.78767e-05  1.73920e-03  3.45822e-03
 -4.20000e-03  1.91536e-05  2.20417e-03  4.04482e-03
 -4.20000e-03  2.04305e-05  2.71169e-03  4.67601e-03
 -4.20000e-03  2.17074e-05  3.26226e-03  5.35273e-03
 -4.20000e-03  2.29843e-05  3.85642e-03  6.07587e-03
 -4.20000e-03  2.42612e-05  4.49467e-03  6.84635e-03
 -4.20000e-03  2.55381e-05  5.17755e-03  7.66509e-03
 -4.20000e-03  2.68150e-05  5.90555e-03  8.53301e-03
 -4.20000e-03  2.80919e-05  6.67921e-03  9.45101e-03
 -4.20000e-03  2.93688e-05  7.49905e-03  1.04200e-02
 -4.20000e-03  3.06458e-05  8.36557e-03  1.14409e-02
 -4.20000e-03  3.19227e-05  9.27930e-03  1.25147e-02

 -2.80000e-03  0.00000e+00 -3.89353e-04 -3.83755e-04
 -2.80000e-03  1.27691e-06 -4.99873e-04 -3.33339e-04
 -2.80000e-03  2.55381e-06 -5.75481e-04 -2.51589e-04
 -2.80000e-03  3.83072e-06 -6.15657e-04 -1.37592e-04
 -2.80000e-03  5.10763e-06 -6.19883e-04  9.56784e-06
 -2.80000e-03  6.38453e-06 -5.87641e-04  1.90805e-04
 -2.80000e-03  7.66144e-06 -5.18412e-04  4.07035e-04
 -2.80000e-03  8.93835e-06 -4.11678e-04  6.59173e-04
 -2.80000e-03  1.02153e-05 -2.66921e-04  9.48131e-04
 -2.80000e-03  1.14922e-05 -8.36218e-05  1.27483e-03
 -2.80000e-03  1.27691e-05  1.38738e-04  1.64017e-03
 -2.80000e-03  1.40460e-05  4.00676e-04  2.04509e-03
 -2.80000e-03  1.53229e-05  7.02711e-04  2.49048e-03
 -2.80000e-03  1.65998e-05  1.04536e-03  2.97727e-03
 -2.80000e-03  1.78767e-05  1.42915e-03  3.50637e-03
 -2.80000e-03  1.91536e-05  1.85458e-03  4.07870e-03
 -2.80000e-03  2.04305e-05  2.32219e-03  4.69516e-03
 -2.80000e-03  2.17074e-05  2.83249e-03  5.35668e-03
 -2.80000e-03  2.29843e-05  3.38599e-03  6.06417e-03
 -2.80000e-03  2.42612e-05  3.98322e-03  6.81855e-03
 -2.80000e-03  2.55381e-05  4.62470e-03  7.62072e-03
 -2.80000e-03  2.68150e-05  5.31094e-03  8.47161e-03
 -2.80000e-03  2.80919e-05  6.04246e-03  9.37212e-03
 -2.80000e-03  2.93688e-05  6.81977e-03  1.03232e-02
 -2.80000e-03  3.06458e-05  7.64341e-03  1.13257e-02
 -2.80000e-03  3.19227e-05  8.51388e-03  1.23806e-02

 -1.40000e-03  0.00000e+00 -1.90904e-04 -1.89266e-04
 -1.40000e-03  1.27691e-06 -3.34068e-04 -1.46628e-04
 -1.40000e-03  2.55381e-06 -4.42709e-04 -7.31305e-05
 -1.40000e-03  3.83072e-06 -5.16309e-04  3.21399e-05
 -1.40000e-03  5.10763e-06 -5.54350e-04  1.70099e-04
 -1.40000e-03  6.38453e-06 -5.56312e-04  3.41660e-04
 -1.40000e-03  7.66144e-06 -5.21679e-04  5.47740e-04
 -1.40000e-03  8.93835e-06 -4.49930e-04  7.89252e-04
 -1.40000e-03  1.02153e-05 -3.40548e-04  1.06711e-03
 -1.40000e-03  1.14922e-05 -1.93015e-04  1.38223e-03
 -1.40000e-03  1.27691e-05 -6.81203e-06  1.73553e-03
 -1.40000e-03  1.40460e-05  2.18580e-04  2.12792e-03
 -1.40000e-03  1.53229e-05  4.83678e-04  2.56032e-03
 -1.40000e-03  1.65998e-05  7.89002e-04  3.03363e-03
 -1.40000e-03  1.78767e-05  1.13507e-03  3.54879e-03
 -1.40000e-03  1.91536e-05  1.52240e-03  4.10669e-03
 -1.40000e-03  2.04305e-05  1.95151e-03  4.70826e-03
 -1.40000e-03  2.17074e-05  2.42292e-03  5.35441e-03
 -1.40000e-03  2.29843e-05  2.93714e-03  6.04605e-03
 -1.40000e-03  2.42612e-05  3.49470e-03  6.78411e-03
 -1.40000e-03  2.55381e-05  4.09612e-03  7.56949e-03
 -1.40000e-03  2.68150e-05  4.74191e-03  8.40311e-03
 -1.40000e-03  2.80919e-05  5.43259e-03  9.28588e-03
 -1.40000e-03  2.93688e-05  6.16867e-03  1.02187e-02
 -1.40000e-03  3.06458e-05  6.95069e-03  1.12025e-02
 -1.40000e-03  3.19227e-05  7.77915e-03  1.22383e-02

  0.00000e+00  0.00000e+00  0.00000e+00  0.00000e+00
  0.00000e+00  1.27691e-06 -1.74260e-04  3.49161e-05
  0.00000e+00  2.55381e-06 -3.14406e-04  1.00201e-04
  0.00000e+00  3.83072e-06 -4.19919e-04  1.96769e-04
  0.00000e+00  5.10763e-06 -4.90280e-04  3.25536e-04
  0.00000e+00  6.38453e-06 -5.24972e-04  4.87416e-04
  0.00000e+00  7.66144e-06 -5.23475e-04  6.83323e-04
  0.00000e+00  8.93835e-06 -4.85272e-04  9.14173e-04
  0.00000e+00  1.02153e-05 -4.09844e-04  1.18088e-03
  0.00000e+00  1.14922e-05 -2.96673e-04  1.48436e-03
  0.00000e+00  1.27691e-05 -1.45240e-04  1.82553e-03
  0.00000e+00  1.40460e-05  4.49740e-05  2.20529e-03
  0.00000e+00  1.53229e-05  2.74486e-04  2.62458e-03
  0.00000e+00  1.65998e-05  5.43815e-04  3.08429e-03
  0.00000e+00  1.78767e-05  8.53480e-04  3.58536e-03
  0.00000e+00  1.91536e-05  1.20400e-03  4.12868e-03
  0.00000e+00  2.04305e-05  1.59589e-03  4.71518e-03
  0.00000e+00  2.17074e-05  2.02967e-03  5.34576e-03
  0.00000e+00  2.29843e-05  2.50586e-03  6.02136e-03
  0.00000e+00  2.42612e-05  3.02498e-03  6.74287e-03
  0.00000e+00  2.55381e-05  3.58754e-03  7.51122e-03
  0.00000e+00  2.68150e-05  4.19407e-03  8.32731e-03
  0.00000e+00  2.80919e-05  4.84508e-03  9.19208e-03
  0.00000e+00  2.93688e-05  5.54109e-03  1.01064e-02
  0.00000e+00  3.06458e-05  6.28263e-03  1.10712e-02
  0.00000e+00  3.19227e-05  7.07020e-03  1.20875e-02

  1.40000e-03  0.00000e+00  1.82024e-04  1.84058e-04
  1.40000e-03  1.27691e-06 -2.19005e-05  2.11304e-04
  1.40000e-03  2.55381e-06 -1.92136e-04  2.68413e-04
  1.40000e-03  3.83072e-06 -3.28165e-04  3.56301e-04
  1.40000e-03  5.10763e-06 -4.29468e-04  4.75881e-04
  1.40000e-03  6.38453e-06 -4.95528e-04  6.28070e-04
  1.40000e-03  7.66144e-06 -5.25825e-04  8.13780e-04
  1.40000e-03  8.93835e-06 -5.19842e-04  1.03393e-03
  1.40000e-03  1.02153e-05 -4.77060e-04  1.28943e-03
  1.40000e-03  1.14922e-05 -3.96961e-04  1.58120e-03
  1.40000e-03  1.27691e-05 -2.79025e-04  1.91014e-03
  1.40000e-03  1.40460e-05 -1.22736e-04  2.27719e-03
  1.40000e-03  1.53229e-05  7.24262e-05  2.68324e-03
  1.40000e-03  1.65998e-05  3.06979e-04  3.12922e-03
  1.40000e-03  1.78767e-05  5.81442e-04  3.61605e-03
  1.40000e-03  1.91536e-05  8.96332e-04  4.14462e-03
  1.40000e-03  2.04305e-05  1.25217e-03  4.71587e-03
  1.40000e-03  2.17074e-05  1.64947e-03  5.33070e-03
  1.40000e-03  2.29843e-05  2.08875e-03  5.99004e-03
  1.40000e-03  2.42612e-05  2.57054e-03  6.69478e-03
  1.40000e-03  2.55381e-05  3.09535e-03  7.44586e-03
  1.40000e-03  2.68150e-05  3.66369e-03  8.24418e-03
  1.40000e-03  2.80919e-05  4.27609e-03  9.09066e-03
  1.40000e-03  2.93688e-05  4.93307e-03  9.98621e-03
  1.40000e-03  3.06458e-05  5.63514e-03  1.09317e-02
  1.40000e-03  3.19227e-05  6.38282e-03  1.19282e-02

  2.80000e-03  0.00000e+00  3.54104e-04  3.62889e-04
  2.80000e-03  1.27691e-06  1.21849e-04  3.82522e-04
  2.80000e-03  2.55381e-06 -7.71614e-05  4.31498e-04
  2.80000e-03  3.83072e-06 -2.42409e-04  5.10731e-04
  2.80000e-03  5.10763e-06 -3.73374e-04  6.21136e-04
  2.80000e-03  6.38453e-06 -4.69540e-04  7.63628e-04
  2.80000e-03  7.66144e-06 -5.30388e-04  9.39121e-04
  2.80000e-03  8.93835e-06 -5.55398e-04  1.14853e-03
  2.80000e-03  1.02153e-05 -5.44054e-04  1.39277e-03
  2.80000e-03  1.14922e-05 -4.95836e-04  1.67276e-03
  2.80000e-03  1.27691e-05 -4.10226e-04  1.98941e-03
  2.80000e-03  1.40460e-05 -2.86706e-04  2.34363e-03
  2.80000e-03  1.53229e-05 -1.24757e-04  2.73635e-03
  2.80000e-03  1.65998e-05  7.61388e-05  3.16847e-03
  2.80000e-03  1.78767e-05  3.16500e-04  3.64090e-03
  2.80000e-03  1.91536e-05  5.96846e-04  4.15458e-03
  2.80000e-03  2.04305e-05  9.17694e-04  4.71040e-03
  2.80000e-03  2.17074e-05  1.27956e-03  5.30929e-03
  2.80000e-03  2.29843e-05  1.68297e-03  5.95215e-03
  2.80000e-03  2.42612e-05  2.12844e-03  6.63991e-03
  2.80000e-03  2.55381e-05  2.61648e-03  7.37348e-03
  2.80000e-03  2.68150e-05  3.14762e-03  8.15377e-03
  2.80000e-03  2.80919e-05  3.72236e-03  8.98170e-03
  2.80000e-03  2.93688e-05  4.34125e-03  9.85819e-03
  2.80000e-03  3.06458e-05  5.00478e-03  1.07841e-02
  2.80000e-03  3.19227e-05  5.71347e-03  1.17605e-02

  4.20000e-03  0.00000e+00  5.15398e-04  5.36443e-04
  4.20000e-03  1.27691e-06  2.56061e-04  5.48532e-04
  4.20000e-03  2.55381e-06  2.95067e-05  5.89427e-04
  4.20000e-03  3.83072e-06 -1.63746e-04  6.60044e-04
  4.20000e-03  5.10763e-06 -3.23179e-04  7.61297e-04
  4.20000e-03  6.38453e-06 -4.48273e-04  8.94100e-04
  4.20000e-03  7.66144e-06 -5.38511e-04  1.05937e-03
  4.20000e-03  8.93835e-06 -5.93374e-04  1.25802e-03
  4.20000e-03  1.02153e-05 -6.12344e-04  1.49096e-03
  4.20000e-03  1.14922e-05 -5.94902e-04  1.75912e-03
  4.20000e-03  1.27691e-05 -5.40529e-04  2.06340e-03
  4.20000e-03  1.40460e-05 -4.48708e-04  2.40472e-03
  4.20000e-03  1.53229e-05 -3.18920e-04  2.78399e-03
  4.20000e-03  1.65998e-05 -1.50646e-04  3.20213e-03
  4.20000e-03  1.78767e-05  5.66316e-05  3.66005e-03
  4.20000e-03  1.91536e-05  3.03432e-04  4.15868e-03
  4.20000e-03  2.04305e-05  5.90272e-04  4.69892e-03
  4.20000e-03  2.17074e-05  9.17672e-04  5.28168e-03
  4.20000e-03  2.29843e-05  1.28615e-03  5.90789e-03
  4.20000e-03  2.42612e-05  1.69622e-03  6.57845e-03
  4.20000e-03  2.55381e-05  2.14841e-03  7.29429e-03
  4.20000e-03  2.68150e-05  2.64323e-03  8.05631e-03
  4.20000e-03  2.80919e-05  3.18120e-03  8.86544e-03
  4.20000e-03  2.93688e-05  3.76284e-03  9.72258e-03
  4.20000e-03  3.06458e-05  4.38867e-03  1.06287e-02
  4.20000e-03  3.19227e-05  5.05921e-03  1.15846e-02

  5.60000e-03  0.00000e+00  6.65237e-04  7.04632e-04
  5.60000e-03  1.27691e-06  3.79997e-04  7.09267e-04
  5.60000e-03  2.55381e-06  1.27061e-04  7.42157e-04
  5.60000e-03  3.83072e-06 -9.30533e-05  8.04217e-04
  5.60000e-03  5.10763e-06 -2.79827e-04  8.96361e-04
  5.60000e-03  6.38453e-06 -4.32743e-04  1.01950e-03
  5.60000e-03  7.66144e-06 -5.51281e-04  1.17456e-03
  5.60000e-03  8.93835e-06 -6.34924e-04  1.36245e-03
  5.60000e-03  1.02153e-05 -6.83153e-04  1.58408e-03
  5.60000e-03  1.14922e-05 -6.95449e-04  1.84037e-03
  5.60000e-03  1.27691e-05 -6.71295e-04  2.13223e-03
  5.60000e-03  1.40460e-05 -6.10172e-04  2.46058e-03
  5.60000e-03  1.53229e-05 -5.11561e-04  2.82633e-03
  5.60000e-03  1.65998e-05 -3.74945e-04  3.23040e-03
  5.60000e-03  1.78767e-05 -1.99804e-04  3.67370e-03
  5.60000e-03  1.91536e-05  1.43801e-05  4.15715e-03
  5.60000e-03  2.04305e-05  2.68125e-04  4.68166e-03
  5.60000e-03  2.17074e-05  5.61950e-04  5.24814e-03
  5.60000e-03  2.29843e-05  8.96372e-04  5.85752e-03
  5.60000e-03  2.42612e-05  1.27191e-03  6.51070e-03
  5.60000e-03  2.55381e-05  1.68908e-03  7.20861e-03
  5.60000e-03  2.68150e-05  2.14841e-03  7.95215e-03
  5.60000e-03  2.80919e-05  2.65041e-03  8.74224e-03
  5.60000e-03  2.93688e-05  3.19560e-03  9.57979e-03
  5.60000e-03  3.06458e-05  3.78450e-03  1.04657e-02
  5.60000e-03  3.19227e-05  4.41762e-03  1.14010e-02

  7.00000e-03  0.00000e+00  8.03092e-04  8.67339e-04
  7.00000e-03  1.27691e-06  4.93075e-04  8.64639e-04
  7.00000e-03  2.55381e-06  2.14864e-04  8.89627e-04
  7.00000e-03  3.83072e-06 -3.10228e-05  9.43217e-04
  7.00000e-03  5.10763e-06 -2.44066e-04  1.02632e-03
  7.00000e-03  6.38453e-06 -4.23749e-04  1.13987e-03
  7.00000e-03  7.66144e-06 -5.69551e-04  1.28475e-03
  7.00000e-03  8.93835e-06 -6.80956e-04  1.46190e-03
  7.00000e-03  1.02153e-05 -7.57444e-04  1.67223e-03
  7.00000e-03  1.14922e-05 -7.98497e-04  1.91664e-03
  7.00000e-03  1.27691e-05 -8.03597e-04  2.19607e-03
  7.00000e-03  1.40460e-05 -7.72225e-04  2.51141e-03
  7.00000e-03  1.53229e-05 -7.03863e-04  2.86359e-03
  7.00000e-03  1.65998e-05 -5.97993e-04  3.25352e-03
  7.00000e-03  1.78767e-05 -4.54095e-04  3.68212e-03
  7.00000e-03  1.91536e-05 -2.71652e-04  4.15029e-03
  7.00000e-03  2.04305e-05 -5.01456e-05  4.65896e-03
  7.00000e-03  2.17074e-05  2.10943e-04  5.20904e-03
  7.00000e-03  2.29843e-05  5.12133e-04  5.80145e-03
  7.00000e-03  2.42612e-05  8.53941e-04  6.43709e-03
  7.00000e-03  2.55381e-05  1.23689e-03  7.11689e-03
  7.00000e-03  2.68150e-05  1.66149e-03  7.84175e-03
  7.00000e-03  2.80919e-05  2.12827e-03  8.61260e-03
  7.00000e-03  2.93688e-05  2.63773e-03  9.43035e-03
  7.00000e-03  3.06458e-05  3.19041e-03  1.02959e-02
  7.00000e-03  3.19227e-05  3.78682e-03  1.12102e-02

  8.40000e-03  0.00000e+00  9.28546e-04  1.02442e-03
  8.40000e-03  1.27691e-06  5.94837e-04  1.01453e-03
  8.40000e-03  2.55381e-06  2.92419e-04  1.03176e-03
  8.40000e-03  3.83072e-06  2.18109e-05  1.07700e-03
  8.40000e-03  5.10763e-06 -2.16470e-04  1.15119e-03
  8.40000e-03  6.38453e-06 -4.21905e-04  1.25522e-03
  8.40000e-03  7.66144e-06 -5.93975e-04  1.39001e-03
  8.40000e-03  8.93835e-06 -7.32163e-04  1.55649e-03
  8.40000e-03  1.02153e-05 -8.35949e-04  1.75555e-03
  8.40000e-03  1.14922e-05 -9.04816e-04  1.98813e-03
  8.40000e-03  1.27691e-05 -9.38245e-04  2.25513e-03
  8.40000e-03  1.40460e-05 -9.35717e-04  2.55747e-03
  8.40000e-03  1.53229e-05 -8.96714e-04  2.89607e-03
  8.40000e-03  1.65998e-05 -8.20718e-04  3.27183e-03
  8.40000e-03  1.78767e-05 -7.07210e-04  3.68567e-03
  8.40000e-03  1.91536e-05 -5.55672e-04  4.13852e-03
  8.40000e-03  2.04305e-05 -3.65585e-04  4.63127e-03
  8.40000e-03  2.17074e-05 -1.36432e-04  5.16485e-03
  8.40000e-03  2.29843e-05  1.32307e-04  5.74018e-03
  8.40000e-03  2.42612e-05  4.41150e-04  6.35816e-03
  8.40000e-03  2.55381e-05  7.90615e-04  7.01971e-03
  8.40000e-03  2.68150e-05  1.18122e-03  7.72575e-03
  8.40000e-03  2.80919e-05  1.61349e-03  8.47719e-03
  8.40000e-03  2.93688e-05  2.08793e-03  9.27494e-03
  8.40000e-03  3.06458e-05  2.60506e-03  1.01199e-02
  8.40000e-03  3.19227e-05  3.16542e-03  1.10131e-02

  9.80000e-03  0.00000e+00  1.04128e-03  1.17568e-03
  9.80000e-03  1.27691e-06  6.84939e-04  1.15882e-03
  9.80000e-03  2.55381e-06  3.59358e-04  1.16847e-03
  9.80000e-03  3.83072e-06  6.50534e-05  1.20554e-03
  9.80000e-03  5.10763e-06 -1.97457e-04  1.27094e-03
  9.80000e-03  6.38453e-06 -4.27654e-04  1.36560e-03
  9.80000e-03  7.66144e-06 -6.25020e-04  1.49043e-03
  9.80000e-03  8.93835e-06 -7.89036e-04  1.64634e-03
  9.80000e-03  1.02153e-05 -9.19184e-04  1.83424e-03
  9.80000e-03  1.14922e-05 -1.01495e-03  2.05506e-03
  9.80000e-03  1.27691e-05 -1.07580e-03  2.30970e-03
  9.80000e-03  1.40460e-05 -1.10123e-03  2.59908e-03
  9.80000e-03  1.53229e-05 -1.09073e-03  2.92412e-03
  9.80000e-03  1.65998e-05 -1.04376e-03  3.28572e-03
  9.80000e-03  1.78767e-05 -9.59809e-04  3.68482e-03
  9.80000e-03  1.91536e-05 -8.38364e-04  4.12231e-03
  9.80000e-03  2.04305e-05 -6.78903e-04  4.59912e-03
  9.80000e-03  2.17074e-05 -4.80909e-04  5.11615e-03
  9.80000e-03  2.29843e-05 -2.43863e-04  5.67434e-03
  9.80000e-03  2.42612e-05  3.27547e-05  6.27458e-03
  9.80000e-03  2.55381e-05  3.49461e-04  6.91779e-03
  9.80000e-03  2.68150e-05  7.06775e-04  7.60489e-03
  9.80000e-03  2.80919e-05  1.10521e-03  8.33680e-03
  9.80000e-03  2.93688e-05  1.54530e-03  9.11442e-03
  9.80000e-03  3.06458e-05  2.02755e-03  9.93868e-03
  9.80000e-03  3.19227e-05  2.55247e-03  1.08105e-02

  1.12000e-02  0.00000e+00  1.14105e-03  1.32095e-03
  1.12000e-02  1.27691e-06  7.63137e-04  1.29736e-03
  1.12000e-02  2.55381e-06  4.15427e-04  1.29966e-03
  1.12000e-02  3.83072e-06  9.84426e-05  1.32878e-03
  1.12000e-02  5.10763e-06 -1.87298e-04  1.38561e-03
  1.12000e-02  6.38453e-06 -4.41277e-04  1.47109e-03
  1.12000e-02  7.66144e-06 -6.62975e-04  1.58612e-03
  1.12000e-02  8.93835e-06 -8.51875e-04  1.73162e-03
  1.12000e-02  1.02153e-05 -1.00746e-03  1.90850e-03
  1.12000e-02  1.14922e-05 -1.12920e-03  2.11769e-03
  1.12000e-02  1.27691e-05 -1.21660e-03  2.36008e-03
  1.12000e-02  1.40460e-05 -1.26912e-03  2.63660e-03
  1.12000e-02  1.53229e-05 -1.28624e-03  2.94816e-03
  1.12000e-02  1.65998e-05 -1.26746e-03  3.29569e-03
  1.12000e-02  1.78767e-05 -1.21226e-03  3.68008e-03
  1.12000e-02  1.91536e-05 -1.12010e-03  4.10226e-03
  1.12000e-02  2.04305e-05 -9.90483e-04  4.56314e-03
  1.12000e-02  2.17074e-05 -8.22881e-04  5.06364e-03
  1.12000e-02  2.29843e-05 -6.16778e-04  5.60467e-03
  1.12000e-02  2.42612e-05 -3.71655e-04  6.18714e-03
  1.12000e-02  2.55381e-05 -8.69942e-05  6.81198e-03
  1.12000e-02  2.68150e-05  2.37724e-04  7.48009e-03
  1.12000e-02  2.80919e-05  6.03016e-04  8.19239e-03
  1.12000e-02  2.93688e-05  1.00940e-03  8.94979e-03
  1.12000e-02  3.06458e-05  1.45740e-03  9.75322e-03
  1.12000e-02  3.19227e-05  1.94753e-03  1.06036e-02

  1.26000e-02  0.00000e+00  1.22773e-03  1.45999e-03
  1.26000e-02  1.27691e-06  8.29289e-04  1.42998e-03
  1.26000e-02  2.55381e-06  4.60491e-04  1.42524e-03
  1.26000e-02  3.83072e-06  1.21849e-04  1.44668e-03
  1.26000e-02  5.10763e-06 -1.86117e-04  1.49521e-03
  1.26000e-02  6.38453e-06 -4.62891e-04  1.57176e-03
  1.26000e-02  7.66144e-06 -7.07953e-04  1.67723e-03
  1.26000e-02  8.93835e-06 -9.20784e-04  1.81254e-03
  1.26000e-02  1.02153e-05 -1.10087e-03  1.97861e-03
  1.26000e-02  1.14922e-05 -1.24768e-03  2.17635e-03
  1.26000e-02  1.27691e-05 -1.36071e-03  2.40667e-03
  1.26000e-02  1.40460e-05 -1.43944e-03  2.67049e-03
  1.26000e-02  1.53229e-05 -1.48335e-03  2.96872e-03
  1.26000e-02  1.65998e-05 -1.49191e-03  3.30228e-03
  1.26000e-02  1.78767e-05 -1.46462e-03  3.67209e-03
  1.26000e-02  1.91536e-05 -1.40095e-03  4.07905e-03
  1.26000e-02  2.04305e-05 -1.30038e-03  4.52409e-03
  1.26000e-02  2.17074e-05 -1.16240e-03  5.00812e-03
  1.26000e-02  2.29843e-05 -9.86482e-04  5.53204e-03
  1.26000e-02  2.42612e-05 -7.72116e-04  6.09679e-03
  1.26000e-02  2.55381e-05 -5.18782e-04  6.70326e-03
  1.26000e-02  2.68150e-05 -2.25959e-04  7.35239e-03
  1.26000e-02  2.80919e-05  1.06870e-04  8.04507e-03
  1.26000e-02  2.93688e-05  4.80224e-04  8.78223e-03
  1.26000e-02  3.06458e-05  8.94620e-04  9.56478e-03
  1.26000e-02  3.19227e-05  1.35058e-03  1.03936e-02

  1.40000e-02  0.00000e+00  1.30125e-03  1.59257e-03
  1.40000e-02  1.27691e-06  8.83370e-04  1.55653e-03
  1.40000e-02  2.55381e-06  4.94544e-04  1.54511e-03
  1.40000e-02  3.83072e-06  1.35288e-04  1.55922e-03
  1.40000e-02  5.10763e-06 -1.93879e-04  1.59979e-03
  1.40000e-02  6.38453e-06 -4.92440e-04  1.66773e-03
  1.40000e-02  7.66144e-06 -7.59876e-04  1.76394e-03
  1.40000e-02  8.93835e-06 -9.95668e-04  1.88936e-03
  1.40000e-02  1.02153e-05 -1.19930e-03  2.04488e-03
  1.40000e-02  1.14922e-05 -1.37025e-03  2.23143e-03
  1.40000e-02  1.27691e-05 -1.50800e-03  2.44992e-03
  1.40000e-02  1.40460e-05 -1.61203e-03  2.70126e-03
  1.40000e-02  1.53229e-05 -1.68183e-03  2.98638e-03
  1.40000e-02  1.65998e-05 -1.71688e-03  3.30618e-03
  1.40000e-02  1.78767e-05 -1.71665e-03  3.66157e-03
  1.40000e-02  1.91536e-05 -1.68063e-03  4.05349e-03
  1.40000e-02  2.04305e-05 -1.60830e-03  4.48283e-03
  1.40000e-02  2.17074e-05 -1.49915e-03  4.95052e-03
  1.40000e-02  2.29843e-05 -1.35265e-03  5.45746e-03
  1.40000e-02  2.42612e-05 -1.16828e-03  6.00458e-03
  1.40000e-02  2.55381e-05 -9.45533e-04  6.59278e-03
  1.40000e-02  2.68150e-05 -6.83883e-04  7.22299e-03
  1.40000e-02  2.80919e-05 -3.82814e-04  7.89612e-03
  1.40000e-02  2.93688e-05 -4.18068e-05  8.61308e-03
  1.40000e-02  3.06458e-05  3.39657e-04  9.37478e-03
  1.40000e-02  3.19227e-05  7.62096e-04  1.01822e-02

  1.54000e-02  0.00000e+00  1.36169e-03  1.71846e-03
  1.54000e-02  1.27691e-06  9.25485e-04  1.67684e-03
  1.54000e-02  2.55381e-06  5.17728e-04  1.65918e-03
  1.54000e-02  3.83072e-06  1.38938e-04  1.66640e-03
  1.54000e-02  5.10763e-06 -2.10369e-04  1.69941e-03
  1.54000e-02  6.38453e-06 -5.29674e-04  1.75913e-03
  1.54000e-02  7.66144e-06 -8.18458e-04  1.84647e-03
  1.54000e-02  8.93835e-06 -1.07620e-03  1.96235e-03
  1.54000e-02  1.02153e-05 -1.30239e-03  2.10768e-03
  1.54000e-02  1.14922e-05 -1.49650e-03  2.28337e-03
  1.54000e-02  1.27691e-05 -1.65802e-03  2.49035e-03
  1.54000e-02  1.40460e-05 -1.78643e-03  2.72952e-03
  1.54000e-02  1.53229e-05 -1.88120e-03  3.00181e-03
  1.54000e-02  1.65998e-05 -1.94182e-03  3.30812e-03
  1.54000e-02  1.78767e-05 -1.96778e-03  3.64936e-03
  1.54000e-02  1.91536e-05 -1.95855e-03  4.02647e-03
  1.54000e-02  2.04305e-05 -1.91362e-03  4.44034e-03
  1.54000e-02  2.17074e-05 -1.83246e-03  4.89190e-03
  1.54000e-02  2.29843e-05 -1.71456e-03  5.38206e-03
  1.54000e-02  2.42612e-05 -1.55940e-03  5.91173e-03
  1.54000e-02  2.55381e-05 -1.36646e-03  6.48183e-03
  1.54000e-02  2.68150e-05 -1.13523e-03  7.09327e-03
  1.54000e-02  2.80919e-05 -8.65178e-04  7.74697e-03
  1.54000e-02  2.93688e-05 -5.55795e-04  8.44385e-03
  1.54000e-02  3.06458e-05 -2.06560e-04  9.18481e-03
  1.54000e-02  3.19227e-05  1.83046e-04  9.97078e-03

  1.68000e-02  0.00000e+00  1.40927e-03  1.83741e-03
  1.68000e-02  1.27691e-06  9.55902e-04  1.79076e-03
  1.68000e-02  2.55381e-06  5.30363e-04  1.76739e-03
  1.68000e-02  3.83072e-06  1.33167e-04  1.76822e-03
  1.68000e-02  5.10763e-06 -2.35168e-04  1.79417e-03
  1.68000e-02  6.38453e-06 -5.74123e-04  1.84615e-03
  1.68000e-02  7.66144e-06 -8.83179e-04  1.92508e-03
  1.68000e-02  8.93835e-06 -1.16182e-03  2.03188e-03
  1.68000e-02  1.02153e-05 -1.40952e-03  2.16745e-03
  1.68000e-02  1.14922e-05 -1.62577e-03  2.33271e-03
  1.68000e-02  1.27691e-05 -1.81005e-03  2.52858e-03
  1.68000e-02  1.40460e-05 -1.96184e-03  2.75596e-03
  1.68000e-02  1.53229e-05 -2.08062e-03  3.01579e-03
  1.68000e-02  1.65998e-05 -2.16587e-03  3.30896e-03
  1.68000e-02  1.78767e-05 -2.21708e-03  3.63640e-03
  1.68000e-02  1.91536e-05 -2.23372e-03  3.99903e-03
  1.68000e-02  2.04305e-05 -2.21528e-03  4.39774e-03
  1.68000e-02  2.17074e-05 -2.16124e-03  4.83347e-03
  1.68000e-02  2.29843e-05 -2.07108e-03  5.30712e-03
  1.68000e-02  2.42612e-05 -1.94429e-03  5.81961e-03
  1.68000e-02  2.55381e-05 -1.78033e-03  6.37185e-03
  1.68000e-02  2.68150e-05 -1.57871e-03  6.96476e-03
  1.68000e-02  2.80919e-05 -1.33889e-03  7.59926e-03
  1.68000e-02  2.93688e-05 -1.06035e-03  8.27625e-03
  1.68000e-02  3.06458e-05 -7.42593e-04  8.99666e-03
  1.68000e-02  3.19227e-05 -3.85083e-04  9.76139e-03

  1.82000e-02  0.00000e+00  1.44438e-03  1.94921e-03
  1.82000e-02  1.27691e-06  9.75090e-04  1.89815e-03
  1.82000e-02  2.55381e-06  5.32981e-04  1.86969e-03
  1.82000e-02  3.83072e-06  1.18575e-04  1.86474e-03
  1.82000e-02  5.10763e-06 -2.67609e-04  1.88421e-03
  1.82000e-02  6.38453e-06 -6.25054e-04  1.92903e-03
  1.82000e-02  7.66144e-06 -9.53240e-04  2.00011e-03
  1.82000e-02  8.93835e-06 -1.25165e-03  2.09836e-03
  1.82000e-02  1.02153e-05 -1.51976e-03  2.22470e-03
  1.82000e-02  1.14922e-05 -1.75707e-03  2.38003e-03
  1.82000e-02  1.27691e-05 -1.96304e-03  2.56529e-03
  1.82000e-02  1.40460e-05 -2.13716e-03  2.78137e-03
  1.82000e-02  1.53229e-05 -2.27891e-03  3.02920e-03
  1.82000e-02  1.65998e-05 -2.38777e-03  3.30969e-03
  1.82000e-02  1.78767e-05 -2.46323e-03  3.62376e-03
  1.82000e-02  1.91536e-05 -2.50476e-03  3.97231e-03
  1.82000e-02  2.04305e-05 -2.51185e-03  4.35627e-03
  1.82000e-02  2.17074e-05 -2.48399e-03  4.77656e-03
  1.82000e-02  2.29843e-05 -2.42064e-03  5.23407e-03
  1.82000e-02  2.42612e-05 -2.32129e-03  5.72973e-03
  1.82000e-02  2.55381e-05 -2.18543e-03  6.26446e-03
  1.82000e-02  2.68150e-05 -2.01254e-03  6.83917e-03
  1.82000e-02  2.80919e-05 -1.80209e-03  7.45477e-03
  1.82000e-02  2.93688e-05 -1.55357e-03  8.11218e-03
  1.82000e-02  3.06458e-05 -1.26646e-03  8.81231e-03
  1.82000e-02  3.19227e-05 -9.40243e-04  9.55608e-03

  1.96000e-02  0.00000e+00  1.46767e-03  2.05363e-03
  1.96000e-02  1.27691e-06  9.83763e-04  1.99890e-03
  1.96000e-02  2.55381e-06  5.26379e-04  1.96607e-03
  1.96000e-02  3.83072e-06  9.60400e-05  1.95604e-03
  1.96000e-02  5.10763e-06 -3.06735e-04  1.96973e-03
  1.96000e-02  6.38453e-06 -6.81429e-04  2.00806e-03
  1.96000e-02  7.66144e-06 -1.02752e-03  2.07194e-03
  1.96000e-02  8.93835e-06 -1.34450e-03  2.16229e-03
  1.96000e-02  1.02153e-05 -1.63184e-03  2.28002e-03
  1.96000e-02  1.14922e-05 -1.88902e-03  2.42604e-03
  1.96000e-02  1.27691e-05 -2.11553e-03  2.60128e-03
  1.96000e-02  1.40460e-05 -2.31084e-03  2.80664e-03
  1.96000e-02  1.53229e-05 -2.47445e-03  3.04304e-03
  1.96000e-02  1.65998e-05 -2.60582e-03  3.31139e-03
  1.96000e-02  1.78767e-05 -2.70445e-03  3.61262e-03
  1.96000e-02  1.91536e-05 -2.76982e-03  3.94763e-03
  1.96000e-02  2.04305e-05 -2.80140e-03  4.31734e-03
  1.96000e-02  2.17074e-05 -2.79867e-03  4.72266e-03
  1.96000e-02  2.29843e-05 -2.76113e-03  5.16451e-03
  1.96000e-02  2.42612e-05 -2.68824e-03  5.64381e-03
  1.96000e-02  2.55381e-05 -2.57950e-03  6.16146e-03
  1.96000e-02  2.68150e-05 -2.43438e-03  6.71839e-03
  1.96000e-02  2.80919e-05 -2.25237e-03  7.31550e-03
  1.96000e-02  2.93688e-05 -2.03294e-03  7.95372e-03
  1.96000e-02  3.06458e-05 -1.77558e-03  8.63396e-03
  1.96000e-02  3.19227e-05 -1.47978e-03  9.35712e-03

  2.10000e-02  0.00000e+00  1.48006e-03  2.15050e-03
  2.10000e-02  1.27691e-06  9.82939e-04  2.09295e-03
  2.10000e-02  2.55381e-06  5.11671e-04  2.05656e-03
  2.10000e-02  3.83072e-06  6.67713e-05  2.04227e-03
  2.10000e-02  5.10763e-06 -3.51241e-04  2.05097e-03
  2.10000e-02  6.38453e-06 -7.41847e-04  2.08359e-03
  2.10000e-02  7.66144e-06 -1.10453e-03  2.14104e-03
  2.10000e-02  8.93835e-06 -1.43877e-03  2.22423e-03
  2.10000e-02  1.02153e-05 -1.74404e-03  2.33409e-03
  2.10000e-02  1.14922e-05 -2.01984e-03  2.47152e-03
  2.10000e-02  1.27691e-05 -2.26564e-03  2.63744e-03
  2.10000e-02  1.40460e-05 -2.48093e-03  2.83277e-03
  2.10000e-02  1.53229e-05 -2.66518e-03  3.05841e-03
  2.10000e-02  1.65998e-05 -2.81787e-03  3.31529e-03
  2.10000e-02  1.78767e-05 -2.93849e-03  3.60432e-03
  2.10000e-02  1.91536e-05 -3.02653e-03  3.92641e-03
  2.10000e-02  2.04305e-05 -3.08145e-03  4.28248e-03
  2.10000e-02  2.17074e-05 -3.10275e-03  4.67344e-03
  2.10000e-02  2.29843e-05 -3.08991e-03  5.10021e-03
  2.10000e-02  2.42612e-05 -3.04240e-03  5.56370e-03
  2.10000e-02  2.55381e-05 -2.95970e-03  6.06483e-03
  2.10000e-02  2.68150e-05 -2.84131e-03  6.60452e-03
  2.10000e-02  2.80919e-05 -2.68670e-03  7.18367e-03
  2.10000e-02  2.93688e-05 -2.49535e-03  7.80320e-03
  2.10000e-02  3.06458e-05 -2.26674e-03  8.46402e-03
  2.10000e-02  3.19227e-05 -2.00037e-03  9.16706e-03

  2.24000e-02  0.00000e+00  1.48282e-03  2.23967e-03
  2.24000e-02  1.27691e-06  9.74007e-04  2.18025e-03
  2.24000e-02  2.55381e-06  4.90355e-04  2.14126e-03
  2.24000e-02  3.83072e-06  3.23784e-05  2.12363e-03
  2.24000e-02  5.10763e-06 -3.99404e-04  2.12825e-03
  2.24000e-02  6.38453e-06 -8.04475e-04  2.15606e-03
  2.24000e-02  7.66144e-06 -1.18231e-03  2.20796e-03
  2.24000e-02  8.93835e-06 -1.53241e-03  2.28487e-03
  2.24000e-02  1.02153e-05 -1.85423e-03  2.38771e-03
  2.24000e-02  1.14922e-05 -2.14727e-03  2.51738e-03
  2.24000e-02  1.27691e-05 -2.41100e-03  2.67481e-03
  2.24000e-02  1.40460e-05 -2.64491e-03  2.86090e-03
  2.24000e-02  1.53229e-05 -2.84848e-03  3.07658e-03
  2.24000e-02  1.65998e-05 -3.02119e-03  3.32275e-03
  2.24000e-02  1.78767e-05 -3.16252e-03  3.60034e-03
  2.24000e-02  1.91536e-05 -3.27196e-03  3.91026e-03
  2.24000e-02  2.04305e-05 -3.34898e-03  4.25341e-03
  2.24000e-02  2.17074e-05 -3.39306e-03  4.63073e-03
  2.24000e-02  2.29843e-05 -3.40370e-03  5.04311e-03
  2.24000e-02  2.42612e-05 -3.38037e-03  5.49148e-03
  2.24000e-02  2.55381e-05 -3.32254e-03  5.97676e-03
  2.24000e-02  2.68150e-05 -3.22971e-03  6.49985e-03
  2.24000e-02  2.80919e-05 -3.10136e-03  7.06167e-03
  2.24000e-02  2.93688e-05 -2.93696e-03  7.66313e-03
  2.24000e-02  3.06458e-05 -2.73600e-03  8.30516e-03
  2.24000e-02  3.19227e-05 -2.49796e-03  8.98866e-03

  2.38000e-02  0.00000e+00  1.47765e-03  2.32105e-03
  2.38000e-02  1.27691e-06  9.58798e-04  2.26085e-03
  2.38000e-02  2.55381e-06  4.64390e-04  2.22032e-03
  2.38000e-02  3.83072e-06 -5.05518e-06  2.20040e-03
  2.38000e-02  5.10763e-06 -4.49018e-04  2.20199e-03
  2.38000e-02  6.38453e-06 -8.66979e-04  2.22600e-03
  2.38000e-02  7.66144e-06 -1.25842e-03  2.27336e-03
  2.38000e-02  8.93835e-06 -1.62283e-03  2.34498e-03
  2.38000e-02  1.02153e-05 -1.95968e-03  2.44176e-03
  2.38000e-02  1.14922e-05 -2.26845e-03  2.56464e-03
  2.38000e-02  1.27691e-05 -2.54863e-03  2.71452e-03
  2.38000e-02  1.40460e-05 -2.79970e-03  2.89231e-03
  2.38000e-02  1.53229e-05 -3.02114e-03  3.09893e-03
  2.38000e-02  1.65998e-05 -3.21244e-03  3.33530e-03
  2.38000e-02  1.78767e-05 -3.37306e-03  3.60233e-03
  2.38000e-02  1.91536e-05 -3.50250e-03  3.90094e-03
  2.38000e-02  2.04305e-05 -3.60024e-03  4.23204e-03
  2.38000e-02  2.17074e-05 -3.66576e-03  4.59654e-03
  2.38000e-02  2.29843e-05 -3.69854e-03  4.99536e-03
  2.38000e-02  2.42612e-05 -3.69805e-03  5.42942e-03
  2.38000e-02  2.55381e-05 -3.66379e-03  5.89963e-03
  2.38000e-02  2.68150e-05 -3.59524e-03  6.40690e-03
  2.38000e-02  2.80919e-05 -3.49187e-03  6.95214e-03
  2.38000e-02  2.93688e-05 -3.35317e-03  7.53629e-03
  2.38000e-02  3.06458e-05 -3.17862e-03  8.16024e-03
  2.38000e-02  3.19227e-05 -2.96770e-03  8.82491e-03

  2.52000e-02  0.00000e+00  1.46678e-03  2.39461e-03
  2.52000e-02  1.27691e-06  9.39671e-04  2.33483e-03
  2.52000e-02  2.55381e-06  4.36274e-04  2.29397e-03
  2.52000e-02  3.83072e-06 -4.28880e-05  2.27295e-03
  2.52000e-02  5.10763e-06 -4.97297e-04  2.27266e-03
  2.52000e-02  6.38453e-06 -9.26436e-04  2.29404e-03
  2.52000e-02  7.66144e-06 -1.32978e-03  2.33800e-03
  2.52000e-02  8.93835e-06 -1.70682e-03  2.40544e-03
  2.52000e-02  1.02153e-05 -2.05704e-03  2.49729e-03
  2.52000e-02  1.14922e-05 -2.37991e-03  2.61446e-03
  2.52000e-02  1.27691e-05 -2.67491e-03  2.75786e-03
  2.52000e-02  1.40460e-05 -2.94153e-03  2.92842e-03
  2.52000e-02  1.53229e-05 -3.17926e-03  3.12703e-03
  2.52000e-02  1.65998e-05 -3.38756e-03  3.35463e-03
  2.52000e-02  1.78767e-05 -3.56593e-03  3.61212e-03
  2.52000e-02  1.91536e-05 -3.71384e-03  3.90042e-03
  2.52000e-02  2.04305e-05 -3.83078e-03  4.22044e-03
  2.52000e-02  2.17074e-05 -3.91622e-03  4.57310e-03
  2.52000e-02  2.29843e-05 -3.96966e-03  4.95931e-03
  2.52000e-02  2.42612e-05 -3.99056e-03  5.37999e-03
  2.52000e-02  2.55381e-05 -3.97842e-03  5.83605e-03
  2.52000e-02  2.68150e-05 -3.93271e-03  6.32841e-03
  2.52000e-02  2.80919e-05 -3.85292e-03  6.85798e-03
  2.52000e-02  2.93688e-05 -3.73853e-03  7.42568e-03
  2.52000e-02  3.06458e-05 -3.58901e-03  8.03242e-03
  2.52000e-02  3.19227e-05 -3.40386e-03  8.67911e-03

  2.66000e-02  0.00000e+00  1.45304e-03  2.46039e-03
  2.66000e-02  1.27691e-06  9.19608e-04  2.40240e-03
  2.66000e-02  2.55381e-06  4.09147e-04  2.36254e-03
  2.66000e-02  3.83072e-06 -7.78274e-05  2.34174e-03
  2.66000e-02  5.10763e-06 -5.40796e-04  2.34089e-03
  2.66000e-02  6.38453e-06 -9.79240e-04  2.36093e-03
  2.66000e-02  7.66144e-06 -1.39264e-03  2.40276e-03
  2.66000e-02  8.93835e-06 -1.78048e-03  2.46729e-03
  2.66000e-02  1.02153e-05 -2.14224e-03  2.55545e-03
  2.66000e-02  1.14922e-05 -2.47741e-03  2.66815e-03
  2.66000e-02  1.27691e-05 -2.78545e-03  2.80630e-03
  2.66000e-02  1.40460e-05 -3.06586e-03  2.97081e-03
  2.66000e-02  1.53229e-05 -3.31812e-03  3.16261e-03
  2.66000e-02  1.65998e-05 -3.54171e-03  3.38260e-03
  2.66000e-02  1.78767e-05 -3.73611e-03  3.63170e-03
  2.66000e-02  1.91536e-05 -3.90080e-03  3.91083e-03
  2.66000e-02  2.04305e-05 -4.03526e-03  4.22090e-03
  2.66000e-02  2.17074e-05 -4.13898e-03  4.56283e-03
  2.66000e-02  2.29843e-05 -4.21144e-03  4.93752e-03
  2.66000e-02  2.42612e-05 -4.25211e-03  5.34590e-03
  2.66000e-02  2.55381e-05 -4.26048e-03  5.78889e-03
  2.66000e-02  2.68150e-05 -4.23603e-03  6.26738e-03
  2.66000e-02  2.80919e-05 -4.17825e-03  6.78230e-03
  2.66000e-02  2.93688e-05 -4.08661e-03  7.33457e-03
  2.66000e-02  3.06458e-05 -3.96060e-03  7.92510e-03
  2.66000e-02  3.19227e-05 -3.79969e-03  8.55480e-03

  2.80000e-02  0.00000e+00  1.43995e-03  2.51853e-03
  2.80000e-02  1.27691e-06  9.02312e-04  2.46383e-03
  2.80000e-02  2.55381e-06  3.86882e-04  2.42647e-03
  2.80000e-02  3.83072e-06 -1.05827e-04  2.40736e-03
  2.80000e-02  5.10763e-06 -5.75294e-04  2.40741e-03
  2.80000e-02  6.38453e-06 -1.02100e-03  2.42754e-03
  2.80000e-02  7.66144e-06 -1.44243e-03  2.46867e-03
  2.80000e-02  8.93835e-06 -1.83907e-03  2.53171e-03
  2.80000e-02  1.02153e-05 -2.21039e-03  2.61757e-03
  2.80000e-02  1.14922e-05 -2.55588e-03  2.72718e-03
  2.80000e-02  1.27691e-05 -2.87501e-03  2.86143e-03
  2.80000e-02  1.40460e-05 -3.16728e-03  3.02126e-03
  2.80000e-02  1.53229e-05 -3.43216e-03  3.20757e-03
  2.80000e-02  1.65998e-05 -3.66913e-03  3.42128e-03
  2.80000e-02  1.78767e-05 -3.87768e-03  3.66330e-03
  2.80000e-02  1.91536e-05 -4.05728e-03  3.93455e-03
  2.80000e-02  2.04305e-05 -4.20743e-03  4.23594e-03
  2.80000e-02  2.17074e-05 -4.32759e-03  4.56839e-03
  2.80000e-02  2.29843e-05 -4.41726e-03  4.93281e-03
  2.80000e-02  2.42612e-05 -4.47590e-03  5.33012e-03
  2.80000e-02  2.55381e-05 -4.50302e-03  5.76123e-03
  2.80000e-02  2.68150e-05 -4.49807e-03  6.22706e-03
  2.80000e-02  2.80919e-05 -4.46056e-03  6.72851e-03
  2.80000e-02  2.93688e-05 -4.38996e-03  7.26652e-03
  2.80000e-02  3.06458e-05 -4.28574e-03  7.84198e-03
  2.80000e-02  3.19227e-05 -4.14740e-03  8.45582e-03

  2.94000e-02  0.00000e+00  1.43186e-03  2.56928e-03
  2.94000e-02  1.27691e-06  8.92324e-04  2.51953e-03
  2.94000e-02  2.55381e-06  3.74205e-04  2.48630e-03
  2.94000e-02  3.83072e-06 -1.21974e-04  2.47051e-03
  2.94000e-02  5.10763e-06 -5.95695e-04  2.47308e-03
  2.94000e-02  6.38453e-06 -1.04644e-03  2.49491e-03
  2.94000e-02  7.66144e-06 -1.47369e-03  2.53692e-03
  2.94000e-02  8.93835e-06 -1.87693e-03  2.60003e-03
  2.94000e-02  1.02153e-05 -2.25563e-03  2.68515e-03
  2.94000e-02  1.14922e-05 -2.60929e-03  2.79320e-03
  2.94000e-02  1.27691e-05 -2.93738e-03  2.92508e-03
  2.94000e-02  1.40460e-05 -3.23938e-03  3.08173e-03
  2.94000e-02  1.53229e-05 -3.51478e-03  3.26404e-03
  2.94000e-02  1.65998e-05 -3.76305e-03  3.47294e-03
  2.94000e-02  1.78767e-05 -3.98368e-03  3.70933e-03
  2.94000e-02  1.91536e-05 -4.17615e-03  3.97415e-03
  2.94000e-02  2.04305e-05 -4.33994e-03  4.26829e-03
  2.94000e-02  2.17074e-05 -4.47454e-03  4.59268e-03
  2.94000e-02  2.29843e-05 -4.57941e-03  4.94822e-03
  2.94000e-02  2.42612e-05 -4.65406e-03  5.33584e-03
  2.94000e-02  2.55381e-05 -4.69795e-03  5.75645e-03
  2.94000e-02  2.68150e-05 -4.71057e-03  6.21096e-03
  2.94000e-02  2.80919e-05 -4.69141e-03  6.70029e-03
  2.94000e-02  2.93688e-05 -4.63993e-03  7.22535e-03
  2.94000e-02  3.06458e-05 -4.55563e-03  7.78706e-03
  2.94000e-02  3.19227e-05 -4.43799e-03  8.38633e-03

  3.08000e-02  0.00000e+00  1.43408e-03  2.61299e-03
  3.08000e-02  1.27691e-06  8.95140e-04  2.57002e-03
  3.08000e-02  2.55381e-06  3.76816e-04  2.54274e-03
  3.08000e-02  3.83072e-06 -1.20370e-04  2.53207e-03
  3.08000e-02  5.10763e-06 -5.95898e-04  2.53892e-03
  3.08000e-02  6.38453e-06 -1.04925e-03  2.56421e-03
  3.08000e-02  7.66144e-06 -1.47991e-03  2.60885e-03
  3.08000e-02  8.93835e-06 -1.88736e-03  2.67376e-03
  3.08000e-02  1.02153e-05 -2.27107e-03  2.75986e-03
  3.08000e-02  1.14922e-05 -2.63054e-03  2.86805e-03
  3.08000e-02  1.27691e-05 -2.96524e-03  2.99925e-03
  3.08000e-02  1.40460e-05 -3.27466e-03  3.15438e-03
  3.08000e-02  1.53229e-05 -3.55826e-03  3.33435e-03
  3.08000e-02  1.65998e-05 -3.81555e-03  3.54008e-03
  3.08000e-02  1.78767e-05 -4.04600e-03  3.77248e-03
  3.08000e-02  1.91536e-05 -4.24908e-03  4.03246e-03
  3.08000e-02  2.04305e-05 -4.42429e-03  4.32095e-03
  3.08000e-02  2.17074e-05 -4.57110e-03  4.63885e-03
  3.08000e-02  2.29843e-05 -4.68900e-03  4.98708e-03
  3.08000e-02  2.42612e-05 -4.77746e-03  5.36655e-03
  3.08000e-02  2.55381e-05 -4.83598e-03  5.77819e-03
  3.08000e-02  2.68150e-05 -4.86402e-03  6.22290e-03
  3.08000e-02  2.80919e-05 -4.86107e-03  6.70160e-03
  3.08000e-02  2.93688e-05 -4.82662e-03  7.21520e-03
  3.08000e-02  3.06458e-05 -4.76014e-03  7.76463e-03
  3.08000e-02  3.19227e-05 -4.66112e-03  8.35078e-03

  3.22000e-02  0.00000e+00  1.45298e-03  2.65019e-03
  3.22000e-02  1.27691e-06  9.17344e-04  2.61599e-03
  3.22000e-02  2.55381e-06  4.01512e-04  2.59663e-03
  3.22000e-02  3.83072e-06 -9.39999e-05  2.59304e-03
  3.22000e-02  5.10763e-06 -5.68673e-04  2.60613e-03
  3.22000e-02  6.38453e-06 -1.02199e-03  2.63681e-03
  3.22000e-02  7.66144e-06 -1.45343e-03  2.68601e-03
  3.22000e-02  8.93835e-06 -1.86248e-03  2.75462e-03
  3.22000e-02  1.02153e-05 -2.24861e-03  2.84358e-03
  3.22000e-02  1.14922e-05 -2.61132e-03  2.95378e-03
  3.22000e-02  1.27691e-05 -2.95008e-03  3.08616e-03
  3.22000e-02  1.40460e-05 -3.26436e-03  3.24162e-03
  3.22000e-02  1.53229e-05 -3.55367e-03  3.42107e-03
  3.22000e-02  1.65998e-05 -3.81747e-03  3.62544e-03
  3.22000e-02  1.78767e-05 -4.05524e-03  3.85564e-03
  3.22000e-02  1.91536e-05 -4.26648e-03  4.11257e-03
  3.22000e-02  2.04305e-05 -4.45065e-03  4.39717e-03
  3.22000e-02  2.17074e-05 -4.60725e-03  4.71033e-03
  3.22000e-02  2.29843e-05 -4.73575e-03  5.05299e-03
  3.22000e-02  2.42612e-05 -4.83564e-03  5.42604e-03
  3.22000e-02  2.55381e-05 -4.90640e-03  5.83040e-03
  3.22000e-02  2.68150e-05 -4.94750e-03  6.26700e-03
  3.22000e-02  2.80919e-05 -4.95843e-03  6.73675e-03
  3.22000e-02  2.93688e-05 -4.93868e-03  7.24055e-03
  3.22000e-02  3.06458e-05 -4.88771e-03  7.77933e-03
  3.22000e-02  3.19227e-05 -4.80503e-03  8.35399e-03

  3.36000e-02  0.00000e+00  1.49612e-03  2.68152e-03
  3.36000e-02  1.27691e-06  9.66744e-04  2.65827e-03
  3.36000e-02  2.55381e-06  4.56334e-04  2.64900e-03
  3.36000e-02  3.83072e-06 -3.45929e-05  2.65464e-03
  3.36000e-02  5.10763e-06 -5.05518e-04  2.67609e-03
  3.36000e-02  6.38453e-06 -9.55922e-04  2.71428e-03
  3.36000e-02  7.66144e-06 -1.38529e-03  2.77012e-03
  3.36000e-02  8.93835e-06 -1.79310e-03  2.84453e-03
  3.36000e-02  1.02153e-05 -2.17883e-03  2.93841e-03
  3.36000e-02  1.14922e-05 -2.54197e-03  3.05269e-03
  3.36000e-02  1.27691e-05 -2.88199e-03  3.18828e-03
  3.36000e-02  1.40460e-05 -3.19839e-03  3.34609e-03
  3.36000e-02  1.53229e-05 -3.49063e-03  3.52704e-03
  3.36000e-02  1.65998e-05 -3.75821e-03  3.73204e-03
  3.36000e-02  1.78767e-05 -4.00060e-03  3.96200e-03
  3.36000e-02  1.91536e-05 -4.21729e-03  4.21785e-03
  3.36000e-02  2.04305e-05 -4.40776e-03  4.50050e-03
  3.36000e-02  2.17074e-05 -4.57148e-03  4.81086e-03
  3.36000e-02  2.29843e-05 -4.70794e-03  5.14985e-03
  3.36000e-02  2.42612e-05 -4.81663e-03  5.51837e-03
  3.36000e-02  2.55381e-05 -4.89701e-03  5.91736e-03
  3.36000e-02  2.68150e-05 -4.94859e-03  6.34771e-03
  3.36000e-02  2.80919e-05 -4.97083e-03  6.81035e-03
  3.36000e-02  2.93688e-05 -4.96322e-03  7.30619e-03
  3.36000e-02  3.06458e-05 -4.92523e-03  7.83615e-03
  3.36000e-02  3.19227e-05 -4.85636e-03  8.40113e-03

  3.50000e-02  0.00000e+00  1.57245e-03  2.70784e-03
  3.50000e-02  1.27691e-06  1.05252e-03  2.69789e-03
  3.50000e-02  2.55381e-06  5.50711e-04  2.70106e-03
  3.50000e-02  3.83072e-06  6.75269e-05  2.71826e-03
  3.50000e-02  5.10763e-06 -3.96509e-04  2.75040e-03
  3.50000e-02  6.38453e-06 -8.40879e-04  2.79840e-03
  3.50000e-02  7.66144e-06 -1.26506e-03  2.86318e-03
  3.50000e-02  8.93835e-06 -1.66855e-03  2.94564e-03
  3.50000e-02  1.02153e-05 -2.05081e-03  3.04671e-03
  3.50000e-02  1.14922e-05 -2.41133e-03  3.16730e-03
  3.50000e-02  1.27691e-05 -2.74959e-03  3.30833e-03
  3.50000e-02  1.40460e-05 -3.06508e-03  3.47070e-03
  3.50000e-02  1.53229e-05 -3.35727e-03  3.65533e-03
  3.50000e-02  1.65998e-05 -3.62565e-03  3.86314e-03
  3.50000e-02  1.78767e-05 -3.86970e-03  4.09505e-03
  3.50000e-02  1.91536e-05 -4.08889e-03  4.35196e-03
  3.50000e-02  2.04305e-05 -4.28272e-03  4.63479e-03
  3.50000e-02  2.17074e-05 -4.45066e-03  4.94446e-03
  3.50000e-02  2.29843e-05 -4.59219e-03  5.28189e-03
  3.50000e-02  2.42612e-05 -4.70680e-03  5.64797e-03
  3.50000e-02  2.55381e-05 -4.79397e-03  6.04364e-03
  3.50000e-02  2.68150e-05 -4.85318e-03  6.46981e-03
  3.50000e-02  2.80919e-05 -4.88391e-03  6.92739e-03
  3.50000e-02  2.93688e-05 -4.88564e-03  7.41729e-03
  3.50000e-02  3.06458e-05 -4.85785e-03  7.94043e-03
  3.50000e-02  3.19227e-05 -4.80003e-03  8.49773e-03

