# Tracking with TRACY# (Floquet space)
#
#  1   512 1.0E+00 1.0E+00 0.0E+00 0.0E+00 2.20667 1.07867
#    N     x^          px^          y^          py^          delta          cdt
#                                                                   [%]           [mm]
#
   0  2.2600057483350758e-04  4.8193905205813681e-19  4.1534726035352756e-03 -9.7203305558201539e-19  0.0000000000000000e+00  0.0000000000000000e+00
   1  7.3949604553860728e-05  4.8290873831632793e-04  3.6349614229881830e-03 -2.0108510757121515e-03  0.0000000000000000e+00  5.8506518905404445e-03
   2 -9.0670025286874399e-05  5.7978923362482168e-04  2.3170110600905327e-03 -3.5515838623828857e-03  0.0000000000000000e+00 -8.6066208859103665e-03
   3 -2.4427731797967752e-04  5.9316572864768500e-05  5.9724516038206336e-04 -4.3310152986221892e-03  0.0000000000000000e+00 -3.8743531701505907e-02
   4 -4.8025564376222377e-04 -5.2906629780078947e-04 -1.1549918973209970e-03 -4.2459395539058663e-03  0.0000000000000000e+00 -6.6232869430129834e-02
   5 -4.8305197918074519e-04 -5.0652943266252205e-04 -2.6774060136660898e-03 -3.1709113086446127e-03  0.0000000000000000e+00 -7.4022510383410345e-02
   6 -3.9591403305618063e-05  4.7897472988533979e-05 -3.8057356142764081e-03 -1.3160971941910977e-03  0.0000000000000000e+00 -6.2504052513786545e-02
   7  4.0663750817395626e-04  4.9164026844503725e-04 -4.1194737331543786e-03  7.2792244761289747e-04  0.0000000000000000e+00 -4.8694577313034136e-02
   8  3.4700230324289570e-04  4.4543946506538849e-04 -3.2965063817770889e-03  2.5207420906492471e-03  0.0000000000000000e+00 -5.0896107748317362e-02
   9 -1.8750485696251388e-04  9.2960245725872339e-05 -1.7061926988447753e-03  3.8692742978681349e-03  0.0000000000000000e+00 -7.2554167004836648e-02
  10 -7.1271992988798259e-04 -2.0759054055085504e-04 -8.0507976426193071e-06  4.4969946737975610e-03  0.0000000000000000e+00 -1.0315914049782259e-01
  11 -6.8777332794854324e-04 -2.6097507282169490e-04  1.5873859846857379e-03  4.0358457348059085e-03  0.0000000000000000e+00 -1.2493297889432629e-01
  12 -9.5124958178515284e-05 -1.3011017328504700e-04  3.1089122557067081e-03  2.5966126421974860e-03  0.0000000000000000e+00 -1.2571806602091640e-01
  13  4.2483977149180581e-04 -3.6796322521726401e-06  4.1022895015041761e-03  6.8732999548970519e-04  0.0000000000000000e+00 -1.1202273835332605e-01
  14  3.2119686793005822e-04  1.5441074503092487e-04  3.9432965836892339e-03 -1.3152705317186748e-03  0.0000000000000000e+00 -1.0223238915640456e-01
  15 -1.6615181472343318e-04  3.8153356370558447e-04  2.7780786972849219e-03 -3.1000081734020987e-03  0.0000000000000000e+00 -1.0950597850662475e-01
  16 -4.4964990115906826e-04  3.3639378868543222e-04  1.1969349523087288e-03 -4.2345933887693648e-03  0.0000000000000000e+00 -1.3514971150460184e-01
  17 -4.2169458302813279e-04 -1.2122520918227139e-04 -5.2510175292942349e-04 -4.4055427465605678e-03  0.0000000000000000e+00 -1.6545430115792606e-01
  18 -2.8584825763395150e-04 -5.2865857641715423e-04 -2.2205760205885636e-03 -3.6173268720206368e-03  0.0000000000000000e+00 -1.8148987551582041e-01
  19 -7.6541316932884679e-05 -3.9039816047315508e-04 -3.5593428317242238e-03 -2.0197965623769839e-03  0.0000000000000000e+00 -1.7542251479844292e-01
  20  1.3901108369220990e-04  1.7961147238250303e-04 -4.1264583219226035e-03  3.2031718203172090e-05  0.0000000000000000e+00 -1.5965875908728841e-01
  21  2.1058104972144419e-04  6.2547411900702623e-04 -3.6656391340608480e-03  2.0102261438117506e-03  0.0000000000000000e+00 -1.5404544636758119e-01
  22  7.5811455654117962e-05  4.8192726265358784e-04 -2.3233872185723071e-03  3.4991874114562263e-03  0.0000000000000000e+00 -1.6926131353061180e-01
  23 -3.0141276719688732e-04 -1.1963448362631190e-04 -5.6718798523553858e-04  4.3253809436433347e-03  0.0000000000000000e+00 -1.9961012945047790e-01
  24 -6.8161565359674758e-04 -5.1332741721666557e-04  1.1251731903327749e-03  4.2861081187369364e-03  0.0000000000000000e+00 -2.2651691780875854e-01
  25 -5.3533396323144234e-04 -3.1950899068642556e-04  2.6201508268046403e-03  3.1715481927938848e-03  0.0000000000000000e+00 -2.3442902169039920e-01
  26  1.1463729720302075e-04  1.4190369800016093e-04  3.8144908445592860e-03  1.3181230904548006e-03  0.0000000000000000e+00 -2.2314094937935153e-01
  27  5.3122102346256264e-04  3.4501775469446635e-04  4.1445804328655916e-03 -6.8389846491904397e-04  0.0000000000000000e+00 -2.1008247714831374e-01
  28  2.4921103224116004e-04  2.7103464502377741e-04  3.2714285860658394e-03 -2.5055608836471025e-03  0.0000000000000000e+00 -2.1217261843649854e-01
  29 -3.7625725668923672e-04  1.4738601926249395e-04  1.7070596364760996e-03 -3.9165690272643418e-03  0.0000000000000000e+00 -2.3290180865179419e-01
  30 -7.1106740935894172e-04 -2.1995372926462594e-05  5.3654301853081001e-05 -4.5154028547018197e-03  0.0000000000000000e+00 -2.6343033253442588e-01
  31 -4.9780585746429817e-04 -2.2078122460253042e-04 -1.5974706916081908e-03 -4.0137170394521802e-03  0.0000000000000000e+00 -2.8548332979588442e-01
  32  1.0282268030004842e-06 -3.0626433502981985e-04 -3.1594180140495378e-03 -2.6136254033131850e-03  0.0000000000000000e+00 -2.8666999397488890e-01
  33  3.0012742965298351e-04 -1.4880868418730070e-04 -4.0962769880896997e-03 -7.0868351610756011e-04  0.0000000000000000e+00 -2.7271843735248202e-01
  34  1.6578768474705157e-04  2.5253069450347485e-04 -3.9236646118279359e-03  1.3425244435731347e-03  0.0000000000000000e+00 -2.6194821043313987e-01
  35 -1.1307510642324623e-04  5.7030691962820976e-04 -2.8128100006236992e-03  3.1125626095203432e-03  0.0000000000000000e+00 -2.6908991654636966e-01
  36 -2.4708556059288946e-04  3.3844066693970438e-04 -1.2096196411904346e-03  4.1813624804544567e-03  0.0000000000000000e+00 -2.9512732597435237e-01
  37 -3.6600130295769151e-04 -3.0320284730529919e-04  5.6531260822629778e-04  4.3784276578961246e-03  0.0000000000000000e+00 -3.2593311610290321e-01
  38 -4.5190508663350127e-04 -6.1577233887640654e-04  2.2118840896631158e-03  3.6371849811130496e-03  0.0000000000000000e+00 -3.4160787093906247e-01
  39 -2.1333993478184375e-04 -2.4714835574899421e-04  3.5055889764928675e-03  2.0066002669098739e-03  0.0000000000000000e+00 -3.3532990102359445e-01
  40  2.2327558544702812e-04  3.5830844762233335e-04  4.1266770045479831e-03 -4.9621261518265300e-05  0.0000000000000000e+00 -3.1971003370715440e-01
  41  3.8963423254560861e-04  5.8326692519021408e-04  3.6918608881599453e-03 -1.9727240995413603e-03  0.0000000000000000e+00 -3.1483557305574988e-01
  42  7.7118340157358785e-05  2.8775144882549743e-04  2.3002489412397215e-03 -3.4706173518229458e-03  0.0000000000000000e+00 -3.3057992698995714e-01
  43 -4.9474272539016130e-04 -1.6459594154375580e-04  5.6327162295778763e-04 -4.3679329325863950e-03  0.0000000000000000e+00 -3.6027941785607798e-01
  44 -7.8869842919872452e-04 -3.4983264556052871e-04 -1.0696035150818245e-03 -4.3187893492134359e-03  0.0000000000000000e+00 -3.8698712296033166e-01
  45 -4.0936671780364967e-04 -1.8712135099090236e-04 -2.6043520013919507e-03 -3.1664142385848639e-03  0.0000000000000000e+00 -3.9515970442744064e-01
  46  2.7452107186030125e-04  4.1405301490542249e-05 -3.8550587174869819e-03 -1.3466587522705982e-03  0.0000000000000000e+00 -3.8427026574760059e-01
  47  4.9031716128449269e-04  1.4032299546593333e-04 -4.1450139608002609e-03  6.4703456072823186e-04  0.0000000000000000e+00 -3.7146901934309950e-01
  48  6.3108867848655603e-05  2.6132944144288927e-04 -3.2493375117891767e-03  2.5273451583748361e-03  0.0000000000000000e+00 -3.7246148451287892e-01
  49 -4.3144250414116651e-04  3.2926707926647636e-04 -1.7393989648653873e-03  3.9487353479624628e-03  0.0000000000000000e+00 -3.9275126717216635e-01
  50 -5.3837652392837011e-04  7.4430033288666681e-05 -7.3164999918178862e-05  4.4825645123533443e-03  0.0000000000000000e+00 -4.2346831878853114e-01
  51 -3.5022770963354219e-04 -3.5473708284782343e-04  1.6450509495082250e-03  3.9900039001756630e-03  0.0000000000000000e+00 -4.4599290171841954e-01
  52 -8.1765245368056386e-05 -4.7808033436676922e-04  3.1781083641774159e-03  2.6323031452695099e-03  0.0000000000000000e+00 -4.4718188884444127e-01
  53  1.2380721597395064e-04 -1.0189345638874744e-04  4.0599262840667590e-03  6.9674064395450013e-04  0.0000000000000000e+00 -4.3256905913764754e-01
  54  1.5889573017116164e-04  4.5446262299994903e-04  3.9282401753703237e-03 -1.3727125622925013e-03  0.0000000000000000e+00 -4.2154255402824919e-01
  55  7.2441606162770606e-05  6.3540063520044167e-04  2.8469507356557598e-03 -3.0822856843681829e-03  0.0000000000000000e+00 -4.2909817779465270e-01
  56 -1.3857400788615427e-04  1.7883617456195480e-04  1.1895058179077407e-03 -4.1337838161627843e-03  0.0000000000000000e+00 -4.5582924026956656e-01
  57 -5.0012642255543849e-04 -4.3541310020969037e-04 -5.8009538538895337e-04 -4.3977007135407899e-03  0.0000000000000000e+00 -4.8643519420630899e-01
  58 -6.2900306394138110e-04 -5.2027599573587716e-04 -2.1574370625752947e-03 -3.6584620289514492e-03  0.0000000000000000e+00 -5.0174335772638567e-01
  59 -1.8326434686622662e-04 -5.6100323985467958e-05 -3.4706949804059321e-03 -1.9923171511028559e-03  0.0000000000000000e+00 -4.9568772999069538e-01
  60  4.0079469992617626e-04  3.7240041785005073e-04 -4.1540967229850663e-03  2.9624193001333322e-05  0.0000000000000000e+00 -4.8047629835664829e-01
  61  4.4594569056945096e-04  3.9143456423650210e-04 -3.6929062296088395e-03  1.9291670584608432e-03  0.0000000000000000e+00 -4.7637110755559570e-01
  62 -8.5415253318627950e-05  1.8099033906530962e-04 -2.2734517099711376e-03  3.4874260178444070e-03  0.0000000000000000e+00 -4.9152294349993714e-01
  63 -6.4577529379821798e-04 -3.6321141628898788e-05 -5.9405726372616205e-04  4.4187200235638836e-03  0.0000000000000000e+00 -5.2061720553346980e-01
  64 -7.0281807477742331e-04 -1.8677423987050260e-04  1.0339066846226776e-03  4.3161280367192941e-03  0.0000000000000000e+00 -5.4749985861112449e-01
  65 -2.2272185548062392e-04 -2.3183264882841711e-04  2.6408656532996696e-03  3.1638966289189267e-03  0.0000000000000000e+00 -5.5597110945856265e-01
  66  2.9119650541020541e-04 -1.6441515062561366e-04  3.8873638830001001e-03  1.3812165272018089e-03  0.0000000000000000e+00 -5.4544559649417856e-01
  67  3.2207523268972378e-04  6.9245556513565176e-05  4.1211460739112894e-03 -6.4355860371618926e-04  0.0000000000000000e+00 -5.3186948251996591e-01
  68 -3.9478867975893386e-05  4.2166026519239487e-04  3.2549148604944871e-03 -2.5623104939871684e-03  0.0000000000000000e+00 -5.3208182033262874e-01
  69 -2.9983873952196333e-04  4.7505050895299675e-04  1.7785619139143772e-03 -3.9325582373487674e-03  0.0000000000000000e+00 -5.5244175402598272e-01
  70 -3.5380140193645048e-04 -7.8800819301597077e-06  5.3469922843379987e-05 -4.4284953369658686e-03  0.0000000000000000e+00 -5.8366330536941458e-01
  71 -3.8157640748136533e-04 -5.3916501596562561e-04 -1.6807307179168339e-03 -3.9902853900544736e-03  0.0000000000000000e+00 -6.0640118288310185e-01
  72 -2.6893600195466153e-04 -4.8563162767951133e-04 -3.1440047289742370e-03 -2.6407326944259926e-03  0.0000000000000000e+00 -6.0713462058744405e-01
  73  5.7436826506176403e-05  8.9003356295218292e-05 -4.0253707808099474e-03 -6.6755011161429402e-04  0.0000000000000000e+00 -5.9236991749540258e-01
  74  3.0806055632570829e-04  5.7673013879057529e-04 -3.9543668939485055e-03  1.3704867595626580e-03  0.0000000000000000e+00 -5.8164974866096630e-01
  75  2.1906303879664171e-04  5.1397550379967359e-04 -2.8539455513104154e-03  3.0332136676352421e-03  0.0000000000000000e+00 -5.9005845428637482e-01
  76 -2.2247985487587699e-04  7.9366451543242794e-06 -1.1605081067611351e-03  4.1333959617531344e-03  0.0000000000000000e+00 -6.1687094346024007e-01
  77 -7.0015679208610662e-04 -3.9457580868967087e-04  5.5135837907030981e-04  4.4459657578582090e-03  0.0000000000000000e+00 -6.4684332702383751e-01
  78 -6.5410461296503558e-04 -3.3260987385270427e-04  2.1024821935576800e-03  3.6657568965504151e-03  0.0000000000000000e+00 -6.6229432699224500e-01
  79 -1.5490206068055187e-05  8.7590897245691766e-06  3.4833317541672114e-03  1.9965080910972887e-03  0.0000000000000000e+00 -6.5646381723884040e-01
  80  5.0655786106666397e-04  2.0418848372255811e-04  4.1838472447917330e-03  1.3902507820375465e-05  0.0000000000000000e+00 -6.4190156779767360e-01
  81  3.2947467297854036e-04  2.2961788756164706e-04  3.6702370037530797e-03 -1.9133285487000144e-03  0.0000000000000000e+00 -6.3749839052655777e-01
  82 -2.6130525592762239e-04  2.5902721595002121e-04  2.2725262181928288e-03 -3.5301575305178912e-03  0.0000000000000000e+00 -6.5165463620595887e-01
  83 -6.1440183004044825e-04  1.4784891598015559e-04  6.3673907442118362e-04 -4.4299699330820333e-03  0.0000000000000000e+00 -6.8066166277684181e-01
  84 -5.0360229310224009e-04 -1.7151710917824212e-04 -1.0462688144849083e-03 -4.2817881864154724e-03  0.0000000000000000e+00 -7.0785481392651872e-01
  85 -1.4850530273966721e-04 -4.1623995825699366e-04 -2.6918601597190586e-03 -3.1705140117944948e-03  0.0000000000000000e+00 -7.1672308183253686e-01
  86  1.4838403381580223e-04 -2.8298056711173106e-04 -3.8785257141203495e-03 -1.3974528936703460e-03  0.0000000000000000e+00 -7.0587916033458942e-01
  87  1.8104480149629443e-04  1.9358483537892379e-04 -4.0965433811709267e-03  6.7192464123877178e-04  0.0000000000000000e+00 -6.9151717781124700e-01
  88  3.7586723285319105e-05  6.0547447949670390e-04 -3.2864406625067078e-03  2.5735435903138631e-03  0.0000000000000000e+00 -6.9170768265576021e-01
  89 -1.0175743498903934e-04  4.5175408821683673e-04 -1.7933762915822620e-03  3.8795082208523666e-03  0.0000000000000000e+00 -7.1258416596199003e-01
  90 -3.2722832718756935e-04 -1.9429046086730687e-04 -1.8166816067922038e-05  4.4034307667481188e-03  0.0000000000000000e+00 -7.4428493013103958e-01
  91 -5.6404425336218831e-04 -6.0000032542004578e-04  1.6667697163309757e-03  4.0173183127362099e-03  0.0000000000000000e+00 -7.6657036448925642e-01
  92 -3.8903421793508704e-04 -3.2652439583040341e-04  3.0851814184410112e-03  2.6354877302285007e-03  0.0000000000000000e+00 -7.6721801893745400e-01
  93  1.6167942900685990e-04  2.4921904967474740e-04  4.0222275272425254e-03  6.5573142677328804e-04  0.0000000000000000e+00 -7.5265385035285803e-01
  94  4.7560051112375184e-04  5.0489704403272465e-04  3.9808133707410131e-03 -1.3322532127386267e-03  0.0000000000000000e+00 -7.4267898445014957e-01
  95  1.9288400304432821e-04  3.1769676379805737e-04  2.8318645166103425e-03 -3.0069200135004396e-03  0.0000000000000000e+00 -7.5148977317599197e-01
  96 -4.1980128323527055e-04 -1.2944556778074814e-05  1.1541959860685957e-03 -4.1775755034323403e-03  0.0000000000000000e+00 -7.7752110323275525e-01
  97 -7.8124773999726875e-04 -2.2105606868110965e-04 -5.0047120234662941e-04 -4.4800510636574826e-03  0.0000000000000000e+00 -8.0729265842739739e-01
  98 -5.0543414811733971e-04 -2.2241239101870937e-04 -2.0924592301185107e-03 -3.6566805136876951e-03  0.0000000000000000e+00 -8.2299886728947713e-01
  99  1.3358717660562783e-04 -1.1593505680755583e-04 -3.5294565750323432e-03 -2.0195247450017486e-03  0.0000000000000000e+00 -8.1754727442359965e-01
 100  4.4305847307999388e-04  8.6210106206829687e-06 -4.1874897506885495e-03 -4.7719514119793303e-05  0.0000000000000000e+00 -8.0309318798934881e-01
 101  1.4827686471479117e-04  2.4746656511785150e-04 -3.6480591703480646e-03  1.9333401100752310e-03  0.0000000000000000e+00 -7.9756817947888425e-01
 102 -2.8783723338161361e-04  4.4830900682613014e-04 -2.3034136874906836e-03  3.5567344136837042e-03  0.0000000000000000e+00 -8.1132887038759804e-01
 103 -4.2789113855266431e-04  2.2316478429707898e-04 -6.5716620687935614e-04  4.3892073199908047e-03  0.0000000000000000e+00 -8.4054916855394490e-01
 104 -3.7471697758058477e-04 -3.2126602402963046e-04  1.0906217827355744e-03  4.2491379240551432e-03  0.0000000000000000e+00 -8.6826516420614452e-01
 105 -2.5657808352418164e-04 -5.6811051056685771e-04  2.7050888944447119e-03  3.1859818521149104e-03  0.0000000000000000e+00 -8.7703483000516769e-01
 106 -2.3879390245852604e-05 -2.0689528218406433e-04  3.8348791320490269e-03  1.3854874816513374e-03  0.0000000000000000e+00 -8.6569345091677585e-01
 107  1.9736611859914329e-04  3.9674378725307541e-04  4.0941825646412322e-03 -7.0055093810225623e-04  0.0000000000000000e+00 -8.5124007402754420e-01
 108  2.2489806938114779e-04  6.4558078150108182e-04  3.3185940791634720e-03 -2.5442345385209113e-03  0.0000000000000000e+00 -8.5196229263859868e-01
 109 -2.0127595962142068e-05  2.7797420859678709e-04  1.7754998345559693e-03 -3.8364020305518476e-03  0.0000000000000000e+00 -8.7356480396895353e-01
 110 -4.8217599706058492e-04 -3.0747400618700638e-04  4.9957644767694456e-06 -4.4297919001967901e-03  0.0000000000000000e+00 -9.0493765314103281e-01
 111 -7.2954827984308469e-04 -4.8363338562925804e-04 -1.6119352935598293e-03 -4.0485337743799126e-03  0.0000000000000000e+00 -9.2686520591018051e-01
 112 -3.3251873260488617e-04 -1.4756894232240868e-04 -3.0511750121801871e-03 -2.6277224164604021e-03  0.0000000000000000e+00 -9.2777544885365637e-01
 113  3.3946681615486290e-04  2.3114834910284706e-04 -4.0525728008624900e-03 -6.7824280211765909e-04  0.0000000000000000e+00 -9.1357552250851948e-01
 114  5.0697317965462177e-04  3.0164746141408147e-04 -3.9853314298086097e-03  1.2890268877320818e-03  0.0000000000000000e+00 -9.0424794939936426e-01
 115  2.0323115906084225e-05  2.3159534662431789e-04 -2.8050776942143076e-03  3.0218867994550617e-03  0.0000000000000000e+00 -9.1226973921385501e-01
 116 -5.4854657829416789e-04  1.3280343199425349e-04 -1.1814904214355398e-03  4.2241364618023696e-03  0.0000000000000000e+00 -9.3768207057792141e-01
 117 -6.6818151448978357e-04 -7.1003816770504459e-05  4.6880493177416858e-04  4.4692610585378391e-03  0.0000000000000000e+00 -9.6760053783440025e-01
 118 -3.2106325564262335e-04 -2.9234256160978197e-04  2.1327011605388169e-03  3.6423278291284104e-03  0.0000000000000000e+00 -9.8366616198040846e-01
 119  1.2507678970852642e-04 -3.1753388438464613e-04  3.5627680267550908e-03  2.0462695399507689e-03  0.0000000000000000e+00 -9.7847742671806837e-01
 120  2.6849771958112594e-04 -3.1682302156937613e-05  4.1614275694022498e-03  4.7986786447535422e-05  0.0000000000000000e+00 -9.6328384079629725e-01
 121  6.9641746797516872e-05  4.2468122775754042e-04  3.6501655277191409e-03 -1.9670200907846934e-03  0.0000000000000000e+00 -9.5711616360146667e-01
 122 -1.3802034701547339e-04  5.7840994828504294e-04  2.3423088944311619e-03 -3.5381368645742224e-03  0.0000000000000000e+00 -9.7103613255912979e-01
 123 -2.5832228261082912e-04  1.1860957725820647e-04  6.4154162015565125e-04 -4.3331303705408672e-03  0.0000000000000000e+00 -1.0008426108308173e+00
 124 -4.3515236420220047e-04 -4.9620518149961427e-04 -1.1204572737419567e-03 -4.2508423975340113e-03  0.0000000000000000e+00 -1.0286905648723135e+00
 125 -4.4889932649106622e-04 -5.4662515826118109e-04 -2.6644464127778549e-03 -3.2003082263340754e-03  0.0000000000000000e+00 -1.0370048311407500e+00
 126 -6.7881293776560285e-05 -1.0568703711889983e-05 -3.7940656300919778e-03 -1.3619202862420556e-03  0.0000000000000000e+00 -1.0256957832956115e+00
 127  3.5657294704644608e-04  4.9394204361598130e-04 -4.1168620217005535e-03  6.9515753389488258e-04  0.0000000000000000e+00 -1.0115764248957420e+00
 128  3.4938428558955938e-04  5.0140259217301936e-04 -3.3262423927926800e-03  2.4974457560811071e-03  0.0000000000000000e+00 -1.0131915040882067e+00
 129 -1.2798629746435514e-04  1.1781661073114258e-04 -1.7465087272148902e-03  3.8395687092062109e-03  0.0000000000000000e+00 -1.0347063744520733e+00
 130 -6.7524361920954373e-04 -2.4268996670230195e-04 -3.0738014965005576e-05  4.4828123611717731e-03  0.0000000000000000e+00 -1.0654004499580652e+00
 131 -7.2551182164267791e-04 -2.9833148470033031e-04  1.5614308212244300e-03  4.0586115055638193e-03  0.0000000000000000e+00 -1.0874641652329371e+00
 132 -1.5315169012713477e-04 -1.1194314138629688e-04  3.0694193976785605e-03  2.6299083355269797e-03  0.0000000000000000e+00 -1.0886072412035301e+00
 133  4.2526744427281559e-04  4.6557913791638726e-05  4.0874581333382254e-03  7.1898364262573840e-04  0.0000000000000000e+00 -1.0749486731084421e+00
 134  3.7464242641738725e-04  1.5743840636454795e-04  3.9651551860342155e-03 -1.2733174963322350e-03  0.0000000000000000e+00 -1.0651742737754408e+00
 135 -1.3911289840856612e-04  3.3285980187476756e-04  2.8030041422970001e-03 -3.0599890904228597e-03  0.0000000000000000e+00 -1.0721796845702405e+00
 136 -4.8867919491819140e-04  3.1274950721145526e-04  1.2227434243843619e-03 -4.2280572097042083e-03  0.0000000000000000e+00 -1.0975111876843673e+00
 137 -4.6510884410290307e-04 -8.0373947768329446e-05 -4.8078416801883848e-04 -4.4236960388938781e-03  0.0000000000000000e+00 -1.1277821238685961e+00
 138 -2.7155730469429341e-04 -4.8085593383136697e-04 -2.1813216950117183e-03 -3.6398379394318708e-03  0.0000000000000000e+00 -1.1442365996846890e+00
 139 -3.4576108588368043e-05 -4.0727325420126734e-04 -3.5487529196135429e-03 -2.0589249936961576e-03  0.0000000000000000e+00 -1.1386833404639627e+00
 140  1.4285535228474876e-04  1.1589365122978919e-04 -4.1299345998768860e-03 -1.9005078983818369e-05  0.0000000000000000e+00 -1.1229390324756783e+00
 141  1.6748161528564226e-04  5.9954389394731181e-04 -3.6769709788846876e-03  1.9775061855116828e-03  0.0000000000000000e+00 -1.1168614609689429e+00
 142  5.0646844141988449e-05  5.2941450503582270e-04 -2.3582145704137995e-03  3.4873807746057931e-03  0.0000000000000000e+00 -1.1314371241951762e+00
 143 -2.6145331935792561e-04 -6.9565054695041914e-05 -6.0975756770892755e-04  4.3126670950208931e-03  0.0000000000000000e+00 -1.1616729498968124e+00
 144 -6.2963096188199512e-04 -5.3107810559551133e-04  1.1035980144748761e-03  4.2868726989890617e-03  0.0000000000000000e+00 -1.1889809653684842e+00
 145 -5.4875664683392861e-04 -3.7588171490433533e-04  2.6034093199512943e-03  3.2043925720852445e-03  0.0000000000000000e+00 -1.1972843843941414e+00
 146  5.5943024184128580e-05  1.2691910026310131e-04  3.7905009778281444e-03  1.3560254837208243e-03  0.0000000000000000e+00 -1.1862007677336477e+00
 147  5.1113656816778716e-04  3.9279299843238954e-04  4.1454823746512126e-03 -6.5563294071614654e-04  0.0000000000000000e+00 -1.1727799094356837e+00
 148  2.9783614854124056e-04  3.0624807065039722e-04  3.3059405913323631e-03 -2.4718081903338956e-03  0.0000000000000000e+00 -1.1746319278116324e+00
 149 -3.2436639984340364e-04  1.2134656926564691e-04  1.7378800220281510e-03 -3.8822584393384614e-03  0.0000000000000000e+00 -1.1952334036734875e+00
 150 -7.2805222504391577e-04 -6.1622573687227417e-05  7.7018759317745480e-05 -4.5140225639464958e-03  0.0000000000000000e+00 -1.2257205261384834e+00
 151 -5.5665522494283983e-04 -2.1093320005858340e-04 -1.5566613159565849e-03 -4.0411237224430531e-03  0.0000000000000000e+00 -1.2480382337206537e+00
 152 -1.7785338192729246e-05 -2.5646330818943785e-04 -3.1199528195408285e-03 -2.6439406435211405e-03  0.0000000000000000e+00 -1.2495690551399190e+00
 153  3.3955088445506364e-04 -1.3352975457725939e-04 -4.0924428181929005e-03 -7.4784749266804292e-04  0.0000000000000000e+00 -1.2358926360728770e+00
 154  2.0068123767493840e-04  2.0446800297097627e-04 -3.9414324170064805e-03  1.2934425756414454e-03  0.0000000000000000e+00 -1.2250651104283521e+00
 155 -1.3754405907791191e-04  5.2705000753622288e-04 -2.8320783083190001e-03  3.0828379331842562e-03  0.0000000000000000e+00 -1.2317554160487070e+00
 156 -2.9346828133528571e-04  3.6534971191620958e-04 -1.2450075122451016e-03  4.1826774493901415e-03  0.0000000000000000e+00 -1.2573660736442926e+00
 157 -3.5918828254053142e-04 -2.4352841284283521e-04  5.2032578595121706e-04  4.3864884781204287e-03  0.0000000000000000e+00 -1.2881963829762075e+00
 158 -4.0390980598768554e-04 -6.1079806426498208e-04  2.1881263988629373e-03  3.6562459675736634e-03  0.0000000000000000e+00 -1.3044485599634918e+00
 159 -1.9983599428604612e-04 -3.0534159061331367e-04  3.4977261209408403e-03  2.0504104685911428e-03  0.0000000000000000e+00 -1.2985447682214573e+00
 160  1.8173468196301668e-04  3.1405356197622181e-04  4.1209645923202956e-03 -6.0451408430406838e-06  0.0000000000000000e+00 -1.2828515107334963e+00
 161  3.5261339531774479e-04  6.1206334781189597e-04  3.7069972226736782e-03 -1.9483184559398428e-03  0.0000000000000000e+00 -1.2773834784895008e+00
 162  1.0424761656141898e-04  3.4386425765669284e-04  2.3416526526838679e-03 -3.4485139053907110e-03  0.0000000000000000e+00 -1.2926754065110364e+00
 163 -4.3275091905598336e-04 -1.6227962592948656e-04  5.9619545052805691e-04 -4.3446375749104918e-03  0.0000000000000000e+00 -1.3224407651180832e+00
 164 -7.7857286736672635e-04 -3.9653324272046164e-04 -1.0511198267187558e-03 -4.3257161469329921e-03  0.0000000000000000e+00 -1.3493930850753912e+00
 165 -4.6527514873482840e-04 -2.1205406666073836e-04 -2.5730509168641956e-03 -3.2001103112258415e-03  0.0000000000000000e+00 -1.3579646155966392e+00
 166  2.3199940149702067e-04  7.7864645851771327e-05 -3.8257389301879700e-03 -1.3784411609394610e-03  0.0000000000000000e+00 -1.3472099653222784e+00
 167  5.1833918740613937e-04  1.8348452520644808e-04 -4.1543159750379501e-03  6.1337909364070212e-04  0.0000000000000000e+00 -1.3342879977690913e+00
 168  1.1955305868859904e-04  2.4329296888452352e-04 -3.2798982761903309e-03  2.4843608727309406e-03  0.0000000000000000e+00 -1.3351953883948731e+00
 169 -4.2817731887471425e-04  2.8249038814259580e-04 -1.7627536152909321e-03  3.9229545846415420e-03  0.0000000000000000e+00 -1.3551781684915403e+00
 170 -5.9079173108286700e-04  7.3527993460756357e-05 -1.0662646524531908e-04  4.4938617360584070e-03  0.0000000000000000e+00 -1.3857934848083713e+00
 171 -3.7914836456052001e-04 -3.0367049691745485e-04  1.5978726556322429e-03  4.0141421196151824e-03  0.0000000000000000e+00 -1.4085384165659520e+00
 172 -5.2586324355301916e-05 -4.4883456550714497e-04  3.1515505560462207e-03  2.6629503070846605e-03  0.0000000000000000e+00 -1.4102412012697865e+00
 173  1.6030126168790109e-04 -1.4170082753451769e-04  4.0616914035455495e-03  7.4481647710385027e-04  0.0000000000000000e+00 -1.3959094482787919e+00
 174  1.4557093493230635e-04  3.9551178236695684e-04  3.9380708550787891e-03 -1.3268414306724131e-03  0.0000000000000000e+00 -1.3846204028083673e+00
 175  2.5982959951555454e-05  6.3886252323307961e-04  2.8695557895342411e-03 -3.0638446416232463e-03  0.0000000000000000e+00 -1.3915852069975791e+00
 176 -1.4326889401040612e-04  2.3973350066985643e-04  1.2329013885357426e-03 -4.1282585808790837e-03  0.0000000000000000e+00 -1.4178718772207095e+00
 177 -4.4776819867748790e-04 -4.0681672850975106e-04 -5.4544321071307714e-04 -4.3930485363749845e-03  0.0000000000000000e+00 -1.4487342081163999e+00
 178 -5.9720101597119605e-04 -5.6228559450212812e-04 -2.1428817228970267e-03 -3.6796341900432183e-03  0.0000000000000000e+00 -1.4645220765865412e+00
 179 -2.1942422241909491e-04 -1.0901989922508768e-04 -3.4531064212477546e-03 -2.0344442438298372e-03  0.0000000000000000e+00 -1.4587773199433152e+00
 180  3.4920368722996307e-04  3.8228564145609506e-04 -4.1424273079115996e-03 -3.5643952401438683e-06  0.0000000000000000e+00 -1.4434094183978163e+00
 181  4.5391951482735859e-04  4.4657243529224930e-04 -3.7162405437925561e-03  1.9024663641712641e-03  0.0000000000000000e+00 -1.4388085859080750e+00
 182 -2.4113260126534798e-05  1.9699841146889600e-04 -2.3124980215783629e-03  3.4529516774008582e-03  0.0000000000000000e+00 -1.4538124148595373e+00
 183 -6.1376733215845317e-04 -7.4740149765816481e-05 -6.1816451277023397e-04  4.3983794280913853e-03  0.0000000000000000e+00 -1.4828566225586410e+00
 184 -7.4447438899468592e-04 -2.1607989606749632e-04  1.0058483358300581e-03  4.3339150574524315e-03  0.0000000000000000e+00 -1.5099238023085693e+00
 185 -2.7700681719936536e-04 -2.0480077230001337e-04  2.5972500402777223e-03  3.1955409886270979e-03  0.0000000000000000e+00 -1.5187564800444739e+00
 186  2.9625811423415537e-04 -1.1711927350564745e-04  3.8650370218380392e-03  1.4135436540603026e-03  0.0000000000000000e+00 -1.5084475371285684e+00
 187  3.7226676294651364e-04  6.2211004530679208e-05  4.1355654917458115e-03 -5.9947626753903568e-04  0.0000000000000000e+00 -1.4949855920619195e+00
 188 -2.0837232199036454e-05  3.6745027656751185e-04  3.2764547022083256e-03 -2.5191700112427726e-03  0.0000000000000000e+00 -1.4949217594295370e+00
 189 -3.4187145903222607e-04  4.5535515391004026e-04  1.8034565813818525e-03 -3.9210496659343045e-03  0.0000000000000000e+00 -1.5148610410231165e+00
 190 -3.8963947909947955e-04  3.9650707831703869e-05  9.7143038301627483e-05 -4.4402566527498777e-03  0.0000000000000000e+00 -1.5458874254693924e+00
 191 -3.5689510896724157e-04 -4.9280126352622782e-04 -1.6418260570848508e-03 -4.0058976076901825e-03  0.0000000000000000e+00 -1.5689975190250351e+00
 192 -2.2717019947977337e-04 -5.0893443770555242e-04 -3.1308731157047433e-03 -2.6753107822019579e-03  0.0000000000000000e+00 -1.5702945970601521e+00
 193  5.1560337911734680e-05  2.4558214539703590e-05 -4.0224977560125493e-03 -7.1733935937546179e-04  0.0000000000000000e+00 -1.5556508616088369e+00
 194  2.6118568720956241e-04  5.5642933036959105e-04 -3.9594391955436424e-03  1.3357815740950734e-03  0.0000000000000000e+00 -1.5445431615182483e+00
 195  2.0093478019640197e-04  5.6392355540819093e-04 -2.8856268360350529e-03  3.0159242978358655e-03  0.0000000000000000e+00 -1.5522878258412338e+00
 196 -1.7548991909589653e-04  5.2668196694179341e-05 -1.2030243354038458e-03  4.1130523988946862e-03  0.0000000000000000e+00 -1.5789178762345324e+00
 197 -6.4893035644723299e-04 -4.1619450473199843e-04  5.2836841878617152e-04  4.4375568541876690e-03  0.0000000000000000e+00 -1.6091590408596641e+00
 198 -6.7334235182424460e-04 -3.8367888020378863e-04  2.0827530498886918e-03  3.6921667935349519e-03  0.0000000000000000e+00 -1.6249700360030970e+00
 199 -7.6684155438292920e-05  3.0247424432624442e-06  3.4520896591701479e-03  2.0326494589434337e-03  0.0000000000000000e+00 -1.6194566944540647e+00
 200  4.8958492118108415e-04  2.5396626386098433e-04  4.1751142193137960e-03  4.3612657040337910e-05  0.0000000000000000e+00 -1.6047081897528968e+00
 201  3.7956096798592387e-04  2.5667768739436796e-04  3.6986621015781427e-03 -1.8766897682708347e-03  0.0000000000000000e+00 -1.6001638106612583e+00
 202 -2.1488679941987000e-04  2.2517610118067999e-04  2.3022821989710949e-03 -3.4920384203247896e-03  0.0000000000000000e+00 -1.6141394650596379e+00
 203 -6.3716118170112942e-04  1.1129880174314098e-04  6.6089045640544688e-04 -4.4237108640195590e-03  0.0000000000000000e+00 -1.6429715312389113e+00
 204 -5.5917663460464790e-04 -1.5180629906500468e-04 -1.0044862389753922e-03 -4.3052798409610677e-03  0.0000000000000000e+00 -1.6702989459063187e+00
 205 -1.5855369621432770e-04 -3.6481071794720898e-04 -2.6499161782397190e-03 -3.1985253457472210e-03  0.0000000000000000e+00 -1.6795460190140936e+00
 206  1.8860241765594532e-04 -2.7652790569760886e-04 -3.8688217096166807e-03 -1.4364879245856474e-03  0.0000000000000000e+00 -1.6691163031048295e+00
 207  2.0707176774612950e-04  1.3881628493556372e-04 -4.1080329547981270e-03  6.2115924811451237e-04  0.0000000000000000e+00 -1.6547530773998296e+00
 208  7.1784587891573900e-06  5.6370455470891318e-04 -3.3023778979243269e-03  2.5401936938962864e-03  0.0000000000000000e+00 -1.6544865771692050e+00
 209 -1.4317944780265613e-04  4.8384529389122429e-04 -1.8273694091556355e-03  3.8744154546397763e-03  0.0000000000000000e+00 -1.6748141258478666e+00
 210 -3.1002462077855882e-04 -1.3463673205566114e-04 -6.2593638448562222e-05  4.4029857183851872e-03  0.0000000000000000e+00 -1.7064199574221501e+00
 211 -5.1144172746602368e-04 -5.9968062275995168e-04  1.6427418530254002e-03  4.0273313195683018e-03  0.0000000000000000e+00 -1.7292207762297334e+00
 212 -3.8192385507305224e-04 -3.8495288792571319e-04  3.0737655866985699e-03  2.6737915589330557e-03  0.0000000000000000e+00 -1.7302796250469852e+00
 213  1.1296277968703667e-04  2.1161975034471672e-04  4.0086690298275765e-03  6.9793429197281712e-04  0.0000000000000000e+00 -1.7157918482051453e+00
 214  4.4127756126053827e-04  5.3901986952448959e-04  3.9883802010208238e-03 -1.3053854127223375e-03  0.0000000000000000e+00 -1.7053167082402432e+00
 215  2.2647521367272458e-04  3.6909130657800950e-04  2.8702050403219895e-03 -2.9799730770695954e-03  0.0000000000000000e+00 -1.7137137088932175e+00
 216 -3.5838060206630083e-04 -1.8256029096246381e-05  1.1878686451248775e-03 -4.1479187551310900e-03  0.0000000000000000e+00 -1.7397148015055575e+00
 217 -7.7682085717399347e-04 -2.6591230052826215e-04 -4.8000295188192071e-04 -4.4800477784865626e-03  0.0000000000000000e+00 -1.7695995160334099e+00
 218 -5.6322323000612977e-04 -2.3708547769152598e-04 -2.0577343370778369e-03 -3.6868568446940045e-03  0.0000000000000000e+00 -1.7856665038305575e+00
 219  9.5153282540116698e-05 -7.4439392534450416e-05 -3.4931203462709773e-03 -2.0511507246248040e-03  0.0000000000000000e+00 -1.7804732832366366e+00
 220  4.7299429304004190e-04  4.5092212390604359e-05 -4.1880725179344672e-03 -8.3152975086738572e-05  0.0000000000000000e+00 -1.7660713510927419e+00
 221  1.9921731480248815e-04  2.1978304268272870e-04 -3.6733906492021607e-03  1.8876705478627180e-03  0.0000000000000000e+00 -1.7604985353450047e+00
 222 -2.9199138699150315e-04  3.9963988859337155e-04 -2.3255215010945375e-03  3.5270216960955514e-03  0.0000000000000000e+00 -1.7738844556833000e+00
 223 -4.7956823275352673e-04  2.2946768687942811e-04 -6.9035034397186494e-04  4.3951862171063621e-03  0.0000000000000000e+00 -1.8028496532522109e+00
 224 -3.9363344800989758e-04 -2.6514685552234710e-04  1.0438073753793226e-03  4.2675416628442072e-03  0.0000000000000000e+00 -1.8306695877126149e+00
 225 -2.2038056435446217e-04 -5.4403885153929280e-04  2.6772666528527157e-03  3.2119438065531104e-03  0.0000000000000000e+00 -1.8399988793179258e+00
 226  6.7398472281069210e-06 -2.5313289973865407e-04  3.8314799805308211e-03  1.4318989203883925e-03  0.0000000000000000e+00 -1.8290194672510227e+00
 227  1.7490578159538408e-04  3.3902271969069888e-04  4.0976809063983767e-03 -6.5377334560856517e-04  0.0000000000000000e+00 -1.8143941244947766e+00
 228  1.7978092288616407e-04  6.5429576680684875e-04  3.3372066595367461e-03 -2.5215416035128477e-03  0.0000000000000000e+00 -1.8145159408131837e+00
 229 -1.5795038626521090e-05  3.3873880239584470e-04  1.8176660341692281e-03 -3.8237638149106424e-03  0.0000000000000000e+00 -1.8356018559514198e+00
 230 -4.2439381885854631e-04 -2.8422218480339409e-04  4.0227717720428546e-05 -4.4159629963341903e-03  0.0000000000000000e+00 -1.8671202063003638e+00
 231 -7.0075468987657247e-04 -5.2640577765483872e-04 -1.5957158871215155e-03 -4.0609100005133628e-03  0.0000000000000000e+00 -1.8894429197565505e+00
 232 -3.7515188373413535e-04 -1.9324406610555223e-04 -3.0284293396533302e-03 -2.6656108192084763e-03  0.0000000000000000e+00 -1.8907289704288570e+00
 233  2.8716122985195059e-04  2.4863157317045866e-04 -4.0316328012633979e-03 -7.1140410505991683e-04  0.0000000000000000e+00 -1.8765382074881518e+00
 234  5.1926454500063779e-04  3.5494076553128727e-04 -4.0006760742973711e-03  1.2596938698443661e-03  0.0000000000000000e+00 -1.8668457886878853e+00
 235  8.1545815875661592e-05  2.3811849586049386e-04 -2.8414679954029583e-03  2.9836916831561355e-03  0.0000000000000000e+00 -1.8747438880289442e+00
 236 -5.2300237770998574e-04  9.0668983426575139e-05 -1.2063448724599466e-03  4.1988167791549942e-03  0.0000000000000000e+00 -1.8999853699983866e+00
 237 -7.1303533874955694e-04 -9.2521432677805291e-05  4.3933461651435676e-04  4.4823214393589928e-03  0.0000000000000000e+00 -1.9299578022885060e+00
 238 -3.6960071823762382e-04 -2.5677151375367896e-04  2.0867124531541363e-03  3.6715527766037303e-03  0.0000000000000000e+00 -1.9463331680679261e+00
 239  1.3604988838216746e-04 -2.7386517817575755e-04  3.5350011480257616e-03  2.0782265826769317e-03  0.0000000000000000e+00 -1.9415083155157071e+00
 240  3.1471081200812063e-04 -4.8620584695919711e-05  4.1686393077707742e-03  9.3572687229557920e-05  0.0000000000000000e+00 -1.9265317446698991e+00
 241  7.9261320500130218e-05  3.6605501995247604e-04  3.6672442693555908e-03 -1.9211050101691249e-03  0.0000000000000000e+00 -1.9201059816417148e+00
 242 -1.8215979176510239e-04  5.6262772805510623e-04  2.3655356254035486e-03 -3.5216366578383058e-03  0.0000000000000000e+00 -1.9335230010393820e+00
 243 -2.8595818205686497e-04  1.7119525602938857e-04  6.8435935573142365e-04 -4.3377581979948251e-03  0.0000000000000000e+00 -1.9629814307087536e+00
 244 -4.0046671611562501e-04 -4.5199109587918312e-04 -1.0820629709426340e-03 -4.2579594741059702e-03  0.0000000000000000e+00 -1.9911214518147997e+00
 245 -4.0718441891379259e-04 -5.7475604266441448e-04 -2.6497515493142240e-03 -3.2281934801007810e-03  0.0000000000000000e+00 -2.0000023907349256e+00
 246 -8.2941710058367576e-05 -7.3541671635024092e-05 -3.7852018253462078e-03 -1.4089374570019572e-03  0.0000000000000000e+00 -1.9889190552080136e+00
 247  3.0599362662326918e-04  4.8049990755437985e-04 -4.1142445600943914e-03  6.5952345453058360e-04  0.0000000000000000e+00 -1.9745314530619371e+00
 248  3.3773633973541910e-04  5.5325228989316292e-04 -3.3532528545492145e-03  2.4757052978418353e-03  0.0000000000000000e+00 -1.9755114344692588e+00
 249 -7.5519713804233243e-05  1.5571143258136927e-04 -1.7885134397039632e-03  3.8128480571905281e-03  0.0000000000000000e+00 -1.9968112522616068e+00
 250 -6.2656288824250927e-04 -2.6856594713352635e-04 -5.5331834507918696e-05  4.4663938469078146e-03  0.0000000000000000e+00 -2.0276319871898965e+00
 251 -7.5009868007020072e-04 -3.4319010826710296e-04  1.5390849978989217e-03  4.0788186318521059e-03  0.0000000000000000e+00 -2.0499841487272481e+00
 252 -2.1474492584937517e-04 -1.0799414975518236e-04  3.0322700314575489e-03  2.6642256421558056e-03  0.0000000000000000e+00 -2.0515044729634844e+00
 253  4.1188907756704152e-04  9.7048268597792265e-05  4.0695251742617431e-03  7.4979886822726849e-04  0.0000000000000000e+00 -2.0378473509243413e+00
 254  4.2452388809052658e-04  1.7557219879492917e-04  3.9862700487564538e-03 -1.2342083784599987e-03  0.0000000000000000e+00 -2.0280424894416913e+00
 255 -9.9407601844778148e-05  2.9131267453994734e-04  2.8304216004781278e-03 -3.0185833933600347e-03  0.0000000000000000e+00 -2.0348412446149009e+00
 256 -5.1684161193604836e-04  2.7891593665220661e-04  1.2469087854937422e-03 -4.2171474210464981e-03  0.0000000000000000e+00 -2.0598766780037785e+00
 257 -5.1612364063138123e-04 -5.1741169737810882e-05 -4.3888751192247018e-04 -4.4423326421136273e-03  0.0000000000000000e+00 -2.0901270898641044e+00
 258 -2.7150556978814924e-04 -4.2828035161232179e-04 -2.1386178849252288e-03 -3.6636699741927855e-03  0.0000000000000000e+00 -2.1069452195343965e+00
 259  7.0187252874845123e-06 -4.0893412744673715e-04 -3.5349838425689614e-03 -2.0960271766657232e-03  0.0000000000000000e+00 -2.1019126057055635e+00
 260  1.5962968253315857e-04  5.6107544602025555e-05 -4.1350513492317614e-03 -7.0291764006366007e-05  0.0000000000000000e+00 -2.0862424490267522e+00
 261  1.3133716798410439e-04  5.6062128867132347e-04 -3.6883135108298111e-03  1.9412686825914370e-03  0.0000000000000000e+00 -2.0797413323231169e+00
 262  1.4832413869645955e-05  5.6585314764517577e-04 -2.3901377425290166e-03  3.4761772993705505e-03  0.0000000000000000e+00 -2.0936841047970045e+00
 263 -2.3474805450308481e-04 -1.1787734170619766e-05 -6.5384581726294993e-04  4.3037820393529600e-03  0.0000000000000000e+00 -2.1237212912625054e+00
 264 -5.7381858401131210e-04 -5.3523171371687710e-04  1.0789447039248159e-03  4.2871371164440019e-03  0.0000000000000000e+00 -2.1514442986629123e+00
 265 -5.4753366125608722e-04 -4.3255202155293023e-04  2.5890261963106508e-03  3.2360353745448829e-03  0.0000000000000000e+00 -2.1601597045215271e+00
 266  1.2431098733879669e-06  9.7287123326185898e-05  3.7692688192561955e-03  1.3961654079600470e-03  0.0000000000000000e+00 -2.1492951460023804e+00
 267  4.7912573776736879e-04  4.3188745542755471e-04  4.1440678413714347e-03 -6.2707058760497517e-04  0.0000000000000000e+00 -2.1355121739787273e+00
 268  3.3623746697534888e-04  3.5201044783999505e-04  3.3395987236209562e-03 -2.4410796618319435e-03  0.0000000000000000e+00 -2.1370279421636735e+00
 269 -2.6520243098185136e-04  1.0767941503220362e-04  1.7715364798603264e-03 -3.8476175736360885e-03  0.0000000000000000e+00 -2.1575304859137758e+00
 270 -7.2985300328961991e-04 -1.0485436068166173e-04  9.9108468857969417e-05 -4.5081187295296027e-03  0.0000000000000000e+00 -2.1879919190168007e+00
 271 -6.1477750338296037e-04 -2.1523706483230778e-04 -1.5196075600192142e-03 -4.0677133647568642e-03  0.0000000000000000e+00 -2.2105830119477252e+00
 272 -5.0096847519386339e-05 -2.1050232525361313e-04 -3.0786559533896004e-03 -2.6747631515422155e-03  0.0000000000000000e+00 -2.2124458995420766e+00
 273  3.7140987400775040e-04 -1.0466481872449337e-04 -4.0852269283038747e-03 -7.8446251837292411e-04  0.0000000000000000e+00 -2.1989951709602762e+00
 274  2.4481611201977992e-04  1.6760422573704290e-04 -3.9606365994563249e-03  1.2453762692208902e-03  0.0000000000000000e+00 -2.1881671263709799e+00
 275 -1.4909982579844680e-04  4.7704823734411549e-04 -2.8519248311345323e-03  3.0493644516990889e-03  0.0000000000000000e+00 -2.1944458643622249e+00
 276 -3.4331435922685464e-04  3.7795288398839093e-04 -1.2773749781349794e-03  4.1828575974308096e-03  0.0000000000000000e+00 -2.2196578267568250e+00
 277 -3.6764285115923337e-04 -1.8375920970038398e-04  4.7424172177815767e-04  4.3977330695378911e-03  0.0000000000000000e+00 -2.2504597570440992e+00
 278 -3.6048733085671631e-04 -5.9147515652342979e-04  2.1600690204712941e-03  3.6752685651907295e-03  0.0000000000000000e+00 -2.2672641752441822e+00
 279 -1.7472248175325283e-04 -3.5597829891930225e-04  3.4902730186924724e-03  2.0931639121982864e-03  0.0000000000000000e+00 -2.2617836446016630e+00
 280  1.5027693378588531e-04  2.5957494974307969e-04  4.1174137955915574e-03  4.0343447654644944e-05  0.0000000000000000e+00 -2.2460407751614353e+00
 281  3.0888174746681669e-04  6.2659748908681543e-04  3.7199871591638367e-03 -1.9223545316776271e-03  0.0000000000000000e+00 -2.2400114728170148e+00
 282  1.1694525376738184e-04  4.0305138880116924e-04  2.3818334338717986e-03 -3.4296954172808648e-03  0.0000000000000000e+00 -2.2547645270944456e+00
 283 -3.7149591307709018e-04 -1.4560003600387332e-04  6.3221294152138261e-04 -4.3227026845495632e-03  0.0000000000000000e+00 -2.2845718168361544e+00
 284 -7.5376516652284802e-04 -4.3945066924346303e-04 -1.0330339957852117e-03 -4.3295767407181829e-03  0.0000000000000000e+00 -2.3118030910601957e+00
 285 -5.1288697993640410e-04 -2.4913715891828123e-04 -2.5460135585811988e-03 -3.2336241414110765e-03  0.0000000000000000e+00 -2.3207670849778514e+00
 286  1.8041575994823635e-04  1.0267391679025053e-04 -3.7962020539828649e-03 -1.4113456078684405e-03  0.0000000000000000e+00 -2.3101733228455212e+00
 287  5.3394999791807915e-04  2.3362141536934533e-04 -4.1606803361788043e-03  5.8193105979402818e-04  0.0000000000000000e+00 -2.2970489921519723e+00
 288  1.7880183390969840e-04  2.3996328896189897e-04 -3.3120954188408510e-03  2.4431253664594890e-03  0.0000000000000000e+00 -2.2978764161942391e+00
 289 -4.0981285184751783e-04  2.3645699603705387e-04 -1.7874279837295107e-03  3.8934508652936654e-03  0.0000000000000000e+00 -2.3175939684385862e+00
 290 -6.3803593641867374e-04  5.9238686195973040e-05 -1.3677236067835010e-04  4.5021755561767667e-03  0.0000000000000000e+00 -2.3481194719866716e+00
 291 -4.2026397592606201e-04 -2.6021227905038632e-04  1.5509753548948514e-03  4.0397363150800466e-03  0.0000000000000000e+00 -2.3710775336834669e+00
 292 -3.4377018140655393e-05 -4.0902850566305762e-04  3.1205384945345955e-03  2.6929101500558711e-03  0.0000000000000000e+00 -2.3732445429696463e+00
 293  2.0229892552409839e-04 -1.6779072532344547e-04  4.0625420834334812e-03  7.9076520917446911e-04  0.0000000000000000e+00 -2.3592313531484588e+00
 294  1.4570800011111379e-04  3.3403183366272445e-04  3.9497365751977832e-03 -1.2788318670729252e-03  0.0000000000000000e+00 -2.3477315179434708e+00
 295 -1.9466700020131691e-05  6.2730760105268605e-04  2.8901802447556788e-03 -3.0426440792727803e-03  0.0000000000000000e+00 -2.3541450082755770e+00
 296 -1.6234513302934686e-04  2.9566478878402481e-04  1.2746951490140007e-03 -4.1255334103150925e-03  0.0000000000000000e+00 -2.3799556509797686e+00
 297 -4.0417382570816435e-04 -3.6578394284812504e-04 -5.0724641368599848e-04 -4.3908880290685877e-03  0.0000000000000000e+00 -2.4110095163896115e+00
 298 -5.5585793233440736e-04 -5.9381870635191226e-04 -2.1270049996840955e-03 -3.6991790786724179e-03  0.0000000000000000e+00 -2.4273205036059919e+00
 299 -2.4276063147676469e-04 -1.6839240475272446e-04 -3.4388462697217048e-03 -2.0774321146245895e-03  0.0000000000000000e+00 -2.4218907658685933e+00
 300  2.9525856514064810e-04  3.7658664289086282e-04 -4.1311199510551764e-03 -3.9266220854352974e-05  0.0000000000000000e+00 -2.4064056712723714e+00
 301  4.4781076712238789e-04  4.9974739284167785e-04 -3.7368111393933112e-03  1.8772942248825135e-03  0.0000000000000000e+00 -2.4012490715876007e+00
 302  3.2147683564423512e-05  2.2690506840563856e-04 -2.3530287484160310e-03  3.4211595505678396e-03  0.0000000000000000e+00 -2.4160439171050605e+00
 303 -5.6922715045156435e-04 -1.0542324173100431e-04 -6.4416017648685471e-04  4.3753921046146274e-03  0.0000000000000000e+00 -2.4450786655803824e+00
 304 -7.7405463889074308e-04 -2.5439600820628694e-04  9.8130634996679506e-04  4.3484396981668151e-03  0.0000000000000000e+00 -2.4723294147727399e+00
 305 -3.3684368414780571e-04 -1.9097424475214458e-04  2.5557898769018399e-03  3.2278765815895089e-03  0.0000000000000000e+00 -2.4815397998745294e+00
 306  2.8756939113449128e-04 -6.7085535127676816e-05  3.8392808094491544e-03  1.4450058550260594e-03  0.0000000000000000e+00 -2.4714079517727163e+00
 307  4.2070224459510915e-04  7.0761333745156154e-05  4.1488359468203053e-03 -5.5822766773822399e-04  0.0000000000000000e+00 -2.4580353976079046e+00
 308  1.1049813222286561e-05  3.1870384489161754e-04  3.3002870967526183e-03 -2.4747507895589451e-03  0.0000000000000000e+00 -2.4577615954040195e+00
 309 -3.7485239235252494e-04  4.2406169849790084e-04  1.8268482686530868e-03 -3.9054969690878768e-03  0.0000000000000000e+00 -2.4773038279000965e+00
 310 -4.3500728144467096e-04  7.5971457734028288e-05  1.3857665624086000e-04 -4.4530475462311652e-03  0.0000000000000000e+00 -2.5081451043860663e+00
 311 -3.4602301258400870e-04 -4.3972488576231371e-04 -1.5994114446898110e-03 -4.0235452563361900e-03  0.0000000000000000e+00 -2.5315619722988192e+00
 312 -1.8365969156263447e-04 -5.1756317074243090e-04 -3.1146848114360476e-03 -2.7082664052839088e-03  0.0000000000000000e+00 -2.5334415693849830e+00
 313  5.9086566814612854e-05 -3.8216848490482181e-05 -4.0214989328394872e-03 -7.6760240570763604e-04  0.0000000000000000e+00 -2.5189615081598968e+00
 314  2.1938444336010727e-04  5.2194000671125474e-04 -3.9647916076898460e-03  1.2976832159499389e-03  0.0000000000000000e+00 -2.5075061277553785e+00
 315  1.7097492934168619e-04  6.0418015291401018e-04 -2.9144129762776988e-03  2.9993235118848972e-03  0.0000000000000000e+00 -2.5145814420271968e+00
 316 -1.4041204760773608e-04  1.0671498921877612e-04 -1.2467699901789354e-03  4.0964285106451122e-03  0.0000000000000000e+00 -2.5409397049595164e+00
 317 -5.9174554462154325e-04 -4.2504902466349877e-04  5.0260277935801985e-04  4.4283565743303442e-03  0.0000000000000000e+00 -2.5714701540979101e+00
 318 -6.7769172191198127e-04 -4.3701750395976828e-04  2.0657346059536666e-03  3.7166391185784126e-03  0.0000000000000000e+00 -2.5876541656494014e+00
 319 -1.3568849349798655e-04 -1.7592785019776743e-05  3.4239180644690640e-03  2.0704004241375515e-03  0.0000000000000000e+00 -2.5824704291970262e+00
 320  4.5990627314178344e-04  2.9723988638521607e-04  4.1640484545944810e-03  7.3369317942566638e-05  0.0000000000000000e+00 -2.5675298206280499e+00
 321  4.2100515986673851e-04  2.9591185754228734e-04  3.7259766497565066e-03 -1.8429709532864424e-03  0.0000000000000000e+00 -2.5627553806395942e+00
 322 -1.5955835863380076e-04  2.0274579798074694e-04  2.3347862220056141e-03 -3.4534670165544744e-03  0.0000000000000000e+00 -2.5765926917568565e+00
 323 -6.4545617554106908e-04  6.9330980564001851e-05  6.8397922326636832e-04 -4.4127453482912457e-03  0.0000000000000000e+00 -2.6052654131462054e+00
 324 -6.1624718232556762e-04 -1.4611391703509756e-04 -9.6611857202917725e-04 -4.3279346844218459e-03  0.0000000000000000e+00 -2.6327404543194244e+00
 325 -1.8281228635953165e-04 -3.1488694207298311e-04 -2.6057655202868795e-03 -3.2273983205545957e-03  0.0000000000000000e+00 -2.6423392333672666e+00
 326  2.2289210625869963e-04 -2.5560125447889645e-04 -3.8554333679406117e-03 -1.4732196751038125e-03  0.0000000000000000e+00 -2.6322915385702443e+00
 327  2.4349133729672614e-04  9.3660285582039565e-05 -4.1207064535406773e-03  5.7126930137869761e-04  0.0000000000000000e+00 -2.6179875421341432e+00
 328 -1.1707353783459009e-05  5.1336668574429502e-04 -3.3188893354434423e-03  2.5032840469482722e-03  0.0000000000000000e+00 -2.6173057074863326e+00
 329 -1.9015892242450581e-04  5.0194682232406927e-04 -1.8583935562491247e-03  3.8685747021799765e-03  0.0000000000000000e+00 -2.6371130324842889e+00
 330 -3.0807586315875161e-04 -7.2918882970565149e-05 -1.0796304667275885e-04  4.4061959716783419e-03  0.0000000000000000e+00 -2.6685583055392992e+00
 331 -4.6133728197458222e-04 -5.8485969374484159e-04  1.6147159560112121e-03  4.0376243922340205e-03  0.0000000000000000e+00 -2.6918565004600068e+00
 332 -3.6188794623665942e-04 -4.3785770587856696e-04  3.0632037493729183e-03  2.7109977459191131e-03  0.0000000000000000e+00 -2.6933692274137275e+00
 333  7.3059457020944126e-05  1.6226691163588692e-04  3.9977566826837731e-03  7.4272911871200737e-04  0.0000000000000000e+00 -2.6789718148027375e+00
 334  3.9870117028812068e-04  5.5981560796396223e-04  3.9940195565672937e-03 -1.2771554595482377e-03  0.0000000000000000e+00 -2.6680240297573237e+00
 335  2.4647855554146679e-04  4.2559008844931243e-04  2.9071564121012552e-03 -2.9560987880715285e-03  0.0000000000000000e+00 -2.6759104218679646e+00
 336 -2.9553197755777504e-04 -9.3157656242937100e-06  1.2244457461529372e-03 -4.1192894711831228e-03  0.0000000000000000e+00 -2.7018708404277834e+00
 337 -7.5706628651311600e-04 -3.0885369521324368e-04 -4.5998210259437413e-04 -4.4763099223980472e-03  0.0000000000000000e+00 -2.7318982988405804e+00
 338 -6.1437621839102242e-04 -2.6470645972595362e-04 -2.0273009310278253e-03 -3.7161065609497730e-03  0.0000000000000000e+00 -2.7483228503143700e+00
 339  4.6215407035489817e-05 -4.2687639493493187e-05 -3.4564215596529263e-03 -2.0835954044809220e-03  0.0000000000000000e+00 -2.7434045243074512e+00
 340  4.9146541616396501e-04  9.0660603109272541e-05 -4.1853720258955892e-03 -1.1632773742205891e-04  0.0000000000000000e+00 -2.7289826066207574e+00
 341  2.5472752974977638e-04  2.0644964860181452e-04 -3.7000215576818451e-03  1.8437619110746222e-03  0.0000000000000000e+00 -2.7233844504337079e+00
 342 -2.8130041732026489e-04  3.4984110546982839e-04 -2.3489650298659025e-03  3.4937530196187650e-03  0.0000000000000000e+00 -2.7364405800742797e+00
 343 -5.2827301944701475e-04  2.2170833693454831e-04 -7.2046810789099349e-04  4.3984791432438433e-03  0.0000000000000000e+00 -2.7651705444499668e+00
 344 -4.2607595361398751e-04 -2.1481431694408273e-04  9.9701743878689375e-04  4.2880360716488651e-03  0.0000000000000000e+00 -2.7930754176931787e+00
 345 -1.9389533297281932e-04 -5.0804505616018744e-04  2.6448823018663352e-03  3.2378010424281762e-03  0.0000000000000000e+00 -2.8029160946786966e+00
 346  4.4666275870524404e-05 -2.8702895272262360e-04  3.8271977328322849e-03  1.4765239806380740e-03  0.0000000000000000e+00 -2.7923447055354100e+00
 347  1.6529817626920174e-04  2.7660057007818176e-04  4.1031468396417184e-03 -6.0474461716631181e-04  0.0000000000000000e+00 -2.7775881281177766e+00
 348  1.3355055584730015e-04  6.4763386995094949e-04  3.3539846806681403e-03 -2.4963057433461870e-03  0.0000000000000000e+00 -2.7771513046370013e+00
 349 -2.6241865328080087e-05  3.9640739444205702e-04  1.8580761017197131e-03 -3.8140130931668828e-03  0.0000000000000000e+00 -2.7976726521608790e+00
 350 -3.7347187396268695e-04 -2.4768423944548717e-04  7.8663943356864158e-05 -4.4046471719509737e-03  0.0000000000000000e+00 -2.8292768720689083e+00
 351 -6.6063084936487991e-04 -5.6030135626104131e-04 -1.5785525518213922e-03 -4.0712862768500033e-03  0.0000000000000000e+00 -2.8520372757454644e+00
 352 -4.0561890882723776e-04 -2.4708484568653009e-04 -3.0094827496633791e-03 -2.7037590396772932e-03  0.0000000000000000e+00 -2.8536952374732376e+00
 353  2.3071108973527439e-04  2.5115385583011072e-04 -4.0113471875579659e-03 -7.4662075306974234e-04  0.0000000000000000e+00 -2.8395494577624691e+00
 354  5.1763731635056905e-04  4.0859146807053278e-04 -4.0131629068628737e-03  1.2319213320053704e-03  0.0000000000000000e+00 -2.8294257492693435e+00
 355  1.3975629086479080e-04  2.5922491651964345e-04 -2.8791351156443310e-03  2.9479537926793481e-03  0.0000000000000000e+00 -2.8371537418545878e+00
 356 -4.8391467669500223e-04  5.4683271666849367e-05 -1.2331332722955485e-03  4.1705970749473945e-03  0.0000000000000000e+00 -2.8622686874911922e+00
 357 -7.4723549636771902e-04 -1.2443025222953083e-04  4.1315149037487916e-04  4.4916920808319430e-03  0.0000000000000000e+00 -2.8922970725244728e+00
 358 -4.2567027239994045e-04 -2.3319278613479649e-04  2.0425522915602542e-03  3.7014290804691296e-03  0.0000000000000000e+00 -2.9089941788406648e+00
 359  1.3353667325150383e-04 -2.2512390832043122e-04  3.5034446888930334e-03  2.1094927495573144e-03  0.0000000000000000e+00 -2.9044886428405126e+00
 360  3.6099677986886587e-04 -4.9948070095952727e-05  4.1743313003534096e-03  1.3642487442295099e-04  0.0000000000000000e+00 -2.8897258059912736e+00
 361  1.0241335743212414e-04  3.1102577442332238e-04  3.6864011406695278e-03 -1.8739571574791895e-03  0.0000000000000000e+00 -2.8831079983196894e+00
 362 -2.1925099342834018e-04  5.3398938798762826e-04  2.3873412668197996e-03 -3.5014485467633983e-03  0.0000000000000000e+00 -2.8960534868834724e+00
 363 -3.2478520257650300e-04  2.1377029554243607e-04  7.2498308861809703e-04 -4.3439225466172489e-03  0.0000000000000000e+00 -2.9251675728551270e+00
 364 -3.7878410937258668e-04 -3.9933596454236662e-04 -1.0402812870596062e-03 -4.2677308322205156e-03  0.0000000000000000e+00 -2.9535269680495095e+00
 365 -3.6154463416581295e-04 -5.8904528911887539e-04 -2.6322843738045224e-03 -3.2547389706200696e-03  0.0000000000000000e+00 -2.9630020957557992e+00
 366 -8.4270790480075837e-05 -1.3709067978266934e-04 -3.7786217007390334e-03 -1.4564951982232116e-03  0.0000000000000000e+00 -2.9521734483509299e+00
 367  2.5863176086219004e-04  4.5199937051161284e-04 -4.1122835389317252e-03  6.2068647741543061e-04  0.0000000000000000e+00 -2.9375551342930653e+00
 368  3.1339163543195759e-04  5.9702763820104613e-04 -3.3774035710647573e-03  2.4546826459173532e-03  0.0000000000000000e+00 -2.9378813079869963e+00
 369 -3.3372702935619609e-05  2.0438733218055958e-04 -1.8314933332749634e-03  3.7895933980035151e-03  0.0000000000000000e+00 -2.9588767454130700e+00
 370 -5.6996311833002074e-04 -2.8267707933460134e-04 -8.2502918993947907e-05  4.4487824628970350e-03  0.0000000000000000e+00 -2.9898513541625804e+00
 371 -7.5992783312457928e-04 -3.9218171383154093e-04  1.5196253624536016e-03  4.0962479625181042e-03  0.0000000000000000e+00 -3.0124996536308375e+00
 372 -2.7607485358005420e-04 -1.1879934881203984e-04  2.9983158877070182e-03  2.6995156872050632e-03  0.0000000000000000e+00 -3.0144094664093046e+00
 373  3.8518899224744432e-04  1.4343869870713888e-04  4.0491130627725016e-03  7.8042965534712153e-04  0.0000000000000000e+00 -3.0007413428153051e+00
 374  4.6740049297535393e-04  2.0729187320883374e-04  4.0059403170544846e-03 -1.1980026983437247e-03  0.0000000000000000e+00 -2.9908326934425404e+00
 375 -4.9424830369988576e-05  2.6005538792797558e-04  2.8604343336932287e-03 -2.9767355848859538e-03  0.0000000000000000e+00 -2.9974791218021859e+00
 376 -5.3161376280646752e-04  2.3790786792123861e-04  1.2702084147283121e-03 -4.2016149686451469e-03  0.0000000000000000e+00 -3.0222369812133896e+00
 377 -5.7088750790741996e-04 -3.6816351349854560e-05 -4.0007504968960980e-04 -4.4604103377171066e-03  0.0000000000000000e+00 -3.0524840006210621e+00
 378 -2.8613535060620734e-04 -3.7495958938266698e-04 -2.0933973312692237e-03 -3.6889605047453022e-03  0.0000000000000000e+00 -3.0696236507784906e+00
 379  4.4500988617572603e-05 -3.9565649963196030e-04 -3.5173711833864324e-03 -2.1312201046420360e-03  0.0000000000000000e+00 -3.0650948167371039e+00
 380  1.8783969272792686e-04  4.0304194658780481e-06 -4.1412703234274236e-03 -1.2095784079644745e-04  0.0000000000000000e+00 -3.0495574744591578e+00
 381  1.0516493074158849e-04  5.1137094071342819e-04 -3.7003107493048500e-03  1.9015735145760998e-03  0.0000000000000000e+00 -3.0426737015663474e+00
 382 -2.8429633089793610e-05  5.8888714846329522e-04 -2.4191237278418359e-03  3.4644975967688782e-03  0.0000000000000000e+00 -3.0560086465349974e+00
 383 -2.2285646612088623e-04  4.9980796400497476e-05 -6.9863331743431217e-04  4.2987759565484137e-03  0.0000000000000000e+00 -3.0857699658038373e+00
 384 -5.1831247403770605e-04 -5.2499338557687790e-04  1.0506515715347283e-03  4.2877646406173789e-03  0.0000000000000000e+00 -3.1138977986050680e+00
 385 -5.3228059312211055e-04 -4.8574347162762906e-04  2.5759649792654556e-03  3.2662417830124461e-03  0.0000000000000000e+00 -3.1230600875126617e+00
 386 -4.6050050415891366e-05  5.4719340043378779e-05  3.7511759863602776e-03  1.4384626146467141e-03  0.0000000000000000e+00 -3.1124212807976868e+00
 387  4.3750313839971080e-04  4.5901469865012473e-04  4.1409141317662991e-03 -5.9740368143473377e-04  0.0000000000000000e+00 -3.0982987162230100e+00
 388  3.6212371075002340e-04  4.0490999385559169e-04  3.3716988769912858e-03 -2.4132368200921231e-03  0.0000000000000000e+00 -3.0993767612350669e+00
 389 -2.0253338804807308e-04  1.0795468636020742e-04  1.8079661658767553e-03 -3.8137065272419498e-03  0.0000000000000000e+00 -3.1197851831319356e+00
 390 -7.1608043195975509e-04 -1.4804508456264657e-04  1.2083789319198283e-04 -4.4979649252968332e-03  0.0000000000000000e+00 -3.1502469147652397e+00
 391 -6.6816609413483446e-04 -2.3307050757555398e-04 -1.4866759591827430e-03 -4.0928352377786253e-03  0.0000000000000000e+00 -3.1731135138937701e+00
 392 -9.4249253273160987e-05 -1.7219955945565468e-04 -3.0367042244237017e-03 -2.7063228299231117e-03  0.0000000000000000e+00 -3.1753129019000474e+00
 393  3.9291260201246048e-04 -6.4852204216464887e-05 -4.0743480041447837e-03 -8.1885560260780584e-04  0.0000000000000000e+00 -3.1620276737544626e+00
 394  2.9513337656209313e-04  1.4436907874788084e-04 -3.9807680984339849e-03  1.1990650815881861e-03  0.0000000000000000e+00 -3.1512364334910639e+00
 395 -1.4641421139865521e-04  4.2400205062908560e-04 -2.8730556712486862e-03  3.0125489340638500e-03  0.0000000000000000e+00 -3.1571511511294270e+00
 396 -3.9245079011098328e-04  3.7602829871037830e-04 -1.3068381013682494e-03  4.1807651744320534e-03  0.0000000000000000e+00 -3.1819917124094248e+00
 397 -3.9062436462832125e-04 -1.2791202177729833e-04  4.2808794099281672e-04  4.4117303044411641e-03  0.0000000000000000e+00 -3.2127337146450179e+00
 398 -3.2525552129697579e-04 -5.5919235668678755e-04  2.1275191499277677e-03  3.6947768871953739e-03  0.0000000000000000e+00 -3.2300445516962730e+00
 399 -1.4051102922456717e-04 -3.9590111397485076e-04  3.4821688621245908e-03  2.1344181250295877e-03  0.0000000000000000e+00 -3.2250367733040552e+00
 400  1.3094777730947291e-04  1.9829576336574193e-04  4.1161486117151959e-03  8.9048179333090822e-05  0.0000000000000000e+00 -3.2092718886989693e+00
 401  2.6205365071521196e-04  6.2570690467019928e-04  3.7313642653472559e-03 -1.8940321163346647e-03  0.0000000000000000e+00 -3.2027228448706175e+00
 402  1.1483847341844223e-04  4.6112162089535726e-04  2.4201133097725698e-03 -3.4136969846651722e-03  0.0000000000000000e+00 -3.2168721296589005e+00
 403 -3.1503493078670575e-04 -1.1501016863341485e-04  6.7113147115061098e-04 -4.3030940900337707e-03  0.0000000000000000e+00 -3.2466703100945788e+00
 404 -7.1611350141572978e-04 -4.7516543331963115e-04 -1.0142719260622154e-03 -4.3308834028021239e-03  0.0000000000000000e+00 -3.2742208582102084e+00
 405 -5.4927586721990797e-04 -2.9586032937782688e-04 -2.5231014162919638e-03 -3.2666110249122472e-03  0.0000000000000000e+00 -3.2835700027801225e+00
 406  1.2292933661532559e-04  1.1357307664465173e-04 -3.7674684353103324e-03 -1.4458086746555541e-03  0.0000000000000000e+00 -3.2731681177298300e+00
 407  5.3598015355833546e-04  2.8653379343690635e-04 -4.1640007456696633e-03  5.5213139652257365e-04  0.0000000000000000e+00 -3.2597739714719656e+00
 408  2.3702275673757631e-04  2.5169697125310505e-04 -3.3453106951278067e-03  2.4042370957576939e-03  0.0000000000000000e+00 -3.2604924838717313e+00
 409 -3.7722695465056919e-04  1.9489543348609278e-04 -1.8140805409815322e-03  3.8609843333548008e-03  0.0000000000000000e+00 -3.2799935517405667e+00
 410 -6.7634892674078601e-04  3.3303073766083231e-05 -1.6391536624609459e-04  4.5066974455976617e-03  0.0000000000000000e+00 -3.3104365060192413e+00
 411 -4.7082591844589889e-04 -2.2739116219374028e-04  1.5055329971640267e-03  4.0662548096528726e-03  0.0000000000000000e+00 -3.3336138479475674e+00
 412 -2.9159318635713704e-05 -3.6204234796301536e-04  3.0854165776760430e-03  2.7225817729086849e-03  0.0000000000000000e+00 -3.3361949451438444e+00
 413  2.4625252021288565e-04 -1.7870412432520721e-04  4.0616224128471367e-03  8.3421659331239404e-04  0.0000000000000000e+00 -3.3225160053389478e+00
 414  1.5943841588772088e-04  2.7408108698721579e-04  3.9633461093408892e-03 -1.2295193697079174e-03  0.0000000000000000e+00 -3.3108658479911477e+00
 415 -5.9977851421659432e-05  6.0180909486429364e-04  2.9094596564816816e-03 -3.0180548530849421e-03  0.0000000000000000e+00 -3.3167659319652443e+00
 416 -1.9394536906432972e-04  3.4298576980270798e-04  1.3142411560906734e-03 -4.1247088935233616e-03  0.0000000000000000e+00 -3.3420939335850313e+00
 417 -3.7239460974796329e-04 -3.1478984307437631e-04 -4.6592307979743220e-04 -4.3917866235821347e-03  0.0000000000000000e+00 -3.3732628405633291e+00
 418 -5.0841658208655564e-04 -6.1257290279805835e-04 -2.1087353395048102e-03 -3.7174475771103348e-03  0.0000000000000000e+00 -3.3901300065998803e+00
 419 -2.5222916604875843e-04 -2.3047854946890248e-04 -3.4273755080732487e-03 -2.1207674836158413e-03  0.0000000000000000e+00 -3.3850311456474529e+00
 420  2.4269815471285785e-04  3.5536788876730605e-04 -4.1208916296113464e-03 -7.7853950052585662e-05  0.0000000000000000e+00 -3.3694633624369961e+00
 421  4.2842366503822505e-04  5.4673668927638264e-04 -3.7545585630443172e-03  1.8528753681352258e-03  0.0000000000000000e+00 -3.3637205031915562e+00
 422  7.9855722940748566e-05  2.6891799883282719e-04 -2.3943156725096002e-03  3.3925348861306203e-03  0.0000000000000000e+00 -3.3782214290440766e+00
 423 -5.1503147820882085e-04 -1.2549213012457490e-04 -6.7264194659920221e-04  4.3508129420047545e-03  0.0000000000000000e+00 -3.4072809302710727e+00
 424 -7.8940493040834320e-04 -2.9860256711649973e-04  9.5963677249668211e-04  4.3594151125191565e-03  0.0000000000000000e+00 -3.4347199971913187e+00
 425 -3.9844890549600476e-04 -1.9146924767922256e-04  2.5174423705246270e-03  3.2606776577578192e-03  0.0000000000000000e+00 -3.4443210206400749e+00
 426  2.6511422728395749e-04 -1.8648370726490618e-05  3.8107772923278108e-03  1.4761599118677654e-03  0.0000000000000000e+00 -3.4343457674397886e+00
 427  4.6381309068886921e-04  9.3984674516927732e-05  4.1602665757117666e-03 -5.1988992076862654e-04  0.0000000000000000e+00 -3.4210093523251519e+00
 428  5.4288859816774615e-05  2.7890516859057772e-04  3.3264799321089224e-03 -2.4299644807327012e-03  0.0000000000000000e+00 -3.4205888232650135e+00
 429 -3.9583521344998380e-04  3.8391492497959450e-04  1.8495067623353306e-03 -3.8855846576888137e-03  0.0000000000000000e+00 -3.4397578814503631e+00
 430 -4.8630844178357442e-04  9.9083022866575007e-05  1.7716524665788673e-04 -4.4657416172800271e-03  0.0000000000000000e+00 -3.4704331823261150e+00
 431 -3.4999313262491522e-04 -3.8377809330542229e-04 -1.5543176491163025e-03 -4.0433720338048313e-03  0.0000000000000000e+00 -3.4941008487735234e+00
 432 -1.4227585209554032e-04 -5.1117608906355722e-04 -3.0946731332530380e-03 -2.7397726885224627e-03  0.0000000000000000e+00 -3.4965588595547801e+00
 433  7.8999136698539431e-05 -9.5397965402722318e-05 -4.0217336951239796e-03 -8.1752753079357150e-04  0.0000000000000000e+00 -3.4822944674956022e+00
 434  1.8592791101698918e-04  4.7550313761384925e-04 -3.9710156721601891e-03  1.2561903860833139e-03  0.0000000000000000e+00 -3.4705290308083518e+00
 435  1.3193512904562739e-04  6.3189276640450637e-04 -2.9403163224193691e-03  2.9824092057849799e-03  0.0000000000000000e+00 -3.4769526382903253e+00
 436 -1.1932213974894921e-04  1.6661902794301610e-04 -1.2909474805414850e-03  4.0836689606946414e-03  0.0000000000000000e+00 -3.5029520074116185e+00
 437 -5.3264668761123977e-04 -4.1984909640156091e-04  4.7353353417201689e-04  4.4193728334801325e-03  0.0000000000000000e+00 -3.5337702154847372e+00
 438 -6.6719711265192134e-04 -4.8889103860516971e-04  2.0504306626521135e-03  3.7390632280074978e-03  0.0000000000000000e+00 -3.5503543961858561e+00
 439 -1.8885876614187723e-04 -5.1959019192094435e-05  3.3992911055487399e-03  2.1096905681222745e-03  0.0000000000000000e+00 -3.5455032868460035e+00
 440  4.1941488923463390e-04  3.3031346528316290e-04  4.1513409880141235e-03  1.0391853466984547e-04  0.0000000000000000e+00 -3.5303873307214020e+00
 441  4.5116827112122589e-04  3.4427577966963442e-04  3.7515209716126037e-03 -1.8120318098031509e-03  0.0000000000000000e+00 -3.5252838284805490e+00
 442 -9.8795778342402728e-05  1.9376108397808838e-04  2.3699390774976643e-03 -3.4154386257461010e-03  0.0000000000000000e+00 -3.5390037482724783e+00
 443 -6.3832374585297063e-04  2.5529713140693663e-05  7.0687266453035001e-04 -4.3972586172550867e-03  0.0000000000000000e+00 -3.5675415319689594e+00
 444 -6.7068689159058021e-04 -1.5434541607256951e-04 -9.3157410250508592e-04 -4.3488918893309090e-03  0.0000000000000000e+00 -3.5951726134714943e+00
 445 -2.2010959875573980e-04 -2.7045405630218199e-04 -2.5605861503023557e-03 -3.2572167743085871e-03  0.0000000000000000e+00 -3.6051135366513005e+00
 446  2.4812327778970589e-04 -2.2223482536222315e-04 -3.8380373108095416e-03 -1.5079260597050351e-03  0.0000000000000000e+00 -3.5953999477905243e+00
 447  2.8758702556604267e-04  6.1001472530631730e-05 -4.1339863433001774e-03  5.2302682264836187e-04  0.0000000000000000e+00 -3.5812033539829624e+00
 448 -1.7254682377086546e-05  4.5802849180613973e-04 -3.3366194449954050e-03  2.4631952616436157e-03  0.0000000000000000e+00 -3.5801540643275631e+00
 449 -2.3867197512850936e-04  5.0529547328301001e-04 -1.8866027806405730e-03  3.8608679212159816e-03  0.0000000000000000e+00 -3.5994737463377700e+00
 450 -3.2125263596919132e-04 -1.3215239928505193e-05 -1.5333566224456018e-04  4.4126978756916478e-03  0.0000000000000000e+00 -3.6307136212957603e+00
 451 -4.1764235893141006e-04 -5.5634759333666680e-04  1.5824276120266613e-03  4.0488687893285788e-03  0.0000000000000000e+00 -3.6544674542430511e+00
 452 -3.3103506733830375e-04 -4.8183977842799515e-04  3.0523734423036435e-03  2.7468072049905709e-03  0.0000000000000000e+00 -3.6564826241356569e+00
 453  4.4433373999664557e-05  1.0420347659007126e-04  3.9895889809959707e-03  7.8974477176019307e-04  0.0000000000000000e+00 -3.6421901572575219e+00
 454  3.5120732670332805e-04  5.6552418257457793e-04  3.9983224049937290e-03 -1.2467794650708568e-03  0.0000000000000000e+00 -3.6308093315258052e+00
 455  2.5198688487035038e-04  4.8304686750999011e-04  2.9420832219600544e-03 -2.9348968082474440e-03  0.0000000000000000e+00 -3.6381051935051127e+00
 456 -2.3533325907664811e-04  1.3940920397740492e-05  1.2636871929339708e-03 -4.0926816472789257e-03  0.0000000000000000e+00 -3.6639856431513049e+00
 457 -7.2329220152917058e-04 -3.4632237662062524e-04 -4.3940730977778914e-04 -4.4694094240626840e-03  0.0000000000000000e+00 -3.6941934405761829e+00
 458 -6.5555481489237941e-04 -3.0321834182743431e-04 -2.0011169366181245e-03 -3.7440024087160304e-03  0.0000000000000000e+00 -3.7109688799741840e+00
 459 -1.0351849926912642e-05 -2.3440480840390273e-05 -3.4204935978379104e-03 -2.1171677736362051e-03  0.0000000000000000e+00 -3.7063498457297679e+00
 460  4.9685484452973794e-04  1.4140653810610282e-04 -4.1793425875643140e-03 -1.4775946109991028e-04  0.0000000000000000e+00 -3.6918435790727120e+00
 461  3.1110668757816293e-04  2.0838676806223539e-04 -3.7273354911397812e-03  1.8021834410147796e-03  0.0000000000000000e+00 -3.6862102466490128e+00
 462 -2.5606303449752301e-04  3.0275109004391083e-04 -2.3743727016342698e-03  3.4576175363664838e-03  0.0000000000000000e+00 -3.6989897966321874e+00
 463 -5.7000827051526231e-04  2.0119050420061902e-04 -7.4784315918202953e-04  4.3981603566354893e-03  0.0000000000000000e+00 -3.7274990717810841e+00
 464 -4.6972750331675792e-04 -1.7365282505368585e-04  9.5136590367199728e-04  4.3099729361703257e-03  0.0000000000000000e+00 -3.7554876090371372e+00
 465 -1.7964861194397672e-04 -4.6303255600407155e-04  2.6081820716705264e-03  3.2639565919237112e-03  0.0000000000000000e+00 -3.7657845149398277e+00
 466  8.6499661768269997e-05 -3.0659285859908837e-04  3.8210769705475994e-03  1.5189962096688835e-03  0.0000000000000000e+00 -3.7556515743734322e+00
 467  1.6918315231075336e-04  2.1349511716128538e-04  4.1105868862412760e-03 -5.5425017257415619e-04  0.0000000000000000e+00 -3.7408137951984375e+00
 468  9.0132434641659195e-05  6.2614473041566786e-04  3.3695491483212818e-03 -2.4679018311116311e-03  0.0000000000000000e+00 -3.7398603453400372e+00
 469 -5.0185551689723861e-05  4.4706101190069821e-04  1.8961420308090339e-03 -3.8063476261371116e-03  0.0000000000000000e+00 -3.7597963820480489e+00
 470 -3.3283792160555934e-04 -1.9986768249524663e-04  1.1990248936787687e-04 -4.3965328043330948e-03  0.0000000000000000e+00 -3.7914098540925711e+00
 471 -6.1233029013922288e-04 -5.8265595423901936e-04 -1.5593830519068169e-03 -4.0801966397505359e-03  0.0000000000000000e+00 -3.8146442508052192e+00
 472 -4.2232807808934020e-04 -3.0561574683903709e-04 -2.9938246279171731e-03 -2.7417677833356602e-03  0.0000000000000000e+00 -3.8166794959633776e+00
 473  1.7381337968631021e-04  2.3814329019352068e-04 -3.9925261111137386e-03 -7.8426834625179359e-04  0.0000000000000000e+00 -3.8026099633533286e+00
 474  5.0238393623749629e-04  4.5821068916898004e-04 -4.0228199264070973e-03  1.2049853661338808e-03  0.0000000000000000e+00 -3.7920159435256866e+00
 475  1.9128248094432961e-04  2.9362131539695355e-04 -2.9173464133690490e-03  2.9151300915341094e-03  0.0000000000000000e+00 -3.7994980745053701e+00
 476 -4.3369221399277327e-04  2.8023057175197518e-05 -1.2623912886011066e-03  4.1404885270856177e-03  0.0000000000000000e+00 -3.8245281840447927e+00
 477 -7.6812322996369696e-04 -1.6389066689013912e-04  3.8967365291714553e-04  4.4969637004509903e-03  0.0000000000000000e+00 -3.8546167866466727e+00
 478 -4.8561257649216934e-04 -2.2326615698606877e-04  2.0012465168349281e-03  3.7315173087510705e-03  0.0000000000000000e+00 -3.8716489676030772e+00
 479  1.1700096174760266e-04 -1.7550111587654517e-04  3.4687929299571838e-03  2.1405237726059680e-03  0.0000000000000000e+00 -3.8674324709672452e+00
 480  4.0370112319125051e-04 -3.5932350122836066e-05  4.1777881140409780e-03  1.7642453996063488e-04  0.0000000000000000e+00 -3.8528521227532373e+00
 481  1.3771543088983784e-04  2.6334946601725399e-04  3.7076452150596627e-03 -1.8264840641975669e-03  0.0000000000000000e+00 -3.8461096304869518e+00
 482 -2.4600508355963701e-04  4.9491535940576021e-04  2.4084804981035737e-03 -3.4772256958603646e-03  0.0000000000000000e+00 -3.8586139972266684e+00
 483 -3.7156600706138093e-04  2.4384756394691279e-04  7.6287754712381719e-04 -4.3504906034502536e-03  0.0000000000000000e+00 -3.8874019691437804e+00
 484 -3.7172665050299496e-04 -3.4182956103388822e-04 -9.9584317592555402e-04 -4.2803680307997027e-03  0.0000000000000000e+00 -3.9159130433298519e+00
 485 -3.1590780915079496e-04 -5.8857807378065842e-04 -2.6111900010151326e-03 -3.2802383506280891e-03  0.0000000000000000e+00 -3.9259884785586894e+00
 486 -7.2375540316825540e-05 -1.9724903273824027e-04 -3.7736049887648546e-03 -1.5038932342817659e-03  0.0000000000000000e+00 -3.9154564083214707e+00
 487  2.1795720009803088e-04  4.1017540428833700e-04 -4.1115495892995509e-03  5.7856734849539746e-04  0.0000000000000000e+00 -3.9006401541994449e+00
 488  2.7861694527912822e-04  6.2941333768889464e-04 -3.3987628168807961e-03  2.4334471107938524e-03  0.0000000000000000e+00 -3.9003206065751854e+00
 489 -4.0679486014851941e-06  2.6070744816466217e-04 -1.8746561327887459e-03  3.7700151885055599e-03  0.0000000000000000e+00 -3.9209174119404908e+00
 490 -5.0929078272605197e-04 -2.8327539210500676e-04 -1.1271921341014523e-04  4.4310790267999452e-03  0.0000000000000000e+00 -3.9520538615859273e+00
 491 -7.5445743540139890e-04 -4.4166558179365161e-04  1.5021234235085186e-03  4.1108523521712096e-03  0.0000000000000000e+00 -3.9750186757418784e+00
 492 -3.3332203307426229e-04 -1.4381389738598815e-04  2.9681447308998951e-03  2.7356390794560826e-03  0.0000000000000000e+00 -3.9773209027462495e+00
 493  3.4661791977180442e-04  1.8173001639194448e-04  4.0270222414194850e-03  8.1153769584512260e-04  0.0000000000000000e+00 -3.9636513177038228e+00
 494  5.0033841715893697e-04  2.5001043295135895e-04  4.0235507798412739e-03 -1.1645590791410322e-03  0.0000000000000000e+00 -3.9535496296912123e+00
 495  7.7169618709572378e-06  2.4155100679204707e-04  2.8929193657318266e-03 -2.9353765378725134e-03  0.0000000000000000e+00 -3.9600803519243293e+00
 496 -5.3147910980163790e-04  1.9320354597175023e-04  1.2934821269620068e-03 -4.1815487710903645e-03  0.0000000000000000e+00 -3.9845860251017333e+00
 497 -6.2525512607921685e-04 -3.6033866616195308e-05 -3.6475337024919355e-04 -4.4768868466145912e-03  0.0000000000000000e+00 -4.0148445202028089e+00
 498 -3.1480880057995208e-04 -3.2495675164480314e-04 -2.0467871654269716e-03 -3.7156857960853992e-03  0.0000000000000000e+00 -4.0322811787170920e+00
 499  7.4429642700350041e-05 -3.6884060880607267e-04 -3.4955110781091469e-03 -2.1647599881233093e-03  0.0000000000000000e+00 -4.0282195476957314e+00
 500  2.2514186406384781e-04 -3.7070354991416494e-05 -4.1479184197367944e-03 -1.7021238373434171e-04  0.0000000000000000e+00 -4.0128690467716313e+00
 501  9.1210671760976546e-05  4.5514596523489099e-04 -3.7135292533509424e-03  1.8587660324623249e-03  0.0000000000000000e+00 -4.0056476165743264e+00
 502 -7.5366801803609926e-05  5.9720183466257224e-04 -2.4453579654089741e-03  3.4512744236054617e-03  0.0000000000000000e+00 -4.0184091658435239e+00
 503 -2.2625946303376612e-04  1.1168065387444668e-04 -7.4324552580149058e-04  4.2973836039642476e-03  0.0000000000000000e+00 -4.0478358298269166e+00
 504 -4.6721397564234384e-04 -5.0061228357032846e-04  1.0184259782755768e-03  4.2895893386077624e-03  0.0000000000000000e+00 -4.0763328224617208e+00
 505 -5.0464184974589031e-04 -5.3189644360326731e-04  2.5630831304603850e-03  3.2948803772180108e-03  0.0000000000000000e+00 -4.0859865816865044e+00
 506 -8.3079988781643201e-05  1.8069860561534422e-06  3.7363435856098809e-03  1.4826534605332652e-03  0.0000000000000000e+00 -4.0755774804525462e+00
 507  3.8929549406480031e-04  4.7183490948330808e-04  4.1367006722088616e-03 -5.6587459805857755e-04  0.0000000000000000e+00 -4.0611518375803355e+00
 508  3.7410178198333779e-04  4.6092573168480779e-04  3.4016539979774647e-03 -2.3879184551867734e-03  0.0000000000000000e+00 -4.0617017293151303e+00
 509 -1.4036688896520695e-04  1.2274689321752381e-04  1.8468825999359523e-03 -3.7814991169410088e-03  0.0000000000000000e+00 -4.0819912692983040e+00
 510 -6.8748209553755573e-04 -1.8754162690609824e-04  1.4313654992448559e-04 -4.4841235019046225e-03  0.0000000000000000e+00 -4.1124885080780826e+00
 511 -7.1313375679932917e-04 -2.6284635782936337e-04 -1.4579110497356458e-03 -4.1159079493919186e-03  0.0000000000000000e+00 -4.1356275402590805e+00
 512 -1.4770964352260144e-04 -1.4473444580947743e-04 -2.9953132214437226e-03 -2.7387644744359565e-03  0.0000000000000000e+00 -4.1381792008449425e+00
