 -3.00000e-02  0.00000e+00  2.92001e-02  6.04278e-03
 -3.00000e-02  8.10784e-07  3.19942e-02  7.34908e-03
 -3.00000e-02  1.62157e-06  3.48809e-02  8.74095e-03
 -3.00000e-02  2.43235e-06  3.78613e-02  1.02198e-02
 -3.00000e-02  3.24313e-06  4.09367e-02  1.17871e-02
 -3.00000e-02  4.05392e-06  4.41082e-02  1.34442e-02
 -3.00000e-02  4.86470e-06  4.73770e-02  1.51926e-02
 -3.00000e-02  5.67549e-06  5.07444e-02  1.70337e-02
 -3.00000e-02  6.48627e-06  5.42114e-02  1.89689e-02
 -3.00000e-02  7.29705e-06  5.77794e-02  2.09997e-02
 -3.00000e-02  8.10784e-06  6.14494e-02  2.31275e-02
 -3.00000e-02  8.91862e-06  6.52226e-02  2.53536e-02
 -3.00000e-02  9.72940e-06  6.91004e-02  2.76797e-02
 -3.00000e-02  1.05402e-05  7.30837e-02  3.01069e-02
 -3.00000e-02  1.13510e-05  7.71739e-02  3.26369e-02
 -3.00000e-02  1.21618e-05  8.13721e-02  3.52709e-02
 -3.00000e-02  1.29725e-05  8.56795e-02  3.80105e-02
 -3.00000e-02  1.37833e-05  9.00972e-02  4.08571e-02
 -3.00000e-02  1.45941e-05  9.46266e-02  4.38121e-02
 -3.00000e-02  1.54049e-05  9.92687e-02  4.68769e-02
 -3.00000e-02  1.62157e-05  1.04025e-01  5.00529e-02
 -3.00000e-02  1.70265e-05  1.08896e-01  5.33417e-02
 -3.00000e-02  1.78372e-05  1.13883e-01  5.67445e-02
 -3.00000e-02  1.86480e-05  1.18988e-01  6.02628e-02
 -3.00000e-02  1.94588e-05  1.24212e-01  6.38982e-02
 -3.00000e-02  2.02696e-05  1.29556e-01  6.76519e-02

 -2.88000e-02  0.00000e+00  2.41277e-02  5.43453e-03
 -2.88000e-02  8.10784e-07  2.66892e-02  6.70568e-03
 -2.88000e-02  1.62157e-06  2.93427e-02  8.06207e-03
 -2.88000e-02  2.43235e-06  3.20893e-02  9.50512e-03
 -2.88000e-02  3.24313e-06  3.49302e-02  1.10363e-02
 -2.88000e-02  4.05392e-06  3.78667e-02  1.26569e-02
 -2.88000e-02  4.86470e-06  4.08998e-02  1.43686e-02
 -2.88000e-02  5.67549e-06  4.40308e-02  1.61726e-02
 -2.88000e-02  6.48627e-06  4.72609e-02  1.80704e-02
 -2.88000e-02  7.29705e-06  5.05913e-02  2.00634e-02
 -2.88000e-02  8.10784e-06  5.40231e-02  2.21531e-02
 -2.88000e-02  8.91862e-06  5.75575e-02  2.43408e-02
 -2.88000e-02  9.72940e-06  6.11957e-02  2.66281e-02
 -2.88000e-02  1.05402e-05  6.49390e-02  2.90163e-02
 -2.88000e-02  1.13510e-05  6.87884e-02  3.15069e-02
 -2.88000e-02  1.21618e-05  7.27452e-02  3.41013e-02
 -2.88000e-02  1.29725e-05  7.68106e-02  3.68008e-02
 -2.88000e-02  1.37833e-05  8.09858e-02  3.96071e-02
 -2.88000e-02  1.45941e-05  8.52719e-02  4.25213e-02
 -2.88000e-02  1.54049e-05  8.96701e-02  4.55451e-02
 -2.88000e-02  1.62157e-05  9.41816e-02  4.86798e-02
 -2.88000e-02  1.70265e-05  9.88077e-02  5.19269e-02
 -2.88000e-02  1.78372e-05  1.03549e-01  5.52878e-02
 -2.88000e-02  1.86480e-05  1.08408e-01  5.87638e-02
 -2.88000e-02  1.94588e-05  1.13385e-01  6.23565e-02
 -2.88000e-02  2.02696e-05  1.18481e-01  6.60672e-02

 -2.76000e-02  0.00000e+00  1.97666e-02  4.87636e-03
 -2.76000e-02  8.10784e-07  2.21066e-02  6.11470e-03
 -2.76000e-02  1.62157e-06  2.45380e-02  7.43794e-03
 -2.76000e-02  2.43235e-06  2.70618e-02  8.84750e-03
 -2.76000e-02  3.24313e-06  2.96793e-02  1.03448e-02
 -2.76000e-02  4.05392e-06  3.23917e-02  1.19313e-02
 -2.76000e-02  4.86470e-06  3.52001e-02  1.36084e-02
 -2.76000e-02  5.67549e-06  3.81058e-02  1.53776e-02
 -2.76000e-02  6.48627e-06  4.11098e-02  1.72402e-02
 -2.76000e-02  7.29705e-06  4.42135e-02  1.91977e-02
 -2.76000e-02  8.10784e-06  4.74180e-02  2.12515e-02
 -2.76000e-02  8.91862e-06  5.07244e-02  2.34030e-02
 -2.76000e-02  9.72940e-06  5.41340e-02  2.56537e-02
 -2.76000e-02  1.05402e-05  5.76480e-02  2.80050e-02
 -2.76000e-02  1.13510e-05  6.12675e-02  3.04584e-02
 -2.76000e-02  1.21618e-05  6.49937e-02  3.30151e-02
 -2.76000e-02  1.29725e-05  6.88279e-02  3.56768e-02
 -2.76000e-02  1.37833e-05  7.27712e-02  3.84448e-02
 -2.76000e-02  1.45941e-05  7.68247e-02  4.13204e-02
 -2.76000e-02  1.54049e-05  8.09898e-02  4.43053e-02
 -2.76000e-02  1.62157e-05  8.52675e-02  4.74007e-02
 -2.76000e-02  1.70265e-05  8.96591e-02  5.06081e-02
 -2.76000e-02  1.78372e-05  9.41657e-02  5.39290e-02
 -2.76000e-02  1.86480e-05  9.87885e-02  5.73648e-02
 -2.76000e-02  1.94588e-05  1.03529e-01  6.09168e-02
 -2.76000e-02  2.02696e-05  1.08388e-01  6.45865e-02

 -2.64000e-02  0.00000e+00  1.60387e-02  4.36394e-03
 -2.64000e-02  8.10784e-07  1.81678e-02  5.57158e-03
 -2.64000e-02  1.62157e-06  2.03876e-02  6.86377e-03
 -2.64000e-02  2.43235e-06  2.26991e-02  8.24193e-03
 -2.64000e-02  3.24313e-06  2.51037e-02  9.70748e-03
 -2.64000e-02  4.05392e-06  2.76024e-02  1.12619e-02
 -2.64000e-02  4.86470e-06  3.01965e-02  1.29065e-02
 -2.64000e-02  5.67549e-06  3.28872e-02  1.46428e-02
 -2.64000e-02  6.48627e-06  3.56756e-02  1.64722e-02
 -2.64000e-02  7.29705e-06  3.85630e-02  1.83961e-02
 -2.64000e-02  8.10784e-06  4.15505e-02  2.04160e-02
 -2.64000e-02  8.91862e-06  4.46393e-02  2.25333e-02
 -2.64000e-02  9.72940e-06  4.78306e-02  2.47494e-02
 -2.64000e-02  1.05402e-05  5.11256e-02  2.70658e-02
 -2.64000e-02  1.13510e-05  5.45254e-02  2.94837e-02
 -2.64000e-02  1.21618e-05  5.80313e-02  3.20048e-02
 -2.64000e-02  1.29725e-05  6.16445e-02  3.46304e-02
 -2.64000e-02  1.37833e-05  6.53661e-02  3.73620e-02
 -2.64000e-02  1.45941e-05  6.91973e-02  4.02009e-02
 -2.64000e-02  1.54049e-05  7.31394e-02  4.31486e-02
 -2.64000e-02  1.62157e-05  7.71934e-02  4.62066e-02
 -2.64000e-02  1.70265e-05  8.13606e-02  4.93762e-02
 -2.64000e-02  1.78372e-05  8.56422e-02  5.26589e-02
 -2.64000e-02  1.86480e-05  9.00394e-02  5.60561e-02
 -2.64000e-02  1.94588e-05  9.45533e-02  5.95692e-02
 -2.64000e-02  2.02696e-05  9.91851e-02  6.31997e-02

 -2.52000e-02  0.00000e+00  1.28723e-02  3.89341e-03
 -2.52000e-02  8.10784e-07  1.48005e-02  5.07225e-03
 -2.52000e-02  1.62157e-06  1.68186e-02  6.33526e-03
 -2.52000e-02  2.43235e-06  1.89279e-02  7.68387e-03
 -2.52000e-02  3.24313e-06  2.11295e-02  9.11950e-03
 -2.52000e-02  4.05392e-06  2.34245e-02  1.06436e-02
 -2.52000e-02  4.86470e-06  2.58143e-02  1.22576e-02
 -2.52000e-02  5.67549e-06  2.82999e-02  1.39628e-02
 -2.52000e-02  6.48627e-06  3.08826e-02  1.57608e-02
 -2.52000e-02  7.29705e-06  3.35635e-02  1.76530e-02
 -2.52000e-02  8.10784e-06  3.63439e-02  1.96407e-02
 -2.52000e-02  8.91862e-06  3.92248e-02  2.17255e-02
 -2.52000e-02  9.72940e-06  4.22076e-02  2.39087e-02
 -2.52000e-02  1.05402e-05  4.52934e-02  2.61917e-02
 -2.52000e-02  1.13510e-05  4.84833e-02  2.85761e-02
 -2.52000e-02  1.21618e-05  5.17787e-02  3.10631e-02
 -2.52000e-02  1.29725e-05  5.51805e-02  3.36544e-02
 -2.52000e-02  1.37833e-05  5.86902e-02  3.63511e-02
 -2.52000e-02  1.45941e-05  6.23087e-02  3.91549e-02
 -2.52000e-02  1.54049e-05  6.60374e-02  4.20672e-02
 -2.52000e-02  1.62157e-05  6.98774e-02  4.50892e-02
 -2.52000e-02  1.70265e-05  7.38299e-02  4.82226e-02
 -2.52000e-02  1.78372e-05  7.78960e-02  5.14686e-02
 -2.52000e-02  1.86480e-05  8.20770e-02  5.48288e-02
 -2.52000e-02  1.94588e-05  8.63741e-02  5.83046e-02
 -2.52000e-02  2.02696e-05  9.07885e-02  6.18973e-02

 -2.40000e-02  0.00000e+00  1.02018e-02  3.46133e-03
 -2.40000e-02  8.10784e-07  1.19386e-02  4.61305e-03
 -2.40000e-02  1.62157e-06  1.37647e-02  5.84856e-03
 -2.40000e-02  2.43235e-06  1.56811e-02  7.16927e-03
 -2.40000e-02  3.24313e-06  1.76892e-02  8.57661e-03
 -2.40000e-02  4.05392e-06  1.97900e-02  1.00720e-02
 -2.40000e-02  4.86470e-06  2.19848e-02  1.16569e-02
 -2.40000e-02  5.67549e-06  2.42748e-02  1.33327e-02
 -2.40000e-02  6.48627e-06  2.66611e-02  1.51009e-02
 -2.40000e-02  7.29705e-06  2.91449e-02  1.69628e-02
 -2.40000e-02  8.10784e-06  3.17275e-02  1.89200e-02
 -2.40000e-02  8.91862e-06  3.44099e-02  2.09737e-02
 -2.40000e-02  9.72940e-06  3.71935e-02  2.31255e-02
 -2.40000e-02  1.05402e-05  4.00793e-02  2.53768e-02
 -2.40000e-02  1.13510e-05  4.30687e-02  2.77290e-02
 -2.40000e-02  1.21618e-05  4.61626e-02  3.01835e-02
 -2.40000e-02  1.29725e-05  4.93624e-02  3.27417e-02
 -2.40000e-02  1.37833e-05  5.26693e-02  3.54052e-02
 -2.40000e-02  1.45941e-05  5.60843e-02  3.81753e-02
 -2.40000e-02  1.54049e-05  5.96088e-02  4.10534e-02
 -2.40000e-02  1.62157e-05  6.32439e-02  4.40409e-02
 -2.40000e-02  1.70265e-05  6.69907e-02  4.71394e-02
 -2.40000e-02  1.78372e-05  7.08506e-02  5.03502e-02
 -2.40000e-02  1.86480e-05  7.48245e-02  5.36747e-02
 -2.40000e-02  1.94588e-05  7.89139e-02  5.71144e-02
 -2.40000e-02  2.02696e-05  8.31197e-02  6.06707e-02

 -2.28000e-02  0.00000e+00  7.96758e-03  3.06466e-03
 -2.28000e-02  8.10784e-07  9.52206e-03  4.19074e-03
 -2.28000e-02  1.62157e-06  1.11650e-02  5.40020e-03
 -2.28000e-02  2.43235e-06  1.28977e-02  6.69447e-03
 -2.28000e-02  3.24313e-06  1.47212e-02  8.07496e-03
 -2.28000e-02  4.05392e-06  1.66367e-02  9.54312e-03
 -2.28000e-02  4.86470e-06  1.86455e-02  1.11004e-02
 -2.28000e-02  5.67549e-06  2.07487e-02  1.27481e-02
 -2.28000e-02  6.48627e-06  2.29475e-02  1.44878e-02
 -2.28000e-02  7.29705e-06  2.52432e-02  1.63209e-02
 -2.28000e-02  8.10784e-06  2.76368e-02  1.82487e-02
 -2.28000e-02  8.91862e-06  3.01296e-02  2.02728e-02
 -2.28000e-02  9.72940e-06  3.27227e-02  2.23945e-02
 -2.28000e-02  1.05402e-05  3.54174e-02  2.46153e-02
 -2.28000e-02  1.13510e-05  3.82149e-02  2.69366e-02
 -2.28000e-02  1.21618e-05  4.11162e-02  2.93598e-02
 -2.28000e-02  1.29725e-05  4.41227e-02  3.18864e-02
 -2.28000e-02  1.37833e-05  4.72355e-02  3.45177e-02
 -2.28000e-02  1.45941e-05  5.04558e-02  3.72553e-02
 -2.28000e-02  1.54049e-05  5.37847e-02  4.01005e-02
 -2.28000e-02  1.62157e-05  5.72235e-02  4.30547e-02
 -2.28000e-02  1.70265e-05  6.07734e-02  4.61195e-02
 -2.28000e-02  1.78372e-05  6.44354e-02  4.92961e-02
 -2.28000e-02  1.86480e-05  6.82110e-02  5.25861e-02
 -2.28000e-02  1.94588e-05  7.21011e-02  5.59909e-02
 -2.28000e-02  2.02696e-05  7.61070e-02  5.95119e-02

 -2.16000e-02  0.00000e+00  6.11519e-03  2.70070e-03
 -2.16000e-02  8.10784e-07  7.49589e-03  3.80244e-03
 -2.16000e-02  1.62157e-06  8.96433e-03  4.98713e-03
 -2.16000e-02  2.43235e-06  1.05217e-02  6.25621e-03
 -2.16000e-02  3.24313e-06  1.21692e-02  7.61110e-03
 -2.16000e-02  4.05392e-06  1.39079e-02  9.05323e-03
 -2.16000e-02  4.86470e-06  1.57392e-02  1.05840e-02
 -2.16000e-02  5.67549e-06  1.76641e-02  1.22049e-02
 -2.16000e-02  6.48627e-06  1.96839e-02  1.39173e-02
 -2.16000e-02  7.29705e-06  2.17997e-02  1.57227e-02
 -2.16000e-02  8.10784e-06  2.40128e-02  1.76224e-02
 -2.16000e-02  8.91862e-06  2.63242e-02  1.96179e-02
 -2.16000e-02  9.72940e-06  2.87353e-02  2.17107e-02
 -2.16000e-02  1.05402e-05  3.12472e-02  2.39021e-02
 -2.16000e-02  1.13510e-05  3.38611e-02  2.61936e-02
 -2.16000e-02  1.21618e-05  3.65782e-02  2.85866e-02
 -2.16000e-02  1.29725e-05  3.93996e-02  3.10825e-02
 -2.16000e-02  1.37833e-05  4.23265e-02  3.36828e-02
 -2.16000e-02  1.45941e-05  4.53602e-02  3.63889e-02
 -2.16000e-02  1.54049e-05  4.85018e-02  3.92022e-02
 -2.16000e-02  1.62157e-05  5.17525e-02  4.21241e-02
 -2.16000e-02  1.70265e-05  5.51136e-02  4.51561e-02
 -2.16000e-02  1.78372e-05  5.85861e-02  4.82996e-02
 -2.16000e-02  1.86480e-05  6.21712e-02  5.15560e-02
 -2.16000e-02  1.94588e-05  6.58703e-02  5.49268e-02
 -2.16000e-02  2.02696e-05  6.96843e-02  5.84133e-02

 -2.04000e-02  0.00000e+00  4.59534e-03  2.36707e-03
 -2.04000e-02  8.10784e-07  5.81039e-03  3.44557e-03
 -2.04000e-02  1.62157e-06  7.11240e-03  4.60660e-03
 -2.04000e-02  2.43235e-06  8.50256e-03  5.85158e-03
 -2.04000e-02  3.24313e-06  9.98206e-03  7.18193e-03
 -2.04000e-02  4.05392e-06  1.15521e-02  8.59909e-03
 -2.04000e-02  4.86470e-06  1.32138e-02  1.01045e-02
 -2.04000e-02  5.67549e-06  1.49684e-02  1.16995e-02
 -2.04000e-02  6.48627e-06  1.68172e-02  1.33856e-02
 -2.04000e-02  7.29705e-06  1.87611e-02  1.51643e-02
 -2.04000e-02  8.10784e-06  2.08016e-02  1.70369e-02
 -2.04000e-02  8.91862e-06  2.29397e-02  1.90048e-02
 -2.04000e-02  9.72940e-06  2.51766e-02  2.10695e-02
 -2.04000e-02  1.05402e-05  2.75136e-02  2.32325e-02
 -2.04000e-02  1.13510e-05  2.99517e-02  2.54951e-02
 -2.04000e-02  1.21618e-05  3.24923e-02  2.78588e-02
 -2.04000e-02  1.29725e-05  3.51365e-02  3.03249e-02
 -2.04000e-02  1.37833e-05  3.78854e-02  3.28950e-02
 -2.04000e-02  1.45941e-05  4.07403e-02  3.55705e-02
 -2.04000e-02  1.54049e-05  4.37023e-02  3.83527e-02
 -2.04000e-02  1.62157e-05  4.67727e-02  4.12431e-02
 -2.04000e-02  1.70265e-05  4.99526e-02  4.42432e-02
 -2.04000e-02  1.78372e-05  5.32432e-02  4.73543e-02
 -2.04000e-02  1.86480e-05  5.66457e-02  5.05779e-02
 -2.04000e-02  1.94588e-05  6.01613e-02  5.39154e-02
 -2.04000e-02  2.02696e-05  6.37911e-02  5.73683e-02

 -1.92000e-02  0.00000e+00  3.36342e-03  2.06168e-03
 -1.92000e-02  8.10784e-07  4.42051e-03  3.11790e-03
 -1.92000e-02  1.62157e-06  5.56376e-03  4.25619e-03
 -1.92000e-02  2.43235e-06  6.79438e-03  5.47798e-03
 -1.92000e-02  3.24313e-06  8.11353e-03  6.78470e-03
 -1.92000e-02  4.05392e-06  9.52241e-03  8.17777e-03
 -1.92000e-02  4.86470e-06  1.10222e-02  9.65861e-03
 -1.92000e-02  5.67549e-06  1.26141e-02  1.12287e-02
 -1.92000e-02  6.48627e-06  1.42993e-02  1.28894e-02
 -1.92000e-02  7.29705e-06  1.60790e-02  1.46421e-02
 -1.92000e-02  8.10784e-06  1.79543e-02  1.64883e-02
 -1.92000e-02  8.91862e-06  1.99265e-02  1.84295e-02
 -1.92000e-02  9.72940e-06  2.19968e-02  2.04670e-02
 -1.92000e-02  1.05402e-05  2.41662e-02  2.26022e-02
 -1.92000e-02  1.13510e-05  2.64361e-02  2.48367e-02
 -1.92000e-02  1.21618e-05  2.88076e-02  2.71717e-02
 -1.92000e-02  1.29725e-05  3.12819e-02  2.96089e-02
 -1.92000e-02  1.37833e-05  3.38601e-02  3.21495e-02
 -1.92000e-02  1.45941e-05  3.65436e-02  3.47949e-02
 -1.92000e-02  1.54049e-05  3.93333e-02  3.75468e-02
 -1.92000e-02  1.62157e-05  4.22307e-02  4.04063e-02
 -1.92000e-02  1.70265e-05  4.52367e-02  4.33751e-02
 -1.92000e-02  1.78372e-05  4.83527e-02  4.64545e-02
 -1.92000e-02  1.86480e-05  5.15797e-02  4.96459e-02
 -1.92000e-02  1.94588e-05  5.49191e-02  5.29507e-02
 -1.92000e-02  2.02696e-05  5.83719e-02  5.63705e-02

 -1.80000e-02  0.00000e+00  2.37919e-03  1.78269e-03
 -1.80000e-02  8.10784e-07  3.28560e-03  2.81742e-03
 -1.80000e-02  1.62157e-06  4.27735e-03  3.93375e-03
 -1.80000e-02  2.43235e-06  5.35564e-03  5.13312e-03
 -1.80000e-02  3.24313e-06  6.52167e-03  6.41694e-03
 -1.80000e-02  4.05392e-06  7.77660e-03  7.78665e-03
 -1.80000e-02  4.86470e-06  9.12164e-03  9.24367e-03
 -1.80000e-02  5.67549e-06  1.05580e-02  1.07894e-02
 -1.80000e-02  6.48627e-06  1.20868e-02  1.24254e-02
 -1.80000e-02  7.29705e-06  1.37092e-02  1.41529e-02
 -1.80000e-02  8.10784e-06  1.54266e-02  1.59734e-02
 -1.80000e-02  8.91862e-06  1.72399e-02  1.78884e-02
 -1.80000e-02  9.72940e-06  1.91505e-02  1.98993e-02
 -1.80000e-02  1.05402e-05  2.11595e-02  2.20074e-02
 -1.80000e-02  1.13510e-05  2.32681e-02  2.42143e-02
 -1.80000e-02  1.21618e-05  2.54775e-02  2.65213e-02
 -1.80000e-02  1.29725e-05  2.77889e-02  2.89300e-02
 -1.80000e-02  1.37833e-05  3.02034e-02  3.14416e-02
 -1.80000e-02  1.45941e-05  3.27223e-02  3.40577e-02
 -1.80000e-02  1.54049e-05  3.53467e-02  3.67796e-02
 -1.80000e-02  1.62157e-05  3.80779e-02  3.96088e-02
 -1.80000e-02  1.70265e-05  4.09170e-02  4.25467e-02
 -1.80000e-02  1.78372e-05  4.38651e-02  4.55948e-02
 -1.80000e-02  1.86480e-05  4.69236e-02  4.87544e-02
 -1.80000e-02  1.94588e-05  5.00935e-02  5.20271e-02
 -1.80000e-02  2.02696e-05  5.33761e-02  5.54141e-02

 -1.68000e-02  0.00000e+00  1.60648e-03  1.52850e-03
 -1.68000e-02  8.10784e-07  2.36907e-03  2.54238e-03
 -1.68000e-02  1.62157e-06  3.21618e-03  3.63738e-03
 -1.68000e-02  2.43235e-06  4.14899e-03  4.81493e-03
 -1.68000e-02  3.24313e-06  5.16869e-03  6.07646e-03
 -1.68000e-02  4.05392e-06  6.27647e-03  7.42339e-03
 -1.68000e-02  4.86470e-06  7.47352e-03  8.85715e-03
 -1.68000e-02  5.67549e-06  8.76102e-03  1.03792e-02
 -1.68000e-02  6.48627e-06  1.01402e-02  1.19909e-02
 -1.68000e-02  7.29705e-06  1.16121e-02  1.36937e-02
 -1.68000e-02  8.10784e-06  1.31781e-02  1.54890e-02
 -1.68000e-02  8.91862e-06  1.48393e-02  1.73783e-02
 -1.68000e-02  9.72940e-06  1.65969e-02  1.93630e-02
 -1.68000e-02  1.05402e-05  1.84521e-02  2.14446e-02
 -1.68000e-02  1.13510e-05  2.04060e-02  2.36243e-02
 -1.68000e-02  1.21618e-05  2.24599e-02  2.59038e-02
 -1.68000e-02  1.29725e-05  2.46149e-02  2.82843e-02
 -1.68000e-02  1.37833e-05  2.68723e-02  3.07674e-02
 -1.68000e-02  1.45941e-05  2.92332e-02  3.33544e-02
 -1.68000e-02  1.54049e-05  3.16987e-02  3.60468e-02
 -1.68000e-02  1.62157e-05  3.42702e-02  3.88460e-02
 -1.68000e-02  1.70265e-05  3.69488e-02  4.17534e-02
 -1.68000e-02  1.78372e-05  3.97356e-02  4.47705e-02
 -1.68000e-02  1.86480e-05  4.26319e-02  4.78987e-02
 -1.68000e-02  1.94588e-05  4.56388e-02  5.11393e-02
 -1.68000e-02  2.02696e-05  4.87575e-02  5.44940e-02

 -1.56000e-02  0.00000e+00  1.01285e-03  1.29770e-03
 -1.56000e-02  8.10784e-07  1.63811e-03  2.29124e-03
 -1.56000e-02  1.62157e-06  2.34704e-03  3.36540e-03
 -1.56000e-02  2.43235e-06  3.14082e-03  4.52161e-03
 -1.56000e-02  3.24313e-06  4.02063e-03  5.76131e-03
 -1.56000e-02  4.05392e-06  4.98767e-03  7.08590e-03
 -1.56000e-02  4.86470e-06  6.04311e-03  8.49683e-03
 -1.56000e-02  5.67549e-06  7.18816e-03  9.99552e-03
 -1.56000e-02  6.48627e-06  8.42399e-03  1.15834e-02
 -1.56000e-02  7.29705e-06  9.75180e-03  1.32619e-02
 -1.56000e-02  8.10784e-06  1.11728e-02  1.50324e-02
 -1.56000e-02  8.91862e-06  1.26881e-02  1.68964e-02
 -1.56000e-02  9.72940e-06  1.42989e-02  1.88553e-02
 -1.56000e-02  1.05402e-05  1.60065e-02  2.09105e-02
 -1.56000e-02  1.13510e-05  1.78120e-02  2.30634e-02
 -1.56000e-02  1.21618e-05  1.97166e-02  2.53155e-02
 -1.56000e-02  1.29725e-05  2.17214e-02  2.76683e-02
 -1.56000e-02  1.37833e-05  2.38278e-02  3.01230e-02
 -1.56000e-02  1.45941e-05  2.60368e-02  3.26812e-02
 -1.56000e-02  1.54049e-05  2.83496e-02  3.53443e-02
 -1.56000e-02  1.62157e-05  3.07675e-02  3.81137e-02
 -1.56000e-02  1.70265e-05  3.32916e-02  4.09908e-02
 -1.56000e-02  1.78372e-05  3.59232e-02  4.39771e-02
 -1.56000e-02  1.86480e-05  3.86633e-02  4.70740e-02
 -1.56000e-02  1.94588e-05  4.15132e-02  5.02829e-02
 -1.56000e-02  2.02696e-05  4.44741e-02  5.36052e-02

 -1.44000e-02  0.00000e+00  5.69313e-04  1.08904e-03
 -1.44000e-02  8.10784e-07  1.06338e-03  2.06262e-03
 -1.44000e-02  1.62157e-06  1.64023e-03  3.11632e-03
 -1.44000e-02  2.43235e-06  2.30106e-03  4.25155e-03
 -1.44000e-02  3.24313e-06  3.04704e-03  5.46974e-03
 -1.44000e-02  4.05392e-06  3.87937e-03  6.77233e-03
 -1.44000e-02  4.86470e-06  4.79924e-03  8.16073e-03
 -1.44000e-02  5.67549e-06  5.80783e-03  9.63638e-03
 -1.44000e-02  6.48627e-06  6.90633e-03  1.12007e-02
 -1.44000e-02  7.29705e-06  8.09592e-03  1.28551e-02
 -1.44000e-02  8.10784e-06  9.37780e-03  1.46011e-02
 -1.44000e-02  8.91862e-06  1.07532e-02  1.64400e-02
 -1.44000e-02  9.72940e-06  1.22232e-02  1.83732e-02
 -1.44000e-02  1.05402e-05  1.37890e-02  2.04023e-02
 -1.44000e-02  1.13510e-05  1.54519e-02  2.25286e-02
 -1.44000e-02  1.21618e-05  1.72130e-02  2.47536e-02
 -1.44000e-02  1.29725e-05  1.90736e-02  2.70786e-02
 -1.44000e-02  1.37833e-05  2.10347e-02  2.95052e-02
 -1.44000e-02  1.45941e-05  2.30976e-02  3.20347e-02
 -1.44000e-02  1.54049e-05  2.52635e-02  3.46686e-02
 -1.44000e-02  1.62157e-05  2.75335e-02  3.74083e-02
 -1.44000e-02  1.70265e-05  2.99089e-02  4.02552e-02
 -1.44000e-02  1.78372e-05  3.23908e-02  4.32107e-02
 -1.44000e-02  1.86480e-05  3.49804e-02  4.62763e-02
 -1.44000e-02  1.94588e-05  3.76790e-02  4.94534e-02
 -1.44000e-02  2.02696e-05  4.04876e-02  5.27434e-02

 -1.32000e-02  0.00000e+00  2.50074e-04  9.01432e-04
 -1.32000e-02  8.10784e-07  6.18717e-04  1.85533e-03
 -1.32000e-02  1.62157e-06  1.06925e-03  2.88881e-03
 -1.32000e-02  2.43235e-06  1.60285e-03  4.00330e-03
 -1.32000e-02  3.24313e-06  2.22072e-03  5.20022e-03
 -1.32000e-02  4.05392e-06  2.92404e-03  6.48100e-03
 -1.32000e-02  4.86470e-06  3.71400e-03  7.84707e-03
 -1.32000e-02  5.67549e-06  4.59178e-03  9.29986e-03
 -1.32000e-02  6.48627e-06  5.55857e-03  1.08408e-02
 -1.32000e-02  7.29705e-06  6.61557e-03  1.24713e-02
 -1.32000e-02  8.10784e-06  7.76395e-03  1.41928e-02
 -1.32000e-02  8.91862e-06  9.00491e-03  1.60067e-02
 -1.32000e-02  9.72940e-06  1.03396e-02  1.79144e-02
 -1.32000e-02  1.05402e-05  1.17693e-02  1.99175e-02
 -1.32000e-02  1.13510e-05  1.32951e-02  2.20172e-02
 -1.32000e-02  1.21618e-05  1.49182e-02  2.42151e-02
 -1.32000e-02  1.29725e-05  1.66399e-02  2.65125e-02
 -1.32000e-02  1.37833e-05  1.84612e-02  2.89109e-02
 -1.32000e-02  1.45941e-05  2.03835e-02  3.14117e-02
 -1.32000e-02  1.54049e-05  2.24078e-02  3.40164e-02
 -1.32000e-02  1.62157e-05  2.45353e-02  3.67263e-02
 -1.32000e-02  1.70265e-05  2.67674e-02  3.95429e-02
 -1.32000e-02  1.78372e-05  2.91050e-02  4.24676e-02
 -1.32000e-02  1.86480e-05  3.15495e-02  4.55019e-02
 -1.32000e-02  1.94588e-05  3.41020e-02  4.86471e-02
 -1.32000e-02  2.02696e-05  3.67637e-02  5.19048e-02

 -1.20000e-02  0.00000e+00  3.22358e-05  7.33916e-04
 -1.20000e-02  8.10784e-07  2.80894e-04  1.66830e-03
 -1.20000e-02  1.62157e-06  6.10523e-04  2.68171e-03
 -1.20000e-02  2.43235e-06  1.02231e-03  3.77559e-03
 -1.20000e-02  3.24313e-06  1.51744e-03  4.95136e-03
 -1.20000e-02  4.05392e-06  2.09711e-03  6.21044e-03
 -1.20000e-02  4.86470e-06  2.76249e-03  7.55426e-03
 -1.20000e-02  5.67549e-06  3.51478e-03  8.98425e-03
 -1.20000e-02  6.48627e-06  4.35517e-03  1.05018e-02
 -1.20000e-02  7.29705e-06  5.28484e-03  1.21085e-02
 -1.20000e-02  8.10784e-06  6.30498e-03  1.38055e-02
 -1.20000e-02  8.91862e-06  7.41678e-03  1.55945e-02
 -1.20000e-02  9.72940e-06  8.62142e-03  1.74767e-02
 -1.20000e-02  1.05402e-05  9.92010e-03  1.94537e-02
 -1.20000e-02  1.13510e-05  1.13140e-02  2.15268e-02
 -1.20000e-02  1.21618e-05  1.28043e-02  2.36975e-02
 -1.20000e-02  1.29725e-05  1.43922e-02  2.59672e-02
 -1.20000e-02  1.37833e-05  1.60789e-02  2.83374e-02
 -1.20000e-02  1.45941e-05  1.78655e-02  3.08094e-02
 -1.20000e-02  1.54049e-05  1.97533e-02  3.33847e-02
 -1.20000e-02  1.62157e-05  2.17435e-02  3.60648e-02
 -1.20000e-02  1.70265e-05  2.38372e-02  3.88509e-02
 -1.20000e-02  1.78372e-05  2.60356e-02  4.17447e-02
 -1.20000e-02  1.86480e-05  2.83399e-02  4.47474e-02
 -1.20000e-02  1.94588e-05  3.07513e-02  4.78606e-02
 -1.20000e-02  2.02696e-05  3.32710e-02  5.10856e-02

 -1.08000e-02  0.00000e+00 -1.04447e-04  5.85624e-04
 -1.08000e-02  8.10784e-07  2.93508e-05  1.50056e-03
 -1.08000e-02  1.62157e-06  2.43181e-04  2.49397e-03
 -1.08000e-02  2.43235e-06  5.38230e-04  3.56728e-03
 -1.08000e-02  3.24313e-06  9.15687e-04  4.72191e-03
 -1.08000e-02  4.05392e-06  1.37674e-03  5.95930e-03
 -1.08000e-02  4.86470e-06  1.92257e-03  7.28088e-03
 -1.08000e-02  5.67549e-06  2.55438e-03  8.68806e-03
 -1.08000e-02  6.48627e-06  3.27334e-03  1.01823e-02
 -1.08000e-02  7.29705e-06  4.08064e-03  1.17649e-02
 -1.08000e-02  8.10784e-06  4.97748e-03  1.34375e-02
 -1.08000e-02  8.91862e-06  5.96504e-03  1.52014e-02
 -1.08000e-02  9.72940e-06  7.04450e-03  1.70580e-02
 -1.08000e-02  1.05402e-05  8.21706e-03  1.90088e-02
 -1.08000e-02  1.13510e-05  9.48390e-03  2.10552e-02
 -1.08000e-02  1.21618e-05  1.08462e-02  2.31986e-02
 -1.08000e-02  1.29725e-05  1.23052e-02  2.54405e-02
 -1.08000e-02  1.37833e-05  1.38620e-02  2.77822e-02
 -1.08000e-02  1.45941e-05  1.55178e-02  3.02252e-02
 -1.08000e-02  1.54049e-05  1.72739e-02  3.27710e-02
 -1.08000e-02  1.62157e-05  1.91314e-02  3.54209e-02
 -1.08000e-02  1.70265e-05  2.10914e-02  3.81764e-02
 -1.08000e-02  1.78372e-05  2.31553e-02  4.10390e-02
 -1.08000e-02  1.86480e-05  2.53241e-02  4.40099e-02
 -1.08000e-02  1.94588e-05  2.75991e-02  4.70907e-02
 -1.08000e-02  2.02696e-05  2.99814e-02  5.02829e-02

 -9.60000e-03  0.00000e+00 -1.77807e-04  4.55771e-04
 -9.60000e-03  8.10784e-07 -1.54046e-04  1.35125e-03
 -9.60000e-03  1.62157e-06 -5.12114e-05  2.32463e-03
 -9.60000e-03  2.43235e-06  1.31884e-04  3.37733e-03
 -9.60000e-03  3.24313e-06  3.96428e-04  4.51078e-03
 -9.60000e-03  4.05392e-06  7.43608e-04  5.72641e-03
 -9.60000e-03  4.86470e-06  1.17461e-03  7.02564e-03
 -9.60000e-03  5.67549e-06  1.69063e-03  8.40991e-03
 -9.60000e-03  6.48627e-06  2.29284e-03  9.88063e-03
 -9.60000e-03  7.29705e-06  2.98244e-03  1.14392e-02
 -9.60000e-03  8.10784e-06  3.76061e-03  1.30872e-02
 -9.60000e-03  8.91862e-06  4.62855e-03  1.48258e-02
 -9.60000e-03  9.72940e-06  5.58743e-03  1.66566e-02
 -9.60000e-03  1.05402e-05  6.63845e-03  1.85810e-02
 -9.60000e-03  1.13510e-05  7.78279e-03  2.06005e-02
 -9.60000e-03  1.21618e-05  9.02164e-03  2.27164e-02
 -9.60000e-03  1.29725e-05  1.03562e-02  2.49301e-02
 -9.60000e-03  1.37833e-05  1.17876e-02  2.72432e-02
 -9.60000e-03  1.45941e-05  1.33171e-02  2.96569e-02
 -9.60000e-03  1.54049e-05  1.49459e-02  3.21729e-02
 -9.60000e-03  1.62157e-05  1.66751e-02  3.47924e-02
 -9.60000e-03  1.70265e-05  1.85060e-02  3.75169e-02
 -9.60000e-03  1.78372e-05  2.04397e-02  4.03478e-02
 -9.60000e-03  1.86480e-05  2.24773e-02  4.32866e-02
 -9.60000e-03  1.94588e-05  2.46202e-02  4.63347e-02
 -9.60000e-03  2.02696e-05  2.68695e-02  4.94936e-02

 -8.40000e-03  0.00000e+00 -2.03497e-04  3.43637e-04
 -8.40000e-03  8.10784e-07 -2.85232e-04  1.21958e-03
 -8.40000e-03  1.62157e-06 -2.88874e-04  2.17283e-03
 -8.40000e-03  2.43235e-06 -2.13233e-04  3.20481e-03
 -8.40000e-03  3.24313e-06 -5.71226e-05  4.31695e-03
 -8.40000e-03  4.05392e-06  1.80644e-04  5.51067e-03
 -8.40000e-03  4.86470e-06  5.01256e-04  6.78740e-03
 -8.40000e-03  5.67549e-06  9.05899e-04  8.14858e-03
 -8.40000e-03  6.48627e-06  1.39576e-03  9.59561e-03
 -8.40000e-03  7.29705e-06  1.97203e-03  1.11299e-02
 -8.40000e-03  8.10784e-06  2.63589e-03  1.27530e-02
 -8.40000e-03  8.91862e-06  3.38854e-03  1.44662e-02
 -8.40000e-03  9.72940e-06  4.23116e-03  1.62710e-02
 -8.40000e-03  1.05402e-05  5.16493e-03  1.81687e-02
 -8.40000e-03  1.13510e-05  6.19104e-03  2.01609e-02
 -8.40000e-03  1.21618e-05  7.31069e-03  2.22490e-02
 -8.40000e-03  1.29725e-05  8.52506e-03  2.44343e-02
 -8.40000e-03  1.37833e-05  9.83533e-03  2.67183e-02
 -8.40000e-03  1.45941e-05  1.12427e-02  2.91025e-02
 -8.40000e-03  1.54049e-05  1.27483e-02  3.15882e-02
 -8.40000e-03  1.62157e-05  1.43535e-02  3.41769e-02
 -8.40000e-03  1.70265e-05  1.60592e-02  3.68700e-02
 -8.40000e-03  1.78372e-05  1.78669e-02  3.96690e-02
 -8.40000e-03  1.86480e-05  1.97775e-02  4.25753e-02
 -8.40000e-03  1.94588e-05  2.17924e-02  4.55902e-02
 -8.40000e-03  2.02696e-05  2.39126e-02  4.87152e-02

 -7.20000e-03  0.00000e+00 -1.95207e-04  2.48545e-04
 -7.20000e-03  8.10784e-07 -3.78165e-04  1.10481e-03
 -7.20000e-03  1.62157e-06 -4.84029e-04  2.03778e-03
 -7.20000e-03  2.43235e-06 -5.11610e-04  3.04886e-03
 -7.20000e-03  3.24313e-06 -4.59722e-04  4.13950e-03
 -7.20000e-03  4.05392e-06 -3.27176e-04  5.31111e-03
 -7.20000e-03  4.86470e-06 -1.12786e-04  6.56512e-03
 -7.20000e-03  5.67549e-06  1.84636e-04  7.90297e-03
 -7.20000e-03  6.48627e-06  5.66278e-04  9.32607e-03
 -7.20000e-03  7.29705e-06  1.03333e-03  1.08359e-02
 -7.20000e-03  8.10784e-06  1.58697e-03  1.24338e-02
 -7.20000e-03  8.91862e-06  2.22840e-03  1.41212e-02
 -7.20000e-03  9.72940e-06  2.95879e-03  1.58996e-02
 -7.20000e-03  1.05402e-05  3.77934e-03  1.77704e-02
 -7.20000e-03  1.13510e-05  4.69124e-03  1.97350e-02
 -7.20000e-03  1.21618e-05  5.69567e-03  2.17948e-02
 -7.20000e-03  1.29725e-05  6.79381e-03  2.39514e-02
 -7.20000e-03  1.37833e-05  7.98687e-03  2.62060e-02
 -7.20000e-03  1.45941e-05  9.27602e-03  2.85601e-02
 -7.20000e-03  1.54049e-05  1.06624e-02  3.10152e-02
 -7.20000e-03  1.62157e-05  1.21473e-02  3.35727e-02
 -7.20000e-03  1.70265e-05  1.37319e-02  3.62340e-02
 -7.20000e-03  1.78372e-05  1.54173e-02  3.90005e-02
 -7.20000e-03  1.86480e-05  1.72047e-02  4.18737e-02
 -7.20000e-03  1.94588e-05  1.90954e-02  4.48549e-02
 -7.20000e-03  2.02696e-05  2.10904e-02  4.79457e-02

 -6.00000e-03  0.00000e+00 -1.64868e-04  1.69849e-04
 -6.00000e-03  8.10784e-07 -4.45025e-04  1.00625e-03
 -6.00000e-03  1.62157e-06 -6.49107e-04  1.91872e-03
 -6.00000e-03  2.43235e-06 -7.75928e-04  2.90869e-03
 -6.00000e-03  3.24313e-06 -8.24300e-04  3.97758e-03
 -6.00000e-03  4.05392e-06 -7.93034e-04  5.12683e-03
 -6.00000e-03  4.86470e-06 -6.80945e-04  6.35785e-03
 -6.00000e-03  5.67549e-06 -4.86843e-04  7.67208e-03
 -6.00000e-03  6.48627e-06 -2.09542e-04  9.07095e-03
 -6.00000e-03  7.29705e-06  1.52145e-04  1.05559e-02
 -6.00000e-03  8.10784e-06  5.99407e-04  1.21283e-02
 -6.00000e-03  8.91862e-06  1.13343e-03  1.37896e-02
 -6.00000e-03  9.72940e-06  1.75540e-03  1.55413e-02
 -6.00000e-03  1.05402e-05  2.46651e-03  1.73847e-02
 -6.00000e-03  1.13510e-05  3.26795e-03  1.93213e-02
 -6.00000e-03  1.21618e-05  4.16089e-03  2.13526e-02
 -6.00000e-03  1.29725e-05  5.14653e-03  2.34799e-02
 -6.00000e-03  1.37833e-05  6.22607e-03  2.57046e-02
 -6.00000e-03  1.45941e-05  7.40067e-03  2.80283e-02
 -6.00000e-03  1.54049e-05  8.67154e-03  3.04523e-02
 -6.00000e-03  1.62157e-05  1.00399e-02  3.29780e-02
 -6.00000e-03  1.70265e-05  1.15068e-02  3.56070e-02
 -6.00000e-03  1.78372e-05  1.30736e-02  3.83405e-02
 -6.00000e-03  1.86480e-05  1.47414e-02  4.11801e-02
 -6.00000e-03  1.94588e-05  1.65114e-02  4.41271e-02
 -6.00000e-03  2.02696e-05  1.83847e-02  4.71830e-02

 -4.80000e-03  0.00000e+00 -1.22843e-04  1.06916e-04
 -4.80000e-03  8.10784e-07 -4.96408e-04  9.23213e-04
 -4.80000e-03  1.62157e-06 -7.94941e-04  1.81494e-03
 -4.80000e-03  2.43235e-06 -1.01725e-03  2.78353e-03
 -4.80000e-03  3.24313e-06 -1.16215e-03  3.83040e-03
 -4.80000e-03  4.05392e-06 -1.22846e-03  4.95699e-03
 -4.80000e-03  4.86470e-06 -1.21498e-03  6.16472e-03
 -4.80000e-03  5.67549e-06 -1.12054e-03  7.45501e-03
 -4.80000e-03  6.48627e-06 -9.43930e-04  8.82929e-03
 -4.80000e-03  7.29705e-06 -6.83978e-04  1.02890e-02
 -4.80000e-03  8.10784e-06 -3.39492e-04  1.18355e-02
 -4.80000e-03  8.91862e-06  9.07140e-05  1.34704e-02
 -4.80000e-03  9.72940e-06  6.07829e-04  1.51949e-02
 -4.80000e-03  1.05402e-05  1.21304e-03  1.70105e-02
 -4.80000e-03  1.13510e-05  1.90753e-03  1.89187e-02
 -4.80000e-03  1.21618e-05  2.69250e-03  2.09209e-02
 -4.80000e-03  1.29725e-05  3.56912e-03  2.30185e-02
 -4.80000e-03  1.37833e-05  4.53859e-03  2.52130e-02
 -4.80000e-03  1.45941e-05  5.60209e-03  2.75056e-02
 -4.80000e-03  1.54049e-05  6.76081e-03  2.98980e-02
 -4.80000e-03  1.62157e-05  8.01594e-03  3.23915e-02
 -4.80000e-03  1.70265e-05  9.36867e-03  3.49875e-02
 -4.80000e-03  1.78372e-05  1.08202e-02  3.76876e-02
 -4.80000e-03  1.86480e-05  1.23717e-02  4.04929e-02
 -4.80000e-03  1.94588e-05  1.40243e-02  4.34052e-02
 -4.80000e-03  2.02696e-05  1.57793e-02  4.64256e-02

 -3.60000e-03  0.00000e+00 -7.81084e-05  5.91163e-05
 -3.60000e-03  8.10784e-07 -5.41509e-04  8.55052e-04
 -3.60000e-03  1.62157e-06 -9.30937e-04  1.72576e-03
 -3.60000e-03  2.43235e-06 -1.24521e-03  2.67268e-03
 -3.60000e-03  3.24313e-06 -1.48313e-03  3.69722e-03
 -3.60000e-03  4.05392e-06 -1.64352e-03  4.80083e-03
 -3.60000e-03  4.86470e-06 -1.72518e-03  5.98491e-03
 -3.60000e-03  5.67549e-06 -1.72694e-03  7.25091e-03
 -3.60000e-03  6.48627e-06 -1.64759e-03  8.60024e-03
 -3.60000e-03  7.29705e-06 -1.48597e-03  1.00343e-02
 -3.60000e-03  8.10784e-06 -1.24087e-03  1.15546e-02
 -3.60000e-03  8.91862e-06 -9.11113e-04  1.31625e-02
 -3.60000e-03  9.72940e-06 -4.95509e-04  1.48595e-02
 -3.60000e-03  1.05402e-05  7.12927e-06  1.66469e-02
 -3.60000e-03  1.13510e-05  5.97990e-04  1.85262e-02
 -3.60000e-03  1.21618e-05  1.27826e-03  2.04989e-02
 -3.60000e-03  1.29725e-05  2.04913e-03  2.25663e-02
 -3.60000e-03  1.37833e-05  2.91178e-03  2.47298e-02
 -3.60000e-03  1.45941e-05  3.86740e-03  2.69910e-02
 -3.60000e-03  1.54049e-05  4.91718e-03  2.93512e-02
 -3.60000e-03  1.62157e-05  6.06231e-03  3.18119e-02
 -3.60000e-03  1.70265e-05  7.30397e-03  3.43745e-02
 -3.60000e-03  1.78372e-05  8.64336e-03  3.70404e-02
 -3.60000e-03  1.86480e-05  1.00816e-02  3.98110e-02
 -3.60000e-03  1.94588e-05  1.16200e-02  4.26877e-02
 -3.60000e-03  2.02696e-05  1.32597e-02  4.56721e-02

 -2.40000e-03  0.00000e+00 -3.84191e-05  2.58088e-05
 -2.40000e-03  8.10784e-07 -5.88281e-04  8.01103e-04
 -2.40000e-03  1.62157e-06 -1.06525e-03  1.65050e-03
 -2.40000e-03  2.43235e-06 -1.46815e-03  2.57543e-03
 -2.40000e-03  3.24313e-06 -1.79578e-03  3.57732e-03
 -2.40000e-03  4.05392e-06 -2.04695e-03  4.65760e-03
 -2.40000e-03  4.86470e-06 -2.22049e-03  5.81769e-03
 -2.40000e-03  5.67549e-06 -2.31520e-03  7.05901e-03
 -2.40000e-03  6.48627e-06 -2.32989e-03  8.38301e-03
 -2.40000e-03  7.29705e-06 -2.26338e-03  9.79109e-03
 -2.40000e-03  8.10784e-06 -2.11448e-03  1.12847e-02
 -2.40000e-03  8.91862e-06 -1.88201e-03  1.28653e-02
 -2.40000e-03  9.72940e-06 -1.56477e-03  1.45342e-02
 -2.40000e-03  1.05402e-05 -1.16157e-03  1.62929e-02
 -2.40000e-03  1.13510e-05 -6.71239e-04  1.81429e-02
 -2.40000e-03  1.21618e-05 -9.25785e-05  2.00855e-02
 -2.40000e-03  1.29725e-05  5.75597e-04  2.21222e-02
 -2.40000e-03  1.37833e-05  1.33447e-03  2.42543e-02
 -2.40000e-03  1.45941e-05  2.18524e-03  2.64835e-02
 -2.40000e-03  1.54049e-05  3.12909e-03  2.88110e-02
 -2.40000e-03  1.62157e-05  4.16720e-03  3.12382e-02
 -2.40000e-03  1.70265e-05  5.30076e-03  3.37667e-02
 -2.40000e-03  1.78372e-05  6.53096e-03  3.63979e-02
 -2.40000e-03  1.86480e-05  7.85899e-03  3.91331e-02
 -2.40000e-03  1.94588e-05  9.28603e-03  4.19738e-02
 -2.40000e-03  2.02696e-05  1.08133e-02  4.49214e-02

 -1.20000e-03  0.00000e+00 -1.04624e-05  6.33307e-06
 -1.20000e-03  8.10784e-07 -6.43595e-04  7.60699e-04
 -1.20000e-03  1.62157e-06 -1.20494e-03  1.58848e-03
 -1.20000e-03  2.43235e-06 -1.69331e-03  2.49111e-03
 -1.20000e-03  3.24313e-06 -2.10752e-03  3.47001e-03
 -1.20000e-03  4.05392e-06 -2.44638e-03  4.52661e-03
 -1.20000e-03  4.86470e-06 -2.70870e-03  5.66234e-03
 -1.20000e-03  5.67549e-06 -2.89329e-03  6.87861e-03
 -1.20000e-03  6.48627e-06 -2.99897e-03  8.17687e-03
 -1.20000e-03  7.29705e-06 -3.02456e-03  9.55853e-03
 -1.20000e-03  8.10784e-06 -2.96885e-03  1.10250e-02
 -1.20000e-03  8.91862e-06 -2.83067e-03  1.25778e-02
 -1.20000e-03  9.72940e-06 -2.60883e-03  1.42182e-02
 -1.20000e-03  1.05402e-05 -2.30214e-03  1.59478e-02
 -1.20000e-03  1.13510e-05 -1.90941e-03  1.77679e-02
 -1.20000e-03  1.21618e-05 -1.42945e-03  1.96799e-02
 -1.20000e-03  1.29725e-05 -8.61088e-04  2.16854e-02
 -1.20000e-03  1.37833e-05 -2.03122e-04  2.37857e-02
 -1.20000e-03  1.45941e-05  5.45631e-04  2.59822e-02
 -1.20000e-03  1.54049e-05  1.38636e-03  2.82764e-02
 -1.20000e-03  1.62157e-05  2.32025e-03  3.06697e-02
 -1.20000e-03  1.70265e-05  3.34849e-03  3.31635e-02
 -1.20000e-03  1.78372e-05  4.47227e-03  3.57593e-02
 -1.20000e-03  1.86480e-05  5.69277e-03  3.84584e-02
 -1.20000e-03  1.94588e-05  7.01118e-03  4.12624e-02
 -1.20000e-03  2.02696e-05  8.42869e-03  4.41726e-02

  0.00000e+00  0.00000e+00  0.00000e+00  0.00000e+00
  0.00000e+00  8.10784e-07 -7.13380e-04  7.33154e-04
  0.00000e+00  1.62157e-06 -1.35610e-03  1.53902e-03
  0.00000e+00  2.43235e-06 -1.92696e-03  2.41903e-03
  0.00000e+00  3.24313e-06 -2.42478e-03  3.37462e-03
  0.00000e+00  4.05392e-06 -2.84838e-03  4.40719e-03
  0.00000e+00  4.86470e-06 -3.19657e-03  5.51819e-03
  0.00000e+00  5.67549e-06 -3.46815e-03  6.70904e-03
  0.00000e+00  6.48627e-06 -3.66194e-03  7.98116e-03
  0.00000e+00  7.29705e-06 -3.77675e-03  9.33599e-03
  0.00000e+00  8.10784e-06 -3.81140e-03  1.07749e-02
  0.00000e+00  8.91862e-06 -3.76470e-03  1.22995e-02
  0.00000e+00  9.72940e-06 -3.63546e-03  1.39110e-02
  0.00000e+00  1.05402e-05 -3.42250e-03  1.56109e-02
  0.00000e+00  1.13510e-05 -3.12461e-03  1.74006e-02
  0.00000e+00  1.21618e-05 -2.74063e-03  1.92816e-02
  0.00000e+00  1.29725e-05 -2.26936e-03  2.12553e-02
  0.00000e+00  1.37833e-05 -1.70961e-03  2.33231e-02
  0.00000e+00  1.45941e-05 -1.06020e-03  2.54865e-02
  0.00000e+00  1.54049e-05 -3.19932e-04  2.77468e-02
  0.00000e+00  1.62157e-05  5.12372e-04  3.01056e-02
  0.00000e+00  1.70265e-05  1.43790e-03  3.25641e-02
  0.00000e+00  1.78372e-05  2.45785e-03  3.51240e-02
  0.00000e+00  1.86480e-05  3.57339e-03  3.77864e-02
  0.00000e+00  1.94588e-05  4.78573e-03  4.05530e-02
  0.00000e+00  2.02696e-05  6.09604e-03  4.34252e-02

  1.20000e-03  0.00000e+00 -1.19964e-05  6.08499e-06
  1.20000e-03  8.10784e-07 -8.02751e-04  7.17756e-04
  1.20000e-03  1.62157e-06 -1.52398e-03  1.50142e-03
  1.20000e-03  2.43235e-06 -2.17451e-03  2.35852e-03
  1.20000e-03  3.24313e-06 -2.75314e-03  3.29046e-03
  1.20000e-03  4.05392e-06 -3.25869e-03  4.29868e-03
  1.20000e-03  4.86470e-06 -3.68996e-03  5.38460e-03
  1.20000e-03  5.67549e-06 -4.04578e-03  6.54966e-03
  1.20000e-03  6.48627e-06 -4.32495e-03  7.79527e-03
  1.20000e-03  7.29705e-06 -4.52629e-03  9.12287e-03
  1.20000e-03  8.10784e-06 -4.64861e-03  1.05339e-02
  1.20000e-03  8.91862e-06 -4.69072e-03  1.20297e-02
  1.20000e-03  9.72940e-06 -4.65143e-03  1.36118e-02
  1.20000e-03  1.05402e-05 -4.52956e-03  1.52816e-02
  1.20000e-03  1.13510e-05 -4.32392e-03  1.70406e-02
  1.20000e-03  1.21618e-05 -4.03332e-03  1.88900e-02
  1.20000e-03  1.29725e-05 -3.65658e-03  2.08315e-02
  1.20000e-03  1.37833e-05 -3.19250e-03  2.28663e-02
  1.20000e-03  1.45941e-05 -2.63991e-03  2.49960e-02
  1.20000e-03  1.54049e-05 -1.99760e-03  2.72219e-02
  1.20000e-03  1.62157e-05 -1.26440e-03  2.95455e-02
  1.20000e-03  1.70265e-05 -4.39120e-04  3.19682e-02
  1.20000e-03  1.78372e-05  4.79433e-04  3.44915e-02
  1.20000e-03  1.86480e-05  1.49244e-03  3.71167e-02
  1.20000e-03  1.94588e-05  2.60110e-03  3.98452e-02
  1.20000e-03  2.02696e-05  3.80659e-03  4.26786e-02

  2.40000e-03  0.00000e+00 -5.07350e-05  2.38222e-05
  2.40000e-03  8.10784e-07 -9.16124e-04  7.13764e-04
  2.40000e-03  1.62157e-06 -1.71316e-03  1.47497e-03
  2.40000e-03  2.43235e-06 -2.44064e-03  2.30886e-03
  2.40000e-03  3.24313e-06 -3.09740e-03  3.21687e-03
  2.40000e-03  4.05392e-06 -3.68224e-03  4.20043e-03
  2.40000e-03  4.86470e-06 -4.19397e-03  5.26095e-03
  2.40000e-03  5.67549e-06 -4.63140e-03  6.39987e-03
  2.40000e-03  6.48627e-06 -4.99336e-03  7.61862e-03
  2.40000e-03  7.29705e-06 -5.27865e-03  8.91861e-03
  2.40000e-03  8.10784e-06 -5.48608e-03  1.03013e-02
  2.40000e-03  8.91862e-06 -5.61446e-03  1.17681e-02
  2.40000e-03  9.72940e-06 -5.66262e-03  1.33204e-02
  2.40000e-03  1.05402e-05 -5.62935e-03  1.49596e-02
  2.40000e-03  1.13510e-05 -5.51348e-03  1.66873e-02
  2.40000e-03  1.21618e-05 -5.31382e-03  1.85047e-02
  2.40000e-03  1.29725e-05 -5.02917e-03  2.04134e-02
  2.40000e-03  1.37833e-05 -4.65836e-03  2.24148e-02
  2.40000e-03  1.45941e-05 -4.20019e-03  2.45103e-02
  2.40000e-03  1.54049e-05 -3.65347e-03  2.67012e-02
  2.40000e-03  1.62157e-05 -3.01702e-03  2.89892e-02
  2.40000e-03  1.70265e-05 -2.28966e-03  3.13755e-02
  2.40000e-03  1.78372e-05 -1.47019e-03  3.38616e-02
  2.40000e-03  1.86480e-05 -5.57426e-04  3.64489e-02
  2.40000e-03  1.94588e-05  4.49819e-04  3.91388e-02
  2.40000e-03  2.02696e-05  1.55273e-03  4.19329e-02

  3.60000e-03  0.00000e+00 -1.19922e-04  5.24006e-05
  3.60000e-03  8.10784e-07 -1.05732e-03  7.20402e-04
  3.60000e-03  1.62157e-06 -1.92755e-03  1.45892e-03
  3.60000e-03  2.43235e-06 -2.72942e-03  2.26937e-03
  3.60000e-03  3.24313e-06 -3.46174e-03  3.15319e-03
  3.60000e-03  4.05392e-06 -4.12333e-03  4.11180e-03
  3.60000e-03  4.86470e-06 -4.71299e-03  5.14664e-03
  3.60000e-03  5.67549e-06 -5.22955e-03  6.25912e-03
  3.60000e-03  6.48627e-06 -5.67181e-03  7.45067e-03
  3.60000e-03  7.29705e-06 -6.03858e-03  8.72273e-03
  3.60000e-03  8.10784e-06 -6.32869e-03  1.00767e-02
  3.60000e-03  8.91862e-06 -6.54093e-03  1.15140e-02
  3.60000e-03  9.72940e-06 -6.67413e-03  1.30362e-02
  3.60000e-03  1.05402e-05 -6.72709e-03  1.46445e-02
  3.60000e-03  1.13510e-05 -6.69863e-03  1.63404e-02
  3.60000e-03  1.21618e-05 -6.58757e-03  1.81255e-02
  3.60000e-03  1.29725e-05 -6.39270e-03  2.00010e-02
  3.60000e-03  1.37833e-05 -6.11286e-03  2.19684e-02
  3.60000e-03  1.45941e-05 -5.74684e-03  2.40292e-02
  3.60000e-03  1.54049e-05 -5.29346e-03  2.61847e-02
  3.60000e-03  1.62157e-05 -4.75154e-03  2.84364e-02
  3.60000e-03  1.70265e-05 -4.11988e-03  3.07858e-02
  3.60000e-03  1.78372e-05 -3.39730e-03  3.32342e-02
  3.60000e-03  1.86480e-05 -2.58261e-03  3.57831e-02
  3.60000e-03  1.94588e-05 -1.67463e-03  3.84339e-02
  3.60000e-03  2.02696e-05 -6.72157e-04  4.11880e-02

  4.80000e-03  0.00000e+00 -2.22776e-04  9.09610e-05
  4.80000e-03  8.10784e-07 -1.22966e-03  7.36855e-04
  4.80000e-03  1.62157e-06 -2.17058e-03  1.45250e-03
  4.80000e-03  2.43235e-06 -3.04435e-03  2.23931e-03
  4.80000e-03  3.24313e-06 -3.84978e-03  3.09873e-03
  4.80000e-03  4.05392e-06 -4.58567e-03  4.03217e-03
  4.80000e-03  4.86470e-06 -5.25085e-03  5.04107e-03
  4.80000e-03  5.67549e-06 -5.84413e-03  6.12685e-03
  4.80000e-03  6.48627e-06 -6.36431e-03  7.29094e-03
  4.80000e-03  7.29705e-06 -6.81022e-03  8.53476e-03
  4.80000e-03  8.10784e-06 -7.18066e-03  9.85975e-03
  4.80000e-03  8.91862e-06 -7.47444e-03  1.12673e-02
  4.80000e-03  9.72940e-06 -7.69039e-03  1.27589e-02
  4.80000e-03  1.05402e-05 -7.82730e-03  1.43359e-02
  4.80000e-03  1.13510e-05 -7.88400e-03  1.59998e-02
  4.80000e-03  1.21618e-05 -7.85930e-03  1.77520e-02
  4.80000e-03  1.29725e-05 -7.75200e-03  1.95940e-02
  4.80000e-03  1.37833e-05 -7.56093e-03  2.15270e-02
  4.80000e-03  1.45941e-05 -7.28489e-03  2.35527e-02
  4.80000e-03  1.54049e-05 -6.92269e-03  2.56723e-02
  4.80000e-03  1.62157e-05 -6.47316e-03  2.78874e-02
  4.80000e-03  1.70265e-05 -5.93509e-03  3.01993e-02
  4.80000e-03  1.78372e-05 -5.30731e-03  3.26096e-02
  4.80000e-03  1.86480e-05 -4.58863e-03  3.51195e-02
  4.80000e-03  1.94588e-05 -3.77786e-03  3.77306e-02
  4.80000e-03  2.02696e-05 -2.87380e-03  4.04442e-02

  6.00000e-03  0.00000e+00 -3.62108e-04  1.38596e-04
  6.00000e-03  8.10784e-07 -1.43604e-03  7.62273e-04
  6.00000e-03  1.62157e-06 -2.44524e-03  1.45492e-03
  6.00000e-03  2.43235e-06 -3.38850e-03  2.21795e-03
  6.00000e-03  3.24313e-06 -4.26465e-03  3.05281e-03
  6.00000e-03  4.05392e-06 -5.07250e-03  3.96091e-03
  6.00000e-03  4.86470e-06 -5.81086e-03  4.94368e-03
  6.00000e-03  5.67549e-06 -6.47854e-03  6.00256e-03
  6.00000e-03  6.48627e-06 -7.07435e-03  7.13896e-03
  6.00000e-03  7.29705e-06 -7.59711e-03  8.35432e-03
  6.00000e-03  8.10784e-06 -8.04563e-03  9.65005e-03
  6.00000e-03  8.91862e-06 -8.41872e-03  1.10276e-02
  6.00000e-03  9.72940e-06 -8.71520e-03  1.24884e-02
  6.00000e-03  1.05402e-05 -8.93387e-03  1.40338e-02
  6.00000e-03  1.13510e-05 -9.07356e-03  1.56653e-02
  6.00000e-03  1.21618e-05 -9.13306e-03  1.73844e-02
  6.00000e-03  1.29725e-05 -9.11120e-03  1.91924e-02
  6.00000e-03  1.37833e-05 -9.00679e-03  2.10907e-02
  6.00000e-03  1.45941e-05 -8.81864e-03  2.30809e-02
  6.00000e-03  1.54049e-05 -8.54556e-03  2.51642e-02
  6.00000e-03  1.62157e-05 -8.18636e-03  2.73422e-02
  6.00000e-03  1.70265e-05 -7.73987e-03  2.96163e-02
  6.00000e-03  1.78372e-05 -7.20488e-03  3.19879e-02
  6.00000e-03  1.86480e-05 -6.58021e-03  3.44585e-02
  6.00000e-03  1.94588e-05 -5.86468e-03  3.70293e-02
  6.00000e-03  2.02696e-05 -5.05710e-03  3.97020e-02

  7.20000e-03  0.00000e+00 -5.40386e-04  1.94347e-04
  7.20000e-03  8.10784e-07 -1.67900e-03  7.95765e-04
  7.20000e-03  1.62157e-06 -2.75411e-03  1.46535e-03
  7.20000e-03  2.43235e-06 -3.76454e-03  2.20453e-03
  7.20000e-03  3.24313e-06 -4.70911e-03  3.01474e-03
  7.20000e-03  4.05392e-06 -5.58662e-03  3.89739e-03
  7.20000e-03  4.86470e-06 -6.39588e-03  4.85392e-03
  7.20000e-03  5.67549e-06 -7.13571e-03  5.88575e-03
  7.20000e-03  6.48627e-06 -7.80493e-03  6.99432e-03
  7.20000e-03  7.29705e-06 -8.40233e-03  8.18104e-03
  7.20000e-03  8.10784e-06 -8.92675e-03  9.44734e-03
  7.20000e-03  8.91862e-06 -9.37698e-03  1.07947e-02
  7.20000e-03  9.72940e-06 -9.75184e-03  1.22244e-02
  7.20000e-03  1.05402e-05 -1.00501e-02  1.37380e-02
  7.20000e-03  1.13510e-05 -1.02707e-02  1.53369e-02
  7.20000e-03  1.21618e-05 -1.04123e-02  1.70225e-02
  7.20000e-03  1.29725e-05 -1.04739e-02  1.87963e-02
  7.20000e-03  1.37833e-05 -1.04541e-02  2.06596e-02
  7.20000e-03  1.45941e-05 -1.03518e-02  2.26140e-02
  7.20000e-03  1.54049e-05 -1.01658e-02  2.46607e-02
  7.20000e-03  1.62157e-05 -9.89497e-03  2.68014e-02
  7.20000e-03  1.70265e-05 -9.53807e-03  2.90372e-02
  7.20000e-03  1.78372e-05 -9.09393e-03  3.13698e-02
  7.20000e-03  1.86480e-05 -8.56136e-03  3.38006e-02
  7.20000e-03  1.94588e-05 -7.93918e-03  3.63309e-02
  7.20000e-03  2.02696e-05 -7.22618e-03  3.89621e-02

  8.40000e-03  0.00000e+00 -7.59787e-04  2.57213e-04
  8.40000e-03  8.10784e-07 -1.96075e-03  8.36405e-04
  8.40000e-03  1.62157e-06 -3.09948e-03  1.48295e-03
  8.40000e-03  2.43235e-06 -4.17480e-03  2.19828e-03
  8.40000e-03  3.24313e-06 -5.18552e-03  2.98382e-03
  8.40000e-03  4.05392e-06 -6.13045e-03  3.84100e-03
  8.40000e-03  4.86470e-06 -7.00840e-03  4.77124e-03
  8.40000e-03  5.67549e-06 -7.81819e-03  5.77597e-03
  8.40000e-03  6.48627e-06 -8.55862e-03  6.85662e-03
  8.40000e-03  7.29705e-06 -9.22852e-03  8.01461e-03
  8.40000e-03  8.10784e-06 -9.82668e-03  9.25137e-03
  8.40000e-03  8.91862e-06 -1.03519e-02  1.05683e-02
  8.40000e-03  9.72940e-06 -1.08031e-02  1.19669e-02
  8.40000e-03  1.05402e-05 -1.11790e-02  1.34486e-02
  8.40000e-03  1.13510e-05 -1.14783e-02  1.50147e-02
  8.40000e-03  1.21618e-05 -1.17001e-02  1.66667e-02
  8.40000e-03  1.29725e-05 -1.18429e-02  1.84060e-02
  8.40000e-03  1.37833e-05 -1.19058e-02  2.02341e-02
  8.40000e-03  1.45941e-05 -1.18874e-02  2.21524e-02
  8.40000e-03  1.54049e-05 -1.17865e-02  2.41623e-02
  8.40000e-03  1.62157e-05 -1.16021e-02  2.62653e-02
  8.40000e-03  1.70265e-05 -1.13329e-02  2.84627e-02
  8.40000e-03  1.78372e-05 -1.09778e-02  3.07560e-02
  8.40000e-03  1.86480e-05 -1.05354e-02  3.31466e-02
  8.40000e-03  1.94588e-05 -1.00047e-02  3.56360e-02
  8.40000e-03  2.02696e-05 -9.38449e-03  3.82255e-02

  9.60000e-03  0.00000e+00 -1.02224e-03  3.26145e-04
  9.60000e-03  8.10784e-07 -2.28326e-03  8.83234e-04
  9.60000e-03  1.62157e-06 -3.48335e-03  1.50685e-03
  9.60000e-03  2.43235e-06 -4.62131e-03  2.19842e-03
  9.60000e-03  3.24313e-06 -5.69595e-03  2.95937e-03
  9.60000e-03  4.05392e-06 -6.70609e-03  3.79113e-03
  9.60000e-03  4.86470e-06 -7.65054e-03  4.69513e-03
  9.60000e-03  5.67549e-06 -8.52811e-03  5.67278e-03
  9.60000e-03  6.48627e-06 -9.33762e-03  6.72553e-03
  9.60000e-03  7.29705e-06 -1.00779e-02  7.85479e-03
  9.60000e-03  8.10784e-06 -1.07477e-02  9.06199e-03
  9.60000e-03  8.91862e-06 -1.13459e-02  1.03486e-02
  9.60000e-03  9.72940e-06 -1.18713e-02  1.17159e-02
  9.60000e-03  1.05402e-05 -1.23226e-02  1.31655e-02
  9.60000e-03  1.13510e-05 -1.26988e-02  1.46988e-02
  9.60000e-03  1.21618e-05 -1.29986e-02  1.63171e-02
  9.60000e-03  1.29725e-05 -1.32209e-02  1.80219e-02
  9.60000e-03  1.37833e-05 -1.33644e-02  1.98146e-02
  9.60000e-03  1.45941e-05 -1.34279e-02  2.16967e-02
  9.60000e-03  1.54049e-05 -1.34104e-02  2.36696e-02
  9.60000e-03  1.62157e-05 -1.33105e-02  2.57347e-02
  9.60000e-03  1.70265e-05 -1.31271e-02  2.78935e-02
  9.60000e-03  1.78372e-05 -1.28590e-02  3.01473e-02
  9.60000e-03  1.86480e-05 -1.25051e-02  3.24976e-02
  9.60000e-03  1.94588e-05 -1.20640e-02  3.49458e-02
  9.60000e-03  2.02696e-05 -1.15348e-02  3.74933e-02

  1.08000e-02  0.00000e+00 -1.32945e-03  4.00057e-04
  1.08000e-02  8.10784e-07 -2.64827e-03  9.35264e-04
  1.08000e-02  1.62157e-06 -3.90745e-03  1.53615e-03
  1.08000e-02  2.43235e-06 -5.10581e-03  2.20416e-03
  1.08000e-02  3.24313e-06 -6.24217e-03  2.94069e-03
  1.08000e-02  4.05392e-06 -7.31533e-03  3.74719e-03
  1.08000e-02  4.86470e-06 -8.32411e-03  4.62509e-03
  1.08000e-02  5.67549e-06 -9.26732e-03  5.57579e-03
  1.08000e-02  6.48627e-06 -1.01438e-02  6.60075e-03
  1.08000e-02  7.29705e-06 -1.09523e-02  7.70137e-03
  1.08000e-02  8.10784e-06 -1.16917e-02  8.87909e-03
  1.08000e-02  8.91862e-06 -1.23607e-02  1.01353e-02
  1.08000e-02  9.72940e-06 -1.29583e-02  1.14715e-02
  1.08000e-02  1.05402e-05 -1.34832e-02  1.28891e-02
  1.08000e-02  1.13510e-05 -1.39341e-02  1.43895e-02
  1.08000e-02  1.21618e-05 -1.43101e-02  1.59741e-02
  1.08000e-02  1.29725e-05 -1.46097e-02  1.76444e-02
  1.08000e-02  1.37833e-05 -1.48319e-02  1.94017e-02
  1.08000e-02  1.45941e-05 -1.49755e-02  2.12476e-02
  1.08000e-02  1.54049e-05 -1.50393e-02  2.31834e-02
  1.08000e-02  1.62157e-05 -1.50220e-02  2.52106e-02
  1.08000e-02  1.70265e-05 -1.49226e-02  2.73306e-02
  1.08000e-02  1.78372e-05 -1.47398e-02  2.95448e-02
  1.08000e-02  1.86480e-05 -1.44724e-02  3.18546e-02
  1.08000e-02  1.94588e-05 -1.41192e-02  3.42615e-02
  1.08000e-02  2.02696e-05 -1.36792e-02  3.67669e-02

  1.20000e-02  0.00000e+00 -1.68292e-03  4.77832e-04
  1.20000e-02  8.10784e-07 -3.05725e-03  9.91488e-04
  1.20000e-02  1.62157e-06 -4.37328e-03  1.56997e-03
  1.20000e-02  2.43235e-06 -5.62982e-03  2.21470e-03
  1.20000e-02  3.24313e-06 -6.82568e-03  2.92710e-03
  1.20000e-02  4.05392e-06 -7.95967e-03  3.70861e-03
  1.20000e-02  4.86470e-06 -9.03061e-03  4.56065e-03
  1.20000e-02  5.67549e-06 -1.00373e-02  5.48465e-03
  1.20000e-02  6.48627e-06 -1.09786e-02  6.48203e-03
  1.20000e-02  7.29705e-06 -1.18532e-02  7.55423e-03
  1.20000e-02  8.10784e-06 -1.26601e-02  8.70266e-03
  1.20000e-02  8.91862e-06 -1.33980e-02  9.92875e-03
  1.20000e-02  9.72940e-06 -1.40657e-02  1.12339e-02
  1.20000e-02  1.05402e-05 -1.46620e-02  1.26196e-02
  1.20000e-02  1.13510e-05 -1.51858e-02  1.40873e-02
  1.20000e-02  1.21618e-05 -1.56358e-02  1.56383e-02
  1.20000e-02  1.29725e-05 -1.60109e-02  1.72741e-02
  1.20000e-02  1.37833e-05 -1.63099e-02  1.89962e-02
  1.20000e-02  1.45941e-05 -1.65316e-02  2.08059e-02
  1.20000e-02  1.54049e-05 -1.66748e-02  2.27047e-02
  1.20000e-02  1.62157e-05 -1.67383e-02  2.46940e-02
  1.20000e-02  1.70265e-05 -1.67209e-02  2.67752e-02
  1.20000e-02  1.78372e-05 -1.66215e-02  2.89498e-02
  1.20000e-02  1.86480e-05 -1.64389e-02  3.12191e-02
  1.20000e-02  1.94588e-05 -1.61718e-02  3.35847e-02
  1.20000e-02  2.02696e-05 -1.58192e-02  3.60479e-02

  1.32000e-02  0.00000e+00 -2.08394e-03  5.58325e-04
  1.32000e-02  8.10784e-07 -3.51150e-03  1.05088e-03
  1.32000e-02  1.62157e-06 -4.88211e-03  1.60738e-03
  1.32000e-02  2.43235e-06 -6.19457e-03  2.22926e-03
  1.32000e-02  3.24313e-06 -7.44771e-03  2.91794e-03
  1.32000e-02  4.05392e-06 -8.64032e-03  3.67485e-03
  1.32000e-02  4.86470e-06 -9.77124e-03  4.50141e-03
  1.32000e-02  5.67549e-06 -1.08393e-02  5.39905e-03
  1.32000e-02  6.48627e-06 -1.18432e-02  6.36920e-03
  1.32000e-02  7.29705e-06 -1.27819e-02  7.41329e-03
  1.32000e-02  8.10784e-06 -1.36541e-02  8.53274e-03
  1.32000e-02  8.91862e-06 -1.44587e-02  9.72898e-03
  1.32000e-02  9.72940e-06 -1.51945e-02  1.10034e-02
  1.32000e-02  1.05402e-05 -1.58602e-02  1.23575e-02
  1.32000e-02  1.13510e-05 -1.64547e-02  1.37927e-02
  1.32000e-02  1.21618e-05 -1.69769e-02  1.53104e-02
  1.32000e-02  1.29725e-05 -1.74255e-02  1.69119e-02
  1.32000e-02  1.37833e-05 -1.77993e-02  1.85989e-02
  1.32000e-02  1.45941e-05 -1.80971e-02  2.03726e-02
  1.32000e-02  1.54049e-05 -1.83178e-02  2.22345e-02
  1.32000e-02  1.62157e-05 -1.84602e-02  2.41861e-02
  1.32000e-02  1.70265e-05 -1.85231e-02  2.62287e-02
  1.32000e-02  1.78372e-05 -1.85053e-02  2.83637e-02
  1.32000e-02  1.86480e-05 -1.84055e-02  3.05927e-02
  1.32000e-02  1.94588e-05 -1.82227e-02  3.29171e-02
  1.32000e-02  2.02696e-05 -1.79557e-02  3.53382e-02

  1.44000e-02  0.00000e+00 -2.53360e-03  6.40380e-04
  1.44000e-02  8.10784e-07 -4.01206e-03  1.11242e-03
  1.44000e-02  1.62157e-06 -5.43494e-03  1.64751e-03
  1.44000e-02  2.43235e-06 -6.80105e-03  2.24708e-03
  1.44000e-02  3.24313e-06 -8.10920e-03  2.91257e-03
  1.44000e-02  4.05392e-06 -9.35821e-03  3.64539e-03
  1.44000e-02  4.86470e-06 -1.05469e-02  4.44698e-03
  1.44000e-02  5.67549e-06 -1.16740e-02  5.31875e-03
  1.44000e-02  6.48627e-06 -1.27385e-02  6.26214e-03
  1.44000e-02  7.29705e-06 -1.37390e-02  7.27858e-03
  1.44000e-02  8.10784e-06 -1.46745e-02  8.36949e-03
  1.44000e-02  8.91862e-06 -1.55437e-02  9.53629e-03
  1.44000e-02  9.72940e-06 -1.63454e-02  1.07804e-02
  1.44000e-02  1.05402e-05 -1.70785e-02  1.21033e-02
  1.44000e-02  1.13510e-05 -1.77417e-02  1.35064e-02
  1.44000e-02  1.21618e-05 -1.83340e-02  1.49910e-02
  1.44000e-02  1.29725e-05 -1.88540e-02  1.65587e-02
  1.44000e-02  1.37833e-05 -1.93006e-02  1.82109e-02
  1.44000e-02  1.45941e-05 -1.96727e-02  1.99489e-02
  1.44000e-02  1.54049e-05 -1.99689e-02  2.17743e-02
  1.44000e-02  1.62157e-05 -2.01883e-02  2.36884e-02
  1.44000e-02  1.70265e-05 -2.03294e-02  2.56926e-02
  1.44000e-02  1.78372e-05 -2.03913e-02  2.77885e-02
  1.44000e-02  1.86480e-05 -2.03726e-02  2.99773e-02
  1.44000e-02  1.94588e-05 -2.02722e-02  3.22606e-02
  1.44000e-02  2.02696e-05 -2.00889e-02  3.46398e-02

  1.56000e-02  0.00000e+00 -3.03273e-03  7.22831e-04
  1.56000e-02  8.10784e-07 -4.55973e-03  1.17507e-03
  1.56000e-02  1.62157e-06 -6.03253e-03  1.68946e-03
  1.56000e-02  2.43235e-06 -7.44996e-03  2.26742e-03
  1.56000e-02  3.24313e-06 -8.81081e-03  2.91039e-03
  1.56000e-02  4.05392e-06 -1.01139e-02  3.61979e-03
  1.56000e-02  4.86470e-06 -1.13581e-02  4.39704e-03
  1.56000e-02  5.67549e-06 -1.25421e-02  5.24358e-03
  1.56000e-02  6.48627e-06 -1.36648e-02  6.16082e-03
  1.56000e-02  7.29705e-06 -1.47250e-02  7.15021e-03
  1.56000e-02  8.10784e-06 -1.57215e-02  8.21315e-03
  1.56000e-02  8.91862e-06 -1.66531e-02  9.35109e-03
  1.56000e-02  9.72940e-06 -1.75187e-02  1.05654e-02
  1.56000e-02  1.05402e-05 -1.83170e-02  1.18576e-02
  1.56000e-02  1.13510e-05 -1.90469e-02  1.32291e-02
  1.56000e-02  1.21618e-05 -1.97071e-02  1.46813e-02
  1.56000e-02  1.29725e-05 -2.02965e-02  1.62156e-02
  1.56000e-02  1.37833e-05 -2.08139e-02  1.78334e-02
  1.56000e-02  1.45941e-05 -2.12581e-02  1.95362e-02
  1.56000e-02  1.54049e-05 -2.16280e-02  2.13255e-02
  1.56000e-02  1.62157e-05 -2.19222e-02  2.32025e-02
  1.56000e-02  1.70265e-05 -2.21397e-02  2.51688e-02
  1.56000e-02  1.78372e-05 -2.22793e-02  2.72258e-02
  1.56000e-02  1.86480e-05 -2.23397e-02  2.93749e-02
  1.56000e-02  1.94588e-05 -2.23199e-02  3.16176e-02
  1.56000e-02  2.02696e-05 -2.22185e-02  3.39552e-02

  1.68000e-02  0.00000e+00 -3.58192e-03  8.04525e-04
  1.68000e-02  8.10784e-07 -5.15501e-03  1.23784e-03
  1.68000e-02  1.62157e-06 -6.67532e-03  1.73239e-03
  1.68000e-02  2.43235e-06 -8.14166e-03  2.28958e-03
  1.68000e-02  3.24313e-06 -9.55284e-03  2.91086e-03
  1.68000e-02  4.05392e-06 -1.09077e-02  3.59764e-03
  1.68000e-02  4.86470e-06 -1.22050e-02  4.35136e-03
  1.68000e-02  5.67549e-06 -1.34436e-02  5.17344e-03
  1.68000e-02  6.48627e-06 -1.46222e-02  6.06530e-03
  1.68000e-02  7.29705e-06 -1.57398e-02  7.02838e-03
  1.68000e-02  8.10784e-06 -1.67951e-02  8.06410e-03
  1.68000e-02  8.91862e-06 -1.77870e-02  9.17388e-03
  1.68000e-02  9.72940e-06 -1.87141e-02  1.03592e-02
  1.68000e-02  1.05402e-05 -1.95755e-02  1.16214e-02
  1.68000e-02  1.13510e-05 -2.03698e-02  1.29619e-02
  1.68000e-02  1.21618e-05 -2.10958e-02  1.43822e-02
  1.68000e-02  1.29725e-05 -2.17525e-02  1.58838e-02
  1.68000e-02  1.37833e-05 -2.23386e-02  1.74679e-02
  1.68000e-02  1.45941e-05 -2.28529e-02  1.91361e-02
  1.68000e-02  1.54049e-05 -2.32942e-02  2.08898e-02
  1.68000e-02  1.62157e-05 -2.36614e-02  2.27304e-02
  1.68000e-02  1.70265e-05 -2.39532e-02  2.46594e-02
  1.68000e-02  1.78372e-05 -2.41685e-02  2.66781e-02
  1.68000e-02  1.86480e-05 -2.43061e-02  2.87880e-02
  1.68000e-02  1.94588e-05 -2.43647e-02  3.09905e-02
  1.68000e-02  2.02696e-05 -2.43433e-02  3.32870e-02

  1.80000e-02  0.00000e+00 -4.18140e-03  8.84326e-04
  1.80000e-02  8.10784e-07 -5.79806e-03  1.29976e-03
  1.80000e-02  1.62157e-06 -7.36337e-03  1.77548e-03
  1.80000e-02  2.43235e-06 -8.87615e-03  2.31292e-03
  1.80000e-02  3.24313e-06 -1.03352e-02  2.91349e-03
  1.80000e-02  4.05392e-06 -1.17393e-02  3.57864e-03
  1.80000e-02  4.86470e-06 -1.30874e-02  4.30978e-03
  1.80000e-02  5.67549e-06 -1.43781e-02  5.10834e-03
  1.80000e-02  6.48627e-06 -1.56104e-02  5.97575e-03
  1.80000e-02  7.29705e-06 -1.67830e-02  6.91343e-03
  1.80000e-02  8.10784e-06 -1.78947e-02  7.92282e-03
  1.80000e-02  8.91862e-06 -1.89445e-02  9.00533e-03
  1.80000e-02  9.72940e-06 -1.99310e-02  1.01624e-02
  1.80000e-02  1.05402e-05 -2.08530e-02  1.13955e-02
  1.80000e-02  1.13510e-05 -2.17095e-02  1.27059e-02
  1.80000e-02  1.21618e-05 -2.24992e-02  1.40952e-02
  1.80000e-02  1.29725e-05 -2.32209e-02  1.55648e-02
  1.80000e-02  1.37833e-05 -2.38735e-02  1.71160e-02
  1.80000e-02  1.45941e-05 -2.44557e-02  1.87504e-02
  1.80000e-02  1.54049e-05 -2.49663e-02  2.04693e-02
  1.80000e-02  1.62157e-05 -2.54043e-02  2.22742e-02
  1.80000e-02  1.70265e-05 -2.57683e-02  2.41665e-02
  1.80000e-02  1.78372e-05 -2.60572e-02  2.61476e-02
  1.80000e-02  1.86480e-05 -2.62699e-02  2.82189e-02
  1.80000e-02  1.94588e-05 -2.64050e-02  3.03820e-02
  1.80000e-02  2.02696e-05 -2.64615e-02  3.26381e-02

  1.92000e-02  0.00000e+00 -4.83105e-03  9.61136e-04
  1.92000e-02  8.10784e-07 -6.48866e-03  1.35990e-03
  1.92000e-02  1.62157e-06 -8.09638e-03  1.81799e-03
  1.92000e-02  2.43235e-06 -9.65301e-03  2.33684e-03
  1.92000e-02  3.24313e-06 -1.11574e-02  2.91788e-03
  1.92000e-02  4.05392e-06 -1.26083e-02  3.56253e-03
  1.92000e-02  4.86470e-06 -1.40045e-02  4.27223e-03
  1.92000e-02  5.67549e-06 -1.53449e-02  5.04839e-03
  1.92000e-02  6.48627e-06 -1.66283e-02  5.89244e-03
  1.92000e-02  7.29705e-06 -1.78535e-02  6.80582e-03
  1.92000e-02  8.10784e-06 -1.90192e-02  7.78994e-03
  1.92000e-02  8.91862e-06 -2.01244e-02  8.84624e-03
  1.92000e-02  9.72940e-06 -2.11678e-02  9.97614e-03
  1.92000e-02  1.05402e-05 -2.21483e-02  1.11811e-02
  1.92000e-02  1.13510e-05 -2.30646e-02  1.24625e-02
  1.92000e-02  1.21618e-05 -2.39156e-02  1.38217e-02
  1.92000e-02  1.29725e-05 -2.47000e-02  1.52603e-02
  1.92000e-02  1.37833e-05 -2.54168e-02  1.67796e-02
  1.92000e-02  1.45941e-05 -2.60646e-02  1.83811e-02
  1.92000e-02  1.54049e-05 -2.66424e-02  2.00661e-02
  1.92000e-02  1.62157e-05 -2.71488e-02  2.18362e-02
  1.92000e-02  1.70265e-05 -2.75828e-02  2.36927e-02
  1.92000e-02  1.78372e-05 -2.79432e-02  2.56371e-02
  1.92000e-02  1.86480e-05 -2.82287e-02  2.76708e-02
  1.92000e-02  1.94588e-05 -2.84383e-02  2.97952e-02
  1.92000e-02  2.02696e-05 -2.85706e-02  3.20118e-02

  2.04000e-02  0.00000e+00 -5.53028e-03  1.03391e-03
  2.04000e-02  8.10784e-07 -7.22611e-03  1.41739e-03
  2.04000e-02  1.62157e-06 -8.87351e-03  1.85924e-03
  2.04000e-02  2.43235e-06 -1.04713e-02  2.36087e-03
  2.04000e-02  3.24313e-06 -1.20183e-02  2.92372e-03
  2.04000e-02  4.05392e-06 -1.35133e-02  3.54921e-03
  2.04000e-02  4.86470e-06 -1.49551e-02  4.23878e-03
  2.04000e-02  5.67549e-06 -1.63426e-02  4.99384e-03
  2.04000e-02  6.48627e-06 -1.76745e-02  5.81582e-03
  2.04000e-02  7.29705e-06 -1.89496e-02  6.70616e-03
  2.04000e-02  8.10784e-06 -2.01669e-02  7.66628e-03
  2.04000e-02  8.91862e-06 -2.13250e-02  8.69760e-03
  2.04000e-02  9.72940e-06 -2.24228e-02  9.80155e-03
  2.04000e-02  1.05402e-05 -2.34592e-02  1.09796e-02
  2.04000e-02  1.13510e-05 -2.44328e-02  1.22330e-02
  2.04000e-02  1.21618e-05 -2.53426e-02  1.35635e-02
  2.04000e-02  1.29725e-05 -2.61874e-02  1.49722e-02
  2.04000e-02  1.37833e-05 -2.69659e-02  1.64607e-02
  2.04000e-02  1.45941e-05 -2.76770e-02  1.80304e-02
  2.04000e-02  1.54049e-05 -2.83194e-02  1.96827e-02
  2.04000e-02  1.62157e-05 -2.88921e-02  2.14191e-02
  2.04000e-02  1.70265e-05 -2.93938e-02  2.32409e-02
  2.04000e-02  1.78372e-05 -2.98233e-02  2.51497e-02
  2.04000e-02  1.86480e-05 -3.01794e-02  2.71467e-02
  2.04000e-02  1.94588e-05 -3.04610e-02  2.92336e-02
  2.04000e-02  2.02696e-05 -3.06669e-02  3.14116e-02

  2.16000e-02  0.00000e+00 -6.27797e-03  1.10168e-03
  2.16000e-02  8.10784e-07 -8.00914e-03  1.47147e-03
  2.16000e-02  1.62157e-06 -9.69337e-03  1.89864e-03
  2.16000e-02  2.43235e-06 -1.13295e-02  2.38461e-03
  2.16000e-02  3.24313e-06 -1.29163e-02  2.93081e-03
  2.16000e-02  4.05392e-06 -1.44526e-02  3.53867e-03
  2.16000e-02  4.86470e-06 -1.59372e-02  4.20962e-03
  2.16000e-02  5.67549e-06 -1.73690e-02  4.94507e-03
  2.16000e-02  6.48627e-06 -1.87467e-02  5.74647e-03
  2.16000e-02  7.29705e-06 -2.00691e-02  6.61523e-03
  2.16000e-02  8.10784e-06 -2.13352e-02  7.55278e-03
  2.16000e-02  8.91862e-06 -2.25436e-02  8.56055e-03
  2.16000e-02  9.72940e-06 -2.36931e-02  9.63997e-03
  2.16000e-02  1.05402e-05 -2.47827e-02  1.07925e-02
  2.16000e-02  1.13510e-05 -2.58112e-02  1.20194e-02
  2.16000e-02  1.21618e-05 -2.67772e-02  1.33224e-02
  2.16000e-02  1.29725e-05 -2.76797e-02  1.47026e-02
  2.16000e-02  1.37833e-05 -2.85174e-02  1.61617e-02
  2.16000e-02  1.45941e-05 -2.92892e-02  1.77009e-02
  2.16000e-02  1.54049e-05 -2.99939e-02  1.93218e-02
  2.16000e-02  1.62157e-05 -3.06303e-02  2.10258e-02
  2.16000e-02  1.70265e-05 -3.11972e-02  2.28142e-02
  2.16000e-02  1.78372e-05 -3.16934e-02  2.46886e-02
  2.16000e-02  1.86480e-05 -3.21177e-02  2.66502e-02
  2.16000e-02  1.94588e-05 -3.24690e-02  2.87007e-02
  2.16000e-02  2.02696e-05 -3.27460e-02  3.08414e-02

  2.28000e-02  0.00000e+00 -7.07235e-03  1.16355e-03
  2.28000e-02  8.10784e-07 -8.83583e-03  1.52145e-03
  2.28000e-02  1.62157e-06 -1.05539e-02  1.93572e-03
  2.28000e-02  2.43235e-06 -1.22254e-02  2.40779e-03
  2.28000e-02  3.24313e-06 -1.38490e-02  2.93910e-03
  2.28000e-02  4.05392e-06 -1.54237e-02  3.53105e-03
  2.28000e-02  4.86470e-06 -1.69482e-02  4.18510e-03
  2.28000e-02  5.67549e-06 -1.84214e-02  4.90265e-03
  2.28000e-02  6.48627e-06 -1.98420e-02  5.68514e-03
  2.28000e-02  7.29705e-06 -2.12089e-02  6.53399e-03
  2.28000e-02  8.10784e-06 -2.25208e-02  7.45064e-03
  2.28000e-02  8.91862e-06 -2.37767e-02  8.43650e-03
  2.28000e-02  9.72940e-06 -2.49753e-02  9.49300e-03
  2.28000e-02  1.05402e-05 -2.61153e-02  1.06216e-02
  2.28000e-02  1.13510e-05 -2.71958e-02  1.18237e-02
  2.28000e-02  1.21618e-05 -2.82153e-02  1.31007e-02
  2.28000e-02  1.29725e-05 -2.91728e-02  1.44540e-02
  2.28000e-02  1.37833e-05 -3.00671e-02  1.58851e-02
  2.28000e-02  1.45941e-05 -3.08970e-02  1.73955e-02
  2.28000e-02  1.54049e-05 -3.16612e-02  1.89864e-02
  2.28000e-02  1.62157e-05 -3.23587e-02  2.06595e-02
  2.28000e-02  1.70265e-05 -3.29882e-02  2.24160e-02
  2.28000e-02  1.78372e-05 -3.35485e-02  2.42574e-02
  2.28000e-02  1.86480e-05 -3.40384e-02  2.61851e-02
  2.28000e-02  1.94588e-05 -3.44568e-02  2.82007e-02
  2.28000e-02  2.02696e-05 -3.48025e-02  3.03054e-02

  2.40000e-02  0.00000e+00 -7.91090e-03  1.21877e-03
  2.40000e-02  8.10784e-07 -9.70352e-03  1.56678e-03
  2.40000e-02  1.62157e-06 -1.14523e-02  1.97014e-03
  2.40000e-02  2.43235e-06 -1.31559e-02  2.43030e-03
  2.40000e-02  3.24313e-06 -1.48133e-02  2.94866e-03
  2.40000e-02  4.05392e-06 -1.64233e-02  3.52667e-03
  2.40000e-02  4.86470e-06 -1.79846e-02  4.16574e-03
  2.40000e-02  5.67549e-06 -1.94961e-02  4.86730e-03
  2.40000e-02  6.48627e-06 -2.09566e-02  5.63279e-03
  2.40000e-02  7.29705e-06 -2.23649e-02  6.46362e-03
  2.40000e-02  8.10784e-06 -2.37198e-02  7.36122e-03
  2.40000e-02  8.91862e-06 -2.50201e-02  8.32703e-03
  2.40000e-02  9.72940e-06 -2.62647e-02  9.36246e-03
  2.40000e-02  1.05402e-05 -2.74523e-02  1.04689e-02
  2.40000e-02  1.13510e-05 -2.85818e-02  1.16479e-02
  2.40000e-02  1.21618e-05 -2.96519e-02  1.29008e-02
  2.40000e-02  1.29725e-05 -3.06616e-02  1.42290e-02
  2.40000e-02  1.37833e-05 -3.16096e-02  1.56340e-02
  2.40000e-02  1.45941e-05 -3.24946e-02  1.71171e-02
  2.40000e-02  1.54049e-05 -3.33156e-02  1.86799e-02
  2.40000e-02  1.62157e-05 -3.40714e-02  2.03237e-02
  2.40000e-02  1.70265e-05 -3.47607e-02  2.20500e-02
  2.40000e-02  1.78372e-05 -3.53823e-02  2.38601e-02
  2.40000e-02  1.86480e-05 -3.59352e-02  2.57556e-02
  2.40000e-02  1.94588e-05 -3.64180e-02  2.77379e-02
  2.40000e-02  2.02696e-05 -3.68296e-02  2.98083e-02

  2.52000e-02  0.00000e+00 -8.79025e-03  1.26668e-03
  2.52000e-02  8.10784e-07 -1.06086e-02  1.60704e-03
  2.52000e-02  1.62157e-06 -1.23847e-02  2.00173e-03
  2.52000e-02  2.43235e-06 -1.41172e-02  2.45217e-03
  2.52000e-02  3.24313e-06 -1.58050e-02  2.95979e-03
  2.52000e-02  4.05392e-06 -1.74470e-02  3.52601e-03
  2.52000e-02  4.86470e-06 -1.90418e-02  4.15227e-03
  2.52000e-02  5.67549e-06 -2.05884e-02  4.83999e-03
  2.52000e-02  6.48627e-06 -2.20855e-02  5.59060e-03
  2.52000e-02  7.29705e-06 -2.35320e-02  6.40551e-03
  2.52000e-02  8.10784e-06 -2.49267e-02  7.28617e-03
  2.52000e-02  8.91862e-06 -2.62683e-02  8.23400e-03
  2.52000e-02  9.72940e-06 -2.75557e-02  9.25042e-03
  2.52000e-02  1.05402e-05 -2.87878e-02  1.03369e-02
  2.52000e-02  1.13510e-05 -2.99632e-02  1.14947e-02
  2.52000e-02  1.21618e-05 -3.10809e-02  1.27255e-02
  2.52000e-02  1.29725e-05 -3.21397e-02  1.40306e-02
  2.52000e-02  1.37833e-05 -3.31383e-02  1.54114e-02
  2.52000e-02  1.45941e-05 -3.40755e-02  1.68693e-02
  2.52000e-02  1.54049e-05 -3.49503e-02  1.84058e-02
  2.52000e-02  1.62157e-05 -3.57613e-02  2.00224e-02
  2.52000e-02  1.70265e-05 -3.65075e-02  2.17204e-02
  2.52000e-02  1.78372e-05 -3.71876e-02  2.35012e-02
  2.52000e-02  1.86480e-05 -3.78004e-02  2.53663e-02
  2.52000e-02  1.94588e-05 -3.83447e-02  2.73172e-02
  2.52000e-02  2.02696e-05 -3.88194e-02  2.93551e-02

  2.64000e-02  0.00000e+00 -9.70597e-03  1.30682e-03
  2.64000e-02  8.10784e-07 -1.15465e-02  1.64201e-03
  2.64000e-02  1.62157e-06 -1.33464e-02  2.03047e-03
  2.64000e-02  2.43235e-06 -1.51042e-02  2.47364e-03
  2.64000e-02  3.24313e-06 -1.68190e-02  2.97294e-03
  2.64000e-02  4.05392e-06 -1.84894e-02  3.52980e-03
  2.64000e-02  4.86470e-06 -2.01143e-02  4.14564e-03
  2.64000e-02  5.67549e-06 -2.16925e-02  4.82189e-03
  2.64000e-02  6.48627e-06 -2.32229e-02  5.55998e-03
  2.64000e-02  7.29705e-06 -2.47042e-02  6.36134e-03
  2.64000e-02  8.10784e-06 -2.61352e-02  7.22738e-03
  2.64000e-02  8.91862e-06 -2.75148e-02  8.15955e-03
  2.64000e-02  9.72940e-06 -2.88417e-02  9.15926e-03
  2.64000e-02  1.05402e-05 -3.01149e-02  1.02279e-02
  2.64000e-02  1.13510e-05 -3.13330e-02  1.13670e-02
  2.64000e-02  1.21618e-05 -3.24949e-02  1.25779e-02
  2.64000e-02  1.29725e-05 -3.35995e-02  1.38621e-02
  2.64000e-02  1.37833e-05 -3.46455e-02  1.52209e-02
  2.64000e-02  1.45941e-05 -3.56317e-02  1.66559e-02
  2.64000e-02  1.54049e-05 -3.65570e-02  1.81684e-02
  2.64000e-02  1.62157e-05 -3.74202e-02  1.97598e-02
  2.64000e-02  1.70265e-05 -3.82200e-02  2.14316e-02
  2.64000e-02  1.78372e-05 -3.89554e-02  2.31853e-02
  2.64000e-02  1.86480e-05 -3.96250e-02  2.50221e-02
  2.64000e-02  1.94588e-05 -4.02278e-02  2.69437e-02
  2.64000e-02  2.02696e-05 -4.07625e-02  2.89513e-02

  2.76000e-02  0.00000e+00 -1.06525e-02  1.33889e-03
  2.76000e-02  8.10784e-07 -1.25115e-02  1.67163e-03
  2.76000e-02  1.62157e-06 -1.43313e-02  2.05658e-03
  2.76000e-02  2.43235e-06 -1.61108e-02  2.49516e-03
  2.76000e-02  3.24313e-06 -1.78487e-02  2.98882e-03
  2.76000e-02  4.05392e-06 -1.95439e-02  3.53897e-03
  2.76000e-02  4.86470e-06 -2.11952e-02  4.14703e-03
  2.76000e-02  5.67549e-06 -2.28014e-02  4.81445e-03
  2.76000e-02  6.48627e-06 -2.43613e-02  5.54263e-03
  2.76000e-02  7.29705e-06 -2.58738e-02  6.33302e-03
  2.76000e-02  8.10784e-06 -2.73376e-02  7.18704e-03
  2.76000e-02  8.91862e-06 -2.87515e-02  8.10611e-03
  2.76000e-02  9.72940e-06 -3.01144e-02  9.09166e-03
  2.76000e-02  1.05402e-05 -3.14251e-02  1.01451e-02
  2.76000e-02  1.13510e-05 -3.26824e-02  1.12679e-02
  2.76000e-02  1.21618e-05 -3.38851e-02  1.24615e-02
  2.76000e-02  1.29725e-05 -3.50320e-02  1.37272e-02
  2.76000e-02  1.37833e-05 -3.61219e-02  1.50666e-02
  2.76000e-02  1.45941e-05 -3.71537e-02  1.64810e-02
  2.76000e-02  1.54049e-05 -3.81261e-02  1.79718e-02
  2.76000e-02  1.62157e-05 -3.90380e-02  1.95406e-02
  2.76000e-02  1.70265e-05 -3.98882e-02  2.11887e-02
  2.76000e-02  1.78372e-05 -4.06755e-02  2.29175e-02
  2.76000e-02  1.86480e-05 -4.13986e-02  2.47285e-02
  2.76000e-02  1.94588e-05 -4.20565e-02  2.66231e-02
  2.76000e-02  2.02696e-05 -4.26479e-02  2.86028e-02

  2.88000e-02  0.00000e+00 -1.16230e-02  1.36282e-03
  2.88000e-02  8.10784e-07 -1.34964e-02  1.69608e-03
  2.88000e-02  1.62157e-06 -1.53322e-02  2.08048e-03
  2.88000e-02  2.43235e-06 -1.71293e-02  2.51743e-03
  2.88000e-02  3.24313e-06 -1.88864e-02  3.00838e-03
  2.88000e-02  4.05392e-06 -2.06025e-02  3.55473e-03
  2.88000e-02  4.86470e-06 -2.22763e-02  4.15793e-03
  2.88000e-02  5.67549e-06 -2.39065e-02  4.81939e-03
  2.88000e-02  6.48627e-06 -2.54922e-02  5.54054e-03
  2.88000e-02  7.29705e-06 -2.70319e-02  6.32282e-03
  2.88000e-02  8.10784e-06 -2.85246e-02  7.16764e-03
  2.88000e-02  8.91862e-06 -2.99691e-02  8.07644e-03
  2.88000e-02  9.72940e-06 -3.13642e-02  9.05064e-03
  2.88000e-02  1.05402e-05 -3.27087e-02  1.00917e-02
  2.88000e-02  1.13510e-05 -3.40014e-02  1.12009e-02
  2.88000e-02  1.21618e-05 -3.52410e-02  1.23799e-02
  2.88000e-02  1.29725e-05 -3.64266e-02  1.36300e-02
  2.88000e-02  1.37833e-05 -3.75568e-02  1.49526e-02
  2.88000e-02  1.45941e-05 -3.86304e-02  1.63491e-02
  2.88000e-02  1.54049e-05 -3.96463e-02  1.78211e-02
  2.88000e-02  1.62157e-05 -4.06033e-02  1.93699e-02
  2.88000e-02  1.70265e-05 -4.15002e-02  2.09969e-02
  2.88000e-02  1.78372e-05 -4.23358e-02  2.27036e-02
  2.88000e-02  1.86480e-05 -4.31089e-02  2.44913e-02
  2.88000e-02  1.94588e-05 -4.38183e-02  2.63616e-02
  2.88000e-02  2.02696e-05 -4.44629e-02  2.83159e-02

  3.00000e-02  0.00000e+00 -1.26091e-02  1.37875e-03
  3.00000e-02  8.10784e-07 -1.44926e-02  1.71579e-03
  3.00000e-02  1.62157e-06 -1.63401e-02  2.10287e-03
  3.00000e-02  2.43235e-06 -1.81506e-02  2.54141e-03
  3.00000e-02  3.24313e-06 -1.99228e-02  3.03285e-03
  3.00000e-02  4.05392e-06 -2.16555e-02  3.57860e-03
  3.00000e-02  4.86470e-06 -2.33475e-02  4.18009e-03
  3.00000e-02  5.67549e-06 -2.49978e-02  4.83876e-03
  3.00000e-02  6.48627e-06 -2.66050e-02  5.55602e-03
  3.00000e-02  7.29705e-06 -2.81679e-02  6.33331e-03
  3.00000e-02  8.10784e-06 -2.96855e-02  7.17204e-03
  3.00000e-02  8.91862e-06 -3.11565e-02  8.07366e-03
  3.00000e-02  9.72940e-06 -3.25797e-02  9.03958e-03
  3.00000e-02  1.05402e-05 -3.39539e-02  1.00712e-02
  3.00000e-02  1.13510e-05 -3.52780e-02  1.11700e-02
  3.00000e-02  1.21618e-05 -3.65507e-02  1.23374e-02
  3.00000e-02  1.29725e-05 -3.77709e-02  1.35749e-02
  3.00000e-02  1.37833e-05 -3.89374e-02  1.48837e-02
  3.00000e-02  1.45941e-05 -4.00489e-02  1.62654e-02
  3.00000e-02  1.54049e-05 -4.11044e-02  1.77214e-02
  3.00000e-02  1.62157e-05 -4.21026e-02  1.92532e-02
  3.00000e-02  1.70265e-05 -4.30424e-02  2.08620e-02
  3.00000e-02  1.78372e-05 -4.39225e-02  2.25495e-02
  3.00000e-02  1.86480e-05 -4.47417e-02  2.43169e-02
  3.00000e-02  1.94588e-05 -4.54989e-02  2.61658e-02
  3.00000e-02  2.02696e-05 -4.61929e-02  2.80975e-02

