#   A_x        A_y      nu_x    nu_y
#
 1.000e+00 -7.500e+00  2.609e-02  8.770e+00 0.21449 0.07259
 1.000e+00 -7.200e+00  2.609e-02  8.082e+00 0.21407 0.07265
 1.000e+00 -6.900e+00  2.609e-02  7.423e+00 0.21370 0.07272
 1.000e+00 -6.600e+00  2.609e-02  6.791e+00 0.21337 0.07280
 1.000e+00 -6.300e+00  2.609e-02  6.188e+00 0.21306 0.07288
 1.000e+00 -6.000e+00  2.609e-02  5.613e+00 0.21279 0.07296
 1.000e+00 -5.700e+00  2.609e-02  5.065e+00 0.21254 0.07304
 1.000e+00 -5.400e+00  2.609e-02  4.546e+00 0.21232 0.07312
 1.000e+00 -5.100e+00  2.609e-02  4.055e+00 0.21212 0.07321
 1.000e+00 -4.800e+00  2.609e-02  3.592e+00 0.21194 0.07329
 1.000e+00 -4.500e+00  2.609e-02  3.157e+00 0.21178 0.07337
 1.000e+00 -4.200e+00  2.609e-02  2.750e+00 0.21164 0.07344
 1.000e+00 -3.900e+00  2.609e-02  2.371e+00 0.21151 0.07351
 1.000e+00 -3.600e+00  2.609e-02  2.021e+00 0.21140 0.07358
 1.000e+00 -3.300e+00  2.609e-02  1.698e+00 0.21130 0.07365
 1.000e+00 -3.000e+00  2.609e-02  1.403e+00 0.21121 0.07371
 1.000e+00 -2.700e+00  2.609e-02  1.137e+00 0.21114 0.07376
 1.000e+00 -2.400e+00  2.609e-02  8.980e-01 0.21107 0.07381
 1.000e+00 -2.100e+00  2.609e-02  6.876e-01 0.21101 0.07385
 1.000e+00 -1.800e+00  2.609e-02  5.051e-01 0.21097 0.07389
 1.000e+00 -1.500e+00  2.609e-02  3.508e-01 0.21093 0.07392
 1.000e+00 -1.200e+00  2.609e-02  2.245e-01 0.21089 0.07395
 1.000e+00 -9.000e-01  2.609e-02  1.263e-01 0.21087 0.07397
 1.000e+00 -6.000e-01  2.609e-02  5.613e-02 0.21085 0.07399
 1.000e+00 -3.000e-01  2.609e-02  1.403e-02 0.21084 0.07400
 1.000e+00  1.000e+00  2.609e-02  1.559e-01 0.21088 0.07397
 1.000e+00  3.000e-01  2.609e-02  1.403e-02 0.21084 0.07400
 1.000e+00  6.000e-01  2.609e-02  5.613e-02 0.21085 0.07399
 1.000e+00  9.000e-01  2.609e-02  1.263e-01 0.21087 0.07397
 1.000e+00  1.200e+00  2.609e-02  2.245e-01 0.21089 0.07395
 1.000e+00  1.500e+00  2.609e-02  3.508e-01 0.21093 0.07392
 1.000e+00  1.800e+00  2.609e-02  5.051e-01 0.21097 0.07389
 1.000e+00  2.100e+00  2.609e-02  6.876e-01 0.21101 0.07385
 1.000e+00  2.400e+00  2.609e-02  8.980e-01 0.21107 0.07381
 1.000e+00  2.700e+00  2.609e-02  1.137e+00 0.21114 0.07376
 1.000e+00  3.000e+00  2.609e-02  1.403e+00 0.21121 0.07371
 1.000e+00  3.300e+00  2.609e-02  1.698e+00 0.21130 0.07365
 1.000e+00  3.600e+00  2.609e-02  2.021e+00 0.21140 0.07358
 1.000e+00  3.900e+00  2.609e-02  2.371e+00 0.21151 0.07351
 1.000e+00  4.200e+00  2.609e-02  2.750e+00 0.21164 0.07344
 1.000e+00  4.500e+00  2.609e-02  3.157e+00 0.21178 0.07337
 1.000e+00  4.800e+00  2.609e-02  3.592e+00 0.21194 0.07329
 1.000e+00  5.100e+00  2.609e-02  4.055e+00 0.21212 0.07321
 1.000e+00  5.400e+00  2.609e-02  4.546e+00 0.21232 0.07312
 1.000e+00  5.700e+00  2.609e-02  5.065e+00 0.21254 0.07304
 1.000e+00  6.000e+00  2.609e-02  5.613e+00 0.21279 0.07296
 1.000e+00  6.300e+00  2.609e-02  6.188e+00 0.21306 0.07288
 1.000e+00  6.600e+00  2.609e-02  6.791e+00 0.21337 0.07280
 1.000e+00  6.900e+00  2.609e-02  7.423e+00 0.21370 0.07272
 1.000e+00  7.200e+00  2.609e-02  8.082e+00 0.21407 0.07265
 1.000e+00  7.500e+00  2.609e-02  8.770e+00 0.21449 0.07259
